status file for recon-all
Wed Mar 11 04:32:45 CET 2026
#@# Tessellate lh Wed Mar 11 04:32:45 CET 2026
#@# Smooth1 lh Wed Mar 11 04:32:49 CET 2026
#@# Inflation1 lh Wed Mar 11 04:32:52 CET 2026
#@# QSphere lh Wed Mar 11 04:33:04 CET 2026
#@# Fix Topology lh Wed Mar 11 04:34:06 CET 2026
#@# Smooth2 lh Wed Mar 11 04:39:28 CET 2026
#@# Inflation2 lh Wed Mar 11 04:39:31 CET 2026
#@# Curv .H and .K lh Wed Mar 11 04:39:45 CET 2026
#@# Sphere lh Wed Mar 11 04:40:33 CET 2026
#@# Surf Reg lh Wed Mar 11 04:44:26 CET 2026
#@# Jacobian white lh Wed Mar 11 04:48:47 CET 2026
#@# AvgCurv lh Wed Mar 11 04:48:48 CET 2026
#@# Cortical Parc lh Wed Mar 11 04:48:49 CET 2026
#@# white curv lh Wed Mar 11 04:55:47 CET 2026
#@# white area lh Wed Mar 11 04:55:50 CET 2026
#@# pial curv lh Wed Mar 11 04:55:50 CET 2026
#@# pial area lh Wed Mar 11 04:55:52 CET 2026
#@# thickness lh Wed Mar 11 04:55:53 CET 2026
#@# area and vertex vol lh Wed Mar 11 04:56:23 CET 2026
#@# Curvature Stats lh Wed Mar 11 04:56:25 CET 2026
#@# Cortical Parc 2 lh Wed Mar 11 04:56:27 CET 2026
#@# Cortical Parc 3 lh Wed Mar 11 04:56:41 CET 2026
#@# WM/GM Contrast lh Wed Mar 11 04:56:51 CET 2026
recon-all -s sub-v2s12x28905_ses-1 finished without error at Wed Mar 11 04:56:54 CET 2026



#New# invocation of recon-all 



status file for recon-all
Wed Mar 11 05:26:48 CET 2026
#@# white curv lh Wed Mar 11 05:26:48 CET 2026
#@# white area lh Wed Mar 11 05:26:48 CET 2026
#@# pial curv lh Wed Mar 11 05:26:48 CET 2026
#@# pial area lh Wed Mar 11 05:26:48 CET 2026
#@# thickness lh Wed Mar 11 05:26:48 CET 2026
#@# area and vertex vol lh Wed Mar 11 05:26:48 CET 2026
#@# Parcellation Stats lh Wed Mar 11 05:26:48 CET 2026
#@# Parcellation Stats 2 lh Wed Mar 11 05:27:07 CET 2026
#@# Parcellation Stats 3 lh Wed Mar 11 05:27:17 CET 2026
#@# BA_exvivo Labels lh Wed Mar 11 05:27:27 CET 2026
recon-all -s sub-v2s12x28905_ses-1 finished without error at Wed Mar 11 05:30:04 CET 2026
