status file for recon-all
Wed Mar 11 04:56:57 CET 2026
#@# Tessellate rh Wed Mar 11 04:56:57 CET 2026
#@# Smooth1 rh Wed Mar 11 04:57:01 CET 2026
#@# Inflation1 rh Wed Mar 11 04:57:04 CET 2026
#@# QSphere rh Wed Mar 11 04:57:16 CET 2026
#@# Fix Topology rh Wed Mar 11 04:58:23 CET 2026
#@# Smooth2 rh Wed Mar 11 05:04:02 CET 2026
#@# Inflation2 rh Wed Mar 11 05:04:05 CET 2026
#@# Curv .H and .K rh Wed Mar 11 05:04:19 CET 2026
#@# Sphere rh Wed Mar 11 05:05:08 CET 2026
#@# Surf Reg rh Wed Mar 11 05:08:52 CET 2026
#@# Jacobian white rh Wed Mar 11 05:13:10 CET 2026
#@# AvgCurv rh Wed Mar 11 05:13:11 CET 2026
#@# Cortical Parc rh Wed Mar 11 05:13:12 CET 2026
#@# white curv rh Wed Mar 11 05:20:05 CET 2026
#@# white area rh Wed Mar 11 05:20:06 CET 2026
#@# pial curv rh Wed Mar 11 05:20:07 CET 2026
#@# pial area rh Wed Mar 11 05:20:09 CET 2026
#@# thickness rh Wed Mar 11 05:20:10 CET 2026
#@# area and vertex vol rh Wed Mar 11 05:20:41 CET 2026
#@# Curvature Stats rh Wed Mar 11 05:20:42 CET 2026
#@# Cortical Parc 2 rh Wed Mar 11 05:20:45 CET 2026
#@# Cortical Parc 3 rh Wed Mar 11 05:20:58 CET 2026
#@# WM/GM Contrast rh Wed Mar 11 05:21:08 CET 2026
recon-all -s sub-v2s12x28905_ses-1 finished without error at Wed Mar 11 05:21:11 CET 2026



#New# invocation of recon-all 



status file for recon-all
Wed Mar 11 05:30:06 CET 2026
#@# white curv rh Wed Mar 11 05:30:06 CET 2026
#@# white area rh Wed Mar 11 05:30:06 CET 2026
#@# pial curv rh Wed Mar 11 05:30:06 CET 2026
#@# pial area rh Wed Mar 11 05:30:06 CET 2026
#@# thickness rh Wed Mar 11 05:30:06 CET 2026
#@# area and vertex vol rh Wed Mar 11 05:30:06 CET 2026
#@# Parcellation Stats rh Wed Mar 11 05:30:06 CET 2026
#@# Parcellation Stats 2 rh Wed Mar 11 05:30:26 CET 2026
#@# Parcellation Stats 3 rh Wed Mar 11 05:30:36 CET 2026
#@# BA_exvivo Labels rh Wed Mar 11 05:30:46 CET 2026
recon-all -s sub-v2s12x28905_ses-1 finished without error at Wed Mar 11 05:33:22 CET 2026
