/out/sourcedata/freesurfer/sub-v2s12x28857_ses-1/mri
/opt/freesurfer/bin/talairach_avi
--i orig_nu.mgz --xfm transforms/talairach.auto.xfm
talairach_avi 7.3.2
Linux dna062 5.14.0-427.37.1.el9_4.x86_64 #1 SMP PREEMPT_DYNAMIC Fri Sep 13 12:41:50 EDT 2024 x86_64 x86_64 x86_64 GNU/Linux
Tue Mar 10 22:31:32 CET 2026
mri_convert orig_nu.mgz talsrcimg.img 
reading from orig_nu.mgz...
TR=0.00, TE=0.00, TI=0.00, flip angle=0.00
i_ras = (-1, 0, 0)
j_ras = (0, 0, -1)
k_ras = (0, 1, 0)
writing to talsrcimg.img...
Analyze Output Matrix
-1.00000   0.00000   0.00000   134.79820;
 0.00000   0.00000   1.00000  -127.33900;
 0.00000  -1.00000   0.00000   129.32199;
 0.00000   0.00000   0.00000   1.00000;
--------------------
INFO: set hdr.hist.orient to -1
mpr2mni305 talsrcimg
Tue Mar 10 22:31:32 CET 2026
/opt/freesurfer/bin/mpr2mni305 talsrcimg
mpr2mni305 7.3.2
target=711-2C_as_mni_average_305

---------------------------------------------------------------------
analyzeto4dfp talsrcimg -O0 -y
---------------------------------------------------------------------

freesurfer ifh2hdr.c
Tue Mar 10 22:31:32 2026
Writing: talsrcimg.4dfp.hdr
freesurfer analyzeto4dfp.c
Reading: talsrcimg.hdr
header size 348 bytes
hdr.dime.datatype	offset=70	value=2
hdr.dime.bitpix		offset=72	value=8
hdr.hist.orient		offset=252	value=-1
dimensionality     4
dimensions       256       256       256         1
Reading: talsrcimg.img
Writing: talsrcimg.4dfp.img
Writing: talsrcimg.4dfp.ifh
ifh2hdr talsrcimg -r0to226
ori=2

---------------------------------------------------------------------
gauss_4dfp talsrcimg 1.1
---------------------------------------------------------------------

freesurfer gauss_4dfp.c
Reading: talsrcimg.4dfp.img
Writing: talsrcimg_g11.4dfp.img
image dimensions 256 256 256 padded to 288 288 288
processing volume 1freesurfer ifh2hdr.c
Tue Mar 10 22:31:34 2026
Writing: talsrcimg_g11.4dfp.hdr

Writing: talsrcimg_g11.4dfp.ifh
including: talsrcimg.4dfp.img.rec in talsrcimg_g11.4dfp.img.rec

---------------------------------------------------------------------
imgreg_4dfp /opt/freesurfer/average/711-2C_as_mni_average_305 none talsrcimg_g11 none talsrcimg_to_711-2C_as_mni_average_305_t4 4355
---------------------------------------------------------------------

freesurfer imgreg_4dfp.c
/opt/freesurfer/average/711-2C_as_mni_average_305.4dfp.img
       256       256       256         1
  1.000000  1.000000  1.000000
orientation T byte_order littleendian
Reading image: /opt/freesurfer/average/711-2C_as_mni_average_305.4dfp.img
dimensions:      256       256       256
mmppix:       1.0000   -1.0000   -1.0000
center:     128.0000 -129.0000 -129.0000
talsrcimg_g11.4dfp.img
       256       256       256         1
  1.000000  1.000000  1.000000
orientation T byte_order littleendian
Reading image: talsrcimg_g11.4dfp.img
dimensions:      256       256       256
mmppix:       1.0000   -1.0000   -1.0000
center:     128.0000 -129.0000 -129.0000
t4_read: open error in t4_sub.f l:  41 t4_file(1:l)talsrcimg_to_711-2C_as_mni_average_305_t4 
t4_read: transform initialized to I4
rotation matrix determinant  1.000000
image alignment mode   4355 decimal     1103 hex
   -7.5000  -45.0000  -45.0000 5142.1724   23.4203
    0.0000  -45.0000  -45.0000 5433.2271   23.4264
    7.5000  -45.0000  -45.0000 5261.5811   23.4717
   -7.5000  -37.5000  -45.0000 5693.3213   23.0925
    0.0000  -37.5000  -45.0000 5997.8472   23.1115
    7.5000  -37.5000  -45.0000 5790.0127   23.1594
   -7.5000  -30.0000  -45.0000 6479.6714   23.0187
    0.0000  -30.0000  -45.0000 6810.5332   23.0364
    7.5000  -30.0000  -45.0000 6561.4580   23.0852
   -7.5000  -22.5000  -45.0000 7307.6201   23.0160
    0.0000  -22.5000  -45.0000 7682.7695   23.0189
    7.5000  -22.5000  -45.0000 7377.9834   23.0627
   -7.5000  -15.0000  -45.0000 8138.6763   22.9725
    0.0000  -15.0000  -45.0000 8584.5635   22.9665
    7.5000  -15.0000  -45.0000 8236.6660   23.0059
   -7.5000   -7.5000  -45.0000 9024.3906   22.9247
    0.0000   -7.5000  -45.0000 9515.0098   22.9200
    7.5000   -7.5000  -45.0000 9138.2881   22.9604
   -7.5000    0.0000  -45.0000 9745.5645   22.9188
    0.0000    0.0000  -45.000010294.2969   22.9242
    7.5000    0.0000  -45.0000 9902.2363   22.9679
   -7.5000    7.5000  -45.0000 9680.4199   22.9680
    0.0000    7.5000  -45.000010219.4854   22.9868
    7.5000    7.5000  -45.0000 9806.6104   23.0345
   -7.5000   15.0000  -45.0000 9511.0889   23.0174
    0.0000   15.0000  -45.000010037.9971   23.0351
    7.5000   15.0000  -45.0000 9631.6133   23.0839
   -7.5000   22.5000  -45.0000 9240.9053   23.0129
    0.0000   22.5000  -45.0000 9769.0986   23.0158
    7.5000   22.5000  -45.0000 9380.6260   23.0595
   -7.5000   30.0000  -45.0000 8947.7383   22.6664
    0.0000   30.0000  -45.0000 9473.6631   22.6605
    7.5000   30.0000  -45.0000 9105.8174   22.6993
   -7.5000   37.5000  -45.0000 9038.6865   22.6192
    0.0000   37.5000  -45.0000 9508.7168   22.6145
    7.5000   37.5000  -45.0000 9128.6475   22.6544
   -7.5000   45.0000  -45.0000 8708.3857   22.0392
    0.0000   45.0000  -45.0000 9119.0859   22.0444
    7.5000   45.0000  -45.0000 8767.7119   22.0864
   -7.5000  -45.0000  -37.5000 5536.6406   23.1920
    0.0000  -45.0000  -37.5000 5819.6816   23.1718
    7.5000  -45.0000  -37.5000 5637.7969   23.1912
   -7.5000  -37.5000  -37.5000 6120.4722   22.8649
    0.0000  -37.5000  -37.5000 6428.8208   22.8648
    7.5000  -37.5000  -37.5000 6203.8115   22.8823
   -7.5000  -30.0000  -37.5000 6953.8613   22.7895
    0.0000  -30.0000  -37.5000 7314.1982   22.7914
    7.5000  -30.0000  -37.5000 7058.2090   22.8059
   -7.5000  -22.5000  -37.5000 7819.0532   22.7876
    0.0000  -22.5000  -37.5000 8242.4150   22.7737
    7.5000  -22.5000  -37.5000 7947.1885   22.7855
   -7.5000  -15.0000  -37.5000 8711.0000   22.7485
    0.0000  -15.0000  -37.5000 9202.5400   22.7195
    7.5000  -15.0000  -37.5000 8852.6543   22.7309
   -7.5000   -7.5000  -37.5000 9648.7197   22.7061
    0.0000   -7.5000  -37.500010185.4658   22.6734
    7.5000   -7.5000  -37.5000 9777.1865   22.6892
   -7.5000    0.0000  -37.500010447.6484   22.6997
    0.0000    0.0000  -37.500011036.9561   22.6803
    7.5000    0.0000  -37.500010587.1338   22.6996
   -7.5000    7.5000  -37.500010346.8535   22.7428
    0.0000    7.5000  -37.500010963.8066   22.7429
    7.5000    7.5000  -37.500010477.9355   22.7605
   -7.5000   15.0000  -37.500010155.1309   22.7882
    0.0000   15.0000  -37.500010741.3311   22.7902
    7.5000   15.0000  -37.500010298.2549   22.8046
   -7.5000   22.5000  -37.5000 9860.1475   22.7845
    0.0000   22.5000  -37.500010420.4053   22.7705
    7.5000   22.5000  -37.5000 9982.7344   22.7823
   -7.5000   30.0000  -37.5000 9553.4434   22.4454
    0.0000   30.0000  -37.500010080.7637   22.4167
    7.5000   30.0000  -37.5000 9649.0830   22.4280
   -7.5000   37.5000  -37.5000 9585.6787   22.4035
    0.0000   37.5000  -37.500010070.8535   22.3713
    7.5000   37.5000  -37.5000 9657.2793   22.3868
   -7.5000   45.0000  -37.5000 9184.8379   21.8284
    0.0000   45.0000  -37.5000 9641.3486   21.8098
    7.5000   45.0000  -37.5000 9251.6494   21.8284
   -7.5000  -45.0000  -30.0000 6060.6392   24.1799
    0.0000  -45.0000  -30.0000 6376.7812   24.1411
    7.5000  -45.0000  -30.0000 6157.7075   24.1324
   -7.5000  -37.5000  -30.0000 6699.5347   23.8331
    0.0000  -37.5000  -30.0000 7057.0894   23.8135
    7.5000  -37.5000  -30.0000 6799.0117   23.7987
   -7.5000  -30.0000  -30.0000 7634.6299   23.7583
    0.0000  -30.0000  -30.0000 8048.4478   23.7428
    7.5000  -30.0000  -30.0000 7751.4048   23.7248
   -7.5000  -22.5000  -30.0000 8594.9092   23.7662
    0.0000  -22.5000  -30.0000 9072.4404   23.7402
    7.5000  -22.5000  -30.0000 8733.1074   23.7248
   -7.5000  -15.0000  -30.0000 9575.2822   23.7319
    0.0000  -15.0000  -30.000010109.5420   23.6917
    7.5000  -15.0000  -30.0000 9729.1318   23.6797
   -7.5000   -7.5000  -30.000010535.0078   23.6836
    0.0000   -7.5000  -30.000011122.9160   23.6363
    7.5000   -7.5000  -30.000010700.7100   23.6283
   -7.5000    0.0000  -30.000011376.6562   23.6667
    0.0000    0.0000  -30.000012021.1846   23.6299
    7.5000    0.0000  -30.000011547.9912   23.6222
   -7.5000    7.5000  -30.000011270.7822   23.7058
    0.0000    7.5000  -30.000011927.5107   23.6866
    7.5000    7.5000  -30.000011418.3594   23.6723
   -7.5000   15.0000  -30.000011048.5000   23.7570
    0.0000   15.0000  -30.000011687.3232   23.7415
    7.5000   15.0000  -30.000011198.1895   23.7235
   -7.5000   22.5000  -30.000010717.1113   23.7605
    0.0000   22.5000  -30.000011309.0391   23.7345
    7.5000   22.5000  -30.000010842.8848   23.7191
   -7.5000   30.0000  -30.000010368.8525   23.4178
    0.0000   30.0000  -30.000010905.3809   23.3783
    7.5000   30.0000  -30.000010458.6055   23.3664
   -7.5000   37.5000  -30.000010380.0830   23.3702
    0.0000   37.5000  -30.000010884.3125   23.3236
    7.5000   37.5000  -30.000010443.6143   23.3157
   -7.5000   45.0000  -30.0000 9932.3838   22.7751
    0.0000   45.0000  -30.000010408.1670   22.7397
    7.5000   45.0000  -30.0000 9972.1133   22.7323
   -7.5000  -45.0000  -22.5000 6619.8755   25.0537
    0.0000  -45.0000  -22.5000 6988.3921   25.0235
    7.5000  -45.0000  -22.5000 6736.9834   25.0117
   -7.5000  -37.5000  -22.5000 7324.5610   24.7031
    0.0000  -37.5000  -22.5000 7709.3608   24.6815
    7.5000  -37.5000  -22.5000 7437.0894   24.6637
   -7.5000  -30.0000  -22.5000 8332.6807   24.6381
    0.0000  -30.0000  -22.5000 8780.2109   24.6189
    7.5000  -30.0000  -22.5000 8464.7598   24.6010
   -7.5000  -22.5000  -22.5000 9383.5566   24.6522
    0.0000  -22.5000  -22.5000 9883.0557   24.6298
    7.5000  -22.5000  -22.5000 9526.2441   24.6173
   -7.5000  -15.0000  -22.500010442.8252   24.6120
    0.0000  -15.0000  -22.500011011.3135   24.5838
    7.5000  -15.0000  -22.500010578.7588   24.5749
   -7.5000   -7.5000  -22.500011459.3125   24.5479
    0.0000   -7.5000  -22.500012102.6338   24.5149
    7.5000   -7.5000  -22.500011613.4160   24.5071
   -7.5000    0.0000  -22.500012326.3135   24.5223
    0.0000    0.0000  -22.500013031.9854   24.4932
    7.5000    0.0000  -22.500012510.9141   24.4822
   -7.5000    7.5000  -22.500012219.5693   24.5710
    0.0000    7.5000  -22.500012934.4258   24.5498
    7.5000    7.5000  -22.500012390.0488   24.5324
   -7.5000   15.0000  -22.500011978.3750   24.6367
    0.0000   15.0000  -22.500012696.4336   24.6176
    7.5000   15.0000  -22.500012164.5166   24.5996
   -7.5000   22.5000  -22.500011623.6494   24.6446
    0.0000   22.5000  -22.500012290.8477   24.6222
    7.5000   22.5000  -22.500011774.4658   24.6097
   -7.5000   30.0000  -22.500011198.5879   24.2901
    0.0000   30.0000  -22.500011818.6963   24.2623
    7.5000   30.0000  -22.500011339.1396   24.2535
   -7.5000   37.5000  -22.500011162.3125   24.2268
    0.0000   37.5000  -22.500011752.9424   24.1942
    7.5000   37.5000  -22.500011268.8643   24.1865
   -7.5000   45.0000  -22.500010668.5947   23.6161
    0.0000   45.0000  -22.500011193.8926   23.5882
    7.5000   45.0000  -22.500010714.8574   23.5776
   -7.5000  -45.0000  -15.0000 7184.9448   25.6828
    0.0000  -45.0000  -15.0000 7570.6802   25.6802
    7.5000  -45.0000  -15.0000 7315.3403   25.6943
   -7.5000  -37.5000  -15.0000 7961.5034   25.3371
    0.0000  -37.5000  -15.0000 8364.7021   25.3347
    7.5000  -37.5000  -15.0000 8080.7246   25.3451
   -7.5000  -30.0000  -15.0000 9052.2217   25.2760
    0.0000  -30.0000  -15.0000 9541.7207   25.2727
    7.5000  -30.0000  -15.0000 9192.0020   25.2855
   -7.5000  -22.5000  -15.000010168.4531   25.2839
    0.0000  -22.5000  -15.000010738.9795   25.2790
    7.5000  -22.5000  -15.000010318.7822   25.2959
   -7.5000  -15.0000  -15.000011283.8506   25.2320
    0.0000  -15.0000  -15.000011915.6299   25.2274
    7.5000  -15.0000  -15.000011457.8418   25.2459
   -7.5000   -7.5000  -15.000012364.1484   25.1595
    0.0000   -7.5000  -15.000013080.2217   25.1556
    7.5000   -7.5000  -15.000012562.3984   25.1727
   -7.5000    0.0000  -15.000013283.9844   25.1382
    0.0000    0.0000  -15.000014054.9727   25.1349
    7.5000    0.0000  -15.000013496.8613   25.1482
   -7.5000    7.5000  -15.000013154.6943   25.2012
    0.0000    7.5000  -15.000013958.3896   25.1990
    7.5000    7.5000  -15.000013371.0430   25.2096
   -7.5000   15.0000  -15.000012899.3701   25.2745
    0.0000   15.0000  -15.000013689.1270   25.2713
    7.5000   15.0000  -15.000013069.2764   25.2841
   -7.5000   22.5000  -15.000012501.0801   25.2750
    0.0000   22.5000  -15.000013264.3604   25.2701
    7.5000   22.5000  -15.000012680.5293   25.2869
   -7.5000   30.0000  -15.000012038.4199   24.9055
    0.0000   30.0000  -15.000012767.8438   24.9009
    7.5000   30.0000  -15.000012228.0547   24.9192
   -7.5000   37.5000  -15.000011945.7900   24.8339
    0.0000   37.5000  -15.000012642.8379   24.8300
    7.5000   37.5000  -15.000012111.0615   24.8470
   -7.5000   45.0000  -15.000011352.6240   24.2239
    0.0000   45.0000  -15.000011971.6035   24.2208
    7.5000   45.0000  -15.000011455.2783   24.2336
   -7.5000  -45.0000   -7.5000 7763.0928   25.9579
    0.0000  -45.0000   -7.5000 8176.7495   25.9745
    7.5000  -45.0000   -7.5000 7902.6128   26.0198
   -7.5000  -37.5000   -7.5000 8603.4277   25.6120
    0.0000  -37.5000   -7.5000 9072.7295   25.6320
    7.5000  -37.5000   -7.5000 8764.9033   25.6788
   -7.5000  -30.0000   -7.5000 9799.3389   25.5429
    0.0000  -30.0000   -7.500010337.5195   25.5606
    7.5000  -30.0000   -7.5000 9971.4570   25.6103
   -7.5000  -22.5000   -7.500011011.3105   25.5399
    0.0000  -22.5000   -7.500011626.7686   25.5492
    7.5000  -22.5000   -7.500011202.8828   25.5974
   -7.5000  -15.0000   -7.500012208.6426   25.4823
    0.0000  -15.0000   -7.500012885.7021   25.4896
    7.5000  -15.0000   -7.500012385.7646   25.5348
   -7.5000   -7.5000   -7.500013335.1836   25.4164
    0.0000   -7.5000   -7.500014095.5459   25.4270
    7.5000   -7.5000   -7.500013552.7822   25.4707
   -7.5000    0.0000   -7.500014297.8545   25.4074
    0.0000    0.0000   -7.500015160.6221   25.4224
    7.5000    0.0000   -7.500014542.5342   25.4657
   -7.5000    7.5000   -7.500014134.3125   25.4747
    0.0000    7.5000   -7.500015050.9092   25.4948
    7.5000    7.5000   -7.500014375.9531   25.5413
   -7.5000   15.0000   -7.500013781.5557   25.5414
    0.0000   15.0000   -7.500014673.5850   25.5591
    7.5000   15.0000   -7.500013976.0195   25.6089
   -7.5000   22.5000   -7.500013361.3828   25.5281
    0.0000   22.5000   -7.500014213.0000   25.5374
    7.5000   22.5000   -7.500013556.9229   25.5856
   -7.5000   30.0000   -7.500012908.2705   25.1519
    0.0000   30.0000   -7.500013714.4619   25.1590
    7.5000   30.0000   -7.500013101.5635   25.2037
   -7.5000   37.5000   -7.500012764.2002   25.0868
    0.0000   37.5000   -7.500013553.9854   25.0973
    7.5000   37.5000   -7.500012944.4980   25.1404
   -7.5000   45.0000   -7.500012052.6162   24.4879
    0.0000   45.0000   -7.500012787.0020   24.5024
    7.5000   45.0000   -7.500012200.5996   24.5441
   -7.5000  -45.0000    0.0000 8281.4111   25.9616
    0.0000  -45.0000    0.0000 8751.4170   25.9683
    7.5000  -45.0000    0.0000 8439.5674   26.0184
   -7.5000  -37.5000    0.0000 9190.6689   25.6077
    0.0000  -37.5000    0.0000 9722.7227   25.6286
    7.5000  -37.5000    0.0000 9378.7314   25.6818
   -7.5000  -30.0000    0.000010510.7500   25.5288
    0.0000  -30.0000    0.000011096.1445   25.5485
    7.5000  -30.0000    0.000010687.7500   25.6023
   -7.5000  -22.5000    0.000011837.8770   25.5221
    0.0000  -22.5000    0.000012454.9844   25.5254
    7.5000  -22.5000    0.000011975.8477   25.5734
   -7.5000  -15.0000    0.000013070.0879   25.4688
    0.0000  -15.0000    0.000013758.3213   25.4622
    7.5000  -15.0000    0.000013219.7197   25.5052
   -7.5000   -7.5000    0.000014239.8027   25.4141
    0.0000   -7.5000    0.000015009.1406   25.4088
    7.5000   -7.5000    0.000014410.2891   25.4532
   -7.5000    0.0000    0.000015245.2139   25.4109
    0.0000    0.0000    0.000016174.8301   25.4168
    7.5000    0.0000    0.000015453.2881   25.4651
   -7.5000    7.5000    0.000015019.9746   25.4708
    0.0000    7.5000    0.000016050.2080   25.4916
    7.5000    7.5000    0.000015224.3154   25.5446
   -7.5000   15.0000    0.000014589.2324   25.5273
    0.0000   15.0000    0.000015575.6689   25.5470
    7.5000   15.0000    0.000014751.4346   25.6009
   -7.5000   22.5000    0.000014143.6689   25.5103
    0.0000   22.5000    0.000015103.9619   25.5137
    7.5000   22.5000    0.000014334.7109   25.5616
   -7.5000   30.0000    0.000013677.3301   25.1392
    0.0000   30.0000    0.000014584.2754   25.1327
    7.5000   30.0000    0.000013851.4150   25.1751
   -7.5000   37.5000    0.000013516.6396   25.0852
    0.0000   37.5000    0.000014372.1074   25.0800
    7.5000   37.5000    0.000013671.2119   25.1238
   -7.5000   45.0000    0.000012682.2910   24.4932
    0.0000   45.0000    0.000013497.4639   24.4989
    7.5000   45.0000    0.000012831.7998   24.5454
   -7.5000  -45.0000    7.5000 8196.2334   25.9422
    0.0000  -45.0000    7.5000 8657.3818   25.9195
    7.5000  -45.0000    7.5000 8363.8818   25.9412
   -7.5000  -37.5000    7.5000 9104.0176   25.5759
    0.0000  -37.5000    7.5000 9632.7070   25.5758
    7.5000  -37.5000    7.5000 9298.6484   25.5954
   -7.5000  -30.0000    7.500010419.8467   25.4914
    0.0000  -30.0000    7.500010998.4082   25.4936
    7.5000  -30.0000    7.500010567.7793   25.5098
   -7.5000  -22.5000    7.500011737.9287   25.4897
    0.0000  -22.5000    7.500012344.9902   25.4741
    7.5000  -22.5000    7.500011828.9551   25.4874
   -7.5000  -15.0000    7.500012982.9443   25.4464
    0.0000  -15.0000    7.500013649.5049   25.4140
    7.5000  -15.0000    7.500013065.3066   25.4268
   -7.5000   -7.5000    7.500014172.6387   25.3991
    0.0000   -7.5000    7.500014956.4297   25.3626
    7.5000   -7.5000    7.500014270.2227   25.3802
   -7.5000    0.0000    7.500015161.6523   25.3916
    0.0000    0.0000    7.500016218.6670   25.3700
    7.5000    0.0000    7.500015365.5947   25.3915
   -7.5000    7.5000    7.500014846.4580   25.4394
    0.0000    7.5000    7.500015812.9238   25.4395
    7.5000    7.5000    7.500014993.9912   25.4592
   -7.5000   15.0000    7.500014383.5156   25.4900
    0.0000   15.0000    7.500015267.9844   25.4922
    7.5000   15.0000    7.500014470.2920   25.5084
   -7.5000   22.5000    7.500013989.1318   25.4779
    0.0000   22.5000    7.500014876.9443   25.4624
    7.5000   22.5000    7.500014134.1602   25.4756
   -7.5000   30.0000    7.500013525.5615   25.1171
    0.0000   30.0000    7.500014384.7979   25.0851
    7.5000   30.0000    7.500013682.3828   25.0978
   -7.5000   37.5000    7.500013353.2881   25.0704
    0.0000   37.5000    7.500014150.5879   25.0343
    7.5000   37.5000    7.500013474.3682   25.0517
   -7.5000   45.0000    7.500012465.3535   24.4746
    0.0000   45.0000    7.500013215.2598   24.4537
    7.5000   45.0000    7.500012577.2393   24.4745
   -7.5000  -45.0000   15.0000 7957.6670   25.9633
    0.0000  -45.0000   15.0000 8427.1465   25.9217
    7.5000  -45.0000   15.0000 8104.4102   25.9123
   -7.5000  -37.5000   15.0000 8877.7803   25.5910
    0.0000  -37.5000   15.0000 9408.2363   25.5700
    7.5000  -37.5000   15.0000 9053.1279   25.5541
   -7.5000  -30.0000   15.000010209.5498   25.5107
    0.0000  -30.0000   15.000010766.0947   25.4940
    7.5000  -30.0000   15.000010333.3428   25.4747
   -7.5000  -22.5000   15.000011474.5986   25.5191
    0.0000  -22.5000   15.000012058.4160   25.4912
    7.5000  -22.5000   15.000011572.9551   25.4747
   -7.5000  -15.0000   15.000012663.3311   25.4822
    0.0000  -15.0000   15.000013280.2637   25.4391
    7.5000  -15.0000   15.000012714.0518   25.4262
   -7.5000   -7.5000   15.000013820.6904   25.4304
    0.0000   -7.5000   15.000014557.3730   25.3796
    7.5000   -7.5000   15.000013852.2305   25.3710
   -7.5000    0.0000   15.000014811.4688   25.4123
    0.0000    0.0000   15.000015595.7227   25.3728
    7.5000    0.0000   15.000014849.6475   25.3645
   -7.5000    7.5000   15.000014436.0547   25.4543
    0.0000    7.5000   15.000015007.5342   25.4337
    7.5000    7.5000   15.000014393.1338   25.4183
   -7.5000   15.0000   15.000013947.0889   25.5093
    0.0000   15.0000   15.000014475.4316   25.4926
    7.5000   15.0000   15.000013889.1807   25.4733
   -7.5000   22.5000   15.000013555.9873   25.5073
    0.0000   22.5000   15.000014169.7969   25.4794
    7.5000   22.5000   15.000013616.7607   25.4629
   -7.5000   30.0000   15.000013109.6943   25.1524
    0.0000   30.0000   15.000013778.9805   25.1099
    7.5000   30.0000   15.000013230.9180   25.0971
   -7.5000   37.5000   15.000012973.3486   25.1013
    0.0000   37.5000   15.000013642.9238   25.0512
    7.5000   37.5000   15.000013061.8066   25.0427
   -7.5000   45.0000   15.000012108.0381   24.4946
    0.0000   45.0000   15.000012770.8857   24.4564
    7.5000   45.0000   15.000012187.9102   24.4485
   -7.5000  -45.0000   22.5000 7690.9771   26.0077
    0.0000  -45.0000   22.5000 8143.8804   25.9763
    7.5000  -45.0000   22.5000 7813.2627   25.9641
   -7.5000  -37.5000   22.5000 8552.4189   25.6437
    0.0000  -37.5000   22.5000 9055.9805   25.6213
    7.5000  -37.5000   22.5000 8690.1416   25.6028
   -7.5000  -30.0000   22.5000 9781.5498   25.5762
    0.0000  -30.0000   22.500010333.3086   25.5563
    7.5000  -30.0000   22.5000 9892.9209   25.5376
   -7.5000  -22.5000   22.500010976.4766   25.5909
    0.0000  -22.5000   22.500011586.3457   25.5676
    7.5000  -22.5000   22.500011077.2871   25.5546
   -7.5000  -15.0000   22.500012106.9609   25.5491
    0.0000  -15.0000   22.500012755.2959   25.5199
    7.5000  -15.0000   22.500012162.9971   25.5106
   -7.5000   -7.5000   22.500013248.1318   25.4826
    0.0000   -7.5000   22.500013904.2119   25.4483
    7.5000   -7.5000   22.500013260.6816   25.4402
   -7.5000    0.0000   22.500014172.8857   25.4560
    0.0000    0.0000   22.500014856.2197   25.4258
    7.5000    0.0000   22.500014155.7539   25.4144
   -7.5000    7.5000   22.500013962.3203   25.5065
    0.0000    7.5000   22.500014432.9600   25.4845
    7.5000    7.5000   22.500013836.7510   25.4665
   -7.5000   15.0000   22.500013576.8457   25.5747
    0.0000   15.0000   22.500013970.0801   25.5549
    7.5000   15.0000   22.500013477.5088   25.5362
   -7.5000   22.5000   22.500013177.1133   25.5791
    0.0000   22.5000   22.500013627.8701   25.5558
    7.5000   22.5000   22.500013153.6396   25.5428
   -7.5000   30.0000   22.500012728.6865   25.2185
    0.0000   30.0000   22.500013268.9951   25.1896
    7.5000   30.0000   22.500012738.9932   25.1805
   -7.5000   37.5000   22.500012615.5879   25.1528
    0.0000   37.5000   22.500013209.8184   25.1190
    7.5000   37.5000   22.500012597.5605   25.1110
   -7.5000   45.0000   22.500011808.7354   24.5366
    0.0000   45.0000   22.500012388.5918   24.5075
    7.5000   45.0000   22.500011779.3213   24.4965
   -7.5000  -45.0000   30.0000 7235.1426   26.0358
    0.0000  -45.0000   30.0000 7698.3247   26.0331
    7.5000  -45.0000   30.0000 7374.5742   26.0474
   -7.5000  -37.5000   30.0000 8084.8623   25.6853
    0.0000  -37.5000   30.0000 8565.5146   25.6829
    7.5000  -37.5000   30.0000 8213.0830   25.6935
   -7.5000  -30.0000   30.0000 9261.5625   25.6234
    0.0000  -30.0000   30.0000 9778.0098   25.6201
    7.5000  -30.0000   30.0000 9374.5381   25.6331
   -7.5000  -22.5000   30.000010383.3896   25.6315
    0.0000  -22.5000   30.000010948.6582   25.6265
    7.5000  -22.5000   30.000010488.0713   25.6436
   -7.5000  -15.0000   30.000011437.6289   25.5788
    0.0000  -15.0000   30.000012057.3135   25.5742
    7.5000  -15.0000   30.000011529.0596   25.5929
   -7.5000   -7.5000   30.000012511.3555   25.5053
    0.0000   -7.5000   30.000013121.5840   25.5013
    7.5000   -7.5000   30.000012551.9951   25.5187
   -7.5000    0.0000   30.000013426.8740   25.4836
    0.0000    0.0000   30.000014001.8311   25.4804
    7.5000    0.0000   30.000013373.2031   25.4938
   -7.5000    7.5000   30.000013279.2617   25.5476
    0.0000    7.5000   30.000013804.6221   25.5454
    7.5000    7.5000   30.000013139.9736   25.5561
   -7.5000   15.0000   30.000013021.8105   25.6219
    0.0000   15.0000   30.000013517.4551   25.6186
    7.5000   15.0000   30.000012812.5303   25.6316
   -7.5000   22.5000   30.000012726.9746   25.6196
    0.0000   22.5000   30.000013256.2178   25.6146
    7.5000   22.5000   30.000012491.7188   25.6317
   -7.5000   30.0000   30.000012287.2695   25.2478
    0.0000   30.0000   30.000012822.1484   25.2432
    7.5000   30.0000   30.000012081.0527   25.2617
   -7.5000   37.5000   30.000012099.8066   25.1752
    0.0000   37.5000   30.000012639.5791   25.1712
    7.5000   37.5000   30.000011943.9053   25.1884
   -7.5000   45.0000   30.000011226.8760   24.5633
    0.0000   45.0000   30.000011747.1084   24.5601
    7.5000   45.0000   30.000011148.3877   24.5731
   -7.5000  -45.0000   37.5000 7052.7334   26.0154
    0.0000  -45.0000   37.5000 7473.8223   26.0320
    7.5000  -45.0000   37.5000 7213.9863   26.0775
   -7.5000  -37.5000   37.5000 7868.3423   25.6686
    0.0000  -37.5000   37.5000 8328.9814   25.6888
    7.5000  -37.5000   37.5000 8022.5742   25.7357
   -7.5000  -30.0000   37.5000 8972.6240   25.5995
    0.0000  -30.0000   37.5000 9493.3984   25.6172
    7.5000  -30.0000   37.5000 9116.9600   25.6671
   -7.5000  -22.5000   37.500010041.1592   25.5966
    0.0000  -22.5000   37.500010624.4824   25.6059
    7.5000  -22.5000   37.500010175.6562   25.6542
   -7.5000  -15.0000   37.500011082.7568   25.5388
    0.0000  -15.0000   37.500011724.8291   25.5461
    7.5000  -15.0000   37.500011195.9590   25.5915
   -7.5000   -7.5000   37.500012126.3701   25.4726
    0.0000   -7.5000   37.500012774.3975   25.4833
    7.5000   -7.5000   37.500012203.7021   25.5272
   -7.5000    0.0000   37.500013087.8633   25.4636
    0.0000    0.0000   37.500013702.3438   25.4786
    7.5000    0.0000   37.500013072.6943   25.5221
   -7.5000    7.5000   37.500012987.1123   25.5311
    0.0000    7.5000   37.500013581.5400   25.5511
    7.5000    7.5000   37.500012927.5205   25.5978
   -7.5000   15.0000   37.500012689.5527   25.5979
    0.0000   15.0000   37.500013295.0420   25.6157
    7.5000   15.0000   37.500012599.6592   25.6657
   -7.5000   22.5000   37.500012316.3662   25.5848
    0.0000   22.5000   37.500012915.0986   25.5941
    7.5000   22.5000   37.500012227.1602   25.6424
   -7.5000   30.0000   37.500011871.0537   25.2083
    0.0000   30.0000   37.500012427.4424   25.2155
    7.5000   30.0000   37.500011815.4561   25.2603
   -7.5000   37.5000   37.500011694.6230   25.1430
    0.0000   37.5000   37.500012232.5742   25.1535
    7.5000   37.5000   37.500011662.2656   25.1968
   -7.5000   45.0000   37.500010892.9502   24.5439
    0.0000   45.0000   37.500011392.7920   24.5585
    7.5000   45.0000   37.500010851.9619   24.6003
   -7.5000  -45.0000   45.0000 6474.8882   25.8234
    0.0000  -45.0000   45.0000 6839.8125   25.8299
    7.5000  -45.0000   45.0000 6617.6353   25.8799
   -7.5000  -37.5000   45.0000 7223.7412   25.4710
    0.0000  -37.5000   45.0000 7634.1777   25.4917
    7.5000  -37.5000   45.0000 7352.8306   25.5448
   -7.5000  -30.0000   45.0000 8238.9453   25.3926
    0.0000  -30.0000   45.0000 8705.3115   25.4121
    7.5000  -30.0000   45.0000 8368.1279   25.4658
   -7.5000  -22.5000   45.0000 9247.1445   25.3860
    0.0000  -22.5000   45.0000 9749.2822   25.3891
    7.5000  -22.5000   45.0000 9378.3115   25.4370
   -7.5000  -15.0000   45.000010192.4102   25.3327
    0.0000  -15.0000   45.000010740.2598   25.3260
    7.5000  -15.0000   45.000010348.9580   25.3690
   -7.5000   -7.5000   45.000011135.3232   25.2781
    0.0000   -7.5000   45.000011676.9170   25.2727
    7.5000   -7.5000   45.000011251.4912   25.3170
   -7.5000    0.0000   45.000011978.3594   25.2749
    0.0000    0.0000   45.000012519.7930   25.2806
    7.5000    0.0000   45.000012046.2188   25.3288
   -7.5000    7.5000   45.000011850.8623   25.3347
    0.0000    7.5000   45.000012381.9766   25.3553
    7.5000    7.5000   45.000011905.5596   25.4081
   -7.5000   15.0000   45.000011585.5684   25.3911
    0.0000   15.0000   45.000012090.3232   25.4107
    7.5000   15.0000   45.000011613.8057   25.4644
   -7.5000   22.5000   45.000011235.2793   25.3742
    0.0000   22.5000   45.000011729.3369   25.3774
    7.5000   22.5000   45.000011257.9443   25.4252
   -7.5000   30.0000   45.000010835.1318   25.0027
    0.0000   30.0000   45.000011300.5635   24.9961
    7.5000   30.0000   45.000010857.2324   25.0385
   -7.5000   37.5000   45.000010705.9131   24.9488
    0.0000   37.5000   45.000011176.1084   24.9434
    7.5000   37.5000   45.000010739.3232   24.9872
   -7.5000   45.0000   45.000010011.8193   24.3731
    0.0000   45.0000   45.000010444.3193   24.3786
    7.5000   45.0000   45.000010022.3096   24.4251

---------------------------------------------------------------------
imgreg_4dfp /opt/freesurfer/average/711-2C_as_mni_average_305 /opt/freesurfer/average/711-2B_as_mni_average_305_mask talsrcimg_g11 none talsrcimg_to_711-2C_as_mni_average_305_t4 4355
---------------------------------------------------------------------

freesurfer imgreg_4dfp.c
/opt/freesurfer/average/711-2C_as_mni_average_305.4dfp.img
       256       256       256         1
  1.000000  1.000000  1.000000
orientation T byte_order littleendian
Reading image: /opt/freesurfer/average/711-2C_as_mni_average_305.4dfp.img
dimensions:      256       256       256
mmppix:       1.0000   -1.0000   -1.0000
center:     128.0000 -129.0000 -129.0000
/opt/freesurfer/average/711-2B_as_mni_average_305_mask.4dfp.img
       256       256       256         1
  1.000000  1.000000  1.000000
orientation T byte_order littleendian
Reading mask: /opt/freesurfer/average/711-2B_as_mni_average_305_mask.4dfp.img (2306576 pixels)
talsrcimg_g11.4dfp.img
       256       256       256         1
  1.000000  1.000000  1.000000
orientation T byte_order littleendian
Reading image: talsrcimg_g11.4dfp.img
dimensions:      256       256       256
mmppix:       1.0000   -1.0000   -1.0000
center:     128.0000 -129.0000 -129.0000
rotation matrix determinant  1.000000
image alignment mode   4355 decimal     1103 hex
   -7.5000  -45.0000  -37.5000 1562.9749   39.7247
    0.0000  -45.0000  -37.5000 1573.5842   39.3995
    7.5000  -45.0000  -37.5000 1571.1146   39.5592
   -7.5000  -37.5000  -37.5000 1689.8206   34.1420
    0.0000  -37.5000  -37.5000 1693.8632   33.6402
    7.5000  -37.5000  -37.5000 1682.8364   33.6772
   -7.5000  -30.0000  -37.5000 1805.7701   29.9288
    0.0000  -30.0000  -37.5000 1808.5996   29.5066
    7.5000  -30.0000  -37.5000 1802.6389   29.4692
   -7.5000  -22.5000  -37.5000 1910.6334   26.7677
    0.0000  -22.5000  -37.5000 1923.2133   26.3857
    7.5000  -22.5000  -37.5000 1915.9586   26.2821
   -7.5000  -15.0000  -37.5000 2007.0715   24.2774
    0.0000  -15.0000  -37.5000 2022.6656   23.9989
    7.5000  -15.0000  -37.5000 2013.1990   23.9705
   -7.5000   -7.5000  -37.5000 2101.0710   22.4814
    0.0000   -7.5000  -37.5000 2118.5999   22.1863
    7.5000   -7.5000  -37.5000 2106.0886   22.1385
   -7.5000    0.0000  -37.5000 2156.7900   21.1755
    0.0000    0.0000  -37.5000 2174.7126   20.9240
    7.5000    0.0000  -37.5000 2160.7009   20.9379
   -7.5000    7.5000  -37.5000 2182.9351   20.4595
    0.0000    7.5000  -37.5000 2202.2324   20.1737
    7.5000    7.5000  -37.5000 2183.6746   20.2444
   -7.5000   15.0000  -37.5000 2180.7874   20.2056
    0.0000   15.0000  -37.5000 2197.3613   19.9415
    7.5000   15.0000  -37.5000 2183.1211   20.0130
   -7.5000   22.5000  -37.5000 2164.5833   20.3622
    0.0000   22.5000  -37.5000 2176.8491   20.0605
    7.5000   22.5000  -37.5000 2160.1023   20.1475
   -7.5000   30.0000  -37.5000 2130.1021   20.8644
    0.0000   30.0000  -37.5000 2147.8262   20.5027
    7.5000   30.0000  -37.5000 2128.8752   20.5621
   -7.5000   37.5000  -37.5000 2087.8481   21.7433
    0.0000   37.5000  -37.5000 2103.7312   21.3285
    7.5000   37.5000  -37.5000 2087.8833   21.4121
   -7.5000   45.0000  -37.5000 2024.3215   23.1119
    0.0000   45.0000  -37.5000 2039.7997   22.7322
    7.5000   45.0000  -37.5000 2026.1499   22.9139
   -7.5000  -45.0000  -30.0000 1660.6923   37.8999
    0.0000  -45.0000  -30.0000 1674.6342   37.4113
    7.5000  -45.0000  -30.0000 1660.7876   37.4639
   -7.5000  -37.5000  -30.0000 1801.4073   32.4759
    0.0000  -37.5000  -30.0000 1806.4962   31.9854
    7.5000  -37.5000  -30.0000 1789.9175   31.9156
   -7.5000  -30.0000  -30.0000 1921.8341   28.3665
    0.0000  -30.0000  -30.0000 1930.4375   28.0593
    7.5000  -30.0000  -30.0000 1920.2966   27.8726
   -7.5000  -22.5000  -30.0000 2039.4301   25.3251
    0.0000  -22.5000  -30.0000 2052.1531   25.0381
    7.5000  -22.5000  -30.0000 2040.5363   24.8719
   -7.5000  -15.0000  -30.0000 2148.9041   22.9847
    0.0000  -15.0000  -30.0000 2164.4619   22.7324
    7.5000  -15.0000  -30.0000 2156.8337   22.6454
   -7.5000   -7.5000  -30.0000 2238.6042   21.2602
    0.0000   -7.5000  -30.0000 2256.1575   20.9810
    7.5000   -7.5000  -30.0000 2250.8293   20.8985
   -7.5000    0.0000  -30.0000 2298.7622   20.0017
    0.0000    0.0000  -30.0000 2319.7632   19.7417
    7.5000    0.0000  -30.0000 2309.4065   19.7001
   -7.5000    7.5000  -30.0000 2327.5090   19.3440
    0.0000    7.5000  -30.0000 2350.1394   19.0607
    7.5000    7.5000  -30.0000 2339.1279   19.0835
   -7.5000   15.0000  -30.0000 2331.9045   19.1601
    0.0000   15.0000  -30.0000 2352.5212   18.8998
    7.5000   15.0000  -30.0000 2338.0823   18.9169
   -7.5000   22.5000  -30.0000 2315.3381   19.2800
    0.0000   22.5000  -30.0000 2328.3987   19.0257
    7.5000   22.5000  -30.0000 2311.3569   19.0561
   -7.5000   30.0000  -30.0000 2281.0010   19.7641
    0.0000   30.0000  -30.0000 2296.4961   19.4569
    7.5000   30.0000  -30.0000 2276.4187   19.4908
   -7.5000   37.5000  -30.0000 2236.1533   20.5905
    0.0000   37.5000  -30.0000 2250.4150   20.2401
    7.5000   37.5000  -30.0000 2234.6235   20.2779
   -7.5000   45.0000  -30.0000 2166.8293   21.9740
    0.0000   45.0000  -30.0000 2183.0559   21.6037
    7.5000   45.0000  -30.0000 2165.1138   21.6750
   -7.5000  -45.0000  -22.5000 1740.6581   35.8325
    0.0000  -45.0000  -22.5000 1757.1914   35.3732
    7.5000  -45.0000  -22.5000 1747.0577   35.4015
   -7.5000  -37.5000  -22.5000 1881.3949   30.6388
    0.0000  -37.5000  -22.5000 1896.6722   30.2480
    7.5000  -37.5000  -22.5000 1883.8485   30.1349
   -7.5000  -30.0000  -22.5000 2010.2067   26.8458
    0.0000  -30.0000  -22.5000 2027.5065   26.4924
    7.5000  -30.0000  -22.5000 2014.6328   26.3883
   -7.5000  -22.5000  -22.5000 2138.7280   23.9226
    0.0000  -22.5000  -22.5000 2152.4814   23.5873
    7.5000  -22.5000  -22.5000 2142.9519   23.5335
   -7.5000  -15.0000  -22.5000 2254.6504   21.5951
    0.0000  -15.0000  -22.5000 2277.2749   21.3496
    7.5000  -15.0000  -22.5000 2262.6753   21.2712
   -7.5000   -7.5000  -22.5000 2354.5754   19.9472
    0.0000   -7.5000  -22.5000 2377.8381   19.6862
    7.5000   -7.5000  -22.5000 2363.2949   19.6223
   -7.5000    0.0000  -22.5000 2417.3826   18.7740
    0.0000    0.0000  -22.5000 2445.1973   18.5679
    7.5000    0.0000  -22.5000 2431.2507   18.5698
   -7.5000    7.5000  -22.5000 2450.8276   18.1690
    0.0000    7.5000  -22.5000 2482.4094   17.9507
    7.5000    7.5000  -22.5000 2463.0078   17.9784
   -7.5000   15.0000  -22.5000 2464.6252   18.0152
    0.0000   15.0000  -22.5000 2495.2629   17.7519
    7.5000   15.0000  -22.5000 2480.5505   17.8077
   -7.5000   22.5000  -22.5000 2453.9634   18.1514
    0.0000   22.5000  -22.5000 2480.3403   17.8907
    7.5000   22.5000  -22.5000 2463.4602   17.9191
   -7.5000   30.0000  -22.5000 2417.8240   18.6492
    0.0000   30.0000  -22.5000 2445.9731   18.3654
    7.5000   30.0000  -22.5000 2425.9143   18.4089
   -7.5000   37.5000  -22.5000 2366.3743   19.4580
    0.0000   37.5000  -22.5000 2392.2124   19.1705
    7.5000   37.5000  -22.5000 2371.7778   19.1958
   -7.5000   45.0000  -22.5000 2286.5579   20.7827
    0.0000   45.0000  -22.5000 2308.7529   20.4954
    7.5000   45.0000  -22.5000 2287.6516   20.5054
   -7.5000  -45.0000  -15.0000 1794.6067   34.0084
    0.0000  -45.0000  -15.0000 1809.0376   33.5461
    7.5000  -45.0000  -15.0000 1805.3738   33.5610
   -7.5000  -37.5000  -15.0000 1936.9413   29.1163
    0.0000  -37.5000  -15.0000 1951.4656   28.6469
    7.5000  -37.5000  -15.0000 1945.0782   28.7144
   -7.5000  -30.0000  -15.0000 2070.1270   25.4979
    0.0000  -30.0000  -15.0000 2086.4614   25.0578
    7.5000  -30.0000  -15.0000 2078.0413   25.0241
   -7.5000  -22.5000  -15.0000 2198.9387   22.5774
    0.0000  -22.5000  -15.0000 2224.1528   22.2939
    7.5000  -22.5000  -15.0000 2208.5486   22.2249
   -7.5000  -15.0000  -15.0000 2326.1038   20.3515
    0.0000  -15.0000  -15.0000 2353.9268   20.1488
    7.5000  -15.0000  -15.0000 2339.7527   20.0792
   -7.5000   -7.5000  -15.0000 2436.7698   18.6615
    0.0000   -7.5000  -15.0000 2467.5525   18.4437
    7.5000   -7.5000  -15.0000 2454.3279   18.4449
   -7.5000    0.0000  -15.0000 2511.7546   17.5918
    0.0000    0.0000  -15.0000 2540.1135   17.4238
    7.5000    0.0000  -15.0000 2526.5979   17.4304
   -7.5000    7.5000  -15.0000 2554.5176   17.0425
    0.0000    7.5000  -15.0000 2586.5479   16.8351
    7.5000    7.5000  -15.0000 2565.0742   16.9050
   -7.5000   15.0000  -15.0000 2577.7515   16.9388
    0.0000   15.0000  -15.0000 2609.7761   16.6670
    7.5000   15.0000  -15.0000 2584.1611   16.7280
   -7.5000   22.5000  -15.0000 2570.3220   17.0839
    0.0000   22.5000  -15.0000 2601.9094   16.7889
    7.5000   22.5000  -15.0000 2580.9673   16.8446
   -7.5000   30.0000  -15.0000 2534.3872   17.5338
    0.0000   30.0000  -15.0000 2568.1260   17.2600
    7.5000   30.0000  -15.0000 2549.3726   17.3124
   -7.5000   37.5000  -15.0000 2470.3950   18.3555
    0.0000   37.5000  -15.0000 2508.6113   18.1006
    7.5000   37.5000  -15.0000 2485.2258   18.1410
   -7.5000   45.0000  -15.0000 2379.2507   19.6367
    0.0000   45.0000  -15.0000 2409.6621   19.4116
    7.5000   45.0000  -15.0000 2388.9673   19.4573
   -7.5000  -45.0000   -7.5000 1826.6062   32.5642
    0.0000  -45.0000   -7.5000 1840.1914   31.9275
    7.5000  -45.0000   -7.5000 1840.8474   31.9498
   -7.5000  -37.5000   -7.5000 1975.9532   27.8448
    0.0000  -37.5000   -7.5000 1993.4520   27.3178
    7.5000  -37.5000   -7.5000 1987.2809   27.3609
   -7.5000  -30.0000   -7.5000 2115.1304   24.2222
    0.0000  -30.0000   -7.5000 2135.9031   23.7953
    7.5000  -30.0000   -7.5000 2127.7300   23.8733
   -7.5000  -22.5000   -7.5000 2251.5701   21.4048
    0.0000  -22.5000   -7.5000 2278.1572   21.0767
    7.5000  -22.5000   -7.5000 2266.3665   21.1420
   -7.5000  -15.0000   -7.5000 2385.4749   19.2546
    0.0000  -15.0000   -7.5000 2414.3892   18.9473
    7.5000  -15.0000   -7.5000 2396.1055   18.9610
   -7.5000   -7.5000   -7.5000 2510.7346   17.5916
    0.0000   -7.5000   -7.5000 2540.0647   17.3698
    7.5000   -7.5000   -7.5000 2522.8625   17.3350
   -7.5000    0.0000   -7.5000 2597.2917   16.5211
    0.0000    0.0000   -7.5000 2626.8547   16.3178
    7.5000    0.0000   -7.5000 2609.6116   16.3469
   -7.5000    7.5000   -7.5000 2656.0242   15.9807
    0.0000    7.5000   -7.5000 2685.7297   15.7914
    7.5000    7.5000   -7.5000 2660.5967   15.8504
   -7.5000   15.0000   -7.5000 2680.4426   15.8598
    0.0000   15.0000   -7.5000 2710.1650   15.6374
    7.5000   15.0000   -7.5000 2684.9834   15.7005
   -7.5000   22.5000   -7.5000 2670.3728   16.0149
    0.0000   22.5000   -7.5000 2707.6704   15.7595
    7.5000   22.5000   -7.5000 2684.8301   15.8030
   -7.5000   30.0000   -7.5000 2633.9448   16.4499
    0.0000   30.0000   -7.5000 2671.1624   16.2056
    7.5000   30.0000   -7.5000 2648.1309   16.2568
   -7.5000   37.5000   -7.5000 2562.5459   17.2555
    0.0000   37.5000   -7.5000 2602.9382   17.0095
    7.5000   37.5000   -7.5000 2575.5984   17.0872
   -7.5000   45.0000   -7.5000 2454.8064   18.5190
    0.0000   45.0000   -7.5000 2487.7190   18.3150
    7.5000   45.0000   -7.5000 2466.5317   18.4287
   -7.5000  -45.0000    0.0000 1849.6124   31.4960
    0.0000  -45.0000    0.0000 1867.6998   30.8804
    7.5000  -45.0000    0.0000 1863.5378   30.8324
   -7.5000  -37.5000    0.0000 2002.7224   26.8759
    0.0000  -37.5000    0.0000 2022.4446   26.2845
    7.5000  -37.5000    0.0000 2015.7279   26.3220
   -7.5000  -30.0000    0.0000 2148.2134   23.3242
    0.0000  -30.0000    0.0000 2173.9631   22.8747
    7.5000  -30.0000    0.0000 2159.4114   22.9515
   -7.5000  -22.5000    0.0000 2296.3936   20.5823
    0.0000  -22.5000    0.0000 2317.0027   20.1532
    7.5000  -22.5000    0.0000 2301.6118   20.2096
   -7.5000  -15.0000    0.0000 2430.9653   18.4115
    0.0000  -15.0000    0.0000 2453.1904   18.0425
    7.5000  -15.0000    0.0000 2438.6475   18.0480
   -7.5000   -7.5000    0.0000 2552.9526   16.8223
    0.0000   -7.5000    0.0000 2585.6748   16.5112
    7.5000   -7.5000    0.0000 2567.4573   16.5261
   -7.5000    0.0000    0.0000 2661.6023   15.7258
    0.0000    0.0000    0.0000 2695.6692   15.4889
    7.5000    0.0000    0.0000 2671.7456   15.4827
   -7.5000    7.5000    0.0000 2739.7051   15.1185
    0.0000    7.5000    0.0000 2777.3396   14.9377
    7.5000    7.5000    0.0000 2743.5100   14.9505
   -7.5000   15.0000    0.0000 2771.8767   14.9384
    0.0000   15.0000    0.0000 2810.1855   14.7714
    7.5000   15.0000    0.0000 2777.8616   14.7779
   -7.5000   22.5000    0.0000 2767.6362   15.1023
    0.0000   22.5000    0.0000 2807.4277   14.9298
    7.5000   22.5000    0.0000 2782.5405   14.9331
   -7.5000   30.0000    0.0000 2720.9971   15.5985
    0.0000   30.0000    0.0000 2761.3552   15.3501
    7.5000   30.0000    0.0000 2736.0437   15.4127
   -7.5000   37.5000    0.0000 2637.6917   16.4507
    0.0000   37.5000    0.0000 2672.3899   16.1563
    7.5000   37.5000    0.0000 2648.3113   16.2671
   -7.5000   45.0000    0.0000 2517.1943   17.6657
    0.0000   45.0000    0.0000 2549.0627   17.4216
    7.5000   45.0000    0.0000 2525.7620   17.5445
   -7.5000  -45.0000    7.5000 1877.2560   30.9445
    0.0000  -45.0000    7.5000 1896.4047   30.1179
    7.5000  -45.0000    7.5000 1889.9050   30.2296
   -7.5000  -37.5000    7.5000 2029.1595   26.2520
    0.0000  -37.5000    7.5000 2056.5088   25.6483
    7.5000  -37.5000    7.5000 2050.4961   25.7338
   -7.5000  -30.0000    7.5000 2174.8240   22.7840
    0.0000  -30.0000    7.5000 2200.6045   22.2068
    7.5000  -30.0000    7.5000 2190.0400   22.2351
   -7.5000  -22.5000    7.5000 2323.9856   20.0365
    0.0000  -22.5000    7.5000 2343.5850   19.5008
    7.5000  -22.5000    7.5000 2328.6309   19.4873
   -7.5000  -15.0000    7.5000 2463.9087   17.8981
    0.0000  -15.0000    7.5000 2485.3809   17.4598
    7.5000  -15.0000    7.5000 2470.6318   17.4480
   -7.5000   -7.5000    7.5000 2592.0059   16.3072
    0.0000   -7.5000    7.5000 2621.7366   15.9383
    7.5000   -7.5000    7.5000 2600.8340   15.9405
   -7.5000    0.0000    7.5000 2711.2500   15.2250
    0.0000    0.0000    7.5000 2748.6223   14.9420
    7.5000    0.0000    7.5000 2719.1145   14.9401
   -7.5000    7.5000    7.5000 2805.6160   14.4631
    0.0000    7.5000    7.5000 2853.7588   14.2784
    7.5000    7.5000    7.5000 2810.1602   14.3032
   -7.5000   15.0000    7.5000 2849.4192   14.1947
    0.0000   15.0000    7.5000 2903.9934   13.9856
    7.5000   15.0000    7.5000 2856.0632   14.0333
   -7.5000   22.5000    7.5000 2848.5227   14.4359
    0.0000   22.5000    7.5000 2898.1350   14.2009
    7.5000   22.5000    7.5000 2868.7747   14.2399
   -7.5000   30.0000    7.5000 2797.8918   15.0014
    0.0000   30.0000    7.5000 2841.2183   14.7221
    7.5000   30.0000    7.5000 2816.7070   14.8099
   -7.5000   37.5000    7.5000 2697.1443   15.8441
    0.0000   37.5000    7.5000 2731.2229   15.5677
    7.5000   37.5000    7.5000 2706.1606   15.6875
   -7.5000   45.0000    7.5000 2562.7046   17.0538
    0.0000   45.0000    7.5000 2593.8503   16.7647
    7.5000   45.0000    7.5000 2572.6396   16.8967
   -7.5000  -45.0000   15.0000 1875.7493   30.5749
    0.0000  -45.0000   15.0000 1900.9700   29.7970
    7.5000  -45.0000   15.0000 1893.1550   29.7778
   -7.5000  -37.5000   15.0000 2033.7972   25.9697
    0.0000  -37.5000   15.0000 2066.6975   25.3033
    7.5000  -37.5000   15.0000 2058.6404   25.3479
   -7.5000  -30.0000   15.0000 2190.4180   22.5696
    0.0000  -30.0000   15.0000 2220.9421   21.8990
    7.5000  -30.0000   15.0000 2210.4258   21.9532
   -7.5000  -22.5000   15.0000 2339.9648   19.8270
    0.0000  -22.5000   15.0000 2364.3401   19.1948
    7.5000  -22.5000   15.0000 2354.5205   19.2730
   -7.5000  -15.0000   15.0000 2477.2441   17.7155
    0.0000  -15.0000   15.0000 2502.7161   17.1372
    7.5000  -15.0000   15.0000 2489.1589   17.2113
   -7.5000   -7.5000   15.0000 2608.2285   16.1297
    0.0000   -7.5000   15.0000 2639.2705   15.6072
    7.5000   -7.5000   15.0000 2616.7844   15.6842
   -7.5000    0.0000   15.0000 2729.2554   15.0162
    0.0000    0.0000   15.0000 2765.6042   14.5995
    7.5000    0.0000   15.0000 2734.3765   14.6565
   -7.5000    7.5000   15.0000 2829.1714   14.2197
    0.0000    7.5000   15.0000 2881.1624   13.8227
    7.5000    7.5000   15.0000 2836.1880   13.9261
   -7.5000   15.0000   15.0000 2883.1682   13.8134
    0.0000   15.0000   15.0000 2943.2375   13.3327
    7.5000   15.0000   15.0000 2887.8865   13.5830
   -7.5000   22.5000   15.0000 2884.3169   14.0236
    0.0000   22.5000   15.0000 2939.5522   13.6733
    7.5000   22.5000   15.0000 2909.7139   13.8379
   -7.5000   30.0000   15.0000 2822.0481   14.6407
    0.0000   30.0000   15.0000 2873.1086   14.3431
    7.5000   30.0000   15.0000 2852.4021   14.5011
   -7.5000   37.5000   15.0000 2719.2190   15.5405
    0.0000   37.5000   15.0000 2762.0774   15.2694
    7.5000   37.5000   15.0000 2736.6394   15.4343
   -7.5000   45.0000   15.0000 2579.3218   16.7568
    0.0000   45.0000   15.0000 2616.6594   16.4677
    7.5000   45.0000   15.0000 2591.9966   16.6233
   -7.5000  -45.0000   22.5000 1875.1721   30.8778
    0.0000  -45.0000   22.5000 1900.0538   29.9182
    7.5000  -45.0000   22.5000 1896.2010   29.9409
   -7.5000  -37.5000   22.5000 2037.6985   26.0802
    0.0000  -37.5000   22.5000 2065.7375   25.2972
    7.5000  -37.5000   22.5000 2062.9421   25.3415
   -7.5000  -30.0000   22.5000 2189.2043   22.5448
    0.0000  -30.0000   22.5000 2219.0554   21.8463
    7.5000  -30.0000   22.5000 2217.7461   21.9074
   -7.5000  -22.5000   22.5000 2337.7783   19.8517
    0.0000  -22.5000   22.5000 2365.1953   19.2153
    7.5000  -22.5000   22.5000 2359.0281   19.2580
   -7.5000  -15.0000   22.5000 2476.6287   17.8179
    0.0000  -15.0000   22.5000 2504.8582   17.2197
    7.5000  -15.0000   22.5000 2490.2085   17.2634
   -7.5000   -7.5000   22.5000 2613.5483   16.2531
    0.0000   -7.5000   22.5000 2643.6331   15.7133
    7.5000   -7.5000   22.5000 2624.6628   15.7604
   -7.5000    0.0000   22.5000 2730.5015   15.1409
    0.0000    0.0000   22.5000 2762.3423   14.6462
    7.5000    0.0000   22.5000 2738.0798   14.7321
   -7.5000    7.5000   22.5000 2821.1689   14.3711
    0.0000    7.5000   22.5000 2861.6150   13.8940
    7.5000    7.5000   22.5000 2830.1265   14.0259
   -7.5000   15.0000   22.5000 2879.6895   14.0269
    0.0000   15.0000   22.5000 2932.5298   13.5336
    7.5000   15.0000   22.5000 2893.5134   13.7526
   -7.5000   22.5000   22.5000 2882.3914   14.1471
    0.0000   22.5000   22.5000 2940.1240   13.7618
    7.5000   22.5000   22.5000 2901.6108   13.9744
   -7.5000   30.0000   22.5000 2820.8237   14.7716
    0.0000   30.0000   22.5000 2870.8423   14.4747
    7.5000   30.0000   22.5000 2842.5366   14.6055
   -7.5000   37.5000   22.5000 2715.6948   15.6755
    0.0000   37.5000   22.5000 2758.6096   15.4193
    7.5000   37.5000   22.5000 2735.0662   15.5036
   -7.5000   45.0000   22.5000 2575.6619   16.8707
    0.0000   45.0000   22.5000 2610.7834   16.6270
    7.5000   45.0000   22.5000 2592.1340   16.7021
   -7.5000  -45.0000   30.0000 1848.7681   31.3110
    0.0000  -45.0000   30.0000 1874.2622   30.4289
    7.5000  -45.0000   30.0000 1874.1112   30.2307
   -7.5000  -37.5000   30.0000 2016.8527   26.5522
    0.0000  -37.5000   30.0000 2045.6050   25.7688
    7.5000  -37.5000   30.0000 2043.1161   25.7346
   -7.5000  -30.0000   30.0000 2175.7371   23.0223
    0.0000  -30.0000   30.0000 2206.3657   22.3254
    7.5000  -30.0000   30.0000 2201.1309   22.3238
   -7.5000  -22.5000   30.0000 2323.2781   20.2971
    0.0000  -22.5000   30.0000 2351.0906   19.6530
    7.5000  -22.5000   30.0000 2346.2737   19.7237
   -7.5000  -15.0000   30.0000 2459.4004   18.1897
    0.0000  -15.0000   30.0000 2490.0002   17.5844
    7.5000  -15.0000   30.0000 2481.0684   17.6676
   -7.5000   -7.5000   30.0000 2596.9944   16.6689
    0.0000   -7.5000   30.0000 2624.8086   16.0687
    7.5000   -7.5000   30.0000 2617.2339   16.1586
   -7.5000    0.0000   30.0000 2707.9133   15.6275
    0.0000    0.0000   30.0000 2732.2722   14.9996
    7.5000    0.0000   30.0000 2723.0173   15.0884
   -7.5000    7.5000   30.0000 2789.3240   14.9620
    0.0000    7.5000   30.0000 2820.7061   14.4204
    7.5000    7.5000   30.0000 2803.4143   14.4803
   -7.5000   15.0000   30.0000 2838.4177   14.7027
    0.0000   15.0000   30.0000 2876.9517   14.2687
    7.5000   15.0000   30.0000 2845.0625   14.2658
   -7.5000   22.5000   30.0000 2835.3711   14.8291
    0.0000   22.5000   30.0000 2885.1414   14.5037
    7.5000   22.5000   30.0000 2845.2764   14.4866
   -7.5000   30.0000   30.0000 2769.4207   15.2825
    0.0000   30.0000   30.0000 2814.7976   15.0557
    7.5000   30.0000   30.0000 2784.7632   15.0569
   -7.5000   37.5000   30.0000 2668.1948   16.0998
    0.0000   37.5000   30.0000 2702.3171   15.8569
    7.5000   37.5000   30.0000 2686.3062   15.8998
   -7.5000   45.0000   30.0000 2536.2961   17.2609
    0.0000   45.0000   30.0000 2566.2744   16.9773
    7.5000   45.0000   30.0000 2558.3704   17.0657
   -7.5000  -45.0000   37.5000 1817.0635   32.2406
    0.0000  -45.0000   37.5000 1843.1866   31.2644
    7.5000  -45.0000   37.5000 1845.0719   31.2399
   -7.5000  -37.5000   37.5000 1992.1646   27.3686
    0.0000  -37.5000   37.5000 2020.1204   26.4682
    7.5000  -37.5000   37.5000 2018.1722   26.5432
   -7.5000  -30.0000   37.5000 2149.4812   23.7441
    0.0000  -30.0000   37.5000 2177.7307   22.9347
    7.5000  -30.0000   37.5000 2171.4487   23.0131
   -7.5000  -22.5000   37.5000 2292.5764   20.9519
    0.0000  -22.5000   37.5000 2323.7686   20.2623
    7.5000  -22.5000   37.5000 2315.4268   20.3240
   -7.5000  -15.0000   37.5000 2430.5613   18.8955
    0.0000  -15.0000   37.5000 2463.2253   18.2574
    7.5000  -15.0000   37.5000 2450.3923   18.2901
   -7.5000   -7.5000   37.5000 2558.4329   17.3943
    0.0000   -7.5000   37.5000 2588.4526   16.8097
    7.5000   -7.5000   37.5000 2579.7544   16.8323
   -7.5000    0.0000   37.5000 2662.7759   16.4430
    0.0000    0.0000   37.5000 2690.5681   15.8469
    7.5000    0.0000   37.5000 2681.8574   15.8869
   -7.5000    7.5000   37.5000 2735.7271   15.8651
    0.0000    7.5000   37.5000 2764.7402   15.3288
    7.5000    7.5000   37.5000 2751.7383   15.3747
   -7.5000   15.0000   37.5000 2761.4685   15.6598
    0.0000   15.0000   37.5000 2794.2529   15.1862
    7.5000   15.0000   37.5000 2772.2439   15.2256
   -7.5000   22.5000   37.5000 2746.6924   15.6617
    0.0000   22.5000   37.5000 2787.8157   15.2234
    7.5000   22.5000   37.5000 2762.2312   15.2506
   -7.5000   30.0000   37.5000 2687.7859   15.9874
    0.0000   30.0000   37.5000 2721.2129   15.6074
    7.5000   30.0000   37.5000 2705.0942   15.6356
   -7.5000   37.5000   37.5000 2594.7180   16.6989
    0.0000   37.5000   37.5000 2626.9045   16.4126
    7.5000   37.5000   37.5000 2615.0112   16.4555
   -7.5000   45.0000   37.5000 2474.0835   17.8755
    0.0000   45.0000   37.5000 2505.8555   17.5756
    7.5000   45.0000   37.5000 2492.7769   17.6158
   -7.5000  -45.0000   45.0000 1777.3405   33.4965
    0.0000  -45.0000   45.0000 1799.1676   32.4274
    7.5000  -45.0000   45.0000 1805.6548   32.4917
   -7.5000  -37.5000   45.0000 1951.4777   28.4325
    0.0000  -37.5000   45.0000 1980.8263   27.5550
    7.5000  -37.5000   45.0000 1977.0591   27.6345
   -7.5000  -30.0000   45.0000 2107.7920   24.7467
    0.0000  -30.0000   45.0000 2141.3047   24.0332
    7.5000  -30.0000   45.0000 2130.5596   24.1348
   -7.5000  -22.5000   45.0000 2250.0435   21.9432
    0.0000  -22.5000   45.0000 2284.3755   21.3102
    7.5000  -22.5000   45.0000 2276.3994   21.3922
   -7.5000  -15.0000   45.0000 2377.0127   19.8814
    0.0000  -15.0000   45.0000 2413.9905   19.2707
    7.5000  -15.0000   45.0000 2408.1035   19.3699
   -7.5000   -7.5000   45.0000 2489.2729   18.4179
    0.0000   -7.5000   45.0000 2526.9551   17.8149
    7.5000   -7.5000   45.0000 2518.9038   17.9079
   -7.5000    0.0000   45.0000 2584.9446   17.4313
    0.0000    0.0000   45.0000 2618.3816   16.8527
    7.5000    0.0000   45.0000 2608.7571   16.9458
   -7.5000    7.5000   45.0000 2646.0139   16.8529
    0.0000    7.5000   45.0000 2676.2903   16.3429
    7.5000    7.5000   45.0000 2666.8560   16.4435
   -7.5000   15.0000   45.0000 2663.6750   16.6174
    0.0000   15.0000   45.0000 2691.0901   16.1869
    7.5000   15.0000   45.0000 2678.6802   16.2464
   -7.5000   22.5000   45.0000 2644.3391   16.5772
    0.0000   22.5000   45.0000 2677.6150   16.1128
    7.5000   22.5000   45.0000 2662.5452   16.2150
   -7.5000   30.0000   45.0000 2592.3748   16.8372
    0.0000   30.0000   45.0000 2618.1265   16.3988
    7.5000   30.0000   45.0000 2607.9131   16.4773
   -7.5000   37.5000   45.0000 2512.2346   17.5212
    0.0000   37.5000   45.0000 2539.0200   17.1645
    7.5000   37.5000   45.0000 2528.6472   17.2601
   -7.5000   45.0000   45.0000 2405.2480   18.6693
    0.0000   45.0000   45.0000 2427.6016   18.3680
    7.5000   45.0000   45.0000 2417.9365   18.4649
   -7.5000  -45.0000   52.5000 1730.7128   35.0982
    0.0000  -45.0000   52.5000 1754.8164   34.0994
    7.5000  -45.0000   52.5000 1763.2318   34.1483
   -7.5000  -37.5000   52.5000 1902.4261   29.8679
    0.0000  -37.5000   52.5000 1937.0529   29.0795
    7.5000  -37.5000   52.5000 1931.7661   29.1139
   -7.5000  -30.0000   52.5000 2053.9670   26.0981
    0.0000  -30.0000   52.5000 2096.9778   25.4440
    7.5000  -30.0000   52.5000 2084.5271   25.5407
   -7.5000  -22.5000   52.5000 2195.4578   23.2808
    0.0000  -22.5000   52.5000 2238.5288   22.6997
    7.5000  -22.5000   52.5000 2227.5032   22.7407
   -7.5000  -15.0000   52.5000 2312.4268   21.1630
    0.0000  -15.0000   52.5000 2356.0889   20.6109
    7.5000  -15.0000   52.5000 2348.1426   20.6706
   -7.5000   -7.5000   52.5000 2420.1572   19.6885
    0.0000   -7.5000   52.5000 2462.1235   19.0988
    7.5000   -7.5000   52.5000 2452.6631   19.2007
   -7.5000    0.0000   52.5000 2503.2727   18.6556
    0.0000    0.0000   52.5000 2541.2817   18.1289
    7.5000    0.0000   52.5000 2531.3738   18.2120
   -7.5000    7.5000   52.5000 2554.6780   18.0318
    0.0000    7.5000   52.5000 2587.6265   17.5766
    7.5000    7.5000   52.5000 2577.4219   17.6514
   -7.5000   15.0000   52.5000 2560.6467   17.7413
    0.0000   15.0000   52.5000 2590.5852   17.3243
    7.5000   15.0000   52.5000 2583.8228   17.3955
   -7.5000   22.5000   52.5000 2540.5330   17.7202
    0.0000   22.5000   52.5000 2565.8738   17.2991
    7.5000   22.5000   52.5000 2560.0784   17.3728
   -7.5000   30.0000   52.5000 2491.5078   17.9776
    0.0000   30.0000   52.5000 2520.0198   17.5586
    7.5000   30.0000   52.5000 2512.7744   17.6025
   -7.5000   37.5000   52.5000 2422.6372   18.6260
    0.0000   37.5000   52.5000 2445.2419   18.2687
    7.5000   37.5000   52.5000 2438.7188   18.3247
   -7.5000   45.0000   52.5000 2326.9624   19.7401
    0.0000   45.0000   52.5000 2348.0137   19.4257
    7.5000   45.0000   52.5000 2340.1199   19.5203

---------------------------------------------------------------------
imgreg_4dfp /opt/freesurfer/average/711-2C_as_mni_average_305 /opt/freesurfer/average/711-2B_as_mni_average_305_mask talsrcimg_g11 none talsrcimg_to_711-2C_as_mni_average_305_t4 1283
---------------------------------------------------------------------

freesurfer imgreg_4dfp.c
/opt/freesurfer/average/711-2C_as_mni_average_305.4dfp.img
       256       256       256         1
  1.000000  1.000000  1.000000
orientation T byte_order littleendian
Reading image: /opt/freesurfer/average/711-2C_as_mni_average_305.4dfp.img
dimensions:      256       256       256
mmppix:       1.0000   -1.0000   -1.0000
center:     128.0000 -129.0000 -129.0000
/opt/freesurfer/average/711-2B_as_mni_average_305_mask.4dfp.img
       256       256       256         1
  1.000000  1.000000  1.000000
orientation T byte_order littleendian
Reading mask: /opt/freesurfer/average/711-2B_as_mni_average_305_mask.4dfp.img (2306576 pixels)
talsrcimg_g11.4dfp.img
       256       256       256         1
  1.000000  1.000000  1.000000
orientation T byte_order littleendian
Reading image: talsrcimg_g11.4dfp.img
dimensions:      256       256       256
mmppix:       1.0000   -1.0000   -1.0000
center:     128.0000 -129.0000 -129.0000
rotation matrix determinant  1.000000
fimgreg.f
image alignment mode   1283 decimal      503 hex
parameters
    0.0000   15.0000   15.0000    0.0000    0.0000    0.0000
eta,q 0.92490 13.32700
niter,ni,del,rscale     5    3   12.0000    1.2000
parameter  2 -1.018189 -> -0.500000 qaram    1.1500
parameter  4 -1.080741 -> -0.500000 qaram    1.1500
parameters
    0.5209   18.4500   16.3465    3.4500    2.0181    1.3351
eta,q 0.93043 13.29312
  0.0895  0.0890  0.0807  0.0803  0.0800  0.0744
  0.0838  0.0826  0.0767  0.0779  0.0749  0.0724
  0.0804  0.0793  0.0734  0.0755  0.0720  0.0709
  0.0774  0.0767  0.0715  0.0721  0.0704  0.0699
  0.0778  0.0738  0.0736  0.0708  0.0699  0.0696
  0.0813  0.0715  0.0738  0.0702  0.0703  0.0704
  0.0865  0.0720  0.0749  0.0699  0.0720  0.0717
niter,ni,del,rscale     6    3   12.0000    1.2000
parameters
    0.4020   18.4819   16.6152    4.0615    2.0021    1.7763
eta,q 0.93042 13.30373
  0.0812  0.0810  0.0741  0.0759  0.0750  0.0736
  0.0745  0.0767  0.0711  0.0733  0.0720  0.0717
  0.0703  0.0727  0.0689  0.0708  0.0704  0.0704
  0.0696  0.0695  0.0695  0.0699  0.0696  0.0696
  0.0718  0.0696  0.0713  0.0697  0.0703  0.0699
  0.0753  0.0748  0.0701  0.0720  0.0723  0.0712
  0.0816  0.0830  0.0729  0.0742  0.0750  0.0726
niter,ni,del,rscale     5    3   12.0000    1.2000
parameters
    0.3595   18.2676   16.7023    4.3750    1.9398    1.9503
eta,q 0.93031 13.30765
  0.0818  0.0805  0.0736  0.0756  0.0751  0.0733
  0.0746  0.0763  0.0713  0.0729  0.0721  0.0716
  0.0702  0.0728  0.0690  0.0710  0.0704  0.0704
  0.0696  0.0695  0.0697  0.0699  0.0697  0.0697
  0.0721  0.0701  0.0712  0.0701  0.0705  0.0702
  0.0755  0.0757  0.0701  0.0725  0.0726  0.0715
  0.0810  0.0841  0.0734  0.0747  0.0751  0.0729
niter,ni,del,rscale     4    3   12.0000    1.2000
parameters
    0.3695   18.1230   16.7284    4.5524    1.8748    2.0484
eta,q 0.93020 13.30900
  0.0820  0.0805  0.0737  0.0755  0.0753  0.0733
  0.0747  0.0765  0.0715  0.0728  0.0722  0.0717
  0.0703  0.0731  0.0690  0.0712  0.0706  0.0706
  0.0697  0.0697  0.0698  0.0699  0.0698  0.0698
  0.0722  0.0700  0.0712  0.0703  0.0707  0.0703
  0.0755  0.0753  0.0701  0.0727  0.0727  0.0717
  0.0807  0.0838  0.0737  0.0750  0.0753  0.0730
niter,ni,del,rscale     3    3   12.0000    1.2000
parameters
    0.3867   18.0409   16.7319    4.6663    1.8222    2.1062
eta,q 0.93016 13.30948
  0.0820  0.0805  0.0737  0.0755  0.0754  0.0733
  0.0748  0.0766  0.0716  0.0729  0.0723  0.0717
  0.0704  0.0733  0.0691  0.0713  0.0706  0.0706
  0.0698  0.0698  0.0699  0.0699  0.0698  0.0698
  0.0723  0.0701  0.0712  0.0705  0.0707  0.0704
  0.0755  0.0750  0.0702  0.0728  0.0728  0.0718
  0.0807  0.0836  0.0739  0.0752  0.0753  0.0731
niter,ni,del,rscale     2    3   12.0000    1.2000
parameters
    0.4007   17.9934   16.7286    4.7360    1.7832    2.1313
eta,q 0.93015 13.30987
  0.0819  0.0805  0.0738  0.0755  0.0755  0.0733
  0.0748  0.0767  0.0717  0.0729  0.0724  0.0717
  0.0704  0.0734  0.0691  0.0713  0.0707  0.0706
  0.0698  0.0699  0.0699  0.0699  0.0699  0.0699
  0.0723  0.0701  0.0712  0.0706  0.0708  0.0704
  0.0755  0.0749  0.0702  0.0729  0.0729  0.0718
  0.0807  0.0834  0.0740  0.0753  0.0753  0.0731
niter,ni,del,rscale     1    3   12.0000    1.2000
parameters
    0.4105   17.9675   16.7268    4.7785    1.7604    2.1397
eta,q 0.93014 13.31003
  0.0818  0.0805  0.0738  0.0755  0.0755  0.0733
  0.0748  0.0767  0.0717  0.0729  0.0724  0.0717
  0.0704  0.0735  0.0691  0.0713  0.0707  0.0706
  0.0699  0.0699  0.0699  0.0699  0.0699  0.0699
  0.0723  0.0700  0.0712  0.0706  0.0708  0.0705
  0.0755  0.0748  0.0703  0.0730  0.0729  0.0718
  0.0807  0.0833  0.0741  0.0754  0.0753  0.0732
registration optimization eta report
parameter search radius
    6.0000    6.9000    6.0000    6.9000    6.0000    6.0000
100000*second partial in parameter space
       31.       25.       12.       11.       15.        9.
  0.0818  0.0805  0.0738  0.0755  0.0755  0.0733
  0.0748  0.0767  0.0717  0.0729  0.0724  0.0717
  0.0704  0.0735  0.0691  0.0713  0.0707  0.0706
  0.0699  0.0699  0.0699  0.0699  0.0699  0.0699
  0.0723  0.0700  0.0712  0.0706  0.0708  0.0705
  0.0755  0.0748  0.0703  0.0730  0.0729  0.0718
  0.0807  0.0833  0.0741  0.0754  0.0753  0.0732
    0.4105   17.9675   16.7268    4.7785    1.7604    2.1397
eta,q 0.93014 13.31003

---------------------------------------------------------------------
imgreg_4dfp /opt/freesurfer/average/711-2C_as_mni_average_305 /opt/freesurfer/average/711-2B_as_mni_average_305_mask talsrcimg_g11 none talsrcimg_to_711-2C_as_mni_average_305_t4 3335
---------------------------------------------------------------------

freesurfer imgreg_4dfp.c
/opt/freesurfer/average/711-2C_as_mni_average_305.4dfp.img
       256       256       256         1
  1.000000  1.000000  1.000000
orientation T byte_order littleendian
Reading image: /opt/freesurfer/average/711-2C_as_mni_average_305.4dfp.img
dimensions:      256       256       256
mmppix:       1.0000   -1.0000   -1.0000
center:     128.0000 -129.0000 -129.0000
/opt/freesurfer/average/711-2B_as_mni_average_305_mask.4dfp.img
       256       256       256         1
  1.000000  1.000000  1.000000
orientation T byte_order littleendian
Reading mask: /opt/freesurfer/average/711-2B_as_mni_average_305_mask.4dfp.img (2306576 pixels)
talsrcimg_g11.4dfp.img
       256       256       256         1
  1.000000  1.000000  1.000000
orientation T byte_order littleendian
Reading image: talsrcimg_g11.4dfp.img
dimensions:      256       256       256
mmppix:       1.0000   -1.0000   -1.0000
center:     128.0000 -129.0000 -129.0000
fimgreg.f
image alignment mode   3335 decimal      D07 hex
parameters
    0.4105   17.9675   16.7268   -0.1169   -0.4266   -0.3946
   -3.9763   -2.7481    3.7318   -8.4389    3.0719    8.3265
eta,q 0.93248 13.38758
niter,ni,del,rscale     5    3    5.0000    1.2000
parameter  4  1.950928 ->  0.500000 qaram    1.1500
parameter  5  3.566509 ->  0.500000 qaram    1.1500
parameter  6  4.189784 ->  0.500000 qaram    1.1500
parameter 12  2.635443 ->  0.500000 qaram    1.1500
parameters
    0.4456   18.0208   16.7868   -4.2569   -4.5666   -4.5346
   -4.5276   -2.4678    2.0490  -10.5502    5.3191    4.1865
eta,q 0.95095 12.53101
  0.0695  0.0689  0.0689  0.0611  0.0531  0.0468  0.0524  0.0552  0.0517  0.0519  0.0528  0.0483
  0.0684  0.0681  0.0682  0.0625  0.0561  0.0498  0.0514  0.0528  0.0511  0.0508  0.0517  0.0489
  0.0677  0.0677  0.0677  0.0647  0.0594  0.0535  0.0509  0.0513  0.0508  0.0505  0.0509  0.0496
  0.0675  0.0675  0.0675  0.0675  0.0630  0.0570  0.0508  0.0508  0.0508  0.0507  0.0505  0.0504
  0.0677  0.0676  0.0677  0.0707  0.0668  0.0618  0.0511  0.0514  0.0513  0.0516  0.0504  0.0513
  0.0683  0.0681  0.0682  0.0744  0.0712  0.0661  0.0519  0.0527  0.0521  0.0531  0.0506  0.0522
  0.0694  0.0688  0.0687  0.0784  0.0761  0.0706  0.0529  0.0543  0.0532  0.0551  0.0510  0.0534
niter,ni,del,rscale     7    3    5.0000    1.2000
parameter  4  0.923995 ->  0.500000 qaram    1.3225
parameter  5  3.913228 ->  0.500000 qaram    1.3225
parameter  6  1.092730 ->  0.500000 qaram    1.3225
parameters
    0.4097   18.3348   16.9221   -9.0179   -9.3276   -9.2956
   -1.9468   -1.6458    3.5704  -11.2349    8.3411    1.4856
eta,q 0.96638 12.21471
  0.0518  0.0513  0.0502  0.0457  0.0363  0.0349  0.0385  0.0404  0.0369  0.0370  0.0373  0.0342
  0.0503  0.0502  0.0495  0.0462  0.0397  0.0342  0.0366  0.0375  0.0356  0.0352  0.0358  0.0338
  0.0494  0.0494  0.0491  0.0473  0.0429  0.0362  0.0352  0.0352  0.0346  0.0342  0.0346  0.0336
  0.0490  0.0490  0.0490  0.0490  0.0464  0.0406  0.0344  0.0341  0.0341  0.0340  0.0340  0.0337
  0.0494  0.0491  0.0491  0.0518  0.0504  0.0449  0.0341  0.0345  0.0340  0.0347  0.0337  0.0341
  0.0504  0.0495  0.0494  0.0555  0.0547  0.0501  0.0343  0.0358  0.0344  0.0362  0.0338  0.0351
  0.0520  0.0504  0.0499  0.0601  0.0596  0.0555  0.0351  0.0382  0.0353  0.0383  0.0342  0.0366
niter,ni,del,rscale     7    3    5.0000    1.2000
parameter  5  1.521550 ->  0.500000 qaram    1.5209
parameters
    0.4376   17.7755   16.0985   -9.5928  -14.8028  -10.9341
   -2.4936   -2.7542    3.3206  -11.0569    9.0461    3.9792
eta,q 0.97152 12.03936
  0.0366  0.0348  0.0341  0.0365  0.0274  0.0340  0.0310  0.0322  0.0304  0.0326  0.0300  0.0310
  0.0350  0.0339  0.0334  0.0350  0.0279  0.0319  0.0298  0.0298  0.0294  0.0304  0.0292  0.0299
  0.0340  0.0335  0.0332  0.0340  0.0301  0.0299  0.0291  0.0286  0.0288  0.0290  0.0287  0.0291
  0.0336  0.0336  0.0335  0.0332  0.0333  0.0284  0.0289  0.0289  0.0286  0.0286  0.0286  0.0286
  0.0339  0.0342  0.0342  0.0333  0.0369  0.0299  0.0294  0.0301  0.0288  0.0291  0.0288  0.0285
  0.0348  0.0352  0.0354  0.0349  0.0407  0.0355  0.0303  0.0319  0.0296  0.0303  0.0290  0.0286
  0.0366  0.0366  0.0372  0.0385  0.0450  0.0411  0.0318  0.0345  0.0307  0.0320  0.0294  0.0293
niter,ni,del,rscale     7    3    5.0000    1.2000
parameter  5  0.535047 ->  0.500000 qaram    1.7490
parameters
    0.7190   18.2522   15.8373   -8.1632  -21.0992  -11.6091
   -3.6286   -2.4739    2.6150  -11.1976   10.1027    6.4939
eta,q 0.97303 11.78960
  0.0321  0.0323  0.0298  0.0322  0.0280  0.0330  0.0287  0.0320  0.0280  0.0298  0.0286  0.0293
  0.0303  0.0304  0.0288  0.0305  0.0271  0.0308  0.0276  0.0296  0.0274  0.0281  0.0278  0.0284
  0.0291  0.0291  0.0283  0.0292  0.0267  0.0288  0.0272  0.0276  0.0271  0.0273  0.0273  0.0276
  0.0285  0.0284  0.0283  0.0283  0.0280  0.0269  0.0272  0.0271  0.0272  0.0271  0.0271  0.0271
  0.0285  0.0284  0.0287  0.0278  0.0313  0.0273  0.0277  0.0277  0.0274  0.0276  0.0272  0.0270
  0.0293  0.0290  0.0294  0.0285  0.0351  0.0315  0.0287  0.0291  0.0278  0.0285  0.0274  0.0272
  0.0308  0.0301  0.0305  0.0309  0.0393  0.0365  0.0299  0.0312  0.0283  0.0298  0.0278  0.0277
niter,ni,del,rscale     7    3    5.0000    1.2000
parameters
    0.8321   19.3060   15.5736   -6.7949  -22.7404  -12.7243
   -3.5563   -2.4520    1.8789   -8.5646   11.2351    6.9686
eta,q 0.97347 11.70271
  0.0301  0.0310  0.0280  0.0303  0.0308  0.0318  0.0292  0.0313  0.0279  0.0308  0.0281  0.0282
  0.0285  0.0292  0.0270  0.0286  0.0285  0.0299  0.0278  0.0289  0.0272  0.0290  0.0273  0.0273
  0.0274  0.0278  0.0265  0.0274  0.0269  0.0281  0.0271  0.0272  0.0269  0.0276  0.0267  0.0268
  0.0270  0.0270  0.0265  0.0265  0.0261  0.0263  0.0269  0.0269  0.0269  0.0268  0.0265  0.0265
  0.0272  0.0265  0.0270  0.0259  0.0271  0.0269  0.0272  0.0275  0.0271  0.0265  0.0266  0.0266
  0.0281  0.0266  0.0277  0.0267  0.0306  0.0314  0.0279  0.0289  0.0276  0.0267  0.0268  0.0270
  0.0297  0.0272  0.0287  0.0291  0.0346  0.0369  0.0290  0.0311  0.0283  0.0275  0.0273  0.0279
niter,ni,del,rscale     6    3    5.0000    1.2000
parameters
    0.9284   20.0399   15.0205   -6.6397  -23.7474  -13.6693
   -3.6128   -2.2947    1.7481   -6.5854   11.3928    6.5243
eta,q 0.97351 11.59995
  0.0295  0.0301  0.0272  0.0295  0.0312  0.0313  0.0287  0.0310  0.0281  0.0301  0.0276  0.0278
  0.0280  0.0285  0.0264  0.0281  0.0287  0.0294  0.0275  0.0285  0.0273  0.0286  0.0269  0.0271
  0.0270  0.0273  0.0262  0.0271  0.0270  0.0278  0.0269  0.0270  0.0268  0.0274  0.0266  0.0266
  0.0265  0.0265  0.0263  0.0261  0.0261  0.0262  0.0267  0.0267  0.0267  0.0267  0.0265  0.0265
  0.0267  0.0263  0.0268  0.0258  0.0267  0.0264  0.0270  0.0272  0.0269  0.0265  0.0266  0.0267
  0.0276  0.0266  0.0275  0.0271  0.0297  0.0303  0.0277  0.0284  0.0274  0.0269  0.0269  0.0272
  0.0292  0.0274  0.0286  0.0302  0.0337  0.0355  0.0287  0.0304  0.0282  0.0277  0.0275  0.0282
niter,ni,del,rscale     5    3    5.0000    1.2000
parameters
    1.0584   20.5881   14.6606   -6.4946  -24.3334  -14.2436
   -3.7693   -2.1423    1.8258   -5.3094   11.1805    5.8800
eta,q 0.97351 11.54075
  0.0294  0.0299  0.0274  0.0294  0.0316  0.0313  0.0285  0.0307  0.0282  0.0297  0.0275  0.0278
  0.0279  0.0282  0.0266  0.0281  0.0290  0.0294  0.0274  0.0283  0.0273  0.0282  0.0269  0.0271
  0.0269  0.0271  0.0263  0.0271  0.0272  0.0278  0.0267  0.0269  0.0268  0.0272  0.0265  0.0266
  0.0265  0.0265  0.0264  0.0263  0.0263  0.0263  0.0266  0.0266  0.0266  0.0266  0.0265  0.0265
  0.0266  0.0264  0.0267  0.0259  0.0266  0.0261  0.0269  0.0271  0.0267  0.0266  0.0266  0.0268
  0.0274  0.0268  0.0273  0.0271  0.0293  0.0293  0.0276  0.0283  0.0273  0.0271  0.0270  0.0273
  0.0289  0.0277  0.0282  0.0301  0.0334  0.0344  0.0286  0.0302  0.0281  0.0281  0.0276  0.0283
niter,ni,del,rscale     4    3    5.0000    1.2000
parameters
    1.1388   20.9709   14.4318   -6.4615  -24.6578  -14.5746
   -3.9203   -2.0172    1.9011   -4.4670   10.9961    5.3770
eta,q 0.97347 11.50617
  0.0292  0.0296  0.0276  0.0293  0.0319  0.0313  0.0285  0.0306  0.0282  0.0294  0.0275  0.0279
  0.0278  0.0280  0.0268  0.0281  0.0293  0.0295  0.0273  0.0282  0.0273  0.0280  0.0269  0.0271
  0.0269  0.0270  0.0264  0.0272  0.0274  0.0279  0.0267  0.0268  0.0268  0.0270  0.0266  0.0267
  0.0265  0.0265  0.0264  0.0264  0.0264  0.0264  0.0266  0.0266  0.0266  0.0266  0.0265  0.0265
  0.0267  0.0265  0.0268  0.0260  0.0267  0.0260  0.0268  0.0271  0.0267  0.0267  0.0267  0.0268
  0.0275  0.0271  0.0273  0.0272  0.0291  0.0287  0.0275  0.0282  0.0273  0.0273  0.0270  0.0273
  0.0290  0.0280  0.0281  0.0302  0.0332  0.0338  0.0286  0.0301  0.0281  0.0283  0.0276  0.0283
niter,ni,del,rscale     3    3    5.0000    1.2000
parameters
    1.1988   21.2300   14.2769   -6.4588  -24.8665  -14.7944
   -4.0519   -1.9252    1.9165   -3.8971   10.8911    5.0199
eta,q 0.97340 11.48390
  0.0292  0.0293  0.0278  0.0293  0.0321  0.0314  0.0285  0.0306  0.0282  0.0293  0.0276  0.0280
  0.0278  0.0278  0.0270  0.0281  0.0294  0.0295  0.0274  0.0282  0.0273  0.0279  0.0270  0.0272
  0.0269  0.0269  0.0266  0.0272  0.0275  0.0279  0.0268  0.0268  0.0268  0.0270  0.0266  0.0268
  0.0265  0.0265  0.0265  0.0265  0.0265  0.0265  0.0266  0.0266  0.0266  0.0266  0.0266  0.0266
  0.0267  0.0267  0.0268  0.0261  0.0267  0.0261  0.0269  0.0271  0.0268  0.0268  0.0267  0.0268
  0.0276  0.0272  0.0273  0.0273  0.0291  0.0285  0.0276  0.0283  0.0273  0.0274  0.0271  0.0274
  0.0291  0.0283  0.0281  0.0302  0.0332  0.0335  0.0286  0.0301  0.0282  0.0285  0.0276  0.0283
niter,ni,del,rscale     2    3    5.0000    1.2000
parameters
    1.2417   21.4096   14.1662   -6.4518  -25.0116  -14.9606
   -4.1467   -1.8627    1.9041   -3.4960   10.8209    4.7882
eta,q 0.97334 11.46872
  0.0292  0.0292  0.0279  0.0293  0.0322  0.0314  0.0286  0.0305  0.0283  0.0292  0.0276  0.0281
  0.0279  0.0278  0.0271  0.0281  0.0295  0.0296  0.0274  0.0282  0.0273  0.0279  0.0270  0.0273
  0.0270  0.0269  0.0267  0.0273  0.0275  0.0280  0.0268  0.0269  0.0268  0.0270  0.0267  0.0268
  0.0266  0.0266  0.0266  0.0266  0.0266  0.0266  0.0267  0.0267  0.0267  0.0267  0.0267  0.0267
  0.0268  0.0268  0.0268  0.0262  0.0268  0.0262  0.0269  0.0272  0.0268  0.0269  0.0268  0.0269
  0.0276  0.0274  0.0274  0.0273  0.0291  0.0284  0.0276  0.0283  0.0274  0.0276  0.0271  0.0274
  0.0291  0.0285  0.0281  0.0302  0.0331  0.0334  0.0286  0.0301  0.0283  0.0287  0.0276  0.0282
niter,ni,del,rscale     1    3    5.0000    1.2000
parameters
    1.2726   21.5373   14.0844   -6.4502  -25.1244  -15.0883
   -4.2112   -1.8244    1.8906   -3.1957   10.7730    4.6201
eta,q 0.97329 11.45715
  0.0292  0.0291  0.0280  0.0294  0.0323  0.0314  0.0286  0.0305  0.0283  0.0292  0.0277  0.0281
  0.0279  0.0278  0.0272  0.0281  0.0296  0.0296  0.0275  0.0282  0.0274  0.0279  0.0270  0.0274
  0.0270  0.0270  0.0267  0.0273  0.0276  0.0280  0.0269  0.0269  0.0269  0.0270  0.0268  0.0269
  0.0267  0.0267  0.0267  0.0266  0.0266  0.0267  0.0267  0.0267  0.0267  0.0267  0.0267  0.0267
  0.0269  0.0269  0.0269  0.0263  0.0269  0.0262  0.0270  0.0273  0.0269  0.0269  0.0269  0.0269
  0.0277  0.0275  0.0274  0.0274  0.0291  0.0284  0.0276  0.0284  0.0274  0.0276  0.0271  0.0274
  0.0292  0.0286  0.0281  0.0302  0.0331  0.0333  0.0286  0.0302  0.0283  0.0288  0.0276  0.0282
registration optimization eta report
parameter search radius
    2.4000    2.4000    2.4000    9.5220   12.5928    9.5220
    7.2000    7.2000    7.2000    7.2000    7.2000    8.2800
100000*second partial in parameter space
       44.       38.       24.        4.        4.        6.
        4.        7.        3.        4.        2.        2.
  0.0292  0.0291  0.0280  0.0294  0.0323  0.0314  0.0286  0.0305  0.0283  0.0292  0.0277  0.0281
  0.0279  0.0278  0.0272  0.0281  0.0296  0.0296  0.0275  0.0282  0.0274  0.0279  0.0270  0.0274
  0.0270  0.0270  0.0267  0.0273  0.0276  0.0280  0.0269  0.0269  0.0269  0.0270  0.0268  0.0269
  0.0267  0.0267  0.0267  0.0266  0.0266  0.0267  0.0267  0.0267  0.0267  0.0267  0.0267  0.0267
  0.0269  0.0269  0.0269  0.0263  0.0269  0.0262  0.0270  0.0273  0.0269  0.0269  0.0269  0.0269
  0.0277  0.0275  0.0274  0.0274  0.0291  0.0284  0.0276  0.0284  0.0274  0.0276  0.0271  0.0274
  0.0292  0.0286  0.0281  0.0302  0.0331  0.0333  0.0286  0.0302  0.0283  0.0288  0.0276  0.0282
    1.2726   21.5373   14.0844   -6.4502  -25.1244  -15.0883
   -4.2112   -1.8244    1.8906   -3.1957   10.7730    4.6201
eta,q 0.97329 11.45715

---------------------------------------------------------------------
imgreg_4dfp /opt/freesurfer/average/711-2C_as_mni_average_305 /opt/freesurfer/average/711-2B_as_mni_average_305_mask talsrcimg_g11 none talsrcimg_to_711-2C_as_mni_average_305_t4 2311
---------------------------------------------------------------------

freesurfer imgreg_4dfp.c
/opt/freesurfer/average/711-2C_as_mni_average_305.4dfp.img
       256       256       256         1
  1.000000  1.000000  1.000000
orientation T byte_order littleendian
Reading image: /opt/freesurfer/average/711-2C_as_mni_average_305.4dfp.img
dimensions:      256       256       256
mmppix:       1.0000   -1.0000   -1.0000
center:     128.0000 -129.0000 -129.0000
/opt/freesurfer/average/711-2B_as_mni_average_305_mask.4dfp.img
       256       256       256         1
  1.000000  1.000000  1.000000
orientation T byte_order littleendian
Reading mask: /opt/freesurfer/average/711-2B_as_mni_average_305_mask.4dfp.img (2306576 pixels)
talsrcimg_g11.4dfp.img
       256       256       256         1
  1.000000  1.000000  1.000000
orientation T byte_order littleendian
Reading image: talsrcimg_g11.4dfp.img
dimensions:      256       256       256
mmppix:       1.0000   -1.0000   -1.0000
center:     128.0000 -129.0000 -129.0000
fimgreg.f
image alignment mode   2311 decimal      907 hex
parameters
    1.2726   21.5373   14.0844   -6.4502  -25.1244  -15.0883
   -4.2112   -1.8244    1.8906   -3.1957   10.7730    4.6201
eta,q 0.97329 11.45715
niter,ni,del,rscale     5    3    5.0000    0.8000
parameter  4 -0.537017 -> -0.500000 qaram    1.1500
parameters
    1.3429   21.5980   13.9791   -3.6902  -23.7652  -14.1743
   -3.9591   -1.2093    1.8723   -3.6524   11.5888    3.7987
eta,q 0.97411 11.65173
  0.0279  0.0278  0.0273  0.0277  0.0276  0.0286  0.0273  0.0293  0.0269  0.0269  0.0272  0.0263
  0.0273  0.0272  0.0269  0.0274  0.0271  0.0277  0.0266  0.0279  0.0263  0.0263  0.0266  0.0260
  0.0269  0.0268  0.0267  0.0270  0.0266  0.0269  0.0261  0.0267  0.0260  0.0260  0.0262  0.0259
  0.0267  0.0267  0.0267  0.0267  0.0263  0.0262  0.0260  0.0260  0.0259  0.0259  0.0259  0.0259
  0.0268  0.0268  0.0268  0.0264  0.0262  0.0260  0.0261  0.0261  0.0261  0.0261  0.0259  0.0260
  0.0271  0.0271  0.0271  0.0264  0.0263  0.0264  0.0265  0.0268  0.0264  0.0266  0.0261  0.0263
  0.0277  0.0276  0.0274  0.0267  0.0268  0.0275  0.0270  0.0281  0.0269  0.0273  0.0266  0.0268
niter,ni,del,rscale     5    3    5.0000    0.8000
parameters
    1.1628   21.4345   13.9267   -4.6437  -23.4313  -13.4539
   -4.0051   -1.4776    1.9132   -4.1980   12.0998    3.3790
eta,q 0.97437 11.65567
  0.0271  0.0268  0.0267  0.0271  0.0270  0.0284  0.0268  0.0282  0.0266  0.0266  0.0267  0.0261
  0.0264  0.0262  0.0262  0.0266  0.0265  0.0275  0.0262  0.0268  0.0261  0.0260  0.0262  0.0258
  0.0260  0.0259  0.0259  0.0261  0.0261  0.0266  0.0258  0.0259  0.0258  0.0257  0.0258  0.0257
  0.0259  0.0259  0.0259  0.0259  0.0259  0.0259  0.0257  0.0257  0.0257  0.0257  0.0256  0.0256
  0.0262  0.0261  0.0260  0.0262  0.0259  0.0256  0.0258  0.0262  0.0258  0.0259  0.0257  0.0257
  0.0268  0.0265  0.0263  0.0272  0.0262  0.0262  0.0262  0.0273  0.0261  0.0264  0.0259  0.0259
  0.0278  0.0272  0.0268  0.0288  0.0268  0.0276  0.0268  0.0287  0.0265  0.0272  0.0264  0.0264
niter,ni,del,rscale     4    3    5.0000    0.7000
parameters
    1.1430   21.3550   14.0676   -4.8505  -23.2146  -12.9292
   -3.9813   -1.6414    1.8111   -4.5581   12.3315    3.1909
eta,q 0.97453 11.67354
  0.0268  0.0264  0.0265  0.0269  0.0265  0.0278  0.0264  0.0276  0.0262  0.0263  0.0263  0.0259
  0.0262  0.0259  0.0260  0.0264  0.0261  0.0270  0.0259  0.0264  0.0258  0.0258  0.0259  0.0257
  0.0258  0.0257  0.0257  0.0259  0.0258  0.0262  0.0256  0.0257  0.0256  0.0255  0.0256  0.0255
  0.0256  0.0256  0.0256  0.0256  0.0256  0.0256  0.0255  0.0255  0.0255  0.0255  0.0255  0.0255
  0.0258  0.0258  0.0257  0.0257  0.0256  0.0255  0.0256  0.0259  0.0256  0.0257  0.0255  0.0255
  0.0262  0.0261  0.0259  0.0263  0.0259  0.0260  0.0259  0.0267  0.0258  0.0260  0.0258  0.0257
  0.0269  0.0266  0.0262  0.0274  0.0264  0.0273  0.0264  0.0279  0.0262  0.0266  0.0261  0.0260
niter,ni,del,rscale     3    3    5.0000    0.6000
parameters
    1.1080   21.2585   14.2445   -4.8923  -23.0834  -12.4964
   -3.9091   -1.7540    1.7466   -4.9129   12.4164    3.1888
eta,q 0.97465 11.69237
  0.0263  0.0260  0.0262  0.0265  0.0261  0.0273  0.0261  0.0271  0.0259  0.0260  0.0260  0.0257
  0.0259  0.0257  0.0258  0.0261  0.0258  0.0266  0.0257  0.0261  0.0256  0.0256  0.0256  0.0255
  0.0256  0.0255  0.0256  0.0257  0.0256  0.0259  0.0254  0.0255  0.0254  0.0254  0.0254  0.0254
  0.0255  0.0255  0.0255  0.0255  0.0255  0.0255  0.0254  0.0254  0.0254  0.0254  0.0254  0.0254
  0.0256  0.0256  0.0255  0.0255  0.0255  0.0254  0.0254  0.0256  0.0254  0.0255  0.0254  0.0254
  0.0259  0.0258  0.0256  0.0260  0.0257  0.0258  0.0256  0.0263  0.0256  0.0258  0.0256  0.0255
  0.0265  0.0262  0.0259  0.0267  0.0261  0.0268  0.0260  0.0273  0.0259  0.0263  0.0259  0.0257
niter,ni,del,rscale     2    3    5.0000    0.5000
parameters
    1.0686   21.1531   14.4319   -4.9171  -22.9556  -12.1292
   -3.8284   -1.8456    1.7338   -5.2352   12.4041    3.3117
eta,q 0.97474 11.71158
  0.0259  0.0257  0.0259  0.0261  0.0258  0.0268  0.0258  0.0265  0.0256  0.0257  0.0257  0.0255
  0.0256  0.0255  0.0256  0.0258  0.0256  0.0262  0.0255  0.0258  0.0254  0.0254  0.0255  0.0254
  0.0254  0.0254  0.0254  0.0255  0.0254  0.0257  0.0253  0.0254  0.0253  0.0253  0.0253  0.0253
  0.0254  0.0254  0.0253  0.0253  0.0253  0.0253  0.0253  0.0253  0.0253  0.0253  0.0253  0.0253
  0.0254  0.0254  0.0253  0.0254  0.0254  0.0253  0.0253  0.0255  0.0253  0.0254  0.0253  0.0253
  0.0257  0.0256  0.0254  0.0257  0.0255  0.0256  0.0255  0.0259  0.0254  0.0256  0.0255  0.0253
  0.0261  0.0259  0.0256  0.0263  0.0258  0.0264  0.0257  0.0267  0.0257  0.0259  0.0257  0.0255
niter,ni,del,rscale     1    3    5.0000    0.4000
parameters
    1.0255   21.0466   14.5986   -4.9365  -22.8312  -11.8340
   -3.7651   -1.9166    1.7374   -5.5433   12.3671    3.4271
eta,q 0.97480 11.72939
  0.0256  0.0255  0.0256  0.0258  0.0256  0.0263  0.0255  0.0260  0.0254  0.0255  0.0255  0.0254
  0.0254  0.0253  0.0254  0.0255  0.0254  0.0259  0.0253  0.0256  0.0253  0.0253  0.0253  0.0253
  0.0253  0.0253  0.0253  0.0253  0.0253  0.0255  0.0252  0.0253  0.0252  0.0252  0.0252  0.0252
  0.0253  0.0253  0.0253  0.0252  0.0252  0.0252  0.0252  0.0252  0.0252  0.0252  0.0252  0.0252
  0.0253  0.0253  0.0252  0.0253  0.0253  0.0252  0.0252  0.0253  0.0252  0.0253  0.0252  0.0252
  0.0255  0.0254  0.0253  0.0255  0.0253  0.0255  0.0253  0.0256  0.0253  0.0254  0.0253  0.0253
  0.0257  0.0256  0.0254  0.0259  0.0255  0.0260  0.0255  0.0261  0.0254  0.0256  0.0255  0.0253
registration optimization eta report
parameter search radius
    0.8000    0.8000    0.8000    2.7600    2.4000    2.4000
    2.4000    2.4000    2.4000    2.4000    2.4000    2.4000
100000*second partial in parameter space
       65.       45.       43.        8.        5.       16.
        5.       15.        4.        6.        5.        3.
  0.0256  0.0255  0.0256  0.0258  0.0256  0.0263  0.0255  0.0260  0.0254  0.0255  0.0255  0.0254
  0.0254  0.0253  0.0254  0.0255  0.0254  0.0259  0.0253  0.0256  0.0253  0.0253  0.0253  0.0253
  0.0253  0.0253  0.0253  0.0253  0.0253  0.0255  0.0252  0.0253  0.0252  0.0252  0.0252  0.0252
  0.0253  0.0253  0.0253  0.0252  0.0252  0.0252  0.0252  0.0252  0.0252  0.0252  0.0252  0.0252
  0.0253  0.0253  0.0252  0.0253  0.0253  0.0252  0.0252  0.0253  0.0252  0.0253  0.0252  0.0252
  0.0255  0.0254  0.0253  0.0255  0.0253  0.0255  0.0253  0.0256  0.0253  0.0254  0.0253  0.0253
  0.0257  0.0256  0.0254  0.0259  0.0255  0.0260  0.0255  0.0261  0.0254  0.0256  0.0255  0.0253
    1.0255   21.0466   14.5986   -4.9365  -22.8312  -11.8340
   -3.7651   -1.9166    1.7374   -5.5433   12.3671    3.4271
eta,q 0.97480 11.72939

---------------------------------------------------------------------
imgreg_4dfp /opt/freesurfer/average/711-2C_as_mni_average_305 /opt/freesurfer/average/711-2B_as_mni_average_305_mask talsrcimg_g11 none talsrcimg_to_711-2C_as_mni_average_305_t4 2311
---------------------------------------------------------------------

freesurfer imgreg_4dfp.c
/opt/freesurfer/average/711-2C_as_mni_average_305.4dfp.img
       256       256       256         1
  1.000000  1.000000  1.000000
orientation T byte_order littleendian
Reading image: /opt/freesurfer/average/711-2C_as_mni_average_305.4dfp.img
dimensions:      256       256       256
mmppix:       1.0000   -1.0000   -1.0000
center:     128.0000 -129.0000 -129.0000
/opt/freesurfer/average/711-2B_as_mni_average_305_mask.4dfp.img
       256       256       256         1
  1.000000  1.000000  1.000000
orientation T byte_order littleendian
Reading mask: /opt/freesurfer/average/711-2B_as_mni_average_305_mask.4dfp.img (2306576 pixels)
talsrcimg_g11.4dfp.img
       256       256       256         1
  1.000000  1.000000  1.000000
orientation T byte_order littleendian
Reading image: talsrcimg_g11.4dfp.img
dimensions:      256       256       256
mmppix:       1.0000   -1.0000   -1.0000
center:     128.0000 -129.0000 -129.0000
fimgreg.f
image alignment mode   2311 decimal      907 hex
parameters
    1.0255   21.0466   14.5986   -4.9365  -22.8312  -11.8340
   -3.7651   -1.9166    1.7374   -5.5433   12.3671    3.4271
eta,q 0.97480 11.72939
niter,ni,del,rscale     5    3    5.0000    0.8000
parameters
    0.9511   20.9449   14.7516   -5.4387  -23.1684  -12.1418
   -3.7013   -2.0607    1.7144   -5.5135   12.2352    3.8549
eta,q 0.97471 11.69696
  0.0267  0.0262  0.0265  0.0263  0.0261  0.0277  0.0264  0.0279  0.0262  0.0266  0.0261  0.0260
  0.0259  0.0256  0.0258  0.0258  0.0257  0.0268  0.0258  0.0265  0.0257  0.0259  0.0257  0.0257
  0.0254  0.0253  0.0254  0.0254  0.0254  0.0259  0.0254  0.0256  0.0254  0.0254  0.0254  0.0254
  0.0252  0.0252  0.0252  0.0252  0.0252  0.0252  0.0253  0.0253  0.0253  0.0253  0.0253  0.0253
  0.0254  0.0254  0.0252  0.0254  0.0253  0.0255  0.0254  0.0257  0.0254  0.0255  0.0254  0.0253
  0.0260  0.0258  0.0256  0.0261  0.0258  0.0267  0.0258  0.0267  0.0257  0.0259  0.0257  0.0255
  0.0270  0.0265  0.0261  0.0272  0.0266  0.0292  0.0264  0.0282  0.0262  0.0266  0.0263  0.0258
niter,ni,del,rscale     4    3    5.0000    0.7000
parameters
    0.9641   20.9439   14.6886   -5.1795  -23.0390  -12.1663
   -3.6647   -1.9899    1.7466   -5.5828   12.2607    3.8346
eta,q 0.97474 11.71037
  0.0265  0.0261  0.0260  0.0264  0.0261  0.0274  0.0262  0.0276  0.0260  0.0262  0.0260  0.0257
  0.0258  0.0257  0.0256  0.0260  0.0257  0.0266  0.0256  0.0264  0.0256  0.0257  0.0256  0.0255
  0.0254  0.0254  0.0253  0.0256  0.0254  0.0258  0.0253  0.0256  0.0253  0.0254  0.0254  0.0253
  0.0253  0.0253  0.0253  0.0253  0.0253  0.0253  0.0253  0.0253  0.0253  0.0253  0.0253  0.0253
  0.0254  0.0254  0.0254  0.0253  0.0253  0.0253  0.0254  0.0255  0.0253  0.0254  0.0253  0.0253
  0.0258  0.0257  0.0257  0.0256  0.0255  0.0262  0.0256  0.0263  0.0256  0.0257  0.0256  0.0255
  0.0265  0.0261  0.0261  0.0263  0.0261  0.0279  0.0261  0.0274  0.0259  0.0263  0.0260  0.0258
niter,ni,del,rscale     3    3    5.0000    0.6000
parameters
    0.9761   20.9229   14.6681   -5.0391  -22.9011  -12.0321
   -3.6760   -1.9586    1.7534   -5.7014   12.3049    3.7578
eta,q 0.97479 11.72392
  0.0262  0.0259  0.0258  0.0261  0.0259  0.0271  0.0259  0.0270  0.0257  0.0259  0.0258  0.0256
  0.0257  0.0255  0.0255  0.0258  0.0256  0.0264  0.0255  0.0261  0.0254  0.0255  0.0255  0.0254
  0.0254  0.0253  0.0253  0.0255  0.0254  0.0257  0.0253  0.0254  0.0253  0.0253  0.0253  0.0253
  0.0253  0.0253  0.0253  0.0253  0.0252  0.0252  0.0252  0.0252  0.0252  0.0252  0.0252  0.0252
  0.0253  0.0253  0.0253  0.0253  0.0253  0.0253  0.0253  0.0254  0.0253  0.0253  0.0253  0.0252
  0.0256  0.0256  0.0255  0.0256  0.0255  0.0259  0.0255  0.0260  0.0254  0.0256  0.0255  0.0254
  0.0261  0.0259  0.0259  0.0261  0.0259  0.0271  0.0259  0.0270  0.0257  0.0260  0.0258  0.0256
niter,ni,del,rscale     2    3    5.0000    0.5000
parameters
    0.9756   20.8882   14.7026   -4.9706  -22.7887  -11.8511
   -3.6710   -1.9664    1.7511   -5.8262   12.3060    3.7242
eta,q 0.97482 11.73661
  0.0258  0.0256  0.0257  0.0259  0.0257  0.0267  0.0257  0.0265  0.0256  0.0257  0.0256  0.0254
  0.0255  0.0254  0.0254  0.0256  0.0255  0.0261  0.0254  0.0258  0.0253  0.0254  0.0254  0.0253
  0.0253  0.0253  0.0253  0.0253  0.0253  0.0255  0.0252  0.0253  0.0252  0.0252  0.0252  0.0252
  0.0252  0.0252  0.0252  0.0252  0.0252  0.0252  0.0252  0.0252  0.0252  0.0252  0.0252  0.0252
  0.0253  0.0253  0.0252  0.0252  0.0252  0.0252  0.0252  0.0253  0.0252  0.0253  0.0252  0.0252
  0.0255  0.0254  0.0254  0.0255  0.0254  0.0257  0.0254  0.0258  0.0253  0.0255  0.0254  0.0253
  0.0259  0.0257  0.0256  0.0259  0.0257  0.0265  0.0256  0.0265  0.0256  0.0258  0.0256  0.0254
niter,ni,del,rscale     1    3    5.0000    0.4000
parameters
    0.9642   20.8522   14.7725   -4.9514  -22.6952  -11.6714
   -3.6563   -1.9897    1.7620   -5.9524   12.2653    3.7489
eta,q 0.97485 11.74792
  0.0256  0.0254  0.0255  0.0256  0.0255  0.0262  0.0255  0.0260  0.0254  0.0255  0.0254  0.0253
  0.0254  0.0253  0.0253  0.0254  0.0253  0.0258  0.0253  0.0255  0.0253  0.0253  0.0253  0.0252
  0.0252  0.0252  0.0252  0.0253  0.0252  0.0254  0.0252  0.0252  0.0252  0.0252  0.0252  0.0252
  0.0252  0.0252  0.0252  0.0252  0.0252  0.0252  0.0252  0.0252  0.0252  0.0252  0.0252  0.0252
  0.0252  0.0252  0.0252  0.0252  0.0252  0.0252  0.0252  0.0253  0.0252  0.0252  0.0252  0.0252
  0.0254  0.0253  0.0253  0.0254  0.0253  0.0255  0.0253  0.0256  0.0253  0.0253  0.0253  0.0252
  0.0256  0.0255  0.0254  0.0256  0.0255  0.0260  0.0255  0.0260  0.0254  0.0255  0.0254  0.0253
registration optimization eta report
parameter search radius
    0.8000    0.8000    0.8000    2.4000    2.4000    2.4000
    2.4000    2.4000    2.4000    2.4000    2.4000    2.4000
100000*second partial in parameter space
       65.       46.       45.        8.        5.       17.
        5.       15.        4.        6.        5.        3.
  0.0256  0.0254  0.0255  0.0256  0.0255  0.0262  0.0255  0.0260  0.0254  0.0255  0.0254  0.0253
  0.0254  0.0253  0.0253  0.0254  0.0253  0.0258  0.0253  0.0255  0.0253  0.0253  0.0253  0.0252
  0.0252  0.0252  0.0252  0.0253  0.0252  0.0254  0.0252  0.0252  0.0252  0.0252  0.0252  0.0252
  0.0252  0.0252  0.0252  0.0252  0.0252  0.0252  0.0252  0.0252  0.0252  0.0252  0.0252  0.0252
  0.0252  0.0252  0.0252  0.0252  0.0252  0.0252  0.0252  0.0253  0.0252  0.0252  0.0252  0.0252
  0.0254  0.0253  0.0253  0.0254  0.0253  0.0255  0.0253  0.0256  0.0253  0.0253  0.0253  0.0252
  0.0256  0.0255  0.0254  0.0256  0.0255  0.0260  0.0255  0.0260  0.0254  0.0255  0.0254  0.0253
    0.9642   20.8522   14.7725   -4.9514  -22.6952  -11.6714
   -3.6563   -1.9897    1.7620   -5.9524   12.2653    3.7489
eta,q 0.97485 11.74792

---------------------------------------------------------------------
compute_vox2vox talsrcimg talsrcimg_to_711-2C_as_mni_average_305_t4 /opt/freesurfer/average/711-2C_as_mni_average_305
---------------------------------------------------------------------

freesurfer compute_vox2vox.c
Reading: talsrcimg.4dfp.ifh
Reading: talsrcimg_to_711-2C_as_mni_average_305_t4
Reading: /opt/freesurfer/average/711-2C_as_mni_average_305.4dfp.ifh
Writing: talsrcimg_to_711-2C_as_mni_average_305_t4_vox2vox.txt

start time Tue Mar 10 22:31:32 CET 2026
end		time Tue Mar 10 22:33:02 CET 2026

mpr2mni305 success

avi2talxfm orig_nu.mgz /opt/freesurfer/average/mni305.cor.mgz talsrcimg_to_711-2C_as_mni_average_305_t4_vox2vox.txt transforms/talairach.auto.xfm
avi2talxfm done
mv -f /out/sourcedata/freesurfer/sub-v2s12x28857_ses-1/mri/talsrcimg_to_711-2C_as_mni_average_305_t4_vox2vox.txt /out/sourcedata/freesurfer/sub-v2s12x28857_ses-1/mri/transforms/talsrcimg_to_711-2C_as_mni_average_305_t4_vox2vox.txt
lta_convert --src orig_nu.mgz --trg /opt/freesurfer/average/mni305.cor.mgz --inxfm transforms/talairach.auto.xfm --outlta transforms/talairach.auto.xfm.lta --subject fsaverage
7.3.2

--src: orig_nu.mgz src image (geometry).
--trg: /opt/freesurfer/average/mni305.cor.mgz trg image (geometry).
--inmni: transforms/talairach.auto.xfm input MNI/XFM transform.
--outlta: transforms/talairach.auto.xfm.lta output LTA.
--s: fsaverage subject name
 LTA read, type : 1
 1.04773   0.02685   0.04825  -8.52138;
-0.14400   1.12476  -0.06136  -16.08601;
-0.03497   0.08599   1.28776  -28.35785;
 0.00000   0.00000   0.00000   1.00000;
setting subject to fsaverage
Writing  LTA to file transforms/talairach.auto.xfm.lta...
lta_convert successful.
 
 
Started at Tue Mar 10 22:31:32 CET 2026
Ended   at Tue Mar 10 22:33:02 CET 2026
talairach_avi done
