status file for recon-all
Tue Mar 10 22:29:49 CET 2026
#@# MotionCor Tue Mar 10 22:29:51 CET 2026
#@# Talairach Tue Mar 10 22:29:56 CET 2026
#@# Talairach Failure Detection Tue Mar 10 22:32:47 CET 2026
#@# Nu Intensity Correction Tue Mar 10 22:32:47 CET 2026
#@# Intensity Normalization Tue Mar 10 22:35:35 CET 2026
recon-all -s sub-v2s12x28865_ses-1 finished without error at Tue Mar 10 22:36:35 CET 2026



#New# invocation of recon-all 



status file for recon-all
Tue Mar 10 22:42:29 CET 2026
#@# EM Registration Tue Mar 10 22:42:29 CET 2026
recon-all -s sub-v2s12x28865_ses-1 finished without error at Tue Mar 10 22:43:45 CET 2026



#New# invocation of recon-all 



status file for recon-all
Tue Mar 10 22:43:48 CET 2026
#@# CA Normalize Tue Mar 10 22:43:48 CET 2026
#@# CA Reg Tue Mar 10 22:44:42 CET 2026
#@# SubCort Seg Tue Mar 10 23:16:47 CET 2026
#@# CC Seg Tue Mar 10 23:38:42 CET 2026
#@# Merge ASeg Tue Mar 10 23:38:59 CET 2026
#@# Intensity Normalization2 Tue Mar 10 23:38:59 CET 2026
#@# Mask BFS Tue Mar 10 23:40:24 CET 2026
#@# WM Segmentation Tue Mar 10 23:40:25 CET 2026
#@# Fill Tue Mar 10 23:42:01 CET 2026
recon-all -s sub-v2s12x28865_ses-1 finished without error at Tue Mar 10 23:42:39 CET 2026



#New# invocation of recon-all 



status file for recon-all
Wed Mar 11 00:22:46 CET 2026
#@# white curv lh Wed Mar 11 00:22:46 CET 2026
#@# white area lh Wed Mar 11 00:22:46 CET 2026
#@# pial curv lh Wed Mar 11 00:22:46 CET 2026
#@# pial area lh Wed Mar 11 00:22:46 CET 2026
#@# thickness lh Wed Mar 11 00:22:46 CET 2026
#@# area and vertex vol lh Wed Mar 11 00:22:46 CET 2026
#@# white curv rh Wed Mar 11 00:22:46 CET 2026
#@# white area rh Wed Mar 11 00:22:46 CET 2026
#@# pial curv rh Wed Mar 11 00:22:46 CET 2026
#@# pial area rh Wed Mar 11 00:22:46 CET 2026
#@# thickness rh Wed Mar 11 00:22:46 CET 2026
#@# area and vertex vol rh Wed Mar 11 00:22:46 CET 2026
#@# Cortical ribbon mask Wed Mar 11 00:22:46 CET 2026
recon-all -s sub-v2s12x28865_ses-1 finished without error at Wed Mar 11 00:30:25 CET 2026



#New# invocation of recon-all 



status file for recon-all
Wed Mar 11 00:35:54 CET 2026
#@# white curv lh Wed Mar 11 00:35:54 CET 2026
#@# white area lh Wed Mar 11 00:35:54 CET 2026
#@# pial curv lh Wed Mar 11 00:35:54 CET 2026
#@# pial area lh Wed Mar 11 00:35:54 CET 2026
#@# thickness lh Wed Mar 11 00:35:54 CET 2026
#@# area and vertex vol lh Wed Mar 11 00:35:54 CET 2026
#@# white curv rh Wed Mar 11 00:35:54 CET 2026
#@# white area rh Wed Mar 11 00:35:54 CET 2026
#@# pial curv rh Wed Mar 11 00:35:54 CET 2026
#@# pial area rh Wed Mar 11 00:35:54 CET 2026
#@# thickness rh Wed Mar 11 00:35:54 CET 2026
#@# area and vertex vol rh Wed Mar 11 00:35:54 CET 2026
#@# Curvature Stats lh Wed Mar 11 00:35:54 CET 2026
#@# Curvature Stats rh Wed Mar 11 00:35:56 CET 2026
#@# Relabel Hypointensities Wed Mar 11 00:35:58 CET 2026
#@# APas-to-ASeg Wed Mar 11 00:36:09 CET 2026
#@# AParc-to-ASeg aparc Wed Mar 11 00:36:16 CET 2026
#@# AParc-to-ASeg aparc.a2009s Wed Mar 11 00:36:44 CET 2026
#@# AParc-to-ASeg aparc.DKTatlas Wed Mar 11 00:37:11 CET 2026
#@# WMParc Wed Mar 11 00:37:41 CET 2026
#@# ASeg Stats Wed Mar 11 00:39:28 CET 2026
recon-all -s sub-v2s12x28865_ses-1 finished without error at Wed Mar 11 00:39:45 CET 2026
