status file for recon-all
Wed Mar 11 00:02:25 CET 2026
#@# Tessellate rh Wed Mar 11 00:02:25 CET 2026
#@# Smooth1 rh Wed Mar 11 00:02:28 CET 2026
#@# Inflation1 rh Wed Mar 11 00:02:30 CET 2026
#@# QSphere rh Wed Mar 11 00:02:40 CET 2026
#@# Fix Topology rh Wed Mar 11 00:03:29 CET 2026
#@# Smooth2 rh Wed Mar 11 00:08:33 CET 2026
#@# Inflation2 rh Wed Mar 11 00:08:35 CET 2026
#@# Curv .H and .K rh Wed Mar 11 00:08:45 CET 2026
#@# Sphere rh Wed Mar 11 00:09:28 CET 2026
#@# Surf Reg rh Wed Mar 11 00:12:02 CET 2026
#@# Jacobian white rh Wed Mar 11 00:15:12 CET 2026
#@# AvgCurv rh Wed Mar 11 00:15:13 CET 2026
#@# Cortical Parc rh Wed Mar 11 00:15:14 CET 2026
#@# white curv rh Wed Mar 11 00:21:52 CET 2026
#@# white area rh Wed Mar 11 00:21:53 CET 2026
#@# pial curv rh Wed Mar 11 00:21:53 CET 2026
#@# pial area rh Wed Mar 11 00:21:55 CET 2026
#@# thickness rh Wed Mar 11 00:21:56 CET 2026
#@# area and vertex vol rh Wed Mar 11 00:22:18 CET 2026
#@# Curvature Stats rh Wed Mar 11 00:22:19 CET 2026
#@# Cortical Parc 2 rh Wed Mar 11 00:22:21 CET 2026
#@# Cortical Parc 3 rh Wed Mar 11 00:22:32 CET 2026
#@# WM/GM Contrast rh Wed Mar 11 00:22:40 CET 2026
recon-all -s sub-v2s12x28865_ses-1 finished without error at Wed Mar 11 00:22:43 CET 2026



#New# invocation of recon-all 



status file for recon-all
Wed Mar 11 00:33:10 CET 2026
#@# white curv rh Wed Mar 11 00:33:10 CET 2026
#@# white area rh Wed Mar 11 00:33:10 CET 2026
#@# pial curv rh Wed Mar 11 00:33:10 CET 2026
#@# pial area rh Wed Mar 11 00:33:10 CET 2026
#@# thickness rh Wed Mar 11 00:33:10 CET 2026
#@# area and vertex vol rh Wed Mar 11 00:33:10 CET 2026
#@# Parcellation Stats rh Wed Mar 11 00:33:10 CET 2026
#@# Parcellation Stats 2 rh Wed Mar 11 00:33:28 CET 2026
#@# Parcellation Stats 3 rh Wed Mar 11 00:33:38 CET 2026
#@# BA_exvivo Labels rh Wed Mar 11 00:33:47 CET 2026
recon-all -s sub-v2s12x28865_ses-1 finished without error at Wed Mar 11 00:35:50 CET 2026
