status file for recon-all
Wed Mar 11 02:51:47 CET 2026
#@# Tessellate rh Wed Mar 11 02:51:47 CET 2026
#@# Smooth1 rh Wed Mar 11 02:51:51 CET 2026
#@# Inflation1 rh Wed Mar 11 02:51:54 CET 2026
#@# QSphere rh Wed Mar 11 02:52:10 CET 2026
#@# Fix Topology rh Wed Mar 11 02:53:53 CET 2026
#@# Smooth2 rh Wed Mar 11 03:01:33 CET 2026
#@# Inflation2 rh Wed Mar 11 03:01:37 CET 2026
#@# Curv .H and .K rh Wed Mar 11 03:01:56 CET 2026
#@# Sphere rh Wed Mar 11 03:02:46 CET 2026
#@# Surf Reg rh Wed Mar 11 03:11:55 CET 2026
#@# Jacobian white rh Wed Mar 11 03:19:28 CET 2026
#@# AvgCurv rh Wed Mar 11 03:19:29 CET 2026
#@# Cortical Parc rh Wed Mar 11 03:19:30 CET 2026
#@# white curv rh Wed Mar 11 03:26:46 CET 2026
#@# white area rh Wed Mar 11 03:26:48 CET 2026
#@# pial curv rh Wed Mar 11 03:26:49 CET 2026
#@# pial area rh Wed Mar 11 03:26:51 CET 2026
#@# thickness rh Wed Mar 11 03:26:52 CET 2026
#@# area and vertex vol rh Wed Mar 11 03:27:25 CET 2026
#@# Curvature Stats rh Wed Mar 11 03:27:27 CET 2026
#@# Cortical Parc 2 rh Wed Mar 11 03:27:30 CET 2026
#@# Cortical Parc 3 rh Wed Mar 11 03:27:46 CET 2026
#@# WM/GM Contrast rh Wed Mar 11 03:27:58 CET 2026
recon-all -s sub-v2s12x28879_ses-1 finished without error at Wed Mar 11 03:28:01 CET 2026



#New# invocation of recon-all 



status file for recon-all
Wed Mar 11 03:37:59 CET 2026
#@# white curv rh Wed Mar 11 03:38:00 CET 2026
#@# white area rh Wed Mar 11 03:38:00 CET 2026
#@# pial curv rh Wed Mar 11 03:38:00 CET 2026
#@# pial area rh Wed Mar 11 03:38:00 CET 2026
#@# thickness rh Wed Mar 11 03:38:00 CET 2026
#@# area and vertex vol rh Wed Mar 11 03:38:00 CET 2026
#@# Parcellation Stats rh Wed Mar 11 03:38:00 CET 2026
#@# Parcellation Stats 2 rh Wed Mar 11 03:38:20 CET 2026
#@# Parcellation Stats 3 rh Wed Mar 11 03:38:32 CET 2026
#@# BA_exvivo Labels rh Wed Mar 11 03:38:42 CET 2026
recon-all -s sub-v2s12x28879_ses-1 finished without error at Wed Mar 11 03:41:38 CET 2026
