status file for recon-all
Wed Mar 11 00:34:27 CET 2026
#@# MotionCor Wed Mar 11 00:34:28 CET 2026
#@# Talairach Wed Mar 11 00:34:37 CET 2026
#@# Talairach Failure Detection Wed Mar 11 00:39:01 CET 2026
#@# Nu Intensity Correction Wed Mar 11 00:39:01 CET 2026
#@# Intensity Normalization Wed Mar 11 00:42:16 CET 2026
recon-all -s sub-v2s12x28879_ses-1 finished without error at Wed Mar 11 00:43:46 CET 2026



#New# invocation of recon-all 



status file for recon-all
Wed Mar 11 00:51:30 CET 2026
#@# EM Registration Wed Mar 11 00:51:31 CET 2026
recon-all -s sub-v2s12x28879_ses-1 finished without error at Wed Mar 11 00:54:04 CET 2026



#New# invocation of recon-all 



status file for recon-all
Wed Mar 11 00:54:07 CET 2026
#@# CA Normalize Wed Mar 11 00:54:07 CET 2026
#@# CA Reg Wed Mar 11 00:55:29 CET 2026
#@# SubCort Seg Wed Mar 11 01:47:44 CET 2026
#@# CC Seg Wed Mar 11 02:18:18 CET 2026
#@# Merge ASeg Wed Mar 11 02:19:24 CET 2026
#@# Intensity Normalization2 Wed Mar 11 02:19:24 CET 2026
#@# Mask BFS Wed Mar 11 02:21:45 CET 2026
#@# WM Segmentation Wed Mar 11 02:21:46 CET 2026
#@# Fill Wed Mar 11 02:23:41 CET 2026
recon-all -s sub-v2s12x28879_ses-1 finished without error at Wed Mar 11 02:24:47 CET 2026



#New# invocation of recon-all 



status file for recon-all
Wed Mar 11 03:28:06 CET 2026
#@# white curv lh Wed Mar 11 03:28:06 CET 2026
#@# white area lh Wed Mar 11 03:28:06 CET 2026
#@# pial curv lh Wed Mar 11 03:28:06 CET 2026
#@# pial area lh Wed Mar 11 03:28:06 CET 2026
#@# thickness lh Wed Mar 11 03:28:06 CET 2026
#@# area and vertex vol lh Wed Mar 11 03:28:06 CET 2026
#@# white curv rh Wed Mar 11 03:28:06 CET 2026
#@# white area rh Wed Mar 11 03:28:06 CET 2026
#@# pial curv rh Wed Mar 11 03:28:06 CET 2026
#@# pial area rh Wed Mar 11 03:28:06 CET 2026
#@# thickness rh Wed Mar 11 03:28:06 CET 2026
#@# area and vertex vol rh Wed Mar 11 03:28:06 CET 2026
#@# Cortical ribbon mask Wed Mar 11 03:28:06 CET 2026
recon-all -s sub-v2s12x28879_ses-1 finished without error at Wed Mar 11 03:34:25 CET 2026



#New# invocation of recon-all 



status file for recon-all
Wed Mar 11 03:41:43 CET 2026
#@# white curv lh Wed Mar 11 03:41:44 CET 2026
#@# white area lh Wed Mar 11 03:41:44 CET 2026
#@# pial curv lh Wed Mar 11 03:41:44 CET 2026
#@# pial area lh Wed Mar 11 03:41:44 CET 2026
#@# thickness lh Wed Mar 11 03:41:44 CET 2026
#@# area and vertex vol lh Wed Mar 11 03:41:44 CET 2026
#@# white curv rh Wed Mar 11 03:41:44 CET 2026
#@# white area rh Wed Mar 11 03:41:44 CET 2026
#@# pial curv rh Wed Mar 11 03:41:44 CET 2026
#@# pial area rh Wed Mar 11 03:41:44 CET 2026
#@# thickness rh Wed Mar 11 03:41:44 CET 2026
#@# area and vertex vol rh Wed Mar 11 03:41:44 CET 2026
#@# Curvature Stats lh Wed Mar 11 03:41:44 CET 2026
#@# Curvature Stats rh Wed Mar 11 03:41:47 CET 2026
#@# Relabel Hypointensities Wed Mar 11 03:41:50 CET 2026
#@# APas-to-ASeg Wed Mar 11 03:42:07 CET 2026
#@# AParc-to-ASeg aparc Wed Mar 11 03:42:15 CET 2026
#@# AParc-to-ASeg aparc.a2009s Wed Mar 11 03:43:00 CET 2026
#@# AParc-to-ASeg aparc.DKTatlas Wed Mar 11 03:43:56 CET 2026
#@# WMParc Wed Mar 11 03:44:46 CET 2026
#@# ASeg Stats Wed Mar 11 03:48:33 CET 2026
recon-all -s sub-v2s12x28879_ses-1 finished without error at Wed Mar 11 03:49:13 CET 2026
