status file for recon-all
Wed Mar 11 00:47:53 CET 2026
#@# MotionCor Wed Mar 11 00:47:55 CET 2026
#@# Talairach Wed Mar 11 00:48:02 CET 2026
#@# Talairach Failure Detection Wed Mar 11 00:52:26 CET 2026
#@# Nu Intensity Correction Wed Mar 11 00:52:26 CET 2026
#@# Intensity Normalization Wed Mar 11 00:55:39 CET 2026
recon-all -s sub-v2s12x28880_ses-1 finished without error at Wed Mar 11 00:57:08 CET 2026



#New# invocation of recon-all 



status file for recon-all
Wed Mar 11 01:04:27 CET 2026
#@# EM Registration Wed Mar 11 01:04:27 CET 2026
recon-all -s sub-v2s12x28880_ses-1 finished without error at Wed Mar 11 01:06:15 CET 2026



#New# invocation of recon-all 



status file for recon-all
Wed Mar 11 01:06:18 CET 2026
#@# CA Normalize Wed Mar 11 01:06:19 CET 2026
#@# CA Reg Wed Mar 11 01:07:41 CET 2026
#@# SubCort Seg Wed Mar 11 01:54:34 CET 2026
#@# CC Seg Wed Mar 11 02:22:19 CET 2026
#@# Merge ASeg Wed Mar 11 02:22:58 CET 2026
#@# Intensity Normalization2 Wed Mar 11 02:22:58 CET 2026
#@# Mask BFS Wed Mar 11 02:25:15 CET 2026
#@# WM Segmentation Wed Mar 11 02:25:16 CET 2026
#@# Fill Wed Mar 11 02:27:12 CET 2026
recon-all -s sub-v2s12x28880_ses-1 finished without error at Wed Mar 11 02:28:16 CET 2026



#New# invocation of recon-all 



status file for recon-all
Wed Mar 11 03:12:34 CET 2026
#@# white curv lh Wed Mar 11 03:12:34 CET 2026
#@# white area lh Wed Mar 11 03:12:34 CET 2026
#@# pial curv lh Wed Mar 11 03:12:34 CET 2026
#@# pial area lh Wed Mar 11 03:12:34 CET 2026
#@# thickness lh Wed Mar 11 03:12:34 CET 2026
#@# area and vertex vol lh Wed Mar 11 03:12:34 CET 2026
#@# white curv rh Wed Mar 11 03:12:34 CET 2026
#@# white area rh Wed Mar 11 03:12:34 CET 2026
#@# pial curv rh Wed Mar 11 03:12:34 CET 2026
#@# pial area rh Wed Mar 11 03:12:34 CET 2026
#@# thickness rh Wed Mar 11 03:12:34 CET 2026
#@# area and vertex vol rh Wed Mar 11 03:12:34 CET 2026
#@# Cortical ribbon mask Wed Mar 11 03:12:34 CET 2026
recon-all -s sub-v2s12x28880_ses-1 finished without error at Wed Mar 11 03:16:49 CET 2026



#New# invocation of recon-all 



status file for recon-all
Wed Mar 11 03:23:06 CET 2026
#@# white curv lh Wed Mar 11 03:23:06 CET 2026
#@# white area lh Wed Mar 11 03:23:06 CET 2026
#@# pial curv lh Wed Mar 11 03:23:06 CET 2026
#@# pial area lh Wed Mar 11 03:23:06 CET 2026
#@# thickness lh Wed Mar 11 03:23:06 CET 2026
#@# area and vertex vol lh Wed Mar 11 03:23:06 CET 2026
#@# white curv rh Wed Mar 11 03:23:06 CET 2026
#@# white area rh Wed Mar 11 03:23:06 CET 2026
#@# pial curv rh Wed Mar 11 03:23:06 CET 2026
#@# pial area rh Wed Mar 11 03:23:06 CET 2026
#@# thickness rh Wed Mar 11 03:23:06 CET 2026
#@# area and vertex vol rh Wed Mar 11 03:23:06 CET 2026
#@# Curvature Stats lh Wed Mar 11 03:23:06 CET 2026
#@# Curvature Stats rh Wed Mar 11 03:23:08 CET 2026
#@# Relabel Hypointensities Wed Mar 11 03:23:10 CET 2026
#@# APas-to-ASeg Wed Mar 11 03:23:25 CET 2026
#@# AParc-to-ASeg aparc Wed Mar 11 03:23:33 CET 2026
#@# AParc-to-ASeg aparc.a2009s Wed Mar 11 03:24:11 CET 2026
#@# AParc-to-ASeg aparc.DKTatlas Wed Mar 11 03:24:56 CET 2026
#@# WMParc Wed Mar 11 03:25:39 CET 2026
#@# ASeg Stats Wed Mar 11 03:29:14 CET 2026
recon-all -s sub-v2s12x28880_ses-1 finished without error at Wed Mar 11 03:29:52 CET 2026
