status file for recon-all
Wed Mar 11 02:28:19 CET 2026
#@# Tessellate lh Wed Mar 11 02:28:19 CET 2026
#@# Smooth1 lh Wed Mar 11 02:28:23 CET 2026
#@# Inflation1 lh Wed Mar 11 02:28:25 CET 2026
#@# QSphere lh Wed Mar 11 02:28:39 CET 2026
#@# Fix Topology lh Wed Mar 11 02:29:42 CET 2026
#@# Smooth2 lh Wed Mar 11 02:35:29 CET 2026
#@# Inflation2 lh Wed Mar 11 02:35:32 CET 2026
#@# Curv .H and .K lh Wed Mar 11 02:35:44 CET 2026
#@# Sphere lh Wed Mar 11 02:36:27 CET 2026
#@# Surf Reg lh Wed Mar 11 02:40:25 CET 2026
#@# Jacobian white lh Wed Mar 11 02:43:48 CET 2026
#@# AvgCurv lh Wed Mar 11 02:43:48 CET 2026
#@# Cortical Parc lh Wed Mar 11 02:43:49 CET 2026
#@# white curv lh Wed Mar 11 02:50:09 CET 2026
#@# white area lh Wed Mar 11 02:50:11 CET 2026
#@# pial curv lh Wed Mar 11 02:50:12 CET 2026
#@# pial area lh Wed Mar 11 02:50:13 CET 2026
#@# thickness lh Wed Mar 11 02:50:14 CET 2026
#@# area and vertex vol lh Wed Mar 11 02:50:41 CET 2026
#@# Curvature Stats lh Wed Mar 11 02:50:42 CET 2026
#@# Cortical Parc 2 lh Wed Mar 11 02:50:44 CET 2026
#@# Cortical Parc 3 lh Wed Mar 11 02:50:57 CET 2026
#@# WM/GM Contrast lh Wed Mar 11 02:51:07 CET 2026
recon-all -s sub-v2s12x28880_ses-1 finished without error at Wed Mar 11 02:51:10 CET 2026



#New# invocation of recon-all 



status file for recon-all
Wed Mar 11 03:16:55 CET 2026
#@# white curv lh Wed Mar 11 03:16:55 CET 2026
#@# white area lh Wed Mar 11 03:16:55 CET 2026
#@# pial curv lh Wed Mar 11 03:16:55 CET 2026
#@# pial area lh Wed Mar 11 03:16:55 CET 2026
#@# thickness lh Wed Mar 11 03:16:55 CET 2026
#@# area and vertex vol lh Wed Mar 11 03:16:55 CET 2026
#@# Parcellation Stats lh Wed Mar 11 03:16:55 CET 2026
#@# Parcellation Stats 2 lh Wed Mar 11 03:17:12 CET 2026
#@# Parcellation Stats 3 lh Wed Mar 11 03:17:21 CET 2026
#@# BA_exvivo Labels lh Wed Mar 11 03:17:30 CET 2026
recon-all -s sub-v2s12x28880_ses-1 finished without error at Wed Mar 11 03:19:59 CET 2026
