/out/sourcedata/freesurfer/sub-v2s12x28875_ses-1/mri
/opt/freesurfer/bin/talairach_avi
--i orig_nu.mgz --xfm transforms/talairach.auto.xfm
talairach_avi 7.3.2
Linux dna070 5.14.0-427.37.1.el9_4.x86_64 #1 SMP PREEMPT_DYNAMIC Fri Sep 13 12:41:50 EDT 2024 x86_64 x86_64 x86_64 GNU/Linux
Tue Mar 10 22:56:28 CET 2026
mri_convert orig_nu.mgz talsrcimg.img 
reading from orig_nu.mgz...
TR=0.00, TE=0.00, TI=0.00, flip angle=0.00
i_ras = (-1, 0, 0)
j_ras = (0, 0, -1)
k_ras = (0, 1, 0)
writing to talsrcimg.img...
Analyze Output Matrix
-1.00000   0.00000   0.00000   122.93720;
 0.00000   0.00000   1.00000  -128.50000;
 0.00000  -1.00000   0.00000   115.90601;
 0.00000   0.00000   0.00000   1.00000;
--------------------
INFO: set hdr.hist.orient to -1
mpr2mni305 talsrcimg
Tue Mar 10 22:56:29 CET 2026
/opt/freesurfer/bin/mpr2mni305 talsrcimg
mpr2mni305 7.3.2
target=711-2C_as_mni_average_305

---------------------------------------------------------------------
analyzeto4dfp talsrcimg -O0 -y
---------------------------------------------------------------------

freesurfer ifh2hdr.c
Tue Mar 10 22:56:29 2026
Writing: talsrcimg.4dfp.hdr
freesurfer analyzeto4dfp.c
Reading: talsrcimg.hdr
header size 348 bytes
hdr.dime.datatype	offset=70	value=2
hdr.dime.bitpix		offset=72	value=8
hdr.hist.orient		offset=252	value=-1
dimensionality     4
dimensions       256       256       256         1
Reading: talsrcimg.img
Writing: talsrcimg.4dfp.img
Writing: talsrcimg.4dfp.ifh
ifh2hdr talsrcimg -r0to236
ori=2

---------------------------------------------------------------------
gauss_4dfp talsrcimg 1.1
---------------------------------------------------------------------

freesurfer gauss_4dfp.c
Reading: talsrcimg.4dfp.img
Writing: talsrcimg_g11.4dfp.img
image dimensions 256 256 256 padded to 288 288 288
processing volume 1freesurfer ifh2hdr.c
Tue Mar 10 22:56:30 2026
Writing: talsrcimg_g11.4dfp.hdr

Writing: talsrcimg_g11.4dfp.ifh
including: talsrcimg.4dfp.img.rec in talsrcimg_g11.4dfp.img.rec

---------------------------------------------------------------------
imgreg_4dfp /opt/freesurfer/average/711-2C_as_mni_average_305 none talsrcimg_g11 none talsrcimg_to_711-2C_as_mni_average_305_t4 4355
---------------------------------------------------------------------

freesurfer imgreg_4dfp.c
/opt/freesurfer/average/711-2C_as_mni_average_305.4dfp.img
       256       256       256         1
  1.000000  1.000000  1.000000
orientation T byte_order littleendian
Reading image: /opt/freesurfer/average/711-2C_as_mni_average_305.4dfp.img
dimensions:      256       256       256
mmppix:       1.0000   -1.0000   -1.0000
center:     128.0000 -129.0000 -129.0000
talsrcimg_g11.4dfp.img
       256       256       256         1
  1.000000  1.000000  1.000000
orientation T byte_order littleendian
Reading image: talsrcimg_g11.4dfp.img
dimensions:      256       256       256
mmppix:       1.0000   -1.0000   -1.0000
center:     128.0000 -129.0000 -129.0000
t4_read: open error in t4_sub.f l:  41 t4_file(1:l)talsrcimg_to_711-2C_as_mni_average_305_t4 
t4_read: transform initialized to I4
rotation matrix determinant  1.000000
image alignment mode   4355 decimal     1103 hex
   -7.5000  -45.0000  -45.0000 4541.6162   26.7415
    0.0000  -45.0000  -45.0000 4846.1851   26.7775
    7.5000  -45.0000  -45.0000 4729.5322   26.8447
   -7.5000  -37.5000  -45.0000 5067.1987   26.0295
    0.0000  -37.5000  -45.0000 5401.2661   26.0645
    7.5000  -37.5000  -45.0000 5282.7944   26.1414
   -7.5000  -30.0000  -45.0000 5883.0649   25.4973
    0.0000  -30.0000  -45.0000 6226.0776   25.5303
    7.5000  -30.0000  -45.0000 6088.1416   25.6051
   -7.5000  -22.5000  -45.0000 6774.7861   25.3393
    0.0000  -22.5000  -45.0000 7158.1216   25.3668
    7.5000  -22.5000  -45.0000 7001.5151   25.4254
   -7.5000  -15.0000  -45.0000 7633.2261   25.3352
    0.0000  -15.0000  -45.0000 8045.0322   25.3594
    7.5000  -15.0000  -45.0000 7867.1938   25.4017
   -7.5000   -7.5000  -45.0000 8475.1357   25.4249
    0.0000   -7.5000  -45.0000 8943.3281   25.4510
    7.5000   -7.5000  -45.0000 8733.2529   25.4949
   -7.5000    0.0000  -45.0000 9235.4971   25.5042
    0.0000    0.0000  -45.0000 9760.7773   25.5338
    7.5000    0.0000  -45.0000 9513.9580   25.5928
   -7.5000    7.5000  -45.0000 9255.3428   25.4859
    0.0000    7.5000  -45.0000 9799.6885   25.5187
    7.5000    7.5000  -45.0000 9578.2246   25.5916
   -7.5000   15.0000  -45.0000 9217.9541   25.4038
    0.0000   15.0000  -45.0000 9773.9912   25.4365
    7.5000   15.0000  -45.0000 9523.2715   25.5105
   -7.5000   22.5000  -45.0000 9135.3604   25.3289
    0.0000   22.5000  -45.0000 9656.4287   25.3564
    7.5000   22.5000  -45.0000 9418.3906   25.4149
   -7.5000   30.0000  -45.0000 8965.8223   24.9976
    0.0000   30.0000  -45.0000 9490.2363   25.0215
    7.5000   30.0000  -45.0000 9236.5820   25.0632
   -7.5000   37.5000  -45.0000 9039.9111   25.0861
    0.0000   37.5000  -45.0000 9568.0566   25.1118
    7.5000   37.5000  -45.0000 9311.3340   25.1551
   -7.5000   45.0000  -45.0000 8762.6074   24.5254
    0.0000   45.0000  -45.0000 9264.4092   24.5538
    7.5000   45.0000  -45.0000 9010.5615   24.6105
   -7.5000  -45.0000  -37.5000 4897.1108   26.3871
    0.0000  -45.0000  -37.5000 5221.4087   26.3984
    7.5000  -45.0000  -37.5000 5081.4751   26.4312
   -7.5000  -37.5000  -37.5000 5482.9033   25.6950
    0.0000  -37.5000  -37.5000 5804.7446   25.7092
    7.5000  -37.5000  -37.5000 5655.8203   25.7495
   -7.5000  -30.0000  -37.5000 6345.0684   25.1664
    0.0000  -30.0000  -37.5000 6680.3374   25.1818
    7.5000  -30.0000  -37.5000 6501.7856   25.2236
   -7.5000  -22.5000  -37.5000 7274.8008   25.0048
    0.0000  -22.5000  -37.5000 7674.9194   25.0147
    7.5000  -22.5000  -37.5000 7484.9482   25.0478
   -7.5000  -15.0000  -37.5000 8192.2900   25.0012
    0.0000  -15.0000  -37.5000 8652.7715   25.0056
    7.5000  -15.0000  -37.5000 8435.0488   25.0267
   -7.5000   -7.5000  -37.5000 9104.8506   25.0972
    0.0000   -7.5000  -37.5000 9619.1279   25.1009
    7.5000   -7.5000  -37.5000 9364.9492   25.1206
   -7.5000    0.0000  -37.5000 9918.3916   25.1842
    0.0000    0.0000  -37.500010479.5225   25.1910
    7.5000    0.0000  -37.500010195.3799   25.2192
   -7.5000    7.5000  -37.5000 9936.9561   25.1653
    0.0000    7.5000  -37.500010507.1055   25.1782
    7.5000    7.5000  -37.500010236.6289   25.2159
   -7.5000   15.0000  -37.5000 9866.6416   25.0753
    0.0000   15.0000  -37.500010427.5654   25.0905
    7.5000   15.0000  -37.500010140.7148   25.1318
   -7.5000   22.5000  -37.5000 9728.7402   24.9946
    0.0000   22.5000  -37.500010279.3838   25.0046
    7.5000   22.5000  -37.5000 9973.4824   25.0377
   -7.5000   30.0000  -37.5000 9485.9189   24.6680
    0.0000   30.0000  -37.500010049.2002   24.6723
    7.5000   30.0000  -37.5000 9733.3506   24.6931
   -7.5000   37.5000  -37.5000 9540.2324   24.7627
    0.0000   37.5000  -37.500010081.3506   24.7664
    7.5000   37.5000  -37.5000 9773.6455   24.7858
   -7.5000   45.0000  -37.5000 9243.7422   24.2176
    0.0000   45.0000  -37.5000 9752.4736   24.2242
    7.5000   45.0000  -37.5000 9481.3975   24.2513
   -7.5000  -45.0000  -30.0000 5358.6782   27.5656
    0.0000  -45.0000  -30.0000 5685.4199   27.5860
    7.5000  -45.0000  -30.0000 5554.2251   27.6059
   -7.5000  -37.5000  -30.0000 6032.9116   26.8387
    0.0000  -37.5000  -30.0000 6351.8633   26.8649
    7.5000  -37.5000  -30.0000 6188.0581   26.8883
   -7.5000  -30.0000  -30.0000 6977.1187   26.2785
    0.0000  -30.0000  -30.0000 7330.4917   26.3036
    7.5000  -30.0000  -30.0000 7129.2412   26.3247
   -7.5000  -22.5000  -30.0000 8001.2710   26.1034
    0.0000  -22.5000  -30.0000 8423.8262   26.1180
    7.5000  -22.5000  -30.0000 8214.2012   26.1332
   -7.5000  -15.0000  -30.0000 9004.7930   26.0998
    0.0000  -15.0000  -30.0000 9524.2666   26.1058
    7.5000  -15.0000  -30.0000 9253.9717   26.1140
   -7.5000   -7.5000  -30.0000 9980.9189   26.2097
    0.0000   -7.5000  -30.000010577.8770   26.2163
    7.5000   -7.5000  -30.000010261.8164   26.2260
   -7.5000    0.0000  -30.000010848.9297   26.3078
    0.0000    0.0000  -30.000011500.3799   26.3224
    7.5000    0.0000  -30.000011160.2793   26.3391
   -7.5000    7.5000  -30.000010865.3340   26.2850
    0.0000    7.5000  -30.000011523.2070   26.3088
    7.5000    7.5000  -30.000011173.6846   26.3299
   -7.5000   15.0000  -30.000010733.4404   26.1834
    0.0000   15.0000  -30.000011383.9355   26.2081
    7.5000   15.0000  -30.000011038.3184   26.2289
   -7.5000   22.5000  -30.000010551.5537   26.0901
    0.0000   22.5000  -30.000011181.9473   26.1047
    7.5000   22.5000  -30.000010822.0840   26.1199
   -7.5000   30.0000  -30.000010277.5938   25.7545
    0.0000   30.0000  -30.000010888.4102   25.7603
    7.5000   30.0000  -30.000010516.5215   25.7685
   -7.5000   37.5000  -30.000010340.7363   25.8628
    0.0000   37.5000  -30.000010935.8887   25.8695
    7.5000   37.5000  -30.000010579.2051   25.8789
   -7.5000   45.0000  -30.000010004.4697   25.3167
    0.0000   45.0000  -30.000010568.7607   25.3308
    7.5000   45.0000  -30.000010230.9385   25.3468
   -7.5000  -45.0000  -22.5000 5877.5981   28.6093
    0.0000  -45.0000  -22.5000 6220.2061   28.6673
    7.5000  -45.0000  -22.5000 6085.1885   28.7130
   -7.5000  -37.5000  -22.5000 6585.8242   27.8544
    0.0000  -37.5000  -22.5000 6934.1138   27.9147
    7.5000  -37.5000  -22.5000 6760.7178   27.9603
   -7.5000  -30.0000  -22.5000 7590.0083   27.2756
    0.0000  -30.0000  -22.5000 8009.7441   27.3277
    7.5000  -30.0000  -22.5000 7793.8813   27.3622
   -7.5000  -22.5000  -22.5000 8701.6104   27.0900
    0.0000  -22.5000  -22.5000 9206.3594   27.1280
    7.5000  -22.5000  -22.5000 8967.9873   27.1511
   -7.5000  -15.0000  -22.5000 9798.8691   27.0807
    0.0000  -15.0000  -22.500010392.5566   27.1112
    7.5000  -15.0000  -22.500010109.9580   27.1295
   -7.5000   -7.5000  -22.500010861.1455   27.1952
    0.0000   -7.5000  -22.500011529.7754   27.2316
    7.5000   -7.5000  -22.500011198.0186   27.2588
   -7.5000    0.0000  -22.500011776.3252   27.2985
    0.0000    0.0000  -22.500012505.5791   27.3474
    7.5000    0.0000  -22.500012163.6602   27.3877
   -7.5000    7.5000  -22.500011785.3750   27.2784
    0.0000    7.5000  -22.500012535.7080   27.3345
    7.5000    7.5000  -22.500012152.7900   27.3769
   -7.5000   15.0000  -22.500011647.0547   27.1768
    0.0000   15.0000  -22.500012396.1973   27.2283
    7.5000   15.0000  -22.500012016.7578   27.2624
   -7.5000   22.5000  -22.500011426.3691   27.0742
    0.0000   22.5000  -22.500012157.6172   27.1123
    7.5000   22.5000  -22.500011760.1318   27.1354
   -7.5000   30.0000  -22.500011104.9121   26.7265
    0.0000   30.0000  -22.500011785.6865   26.7565
    7.5000   30.0000  -22.500011387.7139   26.7746
   -7.5000   37.5000  -22.500011145.9229   26.8395
    0.0000   37.5000  -22.500011828.3652   26.8754
    7.5000   37.5000  -22.500011447.7539   26.9023
   -7.5000   45.0000  -22.500010785.4121   26.2898
    0.0000   45.0000  -22.500011414.1328   26.3369
    7.5000   45.0000  -22.500011030.2041   26.3757
   -7.5000  -45.0000  -15.0000 6366.4976   29.3019
    0.0000  -45.0000  -15.0000 6719.2441   29.3909
    7.5000  -45.0000  -15.0000 6579.3086   29.4779
   -7.5000  -37.5000  -15.0000 7143.5547   28.5362
    0.0000  -37.5000  -15.0000 7516.9268   28.6214
    7.5000  -37.5000  -15.0000 7316.6191   28.7088
   -7.5000  -30.0000  -15.0000 8225.3281   27.9631
    0.0000  -30.0000  -15.0000 8690.3057   28.0341
    7.5000  -30.0000  -15.0000 8472.3838   28.1027
   -7.5000  -22.5000  -15.0000 9388.2344   27.7804
    0.0000  -22.5000  -15.0000 9991.6396   27.8366
    7.5000  -22.5000  -15.0000 9720.2246   27.8831
   -7.5000  -15.0000  -15.000010567.6953   27.7625
    0.0000  -15.0000  -15.000011283.6445   27.8145
    7.5000  -15.0000  -15.000010952.0537   27.8528
   -7.5000   -7.5000  -15.000011707.5361   27.8619
    0.0000   -7.5000  -15.000012497.3818   27.9256
    7.5000   -7.5000  -15.000012130.3818   27.9800
   -7.5000    0.0000  -15.000012702.6855   27.9563
    0.0000    0.0000  -15.000013518.0381   28.0338
    7.5000    0.0000  -15.000013174.3662   28.1113
   -7.5000    7.5000  -15.000012690.3311   27.9457
    0.0000    7.5000  -15.000013539.1807   28.0258
    7.5000    7.5000  -15.000013167.0537   28.1086
   -7.5000   15.0000  -15.000012520.0576   27.8618
    0.0000   15.0000  -15.000013373.2588   27.9322
    7.5000   15.0000  -15.000013016.8662   28.0001
   -7.5000   22.5000  -15.000012283.5703   27.7631
    0.0000   22.5000  -15.000013090.5938   27.8191
    7.5000   22.5000  -15.000012703.2646   27.8656
   -7.5000   30.0000  -15.000011920.3789   27.4032
    0.0000   30.0000  -15.000012697.3594   27.4545
    7.5000   30.0000  -15.000012323.3008   27.4924
   -7.5000   37.5000  -15.000011934.3555   27.5014
    0.0000   37.5000  -15.000012714.9512   27.5641
    7.5000   37.5000  -15.000012340.3418   27.6179
   -7.5000   45.0000  -15.000011511.6328   26.9396
    0.0000   45.0000  -15.000012230.7041   27.0142
    7.5000   45.0000  -15.000011842.1523   27.0889
   -7.5000  -45.0000   -7.5000 6829.9087   29.5394
    0.0000  -45.0000   -7.5000 7229.3696   29.6170
    7.5000  -45.0000   -7.5000 7072.7437   29.7154
   -7.5000  -37.5000   -7.5000 7679.0645   28.7684
    0.0000  -37.5000   -7.5000 8124.4990   28.8413
    7.5000  -37.5000   -7.5000 7933.5884   28.9458
   -7.5000  -30.0000   -7.5000 8871.0732   28.2020
    0.0000  -30.0000   -7.5000 9439.6963   28.2645
    7.5000  -30.0000   -7.5000 9215.2695   28.3556
   -7.5000  -22.5000   -7.500010166.4785   28.0318
    0.0000  -22.5000   -7.500010860.2334   28.0835
    7.5000  -22.5000   -7.500010561.2168   28.1501
   -7.5000  -15.0000   -7.500011430.6387   28.0180
    0.0000  -15.0000   -7.500012202.8086   28.0669
    7.5000  -15.0000   -7.500011858.4326   28.1186
   -7.5000   -7.5000   -7.500012591.0312   28.1052
    0.0000   -7.5000   -7.500013472.2598   28.1630
    7.5000   -7.5000   -7.500013090.2090   28.2262
   -7.5000    0.0000   -7.500013638.9902   28.1859
    0.0000    0.0000   -7.500014585.0967   28.2532
    7.5000    0.0000   -7.500014213.6572   28.3406
   -7.5000    7.5000   -7.500013622.8125   28.1743
    0.0000    7.5000   -7.500014617.0537   28.2430
    7.5000    7.5000   -7.500014274.8604   28.3424
   -7.5000   15.0000   -7.500013445.1650   28.0999
    0.0000   15.0000   -7.500014381.7080   28.1619
    7.5000   15.0000   -7.500014026.6875   28.2521
   -7.5000   22.5000   -7.500013157.2549   28.0113
    0.0000   22.5000   -7.500014044.9668   28.0629
    7.5000   22.5000   -7.500013644.3994   28.1295
   -7.5000   30.0000   -7.500012743.1689   27.6546
    0.0000   30.0000   -7.500013628.8076   27.7029
    7.5000   30.0000   -7.500013259.4590   27.7540
   -7.5000   37.5000   -7.500012780.9385   27.7407
    0.0000   37.5000   -7.500013657.3525   27.7978
    7.5000   37.5000   -7.500013285.4639   27.8601
   -7.5000   45.0000   -7.500012289.1445   27.1659
    0.0000   45.0000   -7.500013091.2939   27.2308
    7.5000   45.0000   -7.500012723.8779   27.3150
   -7.5000  -45.0000    0.0000 7295.7017   29.5058
    0.0000  -45.0000    0.0000 7728.6123   29.5445
    7.5000  -45.0000    0.0000 7562.8198   29.6178
   -7.5000  -37.5000    0.0000 8174.2817   28.7324
    0.0000  -37.5000    0.0000 8714.2041   28.7698
    7.5000  -37.5000    0.0000 8504.7744   28.8534
   -7.5000  -30.0000    0.0000 9461.6777   28.1556
    0.0000  -30.0000    0.000010137.4668   28.1912
    7.5000  -30.0000    0.0000 9871.9414   28.2727
   -7.5000  -22.5000    0.000010873.9795   27.9851
    0.0000  -22.5000    0.000011640.8320   28.0152
    7.5000  -22.5000    0.000011325.2949   28.0794
   -7.5000  -15.0000    0.000012212.4580   27.9796
    0.0000  -15.0000    0.000013066.9219   28.0064
    7.5000  -15.0000    0.000012678.5029   28.0530
   -7.5000   -7.5000    0.000013473.1367   28.0743
    0.0000   -7.5000    0.000014403.4248   28.1029
    7.5000   -7.5000    0.000013985.0820   28.1512
   -7.5000    0.0000    0.000014612.4199   28.1588
    0.0000    0.0000    0.000015629.5801   28.1907
    7.5000    0.0000    0.000015193.3438   28.2551
   -7.5000    7.5000    0.000014612.1074   28.1403
    0.0000    7.5000    0.000015724.0244   28.1753
    7.5000    7.5000    0.000015330.9248   28.2547
   -7.5000   15.0000    0.000014397.7812   28.0537
    0.0000   15.0000    0.000015463.2354   28.0890
    7.5000   15.0000    0.000014951.0166   28.1697
   -7.5000   22.5000    0.000014030.5938   27.9647
    0.0000   22.5000    0.000015038.5469   27.9947
    7.5000   22.5000    0.000014505.4443   28.0589
   -7.5000   30.0000    0.000013591.8008   27.6175
    0.0000   30.0000    0.000014566.1523   27.6439
    7.5000   30.0000    0.000014086.7393   27.6900
   -7.5000   37.5000    0.000013607.4287   27.7109
    0.0000   37.5000    0.000014569.4580   27.7392
    7.5000   37.5000    0.000014107.8379   27.7869
   -7.5000   45.0000    0.000013053.2129   27.1419
    0.0000   45.0000    0.000013934.1992   27.1726
    7.5000   45.0000    0.000013506.5166   27.2347
   -7.5000  -45.0000    7.5000 7237.6685   29.5126
    0.0000  -45.0000    7.5000 7679.0049   29.5256
    7.5000  -45.0000    7.5000 7498.7983   29.5624
   -7.5000  -37.5000    7.5000 8121.4976   28.7389
    0.0000  -37.5000    7.5000 8632.9766   28.7552
    7.5000  -37.5000    7.5000 8424.3252   28.8004
   -7.5000  -30.0000    7.5000 9386.5615   28.1481
    0.0000  -30.0000    7.500010019.1455   28.1657
    7.5000  -30.0000    7.5000 9741.2461   28.2124
   -7.5000  -22.5000    7.500010809.5605   27.9675
    0.0000  -22.5000    7.500011540.2217   27.9789
    7.5000  -22.5000    7.500011173.0088   28.0160
   -7.5000  -15.0000    7.500012161.2754   27.9635
    0.0000  -15.0000    7.500012999.2959   27.9687
    7.5000  -15.0000    7.500012574.4111   27.9924
   -7.5000   -7.5000    7.500013415.6240   28.0707
    0.0000   -7.5000    7.500014405.8682   28.0751
    7.5000   -7.5000    7.500013905.8770   28.0973
   -7.5000    0.0000    7.500014629.8037   28.1679
    0.0000    0.0000    7.500015835.6797   28.1759
    7.5000    0.0000    7.500015292.4873   28.2074
   -7.5000    7.5000    7.500014626.2852   28.1468
    0.0000    7.5000    7.500015993.1982   28.1615
    7.5000    7.5000    7.500015377.7529   28.2038
   -7.5000   15.0000    7.500014373.0107   28.0462
    0.0000   15.0000    7.500015503.1016   28.0636
    7.5000   15.0000    7.500014792.8271   28.1098
   -7.5000   22.5000    7.500013969.5850   27.9471
    0.0000   22.5000    7.500014943.8076   27.9585
    7.5000   22.5000    7.500014275.5918   27.9956
   -7.5000   30.0000    7.500013498.6621   27.6016
    0.0000   30.0000    7.500014464.8955   27.6067
    7.5000   30.0000    7.500013871.7812   27.6301
   -7.5000   37.5000    7.500013477.5410   27.7075
    0.0000   37.5000    7.500014467.0361   27.7118
    7.5000   37.5000    7.500013913.6113   27.7337
   -7.5000   45.0000    7.500012879.7812   27.1506
    0.0000   45.0000    7.500013801.6152   27.1583
    7.5000   45.0000    7.500013293.0957   27.1887
   -7.5000  -45.0000   15.0000 6991.9990   29.6009
    0.0000  -45.0000   15.0000 7427.9756   29.6228
    7.5000  -45.0000   15.0000 7202.1475   29.6441
   -7.5000  -37.5000   15.0000 7895.2520   28.8204
    0.0000  -37.5000   15.0000 8427.7783   28.8485
    7.5000  -37.5000   15.0000 8160.4150   28.8736
   -7.5000  -30.0000   15.0000 9172.7764   28.2188
    0.0000  -30.0000   15.0000 9792.8799   28.2457
    7.5000  -30.0000   15.0000 9487.4287   28.2684
   -7.5000  -22.5000   15.000010575.8438   28.0308
    0.0000  -22.5000   15.000011242.4189   28.0465
    7.5000  -22.5000   15.000010912.2539   28.0627
   -7.5000  -15.0000   15.000011873.0732   28.0269
    0.0000  -15.0000   15.000012623.9453   28.0333
    7.5000  -15.0000   15.000012284.8311   28.0422
   -7.5000   -7.5000   15.000013114.2812   28.1449
    0.0000   -7.5000   15.000014000.0273   28.1520
    7.5000   -7.5000   15.000013626.3076   28.1624
   -7.5000    0.0000   15.000014217.7979   28.2502
    0.0000    0.0000   15.000015402.6279   28.2660
    7.5000    0.0000   15.000014979.3096   28.2839
   -7.5000    7.5000   15.000014191.0664   28.2257
    0.0000    7.5000   15.000015357.6641   28.2513
    7.5000    7.5000   15.000014858.2607   28.2740
   -7.5000   15.0000   15.000013879.1943   28.1167
    0.0000   15.0000   15.000014749.8408   28.1432
    7.5000   15.0000   15.000014115.3135   28.1655
   -7.5000   22.5000   15.000013524.0244   28.0103
    0.0000   22.5000   15.000014291.7881   28.0260
    7.5000   22.5000   15.000013639.5303   28.0423
   -7.5000   30.0000   15.000013120.7363   27.6642
    0.0000   30.0000   15.000013929.2051   27.6705
    7.5000   30.0000   15.000013369.4238   27.6793
   -7.5000   37.5000   15.000013126.0908   27.7806
    0.0000   37.5000   15.000013984.5400   27.7877
    7.5000   37.5000   15.000013480.0244   27.7979
   -7.5000   45.0000   15.000012545.5215   27.2300
    0.0000   45.0000   15.000013377.6025   27.2451
    7.5000   45.0000   15.000012926.3311   27.2624
   -7.5000  -45.0000   22.5000 6717.2866   29.6988
    0.0000  -45.0000   22.5000 7140.3457   29.7589
    7.5000  -45.0000   22.5000 6970.4336   29.8064
   -7.5000  -37.5000   22.5000 7586.6431   28.9151
    0.0000  -37.5000   22.5000 8077.3750   28.9776
    7.5000  -37.5000   22.5000 7854.6855   29.0250
   -7.5000  -30.0000   22.5000 8781.5029   28.3143
    0.0000  -30.0000   22.5000 9365.3252   28.3683
    7.5000  -30.0000   22.5000 9074.9756   28.4042
   -7.5000  -22.5000   22.500010109.3203   28.1215
    0.0000  -22.5000   22.500010773.9658   28.1611
    7.5000  -22.5000   22.500010419.2861   28.1850
   -7.5000  -15.0000   22.500011371.4961   28.1120
    0.0000  -15.0000   22.500012123.9531   28.1435
    7.5000  -15.0000   22.500011734.2920   28.1626
   -7.5000   -7.5000   22.500012570.6562   28.2308
    0.0000   -7.5000   22.500013440.0732   28.2686
    7.5000   -7.5000   22.500013020.2148   28.2968
   -7.5000    0.0000   22.500013639.6055   28.3381
    0.0000    0.0000   22.500014634.1494   28.3888
    7.5000    0.0000   22.500014275.1797   28.4306
   -7.5000    7.5000   22.500013593.5732   28.3172
    0.0000    7.5000   22.500014562.0098   28.3754
    7.5000    7.5000   22.500014266.4609   28.4194
   -7.5000   15.0000   22.500013365.1816   28.2117
    0.0000   15.0000   22.500014199.7500   28.2652
    7.5000   15.0000   22.500013839.1855   28.3006
   -7.5000   22.5000   22.500013062.2109   28.1009
    0.0000   22.5000   22.500013846.2764   28.1404
    7.5000   22.5000   22.500013440.1250   28.1644
   -7.5000   30.0000   22.500012699.5420   27.7481
    0.0000   30.0000   22.500013527.3418   27.7793
    7.5000   30.0000   22.500013120.1260   27.7981
   -7.5000   37.5000   22.500012741.6719   27.8654
    0.0000   37.5000   22.500013622.8418   27.9027
    7.5000   37.5000   22.500013204.7402   27.9306
   -7.5000   45.0000   22.500012159.6934   27.3146
    0.0000   45.0000   22.500013006.9443   27.3635
    7.5000   45.0000   22.500012590.9277   27.4038
   -7.5000  -45.0000   30.0000 6309.2104   29.7041
    0.0000  -45.0000   30.0000 6728.3657   29.7944
    7.5000  -45.0000   30.0000 6545.7017   29.8826
   -7.5000  -37.5000   30.0000 7147.2500   28.9279
    0.0000  -37.5000   30.0000 7618.9897   29.0143
    7.5000  -37.5000   30.0000 7395.2788   29.1030
   -7.5000  -30.0000   30.0000 8309.7002   28.3470
    0.0000  -30.0000   30.0000 8853.0107   28.4189
    7.5000  -30.0000   30.0000 8585.5527   28.4885
   -7.5000  -22.5000   30.0000 9573.3975   28.1618
    0.0000  -22.5000   30.000010179.8340   28.2187
    7.5000  -22.5000   30.0000 9871.7031   28.2659
   -7.5000  -15.0000   30.000010760.8223   28.1437
    0.0000  -15.0000   30.000011439.3428   28.1963
    7.5000  -15.0000   30.000011101.4521   28.2352
   -7.5000   -7.5000   30.000011855.7891   28.2444
    0.0000   -7.5000   30.000012637.3115   28.3089
    7.5000   -7.5000   30.000012306.6592   28.3641
   -7.5000    0.0000   30.000012824.2324   28.3401
    0.0000    0.0000   30.000013687.1699   28.4187
    7.5000    0.0000   30.000013375.0400   28.4972
   -7.5000    7.5000   30.000012799.3633   28.3294
    0.0000    7.5000   30.000013654.6260   28.4105
    7.5000    7.5000   30.000013329.6963   28.4944
   -7.5000   15.0000   30.000012675.9512   28.2443
    0.0000   15.0000   30.000013573.5996   28.3156
    7.5000   15.0000   30.000013255.4336   28.3845
   -7.5000   22.5000   30.000012478.2754   28.1412
    0.0000   22.5000   30.000013381.5488   28.1980
    7.5000   22.5000   30.000013076.1846   28.2452
   -7.5000   30.0000   30.000012130.3457   27.7794
    0.0000   30.0000   30.000012974.4736   27.8314
    7.5000   30.0000   30.000012649.1201   27.8698
   -7.5000   37.5000   30.000012106.8730   27.8789
    0.0000   37.5000   30.000012926.4160   27.9425
    7.5000   37.5000   30.000012571.7217   27.9970
   -7.5000   45.0000   30.000011532.9707   27.3166
    0.0000   45.0000   30.000012251.5137   27.3923
    7.5000   45.0000   30.000011893.7139   27.4680
   -7.5000  -45.0000   37.5000 6132.4951   29.6081
    0.0000  -45.0000   37.5000 6505.4517   29.6858
    7.5000  -45.0000   37.5000 6367.2764   29.7845
   -7.5000  -37.5000   37.5000 6925.9658   28.8351
    0.0000  -37.5000   37.5000 7345.3311   28.9082
    7.5000  -37.5000   37.5000 7179.7690   29.0130
   -7.5000  -30.0000   37.5000 8044.4468   28.2674
    0.0000  -30.0000   37.5000 8537.2393   28.3300
    7.5000  -30.0000   37.5000 8316.0195   28.4213
   -7.5000  -22.5000   37.5000 9250.2129   28.0967
    0.0000  -22.5000   37.5000 9853.2178   28.1485
    7.5000  -22.5000   37.5000 9570.8076   28.2153
   -7.5000  -15.0000   37.500010391.8057   28.0828
    0.0000  -15.0000   37.500011105.1943   28.1318
    7.5000  -15.0000   37.500010773.6387   28.1836
   -7.5000   -7.5000   37.500011468.5557   28.1702
    0.0000   -7.5000   37.500012255.6104   28.2280
    7.5000   -7.5000   37.500011928.6025   28.2914
   -7.5000    0.0000   37.500012420.7383   28.2511
    0.0000    0.0000   37.500013244.7031   28.3185
    7.5000    0.0000   37.500012874.1074   28.4061
   -7.5000    7.5000   37.500012435.2529   28.2395
    0.0000    7.5000   37.500013253.7705   28.3083
    7.5000    7.5000   37.500012844.6328   28.4080
   -7.5000   15.0000   37.500012337.4814   28.1650
    0.0000   15.0000   37.500013148.2354   28.2271
    7.5000   15.0000   37.500012724.9150   28.3176
   -7.5000   22.5000   37.500012114.6660   28.0762
    0.0000   22.5000   37.500012897.1406   28.1279
    7.5000   22.5000   37.500012483.2178   28.1947
   -7.5000   30.0000   37.500011775.5078   27.7194
    0.0000   30.0000   37.500012541.1592   27.7677
    7.5000   30.0000   37.500012116.6094   27.8189
   -7.5000   37.5000   37.500011757.6895   27.8056
    0.0000   37.5000   37.500012511.1045   27.8627
    7.5000   37.5000   37.500012114.3340   27.9252
   -7.5000   45.0000   37.500011180.5928   27.2308
    0.0000   45.0000   37.500011890.4395   27.2958
    7.5000   45.0000   37.500011523.7861   27.3802
   -7.5000  -45.0000   45.0000 5603.9746   29.3483
    0.0000  -45.0000   45.0000 5915.8677   29.3865
    7.5000  -45.0000   45.0000 5773.6313   29.4594
   -7.5000  -37.5000   45.0000 6312.9106   28.5784
    0.0000  -37.5000   45.0000 6671.4727   28.6151
    7.5000  -37.5000   45.0000 6511.3833   28.6981
   -7.5000  -30.0000   45.0000 7323.5356   28.0039
    0.0000  -30.0000   45.0000 7773.0156   28.0389
    7.5000  -30.0000   45.0000 7573.1489   28.1197
   -7.5000  -22.5000   45.0000 8432.9150   27.8338
    0.0000  -22.5000   45.0000 8960.1367   27.8636
    7.5000  -22.5000   45.0000 8723.6338   27.9273
   -7.5000  -15.0000   45.0000 9509.1963   27.8281
    0.0000  -15.0000   45.000010090.8428   27.8547
    7.5000  -15.0000   45.0000 9798.5088   27.9011
   -7.5000   -7.5000   45.000010500.3350   27.9224
    0.0000   -7.5000   45.000011125.8389   27.9507
    7.5000   -7.5000   45.000010800.9668   27.9989
   -7.5000    0.0000   45.000011361.1367   28.0069
    0.0000    0.0000   45.000011974.0674   28.0383
    7.5000    0.0000   45.000011624.0127   28.1024
   -7.5000    7.5000   45.000011357.6445   27.9887
    0.0000    7.5000   45.000011965.3594   28.0231
    7.5000    7.5000   45.000011593.3936   28.1019
   -7.5000   15.0000   45.000011254.7480   27.9025
    0.0000   15.0000   45.000011854.1572   27.9371
    7.5000   15.0000   45.000011481.8867   28.0172
   -7.5000   22.5000   45.000011061.0879   27.8134
    0.0000   22.5000   45.000011649.3535   27.8431
    7.5000   22.5000   45.000011286.1406   27.9068
   -7.5000   30.0000   45.000010766.9922   27.4656
    0.0000   30.0000   45.000011335.8984   27.4918
    7.5000   30.0000   45.000010943.6035   27.5376
   -7.5000   37.5000   45.000010788.9043   27.5587
    0.0000   37.5000   45.000011353.2158   27.5866
    7.5000   37.5000   45.000010998.9668   27.6341
   -7.5000   45.0000   45.000010262.3135   27.0077
    0.0000   45.0000   45.000010836.1143   27.0379
    7.5000   45.0000   45.000010514.8193   27.0997

---------------------------------------------------------------------
imgreg_4dfp /opt/freesurfer/average/711-2C_as_mni_average_305 /opt/freesurfer/average/711-2B_as_mni_average_305_mask talsrcimg_g11 none talsrcimg_to_711-2C_as_mni_average_305_t4 4355
---------------------------------------------------------------------

freesurfer imgreg_4dfp.c
/opt/freesurfer/average/711-2C_as_mni_average_305.4dfp.img
       256       256       256         1
  1.000000  1.000000  1.000000
orientation T byte_order littleendian
Reading image: /opt/freesurfer/average/711-2C_as_mni_average_305.4dfp.img
dimensions:      256       256       256
mmppix:       1.0000   -1.0000   -1.0000
center:     128.0000 -129.0000 -129.0000
/opt/freesurfer/average/711-2B_as_mni_average_305_mask.4dfp.img
       256       256       256         1
  1.000000  1.000000  1.000000
orientation T byte_order littleendian
Reading mask: /opt/freesurfer/average/711-2B_as_mni_average_305_mask.4dfp.img (2306576 pixels)
talsrcimg_g11.4dfp.img
       256       256       256         1
  1.000000  1.000000  1.000000
orientation T byte_order littleendian
Reading image: talsrcimg_g11.4dfp.img
dimensions:      256       256       256
mmppix:       1.0000   -1.0000   -1.0000
center:     128.0000 -129.0000 -129.0000
rotation matrix determinant  1.000000
image alignment mode   4355 decimal     1103 hex
   -7.5000  -37.5000  -37.5000 1572.8295   45.2003
    0.0000  -37.5000  -37.5000 1588.3719   44.1781
    7.5000  -37.5000  -37.5000 1591.3716   43.9644
   -7.5000  -30.0000  -37.5000 1708.5110   38.7349
    0.0000  -30.0000  -37.5000 1721.6812   37.6403
    7.5000  -30.0000  -37.5000 1721.7329   37.4483
   -7.5000  -22.5000  -37.5000 1835.7009   33.6807
    0.0000  -22.5000  -37.5000 1856.6068   32.8617
    7.5000  -22.5000  -37.5000 1866.4900   32.7010
   -7.5000  -15.0000  -37.5000 1947.1836   30.1733
    0.0000  -15.0000  -37.5000 1971.4380   29.5061
    7.5000  -15.0000  -37.5000 1982.6693   29.3841
   -7.5000   -7.5000  -37.5000 2036.7236   27.7181
    0.0000   -7.5000  -37.5000 2064.0879   27.1330
    7.5000   -7.5000  -37.5000 2072.9944   27.0516
   -7.5000    0.0000  -37.5000 2102.5708   25.8714
    0.0000    0.0000  -37.5000 2129.8337   25.3325
    7.5000    0.0000  -37.5000 2140.1328   25.1998
   -7.5000    7.5000  -37.5000 2145.9219   24.2660
    0.0000    7.5000  -37.5000 2174.4248   23.7372
    7.5000    7.5000  -37.5000 2187.7607   23.6370
   -7.5000   15.0000  -37.5000 2181.2109   23.2823
    0.0000   15.0000  -37.5000 2208.6189   22.6538
    7.5000   15.0000  -37.5000 2218.7231   22.5155
   -7.5000   22.5000  -37.5000 2186.6187   22.8549
    0.0000   22.5000  -37.5000 2212.4888   22.1825
    7.5000   22.5000  -37.5000 2220.1689   22.0817
   -7.5000   30.0000  -37.5000 2165.4106   23.0401
    0.0000   30.0000  -37.5000 2202.5681   22.3742
    7.5000   30.0000  -37.5000 2206.8899   22.1792
   -7.5000   37.5000  -37.5000 2131.8237   23.7006
    0.0000   37.5000  -37.5000 2165.8169   22.9800
    7.5000   37.5000  -37.5000 2174.1172   22.7601
   -7.5000   45.0000  -37.5000 2081.8875   24.8129
    0.0000   45.0000  -37.5000 2112.7517   24.0075
    7.5000   45.0000  -37.5000 2126.4954   23.8147
   -7.5000   52.5000  -37.5000 1995.0995   26.4562
    0.0000   52.5000  -37.5000 2024.4285   25.5782
    7.5000   52.5000  -37.5000 2034.5580   25.3997
   -7.5000  -37.5000  -30.0000 1667.7286   43.0998
    0.0000  -37.5000  -30.0000 1683.0322   42.1860
    7.5000  -37.5000  -30.0000 1690.0121   42.0074
   -7.5000  -30.0000  -30.0000 1815.8878   36.6993
    0.0000  -30.0000  -30.0000 1828.6073   35.9071
    7.5000  -30.0000  -30.0000 1837.4236   35.7387
   -7.5000  -22.5000  -30.0000 1953.8103   31.9508
    0.0000  -22.5000  -30.0000 1974.2505   31.2812
    7.5000  -22.5000  -30.0000 1992.0598   31.2054
   -7.5000  -15.0000  -30.0000 2074.8086   28.5975
    0.0000  -15.0000  -30.0000 2103.9500   28.0158
    7.5000  -15.0000  -30.0000 2114.0955   27.9054
   -7.5000   -7.5000  -30.0000 2169.0396   26.2659
    0.0000   -7.5000  -30.0000 2206.0764   25.7686
    7.5000   -7.5000  -30.0000 2214.0530   25.7073
   -7.5000    0.0000  -30.0000 2236.1716   24.5068
    0.0000    0.0000  -30.0000 2272.6313   24.0372
    7.5000    0.0000  -30.0000 2282.6597   23.8908
   -7.5000    7.5000  -30.0000 2284.8706   23.0054
    0.0000    7.5000  -30.0000 2321.4280   22.5745
    7.5000    7.5000  -30.0000 2333.7500   22.4143
   -7.5000   15.0000  -30.0000 2319.5195   22.0164
    0.0000   15.0000  -30.0000 2356.0515   21.5287
    7.5000   15.0000  -30.0000 2366.0100   21.3608
   -7.5000   22.5000  -30.0000 2333.6277   21.6573
    0.0000   22.5000  -30.0000 2366.3499   21.0876
    7.5000   22.5000  -30.0000 2376.7781   20.9387
   -7.5000   30.0000  -30.0000 2321.3911   21.8226
    0.0000   30.0000  -30.0000 2358.3809   21.2106
    7.5000   30.0000  -30.0000 2365.3428   21.0750
   -7.5000   37.5000  -30.0000 2287.5474   22.4547
    0.0000   37.5000  -30.0000 2327.0034   21.7939
    7.5000   37.5000  -30.0000 2337.6123   21.6313
   -7.5000   45.0000  -30.0000 2231.9390   23.5155
    0.0000   45.0000  -30.0000 2271.0190   22.8606
    7.5000   45.0000  -30.0000 2277.8232   22.6477
   -7.5000   52.5000  -30.0000 2130.7886   25.0487
    0.0000   52.5000  -30.0000 2174.1843   24.3150
    7.5000   52.5000  -30.0000 2182.2935   24.1501
   -7.5000  -37.5000  -22.5000 1748.3445   41.0314
    0.0000  -37.5000  -22.5000 1765.5911   40.2207
    7.5000  -37.5000  -22.5000 1774.4534   40.1778
   -7.5000  -30.0000  -22.5000 1896.0880   34.9967
    0.0000  -30.0000  -22.5000 1921.6703   34.2897
    7.5000  -30.0000  -22.5000 1931.8870   34.2183
   -7.5000  -22.5000  -22.5000 2040.3518   30.3120
    0.0000  -22.5000  -22.5000 2072.6558   29.8070
    7.5000  -22.5000  -22.5000 2085.0752   29.7472
   -7.5000  -15.0000  -22.5000 2172.9070   27.0379
    0.0000  -15.0000  -22.5000 2209.2026   26.5946
    7.5000  -15.0000  -22.5000 2221.8982   26.4664
   -7.5000   -7.5000  -22.5000 2280.6943   24.8038
    0.0000   -7.5000  -22.5000 2316.7002   24.2930
    7.5000   -7.5000  -22.5000 2330.2124   24.1875
   -7.5000    0.0000  -22.5000 2351.6440   23.0917
    0.0000    0.0000  -22.5000 2390.2603   22.6659
    7.5000    0.0000  -22.5000 2404.6277   22.5688
   -7.5000    7.5000  -22.5000 2410.1621   21.7512
    0.0000    7.5000  -22.5000 2448.7141   21.3180
    7.5000    7.5000  -22.5000 2458.6453   21.1953
   -7.5000   15.0000  -22.5000 2452.1213   20.8049
    0.0000   15.0000  -22.5000 2488.6240   20.3414
    7.5000   15.0000  -22.5000 2496.2778   20.2019
   -7.5000   22.5000  -22.5000 2475.3662   20.4212
    0.0000   22.5000  -22.5000 2515.5996   19.9514
    7.5000   22.5000  -22.5000 2522.9536   19.7836
   -7.5000   30.0000  -22.5000 2455.8215   20.5711
    0.0000   30.0000  -22.5000 2501.4788   20.0854
    7.5000   30.0000  -22.5000 2511.4053   19.9173
   -7.5000   37.5000  -22.5000 2416.1436   21.2196
    0.0000   37.5000  -22.5000 2470.4487   20.6732
    7.5000   37.5000  -22.5000 2483.4187   20.5038
   -7.5000   45.0000  -22.5000 2357.5344   22.3019
    0.0000   45.0000  -22.5000 2407.3096   21.7003
    7.5000   45.0000  -22.5000 2418.1714   21.5864
   -7.5000   52.5000  -22.5000 2251.3247   23.7345
    0.0000   52.5000  -22.5000 2296.7017   23.0929
    7.5000   52.5000  -22.5000 2308.3347   23.0105
   -7.5000  -37.5000  -15.0000 1807.0594   39.4370
    0.0000  -37.5000  -15.0000 1820.2710   38.3400
    7.5000  -37.5000  -15.0000 1828.4392   38.2151
   -7.5000  -30.0000  -15.0000 1954.1268   33.3878
    0.0000  -30.0000  -15.0000 1978.3688   32.6550
    7.5000  -30.0000  -15.0000 1991.3175   32.4483
   -7.5000  -22.5000  -15.0000 2099.3662   28.7862
    0.0000  -22.5000  -15.0000 2137.0679   28.3072
    7.5000  -22.5000  -15.0000 2149.2202   28.1667
   -7.5000  -15.0000  -15.0000 2235.9641   25.6467
    0.0000  -15.0000  -15.0000 2279.8127   25.2224
    7.5000  -15.0000  -15.0000 2291.9045   25.0537
   -7.5000   -7.5000  -15.0000 2355.6785   23.4099
    0.0000   -7.5000  -15.0000 2396.6060   23.0084
    7.5000   -7.5000  -15.0000 2409.2305   22.8159
   -7.5000    0.0000  -15.0000 2440.9961   21.7731
    0.0000    0.0000  -15.0000 2477.8740   21.2778
    7.5000    0.0000  -15.0000 2498.6777   21.1907
   -7.5000    7.5000  -15.0000 2503.4658   20.4786
    0.0000    7.5000  -15.0000 2541.6245   20.0549
    7.5000    7.5000  -15.0000 2558.2256   19.9685
   -7.5000   15.0000  -15.0000 2550.1460   19.5846
    0.0000   15.0000  -15.0000 2593.3662   19.1750
    7.5000   15.0000  -15.0000 2605.2932   19.0472
   -7.5000   22.5000  -15.0000 2580.3394   19.2132
    0.0000   22.5000  -15.0000 2628.1841   18.7738
    7.5000   22.5000  -15.0000 2637.6936   18.6443
   -7.5000   30.0000  -15.0000 2566.0579   19.3904
    0.0000   30.0000  -15.0000 2615.9587   18.8946
    7.5000   30.0000  -15.0000 2630.8496   18.7749
   -7.5000   37.5000  -15.0000 2523.2095   20.0105
    0.0000   37.5000  -15.0000 2577.8958   19.5126
    7.5000   37.5000  -15.0000 2595.3450   19.3951
   -7.5000   45.0000  -15.0000 2452.6904   21.0959
    0.0000   45.0000  -15.0000 2511.0837   20.5593
    7.5000   45.0000  -15.0000 2522.3811   20.4898
   -7.5000   52.5000  -15.0000 2346.0085   22.4752
    0.0000   52.5000  -15.0000 2395.6624   21.9268
    7.5000   52.5000  -15.0000 2404.8672   21.8460
   -7.5000  -37.5000   -7.5000 1840.5006   37.6847
    0.0000  -37.5000   -7.5000 1854.7808   36.6600
    7.5000  -37.5000   -7.5000 1864.4006   36.3945
   -7.5000  -30.0000   -7.5000 1998.5580   31.8546
    0.0000  -30.0000   -7.5000 2026.7316   31.2207
    7.5000  -30.0000   -7.5000 2039.6033   30.9081
   -7.5000  -22.5000   -7.5000 2155.8433   27.4693
    0.0000  -22.5000   -7.5000 2189.8083   26.8965
    7.5000  -22.5000   -7.5000 2205.0662   26.7061
   -7.5000  -15.0000   -7.5000 2298.0840   24.3672
    0.0000  -15.0000   -7.5000 2331.8469   23.8767
    7.5000  -15.0000   -7.5000 2345.0806   23.6227
   -7.5000   -7.5000   -7.5000 2414.0383   22.1445
    0.0000   -7.5000   -7.5000 2452.7202   21.6803
    7.5000   -7.5000   -7.5000 2467.8130   21.4509
   -7.5000    0.0000   -7.5000 2507.7974   20.5248
    0.0000    0.0000   -7.5000 2548.0669   20.0316
    7.5000    0.0000   -7.5000 2567.3738   19.9047
   -7.5000    7.5000   -7.5000 2584.3687   19.3101
    0.0000    7.5000   -7.5000 2628.1936   18.8241
    7.5000    7.5000   -7.5000 2643.0737   18.7211
   -7.5000   15.0000   -7.5000 2640.4746   18.4606
    0.0000   15.0000   -7.5000 2685.3657   17.9666
    7.5000   15.0000   -7.5000 2696.3142   17.9031
   -7.5000   22.5000   -7.5000 2672.3989   18.1246
    0.0000   22.5000   -7.5000 2720.4546   17.5415
    7.5000   22.5000   -7.5000 2729.7559   17.4929
   -7.5000   30.0000   -7.5000 2660.0830   18.2620
    0.0000   30.0000   -7.5000 2713.4863   17.7335
    7.5000   30.0000   -7.5000 2730.9055   17.5922
   -7.5000   37.5000   -7.5000 2614.7534   18.8766
    0.0000   37.5000   -7.5000 2673.8745   18.3515
    7.5000   37.5000   -7.5000 2688.6135   18.2343
   -7.5000   45.0000   -7.5000 2538.5659   19.9139
    0.0000   45.0000   -7.5000 2592.5066   19.3798
    7.5000   45.0000   -7.5000 2602.5415   19.2766
   -7.5000   52.5000   -7.5000 2418.8794   21.2697
    0.0000   52.5000   -7.5000 2463.4104   20.7362
    7.5000   52.5000   -7.5000 2470.3562   20.6123
   -7.5000  -37.5000    0.0000 1864.5125   36.2332
    0.0000  -37.5000    0.0000 1886.0541   35.4510
    7.5000  -37.5000    0.0000 1893.1901   35.0825
   -7.5000  -30.0000    0.0000 2025.3514   30.5928
    0.0000  -30.0000    0.0000 2059.3159   29.9489
    7.5000  -30.0000    0.0000 2068.3962   29.6457
   -7.5000  -22.5000    0.0000 2191.1101   26.4510
    0.0000  -22.5000    0.0000 2227.0977   25.7730
    7.5000  -22.5000    0.0000 2234.5432   25.5147
   -7.5000  -15.0000    0.0000 2337.2290   23.3888
    0.0000  -15.0000    0.0000 2370.8948   22.7543
    7.5000  -15.0000    0.0000 2382.3745   22.5382
   -7.5000   -7.5000    0.0000 2464.2424   21.2088
    0.0000   -7.5000    0.0000 2501.5217   20.6363
    7.5000   -7.5000    0.0000 2515.7158   20.4030
   -7.5000    0.0000    0.0000 2568.3120   19.6385
    0.0000    0.0000    0.0000 2606.2524   19.0955
    7.5000    0.0000    0.0000 2623.3555   18.8602
   -7.5000    7.5000    0.0000 2658.8938   18.4184
    0.0000    7.5000    0.0000 2704.2554   17.9303
    7.5000    7.5000    0.0000 2715.6558   17.7124
   -7.5000   15.0000    0.0000 2720.1272   17.5697
    0.0000   15.0000    0.0000 2770.1096   17.0084
    7.5000   15.0000    0.0000 2776.8835   16.9053
   -7.5000   22.5000    0.0000 2751.7395   17.2071
    0.0000   22.5000    0.0000 2809.7441   16.6205
    7.5000   22.5000    0.0000 2807.3191   16.4851
   -7.5000   30.0000    0.0000 2746.1812   17.3789
    0.0000   30.0000    0.0000 2800.1621   16.7982
    7.5000   30.0000    0.0000 2809.6179   16.6093
   -7.5000   37.5000    0.0000 2698.3511   17.9535
    0.0000   37.5000    0.0000 2750.8376   17.3726
    7.5000   37.5000    0.0000 2758.8740   17.2242
   -7.5000   45.0000    0.0000 2614.3003   18.9461
    0.0000   45.0000    0.0000 2659.9922   18.3865
    7.5000   45.0000    0.0000 2667.6619   18.2950
   -7.5000   52.5000    0.0000 2480.0454   20.2624
    0.0000   52.5000    0.0000 2520.5859   19.6996
    7.5000   52.5000    0.0000 2528.4250   19.5827
   -7.5000  -37.5000    7.5000 1882.4125   35.7236
    0.0000  -37.5000    7.5000 1906.0406   34.8721
    7.5000  -37.5000    7.5000 1923.6027   34.6390
   -7.5000  -30.0000    7.5000 2043.8491   29.9880
    0.0000  -30.0000    7.5000 2074.4922   29.2349
    7.5000  -30.0000    7.5000 2086.8083   28.9737
   -7.5000  -22.5000    7.5000 2219.9912   25.8588
    0.0000  -22.5000    7.5000 2248.1536   25.1428
    7.5000  -22.5000    7.5000 2251.0256   24.8354
   -7.5000  -15.0000    7.5000 2373.1729   22.8348
    0.0000  -15.0000    7.5000 2406.7429   22.1567
    7.5000  -15.0000    7.5000 2405.6548   21.8683
   -7.5000   -7.5000    7.5000 2501.2698   20.6434
    0.0000   -7.5000    7.5000 2545.7634   20.0807
    7.5000   -7.5000    7.5000 2547.4856   19.8313
   -7.5000    0.0000    7.5000 2614.5798   19.0609
    0.0000    0.0000    7.5000 2660.3772   18.5446
    7.5000    0.0000    7.5000 2665.9114   18.2566
   -7.5000    7.5000    7.5000 2717.2622   17.7981
    0.0000    7.5000    7.5000 2772.5859   17.4029
    7.5000    7.5000    7.5000 2773.7551   17.0894
   -7.5000   15.0000    7.5000 2792.3125   16.8725
    0.0000   15.0000    7.5000 2851.8567   16.3551
    7.5000   15.0000    7.5000 2847.2212   16.0902
   -7.5000   22.5000    7.5000 2825.1653   16.4709
    0.0000   22.5000    7.5000 2891.9819   15.9055
    7.5000   22.5000    7.5000 2879.9136   15.6703
   -7.5000   30.0000    7.5000 2810.3574   16.6645
    0.0000   30.0000    7.5000 2873.7017   16.0799
    7.5000   30.0000    7.5000 2870.7439   15.8916
   -7.5000   37.5000    7.5000 2753.2444   17.2827
    0.0000   37.5000    7.5000 2812.0420   16.7114
    7.5000   37.5000    7.5000 2813.4465   16.5532
   -7.5000   45.0000    7.5000 2664.1028   18.2964
    0.0000   45.0000    7.5000 2712.6543   17.7621
    7.5000   45.0000    7.5000 2713.9387   17.5888
   -7.5000   52.5000    7.5000 2519.2905   19.6340
    0.0000   52.5000    7.5000 2563.4934   19.0932
    7.5000   52.5000    7.5000 2568.9019   18.8826
   -7.5000  -37.5000   15.0000 1891.8750   35.8683
    0.0000  -37.5000   15.0000 1920.6562   34.9901
    7.5000  -37.5000   15.0000 1928.2117   34.4485
   -7.5000  -30.0000   15.0000 2063.0635   30.0593
    0.0000  -30.0000   15.0000 2093.7927   29.3910
    7.5000  -30.0000   15.0000 2097.6331   28.9600
   -7.5000  -22.5000   15.0000 2243.0405   25.8303
    0.0000  -22.5000   15.0000 2268.0474   25.1013
    7.5000  -22.5000   15.0000 2270.7798   24.7854
   -7.5000  -15.0000   15.0000 2385.5161   22.7238
    0.0000  -15.0000   15.0000 2415.5527   22.0128
    7.5000  -15.0000   15.0000 2423.9929   21.7863
   -7.5000   -7.5000   15.0000 2511.9080   20.5164
    0.0000   -7.5000   15.0000 2548.6777   19.8759
    7.5000   -7.5000   15.0000 2557.5615   19.7024
   -7.5000    0.0000   15.0000 2628.1172   18.9104
    0.0000    0.0000   15.0000 2669.7468   18.2864
    7.5000    0.0000   15.0000 2671.5945   18.1159
   -7.5000    7.5000   15.0000 2731.4028   17.5263
    0.0000    7.5000   15.0000 2785.3557   17.0016
    7.5000    7.5000   15.0000 2787.5125   16.8458
   -7.5000   15.0000   15.0000 2804.8276   16.4812
    0.0000   15.0000   15.0000 2862.6414   15.7794
    7.5000   15.0000   15.0000 2863.4089   15.5986
   -7.5000   22.5000   15.0000 2849.1802   16.1175
    0.0000   22.5000   15.0000 2910.5051   15.3106
    7.5000   22.5000   15.0000 2904.5244   15.1220
   -7.5000   30.0000   15.0000 2836.3018   16.3455
    0.0000   30.0000   15.0000 2897.1904   15.6993
    7.5000   30.0000   15.0000 2900.9036   15.5615
   -7.5000   37.5000   15.0000 2776.7048   17.0427
    0.0000   37.5000   15.0000 2833.0117   16.4614
    7.5000   37.5000   15.0000 2842.6785   16.3615
   -7.5000   45.0000   15.0000 2686.3215   18.1238
    0.0000   45.0000   15.0000 2734.4915   17.5602
    7.5000   45.0000   15.0000 2742.2117   17.4487
   -7.5000   52.5000   15.0000 2537.8542   19.4384
    0.0000   52.5000   15.0000 2581.8564   18.8778
    7.5000   52.5000   15.0000 2589.9585   18.7651
   -7.5000  -37.5000   22.5000 1891.7274   36.2285
    0.0000  -37.5000   22.5000 1917.9181   35.1912
    7.5000  -37.5000   22.5000 1922.6113   34.8497
   -7.5000  -30.0000   22.5000 2061.9424   30.3284
    0.0000  -30.0000   22.5000 2088.7871   29.4112
    7.5000  -30.0000   22.5000 2095.6494   29.0809
   -7.5000  -22.5000   22.5000 2237.0923   26.1076
    0.0000  -22.5000   22.5000 2263.0850   25.2404
    7.5000  -22.5000   22.5000 2268.6492   24.8966
   -7.5000  -15.0000   22.5000 2385.7959   23.0088
    0.0000  -15.0000   22.5000 2415.0691   22.2417
    7.5000  -15.0000   22.5000 2419.0168   21.9071
   -7.5000   -7.5000   22.5000 2520.3835   20.8187
    0.0000   -7.5000   22.5000 2551.6157   20.0935
    7.5000   -7.5000   22.5000 2549.3208   19.8417
   -7.5000    0.0000   22.5000 2635.6936   19.1572
    0.0000    0.0000   22.5000 2672.7078   18.4947
    7.5000    0.0000   22.5000 2665.9902   18.2927
   -7.5000    7.5000   22.5000 2733.1882   17.7656
    0.0000    7.5000   22.5000 2774.8147   17.1359
    7.5000    7.5000   22.5000 2776.4417   17.0190
   -7.5000   15.0000   22.5000 2807.8699   16.7936
    0.0000   15.0000   22.5000 2853.1792   16.0722
    7.5000   15.0000   22.5000 2868.3005   16.0204
   -7.5000   22.5000   22.5000 2855.7639   16.3708
    0.0000   22.5000   22.5000 2917.2346   15.6503
    7.5000   22.5000   22.5000 2928.9917   15.5887
   -7.5000   30.0000   22.5000 2846.7356   16.5582
    0.0000   30.0000   22.5000 2910.0264   15.9381
    7.5000   30.0000   22.5000 2922.0410   15.8807
   -7.5000   37.5000   22.5000 2785.6396   17.2319
    0.0000   37.5000   22.5000 2840.0986   16.7243
    7.5000   37.5000   22.5000 2853.5046   16.6040
   -7.5000   45.0000   22.5000 2683.4966   18.2647
    0.0000   45.0000   22.5000 2732.1958   17.7613
    7.5000   45.0000   22.5000 2738.4282   17.5891
   -7.5000   52.5000   22.5000 2532.0928   19.5329
    0.0000   52.5000   22.5000 2579.8601   19.0204
    7.5000   52.5000   22.5000 2585.7148   18.8209
   -7.5000  -37.5000   30.0000 1870.2498   36.9486
    0.0000  -37.5000   30.0000 1892.9642   35.8790
    7.5000  -37.5000   30.0000 1896.0422   35.4596
   -7.5000  -30.0000   30.0000 2043.9526   30.9782
    0.0000  -30.0000   30.0000 2067.1526   30.0093
    7.5000  -30.0000   30.0000 2077.1067   29.6667
   -7.5000  -22.5000   30.0000 2223.0188   26.6224
    0.0000  -22.5000   30.0000 2251.3201   25.7738
    7.5000  -22.5000   30.0000 2257.5364   25.4939
   -7.5000  -15.0000   30.0000 2375.3628   23.4780
    0.0000  -15.0000   30.0000 2399.9236   22.6493
    7.5000  -15.0000   30.0000 2402.1848   22.4404
   -7.5000   -7.5000   30.0000 2509.1519   21.2478
    0.0000   -7.5000   30.0000 2533.9106   20.5275
    7.5000   -7.5000   30.0000 2531.7056   20.3461
   -7.5000    0.0000   30.0000 2615.7769   19.5938
    0.0000    0.0000   30.0000 2650.3777   18.9905
    7.5000    0.0000   30.0000 2646.4900   18.8708
   -7.5000    7.5000   30.0000 2709.3950   18.3418
    0.0000    7.5000   30.0000 2746.7449   17.6633
    7.5000    7.5000   30.0000 2748.7168   17.5520
   -7.5000   15.0000   30.0000 2786.8748   17.4591
    0.0000   15.0000   30.0000 2839.1064   16.8469
    7.5000   15.0000   30.0000 2843.4280   16.7289
   -7.5000   22.5000   30.0000 2833.8591   17.0919
    0.0000   22.5000   30.0000 2895.7839   16.6113
    7.5000   22.5000   30.0000 2896.6106   16.5077
   -7.5000   30.0000   30.0000 2813.3467   17.1751
    0.0000   30.0000   30.0000 2868.3267   16.7241
    7.5000   30.0000   30.0000 2872.5437   16.6462
   -7.5000   37.5000   30.0000 2747.1882   17.6690
    0.0000   37.5000   30.0000 2796.7563   17.2240
    7.5000   37.5000   30.0000 2808.6223   17.1344
   -7.5000   45.0000   30.0000 2651.8743   18.6339
    0.0000   45.0000   30.0000 2690.1533   18.1360
    7.5000   45.0000   30.0000 2699.2456   18.0195
   -7.5000   52.5000   30.0000 2506.6675   19.8559
    0.0000   52.5000   30.0000 2549.5552   19.3462
    7.5000   52.5000   30.0000 2554.5779   19.1910
   -7.5000  -37.5000   37.5000 1840.1073   37.9961
    0.0000  -37.5000   37.5000 1861.2245   36.8948
    7.5000  -37.5000   37.5000 1865.0383   36.7275
   -7.5000  -30.0000   37.5000 2016.6755   31.8128
    0.0000  -30.0000   37.5000 2037.7761   30.8271
    7.5000  -30.0000   37.5000 2043.7891   30.6538
   -7.5000  -22.5000   37.5000 2194.5713   27.3629
    0.0000  -22.5000   37.5000 2222.7112   26.5437
    7.5000  -22.5000   37.5000 2226.2007   26.3570
   -7.5000  -15.0000   37.5000 2347.9641   24.2702
    0.0000  -15.0000   37.5000 2375.6377   23.5230
    7.5000  -15.0000   37.5000 2377.5249   23.3714
   -7.5000   -7.5000   37.5000 2475.0361   22.0339
    0.0000   -7.5000   37.5000 2506.8760   21.3904
    7.5000   -7.5000   37.5000 2508.6243   21.2918
   -7.5000    0.0000   37.5000 2578.2197   20.4412
    0.0000    0.0000   37.5000 2610.3381   19.7553
    7.5000    0.0000   37.5000 2610.2812   19.6893
   -7.5000    7.5000   37.5000 2665.9507   19.2154
    0.0000    7.5000   37.5000 2704.3726   18.5703
    7.5000    7.5000   37.5000 2704.6736   18.3996
   -7.5000   15.0000   37.5000 2736.9922   18.3569
    0.0000   15.0000   37.5000 2784.3848   17.7723
    7.5000   15.0000   37.5000 2784.2805   17.6549
   -7.5000   22.5000   37.5000 2770.8086   17.9779
    0.0000   22.5000   37.5000 2819.6721   17.4611
    7.5000   22.5000   37.5000 2819.5894   17.3498
   -7.5000   30.0000   37.5000 2746.5969   18.0107
    0.0000   30.0000   37.5000 2798.2666   17.5493
    7.5000   30.0000   37.5000 2795.1833   17.4241
   -7.5000   37.5000   37.5000 2682.4890   18.4433
    0.0000   37.5000   37.5000 2727.5671   18.0425
    7.5000   37.5000   37.5000 2732.7358   17.8900
   -7.5000   45.0000   37.5000 2589.3608   19.2884
    0.0000   45.0000   37.5000 2628.2322   18.9330
    7.5000   45.0000   37.5000 2637.9927   18.7877
   -7.5000   52.5000   37.5000 2455.3210   20.4280
    0.0000   52.5000   37.5000 2493.9927   20.0294
    7.5000   52.5000   37.5000 2502.2175   19.8733
   -7.5000  -37.5000   45.0000 1804.3280   39.4909
    0.0000  -37.5000   45.0000 1824.6241   38.5008
    7.5000  -37.5000   45.0000 1828.0707   38.4520
   -7.5000  -30.0000   45.0000 1978.5613   33.2366
    0.0000  -30.0000   45.0000 2002.5751   32.3915
    7.5000  -30.0000   45.0000 2004.0955   32.3309
   -7.5000  -22.5000   45.0000 2149.7532   28.6319
    0.0000  -22.5000   45.0000 2180.6860   27.9458
    7.5000  -22.5000   45.0000 2184.1885   27.8565
   -7.5000  -15.0000   45.0000 2298.9653   25.4244
    0.0000  -15.0000   45.0000 2329.7656   24.7684
    7.5000  -15.0000   45.0000 2332.1194   24.6574
   -7.5000   -7.5000   45.0000 2422.3833   23.2469
    0.0000   -7.5000   45.0000 2455.9697   22.4995
    7.5000   -7.5000   45.0000 2457.1062   22.4053
   -7.5000    0.0000   45.0000 2518.0911   21.6127
    0.0000    0.0000   45.0000 2553.0315   20.8348
    7.5000    0.0000   45.0000 2554.5752   20.7305
   -7.5000    7.5000   45.0000 2604.6138   20.3389
    0.0000    7.5000   45.0000 2639.4778   19.6557
    7.5000    7.5000   45.0000 2640.6135   19.5167
   -7.5000   15.0000   45.0000 2663.6614   19.5067
    0.0000   15.0000   45.0000 2702.3381   18.8755
    7.5000   15.0000   45.0000 2703.1760   18.7468
   -7.5000   22.5000   45.0000 2688.3152   19.1297
    0.0000   22.5000   45.0000 2727.7483   18.5556
    7.5000   22.5000   45.0000 2729.5615   18.4402
   -7.5000   30.0000   45.0000 2667.2207   19.1390
    0.0000   30.0000   45.0000 2707.8787   18.5890
    7.5000   30.0000   45.0000 2701.9182   18.4846
   -7.5000   37.5000   45.0000 2604.5632   19.5275
    0.0000   37.5000   45.0000 2640.8413   19.0273
    7.5000   37.5000   45.0000 2644.8816   18.9264
   -7.5000   45.0000   45.0000 2511.2998   20.3140
    0.0000   45.0000   45.0000 2549.7039   19.8627
    7.5000   45.0000   45.0000 2557.4500   19.7766
   -7.5000   52.5000   45.0000 2384.2678   21.3773
    0.0000   52.5000   45.0000 2416.5798   20.9866
    7.5000   52.5000   45.0000 2421.7754   20.8748
   -7.5000  -37.5000   52.5000 1764.0522   41.4082
    0.0000  -37.5000   52.5000 1785.3833   40.4061
    7.5000  -37.5000   52.5000 1791.8402   40.3960
   -7.5000  -30.0000   52.5000 1933.9775   34.9940
    0.0000  -30.0000   52.5000 1962.7423   34.1921
    7.5000  -30.0000   52.5000 1964.8972   34.0386
   -7.5000  -22.5000   52.5000 2105.7366   30.3658
    0.0000  -22.5000   52.5000 2138.0706   29.5850
    7.5000  -22.5000   52.5000 2138.2888   29.4379
   -7.5000  -15.0000   52.5000 2250.5061   27.0313
    0.0000  -15.0000   52.5000 2284.3582   26.2536
    7.5000  -15.0000   52.5000 2282.9763   26.0915
   -7.5000   -7.5000   52.5000 2366.8953   24.6549
    0.0000   -7.5000   52.5000 2404.9751   23.8846
    7.5000   -7.5000   52.5000 2401.2112   23.7572
   -7.5000    0.0000   52.5000 2463.6626   22.9818
    0.0000    0.0000   52.5000 2499.2175   22.2241
    7.5000    0.0000   52.5000 2496.9246   22.1006
   -7.5000    7.5000   52.5000 2541.0437   21.7671
    0.0000    7.5000   52.5000 2575.3965   21.0749
    7.5000    7.5000   52.5000 2574.3394   20.9393
   -7.5000   15.0000   52.5000 2588.7366   20.9228
    0.0000   15.0000   52.5000 2622.7212   20.3147
    7.5000   15.0000   52.5000 2620.5928   20.1716
   -7.5000   22.5000   52.5000 2600.5566   20.5418
    0.0000   22.5000   52.5000 2633.2935   19.9436
    7.5000   22.5000   52.5000 2633.6592   19.7911
   -7.5000   30.0000   52.5000 2577.4102   20.5377
    0.0000   30.0000   52.5000 2611.1367   19.9508
    7.5000   30.0000   52.5000 2603.9377   19.8026
   -7.5000   37.5000   52.5000 2519.3276   20.9356
    0.0000   37.5000   52.5000 2552.8562   20.3789
    7.5000   37.5000   52.5000 2551.4270   20.2268
   -7.5000   45.0000   52.5000 2434.9976   21.6535
    0.0000   45.0000   52.5000 2467.5652   21.1753
    7.5000   45.0000   52.5000 2470.2454   21.0319
   -7.5000   52.5000   52.5000 2311.1643   22.6768
    0.0000   52.5000   52.5000 2337.6377   22.2803
    7.5000   52.5000   52.5000 2339.6848   22.1595

---------------------------------------------------------------------
imgreg_4dfp /opt/freesurfer/average/711-2C_as_mni_average_305 /opt/freesurfer/average/711-2B_as_mni_average_305_mask talsrcimg_g11 none talsrcimg_to_711-2C_as_mni_average_305_t4 1283
---------------------------------------------------------------------

freesurfer imgreg_4dfp.c
/opt/freesurfer/average/711-2C_as_mni_average_305.4dfp.img
       256       256       256         1
  1.000000  1.000000  1.000000
orientation T byte_order littleendian
Reading image: /opt/freesurfer/average/711-2C_as_mni_average_305.4dfp.img
dimensions:      256       256       256
mmppix:       1.0000   -1.0000   -1.0000
center:     128.0000 -129.0000 -129.0000
/opt/freesurfer/average/711-2B_as_mni_average_305_mask.4dfp.img
       256       256       256         1
  1.000000  1.000000  1.000000
orientation T byte_order littleendian
Reading mask: /opt/freesurfer/average/711-2B_as_mni_average_305_mask.4dfp.img (2306576 pixels)
talsrcimg_g11.4dfp.img
       256       256       256         1
  1.000000  1.000000  1.000000
orientation T byte_order littleendian
Reading image: talsrcimg_g11.4dfp.img
dimensions:      256       256       256
mmppix:       1.0000   -1.0000   -1.0000
center:     128.0000 -129.0000 -129.0000
rotation matrix determinant  1.000000
fimgreg.f
image alignment mode   1283 decimal      503 hex
parameters
    7.5000   22.5000   22.5000    0.0000    0.0000    0.0000
eta,q 0.91874 15.61240
niter,ni,del,rscale     5    3   12.0000    1.2000
parameter  2 -0.569811 -> -0.500000 qaram    1.1500
parameter  5 -0.588358 -> -0.500000 qaram    1.1500
parameters
    5.3958   25.9500   21.6484    0.7819    3.4500    2.0046
eta,q 0.92425 15.46293
  0.0852  0.0882  0.0812  0.0815  0.0877  0.0800
  0.0824  0.0827  0.0813  0.0807  0.0839  0.0786
  0.0807  0.0813  0.0785  0.0792  0.0804  0.0772
  0.0819  0.0808  0.0780  0.0781  0.0780  0.0762
  0.0857  0.0781  0.0785  0.0783  0.0768  0.0757
  0.0930  0.0778  0.0807  0.0793  0.0762  0.0760
  0.1014  0.0791  0.0872  0.0806  0.0774  0.0772
niter,ni,del,rscale     6    3   12.0000    1.2000
parameters
    3.7068   24.7733   21.4755    2.6144    4.9648    1.1086
eta,q 0.92627 15.36879
  0.0814  0.0803  0.0784  0.0816  0.0841  0.0774
  0.0777  0.0781  0.0795  0.0802  0.0794  0.0755
  0.0759  0.0754  0.0766  0.0775  0.0762  0.0740
  0.0757  0.0759  0.0748  0.0749  0.0745  0.0739
  0.0791  0.0790  0.0745  0.0745  0.0739  0.0753
  0.0879  0.0801  0.0768  0.0756  0.0754  0.0774
  0.0963  0.0840  0.0818  0.0775  0.0782  0.0800
niter,ni,del,rscale     5    3   12.0000    1.2000
parameters
    2.9730   24.4912   21.6244    2.9191    6.0797    1.1113
eta,q 0.92680 15.36655
  0.0845  0.0837  0.0767  0.0803  0.0826  0.0787
  0.0792  0.0784  0.0759  0.0775  0.0785  0.0760
  0.0752  0.0746  0.0755  0.0742  0.0758  0.0739
  0.0737  0.0738  0.0736  0.0734  0.0736  0.0732
  0.0764  0.0775  0.0727  0.0749  0.0735  0.0742
  0.0836  0.0809  0.0743  0.0767  0.0752  0.0760
  0.0919  0.0833  0.0781  0.0788  0.0787  0.0786
niter,ni,del,rscale     4    3   12.0000    1.2000
parameters
    2.5714   24.4709   21.9327    3.0298    6.5419    1.2270
eta,q 0.92697 15.40089
  0.0858  0.0844  0.0769  0.0797  0.0813  0.0786
  0.0801  0.0790  0.0761  0.0766  0.0775  0.0759
  0.0752  0.0746  0.0753  0.0736  0.0750  0.0738
  0.0732  0.0732  0.0732  0.0731  0.0731  0.0730
  0.0756  0.0768  0.0722  0.0745  0.0737  0.0739
  0.0822  0.0804  0.0742  0.0765  0.0759  0.0756
  0.0903  0.0829  0.0779  0.0788  0.0798  0.0781
niter,ni,del,rscale     3    3   12.0000    1.2000
parameters
    2.4126   24.3951   22.1013    3.1565    6.7012    1.2876
eta,q 0.92704 15.42025
  0.0866  0.0840  0.0770  0.0796  0.0807  0.0783
  0.0805  0.0791  0.0766  0.0764  0.0770  0.0757
  0.0753  0.0745  0.0750  0.0735  0.0745  0.0736
  0.0730  0.0731  0.0730  0.0729  0.0730  0.0730
  0.0749  0.0769  0.0721  0.0743  0.0739  0.0738
  0.0808  0.0803  0.0746  0.0763  0.0763  0.0755
  0.0889  0.0830  0.0785  0.0786  0.0803  0.0780
niter,ni,del,rscale     2    3   12.0000    1.2000
parameters
    2.3489   24.3087   22.1766    3.2755    6.7822    1.3206
eta,q 0.92710 15.42982
  0.0868  0.0840  0.0769  0.0795  0.0805  0.0781
  0.0807  0.0792  0.0767  0.0764  0.0769  0.0756
  0.0754  0.0745  0.0748  0.0735  0.0744  0.0735
  0.0730  0.0730  0.0729  0.0729  0.0729  0.0729
  0.0746  0.0769  0.0721  0.0743  0.0739  0.0737
  0.0803  0.0804  0.0747  0.0763  0.0764  0.0754
  0.0883  0.0832  0.0788  0.0786  0.0804  0.0780
niter,ni,del,rscale     1    3   12.0000    1.2000
parameters
    2.3285   24.2439   22.2361    3.3631    6.8164    1.3346
eta,q 0.92714 15.43754
  0.0869  0.0841  0.0769  0.0795  0.0804  0.0780
  0.0808  0.0793  0.0768  0.0763  0.0768  0.0755
  0.0754  0.0745  0.0748  0.0734  0.0743  0.0735
  0.0729  0.0729  0.0729  0.0728  0.0729  0.0729
  0.0744  0.0768  0.0720  0.0742  0.0739  0.0737
  0.0800  0.0804  0.0748  0.0763  0.0764  0.0753
  0.0881  0.0833  0.0789  0.0786  0.0805  0.0780
registration optimization eta report
parameter search radius
    6.0000    6.9000    6.0000    6.0000    6.9000    6.0000
100000*second partial in parameter space
       40.       21.       14.       17.       15.       14.
  0.0869  0.0841  0.0769  0.0795  0.0804  0.0780
  0.0808  0.0793  0.0768  0.0763  0.0768  0.0755
  0.0754  0.0745  0.0748  0.0734  0.0743  0.0735
  0.0729  0.0729  0.0729  0.0728  0.0729  0.0729
  0.0744  0.0768  0.0720  0.0742  0.0739  0.0737
  0.0800  0.0804  0.0748  0.0763  0.0764  0.0753
  0.0881  0.0833  0.0789  0.0786  0.0805  0.0780
    2.3285   24.2439   22.2361    3.3631    6.8164    1.3346
eta,q 0.92714 15.43754

---------------------------------------------------------------------
imgreg_4dfp /opt/freesurfer/average/711-2C_as_mni_average_305 /opt/freesurfer/average/711-2B_as_mni_average_305_mask talsrcimg_g11 none talsrcimg_to_711-2C_as_mni_average_305_t4 3335
---------------------------------------------------------------------

freesurfer imgreg_4dfp.c
/opt/freesurfer/average/711-2C_as_mni_average_305.4dfp.img
       256       256       256         1
  1.000000  1.000000  1.000000
orientation T byte_order littleendian
Reading image: /opt/freesurfer/average/711-2C_as_mni_average_305.4dfp.img
dimensions:      256       256       256
mmppix:       1.0000   -1.0000   -1.0000
center:     128.0000 -129.0000 -129.0000
/opt/freesurfer/average/711-2B_as_mni_average_305_mask.4dfp.img
       256       256       256         1
  1.000000  1.000000  1.000000
orientation T byte_order littleendian
Reading mask: /opt/freesurfer/average/711-2B_as_mni_average_305_mask.4dfp.img (2306576 pixels)
talsrcimg_g11.4dfp.img
       256       256       256         1
  1.000000  1.000000  1.000000
orientation T byte_order littleendian
Reading image: talsrcimg_g11.4dfp.img
dimensions:      256       256       256
mmppix:       1.0000   -1.0000   -1.0000
center:     128.0000 -129.0000 -129.0000
fimgreg.f
image alignment mode   3335 decimal      D07 hex
parameters
    2.3285   24.2439   22.2361   -0.7338   -0.2155   -0.8778
   -3.0211  -11.7085    2.3126   -6.1407   11.8688    5.8248
eta,q 0.92618 15.53387
niter,ni,del,rscale     5    3    5.0000    1.2000
parameter  4  1.082898 ->  0.500000 qaram    1.1500
parameter  5  3.089932 ->  0.500000 qaram    1.1500
parameter  6  0.776431 ->  0.500000 qaram    1.1500
parameters
    2.0248   24.2822   23.3226   -4.8738   -4.3555   -5.0178
   -3.5749   -9.1977    2.7542   -4.7819    9.1302    8.4116
eta,q 0.93759 15.17151
  0.0756  0.0753  0.0758  0.0695  0.0609  0.0630  0.0645  0.0657  0.0643  0.0669  0.0626  0.0648
  0.0745  0.0745  0.0752  0.0702  0.0637  0.0631  0.0636  0.0643  0.0635  0.0651  0.0626  0.0639
  0.0739  0.0740  0.0745  0.0715  0.0670  0.0633  0.0632  0.0635  0.0630  0.0636  0.0626  0.0631
  0.0738  0.0738  0.0738  0.0734  0.0705  0.0646  0.0631  0.0631  0.0627  0.0627  0.0626  0.0626
  0.0743  0.0740  0.0734  0.0760  0.0745  0.0684  0.0634  0.0628  0.0628  0.0627  0.0626  0.0624
  0.0754  0.0744  0.0735  0.0796  0.0790  0.0720  0.0640  0.0628  0.0633  0.0634  0.0629  0.0625
  0.0769  0.0752  0.0741  0.0837  0.0839  0.0757  0.0649  0.0635  0.0640  0.0648  0.0635  0.0631
niter,ni,del,rscale     7    3    5.0000    1.2000
parameter  3  2.546412 ->  0.500000 qaram    1.1500
parameter  4  0.674942 ->  0.500000 qaram    1.3225
parameter  5  1.475385 ->  0.500000 qaram    1.3225
parameter  6  0.990560 ->  0.500000 qaram    1.3225
parameter 12  2.603178 ->  0.500000 qaram    1.1500
parameters
    2.6082   24.1170   21.9426   -9.6348   -9.1165   -9.7788
   -3.5025   -9.1777    1.2216   -6.7144    5.5893    4.2716
eta,q 0.94561 14.24295
  0.0647  0.0637  0.0595  0.0591  0.0534  0.0530  0.0563  0.0568  0.0554  0.0555  0.0547  0.0541
  0.0636  0.0629  0.0600  0.0592  0.0549  0.0544  0.0555  0.0558  0.0550  0.0549  0.0546  0.0543
  0.0628  0.0624  0.0610  0.0595  0.0567  0.0554  0.0549  0.0551  0.0547  0.0547  0.0546  0.0545
  0.0624  0.0623  0.0623  0.0602  0.0593  0.0554  0.0548  0.0548  0.0548  0.0547  0.0546  0.0546
  0.0623  0.0625  0.0638  0.0614  0.0624  0.0572  0.0549  0.0550  0.0551  0.0552  0.0548  0.0547
  0.0626  0.0632  0.0652  0.0633  0.0663  0.0608  0.0555  0.0557  0.0556  0.0561  0.0550  0.0549
  0.0632  0.0641  0.0666  0.0663  0.0710  0.0636  0.0562  0.0568  0.0564  0.0573  0.0552  0.0553
niter,ni,del,rscale     7    3    5.0000    1.2000
parameter  2  1.122834 ->  0.500000 qaram    1.1500
parameter  3 -4.707187 ->  0.500000 qaram    1.3225
parameter  5  7.765597 ->  0.500000 qaram    1.5209
parameter  6  0.881859 ->  0.500000 qaram    1.5209
parameter 11 -0.650752 -> -0.500000 qaram    1.1500
parameter 12  0.852295 ->  0.500000 qaram    1.3225
parameters
    2.7247   22.7370   20.3556  -12.7553  -14.5917  -15.2539
   -1.2475   -7.7709    1.9716  -10.2770    9.7293   -0.4894
eta,q 0.96294 14.00413
  0.0563  0.0536  0.0464  0.0500  0.0398  0.0398  0.0429  0.0427  0.0409  0.0392  0.0397  0.0368
  0.0553  0.0537  0.0488  0.0496  0.0423  0.0394  0.0415  0.0411  0.0400  0.0385  0.0391  0.0370
  0.0546  0.0539  0.0513  0.0494  0.0458  0.0404  0.0403  0.0399  0.0395  0.0385  0.0387  0.0374
  0.0544  0.0544  0.0537  0.0495  0.0494  0.0432  0.0395  0.0393  0.0392  0.0391  0.0384  0.0381
  0.0546  0.0549  0.0559  0.0500  0.0528  0.0457  0.0393  0.0392  0.0392  0.0404  0.0382  0.0393
  0.0551  0.0556  0.0578  0.0511  0.0565  0.0479  0.0396  0.0397  0.0396  0.0422  0.0381  0.0409
  0.0559  0.0564  0.0596  0.0532  0.0602  0.0537  0.0404  0.0409  0.0404  0.0446  0.0383  0.0430
niter,ni,del,rscale     7    3    5.0000    1.2000
parameter  3  1.081729 ->  0.500000 qaram    1.5209
parameter  4 -0.705401 -> -0.500000 qaram    1.5209
parameter  5  0.537107 ->  0.500000 qaram    1.7490
parameters
    2.8465   22.0819   18.5306   -7.2802  -20.8881  -14.8046
   -1.1480   -8.5690    1.9053   -7.7872   10.4992    1.3595
eta,q 0.96724 13.90352
  0.0395  0.0388  0.0345  0.0387  0.0345  0.0379  0.0349  0.0348  0.0344  0.0362  0.0338  0.0344
  0.0383  0.0374  0.0349  0.0372  0.0335  0.0361  0.0339  0.0339  0.0337  0.0349  0.0334  0.0337
  0.0374  0.0368  0.0356  0.0360  0.0329  0.0346  0.0334  0.0333  0.0333  0.0338  0.0331  0.0332
  0.0371  0.0371  0.0368  0.0350  0.0342  0.0333  0.0331  0.0331  0.0331  0.0331  0.0329  0.0328
  0.0372  0.0380  0.0384  0.0344  0.0385  0.0328  0.0333  0.0336  0.0332  0.0329  0.0328  0.0328
  0.0379  0.0395  0.0405  0.0342  0.0433  0.0338  0.0339  0.0345  0.0337  0.0331  0.0330  0.0330
  0.0391  0.0414  0.0430  0.0344  0.0479  0.0387  0.0348  0.0359  0.0345  0.0338  0.0336  0.0336
niter,ni,del,rscale     7    3    5.0000    1.2000
parameter  3  0.518554 ->  0.500000 qaram    1.7490
parameter 10 -0.545266 -> -0.500000 qaram    1.1500
parameters
    3.1088   23.3465   16.4318   -4.9613  -23.2043  -15.8794
   -1.3609   -8.0927    1.3949   -3.6472   11.8168    1.1076
eta,q 0.96883 13.76218
  0.0352  0.0376  0.0321  0.0351  0.0351  0.0348  0.0333  0.0339  0.0329  0.0348  0.0322  0.0322
  0.0340  0.0354  0.0316  0.0335  0.0333  0.0333  0.0324  0.0328  0.0322  0.0335  0.0318  0.0316
  0.0332  0.0338  0.0316  0.0324  0.0320  0.0322  0.0319  0.0321  0.0318  0.0325  0.0314  0.0313
  0.0328  0.0327  0.0322  0.0316  0.0311  0.0316  0.0317  0.0317  0.0317  0.0317  0.0312  0.0312
  0.0328  0.0322  0.0334  0.0309  0.0318  0.0309  0.0320  0.0318  0.0319  0.0313  0.0312  0.0313
  0.0334  0.0323  0.0352  0.0311  0.0361  0.0324  0.0325  0.0324  0.0324  0.0313  0.0313  0.0317
  0.0344  0.0329  0.0376  0.0335  0.0415  0.0394  0.0335  0.0335  0.0333  0.0316  0.0318  0.0323
niter,ni,del,rscale     7    3    5.0000    1.2000
parameter  2 -0.504452 -> -0.500000 qaram    1.3225
parameters
    3.3014   24.9335   15.3464   -5.7341  -25.2985  -16.8399
   -1.3531   -7.7219    0.8062   -0.8175   11.4241    0.5459
eta,q 0.96940 13.49877
  0.0334  0.0358  0.0319  0.0331  0.0341  0.0337  0.0324  0.0327  0.0321  0.0341  0.0312  0.0315
  0.0323  0.0338  0.0309  0.0319  0.0324  0.0322  0.0316  0.0318  0.0314  0.0328  0.0309  0.0310
  0.0315  0.0322  0.0305  0.0311  0.0313  0.0313  0.0312  0.0313  0.0310  0.0317  0.0307  0.0307
  0.0312  0.0312  0.0306  0.0305  0.0306  0.0309  0.0310  0.0309  0.0309  0.0309  0.0306  0.0306
  0.0313  0.0306  0.0313  0.0302  0.0310  0.0304  0.0311  0.0310  0.0312  0.0306  0.0307  0.0308
  0.0318  0.0306  0.0328  0.0316  0.0342  0.0314  0.0316  0.0315  0.0317  0.0309  0.0309  0.0311
  0.0328  0.0311  0.0353  0.0352  0.0395  0.0372  0.0324  0.0325  0.0326  0.0317  0.0314  0.0318
niter,ni,del,rscale     7    3    5.0000    1.2000
parameters
    3.4983   25.7871   14.9861   -5.6946  -26.6361  -17.0450
   -1.5051   -7.4261    0.8290    0.7405   10.9348   -0.1408
eta,q 0.96954 13.38929
  0.0325  0.0349  0.0325  0.0329  0.0341  0.0336  0.0319  0.0323  0.0320  0.0334  0.0311  0.0314
  0.0316  0.0328  0.0313  0.0317  0.0323  0.0321  0.0312  0.0315  0.0313  0.0322  0.0307  0.0309
  0.0309  0.0314  0.0306  0.0309  0.0311  0.0310  0.0308  0.0309  0.0308  0.0312  0.0305  0.0305
  0.0306  0.0306  0.0304  0.0304  0.0304  0.0306  0.0306  0.0306  0.0306  0.0306  0.0305  0.0305
  0.0307  0.0305  0.0308  0.0300  0.0305  0.0302  0.0307  0.0307  0.0307  0.0305  0.0305  0.0306
  0.0311  0.0309  0.0318  0.0308  0.0328  0.0306  0.0313  0.0311  0.0312  0.0310  0.0308  0.0310
  0.0320  0.0318  0.0335  0.0338  0.0376  0.0353  0.0321  0.0322  0.0321  0.0320  0.0313  0.0317
niter,ni,del,rscale     6    3    5.0000    1.2000
parameters
    3.6164   26.2839   14.7456   -5.6413  -27.2930  -17.2440
   -1.6444   -7.3011    0.9802    1.7327   10.5564   -0.6527
eta,q 0.96955 13.33687
  0.0322  0.0339  0.0325  0.0328  0.0343  0.0334  0.0319  0.0321  0.0320  0.0331  0.0311  0.0314
  0.0313  0.0321  0.0314  0.0316  0.0324  0.0319  0.0311  0.0313  0.0312  0.0319  0.0307  0.0309
  0.0307  0.0310  0.0306  0.0309  0.0312  0.0309  0.0307  0.0308  0.0307  0.0310  0.0305  0.0306
  0.0305  0.0304  0.0304  0.0304  0.0304  0.0305  0.0305  0.0305  0.0305  0.0305  0.0305  0.0304
  0.0305  0.0306  0.0307  0.0300  0.0303  0.0302  0.0306  0.0306  0.0306  0.0305  0.0305  0.0306
  0.0310  0.0311  0.0316  0.0308  0.0321  0.0304  0.0312  0.0311  0.0311  0.0311  0.0308  0.0310
  0.0320  0.0322  0.0332  0.0336  0.0364  0.0351  0.0320  0.0322  0.0319  0.0322  0.0313  0.0317
niter,ni,del,rscale     5    3    5.0000    1.2000
parameters
    3.6831   26.5960   14.5654   -5.6068  -27.6740  -17.3941
   -1.7306   -7.2560    1.1434    2.3858   10.2977   -0.9931
eta,q 0.96952 13.30670
  0.0321  0.0334  0.0326  0.0328  0.0343  0.0334  0.0319  0.0321  0.0320  0.0329  0.0311  0.0315
  0.0312  0.0318  0.0314  0.0316  0.0325  0.0319  0.0311  0.0313  0.0312  0.0317  0.0307  0.0310
  0.0307  0.0308  0.0307  0.0309  0.0312  0.0309  0.0307  0.0308  0.0307  0.0309  0.0305  0.0306
  0.0305  0.0304  0.0305  0.0304  0.0304  0.0305  0.0305  0.0305  0.0305  0.0305  0.0305  0.0305
  0.0306  0.0306  0.0307  0.0300  0.0303  0.0302  0.0306  0.0306  0.0306  0.0306  0.0305  0.0306
  0.0311  0.0313  0.0316  0.0308  0.0319  0.0304  0.0311  0.0311  0.0311  0.0312  0.0308  0.0310
  0.0320  0.0323  0.0331  0.0335  0.0359  0.0349  0.0320  0.0322  0.0319  0.0323  0.0312  0.0317
niter,ni,del,rscale     4    3    5.0000    1.2000
parameters
    3.7123   26.8058   14.4335   -5.5837  -27.9367  -17.5138
   -1.7596   -7.2610    1.2665    2.8394   10.1158   -1.1879
eta,q 0.96950 13.28648
  0.0321  0.0332  0.0326  0.0328  0.0344  0.0334  0.0319  0.0320  0.0320  0.0327  0.0312  0.0315
  0.0312  0.0317  0.0315  0.0316  0.0325  0.0319  0.0311  0.0313  0.0312  0.0317  0.0308  0.0310
  0.0307  0.0308  0.0307  0.0309  0.0312  0.0309  0.0307  0.0308  0.0307  0.0309  0.0306  0.0306
  0.0305  0.0305  0.0305  0.0305  0.0305  0.0305  0.0305  0.0305  0.0305  0.0305  0.0305  0.0305
  0.0306  0.0307  0.0308  0.0301  0.0304  0.0302  0.0306  0.0306  0.0306  0.0306  0.0306  0.0306
  0.0311  0.0314  0.0316  0.0308  0.0318  0.0304  0.0311  0.0311  0.0311  0.0313  0.0308  0.0310
  0.0321  0.0325  0.0330  0.0335  0.0357  0.0348  0.0319  0.0322  0.0319  0.0324  0.0312  0.0317
niter,ni,del,rscale     3    3    5.0000    1.2000
parameters
    3.7202   26.9530   14.3375   -5.5706  -28.1348  -17.6017
   -1.7599   -7.2840    1.3583    3.1596   10.0064   -1.3049
eta,q 0.96948 13.27182
  0.0320  0.0331  0.0327  0.0328  0.0344  0.0333  0.0319  0.0321  0.0320  0.0327  0.0312  0.0316
  0.0312  0.0316  0.0315  0.0316  0.0325  0.0319  0.0312  0.0313  0.0312  0.0316  0.0308  0.0310
  0.0307  0.0308  0.0307  0.0309  0.0312  0.0309  0.0307  0.0308  0.0307  0.0309  0.0306  0.0307
  0.0305  0.0305  0.0305  0.0305  0.0305  0.0305  0.0305  0.0305  0.0305  0.0305  0.0305  0.0305
  0.0306  0.0308  0.0308  0.0301  0.0304  0.0303  0.0306  0.0307  0.0306  0.0307  0.0306  0.0306
  0.0311  0.0315  0.0316  0.0308  0.0318  0.0304  0.0311  0.0312  0.0311  0.0314  0.0308  0.0310
  0.0321  0.0325  0.0330  0.0335  0.0357  0.0348  0.0320  0.0322  0.0320  0.0324  0.0312  0.0317
niter,ni,del,rscale     2    3    5.0000    1.2000
parameters
    3.7185   27.0563   14.2693   -5.5526  -28.2805  -17.6790
   -1.7498   -7.3031    1.4145    3.3851    9.9404   -1.3933
eta,q 0.96946 13.26139
  0.0320  0.0330  0.0327  0.0328  0.0345  0.0333  0.0319  0.0321  0.0320  0.0326  0.0312  0.0316
  0.0312  0.0316  0.0316  0.0316  0.0326  0.0319  0.0312  0.0313  0.0312  0.0316  0.0308  0.0311
  0.0307  0.0308  0.0308  0.0309  0.0313  0.0309  0.0307  0.0308  0.0307  0.0309  0.0306  0.0307
  0.0305  0.0305  0.0305  0.0305  0.0305  0.0305  0.0305  0.0305  0.0305  0.0305  0.0305  0.0305
  0.0307  0.0308  0.0308  0.0301  0.0304  0.0303  0.0307  0.0307  0.0307  0.0307  0.0306  0.0306
  0.0312  0.0315  0.0316  0.0308  0.0318  0.0304  0.0311  0.0312  0.0311  0.0314  0.0308  0.0310
  0.0321  0.0326  0.0329  0.0335  0.0356  0.0347  0.0320  0.0322  0.0320  0.0325  0.0312  0.0317
niter,ni,del,rscale     1    3    5.0000    1.2000
parameters
    3.7163   27.1329   14.2160   -5.5503  -28.3782  -17.7317
   -1.7352   -7.3214    1.4537    3.5509    9.8850   -1.4472
eta,q 0.96945 13.25382
  0.0320  0.0330  0.0327  0.0328  0.0345  0.0333  0.0319  0.0321  0.0320  0.0326  0.0312  0.0316
  0.0312  0.0316  0.0316  0.0316  0.0326  0.0319  0.0312  0.0313  0.0312  0.0316  0.0308  0.0311
  0.0307  0.0308  0.0308  0.0309  0.0313  0.0309  0.0307  0.0308  0.0307  0.0309  0.0306  0.0307
  0.0305  0.0305  0.0305  0.0305  0.0305  0.0306  0.0306  0.0306  0.0306  0.0306  0.0305  0.0306
  0.0307  0.0308  0.0308  0.0301  0.0304  0.0303  0.0307  0.0307  0.0307  0.0307  0.0306  0.0307
  0.0312  0.0316  0.0316  0.0308  0.0318  0.0304  0.0312  0.0312  0.0312  0.0314  0.0308  0.0310
  0.0321  0.0326  0.0329  0.0335  0.0355  0.0347  0.0320  0.0322  0.0320  0.0325  0.0312  0.0317
registration optimization eta report
parameter search radius
    2.4000    3.1740    4.1976   10.9503   12.5928   10.9503
    7.2000    7.2000    7.2000    8.2800    8.2800    9.5220
100000*second partial in parameter space
       27.       23.       13.        2.        3.        3.
        3.        3.        3.        3.        1.        1.
  0.0320  0.0330  0.0327  0.0328  0.0345  0.0333  0.0319  0.0321  0.0320  0.0326  0.0312  0.0316
  0.0312  0.0316  0.0316  0.0316  0.0326  0.0319  0.0312  0.0313  0.0312  0.0316  0.0308  0.0311
  0.0307  0.0308  0.0308  0.0309  0.0313  0.0309  0.0307  0.0308  0.0307  0.0309  0.0306  0.0307
  0.0305  0.0305  0.0305  0.0305  0.0305  0.0306  0.0306  0.0306  0.0306  0.0306  0.0305  0.0306
  0.0307  0.0308  0.0308  0.0301  0.0304  0.0303  0.0307  0.0307  0.0307  0.0307  0.0306  0.0307
  0.0312  0.0316  0.0316  0.0308  0.0318  0.0304  0.0312  0.0312  0.0312  0.0314  0.0308  0.0310
  0.0321  0.0326  0.0329  0.0335  0.0355  0.0347  0.0320  0.0322  0.0320  0.0325  0.0312  0.0317
    3.7163   27.1329   14.2160   -5.5503  -28.3782  -17.7317
   -1.7352   -7.3214    1.4537    3.5509    9.8850   -1.4472
eta,q 0.96945 13.25382

---------------------------------------------------------------------
imgreg_4dfp /opt/freesurfer/average/711-2C_as_mni_average_305 /opt/freesurfer/average/711-2B_as_mni_average_305_mask talsrcimg_g11 none talsrcimg_to_711-2C_as_mni_average_305_t4 2311
---------------------------------------------------------------------

freesurfer imgreg_4dfp.c
/opt/freesurfer/average/711-2C_as_mni_average_305.4dfp.img
       256       256       256         1
  1.000000  1.000000  1.000000
orientation T byte_order littleendian
Reading image: /opt/freesurfer/average/711-2C_as_mni_average_305.4dfp.img
dimensions:      256       256       256
mmppix:       1.0000   -1.0000   -1.0000
center:     128.0000 -129.0000 -129.0000
/opt/freesurfer/average/711-2B_as_mni_average_305_mask.4dfp.img
       256       256       256         1
  1.000000  1.000000  1.000000
orientation T byte_order littleendian
Reading mask: /opt/freesurfer/average/711-2B_as_mni_average_305_mask.4dfp.img (2306576 pixels)
talsrcimg_g11.4dfp.img
       256       256       256         1
  1.000000  1.000000  1.000000
orientation T byte_order littleendian
Reading image: talsrcimg_g11.4dfp.img
dimensions:      256       256       256
mmppix:       1.0000   -1.0000   -1.0000
center:     128.0000 -129.0000 -129.0000
fimgreg.f
image alignment mode   2311 decimal      907 hex
parameters
    3.7163   27.1329   14.2160   -5.5503  -28.3782  -17.7317
   -1.7352   -7.3214    1.4537    3.5509    9.8850   -1.4472
eta,q 0.96945 13.25382
niter,ni,del,rscale     5    3    5.0000    0.8000
parameter  4 -3.239315 -> -0.500000 qaram    1.1500
parameter  6 -4.347416 -> -0.500000 qaram    1.1500
parameters
    3.7530   27.0632   14.2588   -2.7903  -26.1864  -14.9717
   -2.1255   -7.3958    1.6781    2.9238    9.5874   -2.7973
eta,q 0.97018 13.56483
  0.0312  0.0311  0.0309  0.0310  0.0311  0.0308  0.0306  0.0308  0.0308  0.0304  0.0302  0.0300
  0.0309  0.0308  0.0307  0.0308  0.0307  0.0305  0.0302  0.0303  0.0303  0.0301  0.0300  0.0299
  0.0306  0.0306  0.0306  0.0307  0.0304  0.0302  0.0299  0.0300  0.0300  0.0299  0.0299  0.0298
  0.0306  0.0305  0.0305  0.0305  0.0302  0.0301  0.0299  0.0299  0.0299  0.0299  0.0298  0.0298
  0.0306  0.0306  0.0306  0.0304  0.0301  0.0300  0.0300  0.0299  0.0299  0.0300  0.0299  0.0299
  0.0308  0.0309  0.0307  0.0302  0.0301  0.0298  0.0303  0.0303  0.0302  0.0303  0.0301  0.0301
  0.0312  0.0312  0.0309  0.0301  0.0303  0.0295  0.0309  0.0309  0.0307  0.0309  0.0303  0.0304
niter,ni,del,rscale     6    3    5.0000    0.9000
parameters
    3.7509   26.6755   14.2981   -3.2576  -25.3832  -14.5933
   -2.0802   -7.4123    1.7973    2.3256    9.8500   -2.7470
eta,q 0.97027 13.61319
  0.0310  0.0303  0.0302  0.0308  0.0308  0.0306  0.0308  0.0309  0.0308  0.0305  0.0303  0.0301
  0.0304  0.0299  0.0300  0.0305  0.0303  0.0302  0.0302  0.0304  0.0303  0.0300  0.0300  0.0299
  0.0300  0.0298  0.0299  0.0301  0.0300  0.0300  0.0299  0.0299  0.0299  0.0298  0.0298  0.0298
  0.0298  0.0298  0.0298  0.0298  0.0299  0.0298  0.0297  0.0297  0.0297  0.0297  0.0297  0.0297
  0.0299  0.0300  0.0298  0.0297  0.0298  0.0293  0.0299  0.0298  0.0298  0.0299  0.0298  0.0298
  0.0304  0.0304  0.0299  0.0304  0.0299  0.0295  0.0302  0.0302  0.0302  0.0303  0.0299  0.0299
  0.0310  0.0310  0.0302  0.0316  0.0304  0.0309  0.0308  0.0311  0.0308  0.0310  0.0302  0.0301
niter,ni,del,rscale     5    3    5.0000    0.8000
parameters
    3.7208   26.5075   14.3257   -3.0361  -24.9807  -14.1667
   -2.0871   -7.5461    1.7232    2.0688    9.8300   -2.7226
eta,q 0.97042 13.66406
  0.0306  0.0303  0.0300  0.0307  0.0304  0.0303  0.0304  0.0305  0.0304  0.0303  0.0300  0.0299
  0.0301  0.0299  0.0299  0.0304  0.0301  0.0300  0.0299  0.0301  0.0300  0.0299  0.0298  0.0297
  0.0298  0.0298  0.0298  0.0301  0.0298  0.0299  0.0297  0.0297  0.0297  0.0297  0.0296  0.0296
  0.0297  0.0297  0.0297  0.0297  0.0297  0.0297  0.0296  0.0296  0.0296  0.0296  0.0296  0.0296
  0.0298  0.0299  0.0297  0.0296  0.0297  0.0292  0.0297  0.0297  0.0297  0.0297  0.0296  0.0296
  0.0302  0.0301  0.0298  0.0299  0.0298  0.0293  0.0300  0.0300  0.0300  0.0300  0.0298  0.0297
  0.0307  0.0305  0.0300  0.0308  0.0303  0.0306  0.0304  0.0308  0.0305  0.0305  0.0301  0.0299
niter,ni,del,rscale     4    3    5.0000    0.7000
parameters
    3.7033   26.3620   14.2363   -2.6871  -24.6328  -13.7366
   -2.0393   -7.6920    1.7238    1.9367    9.6778   -2.6119
eta,q 0.97059 13.71585
  0.0303  0.0300  0.0298  0.0305  0.0301  0.0301  0.0301  0.0302  0.0301  0.0300  0.0298  0.0297
  0.0299  0.0297  0.0297  0.0302  0.0298  0.0299  0.0297  0.0298  0.0297  0.0297  0.0296  0.0295
  0.0297  0.0296  0.0296  0.0299  0.0296  0.0298  0.0295  0.0295  0.0295  0.0295  0.0295  0.0294
  0.0296  0.0296  0.0296  0.0296  0.0295  0.0295  0.0294  0.0294  0.0294  0.0294  0.0294  0.0294
  0.0297  0.0297  0.0296  0.0295  0.0295  0.0291  0.0295  0.0295  0.0295  0.0295  0.0295  0.0294
  0.0299  0.0299  0.0297  0.0298  0.0297  0.0293  0.0297  0.0298  0.0297  0.0297  0.0296  0.0295
  0.0303  0.0302  0.0299  0.0305  0.0300  0.0303  0.0301  0.0304  0.0301  0.0301  0.0299  0.0296
niter,ni,del,rscale     3    3    5.0000    0.6000
parameters
    3.6834   26.2466   14.1368   -2.4069  -24.3999  -13.2591
   -1.9877   -7.8526    1.7432    1.7994    9.4335   -2.5460
eta,q 0.97078 13.75797
  0.0300  0.0297  0.0296  0.0302  0.0298  0.0299  0.0297  0.0298  0.0297  0.0297  0.0295  0.0294
  0.0297  0.0295  0.0295  0.0299  0.0296  0.0298  0.0295  0.0295  0.0295  0.0294  0.0293  0.0293
  0.0295  0.0294  0.0294  0.0296  0.0294  0.0297  0.0293  0.0293  0.0293  0.0293  0.0293  0.0292
  0.0294  0.0294  0.0294  0.0294  0.0294  0.0294  0.0292  0.0292  0.0292  0.0292  0.0292  0.0292
  0.0295  0.0295  0.0294  0.0294  0.0294  0.0290  0.0293  0.0293  0.0293  0.0293  0.0293  0.0292
  0.0297  0.0297  0.0295  0.0296  0.0295  0.0292  0.0294  0.0296  0.0294  0.0295  0.0294  0.0293
  0.0300  0.0299  0.0297  0.0302  0.0297  0.0301  0.0297  0.0300  0.0297  0.0298  0.0296  0.0294
niter,ni,del,rscale     2    3    5.0000    0.5000
parameters
    3.6693   26.1528   14.0895   -2.1730  -24.2391  -12.7862
   -1.9634   -7.9628    1.7924    1.5689    9.1282   -2.6746
eta,q 0.97094 13.79227
  0.0296  0.0295  0.0294  0.0299  0.0295  0.0298  0.0294  0.0295  0.0294  0.0294  0.0292  0.0292
  0.0294  0.0293  0.0293  0.0296  0.0293  0.0297  0.0292  0.0293  0.0292  0.0292  0.0291  0.0291
  0.0293  0.0292  0.0292  0.0294  0.0292  0.0295  0.0291  0.0291  0.0291  0.0291  0.0291  0.0291
  0.0292  0.0292  0.0292  0.0292  0.0292  0.0292  0.0291  0.0291  0.0291  0.0291  0.0291  0.0291
  0.0293  0.0293  0.0293  0.0292  0.0292  0.0289  0.0291  0.0291  0.0291  0.0291  0.0291  0.0291
  0.0294  0.0294  0.0293  0.0294  0.0293  0.0292  0.0292  0.0293  0.0292  0.0293  0.0292  0.0291
  0.0297  0.0296  0.0294  0.0298  0.0294  0.0298  0.0294  0.0296  0.0294  0.0295  0.0294  0.0292
niter,ni,del,rscale     1    3    5.0000    0.4000
parameters
    3.6602   26.0685   14.1380   -2.0120  -24.0240  -12.3424
   -1.9346   -8.0475    1.8441    1.2893    8.7892   -3.0061
eta,q 0.97107 13.82643
  0.0293  0.0292  0.0293  0.0296  0.0292  0.0297  0.0292  0.0293  0.0292  0.0291  0.0291  0.0290
  0.0292  0.0291  0.0291  0.0293  0.0291  0.0296  0.0290  0.0291  0.0290  0.0290  0.0290  0.0290
  0.0291  0.0291  0.0291  0.0292  0.0291  0.0293  0.0290  0.0290  0.0290  0.0289  0.0289  0.0289
  0.0291  0.0291  0.0291  0.0291  0.0290  0.0290  0.0289  0.0289  0.0289  0.0289  0.0289  0.0289
  0.0291  0.0291  0.0291  0.0291  0.0290  0.0289  0.0290  0.0290  0.0290  0.0290  0.0290  0.0289
  0.0292  0.0292  0.0291  0.0292  0.0291  0.0291  0.0290  0.0291  0.0290  0.0291  0.0290  0.0290
  0.0293  0.0293  0.0292  0.0295  0.0292  0.0296  0.0292  0.0293  0.0292  0.0293  0.0292  0.0290
registration optimization eta report
parameter search radius
    0.8000    0.8000    0.8000    2.7600    2.4000    2.7600
    2.4000    2.4000    2.4000    2.4000    2.4000    2.4000
100000*second partial in parameter space
       44.       30.       28.        6.        3.        8.
        4.        6.        4.        5.        3.        2.
  0.0293  0.0292  0.0293  0.0296  0.0292  0.0297  0.0292  0.0293  0.0292  0.0291  0.0291  0.0290
  0.0292  0.0291  0.0291  0.0293  0.0291  0.0296  0.0290  0.0291  0.0290  0.0290  0.0290  0.0290
  0.0291  0.0291  0.0291  0.0292  0.0291  0.0293  0.0290  0.0290  0.0290  0.0289  0.0289  0.0289
  0.0291  0.0291  0.0291  0.0291  0.0290  0.0290  0.0289  0.0289  0.0289  0.0289  0.0289  0.0289
  0.0291  0.0291  0.0291  0.0291  0.0290  0.0289  0.0290  0.0290  0.0290  0.0290  0.0290  0.0289
  0.0292  0.0292  0.0291  0.0292  0.0291  0.0291  0.0290  0.0291  0.0290  0.0291  0.0290  0.0290
  0.0293  0.0293  0.0292  0.0295  0.0292  0.0296  0.0292  0.0293  0.0292  0.0293  0.0292  0.0290
    3.6602   26.0685   14.1380   -2.0120  -24.0240  -12.3424
   -1.9346   -8.0475    1.8441    1.2893    8.7892   -3.0061
eta,q 0.97107 13.82643

---------------------------------------------------------------------
imgreg_4dfp /opt/freesurfer/average/711-2C_as_mni_average_305 /opt/freesurfer/average/711-2B_as_mni_average_305_mask talsrcimg_g11 none talsrcimg_to_711-2C_as_mni_average_305_t4 2311
---------------------------------------------------------------------

freesurfer imgreg_4dfp.c
/opt/freesurfer/average/711-2C_as_mni_average_305.4dfp.img
       256       256       256         1
  1.000000  1.000000  1.000000
orientation T byte_order littleendian
Reading image: /opt/freesurfer/average/711-2C_as_mni_average_305.4dfp.img
dimensions:      256       256       256
mmppix:       1.0000   -1.0000   -1.0000
center:     128.0000 -129.0000 -129.0000
/opt/freesurfer/average/711-2B_as_mni_average_305_mask.4dfp.img
       256       256       256         1
  1.000000  1.000000  1.000000
orientation T byte_order littleendian
Reading mask: /opt/freesurfer/average/711-2B_as_mni_average_305_mask.4dfp.img (2306576 pixels)
talsrcimg_g11.4dfp.img
       256       256       256         1
  1.000000  1.000000  1.000000
orientation T byte_order littleendian
Reading image: talsrcimg_g11.4dfp.img
dimensions:      256       256       256
mmppix:       1.0000   -1.0000   -1.0000
center:     128.0000 -129.0000 -129.0000
fimgreg.f
image alignment mode   2311 decimal      907 hex
parameters
    3.6602   26.0685   14.1380   -2.0120  -24.0240  -12.3424
   -1.9346   -8.0475    1.8441    1.2893    8.7892   -3.0061
eta,q 0.97107 13.82643
niter,ni,del,rscale     5    3    5.0000    0.8000
parameters
    3.6549   25.9828   14.3150   -2.5370  -24.1046  -13.1236
   -1.9892   -7.9392    1.9576    1.2927    9.3397   -2.5530
eta,q 0.97081 13.78323
  0.0300  0.0296  0.0299  0.0298  0.0296  0.0299  0.0301  0.0303  0.0301  0.0301  0.0298  0.0296
  0.0294  0.0292  0.0294  0.0295  0.0293  0.0298  0.0296  0.0298  0.0296  0.0296  0.0296  0.0294
  0.0291  0.0290  0.0291  0.0291  0.0291  0.0295  0.0293  0.0294  0.0293  0.0293  0.0293  0.0293
  0.0289  0.0289  0.0289  0.0289  0.0290  0.0290  0.0292  0.0292  0.0292  0.0292  0.0292  0.0292
  0.0291  0.0290  0.0290  0.0291  0.0290  0.0291  0.0293  0.0293  0.0293  0.0293  0.0292  0.0292
  0.0294  0.0293  0.0292  0.0297  0.0292  0.0298  0.0296  0.0296  0.0296  0.0296  0.0293  0.0293
  0.0301  0.0298  0.0295  0.0306  0.0297  0.0319  0.0301  0.0303  0.0300  0.0301  0.0296  0.0295
niter,ni,del,rscale     4    3    5.0000    0.7000
parameters
    3.6233   26.0100   14.1990   -2.3946  -24.0876  -13.0700
   -1.9469   -7.9879    1.8279    1.3236    9.3579   -2.4771
eta,q 0.97085 13.78928
  0.0300  0.0298  0.0295  0.0300  0.0297  0.0299  0.0299  0.0300  0.0298  0.0298  0.0296  0.0294
  0.0295  0.0295  0.0293  0.0297  0.0294  0.0298  0.0295  0.0296  0.0294  0.0295  0.0294  0.0293
  0.0293  0.0293  0.0292  0.0294  0.0293  0.0296  0.0292  0.0293  0.0292  0.0292  0.0292  0.0292
  0.0292  0.0292  0.0292  0.0292  0.0292  0.0292  0.0292  0.0292  0.0292  0.0292  0.0292  0.0292
  0.0293  0.0292  0.0293  0.0292  0.0292  0.0289  0.0292  0.0292  0.0292  0.0292  0.0292  0.0292
  0.0296  0.0294  0.0294  0.0295  0.0293  0.0294  0.0295  0.0295  0.0295  0.0294  0.0293  0.0293
  0.0300  0.0297  0.0297  0.0301  0.0297  0.0303  0.0298  0.0302  0.0299  0.0298  0.0296  0.0294
niter,ni,del,rscale     3    3    5.0000    0.6000
parameters
    3.6250   26.0149   14.1783   -2.2137  -24.0620  -12.7132
   -1.9094   -8.0745    1.7970    1.2551    9.1182   -2.6124
eta,q 0.97097 13.80803
  0.0298  0.0296  0.0295  0.0299  0.0295  0.0298  0.0296  0.0297  0.0295  0.0295  0.0293  0.0292
  0.0294  0.0293  0.0293  0.0296  0.0293  0.0297  0.0293  0.0294  0.0292  0.0293  0.0292  0.0291
  0.0292  0.0292  0.0292  0.0293  0.0292  0.0295  0.0291  0.0291  0.0291  0.0291  0.0291  0.0291
  0.0291  0.0292  0.0292  0.0292  0.0291  0.0291  0.0290  0.0290  0.0290  0.0290  0.0290  0.0290
  0.0292  0.0292  0.0292  0.0291  0.0291  0.0289  0.0291  0.0291  0.0291  0.0291  0.0291  0.0291
  0.0294  0.0293  0.0293  0.0294  0.0293  0.0292  0.0293  0.0294  0.0293  0.0293  0.0292  0.0291
  0.0298  0.0296  0.0295  0.0299  0.0295  0.0299  0.0295  0.0298  0.0295  0.0296  0.0295  0.0292
niter,ni,del,rscale     2    3    5.0000    0.5000
parameters
    3.6201   25.9758   14.2035   -2.0455  -23.9049  -12.3295
   -1.8809   -8.1416    1.8423    1.0758    8.8088   -2.9536
eta,q 0.97108 13.83619
  0.0295  0.0293  0.0293  0.0296  0.0293  0.0297  0.0293  0.0294  0.0293  0.0293  0.0291  0.0290
  0.0292  0.0292  0.0292  0.0294  0.0292  0.0296  0.0291  0.0292  0.0291  0.0291  0.0290  0.0290
  0.0291  0.0291  0.0291  0.0292  0.0291  0.0294  0.0290  0.0290  0.0290  0.0290  0.0289  0.0289
  0.0290  0.0290  0.0290  0.0290  0.0290  0.0290  0.0289  0.0289  0.0289  0.0289  0.0289  0.0289
  0.0291  0.0291  0.0291  0.0290  0.0290  0.0289  0.0290  0.0290  0.0290  0.0290  0.0290  0.0290
  0.0292  0.0292  0.0292  0.0292  0.0291  0.0292  0.0291  0.0292  0.0291  0.0291  0.0291  0.0290
  0.0295  0.0294  0.0293  0.0296  0.0293  0.0297  0.0293  0.0295  0.0293  0.0294  0.0292  0.0291
niter,ni,del,rscale     1    3    5.0000    0.4000
parameters
    3.6202   25.9032   14.2882   -1.8998  -23.6089  -11.9955
   -1.8454   -8.1923    1.9018    0.8666    8.5103   -3.3258
eta,q 0.97115 13.87146
  0.0292  0.0291  0.0292  0.0293  0.0291  0.0296  0.0291  0.0292  0.0291  0.0291  0.0290  0.0289
  0.0291  0.0290  0.0290  0.0292  0.0290  0.0294  0.0290  0.0290  0.0290  0.0290  0.0289  0.0289
  0.0290  0.0289  0.0290  0.0290  0.0290  0.0292  0.0289  0.0289  0.0289  0.0289  0.0289  0.0288
  0.0289  0.0289  0.0289  0.0289  0.0289  0.0289  0.0289  0.0289  0.0289  0.0289  0.0289  0.0288
  0.0290  0.0290  0.0289  0.0289  0.0289  0.0288  0.0289  0.0289  0.0289  0.0289  0.0289  0.0289
  0.0291  0.0290  0.0290  0.0290  0.0289  0.0291  0.0290  0.0290  0.0290  0.0290  0.0290  0.0289
  0.0292  0.0292  0.0291  0.0293  0.0290  0.0294  0.0291  0.0292  0.0291  0.0292  0.0291  0.0290
registration optimization eta report
parameter search radius
    0.8000    0.8000    0.8000    2.4000    2.4000    2.4000
    2.4000    2.4000    2.4000    2.4000    2.4000    2.4000
100000*second partial in parameter space
       45.       30.       34.        7.        3.       10.
        4.        6.        4.        5.        3.        2.
  0.0292  0.0291  0.0292  0.0293  0.0291  0.0296  0.0291  0.0292  0.0291  0.0291  0.0290  0.0289
  0.0291  0.0290  0.0290  0.0292  0.0290  0.0294  0.0290  0.0290  0.0290  0.0290  0.0289  0.0289
  0.0290  0.0289  0.0290  0.0290  0.0290  0.0292  0.0289  0.0289  0.0289  0.0289  0.0289  0.0288
  0.0289  0.0289  0.0289  0.0289  0.0289  0.0289  0.0289  0.0289  0.0289  0.0289  0.0289  0.0288
  0.0290  0.0290  0.0289  0.0289  0.0289  0.0288  0.0289  0.0289  0.0289  0.0289  0.0289  0.0289
  0.0291  0.0290  0.0290  0.0290  0.0289  0.0291  0.0290  0.0290  0.0290  0.0290  0.0290  0.0289
  0.0292  0.0292  0.0291  0.0293  0.0290  0.0294  0.0291  0.0292  0.0291  0.0292  0.0291  0.0290
    3.6202   25.9032   14.2882   -1.8998  -23.6089  -11.9955
   -1.8454   -8.1923    1.9018    0.8666    8.5103   -3.3258
eta,q 0.97115 13.87146

---------------------------------------------------------------------
compute_vox2vox talsrcimg talsrcimg_to_711-2C_as_mni_average_305_t4 /opt/freesurfer/average/711-2C_as_mni_average_305
---------------------------------------------------------------------

freesurfer compute_vox2vox.c
Reading: talsrcimg.4dfp.ifh
Reading: talsrcimg_to_711-2C_as_mni_average_305_t4
Reading: /opt/freesurfer/average/711-2C_as_mni_average_305.4dfp.ifh
Writing: talsrcimg_to_711-2C_as_mni_average_305_t4_vox2vox.txt

start time Tue Mar 10 22:56:29 CET 2026
end		time Tue Mar 10 22:56:43 CET 2026

mpr2mni305 success

avi2talxfm orig_nu.mgz /opt/freesurfer/average/mni305.cor.mgz talsrcimg_to_711-2C_as_mni_average_305_t4_vox2vox.txt transforms/talairach.auto.xfm
avi2talxfm done
mv -f /out/sourcedata/freesurfer/sub-v2s12x28875_ses-1/mri/talsrcimg_to_711-2C_as_mni_average_305_t4_vox2vox.txt /out/sourcedata/freesurfer/sub-v2s12x28875_ses-1/mri/transforms/talsrcimg_to_711-2C_as_mni_average_305_t4_vox2vox.txt
lta_convert --src orig_nu.mgz --trg /opt/freesurfer/average/mni305.cor.mgz --inxfm transforms/talairach.auto.xfm --outlta transforms/talairach.auto.xfm.lta --subject fsaverage
7.3.2

--src: orig_nu.mgz src image (geometry).
--trg: /opt/freesurfer/average/mni305.cor.mgz trg image (geometry).
--inmni: transforms/talairach.auto.xfm input MNI/XFM transform.
--outlta: transforms/talairach.auto.xfm.lta output LTA.
--s: fsaverage subject name
 LTA read, type : 1
 1.01068   0.09380   0.02850   0.81023;
-0.09864   1.12666   0.04667  -17.37332;
-0.02404  -0.01512   1.30781  -16.60231;
 0.00000   0.00000   0.00000   1.00000;
setting subject to fsaverage
Writing  LTA to file transforms/talairach.auto.xfm.lta...
lta_convert successful.
 
 
Started at Tue Mar 10 22:56:28 CET 2026
Ended   at Tue Mar 10 22:56:43 CET 2026
talairach_avi done
