status file for recon-all
Wed Mar 11 00:42:07 CET 2026
#@# Tessellate rh Wed Mar 11 00:42:07 CET 2026
#@# Smooth1 rh Wed Mar 11 00:42:10 CET 2026
#@# Inflation1 rh Wed Mar 11 00:42:13 CET 2026
#@# QSphere rh Wed Mar 11 00:42:27 CET 2026
#@# Fix Topology rh Wed Mar 11 00:43:48 CET 2026
#@# Smooth2 rh Wed Mar 11 02:10:37 CET 2026
#@# Inflation2 rh Wed Mar 11 02:10:40 CET 2026
#@# Curv .H and .K rh Wed Mar 11 02:10:54 CET 2026
#@# Sphere rh Wed Mar 11 02:11:39 CET 2026
#@# Surf Reg rh Wed Mar 11 02:16:19 CET 2026
#@# Jacobian white rh Wed Mar 11 02:21:21 CET 2026
#@# AvgCurv rh Wed Mar 11 02:21:22 CET 2026
#@# Cortical Parc rh Wed Mar 11 02:21:23 CET 2026
#@# white curv rh Wed Mar 11 02:28:02 CET 2026
#@# white area rh Wed Mar 11 02:28:04 CET 2026
#@# pial curv rh Wed Mar 11 02:28:05 CET 2026
#@# pial area rh Wed Mar 11 02:28:07 CET 2026
#@# thickness rh Wed Mar 11 02:28:08 CET 2026
#@# area and vertex vol rh Wed Mar 11 02:28:36 CET 2026
#@# Curvature Stats rh Wed Mar 11 02:28:38 CET 2026
#@# Cortical Parc 2 rh Wed Mar 11 02:28:40 CET 2026
#@# Cortical Parc 3 rh Wed Mar 11 02:28:53 CET 2026
#@# WM/GM Contrast rh Wed Mar 11 02:29:03 CET 2026
recon-all -s sub-v2s12x28856_ses-1 finished without error at Wed Mar 11 02:29:06 CET 2026



#New# invocation of recon-all 



status file for recon-all
Wed Mar 11 02:36:42 CET 2026
#@# white curv rh Wed Mar 11 02:36:42 CET 2026
#@# white area rh Wed Mar 11 02:36:42 CET 2026
#@# pial curv rh Wed Mar 11 02:36:42 CET 2026
#@# pial area rh Wed Mar 11 02:36:42 CET 2026
#@# thickness rh Wed Mar 11 02:36:42 CET 2026
#@# area and vertex vol rh Wed Mar 11 02:36:42 CET 2026
#@# Parcellation Stats rh Wed Mar 11 02:36:42 CET 2026
#@# Parcellation Stats 2 rh Wed Mar 11 02:36:59 CET 2026
#@# Parcellation Stats 3 rh Wed Mar 11 02:37:08 CET 2026
#@# BA_exvivo Labels rh Wed Mar 11 02:37:17 CET 2026
recon-all -s sub-v2s12x28856_ses-1 finished without error at Wed Mar 11 02:39:48 CET 2026
