status file for recon-all
Tue Mar 10 22:28:56 CET 2026
#@# MotionCor Tue Mar 10 22:28:58 CET 2026
#@# Talairach Tue Mar 10 22:29:05 CET 2026
#@# Talairach Failure Detection Tue Mar 10 22:33:36 CET 2026
#@# Nu Intensity Correction Tue Mar 10 22:33:36 CET 2026
#@# Intensity Normalization Tue Mar 10 22:36:52 CET 2026
recon-all -s sub-v2s12x28858_ses-1 finished without error at Tue Mar 10 22:38:23 CET 2026



#New# invocation of recon-all 



status file for recon-all
Tue Mar 10 22:45:42 CET 2026
#@# EM Registration Tue Mar 10 22:45:42 CET 2026
recon-all -s sub-v2s12x28858_ses-1 finished without error at Tue Mar 10 22:47:38 CET 2026



#New# invocation of recon-all 



status file for recon-all
Tue Mar 10 22:47:41 CET 2026
#@# CA Normalize Tue Mar 10 22:47:41 CET 2026
#@# CA Reg Tue Mar 10 22:49:03 CET 2026
#@# SubCort Seg Tue Mar 10 23:39:48 CET 2026
#@# CC Seg Wed Mar 11 00:08:21 CET 2026
#@# Merge ASeg Wed Mar 11 00:08:58 CET 2026
#@# Intensity Normalization2 Wed Mar 11 00:08:58 CET 2026
#@# Mask BFS Wed Mar 11 00:11:19 CET 2026
#@# WM Segmentation Wed Mar 11 00:11:20 CET 2026
#@# Fill Wed Mar 11 00:13:08 CET 2026
recon-all -s sub-v2s12x28858_ses-1 finished without error at Wed Mar 11 00:14:11 CET 2026



#New# invocation of recon-all 



status file for recon-all
Wed Mar 11 01:03:55 CET 2026
#@# white curv lh Wed Mar 11 01:03:55 CET 2026
#@# white area lh Wed Mar 11 01:03:55 CET 2026
#@# pial curv lh Wed Mar 11 01:03:55 CET 2026
#@# pial area lh Wed Mar 11 01:03:55 CET 2026
#@# thickness lh Wed Mar 11 01:03:55 CET 2026
#@# area and vertex vol lh Wed Mar 11 01:03:55 CET 2026
#@# white curv rh Wed Mar 11 01:03:55 CET 2026
#@# white area rh Wed Mar 11 01:03:55 CET 2026
#@# pial curv rh Wed Mar 11 01:03:55 CET 2026
#@# pial area rh Wed Mar 11 01:03:55 CET 2026
#@# thickness rh Wed Mar 11 01:03:55 CET 2026
#@# area and vertex vol rh Wed Mar 11 01:03:55 CET 2026
#@# Cortical ribbon mask Wed Mar 11 01:03:55 CET 2026
recon-all -s sub-v2s12x28858_ses-1 finished without error at Wed Mar 11 01:10:40 CET 2026



#New# invocation of recon-all 



status file for recon-all
Wed Mar 11 01:17:39 CET 2026
#@# white curv lh Wed Mar 11 01:17:39 CET 2026
#@# white area lh Wed Mar 11 01:17:39 CET 2026
#@# pial curv lh Wed Mar 11 01:17:39 CET 2026
#@# pial area lh Wed Mar 11 01:17:39 CET 2026
#@# thickness lh Wed Mar 11 01:17:39 CET 2026
#@# area and vertex vol lh Wed Mar 11 01:17:39 CET 2026
#@# white curv rh Wed Mar 11 01:17:39 CET 2026
#@# white area rh Wed Mar 11 01:17:39 CET 2026
#@# pial curv rh Wed Mar 11 01:17:39 CET 2026
#@# pial area rh Wed Mar 11 01:17:39 CET 2026
#@# thickness rh Wed Mar 11 01:17:39 CET 2026
#@# area and vertex vol rh Wed Mar 11 01:17:39 CET 2026
#@# Curvature Stats lh Wed Mar 11 01:17:39 CET 2026
#@# Curvature Stats rh Wed Mar 11 01:17:42 CET 2026
#@# Relabel Hypointensities Wed Mar 11 01:17:44 CET 2026
#@# APas-to-ASeg Wed Mar 11 01:18:00 CET 2026
#@# AParc-to-ASeg aparc Wed Mar 11 01:18:09 CET 2026
#@# AParc-to-ASeg aparc.a2009s Wed Mar 11 01:19:00 CET 2026
#@# AParc-to-ASeg aparc.DKTatlas Wed Mar 11 01:19:52 CET 2026
#@# WMParc Wed Mar 11 01:20:45 CET 2026
#@# ASeg Stats Wed Mar 11 01:24:34 CET 2026
recon-all -s sub-v2s12x28858_ses-1 finished without error at Wed Mar 11 01:25:13 CET 2026
