status file for recon-all
Wed Mar 11 00:14:14 CET 2026
#@# Tessellate lh Wed Mar 11 00:14:14 CET 2026
#@# Smooth1 lh Wed Mar 11 00:14:18 CET 2026
#@# Inflation1 lh Wed Mar 11 00:14:21 CET 2026
#@# QSphere lh Wed Mar 11 00:14:34 CET 2026
#@# Fix Topology lh Wed Mar 11 00:15:43 CET 2026
#@# Smooth2 lh Wed Mar 11 00:22:30 CET 2026
#@# Inflation2 lh Wed Mar 11 00:22:33 CET 2026
#@# Curv .H and .K lh Wed Mar 11 00:22:47 CET 2026
#@# Sphere lh Wed Mar 11 00:23:34 CET 2026
#@# Surf Reg lh Wed Mar 11 00:26:22 CET 2026
#@# Jacobian white lh Wed Mar 11 00:30:32 CET 2026
#@# AvgCurv lh Wed Mar 11 00:30:33 CET 2026
#@# Cortical Parc lh Wed Mar 11 00:30:34 CET 2026
#@# white curv lh Wed Mar 11 00:37:46 CET 2026
#@# white area lh Wed Mar 11 00:37:48 CET 2026
#@# pial curv lh Wed Mar 11 00:37:48 CET 2026
#@# pial area lh Wed Mar 11 00:37:51 CET 2026
#@# thickness lh Wed Mar 11 00:37:51 CET 2026
#@# area and vertex vol lh Wed Mar 11 00:38:21 CET 2026
#@# Curvature Stats lh Wed Mar 11 00:38:23 CET 2026
#@# Cortical Parc 2 lh Wed Mar 11 00:38:26 CET 2026
#@# Cortical Parc 3 lh Wed Mar 11 00:38:39 CET 2026
#@# WM/GM Contrast lh Wed Mar 11 00:38:49 CET 2026
recon-all -s sub-v2s12x28858_ses-1 finished without error at Wed Mar 11 00:38:52 CET 2026



#New# invocation of recon-all 



status file for recon-all
Wed Mar 11 01:10:46 CET 2026
#@# white curv lh Wed Mar 11 01:10:46 CET 2026
#@# white area lh Wed Mar 11 01:10:46 CET 2026
#@# pial curv lh Wed Mar 11 01:10:46 CET 2026
#@# pial area lh Wed Mar 11 01:10:46 CET 2026
#@# thickness lh Wed Mar 11 01:10:46 CET 2026
#@# area and vertex vol lh Wed Mar 11 01:10:46 CET 2026
#@# Parcellation Stats lh Wed Mar 11 01:10:46 CET 2026
#@# Parcellation Stats 2 lh Wed Mar 11 01:11:05 CET 2026
#@# Parcellation Stats 3 lh Wed Mar 11 01:11:15 CET 2026
#@# BA_exvivo Labels lh Wed Mar 11 01:11:24 CET 2026
recon-all -s sub-v2s12x28858_ses-1 finished without error at Wed Mar 11 01:14:06 CET 2026
