status file for recon-all
Wed Mar 11 00:38:56 CET 2026
#@# Tessellate rh Wed Mar 11 00:38:56 CET 2026
#@# Smooth1 rh Wed Mar 11 00:39:00 CET 2026
#@# Inflation1 rh Wed Mar 11 00:39:02 CET 2026
#@# QSphere rh Wed Mar 11 00:39:16 CET 2026
#@# Fix Topology rh Wed Mar 11 00:40:34 CET 2026
#@# Smooth2 rh Wed Mar 11 00:46:18 CET 2026
#@# Inflation2 rh Wed Mar 11 00:46:21 CET 2026
#@# Curv .H and .K rh Wed Mar 11 00:46:36 CET 2026
#@# Sphere rh Wed Mar 11 00:47:24 CET 2026
#@# Surf Reg rh Wed Mar 11 00:50:26 CET 2026
#@# Jacobian white rh Wed Mar 11 00:54:33 CET 2026
#@# AvgCurv rh Wed Mar 11 00:54:34 CET 2026
#@# Cortical Parc rh Wed Mar 11 00:54:35 CET 2026
#@# white curv rh Wed Mar 11 01:02:42 CET 2026
#@# white area rh Wed Mar 11 01:02:43 CET 2026
#@# pial curv rh Wed Mar 11 01:02:44 CET 2026
#@# pial area rh Wed Mar 11 01:02:46 CET 2026
#@# thickness rh Wed Mar 11 01:02:47 CET 2026
#@# area and vertex vol rh Wed Mar 11 01:03:19 CET 2026
#@# Curvature Stats rh Wed Mar 11 01:03:21 CET 2026
#@# Cortical Parc 2 rh Wed Mar 11 01:03:24 CET 2026
#@# Cortical Parc 3 rh Wed Mar 11 01:03:37 CET 2026
#@# WM/GM Contrast rh Wed Mar 11 01:03:47 CET 2026
recon-all -s sub-v2s12x28858_ses-1 finished without error at Wed Mar 11 01:03:50 CET 2026



#New# invocation of recon-all 



status file for recon-all
Wed Mar 11 01:14:09 CET 2026
#@# white curv rh Wed Mar 11 01:14:09 CET 2026
#@# white area rh Wed Mar 11 01:14:09 CET 2026
#@# pial curv rh Wed Mar 11 01:14:09 CET 2026
#@# pial area rh Wed Mar 11 01:14:09 CET 2026
#@# thickness rh Wed Mar 11 01:14:09 CET 2026
#@# area and vertex vol rh Wed Mar 11 01:14:09 CET 2026
#@# Parcellation Stats rh Wed Mar 11 01:14:09 CET 2026
#@# Parcellation Stats 2 rh Wed Mar 11 01:14:28 CET 2026
#@# Parcellation Stats 3 rh Wed Mar 11 01:14:38 CET 2026
#@# BA_exvivo Labels rh Wed Mar 11 01:14:48 CET 2026
recon-all -s sub-v2s12x28858_ses-1 finished without error at Wed Mar 11 01:17:34 CET 2026
