/out/sourcedata/freesurfer/sub-v2s12x28852_ses-1/mri
/opt/freesurfer/bin/talairach_avi
--i orig_nu.mgz --xfm transforms/talairach.auto.xfm
talairach_avi 7.3.2
Linux dna061 5.14.0-427.37.1.el9_4.x86_64 #1 SMP PREEMPT_DYNAMIC Fri Sep 13 12:41:50 EDT 2024 x86_64 x86_64 x86_64 GNU/Linux
Tue Mar 10 22:03:08 CET 2026
mri_convert orig_nu.mgz talsrcimg.img 
reading from orig_nu.mgz...
TR=0.00, TE=0.00, TI=0.00, flip angle=0.00
i_ras = (-1, 0, 0)
j_ras = (0, 0, -1)
k_ras = (0, 1, 0)
writing to talsrcimg.img...
Analyze Output Matrix
-1.00000   0.00000   0.00000   131.06250;
 0.00000   0.00000   1.00000  -128.50000;
 0.00000  -1.00000   0.00000   124.81200;
 0.00000   0.00000   0.00000   1.00000;
--------------------
INFO: set hdr.hist.orient to -1
mpr2mni305 talsrcimg
Tue Mar 10 22:03:08 CET 2026
/opt/freesurfer/bin/mpr2mni305 talsrcimg
mpr2mni305 7.3.2
target=711-2C_as_mni_average_305

---------------------------------------------------------------------
analyzeto4dfp talsrcimg -O0 -y
---------------------------------------------------------------------

freesurfer ifh2hdr.c
Tue Mar 10 22:03:08 2026
Writing: talsrcimg.4dfp.hdr
freesurfer analyzeto4dfp.c
Reading: talsrcimg.hdr
header size 348 bytes
hdr.dime.datatype	offset=70	value=2
hdr.dime.bitpix		offset=72	value=8
hdr.hist.orient		offset=252	value=-1
dimensionality     4
dimensions       256       256       256         1
Reading: talsrcimg.img
Writing: talsrcimg.4dfp.img
Writing: talsrcimg.4dfp.ifh
ifh2hdr talsrcimg -r0to223
ori=2

---------------------------------------------------------------------
gauss_4dfp talsrcimg 1.1
---------------------------------------------------------------------

freesurfer gauss_4dfp.c
Reading: talsrcimg.4dfp.img
Writing: talsrcimg_g11.4dfp.img
image dimensions 256 256 256 padded to 288 288 288
processing volume 1freesurfer ifh2hdr.c
Tue Mar 10 22:03:10 2026
Writing: talsrcimg_g11.4dfp.hdr

Writing: talsrcimg_g11.4dfp.ifh
including: talsrcimg.4dfp.img.rec in talsrcimg_g11.4dfp.img.rec

---------------------------------------------------------------------
imgreg_4dfp /opt/freesurfer/average/711-2C_as_mni_average_305 none talsrcimg_g11 none talsrcimg_to_711-2C_as_mni_average_305_t4 4355
---------------------------------------------------------------------

freesurfer imgreg_4dfp.c
/opt/freesurfer/average/711-2C_as_mni_average_305.4dfp.img
       256       256       256         1
  1.000000  1.000000  1.000000
orientation T byte_order littleendian
Reading image: /opt/freesurfer/average/711-2C_as_mni_average_305.4dfp.img
dimensions:      256       256       256
mmppix:       1.0000   -1.0000   -1.0000
center:     128.0000 -129.0000 -129.0000
talsrcimg_g11.4dfp.img
       256       256       256         1
  1.000000  1.000000  1.000000
orientation T byte_order littleendian
Reading image: talsrcimg_g11.4dfp.img
dimensions:      256       256       256
mmppix:       1.0000   -1.0000   -1.0000
center:     128.0000 -129.0000 -129.0000
t4_read: open error in t4_sub.f l:  41 t4_file(1:l)talsrcimg_to_711-2C_as_mni_average_305_t4 
t4_read: transform initialized to I4
rotation matrix determinant  1.000000
image alignment mode   4355 decimal     1103 hex
   -7.5000  -45.0000  -45.0000 4319.6279   25.5826
    0.0000  -45.0000  -45.0000 4558.8564   25.5578
    7.5000  -45.0000  -45.0000 4401.8052   25.5516
   -7.5000  -37.5000  -45.0000 4885.1685   24.4402
    0.0000  -37.5000  -45.0000 5137.6279   24.4212
    7.5000  -37.5000  -45.0000 4958.9600   24.4131
   -7.5000  -30.0000  -45.0000 5668.6548   23.6400
    0.0000  -30.0000  -45.0000 5910.2588   23.6265
    7.5000  -30.0000  -45.0000 5720.4165   23.6178
   -7.5000  -22.5000  -45.0000 6466.2505   23.1539
    0.0000  -22.5000  -45.0000 6744.0913   23.1385
    7.5000  -22.5000  -45.0000 6540.9043   23.1275
   -7.5000  -15.0000  -45.0000 7294.7549   22.8506
    0.0000  -15.0000  -45.0000 7634.2734   22.8270
    7.5000  -15.0000  -45.0000 7370.2051   22.8104
   -7.5000   -7.5000  -45.0000 8211.6768   22.7866
    0.0000   -7.5000  -45.0000 8601.8506   22.7565
    7.5000   -7.5000  -45.0000 8291.5283   22.7399
   -7.5000    0.0000  -45.0000 9145.8936   22.7481
    0.0000    0.0000  -45.0000 9605.2295   22.7200
    7.5000    0.0000  -45.0000 9249.3818   22.7064
   -7.5000    7.5000  -45.0000 9439.6953   22.7180
    0.0000    7.5000  -45.0000 9889.0781   22.6978
    7.5000    7.5000  -45.0000 9521.5420   22.6889
   -7.5000   15.0000  -45.0000 9548.4502   22.7190
    0.0000   15.0000  -45.0000 9996.8965   22.7044
    7.5000   15.0000  -45.0000 9623.8848   22.6975
   -7.5000   22.5000  -45.0000 9470.4189   22.7585
    0.0000   22.5000  -45.0000 9936.6924   22.7428
    7.5000   22.5000  -45.0000 9529.6387   22.7312
   -7.5000   30.0000  -45.0000 9328.6738   22.4934
    0.0000   30.0000  -45.0000 9800.9785   22.4702
    7.5000   30.0000  -45.0000 9368.6914   22.4539
   -7.5000   37.5000  -45.0000 9474.5762   22.4803
    0.0000   37.5000  -45.0000 9963.5205   22.4505
    7.5000   37.5000  -45.0000 9528.4980   22.4342
   -7.5000   45.0000  -45.0000 9298.7012   21.8750
    0.0000   45.0000  -45.0000 9758.4990   21.8480
    7.5000   45.0000  -45.0000 9365.7510   21.8349
   -7.5000  -45.0000  -37.5000 4624.5713   25.3879
    0.0000  -45.0000  -37.5000 4867.2656   25.3857
    7.5000  -45.0000  -37.5000 4696.1997   25.3930
   -7.5000  -37.5000  -37.5000 5245.2056   24.2670
    0.0000  -37.5000  -37.5000 5488.3052   24.2625
    7.5000  -37.5000  -37.5000 5302.1528   24.2616
   -7.5000  -30.0000  -37.5000 6048.7397   23.4552
    0.0000  -30.0000  -37.5000 6313.3979   23.4552
    7.5000  -30.0000  -37.5000 6112.5508   23.4537
   -7.5000  -22.5000  -37.5000 6900.8184   22.9577
    0.0000  -22.5000  -37.5000 7221.1899   22.9613
    7.5000  -22.5000  -37.5000 6978.9727   22.9603
   -7.5000  -15.0000  -37.5000 7792.7480   22.6541
    0.0000  -15.0000  -37.5000 8167.4482   22.6535
    7.5000  -15.0000  -37.5000 7865.0962   22.6515
   -7.5000   -7.5000  -37.5000 8796.9082   22.6111
    0.0000   -7.5000  -37.5000 9246.6758   22.6025
    7.5000   -7.5000  -37.5000 8871.7256   22.6002
   -7.5000    0.0000  -37.5000 9832.4736   22.5946
    0.0000    0.0000  -37.500010332.6768   22.5826
    7.5000    0.0000  -37.5000 9913.9580   22.5794
   -7.5000    7.5000  -37.500010091.9033   22.5669
    0.0000    7.5000  -37.500010609.4141   22.5588
    7.5000    7.5000  -37.500010200.8760   22.5567
   -7.5000   15.0000  -37.500010176.3936   22.5506
    0.0000   15.0000  -37.500010683.3008   22.5493
    7.5000   15.0000  -37.500010289.2246   22.5490
   -7.5000   22.5000  -37.500010114.3115   22.5675
    0.0000   22.5000  -37.500010640.5068   22.5705
    7.5000   22.5000  -37.500010217.0176   22.5690
   -7.5000   30.0000  -37.5000 9948.4199   22.3001
    0.0000   30.0000  -37.500010490.0615   22.2995
    7.5000   30.0000  -37.500010040.1064   22.2973
   -7.5000   37.5000  -37.500010086.6387   22.3071
    0.0000   37.5000  -37.500010614.6484   22.2987
    7.5000   37.5000  -37.500010188.3818   22.2964
   -7.5000   45.0000  -37.5000 9834.1152   21.7275
    0.0000   45.0000  -37.500010328.2471   21.7159
    7.5000   45.0000  -37.5000 9926.2891   21.7128
   -7.5000  -45.0000  -30.0000 5035.7192   26.3642
    0.0000  -45.0000  -30.0000 5293.1025   26.3883
    7.5000  -45.0000  -30.0000 5096.4121   26.4020
   -7.5000  -37.5000  -30.0000 5703.8462   25.2154
    0.0000  -37.5000  -30.0000 5975.7964   25.2310
    7.5000  -37.5000  -30.0000 5771.9951   25.2356
   -7.5000  -30.0000  -30.0000 6575.4692   24.3669
    0.0000  -30.0000  -30.0000 6893.7759   24.3832
    7.5000  -30.0000  -30.0000 6663.5972   24.3883
   -7.5000  -22.5000  -30.0000 7489.5283   23.8442
    0.0000  -22.5000  -30.0000 7869.8018   23.8643
    7.5000  -22.5000  -30.0000 7574.8984   23.8694
   -7.5000  -15.0000  -30.0000 8463.6758   23.5188
    0.0000  -15.0000  -30.0000 8923.2412   23.5379
    7.5000  -15.0000  -30.0000 8567.4131   23.5422
   -7.5000   -7.5000  -30.0000 9563.8408   23.4771
    0.0000   -7.5000  -30.000010068.9072   23.4896
    7.5000   -7.5000  -30.0000 9675.1807   23.4929
   -7.5000    0.0000  -30.000010697.3799   23.4715
    0.0000    0.0000  -30.000011270.3750   23.4795
    7.5000    0.0000  -30.000010810.4307   23.4812
   -7.5000    7.5000  -30.000010971.6484   23.4521
    0.0000    7.5000  -30.000011558.6289   23.4617
    7.5000    7.5000  -30.000011083.7568   23.4649
   -7.5000   15.0000  -30.000011030.3916   23.4339
    0.0000   15.0000  -30.000011608.7891   23.4481
    7.5000   15.0000  -30.000011133.2549   23.4536
   -7.5000   22.5000  -30.000010954.1514   23.4368
    0.0000   22.5000  -30.000011528.3496   23.4558
    7.5000   22.5000  -30.000011054.9893   23.4606
   -7.5000   30.0000  -30.000010766.1943   23.1536
    0.0000   30.0000  -30.000011371.6670   23.1721
    7.5000   30.0000  -30.000010880.5283   23.1763
   -7.5000   37.5000  -30.000010926.4922   23.1637
    0.0000   37.5000  -30.000011513.7188   23.1760
    7.5000   37.5000  -30.000011035.2480   23.1793
   -7.5000   45.0000  -30.000010580.5518   22.5872
    0.0000   45.0000  -30.000011127.4502   22.5950
    7.5000   45.0000  -30.000010689.0205   22.5966
   -7.5000  -45.0000  -22.5000 5503.3809   27.2676
    0.0000  -45.0000  -22.5000 5757.7036   27.2933
    7.5000  -45.0000  -22.5000 5553.0571   27.2964
   -7.5000  -37.5000  -22.5000 6199.3320   26.0835
    0.0000  -37.5000  -22.5000 6492.2002   26.1032
    7.5000  -37.5000  -22.5000 6265.5933   26.1031
   -7.5000  -30.0000  -22.5000 7137.8818   25.2239
    0.0000  -30.0000  -22.5000 7476.5811   25.2418
    7.5000  -30.0000  -22.5000 7209.5903   25.2441
   -7.5000  -22.5000  -22.5000 8134.1724   24.6988
    0.0000  -22.5000  -22.5000 8541.8984   24.7144
    7.5000  -22.5000  -22.5000 8229.4404   24.7146
   -7.5000  -15.0000  -22.5000 9195.6475   24.3585
    0.0000  -15.0000  -22.5000 9674.6406   24.3722
    7.5000  -15.0000  -22.5000 9292.6035   24.3677
   -7.5000   -7.5000  -22.500010375.3779   24.2956
    0.0000   -7.5000  -22.500010922.6182   24.3058
    7.5000   -7.5000  -22.500010483.9658   24.2988
   -7.5000    0.0000  -22.500011574.0859   24.2744
    0.0000    0.0000  -22.500012217.3926   24.2852
    7.5000    0.0000  -22.500011692.8281   24.2790
   -7.5000    7.5000  -22.500011844.3574   24.2596
    0.0000    7.5000  -22.500012506.0439   24.2739
    7.5000    7.5000  -22.500011997.3027   24.2727
   -7.5000   15.0000  -22.500011873.8613   24.2591
    0.0000   15.0000  -22.500012540.4463   24.2740
    7.5000   15.0000  -22.500012024.1465   24.2768
   -7.5000   22.5000  -22.500011781.9492   24.2749
    0.0000   22.5000  -22.500012437.0645   24.2896
    7.5000   22.5000  -22.500011934.1807   24.2896
   -7.5000   30.0000  -22.500011600.0938   23.9839
    0.0000   30.0000  -22.500012283.7930   23.9972
    7.5000   30.0000  -22.500011730.3193   23.9927
   -7.5000   37.5000  -22.500011768.5039   23.9749
    0.0000   37.5000  -22.500012440.0957   23.9850
    7.5000   37.5000  -22.500011892.3564   23.9781
   -7.5000   45.0000  -22.500011378.2793   23.3775
    0.0000   45.0000  -22.500012025.6650   23.3879
    7.5000   45.0000  -22.500011505.0928   23.3818
   -7.5000  -45.0000  -15.0000 5937.1230   27.9965
    0.0000  -45.0000  -15.0000 6216.1089   27.9994
    7.5000  -45.0000  -15.0000 5994.2090   27.9864
   -7.5000  -37.5000  -15.0000 6669.4951   26.7718
    0.0000  -37.5000  -15.0000 6974.3447   26.7763
    7.5000  -37.5000  -15.0000 6734.5483   26.7659
   -7.5000  -30.0000  -15.0000 7676.7197   25.9110
    0.0000  -30.0000  -15.0000 8028.3955   25.9142
    7.5000  -30.0000  -15.0000 7746.1372   25.9067
   -7.5000  -22.5000  -15.0000 8777.1963   25.3902
    0.0000  -22.5000  -15.0000 9194.5068   25.3859
    7.5000  -22.5000  -15.0000 8847.8027   25.3746
   -7.5000  -15.0000  -15.0000 9932.4814   25.0454
    0.0000  -15.0000  -15.000010431.8672   25.0359
    7.5000  -15.0000  -15.000010017.5791   25.0166
   -7.5000   -7.5000  -15.000011186.0430   24.9598
    0.0000   -7.5000  -15.000011794.1641   24.9489
    7.5000   -7.5000  -15.000011311.7236   24.9271
   -7.5000    0.0000  -15.000012458.9385   24.9151
    0.0000    0.0000  -15.000013106.3164   24.9101
    7.5000    0.0000  -15.000012583.5420   24.8915
   -7.5000    7.5000  -15.000012728.9961   24.8974
    0.0000    7.5000  -15.000013433.7363   24.8991
    7.5000    7.5000  -15.000012879.7891   24.8882
   -7.5000   15.0000  -15.000012738.7881   24.9147
    0.0000   15.0000  -15.000013477.7031   24.9151
    7.5000   15.0000  -15.000012902.4004   24.9089
   -7.5000   22.5000  -15.000012631.8428   24.9530
    0.0000   22.5000  -15.000013364.0254   24.9482
    7.5000   22.5000  -15.000012802.9766   24.9368
   -7.5000   30.0000  -15.000012404.0625   24.6637
    0.0000   30.0000  -15.000013167.8838   24.6543
    7.5000   30.0000  -15.000012585.9492   24.6353
   -7.5000   37.5000  -15.000012578.2627   24.6338
    0.0000   37.5000  -15.000013317.9893   24.6231
    7.5000   37.5000  -15.000012754.7246   24.6015
   -7.5000   45.0000  -15.000012199.3984   24.0089
    0.0000   45.0000  -15.000012911.0508   24.0041
    7.5000   45.0000  -15.000012344.7334   23.9862
   -7.5000  -45.0000   -7.5000 6303.4697   28.4121
    0.0000  -45.0000   -7.5000 6604.2803   28.3894
    7.5000  -45.0000   -7.5000 6377.2954   28.3731
   -7.5000  -37.5000   -7.5000 7108.3354   27.1542
    0.0000  -37.5000   -7.5000 7415.7212   27.1386
    7.5000  -37.5000   -7.5000 7169.9751   27.1256
   -7.5000  -30.0000   -7.5000 8247.1582   26.2834
    0.0000  -30.0000   -7.5000 8629.3076   26.2707
    7.5000  -30.0000   -7.5000 8321.8955   26.2584
   -7.5000  -22.5000   -7.5000 9470.1338   25.7584
    0.0000  -22.5000   -7.5000 9947.9102   25.7384
    7.5000  -22.5000   -7.5000 9559.6738   25.7213
   -7.5000  -15.0000   -7.500010726.0889   25.4184
    0.0000  -15.0000   -7.500011300.5234   25.3900
    7.5000  -15.0000   -7.500010839.5781   25.3640
   -7.5000   -7.5000   -7.500012059.3984   25.3314
    0.0000   -7.5000   -7.500012697.0811   25.2995
    7.5000   -7.5000   -7.500012209.3389   25.2728
   -7.5000    0.0000   -7.500013391.1680   25.2775
    0.0000    0.0000   -7.500014091.4941   25.2521
    7.5000    0.0000   -7.500013553.6094   25.2305
   -7.5000    7.5000   -7.500013649.5352   25.2499
    0.0000    7.5000   -7.500014387.9092   25.2335
    7.5000    7.5000   -7.500013818.0986   25.2199
   -7.5000   15.0000   -7.500013705.1885   25.2659
    0.0000   15.0000   -7.500014462.2520   25.2512
    7.5000   15.0000   -7.500013872.0908   25.2409
   -7.5000   22.5000   -7.500013582.9766   25.3120
    0.0000   22.5000   -7.500014364.2539   25.2918
    7.5000   22.5000   -7.500013755.8545   25.2744
   -7.5000   30.0000   -7.500013274.8555   25.0304
    0.0000   30.0000   -7.500014036.7920   25.0025
    7.5000   30.0000   -7.500013478.9580   24.9769
   -7.5000   37.5000   -7.500013407.5850   24.9999
    0.0000   37.5000   -7.500014170.1289   24.9685
    7.5000   37.5000   -7.500013626.8848   24.9421
   -7.5000   45.0000   -7.500013034.3926   24.3628
    0.0000   45.0000   -7.500013791.2510   24.3383
    7.5000   45.0000   -7.500013208.1240   24.3175
   -7.5000  -45.0000    0.0000 6631.0688   28.4844
    0.0000  -45.0000    0.0000 6933.9028   28.4566
    7.5000  -45.0000    0.0000 6709.3901   28.4502
   -7.5000  -37.5000    0.0000 7467.1226   27.2164
    0.0000  -37.5000    0.0000 7818.8872   27.1949
    7.5000  -37.5000    0.0000 7559.2163   27.1862
   -7.5000  -30.0000    0.0000 8717.9072   26.3276
    0.0000  -30.0000    0.0000 9164.4170   26.3124
    7.5000  -30.0000    0.0000 8815.7969   26.3029
   -7.5000  -22.5000    0.000010068.9863   25.7888
    0.0000  -22.5000    0.000010616.0225   25.7718
    7.5000  -22.5000    0.000010189.5693   25.7597
   -7.5000  -15.0000    0.000011407.1963   25.4542
    0.0000  -15.0000    0.000012019.5967   25.4283
    7.5000  -15.0000    0.000011570.2832   25.4102
   -7.5000   -7.5000    0.000012837.8975   25.3851
    0.0000   -7.5000    0.000013482.8984   25.3517
    7.5000   -7.5000    0.000012993.7754   25.3338
   -7.5000    0.0000    0.000014179.2754   25.3424
    0.0000    0.0000    0.000014917.3613   25.3110
    7.5000    0.0000    0.000014391.1377   25.2963
   -7.5000    7.5000    0.000014460.2158   25.3071
    0.0000    7.5000    0.000015201.4385   25.2844
    7.5000    7.5000    0.000014647.5830   25.2748
   -7.5000   15.0000    0.000014523.4102   25.3066
    0.0000   15.0000    0.000015301.8809   25.2902
    7.5000   15.0000    0.000014702.0635   25.2827
   -7.5000   22.5000    0.000014361.0918   25.3422
    0.0000   22.5000    0.000015211.2959   25.3249
    7.5000   22.5000    0.000014584.6855   25.3122
   -7.5000   30.0000    0.000014000.7236   25.0663
    0.0000   30.0000    0.000014778.2451   25.0409
    7.5000   30.0000    0.000014237.6279   25.0230
   -7.5000   37.5000    0.000014157.1797   25.0536
    0.0000   37.5000    0.000014913.9619   25.0207
    7.5000   37.5000    0.000014382.9414   25.0029
   -7.5000   45.0000    0.000013765.3584   24.4271
    0.0000   45.0000    0.000014543.0771   24.3969
    7.5000   45.0000    0.000013968.8750   24.3827
   -7.5000  -45.0000    7.5000 6456.3638   28.3996
    0.0000  -45.0000    7.5000 6736.7446   28.3971
    7.5000  -45.0000    7.5000 6542.7383   28.4053
   -7.5000  -37.5000    7.5000 7310.6592   27.1464
    0.0000  -37.5000    7.5000 7645.6641   27.1413
    7.5000  -37.5000    7.5000 7407.7622   27.1402
   -7.5000  -30.0000    7.5000 8520.9902   26.2385
    0.0000  -30.0000    7.5000 8963.3838   26.2384
    7.5000  -30.0000    7.5000 8651.6279   26.2368
   -7.5000  -22.5000    7.5000 9823.2188   25.6819
    0.0000  -22.5000    7.500010394.0986   25.6859
    7.5000  -22.5000    7.5000 9993.7227   25.6848
   -7.5000  -15.0000    7.500011155.2676   25.3421
    0.0000  -15.0000    7.500011778.9297   25.3415
    7.5000  -15.0000    7.500011339.2676   25.3393
   -7.5000   -7.5000    7.500012590.1240   25.2942
    0.0000   -7.5000    7.500013234.4619   25.2846
    7.5000   -7.5000    7.500012757.3096   25.2820
   -7.5000    0.0000    7.500013928.9629   25.2760
    0.0000    0.0000    7.500014625.5254   25.2625
    7.5000    0.0000    7.500014120.0625   25.2589
   -7.5000    7.5000    7.500014198.5273   25.2452
    0.0000    7.5000    7.500014889.2109   25.2360
    7.5000    7.5000    7.500014342.3271   25.2337
   -7.5000   15.0000    7.500014289.3730   25.2269
    0.0000   15.0000    7.500015025.8555   25.2254
    7.5000   15.0000    7.500014473.3115   25.2250
   -7.5000   22.5000    7.500014145.4854   25.2374
    0.0000   22.5000    7.500014908.2051   25.2406
    7.5000   22.5000    7.500014366.6426   25.2390
   -7.5000   30.0000    7.500013728.8916   24.9559
    0.0000   30.0000    7.500014351.6865   24.9552
    7.5000   30.0000    7.500013926.9336   24.9528
   -7.5000   37.5000    7.500013874.8115   24.9638
    0.0000   37.5000    7.500014492.4219   24.9544
    7.5000   37.5000    7.500014053.7783   24.9518
   -7.5000   45.0000    7.500013495.5762   24.3631
    0.0000   45.0000    7.500014176.3311   24.3502
    7.5000   45.0000    7.500013669.3604   24.3467
   -7.5000  -45.0000   15.0000 6124.9321   28.3101
    0.0000  -45.0000   15.0000 6433.6807   28.3360
    7.5000  -45.0000   15.0000 6237.0454   28.3508
   -7.5000  -37.5000   15.0000 6984.9951   27.0765
    0.0000  -37.5000   15.0000 7324.3320   27.0933
    7.5000  -37.5000   15.0000 7098.8325   27.0983
   -7.5000  -30.0000   15.0000 8208.0020   26.1653
    0.0000  -30.0000   15.0000 8610.4355   26.1829
    7.5000  -30.0000   15.0000 8345.1064   26.1884
   -7.5000  -22.5000   15.0000 9526.9932   25.6041
    0.0000  -22.5000   15.000010030.6846   25.6257
    7.5000  -22.5000   15.0000 9697.7119   25.6312
   -7.5000  -15.0000   15.000010839.9805   25.2548
    0.0000  -15.0000   15.000011432.1553   25.2752
    7.5000  -15.0000   15.000011010.0635   25.2799
   -7.5000   -7.5000   15.000012184.9814   25.2100
    0.0000   -7.5000   15.000012850.6504   25.2234
    7.5000   -7.5000   15.000012357.8057   25.2270
   -7.5000    0.0000   15.000013446.6670   25.2040
    0.0000    0.0000   15.000014161.2881   25.2126
    7.5000    0.0000   15.000013623.8418   25.2144
   -7.5000    7.5000   15.000013685.7920   25.1831
    0.0000    7.5000   15.000014369.3311   25.1935
    7.5000    7.5000   15.000013830.6543   25.1969
   -7.5000   15.0000   15.000013796.4219   25.1635
    0.0000   15.0000   15.000014472.4395   25.1789
    7.5000   15.0000   15.000013912.9834   25.1847
   -7.5000   22.5000   15.000013738.0713   25.1611
    0.0000   22.5000   15.000014245.2012   25.1815
    7.5000   22.5000   15.000013741.7510   25.1867
   -7.5000   30.0000   15.000013308.1621   24.8699
    0.0000   30.0000   15.000013616.8047   24.8898
    7.5000   30.0000   15.000013308.1162   24.8943
   -7.5000   37.5000   15.000013421.3154   24.8807
    0.0000   37.5000   15.000013816.0967   24.8941
    7.5000   37.5000   15.000013495.7705   24.8975
   -7.5000   45.0000   15.000013037.0127   24.2937
    0.0000   45.0000   15.000013567.0312   24.3021
    7.5000   45.0000   15.000013147.5381   24.3038
   -7.5000  -45.0000   22.5000 5863.2866   28.3062
    0.0000  -45.0000   22.5000 6148.2676   28.3329
    7.5000  -45.0000   22.5000 5972.5308   28.3361
   -7.5000  -37.5000   22.5000 6645.1558   27.0769
    0.0000  -37.5000   22.5000 7004.1870   27.0974
    7.5000  -37.5000   22.5000 6785.1738   27.0973
   -7.5000  -30.0000   22.5000 7774.2744   26.1847
    0.0000  -30.0000   22.5000 8213.5127   26.2032
    7.5000  -30.0000   22.5000 7940.8794   26.2056
   -7.5000  -22.5000   22.5000 8993.8496   25.6395
    0.0000  -22.5000   22.5000 9525.3086   25.6558
    7.5000  -22.5000   22.5000 9194.0293   25.6559
   -7.5000  -15.0000   22.500010264.4414   25.2863
    0.0000  -15.0000   22.500010856.8896   25.3005
    7.5000  -15.0000   22.500010456.0410   25.2958
   -7.5000   -7.5000   22.500011583.3027   25.2209
    0.0000   -7.5000   22.500012228.1855   25.2315
    7.5000   -7.5000   22.500011785.4902   25.2243
   -7.5000    0.0000   22.500012822.0928   25.1990
    0.0000    0.0000   22.500013504.2744   25.2102
    7.5000    0.0000   22.500013010.7139   25.2037
   -7.5000    7.5000   22.500013114.0400   25.1836
    0.0000    7.5000   22.500013754.7178   25.1984
    7.5000    7.5000   22.500013251.4775   25.1972
   -7.5000   15.0000   22.500013211.9053   25.1831
    0.0000   15.0000   22.500013789.9160   25.1986
    7.5000   15.0000   22.500013289.5576   25.2014
   -7.5000   22.5000   22.500013148.0889   25.1956
    0.0000   22.5000   22.500013643.1006   25.2109
    7.5000   22.5000   22.500013075.8359   25.2109
   -7.5000   30.0000   22.500012911.0625   24.9009
    0.0000   30.0000   22.500013367.5303   24.9147
    7.5000   30.0000   22.500012770.6123   24.9100
   -7.5000   37.5000   22.500013094.8740   24.8915
    0.0000   37.5000   22.500013588.0635   24.9020
    7.5000   37.5000   22.500012999.2510   24.8949
   -7.5000   45.0000   22.500012687.8105   24.2889
    0.0000   45.0000   22.500013220.6045   24.2997
    7.5000   45.0000   22.500012631.7461   24.2934
   -7.5000  -45.0000   30.0000 5447.4482   28.3877
    0.0000  -45.0000   30.0000 5745.5146   28.3907
    7.5000  -45.0000   30.0000 5555.0923   28.3775
   -7.5000  -37.5000   30.0000 6226.1943   27.1462
    0.0000  -37.5000   30.0000 6554.9302   27.1508
    7.5000  -37.5000   30.0000 6356.4536   27.1402
   -7.5000  -30.0000   30.0000 7330.3950   26.2732
    0.0000  -30.0000   30.0000 7707.2920   26.2766
    7.5000  -30.0000   30.0000 7485.8096   26.2690
   -7.5000  -22.5000   30.0000 8484.4902   25.7450
    0.0000  -22.5000   30.0000 8939.9180   25.7407
    7.5000  -22.5000   30.0000 8681.6055   25.7293
   -7.5000  -15.0000   30.0000 9646.6699   25.3951
    0.0000  -15.0000   30.000010164.4824   25.3856
    7.5000  -15.0000   30.0000 9831.8076   25.3659
   -7.5000   -7.5000   30.000010842.9180   25.3082
    0.0000   -7.5000   30.000011471.4248   25.2972
    7.5000   -7.5000   30.000011049.2314   25.2751
   -7.5000    0.0000   30.000012020.7900   25.2629
    0.0000    0.0000   30.000012719.7910   25.2579
    7.5000    0.0000   30.000012217.5264   25.2390
   -7.5000    7.5000   30.000012324.2773   25.2451
    0.0000    7.5000   30.000013018.5166   25.2469
    7.5000    7.5000   30.000012456.9707   25.2358
   -7.5000   15.0000   30.000012456.5869   25.2628
    0.0000   15.0000   30.000013105.3516   25.2632
    7.5000   15.0000   30.000012480.6680   25.2570
   -7.5000   22.5000   30.000012378.5938   25.2988
    0.0000   22.5000   30.000012999.1631   25.2940
    7.5000   22.5000   30.000012331.5537   25.2825
   -7.5000   30.0000   30.000012165.4678   25.0080
    0.0000   30.0000   30.000012804.3877   24.9986
    7.5000   30.0000   30.000012125.4385   24.9793
   -7.5000   37.5000   30.000012400.8184   24.9777
    0.0000   37.5000   30.000013027.3135   24.9669
    7.5000   37.5000   30.000012363.3076   24.9450
   -7.5000   45.0000   30.000012004.1602   24.3505
    0.0000   45.0000   30.000012567.2119   24.3457
    7.5000   45.0000   30.000011944.4951   24.3275
   -7.5000  -45.0000   37.5000 5260.7305   28.4934
    0.0000  -45.0000   37.5000 5515.7227   28.4708
    7.5000  -45.0000   37.5000 5375.6553   28.4544
   -7.5000  -37.5000   37.5000 6017.1943   27.2326
    0.0000  -37.5000   37.5000 6320.6997   27.2173
    7.5000  -37.5000   37.5000 6160.0259   27.2041
   -7.5000  -30.0000   37.5000 7051.5479   26.3590
    0.0000  -30.0000   37.5000 7427.7427   26.3465
    7.5000  -30.0000   37.5000 7207.3809   26.3341
   -7.5000  -22.5000   37.5000 8160.8794   25.8321
    0.0000  -22.5000   37.5000 8619.8398   25.8122
    7.5000  -22.5000   37.5000 8334.0615   25.7950
   -7.5000  -15.0000   37.5000 9286.3486   25.4908
    0.0000  -15.0000   37.5000 9820.8486   25.4624
    7.5000  -15.0000   37.5000 9453.3379   25.4362
   -7.5000   -7.5000   37.500010480.0273   25.4032
    0.0000   -7.5000   37.500011076.0771   25.3713
    7.5000   -7.5000   37.500010670.4053   25.3445
   -7.5000    0.0000   37.500011641.9102   25.3490
    0.0000    0.0000   37.500012311.3281   25.3237
    7.5000    0.0000   37.500011839.3164   25.3020
   -7.5000    7.5000   37.500011924.9551   25.3214
    0.0000    7.5000   37.500012558.0000   25.3053
    7.5000    7.5000   37.500012085.8369   25.2915
   -7.5000   15.0000   37.500012031.6084   25.3378
    0.0000   15.0000   37.500012610.2402   25.3232
    7.5000   15.0000   37.500012118.7803   25.3129
   -7.5000   22.5000   37.500011947.2725   25.3841
    0.0000   22.5000   37.500012504.8750   25.3641
    7.5000   22.5000   37.500012013.8682   25.3465
   -7.5000   30.0000   37.500011725.7139   25.1023
    0.0000   30.0000   37.500012259.5225   25.0744
    7.5000   30.0000   37.500011789.2314   25.0487
   -7.5000   37.5000   37.500011881.2549   25.0715
    0.0000   37.5000   37.500012424.8145   25.0400
    7.5000   37.5000   37.500011949.8105   25.0135
   -7.5000   45.0000   37.500011516.3447   24.4335
    0.0000   45.0000   37.500012009.8662   24.4092
    7.5000   45.0000   37.500011572.1318   24.3882
   -7.5000  -45.0000   45.0000 4783.2637   28.4305
    0.0000  -45.0000   45.0000 5037.9146   28.4026
    7.5000  -45.0000   45.0000 4898.7881   28.3961
   -7.5000  -37.5000   45.0000 5485.6221   27.1635
    0.0000  -37.5000   45.0000 5795.9556   27.1420
    7.5000  -37.5000   45.0000 5627.7070   27.1331
   -7.5000  -30.0000   45.0000 6433.7134   26.2738
    0.0000  -30.0000   45.0000 6810.4111   26.2588
    7.5000  -30.0000   45.0000 6599.5444   26.2491
   -7.5000  -22.5000   45.0000 7441.7017   25.7329
    0.0000  -22.5000   45.0000 7874.2261   25.7162
    7.5000  -22.5000   45.0000 7630.2251   25.7040
   -7.5000  -15.0000   45.0000 8472.5684   25.3968
    0.0000  -15.0000   45.0000 8977.3086   25.3711
    7.5000  -15.0000   45.0000 8676.1494   25.3530
   -7.5000   -7.5000   45.0000 9549.8467   25.3276
    0.0000   -7.5000   45.000010132.0830   25.2942
    7.5000   -7.5000   45.0000 9779.3311   25.2762
   -7.5000    0.0000   45.000010611.6445   25.2855
    0.0000    0.0000   45.000011229.9443   25.2541
    7.5000    0.0000   45.000010832.0137   25.2393
   -7.5000    7.5000   45.000010865.8643   25.2510
    0.0000    7.5000   45.000011458.0566   25.2283
    7.5000    7.5000   45.000011067.1152   25.2185
   -7.5000   15.0000   45.000010939.0674   25.2504
    0.0000   15.0000   45.000011463.6895   25.2342
    7.5000   15.0000   45.000011057.9033   25.2266
   -7.5000   22.5000   45.000010845.6406   25.2853
    0.0000   22.5000   45.000011359.6270   25.2683
    7.5000   22.5000   45.000010963.6699   25.2554
   -7.5000   30.0000   45.000010638.1865   25.0074
    0.0000   30.0000   45.000011118.5293   24.9821
    7.5000   30.0000   45.000010733.0850   24.9642
   -7.5000   37.5000   45.000010777.2363   24.9947
    0.0000   37.5000   45.000011248.5625   24.9617
    7.5000   37.5000   45.000010854.2021   24.9439
   -7.5000   45.0000   45.000010459.3535   24.3834
    0.0000   45.0000   45.000010903.1152   24.3531
    7.5000   45.0000   45.000010508.7666   24.3388

---------------------------------------------------------------------
imgreg_4dfp /opt/freesurfer/average/711-2C_as_mni_average_305 /opt/freesurfer/average/711-2B_as_mni_average_305_mask talsrcimg_g11 none talsrcimg_to_711-2C_as_mni_average_305_t4 4355
---------------------------------------------------------------------

freesurfer imgreg_4dfp.c
/opt/freesurfer/average/711-2C_as_mni_average_305.4dfp.img
       256       256       256         1
  1.000000  1.000000  1.000000
orientation T byte_order littleendian
Reading image: /opt/freesurfer/average/711-2C_as_mni_average_305.4dfp.img
dimensions:      256       256       256
mmppix:       1.0000   -1.0000   -1.0000
center:     128.0000 -129.0000 -129.0000
/opt/freesurfer/average/711-2B_as_mni_average_305_mask.4dfp.img
       256       256       256         1
  1.000000  1.000000  1.000000
orientation T byte_order littleendian
Reading mask: /opt/freesurfer/average/711-2B_as_mni_average_305_mask.4dfp.img (2306576 pixels)
talsrcimg_g11.4dfp.img
       256       256       256         1
  1.000000  1.000000  1.000000
orientation T byte_order littleendian
Reading image: talsrcimg_g11.4dfp.img
dimensions:      256       256       256
mmppix:       1.0000   -1.0000   -1.0000
center:     128.0000 -129.0000 -129.0000
rotation matrix determinant  1.000000
image alignment mode   4355 decimal     1103 hex
   -7.5000  -30.0000  -45.0000 1590.7393   41.7241
    0.0000  -30.0000  -45.0000 1600.6572   41.0661
    7.5000  -30.0000  -45.0000 1592.0875   41.0501
   -7.5000  -22.5000  -45.0000 1703.4469   36.2644
    0.0000  -22.5000  -45.0000 1707.2816   35.7189
    7.5000  -22.5000  -45.0000 1702.9890   35.6409
   -7.5000  -15.0000  -45.0000 1806.6365   31.8672
    0.0000  -15.0000  -45.0000 1819.0398   31.4253
    7.5000  -15.0000  -45.0000 1808.3105   31.4406
   -7.5000   -7.5000  -45.0000 1912.9109   28.5583
    0.0000   -7.5000  -45.0000 1922.9974   28.1099
    7.5000   -7.5000  -45.0000 1913.7954   28.1473
   -7.5000    0.0000  -45.0000 2000.2314   25.9718
    0.0000    0.0000  -45.0000 2017.8555   25.6224
    7.5000    0.0000  -45.0000 2006.1666   25.6070
   -7.5000    7.5000  -45.0000 2076.4021   24.0591
    0.0000    7.5000  -45.0000 2090.0703   23.8038
    7.5000    7.5000  -45.0000 2076.7563   23.7662
   -7.5000   15.0000  -45.0000 2124.0378   22.8137
    0.0000   15.0000  -45.0000 2139.0549   22.5862
    7.5000   15.0000  -45.0000 2129.6426   22.5535
   -7.5000   22.5000  -45.0000 2146.8667   22.0313
    0.0000   22.5000  -45.0000 2154.9011   21.7923
    7.5000   22.5000  -45.0000 2140.4419   21.7659
   -7.5000   30.0000  -45.0000 2145.2732   21.7171
    0.0000   30.0000  -45.0000 2156.9209   21.4312
    7.5000   30.0000  -45.0000 2133.6606   21.5012
   -7.5000   37.5000  -45.0000 2129.9133   21.7013
    0.0000   37.5000  -45.0000 2145.3701   21.4417
    7.5000   37.5000  -45.0000 2125.4246   21.4978
   -7.5000   45.0000  -45.0000 2115.0623   22.0879
    0.0000   45.0000  -45.0000 2135.2734   21.7425
    7.5000   45.0000  -45.0000 2117.0725   21.8570
   -7.5000   52.5000  -45.0000 2062.5461   22.6894
    0.0000   52.5000  -45.0000 2079.8506   22.3470
    7.5000   52.5000  -45.0000 2067.2195   22.4590
   -7.5000   60.0000  -45.0000 1969.8456   23.4326
    0.0000   60.0000  -45.0000 1982.0994   23.0832
    7.5000   60.0000  -45.0000 1969.1372   23.2535
   -7.5000  -30.0000  -37.5000 1655.9716   38.4871
    0.0000  -30.0000  -37.5000 1661.2867   38.1103
    7.5000  -30.0000  -37.5000 1656.3773   38.0855
   -7.5000  -22.5000  -37.5000 1775.6564   33.1541
    0.0000  -22.5000  -37.5000 1782.6591   32.9172
    7.5000  -22.5000  -37.5000 1778.7690   32.8491
   -7.5000  -15.0000  -37.5000 1885.3412   29.2393
    0.0000  -15.0000  -37.5000 1894.3164   28.9444
    7.5000  -15.0000  -37.5000 1884.7605   28.8987
   -7.5000   -7.5000  -37.5000 2000.4701   26.1741
    0.0000   -7.5000  -37.5000 2014.7214   25.8947
    7.5000   -7.5000  -37.5000 1997.9597   25.8722
   -7.5000    0.0000  -37.5000 2101.9622   23.8416
    0.0000    0.0000  -37.5000 2118.8779   23.6203
    7.5000    0.0000  -37.5000 2101.3953   23.6035
   -7.5000    7.5000  -37.5000 2176.0952   22.0811
    0.0000    7.5000  -37.5000 2190.9709   21.8863
    7.5000    7.5000  -37.5000 2182.7949   21.8709
   -7.5000   15.0000  -37.5000 2219.1658   20.8295
    0.0000   15.0000  -37.5000 2235.5286   20.6513
    7.5000   15.0000  -37.5000 2226.4368   20.6287
   -7.5000   22.5000  -37.5000 2244.2151   20.1254
    0.0000   22.5000  -37.5000 2262.7383   19.9308
    7.5000   22.5000  -37.5000 2250.1680   19.9277
   -7.5000   30.0000  -37.5000 2243.7642   19.8936
    0.0000   30.0000  -37.5000 2265.9895   19.6522
    7.5000   30.0000  -37.5000 2251.4841   19.6562
   -7.5000   37.5000  -37.5000 2227.9460   19.8747
    0.0000   37.5000  -37.5000 2248.3411   19.6851
    7.5000   37.5000  -37.5000 2236.3660   19.6784
   -7.5000   45.0000  -37.5000 2209.4092   20.1814
    0.0000   45.0000  -37.5000 2227.3350   19.9093
    7.5000   45.0000  -37.5000 2216.1831   19.9650
   -7.5000   52.5000  -37.5000 2158.7185   20.6655
    0.0000   52.5000  -37.5000 2177.9937   20.3856
    7.5000   52.5000  -37.5000 2163.8201   20.4497
   -7.5000   60.0000  -37.5000 2068.3928   21.3486
    0.0000   60.0000  -37.5000 2083.4812   21.0704
    7.5000   60.0000  -37.5000 2071.6323   21.1599
   -7.5000  -30.0000  -30.0000 1742.9115   36.7568
    0.0000  -30.0000  -30.0000 1754.5305   36.4620
    7.5000  -30.0000  -30.0000 1754.8977   36.5550
   -7.5000  -22.5000  -30.0000 1868.0479   31.6259
    0.0000  -22.5000  -30.0000 1881.8230   31.4803
    7.5000  -22.5000  -30.0000 1878.0684   31.4292
   -7.5000  -15.0000  -30.0000 1985.4979   27.8130
    0.0000  -15.0000  -30.0000 2003.6624   27.6615
    7.5000  -15.0000  -30.0000 1995.0118   27.5350
   -7.5000   -7.5000  -30.0000 2109.6580   24.8708
    0.0000   -7.5000  -30.0000 2123.4941   24.7136
    7.5000   -7.5000  -30.0000 2115.9946   24.6340
   -7.5000    0.0000  -30.0000 2227.0354   22.5814
    0.0000    0.0000  -30.0000 2242.9807   22.4373
    7.5000    0.0000  -30.0000 2232.1682   22.4377
   -7.5000    7.5000  -30.0000 2307.3933   20.8979
    0.0000    7.5000  -30.0000 2327.3030   20.7635
    7.5000    7.5000  -30.0000 2313.8140   20.8103
   -7.5000   15.0000  -30.0000 2356.0161   19.7497
    0.0000   15.0000  -30.0000 2372.3545   19.5846
    7.5000   15.0000  -30.0000 2354.9995   19.6545
   -7.5000   22.5000  -30.0000 2385.6990   19.0486
    0.0000   22.5000  -30.0000 2404.7517   18.8333
    7.5000   22.5000  -30.0000 2385.4500   18.9051
   -7.5000   30.0000  -30.0000 2394.0095   18.7225
    0.0000   30.0000  -30.0000 2415.0923   18.5006
    7.5000   30.0000  -30.0000 2399.2314   18.5452
   -7.5000   37.5000  -30.0000 2387.2046   18.7547
    0.0000   37.5000  -30.0000 2406.4109   18.5606
    7.5000   37.5000  -30.0000 2395.1338   18.5778
   -7.5000   45.0000  -30.0000 2367.7432   19.0590
    0.0000   45.0000  -30.0000 2383.4749   18.8506
    7.5000   45.0000  -30.0000 2374.9485   18.8878
   -7.5000   52.5000  -30.0000 2308.6040   19.5624
    0.0000   52.5000  -30.0000 2329.4395   19.3051
    7.5000   52.5000  -30.0000 2320.3987   19.3461
   -7.5000   60.0000  -30.0000 2206.8962   20.2908
    0.0000   60.0000  -30.0000 2224.7288   20.0100
    7.5000   60.0000  -30.0000 2219.0276   20.0549
   -7.5000  -30.0000  -22.5000 1811.1699   35.0226
    0.0000  -30.0000  -22.5000 1823.1754   34.6508
    7.5000  -30.0000  -22.5000 1823.3773   34.6468
   -7.5000  -22.5000  -22.5000 1940.9833   30.0667
    0.0000  -22.5000  -22.5000 1956.2626   29.8616
    7.5000  -22.5000  -22.5000 1954.7435   29.7286
   -7.5000  -15.0000  -22.5000 2070.5613   26.4181
    0.0000  -15.0000  -22.5000 2089.6680   26.2250
    7.5000  -15.0000  -22.5000 2081.6287   26.1335
   -7.5000   -7.5000  -22.5000 2198.7676   23.6028
    0.0000   -7.5000  -22.5000 2216.3552   23.4432
    7.5000   -7.5000  -22.5000 2206.0879   23.3685
   -7.5000    0.0000  -22.5000 2319.7163   21.3149
    0.0000    0.0000  -22.5000 2343.1523   21.1810
    7.5000    0.0000  -22.5000 2327.1980   21.1829
   -7.5000    7.5000  -22.5000 2412.3762   19.6832
    0.0000    7.5000  -22.5000 2436.0706   19.5575
    7.5000    7.5000  -22.5000 2419.0833   19.5764
   -7.5000   15.0000  -22.5000 2470.7048   18.5459
    0.0000   15.0000  -22.5000 2489.2908   18.4011
    7.5000   15.0000  -22.5000 2475.4453   18.4922
   -7.5000   22.5000  -22.5000 2504.6880   17.8926
    0.0000   22.5000  -22.5000 2526.2063   17.7073
    7.5000   22.5000  -22.5000 2511.4810   17.8209
   -7.5000   30.0000  -22.5000 2527.2869   17.5523
    0.0000   30.0000  -22.5000 2549.9539   17.3500
    7.5000   30.0000  -22.5000 2530.1121   17.4248
   -7.5000   37.5000  -22.5000 2529.3401   17.5967
    0.0000   37.5000  -22.5000 2553.6682   17.3323
    7.5000   37.5000  -22.5000 2537.2295   17.4085
   -7.5000   45.0000  -22.5000 2508.0654   17.9052
    0.0000   45.0000  -22.5000 2534.1948   17.6402
    7.5000   45.0000  -22.5000 2519.3708   17.6961
   -7.5000   52.5000  -22.5000 2444.1716   18.4653
    0.0000   52.5000  -22.5000 2474.4146   18.2042
    7.5000   52.5000  -22.5000 2456.2405   18.2159
   -7.5000   60.0000  -22.5000 2330.5090   19.2476
    0.0000   60.0000  -22.5000 2360.8862   18.9712
    7.5000   60.0000  -22.5000 2341.5913   18.9972
   -7.5000  -30.0000  -15.0000 1853.1799   33.5564
    0.0000  -30.0000  -15.0000 1862.4133   33.1035
    7.5000  -30.0000  -15.0000 1863.2321   33.1050
   -7.5000  -22.5000  -15.0000 1986.9523   28.8515
    0.0000  -22.5000  -15.0000 2001.4553   28.5132
    7.5000  -22.5000  -15.0000 1995.8424   28.4659
   -7.5000  -15.0000  -15.0000 2122.7861   25.3185
    0.0000  -15.0000  -15.0000 2142.4895   25.0397
    7.5000  -15.0000  -15.0000 2129.8005   24.9751
   -7.5000   -7.5000  -15.0000 2257.3540   22.4907
    0.0000   -7.5000  -15.0000 2280.4246   22.2656
    7.5000   -7.5000  -15.0000 2263.4731   22.2294
   -7.5000    0.0000  -15.0000 2385.9763   20.2531
    0.0000    0.0000  -15.0000 2403.3860   20.1033
    7.5000    0.0000  -15.0000 2388.0273   20.0740
   -7.5000    7.5000  -15.0000 2488.7341   18.6221
    0.0000    7.5000  -15.0000 2508.0022   18.4710
    7.5000    7.5000  -15.0000 2495.5298   18.4760
   -7.5000   15.0000  -15.0000 2559.8440   17.4879
    0.0000   15.0000  -15.0000 2582.2676   17.3221
    7.5000   15.0000  -15.0000 2565.8174   17.3605
   -7.5000   22.5000  -15.0000 2605.2603   16.8730
    0.0000   22.5000  -15.0000 2626.1917   16.6658
    7.5000   22.5000  -15.0000 2613.7068   16.7450
   -7.5000   30.0000  -15.0000 2634.7756   16.5331
    0.0000   30.0000  -15.0000 2661.6794   16.3179
    7.5000   30.0000  -15.0000 2645.0952   16.3969
   -7.5000   37.5000  -15.0000 2644.1892   16.5089
    0.0000   37.5000  -15.0000 2673.8608   16.2551
    7.5000   37.5000  -15.0000 2655.7275   16.3244
   -7.5000   45.0000  -15.0000 2623.2676   16.8128
    0.0000   45.0000  -15.0000 2658.6377   16.5572
    7.5000   45.0000  -15.0000 2638.4756   16.6119
   -7.5000   52.5000  -15.0000 2552.3091   17.4228
    0.0000   52.5000  -15.0000 2593.0139   17.1718
    7.5000   52.5000  -15.0000 2571.3784   17.2023
   -7.5000   60.0000  -15.0000 2419.6377   18.2177
    0.0000   60.0000  -15.0000 2456.5938   17.9707
    7.5000   60.0000  -15.0000 2437.9475   17.9890
   -7.5000  -30.0000   -7.5000 1887.6512   32.6275
    0.0000  -30.0000   -7.5000 1899.3658   32.0039
    7.5000  -30.0000   -7.5000 1896.9391   32.0247
   -7.5000  -22.5000   -7.5000 2028.5162   28.0025
    0.0000  -22.5000   -7.5000 2047.5255   27.5664
    7.5000  -22.5000   -7.5000 2037.1764   27.5484
   -7.5000  -15.0000   -7.5000 2168.6418   24.4552
    0.0000  -15.0000   -7.5000 2192.2366   24.0958
    7.5000  -15.0000   -7.5000 2178.4500   24.0588
   -7.5000   -7.5000   -7.5000 2303.6091   21.6085
    0.0000   -7.5000   -7.5000 2326.6265   21.2942
    7.5000   -7.5000   -7.5000 2314.0225   21.3104
   -7.5000    0.0000   -7.5000 2434.5432   19.4000
    0.0000    0.0000   -7.5000 2453.7488   19.1140
    7.5000    0.0000   -7.5000 2442.2385   19.1532
   -7.5000    7.5000   -7.5000 2547.3792   17.7354
    0.0000    7.5000   -7.5000 2570.7327   17.4680
    7.5000    7.5000   -7.5000 2559.3562   17.5069
   -7.5000   15.0000   -7.5000 2635.6321   16.6147
    0.0000   15.0000   -7.5000 2659.8752   16.3976
    7.5000   15.0000   -7.5000 2648.5415   16.4185
   -7.5000   22.5000   -7.5000 2699.4968   15.9477
    0.0000   22.5000   -7.5000 2725.2036   15.7114
    7.5000   22.5000   -7.5000 2712.8479   15.7565
   -7.5000   30.0000   -7.5000 2733.6824   15.5771
    0.0000   30.0000   -7.5000 2764.9443   15.3652
    7.5000   30.0000   -7.5000 2749.8042   15.4153
   -7.5000   37.5000   -7.5000 2739.7971   15.5545
    0.0000   37.5000   -7.5000 2778.9714   15.2895
    7.5000   37.5000   -7.5000 2762.8269   15.3705
   -7.5000   45.0000   -7.5000 2724.1833   15.8935
    0.0000   45.0000   -7.5000 2764.8027   15.6054
    7.5000   45.0000   -7.5000 2744.3884   15.6803
   -7.5000   52.5000   -7.5000 2648.2075   16.5350
    0.0000   52.5000   -7.5000 2686.5090   16.2243
    7.5000   52.5000   -7.5000 2669.6216   16.3062
   -7.5000   60.0000   -7.5000 2505.9395   17.2947
    0.0000   60.0000   -7.5000 2539.6946   17.0027
    7.5000   60.0000   -7.5000 2523.3247   17.0598
   -7.5000  -30.0000    0.0000 1907.7365   31.9005
    0.0000  -30.0000    0.0000 1924.3254   31.2650
    7.5000  -30.0000    0.0000 1916.9231   31.2980
   -7.5000  -22.5000    0.0000 2055.4873   27.3879
    0.0000  -22.5000    0.0000 2078.3892   26.8689
    7.5000  -22.5000    0.0000 2065.9673   26.9508
   -7.5000  -15.0000    0.0000 2196.0798   23.7828
    0.0000  -15.0000    0.0000 2217.2732   23.3202
    7.5000  -15.0000    0.0000 2207.0813   23.4180
   -7.5000   -7.5000    0.0000 2334.0024   20.9737
    0.0000   -7.5000    0.0000 2350.5767   20.5241
    7.5000   -7.5000    0.0000 2343.7698   20.6246
   -7.5000    0.0000    0.0000 2462.1526   18.7781
    0.0000    0.0000    0.0000 2484.2476   18.4049
    7.5000    0.0000    0.0000 2477.6895   18.4764
   -7.5000    7.5000    0.0000 2581.3271   17.1477
    0.0000    7.5000    0.0000 2607.3286   16.7792
    7.5000    7.5000    0.0000 2599.5701   16.8469
   -7.5000   15.0000    0.0000 2683.9282   15.9425
    0.0000   15.0000    0.0000 2718.3687   15.6316
    7.5000   15.0000    0.0000 2709.7534   15.7065
   -7.5000   22.5000    0.0000 2762.2847   15.2106
    0.0000   22.5000    0.0000 2806.8484   14.9218
    7.5000   22.5000    0.0000 2789.8445   14.9872
   -7.5000   30.0000    0.0000 2811.3748   14.7977
    0.0000   30.0000    0.0000 2860.9763   14.5136
    7.5000   30.0000    0.0000 2841.7175   14.5936
   -7.5000   37.5000    0.0000 2829.7310   14.7727
    0.0000   37.5000    0.0000 2870.8911   14.4972
    7.5000   37.5000    0.0000 2857.5388   14.6097
   -7.5000   45.0000    0.0000 2809.0010   15.1767
    0.0000   45.0000    0.0000 2854.5867   14.8822
    7.5000   45.0000    0.0000 2837.5771   14.9650
   -7.5000   52.5000    0.0000 2721.0708   15.7767
    0.0000   52.5000    0.0000 2764.0388   15.4800
    7.5000   52.5000    0.0000 2746.5737   15.5482
   -7.5000   60.0000    0.0000 2563.2764   16.5311
    0.0000   60.0000    0.0000 2599.2507   16.2602
    7.5000   60.0000    0.0000 2585.8809   16.3403
   -7.5000  -30.0000    7.5000 1911.5867   31.5671
    0.0000  -30.0000    7.5000 1927.1736   30.9898
    7.5000  -30.0000    7.5000 1931.1035   31.0775
   -7.5000  -22.5000    7.5000 2062.0049   26.9506
    0.0000  -22.5000    7.5000 2091.8530   26.4368
    7.5000  -22.5000    7.5000 2083.6799   26.4870
   -7.5000  -15.0000    7.5000 2201.1758   23.3185
    0.0000  -15.0000    7.5000 2231.3896   22.8156
    7.5000  -15.0000    7.5000 2221.0872   22.9041
   -7.5000   -7.5000    7.5000 2346.5972   20.5593
    0.0000   -7.5000    7.5000 2368.6301   20.0424
    7.5000   -7.5000    7.5000 2362.9583   20.1543
   -7.5000    0.0000    7.5000 2477.7869   18.4208
    0.0000    0.0000    7.5000 2502.3801   17.9225
    7.5000    0.0000    7.5000 2497.5405   18.0653
   -7.5000    7.5000    7.5000 2604.4592   16.7851
    0.0000    7.5000    7.5000 2631.2051   16.3175
    7.5000    7.5000    7.5000 2625.2485   16.4485
   -7.5000   15.0000    7.5000 2710.8770   15.5854
    0.0000   15.0000    7.5000 2750.8516   15.1379
    7.5000   15.0000    7.5000 2742.1316   15.2936
   -7.5000   22.5000    7.5000 2810.9526   14.7883
    0.0000   22.5000    7.5000 2861.9185   14.3712
    7.5000   22.5000    7.5000 2845.6392   14.5116
   -7.5000   30.0000    7.5000 2876.0408   14.2415
    0.0000   30.0000    7.5000 2943.5647   13.8374
    7.5000   30.0000    7.5000 2915.7483   14.0781
   -7.5000   37.5000    7.5000 2900.4167   14.2255
    0.0000   37.5000    7.5000 2956.1816   13.8351
    7.5000   37.5000    7.5000 2937.3447   14.0909
   -7.5000   45.0000    7.5000 2870.6516   14.7214
    0.0000   45.0000    7.5000 2926.9446   14.3577
    7.5000   45.0000    7.5000 2907.9988   14.5097
   -7.5000   52.5000    7.5000 2769.0876   15.3357
    0.0000   52.5000    7.5000 2814.5271   15.0225
    7.5000   52.5000    7.5000 2800.2183   15.1580
   -7.5000   60.0000    7.5000 2600.4141   16.0413
    0.0000   60.0000    7.5000 2640.8423   15.7616
    7.5000   60.0000    7.5000 2627.4036   15.9195
   -7.5000  -30.0000   15.0000 1902.8038   31.8466
    0.0000  -30.0000   15.0000 1921.1201   30.9533
    7.5000  -30.0000   15.0000 1924.3024   31.0905
   -7.5000  -22.5000   15.0000 2062.9106   27.1566
    0.0000  -22.5000   15.0000 2086.7307   26.4132
    7.5000  -22.5000   15.0000 2089.3862   26.5283
   -7.5000  -15.0000   15.0000 2207.7791   23.4676
    0.0000  -15.0000   15.0000 2233.1514   22.7723
    7.5000  -15.0000   15.0000 2232.3989   22.8899
   -7.5000   -7.5000   15.0000 2341.6738   20.5431
    0.0000   -7.5000   15.0000 2368.4573   19.9614
    7.5000   -7.5000   15.0000 2369.9050   20.0472
   -7.5000    0.0000   15.0000 2468.1650   18.3356
    0.0000    0.0000   15.0000 2501.5496   17.7961
    7.5000    0.0000   15.0000 2500.4661   17.8877
   -7.5000    7.5000   15.0000 2593.4583   16.6701
    0.0000    7.5000   15.0000 2631.5845   16.1406
    7.5000    7.5000   15.0000 2629.1921   16.2539
   -7.5000   15.0000   15.0000 2705.2222   15.4863
    0.0000   15.0000   15.0000 2746.8506   14.9424
    7.5000   15.0000   15.0000 2742.7358   15.0721
   -7.5000   22.5000   15.0000 2813.9277   14.6811
    0.0000   22.5000   15.0000 2859.8767   14.1867
    7.5000   22.5000   15.0000 2852.7334   14.3013
   -7.5000   30.0000   15.0000 2890.7944   14.0495
    0.0000   30.0000   15.0000 2946.2297   13.5141
    7.5000   30.0000   15.0000 2930.4563   13.7549
   -7.5000   37.5000   15.0000 2924.1279   13.9768
    0.0000   37.5000   15.0000 2980.8528   13.4901
    7.5000   37.5000   15.0000 2959.5571   13.8103
   -7.5000   45.0000   15.0000 2894.6995   14.4809
    0.0000   45.0000   15.0000 2946.5642   14.1564
    7.5000   45.0000   15.0000 2927.1587   14.3523
   -7.5000   52.5000   15.0000 2780.8818   15.1841
    0.0000   52.5000   15.0000 2827.7319   14.9199
    7.5000   52.5000   15.0000 2814.7717   15.0568
   -7.5000   60.0000   15.0000 2610.3850   15.9181
    0.0000   60.0000   15.0000 2648.2612   15.6712
    7.5000   60.0000   15.0000 2638.0371   15.7921
   -7.5000  -30.0000   22.5000 1875.6570   32.2048
    0.0000  -30.0000   22.5000 1901.7188   31.4499
    7.5000  -30.0000   22.5000 1907.4910   31.3517
   -7.5000  -22.5000   22.5000 2035.6116   27.3704
    0.0000  -22.5000   22.5000 2061.5979   26.7056
    7.5000  -22.5000   22.5000 2065.3413   26.6247
   -7.5000  -15.0000   22.5000 2186.0532   23.7055
    0.0000  -15.0000   22.5000 2215.6638   23.1032
    7.5000  -15.0000   22.5000 2214.4797   23.0474
   -7.5000   -7.5000   22.5000 2326.8105   20.9053
    0.0000   -7.5000   22.5000 2361.7527   20.2909
    7.5000   -7.5000   22.5000 2357.5735   20.2877
   -7.5000    0.0000   22.5000 2454.0752   18.6826
    0.0000    0.0000   22.5000 2490.7334   18.0604
    7.5000    0.0000   22.5000 2493.4690   18.1224
   -7.5000    7.5000   22.5000 2587.0298   17.0399
    0.0000    7.5000   22.5000 2621.9341   16.4283
    7.5000    7.5000   22.5000 2627.5269   16.4764
   -7.5000   15.0000   22.5000 2700.6003   15.8210
    0.0000   15.0000   22.5000 2735.2327   15.2447
    7.5000   15.0000   22.5000 2746.0891   15.3188
   -7.5000   22.5000   22.5000 2795.1758   15.0140
    0.0000   22.5000   22.5000 2841.0608   14.4803
    7.5000   22.5000   22.5000 2839.9998   14.5323
   -7.5000   30.0000   22.5000 2868.5586   14.5160
    0.0000   30.0000   22.5000 2932.3213   14.0553
    7.5000   30.0000   22.5000 2907.0012   14.0748
   -7.5000   37.5000   22.5000 2902.6062   14.4667
    0.0000   37.5000   22.5000 2965.5332   14.1273
    7.5000   37.5000   22.5000 2937.0955   14.1464
   -7.5000   45.0000   22.5000 2875.9661   14.7804
    0.0000   45.0000   22.5000 2928.1985   14.5210
    7.5000   45.0000   22.5000 2903.3547   14.5612
   -7.5000   52.5000   22.5000 2767.9065   15.3939
    0.0000   52.5000   22.5000 2811.6550   15.1477
    7.5000   52.5000   22.5000 2798.7253   15.2101
   -7.5000   60.0000   22.5000 2592.7803   16.1437
    0.0000   60.0000   22.5000 2626.2065   15.8730
    7.5000   60.0000   22.5000 2619.0110   15.9818
   -7.5000  -30.0000   30.0000 1846.7317   33.5025
    0.0000  -30.0000   30.0000 1874.8225   32.6036
    7.5000  -30.0000   30.0000 1881.9553   32.5021
   -7.5000  -22.5000   30.0000 2007.4606   28.4260
    0.0000  -22.5000   30.0000 2035.2567   27.6291
    7.5000  -22.5000   30.0000 2045.2843   27.6032
   -7.5000  -15.0000   30.0000 2153.3503   24.4800
    0.0000  -15.0000   30.0000 2182.7288   23.7562
    7.5000  -15.0000   30.0000 2190.3333   23.7634
   -7.5000   -7.5000   30.0000 2296.0759   21.5251
    0.0000   -7.5000   30.0000 2330.8652   20.8596
    7.5000   -7.5000   30.0000 2335.7144   20.8530
   -7.5000    0.0000   30.0000 2430.0938   19.2983
    0.0000    0.0000   30.0000 2470.3113   18.7054
    7.5000    0.0000   30.0000 2469.9612   18.6560
   -7.5000    7.5000   30.0000 2559.6921   17.6999
    0.0000    7.5000   30.0000 2603.4873   17.1370
    7.5000    7.5000   30.0000 2603.7537   17.0996
   -7.5000   15.0000   30.0000 2670.1716   16.5826
    0.0000   15.0000   30.0000 2716.8025   16.0527
    7.5000   15.0000   30.0000 2713.2944   16.0054
   -7.5000   22.5000   30.0000 2755.1721   15.8441
    0.0000   22.5000   30.0000 2806.5928   15.3137
    7.5000   22.5000   30.0000 2794.3232   15.2702
   -7.5000   30.0000   30.0000 2810.7810   15.4168
    0.0000   30.0000   30.0000 2865.2117   14.9812
    7.5000   30.0000   30.0000 2850.2739   14.9519
   -7.5000   37.5000   30.0000 2837.7661   15.3493
    0.0000   37.5000   30.0000 2886.0376   14.9862
    7.5000   37.5000   30.0000 2872.4680   14.9591
   -7.5000   45.0000   30.0000 2803.6677   15.5730
    0.0000   45.0000   30.0000 2845.7043   15.2667
    7.5000   45.0000   30.0000 2830.8176   15.2599
   -7.5000   52.5000   30.0000 2701.8923   16.0691
    0.0000   52.5000   30.0000 2743.8379   15.7965
    7.5000   52.5000   30.0000 2730.7957   15.8108
   -7.5000   60.0000   30.0000 2544.4382   16.7101
    0.0000   60.0000   30.0000 2576.5791   16.4619
    7.5000   60.0000   30.0000 2568.6355   16.5030
   -7.5000  -30.0000   37.5000 1811.0857   34.9479
    0.0000  -30.0000   37.5000 1834.9863   33.9141
    7.5000  -30.0000   37.5000 1846.6390   33.8671
   -7.5000  -22.5000   37.5000 1966.8451   29.5941
    0.0000  -22.5000   37.5000 1995.7045   28.7898
    7.5000  -22.5000   37.5000 2005.8506   28.7163
   -7.5000  -15.0000   37.5000 2117.1318   25.6227
    0.0000  -15.0000   37.5000 2149.3843   24.8957
    7.5000  -15.0000   37.5000 2151.7671   24.8057
   -7.5000   -7.5000   37.5000 2259.4658   22.6118
    0.0000   -7.5000   37.5000 2300.0232   22.0014
    7.5000   -7.5000   37.5000 2298.6750   21.9101
   -7.5000    0.0000   37.5000 2394.8042   20.4363
    0.0000    0.0000   37.5000 2439.9009   19.8543
    7.5000    0.0000   37.5000 2434.7161   19.8030
   -7.5000    7.5000   37.5000 2512.6345   18.8193
    0.0000    7.5000   37.5000 2560.0496   18.2496
    7.5000    7.5000   37.5000 2561.3079   18.2463
   -7.5000   15.0000   37.5000 2618.2112   17.6783
    0.0000   15.0000   37.5000 2665.9592   17.0691
    7.5000   15.0000   37.5000 2666.7761   17.0863
   -7.5000   22.5000   37.5000 2690.3845   16.8852
    0.0000   22.5000   37.5000 2744.1626   16.3306
    7.5000   22.5000   37.5000 2740.3923   16.3709
   -7.5000   30.0000   37.5000 2735.0491   16.4392
    0.0000   30.0000   37.5000 2781.7593   16.0009
    7.5000   30.0000   37.5000 2779.3479   16.0193
   -7.5000   37.5000   37.5000 2742.8923   16.3226
    0.0000   37.5000   37.5000 2790.7080   15.9069
    7.5000   37.5000   37.5000 2785.4873   15.9363
   -7.5000   45.0000   37.5000 2710.5950   16.5068
    0.0000   45.0000   37.5000 2749.7373   16.1340
    7.5000   45.0000   37.5000 2747.3613   16.1692
   -7.5000   52.5000   37.5000 2623.2346   16.9123
    0.0000   52.5000   37.5000 2655.7351   16.5925
    7.5000   52.5000   37.5000 2650.1145   16.6719
   -7.5000   60.0000   37.5000 2477.1853   17.5116
    0.0000   60.0000   37.5000 2509.6648   17.2591
    7.5000   60.0000   37.5000 2501.8123   17.3149
   -7.5000  -30.0000   45.0000 1763.0890   36.8772
    0.0000  -30.0000   45.0000 1788.9951   35.9354
    7.5000  -30.0000   45.0000 1796.6390   35.7699
   -7.5000  -22.5000   45.0000 1919.7717   31.1423
    0.0000  -22.5000   45.0000 1950.0175   30.4202
    7.5000  -22.5000   45.0000 1957.2760   30.2483
   -7.5000  -15.0000   45.0000 2065.2500   27.0468
    0.0000  -15.0000   45.0000 2103.7720   26.3932
    7.5000  -15.0000   45.0000 2107.9011   26.2429
   -7.5000   -7.5000   45.0000 2202.9663   23.9700
    0.0000   -7.5000   45.0000 2249.4246   23.4061
    7.5000   -7.5000   45.0000 2253.0459   23.2554
   -7.5000    0.0000   45.0000 2332.5652   21.6749
    0.0000    0.0000   45.0000 2380.7920   21.1689
    7.5000    0.0000   45.0000 2380.9861   21.0792
   -7.5000    7.5000   45.0000 2452.1489   20.0472
    0.0000    7.5000   45.0000 2503.3691   19.4660
    7.5000    7.5000   45.0000 2506.0166   19.4586
   -7.5000   15.0000   45.0000 2544.0286   18.8731
    0.0000   15.0000   45.0000 2593.3003   18.2705
    7.5000   15.0000   45.0000 2594.9480   18.2902
   -7.5000   22.5000   45.0000 2610.7019   18.0459
    0.0000   22.5000   45.0000 2661.9639   17.5102
    7.5000   22.5000   45.0000 2659.2910   17.5600
   -7.5000   30.0000   45.0000 2645.2832   17.5864
    0.0000   30.0000   45.0000 2684.2559   17.1348
    7.5000   30.0000   45.0000 2686.6196   17.1543
   -7.5000   37.5000   45.0000 2640.4238   17.4449
    0.0000   37.5000   45.0000 2680.6079   17.0336
    7.5000   37.5000   45.0000 2682.3845   17.0575
   -7.5000   45.0000   45.0000 2612.2380   17.6086
    0.0000   45.0000   45.0000 2645.0786   17.2263
    7.5000   45.0000   45.0000 2646.6184   17.2523
   -7.5000   52.5000   45.0000 2533.7041   18.0109
    0.0000   52.5000   45.0000 2562.2175   17.6653
    7.5000   52.5000   45.0000 2557.3311   17.7009
   -7.5000   60.0000   45.0000 2399.7874   18.5211
    0.0000   60.0000   45.0000 2429.2561   18.2109
    7.5000   60.0000   45.0000 2425.5854   18.2395

---------------------------------------------------------------------
imgreg_4dfp /opt/freesurfer/average/711-2C_as_mni_average_305 /opt/freesurfer/average/711-2B_as_mni_average_305_mask talsrcimg_g11 none talsrcimg_to_711-2C_as_mni_average_305_t4 1283
---------------------------------------------------------------------

freesurfer imgreg_4dfp.c
/opt/freesurfer/average/711-2C_as_mni_average_305.4dfp.img
       256       256       256         1
  1.000000  1.000000  1.000000
orientation T byte_order littleendian
Reading image: /opt/freesurfer/average/711-2C_as_mni_average_305.4dfp.img
dimensions:      256       256       256
mmppix:       1.0000   -1.0000   -1.0000
center:     128.0000 -129.0000 -129.0000
/opt/freesurfer/average/711-2B_as_mni_average_305_mask.4dfp.img
       256       256       256         1
  1.000000  1.000000  1.000000
orientation T byte_order littleendian
Reading mask: /opt/freesurfer/average/711-2B_as_mni_average_305_mask.4dfp.img (2306576 pixels)
talsrcimg_g11.4dfp.img
       256       256       256         1
  1.000000  1.000000  1.000000
orientation T byte_order littleendian
Reading image: talsrcimg_g11.4dfp.img
dimensions:      256       256       256
mmppix:       1.0000   -1.0000   -1.0000
center:     128.0000 -129.0000 -129.0000
rotation matrix determinant  1.000000
fimgreg.f
image alignment mode   1283 decimal      503 hex
parameters
    0.0000   37.5000   15.0000    0.0000    0.0000    0.0000
eta,q 0.93647 13.51673
niter,ni,del,rscale     5    3   12.0000    1.2000
parameter  4 -1.641400 -> -0.500000 qaram    1.1500
parameter  5  0.545147 ->  0.500000 qaram    1.1500
parameters
    1.9350   38.8295   13.6721    3.4500   -3.4500   -1.4839
eta,q 0.93923 13.65448
  0.0828  0.0701  0.0698  0.0702  0.0625  0.0627
  0.0767  0.0694  0.0659  0.0695  0.0610  0.0615
  0.0723  0.0688  0.0653  0.0675  0.0608  0.0608
  0.0692  0.0681  0.0674  0.0654  0.0628  0.0608
  0.0682  0.0668  0.0680  0.0637  0.0656  0.0619
  0.0695  0.0668  0.0696  0.0627  0.0690  0.0639
  0.0724  0.0696  0.0732  0.0632  0.0735  0.0662
niter,ni,del,rscale     6    3   12.0000    1.2000
parameters
    2.5681   37.5303   14.4460    4.7503   -2.8947   -1.2398
eta,q 0.93958 13.61341
  0.0756  0.0665  0.0691  0.0709  0.0700  0.0647
  0.0688  0.0638  0.0659  0.0687  0.0651  0.0629
  0.0632  0.0616  0.0619  0.0649  0.0618  0.0614
  0.0608  0.0608  0.0609  0.0615  0.0606  0.0605
  0.0617  0.0645  0.0628  0.0608  0.0610  0.0607
  0.0652  0.0687  0.0639  0.0635  0.0635  0.0624
  0.0706  0.0740  0.0654  0.0672  0.0672  0.0643
niter,ni,del,rscale     5    3   12.0000    1.2000
parameters
    2.4413   37.1361   14.6668    5.0747   -2.8274   -0.9848
eta,q 0.93925 13.59794
  0.0714  0.0692  0.0674  0.0705  0.0692  0.0650
  0.0651  0.0662  0.0641  0.0669  0.0644  0.0633
  0.0612  0.0631  0.0608  0.0629  0.0616  0.0619
  0.0604  0.0604  0.0607  0.0609  0.0608  0.0608
  0.0623  0.0622  0.0623  0.0620  0.0617  0.0610
  0.0666  0.0672  0.0637  0.0652  0.0644  0.0628
  0.0715  0.0728  0.0659  0.0694  0.0686  0.0646
niter,ni,del,rscale     4    3   12.0000    1.2000
parameters
    2.3913   37.0013   14.7042    5.1845   -2.8368   -0.8876
eta,q 0.93914 13.59226
  0.0718  0.0700  0.0670  0.0704  0.0692  0.0649
  0.0654  0.0670  0.0638  0.0663  0.0643  0.0634
  0.0616  0.0637  0.0609  0.0625  0.0616  0.0619
  0.0607  0.0607  0.0609  0.0609  0.0609  0.0609
  0.0625  0.0618  0.0625  0.0624  0.0618  0.0613
  0.0667  0.0664  0.0639  0.0657  0.0647  0.0631
  0.0712  0.0724  0.0662  0.0700  0.0689  0.0649
niter,ni,del,rscale     3    3   12.0000    1.2000
parameters
    2.3751   36.9551   14.7094    5.2188   -2.8441   -0.8553
eta,q 0.93911 13.59011
  0.0720  0.0702  0.0670  0.0703  0.0692  0.0649
  0.0656  0.0673  0.0637  0.0661  0.0644  0.0634
  0.0617  0.0640  0.0610  0.0624  0.0616  0.0619
  0.0609  0.0608  0.0609  0.0609  0.0609  0.0609
  0.0626  0.0617  0.0625  0.0625  0.0619  0.0614
  0.0668  0.0662  0.0640  0.0658  0.0648  0.0633
  0.0711  0.0722  0.0663  0.0702  0.0690  0.0650
registration optimization eta report
parameter search radius
    6.0000    6.0000    6.0000    6.9000    6.9000    6.0000
100000*second partial in parameter space
       30.       27.       16.       19.       17.       11.
  0.0720  0.0702  0.0670  0.0703  0.0692  0.0649
  0.0656  0.0673  0.0637  0.0661  0.0644  0.0634
  0.0617  0.0640  0.0610  0.0624  0.0616  0.0619
  0.0609  0.0608  0.0609  0.0609  0.0609  0.0609
  0.0626  0.0617  0.0625  0.0625  0.0619  0.0614
  0.0668  0.0662  0.0640  0.0658  0.0648  0.0633
  0.0711  0.0722  0.0663  0.0702  0.0690  0.0650
    2.3751   36.9551   14.7094    5.2188   -2.8441   -0.8553
eta,q 0.93911 13.59011

---------------------------------------------------------------------
imgreg_4dfp /opt/freesurfer/average/711-2C_as_mni_average_305 /opt/freesurfer/average/711-2B_as_mni_average_305_mask talsrcimg_g11 none talsrcimg_to_711-2C_as_mni_average_305_t4 3335
---------------------------------------------------------------------

freesurfer imgreg_4dfp.c
/opt/freesurfer/average/711-2C_as_mni_average_305.4dfp.img
       256       256       256         1
  1.000000  1.000000  1.000000
orientation T byte_order littleendian
Reading image: /opt/freesurfer/average/711-2C_as_mni_average_305.4dfp.img
dimensions:      256       256       256
mmppix:       1.0000   -1.0000   -1.0000
center:     128.0000 -129.0000 -129.0000
/opt/freesurfer/average/711-2B_as_mni_average_305_mask.4dfp.img
       256       256       256         1
  1.000000  1.000000  1.000000
orientation T byte_order littleendian
Reading mask: /opt/freesurfer/average/711-2B_as_mni_average_305_mask.4dfp.img (2306576 pixels)
talsrcimg_g11.4dfp.img
       256       256       256         1
  1.000000  1.000000  1.000000
orientation T byte_order littleendian
Reading image: talsrcimg_g11.4dfp.img
dimensions:      256       256       256
mmppix:       1.0000   -1.0000   -1.0000
center:     128.0000 -129.0000 -129.0000
fimgreg.f
image alignment mode   3335 decimal      D07 hex
parameters
    2.3751   36.9551   14.7094   -0.1343   -0.4324   -0.5372
    1.9377    4.8050   -1.4908   -9.1687   -4.9619    9.0847
eta,q 0.94075 13.60024
niter,ni,del,rscale     5    3    5.0000    1.2000
parameter  4  3.934606 ->  0.500000 qaram    1.1500
parameter  5  3.521745 ->  0.500000 qaram    1.1500
parameter  6  5.592984 ->  0.500000 qaram    1.1500
parameter 11 -0.651622 -> -0.500000 qaram    1.1500
parameter 12  1.546734 ->  0.500000 qaram    1.1500
parameters
    2.5714   36.6342   14.3976   -4.2743   -4.5724   -4.6772
    2.5484    6.4114   -2.2454   -8.3097   -0.8219    4.9447
eta,q 0.96207 12.95614
  0.0614  0.0604  0.0601  0.0507  0.0451  0.0362  0.0440  0.0476  0.0423  0.0443  0.0446  0.0375
  0.0603  0.0597  0.0596  0.0528  0.0478  0.0397  0.0426  0.0450  0.0413  0.0423  0.0429  0.0378
  0.0596  0.0593  0.0593  0.0557  0.0505  0.0443  0.0415  0.0426  0.0407  0.0410  0.0416  0.0385
  0.0592  0.0592  0.0592  0.0592  0.0535  0.0485  0.0410  0.0410  0.0406  0.0406  0.0406  0.0396
  0.0593  0.0595  0.0595  0.0630  0.0568  0.0533  0.0412  0.0406  0.0410  0.0407  0.0398  0.0410
  0.0598  0.0602  0.0601  0.0666  0.0605  0.0580  0.0419  0.0416  0.0419  0.0414  0.0396  0.0424
  0.0608  0.0612  0.0607  0.0702  0.0646  0.0635  0.0432  0.0439  0.0432  0.0427  0.0401  0.0439
niter,ni,del,rscale     7    3    5.0000    1.2000
parameter  4  0.556265 ->  0.500000 qaram    1.3225
parameter  5  3.026288 ->  0.500000 qaram    1.3225
parameters
    2.1992   36.0333   14.9602   -9.0353   -9.3334   -8.1663
    2.3435    4.9278   -3.0735   -7.2149   -2.0090    5.7859
eta,q 0.97058 12.74423
  0.0408  0.0388  0.0411  0.0371  0.0286  0.0328  0.0321  0.0323  0.0313  0.0344  0.0309  0.0316
  0.0390  0.0381  0.0397  0.0361  0.0304  0.0310  0.0309  0.0304  0.0303  0.0321  0.0298  0.0306
  0.0380  0.0377  0.0385  0.0360  0.0331  0.0297  0.0301  0.0297  0.0297  0.0305  0.0294  0.0298
  0.0379  0.0378  0.0377  0.0375  0.0360  0.0311  0.0298  0.0298  0.0297  0.0296  0.0295  0.0295
  0.0389  0.0384  0.0375  0.0413  0.0389  0.0352  0.0301  0.0307  0.0301  0.0297  0.0300  0.0295
  0.0407  0.0394  0.0381  0.0463  0.0424  0.0402  0.0310  0.0327  0.0309  0.0306  0.0307  0.0300
  0.0433  0.0408  0.0391  0.0516  0.0460  0.0460  0.0324  0.0359  0.0322  0.0322  0.0318  0.0310
niter,ni,del,rscale     7    3    5.0000    1.2000
parameter  3  0.506791 ->  0.500000 qaram    1.1500
parameter  5  0.616120 ->  0.500000 qaram    1.5209
parameters
    2.3598   35.9289   13.5802   -8.1938  -14.8086   -9.1415
    2.2340    5.4983   -3.1236   -8.0747   -1.1363    8.0018
eta,q 0.97306 12.53640
  0.0326  0.0317  0.0294  0.0336  0.0279  0.0320  0.0294  0.0321  0.0285  0.0291  0.0294  0.0295
  0.0309  0.0303  0.0289  0.0319  0.0271  0.0304  0.0282  0.0295  0.0278  0.0276  0.0281  0.0284
  0.0299  0.0296  0.0289  0.0304  0.0270  0.0283  0.0274  0.0278  0.0273  0.0271  0.0273  0.0276
  0.0294  0.0294  0.0294  0.0288  0.0285  0.0269  0.0272  0.0272  0.0272  0.0272  0.0271  0.0271
  0.0296  0.0298  0.0304  0.0279  0.0314  0.0281  0.0275  0.0274  0.0273  0.0277  0.0272  0.0269
  0.0304  0.0307  0.0319  0.0293  0.0344  0.0316  0.0283  0.0285  0.0278  0.0286  0.0277  0.0271
  0.0318  0.0320  0.0338  0.0335  0.0380  0.0362  0.0296  0.0308  0.0286  0.0301  0.0285  0.0279
niter,ni,del,rscale     7    3    5.0000    1.2000
parameters
    2.3811   36.7054   13.5886   -7.0257  -16.7471   -9.8056
    2.2114    5.3861   -3.9681   -6.6515   -0.5415    8.2558
eta,q 0.97350 12.44254
  0.0298  0.0306  0.0295  0.0311  0.0293  0.0313  0.0289  0.0308  0.0277  0.0293  0.0288  0.0281
  0.0282  0.0289  0.0278  0.0296  0.0279  0.0298  0.0277  0.0284  0.0270  0.0277  0.0274  0.0273
  0.0272  0.0277  0.0269  0.0283  0.0267  0.0281  0.0268  0.0269  0.0266  0.0269  0.0267  0.0268
  0.0269  0.0269  0.0267  0.0267  0.0262  0.0263  0.0266  0.0266  0.0266  0.0265  0.0265  0.0265
  0.0272  0.0267  0.0271  0.0256  0.0273  0.0266  0.0268  0.0270  0.0269  0.0265  0.0267  0.0266
  0.0281  0.0270  0.0280  0.0267  0.0299  0.0303  0.0277  0.0285  0.0275  0.0269  0.0272  0.0270
  0.0297  0.0277  0.0293  0.0306  0.0331  0.0347  0.0290  0.0311  0.0283  0.0276  0.0281  0.0281
niter,ni,del,rscale     6    3    5.0000    1.2000
parameters
    2.4230   37.3211   13.3243   -7.0453  -17.9458  -10.2788
    2.1266    5.4334   -4.3924   -4.5851   -0.2253    8.1661
eta,q 0.97347 12.33913
  0.0295  0.0294  0.0285  0.0301  0.0295  0.0311  0.0288  0.0307  0.0278  0.0291  0.0284  0.0280
  0.0278  0.0281  0.0271  0.0289  0.0280  0.0297  0.0276  0.0283  0.0271  0.0279  0.0272  0.0273
  0.0268  0.0271  0.0265  0.0277  0.0270  0.0283  0.0269  0.0271  0.0267  0.0271  0.0266  0.0267
  0.0265  0.0265  0.0264  0.0263  0.0263  0.0265  0.0267  0.0267  0.0267  0.0267  0.0265  0.0265
  0.0268  0.0264  0.0269  0.0257  0.0269  0.0264  0.0270  0.0270  0.0269  0.0265  0.0267  0.0266
  0.0277  0.0267  0.0279  0.0275  0.0290  0.0296  0.0277  0.0282  0.0274  0.0267  0.0272  0.0271
  0.0293  0.0275  0.0293  0.0318  0.0318  0.0339  0.0289  0.0306  0.0281  0.0273  0.0280  0.0283
niter,ni,del,rscale     5    3    5.0000    1.2000
parameters
    2.4952   38.0708   12.9596   -7.1862  -19.2198  -10.8133
    1.9560    5.5491   -4.3597   -2.3238   -0.2127    7.8297
eta,q 0.97355 12.22334
  0.0293  0.0296  0.0281  0.0296  0.0294  0.0304  0.0286  0.0303  0.0281  0.0292  0.0280  0.0278
  0.0278  0.0282  0.0269  0.0285  0.0279  0.0293  0.0275  0.0281  0.0273  0.0281  0.0270  0.0271
  0.0269  0.0272  0.0263  0.0275  0.0268  0.0280  0.0268  0.0270  0.0268  0.0272  0.0265  0.0266
  0.0265  0.0265  0.0263  0.0262  0.0263  0.0264  0.0267  0.0267  0.0266  0.0267  0.0264  0.0264
  0.0268  0.0263  0.0269  0.0256  0.0269  0.0263  0.0269  0.0268  0.0268  0.0264  0.0266  0.0266
  0.0276  0.0266  0.0279  0.0273  0.0289  0.0292  0.0277  0.0279  0.0273  0.0266  0.0270  0.0271
  0.0290  0.0273  0.0292  0.0315  0.0317  0.0332  0.0287  0.0302  0.0281  0.0273  0.0279  0.0283
niter,ni,del,rscale     4    3    5.0000    1.2000
parameters
    2.5622   38.6842   12.6272   -7.1943  -20.0684  -11.3094
    1.7963    5.6370   -4.0453   -0.9373   -0.4302    7.4445
eta,q 0.97352 12.14530
  0.0291  0.0295  0.0280  0.0294  0.0296  0.0300  0.0285  0.0300  0.0282  0.0290  0.0278  0.0278
  0.0276  0.0281  0.0269  0.0283  0.0280  0.0289  0.0274  0.0279  0.0274  0.0278  0.0269  0.0271
  0.0268  0.0270  0.0263  0.0274  0.0269  0.0278  0.0267  0.0270  0.0268  0.0270  0.0265  0.0266
  0.0265  0.0265  0.0263  0.0263  0.0263  0.0264  0.0266  0.0266  0.0266  0.0266  0.0265  0.0265
  0.0267  0.0263  0.0268  0.0255  0.0267  0.0261  0.0268  0.0267  0.0267  0.0265  0.0266  0.0266
  0.0274  0.0267  0.0277  0.0270  0.0285  0.0288  0.0275  0.0277  0.0272  0.0268  0.0270  0.0271
  0.0288  0.0275  0.0289  0.0309  0.0314  0.0325  0.0286  0.0299  0.0280  0.0277  0.0279  0.0282
niter,ni,del,rscale     3    3    5.0000    1.2000
parameters
    2.6043   39.0295   12.3987   -7.1265  -20.4430  -11.6587
    1.6667    5.7143   -3.8196   -0.2056   -0.6161    7.1844
eta,q 0.97346 12.10941
  0.0289  0.0291  0.0281  0.0294  0.0300  0.0300  0.0285  0.0299  0.0282  0.0287  0.0278  0.0279
  0.0276  0.0277  0.0270  0.0283  0.0283  0.0289  0.0274  0.0279  0.0273  0.0276  0.0270  0.0272
  0.0268  0.0269  0.0265  0.0274  0.0271  0.0278  0.0268  0.0270  0.0268  0.0269  0.0266  0.0267
  0.0265  0.0265  0.0264  0.0264  0.0264  0.0264  0.0266  0.0266  0.0266  0.0266  0.0265  0.0265
  0.0267  0.0265  0.0268  0.0257  0.0266  0.0260  0.0268  0.0267  0.0267  0.0266  0.0267  0.0267
  0.0274  0.0270  0.0276  0.0269  0.0283  0.0284  0.0275  0.0277  0.0272  0.0270  0.0271  0.0272
  0.0288  0.0279  0.0286  0.0307  0.0310  0.0320  0.0286  0.0299  0.0280  0.0281  0.0279  0.0282
niter,ni,del,rscale     2    3    5.0000    1.2000
parameters
    2.6315   39.2128   12.2386   -7.0949  -20.6058  -11.8936
    1.5781    5.7683   -3.6688    0.1761   -0.7358    7.0287
eta,q 0.97340 12.09036
  0.0289  0.0288  0.0283  0.0294  0.0301  0.0300  0.0285  0.0299  0.0282  0.0286  0.0279  0.0279
  0.0276  0.0276  0.0272  0.0283  0.0285  0.0289  0.0274  0.0279  0.0274  0.0275  0.0270  0.0273
  0.0268  0.0268  0.0266  0.0275  0.0272  0.0278  0.0268  0.0270  0.0268  0.0269  0.0267  0.0268
  0.0265  0.0265  0.0265  0.0265  0.0265  0.0265  0.0266  0.0266  0.0266  0.0266  0.0266  0.0266
  0.0267  0.0267  0.0269  0.0258  0.0266  0.0261  0.0269  0.0268  0.0268  0.0267  0.0267  0.0267
  0.0275  0.0272  0.0276  0.0270  0.0282  0.0282  0.0275  0.0278  0.0273  0.0272  0.0271  0.0272
  0.0288  0.0282  0.0286  0.0307  0.0309  0.0318  0.0286  0.0299  0.0281  0.0283  0.0279  0.0282
niter,ni,del,rscale     1    3    5.0000    1.2000
parameters
    2.6500   39.3176   12.1311   -7.0741  -20.6807  -12.0501
    1.5197    5.8029   -3.5826    0.4027   -0.8102    6.9330
eta,q 0.97335 12.07993
  0.0289  0.0287  0.0284  0.0294  0.0302  0.0300  0.0285  0.0299  0.0282  0.0286  0.0279  0.0280
  0.0276  0.0276  0.0273  0.0283  0.0286  0.0289  0.0275  0.0279  0.0274  0.0275  0.0271  0.0273
  0.0269  0.0269  0.0267  0.0276  0.0273  0.0279  0.0268  0.0270  0.0268  0.0269  0.0267  0.0268
  0.0266  0.0266  0.0266  0.0266  0.0266  0.0266  0.0267  0.0267  0.0267  0.0267  0.0266  0.0266
  0.0268  0.0268  0.0269  0.0259  0.0267  0.0261  0.0269  0.0268  0.0268  0.0268  0.0268  0.0268
  0.0276  0.0274  0.0276  0.0271  0.0282  0.0280  0.0276  0.0278  0.0273  0.0273  0.0272  0.0272
  0.0289  0.0283  0.0285  0.0307  0.0309  0.0317  0.0286  0.0299  0.0282  0.0284  0.0279  0.0282
registration optimization eta report
parameter search radius
    2.4000    2.4000    2.7600    9.5220   10.9503    8.2800
    7.2000    7.2000    7.2000    7.2000    8.2800    8.2800
100000*second partial in parameter space
       40.       33.       24.        4.        3.        6.
        4.        6.        3.        4.        2.        2.
  0.0289  0.0287  0.0284  0.0294  0.0302  0.0300  0.0285  0.0299  0.0282  0.0286  0.0279  0.0280
  0.0276  0.0276  0.0273  0.0283  0.0286  0.0289  0.0275  0.0279  0.0274  0.0275  0.0271  0.0273
  0.0269  0.0269  0.0267  0.0276  0.0273  0.0279  0.0268  0.0270  0.0268  0.0269  0.0267  0.0268
  0.0266  0.0266  0.0266  0.0266  0.0266  0.0266  0.0267  0.0267  0.0267  0.0267  0.0266  0.0266
  0.0268  0.0268  0.0269  0.0259  0.0267  0.0261  0.0269  0.0268  0.0268  0.0268  0.0268  0.0268
  0.0276  0.0274  0.0276  0.0271  0.0282  0.0280  0.0276  0.0278  0.0273  0.0273  0.0272  0.0272
  0.0289  0.0283  0.0285  0.0307  0.0309  0.0317  0.0286  0.0299  0.0282  0.0284  0.0279  0.0282
    2.6500   39.3176   12.1311   -7.0741  -20.6807  -12.0501
    1.5197    5.8029   -3.5826    0.4027   -0.8102    6.9330
eta,q 0.97335 12.07993

---------------------------------------------------------------------
imgreg_4dfp /opt/freesurfer/average/711-2C_as_mni_average_305 /opt/freesurfer/average/711-2B_as_mni_average_305_mask talsrcimg_g11 none talsrcimg_to_711-2C_as_mni_average_305_t4 2311
---------------------------------------------------------------------

freesurfer imgreg_4dfp.c
/opt/freesurfer/average/711-2C_as_mni_average_305.4dfp.img
       256       256       256         1
  1.000000  1.000000  1.000000
orientation T byte_order littleendian
Reading image: /opt/freesurfer/average/711-2C_as_mni_average_305.4dfp.img
dimensions:      256       256       256
mmppix:       1.0000   -1.0000   -1.0000
center:     128.0000 -129.0000 -129.0000
/opt/freesurfer/average/711-2B_as_mni_average_305_mask.4dfp.img
       256       256       256         1
  1.000000  1.000000  1.000000
orientation T byte_order littleendian
Reading mask: /opt/freesurfer/average/711-2B_as_mni_average_305_mask.4dfp.img (2306576 pixels)
talsrcimg_g11.4dfp.img
       256       256       256         1
  1.000000  1.000000  1.000000
orientation T byte_order littleendian
Reading image: talsrcimg_g11.4dfp.img
dimensions:      256       256       256
mmppix:       1.0000   -1.0000   -1.0000
center:     128.0000 -129.0000 -129.0000
fimgreg.f
image alignment mode   2311 decimal      907 hex
parameters
    2.6500   39.3176   12.1311   -7.0741  -20.6807  -12.0501
    1.5197    5.8029   -3.5826    0.4027   -0.8102    6.9330
eta,q 0.97335 12.07993
niter,ni,del,rscale     5    3    5.0000    0.8000
parameter  4 -1.031625 -> -0.500000 qaram    1.1500
parameters
    2.6797   39.3563   11.9290   -4.3141  -19.7117  -11.5097
    1.6566    6.1100   -3.4445   -0.0185   -0.8330    6.1939
eta,q 0.97434 12.24639
  0.0277  0.0276  0.0271  0.0280  0.0271  0.0282  0.0270  0.0287  0.0266  0.0264  0.0267  0.0261
  0.0271  0.0271  0.0268  0.0276  0.0266  0.0275  0.0263  0.0271  0.0261  0.0260  0.0261  0.0259
  0.0268  0.0268  0.0266  0.0272  0.0262  0.0266  0.0258  0.0261  0.0258  0.0258  0.0257  0.0257
  0.0267  0.0266  0.0266  0.0266  0.0259  0.0258  0.0257  0.0257  0.0257  0.0257  0.0257  0.0257
  0.0267  0.0267  0.0268  0.0261  0.0258  0.0256  0.0258  0.0259  0.0257  0.0258  0.0258  0.0258
  0.0270  0.0270  0.0270  0.0259  0.0260  0.0262  0.0262  0.0266  0.0260  0.0262  0.0261  0.0261
  0.0276  0.0275  0.0274  0.0262  0.0265  0.0279  0.0269  0.0280  0.0265  0.0269  0.0266  0.0266
niter,ni,del,rscale     5    3    5.0000    0.8000
parameters
    2.5248   39.2188   12.0546   -5.0307  -19.3478  -10.9151
    1.6922    5.9441   -3.4059   -0.3869   -0.8081    5.9570
eta,q 0.97447 12.26093
  0.0269  0.0264  0.0267  0.0273  0.0267  0.0282  0.0267  0.0280  0.0264  0.0263  0.0265  0.0261
  0.0262  0.0260  0.0261  0.0267  0.0263  0.0274  0.0261  0.0266  0.0259  0.0259  0.0259  0.0258
  0.0257  0.0257  0.0258  0.0260  0.0259  0.0265  0.0257  0.0257  0.0256  0.0256  0.0256  0.0256
  0.0257  0.0257  0.0256  0.0256  0.0257  0.0257  0.0255  0.0255  0.0255  0.0255  0.0255  0.0255
  0.0259  0.0258  0.0257  0.0259  0.0257  0.0255  0.0256  0.0259  0.0256  0.0256  0.0257  0.0256
  0.0265  0.0262  0.0260  0.0271  0.0260  0.0260  0.0260  0.0268  0.0259  0.0260  0.0259  0.0258
  0.0275  0.0268  0.0264  0.0291  0.0266  0.0278  0.0267  0.0283  0.0264  0.0267  0.0264  0.0263
niter,ni,del,rscale     4    3    5.0000    0.7000
parameters
    2.5154   39.1696   12.2760   -5.0279  -19.1907  -10.3655
    1.7211    5.9042   -3.4811   -0.6059   -0.8560    5.8226
eta,q 0.97461 12.28757
  0.0267  0.0262  0.0265  0.0271  0.0263  0.0278  0.0263  0.0275  0.0260  0.0261  0.0262  0.0258
  0.0260  0.0258  0.0260  0.0265  0.0259  0.0270  0.0258  0.0263  0.0257  0.0257  0.0257  0.0256
  0.0257  0.0256  0.0257  0.0260  0.0257  0.0262  0.0255  0.0256  0.0255  0.0255  0.0254  0.0255
  0.0255  0.0255  0.0255  0.0255  0.0255  0.0255  0.0254  0.0254  0.0254  0.0254  0.0254  0.0254
  0.0257  0.0256  0.0255  0.0255  0.0255  0.0254  0.0255  0.0256  0.0255  0.0255  0.0255  0.0254
  0.0261  0.0259  0.0257  0.0262  0.0258  0.0258  0.0258  0.0264  0.0257  0.0258  0.0258  0.0256
  0.0267  0.0263  0.0260  0.0275  0.0263  0.0272  0.0263  0.0276  0.0261  0.0263  0.0261  0.0259
niter,ni,del,rscale     3    3    5.0000    0.6000
parameters
    2.4883   39.0715   12.5345   -4.9149  -19.1259   -9.8873
    1.8016    5.8466   -3.4937   -0.8468   -0.9437    5.9032
eta,q 0.97474 12.31260
  0.0262  0.0259  0.0262  0.0267  0.0259  0.0273  0.0260  0.0269  0.0258  0.0258  0.0259  0.0256
  0.0258  0.0256  0.0258  0.0262  0.0257  0.0266  0.0256  0.0260  0.0255  0.0255  0.0255  0.0255
  0.0255  0.0254  0.0255  0.0257  0.0255  0.0258  0.0254  0.0254  0.0253  0.0253  0.0253  0.0253
  0.0254  0.0254  0.0254  0.0254  0.0253  0.0253  0.0253  0.0253  0.0253  0.0253  0.0253  0.0253
  0.0255  0.0255  0.0254  0.0254  0.0254  0.0253  0.0253  0.0255  0.0253  0.0253  0.0254  0.0253
  0.0258  0.0257  0.0255  0.0258  0.0256  0.0257  0.0256  0.0261  0.0255  0.0256  0.0256  0.0254
  0.0263  0.0260  0.0257  0.0268  0.0259  0.0267  0.0259  0.0270  0.0258  0.0260  0.0259  0.0257
niter,ni,del,rscale     2    3    5.0000    0.5000
parameters
    2.4462   38.9442   12.7746   -4.8399  -19.1035   -9.5166
    1.8913    5.7720   -3.4786   -1.0887   -1.0267    6.0396
eta,q 0.97481 12.33148
  0.0258  0.0256  0.0258  0.0263  0.0256  0.0268  0.0257  0.0264  0.0255  0.0255  0.0256  0.0255
  0.0255  0.0254  0.0256  0.0259  0.0254  0.0261  0.0254  0.0257  0.0254  0.0254  0.0254  0.0253
  0.0253  0.0253  0.0254  0.0255  0.0253  0.0255  0.0253  0.0253  0.0252  0.0252  0.0252  0.0252
  0.0253  0.0253  0.0253  0.0252  0.0252  0.0252  0.0252  0.0252  0.0252  0.0252  0.0252  0.0252
  0.0254  0.0253  0.0252  0.0253  0.0252  0.0252  0.0252  0.0254  0.0252  0.0252  0.0253  0.0252
  0.0256  0.0255  0.0253  0.0256  0.0254  0.0255  0.0254  0.0258  0.0253  0.0254  0.0254  0.0253
  0.0259  0.0258  0.0255  0.0264  0.0257  0.0263  0.0257  0.0265  0.0255  0.0257  0.0257  0.0255
niter,ni,del,rscale     1    3    5.0000    0.4000
parameters
    2.4032   38.8252   12.9521   -4.7774  -19.0442   -9.2653
    1.9730    5.7048   -3.4769   -1.3167   -1.0696    6.1370
eta,q 0.97485 12.34760
  0.0256  0.0254  0.0256  0.0259  0.0254  0.0263  0.0255  0.0259  0.0254  0.0254  0.0254  0.0253
  0.0253  0.0253  0.0254  0.0256  0.0253  0.0257  0.0253  0.0255  0.0253  0.0253  0.0253  0.0252
  0.0252  0.0252  0.0253  0.0253  0.0252  0.0253  0.0252  0.0252  0.0252  0.0252  0.0252  0.0252
  0.0252  0.0252  0.0252  0.0252  0.0252  0.0252  0.0252  0.0252  0.0252  0.0252  0.0252  0.0252
  0.0252  0.0252  0.0252  0.0252  0.0252  0.0252  0.0252  0.0253  0.0252  0.0252  0.0252  0.0252
  0.0254  0.0254  0.0252  0.0255  0.0253  0.0254  0.0253  0.0256  0.0253  0.0253  0.0253  0.0252
  0.0257  0.0255  0.0253  0.0259  0.0254  0.0259  0.0255  0.0260  0.0254  0.0255  0.0255  0.0253
registration optimization eta report
parameter search radius
    0.8000    0.8000    0.8000    2.7600    2.4000    2.4000
    2.4000    2.4000    2.4000    2.4000    2.4000    2.4000
100000*second partial in parameter space
       66.       40.       42.       10.        5.       16.
        6.       14.        4.        5.        5.        3.
  0.0256  0.0254  0.0256  0.0259  0.0254  0.0263  0.0255  0.0259  0.0254  0.0254  0.0254  0.0253
  0.0253  0.0253  0.0254  0.0256  0.0253  0.0257  0.0253  0.0255  0.0253  0.0253  0.0253  0.0252
  0.0252  0.0252  0.0253  0.0253  0.0252  0.0253  0.0252  0.0252  0.0252  0.0252  0.0252  0.0252
  0.0252  0.0252  0.0252  0.0252  0.0252  0.0252  0.0252  0.0252  0.0252  0.0252  0.0252  0.0252
  0.0252  0.0252  0.0252  0.0252  0.0252  0.0252  0.0252  0.0253  0.0252  0.0252  0.0252  0.0252
  0.0254  0.0254  0.0252  0.0255  0.0253  0.0254  0.0253  0.0256  0.0253  0.0253  0.0253  0.0252
  0.0257  0.0255  0.0253  0.0259  0.0254  0.0259  0.0255  0.0260  0.0254  0.0255  0.0255  0.0253
    2.4032   38.8252   12.9521   -4.7774  -19.0442   -9.2653
    1.9730    5.7048   -3.4769   -1.3167   -1.0696    6.1370
eta,q 0.97485 12.34760

---------------------------------------------------------------------
imgreg_4dfp /opt/freesurfer/average/711-2C_as_mni_average_305 /opt/freesurfer/average/711-2B_as_mni_average_305_mask talsrcimg_g11 none talsrcimg_to_711-2C_as_mni_average_305_t4 2311
---------------------------------------------------------------------

freesurfer imgreg_4dfp.c
/opt/freesurfer/average/711-2C_as_mni_average_305.4dfp.img
       256       256       256         1
  1.000000  1.000000  1.000000
orientation T byte_order littleendian
Reading image: /opt/freesurfer/average/711-2C_as_mni_average_305.4dfp.img
dimensions:      256       256       256
mmppix:       1.0000   -1.0000   -1.0000
center:     128.0000 -129.0000 -129.0000
/opt/freesurfer/average/711-2B_as_mni_average_305_mask.4dfp.img
       256       256       256         1
  1.000000  1.000000  1.000000
orientation T byte_order littleendian
Reading mask: /opt/freesurfer/average/711-2B_as_mni_average_305_mask.4dfp.img (2306576 pixels)
talsrcimg_g11.4dfp.img
       256       256       256         1
  1.000000  1.000000  1.000000
orientation T byte_order littleendian
Reading image: talsrcimg_g11.4dfp.img
dimensions:      256       256       256
mmppix:       1.0000   -1.0000   -1.0000
center:     128.0000 -129.0000 -129.0000
fimgreg.f
image alignment mode   2311 decimal      907 hex
parameters
    2.4032   38.8252   12.9521   -4.7774  -19.0442   -9.2653
    1.9730    5.7048   -3.4769   -1.3167   -1.0696    6.1370
eta,q 0.97485 12.34760
niter,ni,del,rscale     5    3    5.0000    0.8000
parameters
    2.3692   38.7309   13.0562   -5.3357  -19.3347   -9.6033
    2.0245    5.6577   -3.4626   -1.5160   -1.0838    6.4756
eta,q 0.97476 12.31160
  0.0268  0.0261  0.0264  0.0266  0.0260  0.0278  0.0264  0.0278  0.0261  0.0262  0.0263  0.0259
  0.0259  0.0255  0.0257  0.0260  0.0256  0.0268  0.0258  0.0264  0.0256  0.0257  0.0257  0.0256
  0.0253  0.0252  0.0253  0.0255  0.0253  0.0257  0.0254  0.0255  0.0254  0.0254  0.0253  0.0254
  0.0252  0.0251  0.0251  0.0251  0.0252  0.0252  0.0252  0.0253  0.0253  0.0253  0.0253  0.0253
  0.0254  0.0253  0.0252  0.0254  0.0253  0.0254  0.0254  0.0256  0.0253  0.0254  0.0254  0.0253
  0.0260  0.0257  0.0255  0.0264  0.0257  0.0268  0.0257  0.0265  0.0256  0.0257  0.0257  0.0255
  0.0269  0.0263  0.0261  0.0280  0.0264  0.0294  0.0264  0.0279  0.0261  0.0264  0.0262  0.0258
niter,ni,del,rscale     4    3    5.0000    0.7000
parameters
    2.4080   38.7289   12.9702   -5.0749  -19.2285   -9.6406
    2.0102    5.7399   -3.4743   -1.5202   -1.0912    6.4603
eta,q 0.97480 12.32344
  0.0265  0.0260  0.0259  0.0267  0.0260  0.0275  0.0261  0.0275  0.0259  0.0260  0.0260  0.0257
  0.0258  0.0256  0.0255  0.0262  0.0256  0.0266  0.0256  0.0262  0.0255  0.0256  0.0255  0.0255
  0.0254  0.0253  0.0253  0.0256  0.0254  0.0257  0.0253  0.0254  0.0253  0.0253  0.0253  0.0253
  0.0252  0.0252  0.0252  0.0252  0.0252  0.0252  0.0252  0.0252  0.0252  0.0252  0.0252  0.0252
  0.0253  0.0253  0.0254  0.0252  0.0252  0.0253  0.0253  0.0254  0.0253  0.0253  0.0253  0.0252
  0.0257  0.0256  0.0257  0.0257  0.0255  0.0261  0.0256  0.0261  0.0255  0.0255  0.0256  0.0254
  0.0264  0.0260  0.0261  0.0266  0.0260  0.0282  0.0261  0.0273  0.0259  0.0260  0.0260  0.0257
niter,ni,del,rscale     3    3    5.0000    0.6000
parameters
    2.4095   38.7236   12.9544   -4.9018  -19.1371   -9.5098
    1.9979    5.7572   -3.4666   -1.5295   -1.0977    6.3805
eta,q 0.97483 12.33647
  0.0261  0.0258  0.0258  0.0264  0.0258  0.0272  0.0259  0.0269  0.0257  0.0257  0.0258  0.0255
  0.0256  0.0254  0.0255  0.0259  0.0255  0.0264  0.0255  0.0259  0.0254  0.0254  0.0254  0.0254
  0.0253  0.0253  0.0253  0.0255  0.0253  0.0256  0.0252  0.0253  0.0252  0.0253  0.0252  0.0252
  0.0252  0.0252  0.0252  0.0252  0.0252  0.0252  0.0252  0.0252  0.0252  0.0252  0.0252  0.0252
  0.0253  0.0253  0.0253  0.0252  0.0252  0.0252  0.0252  0.0254  0.0252  0.0252  0.0253  0.0252
  0.0256  0.0255  0.0255  0.0256  0.0254  0.0258  0.0255  0.0259  0.0254  0.0254  0.0255  0.0253
  0.0261  0.0258  0.0258  0.0263  0.0258  0.0272  0.0259  0.0268  0.0257  0.0258  0.0258  0.0256
niter,ni,del,rscale     2    3    5.0000    0.5000
parameters
    2.3954   38.7081   12.9951   -4.8102  -19.0397   -9.3255
    2.0060    5.7293   -3.4624   -1.5785   -1.1069    6.3290
eta,q 0.97485 12.34922
  0.0258  0.0256  0.0256  0.0261  0.0256  0.0267  0.0256  0.0264  0.0255  0.0255  0.0256  0.0254
  0.0254  0.0253  0.0254  0.0257  0.0254  0.0260  0.0254  0.0257  0.0253  0.0253  0.0253  0.0253
  0.0252  0.0252  0.0252  0.0253  0.0252  0.0254  0.0252  0.0253  0.0252  0.0252  0.0252  0.0252
  0.0252  0.0252  0.0252  0.0252  0.0252  0.0252  0.0251  0.0251  0.0251  0.0251  0.0251  0.0251
  0.0252  0.0252  0.0252  0.0252  0.0252  0.0252  0.0252  0.0253  0.0252  0.0252  0.0252  0.0252
  0.0255  0.0254  0.0253  0.0255  0.0253  0.0256  0.0254  0.0257  0.0253  0.0253  0.0254  0.0253
  0.0258  0.0256  0.0256  0.0260  0.0256  0.0265  0.0256  0.0264  0.0255  0.0256  0.0256  0.0255
niter,ni,del,rscale     1    3    5.0000    0.4000
parameters
    2.3748   38.6739   13.0666   -4.7573  -18.9678   -9.1643
    2.0443    5.6850   -3.4600   -1.6284   -1.1265    6.3054
eta,q 0.97487 12.35984
  0.0256  0.0254  0.0255  0.0258  0.0254  0.0262  0.0255  0.0259  0.0254  0.0254  0.0254  0.0253
  0.0253  0.0252  0.0253  0.0255  0.0253  0.0257  0.0253  0.0255  0.0252  0.0253  0.0253  0.0252
  0.0252  0.0252  0.0252  0.0252  0.0252  0.0253  0.0252  0.0252  0.0252  0.0252  0.0252  0.0252
  0.0251  0.0251  0.0251  0.0251  0.0251  0.0251  0.0251  0.0251  0.0251  0.0251  0.0251  0.0251
  0.0252  0.0252  0.0251  0.0252  0.0251  0.0252  0.0252  0.0252  0.0252  0.0252  0.0252  0.0252
  0.0254  0.0253  0.0252  0.0254  0.0252  0.0254  0.0253  0.0255  0.0252  0.0253  0.0253  0.0252
  0.0256  0.0254  0.0254  0.0258  0.0254  0.0260  0.0254  0.0260  0.0254  0.0254  0.0254  0.0253
registration optimization eta report
parameter search radius
    0.8000    0.8000    0.8000    2.4000    2.4000    2.4000
    2.4000    2.4000    2.4000    2.4000    2.4000    2.4000
100000*second partial in parameter space
       67.       41.       43.       11.        5.       17.
        6.       14.        4.        5.        5.        3.
  0.0256  0.0254  0.0255  0.0258  0.0254  0.0262  0.0255  0.0259  0.0254  0.0254  0.0254  0.0253
  0.0253  0.0252  0.0253  0.0255  0.0253  0.0257  0.0253  0.0255  0.0252  0.0253  0.0253  0.0252
  0.0252  0.0252  0.0252  0.0252  0.0252  0.0253  0.0252  0.0252  0.0252  0.0252  0.0252  0.0252
  0.0251  0.0251  0.0251  0.0251  0.0251  0.0251  0.0251  0.0251  0.0251  0.0251  0.0251  0.0251
  0.0252  0.0252  0.0251  0.0252  0.0251  0.0252  0.0252  0.0252  0.0252  0.0252  0.0252  0.0252
  0.0254  0.0253  0.0252  0.0254  0.0252  0.0254  0.0253  0.0255  0.0252  0.0253  0.0253  0.0252
  0.0256  0.0254  0.0254  0.0258  0.0254  0.0260  0.0254  0.0260  0.0254  0.0254  0.0254  0.0253
    2.3748   38.6739   13.0666   -4.7573  -18.9678   -9.1643
    2.0443    5.6850   -3.4600   -1.6284   -1.1265    6.3054
eta,q 0.97487 12.35984

---------------------------------------------------------------------
compute_vox2vox talsrcimg talsrcimg_to_711-2C_as_mni_average_305_t4 /opt/freesurfer/average/711-2C_as_mni_average_305
---------------------------------------------------------------------

freesurfer compute_vox2vox.c
Reading: talsrcimg.4dfp.ifh
Reading: talsrcimg_to_711-2C_as_mni_average_305_t4
Reading: /opt/freesurfer/average/711-2C_as_mni_average_305.4dfp.ifh
Writing: talsrcimg_to_711-2C_as_mni_average_305_t4_vox2vox.txt

start time Tue Mar 10 22:03:08 CET 2026
end		time Tue Mar 10 22:04:37 CET 2026

mpr2mni305 success

avi2talxfm orig_nu.mgz /opt/freesurfer/average/mni305.cor.mgz talsrcimg_to_711-2C_as_mni_average_305_t4_vox2vox.txt transforms/talairach.auto.xfm
avi2talxfm done
mv -f /out/sourcedata/freesurfer/sub-v2s12x28852_ses-1/mri/talsrcimg_to_711-2C_as_mni_average_305_t4_vox2vox.txt /out/sourcedata/freesurfer/sub-v2s12x28852_ses-1/mri/transforms/talsrcimg_to_711-2C_as_mni_average_305_t4_vox2vox.txt
lta_convert --src orig_nu.mgz --trg /opt/freesurfer/average/mni305.cor.mgz --inxfm transforms/talairach.auto.xfm --outlta transforms/talairach.auto.xfm.lta --subject fsaverage
7.3.2

--src: orig_nu.mgz src image (geometry).
--trg: /opt/freesurfer/average/mni305.cor.mgz trg image (geometry).
--inmni: transforms/talairach.auto.xfm input MNI/XFM transform.
--outlta: transforms/talairach.auto.xfm.lta output LTA.
--s: fsaverage subject name
 LTA read, type : 1
 1.04839  -0.06600  -0.02131  -3.08765;
 0.00988   1.09873  -0.08575  -11.89418;
 0.04496   0.01926   1.23144  -42.90907;
 0.00000   0.00000   0.00000   1.00000;
setting subject to fsaverage
Writing  LTA to file transforms/talairach.auto.xfm.lta...
lta_convert successful.
 
 
Started at Tue Mar 10 22:03:08 CET 2026
Ended   at Tue Mar 10 22:04:37 CET 2026
talairach_avi done
