/out/sourcedata/freesurfer/sub-v2s12x28880_ses-1/mri
/opt/freesurfer/bin/talairach_avi
--i orig_nu.mgz --xfm transforms/talairach.auto.xfm
talairach_avi 7.3.2
Linux dna040 5.14.0-427.37.1.el9_4.x86_64 #1 SMP PREEMPT_DYNAMIC Fri Sep 13 12:41:50 EDT 2024 x86_64 x86_64 x86_64 GNU/Linux
Wed Mar 11 00:50:57 CET 2026
mri_convert orig_nu.mgz talsrcimg.img 
reading from orig_nu.mgz...
TR=0.00, TE=0.00, TI=0.00, flip angle=0.00
i_ras = (-1, 0, 0)
j_ras = (0, 0, -1)
k_ras = (0, 1, 0)
writing to talsrcimg.img...
Analyze Output Matrix
-1.00000   0.00000   0.00000   126.80440;
 0.00000   0.00000   1.00000  -128.50000;
 0.00000  -1.00000   0.00000   133.36700;
 0.00000   0.00000   0.00000   1.00000;
--------------------
INFO: set hdr.hist.orient to -1
mpr2mni305 talsrcimg
Wed Mar 11 00:50:57 CET 2026
/opt/freesurfer/bin/mpr2mni305 talsrcimg
mpr2mni305 7.3.2
target=711-2C_as_mni_average_305

---------------------------------------------------------------------
analyzeto4dfp talsrcimg -O0 -y
---------------------------------------------------------------------

freesurfer ifh2hdr.c
Wed Mar 11 00:50:57 2026
Writing: talsrcimg.4dfp.hdr
freesurfer analyzeto4dfp.c
Reading: talsrcimg.hdr
header size 348 bytes
hdr.dime.datatype	offset=70	value=2
hdr.dime.bitpix		offset=72	value=8
hdr.hist.orient		offset=252	value=-1
dimensionality     4
dimensions       256       256       256         1
Reading: talsrcimg.img
Writing: talsrcimg.4dfp.img
Writing: talsrcimg.4dfp.ifh
ifh2hdr talsrcimg -r0to231
ori=2

---------------------------------------------------------------------
gauss_4dfp talsrcimg 1.1
---------------------------------------------------------------------

freesurfer gauss_4dfp.c
Reading: talsrcimg.4dfp.img
Writing: talsrcimg_g11.4dfp.img
image dimensions 256 256 256 padded to 288 288 288
processing volume 1freesurfer ifh2hdr.c
Wed Mar 11 00:50:59 2026
Writing: talsrcimg_g11.4dfp.hdr

Writing: talsrcimg_g11.4dfp.ifh
including: talsrcimg.4dfp.img.rec in talsrcimg_g11.4dfp.img.rec

---------------------------------------------------------------------
imgreg_4dfp /opt/freesurfer/average/711-2C_as_mni_average_305 none talsrcimg_g11 none talsrcimg_to_711-2C_as_mni_average_305_t4 4355
---------------------------------------------------------------------

freesurfer imgreg_4dfp.c
/opt/freesurfer/average/711-2C_as_mni_average_305.4dfp.img
       256       256       256         1
  1.000000  1.000000  1.000000
orientation T byte_order littleendian
Reading image: /opt/freesurfer/average/711-2C_as_mni_average_305.4dfp.img
dimensions:      256       256       256
mmppix:       1.0000   -1.0000   -1.0000
center:     128.0000 -129.0000 -129.0000
talsrcimg_g11.4dfp.img
       256       256       256         1
  1.000000  1.000000  1.000000
orientation T byte_order littleendian
Reading image: talsrcimg_g11.4dfp.img
dimensions:      256       256       256
mmppix:       1.0000   -1.0000   -1.0000
center:     128.0000 -129.0000 -129.0000
t4_read: open error in t4_sub.f l:  41 t4_file(1:l)talsrcimg_to_711-2C_as_mni_average_305_t4 
t4_read: transform initialized to I4
rotation matrix determinant  1.000000
image alignment mode   4355 decimal     1103 hex
   -7.5000  -45.0000  -45.0000 5464.0728   19.6158
    0.0000  -45.0000  -45.0000 5754.2754   19.5445
    7.5000  -45.0000  -45.0000 5531.6021   19.4747
   -7.5000  -37.5000  -45.0000 5966.3535   19.1854
    0.0000  -37.5000  -45.0000 6272.0059   19.1178
    7.5000  -37.5000  -45.0000 6052.2080   19.0475
   -7.5000  -30.0000  -45.0000 6754.7026   19.1471
    0.0000  -30.0000  -45.0000 7082.4292   19.0779
    7.5000  -30.0000  -45.0000 6858.5845   19.0043
   -7.5000  -22.5000  -45.0000 7617.2344   19.1196
    0.0000  -22.5000  -45.0000 7978.1372   19.0496
    7.5000  -22.5000  -45.0000 7711.5317   18.9803
   -7.5000  -15.0000  -45.0000 8414.5400   19.1186
    0.0000  -15.0000  -45.0000 8819.5938   19.0505
    7.5000  -15.0000  -45.0000 8508.8730   18.9870
   -7.5000   -7.5000  -45.0000 9145.8623   19.1545
    0.0000   -7.5000  -45.0000 9581.7246   19.0890
    7.5000   -7.5000  -45.0000 9217.6250   19.0264
   -7.5000    0.0000  -45.0000 9777.5312   19.1866
    0.0000    0.0000  -45.000010237.1816   19.1209
    7.5000    0.0000  -45.0000 9844.0430   19.0556
   -7.5000    7.5000  -45.0000 9741.5283   19.1780
    0.0000    7.5000  -45.000010225.5498   19.1105
    7.5000    7.5000  -45.0000 9827.5703   19.0401
   -7.5000   15.0000  -45.0000 9587.1953   19.1471
    0.0000   15.0000  -45.000010057.8115   19.0779
    7.5000   15.0000  -45.0000 9669.1123   19.0043
   -7.5000   22.5000  -45.0000 9422.8066   19.1169
    0.0000   22.5000  -45.0000 9863.1992   19.0470
    7.5000   22.5000  -45.0000 9497.1826   18.9777
   -7.5000   30.0000  -45.0000 9168.8584   18.8639
    0.0000   30.0000  -45.0000 9585.5781   18.7966
    7.5000   30.0000  -45.0000 9249.2266   18.7340
   -7.5000   37.5000  -45.0000 9011.8994   18.8993
    0.0000   37.5000  -45.0000 9426.6270   18.8346
    7.5000   37.5000  -45.0000 9092.5547   18.7728
   -7.5000   45.0000  -45.0000 8412.7979   18.4502
    0.0000   45.0000  -45.0000 8787.7090   18.3871
    7.5000   45.0000  -45.0000 8470.7354   18.3242
   -7.5000  -45.0000  -37.5000 5900.6118   19.3822
    0.0000  -45.0000  -37.5000 6201.9834   19.3223
    7.5000  -45.0000  -37.5000 5966.0176   19.2765
   -7.5000  -37.5000  -37.5000 6425.8604   18.9719
    0.0000  -37.5000  -37.5000 6740.9814   18.9129
    7.5000  -37.5000  -37.5000 6515.1343   18.8635
   -7.5000  -30.0000  -37.5000 7272.0391   18.9376
    0.0000  -30.0000  -37.5000 7626.2280   18.8735
    7.5000  -30.0000  -37.5000 7378.7671   18.8206
   -7.5000  -22.5000  -37.5000 8194.8730   18.9056
    0.0000  -22.5000  -37.5000 8613.2891   18.8404
    7.5000  -22.5000  -37.5000 8313.6348   18.7925
   -7.5000  -15.0000  -37.5000 9063.4463   18.8963
    0.0000  -15.0000  -37.5000 9542.4541   18.8353
    7.5000  -15.0000  -37.5000 9178.6680   18.7947
   -7.5000   -7.5000  -37.5000 9870.6562   18.9278
    0.0000   -7.5000  -37.500010370.3281   18.8721
    7.5000   -7.5000  -37.5000 9972.8984   18.8333
   -7.5000    0.0000  -37.500010521.4062   18.9642
    0.0000    0.0000  -37.500011057.0732   18.9092
    7.5000    0.0000  -37.500010646.0127   18.8667
   -7.5000    7.5000  -37.500010396.1670   18.9645
    0.0000    7.5000  -37.500010943.6494   18.9055
    7.5000    7.5000  -37.500010528.5938   18.8561
   -7.5000   15.0000  -37.500010215.3896   18.9376
    0.0000   15.0000  -37.500010734.7783   18.8735
    7.5000   15.0000  -37.500010337.5986   18.8206
   -7.5000   22.5000  -37.500010040.0088   18.9030
    0.0000   22.5000  -37.500010555.1738   18.8378
    7.5000   22.5000  -37.500010129.9639   18.7899
   -7.5000   30.0000  -37.5000 9758.4902   18.6445
    0.0000   30.0000  -37.500010271.1045   18.5843
    7.5000   30.0000  -37.5000 9865.0781   18.5443
   -7.5000   37.5000  -37.5000 9586.2900   18.6756
    0.0000   37.5000  -37.500010052.7812   18.6206
    7.5000   37.5000  -37.5000 9673.0205   18.5823
   -7.5000   45.0000  -37.5000 8940.0381   18.2363
    0.0000   45.0000  -37.5000 9350.3438   18.1835
    7.5000   45.0000  -37.5000 9020.5186   18.1426
   -7.5000  -45.0000  -30.0000 6435.4111   20.0913
    0.0000  -45.0000  -30.0000 6737.6079   20.0407
    7.5000  -45.0000  -30.0000 6510.7725   20.0068
   -7.5000  -37.5000  -30.0000 7002.7026   19.6681
    0.0000  -37.5000  -30.0000 7330.0361   19.6184
    7.5000  -37.5000  -30.0000 7096.6284   19.5828
   -7.5000  -30.0000  -30.0000 7932.6875   19.6351
    0.0000  -30.0000  -30.0000 8335.7217   19.5772
    7.5000  -30.0000  -30.0000 8065.5708   19.5373
   -7.5000  -22.5000  -30.0000 8958.3887   19.6073
    0.0000  -22.5000  -30.0000 9451.7549   19.5445
    7.5000  -22.5000  -30.0000 9135.4336   19.5058
   -7.5000  -15.0000  -30.0000 9938.8086   19.5996
    0.0000  -15.0000  -30.000010468.9102   19.5406
    7.5000  -15.0000  -30.000010079.9443   19.5065
   -7.5000   -7.5000  -30.000010797.7471   19.6292
    0.0000   -7.5000  -30.000011355.0547   19.5784
    7.5000   -7.5000  -30.000010920.2900   19.5475
   -7.5000    0.0000  -30.000011477.9170   19.6623
    0.0000    0.0000  -30.000012087.1494   19.6161
    7.5000    0.0000  -30.000011632.3564   19.5847
   -7.5000    7.5000  -30.000011308.2324   19.6605
    0.0000    7.5000  -30.000011936.1279   19.6108
    7.5000    7.5000  -30.000011460.2520   19.5751
   -7.5000   15.0000  -30.000011056.4092   19.6351
    0.0000   15.0000  -30.000011683.9297   19.5772
    7.5000   15.0000  -30.000011225.1572   19.5373
   -7.5000   22.5000  -30.000010830.4590   19.6026
    0.0000   22.5000  -30.000011443.4502   19.5398
    7.5000   22.5000  -30.000010980.9678   19.5011
   -7.5000   30.0000  -30.000010545.7246   19.3403
    0.0000   30.0000  -30.000011126.9541   19.2820
    7.5000   30.0000  -30.000010681.3818   19.2484
   -7.5000   37.5000  -30.000010345.2490   19.3695
    0.0000   37.5000  -30.000010875.3398   19.3193
    7.5000   37.5000  -30.000010474.3438   19.2888
   -7.5000   45.0000  -30.0000 9642.6641   18.9216
    0.0000   45.0000  -30.000010118.0322   18.8771
    7.5000   45.0000  -30.0000 9742.7520   18.8469
   -7.5000  -45.0000  -22.5000 7013.7446   20.7906
    0.0000  -45.0000  -22.5000 7333.3032   20.7377
    7.5000  -45.0000  -22.5000 7106.9570   20.6909
   -7.5000  -37.5000  -22.5000 7643.9512   20.3443
    0.0000  -37.5000  -22.5000 8018.7837   20.2943
    7.5000  -37.5000  -22.5000 7764.8066   20.2505
   -7.5000  -30.0000  -22.5000 8679.6514   20.3099
    0.0000  -30.0000  -22.5000 9147.8242   20.2520
    7.5000  -30.0000  -22.5000 8851.3789   20.2034
   -7.5000  -22.5000  -22.5000 9828.6758   20.2898
    0.0000  -22.5000  -22.500010381.8711   20.2254
    7.5000  -22.5000  -22.500010013.6465   20.1733
   -7.5000  -15.0000  -22.500010855.8447   20.2900
    0.0000  -15.0000  -22.500011462.0723   20.2269
    7.5000  -15.0000  -22.500011024.1758   20.1758
   -7.5000   -7.5000  -22.500011759.1787   20.3205
    0.0000   -7.5000  -22.500012391.6719   20.2658
    7.5000   -7.5000  -22.500011905.6045   20.2182
   -7.5000    0.0000  -22.500012507.2861   20.3473
    0.0000    0.0000  -22.500013177.1768   20.2990
    7.5000    0.0000  -22.500012642.6123   20.2553
   -7.5000    7.5000  -22.500012301.2666   20.3367
    0.0000    7.5000  -22.500012988.0098   20.2866
    7.5000    7.5000  -22.500012479.1279   20.2428
   -7.5000   15.0000  -22.500012057.1572   20.3099
    0.0000   15.0000  -22.500012727.2852   20.2520
    7.5000   15.0000  -22.500012227.5898   20.2034
   -7.5000   22.5000  -22.500011779.1650   20.2835
    0.0000   22.5000  -22.500012448.5820   20.2191
    7.5000   22.5000  -22.500011945.3623   20.1671
   -7.5000   30.0000  -22.500011405.1826   20.0246
    0.0000   30.0000  -22.500012063.5449   19.9623
    7.5000   30.0000  -22.500011568.9023   19.9119
   -7.5000   37.5000  -22.500011151.9287   20.0547
    0.0000   37.5000  -22.500011776.8359   20.0007
    7.5000   37.5000  -22.500011299.7969   19.9538
   -7.5000   45.0000  -22.500010366.6768   19.5955
    0.0000   45.0000  -22.500010937.1738   19.5489
    7.5000   45.0000  -22.500010500.4482   19.5068
   -7.5000  -45.0000  -15.0000 7639.4912   21.3564
    0.0000  -45.0000  -15.0000 7991.0259   21.2888
    7.5000  -45.0000  -15.0000 7753.2568   21.2168
   -7.5000  -37.5000  -15.0000 8338.5000   20.8848
    0.0000  -37.5000  -15.0000 8751.7168   20.8240
    7.5000  -37.5000  -15.0000 8475.6465   20.7586
   -7.5000  -30.0000  -15.0000 9494.1279   20.8458
    0.0000  -30.0000  -15.000010003.4590   20.7814
    7.5000  -30.0000  -15.0000 9668.2217   20.7108
   -7.5000  -22.5000  -15.000010744.7627   20.8320
    0.0000  -22.5000  -15.000011308.2256   20.7612
    7.5000  -22.5000  -15.000010895.8877   20.6853
   -7.5000  -15.0000  -15.000011845.9834   20.8419
    0.0000  -15.0000  -15.000012468.6064   20.7691
    7.5000  -15.0000  -15.000011984.1348   20.6918
   -7.5000   -7.5000  -15.000012810.8398   20.8769
    0.0000   -7.5000  -15.000013498.8408   20.8091
    7.5000   -7.5000  -15.000012933.2881   20.7350
   -7.5000    0.0000  -15.000013591.1436   20.8985
    0.0000    0.0000  -15.000014317.2061   20.8364
    7.5000    0.0000  -15.000013734.4619   20.7687
   -7.5000    7.5000  -15.000013348.9639   20.8772
    0.0000    7.5000  -15.000014091.8066   20.8164
    7.5000    7.5000  -15.000013527.5771   20.7509
   -7.5000   15.0000  -15.000013078.7031   20.8458
    0.0000   15.0000  -15.000013853.5771   20.7814
    7.5000   15.0000  -15.000013289.3330   20.7108
   -7.5000   22.5000  -15.000012766.0303   20.8246
    0.0000   22.5000  -15.000013544.0361   20.7538
    7.5000   22.5000  -15.000012987.3486   20.6780
   -7.5000   30.0000  -15.000012320.6816   20.5722
    0.0000   30.0000  -15.000013071.9062   20.5003
    7.5000   30.0000  -15.000012518.9189   20.4240
   -7.5000   37.5000  -15.000011970.9131   20.6067
    0.0000   37.5000  -15.000012691.4756   20.5398
    7.5000   37.5000  -15.000012143.4775   20.4666
   -7.5000   45.0000  -15.000011124.8760   20.1384
    0.0000   45.0000  -15.000011772.1875   20.0786
    7.5000   45.0000  -15.000011262.0488   20.0134
   -7.5000  -45.0000   -7.5000 8303.6084   21.6637
    0.0000  -45.0000   -7.5000 8713.2324   21.5834
    7.5000  -45.0000   -7.5000 8436.1133   21.4976
   -7.5000  -37.5000   -7.5000 9079.8477   21.1820
    0.0000  -37.5000   -7.5000 9538.1611   21.1094
    7.5000  -37.5000   -7.5000 9224.4570   21.0285
   -7.5000  -30.0000   -7.500010341.5010   21.1386
    0.0000  -30.0000   -7.500010900.4912   21.0652
    7.5000  -30.0000   -7.500010537.7158   20.9797
   -7.5000  -22.5000   -7.500011683.1738   21.1200
    0.0000  -22.5000   -7.500012301.8672   21.0430
    7.5000  -22.5000   -7.500011859.7871   20.9558
   -7.5000  -15.0000   -7.500012893.7744   21.1305
    0.0000  -15.0000   -7.500013556.1113   21.0515
    7.5000  -15.0000   -7.500013060.5703   20.9655
   -7.5000   -7.5000   -7.500013912.3594   21.1705
    0.0000   -7.5000   -7.500014662.8223   21.0938
    7.5000   -7.5000   -7.500014085.8613   21.0100
   -7.5000    0.0000   -7.500014732.1025   21.1958
    0.0000    0.0000   -7.500015530.9814   21.1219
    7.5000    0.0000   -7.500014930.8018   21.0412
   -7.5000    7.5000   -7.500014430.6719   21.1743
    0.0000    7.5000   -7.500015273.3320   21.1016
    7.5000    7.5000   -7.500014649.4404   21.0207
   -7.5000   15.0000   -7.500014128.1846   21.1386
    0.0000   15.0000   -7.500015007.1025   21.0652
    7.5000   15.0000   -7.500014410.1602   20.9797
   -7.5000   22.5000   -7.500013787.3330   21.1103
    0.0000   22.5000   -7.500014655.6123   21.0332
    7.5000   22.5000   -7.500014090.5664   20.9461
   -7.5000   30.0000   -7.500013293.2109   20.8565
    0.0000   30.0000   -7.500014117.9619   20.7785
    7.5000   30.0000   -7.500013544.8652   20.6936
   -7.5000   37.5000   -7.500012901.5488   20.8959
    0.0000   37.5000   -7.500013699.5664   20.8203
    7.5000   37.5000   -7.500013119.0020   20.7375
   -7.5000   45.0000   -7.500011964.6182   20.4287
    0.0000   45.0000   -7.500012698.2041   20.3575
    7.5000   45.0000   -7.500012155.8477   20.2798
   -7.5000  -45.0000    0.0000 8926.7080   21.7020
    0.0000  -45.0000    0.0000 9389.8193   21.6230
    7.5000  -45.0000    0.0000 9063.5557   21.5470
   -7.5000  -37.5000    0.0000 9768.0889   21.2318
    0.0000  -37.5000    0.000010302.9004   21.1565
    7.5000  -37.5000    0.0000 9951.4297   21.0796
   -7.5000  -30.0000    0.000011092.8584   21.1897
    0.0000  -30.0000    0.000011747.8887   21.1125
    7.5000  -30.0000    0.000011337.6426   21.0316
   -7.5000  -22.5000    0.000012514.2266   21.1586
    0.0000  -22.5000    0.000013210.2588   21.0810
    7.5000  -22.5000    0.000012758.5684   21.0047
   -7.5000  -15.0000    0.000013812.7422   21.1567
    0.0000  -15.0000    0.000014562.9482   21.0814
    7.5000  -15.0000    0.000014026.4131   21.0119
   -7.5000   -7.5000    0.000014919.6758   21.1961
    0.0000   -7.5000    0.000015752.8164   21.1238
    7.5000   -7.5000    0.000015168.2119   21.0556
   -7.5000    0.0000    0.000015799.1416   21.2323
    0.0000    0.0000    0.000016721.1523   21.1595
    7.5000    0.0000    0.000016072.3281   21.0884
   -7.5000    7.5000    0.000015446.6348   21.2238
    0.0000    7.5000    0.000016387.3281   21.1484
    7.5000    7.5000    0.000015743.5635   21.0715
   -7.5000   15.0000    0.000015078.3418   21.1897
    0.0000   15.0000    0.000015988.3066   21.1125
    7.5000   15.0000    0.000015413.2725   21.0316
   -7.5000   22.5000    0.000014700.7568   21.1489
    0.0000   22.5000    0.000015604.1719   21.0713
    7.5000   22.5000    0.000015054.8721   20.9950
   -7.5000   30.0000    0.000014152.1973   20.8828
    0.0000   30.0000    0.000015055.2764   20.8086
    7.5000   30.0000    0.000014493.7422   20.7400
   -7.5000   37.5000    0.000013732.4316   20.9218
    0.0000   37.5000    0.000014608.1689   20.8505
    7.5000   37.5000    0.000014051.8428   20.7831
   -7.5000   45.0000    0.000012723.2100   20.4655
    0.0000   45.0000    0.000013518.8506   20.3954
    7.5000   45.0000    0.000012975.0879   20.3268
   -7.5000  -45.0000    7.5000 8884.5000   21.6356
    0.0000  -45.0000    7.5000 9362.3623   21.5691
    7.5000  -45.0000    7.5000 9033.1035   21.5182
   -7.5000  -37.5000    7.5000 9716.4697   21.1789
    0.0000  -37.5000    7.500010241.6025   21.1132
    7.5000  -37.5000    7.5000 9908.4727   21.0582
   -7.5000  -30.0000    7.500011006.6982   21.1410
    0.0000  -30.0000    7.500011591.1270   21.0696
    7.5000  -30.0000    7.500011242.1357   21.0105
   -7.5000  -22.5000    7.500012386.9736   21.1054
    0.0000  -22.5000    7.500013010.9766   21.0327
    7.5000  -22.5000    7.500012619.4326   20.9793
   -7.5000  -15.0000    7.500013640.7539   21.0948
    0.0000  -15.0000    7.500014315.0752   21.0270
    7.5000  -15.0000    7.500013817.9053   20.9818
   -7.5000   -7.5000    7.500014754.8711   21.1297
    0.0000   -7.5000    7.500015513.4609   21.0677
    7.5000   -7.5000    7.500014956.6094   21.0247
   -7.5000    0.0000    7.500015706.5332   21.1701
    0.0000    0.0000    7.500016594.3281   21.1091
    7.5000    0.0000    7.500015951.3613   21.0618
   -7.5000    7.5000    7.500015316.7969   21.1707
    0.0000    7.5000    7.500016189.7158   21.1050
    7.5000    7.5000    7.500015623.6572   21.0500
   -7.5000   15.0000    7.500014926.1162   21.1410
    0.0000   15.0000    7.500015744.2031   21.0696
    7.5000   15.0000    7.500015253.9043   21.0105
   -7.5000   22.5000    7.500014566.2627   21.0957
    0.0000   22.5000    7.500015404.9424   21.0230
    7.5000   22.5000    7.500014888.6064   20.9697
   -7.5000   30.0000    7.500013974.0527   20.8218
    0.0000   30.0000    7.500014830.4082   20.7549
    7.5000   30.0000    7.500014278.2773   20.7103
   -7.5000   37.5000    7.500013506.9727   20.8562
    0.0000   37.5000    7.500014343.4287   20.7951
    7.5000   37.5000    7.500013820.4834   20.7526
   -7.5000   45.0000    7.500012481.4082   20.4056
    0.0000   45.0000    7.500013237.2227   20.3467
    7.5000   45.0000    7.500012741.8096   20.3011
   -7.5000  -45.0000   15.0000 8662.7510   21.5737
    0.0000  -45.0000   15.0000 9138.9346   21.5194
    7.5000  -45.0000   15.0000 8828.0557   21.4830
   -7.5000  -37.5000   15.0000 9479.2539   21.1194
    0.0000  -37.5000   15.000010011.8721   21.0660
    7.5000  -37.5000   15.0000 9687.4551   21.0277
   -7.5000  -30.0000   15.000010754.2812   21.0839
    0.0000  -30.0000   15.000011334.2363   21.0217
    7.5000  -30.0000   15.000010974.2998   20.9789
   -7.5000  -22.5000   15.000012073.4414   21.0541
    0.0000  -22.5000   15.000012700.1182   20.9867
    7.5000  -22.5000   15.000012258.4600   20.9451
   -7.5000  -15.0000   15.000013265.9248   21.0459
    0.0000  -15.0000   15.000013911.2646   20.9824
    7.5000  -15.0000   15.000013378.6484   20.9458
   -7.5000   -7.5000   15.000014427.0068   21.0776
    0.0000   -7.5000   15.000015106.9248   21.0231
    7.5000   -7.5000   15.000014528.1309   20.9899
   -7.5000    0.0000   15.000015439.4580   21.1132
    0.0000    0.0000   15.000016300.3027   21.0635
    7.5000    0.0000   15.000015645.4590   21.0298
   -7.5000    7.5000   15.000015078.3340   21.1112
    0.0000    7.5000   15.000015751.1670   21.0578
    7.5000    7.5000   15.000015222.3809   21.0195
   -7.5000   15.0000   15.000014643.3379   21.0839
    0.0000   15.0000   15.000015243.0898   21.0217
    7.5000   15.0000   15.000014783.6592   20.9789
   -7.5000   22.5000   15.000014265.1016   21.0444
    0.0000   22.5000   15.000014931.2451   20.9770
    7.5000   22.5000   15.000014450.8447   20.9355
   -7.5000   30.0000   15.000013609.4346   20.7735
    0.0000   30.0000   15.000014301.7734   20.7109
    7.5000   30.0000   15.000013823.7070   20.6747
   -7.5000   37.5000   15.000013168.8350   20.8048
    0.0000   37.5000   15.000013821.1602   20.7510
    7.5000   37.5000   15.000013371.3730   20.7182
   -7.5000   45.0000   15.000012162.6709   20.3507
    0.0000   45.0000   15.000012771.1855   20.3028
    7.5000   45.0000   15.000012358.8340   20.2703
   -7.5000  -45.0000   22.5000 8344.5840   21.5823
    0.0000  -45.0000   22.5000 8803.3994   21.5274
    7.5000  -45.0000   22.5000 8531.8516   21.4788
   -7.5000  -37.5000   22.5000 9144.7344   21.1190
    0.0000  -37.5000   22.5000 9651.5527   21.0671
    7.5000  -37.5000   22.5000 9355.6465   21.0217
   -7.5000  -30.0000   22.500010385.2646   21.0833
    0.0000  -30.0000   22.500010970.5977   21.0232
    7.5000  -30.0000   22.500010605.0449   20.9727
   -7.5000  -22.5000   22.500011647.7041   21.0624
    0.0000  -22.5000   22.500012286.8174   20.9955
    7.5000  -22.5000   22.500011829.4062   20.9415
   -7.5000  -15.0000   22.500012808.3457   21.0626
    0.0000  -15.0000   22.500013447.5713   20.9971
    7.5000  -15.0000   22.500012911.3115   20.9441
   -7.5000   -7.5000   22.500013920.0166   21.0943
    0.0000   -7.5000   22.500014554.7344   21.0375
    7.5000   -7.5000   22.500013946.7227   20.9881
   -7.5000    0.0000   22.500014929.3076   21.1221
    0.0000    0.0000   22.500015598.3154   21.0719
    7.5000    0.0000   22.500014901.3682   21.0266
   -7.5000    7.5000   22.500014644.3311   21.1111
    0.0000    7.5000   22.500015074.5752   21.0591
    7.5000    7.5000   22.500014537.9238   21.0137
   -7.5000   15.0000   22.500014328.1084   21.0833
    0.0000   15.0000   22.500014636.8369   21.0232
    7.5000   15.0000   22.500014230.1758   20.9727
   -7.5000   22.5000   22.500013980.8076   21.0527
    0.0000   22.5000   22.500014326.0264   20.9859
    7.5000   22.5000   22.500013966.5176   20.9319
   -7.5000   30.0000   22.500013294.8867   20.7900
    0.0000   30.0000   22.500013674.7363   20.7254
    7.5000   30.0000   22.500013305.1152   20.6731
   -7.5000   37.5000   22.500012841.8467   20.8213
    0.0000   37.5000   22.500013295.0830   20.7652
    7.5000   37.5000   22.500012883.6055   20.7165
   -7.5000   45.0000   22.500011829.3896   20.3593
    0.0000   45.0000   22.500012337.1924   20.3109
    7.5000   45.0000   22.500011872.5557   20.2672
   -7.5000  -45.0000   30.0000 7917.8418   21.6499
    0.0000  -45.0000   30.0000 8385.1387   21.5814
    7.5000  -45.0000   30.0000 8111.3696   21.5084
   -7.5000  -37.5000   30.0000 8694.5752   21.1719
    0.0000  -37.5000   30.0000 9222.4639   21.1102
    7.5000  -37.5000   30.0000 8892.3730   21.0439
   -7.5000  -30.0000   30.0000 9894.4600   21.1323
    0.0000  -30.0000   30.000010472.3711   21.0670
    7.5000  -30.0000   30.000010093.9014   20.9954
   -7.5000  -22.5000   30.000011066.4434   21.1183
    0.0000  -22.5000   30.000011660.6904   21.0465
    7.5000  -22.5000   30.000011230.7930   20.9696
   -7.5000  -15.0000   30.000012175.5449   21.1284
    0.0000  -15.0000   30.000012726.5381   21.0545
    7.5000  -15.0000   30.000012244.0977   20.9762
   -7.5000   -7.5000   30.000013214.3779   21.1639
    0.0000   -7.5000   30.000013744.1875   21.0951
    7.5000   -7.5000   30.000013220.6270   21.0199
   -7.5000    0.0000   30.000014173.6211   21.1857
    0.0000    0.0000   30.000014656.3506   21.1228
    7.5000    0.0000   30.000014063.0000   21.0541
   -7.5000    7.5000   30.000013971.5752   21.1641
    0.0000    7.5000   30.000014374.7754   21.1024
    7.5000    7.5000   30.000013809.0479   21.0361
   -7.5000   15.0000   30.000013738.4658   21.1323
    0.0000   15.0000   30.000014244.5303   21.0670
    7.5000   15.0000   30.000013698.4814   20.9954
   -7.5000   22.5000   30.000013453.6396   21.1086
    0.0000   22.5000   30.000014028.4639   21.0368
    7.5000   22.5000   30.000013483.6406   20.9599
   -7.5000   30.0000   30.000012753.0752   20.8549
    0.0000   30.0000   30.000013298.9688   20.7821
    7.5000   30.0000   30.000012744.4238   20.7047
   -7.5000   37.5000   30.000012241.7988   20.8900
    0.0000   37.5000   30.000012792.0020   20.8221
    7.5000   37.5000   30.000012228.1396   20.7479
   -7.5000   45.0000   30.000011223.0303   20.4206
    0.0000   45.0000   30.000011746.1816   20.3599
    7.5000   45.0000   30.000011232.9990   20.2938
   -7.5000  -45.0000   37.5000 7762.8145   21.7112
    0.0000  -45.0000   37.5000 8217.0645   21.6308
    7.5000  -45.0000   37.5000 7958.0806   21.5448
   -7.5000  -37.5000   37.5000 8511.2227   21.2284
    0.0000  -37.5000   37.5000 8995.1504   21.1557
    7.5000  -37.5000   37.5000 8694.8574   21.0746
   -7.5000  -30.0000   37.5000 9660.0537   21.1849
    0.0000  -30.0000   37.500010212.4336   21.1114
    7.5000  -30.0000   37.5000 9846.7959   21.0257
   -7.5000  -22.5000   37.500010809.1133   21.1663
    0.0000  -22.5000   37.500011407.1904   21.0891
    7.5000  -22.5000   37.500010961.4082   21.0016
   -7.5000  -15.0000   37.500011881.9990   21.1768
    0.0000  -15.0000   37.500012465.2051   21.0976
    7.5000  -15.0000   37.500011983.0869   21.0114
   -7.5000   -7.5000   37.500012909.2793   21.2169
    0.0000   -7.5000   37.500013503.3271   21.1401
    7.5000   -7.5000   37.500012956.9277   21.0560
   -7.5000    0.0000   37.500013830.3936   21.2422
    0.0000    0.0000   37.500014443.4023   21.1682
    7.5000    0.0000   37.500013835.6025   21.0873
   -7.5000    7.5000   37.500013648.7871   21.2206
    0.0000    7.5000   37.500014255.2266   21.1479
    7.5000    7.5000   37.500013646.4268   21.0667
   -7.5000   15.0000   37.500013413.6523   21.1849
    0.0000   15.0000   37.500014062.0391   21.1114
    7.5000   15.0000   37.500013440.6025   21.0257
   -7.5000   22.5000   37.500013124.8311   21.1565
    0.0000   22.5000   37.500013764.3408   21.0794
    7.5000   22.5000   37.500013156.6836   20.9920
   -7.5000   30.0000   37.500012430.2871   20.9028
    0.0000   30.0000   37.500013007.0039   20.8246
    7.5000   30.0000   37.500012448.1104   20.7395
   -7.5000   37.5000   37.500011935.5762   20.9423
    0.0000   37.5000   37.500012486.6621   20.8665
    7.5000   37.5000   37.500011957.6191   20.7835
   -7.5000   45.0000   37.500010943.4912   20.4750
    0.0000   45.0000   37.500011461.6895   20.4037
    7.5000   45.0000   37.500010971.5449   20.3257
   -7.5000  -45.0000   45.0000 7173.6733   21.5786
    0.0000  -45.0000   45.0000 7570.1216   21.4998
    7.5000  -45.0000   45.0000 7351.7944   21.4243
   -7.5000  -37.5000   45.0000 7852.2197   21.1106
    0.0000  -37.5000   45.0000 8299.3818   21.0355
    7.5000  -37.5000   45.0000 8037.3521   20.9590
   -7.5000  -30.0000   45.0000 8919.1328   21.0686
    0.0000  -30.0000   45.0000 9445.7686   20.9916
    7.5000  -30.0000   45.0000 9124.1289   20.9112
   -7.5000  -22.5000   45.0000 9980.9873   21.0376
    0.0000  -22.5000   45.000010567.9990   20.9603
    7.5000  -22.5000   45.000010196.3740   20.8844
   -7.5000  -15.0000   45.000010965.0850   21.0357
    0.0000  -15.0000   45.000011575.6904   20.9608
    7.5000  -15.0000   45.000011161.1211   20.8917
   -7.5000   -7.5000   45.000011899.4326   21.0751
    0.0000   -7.5000   45.000012514.1387   21.0031
    7.5000   -7.5000   45.000012044.1201   20.9352
   -7.5000    0.0000   45.000012705.3027   21.1111
    0.0000    0.0000   45.000013321.1123   21.0387
    7.5000    0.0000   45.000012812.2725   20.9679
   -7.5000    7.5000   45.000012504.7871   21.1026
    0.0000    7.5000   45.000013107.1836   21.0275
    7.5000    7.5000   45.000012601.0811   20.9510
   -7.5000   15.0000   45.000012297.3037   21.0686
    0.0000   15.0000   45.000012892.1523   20.9916
    7.5000   15.0000   45.000012383.5781   20.9112
   -7.5000   22.5000   45.000012028.6299   21.0279
    0.0000   22.5000   45.000012601.2881   20.9506
    7.5000   22.5000   45.000012100.7686   20.8747
   -7.5000   30.0000   45.000011416.9980   20.7617
    0.0000   30.0000   45.000011909.0723   20.6878
    7.5000   30.0000   45.000011443.6328   20.6195
   -7.5000   37.5000   45.000010976.0078   20.8005
    0.0000   37.5000   45.000011481.1494   20.7295
    7.5000   37.5000   45.000011009.2607   20.6625
   -7.5000   45.0000   45.000010105.1494   20.3579
    0.0000   45.0000   45.000010574.1719   20.2880
    7.5000   45.0000   45.000010140.2822   20.2198

---------------------------------------------------------------------
imgreg_4dfp /opt/freesurfer/average/711-2C_as_mni_average_305 /opt/freesurfer/average/711-2B_as_mni_average_305_mask talsrcimg_g11 none talsrcimg_to_711-2C_as_mni_average_305_t4 4355
---------------------------------------------------------------------

freesurfer imgreg_4dfp.c
/opt/freesurfer/average/711-2C_as_mni_average_305.4dfp.img
       256       256       256         1
  1.000000  1.000000  1.000000
orientation T byte_order littleendian
Reading image: /opt/freesurfer/average/711-2C_as_mni_average_305.4dfp.img
dimensions:      256       256       256
mmppix:       1.0000   -1.0000   -1.0000
center:     128.0000 -129.0000 -129.0000
/opt/freesurfer/average/711-2B_as_mni_average_305_mask.4dfp.img
       256       256       256         1
  1.000000  1.000000  1.000000
orientation T byte_order littleendian
Reading mask: /opt/freesurfer/average/711-2B_as_mni_average_305_mask.4dfp.img (2306576 pixels)
talsrcimg_g11.4dfp.img
       256       256       256         1
  1.000000  1.000000  1.000000
orientation T byte_order littleendian
Reading image: talsrcimg_g11.4dfp.img
dimensions:      256       256       256
mmppix:       1.0000   -1.0000   -1.0000
center:     128.0000 -129.0000 -129.0000
rotation matrix determinant  1.000000
image alignment mode   4355 decimal     1103 hex
   -7.5000  -45.0000  -45.0000 1607.3949   34.6855
    0.0000  -45.0000  -45.0000 1624.5238   34.1375
    7.5000  -45.0000  -45.0000 1621.2372   33.7757
   -7.5000  -37.5000  -45.0000 1721.4545   30.3336
    0.0000  -37.5000  -45.0000 1735.4186   29.7887
    7.5000  -37.5000  -45.0000 1736.9243   29.5030
   -7.5000  -30.0000  -45.0000 1816.6941   26.8755
    0.0000  -30.0000  -45.0000 1830.3961   26.3799
    7.5000  -30.0000  -45.0000 1834.6759   26.2430
   -7.5000  -22.5000  -45.0000 1912.6725   24.4710
    0.0000  -22.5000  -45.0000 1925.0161   23.9951
    7.5000  -22.5000  -45.0000 1923.8059   23.9414
   -7.5000  -15.0000  -45.0000 1978.3430   22.8554
    0.0000  -15.0000  -45.0000 1991.2819   22.4400
    7.5000  -15.0000  -45.0000 1988.8489   22.4267
   -7.5000   -7.5000  -45.0000 2024.2828   21.5902
    0.0000   -7.5000  -45.0000 2038.8538   21.2777
    7.5000   -7.5000  -45.0000 2029.2225   21.2192
   -7.5000    0.0000  -45.0000 2054.2188   20.6378
    0.0000    0.0000  -45.0000 2071.0615   20.3002
    7.5000    0.0000  -45.0000 2061.5374   20.2881
   -7.5000    7.5000  -45.0000 2080.3369   20.0607
    0.0000    7.5000  -45.0000 2101.5486   19.7199
    7.5000    7.5000  -45.0000 2087.7251   19.7381
   -7.5000   15.0000  -45.0000 2079.7817   19.8883
    0.0000   15.0000  -45.0000 2095.7983   19.5635
    7.5000   15.0000  -45.0000 2084.1484   19.6019
   -7.5000   22.5000  -45.0000 2070.8816   20.1410
    0.0000   22.5000  -45.0000 2084.9490   19.7617
    7.5000   22.5000  -45.0000 2073.0842   19.8881
   -7.5000   30.0000  -45.0000 2038.6316   20.8503
    0.0000   30.0000  -45.0000 2054.1228   20.4500
    7.5000   30.0000  -45.0000 2039.2234   20.5668
   -7.5000   37.5000  -45.0000 1989.2247   21.9239
    0.0000   37.5000  -45.0000 2008.6433   21.5394
    7.5000   37.5000  -45.0000 1999.2084   21.6792
   -7.5000   45.0000  -45.0000 1929.5825   23.5009
    0.0000   45.0000  -45.0000 1947.6262   23.1177
    7.5000   45.0000  -45.0000 1936.5820   23.2079
   -7.5000  -45.0000  -37.5000 1687.2214   31.3840
    0.0000  -45.0000  -37.5000 1707.3364   30.8678
    7.5000  -45.0000  -37.5000 1701.8951   30.6038
   -7.5000  -37.5000  -37.5000 1807.0709   27.4794
    0.0000  -37.5000  -37.5000 1821.8645   26.9338
    7.5000  -37.5000  -37.5000 1824.6963   26.8092
   -7.5000  -30.0000  -37.5000 1909.9071   24.4017
    0.0000  -30.0000  -37.5000 1926.8601   23.9477
    7.5000  -30.0000  -37.5000 1929.4395   23.8655
   -7.5000  -22.5000  -37.5000 2008.7260   22.2734
    0.0000  -22.5000  -37.5000 2029.9034   21.8575
    7.5000  -22.5000  -37.5000 2022.5435   21.8244
   -7.5000  -15.0000  -37.5000 2078.3914   20.8030
    0.0000  -15.0000  -37.5000 2101.6975   20.4694
    7.5000  -15.0000  -37.5000 2091.9856   20.4542
   -7.5000   -7.5000  -37.5000 2137.3752   19.6359
    0.0000   -7.5000  -37.5000 2156.3755   19.3442
    7.5000   -7.5000  -37.5000 2146.8972   19.3094
   -7.5000    0.0000  -37.5000 2163.1885   18.7451
    0.0000    0.0000  -37.5000 2185.7473   18.4752
    7.5000    0.0000  -37.5000 2178.0518   18.4269
   -7.5000    7.5000  -37.5000 2181.7043   18.2834
    0.0000    7.5000  -37.5000 2202.7244   17.8999
    7.5000    7.5000  -37.5000 2192.5100   17.9053
   -7.5000   15.0000  -37.5000 2177.6370   18.1983
    0.0000   15.0000  -37.5000 2195.9250   17.8548
    7.5000   15.0000  -37.5000 2190.2400   17.8530
   -7.5000   22.5000  -37.5000 2174.3254   18.3788
    0.0000   22.5000  -37.5000 2192.3748   18.0747
    7.5000   22.5000  -37.5000 2178.4993   18.1789
   -7.5000   30.0000  -37.5000 2141.8408   18.9161
    0.0000   30.0000  -37.5000 2167.0317   18.6043
    7.5000   30.0000  -37.5000 2149.3962   18.7139
   -7.5000   37.5000  -37.5000 2095.6372   19.8202
    0.0000   37.5000  -37.5000 2119.0281   19.4917
    7.5000   37.5000  -37.5000 2101.7366   19.5813
   -7.5000   45.0000  -37.5000 2028.4912   21.1512
    0.0000   45.0000  -37.5000 2050.1055   20.7608
    7.5000   45.0000  -37.5000 2036.2584   20.8469
   -7.5000  -45.0000  -30.0000 1789.4564   29.7056
    0.0000  -45.0000  -30.0000 1806.9524   29.1404
    7.5000  -45.0000  -30.0000 1804.5964   29.1839
   -7.5000  -37.5000  -30.0000 1910.5494   25.9573
    0.0000  -37.5000  -30.0000 1929.0511   25.5051
    7.5000  -37.5000  -30.0000 1928.8398   25.5030
   -7.5000  -30.0000  -30.0000 2025.6906   23.0708
    0.0000  -30.0000  -30.0000 2050.0352   22.6948
    7.5000  -30.0000  -30.0000 2044.2084   22.6327
   -7.5000  -22.5000  -30.0000 2141.9675   21.0801
    0.0000  -22.5000  -30.0000 2168.0557   20.7413
    7.5000  -22.5000  -30.0000 2163.1365   20.6846
   -7.5000  -15.0000  -30.0000 2226.7766   19.6544
    0.0000  -15.0000  -30.0000 2251.6765   19.3616
    7.5000  -15.0000  -30.0000 2241.6064   19.3502
   -7.5000   -7.5000  -30.0000 2287.4443   18.5328
    0.0000   -7.5000  -30.0000 2307.2246   18.2910
    7.5000   -7.5000  -30.0000 2295.9387   18.2689
   -7.5000    0.0000  -30.0000 2315.9553   17.6870
    0.0000    0.0000  -30.0000 2338.3120   17.4585
    7.5000    0.0000  -30.0000 2324.3132   17.4113
   -7.5000    7.5000  -30.0000 2332.1028   17.2112
    0.0000    7.5000  -30.0000 2355.9719   16.9539
    7.5000    7.5000  -30.0000 2345.2214   16.9148
   -7.5000   15.0000  -30.0000 2315.1777   17.1547
    0.0000   15.0000  -30.0000 2348.0984   16.9019
    7.5000   15.0000  -30.0000 2335.6270   16.8613
   -7.5000   22.5000  -30.0000 2305.9802   17.3036
    0.0000   22.5000  -30.0000 2330.6218   17.0571
    7.5000   22.5000  -30.0000 2318.0024   17.0784
   -7.5000   30.0000  -30.0000 2284.5081   17.7730
    0.0000   30.0000  -30.0000 2310.5903   17.4674
    7.5000   30.0000  -30.0000 2292.6931   17.5351
   -7.5000   37.5000  -30.0000 2242.1899   18.6015
    0.0000   37.5000  -30.0000 2266.0452   18.2796
    7.5000   37.5000  -30.0000 2254.5557   18.3510
   -7.5000   45.0000  -30.0000 2169.8906   19.9261
    0.0000   45.0000  -30.0000 2193.1877   19.5664
    7.5000   45.0000  -30.0000 2183.2207   19.6574
   -7.5000  -45.0000  -22.5000 1876.5166   28.0796
    0.0000  -45.0000  -22.5000 1888.9415   27.5654
    7.5000  -45.0000  -22.5000 1890.3600   27.5968
   -7.5000  -37.5000  -22.5000 2005.8054   24.5285
    0.0000  -37.5000  -22.5000 2026.8507   24.1519
    7.5000  -37.5000  -22.5000 2025.5552   24.1576
   -7.5000  -30.0000  -22.5000 2130.7166   21.8650
    0.0000  -30.0000  -22.5000 2156.9434   21.5313
    7.5000  -30.0000  -22.5000 2151.8003   21.4732
   -7.5000  -22.5000  -22.5000 2256.3074   19.9145
    0.0000  -22.5000  -22.5000 2288.3413   19.6344
    7.5000  -22.5000  -22.5000 2280.0686   19.5580
   -7.5000  -15.0000  -22.5000 2339.5857   18.4944
    0.0000  -15.0000  -22.5000 2373.4128   18.2286
    7.5000  -15.0000  -22.5000 2362.2654   18.1625
   -7.5000   -7.5000  -22.5000 2402.7385   17.3855
    0.0000   -7.5000  -22.5000 2427.3496   17.1650
    7.5000   -7.5000  -22.5000 2417.2634   17.1308
   -7.5000    0.0000  -22.5000 2439.8232   16.5903
    0.0000    0.0000  -22.5000 2465.3130   16.3774
    7.5000    0.0000  -22.5000 2451.4116   16.3471
   -7.5000    7.5000  -22.5000 2458.6521   16.1348
    0.0000    7.5000  -22.5000 2490.4124   15.9334
    7.5000    7.5000  -22.5000 2478.9084   15.8674
   -7.5000   15.0000  -22.5000 2460.3481   16.1110
    0.0000   15.0000  -22.5000 2488.0051   15.8716
    7.5000   15.0000  -22.5000 2476.4619   15.8322
   -7.5000   22.5000  -22.5000 2446.4104   16.2895
    0.0000   22.5000  -22.5000 2474.1030   16.0708
    7.5000   22.5000  -22.5000 2461.5317   16.0495
   -7.5000   30.0000  -22.5000 2418.4734   16.7026
    0.0000   30.0000  -22.5000 2447.2253   16.4590
    7.5000   30.0000  -22.5000 2432.8975   16.4758
   -7.5000   37.5000  -22.5000 2370.2258   17.5089
    0.0000   37.5000  -22.5000 2399.2048   17.2227
    7.5000   37.5000  -22.5000 2385.7256   17.2131
   -7.5000   45.0000  -22.5000 2292.8315   18.7700
    0.0000   45.0000  -22.5000 2319.3831   18.4428
    7.5000   45.0000  -22.5000 2306.7544   18.4430
   -7.5000  -45.0000  -15.0000 1935.6290   26.7317
    0.0000  -45.0000  -15.0000 1953.7279   26.1786
    7.5000  -45.0000  -15.0000 1956.2435   26.2288
   -7.5000  -37.5000  -15.0000 2071.4136   23.2980
    0.0000  -37.5000  -15.0000 2096.5649   22.8617
    7.5000  -37.5000  -15.0000 2092.7927   22.8203
   -7.5000  -30.0000  -15.0000 2206.9319   20.7018
    0.0000  -30.0000  -15.0000 2235.2310   20.3303
    7.5000  -30.0000  -15.0000 2226.8242   20.2436
   -7.5000  -22.5000  -15.0000 2340.7708   18.7689
    0.0000  -22.5000  -15.0000 2367.6165   18.4995
    7.5000  -22.5000  -15.0000 2358.0098   18.3641
   -7.5000  -15.0000  -15.0000 2425.9504   17.4032
    0.0000  -15.0000  -15.0000 2459.3481   17.1414
    7.5000  -15.0000  -15.0000 2448.8872   17.0218
   -7.5000   -7.5000  -15.0000 2495.7065   16.3200
    0.0000   -7.5000  -15.0000 2525.5012   16.1021
    7.5000   -7.5000  -15.0000 2511.5234   16.0440
   -7.5000    0.0000  -15.0000 2538.0103   15.5581
    0.0000    0.0000  -15.0000 2568.2224   15.3761
    7.5000    0.0000  -15.0000 2554.3926   15.3270
   -7.5000    7.5000  -15.0000 2568.3030   15.1021
    0.0000    7.5000  -15.0000 2600.2498   14.9332
    7.5000    7.5000  -15.0000 2590.4309   14.8799
   -7.5000   15.0000  -15.0000 2578.6401   15.0878
    0.0000   15.0000  -15.0000 2609.2903   14.8699
    7.5000   15.0000  -15.0000 2598.1494   14.8332
   -7.5000   22.5000  -15.0000 2571.1523   15.3290
    0.0000   22.5000  -15.0000 2602.4268   15.1305
    7.5000   22.5000  -15.0000 2585.9109   15.0549
   -7.5000   30.0000  -15.0000 2537.7046   15.7849
    0.0000   30.0000  -15.0000 2570.4658   15.5682
    7.5000   30.0000  -15.0000 2553.0823   15.4993
   -7.5000   37.5000  -15.0000 2475.8662   16.5637
    0.0000   37.5000  -15.0000 2512.0464   16.3266
    7.5000   37.5000  -15.0000 2494.4111   16.2636
   -7.5000   45.0000  -15.0000 2389.0618   17.6958
    0.0000   45.0000  -15.0000 2421.3904   17.4318
    7.5000   45.0000  -15.0000 2407.1680   17.4008
   -7.5000  -45.0000   -7.5000 1985.3732   25.3612
    0.0000  -45.0000   -7.5000 2007.0460   24.7651
    7.5000  -45.0000   -7.5000 2006.5754   24.6303
   -7.5000  -37.5000   -7.5000 2125.8630   22.0969
    0.0000  -37.5000   -7.5000 2149.7742   21.5972
    7.5000  -37.5000   -7.5000 2144.9167   21.4524
   -7.5000  -30.0000   -7.5000 2266.3540   19.5771
    0.0000  -30.0000   -7.5000 2298.8018   19.1763
    7.5000  -30.0000   -7.5000 2290.2961   19.0230
   -7.5000  -22.5000   -7.5000 2402.1765   17.6688
    0.0000  -22.5000   -7.5000 2434.3845   17.3205
    7.5000  -22.5000   -7.5000 2420.0886   17.2143
   -7.5000  -15.0000   -7.5000 2499.1870   16.3300
    0.0000  -15.0000   -7.5000 2528.4927   16.0170
    7.5000  -15.0000   -7.5000 2519.5798   15.9629
   -7.5000   -7.5000   -7.5000 2570.8442   15.3177
    0.0000   -7.5000   -7.5000 2604.6692   15.0848
    7.5000   -7.5000   -7.5000 2592.8413   15.0415
   -7.5000    0.0000   -7.5000 2622.3413   14.5837
    0.0000    0.0000   -7.5000 2653.7581   14.3623
    7.5000    0.0000   -7.5000 2644.1096   14.3207
   -7.5000    7.5000   -7.5000 2657.3108   14.1259
    0.0000    7.5000   -7.5000 2692.6702   13.9099
    7.5000    7.5000   -7.5000 2683.0208   13.8799
   -7.5000   15.0000   -7.5000 2676.5981   14.1060
    0.0000   15.0000   -7.5000 2714.4666   13.9001
    7.5000   15.0000   -7.5000 2704.8936   13.8490
   -7.5000   22.5000   -7.5000 2672.0442   14.3666
    0.0000   22.5000   -7.5000 2712.9119   14.1730
    7.5000   22.5000   -7.5000 2696.0874   14.1042
   -7.5000   30.0000   -7.5000 2636.5645   14.8265
    0.0000   30.0000   -7.5000 2677.5908   14.6228
    7.5000   30.0000   -7.5000 2659.7222   14.5658
   -7.5000   37.5000   -7.5000 2567.3289   15.6222
    0.0000   37.5000   -7.5000 2610.9924   15.3661
    7.5000   37.5000   -7.5000 2592.3611   15.3107
   -7.5000   45.0000   -7.5000 2469.5225   16.7206
    0.0000   45.0000   -7.5000 2508.8425   16.4554
    7.5000   45.0000   -7.5000 2493.8198   16.3929
   -7.5000  -45.0000    0.0000 2030.1556   24.1617
    0.0000  -45.0000    0.0000 2053.5735   23.4859
    7.5000  -45.0000    0.0000 2046.2633   23.4109
   -7.5000  -37.5000    0.0000 2176.1526   21.0955
    0.0000  -37.5000    0.0000 2203.6675   20.5266
    7.5000  -37.5000    0.0000 2198.9546   20.4025
   -7.5000  -30.0000    0.0000 2310.5493   18.6276
    0.0000  -30.0000    0.0000 2349.6592   18.1818
    7.5000  -30.0000    0.0000 2340.5347   17.9955
   -7.5000  -22.5000    0.0000 2449.0203   16.7985
    0.0000  -22.5000    0.0000 2480.3184   16.4095
    7.5000  -22.5000    0.0000 2475.1365   16.2991
   -7.5000  -15.0000    0.0000 2548.7849   15.4729
    0.0000  -15.0000    0.0000 2584.0571   15.1264
    7.5000  -15.0000    0.0000 2576.1873   15.0694
   -7.5000   -7.5000    0.0000 2633.0774   14.4988
    0.0000   -7.5000    0.0000 2667.8042   14.2071
    7.5000   -7.5000    0.0000 2660.4355   14.1723
   -7.5000    0.0000    0.0000 2696.7461   13.7803
    0.0000    0.0000    0.0000 2735.3831   13.5308
    7.5000    0.0000    0.0000 2726.0422   13.4987
   -7.5000    7.5000    0.0000 2738.4858   13.3071
    0.0000    7.5000    0.0000 2782.4749   13.0737
    7.5000    7.5000    0.0000 2770.2139   13.0209
   -7.5000   15.0000    0.0000 2761.6494   13.2595
    0.0000   15.0000    0.0000 2809.6226   13.0305
    7.5000   15.0000    0.0000 2798.6016   13.0098
   -7.5000   22.5000    0.0000 2753.9873   13.5284
    0.0000   22.5000    0.0000 2807.1912   13.2933
    7.5000   22.5000    0.0000 2792.4829   13.2740
   -7.5000   30.0000    0.0000 2717.9460   14.0129
    0.0000   30.0000    0.0000 2770.5266   13.7710
    7.5000   30.0000    0.0000 2753.3450   13.7508
   -7.5000   37.5000    0.0000 2645.7175   14.7947
    0.0000   37.5000    0.0000 2691.1831   14.5235
    7.5000   37.5000    0.0000 2678.3171   14.4869
   -7.5000   45.0000    0.0000 2539.4399   15.8754
    0.0000   45.0000    0.0000 2580.2495   15.6020
    7.5000   45.0000    0.0000 2563.5535   15.5502
   -7.5000  -45.0000    7.5000 2078.2764   23.5351
    0.0000  -45.0000    7.5000 2104.3152   22.7994
    7.5000  -45.0000    7.5000 2095.4824   22.6510
   -7.5000  -37.5000    7.5000 2220.6042   20.5008
    0.0000  -37.5000    7.5000 2250.1375   19.8427
    7.5000  -37.5000    7.5000 2245.3352   19.7537
   -7.5000  -30.0000    7.5000 2346.9155   18.0447
    0.0000  -30.0000    7.5000 2380.6687   17.4879
    7.5000  -30.0000    7.5000 2382.4609   17.3685
   -7.5000  -22.5000    7.5000 2484.8591   16.1998
    0.0000  -22.5000    7.5000 2514.4045   15.6964
    7.5000  -22.5000    7.5000 2518.9053   15.6173
   -7.5000  -15.0000    7.5000 2593.7156   14.8669
    0.0000  -15.0000    7.5000 2621.9919   14.4101
    7.5000  -15.0000    7.5000 2621.1799   14.3649
   -7.5000   -7.5000    7.5000 2679.6331   13.8980
    0.0000   -7.5000    7.5000 2717.3896   13.5234
    7.5000   -7.5000    7.5000 2714.8555   13.4785
   -7.5000    0.0000    7.5000 2755.4958   13.2170
    0.0000    0.0000    7.5000 2800.7961   12.8783
    7.5000    0.0000    7.5000 2795.1184   12.8515
   -7.5000    7.5000    7.5000 2811.5640   12.7297
    0.0000    7.5000    7.5000 2870.6111   12.4114
    7.5000    7.5000    7.5000 2855.5964   12.3900
   -7.5000   15.0000    7.5000 2844.1277   12.6146
    0.0000   15.0000    7.5000 2904.7710   12.3194
    7.5000   15.0000    7.5000 2894.4895   12.3337
   -7.5000   22.5000    7.5000 2837.2751   12.8825
    0.0000   22.5000    7.5000 2896.3525   12.5858
    7.5000   22.5000    7.5000 2886.0503   12.6266
   -7.5000   30.0000    7.5000 2787.6331   13.3833
    0.0000   30.0000    7.5000 2842.3477   13.0869
    7.5000   30.0000    7.5000 2830.1353   13.0858
   -7.5000   37.5000    7.5000 2701.4443   14.1414
    0.0000   37.5000    7.5000 2749.2815   13.8382
    7.5000   37.5000    7.5000 2740.7261   13.8295
   -7.5000   45.0000    7.5000 2585.6824   15.2372
    0.0000   45.0000    7.5000 2629.4841   14.9328
    7.5000   45.0000    7.5000 2617.7871   14.9318
   -7.5000  -45.0000   15.0000 2100.2124   23.2743
    0.0000  -45.0000   15.0000 2132.7144   22.5646
    7.5000  -45.0000   15.0000 2131.4329   22.3310
   -7.5000  -37.5000   15.0000 2238.3538   20.2680
    0.0000  -37.5000   15.0000 2277.5344   19.6189
    7.5000  -37.5000   15.0000 2277.8870   19.4502
   -7.5000  -30.0000   15.0000 2368.3484   17.8223
    0.0000  -30.0000   15.0000 2404.3503   17.2189
    7.5000  -30.0000   15.0000 2406.1201   17.0831
   -7.5000  -22.5000   15.0000 2499.0994   15.9812
    0.0000  -22.5000   15.0000 2535.7649   15.3997
    7.5000  -22.5000   15.0000 2535.7317   15.2748
   -7.5000  -15.0000   15.0000 2606.9724   14.5837
    0.0000  -15.0000   15.0000 2643.8674   14.0612
    7.5000  -15.0000   15.0000 2640.9080   13.9872
   -7.5000   -7.5000   15.0000 2699.2522   13.6112
    0.0000   -7.5000   15.0000 2742.5432   13.1269
    7.5000   -7.5000   15.0000 2741.4880   13.0716
   -7.5000    0.0000   15.0000 2784.7092   12.9524
    0.0000    0.0000   15.0000 2832.9666   12.4884
    7.5000    0.0000   15.0000 2834.9246   12.4561
   -7.5000    7.5000   15.0000 2852.0100   12.4069
    0.0000    7.5000   15.0000 2925.5188   11.9967
    7.5000    7.5000   15.0000 2912.1899   12.0056
   -7.5000   15.0000   15.0000 2892.5693   12.2505
    0.0000   15.0000   15.0000 2972.7578   11.7568
    7.5000   15.0000   15.0000 2958.5081   11.8965
   -7.5000   22.5000   15.0000 2884.3799   12.5303
    0.0000   22.5000   15.0000 2954.0261   12.0996
    7.5000   22.5000   15.0000 2947.4004   12.1620
   -7.5000   30.0000   15.0000 2821.4788   13.0737
    0.0000   30.0000   15.0000 2878.3291   12.6809
    7.5000   30.0000   15.0000 2877.6550   12.7286
   -7.5000   37.5000   15.0000 2734.5520   13.8407
    0.0000   37.5000   15.0000 2777.6641   13.4570
    7.5000   37.5000   15.0000 2778.2959   13.5086
   -7.5000   45.0000   15.0000 2613.3040   14.9693
    0.0000   45.0000   15.0000 2654.2209   14.5857
    7.5000   45.0000   15.0000 2653.0132   14.6728
   -7.5000  -45.0000   22.5000 2107.9844   23.3555
    0.0000  -45.0000   22.5000 2147.8459   22.5397
    7.5000  -45.0000   22.5000 2151.1626   22.3602
   -7.5000  -37.5000   22.5000 2247.9651   20.2778
    0.0000  -37.5000   22.5000 2289.2710   19.5538
    7.5000  -37.5000   22.5000 2297.1292   19.3593
   -7.5000  -30.0000   22.5000 2378.4111   17.8288
    0.0000  -30.0000   22.5000 2414.3079   17.1576
    7.5000  -30.0000   22.5000 2424.5227   16.9914
   -7.5000  -22.5000   22.5000 2501.6069   15.9919
    0.0000  -22.5000   22.5000 2544.7246   15.3730
    7.5000  -22.5000   22.5000 2549.4402   15.1948
   -7.5000  -15.0000   22.5000 2605.2632   14.6084
    0.0000  -15.0000   22.5000 2650.1240   14.0348
    7.5000  -15.0000   22.5000 2653.3230   13.9026
   -7.5000   -7.5000   22.5000 2702.1711   13.6206
    0.0000   -7.5000   22.5000 2748.1191   13.0649
    7.5000   -7.5000   22.5000 2748.8875   12.9563
   -7.5000    0.0000   22.5000 2788.6008   12.9112
    0.0000    0.0000   22.5000 2838.6450   12.3831
    7.5000    0.0000   22.5000 2842.2534   12.2871
   -7.5000    7.5000   22.5000 2857.2832   12.4011
    0.0000    7.5000   22.5000 2922.1111   11.8489
    7.5000    7.5000   22.5000 2916.5935   11.8274
   -7.5000   15.0000   22.5000 2907.9338   12.2956
    0.0000   15.0000   22.5000 2973.3220   11.6739
    7.5000   15.0000   22.5000 2965.7129   11.7466
   -7.5000   22.5000   22.5000 2910.2678   12.5502
    0.0000   22.5000   22.5000 2971.2603   11.9886
    7.5000   22.5000   22.5000 2970.7659   12.1134
   -7.5000   30.0000   22.5000 2838.8938   13.0657
    0.0000   30.0000   22.5000 2888.5007   12.6402
    7.5000   30.0000   22.5000 2892.8469   12.7529
   -7.5000   37.5000   22.5000 2741.9927   13.8446
    0.0000   37.5000   22.5000 2783.9038   13.4662
    7.5000   37.5000   22.5000 2784.8127   13.5269
   -7.5000   45.0000   22.5000 2615.3931   14.9188
    0.0000   45.0000   22.5000 2653.8567   14.5840
    7.5000   45.0000   22.5000 2649.6770   14.6041
   -7.5000  -45.0000   30.0000 2087.5132   23.5497
    0.0000  -45.0000   30.0000 2130.2410   22.7820
    7.5000  -45.0000   30.0000 2140.8503   22.5512
   -7.5000  -37.5000   30.0000 2234.6997   20.4892
    0.0000  -37.5000   30.0000 2275.0549   19.7733
    7.5000  -37.5000   30.0000 2282.4453   19.5528
   -7.5000  -30.0000   30.0000 2365.3079   18.0250
    0.0000  -30.0000   30.0000 2407.8743   17.3700
    7.5000  -30.0000   30.0000 2417.0432   17.1804
   -7.5000  -22.5000   30.0000 2485.0422   16.1838
    0.0000  -22.5000   30.0000 2535.6384   15.5022
    7.5000  -22.5000   30.0000 2540.2246   15.3039
   -7.5000  -15.0000   30.0000 2591.3862   14.8041
    0.0000  -15.0000   30.0000 2638.2161   14.1100
    7.5000  -15.0000   30.0000 2644.1960   13.9645
   -7.5000   -7.5000   30.0000 2683.8445   13.8485
    0.0000   -7.5000   30.0000 2730.9148   13.2045
    7.5000   -7.5000   30.0000 2740.7520   13.0861
   -7.5000    0.0000   30.0000 2772.2529   13.1732
    0.0000    0.0000   30.0000 2816.1013   12.5734
    7.5000    0.0000   30.0000 2825.0359   12.4730
   -7.5000    7.5000   30.0000 2843.0823   12.7336
    0.0000    7.5000   30.0000 2895.5867   12.1181
    7.5000    7.5000   30.0000 2890.3867   12.0814
   -7.5000   15.0000   30.0000 2881.2268   12.6722
    0.0000   15.0000   30.0000 2947.3477   12.1695
    7.5000   15.0000   30.0000 2937.3237   12.1494
   -7.5000   22.5000   30.0000 2876.6060   12.9494
    0.0000   22.5000   30.0000 2941.7153   12.5762
    7.5000   22.5000   30.0000 2932.7415   12.5372
   -7.5000   30.0000   30.0000 2812.1353   13.4058
    0.0000   30.0000   30.0000 2866.0745   13.1151
    7.5000   30.0000   30.0000 2853.4910   13.0697
   -7.5000   37.5000   30.0000 2713.4277   14.0869
    0.0000   37.5000   30.0000 2761.5173   13.7758
    7.5000   37.5000   30.0000 2752.2556   13.7305
   -7.5000   45.0000   30.0000 2585.9204   15.1047
    0.0000   45.0000   30.0000 2624.9612   14.7784
    7.5000   45.0000   30.0000 2620.1753   14.7518
   -7.5000  -45.0000   37.5000 2062.8096   24.2037
    0.0000  -45.0000   37.5000 2104.6389   23.4147
    7.5000  -45.0000   37.5000 2115.4536   23.1956
   -7.5000  -37.5000   37.5000 2208.0901   21.0107
    0.0000  -37.5000   37.5000 2247.3997   20.2560
    7.5000  -37.5000   37.5000 2257.0427   20.0385
   -7.5000  -30.0000   37.5000 2338.9910   18.4860
    0.0000  -30.0000   37.5000 2381.6973   17.7726
    7.5000  -30.0000   37.5000 2390.6582   17.5435
   -7.5000  -22.5000   37.5000 2461.0017   16.6388
    0.0000  -22.5000   37.5000 2509.5120   15.9079
    7.5000  -22.5000   37.5000 2517.6172   15.6930
   -7.5000  -15.0000   37.5000 2569.4211   15.3054
    0.0000  -15.0000   37.5000 2614.6106   14.6105
    7.5000  -15.0000   37.5000 2626.5747   14.4050
   -7.5000   -7.5000   37.5000 2662.0662   14.3828
    0.0000   -7.5000   37.5000 2714.2180   13.7657
    7.5000   -7.5000   37.5000 2722.3767   13.5902
   -7.5000    0.0000   37.5000 2739.3979   13.7199
    0.0000    0.0000   37.5000 2796.2202   13.1406
    7.5000    0.0000   37.5000 2802.7808   12.9986
   -7.5000    7.5000   37.5000 2801.5613   13.2679
    0.0000    7.5000   37.5000 2861.1064   12.7541
    7.5000    7.5000   37.5000 2856.3020   12.6843
   -7.5000   15.0000   37.5000 2824.6968   13.2540
    0.0000   15.0000   37.5000 2881.6689   12.8205
    7.5000   15.0000   37.5000 2878.1243   12.7603
   -7.5000   22.5000   37.5000 2806.8257   13.5667
    0.0000   22.5000   37.5000 2862.2837   13.1455
    7.5000   22.5000   37.5000 2856.2615   13.0890
   -7.5000   30.0000   37.5000 2747.8206   14.0033
    0.0000   30.0000   37.5000 2791.3940   13.6324
    7.5000   30.0000   37.5000 2790.3953   13.5690
   -7.5000   37.5000   37.5000 2656.1187   14.6843
    0.0000   37.5000   37.5000 2696.1643   14.3409
    7.5000   37.5000   37.5000 2691.6667   14.2731
   -7.5000   45.0000   37.5000 2538.3464   15.6299
    0.0000   45.0000   37.5000 2571.0344   15.3324
    7.5000   45.0000   37.5000 2567.0112   15.2634
   -7.5000  -45.0000   45.0000 2020.4020   25.1111
    0.0000  -45.0000   45.0000 2055.9675   24.2110
    7.5000  -45.0000   45.0000 2074.7559   24.0466
   -7.5000  -37.5000   45.0000 2162.7925   21.8357
    0.0000  -37.5000   45.0000 2198.4844   21.0341
    7.5000  -37.5000   45.0000 2214.9578   20.8253
   -7.5000  -30.0000   45.0000 2294.6609   19.2891
    0.0000  -30.0000   45.0000 2338.9304   18.5461
    7.5000  -30.0000   45.0000 2349.4968   18.3627
   -7.5000  -22.5000   45.0000 2420.5759   17.4390
    0.0000  -22.5000   45.0000 2469.5842   16.7460
    7.5000  -22.5000   45.0000 2480.2417   16.5752
   -7.5000  -15.0000   45.0000 2522.5034   16.0541
    0.0000  -15.0000   45.0000 2577.8030   15.4559
    7.5000  -15.0000   45.0000 2590.8735   15.2829
   -7.5000   -7.5000   45.0000 2615.0911   15.1002
    0.0000   -7.5000   45.0000 2672.4050   14.5339
    7.5000   -7.5000   45.0000 2685.6011   14.3786
   -7.5000    0.0000   45.0000 2684.0325   14.4309
    0.0000    0.0000   45.0000 2746.8906   13.8793
    7.5000    0.0000   45.0000 2757.1438   13.7460
   -7.5000    7.5000   45.0000 2737.4487   13.9458
    0.0000    7.5000   45.0000 2793.0005   13.5032
    7.5000    7.5000   45.0000 2797.5608   13.4230
   -7.5000   15.0000   45.0000 2755.5833   13.9577
    0.0000   15.0000   45.0000 2800.0735   13.5538
    7.5000   15.0000   45.0000 2804.8677   13.4799
   -7.5000   22.5000   45.0000 2723.6887   14.2829
    0.0000   22.5000   45.0000 2766.9258   13.8564
    7.5000   22.5000   45.0000 2769.3281   13.7802
   -7.5000   30.0000   45.0000 2662.7163   14.7604
    0.0000   30.0000   45.0000 2697.3167   14.3486
    7.5000   30.0000   45.0000 2699.6421   14.3215
   -7.5000   37.5000   45.0000 2573.6418   15.4286
    0.0000   37.5000   45.0000 2611.8303   15.0389
    7.5000   37.5000   45.0000 2604.9512   15.0026
   -7.5000   45.0000   45.0000 2465.3906   16.3630
    0.0000   45.0000   45.0000 2499.5190   16.0165
    7.5000   45.0000   45.0000 2493.0364   15.9836

---------------------------------------------------------------------
imgreg_4dfp /opt/freesurfer/average/711-2C_as_mni_average_305 /opt/freesurfer/average/711-2B_as_mni_average_305_mask talsrcimg_g11 none talsrcimg_to_711-2C_as_mni_average_305_t4 1283
---------------------------------------------------------------------

freesurfer imgreg_4dfp.c
/opt/freesurfer/average/711-2C_as_mni_average_305.4dfp.img
       256       256       256         1
  1.000000  1.000000  1.000000
orientation T byte_order littleendian
Reading image: /opt/freesurfer/average/711-2C_as_mni_average_305.4dfp.img
dimensions:      256       256       256
mmppix:       1.0000   -1.0000   -1.0000
center:     128.0000 -129.0000 -129.0000
/opt/freesurfer/average/711-2B_as_mni_average_305_mask.4dfp.img
       256       256       256         1
  1.000000  1.000000  1.000000
orientation T byte_order littleendian
Reading mask: /opt/freesurfer/average/711-2B_as_mni_average_305_mask.4dfp.img (2306576 pixels)
talsrcimg_g11.4dfp.img
       256       256       256         1
  1.000000  1.000000  1.000000
orientation T byte_order littleendian
Reading image: talsrcimg_g11.4dfp.img
dimensions:      256       256       256
mmppix:       1.0000   -1.0000   -1.0000
center:     128.0000 -129.0000 -129.0000
rotation matrix determinant  1.000000
fimgreg.f
image alignment mode   1283 decimal      503 hex
parameters
    0.0000   15.0000   22.5000    0.0000    0.0000    0.0000
eta,q 0.93493 11.66744
niter,ni,del,rscale     5    3   12.0000    1.2000
parameter  3  1.065789 ->  0.500000 qaram    1.1500
parameters
    2.1096   17.6715   19.0500   -0.3164   -2.1929   -2.2793
eta,q 0.94079 11.43696
  0.0860  0.0743  0.0621  0.0638  0.0628  0.0608
  0.0768  0.0704  0.0606  0.0612  0.0605  0.0594
  0.0708  0.0683  0.0622  0.0601  0.0598  0.0592
  0.0673  0.0659  0.0649  0.0612  0.0609  0.0598
  0.0661  0.0653  0.0658  0.0622  0.0633  0.0611
  0.0676  0.0652  0.0676  0.0625  0.0670  0.0634
  0.0701  0.0667  0.0707  0.0630  0.0710  0.0660
niter,ni,del,rscale     5    3   12.0000    1.2000
parameters
    3.1407   17.3441   19.2013   -1.2820   -3.0029   -1.4446
eta,q 0.94167 11.49063
  0.0731  0.0663  0.0680  0.0624  0.0636  0.0637
  0.0660  0.0640  0.0625  0.0589  0.0605  0.0612
  0.0613  0.0609  0.0607  0.0582  0.0587  0.0594
  0.0592  0.0591  0.0593  0.0592  0.0586  0.0585
  0.0595  0.0595  0.0610  0.0607  0.0599  0.0583
  0.0613  0.0632  0.0649  0.0620  0.0630  0.0593
  0.0659  0.0704  0.0653  0.0633  0.0674  0.0617
niter,ni,del,rscale     4    3   12.0000    1.2000
parameters
    3.3604   17.3829   19.3874   -1.4719   -3.1605   -1.3661
eta,q 0.94188 11.49537
  0.0699  0.0674  0.0678  0.0640  0.0648  0.0628
  0.0634  0.0637  0.0629  0.0598  0.0615  0.0604
  0.0596  0.0605  0.0601  0.0578  0.0590  0.0588
  0.0583  0.0584  0.0583  0.0583  0.0582  0.0581
  0.0597  0.0589  0.0599  0.0599  0.0591  0.0584
  0.0625  0.0624  0.0647  0.0617  0.0616  0.0601
  0.0680  0.0684  0.0654  0.0631  0.0659  0.0628
niter,ni,del,rscale     3    3   12.0000    1.2000
parameters
    3.4061   17.4189   19.4764   -1.4924   -3.2162   -1.3580
eta,q 0.94192 11.49534
  0.0691  0.0676  0.0675  0.0645  0.0650  0.0627
  0.0630  0.0635  0.0628  0.0601  0.0617  0.0603
  0.0594  0.0603  0.0600  0.0579  0.0590  0.0587
  0.0581  0.0581  0.0581  0.0581  0.0581  0.0581
  0.0598  0.0588  0.0600  0.0597  0.0589  0.0584
  0.0629  0.0625  0.0649  0.0616  0.0614  0.0602
  0.0685  0.0684  0.0655  0.0630  0.0656  0.0629
niter,ni,del,rscale     2    3   12.0000    1.2000
parameters
    3.4201   17.4274   19.5106   -1.4933   -3.2343   -1.3573
eta,q 0.94194 11.49515
  0.0690  0.0676  0.0673  0.0646  0.0650  0.0628
  0.0629  0.0635  0.0627  0.0602  0.0618  0.0603
  0.0594  0.0602  0.0599  0.0579  0.0590  0.0587
  0.0581  0.0581  0.0581  0.0581  0.0581  0.0581
  0.0598  0.0588  0.0602  0.0596  0.0589  0.0584
  0.0629  0.0626  0.0650  0.0616  0.0613  0.0602
  0.0686  0.0686  0.0654  0.0631  0.0655  0.0629
registration optimization eta report
parameter search radius
    6.0000    6.0000    6.9000    6.0000    6.0000    6.0000
100000*second partial in parameter space
       29.       27.       16.       16.       20.       13.
  0.0690  0.0676  0.0673  0.0646  0.0650  0.0628
  0.0629  0.0635  0.0627  0.0602  0.0618  0.0603
  0.0594  0.0602  0.0599  0.0579  0.0590  0.0587
  0.0581  0.0581  0.0581  0.0581  0.0581  0.0581
  0.0598  0.0588  0.0602  0.0596  0.0589  0.0584
  0.0629  0.0626  0.0650  0.0616  0.0613  0.0602
  0.0686  0.0686  0.0654  0.0631  0.0655  0.0629
    3.4201   17.4274   19.5106   -1.4933   -3.2343   -1.3573
eta,q 0.94194 11.49515

---------------------------------------------------------------------
imgreg_4dfp /opt/freesurfer/average/711-2C_as_mni_average_305 /opt/freesurfer/average/711-2B_as_mni_average_305_mask talsrcimg_g11 none talsrcimg_to_711-2C_as_mni_average_305_t4 3335
---------------------------------------------------------------------

freesurfer imgreg_4dfp.c
/opt/freesurfer/average/711-2C_as_mni_average_305.4dfp.img
       256       256       256         1
  1.000000  1.000000  1.000000
orientation T byte_order littleendian
Reading image: /opt/freesurfer/average/711-2C_as_mni_average_305.4dfp.img
dimensions:      256       256       256
mmppix:       1.0000   -1.0000   -1.0000
center:     128.0000 -129.0000 -129.0000
/opt/freesurfer/average/711-2B_as_mni_average_305_mask.4dfp.img
       256       256       256         1
  1.000000  1.000000  1.000000
orientation T byte_order littleendian
Reading mask: /opt/freesurfer/average/711-2B_as_mni_average_305_mask.4dfp.img (2306576 pixels)
talsrcimg_g11.4dfp.img
       256       256       256         1
  1.000000  1.000000  1.000000
orientation T byte_order littleendian
Reading image: talsrcimg_g11.4dfp.img
dimensions:      256       256       256
mmppix:       1.0000   -1.0000   -1.0000
center:     128.0000 -129.0000 -129.0000
fimgreg.f
image alignment mode   3335 decimal      D07 hex
parameters
    3.4201   17.4274   19.5106   -0.1873   -0.0585   -0.1932
    2.2209    5.7001   -2.3649    2.4717   -5.6419   -2.6018
eta,q 0.94170 11.58623
niter,ni,del,rscale     5    3    5.0000    1.2000
parameter  4  3.208757 ->  0.500000 qaram    1.1500
parameter  5  3.171543 ->  0.500000 qaram    1.1500
parameter  6  4.973443 ->  0.500000 qaram    1.1500
parameter  7  0.516074 ->  0.500000 qaram    1.1500
parameter 10  1.390401 ->  0.500000 qaram    1.1500
parameter 12  3.330135 ->  0.500000 qaram    1.1500
parameters
    3.1027   18.2906   18.4662   -4.3273   -4.1985   -4.3332
   -1.9191    4.8929   -2.1214   -1.6683   -4.4157   -6.7418
eta,q 0.96275 11.09500
  0.0597  0.0606  0.0583  0.0498  0.0452  0.0370  0.0416  0.0434  0.0424  0.0383  0.0404  0.0364
  0.0588  0.0596  0.0578  0.0518  0.0474  0.0405  0.0412  0.0418  0.0417  0.0388  0.0397  0.0370
  0.0583  0.0588  0.0578  0.0545  0.0499  0.0445  0.0412  0.0411  0.0412  0.0397  0.0393  0.0379
  0.0583  0.0583  0.0581  0.0577  0.0525  0.0480  0.0416  0.0411  0.0411  0.0411  0.0390  0.0390
  0.0587  0.0581  0.0585  0.0610  0.0554  0.0522  0.0424  0.0417  0.0412  0.0429  0.0391  0.0402
  0.0595  0.0582  0.0590  0.0645  0.0589  0.0562  0.0436  0.0428  0.0416  0.0449  0.0393  0.0414
  0.0607  0.0587  0.0594  0.0685  0.0625  0.0618  0.0451  0.0445  0.0422  0.0472  0.0397  0.0427
niter,ni,del,rscale     7    3    5.0000    1.2000
parameter  2 -0.549098 -> -0.500000 qaram    1.1500
parameter  3 -0.866225 -> -0.500000 qaram    1.1500
parameter  4  1.201151 ->  0.500000 qaram    1.3225
parameter  5  2.024514 ->  0.500000 qaram    1.3225
parameters
    3.4474   19.6706   19.8462   -9.0883   -8.9595   -8.4712
   -0.6639    6.2340   -1.3330   -0.6701   -5.7235   -6.6310
eta,q 0.97681 10.97308
  0.0411  0.0410  0.0432  0.0291  0.0226  0.0258  0.0286  0.0314  0.0266  0.0292  0.0247  0.0258
  0.0392  0.0393  0.0407  0.0294  0.0241  0.0246  0.0265  0.0279  0.0251  0.0266  0.0237  0.0245
  0.0379  0.0380  0.0384  0.0314  0.0266  0.0234  0.0248  0.0253  0.0240  0.0246  0.0232  0.0236
  0.0372  0.0372  0.0366  0.0349  0.0297  0.0247  0.0239  0.0238  0.0234  0.0234  0.0233  0.0232
  0.0373  0.0367  0.0354  0.0396  0.0328  0.0307  0.0239  0.0235  0.0235  0.0235  0.0238  0.0234
  0.0380  0.0366  0.0348  0.0448  0.0371  0.0378  0.0248  0.0247  0.0243  0.0248  0.0248  0.0243
  0.0394  0.0370  0.0349  0.0499  0.0412  0.0443  0.0266  0.0275  0.0255  0.0272  0.0262  0.0258
niter,ni,del,rscale     7    3    5.0000    1.2000
parameters
    3.4911   18.9682   19.6038  -10.9654  -13.0708   -9.0006
   -0.7139    6.4583   -0.9228   -0.6591   -6.2965   -4.9848
eta,q 0.97776 10.81959
  0.0276  0.0252  0.0256  0.0267  0.0241  0.0265  0.0263  0.0274  0.0248  0.0264  0.0234  0.0253
  0.0253  0.0237  0.0239  0.0250  0.0225  0.0250  0.0243  0.0247  0.0236  0.0243  0.0228  0.0241
  0.0238  0.0230  0.0231  0.0236  0.0221  0.0237  0.0230  0.0231  0.0228  0.0229  0.0225  0.0230
  0.0232  0.0232  0.0229  0.0229  0.0231  0.0221  0.0224  0.0224  0.0224  0.0224  0.0224  0.0224
  0.0236  0.0244  0.0235  0.0242  0.0255  0.0212  0.0229  0.0227  0.0226  0.0227  0.0226  0.0222
  0.0250  0.0265  0.0247  0.0278  0.0287  0.0240  0.0243  0.0241  0.0232  0.0241  0.0230  0.0227
  0.0273  0.0292  0.0266  0.0329  0.0323  0.0307  0.0265  0.0270  0.0244  0.0265  0.0238  0.0238
niter,ni,del,rscale     6    3    5.0000    1.2000
parameters
    3.6044   19.1175   19.7690  -10.4822  -13.4690   -9.2228
   -0.7343    6.5751   -0.8310   -0.7905   -6.1199   -4.7942
eta,q 0.97783 10.81252
  0.0263  0.0266  0.0249  0.0272  0.0268  0.0267  0.0262  0.0273  0.0245  0.0261  0.0236  0.0245
  0.0242  0.0243  0.0234  0.0253  0.0245  0.0250  0.0242  0.0245  0.0233  0.0240  0.0228  0.0234
  0.0228  0.0228  0.0226  0.0236  0.0227  0.0237  0.0227  0.0228  0.0225  0.0227  0.0223  0.0226
  0.0222  0.0222  0.0222  0.0222  0.0220  0.0220  0.0222  0.0222  0.0222  0.0222  0.0222  0.0222
  0.0225  0.0226  0.0224  0.0218  0.0228  0.0209  0.0226  0.0225  0.0224  0.0225  0.0223  0.0223
  0.0237  0.0238  0.0231  0.0235  0.0248  0.0232  0.0241  0.0241  0.0232  0.0240  0.0227  0.0231
  0.0257  0.0257  0.0243  0.0274  0.0279  0.0299  0.0263  0.0271  0.0244  0.0265  0.0234  0.0244
niter,ni,del,rscale     5    3    5.0000    1.2000
parameters
    3.6060   19.1184   19.7595  -10.3823  -13.5151   -9.2524
   -0.7529    6.5548   -0.8780   -0.8125   -6.0518   -4.7652
eta,q 0.97784 10.81288
  0.0260  0.0261  0.0245  0.0270  0.0271  0.0268  0.0262  0.0271  0.0244  0.0262  0.0235  0.0244
  0.0239  0.0239  0.0232  0.0251  0.0249  0.0251  0.0242  0.0244  0.0232  0.0241  0.0227  0.0233
  0.0226  0.0226  0.0224  0.0235  0.0230  0.0237  0.0227  0.0228  0.0224  0.0227  0.0223  0.0225
  0.0222  0.0222  0.0222  0.0222  0.0221  0.0221  0.0222  0.0222  0.0222  0.0222  0.0222  0.0222
  0.0226  0.0227  0.0224  0.0220  0.0227  0.0209  0.0226  0.0226  0.0224  0.0225  0.0223  0.0223
  0.0239  0.0240  0.0232  0.0239  0.0245  0.0228  0.0241  0.0243  0.0232  0.0239  0.0227  0.0231
  0.0260  0.0260  0.0245  0.0279  0.0276  0.0294  0.0263  0.0274  0.0245  0.0264  0.0235  0.0245
niter,ni,del,rscale     4    3    5.0000    1.2000
parameters
    3.5999   19.1218   19.7538  -10.3603  -13.5272   -9.2612
   -0.7409    6.5425   -0.9072   -0.8073   -6.0218   -4.7595
eta,q 0.97784 10.81280
  0.0260  0.0261  0.0244  0.0269  0.0271  0.0268  0.0262  0.0271  0.0244  0.0262  0.0235  0.0244
  0.0239  0.0239  0.0232  0.0251  0.0249  0.0251  0.0242  0.0244  0.0232  0.0241  0.0227  0.0233
  0.0226  0.0226  0.0224  0.0235  0.0230  0.0237  0.0227  0.0228  0.0224  0.0227  0.0223  0.0225
  0.0222  0.0222  0.0222  0.0222  0.0222  0.0222  0.0222  0.0222  0.0222  0.0222  0.0222  0.0222
  0.0226  0.0226  0.0224  0.0220  0.0227  0.0209  0.0226  0.0225  0.0224  0.0225  0.0223  0.0223
  0.0239  0.0240  0.0232  0.0239  0.0245  0.0228  0.0241  0.0243  0.0232  0.0239  0.0227  0.0231
  0.0261  0.0260  0.0245  0.0281  0.0276  0.0293  0.0263  0.0274  0.0245  0.0264  0.0235  0.0245
registration optimization eta report
parameter search radius
    2.4000    2.7600    2.7600    9.5220    9.5220    8.2800
    8.2800    7.2000    7.2000    8.2800    7.2000    8.2800
100000*second partial in parameter space
       67.       50.       30.        6.        6.        9.
        6.       10.        4.        6.        3.        3.
  0.0260  0.0261  0.0244  0.0269  0.0271  0.0268  0.0262  0.0271  0.0244  0.0262  0.0235  0.0244
  0.0239  0.0239  0.0232  0.0251  0.0249  0.0251  0.0242  0.0244  0.0232  0.0241  0.0227  0.0233
  0.0226  0.0226  0.0224  0.0235  0.0230  0.0237  0.0227  0.0228  0.0224  0.0227  0.0223  0.0225
  0.0222  0.0222  0.0222  0.0222  0.0222  0.0222  0.0222  0.0222  0.0222  0.0222  0.0222  0.0222
  0.0226  0.0226  0.0224  0.0220  0.0227  0.0209  0.0226  0.0225  0.0224  0.0225  0.0223  0.0223
  0.0239  0.0240  0.0232  0.0239  0.0245  0.0228  0.0241  0.0243  0.0232  0.0239  0.0227  0.0231
  0.0261  0.0260  0.0245  0.0281  0.0276  0.0293  0.0263  0.0274  0.0245  0.0264  0.0235  0.0245
    3.5999   19.1218   19.7538  -10.3603  -13.5272   -9.2612
   -0.7409    6.5425   -0.9072   -0.8073   -6.0218   -4.7595
eta,q 0.97784 10.81280

---------------------------------------------------------------------
imgreg_4dfp /opt/freesurfer/average/711-2C_as_mni_average_305 /opt/freesurfer/average/711-2B_as_mni_average_305_mask talsrcimg_g11 none talsrcimg_to_711-2C_as_mni_average_305_t4 2311
---------------------------------------------------------------------

freesurfer imgreg_4dfp.c
/opt/freesurfer/average/711-2C_as_mni_average_305.4dfp.img
       256       256       256         1
  1.000000  1.000000  1.000000
orientation T byte_order littleendian
Reading image: /opt/freesurfer/average/711-2C_as_mni_average_305.4dfp.img
dimensions:      256       256       256
mmppix:       1.0000   -1.0000   -1.0000
center:     128.0000 -129.0000 -129.0000
/opt/freesurfer/average/711-2B_as_mni_average_305_mask.4dfp.img
       256       256       256         1
  1.000000  1.000000  1.000000
orientation T byte_order littleendian
Reading mask: /opt/freesurfer/average/711-2B_as_mni_average_305_mask.4dfp.img (2306576 pixels)
talsrcimg_g11.4dfp.img
       256       256       256         1
  1.000000  1.000000  1.000000
orientation T byte_order littleendian
Reading image: talsrcimg_g11.4dfp.img
dimensions:      256       256       256
mmppix:       1.0000   -1.0000   -1.0000
center:     128.0000 -129.0000 -129.0000
fimgreg.f
image alignment mode   2311 decimal      907 hex
parameters
    3.5999   19.1218   19.7538  -10.3603  -13.5272   -9.2612
   -0.7409    6.5425   -0.9072   -0.8073   -6.0218   -4.7595
eta,q 0.97784 10.81280
niter,ni,del,rscale     5    3    5.0000    0.8000
parameters
    3.6063   19.0934   19.7981   -8.7602  -13.4700   -6.8849
   -0.6462    6.5170   -0.9281   -1.5441   -6.0453   -5.5854
eta,q 0.97926 10.90402
  0.0239  0.0235  0.0230  0.0243  0.0235  0.0246  0.0227  0.0245  0.0220  0.0223  0.0221  0.0215
  0.0230  0.0227  0.0225  0.0235  0.0226  0.0238  0.0217  0.0226  0.0214  0.0214  0.0214  0.0210
  0.0224  0.0223  0.0223  0.0228  0.0221  0.0229  0.0210  0.0213  0.0210  0.0208  0.0209  0.0208
  0.0222  0.0222  0.0222  0.0222  0.0219  0.0219  0.0208  0.0208  0.0208  0.0208  0.0208  0.0208
  0.0223  0.0223  0.0222  0.0219  0.0221  0.0210  0.0210  0.0213  0.0209  0.0213  0.0209  0.0210
  0.0229  0.0228  0.0225  0.0220  0.0226  0.0209  0.0216  0.0226  0.0214  0.0222  0.0214  0.0215
  0.0239  0.0236  0.0229  0.0227  0.0234  0.0222  0.0225  0.0246  0.0221  0.0237  0.0221  0.0224
niter,ni,del,rscale     4    3    5.0000    0.7000
parameters
    3.5714   19.0674   19.9435   -9.3329  -13.6364   -6.9663
   -0.6090    6.5858   -0.8338   -1.1398   -6.2649   -5.4723
eta,q 0.97927 10.89074
  0.0223  0.0219  0.0221  0.0220  0.0220  0.0232  0.0221  0.0234  0.0217  0.0225  0.0215  0.0216
  0.0215  0.0212  0.0214  0.0213  0.0213  0.0223  0.0214  0.0220  0.0212  0.0216  0.0211  0.0211
  0.0209  0.0209  0.0209  0.0209  0.0208  0.0215  0.0209  0.0211  0.0209  0.0210  0.0208  0.0208
  0.0207  0.0207  0.0207  0.0207  0.0207  0.0207  0.0207  0.0208  0.0207  0.0208  0.0207  0.0207
  0.0209  0.0209  0.0208  0.0211  0.0209  0.0207  0.0209  0.0210  0.0208  0.0208  0.0209  0.0208
  0.0215  0.0213  0.0211  0.0219  0.0214  0.0217  0.0213  0.0218  0.0211  0.0212  0.0212  0.0211
  0.0225  0.0220  0.0216  0.0231  0.0222  0.0242  0.0220  0.0233  0.0216  0.0220  0.0217  0.0215
niter,ni,del,rscale     3    3    5.0000    0.6000
parameters
    3.6085   19.0749   19.9487   -9.3017  -13.7121   -6.8247
   -0.6192    6.6379   -0.7526   -1.2130   -6.3240   -5.5151
eta,q 0.97933 10.89065
  0.0220  0.0216  0.0215  0.0220  0.0217  0.0228  0.0217  0.0227  0.0214  0.0218  0.0214  0.0213
  0.0213  0.0211  0.0211  0.0214  0.0212  0.0221  0.0211  0.0217  0.0210  0.0212  0.0210  0.0210
  0.0209  0.0208  0.0208  0.0210  0.0208  0.0213  0.0208  0.0210  0.0208  0.0208  0.0208  0.0207
  0.0207  0.0207  0.0207  0.0207  0.0207  0.0207  0.0207  0.0207  0.0207  0.0207  0.0207  0.0207
  0.0208  0.0208  0.0208  0.0208  0.0209  0.0206  0.0208  0.0209  0.0207  0.0208  0.0208  0.0207
  0.0212  0.0211  0.0211  0.0213  0.0212  0.0214  0.0211  0.0216  0.0210  0.0212  0.0210  0.0210
  0.0219  0.0216  0.0215  0.0221  0.0218  0.0230  0.0217  0.0227  0.0213  0.0219  0.0214  0.0213
niter,ni,del,rscale     2    3    5.0000    0.5000
parameters
    3.6201   19.0754   19.9649   -9.2638  -13.7523   -6.5918
   -0.6418    6.6605   -0.7152   -1.2989   -6.3587   -5.6334
eta,q 0.97938 10.89277
  0.0216  0.0213  0.0213  0.0216  0.0214  0.0224  0.0213  0.0221  0.0211  0.0214  0.0211  0.0210
  0.0211  0.0209  0.0209  0.0212  0.0210  0.0217  0.0209  0.0213  0.0208  0.0210  0.0208  0.0208
  0.0208  0.0207  0.0207  0.0208  0.0207  0.0211  0.0207  0.0208  0.0207  0.0207  0.0207  0.0207
  0.0207  0.0207  0.0207  0.0207  0.0207  0.0207  0.0206  0.0206  0.0206  0.0206  0.0206  0.0206
  0.0208  0.0207  0.0207  0.0208  0.0208  0.0206  0.0207  0.0208  0.0207  0.0207  0.0207  0.0207
  0.0211  0.0209  0.0209  0.0211  0.0210  0.0211  0.0209  0.0213  0.0208  0.0210  0.0209  0.0208
  0.0215  0.0213  0.0212  0.0216  0.0214  0.0222  0.0213  0.0221  0.0211  0.0215  0.0211  0.0211
niter,ni,del,rscale     1    3    5.0000    0.4000
parameters
    3.6265   19.0764   19.9918   -9.2726  -13.7866   -6.3733
   -0.6606    6.6662   -0.6689   -1.3574   -6.3922   -5.7410
eta,q 0.97942 10.89347
  0.0212  0.0210  0.0210  0.0213  0.0211  0.0219  0.0210  0.0216  0.0209  0.0211  0.0209  0.0209
  0.0209  0.0208  0.0208  0.0209  0.0208  0.0214  0.0208  0.0210  0.0207  0.0208  0.0207  0.0207
  0.0207  0.0207  0.0207  0.0207  0.0207  0.0209  0.0206  0.0207  0.0206  0.0206  0.0206  0.0206
  0.0206  0.0206  0.0206  0.0206  0.0206  0.0206  0.0206  0.0206  0.0206  0.0206  0.0206  0.0206
  0.0207  0.0207  0.0207  0.0207  0.0207  0.0206  0.0206  0.0207  0.0206  0.0206  0.0206  0.0206
  0.0209  0.0208  0.0208  0.0209  0.0208  0.0209  0.0208  0.0210  0.0207  0.0208  0.0207  0.0207
  0.0212  0.0210  0.0210  0.0213  0.0211  0.0216  0.0210  0.0216  0.0209  0.0212  0.0209  0.0209
registration optimization eta report
parameter search radius
    0.8000    0.8000    0.8000    2.4000    2.4000    2.4000
    2.4000    2.4000    2.4000    2.4000    2.4000    2.4000
100000*second partial in parameter space
       88.       61.       60.       11.        8.       20.
        8.       17.        5.       10.        6.        5.
  0.0212  0.0210  0.0210  0.0213  0.0211  0.0219  0.0210  0.0216  0.0209  0.0211  0.0209  0.0209
  0.0209  0.0208  0.0208  0.0209  0.0208  0.0214  0.0208  0.0210  0.0207  0.0208  0.0207  0.0207
  0.0207  0.0207  0.0207  0.0207  0.0207  0.0209  0.0206  0.0207  0.0206  0.0206  0.0206  0.0206
  0.0206  0.0206  0.0206  0.0206  0.0206  0.0206  0.0206  0.0206  0.0206  0.0206  0.0206  0.0206
  0.0207  0.0207  0.0207  0.0207  0.0207  0.0206  0.0206  0.0207  0.0206  0.0206  0.0206  0.0206
  0.0209  0.0208  0.0208  0.0209  0.0208  0.0209  0.0208  0.0210  0.0207  0.0208  0.0207  0.0207
  0.0212  0.0210  0.0210  0.0213  0.0211  0.0216  0.0210  0.0216  0.0209  0.0212  0.0209  0.0209
    3.6265   19.0764   19.9918   -9.2726  -13.7866   -6.3733
   -0.6606    6.6662   -0.6689   -1.3574   -6.3922   -5.7410
eta,q 0.97942 10.89347

---------------------------------------------------------------------
imgreg_4dfp /opt/freesurfer/average/711-2C_as_mni_average_305 /opt/freesurfer/average/711-2B_as_mni_average_305_mask talsrcimg_g11 none talsrcimg_to_711-2C_as_mni_average_305_t4 2311
---------------------------------------------------------------------

freesurfer imgreg_4dfp.c
/opt/freesurfer/average/711-2C_as_mni_average_305.4dfp.img
       256       256       256         1
  1.000000  1.000000  1.000000
orientation T byte_order littleendian
Reading image: /opt/freesurfer/average/711-2C_as_mni_average_305.4dfp.img
dimensions:      256       256       256
mmppix:       1.0000   -1.0000   -1.0000
center:     128.0000 -129.0000 -129.0000
/opt/freesurfer/average/711-2B_as_mni_average_305_mask.4dfp.img
       256       256       256         1
  1.000000  1.000000  1.000000
orientation T byte_order littleendian
Reading mask: /opt/freesurfer/average/711-2B_as_mni_average_305_mask.4dfp.img (2306576 pixels)
talsrcimg_g11.4dfp.img
       256       256       256         1
  1.000000  1.000000  1.000000
orientation T byte_order littleendian
Reading image: talsrcimg_g11.4dfp.img
dimensions:      256       256       256
mmppix:       1.0000   -1.0000   -1.0000
center:     128.0000 -129.0000 -129.0000
fimgreg.f
image alignment mode   2311 decimal      907 hex
parameters
    3.6265   19.0764   19.9918   -9.2726  -13.7866   -6.3733
   -0.6606    6.6662   -0.6689   -1.3574   -6.3922   -5.7410
eta,q 0.97942 10.89346
niter,ni,del,rscale     5    3    5.0000    0.8000
parameters
    3.6201   19.0781   20.0443   -9.6557  -13.7575   -7.0237
   -0.6762    6.6691   -0.6569   -1.0518   -6.4363   -5.3664
eta,q 0.97922 10.87955
  0.0228  0.0221  0.0222  0.0224  0.0224  0.0233  0.0225  0.0240  0.0220  0.0229  0.0219  0.0220
  0.0216  0.0213  0.0213  0.0216  0.0215  0.0223  0.0216  0.0223  0.0213  0.0218  0.0213  0.0214
  0.0208  0.0207  0.0208  0.0209  0.0208  0.0213  0.0210  0.0212  0.0209  0.0211  0.0209  0.0210
  0.0206  0.0206  0.0206  0.0206  0.0206  0.0206  0.0208  0.0208  0.0208  0.0208  0.0208  0.0208
  0.0208  0.0207  0.0207  0.0209  0.0208  0.0210  0.0210  0.0211  0.0209  0.0209  0.0209  0.0208
  0.0216  0.0213  0.0212  0.0218  0.0214  0.0229  0.0216  0.0222  0.0213  0.0214  0.0213  0.0211
  0.0228  0.0221  0.0220  0.0233  0.0224  0.0267  0.0225  0.0240  0.0220  0.0225  0.0219  0.0217
niter,ni,del,rscale     4    3    5.0000    0.7000
parameters
    3.6292   19.0586   19.9652   -9.4028  -13.6903   -7.0838
   -0.6675    6.6823   -0.6726   -1.1565   -6.3815   -5.3444
eta,q 0.97923 10.88590
  0.0224  0.0219  0.0217  0.0225  0.0222  0.0232  0.0221  0.0234  0.0217  0.0222  0.0217  0.0216
  0.0215  0.0213  0.0212  0.0218  0.0214  0.0224  0.0214  0.0220  0.0212  0.0214  0.0212  0.0212
  0.0210  0.0209  0.0208  0.0212  0.0209  0.0215  0.0209  0.0211  0.0209  0.0209  0.0209  0.0209
  0.0208  0.0208  0.0208  0.0208  0.0207  0.0207  0.0208  0.0208  0.0208  0.0208  0.0208  0.0208
  0.0210  0.0209  0.0209  0.0208  0.0209  0.0207  0.0209  0.0210  0.0209  0.0209  0.0209  0.0208
  0.0215  0.0213  0.0213  0.0213  0.0214  0.0218  0.0214  0.0219  0.0212  0.0215  0.0211  0.0211
  0.0224  0.0219  0.0219  0.0223  0.0221  0.0241  0.0221  0.0234  0.0217  0.0224  0.0216  0.0216
niter,ni,del,rscale     3    3    5.0000    0.6000
parameters
    3.6232   19.0597   19.9446   -9.2770  -13.6931   -6.8555
   -0.6698    6.6768   -0.6918   -1.2577   -6.3585   -5.4763
eta,q 0.97932 10.89141
  0.0220  0.0216  0.0215  0.0221  0.0218  0.0229  0.0217  0.0227  0.0214  0.0218  0.0214  0.0213
  0.0213  0.0211  0.0211  0.0215  0.0212  0.0221  0.0211  0.0216  0.0210  0.0212  0.0210  0.0209
  0.0209  0.0209  0.0208  0.0210  0.0209  0.0214  0.0208  0.0209  0.0208  0.0208  0.0208  0.0207
  0.0208  0.0208  0.0208  0.0208  0.0208  0.0208  0.0207  0.0207  0.0207  0.0207  0.0207  0.0207
  0.0209  0.0209  0.0209  0.0208  0.0209  0.0206  0.0208  0.0209  0.0208  0.0208  0.0208  0.0208
  0.0213  0.0211  0.0211  0.0213  0.0212  0.0213  0.0211  0.0216  0.0210  0.0212  0.0210  0.0210
  0.0220  0.0216  0.0215  0.0220  0.0218  0.0228  0.0217  0.0227  0.0214  0.0219  0.0214  0.0214
niter,ni,del,rscale     2    3    5.0000    0.5000
parameters
    3.6228   19.0684   19.9612   -9.2578  -13.7354   -6.5925
   -0.6673    6.6740   -0.6974   -1.3206   -6.3676   -5.6253
eta,q 0.97939 10.89344
  0.0215  0.0213  0.0213  0.0216  0.0214  0.0224  0.0213  0.0221  0.0211  0.0214  0.0211  0.0210
  0.0211  0.0210  0.0209  0.0212  0.0210  0.0218  0.0209  0.0213  0.0208  0.0210  0.0208  0.0208
  0.0208  0.0207  0.0207  0.0208  0.0208  0.0211  0.0207  0.0208  0.0207  0.0207  0.0207  0.0207
  0.0207  0.0207  0.0207  0.0207  0.0207  0.0207  0.0206  0.0206  0.0206  0.0206  0.0206  0.0206
  0.0208  0.0207  0.0208  0.0208  0.0208  0.0206  0.0207  0.0208  0.0207  0.0207  0.0207  0.0207
  0.0211  0.0209  0.0209  0.0211  0.0210  0.0211  0.0209  0.0213  0.0208  0.0210  0.0209  0.0209
  0.0216  0.0213  0.0212  0.0217  0.0214  0.0222  0.0213  0.0221  0.0211  0.0215  0.0211  0.0211
niter,ni,del,rscale     1    3    5.0000    0.4000
parameters
    3.6304   19.0720   19.9926   -9.2768  -13.7830   -6.3669
   -0.6722    6.6712   -0.6709   -1.3651   -6.3907   -5.7482
eta,q 0.97942 10.89365
  0.0212  0.0210  0.0210  0.0212  0.0211  0.0219  0.0210  0.0216  0.0209  0.0211  0.0209  0.0208
  0.0209  0.0208  0.0208  0.0209  0.0208  0.0214  0.0208  0.0210  0.0207  0.0208  0.0207  0.0207
  0.0207  0.0207  0.0207  0.0207  0.0207  0.0209  0.0206  0.0207  0.0206  0.0206  0.0206  0.0206
  0.0206  0.0206  0.0206  0.0206  0.0206  0.0206  0.0206  0.0206  0.0206  0.0206  0.0206  0.0206
  0.0207  0.0206  0.0207  0.0207  0.0207  0.0206  0.0206  0.0207  0.0206  0.0206  0.0206  0.0206
  0.0209  0.0208  0.0208  0.0209  0.0209  0.0209  0.0208  0.0210  0.0207  0.0208  0.0207  0.0207
  0.0212  0.0210  0.0210  0.0213  0.0211  0.0216  0.0210  0.0216  0.0209  0.0212  0.0209  0.0209
registration optimization eta report
parameter search radius
    0.8000    0.8000    0.8000    2.4000    2.4000    2.4000
    2.4000    2.4000    2.4000    2.4000    2.4000    2.4000
100000*second partial in parameter space
       89.       61.       60.       11.        8.       20.
        8.       17.        5.       10.        6.        5.
  0.0212  0.0210  0.0210  0.0212  0.0211  0.0219  0.0210  0.0216  0.0209  0.0211  0.0209  0.0208
  0.0209  0.0208  0.0208  0.0209  0.0208  0.0214  0.0208  0.0210  0.0207  0.0208  0.0207  0.0207
  0.0207  0.0207  0.0207  0.0207  0.0207  0.0209  0.0206  0.0207  0.0206  0.0206  0.0206  0.0206
  0.0206  0.0206  0.0206  0.0206  0.0206  0.0206  0.0206  0.0206  0.0206  0.0206  0.0206  0.0206
  0.0207  0.0206  0.0207  0.0207  0.0207  0.0206  0.0206  0.0207  0.0206  0.0206  0.0206  0.0206
  0.0209  0.0208  0.0208  0.0209  0.0209  0.0209  0.0208  0.0210  0.0207  0.0208  0.0207  0.0207
  0.0212  0.0210  0.0210  0.0213  0.0211  0.0216  0.0210  0.0216  0.0209  0.0212  0.0209  0.0209
    3.6304   19.0720   19.9926   -9.2768  -13.7830   -6.3669
   -0.6722    6.6712   -0.6709   -1.3651   -6.3907   -5.7482
eta,q 0.97942 10.89365

---------------------------------------------------------------------
compute_vox2vox talsrcimg talsrcimg_to_711-2C_as_mni_average_305_t4 /opt/freesurfer/average/711-2C_as_mni_average_305
---------------------------------------------------------------------

freesurfer compute_vox2vox.c
Reading: talsrcimg.4dfp.ifh
Reading: talsrcimg_to_711-2C_as_mni_average_305_t4
Reading: /opt/freesurfer/average/711-2C_as_mni_average_305.4dfp.ifh
Writing: talsrcimg_to_711-2C_as_mni_average_305_t4_vox2vox.txt

start time Wed Mar 11 00:50:57 CET 2026
end		time Wed Mar 11 00:52:23 CET 2026

mpr2mni305 success

avi2talxfm orig_nu.mgz /opt/freesurfer/average/mni305.cor.mgz talsrcimg_to_711-2C_as_mni_average_305_t4_vox2vox.txt transforms/talairach.auto.xfm
avi2talxfm done
mv -f /out/sourcedata/freesurfer/sub-v2s12x28880_ses-1/mri/talsrcimg_to_711-2C_as_mni_average_305_t4_vox2vox.txt /out/sourcedata/freesurfer/sub-v2s12x28880_ses-1/mri/transforms/talsrcimg_to_711-2C_as_mni_average_305_t4_vox2vox.txt
lta_convert --src orig_nu.mgz --trg /opt/freesurfer/average/mni305.cor.mgz --inxfm transforms/talairach.auto.xfm --outlta transforms/talairach.auto.xfm.lta --subject fsaverage
7.3.2

--src: orig_nu.mgz src image (geometry).
--trg: /opt/freesurfer/average/mni305.cor.mgz trg image (geometry).
--inmni: transforms/talairach.auto.xfm input MNI/XFM transform.
--outlta: transforms/talairach.auto.xfm.lta output LTA.
--s: fsaverage subject name
 LTA read, type : 1
 1.09678  -0.07809   0.00334  -0.12985;
 0.07546   1.06367   0.07150  -23.51788;
 0.00973   0.01623   1.16102  -27.54360;
 0.00000   0.00000   0.00000   1.00000;
setting subject to fsaverage
Writing  LTA to file transforms/talairach.auto.xfm.lta...
lta_convert successful.
 
 
Started at Wed Mar 11 00:50:57 CET 2026
Ended   at Wed Mar 11 00:52:24 CET 2026
talairach_avi done
