status file for recon-all
Tue Mar 10 22:38:10 CET 2026
#@# MotionCor Tue Mar 10 22:38:12 CET 2026
#@# Talairach Tue Mar 10 22:38:19 CET 2026
#@# Talairach Failure Detection Tue Mar 10 22:42:44 CET 2026
#@# Nu Intensity Correction Tue Mar 10 22:42:44 CET 2026
#@# Intensity Normalization Tue Mar 10 22:46:00 CET 2026
recon-all -s sub-v2s12x28871_ses-1 finished without error at Tue Mar 10 22:47:30 CET 2026



#New# invocation of recon-all 



status file for recon-all
Tue Mar 10 22:54:45 CET 2026
#@# EM Registration Tue Mar 10 22:54:45 CET 2026
recon-all -s sub-v2s12x28871_ses-1 finished without error at Tue Mar 10 22:57:40 CET 2026



#New# invocation of recon-all 



status file for recon-all
Tue Mar 10 22:57:42 CET 2026
#@# CA Normalize Tue Mar 10 22:57:42 CET 2026
#@# CA Reg Tue Mar 10 22:59:04 CET 2026
#@# SubCort Seg Tue Mar 10 23:48:28 CET 2026
#@# CC Seg Wed Mar 11 00:13:33 CET 2026
#@# Merge ASeg Wed Mar 11 00:14:05 CET 2026
#@# Intensity Normalization2 Wed Mar 11 00:14:05 CET 2026
#@# Mask BFS Wed Mar 11 00:16:14 CET 2026
#@# WM Segmentation Wed Mar 11 00:16:15 CET 2026
#@# Fill Wed Mar 11 00:18:05 CET 2026
recon-all -s sub-v2s12x28871_ses-1 finished without error at Wed Mar 11 00:19:08 CET 2026



#New# invocation of recon-all 



status file for recon-all
Wed Mar 11 01:00:10 CET 2026
#@# white curv lh Wed Mar 11 01:00:10 CET 2026
#@# white area lh Wed Mar 11 01:00:10 CET 2026
#@# pial curv lh Wed Mar 11 01:00:10 CET 2026
#@# pial area lh Wed Mar 11 01:00:10 CET 2026
#@# thickness lh Wed Mar 11 01:00:10 CET 2026
#@# area and vertex vol lh Wed Mar 11 01:00:10 CET 2026
#@# white curv rh Wed Mar 11 01:00:10 CET 2026
#@# white area rh Wed Mar 11 01:00:10 CET 2026
#@# pial curv rh Wed Mar 11 01:00:10 CET 2026
#@# pial area rh Wed Mar 11 01:00:10 CET 2026
#@# thickness rh Wed Mar 11 01:00:10 CET 2026
#@# area and vertex vol rh Wed Mar 11 01:00:10 CET 2026
#@# Cortical ribbon mask Wed Mar 11 01:00:10 CET 2026
recon-all -s sub-v2s12x28871_ses-1 finished without error at Wed Mar 11 01:04:09 CET 2026



#New# invocation of recon-all 



status file for recon-all
Wed Mar 11 01:10:20 CET 2026
#@# white curv lh Wed Mar 11 01:10:20 CET 2026
#@# white area lh Wed Mar 11 01:10:20 CET 2026
#@# pial curv lh Wed Mar 11 01:10:20 CET 2026
#@# pial area lh Wed Mar 11 01:10:20 CET 2026
#@# thickness lh Wed Mar 11 01:10:20 CET 2026
#@# area and vertex vol lh Wed Mar 11 01:10:21 CET 2026
#@# white curv rh Wed Mar 11 01:10:21 CET 2026
#@# white area rh Wed Mar 11 01:10:21 CET 2026
#@# pial curv rh Wed Mar 11 01:10:21 CET 2026
#@# pial area rh Wed Mar 11 01:10:21 CET 2026
#@# thickness rh Wed Mar 11 01:10:21 CET 2026
#@# area and vertex vol rh Wed Mar 11 01:10:21 CET 2026
#@# Curvature Stats lh Wed Mar 11 01:10:21 CET 2026
#@# Curvature Stats rh Wed Mar 11 01:10:23 CET 2026
#@# Relabel Hypointensities Wed Mar 11 01:10:25 CET 2026
#@# APas-to-ASeg Wed Mar 11 01:10:41 CET 2026
#@# AParc-to-ASeg aparc Wed Mar 11 01:10:48 CET 2026
#@# AParc-to-ASeg aparc.a2009s Wed Mar 11 01:11:20 CET 2026
#@# AParc-to-ASeg aparc.DKTatlas Wed Mar 11 01:11:49 CET 2026
#@# WMParc Wed Mar 11 01:12:19 CET 2026
#@# ASeg Stats Wed Mar 11 01:16:00 CET 2026
recon-all -s sub-v2s12x28871_ses-1 finished without error at Wed Mar 11 01:16:40 CET 2026
