status file for recon-all
Wed Mar 11 04:14:24 CET 2026
#@# Tessellate rh Wed Mar 11 04:14:24 CET 2026
#@# Smooth1 rh Wed Mar 11 04:14:26 CET 2026
#@# Inflation1 rh Wed Mar 11 04:14:28 CET 2026
#@# QSphere rh Wed Mar 11 04:14:36 CET 2026
#@# Fix Topology rh Wed Mar 11 04:15:19 CET 2026
#@# Smooth2 rh Wed Mar 11 04:20:39 CET 2026
#@# Inflation2 rh Wed Mar 11 04:20:41 CET 2026
#@# Curv .H and .K rh Wed Mar 11 04:20:49 CET 2026
#@# Sphere rh Wed Mar 11 04:21:28 CET 2026
#@# Surf Reg rh Wed Mar 11 04:23:43 CET 2026
#@# Jacobian white rh Wed Mar 11 04:26:24 CET 2026
#@# AvgCurv rh Wed Mar 11 04:26:24 CET 2026
#@# Cortical Parc rh Wed Mar 11 04:26:25 CET 2026
#@# white curv rh Wed Mar 11 04:32:09 CET 2026
#@# white area rh Wed Mar 11 04:32:10 CET 2026
#@# pial curv rh Wed Mar 11 04:32:11 CET 2026
#@# pial area rh Wed Mar 11 04:32:12 CET 2026
#@# thickness rh Wed Mar 11 04:32:12 CET 2026
#@# area and vertex vol rh Wed Mar 11 04:32:32 CET 2026
#@# Curvature Stats rh Wed Mar 11 04:32:34 CET 2026
#@# Cortical Parc 2 rh Wed Mar 11 04:32:35 CET 2026
#@# Cortical Parc 3 rh Wed Mar 11 04:32:45 CET 2026
#@# WM/GM Contrast rh Wed Mar 11 04:32:52 CET 2026
recon-all -s sub-v2s12x28898_ses-1 finished without error at Wed Mar 11 04:32:55 CET 2026



#New# invocation of recon-all 



status file for recon-all
Wed Mar 11 04:39:03 CET 2026
#@# white curv rh Wed Mar 11 04:39:03 CET 2026
#@# white area rh Wed Mar 11 04:39:03 CET 2026
#@# pial curv rh Wed Mar 11 04:39:03 CET 2026
#@# pial area rh Wed Mar 11 04:39:03 CET 2026
#@# thickness rh Wed Mar 11 04:39:03 CET 2026
#@# area and vertex vol rh Wed Mar 11 04:39:03 CET 2026
#@# Parcellation Stats rh Wed Mar 11 04:39:03 CET 2026
#@# Parcellation Stats 2 rh Wed Mar 11 04:39:19 CET 2026
#@# Parcellation Stats 3 rh Wed Mar 11 04:39:27 CET 2026
#@# BA_exvivo Labels rh Wed Mar 11 04:39:35 CET 2026
recon-all -s sub-v2s12x28898_ses-1 finished without error at Wed Mar 11 04:41:26 CET 2026
