status file for recon-all
Wed Mar 11 00:41:51 CET 2026
#@# Tessellate rh Wed Mar 11 00:41:51 CET 2026
#@# Smooth1 rh Wed Mar 11 00:41:55 CET 2026
#@# Inflation1 rh Wed Mar 11 00:41:58 CET 2026
#@# QSphere rh Wed Mar 11 00:42:14 CET 2026
#@# Fix Topology rh Wed Mar 11 00:43:32 CET 2026
#@# Smooth2 rh Wed Mar 11 00:49:22 CET 2026
#@# Inflation2 rh Wed Mar 11 00:49:25 CET 2026
#@# Curv .H and .K rh Wed Mar 11 00:49:41 CET 2026
#@# Sphere rh Wed Mar 11 00:50:30 CET 2026
#@# Surf Reg rh Wed Mar 11 00:53:18 CET 2026
#@# Jacobian white rh Wed Mar 11 00:57:49 CET 2026
#@# AvgCurv rh Wed Mar 11 00:57:50 CET 2026
#@# Cortical Parc rh Wed Mar 11 00:57:51 CET 2026
#@# white curv rh Wed Mar 11 01:04:26 CET 2026
#@# white area rh Wed Mar 11 01:04:28 CET 2026
#@# pial curv rh Wed Mar 11 01:04:29 CET 2026
#@# pial area rh Wed Mar 11 01:04:31 CET 2026
#@# thickness rh Wed Mar 11 01:04:31 CET 2026
#@# area and vertex vol rh Wed Mar 11 01:05:01 CET 2026
#@# Curvature Stats rh Wed Mar 11 01:05:03 CET 2026
#@# Cortical Parc 2 rh Wed Mar 11 01:05:06 CET 2026
#@# Cortical Parc 3 rh Wed Mar 11 01:05:21 CET 2026
#@# WM/GM Contrast rh Wed Mar 11 01:05:31 CET 2026
recon-all -s sub-v2s12x28854_ses-1 finished without error at Wed Mar 11 01:05:34 CET 2026



#New# invocation of recon-all 



status file for recon-all
Wed Mar 11 01:15:48 CET 2026
#@# white curv rh Wed Mar 11 01:15:48 CET 2026
#@# white area rh Wed Mar 11 01:15:48 CET 2026
#@# pial curv rh Wed Mar 11 01:15:48 CET 2026
#@# pial area rh Wed Mar 11 01:15:48 CET 2026
#@# thickness rh Wed Mar 11 01:15:48 CET 2026
#@# area and vertex vol rh Wed Mar 11 01:15:48 CET 2026
#@# Parcellation Stats rh Wed Mar 11 01:15:48 CET 2026
#@# Parcellation Stats 2 rh Wed Mar 11 01:16:08 CET 2026
#@# Parcellation Stats 3 rh Wed Mar 11 01:16:18 CET 2026
#@# BA_exvivo Labels rh Wed Mar 11 01:16:27 CET 2026
recon-all -s sub-v2s12x28854_ses-1 finished without error at Wed Mar 11 01:19:13 CET 2026
