status file for recon-all
Wed Mar 11 04:35:18 CET 2026
#@# Tessellate lh Wed Mar 11 04:35:18 CET 2026
#@# Smooth1 lh Wed Mar 11 04:35:21 CET 2026
#@# Inflation1 lh Wed Mar 11 04:35:24 CET 2026
#@# QSphere lh Wed Mar 11 04:35:38 CET 2026
#@# Fix Topology lh Wed Mar 11 04:36:51 CET 2026
#@# Smooth2 lh Wed Mar 11 04:47:58 CET 2026
#@# Inflation2 lh Wed Mar 11 04:48:01 CET 2026
#@# Curv .H and .K lh Wed Mar 11 04:48:16 CET 2026
#@# Sphere lh Wed Mar 11 04:49:07 CET 2026
#@# Surf Reg lh Wed Mar 11 04:51:55 CET 2026
#@# Jacobian white lh Wed Mar 11 04:56:14 CET 2026
#@# AvgCurv lh Wed Mar 11 04:56:16 CET 2026
#@# Cortical Parc lh Wed Mar 11 04:56:17 CET 2026
#@# white curv lh Wed Mar 11 05:03:24 CET 2026
#@# white area lh Wed Mar 11 05:03:26 CET 2026
#@# pial curv lh Wed Mar 11 05:03:27 CET 2026
#@# pial area lh Wed Mar 11 05:03:29 CET 2026
#@# thickness lh Wed Mar 11 05:03:30 CET 2026
#@# area and vertex vol lh Wed Mar 11 05:04:03 CET 2026
#@# Curvature Stats lh Wed Mar 11 05:04:05 CET 2026
#@# Cortical Parc 2 lh Wed Mar 11 05:04:07 CET 2026
#@# Cortical Parc 3 lh Wed Mar 11 05:04:23 CET 2026
#@# WM/GM Contrast lh Wed Mar 11 05:04:34 CET 2026
recon-all -s sub-v2s12x28906_ses-1 finished without error at Wed Mar 11 05:04:37 CET 2026



#New# invocation of recon-all 



status file for recon-all
Wed Mar 11 05:35:38 CET 2026
#@# white curv lh Wed Mar 11 05:35:38 CET 2026
#@# white area lh Wed Mar 11 05:35:39 CET 2026
#@# pial curv lh Wed Mar 11 05:35:39 CET 2026
#@# pial area lh Wed Mar 11 05:35:39 CET 2026
#@# thickness lh Wed Mar 11 05:35:39 CET 2026
#@# area and vertex vol lh Wed Mar 11 05:35:39 CET 2026
#@# Parcellation Stats lh Wed Mar 11 05:35:39 CET 2026
#@# Parcellation Stats 2 lh Wed Mar 11 05:36:00 CET 2026
#@# Parcellation Stats 3 lh Wed Mar 11 05:36:11 CET 2026
#@# BA_exvivo Labels lh Wed Mar 11 05:36:22 CET 2026
recon-all -s sub-v2s12x28906_ses-1 finished without error at Wed Mar 11 05:39:17 CET 2026
