status file for recon-all
Wed Mar 11 05:09:01 CET 2026
#@# Tessellate rh Wed Mar 11 05:09:01 CET 2026
#@# Smooth1 rh Wed Mar 11 05:09:05 CET 2026
#@# Inflation1 rh Wed Mar 11 05:09:08 CET 2026
#@# QSphere rh Wed Mar 11 05:09:25 CET 2026
#@# Fix Topology rh Wed Mar 11 05:10:54 CET 2026
#@# Smooth2 rh Wed Mar 11 05:19:26 CET 2026
#@# Inflation2 rh Wed Mar 11 05:19:29 CET 2026
#@# Curv .H and .K rh Wed Mar 11 05:19:45 CET 2026
#@# Sphere rh Wed Mar 11 05:20:33 CET 2026
#@# Surf Reg rh Wed Mar 11 05:25:50 CET 2026
#@# Jacobian white rh Wed Mar 11 05:31:10 CET 2026
#@# AvgCurv rh Wed Mar 11 05:31:12 CET 2026
#@# Cortical Parc rh Wed Mar 11 05:31:12 CET 2026
#@# white curv rh Wed Mar 11 05:38:34 CET 2026
#@# white area rh Wed Mar 11 05:38:36 CET 2026
#@# pial curv rh Wed Mar 11 05:38:37 CET 2026
#@# pial area rh Wed Mar 11 05:38:39 CET 2026
#@# thickness rh Wed Mar 11 05:38:40 CET 2026
#@# area and vertex vol rh Wed Mar 11 05:39:12 CET 2026
#@# Curvature Stats rh Wed Mar 11 05:39:14 CET 2026
#@# Cortical Parc 2 rh Wed Mar 11 05:39:17 CET 2026
#@# Cortical Parc 3 rh Wed Mar 11 05:39:31 CET 2026
#@# WM/GM Contrast rh Wed Mar 11 05:39:42 CET 2026
recon-all -s sub-v2s12x28899_ses-1 finished without error at Wed Mar 11 05:39:45 CET 2026



#New# invocation of recon-all 



status file for recon-all
Wed Mar 11 05:51:14 CET 2026
#@# white curv rh Wed Mar 11 05:51:14 CET 2026
#@# white area rh Wed Mar 11 05:51:14 CET 2026
#@# pial curv rh Wed Mar 11 05:51:14 CET 2026
#@# pial area rh Wed Mar 11 05:51:14 CET 2026
#@# thickness rh Wed Mar 11 05:51:14 CET 2026
#@# area and vertex vol rh Wed Mar 11 05:51:14 CET 2026
#@# Parcellation Stats rh Wed Mar 11 05:51:14 CET 2026
#@# Parcellation Stats 2 rh Wed Mar 11 05:51:33 CET 2026
#@# Parcellation Stats 3 rh Wed Mar 11 05:51:43 CET 2026
#@# BA_exvivo Labels rh Wed Mar 11 05:51:53 CET 2026
recon-all -s sub-v2s12x28899_ses-1 finished without error at Wed Mar 11 05:54:48 CET 2026
