status file for recon-all
Wed Mar 11 00:13:47 CET 2026
#@# Tessellate lh Wed Mar 11 00:13:47 CET 2026
#@# Smooth1 lh Wed Mar 11 00:13:51 CET 2026
#@# Inflation1 lh Wed Mar 11 00:13:53 CET 2026
#@# QSphere lh Wed Mar 11 00:14:05 CET 2026
#@# Fix Topology lh Wed Mar 11 00:15:15 CET 2026
#@# Smooth2 lh Wed Mar 11 00:20:36 CET 2026
#@# Inflation2 lh Wed Mar 11 00:20:39 CET 2026
#@# Curv .H and .K lh Wed Mar 11 00:20:52 CET 2026
#@# Sphere lh Wed Mar 11 00:21:36 CET 2026
#@# Surf Reg lh Wed Mar 11 00:23:41 CET 2026
#@# Jacobian white lh Wed Mar 11 00:27:38 CET 2026
#@# AvgCurv lh Wed Mar 11 00:27:39 CET 2026
#@# Cortical Parc lh Wed Mar 11 00:27:40 CET 2026
#@# white curv lh Wed Mar 11 00:33:41 CET 2026
#@# white area lh Wed Mar 11 00:33:43 CET 2026
#@# pial curv lh Wed Mar 11 00:33:43 CET 2026
#@# pial area lh Wed Mar 11 00:33:45 CET 2026
#@# thickness lh Wed Mar 11 00:33:45 CET 2026
#@# area and vertex vol lh Wed Mar 11 00:34:14 CET 2026
#@# Curvature Stats lh Wed Mar 11 00:34:15 CET 2026
#@# Cortical Parc 2 lh Wed Mar 11 00:34:18 CET 2026
#@# Cortical Parc 3 lh Wed Mar 11 00:34:30 CET 2026
#@# WM/GM Contrast lh Wed Mar 11 00:34:42 CET 2026
recon-all -s sub-v2s12x28870_ses-1 finished without error at Wed Mar 11 00:34:44 CET 2026



#New# invocation of recon-all 



status file for recon-all
Wed Mar 11 01:02:58 CET 2026
#@# white curv lh Wed Mar 11 01:02:58 CET 2026
#@# white area lh Wed Mar 11 01:02:58 CET 2026
#@# pial curv lh Wed Mar 11 01:02:58 CET 2026
#@# pial area lh Wed Mar 11 01:02:58 CET 2026
#@# thickness lh Wed Mar 11 01:02:58 CET 2026
#@# area and vertex vol lh Wed Mar 11 01:02:58 CET 2026
#@# Parcellation Stats lh Wed Mar 11 01:02:58 CET 2026
#@# Parcellation Stats 2 lh Wed Mar 11 01:03:15 CET 2026
#@# Parcellation Stats 3 lh Wed Mar 11 01:03:24 CET 2026
#@# BA_exvivo Labels lh Wed Mar 11 01:03:32 CET 2026
recon-all -s sub-v2s12x28870_ses-1 finished without error at Wed Mar 11 01:05:59 CET 2026
