status file for recon-all
Wed Mar 11 00:34:45 CET 2026
#@# Tessellate rh Wed Mar 11 00:34:45 CET 2026
#@# Smooth1 rh Wed Mar 11 00:34:49 CET 2026
#@# Inflation1 rh Wed Mar 11 00:34:51 CET 2026
#@# QSphere rh Wed Mar 11 00:35:04 CET 2026
#@# Fix Topology rh Wed Mar 11 00:36:09 CET 2026
#@# Smooth2 rh Wed Mar 11 00:41:35 CET 2026
#@# Inflation2 rh Wed Mar 11 00:41:38 CET 2026
#@# Curv .H and .K rh Wed Mar 11 00:41:52 CET 2026
#@# Sphere rh Wed Mar 11 00:42:37 CET 2026
#@# Surf Reg rh Wed Mar 11 00:46:02 CET 2026
#@# Jacobian white rh Wed Mar 11 00:50:40 CET 2026
#@# AvgCurv rh Wed Mar 11 00:50:41 CET 2026
#@# Cortical Parc rh Wed Mar 11 00:50:42 CET 2026
#@# white curv rh Wed Mar 11 00:56:46 CET 2026
#@# white area rh Wed Mar 11 00:56:48 CET 2026
#@# pial curv rh Wed Mar 11 00:56:49 CET 2026
#@# pial area rh Wed Mar 11 00:56:51 CET 2026
#@# thickness rh Wed Mar 11 00:56:51 CET 2026
#@# area and vertex vol rh Wed Mar 11 00:57:19 CET 2026
#@# Curvature Stats rh Wed Mar 11 00:57:20 CET 2026
#@# Cortical Parc 2 rh Wed Mar 11 00:57:23 CET 2026
#@# Cortical Parc 3 rh Wed Mar 11 00:57:35 CET 2026
#@# WM/GM Contrast rh Wed Mar 11 00:57:46 CET 2026
recon-all -s sub-v2s12x28870_ses-1 finished without error at Wed Mar 11 00:57:49 CET 2026



#New# invocation of recon-all 



status file for recon-all
Wed Mar 11 01:06:02 CET 2026
#@# white curv rh Wed Mar 11 01:06:02 CET 2026
#@# white area rh Wed Mar 11 01:06:02 CET 2026
#@# pial curv rh Wed Mar 11 01:06:02 CET 2026
#@# pial area rh Wed Mar 11 01:06:02 CET 2026
#@# thickness rh Wed Mar 11 01:06:02 CET 2026
#@# area and vertex vol rh Wed Mar 11 01:06:02 CET 2026
#@# Parcellation Stats rh Wed Mar 11 01:06:02 CET 2026
#@# Parcellation Stats 2 rh Wed Mar 11 01:06:20 CET 2026
#@# Parcellation Stats 3 rh Wed Mar 11 01:06:29 CET 2026
#@# BA_exvivo Labels rh Wed Mar 11 01:06:38 CET 2026
recon-all -s sub-v2s12x28870_ses-1 finished without error at Wed Mar 11 01:09:09 CET 2026
