/out/sourcedata/freesurfer/sub-v2s12x28878_ses-1/mri
/opt/freesurfer/bin/talairach_avi
--i orig_nu.mgz --xfm transforms/talairach.auto.xfm
talairach_avi 7.3.2
Linux dna062 5.14.0-427.37.1.el9_4.x86_64 #1 SMP PREEMPT_DYNAMIC Fri Sep 13 12:41:50 EDT 2024 x86_64 x86_64 x86_64 GNU/Linux
Wed Mar 11 00:36:49 CET 2026
mri_convert orig_nu.mgz talsrcimg.img 
reading from orig_nu.mgz...
TR=0.00, TE=0.00, TI=0.00, flip angle=0.00
i_ras = (-1, 0, 0)
j_ras = (0, 0, -1)
k_ras = (0, 1, 0)
writing to talsrcimg.img...
Analyze Output Matrix
-1.00000   0.00000   0.00000   131.02319;
 0.00000   0.00000   1.00000  -120.29700;
 0.00000  -1.00000   0.00000   117.89801;
 0.00000   0.00000   0.00000   1.00000;
--------------------
INFO: set hdr.hist.orient to -1
mpr2mni305 talsrcimg
Wed Mar 11 00:36:49 CET 2026
/opt/freesurfer/bin/mpr2mni305 talsrcimg
mpr2mni305 7.3.2
target=711-2C_as_mni_average_305

---------------------------------------------------------------------
analyzeto4dfp talsrcimg -O0 -y
---------------------------------------------------------------------

freesurfer ifh2hdr.c
Wed Mar 11 00:36:49 2026
Writing: talsrcimg.4dfp.hdr
freesurfer analyzeto4dfp.c
Reading: talsrcimg.hdr
header size 348 bytes
hdr.dime.datatype	offset=70	value=2
hdr.dime.bitpix		offset=72	value=8
hdr.hist.orient		offset=252	value=-1
dimensionality     4
dimensions       256       256       256         1
Reading: talsrcimg.img
Writing: talsrcimg.4dfp.img
Writing: talsrcimg.4dfp.ifh
ifh2hdr talsrcimg -r0to230
ori=2

---------------------------------------------------------------------
gauss_4dfp talsrcimg 1.1
---------------------------------------------------------------------

freesurfer gauss_4dfp.c
Reading: talsrcimg.4dfp.img
Writing: talsrcimg_g11.4dfp.img
image dimensions 256 256 256 padded to 288 288 288
processing volume 1freesurfer ifh2hdr.c
Wed Mar 11 00:36:51 2026
Writing: talsrcimg_g11.4dfp.hdr

Writing: talsrcimg_g11.4dfp.ifh
including: talsrcimg.4dfp.img.rec in talsrcimg_g11.4dfp.img.rec

---------------------------------------------------------------------
imgreg_4dfp /opt/freesurfer/average/711-2C_as_mni_average_305 none talsrcimg_g11 none talsrcimg_to_711-2C_as_mni_average_305_t4 4355
---------------------------------------------------------------------

freesurfer imgreg_4dfp.c
/opt/freesurfer/average/711-2C_as_mni_average_305.4dfp.img
       256       256       256         1
  1.000000  1.000000  1.000000
orientation T byte_order littleendian
Reading image: /opt/freesurfer/average/711-2C_as_mni_average_305.4dfp.img
dimensions:      256       256       256
mmppix:       1.0000   -1.0000   -1.0000
center:     128.0000 -129.0000 -129.0000
talsrcimg_g11.4dfp.img
       256       256       256         1
  1.000000  1.000000  1.000000
orientation T byte_order littleendian
Reading image: talsrcimg_g11.4dfp.img
dimensions:      256       256       256
mmppix:       1.0000   -1.0000   -1.0000
center:     128.0000 -129.0000 -129.0000
t4_read: open error in t4_sub.f l:  41 t4_file(1:l)talsrcimg_to_711-2C_as_mni_average_305_t4 
t4_read: transform initialized to I4
rotation matrix determinant  1.000000
image alignment mode   4355 decimal     1103 hex
   -7.5000  -45.0000  -45.0000 4840.6626   17.6184
    0.0000  -45.0000  -45.0000 5100.2793   17.5935
    7.5000  -45.0000  -45.0000 4910.5312   17.6054
   -7.5000  -37.5000  -45.0000 5384.4888   17.0531
    0.0000  -37.5000  -45.0000 5660.4233   17.0225
    7.5000  -37.5000  -45.0000 5454.6060   17.0452
   -7.5000  -30.0000  -45.0000 6153.9795   16.6832
    0.0000  -30.0000  -45.0000 6467.4473   16.6502
    7.5000  -30.0000  -45.0000 6224.1660   16.6863
   -7.5000  -22.5000  -45.0000 6955.9922   16.4691
    0.0000  -22.5000  -45.0000 7310.6118   16.4398
    7.5000  -22.5000  -45.0000 7035.4419   16.4770
   -7.5000  -15.0000  -45.0000 7769.3979   16.3701
    0.0000  -15.0000  -45.0000 8186.1528   16.3496
    7.5000  -15.0000  -45.0000 7847.8975   16.3788
   -7.5000   -7.5000  -45.0000 8611.8203   16.3714
    0.0000   -7.5000  -45.0000 9064.7871   16.3536
    7.5000   -7.5000  -45.0000 8685.9160   16.3687
   -7.5000    0.0000  -45.0000 9402.2402   16.3841
    0.0000    0.0000  -45.0000 9914.4541   16.3625
    7.5000    0.0000  -45.0000 9489.8076   16.3718
   -7.5000    7.5000  -45.0000 9493.6816   16.3905
    0.0000    7.5000  -45.000010034.3994   16.3618
    7.5000    7.5000  -45.0000 9559.8193   16.3815
   -7.5000   15.0000  -45.0000 9434.4629   16.3882
    0.0000   15.0000  -45.0000 9962.7354   16.3549
    7.5000   15.0000  -45.0000 9506.0781   16.3880
   -7.5000   22.5000  -45.0000 9291.8633   16.3756
    0.0000   22.5000  -45.0000 9774.4521   16.3466
    7.5000   22.5000  -45.0000 9329.2930   16.3831
   -7.5000   30.0000  -45.0000 9086.0176   16.1493
    0.0000   30.0000  -45.0000 9555.7334   16.1290
    7.5000   30.0000  -45.0000 9113.3311   16.1577
   -7.5000   37.5000  -45.0000 9183.7158   16.1532
    0.0000   37.5000  -45.0000 9601.9121   16.1356
    7.5000   37.5000  -45.0000 9182.9854   16.1506
   -7.5000   45.0000  -45.0000 8823.5732   15.7553
    0.0000   45.0000  -45.0000 9229.2930   15.7345
    7.5000   45.0000  -45.0000 8816.1348   15.7434
   -7.5000  -45.0000  -37.5000 5175.8789   17.2720
    0.0000  -45.0000  -37.5000 5442.4819   17.2433
    7.5000  -45.0000  -37.5000 5248.1353   17.2542
   -7.5000  -37.5000  -37.5000 5751.3813   16.7390
    0.0000  -37.5000  -37.5000 6039.7422   16.7031
    7.5000  -37.5000  -37.5000 5808.2583   16.7189
   -7.5000  -30.0000  -37.5000 6553.9712   16.3871
    0.0000  -30.0000  -37.5000 6892.0498   16.3507
    7.5000  -30.0000  -37.5000 6617.5186   16.3761
   -7.5000  -22.5000  -37.5000 7381.0889   16.1760
    0.0000  -22.5000  -37.5000 7773.9634   16.1466
    7.5000  -22.5000  -37.5000 7456.7466   16.1747
   -7.5000  -15.0000  -37.5000 8248.7949   16.0723
    0.0000  -15.0000  -37.5000 8698.7549   16.0534
    7.5000  -15.0000  -37.5000 8323.0527   16.0788
   -7.5000   -7.5000  -37.5000 9164.0146   16.0701
    0.0000   -7.5000  -37.5000 9662.7305   16.0525
    7.5000   -7.5000  -37.5000 9249.0371   16.0679
   -7.5000    0.0000  -37.500010003.4170   16.0859
    0.0000    0.0000  -37.500010574.4551   16.0608
    7.5000    0.0000  -37.500010100.2549   16.0692
   -7.5000    7.5000  -37.500010079.4766   16.1002
    0.0000    7.5000  -37.500010656.8506   16.0664
    7.5000    7.5000  -37.500010146.0439   16.0800
   -7.5000   15.0000  -37.500010011.5693   16.1026
    0.0000   15.0000  -37.500010561.6953   16.0661
    7.5000   15.0000  -37.500010062.3613   16.0890
   -7.5000   22.5000  -37.5000 9838.8496   16.0858
    0.0000   22.5000  -37.500010388.9258   16.0566
    7.5000   22.5000  -37.5000 9883.5176   16.0842
   -7.5000   30.0000  -37.5000 9644.8096   15.8555
    0.0000   30.0000  -37.500010177.5625   15.8368
    7.5000   30.0000  -37.5000 9661.8867   15.8617
   -7.5000   37.5000  -37.5000 9708.0391   15.8559
    0.0000   37.5000  -37.500010209.0098   15.8385
    7.5000   37.5000  -37.5000 9720.5166   15.8537
   -7.5000   45.0000  -37.5000 9336.9766   15.4685
    0.0000   45.0000  -37.5000 9818.8672   15.4444
    7.5000   45.0000  -37.5000 9344.8018   15.4525
   -7.5000  -45.0000  -30.0000 5605.1250   17.7574
    0.0000  -45.0000  -30.0000 5895.3384   17.7401
    7.5000  -45.0000  -30.0000 5670.5059   17.7563
   -7.5000  -37.5000  -30.0000 6213.6831   17.2246
    0.0000  -37.5000  -30.0000 6526.6855   17.1992
    7.5000  -37.5000  -30.0000 6267.7012   17.2158
   -7.5000  -30.0000  -30.0000 7078.6235   16.8713
    0.0000  -30.0000  -30.0000 7442.5762   16.8442
    7.5000  -30.0000  -30.0000 7142.7397   16.8646
   -7.5000  -22.5000  -30.0000 7995.7212   16.6539
    0.0000  -22.5000  -30.0000 8407.6992   16.6336
    7.5000  -22.5000  -30.0000 8064.0088   16.6552
   -7.5000  -15.0000  -30.0000 8957.8369   16.5435
    0.0000  -15.0000  -30.0000 9428.5371   16.5343
    7.5000  -15.0000  -30.0000 9045.7158   16.5564
   -7.5000   -7.5000  -30.0000 9954.5498   16.5363
    0.0000   -7.5000  -30.000010498.1797   16.5285
    7.5000   -7.5000  -30.000010044.6562   16.5457
   -7.5000    0.0000  -30.000010872.0908   16.5532
    0.0000    0.0000  -30.000011492.9736   16.5377
    7.5000    0.0000  -30.000010955.8994   16.5500
   -7.5000    7.5000  -30.000010951.8779   16.5747
    0.0000    7.5000  -30.000011582.0166   16.5503
    7.5000    7.5000  -30.000011006.7988   16.5642
   -7.5000   15.0000  -30.000010854.9727   16.5815
    0.0000   15.0000  -30.000011473.4102   16.5537
    7.5000   15.0000  -30.000010914.9893   16.5718
   -7.5000   22.5000  -30.000010649.0566   16.5605
    0.0000   22.5000  -30.000011286.1943   16.5402
    7.5000   22.5000  -30.000010711.0342   16.5614
   -7.5000   30.0000  -30.000010427.5000   16.3219
    0.0000   30.0000  -30.000011005.3242   16.3128
    7.5000   30.0000  -30.000010461.0820   16.3346
   -7.5000   37.5000  -30.000010461.9072   16.3175
    0.0000   37.5000  -30.000011034.0771   16.3097
    7.5000   37.5000  -30.000010492.2959   16.3267
   -7.5000   45.0000  -30.000010075.0400   15.9295
    0.0000   45.0000  -30.000010645.3818   15.9147
    7.5000   45.0000  -30.000010098.3633   15.9265
   -7.5000  -45.0000  -22.5000 6046.7764   18.1975
    0.0000  -45.0000  -22.5000 6346.0830   18.1865
    7.5000  -45.0000  -22.5000 6104.4609   18.2035
   -7.5000  -37.5000  -22.5000 6686.9600   17.6437
    0.0000  -37.5000  -22.5000 7022.9492   17.6256
    7.5000  -37.5000  -22.5000 6748.9199   17.6450
   -7.5000  -30.0000  -22.5000 7639.2622   17.2815
    0.0000  -30.0000  -22.5000 8021.5298   17.2599
    7.5000  -30.0000  -22.5000 7700.9580   17.2798
   -7.5000  -22.5000  -22.5000 8659.3574   17.0693
    0.0000  -22.5000  -22.5000 9095.3457   17.0520
    7.5000  -22.5000  -22.5000 8726.0273   17.0683
   -7.5000  -15.0000  -22.5000 9717.7949   16.9703
    0.0000  -15.0000  -22.500010220.9766   16.9630
    7.5000  -15.0000  -22.5000 9807.3359   16.9771
   -7.5000   -7.5000  -22.500010776.5918   16.9643
    0.0000   -7.5000  -22.500011368.7314   16.9592
    7.5000   -7.5000  -22.500010862.1143   16.9710
   -7.5000    0.0000  -22.500011793.9082   16.9720
    0.0000    0.0000  -22.500012467.2627   16.9618
    7.5000    0.0000  -22.500011844.4316   16.9740
   -7.5000    7.5000  -22.500011860.5127   16.9835
    0.0000    7.5000  -22.500012546.4629   16.9658
    7.5000    7.5000  -22.500011907.3516   16.9818
   -7.5000   15.0000  -22.500011745.2061   16.9868
    0.0000   15.0000  -22.500012406.1621   16.9641
    7.5000   15.0000  -22.500011795.7598   16.9817
   -7.5000   22.5000  -22.500011536.8223   16.9732
    0.0000   22.5000  -22.500012211.0820   16.9560
    7.5000   22.5000  -22.500011590.8555   16.9720
   -7.5000   30.0000  -22.500011273.5859   16.7455
    0.0000   30.0000  -22.500011888.1846   16.7384
    7.5000   30.0000  -22.500011307.6982   16.7523
   -7.5000   37.5000  -22.500011286.5537   16.7424
    0.0000   37.5000  -22.500011930.5107   16.7373
    7.5000   37.5000  -22.500011302.0264   16.7490
   -7.5000   45.0000  -22.500010869.3438   16.3449
    0.0000   45.0000  -22.500011490.0703   16.3351
    7.5000   45.0000  -22.500010873.8682   16.3468
   -7.5000  -45.0000  -15.0000 6485.6816   18.4716
    0.0000  -45.0000  -15.0000 6800.2271   18.4594
    7.5000  -45.0000  -15.0000 6549.0625   18.4741
   -7.5000  -37.5000  -15.0000 7171.2021   17.8924
    0.0000  -37.5000  -15.0000 7523.2397   17.8745
    7.5000  -37.5000  -15.0000 7227.5908   17.8985
   -7.5000  -30.0000  -15.0000 8226.1904   17.5165
    0.0000  -30.0000  -15.0000 8642.2100   17.4935
    7.5000  -30.0000  -15.0000 8279.0566   17.5225
   -7.5000  -22.5000  -15.0000 9368.1445   17.3119
    0.0000  -22.5000  -15.0000 9867.5801   17.2907
    7.5000  -22.5000  -15.0000 9439.5420   17.3134
   -7.5000  -15.0000  -15.000010521.4873   17.2312
    0.0000  -15.0000  -15.000011074.7646   17.2186
    7.5000  -15.0000  -15.000010606.8047   17.2325
   -7.5000   -7.5000  -15.000011638.9688   17.2349
    0.0000   -7.5000  -15.000012263.5449   17.2255
    7.5000   -7.5000  -15.000011725.8174   17.2331
   -7.5000    0.0000  -15.000012723.7432   17.2357
    0.0000    0.0000  -15.000013421.7744   17.2244
    7.5000    0.0000  -15.000012783.4326   17.2347
   -7.5000    7.5000  -15.000012785.7480   17.2290
    0.0000    7.5000  -15.000013488.0537   17.2116
    7.5000    7.5000  -15.000012860.1709   17.2319
   -7.5000   15.0000  -15.000012685.0928   17.2204
    0.0000   15.0000  -15.000013401.8672   17.1965
    7.5000   15.0000  -15.000012748.0127   17.2227
   -7.5000   22.5000  -15.000012497.0059   17.2145
    0.0000   22.5000  -15.000013185.2012   17.1935
    7.5000   22.5000  -15.000012518.5449   17.2158
   -7.5000   30.0000  -15.000012144.2539   17.0054
    0.0000   30.0000  -15.000012790.9131   16.9930
    7.5000   30.0000  -15.000012159.8066   17.0066
   -7.5000   37.5000  -15.000012122.1602   17.0118
    0.0000   37.5000  -15.000012786.7129   17.0026
    7.5000   37.5000  -15.000012139.5410   17.0100
   -7.5000   45.0000  -15.000011663.9043   16.6088
    0.0000   45.0000  -15.000012308.9805   16.5980
    7.5000   45.0000  -15.000011702.1553   16.6079
   -7.5000  -45.0000   -7.5000 6997.4272   18.6551
    0.0000  -45.0000   -7.5000 7337.7583   18.6307
    7.5000  -45.0000   -7.5000 7050.6782   18.6406
   -7.5000  -37.5000   -7.5000 7765.9355   18.0702
    0.0000  -37.5000   -7.5000 8163.1396   18.0412
    7.5000  -37.5000   -7.5000 7830.4521   18.0657
   -7.5000  -30.0000   -7.5000 8944.8027   17.6871
    0.0000  -30.0000   -7.5000 9414.3994   17.6542
    7.5000  -30.0000   -7.5000 9009.4580   17.6910
   -7.5000  -22.5000   -7.500010201.5703   17.4769
    0.0000  -22.5000   -7.500010744.3623   17.4460
    7.5000  -22.5000   -7.500010285.5752   17.4789
   -7.5000  -15.0000   -7.500011444.4541   17.3937
    0.0000  -15.0000   -7.500012043.6143   17.3707
    7.5000  -15.0000   -7.500011543.5996   17.3912
   -7.5000   -7.5000   -7.500012684.3320   17.4025
    0.0000   -7.5000   -7.500013338.9023   17.3827
    7.5000   -7.5000   -7.500012777.3691   17.3902
   -7.5000    0.0000   -7.500013844.2324   17.4092
    0.0000    0.0000   -7.500014593.5713   17.3876
    7.5000    0.0000   -7.500013950.5615   17.3945
   -7.5000    7.5000   -7.500013930.5635   17.4019
    0.0000    7.5000   -7.500014666.0967   17.3745
    7.5000    7.5000   -7.500014045.8711   17.3955
   -7.5000   15.0000   -7.500013809.7666   17.3893
    0.0000   15.0000   -7.500014572.7871   17.3559
    7.5000   15.0000   -7.500013885.4023   17.3896
   -7.5000   22.5000   -7.500013605.6816   17.3769
    0.0000   22.5000   -7.500014341.8359   17.3462
    7.5000   22.5000   -7.500013634.9658   17.3786
   -7.5000   30.0000   -7.500013173.1084   17.1654
    0.0000   30.0000   -7.500013888.7275   17.1427
    7.5000   30.0000   -7.500013205.0508   17.1628
   -7.5000   37.5000   -7.500013144.8857   17.1768
    0.0000   37.5000   -7.500013869.0205   17.1572
    7.5000   37.5000   -7.500013171.2871   17.1647
   -7.5000   45.0000   -7.500012639.2168   16.7792
    0.0000   45.0000   -7.500013322.7588   16.7584
    7.5000   45.0000   -7.500012665.2842   16.7650
   -7.5000  -45.0000    0.0000 7478.3462   18.6816
    0.0000  -45.0000    0.0000 7860.7041   18.6476
    7.5000  -45.0000    0.0000 7543.1719   18.6552
   -7.5000  -37.5000    0.0000 8365.5010   18.1092
    0.0000  -37.5000    0.0000 8802.1250   18.0702
    7.5000  -37.5000    0.0000 8424.6387   18.0905
   -7.5000  -30.0000    0.0000 9646.6523   17.7324
    0.0000  -30.0000    0.000010145.4717   17.6921
    7.5000  -30.0000    0.0000 9697.9785   17.7277
   -7.5000  -22.5000    0.000010980.1172   17.5157
    0.0000  -22.5000    0.000011523.0098   17.4800
    7.5000  -22.5000    0.000011041.4277   17.5167
   -7.5000  -15.0000    0.000012317.3271   17.4190
    0.0000  -15.0000    0.000012930.0674   17.3920
    7.5000  -15.0000    0.000012382.6348   17.4191
   -7.5000   -7.5000    0.000013658.7881   17.4239
    0.0000   -7.5000    0.000014368.4570   17.3986
    7.5000   -7.5000    0.000013747.7754   17.4101
   -7.5000    0.0000    0.000014922.5488   17.4368
    0.0000    0.0000    0.000015722.1289   17.4071
    7.5000    0.0000    0.000015046.6426   17.4127
   -7.5000    7.5000    0.000015049.3633   17.4401
    0.0000    7.5000    0.000015817.3965   17.4036
    7.5000    7.5000    0.000015143.6953   17.4211
   -7.5000   15.0000    0.000014898.2354   17.4344
    0.0000   15.0000    0.000015696.5205   17.3939
    7.5000   15.0000    0.000014951.9531   17.4266
   -7.5000   22.5000    0.000014655.7627   17.4154
    0.0000   22.5000    0.000015418.7764   17.3800
    7.5000   22.5000    0.000014665.4150   17.4162
   -7.5000   30.0000    0.000014213.6035   17.1908
    0.0000   30.0000    0.000014992.2939   17.1641
    7.5000   30.0000    0.000014228.0625   17.1908
   -7.5000   37.5000    0.000014159.0928   17.1983
    0.0000   37.5000    0.000014948.7803   17.1734
    7.5000   37.5000    0.000014193.2793   17.1847
   -7.5000   45.0000    0.000013564.4336   16.8071
    0.0000   45.0000    0.000014291.8613   16.7784
    7.5000   45.0000    0.000013605.2266   16.7838
   -7.5000  -45.0000    7.5000 7372.7422   18.6896
    0.0000  -45.0000    7.5000 7742.7998   18.6600
    7.5000  -45.0000    7.5000 7430.9258   18.6695
   -7.5000  -37.5000    7.5000 8263.1709   18.1334
    0.0000  -37.5000    7.5000 8705.3242   18.0965
    7.5000  -37.5000    7.5000 8317.5215   18.1117
   -7.5000  -30.0000    7.5000 9535.2021   17.7681
    0.0000  -30.0000    7.500010044.7549   17.7301
    7.5000  -30.0000    7.5000 9600.3066   17.7566
   -7.5000  -22.5000    7.500010882.9268   17.5481
    0.0000  -22.5000    7.500011425.7686   17.5169
    7.5000  -22.5000    7.500010966.3584   17.5471
   -7.5000  -15.0000    7.500012211.0840   17.4376
    0.0000  -15.0000    7.500012816.5498   17.4171
    7.5000  -15.0000    7.500012310.4590   17.4438
   -7.5000   -7.5000    7.500013560.0820   17.4315
    0.0000   -7.5000    7.500014241.2773   17.4126
    7.5000   -7.5000    7.500013656.1445   17.4276
   -7.5000    0.0000    7.500014875.8223   17.4457
    0.0000    0.0000    7.500015652.7812   17.4198
    7.5000    0.0000    7.500014970.2930   17.4269
   -7.5000    7.5000    7.500015068.3213   17.4627
    0.0000    7.5000    7.500015829.8662   17.4278
    7.5000    7.5000    7.500015149.5830   17.4408
   -7.5000   15.0000    7.500014905.9434   17.4691
    0.0000   15.0000    7.500015692.6543   17.4308
    7.5000   15.0000    7.500014948.8652   17.4548
   -7.5000   22.5000    7.500014621.5205   17.4475
    0.0000   22.5000    7.500015356.1426   17.4165
    7.5000   22.5000    7.500014613.0381   17.4462
   -7.5000   30.0000    7.500014153.2949   17.2092
    0.0000   30.0000    7.500014905.2803   17.1889
    7.5000   30.0000    7.500014167.7607   17.2151
   -7.5000   37.5000    7.500014116.1211   17.2058
    0.0000   37.5000    7.500014892.7383   17.1872
    7.5000   37.5000    7.500014144.9092   17.2020
   -7.5000   45.0000    7.500013527.6016   16.8156
    0.0000   45.0000    7.500014230.8379   16.7906
    7.5000   45.0000    7.500013561.0537   16.7975
   -7.5000  -45.0000   15.0000 7166.5464   18.7051
    0.0000  -45.0000   15.0000 7551.4053   18.6860
    7.5000  -45.0000   15.0000 7240.1660   18.6997
   -7.5000  -37.5000   15.0000 8070.0991   18.1529
    0.0000  -37.5000   15.0000 8501.9492   18.1253
    7.5000  -37.5000   15.0000 8121.3877   18.1395
   -7.5000  -30.0000   15.0000 9333.5996   17.7921
    0.0000  -30.0000   15.0000 9814.8887   17.7624
    7.5000  -30.0000   15.0000 9403.3672   17.7807
   -7.5000  -22.5000   15.000010648.3770   17.5733
    0.0000  -22.5000   15.000011198.6377   17.5504
    7.5000  -22.5000   15.000010742.5439   17.5702
   -7.5000  -15.0000   15.000011960.4971   17.4606
    0.0000  -15.0000   15.000012580.2881   17.4493
    7.5000  -15.0000   15.000012047.6123   17.4696
   -7.5000   -7.5000   15.000013276.1846   17.4481
    0.0000   -7.5000   15.000013978.0947   17.4386
    7.5000   -7.5000   15.000013336.7783   17.4538
   -7.5000    0.0000   15.000014584.9160   17.4592
    0.0000    0.0000   15.000015409.7314   17.4422
    7.5000    0.0000   15.000014647.8525   17.4522
   -7.5000    7.5000   15.000014846.1494   17.4801
    0.0000    7.5000   15.000015711.6074   17.4537
    7.5000    7.5000   15.000014889.7832   17.4654
   -7.5000   15.0000   15.000014836.9883   17.4918
    0.0000   15.0000   15.000015682.4951   17.4614
    7.5000   15.0000   15.000014825.1660   17.4775
   -7.5000   22.5000   15.000014557.5537   17.4725
    0.0000   22.5000   15.000015246.1348   17.4496
    7.5000   22.5000   15.000014480.8770   17.4691
   -7.5000   30.0000   15.000014056.5049   17.2318
    0.0000   30.0000   15.000014708.7939   17.2206
    7.5000   30.0000   15.000013988.5762   17.2406
   -7.5000   37.5000   15.000014008.1709   17.2222
    0.0000   37.5000   15.000014720.2422   17.2129
    7.5000   37.5000   15.000013955.2529   17.2279
   -7.5000   45.0000   15.000013426.5518   16.8286
    0.0000   45.0000   15.000014143.3936   16.8122
    7.5000   45.0000   15.000013363.0518   16.8219
   -7.5000  -45.0000   22.5000 6896.6680   18.7164
    0.0000  -45.0000   22.5000 7279.9146   18.7047
    7.5000  -45.0000   22.5000 6967.0356   18.7215
   -7.5000  -37.5000   22.5000 7784.6841   18.1491
    0.0000  -37.5000   22.5000 8245.1514   18.1303
    7.5000  -37.5000   22.5000 7856.1118   18.1496
   -7.5000  -30.0000   22.5000 9022.0391   17.7804
    0.0000  -30.0000   22.5000 9552.7588   17.7581
    7.5000  -30.0000   22.5000 9114.5527   17.7780
   -7.5000  -22.5000   22.500010320.6699   17.5675
    0.0000  -22.5000   22.500010906.9092   17.5497
    7.5000  -22.5000   22.500010417.5586   17.5659
   -7.5000  -15.0000   22.500011619.0400   17.4691
    0.0000  -15.0000   22.500012230.1318   17.4615
    7.5000  -15.0000   22.500011681.0508   17.4755
   -7.5000   -7.5000   22.500012902.6748   17.4621
    0.0000   -7.5000   22.500013586.5781   17.4565
    7.5000   -7.5000   22.500012959.8838   17.4681
   -7.5000    0.0000   22.500014121.7676   17.4668
    0.0000    0.0000   22.500014902.6260   17.4560
    7.5000    0.0000   22.500014183.9570   17.4679
   -7.5000    7.5000   22.500014368.6260   17.4760
    0.0000    7.5000   22.500015217.9316   17.4576
    7.5000    7.5000   22.500014418.9131   17.4735
   -7.5000   15.0000   22.500014498.1885   17.4799
    0.0000   15.0000   22.500015485.4238   17.4564
    7.5000   15.0000   22.500014476.2500   17.4739
   -7.5000   22.5000   22.500014442.6631   17.4667
    0.0000   22.5000   22.500015395.3721   17.4490
    7.5000   22.5000   22.500014307.6152   17.4649
   -7.5000   30.0000   22.500013966.3750   17.2402
    0.0000   30.0000   22.500014849.2441   17.2327
    7.5000   30.0000   22.500013781.2324   17.2464
   -7.5000   37.5000   22.500013837.2207   17.2361
    0.0000   37.5000   22.500014670.4961   17.2306
    7.5000   37.5000   22.500013653.2100   17.2420
   -7.5000   45.0000   22.500013151.3555   16.8360
    0.0000   45.0000   22.500013934.5918   16.8256
    7.5000   45.0000   22.500013009.5664   16.8371
   -7.5000  -45.0000   30.0000 6536.1226   18.7147
    0.0000  -45.0000   30.0000 6941.0352   18.7022
    7.5000  -45.0000   30.0000 6614.3101   18.7171
   -7.5000  -37.5000   30.0000 7413.0215   18.1296
    0.0000  -37.5000   30.0000 7872.4580   18.1114
    7.5000  -37.5000   30.0000 7500.1289   18.1358
   -7.5000  -30.0000   30.0000 8617.6660   17.7493
    0.0000  -30.0000   30.0000 9112.9180   17.7261
    7.5000  -30.0000   30.0000 8696.8193   17.7554
   -7.5000  -22.5000   30.0000 9838.0605   17.5412
    0.0000  -22.5000   30.000010394.0713   17.5198
    7.5000  -22.5000   30.0000 9936.3330   17.5427
   -7.5000  -15.0000   30.000011094.8613   17.4583
    0.0000  -15.0000   30.000011684.6602   17.4455
    7.5000  -15.0000   30.000011160.9805   17.4593
   -7.5000   -7.5000   30.000012364.3018   17.4616
    0.0000   -7.5000   30.000013044.9473   17.4520
    7.5000   -7.5000   30.000012429.7334   17.4595
   -7.5000    0.0000   30.000013605.4873   17.4632
    0.0000    0.0000   30.000014363.2988   17.4517
    7.5000    0.0000   30.000013635.1885   17.4620
   -7.5000    7.5000   30.000013862.8604   17.4578
    0.0000    7.5000   30.000014707.9443   17.4400
    7.5000    7.5000   30.000013884.1680   17.4606
   -7.5000   15.0000   30.000013979.1543   17.4495
    0.0000   15.0000   30.000015037.3008   17.4252
    7.5000   15.0000   30.000013924.8350   17.4517
   -7.5000   22.5000   30.000013931.9209   17.4408
    0.0000   22.5000   30.000014932.7344   17.4194
    7.5000   22.5000   30.000013773.1719   17.4419
   -7.5000   30.0000   30.000013515.8486   17.2296
    0.0000   30.0000   30.000014435.8066   17.2169
    7.5000   30.0000   30.000013326.2100   17.2305
   -7.5000   37.5000   30.000013387.5498   17.2356
    0.0000   37.5000   30.000014238.1318   17.2261
    7.5000   37.5000   30.000013208.9492   17.2335
   -7.5000   45.0000   30.000012682.6445   16.8325
    0.0000   45.0000   30.000013440.1436   16.8214
    7.5000   45.0000   30.000012564.2637   16.8314
   -7.5000  -45.0000   37.5000 6391.1040   18.7025
    0.0000  -45.0000   37.5000 6770.7578   18.6779
    7.5000  -45.0000   37.5000 6472.6772   18.6880
   -7.5000  -37.5000   37.5000 7266.5117   18.1158
    0.0000  -37.5000   37.5000 7699.2847   18.0867
    7.5000  -37.5000   37.5000 7336.7676   18.1114
   -7.5000  -30.0000   37.5000 8439.5986   17.7317
    0.0000  -30.0000   37.5000 8921.6904   17.6987
    7.5000  -30.0000   37.5000 8509.4893   17.7357
   -7.5000  -22.5000   37.5000 9675.7715   17.5210
    0.0000  -22.5000   37.500010224.2666   17.4899
    7.5000  -22.5000   37.5000 9756.4434   17.5229
   -7.5000  -15.0000   37.500010945.0479   17.4375
    0.0000  -15.0000   37.500011542.5273   17.4143
    7.5000  -15.0000   37.500010986.5830   17.4349
   -7.5000   -7.5000   37.500012235.6904   17.4462
    0.0000   -7.5000   37.500012902.7510   17.4263
    7.5000   -7.5000   37.500012265.0742   17.4338
   -7.5000    0.0000   37.500013497.5625   17.4528
    0.0000    0.0000   37.500014239.2305   17.4311
    7.5000    0.0000   37.500013508.0244   17.4380
   -7.5000    7.5000   37.500013724.5410   17.4456
    0.0000    7.5000   37.500014533.3525   17.4180
    7.5000    7.5000   37.500013722.2861   17.4391
   -7.5000   15.0000   37.500013710.1650   17.4330
    0.0000   15.0000   37.500014535.3174   17.3995
    7.5000   15.0000   37.500013677.9941   17.4333
   -7.5000   22.5000   37.500013506.8711   17.4207
    0.0000   22.5000   37.500014185.6162   17.3899
    7.5000   22.5000   37.500013437.1729   17.4223
   -7.5000   30.0000   37.500013113.1494   17.2090
    0.0000   30.0000   37.500013749.2998   17.1862
    7.5000   30.0000   37.500013032.5879   17.2064
   -7.5000   37.5000   37.500013080.4531   17.2204
    0.0000   37.5000   37.500013748.1045   17.2007
    7.5000   37.5000   37.500012992.3047   17.2082
   -7.5000   45.0000   37.500012411.6191   16.8225
    0.0000   45.0000   37.500013050.4658   16.8016
    7.5000   45.0000   37.500012367.0312   16.8083
   -7.5000  -45.0000   45.0000 5969.5630   18.7760
    0.0000  -45.0000   45.0000 6311.8784   18.7416
    7.5000  -45.0000   45.0000 6033.8730   18.7496
   -7.5000  -37.5000   45.0000 6802.6436   18.1941
    0.0000  -37.5000   45.0000 7194.2607   18.1545
    7.5000  -37.5000   45.0000 6840.4062   18.1754
   -7.5000  -30.0000   45.0000 7912.2422   17.8116
    0.0000  -30.0000   45.0000 8355.1865   17.7705
    7.5000  -30.0000   45.0000 7961.9761   17.8067
   -7.5000  -22.5000   45.0000 9099.1699   17.5919
    0.0000  -22.5000   45.0000 9601.7393   17.5557
    7.5000  -22.5000   45.0000 9159.6514   17.5929
   -7.5000  -15.0000   45.000010315.6855   17.4939
    0.0000  -15.0000   45.000010870.3975   17.4667
    7.5000  -15.0000   45.000010348.0088   17.4941
   -7.5000   -7.5000   45.000011503.1641   17.4986
    0.0000   -7.5000   45.000012092.5264   17.4732
    7.5000   -7.5000   45.000011525.6445   17.4849
   -7.5000    0.0000   45.000012622.8252   17.5113
    0.0000    0.0000   45.000013270.5049   17.4812
    7.5000    0.0000   45.000012665.4678   17.4872
   -7.5000    7.5000   45.000012783.7080   17.5145
    0.0000    7.5000   45.000013458.9785   17.4774
    7.5000    7.5000   45.000012826.4502   17.4954
   -7.5000   15.0000   45.000012679.5664   17.5090
    0.0000   15.0000   45.000013316.2002   17.4678
    7.5000   15.0000   45.000012717.9160   17.5010
   -7.5000   22.5000   45.000012465.3945   17.4901
    0.0000   22.5000   45.000012985.7754   17.4543
    7.5000   22.5000   45.000012467.0889   17.4909
   -7.5000   30.0000   45.000012153.7334   17.2632
    0.0000   30.0000   45.000012668.5000   17.2364
    7.5000   30.0000   45.000012147.5146   17.2632
   -7.5000   37.5000   45.000012183.8877   17.2706
    0.0000   37.5000   45.000012739.3076   17.2456
    7.5000   37.5000   45.000012159.6035   17.2570
   -7.5000   45.0000   45.000011608.5176   16.8865
    0.0000   45.0000   45.000012143.1865   16.8575
    7.5000   45.0000   45.000011591.6670   16.8633

---------------------------------------------------------------------
imgreg_4dfp /opt/freesurfer/average/711-2C_as_mni_average_305 /opt/freesurfer/average/711-2B_as_mni_average_305_mask talsrcimg_g11 none talsrcimg_to_711-2C_as_mni_average_305_t4 4355
---------------------------------------------------------------------

freesurfer imgreg_4dfp.c
/opt/freesurfer/average/711-2C_as_mni_average_305.4dfp.img
       256       256       256         1
  1.000000  1.000000  1.000000
orientation T byte_order littleendian
Reading image: /opt/freesurfer/average/711-2C_as_mni_average_305.4dfp.img
dimensions:      256       256       256
mmppix:       1.0000   -1.0000   -1.0000
center:     128.0000 -129.0000 -129.0000
/opt/freesurfer/average/711-2B_as_mni_average_305_mask.4dfp.img
       256       256       256         1
  1.000000  1.000000  1.000000
orientation T byte_order littleendian
Reading mask: /opt/freesurfer/average/711-2B_as_mni_average_305_mask.4dfp.img (2306576 pixels)
talsrcimg_g11.4dfp.img
       256       256       256         1
  1.000000  1.000000  1.000000
orientation T byte_order littleendian
Reading image: talsrcimg_g11.4dfp.img
dimensions:      256       256       256
mmppix:       1.0000   -1.0000   -1.0000
center:     128.0000 -129.0000 -129.0000
rotation matrix determinant  1.000000
image alignment mode   4355 decimal     1103 hex
   -7.5000  -37.5000  -37.5000 1728.8326   29.5475
    0.0000  -37.5000  -37.5000 1734.6111   29.2218
    7.5000  -37.5000  -37.5000 1733.2411   29.1954
   -7.5000  -30.0000  -37.5000 1846.7494   25.7082
    0.0000  -30.0000  -37.5000 1856.0577   25.4933
    7.5000  -30.0000  -37.5000 1851.2305   25.4403
   -7.5000  -22.5000  -37.5000 1954.3844   22.8185
    0.0000  -22.5000  -37.5000 1965.1799   22.6548
    7.5000  -22.5000  -37.5000 1958.3085   22.6214
   -7.5000  -15.0000  -37.5000 2050.0706   20.6163
    0.0000  -15.0000  -37.5000 2062.2864   20.4750
    7.5000  -15.0000  -37.5000 2055.3806   20.4549
   -7.5000   -7.5000  -37.5000 2136.9343   19.0232
    0.0000   -7.5000  -37.5000 2152.2339   18.9059
    7.5000   -7.5000  -37.5000 2145.8413   18.8877
   -7.5000    0.0000  -37.5000 2195.0737   17.8238
    0.0000    0.0000  -37.5000 2214.3845   17.7235
    7.5000    0.0000  -37.5000 2207.5227   17.7304
   -7.5000    7.5000  -37.5000 2238.6111   16.9355
    0.0000    7.5000  -37.5000 2259.2278   16.8240
    7.5000    7.5000  -37.5000 2248.2114   16.8216
   -7.5000   15.0000  -37.5000 2254.1499   16.4080
    0.0000   15.0000  -37.5000 2270.1855   16.2855
    7.5000   15.0000  -37.5000 2257.6184   16.2805
   -7.5000   22.5000  -37.5000 2251.3677   16.2457
    0.0000   22.5000  -37.5000 2271.5122   16.0428
    7.5000   22.5000  -37.5000 2259.0701   16.0674
   -7.5000   30.0000  -37.5000 2240.3630   16.2776
    0.0000   30.0000  -37.5000 2266.2417   16.1163
    7.5000   30.0000  -37.5000 2250.2119   16.0960
   -7.5000   37.5000  -37.5000 2211.8494   16.5971
    0.0000   37.5000  -37.5000 2232.9231   16.4158
    7.5000   37.5000  -37.5000 2219.1841   16.4471
   -7.5000   45.0000  -37.5000 2167.8369   17.2465
    0.0000   45.0000  -37.5000 2188.9543   17.0751
    7.5000   45.0000  -37.5000 2175.6204   17.1040
   -7.5000   52.5000  -37.5000 2094.3079   18.1922
    0.0000   52.5000  -37.5000 2112.7031   17.9827
    7.5000   52.5000  -37.5000 2092.9236   18.0198
   -7.5000  -37.5000  -30.0000 1818.1190   28.3337
    0.0000  -37.5000  -30.0000 1831.8499   28.1358
    7.5000  -37.5000  -30.0000 1828.2806   28.0668
   -7.5000  -30.0000  -30.0000 1943.8696   24.7172
    0.0000  -30.0000  -30.0000 1957.8865   24.4925
    7.5000  -30.0000  -30.0000 1950.6460   24.4063
   -7.5000  -22.5000  -30.0000 2065.3889   21.8655
    0.0000  -22.5000  -30.0000 2078.7271   21.7101
    7.5000  -22.5000  -30.0000 2074.8337   21.6601
   -7.5000  -15.0000  -30.0000 2177.0247   19.7057
    0.0000  -15.0000  -30.0000 2190.2681   19.6099
    7.5000  -15.0000  -30.0000 2184.4517   19.5158
   -7.5000   -7.5000  -30.0000 2274.0613   18.1211
    0.0000   -7.5000  -30.0000 2289.6758   18.0594
    7.5000   -7.5000  -30.0000 2286.1167   18.0337
   -7.5000    0.0000  -30.0000 2339.3103   16.9642
    0.0000    0.0000  -30.0000 2359.5774   16.9259
    7.5000    0.0000  -30.0000 2351.6553   16.9281
   -7.5000    7.5000  -30.0000 2385.2429   16.1541
    0.0000    7.5000  -30.0000 2411.3452   16.0702
    7.5000    7.5000  -30.0000 2392.9333   16.0750
   -7.5000   15.0000  -30.0000 2399.2854   15.6936
    0.0000   15.0000  -30.0000 2421.2893   15.5510
    7.5000   15.0000  -30.0000 2402.1230   15.5935
   -7.5000   22.5000  -30.0000 2400.6084   15.4270
    0.0000   22.5000  -30.0000 2425.7842   15.2841
    7.5000   22.5000  -30.0000 2408.3516   15.3180
   -7.5000   30.0000  -30.0000 2391.2664   15.4206
    0.0000   30.0000  -30.0000 2419.9404   15.2891
    7.5000   30.0000  -30.0000 2403.7334   15.2976
   -7.5000   37.5000  -30.0000 2368.7134   15.6908
    0.0000   37.5000  -30.0000 2394.0010   15.5726
    7.5000   37.5000  -30.0000 2376.7798   15.6027
   -7.5000   45.0000  -30.0000 2325.0088   16.3066
    0.0000   45.0000  -30.0000 2352.8298   16.1831
    7.5000   45.0000  -30.0000 2336.0752   16.2031
   -7.5000   52.5000  -30.0000 2238.2488   17.1963
    0.0000   52.5000  -30.0000 2259.5676   17.0519
    7.5000   52.5000  -30.0000 2243.2800   17.0816
   -7.5000  -37.5000  -22.5000 1891.1328   26.9958
    0.0000  -37.5000  -22.5000 1905.1050   26.7140
    7.5000  -37.5000  -22.5000 1902.2935   26.6678
   -7.5000  -30.0000  -22.5000 2022.0295   23.4766
    0.0000  -30.0000  -22.5000 2039.9998   23.2232
    7.5000  -30.0000  -22.5000 2033.4584   23.2102
   -7.5000  -22.5000  -22.5000 2158.5769   20.7624
    0.0000  -22.5000  -22.5000 2173.6038   20.5905
    7.5000  -22.5000  -22.5000 2169.7156   20.5124
   -7.5000  -15.0000  -22.5000 2283.6846   18.7386
    0.0000  -15.0000  -22.5000 2301.4426   18.6286
    7.5000  -15.0000  -22.5000 2296.7424   18.5522
   -7.5000   -7.5000  -22.5000 2385.0579   17.1745
    0.0000   -7.5000  -22.5000 2406.3682   17.1286
    7.5000   -7.5000  -22.5000 2400.2078   17.0763
   -7.5000    0.0000  -22.5000 2459.3984   16.0325
    0.0000    0.0000  -22.5000 2488.4514   15.9646
    7.5000    0.0000  -22.5000 2470.7700   15.9614
   -7.5000    7.5000  -22.5000 2504.8501   15.2567
    0.0000    7.5000  -22.5000 2533.2139   15.1467
    7.5000    7.5000  -22.5000 2511.9651   15.1904
   -7.5000   15.0000  -22.5000 2522.1721   14.7866
    0.0000   15.0000  -22.5000 2547.9702   14.6614
    7.5000   15.0000  -22.5000 2526.6628   14.7173
   -7.5000   22.5000  -22.5000 2527.2312   14.5300
    0.0000   22.5000  -22.5000 2552.4707   14.3986
    7.5000   22.5000  -22.5000 2536.8003   14.4291
   -7.5000   30.0000  -22.5000 2524.9058   14.5273
    0.0000   30.0000  -22.5000 2552.2537   14.3566
    7.5000   30.0000  -22.5000 2533.8096   14.4295
   -7.5000   37.5000  -22.5000 2498.8103   14.7440
    0.0000   37.5000  -22.5000 2531.9253   14.6155
    7.5000   37.5000  -22.5000 2507.9619   14.6764
   -7.5000   45.0000  -22.5000 2457.4697   15.3189
    0.0000   45.0000  -22.5000 2488.4351   15.1859
    7.5000   45.0000  -22.5000 2463.8452   15.2429
   -7.5000   52.5000  -22.5000 2365.6912   16.1336
    0.0000   52.5000  -22.5000 2394.5483   15.9819
    7.5000   52.5000  -22.5000 2369.5251   16.0452
   -7.5000  -37.5000  -15.0000 1938.6758   25.7087
    0.0000  -37.5000  -15.0000 1947.8120   25.4304
    7.5000  -37.5000  -15.0000 1946.9199   25.4627
   -7.5000  -30.0000  -15.0000 2080.3628   22.3615
    0.0000  -30.0000  -15.0000 2097.7664   22.0693
    7.5000  -30.0000  -15.0000 2089.9490   22.0794
   -7.5000  -22.5000  -15.0000 2228.3779   19.7756
    0.0000  -22.5000  -15.0000 2250.1946   19.5448
    7.5000  -22.5000  -15.0000 2235.6936   19.5143
   -7.5000  -15.0000  -15.0000 2358.5173   17.7653
    0.0000  -15.0000  -15.0000 2385.1382   17.5925
    7.5000  -15.0000  -15.0000 2372.2490   17.6182
   -7.5000   -7.5000  -15.0000 2459.1035   16.2578
    0.0000   -7.5000  -15.0000 2486.8152   16.1496
    7.5000   -7.5000  -15.0000 2474.4817   16.1573
   -7.5000    0.0000  -15.0000 2540.1221   15.1393
    0.0000    0.0000  -15.0000 2568.7603   15.0360
    7.5000    0.0000  -15.0000 2554.0977   15.0294
   -7.5000    7.5000  -15.0000 2593.3237   14.3599
    0.0000    7.5000  -15.0000 2617.8567   14.2061
    7.5000    7.5000  -15.0000 2603.2612   14.2788
   -7.5000   15.0000  -15.0000 2625.8796   13.8555
    0.0000   15.0000  -15.0000 2653.7654   13.6850
    7.5000   15.0000  -15.0000 2630.2771   13.7754
   -7.5000   22.5000  -15.0000 2639.2158   13.6170
    0.0000   22.5000  -15.0000 2661.9871   13.4679
    7.5000   22.5000  -15.0000 2642.5381   13.5264
   -7.5000   30.0000  -15.0000 2635.0566   13.5816
    0.0000   30.0000  -15.0000 2662.1670   13.4246
    7.5000   30.0000  -15.0000 2642.3428   13.5160
   -7.5000   37.5000  -15.0000 2608.7642   13.7662
    0.0000   37.5000  -15.0000 2641.8293   13.6369
    7.5000   37.5000  -15.0000 2619.2480   13.7301
   -7.5000   45.0000  -15.0000 2562.8955   14.3047
    0.0000   45.0000  -15.0000 2594.7246   14.1769
    7.5000   45.0000  -15.0000 2574.5386   14.2570
   -7.5000   52.5000  -15.0000 2467.8865   15.0487
    0.0000   52.5000  -15.0000 2501.2400   14.8984
    7.5000   52.5000  -15.0000 2473.9263   15.0127
   -7.5000  -37.5000   -7.5000 1973.8217   24.7771
    0.0000  -37.5000   -7.5000 1984.9196   24.3884
    7.5000  -37.5000   -7.5000 1981.5170   24.4694
   -7.5000  -30.0000   -7.5000 2127.3894   21.4631
    0.0000  -30.0000   -7.5000 2147.3474   21.1262
    7.5000  -30.0000   -7.5000 2136.9893   21.1649
   -7.5000  -22.5000   -7.5000 2275.9739   18.8784
    0.0000  -22.5000   -7.5000 2302.6257   18.6065
    7.5000  -22.5000   -7.5000 2288.1941   18.6839
   -7.5000  -15.0000   -7.5000 2406.7104   16.9121
    0.0000  -15.0000   -7.5000 2437.0972   16.6628
    7.5000  -15.0000   -7.5000 2421.0845   16.7605
   -7.5000   -7.5000   -7.5000 2513.8743   15.3939
    0.0000   -7.5000   -7.5000 2541.8694   15.1862
    7.5000   -7.5000   -7.5000 2529.2385   15.2796
   -7.5000    0.0000   -7.5000 2598.1292   14.3058
    0.0000    0.0000   -7.5000 2629.2886   14.1216
    7.5000    0.0000   -7.5000 2612.8191   14.1816
   -7.5000    7.5000   -7.5000 2667.3430   13.5234
    0.0000    7.5000   -7.5000 2689.4607   13.3390
    7.5000    7.5000   -7.5000 2676.5730   13.4101
   -7.5000   15.0000   -7.5000 2715.1729   12.9704
    0.0000   15.0000   -7.5000 2742.0930   12.7950
    7.5000   15.0000   -7.5000 2718.5022   12.8768
   -7.5000   22.5000   -7.5000 2739.6624   12.7114
    0.0000   22.5000   -7.5000 2765.9041   12.5666
    7.5000   22.5000   -7.5000 2739.6729   12.6325
   -7.5000   30.0000   -7.5000 2734.2192   12.6572
    0.0000   30.0000   -7.5000 2766.2568   12.4992
    7.5000   30.0000   -7.5000 2742.3127   12.6103
   -7.5000   37.5000   -7.5000 2714.9539   12.8609
    0.0000   37.5000   -7.5000 2747.4778   12.7121
    7.5000   37.5000   -7.5000 2718.8440   12.8275
   -7.5000   45.0000   -7.5000 2663.8682   13.3822
    0.0000   45.0000   -7.5000 2696.8831   13.2102
    7.5000   45.0000   -7.5000 2668.1558   13.3316
   -7.5000   52.5000   -7.5000 2562.0518   14.0606
    0.0000   52.5000   -7.5000 2590.0354   13.8883
    7.5000   52.5000   -7.5000 2568.5342   14.0058
   -7.5000  -37.5000    0.0000 2000.8949   24.2291
    0.0000  -37.5000    0.0000 2021.4078   23.8190
    7.5000  -37.5000    0.0000 2008.5798   23.8444
   -7.5000  -30.0000    0.0000 2152.1160   20.9468
    0.0000  -30.0000    0.0000 2177.1897   20.5551
    7.5000  -30.0000    0.0000 2163.4807   20.5958
   -7.5000  -22.5000    0.0000 2301.0415   18.3499
    0.0000  -22.5000    0.0000 2323.9778   17.9868
    7.5000  -22.5000    0.0000 2312.4539   18.0823
   -7.5000  -15.0000    0.0000 2428.4819   16.2898
    0.0000  -15.0000    0.0000 2454.5925   15.9813
    7.5000  -15.0000    0.0000 2442.9197   16.0947
   -7.5000   -7.5000    0.0000 2544.0732   14.7310
    0.0000   -7.5000    0.0000 2573.7261   14.5000
    7.5000   -7.5000    0.0000 2561.2690   14.5730
   -7.5000    0.0000    0.0000 2638.1311   13.6357
    0.0000    0.0000    0.0000 2670.1516   13.4148
    7.5000    0.0000    0.0000 2654.8579   13.5074
   -7.5000    7.5000    0.0000 2720.5703   12.8316
    0.0000    7.5000    0.0000 2747.3474   12.6244
    7.5000    7.5000    0.0000 2732.8215   12.7140
   -7.5000   15.0000    0.0000 2780.4893   12.2631
    0.0000   15.0000    0.0000 2810.9768   12.0652
    7.5000   15.0000    0.0000 2787.2144   12.1476
   -7.5000   22.5000    0.0000 2820.4121   11.9629
    0.0000   22.5000    0.0000 2849.2163   11.7614
    7.5000   22.5000    0.0000 2821.2246   11.8706
   -7.5000   30.0000    0.0000 2825.5571   11.8830
    0.0000   30.0000    0.0000 2857.9915   11.7253
    7.5000   30.0000    0.0000 2827.9551   11.8376
   -7.5000   37.5000    0.0000 2802.0984   12.1276
    0.0000   37.5000    0.0000 2835.9919   11.9474
    7.5000   37.5000    0.0000 2809.9180   12.0650
   -7.5000   45.0000    0.0000 2744.5142   12.6166
    0.0000   45.0000    0.0000 2774.9407   12.4327
    7.5000   45.0000    0.0000 2747.1499   12.5486
   -7.5000   52.5000    0.0000 2632.7554   13.2766
    0.0000   52.5000    0.0000 2655.5569   13.0917
    7.5000   52.5000    0.0000 2638.9919   13.2104
   -7.5000  -37.5000    7.5000 2015.8196   23.9023
    0.0000  -37.5000    7.5000 2041.3453   23.4741
    7.5000  -37.5000    7.5000 2026.4293   23.5148
   -7.5000  -30.0000    7.5000 2166.7156   20.6186
    0.0000  -30.0000    7.5000 2191.6531   20.2290
    7.5000  -30.0000    7.5000 2179.2759   20.2736
   -7.5000  -22.5000    7.5000 2312.0613   17.9845
    0.0000  -22.5000    7.5000 2338.5693   17.6244
    7.5000  -22.5000    7.5000 2326.9648   17.7178
   -7.5000  -15.0000    7.5000 2439.8391   15.9109
    0.0000  -15.0000    7.5000 2471.7168   15.5688
    7.5000  -15.0000    7.5000 2461.9414   15.6999
   -7.5000   -7.5000    7.5000 2560.7744   14.3454
    0.0000   -7.5000    7.5000 2591.4253   14.0449
    7.5000   -7.5000    7.5000 2583.9458   14.1707
   -7.5000    0.0000    7.5000 2668.1089   13.2116
    0.0000    0.0000    7.5000 2700.9446   12.9443
    7.5000    0.0000    7.5000 2687.1113   13.0315
   -7.5000    7.5000    7.5000 2766.4797   12.3802
    0.0000    7.5000    7.5000 2796.8291   12.1312
    7.5000    7.5000    7.5000 2779.0088   12.2156
   -7.5000   15.0000    7.5000 2834.6140   11.7731
    0.0000   15.0000    7.5000 2868.7625   11.5347
    7.5000   15.0000    7.5000 2841.8472   11.6395
   -7.5000   22.5000    7.5000 2883.8994   11.3820
    0.0000   22.5000    7.5000 2922.9636   11.1325
    7.5000   22.5000    7.5000 2885.5522   11.2962
   -7.5000   30.0000    7.5000 2894.4084   11.3139
    0.0000   30.0000    7.5000 2927.7971   11.1005
    7.5000   30.0000    7.5000 2898.6636   11.2521
   -7.5000   37.5000    7.5000 2865.4075   11.5705
    0.0000   37.5000    7.5000 2906.2332   11.3617
    7.5000   37.5000    7.5000 2876.7695   11.5021
   -7.5000   45.0000    7.5000 2809.7407   12.0839
    0.0000   45.0000    7.5000 2841.5032   11.8643
    7.5000   45.0000    7.5000 2816.8186   12.0099
   -7.5000   52.5000    7.5000 2696.7097   12.7553
    0.0000   52.5000    7.5000 2718.2808   12.5199
    7.5000   52.5000    7.5000 2697.1831   12.7001
   -7.5000  -37.5000   15.0000 2018.9672   23.7926
    0.0000  -37.5000   15.0000 2048.8184   23.3217
    7.5000  -37.5000   15.0000 2032.9758   23.3906
   -7.5000  -30.0000   15.0000 2164.0598   20.4757
    0.0000  -30.0000   15.0000 2192.0635   19.9604
    7.5000  -30.0000   15.0000 2183.8093   20.0828
   -7.5000  -22.5000   15.0000 2307.8022   17.8075
    0.0000  -22.5000   15.0000 2333.3562   17.3840
    7.5000  -22.5000   15.0000 2328.1497   17.5001
   -7.5000  -15.0000   15.0000 2436.5000   15.7172
    0.0000  -15.0000   15.0000 2465.2649   15.4003
    7.5000  -15.0000   15.0000 2458.6165   15.4665
   -7.5000   -7.5000   15.0000 2562.5249   14.1411
    0.0000   -7.5000   15.0000 2591.2383   13.8714
    7.5000   -7.5000   15.0000 2579.8013   13.9195
   -7.5000    0.0000   15.0000 2684.8005   12.9331
    0.0000    0.0000   15.0000 2715.3140   12.7094
    7.5000    0.0000   15.0000 2699.7659   12.7362
   -7.5000    7.5000   15.0000 2791.6782   12.0785
    0.0000    7.5000   15.0000 2825.1201   11.8644
    7.5000    7.5000   15.0000 2804.6477   11.8821
   -7.5000   15.0000   15.0000 2871.7102   11.4957
    0.0000   15.0000   15.0000 2912.8467   11.2671
    7.5000   15.0000   15.0000 2886.6433   11.2914
   -7.5000   22.5000   15.0000 2932.6213   11.0912
    0.0000   22.5000   15.0000 2975.6060   10.8162
    7.5000   22.5000   15.0000 2938.8440   10.9413
   -7.5000   30.0000   15.0000 2946.3018   10.9892
    0.0000   30.0000   15.0000 2985.7048   10.7072
    7.5000   30.0000   15.0000 2945.1567   10.8955
   -7.5000   37.5000   15.0000 2912.1348   11.2308
    0.0000   37.5000   15.0000 2947.4429   11.0040
    7.5000   37.5000   15.0000 2916.7935   11.1354
   -7.5000   45.0000   15.0000 2850.3489   11.6956
    0.0000   45.0000   15.0000 2888.7129   11.4901
    7.5000   45.0000   15.0000 2856.7766   11.6052
   -7.5000   52.5000   15.0000 2731.5815   12.3730
    0.0000   52.5000   15.0000 2763.3457   12.1852
    7.5000   52.5000   15.0000 2737.1968   12.2859
   -7.5000  -37.5000   22.5000 2017.7830   24.0183
    0.0000  -37.5000   22.5000 2039.9376   23.5279
    7.5000  -37.5000   22.5000 2025.6429   23.5064
   -7.5000  -30.0000   22.5000 2155.2227   20.5429
    0.0000  -30.0000   22.5000 2180.9241   20.1535
    7.5000  -30.0000   22.5000 2170.3079   20.1643
   -7.5000  -22.5000   22.5000 2294.7737   17.7820
    0.0000  -22.5000   22.5000 2323.4512   17.4558
    7.5000  -22.5000   22.5000 2310.7251   17.5060
   -7.5000  -15.0000   22.5000 2427.0498   15.6749
    0.0000  -15.0000   22.5000 2453.0623   15.3592
    7.5000  -15.0000   22.5000 2440.1614   15.4388
   -7.5000   -7.5000   22.5000 2554.9475   14.0662
    0.0000   -7.5000   22.5000 2584.7874   13.7820
    7.5000   -7.5000   22.5000 2570.2007   13.8324
   -7.5000    0.0000   22.5000 2674.0000   12.8130
    0.0000    0.0000   22.5000 2706.0837   12.5658
    7.5000    0.0000   22.5000 2691.2368   12.6005
   -7.5000    7.5000   22.5000 2791.7568   11.9243
    0.0000    7.5000   22.5000 2828.4023   11.6991
    7.5000    7.5000   22.5000 2811.2837   11.6933
   -7.5000   15.0000   22.5000 2891.7375   11.3500
    0.0000   15.0000   22.5000 2943.7703   11.1306
    7.5000   15.0000   22.5000 2908.9468   11.1164
   -7.5000   22.5000   22.5000 2970.4792   11.0382
    0.0000   22.5000   22.5000 3026.4080   10.8818
    7.5000   22.5000   22.5000 2970.8386   10.8381
   -7.5000   30.0000   22.5000 2979.7058   10.9318
    0.0000   30.0000   22.5000 3036.1919   10.7889
    7.5000   30.0000   22.5000 2973.9114   10.7591
   -7.5000   37.5000   22.5000 2944.7290   11.0305
    0.0000   37.5000   22.5000 2982.0615   10.8872
    7.5000   37.5000   22.5000 2941.0393   10.8995
   -7.5000   45.0000   22.5000 2874.9104   11.4388
    0.0000   45.0000   22.5000 2908.5457   11.2521
    7.5000   45.0000   22.5000 2881.2549   11.3130
   -7.5000   52.5000   22.5000 2751.6611   12.1360
    0.0000   52.5000   22.5000 2783.6267   11.9302
    7.5000   52.5000   22.5000 2760.4568   12.0316
   -7.5000  -37.5000   30.0000 1998.0936   24.5071
    0.0000  -37.5000   30.0000 2024.5345   24.0881
    7.5000  -37.5000   30.0000 2007.6105   24.0092
   -7.5000  -30.0000   30.0000 2141.9446   20.8192
    0.0000  -30.0000   30.0000 2171.3616   20.4027
    7.5000  -30.0000   30.0000 2150.2222   20.4645
   -7.5000  -22.5000   30.0000 2275.5044   17.9706
    0.0000  -22.5000   30.0000 2306.5081   17.6019
    7.5000  -22.5000   30.0000 2288.3889   17.7054
   -7.5000  -15.0000   30.0000 2407.5139   15.8425
    0.0000  -15.0000   30.0000 2427.7876   15.4849
    7.5000  -15.0000   30.0000 2417.5825   15.5820
   -7.5000   -7.5000   30.0000 2538.0542   14.2289
    0.0000   -7.5000   30.0000 2561.4487   13.9138
    7.5000   -7.5000   30.0000 2549.4795   13.9797
   -7.5000    0.0000   30.0000 2660.1238   12.9659
    0.0000    0.0000   30.0000 2685.6707   12.7160
    7.5000    0.0000   30.0000 2671.2869   12.7335
   -7.5000    7.5000   30.0000 2776.3918   12.0228
    0.0000    7.5000   30.0000 2811.4016   11.8338
    7.5000    7.5000   30.0000 2789.0325   11.8046
   -7.5000   15.0000   30.0000 2891.6309   11.3987
    0.0000   15.0000   30.0000 2941.4910   11.2425
    7.5000   15.0000   30.0000 2896.6521   11.1854
   -7.5000   22.5000   30.0000 2978.4878   11.0724
    0.0000   22.5000   30.0000 3034.2607   10.9423
    7.5000   22.5000   30.0000 2970.5422   10.8858
   -7.5000   30.0000   30.0000 2991.0884   10.9577
    0.0000   30.0000   30.0000 3047.9331   10.8236
    7.5000   30.0000   30.0000 2979.8743   10.8068
   -7.5000   37.5000   30.0000 2945.6519   11.0878
    0.0000   37.5000   30.0000 2987.6909   10.9279
    7.5000   37.5000   30.0000 2941.1362   10.9473
   -7.5000   45.0000   30.0000 2873.4224   11.5006
    0.0000   45.0000   30.0000 2908.3330   11.3190
    7.5000   45.0000   30.0000 2875.9326   11.3690
   -7.5000   52.5000   30.0000 2750.5205   12.1289
    0.0000   52.5000   30.0000 2779.7336   11.9427
    7.5000   52.5000   30.0000 2752.6421   12.0252
   -7.5000  -37.5000   37.5000 1972.2346   25.1725
    0.0000  -37.5000   37.5000 1998.9347   24.7154
    7.5000  -37.5000   37.5000 1980.1089   24.7506
   -7.5000  -30.0000   37.5000 2112.2190   21.3220
    0.0000  -30.0000   37.5000 2143.4036   20.8890
    7.5000  -30.0000   37.5000 2122.4724   20.9882
   -7.5000  -22.5000   37.5000 2251.4355   18.3904
    0.0000  -22.5000   37.5000 2279.7971   17.9874
    7.5000  -22.5000   37.5000 2263.8228   18.1894
   -7.5000  -15.0000   37.5000 2385.0945   16.2199
    0.0000  -15.0000   37.5000 2406.7605   15.8577
    7.5000  -15.0000   37.5000 2391.3462   15.9743
   -7.5000   -7.5000   37.5000 2516.2249   14.5575
    0.0000   -7.5000   37.5000 2538.3472   14.2540
    7.5000   -7.5000   37.5000 2520.6411   14.3426
   -7.5000    0.0000   37.5000 2639.5747   13.2878
    0.0000    0.0000   37.5000 2662.5510   13.0194
    7.5000    0.0000   37.5000 2647.2234   13.0754
   -7.5000    7.5000   37.5000 2757.2654   12.3190
    0.0000    7.5000   37.5000 2785.2942   12.0729
    7.5000    7.5000   37.5000 2766.9016   12.1064
   -7.5000   15.0000   37.5000 2867.8933   11.6228
    0.0000   15.0000   37.5000 2907.1238   11.3955
    7.5000   15.0000   37.5000 2869.8438   11.4310
   -7.5000   22.5000   37.5000 2947.2124   11.1851
    0.0000   22.5000   37.5000 2987.3115   10.9621
    7.5000   22.5000   37.5000 2937.0474   11.0554
   -7.5000   30.0000   37.5000 2961.1389   11.0679
    0.0000   30.0000   37.5000 2999.9807   10.7903
    7.5000   30.0000   37.5000 2946.7458   10.9605
   -7.5000   37.5000   37.5000 2926.1091   11.2757
    0.0000   37.5000   37.5000 2963.8018   11.0540
    7.5000   37.5000   37.5000 2919.7305   11.1628
   -7.5000   45.0000   37.5000 2850.9353   11.7319
    0.0000   45.0000   37.5000 2882.6296   11.5242
    7.5000   45.0000   37.5000 2853.6914   11.6077
   -7.5000   52.5000   37.5000 2723.9851   12.3561
    0.0000   52.5000   37.5000 2752.9038   12.1661
    7.5000   52.5000   37.5000 2727.3584   12.2407
   -7.5000  -37.5000   45.0000 1930.5149   26.0955
    0.0000  -37.5000   45.0000 1955.9575   25.5576
    7.5000  -37.5000   45.0000 1939.7466   25.5912
   -7.5000  -30.0000   45.0000 2070.6919   22.0729
    0.0000  -30.0000   45.0000 2101.5210   21.5739
    7.5000  -30.0000   45.0000 2086.7151   21.7384
   -7.5000  -22.5000   45.0000 2217.3464   19.0384
    0.0000  -22.5000   45.0000 2244.7659   18.6006
    7.5000  -22.5000   45.0000 2228.3438   18.8131
   -7.5000  -15.0000   45.0000 2351.8296   16.7473
    0.0000  -15.0000   45.0000 2380.2378   16.3942
    7.5000  -15.0000   45.0000 2359.3901   16.5771
   -7.5000   -7.5000   45.0000 2480.4158   15.0462
    0.0000   -7.5000   45.0000 2508.3752   14.6895
    7.5000   -7.5000   45.0000 2484.3857   14.8776
   -7.5000    0.0000   45.0000 2605.3411   13.7166
    0.0000    0.0000   45.0000 2629.5806   13.3514
    7.5000    0.0000   45.0000 2613.2454   13.5179
   -7.5000    7.5000   45.0000 2724.2659   12.7055
    0.0000    7.5000   45.0000 2751.6318   12.3747
    7.5000    7.5000   45.0000 2732.1985   12.5055
   -7.5000   15.0000   45.0000 2819.3171   11.9848
    0.0000   15.0000   45.0000 2850.7766   11.6964
    7.5000   15.0000   45.0000 2823.7810   11.8280
   -7.5000   22.5000   45.0000 2881.6670   11.5525
    0.0000   22.5000   45.0000 2913.5051   11.2169
    7.5000   22.5000   45.0000 2878.1335   11.4316
   -7.5000   30.0000   45.0000 2908.0837   11.4466
    0.0000   30.0000   45.0000 2934.1309   11.1671
    7.5000   30.0000   45.0000 2898.4539   11.3613
   -7.5000   37.5000   45.0000 2887.8845   11.6468
    0.0000   37.5000   45.0000 2919.1433   11.4335
    7.5000   37.5000   45.0000 2880.6948   11.5567
   -7.5000   45.0000   45.0000 2810.3682   12.1567
    0.0000   45.0000   45.0000 2841.3643   11.9180
    7.5000   45.0000   45.0000 2813.1965   12.0353
   -7.5000   52.5000   45.0000 2684.7810   12.7844
    0.0000   52.5000   45.0000 2713.2534   12.5615
    7.5000   52.5000   45.0000 2690.7886   12.6595
   -7.5000  -37.5000   52.5000 1879.8264   27.1512
    0.0000  -37.5000   52.5000 1901.5638   26.5347
    7.5000  -37.5000   52.5000 1893.0422   26.6502
   -7.5000  -30.0000   52.5000 2024.6503   22.9649
    0.0000  -30.0000   52.5000 2050.3284   22.4272
    7.5000  -30.0000   52.5000 2040.7633   22.6406
   -7.5000  -22.5000   52.5000 2169.3489   19.7976
    0.0000  -22.5000   52.5000 2200.0332   19.3708
    7.5000  -22.5000   52.5000 2185.2729   19.5706
   -7.5000  -15.0000   52.5000 2308.5554   17.3941
    0.0000  -15.0000   52.5000 2337.2117   16.9842
    7.5000  -15.0000   52.5000 2317.5405   17.2087
   -7.5000   -7.5000   52.5000 2432.8540   15.5606
    0.0000   -7.5000   52.5000 2465.0830   15.1855
    7.5000   -7.5000   52.5000 2442.4360   15.4382
   -7.5000    0.0000   52.5000 2556.8247   14.1870
    0.0000    0.0000   52.5000 2587.0122   13.8247
    7.5000    0.0000   52.5000 2567.9346   14.0383
   -7.5000    7.5000   52.5000 2676.8843   13.2088
    0.0000    7.5000   52.5000 2707.4612   12.8605
    7.5000    7.5000   52.5000 2686.6519   13.0537
   -7.5000   15.0000   52.5000 2765.8994   12.5395
    0.0000   15.0000   52.5000 2796.7725   12.1770
    7.5000   15.0000   52.5000 2769.2881   12.3866
   -7.5000   22.5000   52.5000 2820.1348   12.1587
    0.0000   22.5000   52.5000 2850.6780   11.7890
    7.5000   22.5000   52.5000 2821.2163   12.0190
   -7.5000   30.0000   52.5000 2839.0466   12.0614
    0.0000   30.0000   52.5000 2861.8572   11.7641
    7.5000   30.0000   52.5000 2837.2363   11.9585
   -7.5000   37.5000   52.5000 2820.9426   12.2289
    0.0000   37.5000   52.5000 2847.8611   11.9875
    7.5000   37.5000   52.5000 2817.2803   12.1147
   -7.5000   45.0000   52.5000 2749.9495   12.6754
    0.0000   45.0000   52.5000 2773.4438   12.4565
    7.5000   45.0000   52.5000 2749.8179   12.5595
   -7.5000   52.5000   52.5000 2631.2937   13.3085
    0.0000   52.5000   52.5000 2653.0750   13.0822
    7.5000   52.5000   52.5000 2633.6584   13.1839

---------------------------------------------------------------------
imgreg_4dfp /opt/freesurfer/average/711-2C_as_mni_average_305 /opt/freesurfer/average/711-2B_as_mni_average_305_mask talsrcimg_g11 none talsrcimg_to_711-2C_as_mni_average_305_t4 1283
---------------------------------------------------------------------

freesurfer imgreg_4dfp.c
/opt/freesurfer/average/711-2C_as_mni_average_305.4dfp.img
       256       256       256         1
  1.000000  1.000000  1.000000
orientation T byte_order littleendian
Reading image: /opt/freesurfer/average/711-2C_as_mni_average_305.4dfp.img
dimensions:      256       256       256
mmppix:       1.0000   -1.0000   -1.0000
center:     128.0000 -129.0000 -129.0000
/opt/freesurfer/average/711-2B_as_mni_average_305_mask.4dfp.img
       256       256       256         1
  1.000000  1.000000  1.000000
orientation T byte_order littleendian
Reading mask: /opt/freesurfer/average/711-2B_as_mni_average_305_mask.4dfp.img (2306576 pixels)
talsrcimg_g11.4dfp.img
       256       256       256         1
  1.000000  1.000000  1.000000
orientation T byte_order littleendian
Reading image: talsrcimg_g11.4dfp.img
dimensions:      256       256       256
mmppix:       1.0000   -1.0000   -1.0000
center:     128.0000 -129.0000 -129.0000
rotation matrix determinant  1.000000
fimgreg.f
image alignment mode   1283 decimal      503 hex
parameters
    0.0000   30.0000   30.0000    0.0000    0.0000    0.0000
eta,q 0.95548 10.86145
niter,ni,del,rscale     5    3   12.0000    1.2000
parameter  4  0.893626 ->  0.500000 qaram    1.1500
parameters
    0.0177   27.1184   27.0862   -3.4500    1.7937    0.6011
eta,q 0.96126 10.91357
  0.0600  0.0464  0.0441  0.0389  0.0518  0.0449
  0.0535  0.0445  0.0423  0.0396  0.0457  0.0415
  0.0488  0.0440  0.0418  0.0404  0.0419  0.0395
  0.0456  0.0456  0.0439  0.0416  0.0398  0.0388
  0.0469  0.0489  0.0467  0.0429  0.0387  0.0390
  0.0527  0.0530  0.0507  0.0455  0.0396  0.0403
  0.0608  0.0571  0.0559  0.0496  0.0427  0.0427
niter,ni,del,rscale     5    3   12.0000    1.2000
parameters
   -0.8709   28.0407   26.6251   -5.2860    2.3901    0.4327
eta,q 0.96323 10.86925
  0.0508  0.0504  0.0446  0.0405  0.0472  0.0419
  0.0428  0.0450  0.0405  0.0376  0.0424  0.0385
  0.0389  0.0408  0.0380  0.0369  0.0388  0.0371
  0.0387  0.0383  0.0379  0.0377  0.0370  0.0368
  0.0433  0.0382  0.0398  0.0395  0.0369  0.0376
  0.0506  0.0407  0.0424  0.0421  0.0394  0.0394
  0.0585  0.0451  0.0462  0.0453  0.0444  0.0419
niter,ni,del,rscale     4    3   12.0000    1.2000
parameters
   -1.0480   28.4691   26.5271   -5.2146    2.5572    0.3107
eta,q 0.96329 10.85851
  0.0545  0.0494  0.0449  0.0444  0.0461  0.0418
  0.0446  0.0432  0.0404  0.0393  0.0416  0.0385
  0.0385  0.0384  0.0373  0.0371  0.0382  0.0369
  0.0368  0.0367  0.0368  0.0368  0.0368  0.0367
  0.0399  0.0379  0.0386  0.0378  0.0371  0.0376
  0.0470  0.0410  0.0412  0.0401  0.0404  0.0393
  0.0556  0.0461  0.0447  0.0432  0.0457  0.0417
niter,ni,del,rscale     3    3   12.0000    1.2000
parameters
   -1.0801   28.4739   26.5509   -5.1998    2.6035    0.2791
eta,q 0.96330 10.85790
  0.0554  0.0478  0.0451  0.0442  0.0459  0.0419
  0.0455  0.0419  0.0406  0.0392  0.0414  0.0386
  0.0389  0.0377  0.0375  0.0370  0.0381  0.0370
  0.0367  0.0367  0.0367  0.0367  0.0367  0.0367
  0.0395  0.0384  0.0383  0.0377  0.0372  0.0375
  0.0464  0.0421  0.0410  0.0402  0.0407  0.0392
  0.0551  0.0474  0.0444  0.0433  0.0461  0.0415
registration optimization eta report
parameter search radius
    6.0000    6.0000    6.0000    6.9000    6.0000    6.0000
100000*second partial in parameter space
       51.       30.       22.       15.       26.       14.
  0.0554  0.0478  0.0451  0.0442  0.0459  0.0419
  0.0455  0.0419  0.0406  0.0392  0.0414  0.0386
  0.0389  0.0377  0.0375  0.0370  0.0381  0.0370
  0.0367  0.0367  0.0367  0.0367  0.0367  0.0367
  0.0395  0.0384  0.0383  0.0377  0.0372  0.0375
  0.0464  0.0421  0.0410  0.0402  0.0407  0.0392
  0.0551  0.0474  0.0444  0.0433  0.0461  0.0415
   -1.0801   28.4739   26.5509   -5.1998    2.6035    0.2791
eta,q 0.96330 10.85790

---------------------------------------------------------------------
imgreg_4dfp /opt/freesurfer/average/711-2C_as_mni_average_305 /opt/freesurfer/average/711-2B_as_mni_average_305_mask talsrcimg_g11 none talsrcimg_to_711-2C_as_mni_average_305_t4 3335
---------------------------------------------------------------------

freesurfer imgreg_4dfp.c
/opt/freesurfer/average/711-2C_as_mni_average_305.4dfp.img
       256       256       256         1
  1.000000  1.000000  1.000000
orientation T byte_order littleendian
Reading image: /opt/freesurfer/average/711-2C_as_mni_average_305.4dfp.img
dimensions:      256       256       256
mmppix:       1.0000   -1.0000   -1.0000
center:     128.0000 -129.0000 -129.0000
/opt/freesurfer/average/711-2B_as_mni_average_305_mask.4dfp.img
       256       256       256         1
  1.000000  1.000000  1.000000
orientation T byte_order littleendian
Reading mask: /opt/freesurfer/average/711-2B_as_mni_average_305_mask.4dfp.img (2306576 pixels)
talsrcimg_g11.4dfp.img
       256       256       256         1
  1.000000  1.000000  1.000000
orientation T byte_order littleendian
Reading image: talsrcimg_g11.4dfp.img
dimensions:      256       256       256
mmppix:       1.0000   -1.0000   -1.0000
center:     128.0000 -129.0000 -129.0000
fimgreg.f
image alignment mode   3335 decimal      D07 hex
parameters
   -1.0801   28.4739   26.5509   -0.1044   -0.4107   -0.5143
   -0.0734   -4.5678    0.4866    9.0408    4.5425   -9.0535
eta,q 0.96515 10.92173
niter,ni,del,rscale     5    3    5.0000    1.2000
parameter  4  0.763856 ->  0.500000 qaram    1.1500
parameter  5  1.171867 ->  0.500000 qaram    1.1500
parameter 12  0.591418 ->  0.500000 qaram    1.1500
parameters
   -1.1533   28.3229   27.0513   -4.2444   -4.5507    2.4064
    0.7079   -4.0065    3.0353    9.1642    5.1253  -13.1935
eta,q 0.96993 10.76224
  0.0380  0.0368  0.0367  0.0332  0.0307  0.0349  0.0333  0.0366  0.0332  0.0344  0.0318  0.0303
  0.0362  0.0356  0.0358  0.0333  0.0314  0.0335  0.0320  0.0337  0.0321  0.0324  0.0311  0.0301
  0.0351  0.0350  0.0352  0.0338  0.0322  0.0324  0.0312  0.0316  0.0313  0.0310  0.0307  0.0302
  0.0348  0.0348  0.0348  0.0348  0.0335  0.0316  0.0308  0.0308  0.0308  0.0305  0.0305  0.0305
  0.0353  0.0352  0.0348  0.0365  0.0352  0.0309  0.0309  0.0312  0.0305  0.0308  0.0306  0.0311
  0.0365  0.0360  0.0350  0.0393  0.0376  0.0308  0.0314  0.0327  0.0306  0.0321  0.0309  0.0320
  0.0383  0.0373  0.0356  0.0423  0.0403  0.0321  0.0324  0.0350  0.0313  0.0342  0.0314  0.0331
niter,ni,del,rscale     7    3    5.0000    1.2000
parameter  5  0.959808 ->  0.500000 qaram    1.3225
parameters
   -0.7904   28.1773   27.0781   -6.7850   -9.3117    2.5035
    0.0478   -4.2397    2.4978   10.2405    5.2029  -13.8078
eta,q 0.97175 10.46480
  0.0345  0.0322  0.0316  0.0310  0.0278  0.0307  0.0304  0.0329  0.0300  0.0321  0.0290  0.0293
  0.0324  0.0309  0.0307  0.0303  0.0283  0.0297  0.0293  0.0301  0.0291  0.0303  0.0286  0.0288
  0.0309  0.0301  0.0301  0.0299  0.0290  0.0291  0.0286  0.0286  0.0285  0.0291  0.0283  0.0284
  0.0301  0.0300  0.0299  0.0299  0.0299  0.0285  0.0285  0.0284  0.0284  0.0284  0.0282  0.0282
  0.0301  0.0304  0.0301  0.0308  0.0312  0.0280  0.0289  0.0292  0.0287  0.0283  0.0283  0.0284
  0.0309  0.0313  0.0306  0.0325  0.0332  0.0287  0.0299  0.0308  0.0295  0.0290  0.0286  0.0289
  0.0325  0.0327  0.0315  0.0354  0.0360  0.0315  0.0313  0.0332  0.0305  0.0305  0.0290  0.0298
niter,ni,del,rscale     7    3    5.0000    1.2000
parameters
   -0.8128   27.7378   27.4929   -7.6553  -12.8064    3.0134
   -0.3906   -4.2150    2.2006   10.0585    5.7621  -13.0296
eta,q 0.97279 10.30163
  0.0317  0.0299  0.0300  0.0300  0.0290  0.0298  0.0300  0.0321  0.0295  0.0303  0.0281  0.0289
  0.0298  0.0287  0.0291  0.0289  0.0277  0.0288  0.0284  0.0292  0.0282  0.0286  0.0276  0.0281
  0.0286  0.0282  0.0284  0.0284  0.0274  0.0280  0.0275  0.0276  0.0275  0.0276  0.0274  0.0275
  0.0282  0.0282  0.0281  0.0281  0.0281  0.0274  0.0273  0.0272  0.0272  0.0272  0.0272  0.0272
  0.0287  0.0289  0.0281  0.0284  0.0293  0.0268  0.0278  0.0278  0.0276  0.0276  0.0273  0.0273
  0.0299  0.0301  0.0284  0.0295  0.0308  0.0273  0.0290  0.0294  0.0285  0.0288  0.0275  0.0277
  0.0318  0.0315  0.0290  0.0313  0.0329  0.0300  0.0306  0.0318  0.0298  0.0307  0.0279  0.0284
niter,ni,del,rscale     6    3    5.0000    1.2000
parameters
   -0.8618   27.8207   27.8907   -7.3517  -12.9066    3.0237
   -0.3625   -4.2355    2.0806    9.9766    5.6411  -12.8915
eta,q 0.97284 10.30417
  0.0306  0.0305  0.0290  0.0299  0.0307  0.0296  0.0303  0.0319  0.0295  0.0304  0.0279  0.0286
  0.0287  0.0287  0.0281  0.0285  0.0289  0.0285  0.0286  0.0291  0.0283  0.0286  0.0275  0.0279
  0.0276  0.0276  0.0275  0.0276  0.0275  0.0278  0.0275  0.0275  0.0274  0.0275  0.0272  0.0274
  0.0272  0.0272  0.0272  0.0272  0.0272  0.0272  0.0272  0.0272  0.0272  0.0272  0.0272  0.0272
  0.0277  0.0276  0.0272  0.0273  0.0279  0.0267  0.0276  0.0277  0.0275  0.0275  0.0272  0.0273
  0.0289  0.0285  0.0275  0.0281  0.0291  0.0275  0.0286  0.0293  0.0284  0.0287  0.0275  0.0278
  0.0309  0.0300  0.0281  0.0296  0.0306  0.0306  0.0302  0.0317  0.0297  0.0305  0.0279  0.0286
niter,ni,del,rscale     5    3    5.0000    1.2000
parameters
   -0.8776   27.8204   27.9055   -7.3656  -12.9213    3.0126
   -0.3432   -4.2401    2.0826    9.9483    5.6706  -12.8758
eta,q 0.97284 10.30212
  0.0307  0.0302  0.0285  0.0297  0.0307  0.0296  0.0303  0.0319  0.0296  0.0304  0.0279  0.0286
  0.0288  0.0285  0.0277  0.0283  0.0289  0.0285  0.0286  0.0291  0.0283  0.0287  0.0275  0.0279
  0.0276  0.0275  0.0273  0.0276  0.0275  0.0278  0.0275  0.0275  0.0275  0.0276  0.0273  0.0274
  0.0272  0.0272  0.0272  0.0272  0.0272  0.0272  0.0272  0.0272  0.0272  0.0272  0.0272  0.0272
  0.0276  0.0276  0.0273  0.0273  0.0278  0.0267  0.0276  0.0277  0.0275  0.0275  0.0272  0.0273
  0.0288  0.0286  0.0277  0.0282  0.0291  0.0275  0.0286  0.0293  0.0283  0.0287  0.0275  0.0278
  0.0308  0.0301  0.0284  0.0299  0.0306  0.0307  0.0302  0.0317  0.0296  0.0305  0.0279  0.0286
registration optimization eta report
parameter search radius
    2.4000    2.4000    2.4000    8.2800    9.5220    7.2000
    7.2000    7.2000    7.2000    7.2000    7.2000    8.2800
100000*second partial in parameter space
       63.       52.       23.        4.        4.        6.
        6.        9.        5.        6.        1.        2.
  0.0307  0.0302  0.0285  0.0297  0.0307  0.0296  0.0303  0.0319  0.0296  0.0304  0.0279  0.0286
  0.0288  0.0285  0.0277  0.0283  0.0289  0.0285  0.0286  0.0291  0.0283  0.0287  0.0275  0.0279
  0.0276  0.0275  0.0273  0.0276  0.0275  0.0278  0.0275  0.0275  0.0275  0.0276  0.0273  0.0274
  0.0272  0.0272  0.0272  0.0272  0.0272  0.0272  0.0272  0.0272  0.0272  0.0272  0.0272  0.0272
  0.0276  0.0276  0.0273  0.0273  0.0278  0.0267  0.0276  0.0277  0.0275  0.0275  0.0272  0.0273
  0.0288  0.0286  0.0277  0.0282  0.0291  0.0275  0.0286  0.0293  0.0283  0.0287  0.0275  0.0278
  0.0308  0.0301  0.0284  0.0299  0.0306  0.0307  0.0302  0.0317  0.0296  0.0305  0.0279  0.0286
   -0.8776   27.8204   27.9055   -7.3656  -12.9213    3.0126
   -0.3432   -4.2401    2.0826    9.9483    5.6706  -12.8758
eta,q 0.97284 10.30212

---------------------------------------------------------------------
imgreg_4dfp /opt/freesurfer/average/711-2C_as_mni_average_305 /opt/freesurfer/average/711-2B_as_mni_average_305_mask talsrcimg_g11 none talsrcimg_to_711-2C_as_mni_average_305_t4 2311
---------------------------------------------------------------------

freesurfer imgreg_4dfp.c
/opt/freesurfer/average/711-2C_as_mni_average_305.4dfp.img
       256       256       256         1
  1.000000  1.000000  1.000000
orientation T byte_order littleendian
Reading image: /opt/freesurfer/average/711-2C_as_mni_average_305.4dfp.img
dimensions:      256       256       256
mmppix:       1.0000   -1.0000   -1.0000
center:     128.0000 -129.0000 -129.0000
/opt/freesurfer/average/711-2B_as_mni_average_305_mask.4dfp.img
       256       256       256         1
  1.000000  1.000000  1.000000
orientation T byte_order littleendian
Reading mask: /opt/freesurfer/average/711-2B_as_mni_average_305_mask.4dfp.img (2306576 pixels)
talsrcimg_g11.4dfp.img
       256       256       256         1
  1.000000  1.000000  1.000000
orientation T byte_order littleendian
Reading image: talsrcimg_g11.4dfp.img
dimensions:      256       256       256
mmppix:       1.0000   -1.0000   -1.0000
center:     128.0000 -129.0000 -129.0000
fimgreg.f
image alignment mode   2311 decimal      907 hex
parameters
   -0.8776   27.8204   27.9055   -7.3656  -12.9213    3.0126
   -0.3432   -4.2401    2.0826    9.9483    5.6706  -12.8758
eta,q 0.97284 10.30212
niter,ni,del,rscale     5    3    5.0000    0.8000
parameters
   -0.8777   27.7759   27.8932   -6.9424  -13.2948    4.8690
   -0.1772   -4.3474    2.2663   10.1559    5.5579  -12.9901
eta,q 0.97333 10.37085
  0.0288  0.0285  0.0277  0.0281  0.0281  0.0285  0.0283  0.0291  0.0280  0.0285  0.0272  0.0272
  0.0279  0.0277  0.0274  0.0277  0.0275  0.0280  0.0274  0.0276  0.0273  0.0276  0.0269  0.0269
  0.0274  0.0273  0.0272  0.0273  0.0272  0.0275  0.0269  0.0269  0.0269  0.0270  0.0267  0.0267
  0.0272  0.0272  0.0272  0.0272  0.0271  0.0271  0.0267  0.0267  0.0267  0.0267  0.0267  0.0267
  0.0273  0.0274  0.0272  0.0272  0.0274  0.0267  0.0268  0.0271  0.0268  0.0268  0.0267  0.0267
  0.0279  0.0279  0.0274  0.0274  0.0278  0.0267  0.0273  0.0279  0.0272  0.0273  0.0269  0.0269
  0.0288  0.0286  0.0277  0.0279  0.0284  0.0274  0.0281  0.0292  0.0278  0.0283  0.0272  0.0272
niter,ni,del,rscale     4    3    5.0000    0.7000
parameters
   -0.8812   27.7436   27.9943   -6.6304  -13.5370    4.5490
   -0.2189   -4.3787    2.2859   10.1761    5.4374  -12.8992
eta,q 0.97330 10.36602
  0.0280  0.0277  0.0274  0.0275  0.0275  0.0278  0.0278  0.0286  0.0276  0.0280  0.0271  0.0271
  0.0273  0.0271  0.0270  0.0271  0.0270  0.0274  0.0272  0.0275  0.0271  0.0273  0.0269  0.0269
  0.0268  0.0268  0.0268  0.0268  0.0267  0.0270  0.0268  0.0268  0.0268  0.0269  0.0267  0.0268
  0.0267  0.0267  0.0267  0.0267  0.0266  0.0266  0.0267  0.0267  0.0267  0.0267  0.0267  0.0267
  0.0268  0.0268  0.0267  0.0267  0.0268  0.0266  0.0268  0.0270  0.0268  0.0268  0.0268  0.0267
  0.0273  0.0272  0.0269  0.0269  0.0272  0.0273  0.0272  0.0276  0.0271  0.0273  0.0269  0.0269
  0.0280  0.0278  0.0272  0.0274  0.0277  0.0287  0.0279  0.0286  0.0276  0.0280  0.0271  0.0271
niter,ni,del,rscale     3    3    5.0000    0.6000
parameters
   -0.8904   27.7435   27.9558   -6.4643  -13.5380    4.8028
   -0.1716   -4.3860    2.3441   10.2005    5.4698  -12.9824
eta,q 0.97335 10.38098
  0.0277  0.0275  0.0271  0.0273  0.0274  0.0277  0.0275  0.0281  0.0274  0.0276  0.0270  0.0269
  0.0271  0.0271  0.0269  0.0271  0.0270  0.0273  0.0270  0.0272  0.0270  0.0271  0.0268  0.0268
  0.0268  0.0268  0.0267  0.0268  0.0268  0.0270  0.0267  0.0268  0.0267  0.0268  0.0267  0.0267
  0.0267  0.0267  0.0267  0.0267  0.0267  0.0267  0.0266  0.0266  0.0266  0.0266  0.0266  0.0266
  0.0268  0.0268  0.0268  0.0267  0.0268  0.0266  0.0267  0.0268  0.0267  0.0267  0.0267  0.0267
  0.0271  0.0271  0.0269  0.0269  0.0270  0.0269  0.0270  0.0273  0.0269  0.0271  0.0268  0.0268
  0.0277  0.0275  0.0271  0.0273  0.0274  0.0277  0.0275  0.0281  0.0273  0.0277  0.0269  0.0270
niter,ni,del,rscale     2    3    5.0000    0.5000
parameters
   -0.8948   27.7325   27.9803   -6.4046  -13.6066    5.0655
   -0.1498   -4.4095    2.3723   10.2435    5.4806  -13.1151
eta,q 0.97341 10.38882
  0.0273  0.0272  0.0270  0.0271  0.0271  0.0275  0.0272  0.0276  0.0271  0.0273  0.0268  0.0268
  0.0269  0.0269  0.0268  0.0269  0.0269  0.0272  0.0269  0.0270  0.0268  0.0269  0.0267  0.0267
  0.0267  0.0267  0.0267  0.0267  0.0267  0.0269  0.0267  0.0267  0.0266  0.0267  0.0266  0.0266
  0.0266  0.0266  0.0266  0.0266  0.0266  0.0266  0.0266  0.0266  0.0266  0.0266  0.0266  0.0266
  0.0267  0.0267  0.0267  0.0267  0.0267  0.0266  0.0267  0.0267  0.0266  0.0266  0.0266  0.0266
  0.0270  0.0269  0.0268  0.0268  0.0269  0.0268  0.0269  0.0271  0.0268  0.0269  0.0267  0.0267
  0.0273  0.0272  0.0269  0.0271  0.0272  0.0274  0.0272  0.0276  0.0271  0.0273  0.0268  0.0268
niter,ni,del,rscale     1    3    5.0000    0.4000
parameters
   -0.9029   27.7319   28.0157   -6.3304  -13.7171    5.2991
   -0.1150   -4.4276    2.3893   10.2885    5.4831  -13.2314
eta,q 0.97345 10.39407
  0.0270  0.0270  0.0268  0.0269  0.0269  0.0272  0.0269  0.0272  0.0269  0.0270  0.0267  0.0267
  0.0268  0.0268  0.0267  0.0267  0.0267  0.0270  0.0267  0.0268  0.0267  0.0268  0.0266  0.0266
  0.0266  0.0266  0.0266  0.0266  0.0266  0.0268  0.0266  0.0266  0.0266  0.0266  0.0266  0.0266
  0.0266  0.0266  0.0266  0.0266  0.0266  0.0266  0.0266  0.0266  0.0266  0.0266  0.0266  0.0266
  0.0266  0.0266  0.0266  0.0266  0.0266  0.0265  0.0266  0.0266  0.0266  0.0266  0.0266  0.0266
  0.0268  0.0268  0.0267  0.0267  0.0268  0.0267  0.0267  0.0269  0.0267  0.0267  0.0266  0.0266
  0.0270  0.0270  0.0268  0.0269  0.0269  0.0271  0.0269  0.0272  0.0269  0.0270  0.0267  0.0267
registration optimization eta report
parameter search radius
    0.8000    0.8000    0.8000    2.4000    2.4000    2.4000
    2.4000    2.4000    2.4000    2.4000    2.4000    2.4000
100000*second partial in parameter space
       71.       59.       33.        5.        6.       10.
        7.       12.        5.        8.        3.        2.
  0.0270  0.0270  0.0268  0.0269  0.0269  0.0272  0.0269  0.0272  0.0269  0.0270  0.0267  0.0267
  0.0268  0.0268  0.0267  0.0267  0.0267  0.0270  0.0267  0.0268  0.0267  0.0268  0.0266  0.0266
  0.0266  0.0266  0.0266  0.0266  0.0266  0.0268  0.0266  0.0266  0.0266  0.0266  0.0266  0.0266
  0.0266  0.0266  0.0266  0.0266  0.0266  0.0266  0.0266  0.0266  0.0266  0.0266  0.0266  0.0266
  0.0266  0.0266  0.0266  0.0266  0.0266  0.0265  0.0266  0.0266  0.0266  0.0266  0.0266  0.0266
  0.0268  0.0268  0.0267  0.0267  0.0268  0.0267  0.0267  0.0269  0.0267  0.0267  0.0266  0.0266
  0.0270  0.0270  0.0268  0.0269  0.0269  0.0271  0.0269  0.0272  0.0269  0.0270  0.0267  0.0267
   -0.9029   27.7319   28.0157   -6.3304  -13.7171    5.2991
   -0.1150   -4.4276    2.3893   10.2885    5.4831  -13.2314
eta,q 0.97345 10.39407

---------------------------------------------------------------------
imgreg_4dfp /opt/freesurfer/average/711-2C_as_mni_average_305 /opt/freesurfer/average/711-2B_as_mni_average_305_mask talsrcimg_g11 none talsrcimg_to_711-2C_as_mni_average_305_t4 2311
---------------------------------------------------------------------

freesurfer imgreg_4dfp.c
/opt/freesurfer/average/711-2C_as_mni_average_305.4dfp.img
       256       256       256         1
  1.000000  1.000000  1.000000
orientation T byte_order littleendian
Reading image: /opt/freesurfer/average/711-2C_as_mni_average_305.4dfp.img
dimensions:      256       256       256
mmppix:       1.0000   -1.0000   -1.0000
center:     128.0000 -129.0000 -129.0000
/opt/freesurfer/average/711-2B_as_mni_average_305_mask.4dfp.img
       256       256       256         1
  1.000000  1.000000  1.000000
orientation T byte_order littleendian
Reading mask: /opt/freesurfer/average/711-2B_as_mni_average_305_mask.4dfp.img (2306576 pixels)
talsrcimg_g11.4dfp.img
       256       256       256         1
  1.000000  1.000000  1.000000
orientation T byte_order littleendian
Reading image: talsrcimg_g11.4dfp.img
dimensions:      256       256       256
mmppix:       1.0000   -1.0000   -1.0000
center:     128.0000 -129.0000 -129.0000
fimgreg.f
image alignment mode   2311 decimal      907 hex
parameters
   -0.9029   27.7319   28.0157   -6.3304  -13.7171    5.2991
   -0.1150   -4.4276    2.3893   10.2885    5.4831  -13.2314
eta,q 0.97345 10.39407
niter,ni,del,rscale     5    3    5.0000    0.8000
parameters
   -0.9154   27.7733   28.0537   -6.6869  -13.6196    4.4311
   -0.2320   -4.3658    2.2955   10.1775    5.3590  -12.9057
eta,q 0.97326 10.35617
  0.0283  0.0281  0.0275  0.0275  0.0279  0.0279  0.0282  0.0293  0.0279  0.0283  0.0272  0.0274
  0.0273  0.0272  0.0270  0.0270  0.0272  0.0274  0.0274  0.0278  0.0273  0.0275  0.0269  0.0270
  0.0267  0.0267  0.0267  0.0267  0.0267  0.0269  0.0269  0.0269  0.0269  0.0269  0.0268  0.0268
  0.0266  0.0266  0.0266  0.0265  0.0266  0.0266  0.0267  0.0267  0.0267  0.0267  0.0267  0.0267
  0.0268  0.0267  0.0266  0.0267  0.0267  0.0268  0.0269  0.0270  0.0269  0.0269  0.0268  0.0268
  0.0274  0.0272  0.0269  0.0272  0.0271  0.0280  0.0275  0.0278  0.0273  0.0275  0.0270  0.0269
  0.0284  0.0279  0.0274  0.0279  0.0277  0.0303  0.0283  0.0290  0.0280  0.0285  0.0272  0.0272
niter,ni,del,rscale     4    3    5.0000    0.7000
parameters
   -0.8921   27.7640   27.9525   -6.5312  -13.4921    4.5177
   -0.2033   -4.3614    2.3278   10.1752    5.4242  -12.9285
eta,q 0.97329 10.37102
  0.0281  0.0278  0.0272  0.0275  0.0278  0.0279  0.0279  0.0286  0.0277  0.0280  0.0271  0.0271
  0.0274  0.0272  0.0269  0.0272  0.0272  0.0275  0.0272  0.0275  0.0271  0.0273  0.0269  0.0269
  0.0269  0.0268  0.0268  0.0269  0.0268  0.0271  0.0268  0.0269  0.0268  0.0269  0.0268  0.0268
  0.0267  0.0267  0.0267  0.0267  0.0267  0.0267  0.0267  0.0267  0.0267  0.0267  0.0267  0.0267
  0.0269  0.0269  0.0268  0.0268  0.0268  0.0266  0.0268  0.0270  0.0268  0.0268  0.0268  0.0268
  0.0273  0.0273  0.0270  0.0270  0.0272  0.0270  0.0272  0.0276  0.0271  0.0273  0.0269  0.0269
  0.0280  0.0278  0.0273  0.0275  0.0276  0.0283  0.0278  0.0285  0.0276  0.0281  0.0271  0.0271
niter,ni,del,rscale     3    3    5.0000    0.6000
parameters
   -0.8911   27.7372   27.9459   -6.4570  -13.5249    4.8097
   -0.1704   -4.3888    2.3507   10.2007    5.4613  -13.0073
eta,q 0.97336 10.38235
  0.0277  0.0275  0.0271  0.0273  0.0274  0.0277  0.0275  0.0281  0.0273  0.0276  0.0270  0.0269
  0.0272  0.0270  0.0269  0.0270  0.0270  0.0274  0.0270  0.0272  0.0270  0.0271  0.0268  0.0268
  0.0268  0.0268  0.0268  0.0268  0.0268  0.0270  0.0267  0.0268  0.0267  0.0268  0.0267  0.0267
  0.0267  0.0267  0.0267  0.0267  0.0267  0.0267  0.0266  0.0266  0.0266  0.0266  0.0266  0.0266
  0.0268  0.0268  0.0268  0.0267  0.0268  0.0266  0.0267  0.0268  0.0267  0.0267  0.0267  0.0267
  0.0271  0.0271  0.0269  0.0269  0.0271  0.0268  0.0270  0.0273  0.0270  0.0271  0.0268  0.0268
  0.0277  0.0275  0.0271  0.0273  0.0274  0.0277  0.0275  0.0281  0.0273  0.0277  0.0269  0.0270
niter,ni,del,rscale     2    3    5.0000    0.5000
parameters
   -0.8966   27.7306   27.9783   -6.3932  -13.6068    5.0644
   -0.1508   -4.4081    2.3755   10.2460    5.4791  -13.1132
eta,q 0.97341 10.38934
  0.0273  0.0272  0.0270  0.0271  0.0271  0.0275  0.0272  0.0276  0.0271  0.0273  0.0268  0.0268
  0.0269  0.0269  0.0268  0.0269  0.0268  0.0272  0.0269  0.0270  0.0268  0.0269  0.0267  0.0267
  0.0267  0.0267  0.0267  0.0267  0.0267  0.0269  0.0267  0.0267  0.0266  0.0267  0.0266  0.0266
  0.0266  0.0266  0.0266  0.0266  0.0266  0.0266  0.0266  0.0266  0.0266  0.0266  0.0266  0.0266
  0.0267  0.0267  0.0267  0.0267  0.0267  0.0266  0.0266  0.0267  0.0266  0.0266  0.0266  0.0266
  0.0269  0.0269  0.0268  0.0268  0.0269  0.0268  0.0268  0.0271  0.0268  0.0269  0.0267  0.0267
  0.0273  0.0272  0.0269  0.0271  0.0272  0.0274  0.0272  0.0276  0.0271  0.0273  0.0268  0.0268
niter,ni,del,rscale     1    3    5.0000    0.4000
parameters
   -0.9014   27.7328   28.0146   -6.3320  -13.7123    5.3001
   -0.1098   -4.4276    2.3943   10.2894    5.4862  -13.2308
eta,q 0.97345 10.39421
  0.0270  0.0270  0.0268  0.0269  0.0269  0.0272  0.0269  0.0272  0.0269  0.0270  0.0267  0.0267
  0.0268  0.0268  0.0267  0.0267  0.0267  0.0270  0.0267  0.0268  0.0267  0.0268  0.0266  0.0266
  0.0266  0.0266  0.0266  0.0266  0.0266  0.0268  0.0266  0.0266  0.0266  0.0266  0.0266  0.0266
  0.0266  0.0266  0.0266  0.0266  0.0266  0.0266  0.0266  0.0266  0.0266  0.0266  0.0266  0.0266
  0.0266  0.0266  0.0266  0.0266  0.0266  0.0265  0.0266  0.0266  0.0266  0.0266  0.0266  0.0266
  0.0268  0.0268  0.0267  0.0267  0.0268  0.0267  0.0267  0.0269  0.0267  0.0267  0.0266  0.0266
  0.0270  0.0270  0.0268  0.0269  0.0269  0.0271  0.0269  0.0272  0.0269  0.0270  0.0267  0.0267
registration optimization eta report
parameter search radius
    0.8000    0.8000    0.8000    2.4000    2.4000    2.4000
    2.4000    2.4000    2.4000    2.4000    2.4000    2.4000
100000*second partial in parameter space
       71.       59.       33.        5.        6.       10.
        7.       12.        6.        8.        3.        2.
  0.0270  0.0270  0.0268  0.0269  0.0269  0.0272  0.0269  0.0272  0.0269  0.0270  0.0267  0.0267
  0.0268  0.0268  0.0267  0.0267  0.0267  0.0270  0.0267  0.0268  0.0267  0.0268  0.0266  0.0266
  0.0266  0.0266  0.0266  0.0266  0.0266  0.0268  0.0266  0.0266  0.0266  0.0266  0.0266  0.0266
  0.0266  0.0266  0.0266  0.0266  0.0266  0.0266  0.0266  0.0266  0.0266  0.0266  0.0266  0.0266
  0.0266  0.0266  0.0266  0.0266  0.0266  0.0265  0.0266  0.0266  0.0266  0.0266  0.0266  0.0266
  0.0268  0.0268  0.0267  0.0267  0.0268  0.0267  0.0267  0.0269  0.0267  0.0267  0.0266  0.0266
  0.0270  0.0270  0.0268  0.0269  0.0269  0.0271  0.0269  0.0272  0.0269  0.0270  0.0267  0.0267
   -0.9014   27.7328   28.0146   -6.3320  -13.7123    5.3001
   -0.1098   -4.4276    2.3943   10.2894    5.4862  -13.2308
eta,q 0.97345 10.39421

---------------------------------------------------------------------
compute_vox2vox talsrcimg talsrcimg_to_711-2C_as_mni_average_305_t4 /opt/freesurfer/average/711-2C_as_mni_average_305
---------------------------------------------------------------------

freesurfer compute_vox2vox.c
Reading: talsrcimg.4dfp.ifh
Reading: talsrcimg_to_711-2C_as_mni_average_305_t4
Reading: /opt/freesurfer/average/711-2C_as_mni_average_305.4dfp.ifh
Writing: talsrcimg_to_711-2C_as_mni_average_305_t4_vox2vox.txt

start time Wed Mar 11 00:36:49 CET 2026
end		time Wed Mar 11 00:38:15 CET 2026

mpr2mni305 success

avi2talxfm orig_nu.mgz /opt/freesurfer/average/mni305.cor.mgz talsrcimg_to_711-2C_as_mni_average_305_t4_vox2vox.txt transforms/talairach.auto.xfm
avi2talxfm done
mv -f /out/sourcedata/freesurfer/sub-v2s12x28878_ses-1/mri/talsrcimg_to_711-2C_as_mni_average_305_t4_vox2vox.txt /out/sourcedata/freesurfer/sub-v2s12x28878_ses-1/mri/transforms/talsrcimg_to_711-2C_as_mni_average_305_t4_vox2vox.txt
lta_convert --src orig_nu.mgz --trg /opt/freesurfer/average/mni305.cor.mgz --inxfm transforms/talairach.auto.xfm --outlta transforms/talairach.auto.xfm.lta --subject fsaverage
7.3.2

--src: orig_nu.mgz src image (geometry).
--trg: /opt/freesurfer/average/mni305.cor.mgz trg image (geometry).
--inmni: transforms/talairach.auto.xfm input MNI/XFM transform.
--outlta: transforms/talairach.auto.xfm.lta output LTA.
--s: fsaverage subject name
 LTA read, type : 1
 1.06482   0.04398   0.00810  -2.90016;
-0.05832   0.93324   0.14302  -36.64625;
-0.02259  -0.11250   1.14163  -14.94254;
 0.00000   0.00000   0.00000   1.00000;
setting subject to fsaverage
Writing  LTA to file transforms/talairach.auto.xfm.lta...
lta_convert successful.
 
 
Started at Wed Mar 11 00:36:49 CET 2026
Ended   at Wed Mar 11 00:38:16 CET 2026
talairach_avi done
