status file for recon-all
Wed Mar 11 00:47:46 CET 2026
#@# MotionCor Wed Mar 11 00:47:47 CET 2026
#@# Talairach Wed Mar 11 00:47:53 CET 2026
#@# Talairach Failure Detection Wed Mar 11 00:50:44 CET 2026
#@# Nu Intensity Correction Wed Mar 11 00:50:44 CET 2026
#@# Intensity Normalization Wed Mar 11 00:53:30 CET 2026
recon-all -s sub-v2s12x28881_ses-1 finished without error at Wed Mar 11 00:54:36 CET 2026



#New# invocation of recon-all 



status file for recon-all
Wed Mar 11 01:00:49 CET 2026
#@# EM Registration Wed Mar 11 01:00:49 CET 2026
recon-all -s sub-v2s12x28881_ses-1 finished without error at Wed Mar 11 01:02:19 CET 2026



#New# invocation of recon-all 



status file for recon-all
Wed Mar 11 01:02:22 CET 2026
#@# CA Normalize Wed Mar 11 01:02:22 CET 2026
#@# CA Reg Wed Mar 11 01:03:16 CET 2026
#@# SubCort Seg Wed Mar 11 01:43:26 CET 2026
#@# CC Seg Wed Mar 11 02:04:20 CET 2026
#@# Merge ASeg Wed Mar 11 02:04:55 CET 2026
#@# Intensity Normalization2 Wed Mar 11 02:04:55 CET 2026
#@# Mask BFS Wed Mar 11 02:06:29 CET 2026
#@# WM Segmentation Wed Mar 11 02:06:30 CET 2026
#@# Fill Wed Mar 11 02:08:05 CET 2026
recon-all -s sub-v2s12x28881_ses-1 finished without error at Wed Mar 11 02:08:43 CET 2026



#New# invocation of recon-all 



status file for recon-all
Wed Mar 11 02:53:30 CET 2026
#@# white curv lh Wed Mar 11 02:53:30 CET 2026
#@# white area lh Wed Mar 11 02:53:30 CET 2026
#@# pial curv lh Wed Mar 11 02:53:30 CET 2026
#@# pial area lh Wed Mar 11 02:53:30 CET 2026
#@# thickness lh Wed Mar 11 02:53:30 CET 2026
#@# area and vertex vol lh Wed Mar 11 02:53:30 CET 2026
#@# white curv rh Wed Mar 11 02:53:30 CET 2026
#@# white area rh Wed Mar 11 02:53:30 CET 2026
#@# pial curv rh Wed Mar 11 02:53:30 CET 2026
#@# pial area rh Wed Mar 11 02:53:30 CET 2026
#@# thickness rh Wed Mar 11 02:53:30 CET 2026
#@# area and vertex vol rh Wed Mar 11 02:53:30 CET 2026
#@# Cortical ribbon mask Wed Mar 11 02:53:30 CET 2026
recon-all -s sub-v2s12x28881_ses-1 finished without error at Wed Mar 11 02:58:30 CET 2026



#New# invocation of recon-all 



status file for recon-all
Wed Mar 11 03:04:06 CET 2026
#@# white curv lh Wed Mar 11 03:04:06 CET 2026
#@# white area lh Wed Mar 11 03:04:06 CET 2026
#@# pial curv lh Wed Mar 11 03:04:06 CET 2026
#@# pial area lh Wed Mar 11 03:04:06 CET 2026
#@# thickness lh Wed Mar 11 03:04:06 CET 2026
#@# area and vertex vol lh Wed Mar 11 03:04:06 CET 2026
#@# white curv rh Wed Mar 11 03:04:06 CET 2026
#@# white area rh Wed Mar 11 03:04:06 CET 2026
#@# pial curv rh Wed Mar 11 03:04:06 CET 2026
#@# pial area rh Wed Mar 11 03:04:06 CET 2026
#@# thickness rh Wed Mar 11 03:04:06 CET 2026
#@# area and vertex vol rh Wed Mar 11 03:04:06 CET 2026
#@# Curvature Stats lh Wed Mar 11 03:04:06 CET 2026
#@# Curvature Stats rh Wed Mar 11 03:04:08 CET 2026
#@# Relabel Hypointensities Wed Mar 11 03:04:10 CET 2026
#@# APas-to-ASeg Wed Mar 11 03:04:22 CET 2026
#@# AParc-to-ASeg aparc Wed Mar 11 03:04:28 CET 2026
#@# AParc-to-ASeg aparc.a2009s Wed Mar 11 03:05:01 CET 2026
#@# AParc-to-ASeg aparc.DKTatlas Wed Mar 11 03:05:31 CET 2026
#@# WMParc Wed Mar 11 03:06:05 CET 2026
#@# ASeg Stats Wed Mar 11 03:07:57 CET 2026
recon-all -s sub-v2s12x28881_ses-1 finished without error at Wed Mar 11 03:08:15 CET 2026
