status file for recon-all
Wed Mar 11 03:35:26 CET 2026
#@# Tessellate lh Wed Mar 11 03:35:26 CET 2026
#@# Smooth1 lh Wed Mar 11 03:35:30 CET 2026
#@# Inflation1 lh Wed Mar 11 03:35:33 CET 2026
#@# QSphere lh Wed Mar 11 03:35:50 CET 2026
#@# Fix Topology lh Wed Mar 11 03:37:31 CET 2026
#@# Smooth2 lh Wed Mar 11 03:46:13 CET 2026
#@# Inflation2 lh Wed Mar 11 03:46:17 CET 2026
#@# Curv .H and .K lh Wed Mar 11 03:46:37 CET 2026
#@# Sphere lh Wed Mar 11 03:47:34 CET 2026
#@# Surf Reg lh Wed Mar 11 03:50:34 CET 2026
#@# Jacobian white lh Wed Mar 11 03:55:52 CET 2026
#@# AvgCurv lh Wed Mar 11 03:55:54 CET 2026
#@# Cortical Parc lh Wed Mar 11 03:55:55 CET 2026
#@# white curv lh Wed Mar 11 04:04:22 CET 2026
#@# white area lh Wed Mar 11 04:04:25 CET 2026
#@# pial curv lh Wed Mar 11 04:04:25 CET 2026
#@# pial area lh Wed Mar 11 04:04:28 CET 2026
#@# thickness lh Wed Mar 11 04:04:29 CET 2026
#@# area and vertex vol lh Wed Mar 11 04:05:05 CET 2026
#@# Curvature Stats lh Wed Mar 11 04:05:07 CET 2026
#@# Cortical Parc 2 lh Wed Mar 11 04:05:10 CET 2026
#@# Cortical Parc 3 lh Wed Mar 11 04:05:27 CET 2026
#@# WM/GM Contrast lh Wed Mar 11 04:05:41 CET 2026
recon-all -s sub-v2s12x28885_ses-1 finished without error at Wed Mar 11 04:05:44 CET 2026



#New# invocation of recon-all 



status file for recon-all
Wed Mar 11 04:44:10 CET 2026
#@# white curv lh Wed Mar 11 04:44:10 CET 2026
#@# white area lh Wed Mar 11 04:44:10 CET 2026
#@# pial curv lh Wed Mar 11 04:44:10 CET 2026
#@# pial area lh Wed Mar 11 04:44:10 CET 2026
#@# thickness lh Wed Mar 11 04:44:10 CET 2026
#@# area and vertex vol lh Wed Mar 11 04:44:10 CET 2026
#@# Parcellation Stats lh Wed Mar 11 04:44:10 CET 2026
#@# Parcellation Stats 2 lh Wed Mar 11 04:44:37 CET 2026
#@# Parcellation Stats 3 lh Wed Mar 11 04:44:50 CET 2026
#@# BA_exvivo Labels lh Wed Mar 11 04:45:04 CET 2026
recon-all -s sub-v2s12x28885_ses-1 finished without error at Wed Mar 11 04:48:24 CET 2026
