status file for recon-all
Wed Mar 11 01:33:47 CET 2026
#@# MotionCor Wed Mar 11 01:33:49 CET 2026
#@# Talairach Wed Mar 11 01:33:57 CET 2026
#@# Talairach Failure Detection Wed Mar 11 01:38:18 CET 2026
#@# Nu Intensity Correction Wed Mar 11 01:38:19 CET 2026
#@# Intensity Normalization Wed Mar 11 01:41:34 CET 2026
recon-all -s sub-v2s12x28885_ses-1 finished without error at Wed Mar 11 01:43:04 CET 2026



#New# invocation of recon-all 



status file for recon-all
Wed Mar 11 01:50:43 CET 2026
#@# EM Registration Wed Mar 11 01:50:43 CET 2026
recon-all -s sub-v2s12x28885_ses-1 finished without error at Wed Mar 11 01:53:03 CET 2026



#New# invocation of recon-all 



status file for recon-all
Wed Mar 11 01:53:05 CET 2026
#@# CA Normalize Wed Mar 11 01:53:05 CET 2026
#@# CA Reg Wed Mar 11 01:54:26 CET 2026
#@# SubCort Seg Wed Mar 11 02:55:34 CET 2026
#@# CC Seg Wed Mar 11 03:29:25 CET 2026
#@# Merge ASeg Wed Mar 11 03:30:02 CET 2026
#@# Intensity Normalization2 Wed Mar 11 03:30:02 CET 2026
#@# Mask BFS Wed Mar 11 03:32:20 CET 2026
#@# WM Segmentation Wed Mar 11 03:32:21 CET 2026
#@# Fill Wed Mar 11 03:34:18 CET 2026
recon-all -s sub-v2s12x28885_ses-1 finished without error at Wed Mar 11 03:35:21 CET 2026



#New# invocation of recon-all 



status file for recon-all
Wed Mar 11 04:37:30 CET 2026
#@# white curv lh Wed Mar 11 04:37:30 CET 2026
#@# white area lh Wed Mar 11 04:37:30 CET 2026
#@# pial curv lh Wed Mar 11 04:37:30 CET 2026
#@# pial area lh Wed Mar 11 04:37:30 CET 2026
#@# thickness lh Wed Mar 11 04:37:30 CET 2026
#@# area and vertex vol lh Wed Mar 11 04:37:30 CET 2026
#@# white curv rh Wed Mar 11 04:37:30 CET 2026
#@# white area rh Wed Mar 11 04:37:30 CET 2026
#@# pial curv rh Wed Mar 11 04:37:30 CET 2026
#@# pial area rh Wed Mar 11 04:37:30 CET 2026
#@# thickness rh Wed Mar 11 04:37:30 CET 2026
#@# area and vertex vol rh Wed Mar 11 04:37:30 CET 2026
#@# Cortical ribbon mask Wed Mar 11 04:37:30 CET 2026
recon-all -s sub-v2s12x28885_ses-1 finished without error at Wed Mar 11 04:44:06 CET 2026



#New# invocation of recon-all 



status file for recon-all
Wed Mar 11 04:52:54 CET 2026
#@# white curv lh Wed Mar 11 04:52:54 CET 2026
#@# white area lh Wed Mar 11 04:52:54 CET 2026
#@# pial curv lh Wed Mar 11 04:52:54 CET 2026
#@# pial area lh Wed Mar 11 04:52:54 CET 2026
#@# thickness lh Wed Mar 11 04:52:54 CET 2026
#@# area and vertex vol lh Wed Mar 11 04:52:54 CET 2026
#@# white curv rh Wed Mar 11 04:52:54 CET 2026
#@# white area rh Wed Mar 11 04:52:54 CET 2026
#@# pial curv rh Wed Mar 11 04:52:54 CET 2026
#@# pial area rh Wed Mar 11 04:52:54 CET 2026
#@# thickness rh Wed Mar 11 04:52:54 CET 2026
#@# area and vertex vol rh Wed Mar 11 04:52:54 CET 2026
#@# Curvature Stats lh Wed Mar 11 04:52:54 CET 2026
#@# Curvature Stats rh Wed Mar 11 04:52:57 CET 2026
#@# Relabel Hypointensities Wed Mar 11 04:53:01 CET 2026
#@# APas-to-ASeg Wed Mar 11 04:53:20 CET 2026
#@# AParc-to-ASeg aparc Wed Mar 11 04:53:32 CET 2026
#@# AParc-to-ASeg aparc.a2009s Wed Mar 11 04:54:20 CET 2026
#@# AParc-to-ASeg aparc.DKTatlas Wed Mar 11 04:55:07 CET 2026
#@# WMParc Wed Mar 11 04:55:55 CET 2026
#@# ASeg Stats Wed Mar 11 04:59:45 CET 2026
recon-all -s sub-v2s12x28885_ses-1 finished without error at Wed Mar 11 05:00:26 CET 2026
