status file for recon-all
Wed Mar 11 00:36:54 CET 2026
#@# Tessellate rh Wed Mar 11 00:36:54 CET 2026
#@# Smooth1 rh Wed Mar 11 00:36:56 CET 2026
#@# Inflation1 rh Wed Mar 11 00:36:58 CET 2026
#@# QSphere rh Wed Mar 11 00:37:11 CET 2026
#@# Fix Topology rh Wed Mar 11 00:38:14 CET 2026
#@# Smooth2 rh Wed Mar 11 00:44:26 CET 2026
#@# Inflation2 rh Wed Mar 11 00:44:28 CET 2026
#@# Curv .H and .K rh Wed Mar 11 00:44:42 CET 2026
#@# Sphere rh Wed Mar 11 00:45:21 CET 2026
#@# Surf Reg rh Wed Mar 11 00:48:33 CET 2026
#@# Jacobian white rh Wed Mar 11 00:52:56 CET 2026
#@# AvgCurv rh Wed Mar 11 00:52:56 CET 2026
#@# Cortical Parc rh Wed Mar 11 00:52:57 CET 2026
#@# white curv rh Wed Mar 11 00:59:34 CET 2026
#@# white area rh Wed Mar 11 00:59:35 CET 2026
#@# pial curv rh Wed Mar 11 00:59:36 CET 2026
#@# pial area rh Wed Mar 11 00:59:38 CET 2026
#@# thickness rh Wed Mar 11 00:59:38 CET 2026
#@# area and vertex vol rh Wed Mar 11 00:59:59 CET 2026
#@# Curvature Stats rh Wed Mar 11 01:00:00 CET 2026
#@# Cortical Parc 2 rh Wed Mar 11 01:00:02 CET 2026
#@# Cortical Parc 3 rh Wed Mar 11 01:00:13 CET 2026
#@# WM/GM Contrast rh Wed Mar 11 01:00:20 CET 2026
recon-all -s sub-v2s12x28874_ses-1 finished without error at Wed Mar 11 01:00:23 CET 2026



#New# invocation of recon-all 



status file for recon-all
Wed Mar 11 01:07:46 CET 2026
#@# white curv rh Wed Mar 11 01:07:46 CET 2026
#@# white area rh Wed Mar 11 01:07:46 CET 2026
#@# pial curv rh Wed Mar 11 01:07:46 CET 2026
#@# pial area rh Wed Mar 11 01:07:46 CET 2026
#@# thickness rh Wed Mar 11 01:07:46 CET 2026
#@# area and vertex vol rh Wed Mar 11 01:07:47 CET 2026
#@# Parcellation Stats rh Wed Mar 11 01:07:47 CET 2026
#@# Parcellation Stats 2 rh Wed Mar 11 01:08:03 CET 2026
#@# Parcellation Stats 3 rh Wed Mar 11 01:08:11 CET 2026
#@# BA_exvivo Labels rh Wed Mar 11 01:08:19 CET 2026
recon-all -s sub-v2s12x28874_ses-1 finished without error at Wed Mar 11 01:10:23 CET 2026
