status file for recon-all
Wed Mar 11 00:17:42 CET 2026
#@# Tessellate lh Wed Mar 11 00:17:42 CET 2026
#@# Smooth1 lh Wed Mar 11 00:17:45 CET 2026
#@# Inflation1 lh Wed Mar 11 00:17:47 CET 2026
#@# QSphere lh Wed Mar 11 00:18:00 CET 2026
#@# Fix Topology lh Wed Mar 11 00:19:02 CET 2026
#@# Smooth2 lh Wed Mar 11 00:23:46 CET 2026
#@# Inflation2 lh Wed Mar 11 00:23:48 CET 2026
#@# Curv .H and .K lh Wed Mar 11 00:24:00 CET 2026
#@# Sphere lh Wed Mar 11 00:24:39 CET 2026
#@# Surf Reg lh Wed Mar 11 00:26:25 CET 2026
#@# Jacobian white lh Wed Mar 11 00:29:41 CET 2026
#@# AvgCurv lh Wed Mar 11 00:29:42 CET 2026
#@# Cortical Parc lh Wed Mar 11 00:29:42 CET 2026
#@# white curv lh Wed Mar 11 00:36:01 CET 2026
#@# white area lh Wed Mar 11 00:36:03 CET 2026
#@# pial curv lh Wed Mar 11 00:36:04 CET 2026
#@# pial area lh Wed Mar 11 00:36:05 CET 2026
#@# thickness lh Wed Mar 11 00:36:06 CET 2026
#@# area and vertex vol lh Wed Mar 11 00:36:26 CET 2026
#@# Curvature Stats lh Wed Mar 11 00:36:27 CET 2026
#@# Cortical Parc 2 lh Wed Mar 11 00:36:29 CET 2026
#@# Cortical Parc 3 lh Wed Mar 11 00:36:40 CET 2026
#@# WM/GM Contrast lh Wed Mar 11 00:36:48 CET 2026
recon-all -s sub-v2s12x28874_ses-1 finished without error at Wed Mar 11 00:36:51 CET 2026



#New# invocation of recon-all 



status file for recon-all
Wed Mar 11 01:05:08 CET 2026
#@# white curv lh Wed Mar 11 01:05:08 CET 2026
#@# white area lh Wed Mar 11 01:05:08 CET 2026
#@# pial curv lh Wed Mar 11 01:05:08 CET 2026
#@# pial area lh Wed Mar 11 01:05:08 CET 2026
#@# thickness lh Wed Mar 11 01:05:08 CET 2026
#@# area and vertex vol lh Wed Mar 11 01:05:08 CET 2026
#@# Parcellation Stats lh Wed Mar 11 01:05:08 CET 2026
#@# Parcellation Stats 2 lh Wed Mar 11 01:05:24 CET 2026
#@# Parcellation Stats 3 lh Wed Mar 11 01:05:33 CET 2026
#@# BA_exvivo Labels lh Wed Mar 11 01:05:40 CET 2026
recon-all -s sub-v2s12x28874_ses-1 finished without error at Wed Mar 11 01:07:44 CET 2026
