/out/sourcedata/freesurfer/sub-v2s12x28877_ses-1/mri
/opt/freesurfer/bin/talairach_avi
--i orig_nu.mgz --xfm transforms/talairach.auto.xfm
talairach_avi 7.3.2
Linux dna079 5.14.0-427.37.1.el9_4.x86_64 #1 SMP PREEMPT_DYNAMIC Fri Sep 13 12:41:50 EDT 2024 x86_64 x86_64 x86_64 GNU/Linux
Wed Mar 11 00:14:22 CET 2026
mri_convert orig_nu.mgz talsrcimg.img 
reading from orig_nu.mgz...
TR=0.00, TE=0.00, TI=0.00, flip angle=0.00
i_ras = (-1, 0, 0)
j_ras = (0, 0, -1)
k_ras = (0, 1, 0)
writing to talsrcimg.img...
Analyze Output Matrix
-1.00000   0.00000   0.00000   128.70441;
 0.00000   0.00000   1.00000  -129.91699;
 0.00000  -1.00000   0.00000   160.49300;
 0.00000   0.00000   0.00000   1.00000;
--------------------
INFO: set hdr.hist.orient to -1
mpr2mni305 talsrcimg
Wed Mar 11 00:14:22 CET 2026
/opt/freesurfer/bin/mpr2mni305 talsrcimg
mpr2mni305 7.3.2
target=711-2C_as_mni_average_305

---------------------------------------------------------------------
analyzeto4dfp talsrcimg -O0 -y
---------------------------------------------------------------------

freesurfer ifh2hdr.c
Wed Mar 11 00:14:23 2026
Writing: talsrcimg.4dfp.hdr
freesurfer analyzeto4dfp.c
Reading: talsrcimg.hdr
header size 348 bytes
hdr.dime.datatype	offset=70	value=2
hdr.dime.bitpix		offset=72	value=8
hdr.hist.orient		offset=252	value=-1
dimensionality     4
dimensions       256       256       256         1
Reading: talsrcimg.img
Writing: talsrcimg.4dfp.img
Writing: talsrcimg.4dfp.ifh
ifh2hdr talsrcimg -r0to220
ori=2

---------------------------------------------------------------------
gauss_4dfp talsrcimg 1.1
---------------------------------------------------------------------

freesurfer gauss_4dfp.c
Reading: talsrcimg.4dfp.img
Writing: talsrcimg_g11.4dfp.img
image dimensions 256 256 256 padded to 288 288 288
processing volume 1freesurfer ifh2hdr.c
Wed Mar 11 00:14:24 2026
Writing: talsrcimg_g11.4dfp.hdr

Writing: talsrcimg_g11.4dfp.ifh
including: talsrcimg.4dfp.img.rec in talsrcimg_g11.4dfp.img.rec

---------------------------------------------------------------------
imgreg_4dfp /opt/freesurfer/average/711-2C_as_mni_average_305 none talsrcimg_g11 none talsrcimg_to_711-2C_as_mni_average_305_t4 4355
---------------------------------------------------------------------

freesurfer imgreg_4dfp.c
/opt/freesurfer/average/711-2C_as_mni_average_305.4dfp.img
       256       256       256         1
  1.000000  1.000000  1.000000
orientation T byte_order littleendian
Reading image: /opt/freesurfer/average/711-2C_as_mni_average_305.4dfp.img
dimensions:      256       256       256
mmppix:       1.0000   -1.0000   -1.0000
center:     128.0000 -129.0000 -129.0000
talsrcimg_g11.4dfp.img
       256       256       256         1
  1.000000  1.000000  1.000000
orientation T byte_order littleendian
Reading image: talsrcimg_g11.4dfp.img
dimensions:      256       256       256
mmppix:       1.0000   -1.0000   -1.0000
center:     128.0000 -129.0000 -129.0000
t4_read: open error in t4_sub.f l:  41 t4_file(1:l)talsrcimg_to_711-2C_as_mni_average_305_t4 
t4_read: transform initialized to I4
rotation matrix determinant  1.000000
image alignment mode   4355 decimal     1103 hex
   -7.5000  -45.0000  -45.0000 7528.7397   21.6877
    0.0000  -45.0000  -45.0000 7919.0015   21.7256
    7.5000  -45.0000  -45.0000 7625.1704   21.7819
   -7.5000  -37.5000  -45.0000 7920.0020   21.6670
    0.0000  -37.5000  -45.0000 8308.7676   21.7020
    7.5000  -37.5000  -45.0000 8004.9839   21.7670
   -7.5000  -30.0000  -45.0000 8572.0508   21.6576
    0.0000  -30.0000  -45.0000 9025.6367   21.6858
    7.5000  -30.0000  -45.0000 8695.5918   21.7551
   -7.5000  -22.5000  -45.0000 9212.4141   21.6757
    0.0000  -22.5000  -45.0000 9711.5332   21.6974
    7.5000  -22.5000  -45.0000 9330.6807   21.7580
   -7.5000  -15.0000  -45.0000 9771.6494   21.6974
    0.0000  -15.0000  -45.000010280.5059   21.7209
    7.5000  -15.0000  -45.0000 9867.3633   21.7715
   -7.5000   -7.5000  -45.000010248.0117   21.7000
    0.0000   -7.5000  -45.000010762.7432   21.7327
    7.5000   -7.5000  -45.000010304.8135   21.7835
   -7.5000    0.0000  -45.000010637.4814   21.6877
    0.0000    0.0000  -45.000011123.9707   21.7256
    7.5000    0.0000  -45.000010667.4697   21.7819
   -7.5000    7.5000  -45.000010142.9941   21.6670
    0.0000    7.5000  -45.000010598.2354   21.7020
    7.5000    7.5000  -45.000010150.3955   21.7670
   -7.5000   15.0000  -45.0000 9548.7285   21.6576
    0.0000   15.0000  -45.0000 9964.4512   21.6858
    7.5000   15.0000  -45.0000 9526.6260   21.7551
   -7.5000   22.5000  -45.0000 8901.8232   21.6727
    0.0000   22.5000  -45.0000 9295.3535   21.6945
    7.5000   22.5000  -45.0000 8874.5381   21.7550
   -7.5000   30.0000  -45.0000 8226.3193   21.4083
    0.0000   30.0000  -45.0000 8622.0723   21.4315
    7.5000   30.0000  -45.0000 8192.4131   21.4814
   -7.5000   37.5000  -45.0000 7876.7974   21.4378
    0.0000   37.5000  -45.0000 8254.0420   21.4699
    7.5000   37.5000  -45.0000 7847.6177   21.5198
   -7.5000   45.0000  -45.0000 7199.2720   21.0198
    0.0000   45.0000  -45.0000 7546.8608   21.0544
    7.5000   45.0000  -45.0000 7169.4414   21.1078
   -7.5000  -45.0000  -37.5000 7976.8770   21.2510
    0.0000  -45.0000  -37.5000 8383.1826   21.2833
    7.5000  -45.0000  -37.5000 8074.1206   21.3494
   -7.5000  -37.5000  -37.5000 8386.1309   21.2464
    0.0000  -37.5000  -37.5000 8820.6455   21.2741
    7.5000  -37.5000  -37.5000 8488.2383   21.3428
   -7.5000  -30.0000  -37.5000 9079.9355   21.2555
    0.0000  -30.0000  -37.5000 9573.6475   21.2747
    7.5000  -30.0000  -37.5000 9210.2842   21.3436
   -7.5000  -22.5000  -37.5000 9710.0156   21.2748
    0.0000  -22.5000  -37.500010269.4512   21.2886
    7.5000  -22.5000  -37.5000 9844.6523   21.3518
   -7.5000  -15.0000  -37.500010269.9590   21.2809
    0.0000  -15.0000  -37.500010863.4951   21.2989
    7.5000  -15.0000  -37.500010397.1191   21.3588
   -7.5000   -7.5000  -37.500010778.9971   21.2661
    0.0000   -7.5000  -37.500011362.0127   21.2943
    7.5000   -7.5000  -37.500010858.8164   21.3572
   -7.5000    0.0000  -37.500011192.0615   21.2510
    0.0000    0.0000  -37.500011738.5752   21.2833
    7.5000    0.0000  -37.500011212.4023   21.3494
   -7.5000    7.5000  -37.500010711.0859   21.2464
    0.0000    7.5000  -37.500011227.4209   21.2741
    7.5000    7.5000  -37.500010728.7090   21.3428
   -7.5000   15.0000  -37.500010071.7305   21.2555
    0.0000   15.0000  -37.500010561.8369   21.2747
    7.5000   15.0000  -37.500010059.5049   21.3436
   -7.5000   22.5000  -37.5000 9377.1709   21.2719
    0.0000   22.5000  -37.5000 9831.1123   21.2856
    7.5000   22.5000  -37.5000 9367.8076   21.3489
   -7.5000   30.0000  -37.5000 8617.7031   20.9973
    0.0000   30.0000  -37.5000 9055.5195   21.0151
    7.5000   30.0000  -37.5000 8612.7529   21.0742
   -7.5000   37.5000  -37.5000 8236.7705   21.0059
    0.0000   37.5000  -37.5000 8655.1553   21.0340
    7.5000   37.5000  -37.5000 8217.6826   21.0967
   -7.5000   45.0000  -37.5000 7524.8901   20.5857
    0.0000   45.0000  -37.5000 7900.3696   20.6153
    7.5000   45.0000  -37.5000 7491.1235   20.6805
   -7.5000  -45.0000  -30.0000 8605.5088   21.8583
    0.0000  -45.0000  -30.0000 9054.4561   21.8754
    7.5000  -45.0000  -30.0000 8715.0273   21.9362
   -7.5000  -37.5000  -30.0000 9056.3887   21.8570
    0.0000  -37.5000  -30.0000 9533.1221   21.8697
    7.5000  -37.5000  -30.0000 9158.4736   21.9296
   -7.5000  -30.0000  -30.0000 9794.8584   21.8722
    0.0000  -30.0000  -30.000010332.9824   21.8806
    7.5000  -30.0000  -30.0000 9907.6270   21.9399
   -7.5000  -22.5000  -30.000010477.0986   21.8946
    0.0000  -22.5000  -30.000011056.7959   21.9028
    7.5000  -22.5000  -30.000010585.5137   21.9607
   -7.5000  -15.0000  -30.000011069.2256   21.8978
    0.0000  -15.0000  -30.000011685.6240   21.9114
    7.5000  -15.0000  -30.000011191.4746   21.9698
   -7.5000   -7.5000  -30.000011588.3340   21.8766
    0.0000   -7.5000  -30.000012197.0938   21.8951
    7.5000   -7.5000  -30.000011674.9902   21.9555
   -7.5000    0.0000  -30.000012019.3906   21.8583
    0.0000    0.0000  -30.000012635.4463   21.8754
    7.5000    0.0000  -30.000012053.8496   21.9362
   -7.5000    7.5000  -30.000011516.9023   21.8570
    0.0000    7.5000  -30.000012122.0586   21.8697
    7.5000    7.5000  -30.000011533.2441   21.9296
   -7.5000   15.0000  -30.000010809.5996   21.8722
    0.0000   15.0000  -30.000011364.9883   21.8806
    7.5000   15.0000  -30.000010812.6396   21.9399
   -7.5000   22.5000  -30.000010015.5742   21.8894
    0.0000   22.5000  -30.000010523.2324   21.8976
    7.5000   22.5000  -30.000010025.9834   21.9554
   -7.5000   30.0000  -30.0000 9195.2305   21.6081
    0.0000   30.0000  -30.0000 9656.7686   21.6215
    7.5000   30.0000  -30.0000 9194.8213   21.6791
   -7.5000   37.5000  -30.0000 8775.4971   21.6131
    0.0000   37.5000  -30.0000 9190.9092   21.6320
    7.5000   37.5000  -30.0000 8734.2061   21.6924
   -7.5000   45.0000  -30.0000 8019.2456   21.1893
    0.0000   45.0000  -30.0000 8381.7920   21.2064
    7.5000   45.0000  -30.0000 7950.0312   21.2683
   -7.5000  -45.0000  -22.5000 9295.4561   22.3810
    0.0000  -45.0000  -22.5000 9778.8926   22.3904
    7.5000  -45.0000  -22.5000 9384.7285   22.4435
   -7.5000  -37.5000  -22.5000 9777.6182   22.3790
    0.0000  -37.5000  -22.500010288.1240   22.3853
    7.5000  -37.5000  -22.5000 9870.4053   22.4404
   -7.5000  -30.0000  -22.500010554.2402   22.3851
    0.0000  -30.0000  -22.500011118.2129   22.3924
    7.5000  -30.0000  -22.500010653.3047   22.4490
   -7.5000  -22.5000  -22.500011305.2051   22.3983
    0.0000  -22.5000  -22.500011886.6328   22.4097
    7.5000  -22.5000  -22.500011401.0781   22.4653
   -7.5000  -15.0000  -22.500011928.2734   22.4012
    0.0000  -15.0000  -22.500012548.6094   22.4166
    7.5000  -15.0000  -22.500012031.7695   22.4700
   -7.5000   -7.5000  -22.500012449.6729   22.3900
    0.0000   -7.5000  -22.500013090.1826   22.4044
    7.5000   -7.5000  -22.500012535.8281   22.4567
   -7.5000    0.0000  -22.500012851.7725   22.3810
    0.0000    0.0000  -22.500013497.4990   22.3904
    7.5000    0.0000  -22.500012894.3691   22.4435
   -7.5000    7.5000  -22.500012336.2119   22.3790
    0.0000    7.5000  -22.500012978.1797   22.3853
    7.5000    7.5000  -22.500012351.0518   22.4404
   -7.5000   15.0000  -22.500011608.4189   22.3851
    0.0000   15.0000  -22.500012203.1592   22.3924
    7.5000   15.0000  -22.500011617.9912   22.4490
   -7.5000   22.5000  -22.500010714.1465   22.3914
    0.0000   22.5000  -22.500011247.5889   22.4028
    7.5000   22.5000  -22.500010739.0215   22.4584
   -7.5000   30.0000  -22.5000 9808.6074   22.1082
    0.0000   30.0000  -22.500010280.1621   22.1234
    7.5000   30.0000  -22.5000 9822.3535   22.1761
   -7.5000   37.5000  -22.5000 9318.7822   22.1293
    0.0000   37.5000  -22.5000 9773.8984   22.1437
    7.5000   37.5000  -22.5000 9304.4463   22.1955
   -7.5000   45.0000  -22.5000 8507.1182   21.7212
    0.0000   45.0000  -22.5000 8896.5010   21.7325
    7.5000   45.0000  -22.5000 8439.4414   21.7867
   -7.5000  -45.0000  -15.000010008.1445   22.7459
    0.0000  -45.0000  -15.000010497.6426   22.7609
    7.5000  -45.0000  -15.000010096.6865   22.8104
   -7.5000  -37.5000  -15.000010505.6914   22.7249
    0.0000  -37.5000  -15.000011046.8965   22.7374
    7.5000  -37.5000  -15.000010620.2969   22.7948
   -7.5000  -30.0000  -15.000011325.2949   22.7108
    0.0000  -30.0000  -15.000011935.0117   22.7256
    7.5000  -30.0000  -15.000011453.2510   22.7875
   -7.5000  -22.5000  -15.000012137.2100   22.7234
    0.0000  -22.5000  -15.000012783.8311   22.7429
    7.5000  -22.5000  -15.000012265.7520   22.7999
   -7.5000  -15.0000  -15.000012810.3389   22.7442
    0.0000  -15.0000  -15.000013502.2109   22.7666
    7.5000  -15.0000  -15.000012931.5684   22.8147
   -7.5000   -7.5000  -15.000013359.4385   22.7526
    0.0000   -7.5000  -15.000014067.2656   22.7727
    7.5000   -7.5000  -15.000013472.0205   22.8178
   -7.5000    0.0000  -15.000013732.9502   22.7459
    0.0000    0.0000  -15.000014453.5088   22.7609
    7.5000    0.0000  -15.000013820.4189   22.8104
   -7.5000    7.5000  -15.000013158.6279   22.7249
    0.0000    7.5000  -15.000013841.7168   22.7374
    7.5000    7.5000  -15.000013218.0986   22.7948
   -7.5000   15.0000  -15.000012401.8975   22.7108
    0.0000   15.0000  -15.000013048.7256   22.7256
    7.5000   15.0000  -15.000012442.5127   22.7875
   -7.5000   22.5000  -15.000011460.5869   22.7153
    0.0000   22.5000  -15.000012011.4121   22.7349
    7.5000   22.5000  -15.000011495.7734   22.7918
   -7.5000   30.0000  -15.000010482.0361   22.4499
    0.0000   30.0000  -15.000010963.2334   22.4720
    7.5000   30.0000  -15.000010494.3916   22.5195
   -7.5000   37.5000  -15.0000 9901.3389   22.4940
    0.0000   37.5000  -15.000010368.9424   22.5134
    7.5000   37.5000  -15.0000 9896.0156   22.5574
   -7.5000   45.0000  -15.0000 9016.9346   22.0959
    0.0000   45.0000  -15.0000 9435.3721   22.1124
    7.5000   45.0000  -15.0000 8960.1680   22.1609
   -7.5000  -45.0000   -7.500010880.7949   22.9890
    0.0000  -45.0000   -7.500011424.1689   23.0149
    7.5000  -45.0000   -7.500011007.3447   23.0666
   -7.5000  -37.5000   -7.500011416.7148   22.9579
    0.0000  -37.5000   -7.500012007.7881   22.9816
    7.5000  -37.5000   -7.500011548.6543   23.0452
   -7.5000  -30.0000   -7.500012303.8799   22.9382
    0.0000  -30.0000   -7.500012976.0967   22.9611
    7.5000  -30.0000   -7.500012469.0674   23.0303
   -7.5000  -22.5000   -7.500013152.8496   22.9566
    0.0000  -22.5000   -7.500013936.7402   22.9798
    7.5000  -22.5000   -7.500013362.4199   23.0390
   -7.5000  -15.0000   -7.500013899.1611   22.9881
    0.0000  -15.0000   -7.500014733.8193   23.0127
    7.5000  -15.0000   -7.500014083.9473   23.0584
   -7.5000   -7.5000   -7.500014495.8086   23.0008
    0.0000   -7.5000   -7.500015345.8506   23.0273
    7.5000   -7.5000   -7.500014651.0381   23.0710
   -7.5000    0.0000   -7.500014875.1914   22.9890
    0.0000    0.0000   -7.500015711.3916   23.0149
    7.5000    0.0000   -7.500015014.0664   23.0666
   -7.5000    7.5000   -7.500014209.2852   22.9579
    0.0000    7.5000   -7.500014959.3916   22.9816
    7.5000    7.5000   -7.500014281.7168   23.0452
   -7.5000   15.0000   -7.500013391.3174   22.9382
    0.0000   15.0000   -7.500014061.1709   22.9611
    7.5000   15.0000   -7.500013444.0850   23.0303
   -7.5000   22.5000   -7.500012407.7197   22.9460
    0.0000   22.5000   -7.500013006.2734   22.9692
    7.5000   22.5000   -7.500012454.0664   23.0284
   -7.5000   30.0000   -7.500011344.1914   22.6900
    0.0000   30.0000   -7.500011875.6670   22.7143
    7.5000   30.0000   -7.500011377.8174   22.7594
   -7.5000   37.5000   -7.500010693.0156   22.7357
    0.0000   37.5000   -7.500011169.4570   22.7613
    7.5000   37.5000   -7.500010685.3848   22.8037
   -7.5000   45.0000   -7.5000 9663.7529   22.3334
    0.0000   45.0000   -7.500010105.1230   22.3583
    7.5000   45.0000   -7.5000 9629.9414   22.4071
   -7.5000  -45.0000    0.000011734.9912   23.0224
    0.0000  -45.0000    0.000012328.8584   23.0559
    7.5000  -45.0000    0.000011845.6650   23.1159
   -7.5000  -37.5000    0.000012370.9365   22.9955
    0.0000  -37.5000    0.000013010.3613   23.0265
    7.5000  -37.5000    0.000012472.1172   23.0968
   -7.5000  -30.0000    0.000013318.1338   22.9869
    0.0000  -30.0000    0.000014030.8018   23.0119
    7.5000  -30.0000    0.000013475.1641   23.0865
   -7.5000  -22.5000    0.000014192.9141   23.0126
    0.0000  -22.5000    0.000015018.3770   23.0322
    7.5000  -22.5000    0.000014396.8848   23.0961
   -7.5000  -15.0000    0.000014992.4922   23.0407
    0.0000  -15.0000    0.000015871.0479   23.0620
    7.5000  -15.0000    0.000015162.1436   23.1142
   -7.5000   -7.5000    0.000015648.2188   23.0418
    0.0000   -7.5000    0.000016585.3379   23.0711
    7.5000   -7.5000    0.000015800.1113   23.1237
   -7.5000    0.0000    0.000016039.3750   23.0224
    0.0000    0.0000    0.000016992.0957   23.0559
    7.5000    0.0000    0.000016184.2617   23.1159
   -7.5000    7.5000    0.000015268.4932   22.9955
    0.0000    7.5000    0.000016091.2588   23.0265
    7.5000    7.5000    0.000015340.0674   23.0968
   -7.5000   15.0000    0.000014394.9727   22.9869
    0.0000   15.0000    0.000015119.0459   23.0119
    7.5000   15.0000    0.000014469.7871   23.0865
   -7.5000   22.5000    0.000013375.7920   23.0020
    0.0000   22.5000    0.000014021.2129   23.0216
    7.5000   22.5000    0.000013457.6348   23.0854
   -7.5000   30.0000    0.000012214.7314   22.7426
    0.0000   30.0000    0.000012809.2266   22.7636
    7.5000   30.0000    0.000012292.4531   22.8150
   -7.5000   37.5000    0.000011497.4258   22.7708
    0.0000   37.5000    0.000012044.1631   22.7996
    7.5000   37.5000    0.000011520.8379   22.8513
   -7.5000   45.0000    0.000010356.3516   22.3569
    0.0000   45.0000    0.000010835.1650   22.3873
    7.5000   45.0000    0.000010335.6807   22.4444
   -7.5000  -45.0000    7.500011619.2422   23.0268
    0.0000  -45.0000    7.500012239.9434   23.0558
    7.5000  -45.0000    7.500011736.4590   23.1212
   -7.5000  -37.5000    7.500012349.4521   23.0145
    0.0000  -37.5000    7.500013022.4434   23.0391
    7.5000  -37.5000    7.500012453.0654   23.1086
   -7.5000  -30.0000    7.500013436.9736   23.0229
    0.0000  -30.0000    7.500014174.4922   23.0395
    7.5000  -30.0000    7.500013570.3574   23.1103
   -7.5000  -22.5000    7.500014300.4502   23.0507
    0.0000  -22.5000    7.500015099.3682   23.0621
    7.5000  -22.5000    7.500014429.3193   23.1265
   -7.5000  -15.0000    7.500015039.4287   23.0653
    0.0000  -15.0000    7.500015863.1201   23.0809
    7.5000  -15.0000    7.500015115.6143   23.1404
   -7.5000   -7.5000    7.500015687.5518   23.0497
    0.0000   -7.5000    7.500016523.5938   23.0750
    7.5000   -7.5000    7.500015741.7080   23.1368
   -7.5000    0.0000    7.500016109.3184   23.0268
    0.0000    0.0000    7.500016969.4219   23.0558
    7.5000    0.0000    7.500016166.9521   23.1212
   -7.5000    7.5000    7.500015346.5498   23.0145
    0.0000    7.5000    7.500016119.2314   23.0391
    7.5000    7.5000    7.500015395.1631   23.1086
   -7.5000   15.0000    7.500014474.4092   23.0229
    0.0000   15.0000    7.500015193.1094   23.0395
    7.5000   15.0000    7.500014547.8838   23.1103
   -7.5000   22.5000    7.500013480.8916   23.0401
    0.0000   22.5000    7.500014157.4814   23.0514
    7.5000   22.5000    7.500013537.4141   23.1159
   -7.5000   30.0000    7.500012317.2373   22.7668
    0.0000   30.0000    7.500012971.4824   22.7822
    7.5000   30.0000    7.500012379.4150   22.8410
   -7.5000   37.5000    7.500011581.5674   22.7757
    0.0000   37.5000    7.500012190.1982   22.8011
    7.5000   37.5000    7.500011601.8398   22.8627
   -7.5000   45.0000    7.500010394.5107   22.3532
    0.0000   45.0000    7.500010913.5586   22.3796
    7.5000   45.0000    7.500010366.3262   22.4441
   -7.5000  -45.0000   15.000011285.5371   23.0398
    0.0000  -45.0000   15.000011936.2842   23.0563
    7.5000  -45.0000   15.000011387.9678   23.1184
   -7.5000  -37.5000   15.000012040.1113   23.0385
    0.0000  -37.5000   15.000012728.5635   23.0506
    7.5000  -37.5000   15.000012104.6455   23.1122
   -7.5000  -30.0000   15.000013303.8838   23.0538
    0.0000  -30.0000   15.000014104.6025   23.0614
    7.5000  -30.0000   15.000013359.7451   23.1225
   -7.5000  -22.5000   15.000014394.3555   23.0766
    0.0000  -22.5000   15.000015234.9170   23.0837
    7.5000  -22.5000   15.000014407.2656   23.1431
   -7.5000  -15.0000   15.000015167.0264   23.0801
    0.0000  -15.0000   15.000015826.5332   23.0926
    7.5000  -15.0000   15.000015046.7266   23.1520
   -7.5000   -7.5000   15.000015753.1777   23.0585
    0.0000   -7.5000   15.000016331.5195   23.0761
    7.5000   -7.5000   15.000015622.6904   23.1376
   -7.5000    0.0000   15.000016167.3193   23.0398
    0.0000    0.0000   15.000016836.2871   23.0563
    7.5000    0.0000   15.000016081.4805   23.1184
   -7.5000    7.5000   15.000015345.5410   23.0385
    0.0000    7.5000   15.000016113.0234   23.0506
    7.5000    7.5000   15.000015317.6738   23.1122
   -7.5000   15.0000   15.000014407.9297   23.0538
    0.0000   15.0000   15.000015239.1943   23.0614
    7.5000   15.0000   15.000014414.0332   23.1225
   -7.5000   22.5000   15.000013365.8193   23.0660
    0.0000   22.5000   15.000014177.2041   23.0731
    7.5000   22.5000   15.000013347.3955   23.1325
   -7.5000   30.0000   15.000012178.5566   22.7814
    0.0000   30.0000   15.000012943.4004   22.7938
    7.5000   30.0000   15.000012199.1543   22.8524
   -7.5000   37.5000   15.000011437.4746   22.7869
    0.0000   37.5000   15.000012111.2607   22.8050
    7.5000   37.5000   15.000011417.5234   22.8666
   -7.5000   45.0000   15.000010252.8076   22.3678
    0.0000   45.0000   15.000010804.7402   22.3844
    7.5000   45.0000   15.000010195.9424   22.4477
   -7.5000  -45.0000   22.500010945.9189   23.0498
    0.0000  -45.0000   22.500011483.5693   23.0603
    7.5000  -45.0000   22.500010990.6113   23.1151
   -7.5000  -37.5000   22.500011659.6299   23.0441
    0.0000  -37.5000   22.500012181.1904   23.0514
    7.5000  -37.5000   22.500011635.3262   23.1082
   -7.5000  -30.0000   22.500012899.6240   23.0480
    0.0000  -30.0000   22.500013567.0029   23.0560
    7.5000  -30.0000   22.500012879.0742   23.1142
   -7.5000  -22.5000   22.500014158.6455   23.0630
    0.0000  -22.5000   22.500015154.0654   23.0749
    7.5000  -22.5000   22.500014125.1074   23.1320
   -7.5000  -15.0000   22.500015090.9189   23.0696
    0.0000  -15.0000   22.500016092.7246   23.0857
    7.5000  -15.0000   22.500014966.8398   23.1405
   -7.5000   -7.5000   22.500015612.3291   23.0603
    0.0000   -7.5000   22.500016534.0762   23.0756
    7.5000   -7.5000   22.500015466.1826   23.1295
   -7.5000    0.0000   22.500015890.0918   23.0498
    0.0000    0.0000   22.500016842.1172   23.0603
    7.5000    0.0000   22.500015774.6074   23.1151
   -7.5000    7.5000   22.500014967.6299   23.0441
    0.0000    7.5000   22.500015908.2871   23.0514
    7.5000    7.5000   22.500014921.5967   23.1082
   -7.5000   15.0000   22.500014030.7744   23.0480
    0.0000   15.0000   22.500014881.2402   23.0560
    7.5000   15.0000   22.500013986.3672   23.1142
   -7.5000   22.5000   22.500013030.3965   23.0524
    0.0000   22.5000   22.500013772.3740   23.0643
    7.5000   22.5000   22.500012981.2871   23.1214
   -7.5000   30.0000   22.500011894.3682   22.7711
    0.0000   30.0000   22.500012554.3477   22.7869
    7.5000   30.0000   22.500011873.9648   22.8411
   -7.5000   37.5000   22.500011181.5410   22.7947
    0.0000   37.5000   22.500011779.7100   22.8100
    7.5000   37.5000   22.500011115.1680   22.8635
   -7.5000   45.0000   22.500010035.0742   22.3883
    0.0000   45.0000   22.500010569.6221   22.4007
    7.5000   45.0000   22.5000 9977.7607   22.4566
   -7.5000  -45.0000   30.000010487.6973   23.0542
    0.0000  -45.0000   30.000010993.0645   23.0694
    7.5000  -45.0000   30.000010511.9785   23.1194
   -7.5000  -37.5000   30.000011203.6367   23.0331
    0.0000  -37.5000   30.000011717.9863   23.0457
    7.5000  -37.5000   30.000011180.7012   23.1038
   -7.5000  -30.0000   30.000012422.3594   23.0190
    0.0000  -30.0000   30.000013137.3184   23.0339
    7.5000  -30.0000   30.000012404.9473   23.0966
   -7.5000  -22.5000   30.000013557.3379   23.0318
    0.0000  -22.5000   30.000014483.3281   23.0515
    7.5000  -22.5000   30.000013546.6992   23.1091
   -7.5000  -15.0000   30.000014339.5557   23.0528
    0.0000  -15.0000   30.000015254.5684   23.0753
    7.5000  -15.0000   30.000014323.7217   23.1239
   -7.5000   -7.5000   30.000014901.8945   23.0611
    0.0000   -7.5000   30.000015777.1729   23.0813
    7.5000   -7.5000   30.000014855.1250   23.1269
   -7.5000    0.0000   30.000015188.2842   23.0542
    0.0000    0.0000   30.000016052.1299   23.0694
    7.5000    0.0000   30.000015155.8486   23.1194
   -7.5000    7.5000   30.000014309.7900   23.0331
    0.0000    7.5000   30.000015096.6953   23.0457
    7.5000    7.5000   30.000014286.4668   23.1038
   -7.5000   15.0000   30.000013377.1709   23.0190
    0.0000   15.0000   30.000014080.2090   23.0339
    7.5000   15.0000   30.000013350.4707   23.0966
   -7.5000   22.5000   30.000012431.0771   23.0212
    0.0000   22.5000   30.000013070.0781   23.0409
    7.5000   22.5000   30.000012386.8311   23.0985
   -7.5000   30.0000   30.000011354.0645   22.7545
    0.0000   30.0000   30.000011935.1562   22.7767
    7.5000   30.0000   30.000011290.9932   22.8247
   -7.5000   37.5000   30.000010668.0156   22.7990
    0.0000   37.5000   30.000011198.7783   22.8185
    7.5000   37.5000   30.000010593.3096   22.8630
   -7.5000   45.0000   30.0000 9611.0576   22.4013
    0.0000   45.0000   30.000010071.0869   22.4180
    7.5000   45.0000   30.0000 9546.3389   22.4670
   -7.5000  -45.0000   37.500010327.8584   23.0621
    0.0000  -45.0000   37.500010835.6523   23.0881
    7.5000  -45.0000   37.500010410.1660   23.1399
   -7.5000  -37.5000   37.500010993.2471   23.0308
    0.0000  -37.5000   37.500011520.0137   23.0547
    7.5000  -37.5000   37.500011035.5020   23.1185
   -7.5000  -30.0000   37.500012037.8252   23.0110
    0.0000  -30.0000   37.500012667.1133   23.0342
    7.5000  -30.0000   37.500012103.7490   23.1036
   -7.5000  -22.5000   37.500012897.0400   23.0296
    0.0000  -22.5000   37.500013591.2959   23.0529
    7.5000  -22.5000   37.500013010.8496   23.1123
   -7.5000  -15.0000   37.500013622.1934   23.0611
    0.0000  -15.0000   37.500014289.7168   23.0860
    7.5000  -15.0000   37.500013692.8359   23.1317
   -7.5000   -7.5000   37.500014273.9580   23.0739
    0.0000   -7.5000   37.500014926.7451   23.1005
    7.5000   -7.5000   37.500014296.2578   23.1443
   -7.5000    0.0000   37.500014692.0508   23.0621
    0.0000    0.0000   37.500015352.2354   23.0881
    7.5000    0.0000   37.500014667.9678   23.1399
   -7.5000    7.5000   37.500013891.2471   23.0308
    0.0000    7.5000   37.500014515.3711   23.0547
    7.5000    7.5000   37.500013853.3584   23.1185
   -7.5000   15.0000   37.500013023.3691   23.0110
    0.0000   15.0000   37.500013606.2480   23.0342
    7.5000   15.0000   37.500012980.9736   23.1036
   -7.5000   22.5000   37.500012135.4990   23.0189
    0.0000   22.5000   37.500012688.8037   23.0423
    7.5000   22.5000   37.500012082.6279   23.1017
   -7.5000   30.0000   37.500011113.3613   22.7627
    0.0000   30.0000   37.500011624.2412   22.7872
    7.5000   30.0000   37.500011071.9834   22.8323
   -7.5000   37.5000   37.500010414.8555   22.8086
    0.0000   37.5000   37.500010910.2812   22.8343
    7.5000   37.5000   37.500010388.9922   22.8768
   -7.5000   45.0000   37.5000 9392.9316   22.4063
    0.0000   45.0000   37.5000 9835.8936   22.4313
    7.5000   45.0000   37.5000 9354.5508   22.4802
   -7.5000  -45.0000   45.0000 9617.4932   23.2113
    0.0000  -45.0000   45.000010069.7051   23.2454
    7.5000  -45.0000   45.0000 9691.7842   23.3059
   -7.5000  -37.5000   45.000010197.3164   23.1850
    0.0000  -37.5000   45.000010677.1143   23.2167
    7.5000  -37.5000   45.000010278.1279   23.2877
   -7.5000  -30.0000   45.000011051.5137   23.1759
    0.0000  -30.0000   45.000011575.5000   23.2016
    7.5000  -30.0000   45.000011176.2510   23.2772
   -7.5000  -22.5000   45.000011836.0830   23.2008
    0.0000  -22.5000   45.000012364.5430   23.2207
    7.5000  -22.5000   45.000011929.5986   23.2853
   -7.5000  -15.0000   45.000012548.7100   23.2281
    0.0000  -15.0000   45.000013085.4160   23.2498
    7.5000  -15.0000   45.000012600.8330   23.3023
   -7.5000   -7.5000   45.000013205.0361   23.2295
    0.0000   -7.5000   45.000013786.5176   23.2592
    7.5000   -7.5000   45.000013242.3154   23.3123
   -7.5000    0.0000   45.000013676.7607   23.2113
    0.0000    0.0000   45.000014245.8721   23.2454
    7.5000    0.0000   45.000013667.2988   23.3059
   -7.5000    7.5000   45.000012976.3311   23.1850
    0.0000    7.5000   45.000013518.5381   23.2167
    7.5000    7.5000   45.000012971.1582   23.2877
   -7.5000   15.0000   45.000012164.6650   23.1759
    0.0000   15.0000   45.000012689.4404   23.2016
    7.5000   15.0000   45.000012162.0088   23.2772
   -7.5000   22.5000   45.000011342.4854   23.1900
    0.0000   22.5000   45.000011830.7764   23.2100
    7.5000   22.5000   45.000011303.9424   23.2745
   -7.5000   30.0000   45.000010374.0908   22.9255
    0.0000   30.0000   45.000010827.0459   22.9469
    7.5000   30.0000   45.000010335.5117   22.9988
   -7.5000   37.5000   45.0000 9685.1592   22.9547
    0.0000   37.5000   45.000010102.6357   22.9839
    7.5000   37.5000   45.0000 9664.8848   23.0361
   -7.5000   45.0000   45.0000 8725.8965   22.5531
    0.0000   45.0000   45.0000 9104.8379   22.5839
    7.5000   45.0000   45.0000 8702.6816   22.6415

---------------------------------------------------------------------
imgreg_4dfp /opt/freesurfer/average/711-2C_as_mni_average_305 /opt/freesurfer/average/711-2B_as_mni_average_305_mask talsrcimg_g11 none talsrcimg_to_711-2C_as_mni_average_305_t4 4355
---------------------------------------------------------------------

freesurfer imgreg_4dfp.c
/opt/freesurfer/average/711-2C_as_mni_average_305.4dfp.img
       256       256       256         1
  1.000000  1.000000  1.000000
orientation T byte_order littleendian
Reading image: /opt/freesurfer/average/711-2C_as_mni_average_305.4dfp.img
dimensions:      256       256       256
mmppix:       1.0000   -1.0000   -1.0000
center:     128.0000 -129.0000 -129.0000
/opt/freesurfer/average/711-2B_as_mni_average_305_mask.4dfp.img
       256       256       256         1
  1.000000  1.000000  1.000000
orientation T byte_order littleendian
Reading mask: /opt/freesurfer/average/711-2B_as_mni_average_305_mask.4dfp.img (2306576 pixels)
talsrcimg_g11.4dfp.img
       256       256       256         1
  1.000000  1.000000  1.000000
orientation T byte_order littleendian
Reading image: talsrcimg_g11.4dfp.img
dimensions:      256       256       256
mmppix:       1.0000   -1.0000   -1.0000
center:     128.0000 -129.0000 -129.0000
rotation matrix determinant  1.000000
image alignment mode   4355 decimal     1103 hex
   -7.5000  -45.0000  -45.0000 2084.4033   26.2930
    0.0000  -45.0000  -45.0000 2106.9875   25.9141
    7.5000  -45.0000  -45.0000 2098.5750   26.0077
   -7.5000  -37.5000  -45.0000 2132.8103   24.9150
    0.0000  -37.5000  -45.0000 2151.6306   24.5842
    7.5000  -37.5000  -45.0000 2145.5737   24.5874
   -7.5000  -30.0000  -45.0000 2156.3674   24.0154
    0.0000  -30.0000  -45.0000 2179.1316   23.6191
    7.5000  -30.0000  -45.0000 2176.5640   23.6911
   -7.5000  -22.5000  -45.0000 2169.5403   23.6121
    0.0000  -22.5000  -45.0000 2190.4170   23.1948
    7.5000  -22.5000  -45.0000 2187.7690   23.2399
   -7.5000  -15.0000  -45.0000 2166.0918   23.5574
    0.0000  -15.0000  -45.0000 2189.6663   23.1347
    7.5000  -15.0000  -45.0000 2183.1194   23.1962
   -7.5000   -7.5000  -45.0000 2153.0354   23.7452
    0.0000   -7.5000  -45.0000 2172.2979   23.3250
    7.5000   -7.5000  -45.0000 2161.8892   23.4482
   -7.5000    0.0000  -45.0000 2116.0034   24.3658
    0.0000    0.0000  -45.0000 2134.1226   23.9412
    7.5000    0.0000  -45.0000 2125.0146   24.0403
   -7.5000    7.5000  -45.0000 2068.1238   25.3277
    0.0000    7.5000  -45.0000 2086.9885   24.8543
    7.5000    7.5000  -45.0000 2076.0254   24.9550
   -7.5000   15.0000  -45.0000 2016.8960   26.6744
    0.0000   15.0000  -45.0000 2035.4777   26.1601
    7.5000   15.0000  -45.0000 2019.6515   26.3512
   -7.5000   22.5000  -45.0000 1943.0477   28.6648
    0.0000   22.5000  -45.0000 1961.5889   28.1470
    7.5000   22.5000  -45.0000 1942.5415   28.3932
   -7.5000   30.0000  -45.0000 1849.1371   31.3536
    0.0000   30.0000  -45.0000 1871.1038   30.7769
    7.5000   30.0000  -45.0000 1850.1907   31.2070
   -7.5000   37.5000  -45.0000 1749.1523   35.2074
    0.0000   37.5000  -45.0000 1767.7290   34.5667
    7.5000   37.5000  -45.0000 1756.3925   34.9765
   -7.5000   45.0000  -45.0000 1635.3630   40.6376
    0.0000   45.0000  -45.0000 1654.3495   40.0276
    7.5000   45.0000  -45.0000 1641.3234   40.3638
   -7.5000  -45.0000  -37.5000 2184.4849   24.2274
    0.0000  -45.0000  -37.5000 2203.2444   23.9710
    7.5000  -45.0000  -37.5000 2199.9304   24.0253
   -7.5000  -37.5000  -37.5000 2233.1274   22.9199
    0.0000  -37.5000  -37.5000 2256.1091   22.6577
    7.5000  -37.5000  -37.5000 2253.1611   22.7277
   -7.5000  -30.0000  -37.5000 2261.7385   22.0053
    0.0000  -30.0000  -37.5000 2288.2961   21.7928
    7.5000  -30.0000  -37.5000 2284.4065   21.8320
   -7.5000  -22.5000  -37.5000 2268.7649   21.5857
    0.0000  -22.5000  -37.5000 2293.4141   21.2956
    7.5000  -22.5000  -37.5000 2288.3496   21.3372
   -7.5000  -15.0000  -37.5000 2261.6738   21.4592
    0.0000  -15.0000  -37.5000 2289.4546   21.1266
    7.5000  -15.0000  -37.5000 2282.4333   21.1714
   -7.5000   -7.5000  -37.5000 2255.7871   21.5479
    0.0000   -7.5000  -37.5000 2285.1960   21.2429
    7.5000   -7.5000  -37.5000 2271.3047   21.2463
   -7.5000    0.0000  -37.5000 2231.5645   22.0895
    0.0000    0.0000  -37.5000 2253.6604   21.7182
    7.5000    0.0000  -37.5000 2237.0476   21.7492
   -7.5000    7.5000  -37.5000 2186.5532   22.9845
    0.0000    7.5000  -37.5000 2207.8760   22.6099
    7.5000    7.5000  -37.5000 2197.8013   22.6800
   -7.5000   15.0000  -37.5000 2129.1628   24.2922
    0.0000   15.0000  -37.5000 2146.8140   23.8737
    7.5000   15.0000  -37.5000 2131.4692   23.9904
   -7.5000   22.5000  -37.5000 2049.5024   26.1423
    0.0000   22.5000  -37.5000 2065.0093   25.6255
    7.5000   22.5000  -37.5000 2055.0635   25.7965
   -7.5000   30.0000  -37.5000 1941.4718   28.5644
    0.0000   30.0000  -37.5000 1961.7448   28.0335
    7.5000   30.0000  -37.5000 1948.5205   28.3018
   -7.5000   37.5000  -37.5000 1840.3680   31.9400
    0.0000   37.5000  -37.5000 1857.4867   31.4245
    7.5000   37.5000  -37.5000 1848.8187   31.7009
   -7.5000   45.0000  -37.5000 1723.6490   36.7671
    0.0000   45.0000  -37.5000 1736.8828   36.1071
    7.5000   45.0000  -37.5000 1723.9901   36.4167
   -7.5000  -45.0000  -30.0000 2318.5759   23.1970
    0.0000  -45.0000  -30.0000 2337.9873   22.9712
    7.5000  -45.0000  -30.0000 2340.9822   23.0327
   -7.5000  -37.5000  -30.0000 2375.9739   21.9155
    0.0000  -37.5000  -30.0000 2400.1553   21.6977
    7.5000  -37.5000  -30.0000 2397.2832   21.7743
   -7.5000  -30.0000  -30.0000 2410.5278   21.0420
    0.0000  -30.0000  -30.0000 2437.4165   20.8110
    7.5000  -30.0000  -30.0000 2429.9111   20.8501
   -7.5000  -22.5000  -30.0000 2421.4919   20.5469
    0.0000  -22.5000  -30.0000 2448.9407   20.3133
    7.5000  -22.5000  -30.0000 2437.3184   20.3372
   -7.5000  -15.0000  -30.0000 2417.6274   20.3710
    0.0000  -15.0000  -30.0000 2443.6592   20.1212
    7.5000  -15.0000  -30.0000 2435.4941   20.1260
   -7.5000   -7.5000  -30.0000 2406.3213   20.4541
    0.0000   -7.5000  -30.0000 2435.6184   20.1995
    7.5000   -7.5000  -30.0000 2424.2278   20.2363
   -7.5000    0.0000  -30.0000 2390.5369   20.9616
    0.0000    0.0000  -30.0000 2415.7017   20.6521
    7.5000    0.0000  -30.0000 2397.8301   20.6904
   -7.5000    7.5000  -30.0000 2346.9277   21.8202
    0.0000    7.5000  -30.0000 2373.2549   21.4962
    7.5000    7.5000  -30.0000 2355.6794   21.5180
   -7.5000   15.0000  -30.0000 2276.4968   23.1160
    0.0000   15.0000  -30.0000 2295.6934   22.7471
    7.5000   15.0000  -30.0000 2281.5781   22.7738
   -7.5000   22.5000  -30.0000 2189.4954   24.8346
    0.0000   22.5000  -30.0000 2206.8047   24.3916
    7.5000   22.5000  -30.0000 2195.9263   24.5103
   -7.5000   30.0000  -30.0000 2075.2812   27.0676
    0.0000   30.0000  -30.0000 2095.7654   26.6143
    7.5000   30.0000  -30.0000 2084.4885   26.8153
   -7.5000   37.5000  -30.0000 1957.0553   30.1676
    0.0000   37.5000  -30.0000 1976.9233   29.7133
    7.5000   37.5000  -30.0000 1962.9929   29.9695
   -7.5000   45.0000  -30.0000 1833.3777   34.6502
    0.0000   45.0000  -30.0000 1848.9574   34.1201
    7.5000   45.0000  -30.0000 1835.1300   34.3769
   -7.5000  -45.0000  -22.5000 2430.3533   22.2187
    0.0000  -45.0000  -22.5000 2458.6616   21.9618
    7.5000  -45.0000  -22.5000 2453.1816   21.9954
   -7.5000  -37.5000  -22.5000 2499.4260   20.8024
    0.0000  -37.5000  -22.5000 2532.1890   20.5653
    7.5000  -37.5000  -22.5000 2520.7056   20.6354
   -7.5000  -30.0000  -22.5000 2540.7566   19.9370
    0.0000  -30.0000  -22.5000 2569.9368   19.6813
    7.5000  -30.0000  -22.5000 2558.3506   19.7522
   -7.5000  -22.5000  -22.5000 2558.7334   19.3961
    0.0000  -22.5000  -22.5000 2583.0242   19.1758
    7.5000  -22.5000  -22.5000 2572.3579   19.2274
   -7.5000  -15.0000  -22.5000 2559.9072   19.2557
    0.0000  -15.0000  -22.5000 2577.0081   18.9918
    7.5000  -15.0000  -22.5000 2569.7900   19.0621
   -7.5000   -7.5000  -22.5000 2547.6616   19.3730
    0.0000   -7.5000  -22.5000 2573.5667   19.0687
    7.5000   -7.5000  -22.5000 2557.4214   19.1467
   -7.5000    0.0000  -22.5000 2523.1543   19.7744
    0.0000    0.0000  -22.5000 2547.9021   19.5073
    7.5000    0.0000  -22.5000 2526.8184   19.5493
   -7.5000    7.5000  -22.5000 2482.2556   20.5752
    0.0000    7.5000  -22.5000 2510.2996   20.2673
    7.5000    7.5000  -22.5000 2489.9727   20.3413
   -7.5000   15.0000  -22.5000 2414.2808   21.7233
    0.0000   15.0000  -22.5000 2434.8521   21.4302
    7.5000   15.0000  -22.5000 2416.1907   21.5105
   -7.5000   22.5000  -22.5000 2311.1406   23.3722
    0.0000   22.5000  -22.5000 2335.7539   23.0056
    7.5000   22.5000  -22.5000 2319.7654   23.1386
   -7.5000   30.0000  -22.5000 2192.6602   25.5837
    0.0000   30.0000  -22.5000 2215.4609   25.1682
    7.5000   30.0000  -22.5000 2200.2539   25.3567
   -7.5000   37.5000  -22.5000 2065.0449   28.5149
    0.0000   37.5000  -22.5000 2085.9761   28.0823
    7.5000   37.5000  -22.5000 2072.9070   28.3065
   -7.5000   45.0000  -22.5000 1933.3843   32.6043
    0.0000   45.0000  -22.5000 1947.2906   32.0559
    7.5000   45.0000  -22.5000 1933.9210   32.4390
   -7.5000  -45.0000  -15.0000 2501.9927   21.2355
    0.0000  -45.0000  -15.0000 2533.9854   20.9879
    7.5000  -45.0000  -15.0000 2528.1436   21.0399
   -7.5000  -37.5000  -15.0000 2576.9084   19.7326
    0.0000  -37.5000  -15.0000 2610.6541   19.4694
    7.5000  -37.5000  -15.0000 2601.9753   19.5441
   -7.5000  -30.0000  -15.0000 2624.8486   18.7814
    0.0000  -30.0000  -15.0000 2657.7639   18.5411
    7.5000  -30.0000  -15.0000 2645.2722   18.6390
   -7.5000  -22.5000  -15.0000 2657.8325   18.2600
    0.0000  -22.5000  -15.0000 2683.4163   18.0535
    7.5000  -22.5000  -15.0000 2670.3896   18.1599
   -7.5000  -15.0000  -15.0000 2663.8132   18.0868
    0.0000  -15.0000  -15.0000 2684.6848   17.8812
    7.5000  -15.0000  -15.0000 2670.5315   17.9758
   -7.5000   -7.5000  -15.0000 2660.1243   18.2014
    0.0000   -7.5000  -15.0000 2684.3037   17.9458
    7.5000   -7.5000  -15.0000 2668.0095   18.0636
   -7.5000    0.0000  -15.0000 2630.4773   18.5743
    0.0000    0.0000  -15.0000 2663.4146   18.3187
    7.5000    0.0000  -15.0000 2640.9104   18.4423
   -7.5000    7.5000  -15.0000 2584.2722   19.2952
    0.0000    7.5000  -15.0000 2617.5906   19.0129
    7.5000    7.5000  -15.0000 2591.6277   19.1369
   -7.5000   15.0000  -15.0000 2512.0500   20.4268
    0.0000   15.0000  -15.0000 2542.9133   20.0975
    7.5000   15.0000  -15.0000 2516.6758   20.2253
   -7.5000   22.5000  -15.0000 2411.6458   21.9910
    0.0000   22.5000  -15.0000 2436.6006   21.6360
    7.5000   22.5000  -15.0000 2417.1221   21.7826
   -7.5000   30.0000  -15.0000 2285.2463   24.1025
    0.0000   30.0000  -15.0000 2306.9719   23.7460
    7.5000   30.0000  -15.0000 2286.1814   23.8716
   -7.5000   37.5000  -15.0000 2142.6633   26.9212
    0.0000   37.5000  -15.0000 2165.1506   26.5729
    7.5000   37.5000  -15.0000 2144.8716   26.6158
   -7.5000   45.0000  -15.0000 1998.5013   30.6008
    0.0000   45.0000  -15.0000 2019.3756   30.3251
    7.5000   45.0000  -15.0000 1995.1025   30.4815
   -7.5000  -45.0000   -7.5000 2552.9590   20.2468
    0.0000  -45.0000   -7.5000 2581.2253   19.9702
    7.5000  -45.0000   -7.5000 2577.0515   20.0757
   -7.5000  -37.5000   -7.5000 2638.8367   18.7421
    0.0000  -37.5000   -7.5000 2667.2380   18.4796
    7.5000  -37.5000   -7.5000 2658.0598   18.5959
   -7.5000  -30.0000   -7.5000 2690.5579   17.7114
    0.0000  -30.0000   -7.5000 2721.3958   17.4851
    7.5000  -30.0000   -7.5000 2709.6206   17.5618
   -7.5000  -22.5000   -7.5000 2732.2283   17.1373
    0.0000  -22.5000   -7.5000 2765.9741   16.9312
    7.5000  -22.5000   -7.5000 2745.2646   17.0183
   -7.5000  -15.0000   -7.5000 2749.4492   16.9027
    0.0000  -15.0000   -7.5000 2783.5188   16.7120
    7.5000  -15.0000   -7.5000 2758.8469   16.8235
   -7.5000   -7.5000   -7.5000 2751.5974   17.0040
    0.0000   -7.5000   -7.5000 2788.4695   16.7946
    7.5000   -7.5000   -7.5000 2766.5466   16.9221
   -7.5000    0.0000   -7.5000 2725.3665   17.4086
    0.0000    0.0000   -7.5000 2766.2480   17.1460
    7.5000    0.0000   -7.5000 2740.8303   17.3066
   -7.5000    7.5000   -7.5000 2684.6924   18.1055
    0.0000    7.5000   -7.5000 2715.6125   17.7897
    7.5000    7.5000   -7.5000 2688.3755   17.9619
   -7.5000   15.0000   -7.5000 2599.6748   19.1591
    0.0000   15.0000   -7.5000 2624.8232   18.8341
    7.5000   15.0000   -7.5000 2601.2783   18.9769
   -7.5000   22.5000   -7.5000 2490.0916   20.7019
    0.0000   22.5000   -7.5000 2515.3872   20.3631
    7.5000   22.5000   -7.5000 2491.1912   20.4937
   -7.5000   30.0000   -7.5000 2354.9648   22.7095
    0.0000   30.0000   -7.5000 2384.4980   22.3712
    7.5000   30.0000   -7.5000 2361.2932   22.4669
   -7.5000   37.5000   -7.5000 2209.1152   25.3183
    0.0000   37.5000   -7.5000 2230.9922   24.9991
    7.5000   37.5000   -7.5000 2204.2124   25.1123
   -7.5000   45.0000   -7.5000 2047.5436   28.8405
    0.0000   45.0000   -7.5000 2065.1729   28.5727
    7.5000   45.0000   -7.5000 2041.3018   28.6968
   -7.5000  -45.0000    0.0000 2584.8999   19.5381
    0.0000  -45.0000    0.0000 2615.3208   19.2030
    7.5000  -45.0000    0.0000 2605.4041   19.2489
   -7.5000  -37.5000    0.0000 2682.9841   18.0160
    0.0000  -37.5000    0.0000 2713.5557   17.7435
    7.5000  -37.5000    0.0000 2694.8755   17.7955
   -7.5000  -30.0000    0.0000 2742.9460   16.9087
    0.0000  -30.0000    0.0000 2773.5422   16.6386
    7.5000  -30.0000    0.0000 2756.8679   16.7350
   -7.5000  -22.5000    0.0000 2786.5798   16.2267
    0.0000  -22.5000    0.0000 2824.7141   15.9607
    7.5000  -22.5000    0.0000 2806.0154   16.0711
   -7.5000  -15.0000    0.0000 2817.6797   15.9262
    0.0000  -15.0000    0.0000 2856.0815   15.6732
    7.5000  -15.0000    0.0000 2829.4585   15.8036
   -7.5000   -7.5000    0.0000 2828.7786   16.0401
    0.0000   -7.5000    0.0000 2867.0325   15.7841
    7.5000   -7.5000    0.0000 2844.2581   15.9149
   -7.5000    0.0000    0.0000 2802.8010   16.4334
    0.0000    0.0000    0.0000 2845.6060   16.1521
    7.5000    0.0000    0.0000 2819.4392   16.3202
   -7.5000    7.5000    0.0000 2755.8047   17.1337
    0.0000    7.5000    0.0000 2784.0513   16.8351
    7.5000    7.5000    0.0000 2757.7588   17.0080
   -7.5000   15.0000    0.0000 2664.4397   18.2241
    0.0000   15.0000    0.0000 2688.2312   17.8809
    7.5000   15.0000    0.0000 2668.9551   18.0787
   -7.5000   22.5000    0.0000 2548.6392   19.7124
    0.0000   22.5000    0.0000 2570.9060   19.3405
    7.5000   22.5000    0.0000 2552.7244   19.5340
   -7.5000   30.0000    0.0000 2408.8655   21.6164
    0.0000   30.0000    0.0000 2436.1035   21.2367
    7.5000   30.0000    0.0000 2418.9277   21.4521
   -7.5000   37.5000    0.0000 2255.3115   24.0953
    0.0000   37.5000    0.0000 2278.4421   23.7277
    7.5000   37.5000    0.0000 2257.0405   24.0026
   -7.5000   45.0000    0.0000 2086.7793   27.5110
    0.0000   45.0000    0.0000 2102.9873   27.1241
    7.5000   45.0000    0.0000 2082.9102   27.4118
   -7.5000  -45.0000    7.5000 2603.0505   19.0918
    0.0000  -45.0000    7.5000 2635.2798   18.6896
    7.5000  -45.0000    7.5000 2626.1499   18.7243
   -7.5000  -37.5000    7.5000 2711.6150   17.5695
    0.0000  -37.5000    7.5000 2743.2419   17.2154
    7.5000  -37.5000    7.5000 2729.9834   17.2707
   -7.5000  -30.0000    7.5000 2788.9368   16.4892
    0.0000  -30.0000    7.5000 2821.0710   16.1494
    7.5000  -30.0000    7.5000 2807.0642   16.1905
   -7.5000  -22.5000    7.5000 2841.3291   15.6987
    0.0000  -22.5000    7.5000 2875.2849   15.3344
    7.5000  -22.5000    7.5000 2857.1917   15.4663
   -7.5000  -15.0000    7.5000 2877.1904   15.2883
    0.0000  -15.0000    7.5000 2913.9045   14.8748
    7.5000  -15.0000    7.5000 2882.4292   15.0890
   -7.5000   -7.5000    7.5000 2888.7344   15.3669
    0.0000   -7.5000    7.5000 2918.5063   14.9793
    7.5000   -7.5000    7.5000 2900.1409   15.1533
   -7.5000    0.0000    7.5000 2868.6602   15.8045
    0.0000    0.0000    7.5000 2897.5754   15.3984
    7.5000    0.0000    7.5000 2882.1536   15.5838
   -7.5000    7.5000    7.5000 2818.3379   16.5349
    0.0000    7.5000    7.5000 2840.7593   16.1630
    7.5000    7.5000    7.5000 2823.5986   16.4101
   -7.5000   15.0000    7.5000 2720.1843   17.6418
    0.0000   15.0000    7.5000 2738.9138   17.2080
    7.5000   15.0000    7.5000 2724.5271   17.5049
   -7.5000   22.5000    7.5000 2598.8413   19.1348
    0.0000   22.5000    7.5000 2615.8018   18.7141
    7.5000   22.5000    7.5000 2599.2615   18.9880
   -7.5000   30.0000    7.5000 2457.9385   21.0797
    0.0000   30.0000    7.5000 2481.7820   20.6087
    7.5000   30.0000    7.5000 2462.3760   20.9213
   -7.5000   37.5000    7.5000 2303.8210   23.5289
    0.0000   37.5000    7.5000 2323.8962   23.0792
    7.5000   37.5000    7.5000 2303.6221   23.4071
   -7.5000   45.0000    7.5000 2124.9355   26.7404
    0.0000   45.0000    7.5000 2139.9998   26.3296
    7.5000   45.0000    7.5000 2122.2861   26.6134
   -7.5000  -45.0000   15.0000 2604.3398   18.8787
    0.0000  -45.0000   15.0000 2636.8618   18.4761
    7.5000  -45.0000   15.0000 2620.5527   18.4563
   -7.5000  -37.5000   15.0000 2719.9480   17.3273
    0.0000  -37.5000   15.0000 2748.8384   16.9163
    7.5000  -37.5000   15.0000 2727.0229   16.9362
   -7.5000  -30.0000   15.0000 2815.1033   16.3043
    0.0000  -30.0000   15.0000 2845.7915   15.9174
    7.5000  -30.0000   15.0000 2823.3845   15.9155
   -7.5000  -22.5000   15.0000 2888.5730   15.6707
    0.0000  -22.5000   15.0000 2925.4651   15.2864
    7.5000  -22.5000   15.0000 2894.8362   15.2413
   -7.5000  -15.0000   15.0000 2934.1094   15.1792
    0.0000  -15.0000   15.0000 2958.2109   14.6548
    7.5000  -15.0000   15.0000 2929.8066   14.8263
   -7.5000   -7.5000   15.0000 2943.9038   15.1120
    0.0000   -7.5000   15.0000 2961.5718   14.5882
    7.5000   -7.5000   15.0000 2935.3118   14.8424
   -7.5000    0.0000   15.0000 2910.3674   15.4516
    0.0000    0.0000   15.0000 2930.0283   15.0137
    7.5000    0.0000   15.0000 2907.8044   15.2542
   -7.5000    7.5000   15.0000 2850.3962   16.1402
    0.0000    7.5000   15.0000 2878.6416   15.7544
    7.5000    7.5000   15.0000 2850.0581   15.9625
   -7.5000   15.0000   15.0000 2751.5710   17.2736
    0.0000   15.0000   15.0000 2783.1868   16.9199
    7.5000   15.0000   15.0000 2749.8521   17.0785
   -7.5000   22.5000   15.0000 2626.4907   18.8423
    0.0000   22.5000   15.0000 2653.9973   18.5109
    7.5000   22.5000   15.0000 2621.6121   18.6465
   -7.5000   30.0000   15.0000 2482.7920   20.7962
    0.0000   30.0000   15.0000 2513.4785   20.4439
    7.5000   30.0000   15.0000 2483.5930   20.5887
   -7.5000   37.5000   15.0000 2328.0515   23.1444
    0.0000   37.5000   15.0000 2352.5859   22.8425
    7.5000   37.5000   15.0000 2325.7119   23.0027
   -7.5000   45.0000   15.0000 2149.5400   26.3289
    0.0000   45.0000   15.0000 2165.5305   25.9760
    7.5000   45.0000   15.0000 2141.5583   26.1137
   -7.5000  -45.0000   22.5000 2594.9309   18.9376
    0.0000  -45.0000   22.5000 2614.3352   18.3986
    7.5000  -45.0000   22.5000 2601.6553   18.4414
   -7.5000  -37.5000   22.5000 2718.0090   17.4419
    0.0000  -37.5000   22.5000 2734.6365   16.9135
    7.5000  -37.5000   22.5000 2712.4307   16.9313
   -7.5000  -30.0000   22.5000 2823.5593   16.4280
    0.0000  -30.0000   22.5000 2842.8406   15.9554
    7.5000  -30.0000   22.5000 2818.0732   15.9766
   -7.5000  -22.5000   22.5000 2917.3154   15.7878
    0.0000  -22.5000   22.5000 2956.2229   15.4632
    7.5000  -22.5000   22.5000 2914.8357   15.4036
   -7.5000  -15.0000   22.5000 2977.8140   15.3851
    0.0000  -15.0000   22.5000 3037.7380   15.1640
    7.5000  -15.0000   22.5000 2967.8774   15.0519
   -7.5000   -7.5000   22.5000 2973.3120   15.1495
    0.0000   -7.5000   22.5000 3023.5820   14.8963
    7.5000   -7.5000   22.5000 2956.9666   14.9370
   -7.5000    0.0000   22.5000 2922.8687   15.3371
    0.0000    0.0000   22.5000 2961.3767   15.0524
    7.5000    0.0000   22.5000 2914.9917   15.1482
   -7.5000    7.5000   22.5000 2857.7673   15.9873
    0.0000    7.5000   22.5000 2894.9558   15.6575
    7.5000    7.5000   22.5000 2857.7703   15.7661
   -7.5000   15.0000   22.5000 2765.7407   17.1235
    0.0000   15.0000   22.5000 2793.2568   16.7881
    7.5000   15.0000   22.5000 2760.5483   16.9084
   -7.5000   22.5000   22.5000 2641.3738   18.7039
    0.0000   22.5000   22.5000 2665.0122   18.3308
    7.5000   22.5000   22.5000 2639.1438   18.4855
   -7.5000   30.0000   22.5000 2499.3503   20.6453
    0.0000   30.0000   22.5000 2520.6658   20.2692
    7.5000   30.0000   22.5000 2498.9912   20.4784
   -7.5000   37.5000   22.5000 2343.3547   23.1013
    0.0000   37.5000   22.5000 2362.5081   22.7095
    7.5000   37.5000   22.5000 2337.6355   22.9726
   -7.5000   45.0000   22.5000 2162.8235   26.2070
    0.0000   45.0000   22.5000 2187.2842   25.8514
    7.5000   45.0000   22.5000 2160.6062   26.0179
   -7.5000  -45.0000   30.0000 2578.9895   19.3545
    0.0000  -45.0000   30.0000 2589.0945   18.7524
    7.5000  -45.0000   30.0000 2577.1624   18.8149
   -7.5000  -37.5000   30.0000 2701.1692   17.7743
    0.0000  -37.5000   30.0000 2712.7302   17.2736
    7.5000  -37.5000   30.0000 2695.2065   17.3611
   -7.5000  -30.0000   30.0000 2809.4827   16.6998
    0.0000  -30.0000   30.0000 2830.3782   16.3050
    7.5000  -30.0000   30.0000 2806.8479   16.3557
   -7.5000  -22.5000   30.0000 2906.3398   15.9934
    0.0000  -22.5000   30.0000 2944.2271   15.7083
    7.5000  -22.5000   30.0000 2903.0901   15.6892
   -7.5000  -15.0000   30.0000 2964.5371   15.4495
    0.0000  -15.0000   30.0000 3022.3635   15.2198
    7.5000  -15.0000   30.0000 2960.0662   15.2682
   -7.5000   -7.5000   30.0000 2972.1414   15.2428
    0.0000   -7.5000   30.0000 3018.9312   14.9323
    7.5000   -7.5000   30.0000 2960.0596   15.1280
   -7.5000    0.0000   30.0000 2916.6064   15.5620
    0.0000    0.0000   30.0000 2954.4988   15.2464
    7.5000    0.0000   30.0000 2917.6604   15.4233
   -7.5000    7.5000   30.0000 2848.6155   16.2200
    0.0000    7.5000   30.0000 2875.9878   15.9341
    7.5000    7.5000   30.0000 2847.4353   16.0543
   -7.5000   15.0000   30.0000 2754.5015   17.3023
    0.0000   15.0000   30.0000 2774.0701   16.9584
    7.5000   15.0000   30.0000 2746.9263   17.0780
   -7.5000   22.5000   30.0000 2637.3625   18.7923
    0.0000   22.5000   30.0000 2654.5564   18.4229
    7.5000   22.5000   30.0000 2629.7854   18.5339
   -7.5000   30.0000   30.0000 2495.2656   20.7268
    0.0000   30.0000   30.0000 2514.5144   20.3652
    7.5000   30.0000   30.0000 2484.4624   20.5066
   -7.5000   37.5000   30.0000 2338.3296   23.1332
    0.0000   37.5000   30.0000 2354.1128   22.7509
    7.5000   37.5000   30.0000 2333.7803   22.9181
   -7.5000   45.0000   30.0000 2160.2417   26.2176
    0.0000   45.0000   30.0000 2176.5310   25.8084
    7.5000   45.0000   30.0000 2162.6526   26.0347
   -7.5000  -45.0000   37.5000 2551.6958   19.9356
    0.0000  -45.0000   37.5000 2564.3779   19.3188
    7.5000  -45.0000   37.5000 2551.3152   19.5658
   -7.5000  -37.5000   37.5000 2669.8245   18.2931
    0.0000  -37.5000   37.5000 2682.6672   17.7412
    7.5000  -37.5000   37.5000 2668.1379   17.9611
   -7.5000  -30.0000   37.5000 2781.9980   17.1054
    0.0000  -30.0000   37.5000 2796.4319   16.6090
    7.5000  -30.0000   37.5000 2776.3352   16.8011
   -7.5000  -22.5000   37.5000 2864.3586   16.1787
    0.0000  -22.5000   37.5000 2891.4832   15.8166
    7.5000  -22.5000   37.5000 2861.5581   15.9841
   -7.5000  -15.0000   37.5000 2913.3259   15.5939
    0.0000  -15.0000   37.5000 2938.5483   15.1382
    7.5000  -15.0000   37.5000 2905.1687   15.4986
   -7.5000   -7.5000   37.5000 2928.7815   15.4808
    0.0000   -7.5000   37.5000 2955.6094   15.0955
    7.5000   -7.5000   37.5000 2916.1479   15.3960
   -7.5000    0.0000   37.5000 2884.7812   15.8795
    0.0000    0.0000   37.5000 2913.8347   15.5476
    7.5000    0.0000   37.5000 2879.5447   15.7269
   -7.5000    7.5000   37.5000 2814.6909   16.6361
    0.0000    7.5000   37.5000 2839.8601   16.2993
    7.5000    7.5000   37.5000 2807.3284   16.4341
   -7.5000   15.0000   37.5000 2720.8464   17.7065
    0.0000   15.0000   37.5000 2738.8213   17.3593
    7.5000   15.0000   37.5000 2713.5188   17.4937
   -7.5000   22.5000   37.5000 2609.7808   19.1543
    0.0000   22.5000   37.5000 2626.3250   18.7744
    7.5000   22.5000   37.5000 2601.0605   18.8928
   -7.5000   30.0000   37.5000 2478.2192   21.0233
    0.0000   30.0000   37.5000 2495.6348   20.6471
    7.5000   30.0000   37.5000 2467.9363   20.7822
   -7.5000   37.5000   37.5000 2317.8962   23.3644
    0.0000   37.5000   37.5000 2335.3940   23.0391
    7.5000   37.5000   37.5000 2315.6799   23.1701
   -7.5000   45.0000   37.5000 2137.7783   26.3963
    0.0000   45.0000   37.5000 2157.8335   26.0536
    7.5000   45.0000   37.5000 2144.5413   26.2490
   -7.5000  -45.0000   45.0000 2507.5688   20.6324
    0.0000  -45.0000   45.0000 2523.0527   19.9805
    7.5000  -45.0000   45.0000 2511.7095   20.3306
   -7.5000  -37.5000   45.0000 2624.9426   18.9008
    0.0000  -37.5000   45.0000 2641.2473   18.2831
    7.5000  -37.5000   45.0000 2629.2773   18.6354
   -7.5000  -30.0000   45.0000 2732.7473   17.5871
    0.0000  -30.0000   45.0000 2753.5327   17.0809
    7.5000  -30.0000   45.0000 2733.4219   17.3656
   -7.5000  -22.5000   45.0000 2816.1531   16.6738
    0.0000  -22.5000   45.0000 2834.9685   16.1917
    7.5000  -22.5000   45.0000 2810.3933   16.5116
   -7.5000  -15.0000   45.0000 2872.7554   16.1803
    0.0000  -15.0000   45.0000 2893.4834   15.7154
    7.5000  -15.0000   45.0000 2857.7017   16.0170
   -7.5000   -7.5000   45.0000 2890.4214   16.1557
    0.0000   -7.5000   45.0000 2913.5569   15.7814
    7.5000   -7.5000   45.0000 2876.3369   16.0041
   -7.5000    0.0000   45.0000 2856.6951   16.5251
    0.0000    0.0000   45.0000 2878.3989   16.1775
    7.5000    0.0000   45.0000 2840.7915   16.3489
   -7.5000    7.5000   45.0000 2776.9624   17.2659
    0.0000    7.5000   45.0000 2796.9705   16.9238
    7.5000    7.5000   45.0000 2768.7361   17.0753
   -7.5000   15.0000   45.0000 2680.9333   18.3309
    0.0000   15.0000   45.0000 2699.1885   18.0281
    7.5000   15.0000   45.0000 2674.1399   18.1824
   -7.5000   22.5000   45.0000 2565.0217   19.7695
    0.0000   22.5000   45.0000 2583.6104   19.4424
    7.5000   22.5000   45.0000 2557.7742   19.5904
   -7.5000   30.0000   45.0000 2425.3752   21.5601
    0.0000   30.0000   45.0000 2446.8625   21.2047
    7.5000   30.0000   45.0000 2424.9060   21.3679
   -7.5000   37.5000   45.0000 2271.5579   23.8737
    0.0000   37.5000   45.0000 2285.1497   23.5063
    7.5000   37.5000   45.0000 2269.5715   23.7127
   -7.5000   45.0000   45.0000 2103.6589   26.9559
    0.0000   45.0000   45.0000 2118.4448   26.6012
    7.5000   45.0000   45.0000 2105.4563   26.7568

---------------------------------------------------------------------
imgreg_4dfp /opt/freesurfer/average/711-2C_as_mni_average_305 /opt/freesurfer/average/711-2B_as_mni_average_305_mask talsrcimg_g11 none talsrcimg_to_711-2C_as_mni_average_305_t4 1283
---------------------------------------------------------------------

freesurfer imgreg_4dfp.c
/opt/freesurfer/average/711-2C_as_mni_average_305.4dfp.img
       256       256       256         1
  1.000000  1.000000  1.000000
orientation T byte_order littleendian
Reading image: /opt/freesurfer/average/711-2C_as_mni_average_305.4dfp.img
dimensions:      256       256       256
mmppix:       1.0000   -1.0000   -1.0000
center:     128.0000 -129.0000 -129.0000
/opt/freesurfer/average/711-2B_as_mni_average_305_mask.4dfp.img
       256       256       256         1
  1.000000  1.000000  1.000000
orientation T byte_order littleendian
Reading mask: /opt/freesurfer/average/711-2B_as_mni_average_305_mask.4dfp.img (2306576 pixels)
talsrcimg_g11.4dfp.img
       256       256       256         1
  1.000000  1.000000  1.000000
orientation T byte_order littleendian
Reading image: talsrcimg_g11.4dfp.img
dimensions:      256       256       256
mmppix:       1.0000   -1.0000   -1.0000
center:     128.0000 -129.0000 -129.0000
rotation matrix determinant  1.000000
fimgreg.f
image alignment mode   1283 decimal      503 hex
parameters
    0.0000  -15.0000   22.5000    0.0000    0.0000    0.0000
eta,q 0.95225 15.23437
niter,ni,del,rscale     5    3   12.0000    1.2000
parameter  4  1.089259 ->  0.500000 qaram    1.1500
parameter  5 -0.668423 -> -0.500000 qaram    1.1500
parameters
   -0.3224  -12.7532   24.4490   -3.4500    3.4500    1.1270
eta,q 0.96215 15.26877
  0.0593  0.0647  0.0629  0.0429  0.0580  0.0472
  0.0512  0.0571  0.0548  0.0418  0.0517  0.0436
  0.0476  0.0510  0.0486  0.0429  0.0463  0.0404
  0.0477  0.0472  0.0455  0.0448  0.0418  0.0382
  0.0495  0.0457  0.0448  0.0462  0.0388  0.0381
  0.0534  0.0470  0.0458  0.0471  0.0384  0.0399
  0.0615  0.0498  0.0491  0.0495  0.0398  0.0427
niter,ni,del,rscale     6    3   12.0000    1.2000
parameters
   -0.9637  -11.7398   24.7976   -4.2755    3.8983    0.8734
eta,q 0.96297 15.24047
  0.0540  0.0570  0.0527  0.0432  0.0503  0.0432
  0.0445  0.0484  0.0447  0.0398  0.0441  0.0400
  0.0377  0.0409  0.0392  0.0379  0.0395  0.0377
  0.0379  0.0370  0.0372  0.0373  0.0371  0.0371
  0.0436  0.0385  0.0391  0.0399  0.0380  0.0386
  0.0504  0.0425  0.0431  0.0427  0.0415  0.0411
  0.0608  0.0468  0.0490  0.0455  0.0478  0.0437
niter,ni,del,rscale     5    3   12.0000    1.2000
parameters
   -1.1647  -11.3491   24.8380   -4.6608    4.0498    0.7792
eta,q 0.96295 15.21857
  0.0564  0.0540  0.0512  0.0441  0.0495  0.0433
  0.0470  0.0452  0.0438  0.0400  0.0437  0.0401
  0.0384  0.0386  0.0387  0.0379  0.0393  0.0378
  0.0370  0.0368  0.0371  0.0371  0.0371  0.0371
  0.0422  0.0393  0.0391  0.0392  0.0382  0.0384
  0.0487  0.0437  0.0436  0.0420  0.0426  0.0408
  0.0581  0.0489  0.0507  0.0449  0.0490  0.0433
niter,ni,del,rscale     4    3   12.0000    1.2000
parameters
   -1.2381  -11.2111   24.8276   -4.7912    4.1062    0.7626
eta,q 0.96294 15.21026
  0.0569  0.0527  0.0509  0.0447  0.0492  0.0435
  0.0480  0.0440  0.0438  0.0404  0.0436  0.0401
  0.0392  0.0380  0.0388  0.0381  0.0392  0.0379
  0.0370  0.0370  0.0371  0.0371  0.0371  0.0371
  0.0419  0.0396  0.0390  0.0387  0.0384  0.0383
  0.0484  0.0444  0.0437  0.0417  0.0430  0.0406
  0.0572  0.0499  0.0511  0.0445  0.0493  0.0431
niter,ni,del,rscale     3    3   12.0000    1.2000
parameters
   -1.2608  -11.1705   24.8217   -4.8354    4.1220    0.7602
eta,q 0.96293 15.20800
  0.0571  0.0522  0.0509  0.0449  0.0491  0.0435
  0.0483  0.0435  0.0438  0.0406  0.0436  0.0402
  0.0394  0.0379  0.0388  0.0381  0.0392  0.0379
  0.0371  0.0370  0.0371  0.0371  0.0371  0.0371
  0.0418  0.0397  0.0390  0.0386  0.0384  0.0383
  0.0482  0.0447  0.0436  0.0416  0.0431  0.0406
  0.0569  0.0502  0.0511  0.0444  0.0495  0.0431
registration optimization eta report
parameter search radius
    6.0000    6.0000    6.0000    6.9000    6.9000    6.0000
100000*second partial in parameter space
       53.       39.       38.       15.       25.       17.
  0.0571  0.0522  0.0509  0.0449  0.0491  0.0435
  0.0483  0.0435  0.0438  0.0406  0.0436  0.0402
  0.0394  0.0379  0.0388  0.0381  0.0392  0.0379
  0.0371  0.0370  0.0371  0.0371  0.0371  0.0371
  0.0418  0.0397  0.0390  0.0386  0.0384  0.0383
  0.0482  0.0447  0.0436  0.0416  0.0431  0.0406
  0.0569  0.0502  0.0511  0.0444  0.0495  0.0431
   -1.2608  -11.1705   24.8217   -4.8354    4.1220    0.7602
eta,q 0.96293 15.20800

---------------------------------------------------------------------
imgreg_4dfp /opt/freesurfer/average/711-2C_as_mni_average_305 /opt/freesurfer/average/711-2B_as_mni_average_305_mask talsrcimg_g11 none talsrcimg_to_711-2C_as_mni_average_305_t4 3335
---------------------------------------------------------------------

freesurfer imgreg_4dfp.c
/opt/freesurfer/average/711-2C_as_mni_average_305.4dfp.img
       256       256       256         1
  1.000000  1.000000  1.000000
orientation T byte_order littleendian
Reading image: /opt/freesurfer/average/711-2C_as_mni_average_305.4dfp.img
dimensions:      256       256       256
mmppix:       1.0000   -1.0000   -1.0000
center:     128.0000 -129.0000 -129.0000
/opt/freesurfer/average/711-2B_as_mni_average_305_mask.4dfp.img
       256       256       256         1
  1.000000  1.000000  1.000000
orientation T byte_order littleendian
Reading mask: /opt/freesurfer/average/711-2B_as_mni_average_305_mask.4dfp.img (2306576 pixels)
talsrcimg_g11.4dfp.img
       256       256       256         1
  1.000000  1.000000  1.000000
orientation T byte_order littleendian
Reading image: talsrcimg_g11.4dfp.img
dimensions:      256       256       256
mmppix:       1.0000   -1.0000   -1.0000
center:     128.0000 -129.0000 -129.0000
fimgreg.f
image alignment mode   3335 decimal      D07 hex
parameters
   -1.2608  -11.1705   24.8217   -0.2674   -0.3566   -0.6136
   -0.7162   -7.2736    1.3233    8.3335    7.1880   -8.4075
eta,q 0.96392 15.22197
niter,ni,del,rscale     5    3    5.0000    1.2000
parameter  4  0.964552 ->  0.500000 qaram    1.1500
parameter  5  1.685620 ->  0.500000 qaram    1.1500
parameters
   -1.2582  -11.2046   24.5312   -4.4074   -4.4966   -0.5627
   -0.9909   -6.9882    2.4511    7.6433    8.4154   -8.3251
eta,q 0.97186 15.09825
  0.0400  0.0385  0.0378  0.0321  0.0272  0.0326  0.0311  0.0352  0.0312  0.0321  0.0300  0.0303
  0.0378  0.0371  0.0367  0.0324  0.0279  0.0309  0.0295  0.0313  0.0298  0.0297  0.0290  0.0291
  0.0364  0.0363  0.0361  0.0335  0.0297  0.0295  0.0285  0.0289  0.0288  0.0284  0.0284  0.0284
  0.0361  0.0361  0.0361  0.0360  0.0326  0.0283  0.0282  0.0282  0.0283  0.0282  0.0282  0.0281
  0.0366  0.0364  0.0365  0.0396  0.0359  0.0275  0.0287  0.0291  0.0283  0.0290  0.0282  0.0284
  0.0379  0.0373  0.0375  0.0441  0.0391  0.0290  0.0298  0.0310  0.0288  0.0310  0.0284  0.0291
  0.0399  0.0386  0.0389  0.0490  0.0426  0.0343  0.0316  0.0338  0.0298  0.0339  0.0290  0.0301
niter,ni,del,rscale     6    3    5.0000    1.2000
parameters
   -0.9378  -11.0570   24.3580   -7.8557   -8.2235    2.3979
   -1.4136   -7.0329    2.5547    7.2384    9.0536   -9.5923
eta,q 0.97469 14.86791
  0.0328  0.0316  0.0294  0.0285  0.0286  0.0311  0.0281  0.0321  0.0277  0.0299  0.0269  0.0267
  0.0305  0.0297  0.0286  0.0280  0.0275  0.0296  0.0266  0.0280  0.0265  0.0274  0.0261  0.0256
  0.0289  0.0285  0.0281  0.0278  0.0271  0.0284  0.0257  0.0258  0.0257  0.0259  0.0257  0.0253
  0.0281  0.0281  0.0281  0.0280  0.0279  0.0271  0.0255  0.0255  0.0254  0.0254  0.0254  0.0254
  0.0282  0.0283  0.0283  0.0296  0.0302  0.0257  0.0260  0.0264  0.0256  0.0261  0.0255  0.0259
  0.0291  0.0292  0.0289  0.0327  0.0336  0.0253  0.0271  0.0285  0.0264  0.0280  0.0258  0.0266
  0.0309  0.0308  0.0298  0.0374  0.0371  0.0281  0.0288  0.0317  0.0276  0.0313  0.0265  0.0278
niter,ni,del,rscale     5    3    5.0000    1.2000
parameters
   -0.9211  -10.8052   24.5751   -8.2434   -9.4939    1.6620
   -1.4851   -7.3329    2.3985    7.8602    9.2725  -10.0217
eta,q 0.97427 14.77864
  0.0289  0.0290  0.0276  0.0281  0.0288  0.0294  0.0286  0.0307  0.0278  0.0302  0.0266  0.0270
  0.0269  0.0271  0.0263  0.0268  0.0271  0.0282  0.0271  0.0273  0.0267  0.0279  0.0261  0.0262
  0.0257  0.0259  0.0256  0.0259  0.0259  0.0269  0.0261  0.0259  0.0260  0.0265  0.0259  0.0258
  0.0253  0.0253  0.0253  0.0252  0.0253  0.0254  0.0259  0.0259  0.0258  0.0258  0.0258  0.0257
  0.0257  0.0254  0.0254  0.0251  0.0261  0.0250  0.0262  0.0266  0.0261  0.0259  0.0258  0.0260
  0.0268  0.0262  0.0259  0.0264  0.0288  0.0278  0.0272  0.0283  0.0268  0.0269  0.0260  0.0265
  0.0287  0.0278  0.0268  0.0297  0.0326  0.0344  0.0286  0.0311  0.0280  0.0291  0.0266  0.0273
niter,ni,del,rscale     4    3    5.0000    1.2000
parameters
   -0.9390  -10.6131   24.4913   -7.7306   -9.6247    1.5157
   -1.3832   -7.3475    2.3179    8.1480    9.3603  -10.2766
eta,q 0.97431 14.80062
  0.0289  0.0289  0.0271  0.0286  0.0297  0.0298  0.0286  0.0312  0.0277  0.0298  0.0266  0.0271
  0.0271  0.0272  0.0263  0.0274  0.0281  0.0285  0.0270  0.0276  0.0266  0.0276  0.0261  0.0262
  0.0261  0.0262  0.0258  0.0264  0.0265  0.0272  0.0261  0.0259  0.0260  0.0263  0.0258  0.0257
  0.0257  0.0257  0.0257  0.0257  0.0256  0.0256  0.0257  0.0257  0.0257  0.0257  0.0257  0.0257
  0.0261  0.0259  0.0259  0.0253  0.0257  0.0247  0.0261  0.0264  0.0260  0.0259  0.0258  0.0259
  0.0272  0.0266  0.0264  0.0261  0.0275  0.0267  0.0270  0.0280  0.0267  0.0271  0.0260  0.0264
  0.0290  0.0280  0.0273  0.0287  0.0308  0.0325  0.0284  0.0308  0.0278  0.0293  0.0266  0.0272
niter,ni,del,rscale     3    3    5.0000    1.2000
parameters
   -0.9453  -10.5580   24.4382   -7.7275   -9.6344    1.4870
   -1.3400   -7.3643    2.2671    8.2760    9.4122  -10.3751
eta,q 0.97430 14.80126
  0.0289  0.0285  0.0271  0.0285  0.0298  0.0299  0.0286  0.0312  0.0277  0.0296  0.0266  0.0272
  0.0271  0.0270  0.0263  0.0273  0.0282  0.0286  0.0270  0.0276  0.0266  0.0275  0.0261  0.0262
  0.0260  0.0260  0.0258  0.0263  0.0267  0.0273  0.0260  0.0259  0.0259  0.0262  0.0258  0.0258
  0.0257  0.0257  0.0257  0.0257  0.0257  0.0257  0.0257  0.0257  0.0257  0.0257  0.0257  0.0257
  0.0261  0.0260  0.0259  0.0254  0.0257  0.0247  0.0261  0.0264  0.0259  0.0260  0.0258  0.0259
  0.0271  0.0268  0.0264  0.0265  0.0274  0.0266  0.0270  0.0280  0.0266  0.0272  0.0260  0.0264
  0.0290  0.0283  0.0273  0.0293  0.0307  0.0322  0.0284  0.0308  0.0278  0.0295  0.0266  0.0271
niter,ni,del,rscale     2    3    5.0000    1.2000
parameters
   -0.9455  -10.5354   24.4202   -7.7142   -9.6462    1.4733
   -1.3164   -7.3715    2.2406    8.3252    9.4372  -10.4119
eta,q 0.97430 14.80168
  0.0289  0.0284  0.0272  0.0285  0.0298  0.0299  0.0285  0.0312  0.0277  0.0295  0.0266  0.0272
  0.0271  0.0269  0.0263  0.0273  0.0282  0.0286  0.0270  0.0276  0.0266  0.0275  0.0261  0.0263
  0.0260  0.0260  0.0258  0.0264  0.0267  0.0273  0.0260  0.0259  0.0259  0.0262  0.0258  0.0258
  0.0257  0.0257  0.0257  0.0257  0.0257  0.0257  0.0257  0.0257  0.0257  0.0257  0.0257  0.0257
  0.0261  0.0260  0.0259  0.0254  0.0257  0.0247  0.0261  0.0264  0.0259  0.0260  0.0258  0.0259
  0.0271  0.0269  0.0264  0.0265  0.0274  0.0266  0.0270  0.0280  0.0266  0.0272  0.0260  0.0264
  0.0289  0.0283  0.0272  0.0293  0.0307  0.0322  0.0284  0.0308  0.0278  0.0296  0.0266  0.0271
registration optimization eta report
parameter search radius
    2.4000    2.4000    2.4000    8.2800    8.2800    7.2000
    7.2000    7.2000    7.2000    7.2000    7.2000    7.2000
100000*second partial in parameter space
       56.       46.       26.        5.        7.       11.
        5.       10.        4.        7.        2.        3.
  0.0289  0.0284  0.0272  0.0285  0.0298  0.0299  0.0285  0.0312  0.0277  0.0295  0.0266  0.0272
  0.0271  0.0269  0.0263  0.0273  0.0282  0.0286  0.0270  0.0276  0.0266  0.0275  0.0261  0.0263
  0.0260  0.0260  0.0258  0.0264  0.0267  0.0273  0.0260  0.0259  0.0259  0.0262  0.0258  0.0258
  0.0257  0.0257  0.0257  0.0257  0.0257  0.0257  0.0257  0.0257  0.0257  0.0257  0.0257  0.0257
  0.0261  0.0260  0.0259  0.0254  0.0257  0.0247  0.0261  0.0264  0.0259  0.0260  0.0258  0.0259
  0.0271  0.0269  0.0264  0.0265  0.0274  0.0266  0.0270  0.0280  0.0266  0.0272  0.0260  0.0264
  0.0289  0.0283  0.0272  0.0293  0.0307  0.0322  0.0284  0.0308  0.0278  0.0296  0.0266  0.0271
   -0.9455  -10.5354   24.4202   -7.7142   -9.6462    1.4733
   -1.3164   -7.3715    2.2406    8.3252    9.4372  -10.4119
eta,q 0.97430 14.80168

---------------------------------------------------------------------
imgreg_4dfp /opt/freesurfer/average/711-2C_as_mni_average_305 /opt/freesurfer/average/711-2B_as_mni_average_305_mask talsrcimg_g11 none talsrcimg_to_711-2C_as_mni_average_305_t4 2311
---------------------------------------------------------------------

freesurfer imgreg_4dfp.c
/opt/freesurfer/average/711-2C_as_mni_average_305.4dfp.img
       256       256       256         1
  1.000000  1.000000  1.000000
orientation T byte_order littleendian
Reading image: /opt/freesurfer/average/711-2C_as_mni_average_305.4dfp.img
dimensions:      256       256       256
mmppix:       1.0000   -1.0000   -1.0000
center:     128.0000 -129.0000 -129.0000
/opt/freesurfer/average/711-2B_as_mni_average_305_mask.4dfp.img
       256       256       256         1
  1.000000  1.000000  1.000000
orientation T byte_order littleendian
Reading mask: /opt/freesurfer/average/711-2B_as_mni_average_305_mask.4dfp.img (2306576 pixels)
talsrcimg_g11.4dfp.img
       256       256       256         1
  1.000000  1.000000  1.000000
orientation T byte_order littleendian
Reading image: talsrcimg_g11.4dfp.img
dimensions:      256       256       256
mmppix:       1.0000   -1.0000   -1.0000
center:     128.0000 -129.0000 -129.0000
fimgreg.f
image alignment mode   2311 decimal      907 hex
parameters
   -0.9455  -10.5354   24.4202   -7.7142   -9.6462    1.4733
   -1.3164   -7.3715    2.2406    8.3252    9.4372  -10.4119
eta,q 0.97430 14.80168
niter,ni,del,rscale     5    3    5.0000    0.8000
parameters
   -0.9475  -10.5345   24.4103   -5.9857   -8.9649    2.4770
   -1.2743   -7.4725    2.4061    8.2399    9.3493  -10.8180
eta,q 0.97521 14.93979
  0.0271  0.0269  0.0264  0.0270  0.0275  0.0285  0.0263  0.0283  0.0259  0.0272  0.0256  0.0256
  0.0263  0.0262  0.0260  0.0265  0.0266  0.0275  0.0255  0.0261  0.0253  0.0258  0.0251  0.0251
  0.0259  0.0258  0.0258  0.0261  0.0259  0.0265  0.0250  0.0250  0.0250  0.0251  0.0249  0.0248
  0.0257  0.0257  0.0257  0.0257  0.0254  0.0253  0.0248  0.0248  0.0248  0.0248  0.0248  0.0248
  0.0259  0.0258  0.0258  0.0255  0.0253  0.0246  0.0250  0.0254  0.0249  0.0251  0.0249  0.0250
  0.0263  0.0262  0.0260  0.0255  0.0257  0.0250  0.0255  0.0266  0.0252  0.0259  0.0252  0.0254
  0.0271  0.0269  0.0264  0.0260  0.0268  0.0274  0.0263  0.0283  0.0258  0.0274  0.0256  0.0259
niter,ni,del,rscale     4    3    5.0000    0.7000
parameters
   -1.0193  -10.5614   24.4803   -6.5940   -9.1279    2.7733
   -1.3349   -7.6168    2.4440    8.2938    9.2458  -10.9986
eta,q 0.97532 14.91194
  0.0260  0.0258  0.0257  0.0256  0.0262  0.0276  0.0258  0.0272  0.0255  0.0266  0.0253  0.0254
  0.0253  0.0252  0.0252  0.0252  0.0255  0.0267  0.0252  0.0256  0.0251  0.0256  0.0249  0.0249
  0.0249  0.0249  0.0249  0.0249  0.0251  0.0257  0.0248  0.0248  0.0248  0.0249  0.0247  0.0247
  0.0248  0.0248  0.0248  0.0248  0.0248  0.0248  0.0247  0.0247  0.0247  0.0247  0.0247  0.0247
  0.0250  0.0249  0.0248  0.0249  0.0249  0.0245  0.0249  0.0252  0.0248  0.0249  0.0248  0.0248
  0.0255  0.0253  0.0251  0.0255  0.0255  0.0253  0.0252  0.0260  0.0250  0.0255  0.0250  0.0251
  0.0263  0.0259  0.0255  0.0266  0.0266  0.0276  0.0259  0.0273  0.0255  0.0265  0.0253  0.0255
niter,ni,del,rscale     3    3    5.0000    0.6000
parameters
   -1.0248  -10.5616   24.4866   -6.5702   -9.1490    2.9842
   -1.3081   -7.6537    2.4607    8.2956    9.2069  -11.1357
eta,q 0.97540 14.91374
  0.0257  0.0255  0.0253  0.0255  0.0258  0.0270  0.0255  0.0266  0.0252  0.0261  0.0251  0.0252
  0.0251  0.0250  0.0250  0.0251  0.0253  0.0261  0.0250  0.0254  0.0249  0.0252  0.0248  0.0248
  0.0248  0.0248  0.0247  0.0249  0.0249  0.0253  0.0247  0.0247  0.0247  0.0248  0.0246  0.0246
  0.0247  0.0247  0.0247  0.0247  0.0247  0.0247  0.0246  0.0246  0.0246  0.0246  0.0246  0.0246
  0.0248  0.0248  0.0248  0.0247  0.0248  0.0245  0.0247  0.0249  0.0247  0.0248  0.0247  0.0247
  0.0251  0.0250  0.0250  0.0250  0.0252  0.0252  0.0250  0.0256  0.0249  0.0252  0.0248  0.0249
  0.0257  0.0255  0.0253  0.0256  0.0259  0.0270  0.0255  0.0266  0.0252  0.0261  0.0251  0.0252
niter,ni,del,rscale     2    3    5.0000    0.5000
parameters
   -1.0414  -10.5587   24.5037   -6.4817   -9.1563    3.1839
   -1.2912   -7.6964    2.4784    8.2647    9.1974  -11.2410
eta,q 0.97547 14.91803
  0.0253  0.0252  0.0251  0.0252  0.0254  0.0264  0.0251  0.0260  0.0250  0.0256  0.0249  0.0250
  0.0249  0.0249  0.0248  0.0249  0.0250  0.0257  0.0248  0.0251  0.0247  0.0250  0.0247  0.0247
  0.0247  0.0247  0.0247  0.0247  0.0247  0.0250  0.0246  0.0246  0.0246  0.0246  0.0246  0.0246
  0.0246  0.0246  0.0246  0.0246  0.0246  0.0246  0.0245  0.0245  0.0245  0.0245  0.0245  0.0245
  0.0247  0.0247  0.0246  0.0246  0.0247  0.0245  0.0246  0.0248  0.0246  0.0247  0.0246  0.0246
  0.0249  0.0249  0.0248  0.0248  0.0249  0.0250  0.0248  0.0253  0.0247  0.0250  0.0247  0.0248
  0.0253  0.0252  0.0250  0.0252  0.0255  0.0263  0.0251  0.0260  0.0250  0.0256  0.0249  0.0250
niter,ni,del,rscale     1    3    5.0000    0.4000
parameters
   -1.0597  -10.5629   24.5254   -6.4355   -9.1644    3.3741
   -1.2799   -7.7441    2.4651    8.2132    9.2103  -11.2885
eta,q 0.97551 14.91929
  0.0250  0.0249  0.0249  0.0249  0.0251  0.0258  0.0249  0.0255  0.0248  0.0252  0.0247  0.0248
  0.0247  0.0247  0.0247  0.0248  0.0248  0.0253  0.0247  0.0249  0.0246  0.0248  0.0246  0.0246
  0.0246  0.0246  0.0246  0.0246  0.0246  0.0248  0.0245  0.0246  0.0245  0.0245  0.0245  0.0245
  0.0245  0.0245  0.0245  0.0245  0.0245  0.0245  0.0245  0.0245  0.0245  0.0245  0.0245  0.0245
  0.0246  0.0246  0.0246  0.0245  0.0246  0.0245  0.0245  0.0246  0.0245  0.0246  0.0245  0.0245
  0.0248  0.0247  0.0247  0.0247  0.0248  0.0248  0.0247  0.0250  0.0246  0.0248  0.0246  0.0246
  0.0250  0.0249  0.0248  0.0250  0.0251  0.0257  0.0249  0.0255  0.0248  0.0252  0.0247  0.0248
registration optimization eta report
parameter search radius
    0.8000    0.8000    0.8000    2.4000    2.4000    2.4000
    2.4000    2.4000    2.4000    2.4000    2.4000    2.4000
100000*second partial in parameter space
       73.       59.       48.        7.       10.       21.
        7.       17.        5.       12.        4.        5.
  0.0250  0.0249  0.0249  0.0249  0.0251  0.0258  0.0249  0.0255  0.0248  0.0252  0.0247  0.0248
  0.0247  0.0247  0.0247  0.0248  0.0248  0.0253  0.0247  0.0249  0.0246  0.0248  0.0246  0.0246
  0.0246  0.0246  0.0246  0.0246  0.0246  0.0248  0.0245  0.0246  0.0245  0.0245  0.0245  0.0245
  0.0245  0.0245  0.0245  0.0245  0.0245  0.0245  0.0245  0.0245  0.0245  0.0245  0.0245  0.0245
  0.0246  0.0246  0.0246  0.0245  0.0246  0.0245  0.0245  0.0246  0.0245  0.0246  0.0245  0.0245
  0.0248  0.0247  0.0247  0.0247  0.0248  0.0248  0.0247  0.0250  0.0246  0.0248  0.0246  0.0246
  0.0250  0.0249  0.0248  0.0250  0.0251  0.0257  0.0249  0.0255  0.0248  0.0252  0.0247  0.0248
   -1.0597  -10.5629   24.5254   -6.4355   -9.1644    3.3741
   -1.2799   -7.7441    2.4651    8.2132    9.2103  -11.2885
eta,q 0.97551 14.91929

---------------------------------------------------------------------
imgreg_4dfp /opt/freesurfer/average/711-2C_as_mni_average_305 /opt/freesurfer/average/711-2B_as_mni_average_305_mask talsrcimg_g11 none talsrcimg_to_711-2C_as_mni_average_305_t4 2311
---------------------------------------------------------------------

freesurfer imgreg_4dfp.c
/opt/freesurfer/average/711-2C_as_mni_average_305.4dfp.img
       256       256       256         1
  1.000000  1.000000  1.000000
orientation T byte_order littleendian
Reading image: /opt/freesurfer/average/711-2C_as_mni_average_305.4dfp.img
dimensions:      256       256       256
mmppix:       1.0000   -1.0000   -1.0000
center:     128.0000 -129.0000 -129.0000
/opt/freesurfer/average/711-2B_as_mni_average_305_mask.4dfp.img
       256       256       256         1
  1.000000  1.000000  1.000000
orientation T byte_order littleendian
Reading mask: /opt/freesurfer/average/711-2B_as_mni_average_305_mask.4dfp.img (2306576 pixels)
talsrcimg_g11.4dfp.img
       256       256       256         1
  1.000000  1.000000  1.000000
orientation T byte_order littleendian
Reading image: talsrcimg_g11.4dfp.img
dimensions:      256       256       256
mmppix:       1.0000   -1.0000   -1.0000
center:     128.0000 -129.0000 -129.0000
fimgreg.f
image alignment mode   2311 decimal      907 hex
parameters
   -1.0597  -10.5629   24.5254   -6.4355   -9.1644    3.3741
   -1.2799   -7.7441    2.4651    8.2132    9.2103  -11.2885
eta,q 0.97552 14.91929
niter,ni,del,rscale     5    3    5.0000    0.8000
parameters
   -1.0748  -10.5848   24.5918   -7.1621   -9.5288    2.8072
   -1.3468   -7.6132    2.4348    8.4048    9.0704  -11.0090
eta,q 0.97521 14.87110
  0.0263  0.0259  0.0259  0.0256  0.0263  0.0275  0.0262  0.0282  0.0258  0.0273  0.0255  0.0258
  0.0253  0.0251  0.0251  0.0251  0.0254  0.0265  0.0254  0.0261  0.0253  0.0259  0.0250  0.0252
  0.0247  0.0247  0.0246  0.0247  0.0248  0.0253  0.0249  0.0250  0.0249  0.0251  0.0248  0.0249
  0.0245  0.0245  0.0245  0.0245  0.0245  0.0246  0.0248  0.0248  0.0248  0.0248  0.0248  0.0248
  0.0247  0.0247  0.0246  0.0247  0.0248  0.0248  0.0250  0.0252  0.0249  0.0250  0.0249  0.0249
  0.0254  0.0252  0.0250  0.0255  0.0256  0.0269  0.0255  0.0261  0.0253  0.0256  0.0251  0.0252
  0.0264  0.0260  0.0257  0.0271  0.0272  0.0307  0.0262  0.0276  0.0258  0.0269  0.0255  0.0256
niter,ni,del,rscale     4    3    5.0000    0.7000
parameters
   -1.0119  -10.5457   24.4773   -6.6798   -9.2547    2.7693
   -1.3042   -7.5573    2.4893    8.3717    9.1494  -11.0833
eta,q 0.97529 14.90349
  0.0262  0.0259  0.0255  0.0259  0.0263  0.0274  0.0259  0.0275  0.0255  0.0265  0.0253  0.0255
  0.0254  0.0253  0.0250  0.0254  0.0256  0.0264  0.0252  0.0258  0.0251  0.0255  0.0250  0.0250
  0.0250  0.0249  0.0248  0.0251  0.0250  0.0254  0.0248  0.0249  0.0248  0.0249  0.0248  0.0247
  0.0248  0.0248  0.0248  0.0248  0.0247  0.0247  0.0247  0.0247  0.0247  0.0247  0.0247  0.0247
  0.0249  0.0249  0.0249  0.0247  0.0247  0.0246  0.0248  0.0251  0.0248  0.0249  0.0248  0.0248
  0.0253  0.0252  0.0252  0.0249  0.0251  0.0257  0.0252  0.0259  0.0251  0.0255  0.0250  0.0251
  0.0260  0.0258  0.0257  0.0257  0.0261  0.0284  0.0258  0.0271  0.0255  0.0266  0.0253  0.0254
niter,ni,del,rscale     3    3    5.0000    0.6000
parameters
   -1.0173  -10.5469   24.4733   -6.5318   -9.1636    2.9709
   -1.3153   -7.6236    2.4843    8.3340    9.1848  -11.1712
eta,q 0.97540 14.91497
  0.0257  0.0255  0.0253  0.0255  0.0259  0.0270  0.0255  0.0266  0.0252  0.0260  0.0251  0.0252
  0.0251  0.0251  0.0250  0.0252  0.0253  0.0262  0.0250  0.0254  0.0249  0.0252  0.0248  0.0248
  0.0248  0.0248  0.0248  0.0249  0.0249  0.0253  0.0247  0.0247  0.0247  0.0247  0.0247  0.0246
  0.0247  0.0247  0.0247  0.0247  0.0247  0.0247  0.0246  0.0246  0.0246  0.0246  0.0246  0.0246
  0.0248  0.0248  0.0248  0.0247  0.0247  0.0245  0.0247  0.0250  0.0247  0.0248  0.0247  0.0247
  0.0252  0.0251  0.0250  0.0249  0.0251  0.0252  0.0250  0.0256  0.0249  0.0253  0.0248  0.0249
  0.0257  0.0255  0.0253  0.0256  0.0259  0.0271  0.0255  0.0266  0.0252  0.0261  0.0251  0.0252
niter,ni,del,rscale     2    3    5.0000    0.5000
parameters
   -1.0373  -10.5539   24.4998   -6.4764   -9.1551    3.1812
   -1.3016   -7.6879    2.4847    8.2812    9.1862  -11.2417
eta,q 0.97547 14.91830
  0.0253  0.0252  0.0251  0.0252  0.0254  0.0264  0.0252  0.0260  0.0250  0.0256  0.0249  0.0250
  0.0249  0.0249  0.0248  0.0249  0.0250  0.0257  0.0248  0.0251  0.0247  0.0250  0.0247  0.0247
  0.0247  0.0247  0.0247  0.0247  0.0247  0.0251  0.0246  0.0246  0.0246  0.0246  0.0246  0.0246
  0.0246  0.0246  0.0246  0.0246  0.0246  0.0246  0.0245  0.0245  0.0245  0.0245  0.0245  0.0245
  0.0247  0.0247  0.0246  0.0246  0.0247  0.0245  0.0246  0.0248  0.0246  0.0247  0.0246  0.0246
  0.0249  0.0249  0.0248  0.0248  0.0249  0.0250  0.0248  0.0253  0.0247  0.0250  0.0247  0.0248
  0.0253  0.0252  0.0250  0.0253  0.0255  0.0263  0.0251  0.0260  0.0250  0.0256  0.0249  0.0250
niter,ni,del,rscale     1    3    5.0000    0.4000
parameters
   -1.0593  -10.5618   24.5275   -6.4383   -9.1622    3.3729
   -1.2767   -7.7451    2.4770    8.2168    9.1963  -11.2911
eta,q 0.97551 14.91926
  0.0250  0.0249  0.0249  0.0249  0.0251  0.0258  0.0249  0.0255  0.0248  0.0252  0.0247  0.0248
  0.0247  0.0247  0.0247  0.0248  0.0248  0.0253  0.0247  0.0249  0.0246  0.0248  0.0246  0.0246
  0.0246  0.0246  0.0246  0.0246  0.0246  0.0248  0.0245  0.0246  0.0245  0.0245  0.0245  0.0245
  0.0245  0.0245  0.0245  0.0245  0.0245  0.0245  0.0245  0.0245  0.0245  0.0245  0.0245  0.0245
  0.0246  0.0246  0.0246  0.0245  0.0246  0.0245  0.0245  0.0247  0.0245  0.0246  0.0245  0.0245
  0.0248  0.0247  0.0247  0.0247  0.0248  0.0248  0.0247  0.0250  0.0246  0.0248  0.0246  0.0246
  0.0250  0.0249  0.0248  0.0250  0.0251  0.0257  0.0249  0.0255  0.0248  0.0252  0.0247  0.0248
registration optimization eta report
parameter search radius
    0.8000    0.8000    0.8000    2.4000    2.4000    2.4000
    2.4000    2.4000    2.4000    2.4000    2.4000    2.4000
100000*second partial in parameter space
       73.       59.       49.        7.       10.       21.
        7.       17.        5.       12.        4.        5.
  0.0250  0.0249  0.0249  0.0249  0.0251  0.0258  0.0249  0.0255  0.0248  0.0252  0.0247  0.0248
  0.0247  0.0247  0.0247  0.0248  0.0248  0.0253  0.0247  0.0249  0.0246  0.0248  0.0246  0.0246
  0.0246  0.0246  0.0246  0.0246  0.0246  0.0248  0.0245  0.0246  0.0245  0.0245  0.0245  0.0245
  0.0245  0.0245  0.0245  0.0245  0.0245  0.0245  0.0245  0.0245  0.0245  0.0245  0.0245  0.0245
  0.0246  0.0246  0.0246  0.0245  0.0246  0.0245  0.0245  0.0247  0.0245  0.0246  0.0245  0.0245
  0.0248  0.0247  0.0247  0.0247  0.0248  0.0248  0.0247  0.0250  0.0246  0.0248  0.0246  0.0246
  0.0250  0.0249  0.0248  0.0250  0.0251  0.0257  0.0249  0.0255  0.0248  0.0252  0.0247  0.0248
   -1.0593  -10.5618   24.5275   -6.4383   -9.1622    3.3729
   -1.2767   -7.7451    2.4770    8.2168    9.1963  -11.2911
eta,q 0.97551 14.91926

---------------------------------------------------------------------
compute_vox2vox talsrcimg talsrcimg_to_711-2C_as_mni_average_305_t4 /opt/freesurfer/average/711-2C_as_mni_average_305
---------------------------------------------------------------------

freesurfer compute_vox2vox.c
Reading: talsrcimg.4dfp.ifh
Reading: talsrcimg_to_711-2C_as_mni_average_305_t4
Reading: /opt/freesurfer/average/711-2C_as_mni_average_305.4dfp.ifh
Writing: talsrcimg_to_711-2C_as_mni_average_305_t4_vox2vox.txt

start time Wed Mar 11 00:14:22 CET 2026
end		time Wed Mar 11 00:14:36 CET 2026

mpr2mni305 success

avi2talxfm orig_nu.mgz /opt/freesurfer/average/mni305.cor.mgz talsrcimg_to_711-2C_as_mni_average_305_t4_vox2vox.txt transforms/talairach.auto.xfm
avi2talxfm done
mv -f /out/sourcedata/freesurfer/sub-v2s12x28877_ses-1/mri/talsrcimg_to_711-2C_as_mni_average_305_t4_vox2vox.txt /out/sourcedata/freesurfer/sub-v2s12x28877_ses-1/mri/transforms/talsrcimg_to_711-2C_as_mni_average_305_t4_vox2vox.txt
lta_convert --src orig_nu.mgz --trg /opt/freesurfer/average/mni305.cor.mgz --inxfm transforms/talairach.auto.xfm --outlta transforms/talairach.auto.xfm.lta --subject fsaverage
7.3.2

--src: orig_nu.mgz src image (geometry).
--trg: /opt/freesurfer/average/mni305.cor.mgz trg image (geometry).
--inmni: transforms/talairach.auto.xfm input MNI/XFM transform.
--outlta: transforms/talairach.auto.xfm.lta output LTA.
--s: fsaverage subject name
 LTA read, type : 1
 1.06054   0.07751   0.02454  -0.82929;
-0.09655   0.95085   0.11683  -25.07552;
-0.02019  -0.08812   1.08963  -20.84200;
 0.00000   0.00000   0.00000   1.00000;
setting subject to fsaverage
Writing  LTA to file transforms/talairach.auto.xfm.lta...
lta_convert successful.
 
 
Started at Wed Mar 11 00:14:22 CET 2026
Ended   at Wed Mar 11 00:14:36 CET 2026
talairach_avi done
