/out/sourcedata/freesurfer/sub-v2s12x28869_ses-1/mri
/opt/freesurfer/bin/talairach_avi
--i orig_nu.mgz --xfm transforms/talairach.auto.xfm
talairach_avi 7.3.2
Linux dna006 5.14.0-427.37.1.el9_4.x86_64 #1 SMP PREEMPT_DYNAMIC Fri Sep 13 12:41:50 EDT 2024 x86_64 x86_64 x86_64 GNU/Linux
Tue Mar 10 22:37:53 CET 2026
mri_convert orig_nu.mgz talsrcimg.img 
reading from orig_nu.mgz...
TR=0.00, TE=0.00, TI=0.00, flip angle=0.00
i_ras = (-1, 0, 0)
j_ras = (0, 0, -1)
k_ras = (0, 1, 0)
writing to talsrcimg.img...
Analyze Output Matrix
-1.00000   0.00000   0.00000   124.18720;
 0.00000   0.00000   1.00000  -131.62500;
 0.00000  -1.00000   0.00000   130.28101;
 0.00000   0.00000   0.00000   1.00000;
--------------------
INFO: set hdr.hist.orient to -1
mpr2mni305 talsrcimg
Tue Mar 10 22:37:53 CET 2026
/opt/freesurfer/bin/mpr2mni305 talsrcimg
mpr2mni305 7.3.2
target=711-2C_as_mni_average_305

---------------------------------------------------------------------
analyzeto4dfp talsrcimg -O0 -y
---------------------------------------------------------------------

freesurfer ifh2hdr.c
Tue Mar 10 22:37:53 2026
Writing: talsrcimg.4dfp.hdr
freesurfer analyzeto4dfp.c
Reading: talsrcimg.hdr
header size 348 bytes
hdr.dime.datatype	offset=70	value=2
hdr.dime.bitpix		offset=72	value=8
hdr.hist.orient		offset=252	value=-1
dimensionality     4
dimensions       256       256       256         1
Reading: talsrcimg.img
Writing: talsrcimg.4dfp.img
Writing: talsrcimg.4dfp.ifh
ifh2hdr talsrcimg -r0to233
ori=2

---------------------------------------------------------------------
gauss_4dfp talsrcimg 1.1
---------------------------------------------------------------------

freesurfer gauss_4dfp.c
Reading: talsrcimg.4dfp.img
Writing: talsrcimg_g11.4dfp.img
image dimensions 256 256 256 padded to 288 288 288
processing volume 1freesurfer ifh2hdr.c
Tue Mar 10 22:37:55 2026
Writing: talsrcimg_g11.4dfp.hdr

Writing: talsrcimg_g11.4dfp.ifh
including: talsrcimg.4dfp.img.rec in talsrcimg_g11.4dfp.img.rec

---------------------------------------------------------------------
imgreg_4dfp /opt/freesurfer/average/711-2C_as_mni_average_305 none talsrcimg_g11 none talsrcimg_to_711-2C_as_mni_average_305_t4 4355
---------------------------------------------------------------------

freesurfer imgreg_4dfp.c
/opt/freesurfer/average/711-2C_as_mni_average_305.4dfp.img
       256       256       256         1
  1.000000  1.000000  1.000000
orientation T byte_order littleendian
Reading image: /opt/freesurfer/average/711-2C_as_mni_average_305.4dfp.img
dimensions:      256       256       256
mmppix:       1.0000   -1.0000   -1.0000
center:     128.0000 -129.0000 -129.0000
talsrcimg_g11.4dfp.img
       256       256       256         1
  1.000000  1.000000  1.000000
orientation T byte_order littleendian
Reading image: talsrcimg_g11.4dfp.img
dimensions:      256       256       256
mmppix:       1.0000   -1.0000   -1.0000
center:     128.0000 -129.0000 -129.0000
t4_read: open error in t4_sub.f l:  41 t4_file(1:l)talsrcimg_to_711-2C_as_mni_average_305_t4 
t4_read: transform initialized to I4
rotation matrix determinant  1.000000
image alignment mode   4355 decimal     1103 hex
   -7.5000  -45.0000  -45.0000 4963.2290   20.6774
    0.0000  -45.0000  -45.0000 5176.7358   20.7273
    7.5000  -45.0000  -45.0000 4949.8481   20.7812
   -7.5000  -37.5000  -45.0000 5470.0864   20.2267
    0.0000  -37.5000  -45.0000 5685.3428   20.2778
    7.5000  -37.5000  -45.0000 5457.4111   20.3231
   -7.5000  -30.0000  -45.0000 6203.4570   19.9563
    0.0000  -30.0000  -45.0000 6439.6938   19.9988
    7.5000  -30.0000  -45.0000 6203.7124   20.0403
   -7.5000  -22.5000  -45.0000 7025.7266   19.9183
    0.0000  -22.5000  -45.0000 7279.1802   19.9534
    7.5000  -22.5000  -45.0000 7020.8164   19.9950
   -7.5000  -15.0000  -45.0000 7853.5259   19.9113
    0.0000  -15.0000  -45.0000 8147.9858   19.9452
    7.5000  -15.0000  -45.0000 7859.1948   19.9916
   -7.5000   -7.5000  -45.0000 8622.8867   19.9269
    0.0000   -7.5000  -45.0000 8958.3496   19.9677
    7.5000   -7.5000  -45.0000 8642.9316   20.0176
   -7.5000    0.0000  -45.0000 9339.7080   19.9444
    0.0000    0.0000  -45.0000 9697.0791   19.9943
    7.5000    0.0000  -45.0000 9345.9600   20.0423
   -7.5000    7.5000  -45.0000 9340.2559   19.9430
    0.0000    7.5000  -45.0000 9692.8418   19.9933
    7.5000    7.5000  -45.0000 9306.2178   20.0376
   -7.5000   15.0000  -45.0000 9269.9189   19.9315
    0.0000   15.0000  -45.0000 9608.3398   19.9738
    7.5000   15.0000  -45.0000 9205.4609   20.0152
   -7.5000   22.5000  -45.0000 9085.6914   19.9145
    0.0000   22.5000  -45.0000 9437.0039   19.9496
    7.5000   22.5000  -45.0000 9038.1055   19.9913
   -7.5000   30.0000  -45.0000 8854.4980   19.6459
    0.0000   30.0000  -45.0000 9208.3613   19.6793
    7.5000   30.0000  -45.0000 8852.3408   19.7252
   -7.5000   37.5000  -45.0000 8840.0225   19.6613
    0.0000   37.5000  -45.0000 9187.7305   19.7016
    7.5000   37.5000  -45.0000 8872.7998   19.7509
   -7.5000   45.0000  -45.0000 8408.6914   19.1789
    0.0000   45.0000  -45.0000 8709.5088   19.2269
    7.5000   45.0000  -45.0000 8420.7920   19.2731
   -7.5000  -45.0000  -37.5000 5333.3936   20.3771
    0.0000  -45.0000  -37.5000 5539.6787   20.4156
    7.5000  -45.0000  -37.5000 5301.0957   20.4724
   -7.5000  -37.5000  -37.5000 5865.7041   19.9422
    0.0000  -37.5000  -37.5000 6093.6626   19.9839
    7.5000  -37.5000  -37.5000 5849.0576   20.0288
   -7.5000  -30.0000  -37.5000 6670.8145   19.6830
    0.0000  -30.0000  -37.5000 6923.8647   19.7194
    7.5000  -30.0000  -37.5000 6665.3062   19.7585
   -7.5000  -22.5000  -37.5000 7540.1367   19.6439
    0.0000  -22.5000  -37.5000 7820.4697   19.6742
    7.5000  -22.5000  -37.5000 7533.8833   19.7145
   -7.5000  -15.0000  -37.5000 8415.4111   19.6334
    0.0000  -15.0000  -37.5000 8740.2256   19.6619
    7.5000  -15.0000  -37.5000 8444.0400   19.7099
   -7.5000   -7.5000  -37.5000 9275.9189   19.6454
    0.0000   -7.5000  -37.5000 9637.4482   19.6779
    7.5000   -7.5000  -37.5000 9287.7148   19.7318
   -7.5000    0.0000  -37.500010041.5674   19.6628
    0.0000    0.0000  -37.500010436.8213   19.7020
    7.5000    0.0000  -37.500010042.8945   19.7532
   -7.5000    7.5000  -37.500010009.0801   19.6669
    0.0000    7.5000  -37.500010397.3818   19.7079
    7.5000    7.5000  -37.5000 9978.0049   19.7519
   -7.5000   15.0000  -37.5000 9867.2412   19.6589
    0.0000   15.0000  -37.500010222.6689   19.6952
    7.5000   15.0000  -37.5000 9823.1211   19.7342
   -7.5000   22.5000  -37.5000 9660.2178   19.6402
    0.0000   22.5000  -37.500010030.9141   19.6706
    7.5000   22.5000  -37.5000 9643.5312   19.7108
   -7.5000   30.0000  -37.5000 9423.2646   19.3717
    0.0000   30.0000  -37.5000 9810.5176   19.3998
    7.5000   30.0000  -37.5000 9431.5547   19.4472
   -7.5000   37.5000  -37.5000 9414.2549   19.3836
    0.0000   37.5000  -37.5000 9820.1113   19.4156
    7.5000   37.5000  -37.5000 9443.1348   19.4688
   -7.5000   45.0000  -37.5000 8957.6230   18.9082
    0.0000   45.0000  -37.5000 9301.9600   18.9458
    7.5000   45.0000  -37.5000 8958.3135   18.9950
   -7.5000  -45.0000  -30.0000 5806.6650   21.0177
    0.0000  -45.0000  -30.0000 6037.6460   21.0466
    7.5000  -45.0000  -30.0000 5795.3872   21.1018
   -7.5000  -37.5000  -30.0000 6398.1162   20.5702
    0.0000  -37.5000  -30.0000 6633.1494   20.6045
    7.5000  -37.5000  -30.0000 6389.5850   20.6512
   -7.5000  -30.0000  -30.0000 7261.1118   20.3134
    0.0000  -30.0000  -30.0000 7518.0288   20.3460
    7.5000  -30.0000  -30.0000 7241.9312   20.3881
   -7.5000  -22.5000  -30.0000 8202.7812   20.2841
    0.0000  -22.5000  -30.0000 8506.3398   20.3108
    7.5000  -22.5000  -30.0000 8193.8721   20.3513
   -7.5000  -15.0000  -30.0000 9167.2061   20.2780
    0.0000  -15.0000  -30.0000 9549.2295   20.3005
    7.5000  -15.0000  -30.0000 9199.5898   20.3456
   -7.5000   -7.5000  -30.000010134.4492   20.2828
    0.0000   -7.5000  -30.000010553.2363   20.3069
    7.5000   -7.5000  -30.000010152.3408   20.3571
   -7.5000    0.0000  -30.000010967.5000   20.2885
    0.0000    0.0000  -30.000011416.3037   20.3181
    7.5000    0.0000  -30.000010979.4062   20.3675
   -7.5000    7.5000  -30.000010893.0400   20.2895
    0.0000    7.5000  -30.000011334.1445   20.3231
    7.5000    7.5000  -30.000010885.7764   20.3690
   -7.5000   15.0000  -30.000010688.6592   20.2888
    0.0000   15.0000  -30.000011118.9619   20.3213
    7.5000   15.0000  -30.000010691.3965   20.3633
   -7.5000   22.5000  -30.000010446.0225   20.2782
    0.0000   22.5000  -30.000010893.9385   20.3049
    7.5000   22.5000  -30.000010471.0215   20.3454
   -7.5000   30.0000  -30.000010135.0098   20.0096
    0.0000   30.0000  -30.000010581.9199   20.0319
    7.5000   30.0000  -30.000010181.9990   20.0763
   -7.5000   37.5000  -30.000010116.1836   20.0144
    0.0000   37.5000  -30.000010573.9229   20.0382
    7.5000   37.5000  -30.000010164.3545   20.0877
   -7.5000   45.0000  -30.0000 9652.6387   19.5241
    0.0000   45.0000  -30.000010069.0078   19.5526
    7.5000   45.0000  -30.0000 9671.0879   19.6002
   -7.5000  -45.0000  -22.5000 6330.1875   21.7400
    0.0000  -45.0000  -22.5000 6581.2529   21.7706
    7.5000  -45.0000  -22.5000 6336.5840   21.8181
   -7.5000  -37.5000  -22.5000 6961.0005   21.2776
    0.0000  -37.5000  -22.5000 7233.0854   21.3130
    7.5000  -37.5000  -22.5000 6986.0117   21.3578
   -7.5000  -30.0000  -22.5000 7920.8481   21.0222
    0.0000  -30.0000  -22.5000 8247.9932   21.0551
    7.5000  -30.0000  -22.5000 7947.0156   21.0987
   -7.5000  -22.5000  -22.5000 8970.9922   21.0036
    0.0000  -22.5000  -22.5000 9370.8818   21.0294
    7.5000  -22.5000  -22.5000 9013.3418   21.0683
   -7.5000  -15.0000  -22.500010031.4932   20.9998
    0.0000  -15.0000  -22.500010471.3154   21.0207
    7.5000  -15.0000  -22.500010071.9707   21.0592
   -7.5000   -7.5000  -22.500011064.1777   20.9953
    0.0000   -7.5000  -22.500011540.0469   21.0191
    7.5000   -7.5000  -22.500011097.9443   21.0594
   -7.5000    0.0000  -22.500011949.3555   20.9886
    0.0000    0.0000  -22.500012456.5889   21.0191
    7.5000    0.0000  -22.500011966.7480   21.0605
   -7.5000    7.5000  -22.500011864.9990   20.9871
    0.0000    7.5000  -22.500012354.5225   21.0217
    7.5000    7.5000  -22.500011862.3340   21.0659
   -7.5000   15.0000  -22.500011647.6719   20.9967
    0.0000   15.0000  -22.500012152.7920   21.0294
    7.5000   15.0000  -22.500011660.6953   21.0729
   -7.5000   22.5000  -22.500011376.3418   20.9961
    0.0000   22.5000  -22.500011857.9121   21.0218
    7.5000   22.5000  -22.500011393.2002   21.0608
   -7.5000   30.0000  -22.500010999.2461   20.7250
    0.0000   30.0000  -22.500011476.5273   20.7457
    7.5000   30.0000  -22.500011049.5088   20.7837
   -7.5000   37.5000  -22.500010962.8398   20.7207
    0.0000   37.5000  -22.500011446.0654   20.7442
    7.5000   37.5000  -22.500011003.9492   20.7840
   -7.5000   45.0000  -22.500010452.8066   20.2130
    0.0000   45.0000  -22.500010900.7686   20.2424
    7.5000   45.0000  -22.500010461.0879   20.2823
   -7.5000  -45.0000  -15.0000 6867.1982   22.2787
    0.0000  -45.0000  -15.0000 7142.5415   22.3204
    7.5000  -45.0000  -15.0000 6894.6069   22.3632
   -7.5000  -37.5000  -15.0000 7576.2847   21.8030
    0.0000  -37.5000  -15.0000 7879.7163   21.8467
    7.5000  -37.5000  -15.0000 7606.6963   21.8900
   -7.5000  -30.0000  -15.0000 8657.8838   21.5457
    0.0000  -30.0000  -15.0000 9015.7031   21.5828
    7.5000  -30.0000  -15.0000 8661.9766   21.6266
   -7.5000  -22.5000  -15.0000 9833.6016   21.5363
    0.0000  -22.5000  -15.000010248.5439   21.5647
    7.5000  -22.5000  -15.0000 9818.1172   21.6027
   -7.5000  -15.0000  -15.000010963.7402   21.5356
    0.0000  -15.0000  -15.000011418.0645   21.5605
    7.5000  -15.0000  -15.000010961.0137   21.5953
   -7.5000   -7.5000  -15.000012017.1992   21.5258
    0.0000   -7.5000  -15.000012529.7871   21.5572
    7.5000   -7.5000  -15.000012022.9697   21.5916
   -7.5000    0.0000  -15.000012948.9014   21.5105
    0.0000    0.0000  -15.000013519.4287   21.5512
    7.5000    0.0000  -15.000012937.3193   21.5879
   -7.5000    7.5000  -15.000012882.9814   21.5045
    0.0000    7.5000  -15.000013429.5156   21.5472
    7.5000    7.5000  -15.000012864.4209   21.5899
   -7.5000   15.0000  -15.000012677.0400   21.5195
    0.0000   15.0000  -15.000013234.9473   21.5563
    7.5000   15.0000  -15.000012666.7285   21.6000
   -7.5000   22.5000  -15.000012367.4795   21.5276
    0.0000   22.5000  -15.000012897.3965   21.5560
    7.5000   22.5000  -15.000012370.5029   21.5939
   -7.5000   30.0000  -15.000011935.7998   21.2568
    0.0000   30.0000  -15.000012433.2471   21.2814
    7.5000   30.0000  -15.000011930.7617   21.3157
   -7.5000   37.5000  -15.000011843.7051   21.2472
    0.0000   37.5000  -15.000012336.3135   21.2782
    7.5000   37.5000  -15.000011824.6699   21.3122
   -7.5000   45.0000  -15.000011262.8037   20.7282
    0.0000   45.0000  -15.000011742.5312   20.7674
    7.5000   45.0000  -15.000011251.1914   20.8027
   -7.5000  -45.0000   -7.5000 7444.8672   22.5478
    0.0000  -45.0000   -7.5000 7734.0415   22.5995
    7.5000  -45.0000   -7.5000 7457.3311   22.6465
   -7.5000  -37.5000   -7.5000 8212.7207   22.0643
    0.0000  -37.5000   -7.5000 8545.2871   22.1159
    7.5000  -37.5000   -7.5000 8215.9609   22.1599
   -7.5000  -30.0000   -7.5000 9408.4229   21.7940
    0.0000  -30.0000   -7.5000 9806.6836   21.8355
    7.5000  -30.0000   -7.5000 9393.0967   21.8785
   -7.5000  -22.5000   -7.500010684.6396   21.7774
    0.0000  -22.5000   -7.500011122.9863   21.8103
    7.5000  -22.5000   -7.500010646.2070   21.8499
   -7.5000  -15.0000   -7.500011877.5430   21.7769
    0.0000  -15.0000   -7.500012372.6973   21.8085
    7.5000  -15.0000   -7.500011836.4971   21.8476
   -7.5000   -7.5000   -7.500012997.2881   21.7755
    0.0000   -7.5000   -7.500013571.7051   21.8158
    7.5000   -7.5000   -7.500012976.2939   21.8561
   -7.5000    0.0000   -7.500014014.1289   21.7694
    0.0000    0.0000   -7.500014634.8926   21.8203
    7.5000    0.0000   -7.500013969.7412   21.8612
   -7.5000    7.5000   -7.500013946.3877   21.7618
    0.0000    7.5000   -7.500014548.4824   21.8124
    7.5000    7.5000   -7.500013902.7744   21.8556
   -7.5000   15.0000   -7.500013744.4238   21.7674
    0.0000   15.0000   -7.500014337.9688   21.8087
    7.5000   15.0000   -7.500013673.8760   21.8516
   -7.5000   22.5000   -7.500013412.8604   21.7663
    0.0000   22.5000   -7.500013995.2324   21.7992
    7.5000   22.5000   -7.500013370.3721   21.8388
   -7.5000   30.0000   -7.500012895.6162   21.4944
    0.0000   30.0000   -7.500013454.9023   21.5256
    7.5000   30.0000   -7.500012860.3232   21.5642
   -7.5000   37.5000   -7.500012761.1494   21.4931
    0.0000   37.5000   -7.500013308.5664   21.5329
    7.5000   37.5000   -7.500012723.9268   21.5726
   -7.5000   45.0000   -7.500012100.8652   20.9816
    0.0000   45.0000   -7.500012643.2178   21.0307
    7.5000   45.0000   -7.500012081.8525   21.0701
   -7.5000  -45.0000    0.0000 7974.9131   22.5851
    0.0000  -45.0000    0.0000 8285.0635   22.6371
    7.5000  -45.0000    0.0000 7968.2661   22.6925
   -7.5000  -37.5000    0.0000 8822.7510   22.1031
    0.0000  -37.5000    0.0000 9192.1104   22.1555
    7.5000  -37.5000    0.0000 8819.6211   22.2010
   -7.5000  -30.0000    0.000010134.1582   21.8188
    0.0000  -30.0000    0.000010556.0186   21.8616
    7.5000  -30.0000    0.000010105.0176   21.9029
   -7.5000  -22.5000    0.000011473.4619   21.7846
    0.0000  -22.5000    0.000011942.9141   21.8198
    7.5000  -22.5000    0.000011440.3643   21.8618
   -7.5000  -15.0000    0.000012734.4873   21.7790
    0.0000  -15.0000    0.000013277.9170   21.8136
    7.5000  -15.0000    0.000012723.8330   21.8615
   -7.5000   -7.5000    0.000013969.3125   21.7905
    0.0000   -7.5000    0.000014582.8525   21.8332
    7.5000   -7.5000    0.000013947.8896   21.8852
   -7.5000    0.0000    0.000015054.7803   21.8030
    0.0000    0.0000    0.000015745.7393   21.8551
    7.5000    0.0000    0.000015031.9980   21.9045
   -7.5000    7.5000    0.000014942.7979   21.8002
    0.0000    7.5000    0.000015635.8896   21.8518
    7.5000    7.5000    0.000014912.0088   21.8964
   -7.5000   15.0000    0.000014661.1621   21.7923
    0.0000   15.0000    0.000015351.8115   21.8349
    7.5000   15.0000    0.000014624.2295   21.8762
   -7.5000   22.5000    0.000014306.3555   21.7734
    0.0000   22.5000    0.000014971.8301   21.8086
    7.5000   22.5000    0.000014287.7891   21.8506
   -7.5000   30.0000    0.000013803.7861   21.4970
    0.0000   30.0000    0.000014436.8584   21.5313
    7.5000   30.0000    0.000013758.7285   21.5785
   -7.5000   37.5000    0.000013658.2197   21.5085
    0.0000   37.5000    0.000014277.4580   21.5507
    7.5000   37.5000    0.000013608.8916   21.6019
   -7.5000   45.0000    0.000012933.4258   21.0156
    0.0000   45.0000    0.000013556.1084   21.0658
    7.5000   45.0000    0.000012896.3477   21.1134
   -7.5000  -45.0000    7.5000 7923.6929   22.5637
    0.0000  -45.0000    7.5000 8226.6602   22.6052
    7.5000  -45.0000    7.5000 7906.9663   22.6668
   -7.5000  -37.5000    7.5000 8822.7988   22.0838
    0.0000  -37.5000    7.5000 9187.1680   22.1289
    7.5000  -37.5000    7.5000 8817.8154   22.1777
   -7.5000  -30.0000    7.500010124.0254   21.7995
    0.0000  -30.0000    7.500010563.0469   21.8390
    7.5000  -30.0000    7.500010123.0176   21.8815
   -7.5000  -22.5000    7.500011430.1504   21.7600
    0.0000  -22.5000    7.500011931.5918   21.7930
    7.5000  -22.5000    7.500011458.5615   21.8367
   -7.5000  -15.0000    7.500012700.9414   21.7518
    0.0000  -15.0000    7.500013248.9434   21.7827
    7.5000  -15.0000    7.500012731.3867   21.8348
   -7.5000   -7.5000    7.500013922.3154   21.7646
    0.0000   -7.5000    7.500014558.3213   21.7997
    7.5000   -7.5000    7.500013938.7129   21.8583
   -7.5000    0.0000    7.500015015.8652   21.7807
    0.0000    0.0000    7.500015723.1260   21.8231
    7.5000    0.0000    7.500015021.1582   21.8786
   -7.5000    7.5000    7.500014840.6035   21.7821
    0.0000    7.5000    7.500015579.1582   21.8264
    7.5000    7.5000    7.500014865.5498   21.8743
   -7.5000   15.0000    7.500014506.7988   21.7731
    0.0000   15.0000    7.500015205.1641   21.8125
    7.5000   15.0000    7.500014564.3613   21.8548
   -7.5000   22.5000    7.500014174.7588   21.7489
    0.0000   22.5000    7.500014828.7959   21.7819
    7.5000   22.5000    7.500014203.9795   21.8255
   -7.5000   30.0000    7.500013688.5752   21.4703
    0.0000   30.0000    7.500014317.5303   21.5007
    7.5000   30.0000    7.500013695.7969   21.5521
   -7.5000   37.5000    7.500013543.6104   21.4829
    0.0000   37.5000    7.500014165.1016   21.5176
    7.5000   37.5000    7.500013550.8379   21.5754
   -7.5000   45.0000    7.500012790.6533   20.9941
    0.0000   45.0000    7.500013446.4189   21.0349
    7.5000   45.0000    7.500012817.4941   21.0885
   -7.5000  -45.0000   15.0000 7803.0864   22.5526
    0.0000  -45.0000   15.0000 8097.9355   22.5835
    7.5000  -45.0000   15.0000 7793.9346   22.6426
   -7.5000  -37.5000   15.0000 8686.1973   22.0728
    0.0000  -37.5000   15.0000 9054.1182   22.1095
    7.5000  -37.5000   15.0000 8692.4902   22.1594
   -7.5000  -30.0000   15.0000 9931.4541   21.7975
    0.0000  -30.0000   15.000010382.8545   21.8324
    7.5000  -30.0000   15.0000 9986.7754   21.8775
   -7.5000  -22.5000   15.000011234.5195   21.7661
    0.0000  -22.5000   15.000011734.3076   21.7947
    7.5000  -22.5000   15.000011308.3555   21.8380
   -7.5000  -15.0000   15.000012504.6680   21.7596
    0.0000  -15.0000   15.000013076.3955   21.7837
    7.5000  -15.0000   15.000012573.1484   21.8319
   -7.5000   -7.5000   15.000013694.6084   21.7647
    0.0000   -7.5000   15.000014339.3486   21.7905
    7.5000   -7.5000   15.000013774.9629   21.8441
   -7.5000    0.0000   15.000014759.4766   21.7708
    0.0000    0.0000   15.000015495.4717   21.8024
    7.5000    0.0000   15.000014870.6318   21.8553
   -7.5000    7.5000   15.000014607.2754   21.7718
    0.0000    7.5000   15.000015343.0781   21.8079
    7.5000    7.5000   15.000014771.9199   21.8569
   -7.5000   15.0000   15.000014233.5557   21.7712
    0.0000   15.0000   15.000014922.1064   21.8059
    7.5000   15.0000   15.000014423.2861   21.8508
   -7.5000   22.5000   15.000013874.6035   21.7549
    0.0000   22.5000   15.000014502.7070   21.7836
    7.5000   22.5000   15.000014016.7939   21.8268
   -7.5000   30.0000   15.000013393.3008   21.4779
    0.0000   30.0000   15.000014016.0430   21.5018
    7.5000   30.0000   15.000013523.8682   21.5493
   -7.5000   37.5000   15.000013231.0869   21.4830
    0.0000   37.5000   15.000013868.0391   21.5085
    7.5000   37.5000   15.000013356.9473   21.5614
   -7.5000   45.0000   15.000012497.4541   20.9845
    0.0000   45.0000   15.000013144.6328   21.0150
    7.5000   45.0000   15.000012605.6162   21.0660
   -7.5000  -45.0000   22.5000 7588.6431   22.5647
    0.0000  -45.0000   22.5000 7902.4873   22.5965
    7.5000  -45.0000   22.5000 7603.2407   22.6458
   -7.5000  -37.5000   22.5000 8457.6279   22.0849
    0.0000  -37.5000   22.5000 8838.2324   22.1216
    7.5000  -37.5000   22.5000 8520.0957   22.1681
   -7.5000  -30.0000   22.5000 9662.6855   21.8198
    0.0000  -30.0000   22.500010106.0820   21.8540
    7.5000  -30.0000   22.5000 9770.2725   21.8992
   -7.5000  -22.5000   22.500010926.6504   21.8006
    0.0000  -22.5000   22.500011426.5869   21.8273
    7.5000  -22.5000   22.500011025.8867   21.8678
   -7.5000  -15.0000   22.500012158.9512   21.7966
    0.0000  -15.0000   22.500012726.6318   21.8183
    7.5000  -15.0000   22.500012247.2354   21.8583
   -7.5000   -7.5000   22.500013317.0430   21.7919
    0.0000   -7.5000   22.500013915.0928   21.8166
    7.5000   -7.5000   22.500013394.6582   21.8585
   -7.5000    0.0000   22.500014363.4932   21.7849
    0.0000    0.0000   22.500015042.0801   21.8166
    7.5000    0.0000   22.500014524.0225   21.8596
   -7.5000    7.5000   22.500014269.6367   21.7834
    0.0000    7.5000   22.500014918.7227   21.8193
    7.5000    7.5000   22.500014453.2373   21.8651
   -7.5000   15.0000   22.500013894.9814   21.7934
    0.0000   15.0000   22.500014353.8545   21.8274
    7.5000   15.0000   22.500013992.1279   21.8724
   -7.5000   22.5000   22.500013467.0781   21.7895
    0.0000   22.5000   22.500013914.7607   21.8162
    7.5000   22.5000   22.500013576.0635   21.8566
   -7.5000   30.0000   22.500012978.6807   21.5145
    0.0000   30.0000   22.500013489.4922   21.5359
    7.5000   30.0000   22.500013129.1006   21.5754
   -7.5000   37.5000   22.500012814.3604   21.5099
    0.0000   37.5000   22.500013393.2510   21.5343
    7.5000   37.5000   22.500012973.8066   21.5756
   -7.5000   45.0000   22.500012118.5371   20.9981
    0.0000   45.0000   22.500012700.2588   21.0287
    7.5000   45.0000   22.500012208.5264   21.0701
   -7.5000  -45.0000   30.0000 7215.7100   22.5841
    0.0000  -45.0000   30.0000 7544.5337   22.6264
    7.5000  -45.0000   30.0000 7271.2959   22.6697
   -7.5000  -37.5000   30.0000 8066.0728   22.1018
    0.0000  -37.5000   30.0000 8442.4043   22.1461
    7.5000  -37.5000   30.0000 8147.3452   22.1901
   -7.5000  -30.0000   30.0000 9251.6553   21.8411
    0.0000  -30.0000   30.0000 9686.4932   21.8786
    7.5000  -30.0000   30.0000 9353.1309   21.9230
   -7.5000  -22.5000   30.000010479.1865   21.8315
    0.0000  -22.5000   30.000010991.6465   21.8604
    7.5000  -22.5000   30.000010586.7305   21.8988
   -7.5000  -15.0000   30.000011663.3975   21.8309
    0.0000  -15.0000   30.000012225.8145   21.8561
    7.5000  -15.0000   30.000011776.2373   21.8914
   -7.5000   -7.5000   30.000012752.4736   21.8209
    0.0000   -7.5000   30.000013314.8525   21.8527
    7.5000   -7.5000   30.000012861.9053   21.8876
   -7.5000    0.0000   30.000013727.6709   21.8054
    0.0000    0.0000   30.000014354.9062   21.8467
    7.5000    0.0000   30.000013878.9385   21.8838
   -7.5000    7.5000   30.000013650.6279   21.7993
    0.0000    7.5000   30.000014201.4697   21.8426
    7.5000    7.5000   30.000013732.6982   21.8858
   -7.5000   15.0000   30.000013416.9336   21.8145
    0.0000   15.0000   30.000013796.8887   21.8518
    7.5000   15.0000   30.000013394.4170   21.8961
   -7.5000   22.5000   30.000013112.8164   21.8204
    0.0000   22.5000   30.000013489.9150   21.8492
    7.5000   22.5000   30.000013107.1289   21.8877
   -7.5000   30.0000   30.000012667.0996   21.5483
    0.0000   30.0000   30.000013075.3115   21.5732
    7.5000   30.0000   30.000012674.5518   21.6080
   -7.5000   37.5000   30.000012476.5615   21.5385
    0.0000   37.5000   30.000012920.6621   21.5699
    7.5000   37.5000   30.000012476.8887   21.6044
   -7.5000   45.0000   30.000011714.0938   21.0178
    0.0000   45.0000   30.000012153.5576   21.0577
    7.5000   45.0000   30.000011699.5469   21.0935
   -7.5000  -45.0000   37.5000 7075.1997   22.5959
    0.0000  -45.0000   37.5000 7411.8945   22.6478
    7.5000  -45.0000   37.5000 7169.6562   22.6948
   -7.5000  -37.5000   37.5000 7941.4282   22.1113
    0.0000  -37.5000   37.5000 8340.5996   22.1630
    7.5000  -37.5000   37.5000 8061.7173   22.2071
   -7.5000  -30.0000   37.5000 9122.6328   21.8403
    0.0000  -30.0000   37.5000 9584.1709   21.8819
    7.5000  -30.0000   37.5000 9232.4053   21.9251
   -7.5000  -22.5000   37.500010310.7051   21.8237
    0.0000  -22.5000   37.500010844.7900   21.8567
    7.5000  -22.5000   37.500010412.9727   21.8964
   -7.5000  -15.0000   37.500011422.9297   21.8232
    0.0000  -15.0000   37.500012018.3779   21.8549
    7.5000  -15.0000   37.500011527.5000   21.8941
   -7.5000   -7.5000   37.500012505.7441   21.8218
    0.0000   -7.5000   37.500013111.4971   21.8623
    7.5000   -7.5000   37.500012595.2490   21.9026
   -7.5000    0.0000   37.500013512.0713   21.8157
    0.0000    0.0000   37.500014147.9111   21.8668
    7.5000    0.0000   37.500013560.6562   21.9078
   -7.5000    7.5000   37.500013522.2285   21.8081
    0.0000    7.5000   37.500014032.0088   21.8588
    7.5000    7.5000   37.500013428.9287   21.9021
   -7.5000   15.0000   37.500013364.4023   21.8136
    0.0000   15.0000   37.500013806.4531   21.8551
    7.5000   15.0000   37.500013158.0830   21.8981
   -7.5000   22.5000   37.500013111.9971   21.8126
    0.0000   22.5000   37.500013584.2324   21.8456
    7.5000   22.5000   37.500012931.2656   21.8852
   -7.5000   30.0000   37.500012652.1943   21.5407
    0.0000   30.0000   37.500013138.9531   21.5720
    7.5000   30.0000   37.500012533.6396   21.6107
   -7.5000   37.5000   37.500012413.0566   21.5394
    0.0000   37.5000   37.500012877.8965   21.5794
    7.5000   37.5000   37.500012325.6836   21.6191
   -7.5000   45.0000   37.500011573.6182   21.0278
    0.0000   45.0000   37.500012022.0430   21.0771
    7.5000   45.0000   37.500011536.0156   21.1166
   -7.5000  -45.0000   45.0000 6604.0854   22.4451
    0.0000  -45.0000   45.0000 6912.0688   22.4967
    7.5000  -45.0000   45.0000 6694.1245   22.5518
   -7.5000  -37.5000   45.0000 7388.8599   21.9658
    0.0000  -37.5000   45.0000 7770.4966   22.0179
    7.5000  -37.5000   45.0000 7514.7915   22.0631
   -7.5000  -30.0000   45.0000 8495.7285   21.6832
    0.0000  -30.0000   45.0000 8932.3193   21.7257
    7.5000  -30.0000   45.0000 8590.2129   21.7668
   -7.5000  -22.5000   45.0000 9597.1182   21.6491
    0.0000  -22.5000   45.000010091.4688   21.6841
    7.5000  -22.5000   45.0000 9677.2744   21.7259
   -7.5000  -15.0000   45.000010667.9951   21.6436
    0.0000  -15.0000   45.000011220.2070   21.6780
    7.5000  -15.0000   45.000010734.6387   21.7256
   -7.5000   -7.5000   45.000011715.9111   21.6551
    0.0000   -7.5000   45.000012291.9854   21.6975
    7.5000   -7.5000   45.000011754.1514   21.7491
   -7.5000    0.0000   45.000012686.0518   21.6675
    0.0000    0.0000   45.000013274.2568   21.7193
    7.5000    0.0000   45.000012673.0850   21.7684
   -7.5000    7.5000   45.000012670.4229   21.6647
    0.0000    7.5000   45.000013153.5664   21.7160
    7.5000    7.5000   45.000012573.9531   21.7603
   -7.5000   15.0000   45.000012439.6309   21.6568
    0.0000   15.0000   45.000012891.9277   21.6992
    7.5000   15.0000   45.000012359.0508   21.7402
   -7.5000   22.5000   45.000012158.0068   21.6380
    0.0000   22.5000   45.000012620.9209   21.6729
    7.5000   22.5000   45.000012115.3936   21.7147
   -7.5000   30.0000   45.000011732.8398   21.3616
    0.0000   30.0000   45.000012215.4941   21.3955
    7.5000   30.0000   45.000011720.3877   21.4425
   -7.5000   37.5000   45.000011556.5762   21.3730
    0.0000   37.5000   45.000012043.7266   21.4148
    7.5000   37.5000   45.000011536.0352   21.4658
   -7.5000   45.0000   45.000010829.7275   20.8945
    0.0000   45.0000   45.000011287.5947   20.9444
    7.5000   45.0000   45.000010819.9971   20.9917

---------------------------------------------------------------------
imgreg_4dfp /opt/freesurfer/average/711-2C_as_mni_average_305 /opt/freesurfer/average/711-2B_as_mni_average_305_mask talsrcimg_g11 none talsrcimg_to_711-2C_as_mni_average_305_t4 4355
---------------------------------------------------------------------

freesurfer imgreg_4dfp.c
/opt/freesurfer/average/711-2C_as_mni_average_305.4dfp.img
       256       256       256         1
  1.000000  1.000000  1.000000
orientation T byte_order littleendian
Reading image: /opt/freesurfer/average/711-2C_as_mni_average_305.4dfp.img
dimensions:      256       256       256
mmppix:       1.0000   -1.0000   -1.0000
center:     128.0000 -129.0000 -129.0000
/opt/freesurfer/average/711-2B_as_mni_average_305_mask.4dfp.img
       256       256       256         1
  1.000000  1.000000  1.000000
orientation T byte_order littleendian
Reading mask: /opt/freesurfer/average/711-2B_as_mni_average_305_mask.4dfp.img (2306576 pixels)
talsrcimg_g11.4dfp.img
       256       256       256         1
  1.000000  1.000000  1.000000
orientation T byte_order littleendian
Reading image: talsrcimg_g11.4dfp.img
dimensions:      256       256       256
mmppix:       1.0000   -1.0000   -1.0000
center:     128.0000 -129.0000 -129.0000
rotation matrix determinant  1.000000
image alignment mode   4355 decimal     1103 hex
   -7.5000  -45.0000  -45.0000 1532.1049   39.6379
    0.0000  -45.0000  -45.0000 1529.4869   39.3487
    7.5000  -45.0000  -45.0000 1506.3507   39.6028
   -7.5000  -37.5000  -45.0000 1632.5337   34.6477
    0.0000  -37.5000  -45.0000 1631.8879   34.4128
    7.5000  -37.5000  -45.0000 1610.3398   34.5767
   -7.5000  -30.0000  -45.0000 1720.5079   30.6057
    0.0000  -30.0000  -45.0000 1720.4025   30.2566
    7.5000  -30.0000  -45.0000 1710.7935   30.4822
   -7.5000  -22.5000  -45.0000 1819.3478   27.3770
    0.0000  -22.5000  -45.0000 1815.8845   27.0819
    7.5000  -22.5000  -45.0000 1805.5648   27.3433
   -7.5000  -15.0000  -45.0000 1903.5229   25.0221
    0.0000  -15.0000  -45.0000 1900.4978   24.7963
    7.5000  -15.0000  -45.0000 1887.6246   25.0754
   -7.5000   -7.5000  -45.0000 1961.8197   23.4297
    0.0000   -7.5000  -45.0000 1965.0049   23.1960
    7.5000   -7.5000  -45.0000 1948.7711   23.4690
   -7.5000    0.0000  -45.0000 2006.3534   22.2809
    0.0000    0.0000  -45.0000 2007.6968   22.0992
    7.5000    0.0000  -45.0000 1983.2911   22.3410
   -7.5000    7.5000  -45.0000 2036.8544   21.4825
    0.0000    7.5000  -45.0000 2035.4048   21.2970
    7.5000    7.5000  -45.0000 2006.6475   21.5401
   -7.5000   15.0000  -45.0000 2046.6865   20.9874
    0.0000   15.0000  -45.0000 2045.1354   20.8662
    7.5000   15.0000  -45.0000 2013.1207   21.1636
   -7.5000   22.5000  -45.0000 2038.7257   20.9555
    0.0000   22.5000  -45.0000 2041.5299   20.8611
    7.5000   22.5000  -45.0000 2007.3503   21.1954
   -7.5000   30.0000  -45.0000 2009.9374   21.5011
    0.0000   30.0000  -45.0000 2017.8312   21.3495
    7.5000   30.0000  -45.0000 1989.1764   21.7120
   -7.5000   37.5000  -45.0000 1970.0369   22.5052
    0.0000   37.5000  -45.0000 1973.2217   22.3005
    7.5000   37.5000  -45.0000 1957.0239   22.7121
   -7.5000   45.0000  -45.0000 1921.1375   23.9593
    0.0000   45.0000  -45.0000 1921.1873   23.7548
    7.5000   45.0000  -45.0000 1906.5996   24.1367
   -7.5000  -45.0000  -37.5000 1604.3571   36.2857
    0.0000  -45.0000  -37.5000 1603.5847   35.8699
    7.5000  -45.0000  -37.5000 1576.9243   36.1515
   -7.5000  -37.5000  -37.5000 1709.0677   31.6598
    0.0000  -37.5000  -37.5000 1708.7593   31.2054
    7.5000  -37.5000  -37.5000 1686.8141   31.5288
   -7.5000  -30.0000  -37.5000 1815.7164   27.9606
    0.0000  -30.0000  -37.5000 1815.1427   27.5889
    7.5000  -30.0000  -37.5000 1801.4678   27.8475
   -7.5000  -22.5000  -37.5000 1916.0205   25.0305
    0.0000  -22.5000  -37.5000 1916.7318   24.7250
    7.5000  -22.5000  -37.5000 1901.9001   24.9700
   -7.5000  -15.0000  -37.5000 2002.2896   22.8247
    0.0000  -15.0000  -37.5000 2004.9336   22.6021
    7.5000  -15.0000  -37.5000 1993.4883   22.7922
   -7.5000   -7.5000  -37.5000 2072.0417   21.3176
    0.0000   -7.5000  -37.5000 2073.6592   21.0844
    7.5000   -7.5000  -37.5000 2059.0723   21.3109
   -7.5000    0.0000  -37.5000 2117.7954   20.2885
    0.0000    0.0000  -37.5000 2118.8235   20.0737
    7.5000    0.0000  -37.5000 2100.0718   20.2286
   -7.5000    7.5000  -37.5000 2142.9436   19.5500
    0.0000    7.5000  -37.5000 2144.7253   19.3552
    7.5000    7.5000  -37.5000 2124.1646   19.5204
   -7.5000   15.0000  -37.5000 2145.9595   19.1334
    0.0000   15.0000  -37.5000 2146.0305   18.9403
    7.5000   15.0000  -37.5000 2127.0229   19.1591
   -7.5000   22.5000  -37.5000 2136.4309   19.0935
    0.0000   22.5000  -37.5000 2139.4363   18.9340
    7.5000   22.5000  -37.5000 2119.7090   19.1986
   -7.5000   30.0000  -37.5000 2119.6165   19.5899
    0.0000   30.0000  -37.5000 2129.5669   19.4008
    7.5000   30.0000  -37.5000 2103.8196   19.7267
   -7.5000   37.5000  -37.5000 2080.9373   20.4479
    0.0000   37.5000  -37.5000 2091.7974   20.2991
    7.5000   37.5000  -37.5000 2070.0483   20.5753
   -7.5000   45.0000  -37.5000 2022.9048   21.6479
    0.0000   45.0000  -37.5000 2029.3732   21.4924
    7.5000   45.0000  -37.5000 2010.9867   21.7727
   -7.5000  -45.0000  -30.0000 1704.8268   34.4929
    0.0000  -45.0000  -30.0000 1703.6230   34.0763
    7.5000  -45.0000  -30.0000 1683.0266   34.2329
   -7.5000  -37.5000  -30.0000 1821.4928   29.9943
    0.0000  -37.5000  -30.0000 1820.5507   29.6080
    7.5000  -37.5000  -30.0000 1805.4081   29.8893
   -7.5000  -30.0000  -30.0000 1933.3732   26.4892
    0.0000  -30.0000  -30.0000 1929.7665   26.1247
    7.5000  -30.0000  -30.0000 1913.7150   26.3566
   -7.5000  -22.5000  -30.0000 2042.7930   23.7110
    0.0000  -22.5000  -30.0000 2042.2056   23.3743
    7.5000  -22.5000  -30.0000 2019.8949   23.5430
   -7.5000  -15.0000  -30.0000 2144.4753   21.6399
    0.0000  -15.0000  -30.0000 2151.6787   21.3577
    7.5000  -15.0000  -30.0000 2131.8596   21.5151
   -7.5000   -7.5000  -30.0000 2223.6694   20.1744
    0.0000   -7.5000  -30.0000 2227.1990   19.9484
    7.5000   -7.5000  -30.0000 2210.0864   20.0687
   -7.5000    0.0000  -30.0000 2270.6299   19.1194
    0.0000    0.0000  -30.0000 2276.1013   18.9117
    7.5000    0.0000  -30.0000 2256.9268   18.9875
   -7.5000    7.5000  -30.0000 2289.4958   18.4387
    0.0000    7.5000  -30.0000 2295.0166   18.2381
    7.5000    7.5000  -30.0000 2277.9434   18.3108
   -7.5000   15.0000  -30.0000 2289.4417   18.0873
    0.0000   15.0000  -30.0000 2298.2971   17.8938
    7.5000   15.0000  -30.0000 2278.4663   18.0368
   -7.5000   22.5000  -30.0000 2283.0115   18.0348
    0.0000   22.5000  -30.0000 2294.0120   17.8842
    7.5000   22.5000  -30.0000 2272.3823   18.0652
   -7.5000   30.0000  -30.0000 2264.7686   18.4181
    0.0000   30.0000  -30.0000 2275.0154   18.2440
    7.5000   30.0000  -30.0000 2251.6123   18.4304
   -7.5000   37.5000  -30.0000 2224.1033   19.1339
    0.0000   37.5000  -30.0000 2233.5674   18.9785
    7.5000   37.5000  -30.0000 2213.6570   19.1705
   -7.5000   45.0000  -30.0000 2165.4211   20.2692
    0.0000   45.0000  -30.0000 2175.1665   20.0816
    7.5000   45.0000  -30.0000 2153.9695   20.3000
   -7.5000  -45.0000  -22.5000 1792.0917   32.5897
    0.0000  -45.0000  -22.5000 1787.2837   32.2683
    7.5000  -45.0000  -22.5000 1767.6150   32.5575
   -7.5000  -37.5000  -22.5000 1910.4683   28.3066
    0.0000  -37.5000  -22.5000 1914.1667   28.0897
    7.5000  -37.5000  -22.5000 1896.2959   28.3648
   -7.5000  -30.0000  -22.5000 2033.5206   24.9111
    0.0000  -30.0000  -22.5000 2036.8124   24.6911
    7.5000  -30.0000  -22.5000 2018.7905   24.8894
   -7.5000  -22.5000  -22.5000 2155.9497   22.3142
    0.0000  -22.5000  -22.5000 2164.2329   22.0948
    7.5000  -22.5000  -22.5000 2143.0623   22.1713
   -7.5000  -15.0000  -22.5000 2260.1440   20.3529
    0.0000  -15.0000  -22.5000 2271.8582   20.1447
    7.5000  -15.0000  -22.5000 2252.7766   20.2129
   -7.5000   -7.5000  -22.5000 2349.7141   18.8997
    0.0000   -7.5000  -22.5000 2355.7786   18.6972
    7.5000   -7.5000  -22.5000 2339.4556   18.7336
   -7.5000    0.0000  -22.5000 2398.7388   17.9080
    0.0000    0.0000  -22.5000 2403.0442   17.7292
    7.5000    0.0000  -22.5000 2383.0986   17.7428
   -7.5000    7.5000  -22.5000 2417.2910   17.2224
    0.0000    7.5000  -22.5000 2422.5471   17.0611
    7.5000    7.5000  -22.5000 2400.9585   17.1131
   -7.5000   15.0000  -22.5000 2423.1973   16.9112
    0.0000   15.0000  -22.5000 2432.6370   16.7434
    7.5000   15.0000  -22.5000 2411.3364   16.8253
   -7.5000   22.5000  -22.5000 2419.4917   16.9068
    0.0000   22.5000  -22.5000 2430.7070   16.7615
    7.5000   22.5000  -22.5000 2407.6980   16.8108
   -7.5000   30.0000  -22.5000 2400.5608   17.2012
    0.0000   30.0000  -22.5000 2410.2336   17.0596
    7.5000   30.0000  -22.5000 2391.3955   17.1455
   -7.5000   37.5000  -22.5000 2360.2041   17.8491
    0.0000   37.5000  -22.5000 2369.3811   17.7130
    7.5000   37.5000  -22.5000 2355.7678   17.8164
   -7.5000   45.0000  -22.5000 2297.0691   18.9004
    0.0000   45.0000  -22.5000 2305.9163   18.7359
    7.5000   45.0000  -22.5000 2288.6829   18.8282
   -7.5000  -45.0000  -15.0000 1837.0647   30.9557
    0.0000  -45.0000  -15.0000 1841.8456   30.6849
    7.5000  -45.0000  -15.0000 1832.5431   30.9577
   -7.5000  -37.5000  -15.0000 1971.5277   26.8336
    0.0000  -37.5000  -15.0000 1977.0615   26.6095
    7.5000  -37.5000  -15.0000 1966.2511   26.8323
   -7.5000  -30.0000  -15.0000 2108.7534   23.5891
    0.0000  -30.0000  -15.0000 2115.0029   23.4374
    7.5000  -30.0000  -15.0000 2091.7275   23.5662
   -7.5000  -22.5000  -15.0000 2239.4324   21.1218
    0.0000  -22.5000  -15.0000 2247.6555   20.9321
    7.5000  -22.5000  -15.0000 2224.5081   21.0175
   -7.5000  -15.0000  -15.0000 2348.8462   19.1906
    0.0000  -15.0000  -15.0000 2356.6301   18.9678
    7.5000  -15.0000  -15.0000 2336.2031   19.0195
   -7.5000   -7.5000  -15.0000 2433.3816   17.7527
    0.0000   -7.5000  -15.0000 2444.9746   17.5706
    7.5000   -7.5000  -15.0000 2423.4121   17.5639
   -7.5000    0.0000  -15.0000 2484.9473   16.7223
    0.0000    0.0000  -15.0000 2495.0481   16.5679
    7.5000    0.0000  -15.0000 2474.0354   16.5972
   -7.5000    7.5000  -15.0000 2517.4658   16.0943
    0.0000    7.5000  -15.0000 2526.0020   15.9600
    7.5000    7.5000  -15.0000 2504.4229   16.0291
   -7.5000   15.0000  -15.0000 2534.8789   15.7886
    0.0000   15.0000  -15.0000 2548.2966   15.6450
    7.5000   15.0000  -15.0000 2525.4670   15.7232
   -7.5000   22.5000  -15.0000 2535.9155   15.8371
    0.0000   22.5000  -15.0000 2552.1467   15.6546
    7.5000   22.5000  -15.0000 2530.3105   15.7251
   -7.5000   30.0000  -15.0000 2517.6780   16.1236
    0.0000   30.0000  -15.0000 2532.1487   15.9376
    7.5000   30.0000  -15.0000 2512.2629   15.9959
   -7.5000   37.5000  -15.0000 2475.6138   16.7334
    0.0000   37.5000  -15.0000 2485.5676   16.5495
    7.5000   37.5000  -15.0000 2466.1992   16.6047
   -7.5000   45.0000  -15.0000 2404.3274   17.7068
    0.0000   45.0000  -15.0000 2416.3381   17.5308
    7.5000   45.0000  -15.0000 2397.0823   17.5563
   -7.5000  -45.0000   -7.5000 1877.5427   29.6031
    0.0000  -45.0000   -7.5000 1882.0031   29.2852
    7.5000  -45.0000   -7.5000 1873.6136   29.6819
   -7.5000  -37.5000   -7.5000 2018.0826   25.5608
    0.0000  -37.5000   -7.5000 2018.4415   25.3104
    7.5000  -37.5000   -7.5000 2004.5165   25.5631
   -7.5000  -30.0000   -7.5000 2158.6924   22.4513
    0.0000  -30.0000   -7.5000 2165.8489   22.2917
    7.5000  -30.0000   -7.5000 2142.2590   22.4156
   -7.5000  -22.5000   -7.5000 2294.3103   20.0044
    0.0000  -22.5000   -7.5000 2301.2793   19.8406
    7.5000  -22.5000   -7.5000 2277.4922   19.9046
   -7.5000  -15.0000   -7.5000 2410.3630   18.0766
    0.0000  -15.0000   -7.5000 2416.9841   17.8980
    7.5000  -15.0000   -7.5000 2394.7507   17.9453
   -7.5000   -7.5000   -7.5000 2496.3569   16.6596
    0.0000   -7.5000   -7.5000 2511.7773   16.4995
    7.5000   -7.5000   -7.5000 2487.7961   16.5538
   -7.5000    0.0000   -7.5000 2559.7358   15.6477
    0.0000    0.0000   -7.5000 2575.4309   15.5143
    7.5000    0.0000   -7.5000 2553.2373   15.5644
   -7.5000    7.5000   -7.5000 2606.1226   14.9954
    0.0000    7.5000   -7.5000 2621.3057   14.8814
    7.5000    7.5000   -7.5000 2600.5364   14.9906
   -7.5000   15.0000   -7.5000 2640.7473   14.7146
    0.0000   15.0000   -7.5000 2651.0056   14.5676
    7.5000   15.0000   -7.5000 2630.4692   14.6947
   -7.5000   22.5000   -7.5000 2644.6399   14.7900
    0.0000   22.5000   -7.5000 2662.3005   14.5921
    7.5000   22.5000   -7.5000 2637.7537   14.6625
   -7.5000   30.0000   -7.5000 2622.7490   15.0746
    0.0000   30.0000   -7.5000 2639.9617   14.8755
    7.5000   30.0000   -7.5000 2617.7437   14.9015
   -7.5000   37.5000   -7.5000 2574.0591   15.6687
    0.0000   37.5000   -7.5000 2591.1240   15.4832
    7.5000   37.5000   -7.5000 2568.2056   15.4991
   -7.5000   45.0000   -7.5000 2493.5291   16.6137
    0.0000   45.0000   -7.5000 2517.4309   16.4113
    7.5000   45.0000   -7.5000 2494.6919   16.4115
   -7.5000  -45.0000    0.0000 1907.8406   28.5390
    0.0000  -45.0000    0.0000 1909.6462   28.2091
    7.5000  -45.0000    0.0000 1899.3674   28.6351
   -7.5000  -37.5000    0.0000 2049.9377   24.5364
    0.0000  -37.5000    0.0000 2052.9558   24.2994
    7.5000  -37.5000    0.0000 2036.6814   24.6035
   -7.5000  -30.0000    0.0000 2195.9944   21.5143
    0.0000  -30.0000    0.0000 2203.2756   21.3321
    7.5000  -30.0000    0.0000 2181.7307   21.5582
   -7.5000  -22.5000    0.0000 2327.5598   19.1419
    0.0000  -22.5000    0.0000 2336.0774   18.9709
    7.5000  -22.5000    0.0000 2316.4692   19.1090
   -7.5000  -15.0000    0.0000 2442.4392   17.1988
    0.0000  -15.0000    0.0000 2452.5264   17.0376
    7.5000  -15.0000    0.0000 2435.8025   17.1521
   -7.5000   -7.5000    0.0000 2545.4753   15.7681
    0.0000   -7.5000    0.0000 2563.2388   15.6364
    7.5000   -7.5000    0.0000 2541.6824   15.7422
   -7.5000    0.0000    0.0000 2624.0320   14.7713
    0.0000    0.0000    0.0000 2642.8154   14.6641
    7.5000    0.0000    0.0000 2627.9106   14.7375
   -7.5000    7.5000    0.0000 2681.1318   14.0903
    0.0000    7.5000    0.0000 2701.4429   13.9788
    7.5000    7.5000    0.0000 2686.5164   14.0974
   -7.5000   15.0000    0.0000 2720.7009   13.7509
    0.0000   15.0000    0.0000 2739.4631   13.6393
    7.5000   15.0000    0.0000 2719.6855   13.7326
   -7.5000   22.5000    0.0000 2732.1538   13.8067
    0.0000   22.5000    0.0000 2755.6865   13.6566
    7.5000   22.5000    0.0000 2736.0479   13.7275
   -7.5000   30.0000    0.0000 2717.3066   14.1166
    0.0000   30.0000    0.0000 2739.9246   13.9442
    7.5000   30.0000    0.0000 2715.1340   13.9929
   -7.5000   37.5000    0.0000 2662.4338   14.7349
    0.0000   37.5000    0.0000 2683.2083   14.5438
    7.5000   37.5000    0.0000 2664.5906   14.5680
   -7.5000   45.0000    0.0000 2574.6194   15.6376
    0.0000   45.0000    0.0000 2604.9568   15.4271
    7.5000   45.0000    0.0000 2585.5718   15.4697
   -7.5000  -45.0000    7.5000 1930.8007   27.6793
    0.0000  -45.0000    7.5000 1932.6229   27.4764
    7.5000  -45.0000    7.5000 1915.8671   27.8868
   -7.5000  -37.5000    7.5000 2078.6021   23.7739
    0.0000  -37.5000    7.5000 2086.7371   23.6222
    7.5000  -37.5000    7.5000 2065.5615   23.9680
   -7.5000  -30.0000    7.5000 2227.9258   20.8464
    0.0000  -30.0000    7.5000 2235.3428   20.6566
    7.5000  -30.0000    7.5000 2216.3213   20.9103
   -7.5000  -22.5000    7.5000 2352.8059   18.4124
    0.0000  -22.5000    7.5000 2363.2612   18.2650
    7.5000  -22.5000    7.5000 2349.2744   18.4632
   -7.5000  -15.0000    7.5000 2472.2087   16.5167
    0.0000  -15.0000    7.5000 2484.6299   16.3506
    7.5000  -15.0000    7.5000 2471.4016   16.5330
   -7.5000   -7.5000    7.5000 2587.5366   15.0973
    0.0000   -7.5000    7.5000 2605.3123   14.9606
    7.5000   -7.5000    7.5000 2588.9814   15.1053
   -7.5000    0.0000    7.5000 2682.8660   14.0572
    0.0000    0.0000    7.5000 2704.0439   13.9246
    7.5000    0.0000    7.5000 2689.1763   14.0504
   -7.5000    7.5000    7.5000 2755.3604   13.3594
    0.0000    7.5000    7.5000 2783.9866   13.2416
    7.5000    7.5000    7.5000 2762.7891   13.3479
   -7.5000   15.0000    7.5000 2805.3516   12.9466
    0.0000   15.0000    7.5000 2833.6443   12.8348
    7.5000   15.0000    7.5000 2812.5242   12.9280
   -7.5000   22.5000    7.5000 2826.4712   12.9981
    0.0000   22.5000    7.5000 2853.6069   12.8460
    7.5000   22.5000    7.5000 2832.5789   12.9283
   -7.5000   30.0000    7.5000 2802.3989   13.3214
    0.0000   30.0000    7.5000 2830.4536   13.1589
    7.5000   30.0000    7.5000 2811.5774   13.2422
   -7.5000   37.5000    7.5000 2739.6768   13.9406
    0.0000   37.5000    7.5000 2767.7664   13.7185
    7.5000   37.5000    7.5000 2755.0989   13.7744
   -7.5000   45.0000    7.5000 2644.0510   14.8239
    0.0000   45.0000    7.5000 2677.4758   14.5861
    7.5000   45.0000    7.5000 2665.3884   14.6300
   -7.5000  -45.0000   15.0000 1941.8845   27.2574
    0.0000  -45.0000   15.0000 1948.1372   27.0250
    7.5000  -45.0000   15.0000 1929.7332   27.5129
   -7.5000  -37.5000   15.0000 2091.2537   23.4365
    0.0000  -37.5000   15.0000 2099.8589   23.2191
    7.5000  -37.5000   15.0000 2082.6667   23.5730
   -7.5000  -30.0000   15.0000 2233.9111   20.3956
    0.0000  -30.0000   15.0000 2243.2622   20.2085
    7.5000  -30.0000   15.0000 2227.8499   20.4608
   -7.5000  -22.5000   15.0000 2366.3232   17.9301
    0.0000  -22.5000   15.0000 2373.6924   17.7460
    7.5000  -22.5000   15.0000 2362.4014   17.9906
   -7.5000  -15.0000   15.0000 2495.3606   16.0612
    0.0000  -15.0000   15.0000 2505.7468   15.8705
    7.5000  -15.0000   15.0000 2489.5527   16.0840
   -7.5000   -7.5000   15.0000 2613.7900   14.6428
    0.0000   -7.5000   15.0000 2627.1855   14.4710
    7.5000   -7.5000   15.0000 2612.9656   14.6559
   -7.5000    0.0000   15.0000 2719.8992   13.5600
    0.0000    0.0000   15.0000 2742.2812   13.4084
    7.5000    0.0000   15.0000 2729.5955   13.5705
   -7.5000    7.5000   15.0000 2811.6753   12.8370
    0.0000    7.5000   15.0000 2839.6514   12.6913
    7.5000    7.5000   15.0000 2819.6777   12.8450
   -7.5000   15.0000   15.0000 2877.0295   12.3927
    0.0000   15.0000   15.0000 2917.0562   12.2052
    7.5000   15.0000   15.0000 2886.8892   12.3903
   -7.5000   22.5000   15.0000 2905.6514   12.3870
    0.0000   22.5000   15.0000 2940.5159   12.2046
    7.5000   22.5000   15.0000 2918.7158   12.3643
   -7.5000   30.0000   15.0000 2870.0898   12.7344
    0.0000   30.0000   15.0000 2901.4495   12.5389
    7.5000   30.0000   15.0000 2891.7512   12.6715
   -7.5000   37.5000   15.0000 2792.9878   13.3641
    0.0000   37.5000   15.0000 2826.6816   13.1445
    7.5000   37.5000   15.0000 2819.6545   13.2411
   -7.5000   45.0000   15.0000 2692.6121   14.2524
    0.0000   45.0000   15.0000 2724.2615   14.0262
    7.5000   45.0000   15.0000 2712.7937   14.1419
   -7.5000  -45.0000   22.5000 1946.1356   27.4102
    0.0000  -45.0000   22.5000 1954.1476   27.0945
    7.5000  -45.0000   22.5000 1935.0142   27.7051
   -7.5000  -37.5000   22.5000 2097.0339   23.4879
    0.0000  -37.5000   22.5000 2106.2334   23.2359
    7.5000  -37.5000   22.5000 2092.1064   23.6838
   -7.5000  -30.0000   22.5000 2230.8171   20.3325
    0.0000  -30.0000   22.5000 2243.2952   20.0429
    7.5000  -30.0000   22.5000 2236.1460   20.4169
   -7.5000  -22.5000   22.5000 2363.1562   17.8299
    0.0000  -22.5000   22.5000 2374.0603   17.4994
    7.5000  -22.5000   22.5000 2367.9946   17.8428
   -7.5000  -15.0000   22.5000 2496.6489   15.9644
    0.0000  -15.0000   22.5000 2511.7583   15.6405
    7.5000  -15.0000   22.5000 2499.9719   15.9003
   -7.5000   -7.5000   22.5000 2618.0051   14.5158
    0.0000   -7.5000   22.5000 2632.7698   14.2156
    7.5000   -7.5000   22.5000 2622.5957   14.4401
   -7.5000    0.0000   22.5000 2727.5222   13.4104
    0.0000    0.0000   22.5000 2751.3784   13.1387
    7.5000    0.0000   22.5000 2739.9736   13.3806
   -7.5000    7.5000   22.5000 2837.7285   12.6611
    0.0000    7.5000   22.5000 2865.6301   12.3924
    7.5000    7.5000   22.5000 2845.4463   12.6218
   -7.5000   15.0000   22.5000 2918.5398   12.1715
    0.0000   15.0000   22.5000 2962.5359   11.8653
    7.5000   15.0000   22.5000 2930.5447   12.1536
   -7.5000   22.5000   22.5000 2947.7961   12.1148
    0.0000   22.5000   22.5000 2993.2744   11.7569
    7.5000   22.5000   22.5000 2966.8743   12.0531
   -7.5000   30.0000   22.5000 2902.8779   12.4950
    0.0000   30.0000   22.5000 2943.7354   12.2132
    7.5000   30.0000   22.5000 2936.5068   12.4083
   -7.5000   37.5000   22.5000 2819.8538   13.1168
    0.0000   37.5000   22.5000 2862.8235   12.8742
    7.5000   37.5000   22.5000 2854.6174   13.0380
   -7.5000   45.0000   22.5000 2718.1614   13.9845
    0.0000   45.0000   22.5000 2752.5391   13.7604
    7.5000   45.0000   22.5000 2741.4749   13.8992
   -7.5000  -45.0000   30.0000 1922.4821   27.8691
    0.0000  -45.0000   30.0000 1936.3583   27.4501
    7.5000  -45.0000   30.0000 1924.3773   28.0685
   -7.5000  -37.5000   30.0000 2075.1973   23.7804
    0.0000  -37.5000   30.0000 2090.2332   23.4118
    7.5000  -37.5000   30.0000 2077.2209   23.8645
   -7.5000  -30.0000   30.0000 2214.1501   20.5644
    0.0000  -30.0000   30.0000 2226.0649   20.1746
    7.5000  -30.0000   30.0000 2216.1665   20.5316
   -7.5000  -22.5000   30.0000 2350.8940   18.0853
    0.0000  -22.5000   30.0000 2364.7400   17.6750
    7.5000  -22.5000   30.0000 2352.3982   17.9738
   -7.5000  -15.0000   30.0000 2481.9360   16.1525
    0.0000  -15.0000   30.0000 2498.1995   15.7549
    7.5000  -15.0000   30.0000 2491.3547   16.0322
   -7.5000   -7.5000   30.0000 2602.1958   14.6520
    0.0000   -7.5000   30.0000 2620.0293   14.2534
    7.5000   -7.5000   30.0000 2615.4587   14.5149
   -7.5000    0.0000   30.0000 2708.7598   13.5181
    0.0000    0.0000   30.0000 2735.2661   13.1618
    7.5000    0.0000   30.0000 2730.8005   13.4205
   -7.5000    7.5000   30.0000 2815.9116   12.7115
    0.0000    7.5000   30.0000 2850.9055   12.4077
    7.5000    7.5000   30.0000 2840.3875   12.6586
   -7.5000   15.0000   30.0000 2903.3933   12.3037
    0.0000   15.0000   30.0000 2944.2563   11.9565
    7.5000   15.0000   30.0000 2919.4397   12.1978
   -7.5000   22.5000   30.0000 2941.6470   12.3146
    0.0000   22.5000   30.0000 2987.8271   11.9769
    7.5000   22.5000   30.0000 2961.3804   12.1787
   -7.5000   30.0000   30.0000 2909.3569   12.5903
    0.0000   30.0000   30.0000 2951.8425   12.3137
    7.5000   30.0000   30.0000 2935.9541   12.4720
   -7.5000   37.5000   30.0000 2823.4897   13.1547
    0.0000   37.5000   30.0000 2860.8254   12.8990
    7.5000   37.5000   30.0000 2850.6165   13.0665
   -7.5000   45.0000   30.0000 2712.3613   14.0054
    0.0000   45.0000   30.0000 2744.8521   13.7689
    7.5000   45.0000   30.0000 2739.6321   13.9189
   -7.5000  -45.0000   37.5000 1887.7415   28.7449
    0.0000  -45.0000   37.5000 1898.3702   28.3566
    7.5000  -45.0000   37.5000 1891.5933   28.8386
   -7.5000  -37.5000   37.5000 2040.1710   24.4015
    0.0000  -37.5000   37.5000 2057.7708   24.0462
    7.5000  -37.5000   37.5000 2049.3604   24.4646
   -7.5000  -30.0000   37.5000 2191.6523   21.0002
    0.0000  -30.0000   37.5000 2204.0234   20.6258
    7.5000  -30.0000   37.5000 2190.1287   20.9420
   -7.5000  -22.5000   37.5000 2326.3457   18.3791
    0.0000  -22.5000   37.5000 2343.3210   17.9962
    7.5000  -22.5000   37.5000 2331.9954   18.2725
   -7.5000  -15.0000   37.5000 2447.9185   16.4303
    0.0000  -15.0000   37.5000 2471.0095   16.0169
    7.5000  -15.0000   37.5000 2463.9429   16.2321
   -7.5000   -7.5000   37.5000 2563.5376   14.9604
    0.0000   -7.5000   37.5000 2589.5608   14.5693
    7.5000   -7.5000   37.5000 2589.5686   14.7624
   -7.5000    0.0000   37.5000 2673.9998   13.8993
    0.0000    0.0000   37.5000 2707.2856   13.5353
    7.5000    0.0000   37.5000 2707.0503   13.7136
   -7.5000    7.5000   37.5000 2776.7515   13.1926
    0.0000    7.5000   37.5000 2820.3533   12.8390
    7.5000    7.5000   37.5000 2810.8237   12.9998
   -7.5000   15.0000   37.5000 2857.1365   12.7960
    0.0000   15.0000   37.5000 2899.5149   12.4539
    7.5000   15.0000   37.5000 2879.0762   12.5722
   -7.5000   22.5000   37.5000 2886.0859   12.7922
    0.0000   22.5000   37.5000 2932.9705   12.4985
    7.5000   22.5000   37.5000 2914.6565   12.5830
   -7.5000   30.0000   37.5000 2858.5061   13.0354
    0.0000   30.0000   37.5000 2902.9192   12.8200
    7.5000   30.0000   37.5000 2894.2559   12.8588
   -7.5000   37.5000   37.5000 2782.9167   13.5219
    0.0000   37.5000   37.5000 2821.1785   13.3347
    7.5000   37.5000   37.5000 2812.2722   13.4004
   -7.5000   45.0000   37.5000 2675.1973   14.2723
    0.0000   45.0000   37.5000 2707.4631   14.0856
    7.5000   45.0000   37.5000 2703.9963   14.1791
   -7.5000  -45.0000   45.0000 1844.0105   29.8800
    0.0000  -45.0000   45.0000 1854.4017   29.4824
    7.5000  -45.0000   45.0000 1853.3828   30.0558
   -7.5000  -37.5000   45.0000 1995.7037   25.1858
    0.0000  -37.5000   45.0000 2013.4719   24.8018
    7.5000  -37.5000   45.0000 2009.5509   25.1912
   -7.5000  -30.0000   45.0000 2145.8044   21.6352
    0.0000  -30.0000   45.0000 2163.4888   21.2800
    7.5000  -30.0000   45.0000 2149.7759   21.5042
   -7.5000  -22.5000   45.0000 2281.1023   19.0089
    0.0000  -22.5000   45.0000 2299.5632   18.6281
    7.5000  -22.5000   45.0000 2292.2336   18.7514
   -7.5000  -15.0000   45.0000 2405.4902   17.0655
    0.0000  -15.0000   45.0000 2432.6060   16.6775
    7.5000  -15.0000   45.0000 2423.7170   16.7266
   -7.5000   -7.5000   45.0000 2521.3770   15.6396
    0.0000   -7.5000   45.0000 2555.0496   15.2608
    7.5000   -7.5000   45.0000 2550.5093   15.3433
   -7.5000    0.0000   45.0000 2628.6775   14.5654
    0.0000    0.0000   45.0000 2667.8843   14.1826
    7.5000    0.0000   45.0000 2663.1292   14.2967
   -7.5000    7.5000   45.0000 2723.2310   13.8704
    0.0000    7.5000   45.0000 2769.3757   13.4514
    7.5000    7.5000   45.0000 2760.3667   13.5954
   -7.5000   15.0000   45.0000 2786.1599   13.4428
    0.0000   15.0000   45.0000 2826.4783   13.0858
    7.5000   15.0000   45.0000 2818.5715   13.2314
   -7.5000   22.5000   45.0000 2810.5271   13.3944
    0.0000   22.5000   45.0000 2847.7991   13.0874
    7.5000   22.5000   45.0000 2842.2676   13.1988
   -7.5000   30.0000   45.0000 2781.6194   13.6158
    0.0000   30.0000   45.0000 2821.3525   13.3510
    7.5000   30.0000   45.0000 2816.7241   13.4343
   -7.5000   37.5000   45.0000 2713.8159   14.1001
    0.0000   37.5000   45.0000 2748.6531   13.8591
    7.5000   37.5000   45.0000 2744.4900   13.9407
   -7.5000   45.0000   45.0000 2617.6807   14.8417
    0.0000   45.0000   45.0000 2646.9399   14.6502
    7.5000   45.0000   45.0000 2644.0652   14.7060

---------------------------------------------------------------------
imgreg_4dfp /opt/freesurfer/average/711-2C_as_mni_average_305 /opt/freesurfer/average/711-2B_as_mni_average_305_mask talsrcimg_g11 none talsrcimg_to_711-2C_as_mni_average_305_t4 1283
---------------------------------------------------------------------

freesurfer imgreg_4dfp.c
/opt/freesurfer/average/711-2C_as_mni_average_305.4dfp.img
       256       256       256         1
  1.000000  1.000000  1.000000
orientation T byte_order littleendian
Reading image: /opt/freesurfer/average/711-2C_as_mni_average_305.4dfp.img
dimensions:      256       256       256
mmppix:       1.0000   -1.0000   -1.0000
center:     128.0000 -129.0000 -129.0000
/opt/freesurfer/average/711-2B_as_mni_average_305_mask.4dfp.img
       256       256       256         1
  1.000000  1.000000  1.000000
orientation T byte_order littleendian
Reading mask: /opt/freesurfer/average/711-2B_as_mni_average_305_mask.4dfp.img (2306576 pixels)
talsrcimg_g11.4dfp.img
       256       256       256         1
  1.000000  1.000000  1.000000
orientation T byte_order littleendian
Reading image: talsrcimg_g11.4dfp.img
dimensions:      256       256       256
mmppix:       1.0000   -1.0000   -1.0000
center:     128.0000 -129.0000 -129.0000
rotation matrix determinant  1.000000
fimgreg.f
image alignment mode   1283 decimal      503 hex
parameters
    0.0000   22.5000   22.5000    0.0000    0.0000    0.0000
eta,q 0.93870 11.74626
niter,ni,del,rscale     5    3   12.0000    1.2000
parameter  5  7.683055 ->  0.500000 qaram    1.1500
parameter  6  1.313753 ->  0.500000 qaram    1.1500
parameters
    1.8846   21.4305   22.6617   -2.6248   -3.4500   -3.4500
eta,q 0.94197 11.58806
  0.0745  0.0680  0.0698  0.0642  0.0572  0.0577
  0.0713  0.0652  0.0657  0.0642  0.0592  0.0579
  0.0677  0.0639  0.0639  0.0641  0.0612  0.0587
  0.0653  0.0640  0.0638  0.0639  0.0642  0.0597
  0.0642  0.0655  0.0650  0.0651  0.0670  0.0608
  0.0654  0.0680  0.0668  0.0671  0.0691  0.0621
  0.0680  0.0724  0.0679  0.0698  0.0720  0.0639
niter,ni,del,rscale     6    3   12.0000    1.2000
parameter  5  1.522483 ->  0.500000 qaram    1.3225
parameters
    2.6346   23.1412   23.5946   -5.3617   -7.4175   -4.0176
eta,q 0.95054 11.64696
  0.0691  0.0677  0.0643  0.0577  0.0500  0.0555
  0.0642  0.0639  0.0596  0.0560  0.0491  0.0527
  0.0601  0.0602  0.0569  0.0558  0.0512  0.0504
  0.0580  0.0577  0.0572  0.0573  0.0556  0.0494
  0.0578  0.0572  0.0568  0.0590  0.0609  0.0508
  0.0603  0.0579  0.0578  0.0607  0.0649  0.0543
  0.0653  0.0611  0.0601  0.0635  0.0681  0.0579
niter,ni,del,rscale     6    3   12.0000    1.2000
parameters
    3.6996   23.6260   23.6976   -6.2006   -8.9318   -4.1958
eta,q 0.95202 11.68093
  0.0675  0.0617  0.0571  0.0544  0.0566  0.0558
  0.0603  0.0565  0.0520  0.0509  0.0514  0.0522
  0.0534  0.0515  0.0497  0.0485  0.0485  0.0492
  0.0495  0.0491  0.0491  0.0490  0.0485  0.0480
  0.0498  0.0499  0.0494  0.0513  0.0523  0.0494
  0.0535  0.0534  0.0527  0.0542  0.0584  0.0530
  0.0586  0.0588  0.0559  0.0569  0.0646  0.0564
niter,ni,del,rscale     5    3   12.0000    1.2000
parameters
    3.8761   23.7657   23.7765   -6.4247   -9.1256   -4.2254
eta,q 0.95199 11.68364
  0.0639  0.0608  0.0566  0.0547  0.0599  0.0561
  0.0563  0.0552  0.0520  0.0515  0.0539  0.0523
  0.0502  0.0501  0.0491  0.0484  0.0499  0.0493
  0.0480  0.0481  0.0481  0.0481  0.0480  0.0480
  0.0507  0.0499  0.0495  0.0497  0.0498  0.0493
  0.0558  0.0546  0.0526  0.0522  0.0547  0.0527
  0.0615  0.0596  0.0554  0.0554  0.0613  0.0560
niter,ni,del,rscale     4    3   12.0000    1.2000
parameters
    3.9036   23.8245   23.7910   -6.4738   -9.1615   -4.2329
eta,q 0.95197 11.68471
  0.0633  0.0607  0.0565  0.0550  0.0603  0.0561
  0.0557  0.0551  0.0520  0.0519  0.0543  0.0523
  0.0498  0.0499  0.0491  0.0487  0.0502  0.0493
  0.0480  0.0480  0.0480  0.0480  0.0480  0.0480
  0.0510  0.0502  0.0497  0.0495  0.0495  0.0493
  0.0564  0.0551  0.0528  0.0519  0.0543  0.0526
  0.0621  0.0599  0.0555  0.0551  0.0609  0.0560
registration optimization eta report
parameter search radius
    6.0000    6.0000    6.0000    6.0000    7.9350    6.9000
100000*second partial in parameter space
       39.       33.       21.       19.       20.       16.
  0.0633  0.0607  0.0565  0.0550  0.0603  0.0561
  0.0557  0.0551  0.0520  0.0519  0.0543  0.0523
  0.0498  0.0499  0.0491  0.0487  0.0502  0.0493
  0.0480  0.0480  0.0480  0.0480  0.0480  0.0480
  0.0510  0.0502  0.0497  0.0495  0.0495  0.0493
  0.0564  0.0551  0.0528  0.0519  0.0543  0.0526
  0.0621  0.0599  0.0555  0.0551  0.0609  0.0560
    3.9036   23.8245   23.7910   -6.4738   -9.1615   -4.2329
eta,q 0.95197 11.68471

---------------------------------------------------------------------
imgreg_4dfp /opt/freesurfer/average/711-2C_as_mni_average_305 /opt/freesurfer/average/711-2B_as_mni_average_305_mask talsrcimg_g11 none talsrcimg_to_711-2C_as_mni_average_305_t4 3335
---------------------------------------------------------------------

freesurfer imgreg_4dfp.c
/opt/freesurfer/average/711-2C_as_mni_average_305.4dfp.img
       256       256       256         1
  1.000000  1.000000  1.000000
orientation T byte_order littleendian
Reading image: /opt/freesurfer/average/711-2C_as_mni_average_305.4dfp.img
dimensions:      256       256       256
mmppix:       1.0000   -1.0000   -1.0000
center:     128.0000 -129.0000 -129.0000
/opt/freesurfer/average/711-2B_as_mni_average_305_mask.4dfp.img
       256       256       256         1
  1.000000  1.000000  1.000000
orientation T byte_order littleendian
Reading mask: /opt/freesurfer/average/711-2B_as_mni_average_305_mask.4dfp.img (2306576 pixels)
talsrcimg_g11.4dfp.img
       256       256       256         1
  1.000000  1.000000  1.000000
orientation T byte_order littleendian
Reading image: talsrcimg_g11.4dfp.img
dimensions:      256       256       256
mmppix:       1.0000   -1.0000   -1.0000
center:     128.0000 -129.0000 -129.0000
fimgreg.f
image alignment mode   3335 decimal      D07 hex
parameters
    3.9036   23.8245   23.7910   -1.5449   -0.7762   -1.9052
    5.5438   16.6093   -7.2870   10.0764  -15.9217  -11.1311
eta,q 0.95369 11.64584
niter,ni,del,rscale     5    3    5.0000    1.2000
parameter  4  2.035399 ->  0.500000 qaram    1.1500
parameter  5  2.891645 ->  0.500000 qaram    1.1500
parameter  6  2.218715 ->  0.500000 qaram    1.1500
parameter 10  0.551055 ->  0.500000 qaram    1.1500
parameters
    3.7720   24.0420   23.8423   -5.6849   -4.9162   -6.0452
    4.5694   15.6872   -4.1262    5.9364  -13.5574   -8.1154
eta,q 0.97175 11.19471
  0.0486  0.0484  0.0477  0.0393  0.0339  0.0284  0.0328  0.0343  0.0337  0.0298  0.0313  0.0317
  0.0472  0.0473  0.0468  0.0409  0.0361  0.0298  0.0314  0.0319  0.0322  0.0289  0.0301  0.0304
  0.0465  0.0466  0.0464  0.0432  0.0386  0.0333  0.0306  0.0305  0.0311  0.0289  0.0293  0.0294
  0.0463  0.0463  0.0463  0.0463  0.0414  0.0367  0.0306  0.0305  0.0303  0.0300  0.0288  0.0286
  0.0467  0.0464  0.0465  0.0500  0.0447  0.0405  0.0312  0.0316  0.0300  0.0318  0.0286  0.0283
  0.0476  0.0469  0.0469  0.0539  0.0483  0.0446  0.0325  0.0337  0.0301  0.0343  0.0288  0.0284
  0.0491  0.0478  0.0474  0.0580  0.0522  0.0498  0.0343  0.0366  0.0306  0.0372  0.0293  0.0290
niter,ni,del,rscale     7    3    5.0000    1.2000
parameter  4  0.665648 ->  0.500000 qaram    1.3225
parameter  5  0.903066 ->  0.500000 qaram    1.3225
parameters
    3.4564   24.1545   24.6269  -10.4459   -9.6772   -8.1521
    4.4208   15.3548   -4.2173    6.2220  -15.0203   -6.7184
eta,q 0.97635 10.93202
  0.0308  0.0311  0.0327  0.0262  0.0234  0.0278  0.0261  0.0282  0.0257  0.0278  0.0247  0.0255
  0.0292  0.0295  0.0307  0.0260  0.0235  0.0261  0.0248  0.0259  0.0247  0.0256  0.0240  0.0247
  0.0283  0.0285  0.0292  0.0264  0.0244  0.0242  0.0241  0.0244  0.0241  0.0243  0.0237  0.0241
  0.0283  0.0282  0.0282  0.0278  0.0260  0.0237  0.0238  0.0238  0.0238  0.0238  0.0238  0.0237
  0.0290  0.0284  0.0278  0.0307  0.0282  0.0269  0.0241  0.0245  0.0241  0.0241  0.0242  0.0237
  0.0305  0.0292  0.0282  0.0349  0.0312  0.0307  0.0250  0.0264  0.0247  0.0252  0.0249  0.0239
  0.0326  0.0306  0.0292  0.0397  0.0348  0.0357  0.0263  0.0291  0.0258  0.0273  0.0258  0.0246
niter,ni,del,rscale     7    3    5.0000    1.2000
parameters
    3.5753   24.2750   24.1478  -11.5165  -11.7704   -8.8307
    4.6532   15.5467   -3.8866    6.1701  -15.2928   -6.7198
eta,q 0.97627 10.78955
  0.0269  0.0264  0.0250  0.0261  0.0257  0.0284  0.0261  0.0282  0.0255  0.0268  0.0250  0.0249
  0.0252  0.0249  0.0240  0.0249  0.0244  0.0269  0.0249  0.0260  0.0246  0.0250  0.0242  0.0243
  0.0241  0.0239  0.0236  0.0241  0.0236  0.0252  0.0241  0.0245  0.0240  0.0240  0.0238  0.0239
  0.0236  0.0236  0.0236  0.0236  0.0237  0.0235  0.0238  0.0238  0.0237  0.0237  0.0237  0.0237
  0.0239  0.0239  0.0242  0.0237  0.0247  0.0240  0.0240  0.0241  0.0239  0.0240  0.0240  0.0238
  0.0248  0.0247  0.0253  0.0252  0.0264  0.0277  0.0247  0.0256  0.0244  0.0250  0.0244  0.0242
  0.0263  0.0258  0.0269  0.0288  0.0291  0.0313  0.0258  0.0279  0.0252  0.0269  0.0251  0.0249
niter,ni,del,rscale     6    3    5.0000    1.2000
parameters
    3.6136   24.5299   24.1131  -10.9746  -11.9458   -9.0356
    4.5733   15.5669   -3.9027    6.3311  -15.2008   -7.0845
eta,q 0.97627 10.79701
  0.0266  0.0265  0.0256  0.0266  0.0268  0.0287  0.0259  0.0280  0.0253  0.0267  0.0251  0.0248
  0.0250  0.0250  0.0245  0.0253  0.0253  0.0272  0.0247  0.0259  0.0245  0.0250  0.0243  0.0242
  0.0241  0.0241  0.0239  0.0244  0.0241  0.0255  0.0240  0.0244  0.0239  0.0240  0.0238  0.0238
  0.0237  0.0237  0.0237  0.0237  0.0236  0.0236  0.0237  0.0237  0.0237  0.0237  0.0237  0.0237
  0.0240  0.0239  0.0240  0.0234  0.0241  0.0236  0.0240  0.0242  0.0239  0.0239  0.0239  0.0239
  0.0249  0.0245  0.0246  0.0241  0.0253  0.0269  0.0248  0.0257  0.0245  0.0248  0.0243  0.0243
  0.0264  0.0255  0.0257  0.0266  0.0272  0.0304  0.0260  0.0281  0.0254  0.0265  0.0250  0.0250
niter,ni,del,rscale     5    3    5.0000    1.2000
parameters
    3.6096   24.5984   24.0642  -10.9776  -11.9735   -9.0568
    4.5422   15.5573   -3.9131    6.4676  -15.1683   -7.2642
eta,q 0.97626 10.79463
  0.0265  0.0261  0.0256  0.0264  0.0270  0.0288  0.0259  0.0280  0.0253  0.0267  0.0251  0.0248
  0.0250  0.0248  0.0245  0.0252  0.0255  0.0273  0.0247  0.0259  0.0245  0.0249  0.0243  0.0242
  0.0241  0.0240  0.0239  0.0243  0.0242  0.0257  0.0240  0.0244  0.0239  0.0240  0.0238  0.0239
  0.0237  0.0237  0.0237  0.0237  0.0237  0.0237  0.0237  0.0237  0.0237  0.0237  0.0237  0.0237
  0.0240  0.0240  0.0240  0.0235  0.0241  0.0235  0.0240  0.0242  0.0239  0.0239  0.0240  0.0239
  0.0250  0.0247  0.0247  0.0244  0.0253  0.0266  0.0248  0.0257  0.0245  0.0248  0.0244  0.0243
  0.0265  0.0258  0.0257  0.0272  0.0272  0.0301  0.0260  0.0282  0.0253  0.0265  0.0250  0.0250
niter,ni,del,rscale     4    3    5.0000    1.2000
parameters
    3.6004   24.6316   24.0349  -10.9809  -12.0028   -9.0610
    4.5342   15.5483   -3.9068    6.5382  -15.1415   -7.3473
eta,q 0.97625 10.79277
  0.0265  0.0260  0.0256  0.0264  0.0270  0.0288  0.0260  0.0280  0.0253  0.0266  0.0251  0.0249
  0.0250  0.0247  0.0245  0.0252  0.0255  0.0273  0.0248  0.0259  0.0245  0.0249  0.0243  0.0242
  0.0241  0.0240  0.0239  0.0243  0.0242  0.0257  0.0240  0.0244  0.0239  0.0240  0.0238  0.0239
  0.0237  0.0238  0.0237  0.0237  0.0237  0.0237  0.0237  0.0238  0.0238  0.0237  0.0238  0.0238
  0.0241  0.0240  0.0240  0.0236  0.0241  0.0235  0.0240  0.0242  0.0239  0.0240  0.0240  0.0239
  0.0250  0.0247  0.0246  0.0244  0.0253  0.0265  0.0248  0.0258  0.0245  0.0248  0.0244  0.0243
  0.0265  0.0258  0.0256  0.0272  0.0272  0.0301  0.0260  0.0282  0.0253  0.0265  0.0250  0.0249
niter,ni,del,rscale     3    3    5.0000    1.2000
parameters
    3.5945   24.6503   24.0228  -10.9857  -12.0257   -9.0605
    4.5280   15.5427   -3.9021    6.5757  -15.1451   -7.3939
eta,q 0.97624 10.79152
  0.0265  0.0260  0.0256  0.0264  0.0270  0.0288  0.0260  0.0280  0.0253  0.0266  0.0251  0.0249
  0.0250  0.0247  0.0246  0.0252  0.0255  0.0273  0.0248  0.0259  0.0245  0.0249  0.0243  0.0242
  0.0241  0.0240  0.0239  0.0243  0.0242  0.0257  0.0240  0.0244  0.0239  0.0240  0.0238  0.0239
  0.0238  0.0238  0.0238  0.0238  0.0238  0.0238  0.0238  0.0238  0.0238  0.0238  0.0238  0.0238
  0.0241  0.0240  0.0240  0.0236  0.0241  0.0235  0.0240  0.0242  0.0239  0.0240  0.0240  0.0239
  0.0250  0.0247  0.0246  0.0244  0.0253  0.0266  0.0248  0.0258  0.0245  0.0248  0.0244  0.0243
  0.0265  0.0258  0.0256  0.0272  0.0272  0.0301  0.0259  0.0282  0.0253  0.0266  0.0250  0.0249
registration optimization eta report
parameter search radius
    2.4000    2.4000    2.4000    9.5220    9.5220    8.2800
    7.2000    7.2000    7.2000    8.2800    7.2000    7.2000
100000*second partial in parameter space
       48.       37.       32.        3.        4.        8.
        4.        8.        3.        4.        2.        2.
  0.0265  0.0260  0.0256  0.0264  0.0270  0.0288  0.0260  0.0280  0.0253  0.0266  0.0251  0.0249
  0.0250  0.0247  0.0246  0.0252  0.0255  0.0273  0.0248  0.0259  0.0245  0.0249  0.0243  0.0242
  0.0241  0.0240  0.0239  0.0243  0.0242  0.0257  0.0240  0.0244  0.0239  0.0240  0.0238  0.0239
  0.0238  0.0238  0.0238  0.0238  0.0238  0.0238  0.0238  0.0238  0.0238  0.0238  0.0238  0.0238
  0.0241  0.0240  0.0240  0.0236  0.0241  0.0235  0.0240  0.0242  0.0239  0.0240  0.0240  0.0239
  0.0250  0.0247  0.0246  0.0244  0.0253  0.0266  0.0248  0.0258  0.0245  0.0248  0.0244  0.0243
  0.0265  0.0258  0.0256  0.0272  0.0272  0.0301  0.0259  0.0282  0.0253  0.0266  0.0250  0.0249
    3.5945   24.6503   24.0228  -10.9857  -12.0257   -9.0605
    4.5280   15.5427   -3.9021    6.5757  -15.1451   -7.3939
eta,q 0.97624 10.79152

---------------------------------------------------------------------
imgreg_4dfp /opt/freesurfer/average/711-2C_as_mni_average_305 /opt/freesurfer/average/711-2B_as_mni_average_305_mask talsrcimg_g11 none talsrcimg_to_711-2C_as_mni_average_305_t4 2311
---------------------------------------------------------------------

freesurfer imgreg_4dfp.c
/opt/freesurfer/average/711-2C_as_mni_average_305.4dfp.img
       256       256       256         1
  1.000000  1.000000  1.000000
orientation T byte_order littleendian
Reading image: /opt/freesurfer/average/711-2C_as_mni_average_305.4dfp.img
dimensions:      256       256       256
mmppix:       1.0000   -1.0000   -1.0000
center:     128.0000 -129.0000 -129.0000
/opt/freesurfer/average/711-2B_as_mni_average_305_mask.4dfp.img
       256       256       256         1
  1.000000  1.000000  1.000000
orientation T byte_order littleendian
Reading mask: /opt/freesurfer/average/711-2B_as_mni_average_305_mask.4dfp.img (2306576 pixels)
talsrcimg_g11.4dfp.img
       256       256       256         1
  1.000000  1.000000  1.000000
orientation T byte_order littleendian
Reading image: talsrcimg_g11.4dfp.img
dimensions:      256       256       256
mmppix:       1.0000   -1.0000   -1.0000
center:     128.0000 -129.0000 -129.0000
fimgreg.f
image alignment mode   2311 decimal      907 hex
parameters
    3.5945   24.6503   24.0228  -10.9857  -12.0257   -9.0605
    4.5280   15.5427   -3.9021    6.5757  -15.1451   -7.3939
eta,q 0.97624 10.79152
niter,ni,del,rscale     5    3    5.0000    0.8000
parameters
    3.6039   24.6183   23.9961   -8.6600  -11.8110   -8.3448
    4.2737   15.8306   -4.1027    6.2012  -14.7815   -7.6026
eta,q 0.97668 10.90026
  0.0250  0.0247  0.0246  0.0247  0.0247  0.0268  0.0244  0.0262  0.0240  0.0241  0.0242  0.0238
  0.0243  0.0241  0.0241  0.0244  0.0241  0.0258  0.0238  0.0249  0.0236  0.0236  0.0238  0.0235
  0.0239  0.0238  0.0238  0.0240  0.0237  0.0245  0.0235  0.0239  0.0234  0.0234  0.0235  0.0234
  0.0238  0.0238  0.0238  0.0238  0.0236  0.0236  0.0234  0.0234  0.0233  0.0233  0.0233  0.0233
  0.0239  0.0239  0.0239  0.0236  0.0237  0.0233  0.0235  0.0235  0.0234  0.0235  0.0234  0.0234
  0.0243  0.0242  0.0242  0.0236  0.0240  0.0240  0.0239  0.0243  0.0237  0.0238  0.0236  0.0236
  0.0250  0.0247  0.0246  0.0238  0.0245  0.0259  0.0246  0.0257  0.0242  0.0245  0.0240  0.0240
niter,ni,del,rscale     4    3    5.0000    0.7000
parameters
    3.6004   24.4954   24.3285   -9.1143  -11.8617   -7.9016
    4.3487   15.7730   -4.1819    6.0506  -14.9508   -7.2194
eta,q 0.97683 10.89598
  0.0244  0.0240  0.0244  0.0238  0.0241  0.0261  0.0241  0.0252  0.0238  0.0239  0.0238  0.0237
  0.0238  0.0236  0.0239  0.0236  0.0236  0.0251  0.0236  0.0242  0.0234  0.0234  0.0234  0.0234
  0.0234  0.0234  0.0235  0.0234  0.0234  0.0240  0.0233  0.0234  0.0232  0.0232  0.0232  0.0233
  0.0233  0.0233  0.0233  0.0233  0.0233  0.0233  0.0232  0.0232  0.0232  0.0232  0.0232  0.0232
  0.0234  0.0235  0.0233  0.0233  0.0234  0.0231  0.0233  0.0234  0.0233  0.0233  0.0233  0.0232
  0.0238  0.0238  0.0234  0.0236  0.0237  0.0238  0.0235  0.0242  0.0235  0.0235  0.0235  0.0233
  0.0244  0.0242  0.0237  0.0243  0.0241  0.0256  0.0240  0.0253  0.0238  0.0240  0.0238  0.0235
niter,ni,del,rscale     3    3    5.0000    0.6000
parameters
    3.6110   24.4178   24.4667   -9.1536  -11.9743   -7.7047
    4.4076   15.8277   -4.1650    5.8202  -15.0788   -6.9503
eta,q 0.97689 10.89465
  0.0240  0.0237  0.0238  0.0236  0.0238  0.0254  0.0238  0.0247  0.0236  0.0236  0.0236  0.0235
  0.0235  0.0234  0.0235  0.0234  0.0234  0.0244  0.0234  0.0239  0.0233  0.0233  0.0233  0.0233
  0.0233  0.0232  0.0233  0.0232  0.0232  0.0236  0.0232  0.0234  0.0232  0.0231  0.0231  0.0232
  0.0232  0.0232  0.0232  0.0232  0.0232  0.0231  0.0231  0.0231  0.0231  0.0231  0.0231  0.0231
  0.0233  0.0233  0.0232  0.0232  0.0233  0.0232  0.0232  0.0233  0.0232  0.0232  0.0232  0.0231
  0.0235  0.0235  0.0233  0.0233  0.0235  0.0238  0.0234  0.0238  0.0233  0.0234  0.0234  0.0232
  0.0239  0.0238  0.0236  0.0237  0.0238  0.0252  0.0237  0.0247  0.0236  0.0237  0.0236  0.0234
niter,ni,del,rscale     2    3    5.0000    0.5000
parameters
    3.6285   24.3729   24.5678   -9.0385  -12.0682   -7.5573
    4.4469   15.8880   -4.1678    5.6183  -15.1595   -6.7405
eta,q 0.97694 10.89734
  0.0237  0.0235  0.0236  0.0234  0.0235  0.0247  0.0235  0.0243  0.0234  0.0234  0.0234  0.0233
  0.0234  0.0233  0.0233  0.0233  0.0233  0.0240  0.0233  0.0236  0.0232  0.0232  0.0232  0.0232
  0.0232  0.0231  0.0232  0.0232  0.0231  0.0234  0.0231  0.0232  0.0231  0.0231  0.0231  0.0231
  0.0231  0.0231  0.0231  0.0231  0.0231  0.0231  0.0231  0.0231  0.0231  0.0231  0.0231  0.0231
  0.0232  0.0232  0.0231  0.0231  0.0232  0.0231  0.0231  0.0232  0.0231  0.0231  0.0231  0.0231
  0.0233  0.0233  0.0232  0.0232  0.0233  0.0236  0.0233  0.0236  0.0232  0.0233  0.0232  0.0232
  0.0236  0.0236  0.0234  0.0234  0.0236  0.0246  0.0235  0.0242  0.0234  0.0235  0.0234  0.0233
niter,ni,del,rscale     1    3    5.0000    0.4000
parameters
    3.6364   24.3324   24.6584   -8.9207  -12.1722   -7.4308
    4.4834   15.9302   -4.1652    5.4474  -15.2381   -6.5191
eta,q 0.97696 10.89922
  0.0234  0.0233  0.0234  0.0233  0.0233  0.0242  0.0233  0.0238  0.0233  0.0233  0.0233  0.0232
  0.0232  0.0232  0.0232  0.0232  0.0232  0.0236  0.0232  0.0234  0.0231  0.0231  0.0231  0.0231
  0.0231  0.0231  0.0231  0.0231  0.0231  0.0232  0.0231  0.0232  0.0231  0.0231  0.0231  0.0231
  0.0231  0.0231  0.0231  0.0231  0.0231  0.0231  0.0230  0.0230  0.0230  0.0230  0.0230  0.0230
  0.0231  0.0231  0.0231  0.0231  0.0231  0.0231  0.0231  0.0231  0.0231  0.0231  0.0231  0.0230
  0.0232  0.0232  0.0231  0.0231  0.0232  0.0234  0.0232  0.0234  0.0231  0.0232  0.0232  0.0231
  0.0234  0.0234  0.0233  0.0233  0.0234  0.0240  0.0233  0.0238  0.0233  0.0233  0.0233  0.0232
registration optimization eta report
parameter search radius
    0.8000    0.8000    0.8000    2.4000    2.4000    2.4000
    2.4000    2.4000    2.4000    2.4000    2.4000    2.4000
100000*second partial in parameter space
       56.       44.       42.        4.        5.       18.
        5.       13.        4.        5.        4.        3.
  0.0234  0.0233  0.0234  0.0233  0.0233  0.0242  0.0233  0.0238  0.0233  0.0233  0.0233  0.0232
  0.0232  0.0232  0.0232  0.0232  0.0232  0.0236  0.0232  0.0234  0.0231  0.0231  0.0231  0.0231
  0.0231  0.0231  0.0231  0.0231  0.0231  0.0232  0.0231  0.0232  0.0231  0.0231  0.0231  0.0231
  0.0231  0.0231  0.0231  0.0231  0.0231  0.0231  0.0230  0.0230  0.0230  0.0230  0.0230  0.0230
  0.0231  0.0231  0.0231  0.0231  0.0231  0.0231  0.0231  0.0231  0.0231  0.0231  0.0231  0.0230
  0.0232  0.0232  0.0231  0.0231  0.0232  0.0234  0.0232  0.0234  0.0231  0.0232  0.0232  0.0231
  0.0234  0.0234  0.0233  0.0233  0.0234  0.0240  0.0233  0.0238  0.0233  0.0233  0.0233  0.0232
    3.6364   24.3324   24.6584   -8.9207  -12.1722   -7.4308
    4.4834   15.9302   -4.1652    5.4474  -15.2381   -6.5191
eta,q 0.97696 10.89922

---------------------------------------------------------------------
imgreg_4dfp /opt/freesurfer/average/711-2C_as_mni_average_305 /opt/freesurfer/average/711-2B_as_mni_average_305_mask talsrcimg_g11 none talsrcimg_to_711-2C_as_mni_average_305_t4 2311
---------------------------------------------------------------------

freesurfer imgreg_4dfp.c
/opt/freesurfer/average/711-2C_as_mni_average_305.4dfp.img
       256       256       256         1
  1.000000  1.000000  1.000000
orientation T byte_order littleendian
Reading image: /opt/freesurfer/average/711-2C_as_mni_average_305.4dfp.img
dimensions:      256       256       256
mmppix:       1.0000   -1.0000   -1.0000
center:     128.0000 -129.0000 -129.0000
/opt/freesurfer/average/711-2B_as_mni_average_305_mask.4dfp.img
       256       256       256         1
  1.000000  1.000000  1.000000
orientation T byte_order littleendian
Reading mask: /opt/freesurfer/average/711-2B_as_mni_average_305_mask.4dfp.img (2306576 pixels)
talsrcimg_g11.4dfp.img
       256       256       256         1
  1.000000  1.000000  1.000000
orientation T byte_order littleendian
Reading image: talsrcimg_g11.4dfp.img
dimensions:      256       256       256
mmppix:       1.0000   -1.0000   -1.0000
center:     128.0000 -129.0000 -129.0000
fimgreg.f
image alignment mode   2311 decimal      907 hex
parameters
    3.6364   24.3324   24.6584   -8.9207  -12.1722   -7.4308
    4.4834   15.9302   -4.1652    5.4474  -15.2381   -6.5191
eta,q 0.97696 10.89922
niter,ni,del,rscale     5    3    5.0000    0.8000
parameters
    3.6414   24.3477   24.6829   -9.6266  -12.1131   -7.8155
    4.5261   15.7852   -4.0964    5.7135  -15.2626   -6.6093
eta,q 0.97686 10.87382
  0.0245  0.0242  0.0242  0.0237  0.0242  0.0259  0.0242  0.0255  0.0240  0.0244  0.0240  0.0237
  0.0237  0.0235  0.0236  0.0234  0.0236  0.0248  0.0236  0.0243  0.0235  0.0237  0.0235  0.0234
  0.0232  0.0232  0.0232  0.0231  0.0232  0.0236  0.0233  0.0234  0.0232  0.0233  0.0232  0.0232
  0.0230  0.0230  0.0230  0.0230  0.0231  0.0231  0.0231  0.0231  0.0231  0.0231  0.0231  0.0231
  0.0232  0.0232  0.0231  0.0231  0.0232  0.0234  0.0232  0.0235  0.0232  0.0232  0.0233  0.0232
  0.0237  0.0236  0.0235  0.0236  0.0236  0.0251  0.0236  0.0244  0.0235  0.0235  0.0235  0.0234
  0.0245  0.0241  0.0242  0.0245  0.0242  0.0276  0.0242  0.0259  0.0239  0.0241  0.0239  0.0238
niter,ni,del,rscale     4    3    5.0000    0.7000
parameters
    3.6590   24.3658   24.5475   -9.3236  -12.0070   -7.8392
    4.4626   15.8568   -4.0854    5.7090  -15.2040   -6.7172
eta,q 0.97688 10.88670
  0.0242  0.0240  0.0238  0.0238  0.0240  0.0257  0.0239  0.0252  0.0238  0.0239  0.0238  0.0236
  0.0236  0.0235  0.0234  0.0235  0.0235  0.0247  0.0235  0.0242  0.0234  0.0234  0.0234  0.0233
  0.0233  0.0232  0.0232  0.0233  0.0232  0.0237  0.0232  0.0234  0.0232  0.0232  0.0232  0.0232
  0.0231  0.0231  0.0231  0.0231  0.0231  0.0231  0.0231  0.0231  0.0231  0.0231  0.0231  0.0231
  0.0232  0.0232  0.0233  0.0231  0.0232  0.0232  0.0232  0.0233  0.0232  0.0232  0.0232  0.0232
  0.0236  0.0235  0.0236  0.0233  0.0235  0.0242  0.0235  0.0240  0.0234  0.0235  0.0234  0.0233
  0.0242  0.0240  0.0241  0.0237  0.0239  0.0263  0.0240  0.0251  0.0237  0.0239  0.0237  0.0236
niter,ni,del,rscale     3    3    5.0000    0.6000
parameters
    3.6513   24.3600   24.5489   -9.1360  -12.0090   -7.7047
    4.4422   15.8892   -4.1189    5.6422  -15.1906   -6.7004
eta,q 0.97691 10.89468
  0.0239  0.0238  0.0237  0.0236  0.0238  0.0253  0.0237  0.0247  0.0235  0.0237  0.0236  0.0234
  0.0235  0.0234  0.0234  0.0234  0.0234  0.0244  0.0234  0.0239  0.0233  0.0233  0.0233  0.0233
  0.0232  0.0232  0.0232  0.0232  0.0232  0.0236  0.0232  0.0233  0.0231  0.0231  0.0231  0.0231
  0.0231  0.0231  0.0231  0.0231  0.0231  0.0231  0.0231  0.0231  0.0231  0.0231  0.0231  0.0231
  0.0232  0.0232  0.0232  0.0231  0.0232  0.0231  0.0232  0.0232  0.0231  0.0232  0.0232  0.0231
  0.0235  0.0234  0.0234  0.0232  0.0234  0.0238  0.0234  0.0238  0.0233  0.0234  0.0233  0.0232
  0.0239  0.0237  0.0237  0.0236  0.0238  0.0253  0.0237  0.0247  0.0236  0.0237  0.0236  0.0234
niter,ni,del,rscale     2    3    5.0000    0.5000
parameters
    3.6456   24.3387   24.6044   -9.0179  -12.0799   -7.5570
    4.4601   15.9200   -4.1515    5.5425  -15.2189   -6.6227
eta,q 0.97694 10.89823
  0.0236  0.0235  0.0235  0.0234  0.0235  0.0247  0.0235  0.0242  0.0234  0.0235  0.0234  0.0233
  0.0233  0.0233  0.0233  0.0233  0.0233  0.0240  0.0233  0.0236  0.0232  0.0232  0.0232  0.0232
  0.0231  0.0231  0.0232  0.0232  0.0231  0.0234  0.0231  0.0232  0.0231  0.0231  0.0231  0.0231
  0.0231  0.0231  0.0231  0.0231  0.0231  0.0231  0.0231  0.0231  0.0231  0.0231  0.0231  0.0231
  0.0232  0.0231  0.0231  0.0231  0.0232  0.0231  0.0231  0.0232  0.0231  0.0231  0.0231  0.0231
  0.0233  0.0233  0.0232  0.0232  0.0233  0.0236  0.0233  0.0236  0.0232  0.0233  0.0232  0.0232
  0.0236  0.0235  0.0235  0.0234  0.0236  0.0246  0.0235  0.0242  0.0234  0.0235  0.0234  0.0233
niter,ni,del,rscale     1    3    5.0000    0.4000
parameters
    3.6481   24.3164   24.6709   -8.9122  -12.1689   -7.4328
    4.4809   15.9515   -4.1613    5.4030  -15.2596   -6.4899
eta,q 0.97696 10.89984
  0.0234  0.0233  0.0234  0.0233  0.0233  0.0242  0.0233  0.0238  0.0233  0.0233  0.0233  0.0232
  0.0232  0.0232  0.0232  0.0232  0.0232  0.0236  0.0232  0.0234  0.0231  0.0231  0.0231  0.0231
  0.0231  0.0231  0.0231  0.0231  0.0231  0.0232  0.0231  0.0231  0.0231  0.0231  0.0231  0.0231
  0.0231  0.0231  0.0231  0.0231  0.0231  0.0230  0.0230  0.0230  0.0230  0.0230  0.0230  0.0230
  0.0231  0.0231  0.0231  0.0231  0.0231  0.0231  0.0231  0.0231  0.0231  0.0231  0.0231  0.0230
  0.0232  0.0232  0.0231  0.0231  0.0232  0.0234  0.0232  0.0234  0.0231  0.0232  0.0231  0.0231
  0.0234  0.0234  0.0233  0.0233  0.0234  0.0240  0.0233  0.0238  0.0233  0.0233  0.0233  0.0232
registration optimization eta report
parameter search radius
    0.8000    0.8000    0.8000    2.4000    2.4000    2.4000
    2.4000    2.4000    2.4000    2.4000    2.4000    2.4000
100000*second partial in parameter space
       56.       44.       43.        4.        5.       18.
        5.       13.        4.        5.        4.        3.
  0.0234  0.0233  0.0234  0.0233  0.0233  0.0242  0.0233  0.0238  0.0233  0.0233  0.0233  0.0232
  0.0232  0.0232  0.0232  0.0232  0.0232  0.0236  0.0232  0.0234  0.0231  0.0231  0.0231  0.0231
  0.0231  0.0231  0.0231  0.0231  0.0231  0.0232  0.0231  0.0231  0.0231  0.0231  0.0231  0.0231
  0.0231  0.0231  0.0231  0.0231  0.0231  0.0230  0.0230  0.0230  0.0230  0.0230  0.0230  0.0230
  0.0231  0.0231  0.0231  0.0231  0.0231  0.0231  0.0231  0.0231  0.0231  0.0231  0.0231  0.0230
  0.0232  0.0232  0.0231  0.0231  0.0232  0.0234  0.0232  0.0234  0.0231  0.0232  0.0231  0.0231
  0.0234  0.0234  0.0233  0.0233  0.0234  0.0240  0.0233  0.0238  0.0233  0.0233  0.0233  0.0232
    3.6481   24.3164   24.6709   -8.9122  -12.1689   -7.4328
    4.4809   15.9515   -4.1613    5.4030  -15.2596   -6.4899
eta,q 0.97696 10.89984

---------------------------------------------------------------------
compute_vox2vox talsrcimg talsrcimg_to_711-2C_as_mni_average_305_t4 /opt/freesurfer/average/711-2C_as_mni_average_305
---------------------------------------------------------------------

freesurfer compute_vox2vox.c
Reading: talsrcimg.4dfp.ifh
Reading: talsrcimg_to_711-2C_as_mni_average_305_t4
Reading: /opt/freesurfer/average/711-2C_as_mni_average_305.4dfp.ifh
Writing: talsrcimg_to_711-2C_as_mni_average_305_t4_vox2vox.txt

start time Tue Mar 10 22:37:53 CET 2026
end		time Tue Mar 10 22:39:20 CET 2026

mpr2mni305 success

avi2talxfm orig_nu.mgz /opt/freesurfer/average/mni305.cor.mgz talsrcimg_to_711-2C_as_mni_average_305_t4_vox2vox.txt transforms/talairach.auto.xfm
avi2talxfm done
mv -f /out/sourcedata/freesurfer/sub-v2s12x28869_ses-1/mri/talsrcimg_to_711-2C_as_mni_average_305_t4_vox2vox.txt /out/sourcedata/freesurfer/sub-v2s12x28869_ses-1/mri/transforms/talsrcimg_to_711-2C_as_mni_average_305_t4_vox2vox.txt
lta_convert --src orig_nu.mgz --trg /opt/freesurfer/average/mni305.cor.mgz --inxfm transforms/talairach.auto.xfm --outlta transforms/talairach.auto.xfm.lta --subject fsaverage
7.3.2

--src: orig_nu.mgz src image (geometry).
--trg: /opt/freesurfer/average/mni305.cor.mgz trg image (geometry).
--inmni: transforms/talairach.auto.xfm input MNI/XFM transform.
--outlta: transforms/talairach.auto.xfm.lta output LTA.
--s: fsaverage subject name
 LTA read, type : 1
 1.06468  -0.17953  -0.06758   6.74824;
 0.17828   1.04560   0.06816  -24.54271;
 0.03948  -0.07283   1.13115  -27.37587;
 0.00000   0.00000   0.00000   1.00000;
setting subject to fsaverage
Writing  LTA to file transforms/talairach.auto.xfm.lta...
lta_convert successful.
 
 
Started at Tue Mar 10 22:37:53 CET 2026
Ended   at Tue Mar 10 22:39:20 CET 2026
talairach_avi done
