status file for recon-all
Wed Mar 11 03:12:12 CET 2026
#@# Tessellate rh Wed Mar 11 03:12:12 CET 2026
#@# Smooth1 rh Wed Mar 11 03:12:16 CET 2026
#@# Inflation1 rh Wed Mar 11 03:12:19 CET 2026
#@# QSphere rh Wed Mar 11 03:12:37 CET 2026
#@# Fix Topology rh Wed Mar 11 03:14:22 CET 2026
#@# Smooth2 rh Wed Mar 11 03:20:42 CET 2026
#@# Inflation2 rh Wed Mar 11 03:20:45 CET 2026
#@# Curv .H and .K rh Wed Mar 11 03:21:06 CET 2026
#@# Sphere rh Wed Mar 11 03:21:55 CET 2026
#@# Surf Reg rh Wed Mar 11 03:25:36 CET 2026
#@# Jacobian white rh Wed Mar 11 03:30:38 CET 2026
#@# AvgCurv rh Wed Mar 11 03:30:39 CET 2026
#@# Cortical Parc rh Wed Mar 11 03:30:40 CET 2026
#@# white curv rh Wed Mar 11 03:38:04 CET 2026
#@# white area rh Wed Mar 11 03:38:07 CET 2026
#@# pial curv rh Wed Mar 11 03:38:07 CET 2026
#@# pial area rh Wed Mar 11 03:38:09 CET 2026
#@# thickness rh Wed Mar 11 03:38:10 CET 2026
#@# area and vertex vol rh Wed Mar 11 03:38:41 CET 2026
#@# Curvature Stats rh Wed Mar 11 03:38:43 CET 2026
#@# Cortical Parc 2 rh Wed Mar 11 03:38:46 CET 2026
#@# Cortical Parc 3 rh Wed Mar 11 03:39:01 CET 2026
#@# WM/GM Contrast rh Wed Mar 11 03:39:12 CET 2026
recon-all -s sub-v2s12x28882_ses-1 finished without error at Wed Mar 11 03:39:16 CET 2026



#New# invocation of recon-all 



status file for recon-all
Wed Mar 11 03:49:37 CET 2026
#@# white curv rh Wed Mar 11 03:49:37 CET 2026
#@# white area rh Wed Mar 11 03:49:37 CET 2026
#@# pial curv rh Wed Mar 11 03:49:37 CET 2026
#@# pial area rh Wed Mar 11 03:49:37 CET 2026
#@# thickness rh Wed Mar 11 03:49:37 CET 2026
#@# area and vertex vol rh Wed Mar 11 03:49:37 CET 2026
#@# Parcellation Stats rh Wed Mar 11 03:49:37 CET 2026
#@# Parcellation Stats 2 rh Wed Mar 11 03:49:59 CET 2026
#@# Parcellation Stats 3 rh Wed Mar 11 03:50:11 CET 2026
#@# BA_exvivo Labels rh Wed Mar 11 03:50:22 CET 2026
recon-all -s sub-v2s12x28882_ses-1 finished without error at Wed Mar 11 03:53:20 CET 2026
