status file for recon-all
Wed Mar 11 04:22:06 CET 2026
#@# Tessellate lh Wed Mar 11 04:22:06 CET 2026
#@# Smooth1 lh Wed Mar 11 04:22:09 CET 2026
#@# Inflation1 lh Wed Mar 11 04:22:12 CET 2026
#@# QSphere lh Wed Mar 11 04:22:26 CET 2026
#@# Fix Topology lh Wed Mar 11 04:23:37 CET 2026
#@# Smooth2 lh Wed Mar 11 04:29:56 CET 2026
#@# Inflation2 lh Wed Mar 11 04:29:59 CET 2026
#@# Curv .H and .K lh Wed Mar 11 04:30:14 CET 2026
#@# Sphere lh Wed Mar 11 04:31:02 CET 2026
#@# Surf Reg lh Wed Mar 11 04:34:32 CET 2026
#@# Jacobian white lh Wed Mar 11 04:38:18 CET 2026
#@# AvgCurv lh Wed Mar 11 04:38:19 CET 2026
#@# Cortical Parc lh Wed Mar 11 04:38:20 CET 2026
#@# white curv lh Wed Mar 11 04:45:21 CET 2026
#@# white area lh Wed Mar 11 04:45:23 CET 2026
#@# pial curv lh Wed Mar 11 04:45:24 CET 2026
#@# pial area lh Wed Mar 11 04:45:26 CET 2026
#@# thickness lh Wed Mar 11 04:45:27 CET 2026
#@# area and vertex vol lh Wed Mar 11 04:45:59 CET 2026
#@# Curvature Stats lh Wed Mar 11 04:46:01 CET 2026
#@# Cortical Parc 2 lh Wed Mar 11 04:46:04 CET 2026
#@# Cortical Parc 3 lh Wed Mar 11 04:46:18 CET 2026
#@# WM/GM Contrast lh Wed Mar 11 04:46:28 CET 2026
recon-all -s sub-v2s12x28897_ses-1 finished without error at Wed Mar 11 04:46:31 CET 2026



#New# invocation of recon-all 



status file for recon-all
Wed Mar 11 05:17:10 CET 2026
#@# white curv lh Wed Mar 11 05:17:11 CET 2026
#@# white area lh Wed Mar 11 05:17:11 CET 2026
#@# pial curv lh Wed Mar 11 05:17:11 CET 2026
#@# pial area lh Wed Mar 11 05:17:11 CET 2026
#@# thickness lh Wed Mar 11 05:17:11 CET 2026
#@# area and vertex vol lh Wed Mar 11 05:17:11 CET 2026
#@# Parcellation Stats lh Wed Mar 11 05:17:11 CET 2026
#@# Parcellation Stats 2 lh Wed Mar 11 05:17:31 CET 2026
#@# Parcellation Stats 3 lh Wed Mar 11 05:17:41 CET 2026
#@# BA_exvivo Labels lh Wed Mar 11 05:17:51 CET 2026
recon-all -s sub-v2s12x28897_ses-1 finished without error at Wed Mar 11 05:20:33 CET 2026
