status file for recon-all
Wed Mar 11 02:40:45 CET 2026
#@# MotionCor Wed Mar 11 02:40:47 CET 2026
#@# Talairach Wed Mar 11 02:40:54 CET 2026
#@# Talairach Failure Detection Wed Mar 11 02:45:17 CET 2026
#@# Nu Intensity Correction Wed Mar 11 02:45:17 CET 2026
#@# Intensity Normalization Wed Mar 11 02:48:33 CET 2026
recon-all -s sub-v2s12x28897_ses-1 finished without error at Wed Mar 11 02:50:00 CET 2026



#New# invocation of recon-all 



status file for recon-all
Wed Mar 11 02:57:25 CET 2026
#@# EM Registration Wed Mar 11 02:57:25 CET 2026
recon-all -s sub-v2s12x28897_ses-1 finished without error at Wed Mar 11 02:59:35 CET 2026



#New# invocation of recon-all 



status file for recon-all
Wed Mar 11 02:59:38 CET 2026
#@# CA Normalize Wed Mar 11 02:59:38 CET 2026
#@# CA Reg Wed Mar 11 03:00:58 CET 2026
#@# SubCort Seg Wed Mar 11 03:47:06 CET 2026
#@# CC Seg Wed Mar 11 04:16:15 CET 2026
#@# Merge ASeg Wed Mar 11 04:16:54 CET 2026
#@# Intensity Normalization2 Wed Mar 11 04:16:54 CET 2026
#@# Mask BFS Wed Mar 11 04:19:05 CET 2026
#@# WM Segmentation Wed Mar 11 04:19:06 CET 2026
#@# Fill Wed Mar 11 04:21:00 CET 2026
recon-all -s sub-v2s12x28897_ses-1 finished without error at Wed Mar 11 04:22:02 CET 2026



#New# invocation of recon-all 



status file for recon-all
Wed Mar 11 05:09:56 CET 2026
#@# white curv lh Wed Mar 11 05:09:56 CET 2026
#@# white area lh Wed Mar 11 05:09:56 CET 2026
#@# pial curv lh Wed Mar 11 05:09:56 CET 2026
#@# pial area lh Wed Mar 11 05:09:56 CET 2026
#@# thickness lh Wed Mar 11 05:09:56 CET 2026
#@# area and vertex vol lh Wed Mar 11 05:09:56 CET 2026
#@# white curv rh Wed Mar 11 05:09:56 CET 2026
#@# white area rh Wed Mar 11 05:09:56 CET 2026
#@# pial curv rh Wed Mar 11 05:09:56 CET 2026
#@# pial area rh Wed Mar 11 05:09:56 CET 2026
#@# thickness rh Wed Mar 11 05:09:56 CET 2026
#@# area and vertex vol rh Wed Mar 11 05:09:56 CET 2026
#@# Cortical ribbon mask Wed Mar 11 05:09:56 CET 2026
recon-all -s sub-v2s12x28897_ses-1 finished without error at Wed Mar 11 05:17:07 CET 2026



#New# invocation of recon-all 



status file for recon-all
Wed Mar 11 05:24:02 CET 2026
#@# white curv lh Wed Mar 11 05:24:02 CET 2026
#@# white area lh Wed Mar 11 05:24:02 CET 2026
#@# pial curv lh Wed Mar 11 05:24:02 CET 2026
#@# pial area lh Wed Mar 11 05:24:02 CET 2026
#@# thickness lh Wed Mar 11 05:24:02 CET 2026
#@# area and vertex vol lh Wed Mar 11 05:24:02 CET 2026
#@# white curv rh Wed Mar 11 05:24:02 CET 2026
#@# white area rh Wed Mar 11 05:24:02 CET 2026
#@# pial curv rh Wed Mar 11 05:24:02 CET 2026
#@# pial area rh Wed Mar 11 05:24:03 CET 2026
#@# thickness rh Wed Mar 11 05:24:03 CET 2026
#@# area and vertex vol rh Wed Mar 11 05:24:03 CET 2026
#@# Curvature Stats lh Wed Mar 11 05:24:03 CET 2026
#@# Curvature Stats rh Wed Mar 11 05:24:05 CET 2026
#@# Relabel Hypointensities Wed Mar 11 05:24:08 CET 2026
#@# APas-to-ASeg Wed Mar 11 05:24:23 CET 2026
#@# AParc-to-ASeg aparc Wed Mar 11 05:24:32 CET 2026
#@# AParc-to-ASeg aparc.a2009s Wed Mar 11 05:25:12 CET 2026
#@# AParc-to-ASeg aparc.DKTatlas Wed Mar 11 05:25:57 CET 2026
#@# WMParc Wed Mar 11 05:26:44 CET 2026
#@# ASeg Stats Wed Mar 11 05:31:22 CET 2026
recon-all -s sub-v2s12x28897_ses-1 finished without error at Wed Mar 11 05:32:04 CET 2026
