status file for recon-all
Wed Mar 11 04:46:32 CET 2026
#@# Tessellate rh Wed Mar 11 04:46:32 CET 2026
#@# Smooth1 rh Wed Mar 11 04:46:36 CET 2026
#@# Inflation1 rh Wed Mar 11 04:46:39 CET 2026
#@# QSphere rh Wed Mar 11 04:46:52 CET 2026
#@# Fix Topology rh Wed Mar 11 04:48:06 CET 2026
#@# Smooth2 rh Wed Mar 11 04:54:25 CET 2026
#@# Inflation2 rh Wed Mar 11 04:54:28 CET 2026
#@# Curv .H and .K rh Wed Mar 11 04:54:43 CET 2026
#@# Sphere rh Wed Mar 11 04:55:32 CET 2026
#@# Surf Reg rh Wed Mar 11 04:57:47 CET 2026
#@# Jacobian white rh Wed Mar 11 05:01:48 CET 2026
#@# AvgCurv rh Wed Mar 11 05:01:49 CET 2026
#@# Cortical Parc rh Wed Mar 11 05:01:50 CET 2026
#@# white curv rh Wed Mar 11 05:08:45 CET 2026
#@# white area rh Wed Mar 11 05:08:47 CET 2026
#@# pial curv rh Wed Mar 11 05:08:47 CET 2026
#@# pial area rh Wed Mar 11 05:08:49 CET 2026
#@# thickness rh Wed Mar 11 05:08:50 CET 2026
#@# area and vertex vol rh Wed Mar 11 05:09:20 CET 2026
#@# Curvature Stats rh Wed Mar 11 05:09:22 CET 2026
#@# Cortical Parc 2 rh Wed Mar 11 05:09:25 CET 2026
#@# Cortical Parc 3 rh Wed Mar 11 05:09:39 CET 2026
#@# WM/GM Contrast rh Wed Mar 11 05:09:50 CET 2026
recon-all -s sub-v2s12x28897_ses-1 finished without error at Wed Mar 11 05:09:53 CET 2026



#New# invocation of recon-all 



status file for recon-all
Wed Mar 11 05:20:34 CET 2026
#@# white curv rh Wed Mar 11 05:20:34 CET 2026
#@# white area rh Wed Mar 11 05:20:35 CET 2026
#@# pial curv rh Wed Mar 11 05:20:35 CET 2026
#@# pial area rh Wed Mar 11 05:20:35 CET 2026
#@# thickness rh Wed Mar 11 05:20:35 CET 2026
#@# area and vertex vol rh Wed Mar 11 05:20:35 CET 2026
#@# Parcellation Stats rh Wed Mar 11 05:20:35 CET 2026
#@# Parcellation Stats 2 rh Wed Mar 11 05:20:55 CET 2026
#@# Parcellation Stats 3 rh Wed Mar 11 05:21:05 CET 2026
#@# BA_exvivo Labels rh Wed Mar 11 05:21:15 CET 2026
recon-all -s sub-v2s12x28897_ses-1 finished without error at Wed Mar 11 05:23:59 CET 2026
