/out/sourcedata/freesurfer/sub-v2s12x28904_ses-1/mri
/opt/freesurfer/bin/talairach_avi
--i orig_nu.mgz --xfm transforms/talairach.auto.xfm
talairach_avi 7.3.2
Linux dna019 5.14.0-427.37.1.el9_4.x86_64 #1 SMP PREEMPT_DYNAMIC Fri Sep 13 12:41:50 EDT 2024 x86_64 x86_64 x86_64 GNU/Linux
Wed Mar 11 02:51:02 CET 2026
mri_convert orig_nu.mgz talsrcimg.img 
reading from orig_nu.mgz...
TR=0.00, TE=0.00, TI=0.00, flip angle=0.00
i_ras = (-1, 0, 0)
j_ras = (0, 0, -1)
k_ras = (0, 1, 0)
writing to talsrcimg.img...
Analyze Output Matrix
-1.00000   0.00000   0.00000   133.48410;
 0.00000   0.00000   1.00000  -124.98399;
 0.00000  -1.00000   0.00000   125.98401;
 0.00000   0.00000   0.00000   1.00000;
--------------------
INFO: set hdr.hist.orient to -1
mpr2mni305 talsrcimg
Wed Mar 11 02:51:02 CET 2026
/opt/freesurfer/bin/mpr2mni305 talsrcimg
mpr2mni305 7.3.2
target=711-2C_as_mni_average_305

---------------------------------------------------------------------
analyzeto4dfp talsrcimg -O0 -y
---------------------------------------------------------------------

freesurfer ifh2hdr.c
Wed Mar 11 02:51:02 2026
Writing: talsrcimg.4dfp.hdr
freesurfer analyzeto4dfp.c
Reading: talsrcimg.hdr
header size 348 bytes
hdr.dime.datatype	offset=70	value=2
hdr.dime.bitpix		offset=72	value=8
hdr.hist.orient		offset=252	value=-1
dimensionality     4
dimensions       256       256       256         1
Reading: talsrcimg.img
Writing: talsrcimg.4dfp.img
Writing: talsrcimg.4dfp.ifh
ifh2hdr talsrcimg -r0to224
ori=2

---------------------------------------------------------------------
gauss_4dfp talsrcimg 1.1
---------------------------------------------------------------------

freesurfer gauss_4dfp.c
Reading: talsrcimg.4dfp.img
Writing: talsrcimg_g11.4dfp.img
image dimensions 256 256 256 padded to 288 288 288
processing volume 1freesurfer ifh2hdr.c
Wed Mar 11 02:51:04 2026
Writing: talsrcimg_g11.4dfp.hdr

Writing: talsrcimg_g11.4dfp.ifh
including: talsrcimg.4dfp.img.rec in talsrcimg_g11.4dfp.img.rec

---------------------------------------------------------------------
imgreg_4dfp /opt/freesurfer/average/711-2C_as_mni_average_305 none talsrcimg_g11 none talsrcimg_to_711-2C_as_mni_average_305_t4 4355
---------------------------------------------------------------------

freesurfer imgreg_4dfp.c
/opt/freesurfer/average/711-2C_as_mni_average_305.4dfp.img
       256       256       256         1
  1.000000  1.000000  1.000000
orientation T byte_order littleendian
Reading image: /opt/freesurfer/average/711-2C_as_mni_average_305.4dfp.img
dimensions:      256       256       256
mmppix:       1.0000   -1.0000   -1.0000
center:     128.0000 -129.0000 -129.0000
talsrcimg_g11.4dfp.img
       256       256       256         1
  1.000000  1.000000  1.000000
orientation T byte_order littleendian
Reading image: talsrcimg_g11.4dfp.img
dimensions:      256       256       256
mmppix:       1.0000   -1.0000   -1.0000
center:     128.0000 -129.0000 -129.0000
t4_read: open error in t4_sub.f l:  41 t4_file(1:l)talsrcimg_to_711-2C_as_mni_average_305_t4 
t4_read: transform initialized to I4
rotation matrix determinant  1.000000
image alignment mode   4355 decimal     1103 hex
   -7.5000  -45.0000  -45.0000 5060.6938   20.3607
    0.0000  -45.0000  -45.0000 5298.2344   20.4172
    7.5000  -45.0000  -45.0000 5112.8467   20.4418
   -7.5000  -37.5000  -45.0000 5539.8589   19.8796
    0.0000  -37.5000  -45.0000 5808.4575   19.9281
    7.5000  -37.5000  -45.0000 5593.4629   19.9610
   -7.5000  -30.0000  -45.0000 6219.4893   19.5545
    0.0000  -30.0000  -45.0000 6525.7852   19.6011
    7.5000  -30.0000  -45.0000 6274.4624   19.6359
   -7.5000  -22.5000  -45.0000 6918.3926   19.4167
    0.0000  -22.5000  -45.0000 7235.9360   19.4713
    7.5000  -22.5000  -45.0000 6973.0835   19.5023
   -7.5000  -15.0000  -45.0000 7575.2075   19.4259
    0.0000  -15.0000  -45.0000 7938.7505   19.4869
    7.5000  -15.0000  -45.0000 7648.3755   19.5129
   -7.5000   -7.5000  -45.0000 8247.2256   19.4114
    0.0000   -7.5000  -45.0000 8628.1230   19.4715
    7.5000   -7.5000  -45.0000 8300.8477   19.4955
   -7.5000    0.0000  -45.0000 8898.9756   19.3835
    0.0000    0.0000  -45.0000 9291.6943   19.4370
    7.5000    0.0000  -45.0000 8931.5947   19.4643
   -7.5000    7.5000  -45.0000 8876.8525   19.3687
    0.0000    7.5000  -45.0000 9257.9502   19.4146
    7.5000    7.5000  -45.0000 8895.8359   19.4472
   -7.5000   15.0000  -45.0000 8799.4893   19.3785
    0.0000   15.0000  -45.0000 9168.7725   19.4247
    7.5000   15.0000  -45.0000 8797.4482   19.4591
   -7.5000   22.5000  -45.0000 8629.4658   19.4035
    0.0000   22.5000  -45.0000 9000.4316   19.4581
    7.5000   22.5000  -45.0000 8622.0342   19.4892
   -7.5000   30.0000  -45.0000 8330.0107   19.1654
    0.0000   30.0000  -45.0000 8662.7949   19.2255
    7.5000   30.0000  -45.0000 8319.0615   19.2512
   -7.5000   37.5000  -45.0000 8164.4297   19.1527
    0.0000   37.5000  -45.0000 8472.4990   19.2120
    7.5000   37.5000  -45.0000 8151.7334   19.2357
   -7.5000   45.0000  -45.0000 7610.4102   18.6396
    0.0000   45.0000  -45.0000 7886.3838   18.6910
    7.5000   45.0000  -45.0000 7586.8613   18.7173
   -7.5000  -45.0000  -37.5000 5415.0176   19.7628
    0.0000  -45.0000  -37.5000 5680.8940   19.8102
    7.5000  -45.0000  -37.5000 5485.1187   19.8379
   -7.5000  -37.5000  -37.5000 5897.2305   19.3144
    0.0000  -37.5000  -37.5000 6191.4541   19.3563
    7.5000  -37.5000  -37.5000 5957.8892   19.3898
   -7.5000  -30.0000  -37.5000 6630.6050   19.0135
    0.0000  -30.0000  -37.5000 6957.4331   19.0577
    7.5000  -30.0000  -37.5000 6687.2812   19.0882
   -7.5000  -22.5000  -37.5000 7381.8940   18.8809
    0.0000  -22.5000  -37.5000 7720.3228   18.9352
    7.5000  -22.5000  -37.5000 7424.5898   18.9608
   -7.5000  -15.0000  -37.5000 8119.2778   18.8827
    0.0000  -15.0000  -37.5000 8489.1162   18.9426
    7.5000  -15.0000  -37.5000 8175.5415   18.9663
   -7.5000   -7.5000  -37.5000 8823.6201   18.8650
    0.0000   -7.5000  -37.5000 9217.1016   18.9200
    7.5000   -7.5000  -37.5000 8869.7852   18.9458
   -7.5000    0.0000  -37.5000 9520.7842   18.8407
    0.0000    0.0000  -37.5000 9936.7910   18.8860
    7.5000    0.0000  -37.5000 9542.5518   18.9170
   -7.5000    7.5000  -37.5000 9483.9697   18.8333
    0.0000    7.5000  -37.5000 9911.9902   18.8730
    7.5000    7.5000  -37.5000 9512.9600   18.9063
   -7.5000   15.0000  -37.5000 9360.9434   18.8474
    0.0000   15.0000  -37.5000 9761.4395   18.8912
    7.5000   15.0000  -37.5000 9363.1777   18.9213
   -7.5000   22.5000  -37.5000 9175.1650   18.8684
    0.0000   22.5000  -37.5000 9556.3867   18.9226
    7.5000   22.5000  -37.5000 9147.3262   18.9483
   -7.5000   30.0000  -37.5000 8872.7275   18.6295
    0.0000   30.0000  -37.5000 9201.2910   18.6886
    7.5000   30.0000  -37.5000 8816.0039   18.7120
   -7.5000   37.5000  -37.5000 8714.9014   18.6136
    0.0000   37.5000  -37.5000 9040.7441   18.6678
    7.5000   37.5000  -37.5000 8651.9775   18.6933
   -7.5000   45.0000  -37.5000 8139.0396   18.1176
    0.0000   45.0000  -37.5000 8440.3311   18.1612
    7.5000   45.0000  -37.5000 8079.5444   18.1910
   -7.5000  -45.0000  -30.0000 5918.9302   20.1984
    0.0000  -45.0000  -30.0000 6205.6738   20.2428
    7.5000  -45.0000  -30.0000 5981.5776   20.2558
   -7.5000  -37.5000  -30.0000 6433.0952   19.7458
    0.0000  -37.5000  -30.0000 6738.4712   19.7808
    7.5000  -37.5000  -30.0000 6476.7026   19.7958
   -7.5000  -30.0000  -30.0000 7205.5020   19.4446
    0.0000  -30.0000  -30.0000 7530.5146   19.4824
    7.5000  -30.0000  -30.0000 7253.2969   19.4889
   -7.5000  -22.5000  -30.0000 8036.2212   19.3097
    0.0000  -22.5000  -30.0000 8372.8057   19.3632
    7.5000  -22.5000  -30.0000 8047.9858   19.3647
   -7.5000  -15.0000  -30.0000 8850.8516   19.3087
    0.0000  -15.0000  -30.0000 9203.1543   19.3737
    7.5000  -15.0000  -30.0000 8847.3154   19.3777
   -7.5000   -7.5000  -30.0000 9636.5244   19.2906
    0.0000   -7.5000  -30.000010031.9531   19.3494
    7.5000   -7.5000  -30.0000 9628.1846   19.3612
   -7.5000    0.0000  -30.000010367.1211   19.2684
    0.0000    0.0000  -30.000010803.7480   19.3117
    7.5000    0.0000  -30.000010344.2021   19.3302
   -7.5000    7.5000  -30.000010311.3467   19.2636
    0.0000    7.5000  -30.000010776.8691   19.2969
    7.5000    7.5000  -30.000010326.0107   19.3125
   -7.5000   15.0000  -30.000010144.1953   19.2782
    0.0000   15.0000  -30.000010584.8887   19.3156
    7.5000   15.0000  -30.000010135.0371   19.3222
   -7.5000   22.5000  -30.0000 9932.3975   19.2950
    0.0000   22.5000  -30.000010340.0352   19.3486
    7.5000   22.5000  -30.0000 9895.5752   19.3501
   -7.5000   30.0000  -30.0000 9580.0732   19.0517
    0.0000   30.0000  -30.0000 9936.2783   19.1158
    7.5000   30.0000  -30.0000 9513.0537   19.1197
   -7.5000   37.5000  -30.0000 9415.3359   19.0353
    0.0000   37.5000  -30.0000 9774.9795   19.0933
    7.5000   37.5000  -30.0000 9360.0996   19.1050
   -7.5000   45.0000  -30.0000 8809.6621   18.5425
    0.0000   45.0000  -30.0000 9132.0098   18.5842
    7.5000   45.0000  -30.0000 8749.3096   18.6019
   -7.5000  -45.0000  -22.5000 6466.4229   20.6356
    0.0000  -45.0000  -22.5000 6769.3486   20.6874
    7.5000  -45.0000  -22.5000 6525.6226   20.7022
   -7.5000  -37.5000  -22.5000 7021.7607   20.1705
    0.0000  -37.5000  -22.5000 7323.9541   20.2053
    7.5000  -37.5000  -22.5000 7065.7583   20.2215
   -7.5000  -30.0000  -22.5000 7849.5620   19.8608
    0.0000  -30.0000  -22.5000 8179.2632   19.8933
    7.5000  -30.0000  -22.5000 7888.5723   19.9019
   -7.5000  -22.5000  -22.5000 8752.0059   19.7232
    0.0000  -22.5000  -22.5000 9117.0264   19.7752
    7.5000  -22.5000  -22.5000 8768.5342   19.7802
   -7.5000  -15.0000  -22.5000 9666.6836   19.7253
    0.0000  -15.0000  -22.500010052.2168   19.7967
    7.5000  -15.0000  -22.5000 9677.7051   19.8048
   -7.5000   -7.5000  -22.500010525.1113   19.7123
    0.0000   -7.5000  -22.500010966.7441   19.7814
    7.5000   -7.5000  -22.500010555.6924   19.7964
   -7.5000    0.0000  -22.500011319.8604   19.6917
    0.0000    0.0000  -22.500011781.1699   19.7423
    7.5000    0.0000  -22.500011346.0996   19.7621
   -7.5000    7.5000  -22.500011238.8350   19.6830
    0.0000    7.5000  -22.500011713.0566   19.7162
    7.5000    7.5000  -22.500011258.1143   19.7326
   -7.5000   15.0000  -22.500011025.1182   19.6930
    0.0000   15.0000  -22.500011500.1396   19.7252
    7.5000   15.0000  -22.500011021.0898   19.7338
   -7.5000   22.5000  -22.500010760.7354   19.7071
    0.0000   22.5000  -22.500011193.2178   19.7590
    7.5000   22.5000  -22.500010728.8203   19.7641
   -7.5000   30.0000  -22.500010378.5225   19.4658
    0.0000   30.0000  -22.500010775.4990   19.5362
    7.5000   30.0000  -22.500010303.4268   19.5441
   -7.5000   37.5000  -22.500010238.0879   19.4545
    0.0000   37.5000  -22.500010635.3809   19.5226
    7.5000   37.5000  -22.500010167.1494   19.5374
   -7.5000   45.0000  -22.5000 9571.1357   18.9641
    0.0000   45.0000  -22.5000 9941.5840   19.0128
    7.5000   45.0000  -22.5000 9510.2334   19.0319
   -7.5000  -45.0000  -15.0000 7015.8965   20.9698
    0.0000  -45.0000  -15.0000 7323.5815   21.0265
    7.5000  -45.0000  -15.0000 7084.1978   21.0495
   -7.5000  -37.5000  -15.0000 7610.0146   20.4907
    0.0000  -37.5000  -15.0000 7935.4688   20.5301
    7.5000  -37.5000  -15.0000 7676.0254   20.5575
   -7.5000  -30.0000  -15.0000 8518.1982   20.1679
    0.0000  -30.0000  -15.0000 8877.2676   20.2014
    7.5000  -30.0000  -15.0000 8574.7021   20.2261
   -7.5000  -22.5000  -15.0000 9518.7422   20.0301
    0.0000  -22.5000  -15.0000 9932.8564   20.0799
    7.5000  -22.5000  -15.0000 9569.3340   20.1019
   -7.5000  -15.0000  -15.000010533.6875   20.0420
    0.0000  -15.0000  -15.000010996.9004   20.1107
    7.5000  -15.0000  -15.000010570.1592   20.1322
   -7.5000   -7.5000  -15.000011496.4092   20.0382
    0.0000   -7.5000  -15.000012001.6201   20.1079
    7.5000   -7.5000  -15.000011529.6748   20.1314
   -7.5000    0.0000  -15.000012370.7695   20.0170
    0.0000    0.0000  -15.000012901.6670   20.0722
    7.5000    0.0000  -15.000012390.3730   20.0986
   -7.5000    7.5000  -15.000012267.2412   19.9979
    0.0000    7.5000  -15.000012780.1943   20.0354
    7.5000    7.5000  -15.000012273.0859   20.0625
   -7.5000   15.0000  -15.000012038.1289   19.9987
    0.0000   15.0000  -15.000012555.8525   20.0319
    7.5000   15.0000  -15.000012016.4443   20.0563
   -7.5000   22.5000  -15.000011697.7109   20.0128
    0.0000   22.5000  -15.000012188.8047   20.0626
    7.5000   22.5000  -15.000011653.6270   20.0847
   -7.5000   30.0000  -15.000011237.5146   19.7811
    0.0000   30.0000  -15.000011710.2529   19.8488
    7.5000   30.0000  -15.000011185.3721   19.8701
   -7.5000   37.5000  -15.000011110.1367   19.7789
    0.0000   37.5000  -15.000011582.8926   19.8477
    7.5000   37.5000  -15.000011064.3818   19.8708
   -7.5000   45.0000  -15.000010387.2988   19.2890
    0.0000   45.0000  -15.000010814.7080   19.3422
    7.5000   45.0000  -15.000010316.6729   19.3677
   -7.5000  -45.0000   -7.5000 7619.6440   21.0204
    0.0000  -45.0000   -7.5000 7966.5566   21.0737
    7.5000  -45.0000   -7.5000 7688.9185   21.1022
   -7.5000  -37.5000   -7.5000 8276.9688   20.5507
    0.0000  -37.5000   -7.5000 8632.5137   20.5936
    7.5000  -37.5000   -7.5000 8346.2891   20.6306
   -7.5000  -30.0000   -7.5000 9296.4326   20.2258
    0.0000  -30.0000   -7.5000 9699.9346   20.2648
    7.5000  -30.0000   -7.5000 9357.5830   20.3041
   -7.5000  -22.5000   -7.500010380.6299   20.0853
    0.0000  -22.5000   -7.500010845.3223   20.1340
    7.5000  -22.5000   -7.500010452.9570   20.1701
   -7.5000  -15.0000   -7.500011481.7051   20.0975
    0.0000  -15.0000   -7.500012012.1152   20.1565
    7.5000  -15.0000   -7.500011551.8486   20.1874
   -7.5000   -7.5000   -7.500012528.5967   20.0967
    0.0000   -7.5000   -7.500013100.6729   20.1563
    7.5000   -7.5000   -7.500012591.7588   20.1843
   -7.5000    0.0000   -7.500013483.1279   20.0788
    0.0000    0.0000   -7.500014095.5498   20.1304
    7.5000    0.0000   -7.500013519.0469   20.1610
   -7.5000    7.5000   -7.500013411.9258   20.0600
    0.0000    7.5000   -7.500013982.7070   20.1009
    7.5000    7.5000   -7.500013403.8008   20.1372
   -7.5000   15.0000   -7.500013135.9473   20.0572
    0.0000   15.0000   -7.500013715.6680   20.0959
    7.5000   15.0000   -7.500013115.9756   20.1347
   -7.5000   22.5000   -7.500012710.4033   20.0659
    0.0000   22.5000   -7.500013265.8809   20.1146
    7.5000   22.5000   -7.500012670.8672   20.1508
   -7.5000   30.0000   -7.500012153.7744   19.8353
    0.0000   30.0000   -7.500012694.0146   19.8936
    7.5000   30.0000   -7.500012132.5508   19.9240
   -7.5000   37.5000   -7.500012052.5332   19.8361
    0.0000   37.5000   -7.500012575.6309   19.8949
    7.5000   37.5000   -7.500012005.5088   19.9225
   -7.5000   45.0000   -7.500011279.9814   19.3522
    0.0000   45.0000   -7.500011772.9561   19.4019
    7.5000   45.0000   -7.500011216.6074   19.4314
   -7.5000  -45.0000    0.0000 8246.2842   20.9952
    0.0000  -45.0000    0.0000 8624.7861   21.0426
    7.5000  -45.0000    0.0000 8325.7100   21.0710
   -7.5000  -37.5000    0.0000 9004.1348   20.5455
    0.0000  -37.5000    0.0000 9413.6318   20.5878
    7.5000  -37.5000    0.0000 9070.5820   20.6251
   -7.5000  -30.0000    0.000010164.5996   20.2358
    0.0000  -30.0000    0.000010611.3164   20.2780
    7.5000  -30.0000    0.000010211.7471   20.3177
   -7.5000  -22.5000    0.000011343.1074   20.0965
    0.0000  -22.5000    0.000011846.1387   20.1458
    7.5000  -22.5000    0.000011404.0098   20.1813
   -7.5000  -15.0000    0.000012505.2939   20.0979
    0.0000  -15.0000    0.000013075.5625   20.1516
    7.5000  -15.0000    0.000012585.2637   20.1812
   -7.5000   -7.5000    0.000013620.3965   20.0833
    0.0000   -7.5000    0.000014260.3193   20.1348
    7.5000   -7.5000    0.000013704.0996   20.1620
   -7.5000    0.0000    0.000014682.3828   20.0630
    0.0000    0.0000    0.000015365.1875   20.1086
    7.5000    0.0000    0.000014728.8340   20.1393
   -7.5000    7.5000    0.000014650.6641   20.0569
    0.0000    7.5000    0.000015289.4014   20.0971
    7.5000    7.5000    0.000014641.6475   20.1339
   -7.5000   15.0000    0.000014340.2715   20.0673
    0.0000   15.0000    0.000014991.5264   20.1092
    7.5000   15.0000    0.000014302.1279   20.1483
   -7.5000   22.5000    0.000013804.9209   20.0772
    0.0000   22.5000    0.000014435.0361   20.1265
    7.5000   22.5000    0.000013765.6572   20.1620
   -7.5000   30.0000    0.000013181.9766   19.8362
    0.0000   30.0000    0.000013784.6982   19.8892
    7.5000   30.0000    0.000013162.8467   19.9185
   -7.5000   37.5000    0.000013053.0342   19.8234
    0.0000   37.5000    0.000013649.5195   19.8743
    7.5000   37.5000    0.000013016.8311   19.9010
   -7.5000   45.0000    0.000012256.8564   19.3384
    0.0000   45.0000    0.000012808.2764   19.3824
    7.5000   45.0000    0.000012190.6201   19.4119
   -7.5000  -45.0000    7.5000 8345.4463   20.9987
    0.0000  -45.0000    7.5000 8721.5771   21.0439
    7.5000  -45.0000    7.5000 8414.0527   21.0639
   -7.5000  -37.5000    7.5000 9119.7949   20.5542
    0.0000  -37.5000    7.5000 9538.0908   20.5928
    7.5000  -37.5000    7.5000 9188.0254   20.6184
   -7.5000  -30.0000    7.500010282.6182   20.2551
    0.0000  -30.0000    7.500010764.0439   20.2958
    7.5000  -30.0000    7.500010345.4766   20.3181
   -7.5000  -22.5000    7.500011451.1055   20.1186
    0.0000  -22.5000    7.500012000.1875   20.1703
    7.5000  -22.5000    7.500011533.1621   20.1879
   -7.5000  -15.0000    7.500012620.1484   20.1137
    0.0000  -15.0000    7.500013249.0996   20.1724
    7.5000  -15.0000    7.500012723.8545   20.1882
   -7.5000   -7.5000    7.500013769.4170   20.0897
    0.0000   -7.5000    7.500014442.6494   20.1438
    7.5000   -7.5000    7.500013848.6992   20.1624
   -7.5000    0.0000    7.500014855.1094   20.0661
    0.0000    0.0000    7.500015575.2441   20.1097
    7.5000    0.0000    7.500014912.5713   20.1339
   -7.5000    7.5000    7.500014808.2197   20.0667
    0.0000    7.5000    7.500015509.8203   20.1034
    7.5000    7.5000    7.500014819.0518   20.1292
   -7.5000   15.0000    7.500014515.8477   20.0866
    0.0000   15.0000    7.500015211.9512   20.1269
    7.5000   15.0000    7.500014485.3057   20.1491
   -7.5000   22.5000    7.500013949.6846   20.0992
    0.0000   22.5000    7.500014627.0645   20.1509
    7.5000   22.5000    7.500013930.1250   20.1686
   -7.5000   30.0000    7.500013314.5625   19.8518
    0.0000   30.0000    7.500013965.7412   19.9097
    7.5000   30.0000    7.500013308.6631   19.9253
   -7.5000   37.5000    7.500013152.7988   19.8297
    0.0000   37.5000    7.500013769.6621   19.8831
    7.5000   37.5000    7.500013115.8467   19.9014
   -7.5000   45.0000    7.500012325.1299   19.3414
    0.0000   45.0000    7.500012900.2305   19.3835
    7.5000   45.0000    7.500012262.1172   19.4067
   -7.5000  -45.0000   15.0000 8340.8428   21.0595
    0.0000  -45.0000   15.0000 8721.6631   21.1067
    7.5000  -45.0000   15.0000 8400.0459   21.1195
   -7.5000  -37.5000   15.0000 9109.9766   20.6030
    0.0000  -37.5000   15.0000 9540.0645   20.6387
    7.5000  -37.5000   15.0000 9180.9961   20.6537
   -7.5000  -30.0000   15.000010234.3535   20.3010
    0.0000  -30.0000   15.000010735.0156   20.3382
    7.5000  -30.0000   15.000010319.1426   20.3449
   -7.5000  -22.5000   15.000011390.2754   20.1658
    0.0000  -22.5000   15.000011974.8145   20.2201
    7.5000  -22.5000   15.000011485.7383   20.2217
   -7.5000  -15.0000   15.000012576.0918   20.1639
    0.0000  -15.0000   15.000013233.3545   20.2319
    7.5000  -15.0000   15.000012684.8145   20.2355
   -7.5000   -7.5000   15.000013741.6943   20.1416
    0.0000   -7.5000   15.000014462.9746   20.2043
    7.5000   -7.5000   15.000013824.9463   20.2158
   -7.5000    0.0000   15.000014845.4775   20.1168
    0.0000    0.0000   15.000015604.5781   20.1628
    7.5000    0.0000   15.000014894.6543   20.1812
   -7.5000    7.5000   15.000014789.3037   20.1138
    0.0000    7.5000   15.000015523.7432   20.1478
    7.5000    7.5000   15.000014811.6582   20.1634
   -7.5000   15.0000   15.000014489.2129   20.1320
    0.0000   15.0000   15.000015206.3857   20.1689
    7.5000   15.0000   15.000014484.1221   20.1757
   -7.5000   22.5000   15.000013941.7607   20.1464
    0.0000   22.5000   15.000014618.3857   20.2007
    7.5000   22.5000   15.000013945.5508   20.2023
   -7.5000   30.0000   15.000013292.8994   19.9014
    0.0000   30.0000   15.000013989.6553   19.9685
    7.5000   30.0000   15.000013324.2422   19.9721
   -7.5000   37.5000   15.000013113.7969   19.8810
    0.0000   37.5000   15.000013769.4863   19.9428
    7.5000   37.5000   15.000013100.4707   19.9542
   -7.5000   45.0000   15.000012274.1045   19.3903
    0.0000   45.0000   15.000012876.1963   19.4347
    7.5000   45.0000   15.000012230.8779   19.4523
   -7.5000  -45.0000   22.5000 8201.4619   21.1199
    0.0000  -45.0000   22.5000 8592.3896   21.1720
    7.5000  -45.0000   22.5000 8265.7441   21.1872
   -7.5000  -37.5000   22.5000 8984.2559   20.6454
    0.0000  -37.5000   22.5000 9424.4492   20.6805
    7.5000  -37.5000   22.5000 9071.8623   20.6972
   -7.5000  -30.0000   22.500010100.1367   20.3292
    0.0000  -30.0000   22.500010599.3223   20.3619
    7.5000  -30.0000   22.500010198.5410   20.3707
   -7.5000  -22.5000   22.500011244.7080   20.1917
    0.0000  -22.5000   22.500011819.9619   20.2442
    7.5000  -22.5000   22.500011331.4600   20.2489
   -7.5000  -15.0000   22.500012408.2490   20.1986
    0.0000  -15.0000   22.500013061.3730   20.2709
    7.5000  -15.0000   22.500012510.8633   20.2784
   -7.5000   -7.5000   22.500013587.3027   20.1889
    0.0000   -7.5000   22.500014292.9727   20.2586
    7.5000   -7.5000   22.500013661.7832   20.2734
   -7.5000    0.0000   22.500014686.4844   20.1668
    0.0000    0.0000   22.500015450.1602   20.2178
    7.5000    0.0000   22.500014739.5625   20.2380
   -7.5000    7.5000   22.500014649.1816   20.1533
    0.0000    7.5000   22.500015405.2197   20.1867
    7.5000    7.5000   22.500014684.4072   20.2037
   -7.5000   15.0000   22.500014304.0283   20.1598
    0.0000   15.0000   22.500015009.7549   20.1923
    7.5000   15.0000   22.500014335.8340   20.2011
   -7.5000   22.5000   22.500013745.1016   20.1722
    0.0000   22.5000   22.500014415.0840   20.2247
    7.5000   22.5000   22.500013802.7793   20.2295
   -7.5000   30.0000   22.500013123.8906   19.9357
    0.0000   30.0000   22.500013790.1670   20.0069
    7.5000   30.0000   22.500013192.2715   20.0143
   -7.5000   37.5000   22.500012943.3750   19.9276
    0.0000   37.5000   22.500013588.0254   19.9964
    7.5000   37.5000   22.500012955.2383   20.0110
   -7.5000   45.0000   22.500012130.9971   19.4385
    0.0000   45.0000   22.500012745.1699   19.4876
    7.5000   45.0000   22.500012116.3252   19.5071
   -7.5000  -45.0000   30.0000 7961.0356   21.1251
    0.0000  -45.0000   30.0000 8325.2109   21.1812
    7.5000  -45.0000   30.0000 8037.4263   21.2037
   -7.5000  -37.5000   30.0000 8740.4775   20.6416
    0.0000  -37.5000   30.0000 9155.2139   20.6804
    7.5000  -37.5000   30.0000 8826.6230   20.7073
   -7.5000  -30.0000   30.0000 9828.0557   20.3125
    0.0000  -30.0000   30.000010296.2305   20.3456
    7.5000  -30.0000   30.0000 9899.6562   20.3697
   -7.5000  -22.5000   30.000010939.9482   20.1722
    0.0000  -22.5000   30.000011485.7188   20.2217
    7.5000  -22.5000   30.000011011.0518   20.2430
   -7.5000  -15.0000   30.000012051.0625   20.1872
    0.0000  -15.0000   30.000012661.3018   20.2555
    7.5000  -15.0000   30.000012124.4844   20.2763
   -7.5000   -7.5000   30.000013161.2129   20.1895
    0.0000   -7.5000   30.000013795.8623   20.2588
    7.5000   -7.5000   30.000013199.5312   20.2815
   -7.5000    0.0000   30.000014313.8154   20.1710
    0.0000    0.0000   30.000014955.0527   20.2257
    7.5000    0.0000   30.000014294.1426   20.2516
   -7.5000    7.5000   30.000014413.9082   20.1482
    0.0000    7.5000   30.000015078.2109   20.1853
    7.5000    7.5000   30.000014404.4629   20.2118
   -7.5000   15.0000   30.000014155.7285   20.1432
    0.0000   15.0000   30.000014737.5996   20.1760
    7.5000   15.0000   30.000014174.7012   20.1998
   -7.5000   22.5000   30.000013570.7607   20.1527
    0.0000   22.5000   30.000014083.5713   20.2022
    7.5000   22.5000   30.000013615.5830   20.2236
   -7.5000   30.0000   30.000012889.6846   19.9244
    0.0000   30.0000   30.000013424.4688   19.9918
    7.5000   30.0000   30.000012923.8330   20.0123
   -7.5000   37.5000   30.000012682.1758   19.9282
    0.0000   37.5000   30.000013256.5400   19.9966
    7.5000   37.5000   30.000012673.5225   20.0190
   -7.5000   45.0000   30.000011873.2588   19.4425
    0.0000   45.0000   30.000012445.9316   19.4952
    7.5000   45.0000   30.000011819.3545   19.5202
   -7.5000  -45.0000   37.5000 7929.4062   21.0609
    0.0000  -45.0000   37.5000 8313.7344   21.1143
    7.5000  -45.0000   37.5000 8018.9521   21.1429
   -7.5000  -37.5000   37.5000 8723.5537   20.5902
    0.0000  -37.5000   37.5000 9154.9258   20.6332
    7.5000  -37.5000   37.5000 8822.0195   20.6703
   -7.5000  -30.0000   37.5000 9844.4434   20.2648
    0.0000  -30.0000   37.500010313.2939   20.3039
    7.5000  -30.0000   37.5000 9913.4590   20.3432
   -7.5000  -22.5000   37.500010997.5020   20.1240
    0.0000  -22.5000   37.500011506.4932   20.1728
    7.5000  -22.5000   37.500011052.6924   20.2090
   -7.5000  -15.0000   37.500012132.3643   20.1363
    0.0000  -15.0000   37.500012665.4580   20.1954
    7.5000  -15.0000   37.500012176.7461   20.2264
   -7.5000   -7.5000   37.500013269.3652   20.1355
    0.0000   -7.5000   37.500013781.0146   20.1952
    7.5000   -7.5000   37.500013247.7842   20.2233
   -7.5000    0.0000   37.500014447.6680   20.1175
    0.0000    0.0000   37.500015030.6650   20.1692
    7.5000    0.0000   37.500014380.1689   20.2000
   -7.5000    7.5000   37.500014704.5771   20.0987
    0.0000    7.5000   37.500015367.6035   20.1396
    7.5000    7.5000   37.500014644.0400   20.1760
   -7.5000   15.0000   37.500014602.3770   20.0959
    0.0000   15.0000   37.500015199.6865   20.1346
    7.5000   15.0000   37.500014578.1982   20.1735
   -7.5000   22.5000   37.500014059.9609   20.1047
    0.0000   22.5000   37.500014572.3154   20.1535
    7.5000   22.5000   37.500013996.8584   20.1897
   -7.5000   30.0000   37.500013232.4502   19.8742
    0.0000   30.0000   37.500013735.7471   19.9325
    7.5000   30.0000   37.500013170.6426   19.9630
   -7.5000   37.5000   37.500012862.7930   19.8749
    0.0000   37.5000   37.500013382.6182   19.9338
    7.5000   37.5000   37.500012806.2197   19.9616
   -7.5000   45.0000   37.500011991.6611   19.3910
    0.0000   45.0000   37.500012475.2930   19.4408
    7.5000   45.0000   37.500011895.0762   19.4704
   -7.5000  -45.0000   45.0000 7523.0547   20.8570
    0.0000  -45.0000   45.0000 7855.1880   20.9041
    7.5000  -45.0000   45.0000 7600.1689   20.9323
   -7.5000  -37.5000   45.0000 8291.2100   20.4103
    0.0000  -37.5000   45.0000 8660.2734   20.4523
    7.5000  -37.5000   45.0000 8375.5889   20.4893
   -7.5000  -30.0000   45.0000 9379.6094   20.1026
    0.0000  -30.0000   45.0000 9784.5000   20.1445
    7.5000  -30.0000   45.0000 9444.6387   20.1839
   -7.5000  -22.5000   45.000010504.2812   19.9642
    0.0000  -22.5000   45.000010984.9482   20.0132
    7.5000  -22.5000   45.000010547.9482   20.0484
   -7.5000  -15.0000   45.000011593.3867   19.9656
    0.0000  -15.0000   45.000012109.9658   20.0189
    7.5000  -15.0000   45.000011612.1279   20.0484
   -7.5000   -7.5000   45.000012705.7285   19.9511
    0.0000   -7.5000   45.000013250.3809   20.0023
    7.5000   -7.5000   45.000012664.2412   20.0292
   -7.5000    0.0000   45.000013773.4688   19.9309
    0.0000    0.0000   45.000014384.7197   19.9762
    7.5000    0.0000   45.000013709.8477   20.0067
   -7.5000    7.5000   45.000013875.5059   19.9248
    0.0000    7.5000   45.000014392.6221   19.9648
    7.5000    7.5000   45.000013793.0713   20.0014
   -7.5000   15.0000   45.000013686.1602   19.9352
    0.0000   15.0000   45.000014143.6289   19.9768
    7.5000   15.0000   45.000013592.0693   20.0157
   -7.5000   22.5000   45.000013246.4531   19.9450
    0.0000   22.5000   45.000013739.7178   19.9939
    7.5000   22.5000   45.000013134.4746   20.0292
   -7.5000   30.0000   45.000012539.5439   19.7039
    0.0000   30.0000   45.000013058.2637   19.7565
    7.5000   30.0000   45.000012452.7275   19.7856
   -7.5000   37.5000   45.000012174.6172   19.6911
    0.0000   37.5000   45.000012667.7764   19.7417
    7.5000   37.5000   45.000012087.8145   19.7683
   -7.5000   45.0000   45.000011329.5371   19.2198
    0.0000   45.0000   45.000011756.6953   19.2635
    7.5000   45.0000   45.000011219.5469   19.2929

---------------------------------------------------------------------
imgreg_4dfp /opt/freesurfer/average/711-2C_as_mni_average_305 /opt/freesurfer/average/711-2B_as_mni_average_305_mask talsrcimg_g11 none talsrcimg_to_711-2C_as_mni_average_305_t4 4355
---------------------------------------------------------------------

freesurfer imgreg_4dfp.c
/opt/freesurfer/average/711-2C_as_mni_average_305.4dfp.img
       256       256       256         1
  1.000000  1.000000  1.000000
orientation T byte_order littleendian
Reading image: /opt/freesurfer/average/711-2C_as_mni_average_305.4dfp.img
dimensions:      256       256       256
mmppix:       1.0000   -1.0000   -1.0000
center:     128.0000 -129.0000 -129.0000
/opt/freesurfer/average/711-2B_as_mni_average_305_mask.4dfp.img
       256       256       256         1
  1.000000  1.000000  1.000000
orientation T byte_order littleendian
Reading mask: /opt/freesurfer/average/711-2B_as_mni_average_305_mask.4dfp.img (2306576 pixels)
talsrcimg_g11.4dfp.img
       256       256       256         1
  1.000000  1.000000  1.000000
orientation T byte_order littleendian
Reading image: talsrcimg_g11.4dfp.img
dimensions:      256       256       256
mmppix:       1.0000   -1.0000   -1.0000
center:     128.0000 -129.0000 -129.0000
rotation matrix determinant  1.000000
image alignment mode   4355 decimal     1103 hex
   -7.5000  -45.0000  -30.0000 1801.6479   32.6435
    0.0000  -45.0000  -30.0000 1820.7388   32.3188
    7.5000  -45.0000  -30.0000 1813.3434   32.5381
   -7.5000  -37.5000  -30.0000 1905.1885   29.0805
    0.0000  -37.5000  -30.0000 1923.7028   28.7616
    7.5000  -37.5000  -30.0000 1910.9323   28.9976
   -7.5000  -30.0000  -30.0000 1993.8076   26.1924
    0.0000  -30.0000  -30.0000 2011.3822   25.9756
    7.5000  -30.0000  -30.0000 2002.5840   26.1614
   -7.5000  -22.5000  -30.0000 2078.6228   24.1933
    0.0000  -22.5000  -30.0000 2089.0698   23.9646
    7.5000  -22.5000  -30.0000 2077.6848   24.1809
   -7.5000  -15.0000  -30.0000 2134.8425   22.8103
    0.0000  -15.0000  -30.0000 2146.7893   22.6057
    7.5000  -15.0000  -30.0000 2132.3257   22.7720
   -7.5000   -7.5000  -30.0000 2174.9172   21.7574
    0.0000   -7.5000  -30.0000 2189.3987   21.5952
    7.5000   -7.5000  -30.0000 2170.2480   21.7370
   -7.5000    0.0000  -30.0000 2198.3767   20.9636
    0.0000    0.0000  -30.0000 2210.4985   20.7300
    7.5000    0.0000  -30.0000 2186.8872   20.9012
   -7.5000    7.5000  -30.0000 2207.1873   20.5552
    0.0000    7.5000  -30.0000 2220.2200   20.3288
    7.5000    7.5000  -30.0000 2197.8503   20.4834
   -7.5000   15.0000  -30.0000 2201.9988   20.5085
    0.0000   15.0000  -30.0000 2218.1543   20.2419
    7.5000   15.0000  -30.0000 2190.9270   20.4594
   -7.5000   22.5000  -30.0000 2184.7729   20.7463
    0.0000   22.5000  -30.0000 2198.1333   20.4767
    7.5000   22.5000  -30.0000 2170.2966   20.7756
   -7.5000   30.0000  -30.0000 2157.3447   21.2771
    0.0000   30.0000  -30.0000 2163.0452   21.0206
    7.5000   30.0000  -30.0000 2137.3020   21.3067
   -7.5000   37.5000  -30.0000 2118.4412   22.2252
    0.0000   37.5000  -30.0000 2127.6287   21.9543
    7.5000   37.5000  -30.0000 2104.4314   22.2613
   -7.5000   45.0000  -30.0000 2066.8477   23.5406
    0.0000   45.0000  -30.0000 2078.2603   23.2036
    7.5000   45.0000  -30.0000 2054.7852   23.5611
   -7.5000  -45.0000  -22.5000 1898.1530   30.7923
    0.0000  -45.0000  -22.5000 1920.5477   30.5466
    7.5000  -45.0000  -22.5000 1910.8333   30.7937
   -7.5000  -37.5000  -22.5000 2004.7806   27.3610
    0.0000  -37.5000  -22.5000 2024.3751   27.0516
    7.5000  -37.5000  -22.5000 2012.6836   27.2890
   -7.5000  -30.0000  -22.5000 2100.5535   24.6694
    0.0000  -30.0000  -22.5000 2118.2249   24.3489
    7.5000  -30.0000  -22.5000 2107.3010   24.5721
   -7.5000  -22.5000  -22.5000 2191.6084   22.7130
    0.0000  -22.5000  -22.5000 2208.8413   22.4441
    7.5000  -22.5000  -22.5000 2197.9082   22.6386
   -7.5000  -15.0000  -22.5000 2259.0493   21.3707
    0.0000  -15.0000  -22.5000 2271.9692   21.1351
    7.5000  -15.0000  -22.5000 2263.4636   21.2892
   -7.5000   -7.5000  -22.5000 2306.0593   20.3425
    0.0000   -7.5000  -22.5000 2321.7434   20.1617
    7.5000   -7.5000  -22.5000 2312.0225   20.2838
   -7.5000    0.0000  -22.5000 2329.2007   19.6001
    0.0000    0.0000  -22.5000 2342.0645   19.4392
    7.5000    0.0000  -22.5000 2330.0034   19.5752
   -7.5000    7.5000  -22.5000 2333.7676   19.2380
    0.0000    7.5000  -22.5000 2343.6797   19.0229
    7.5000    7.5000  -22.5000 2330.3262   19.1949
   -7.5000   15.0000  -22.5000 2326.8621   19.0893
    0.0000   15.0000  -22.5000 2338.5679   18.8236
    7.5000   15.0000  -22.5000 2321.8545   19.0377
   -7.5000   22.5000  -22.5000 2318.8750   19.2352
    0.0000   22.5000  -22.5000 2331.6060   19.0005
    7.5000   22.5000  -22.5000 2310.0925   19.1882
   -7.5000   30.0000  -22.5000 2299.8494   19.7135
    0.0000   30.0000  -22.5000 2309.7048   19.4763
    7.5000   30.0000  -22.5000 2280.3687   19.7025
   -7.5000   37.5000  -22.5000 2264.1023   20.5979
    0.0000   37.5000  -22.5000 2275.3687   20.3243
    7.5000   37.5000  -22.5000 2247.7778   20.5721
   -7.5000   45.0000  -22.5000 2205.3035   21.8287
    0.0000   45.0000  -22.5000 2217.0642   21.4775
    7.5000   45.0000  -22.5000 2190.5520   21.8178
   -7.5000  -45.0000  -15.0000 1966.6666   28.9144
    0.0000  -45.0000  -15.0000 1988.2435   28.6584
    7.5000  -45.0000  -15.0000 1982.0530   28.9808
   -7.5000  -37.5000  -15.0000 2080.5688   25.7127
    0.0000  -37.5000  -15.0000 2101.2808   25.3901
    7.5000  -37.5000  -15.0000 2093.1768   25.6585
   -7.5000  -30.0000  -15.0000 2183.4126   23.1454
    0.0000  -30.0000  -15.0000 2204.2832   22.8663
    7.5000  -30.0000  -15.0000 2193.9727   23.0973
   -7.5000  -22.5000  -15.0000 2286.9465   21.2389
    0.0000  -22.5000  -15.0000 2311.8228   21.0247
    7.5000  -22.5000  -15.0000 2298.3455   21.1895
   -7.5000  -15.0000  -15.0000 2366.7629   19.9296
    0.0000  -15.0000  -15.0000 2389.9673   19.7202
    7.5000  -15.0000  -15.0000 2372.4517   19.8677
   -7.5000   -7.5000  -15.0000 2421.6052   18.9146
    0.0000   -7.5000  -15.0000 2440.8242   18.7506
    7.5000   -7.5000  -15.0000 2423.0239   18.8929
   -7.5000    0.0000  -15.0000 2442.0410   18.3142
    0.0000    0.0000  -15.0000 2456.0974   18.1510
    7.5000    0.0000  -15.0000 2437.1790   18.2586
   -7.5000    7.5000  -15.0000 2445.3623   17.8940
    0.0000    7.5000  -15.0000 2454.6494   17.7218
    7.5000    7.5000  -15.0000 2438.7646   17.8378
   -7.5000   15.0000  -15.0000 2443.7507   17.7087
    0.0000   15.0000  -15.0000 2453.4299   17.5267
    7.5000   15.0000  -15.0000 2431.9553   17.6625
   -7.5000   22.5000  -15.0000 2433.3257   17.8452
    0.0000   22.5000  -15.0000 2447.5684   17.6197
    7.5000   22.5000  -15.0000 2423.1689   17.8073
   -7.5000   30.0000  -15.0000 2412.1277   18.2737
    0.0000   30.0000  -15.0000 2425.5232   18.0581
    7.5000   30.0000  -15.0000 2396.4167   18.2529
   -7.5000   37.5000  -15.0000 2379.4238   19.0976
    0.0000   37.5000  -15.0000 2393.3264   18.8441
    7.5000   37.5000  -15.0000 2367.9006   19.0412
   -7.5000   45.0000  -15.0000 2319.5725   20.2213
    0.0000   45.0000  -15.0000 2331.4438   19.9455
    7.5000   45.0000  -15.0000 2304.3201   20.1998
   -7.5000  -45.0000   -7.5000 2025.5010   27.2026
    0.0000  -45.0000   -7.5000 2043.9285   26.9311
    7.5000  -45.0000   -7.5000 2037.3126   27.2040
   -7.5000  -37.5000   -7.5000 2147.0815   24.0895
    0.0000  -37.5000   -7.5000 2166.5618   23.8678
    7.5000  -37.5000   -7.5000 2156.8354   24.0935
   -7.5000  -30.0000   -7.5000 2262.4719   21.6931
    0.0000  -30.0000   -7.5000 2286.1816   21.4583
    7.5000  -30.0000   -7.5000 2272.2490   21.6501
   -7.5000  -22.5000   -7.5000 2373.0657   19.9128
    0.0000  -22.5000   -7.5000 2397.7532   19.7223
    7.5000  -22.5000   -7.5000 2384.7451   19.8659
   -7.5000  -15.0000   -7.5000 2454.7156   18.5850
    0.0000  -15.0000   -7.5000 2484.1138   18.4219
    7.5000  -15.0000   -7.5000 2465.3706   18.5468
   -7.5000   -7.5000   -7.5000 2511.2017   17.5928
    0.0000   -7.5000   -7.5000 2535.8936   17.4317
    7.5000   -7.5000   -7.5000 2515.8176   17.5487
   -7.5000    0.0000   -7.5000 2539.5120   16.9656
    0.0000    0.0000   -7.5000 2558.2827   16.8180
    7.5000    0.0000   -7.5000 2536.1912   16.8991
   -7.5000    7.5000   -7.5000 2552.6580   16.5910
    0.0000    7.5000   -7.5000 2566.3484   16.4456
    7.5000    7.5000   -7.5000 2541.0989   16.5351
   -7.5000   15.0000   -7.5000 2552.8884   16.3880
    0.0000   15.0000   -7.5000 2565.1423   16.2490
    7.5000   15.0000   -7.5000 2539.3350   16.3636
   -7.5000   22.5000   -7.5000 2541.2815   16.4838
    0.0000   22.5000   -7.5000 2556.9131   16.3297
    7.5000   22.5000   -7.5000 2529.1118   16.4670
   -7.5000   30.0000   -7.5000 2513.8708   16.8728
    0.0000   30.0000   -7.5000 2534.4844   16.7141
    7.5000   30.0000   -7.5000 2505.6353   16.8426
   -7.5000   37.5000   -7.5000 2482.6729   17.6007
    0.0000   37.5000   -7.5000 2501.5693   17.4310
    7.5000   37.5000   -7.5000 2468.3899   17.5925
   -7.5000   45.0000   -7.5000 2420.7732   18.6578
    0.0000   45.0000   -7.5000 2438.4539   18.4710
    7.5000   45.0000   -7.5000 2405.1694   18.6709
   -7.5000  -45.0000    0.0000 2065.1169   25.8221
    0.0000  -45.0000    0.0000 2086.2188   25.5821
    7.5000  -45.0000    0.0000 2078.3914   25.8297
   -7.5000  -37.5000    0.0000 2200.0698   22.8519
    0.0000  -37.5000    0.0000 2221.5989   22.6248
    7.5000  -37.5000    0.0000 2208.7407   22.8718
   -7.5000  -30.0000    0.0000 2329.9983   20.5404
    0.0000  -30.0000    0.0000 2353.8828   20.3748
    7.5000  -30.0000    0.0000 2335.0730   20.5280
   -7.5000  -22.5000    0.0000 2439.8792   18.7642
    0.0000  -22.5000    0.0000 2464.4114   18.6104
    7.5000  -22.5000    0.0000 2445.9788   18.7264
   -7.5000  -15.0000    0.0000 2523.0857   17.3914
    0.0000  -15.0000    0.0000 2549.7898   17.2677
    7.5000  -15.0000    0.0000 2533.3118   17.3854
   -7.5000   -7.5000    0.0000 2581.0359   16.4378
    0.0000   -7.5000    0.0000 2604.4131   16.3135
    7.5000   -7.5000    0.0000 2585.7947   16.3776
   -7.5000    0.0000    0.0000 2623.5137   15.7835
    0.0000    0.0000    0.0000 2642.9480   15.6464
    7.5000    0.0000    0.0000 2620.2336   15.7019
   -7.5000    7.5000    0.0000 2650.9604   15.3728
    0.0000    7.5000    0.0000 2669.1353   15.2686
    7.5000    7.5000    0.0000 2638.5032   15.3340
   -7.5000   15.0000    0.0000 2657.7717   15.2113
    0.0000   15.0000    0.0000 2673.8843   15.1137
    7.5000   15.0000    0.0000 2641.8787   15.2072
   -7.5000   22.5000    0.0000 2645.9724   15.2746
    0.0000   22.5000    0.0000 2664.1228   15.1726
    7.5000   22.5000    0.0000 2629.5913   15.2682
   -7.5000   30.0000    0.0000 2616.5181   15.6520
    0.0000   30.0000    0.0000 2638.0586   15.5611
    7.5000   30.0000    0.0000 2604.4946   15.6451
   -7.5000   37.5000    0.0000 2577.3103   16.3349
    0.0000   37.5000    0.0000 2597.6919   16.2218
    7.5000   37.5000    0.0000 2563.9001   16.3226
   -7.5000   45.0000    0.0000 2516.6379   17.3383
    0.0000   45.0000    0.0000 2532.7271   17.1875
    7.5000   45.0000    0.0000 2498.7144   17.3535
   -7.5000  -45.0000    7.5000 2112.5449   24.8881
    0.0000  -45.0000    7.5000 2131.4688   24.6366
    7.5000  -45.0000    7.5000 2119.3918   24.8117
   -7.5000  -37.5000    7.5000 2248.0808   21.9279
    0.0000  -37.5000    7.5000 2268.9702   21.7280
    7.5000  -37.5000    7.5000 2255.0569   21.8956
   -7.5000  -30.0000    7.5000 2375.3484   19.6561
    0.0000  -30.0000    7.5000 2399.3633   19.4818
    7.5000  -30.0000    7.5000 2384.0598   19.6221
   -7.5000  -22.5000    7.5000 2486.2520   17.8206
    0.0000  -22.5000    7.5000 2513.3845   17.6913
    7.5000  -22.5000    7.5000 2495.8958   17.8192
   -7.5000  -15.0000    7.5000 2575.4170   16.4468
    0.0000  -15.0000    7.5000 2602.0601   16.3272
    7.5000  -15.0000    7.5000 2583.1685   16.4301
   -7.5000   -7.5000    7.5000 2645.3867   15.4632
    0.0000   -7.5000    7.5000 2665.0049   15.3478
    7.5000   -7.5000    7.5000 2643.3901   15.4245
   -7.5000    0.0000    7.5000 2699.2920   14.7949
    0.0000    0.0000    7.5000 2718.5879   14.6596
    7.5000    0.0000    7.5000 2691.3909   14.7145
   -7.5000    7.5000    7.5000 2738.5024   14.3819
    0.0000    7.5000    7.5000 2759.3452   14.2427
    7.5000    7.5000    7.5000 2724.8206   14.3129
   -7.5000   15.0000    7.5000 2752.5359   14.1971
    0.0000   15.0000    7.5000 2777.4319   14.0948
    7.5000   15.0000    7.5000 2737.8799   14.1710
   -7.5000   22.5000    7.5000 2745.0686   14.2440
    0.0000   22.5000    7.5000 2769.2412   14.1576
    7.5000   22.5000    7.5000 2728.3977   14.2542
   -7.5000   30.0000    7.5000 2716.5549   14.6590
    0.0000   30.0000    7.5000 2742.2122   14.5636
    7.5000   30.0000    7.5000 2704.8525   14.6530
   -7.5000   37.5000    7.5000 2672.9995   15.3178
    0.0000   37.5000    7.5000 2690.7783   15.1961
    7.5000   37.5000    7.5000 2656.3174   15.2903
   -7.5000   45.0000    7.5000 2600.6348   16.2500
    0.0000   45.0000    7.5000 2619.0603   16.1188
    7.5000   45.0000    7.5000 2583.6643   16.2279
   -7.5000  -45.0000   15.0000 2147.7366   24.2916
    0.0000  -45.0000   15.0000 2169.6487   24.0345
    7.5000  -45.0000   15.0000 2151.1650   24.2142
   -7.5000  -37.5000   15.0000 2277.8523   21.3173
    0.0000  -37.5000   15.0000 2303.1743   21.0833
    7.5000  -37.5000   15.0000 2287.4153   21.2410
   -7.5000  -30.0000   15.0000 2396.7935   19.0278
    0.0000  -30.0000   15.0000 2425.3032   18.8180
    7.5000  -30.0000   15.0000 2409.3923   18.9337
   -7.5000  -22.5000   15.0000 2506.5674   17.1740
    0.0000  -22.5000   15.0000 2537.7200   17.0139
    7.5000  -22.5000   15.0000 2518.7793   17.1234
   -7.5000  -15.0000   15.0000 2604.2239   15.7432
    0.0000  -15.0000   15.0000 2635.1519   15.6273
    7.5000  -15.0000   15.0000 2616.3657   15.7173
   -7.5000   -7.5000   15.0000 2690.3911   14.7049
    0.0000   -7.5000   15.0000 2719.0164   14.6121
    7.5000   -7.5000   15.0000 2691.1140   14.6893
   -7.5000    0.0000   15.0000 2757.9153   13.9943
    0.0000    0.0000   15.0000 2784.5737   13.8796
    7.5000    0.0000   15.0000 2749.3052   13.9652
   -7.5000    7.5000   15.0000 2806.1335   13.5489
    0.0000    7.5000   15.0000 2834.9424   13.4194
    7.5000    7.5000   15.0000 2794.2107   13.5234
   -7.5000   15.0000   15.0000 2830.3860   13.3280
    0.0000   15.0000   15.0000 2860.8313   13.2188
    7.5000   15.0000   15.0000 2813.9822   13.3159
   -7.5000   22.5000   15.0000 2831.6233   13.4083
    0.0000   22.5000   15.0000 2856.9111   13.2887
    7.5000   22.5000   15.0000 2814.7192   13.4243
   -7.5000   30.0000   15.0000 2797.2734   13.8276
    0.0000   30.0000   15.0000 2828.7239   13.7365
    7.5000   30.0000   15.0000 2790.5513   13.8284
   -7.5000   37.5000   15.0000 2749.5667   14.4768
    0.0000   37.5000   15.0000 2774.1914   14.3910
    7.5000   37.5000   15.0000 2735.5767   14.4846
   -7.5000   45.0000   15.0000 2666.5078   15.4106
    0.0000   45.0000   15.0000 2689.2842   15.3005
    7.5000   45.0000   15.0000 2650.8142   15.4208
   -7.5000  -45.0000   22.5000 2161.7693   23.9470
    0.0000  -45.0000   22.5000 2183.5996   23.6622
    7.5000  -45.0000   22.5000 2169.1572   23.8453
   -7.5000  -37.5000   22.5000 2298.5708   21.0261
    0.0000  -37.5000   22.5000 2322.0242   20.7771
    7.5000  -37.5000   22.5000 2309.5098   20.9013
   -7.5000  -30.0000   22.5000 2414.3110   18.6400
    0.0000  -30.0000   22.5000 2443.1548   18.4351
    7.5000  -30.0000   22.5000 2429.2073   18.5345
   -7.5000  -22.5000   22.5000 2523.3569   16.7698
    0.0000  -22.5000   22.5000 2554.1628   16.5669
    7.5000  -22.5000   22.5000 2535.2361   16.6888
   -7.5000  -15.0000   22.5000 2627.7927   15.3116
    0.0000  -15.0000   22.5000 2662.1733   15.1445
    7.5000  -15.0000   22.5000 2639.3286   15.2512
   -7.5000   -7.5000   22.5000 2724.3298   14.2229
    0.0000   -7.5000   22.5000 2755.6025   14.0641
    7.5000   -7.5000   22.5000 2730.2073   14.1801
   -7.5000    0.0000   22.5000 2803.6865   13.4610
    0.0000    0.0000   22.5000 2835.5471   13.2915
    7.5000    0.0000   22.5000 2801.1409   13.4158
   -7.5000    7.5000   22.5000 2862.0830   12.9675
    0.0000    7.5000   22.5000 2898.0593   12.8008
    7.5000    7.5000   22.5000 2855.7285   12.9581
   -7.5000   15.0000   22.5000 2890.3208   12.7268
    0.0000   15.0000   22.5000 2934.8538   12.5492
    7.5000   15.0000   22.5000 2879.6724   12.7251
   -7.5000   22.5000   22.5000 2893.8152   12.7905
    0.0000   22.5000   22.5000 2926.9775   12.5913
    7.5000   22.5000   22.5000 2884.2126   12.7986
   -7.5000   30.0000   22.5000 2861.7234   13.2043
    0.0000   30.0000   22.5000 2890.4536   13.0744
    7.5000   30.0000   22.5000 2858.7029   13.1965
   -7.5000   37.5000   22.5000 2809.3584   13.8631
    0.0000   37.5000   22.5000 2834.8318   13.7416
    7.5000   37.5000   22.5000 2801.1216   13.8954
   -7.5000   45.0000   22.5000 2718.1035   14.8122
    0.0000   45.0000   22.5000 2745.1621   14.6614
    7.5000   45.0000   22.5000 2709.9966   14.8475
   -7.5000  -45.0000   30.0000 2159.6855   23.9780
    0.0000  -45.0000   30.0000 2182.1897   23.5617
    7.5000  -45.0000   30.0000 2175.0042   23.7929
   -7.5000  -37.5000   30.0000 2299.4731   20.9751
    0.0000  -37.5000   30.0000 2318.8923   20.5906
    7.5000  -37.5000   30.0000 2311.0796   20.7709
   -7.5000  -30.0000   30.0000 2410.5344   18.5042
    0.0000  -30.0000   30.0000 2434.0066   18.1960
    7.5000  -30.0000   30.0000 2427.4946   18.3408
   -7.5000  -22.5000   30.0000 2517.3154   16.5858
    0.0000  -22.5000   30.0000 2548.9160   16.2955
    7.5000  -22.5000   30.0000 2535.4797   16.4179
   -7.5000  -15.0000   30.0000 2622.9976   15.1022
    0.0000  -15.0000   30.0000 2657.2351   14.8336
    7.5000  -15.0000   30.0000 2636.8250   14.9793
   -7.5000   -7.5000   30.0000 2726.4277   13.9377
    0.0000   -7.5000   30.0000 2761.2483   13.6742
    7.5000   -7.5000   30.0000 2732.8779   13.8238
   -7.5000    0.0000   30.0000 2819.0293   13.1374
    0.0000    0.0000   30.0000 2854.2029   12.8762
    7.5000    0.0000   30.0000 2822.2795   13.0339
   -7.5000    7.5000   30.0000 2893.5583   12.6729
    0.0000    7.5000   30.0000 2933.5249   12.4199
    7.5000    7.5000   30.0000 2897.4465   12.5741
   -7.5000   15.0000   30.0000 2938.4736   12.5200
    0.0000   15.0000   30.0000 2987.4734   12.2126
    7.5000   15.0000   30.0000 2936.0391   12.4708
   -7.5000   22.5000   30.0000 2945.5068   12.5140
    0.0000   22.5000   30.0000 2982.1675   12.2002
    7.5000   22.5000   30.0000 2936.0415   12.5271
   -7.5000   30.0000   30.0000 2908.1743   12.8433
    0.0000   30.0000   30.0000 2928.7373   12.6225
    7.5000   30.0000   30.0000 2899.1177   12.8499
   -7.5000   37.5000   30.0000 2844.0779   13.4630
    0.0000   37.5000   30.0000 2869.3672   13.2580
    7.5000   37.5000   30.0000 2837.8914   13.4613
   -7.5000   45.0000   30.0000 2745.4309   14.4432
    0.0000   45.0000   30.0000 2773.0945   14.2454
    7.5000   45.0000   30.0000 2740.6340   14.4293
   -7.5000  -45.0000   37.5000 2147.2822   24.3065
    0.0000  -45.0000   37.5000 2175.8608   23.7679
    7.5000  -45.0000   37.5000 2169.1179   23.9604
   -7.5000  -37.5000   37.5000 2281.8679   21.1686
    0.0000  -37.5000   37.5000 2310.7224   20.7520
    7.5000  -37.5000   37.5000 2304.0483   20.9706
   -7.5000  -30.0000   37.5000 2394.5957   18.6261
    0.0000  -30.0000   37.5000 2422.8181   18.2372
    7.5000  -30.0000   37.5000 2414.0332   18.4336
   -7.5000  -22.5000   37.5000 2508.2131   16.6401
    0.0000  -22.5000   37.5000 2537.9368   16.2558
    7.5000  -22.5000   37.5000 2524.2483   16.4216
   -7.5000  -15.0000   37.5000 2612.9795   15.0837
    0.0000  -15.0000   37.5000 2637.7839   14.6911
    7.5000  -15.0000   37.5000 2627.1765   14.8988
   -7.5000   -7.5000   37.5000 2720.3276   13.9027
    0.0000   -7.5000   37.5000 2747.1558   13.5159
    7.5000   -7.5000   37.5000 2731.5088   13.7276
   -7.5000    0.0000   37.5000 2823.2925   13.0926
    0.0000    0.0000   37.5000 2848.1746   12.6961
    7.5000    0.0000   37.5000 2825.6484   12.9059
   -7.5000    7.5000   37.5000 2907.8782   12.6931
    0.0000    7.5000   37.5000 2946.7297   12.3483
    7.5000    7.5000   37.5000 2916.8982   12.5247
   -7.5000   15.0000   37.5000 2964.7207   12.5658
    0.0000   15.0000   37.5000 3024.3792   12.2856
    7.5000   15.0000   37.5000 2975.5667   12.4679
   -7.5000   22.5000   37.5000 2975.8672   12.5786
    0.0000   22.5000   37.5000 3023.1169   12.2567
    7.5000   22.5000   37.5000 2965.4067   12.5384
   -7.5000   30.0000   37.5000 2924.3555   12.7937
    0.0000   30.0000   37.5000 2956.8335   12.4951
    7.5000   30.0000   37.5000 2917.4087   12.7390
   -7.5000   37.5000   37.5000 2853.6270   13.3275
    0.0000   37.5000   37.5000 2882.6653   13.0723
    7.5000   37.5000   37.5000 2853.8511   13.2839
   -7.5000   45.0000   37.5000 2756.0999   14.2838
    0.0000   45.0000   37.5000 2778.6860   14.0665
    7.5000   45.0000   37.5000 2753.8813   14.2126
   -7.5000  -45.0000   45.0000 2124.1724   24.8048
    0.0000  -45.0000   45.0000 2154.3633   24.1998
    7.5000  -45.0000   45.0000 2155.0774   24.5431
   -7.5000  -37.5000   45.0000 2258.1287   21.6030
    0.0000  -37.5000   45.0000 2293.7988   21.0513
    7.5000  -37.5000   45.0000 2290.8647   21.3396
   -7.5000  -30.0000   45.0000 2375.1250   18.9403
    0.0000  -30.0000   45.0000 2401.4500   18.4402
    7.5000  -30.0000   45.0000 2398.4529   18.6914
   -7.5000  -22.5000   45.0000 2493.5247   16.9390
    0.0000  -22.5000   45.0000 2516.2681   16.4827
    7.5000  -22.5000   45.0000 2508.0703   16.7078
   -7.5000  -15.0000   45.0000 2596.7676   15.3579
    0.0000  -15.0000   45.0000 2621.8960   14.9487
    7.5000  -15.0000   45.0000 2609.5974   15.1479
   -7.5000   -7.5000   45.0000 2706.6030   14.1769
    0.0000   -7.5000   45.0000 2729.5308   13.7521
    7.5000   -7.5000   45.0000 2707.5603   13.9612
   -7.5000    0.0000   45.0000 2798.3096   13.3251
    0.0000    0.0000   45.0000 2827.6462   12.9052
    7.5000    0.0000   45.0000 2803.2349   13.1181
   -7.5000    7.5000   45.0000 2881.4009   12.8500
    0.0000    7.5000   45.0000 2921.6260   12.4999
    7.5000    7.5000   45.0000 2891.4099   12.6864
   -7.5000   15.0000   45.0000 2933.1257   12.6438
    0.0000   15.0000   45.0000 2981.0605   12.2712
    7.5000   15.0000   45.0000 2941.2075   12.5481
   -7.5000   22.5000   45.0000 2940.9751   12.6730
    0.0000   22.5000   45.0000 2988.9023   12.3383
    7.5000   22.5000   45.0000 2935.3979   12.5679
   -7.5000   30.0000   45.0000 2892.1953   13.0007
    0.0000   30.0000   45.0000 2933.9592   12.7653
    7.5000   30.0000   45.0000 2896.4297   12.9048
   -7.5000   37.5000   45.0000 2823.4250   13.5426
    0.0000   37.5000   45.0000 2853.3108   13.3377
    7.5000   37.5000   45.0000 2824.5728   13.4750
   -7.5000   45.0000   45.0000 2725.5586   14.4360
    0.0000   45.0000   45.0000 2747.7859   14.2210
    7.5000   45.0000   45.0000 2726.0168   14.3396
   -7.5000  -45.0000   52.5000 2089.0774   25.4686
    0.0000  -45.0000   52.5000 2116.9087   24.7568
    7.5000  -45.0000   52.5000 2116.7058   25.0862
   -7.5000  -37.5000   52.5000 2227.3652   22.2152
    0.0000  -37.5000   52.5000 2258.8271   21.5946
    7.5000  -37.5000   52.5000 2253.6499   21.8558
   -7.5000  -30.0000   52.5000 2344.7861   19.4769
    0.0000  -30.0000   52.5000 2374.0498   18.9935
    7.5000  -30.0000   52.5000 2369.5378   19.2586
   -7.5000  -22.5000   52.5000 2459.9790   17.3941
    0.0000  -22.5000   52.5000 2485.5283   17.0156
    7.5000  -22.5000   52.5000 2474.5513   17.2322
   -7.5000  -15.0000   52.5000 2566.9753   15.7913
    0.0000  -15.0000   52.5000 2591.4377   15.3866
    7.5000  -15.0000   52.5000 2575.4280   15.6111
   -7.5000   -7.5000   52.5000 2674.2239   14.5761
    0.0000   -7.5000   52.5000 2701.2537   14.1553
    7.5000   -7.5000   52.5000 2676.1287   14.3661
   -7.5000    0.0000   52.5000 2764.5371   13.6884
    0.0000    0.0000   52.5000 2799.1143   13.3092
    7.5000    0.0000   52.5000 2773.7815   13.5189
   -7.5000    7.5000   52.5000 2840.4856   13.2345
    0.0000    7.5000   52.5000 2879.2673   12.8007
    7.5000    7.5000   52.5000 2846.5991   13.0475
   -7.5000   15.0000   52.5000 2889.5405   13.0090
    0.0000   15.0000   52.5000 2922.5176   12.5902
    7.5000   15.0000   52.5000 2886.2529   12.8467
   -7.5000   22.5000   52.5000 2896.8853   13.0945
    0.0000   22.5000   52.5000 2939.3428   12.7686
    7.5000   22.5000   52.5000 2895.9736   12.9652
   -7.5000   30.0000   52.5000 2856.9465   13.4518
    0.0000   30.0000   52.5000 2900.9653   13.2125
    7.5000   30.0000   52.5000 2863.6631   13.3352
   -7.5000   37.5000   52.5000 2790.2107   14.0465
    0.0000   37.5000   52.5000 2820.4597   13.8127
    7.5000   37.5000   52.5000 2788.5386   13.9122
   -7.5000   45.0000   52.5000 2687.7798   14.8638
    0.0000   45.0000   52.5000 2716.8940   14.6634
    7.5000   45.0000   52.5000 2692.6160   14.7460
   -7.5000  -45.0000   60.0000 2023.1288   26.1664
    0.0000  -45.0000   60.0000 2048.3896   25.4061
    7.5000  -45.0000   60.0000 2045.7288   25.7296
   -7.5000  -37.5000   60.0000 2164.9958   22.8436
    0.0000  -37.5000   60.0000 2191.7527   22.2466
    7.5000  -37.5000   60.0000 2185.8254   22.4575
   -7.5000  -30.0000   60.0000 2283.4438   20.0449
    0.0000  -30.0000   60.0000 2311.5557   19.6152
    7.5000  -30.0000   60.0000 2305.3313   19.8307
   -7.5000  -22.5000   60.0000 2398.3218   17.9258
    0.0000  -22.5000   60.0000 2424.7708   17.5475
    7.5000  -22.5000   60.0000 2415.0142   17.7576
   -7.5000  -15.0000   60.0000 2505.0032   16.3226
    0.0000  -15.0000   60.0000 2536.3159   15.9417
    7.5000  -15.0000   60.0000 2514.6033   16.1410
   -7.5000   -7.5000   60.0000 2612.9624   15.0761
    0.0000   -7.5000   60.0000 2647.4775   14.7127
    7.5000   -7.5000   60.0000 2621.3914   14.8980
   -7.5000    0.0000   60.0000 2699.9907   14.2308
    0.0000    0.0000   60.0000 2737.3784   13.8384
    7.5000    0.0000   60.0000 2708.9717   14.0461
   -7.5000    7.5000   60.0000 2765.9670   13.7336
    0.0000    7.5000   60.0000 2801.7832   13.2853
    7.5000    7.5000   60.0000 2768.8752   13.5227
   -7.5000   15.0000   60.0000 2805.5698   13.5026
    0.0000   15.0000   60.0000 2831.6084   13.1304
    7.5000   15.0000   60.0000 2802.0303   13.3246
   -7.5000   22.5000   60.0000 2810.3826   13.6379
    0.0000   22.5000   60.0000 2844.2527   13.3030
    7.5000   22.5000   60.0000 2807.4985   13.4929
   -7.5000   30.0000   60.0000 2774.6006   14.0087
    0.0000   30.0000   60.0000 2807.2361   13.7234
    7.5000   30.0000   60.0000 2772.0691   13.8872
   -7.5000   37.5000   60.0000 2708.3704   14.6043
    0.0000   37.5000   60.0000 2733.5564   14.3742
    7.5000   37.5000   60.0000 2703.0986   14.4867
   -7.5000   45.0000   60.0000 2613.8547   15.4119
    0.0000   45.0000   60.0000 2642.0801   15.2104
    7.5000   45.0000   60.0000 2615.1870   15.3074

---------------------------------------------------------------------
imgreg_4dfp /opt/freesurfer/average/711-2C_as_mni_average_305 /opt/freesurfer/average/711-2B_as_mni_average_305_mask talsrcimg_g11 none talsrcimg_to_711-2C_as_mni_average_305_t4 1283
---------------------------------------------------------------------

freesurfer imgreg_4dfp.c
/opt/freesurfer/average/711-2C_as_mni_average_305.4dfp.img
       256       256       256         1
  1.000000  1.000000  1.000000
orientation T byte_order littleendian
Reading image: /opt/freesurfer/average/711-2C_as_mni_average_305.4dfp.img
dimensions:      256       256       256
mmppix:       1.0000   -1.0000   -1.0000
center:     128.0000 -129.0000 -129.0000
/opt/freesurfer/average/711-2B_as_mni_average_305_mask.4dfp.img
       256       256       256         1
  1.000000  1.000000  1.000000
orientation T byte_order littleendian
Reading mask: /opt/freesurfer/average/711-2B_as_mni_average_305_mask.4dfp.img (2306576 pixels)
talsrcimg_g11.4dfp.img
       256       256       256         1
  1.000000  1.000000  1.000000
orientation T byte_order littleendian
Reading image: talsrcimg_g11.4dfp.img
dimensions:      256       256       256
mmppix:       1.0000   -1.0000   -1.0000
center:     128.0000 -129.0000 -129.0000
rotation matrix determinant  1.000000
fimgreg.f
image alignment mode   1283 decimal      503 hex
parameters
    0.0000   15.0000   37.5000    0.0000    0.0000    0.0000
eta,q 0.94905 12.32019
niter,ni,del,rscale     5    3   12.0000    1.2000
parameter  2 -0.734395 -> -0.500000 qaram    1.1500
parameter  4  0.818472 ->  0.500000 qaram    1.1500
parameter  6 -0.500624 -> -0.500000 qaram    1.1500
parameters
    0.1450   18.4500   37.4608   -3.4500    2.9818    3.4500
eta,q 0.95524 12.32940
  0.0640  0.0712  0.0611  0.0470  0.0563  0.0547
  0.0575  0.0654  0.0555  0.0464  0.0517  0.0515
  0.0534  0.0586  0.0506  0.0475  0.0481  0.0478
  0.0532  0.0531  0.0488  0.0488  0.0466  0.0455
  0.0548  0.0501  0.0495  0.0509  0.0457  0.0447
  0.0564  0.0490  0.0548  0.0538  0.0452  0.0449
  0.0627  0.0505  0.0625  0.0569  0.0464  0.0458
niter,ni,del,rscale     7    3   12.0000    1.2000
parameters
   -0.3193   19.5216   37.2869   -4.2960    1.7841    3.1577
eta,q 0.95514 12.34134
  0.0560  0.0654  0.0538  0.0509  0.0473  0.0496
  0.0486  0.0566  0.0499  0.0475  0.0450  0.0469
  0.0454  0.0487  0.0469  0.0453  0.0449  0.0454
  0.0448  0.0448  0.0451  0.0451  0.0449  0.0448
  0.0459  0.0459  0.0456  0.0470  0.0451  0.0448
  0.0510  0.0488  0.0494  0.0501  0.0472  0.0470
  0.0611  0.0564  0.0564  0.0541  0.0520  0.0512
niter,ni,del,rscale     6    3   12.0000    1.2000
parameters
   -0.2921   19.7537   37.1971   -4.2633    2.1431    3.1504
eta,q 0.95490 12.32725
  0.0565  0.0617  0.0535  0.0515  0.0500  0.0502
  0.0487  0.0528  0.0494  0.0482  0.0462  0.0473
  0.0450  0.0456  0.0465  0.0457  0.0452  0.0457
  0.0449  0.0449  0.0451  0.0451  0.0451  0.0451
  0.0457  0.0470  0.0455  0.0460  0.0450  0.0450
  0.0480  0.0513  0.0487  0.0480  0.0456  0.0467
  0.0564  0.0590  0.0552  0.0513  0.0488  0.0508
niter,ni,del,rscale     5    3   12.0000    1.2000
parameters
   -0.3429   19.7589   37.2459   -4.3125    2.0771    3.1393
eta,q 0.95493 12.32945
  0.0562  0.0609  0.0538  0.0516  0.0493  0.0502
  0.0485  0.0520  0.0496  0.0483  0.0458  0.0473
  0.0453  0.0453  0.0467  0.0457  0.0451  0.0457
  0.0451  0.0451  0.0451  0.0451  0.0451  0.0451
  0.0456  0.0473  0.0453  0.0461  0.0450  0.0449
  0.0482  0.0521  0.0484  0.0483  0.0459  0.0467
  0.0569  0.0600  0.0546  0.0518  0.0496  0.0509
niter,ni,del,rscale     4    3   12.0000    1.2000
parameters
   -0.3346   19.7748   37.2311   -4.3144    2.0956    3.1445
eta,q 0.95491 12.32867
  0.0564  0.0609  0.0537  0.0516  0.0495  0.0502
  0.0487  0.0520  0.0495  0.0484  0.0459  0.0473
  0.0453  0.0453  0.0466  0.0457  0.0451  0.0457
  0.0451  0.0451  0.0451  0.0451  0.0451  0.0451
  0.0456  0.0473  0.0454  0.0461  0.0450  0.0449
  0.0481  0.0521  0.0485  0.0482  0.0459  0.0467
  0.0566  0.0600  0.0549  0.0517  0.0495  0.0508
registration optimization eta report
parameter search radius
    6.0000    6.9000    6.0000    6.9000    6.0000    6.9000
100000*second partial in parameter space
       33.       33.       26.       14.       13.       12.
  0.0564  0.0609  0.0537  0.0516  0.0495  0.0502
  0.0487  0.0520  0.0495  0.0484  0.0459  0.0473
  0.0453  0.0453  0.0466  0.0457  0.0451  0.0457
  0.0451  0.0451  0.0451  0.0451  0.0451  0.0451
  0.0456  0.0473  0.0454  0.0461  0.0450  0.0449
  0.0481  0.0521  0.0485  0.0482  0.0459  0.0467
  0.0566  0.0600  0.0549  0.0517  0.0495  0.0508
   -0.3346   19.7748   37.2311   -4.3144    2.0956    3.1445
eta,q 0.95491 12.32867

---------------------------------------------------------------------
imgreg_4dfp /opt/freesurfer/average/711-2C_as_mni_average_305 /opt/freesurfer/average/711-2B_as_mni_average_305_mask talsrcimg_g11 none talsrcimg_to_711-2C_as_mni_average_305_t4 3335
---------------------------------------------------------------------

freesurfer imgreg_4dfp.c
/opt/freesurfer/average/711-2C_as_mni_average_305.4dfp.img
       256       256       256         1
  1.000000  1.000000  1.000000
orientation T byte_order littleendian
Reading image: /opt/freesurfer/average/711-2C_as_mni_average_305.4dfp.img
dimensions:      256       256       256
mmppix:       1.0000   -1.0000   -1.0000
center:     128.0000 -129.0000 -129.0000
/opt/freesurfer/average/711-2B_as_mni_average_305_mask.4dfp.img
       256       256       256         1
  1.000000  1.000000  1.000000
orientation T byte_order littleendian
Reading mask: /opt/freesurfer/average/711-2B_as_mni_average_305_mask.4dfp.img (2306576 pixels)
talsrcimg_g11.4dfp.img
       256       256       256         1
  1.000000  1.000000  1.000000
orientation T byte_order littleendian
Reading image: talsrcimg_g11.4dfp.img
dimensions:      256       256       256
mmppix:       1.0000   -1.0000   -1.0000
center:     128.0000 -129.0000 -129.0000
fimgreg.f
image alignment mode   3335 decimal      D07 hex
parameters
   -0.3346   19.7748   37.2311   -0.2173   -0.4184   -0.3501
   -5.1952   -4.0535    5.4818    7.3115    3.6567   -7.5178
eta,q 0.96051 12.24933
niter,ni,del,rscale     5    3    5.0000    1.2000
parameter  4  2.808221 ->  0.500000 qaram    1.1500
parameter  5  0.996359 ->  0.500000 qaram    1.1500
parameter 12  0.588957 ->  0.500000 qaram    1.1500
parameters
   -0.2769   19.8016   37.1927   -4.3573   -4.5584   -1.7844
   -6.1844   -1.9390    6.1698    5.3662    3.6225  -11.6578
eta,q 0.96977 12.07507
  0.0423  0.0420  0.0415  0.0306  0.0315  0.0352  0.0339  0.0395  0.0331  0.0331  0.0320  0.0306
  0.0408  0.0406  0.0404  0.0330  0.0315  0.0336  0.0325  0.0363  0.0320  0.0316  0.0313  0.0302
  0.0398  0.0398  0.0397  0.0359  0.0322  0.0322  0.0318  0.0336  0.0314  0.0309  0.0309  0.0303
  0.0395  0.0395  0.0395  0.0395  0.0337  0.0316  0.0317  0.0317  0.0311  0.0311  0.0308  0.0308
  0.0397  0.0398  0.0397  0.0433  0.0357  0.0327  0.0324  0.0311  0.0312  0.0324  0.0309  0.0316
  0.0406  0.0406  0.0404  0.0475  0.0380  0.0364  0.0336  0.0320  0.0316  0.0347  0.0313  0.0328
  0.0420  0.0419  0.0416  0.0522  0.0407  0.0413  0.0353  0.0340  0.0324  0.0374  0.0320  0.0342
niter,ni,del,rscale     7    3    5.0000    1.2000
parameter  4  1.208851 ->  0.500000 qaram    1.3225
parameters
   -0.3152   20.4561   37.1120   -9.1183   -5.0138   -0.6967
   -5.9784   -1.5428    7.2073    6.1036    3.8548  -12.6434
eta,q 0.97512 11.98759
  0.0337  0.0348  0.0317  0.0248  0.0295  0.0308  0.0290  0.0321  0.0277  0.0300  0.0264  0.0267
  0.0318  0.0326  0.0306  0.0255  0.0277  0.0290  0.0269  0.0289  0.0264  0.0276  0.0256  0.0256
  0.0307  0.0311  0.0301  0.0272  0.0263  0.0275  0.0256  0.0263  0.0255  0.0259  0.0251  0.0250
  0.0302  0.0302  0.0300  0.0300  0.0258  0.0258  0.0251  0.0251  0.0250  0.0250  0.0249  0.0249
  0.0306  0.0300  0.0303  0.0335  0.0264  0.0246  0.0255  0.0255  0.0250  0.0251  0.0250  0.0254
  0.0318  0.0305  0.0309  0.0378  0.0282  0.0251  0.0267  0.0277  0.0255  0.0263  0.0255  0.0264
  0.0341  0.0316  0.0318  0.0426  0.0306  0.0299  0.0285  0.0310  0.0266  0.0284  0.0263  0.0278
niter,ni,del,rscale     7    3    5.0000    1.2000
parameter  4  0.502526 ->  0.500000 qaram    1.5209
parameters
   -0.4306   20.6356   37.0903  -14.5935   -4.7870   -0.3738
   -6.0662   -1.8841    7.8096    6.4211    3.0891  -12.5303
eta,q 0.97630 11.79384
  0.0290  0.0286  0.0270  0.0249  0.0281  0.0282  0.0271  0.0289  0.0260  0.0278  0.0244  0.0260
  0.0267  0.0267  0.0257  0.0241  0.0262  0.0267  0.0253  0.0258  0.0249  0.0258  0.0239  0.0248
  0.0252  0.0254  0.0250  0.0239  0.0248  0.0255  0.0241  0.0241  0.0241  0.0244  0.0237  0.0240
  0.0249  0.0249  0.0249  0.0248  0.0240  0.0240  0.0238  0.0238  0.0238  0.0237  0.0237  0.0237
  0.0256  0.0251  0.0252  0.0276  0.0243  0.0231  0.0243  0.0245  0.0238  0.0240  0.0239  0.0239
  0.0273  0.0261  0.0259  0.0313  0.0257  0.0241  0.0255  0.0266  0.0244  0.0253  0.0242  0.0247
  0.0299  0.0276  0.0270  0.0362  0.0279  0.0293  0.0272  0.0299  0.0254  0.0272  0.0247  0.0259
niter,ni,del,rscale     7    3    5.0000    1.2000
parameters
   -0.2598   20.7132   36.9120  -14.9745   -4.7869   -0.5021
   -6.2362   -1.7940    7.8746    6.4816    3.0930  -12.5855
eta,q 0.97623 11.76749
  0.0286  0.0271  0.0253  0.0288  0.0277  0.0279  0.0270  0.0296  0.0257  0.0275  0.0246  0.0259
  0.0261  0.0253  0.0243  0.0261  0.0259  0.0264  0.0253  0.0262  0.0247  0.0256  0.0241  0.0248
  0.0245  0.0241  0.0238  0.0246  0.0244  0.0252  0.0241  0.0242  0.0240  0.0243  0.0238  0.0241
  0.0237  0.0237  0.0237  0.0237  0.0237  0.0237  0.0238  0.0238  0.0238  0.0238  0.0238  0.0238
  0.0240  0.0240  0.0240  0.0240  0.0241  0.0230  0.0243  0.0244  0.0239  0.0242  0.0239  0.0240
  0.0252  0.0251  0.0247  0.0262  0.0257  0.0250  0.0255  0.0262  0.0246  0.0255  0.0241  0.0248
  0.0274  0.0267  0.0258  0.0302  0.0280  0.0302  0.0273  0.0292  0.0257  0.0275  0.0245  0.0260
niter,ni,del,rscale     6    3    5.0000    1.2000
parameters
   -0.2370   20.7474   36.8786  -14.9885   -4.7644   -0.5264
   -6.2570   -1.7834    7.8709    6.5241    3.0983  -12.6350
eta,q 0.97622 11.76637
  0.0281  0.0271  0.0256  0.0292  0.0278  0.0280  0.0272  0.0295  0.0257  0.0275  0.0246  0.0259
  0.0258  0.0252  0.0246  0.0263  0.0259  0.0265  0.0254  0.0262  0.0246  0.0256  0.0241  0.0248
  0.0243  0.0241  0.0239  0.0247  0.0245  0.0252  0.0242  0.0242  0.0240  0.0243  0.0238  0.0241
  0.0238  0.0238  0.0238  0.0238  0.0238  0.0238  0.0238  0.0238  0.0238  0.0238  0.0238  0.0238
  0.0242  0.0241  0.0240  0.0239  0.0242  0.0231  0.0243  0.0245  0.0239  0.0242  0.0239  0.0240
  0.0257  0.0252  0.0247  0.0259  0.0257  0.0248  0.0254  0.0263  0.0246  0.0255  0.0241  0.0248
  0.0280  0.0268  0.0257  0.0298  0.0280  0.0300  0.0272  0.0293  0.0257  0.0275  0.0245  0.0260
niter,ni,del,rscale     5    3    5.0000    1.2000
parameters
   -0.2357   20.7556   36.8671  -14.9938   -4.7587   -0.5336
   -6.2579   -1.7842    7.8663    6.5420    3.0876  -12.6544
eta,q 0.97622 11.76597
  0.0280  0.0270  0.0257  0.0292  0.0278  0.0280  0.0272  0.0295  0.0256  0.0275  0.0246  0.0260
  0.0258  0.0252  0.0246  0.0264  0.0259  0.0265  0.0254  0.0261  0.0246  0.0256  0.0241  0.0248
  0.0243  0.0241  0.0240  0.0247  0.0245  0.0252  0.0242  0.0242  0.0240  0.0243  0.0238  0.0241
  0.0238  0.0238  0.0238  0.0238  0.0238  0.0238  0.0238  0.0238  0.0238  0.0238  0.0238  0.0238
  0.0243  0.0242  0.0240  0.0239  0.0242  0.0231  0.0242  0.0245  0.0239  0.0242  0.0239  0.0240
  0.0257  0.0252  0.0247  0.0259  0.0257  0.0247  0.0254  0.0263  0.0246  0.0255  0.0241  0.0248
  0.0281  0.0269  0.0257  0.0298  0.0280  0.0299  0.0271  0.0293  0.0257  0.0275  0.0245  0.0260
registration optimization eta report
parameter search radius
    2.4000    2.4000    2.4000   10.9503    8.2800    7.2000
    7.2000    7.2000    7.2000    7.2000    7.2000    8.2800
100000*second partial in parameter space
       74.       55.       33.        5.        6.       10.
        6.       11.        4.        7.        2.        3.
  0.0280  0.0270  0.0257  0.0292  0.0278  0.0280  0.0272  0.0295  0.0256  0.0275  0.0246  0.0260
  0.0258  0.0252  0.0246  0.0264  0.0259  0.0265  0.0254  0.0261  0.0246  0.0256  0.0241  0.0248
  0.0243  0.0241  0.0240  0.0247  0.0245  0.0252  0.0242  0.0242  0.0240  0.0243  0.0238  0.0241
  0.0238  0.0238  0.0238  0.0238  0.0238  0.0238  0.0238  0.0238  0.0238  0.0238  0.0238  0.0238
  0.0243  0.0242  0.0240  0.0239  0.0242  0.0231  0.0242  0.0245  0.0239  0.0242  0.0239  0.0240
  0.0257  0.0252  0.0247  0.0259  0.0257  0.0247  0.0254  0.0263  0.0246  0.0255  0.0241  0.0248
  0.0281  0.0269  0.0257  0.0298  0.0280  0.0299  0.0271  0.0293  0.0257  0.0275  0.0245  0.0260
   -0.2357   20.7556   36.8671  -14.9938   -4.7587   -0.5336
   -6.2579   -1.7842    7.8663    6.5420    3.0876  -12.6544
eta,q 0.97622 11.76597

---------------------------------------------------------------------
imgreg_4dfp /opt/freesurfer/average/711-2C_as_mni_average_305 /opt/freesurfer/average/711-2B_as_mni_average_305_mask talsrcimg_g11 none talsrcimg_to_711-2C_as_mni_average_305_t4 2311
---------------------------------------------------------------------

freesurfer imgreg_4dfp.c
/opt/freesurfer/average/711-2C_as_mni_average_305.4dfp.img
       256       256       256         1
  1.000000  1.000000  1.000000
orientation T byte_order littleendian
Reading image: /opt/freesurfer/average/711-2C_as_mni_average_305.4dfp.img
dimensions:      256       256       256
mmppix:       1.0000   -1.0000   -1.0000
center:     128.0000 -129.0000 -129.0000
/opt/freesurfer/average/711-2B_as_mni_average_305_mask.4dfp.img
       256       256       256         1
  1.000000  1.000000  1.000000
orientation T byte_order littleendian
Reading mask: /opt/freesurfer/average/711-2B_as_mni_average_305_mask.4dfp.img (2306576 pixels)
talsrcimg_g11.4dfp.img
       256       256       256         1
  1.000000  1.000000  1.000000
orientation T byte_order littleendian
Reading image: talsrcimg_g11.4dfp.img
dimensions:      256       256       256
mmppix:       1.0000   -1.0000   -1.0000
center:     128.0000 -129.0000 -129.0000
fimgreg.f
image alignment mode   2311 decimal      907 hex
parameters
   -0.2357   20.7556   36.8671  -14.9938   -4.7587   -0.5336
   -6.2579   -1.7842    7.8663    6.5420    3.0876  -12.6544
eta,q 0.97622 11.76597
niter,ni,del,rscale     5    3    5.0000    0.8000
parameters
   -0.2257   20.7294   36.8359  -13.7658   -4.5499    0.9215
   -6.1236   -1.5619    7.9634    6.4219    3.4729  -12.9792
eta,q 0.97683 11.86781
  0.0258  0.0252  0.0246  0.0251  0.0254  0.0266  0.0250  0.0269  0.0241  0.0253  0.0239  0.0240
  0.0247  0.0244  0.0241  0.0246  0.0246  0.0257  0.0241  0.0249  0.0236  0.0241  0.0235  0.0235
  0.0240  0.0239  0.0239  0.0241  0.0239  0.0247  0.0234  0.0236  0.0233  0.0234  0.0233  0.0233
  0.0238  0.0238  0.0238  0.0238  0.0237  0.0236  0.0232  0.0232  0.0232  0.0232  0.0232  0.0232
  0.0240  0.0240  0.0239  0.0237  0.0238  0.0232  0.0234  0.0235  0.0233  0.0235  0.0232  0.0233
  0.0246  0.0245  0.0242  0.0238  0.0243  0.0231  0.0239  0.0245  0.0235  0.0243  0.0234  0.0237
  0.0257  0.0253  0.0247  0.0243  0.0252  0.0249  0.0248  0.0262  0.0241  0.0254  0.0237  0.0243
niter,ni,del,rscale     4    3    5.0000    0.7000
parameters
   -0.2589   20.6581   37.2488  -13.5756   -4.9461    1.0092
   -6.1137   -1.6151    8.0247    6.3629    3.4554  -12.8337
eta,q 0.97696 11.87171
  0.0248  0.0243  0.0242  0.0242  0.0242  0.0256  0.0244  0.0255  0.0238  0.0247  0.0235  0.0238
  0.0239  0.0236  0.0237  0.0237  0.0236  0.0247  0.0237  0.0241  0.0234  0.0238  0.0232  0.0234
  0.0233  0.0233  0.0234  0.0233  0.0232  0.0237  0.0232  0.0233  0.0231  0.0232  0.0231  0.0232
  0.0232  0.0232  0.0232  0.0231  0.0231  0.0231  0.0230  0.0230  0.0230  0.0230  0.0230  0.0230
  0.0234  0.0234  0.0231  0.0231  0.0233  0.0228  0.0232  0.0234  0.0231  0.0233  0.0231  0.0231
  0.0240  0.0238  0.0232  0.0235  0.0239  0.0236  0.0237  0.0242  0.0233  0.0239  0.0233  0.0233
  0.0249  0.0245  0.0235  0.0241  0.0248  0.0263  0.0244  0.0256  0.0238  0.0248  0.0235  0.0237
niter,ni,del,rscale     3    3    5.0000    0.6000
parameters
   -0.2707   20.6345   37.2970  -13.4248   -4.9747    1.2975
   -6.1134   -1.6121    8.0311    6.2673    3.4442  -12.8252
eta,q 0.97705 11.88264
  0.0242  0.0239  0.0236  0.0239  0.0240  0.0252  0.0240  0.0249  0.0235  0.0242  0.0233  0.0235
  0.0236  0.0234  0.0233  0.0235  0.0235  0.0243  0.0234  0.0238  0.0232  0.0235  0.0231  0.0232
  0.0232  0.0231  0.0231  0.0232  0.0232  0.0236  0.0231  0.0231  0.0230  0.0231  0.0230  0.0230
  0.0230  0.0230  0.0230  0.0230  0.0230  0.0230  0.0229  0.0229  0.0229  0.0229  0.0229  0.0229
  0.0232  0.0232  0.0231  0.0231  0.0231  0.0228  0.0231  0.0232  0.0230  0.0231  0.0230  0.0230
  0.0236  0.0235  0.0232  0.0233  0.0235  0.0232  0.0234  0.0238  0.0232  0.0236  0.0231  0.0232
  0.0243  0.0240  0.0236  0.0238  0.0241  0.0251  0.0240  0.0249  0.0235  0.0243  0.0233  0.0235
niter,ni,del,rscale     2    3    5.0000    0.5000
parameters
   -0.2798   20.6087   37.3603  -13.3772   -5.0331    1.5685
   -6.0974   -1.6191    8.0379    6.1906    3.3630  -12.8318
eta,q 0.97714 11.88742
  0.0238  0.0236  0.0234  0.0235  0.0236  0.0246  0.0236  0.0243  0.0232  0.0238  0.0231  0.0232
  0.0233  0.0232  0.0232  0.0232  0.0233  0.0239  0.0232  0.0235  0.0230  0.0233  0.0230  0.0230
  0.0230  0.0230  0.0230  0.0230  0.0230  0.0233  0.0230  0.0230  0.0229  0.0230  0.0229  0.0229
  0.0229  0.0229  0.0229  0.0229  0.0229  0.0229  0.0229  0.0229  0.0229  0.0229  0.0229  0.0229
  0.0231  0.0230  0.0230  0.0230  0.0230  0.0228  0.0229  0.0230  0.0229  0.0230  0.0229  0.0229
  0.0233  0.0233  0.0231  0.0232  0.0233  0.0231  0.0232  0.0235  0.0230  0.0233  0.0230  0.0230
  0.0238  0.0236  0.0233  0.0235  0.0237  0.0244  0.0236  0.0243  0.0232  0.0239  0.0232  0.0233
niter,ni,del,rscale     1    3    5.0000    0.4000
parameters
   -0.2896   20.5870   37.3992  -13.3634   -5.0901    1.7947
   -6.0900   -1.6217    8.0651    6.1403    3.2930  -12.8459
eta,q 0.97718 11.88964
  0.0234  0.0233  0.0232  0.0233  0.0233  0.0240  0.0233  0.0237  0.0231  0.0234  0.0230  0.0231
  0.0231  0.0230  0.0230  0.0231  0.0231  0.0235  0.0230  0.0232  0.0229  0.0231  0.0229  0.0229
  0.0229  0.0229  0.0229  0.0229  0.0229  0.0231  0.0229  0.0229  0.0228  0.0229  0.0228  0.0228
  0.0229  0.0229  0.0229  0.0229  0.0229  0.0229  0.0228  0.0228  0.0228  0.0228  0.0228  0.0228
  0.0229  0.0229  0.0229  0.0229  0.0229  0.0228  0.0229  0.0229  0.0228  0.0229  0.0228  0.0228
  0.0231  0.0231  0.0230  0.0230  0.0231  0.0230  0.0230  0.0232  0.0229  0.0231  0.0229  0.0229
  0.0234  0.0233  0.0231  0.0233  0.0234  0.0238  0.0233  0.0237  0.0231  0.0235  0.0230  0.0231
registration optimization eta report
parameter search radius
    0.8000    0.8000    0.8000    2.4000    2.4000    2.4000
    2.4000    2.4000    2.4000    2.4000    2.4000    2.4000
100000*second partial in parameter space
       88.       65.       46.        7.        8.       19.
        8.       16.        4.       11.        3.        4.
  0.0234  0.0233  0.0232  0.0233  0.0233  0.0240  0.0233  0.0237  0.0231  0.0234  0.0230  0.0231
  0.0231  0.0230  0.0230  0.0231  0.0231  0.0235  0.0230  0.0232  0.0229  0.0231  0.0229  0.0229
  0.0229  0.0229  0.0229  0.0229  0.0229  0.0231  0.0229  0.0229  0.0228  0.0229  0.0228  0.0228
  0.0229  0.0229  0.0229  0.0229  0.0229  0.0229  0.0228  0.0228  0.0228  0.0228  0.0228  0.0228
  0.0229  0.0229  0.0229  0.0229  0.0229  0.0228  0.0229  0.0229  0.0228  0.0229  0.0228  0.0228
  0.0231  0.0231  0.0230  0.0230  0.0231  0.0230  0.0230  0.0232  0.0229  0.0231  0.0229  0.0229
  0.0234  0.0233  0.0231  0.0233  0.0234  0.0238  0.0233  0.0237  0.0231  0.0235  0.0230  0.0231
   -0.2896   20.5870   37.3992  -13.3634   -5.0901    1.7947
   -6.0900   -1.6217    8.0651    6.1403    3.2930  -12.8459
eta,q 0.97718 11.88964

---------------------------------------------------------------------
imgreg_4dfp /opt/freesurfer/average/711-2C_as_mni_average_305 /opt/freesurfer/average/711-2B_as_mni_average_305_mask talsrcimg_g11 none talsrcimg_to_711-2C_as_mni_average_305_t4 2311
---------------------------------------------------------------------

freesurfer imgreg_4dfp.c
/opt/freesurfer/average/711-2C_as_mni_average_305.4dfp.img
       256       256       256         1
  1.000000  1.000000  1.000000
orientation T byte_order littleendian
Reading image: /opt/freesurfer/average/711-2C_as_mni_average_305.4dfp.img
dimensions:      256       256       256
mmppix:       1.0000   -1.0000   -1.0000
center:     128.0000 -129.0000 -129.0000
/opt/freesurfer/average/711-2B_as_mni_average_305_mask.4dfp.img
       256       256       256         1
  1.000000  1.000000  1.000000
orientation T byte_order littleendian
Reading mask: /opt/freesurfer/average/711-2B_as_mni_average_305_mask.4dfp.img (2306576 pixels)
talsrcimg_g11.4dfp.img
       256       256       256         1
  1.000000  1.000000  1.000000
orientation T byte_order littleendian
Reading image: talsrcimg_g11.4dfp.img
dimensions:      256       256       256
mmppix:       1.0000   -1.0000   -1.0000
center:     128.0000 -129.0000 -129.0000
fimgreg.f
image alignment mode   2311 decimal      907 hex
parameters
   -0.2896   20.5870   37.3992  -13.3634   -5.0901    1.7947
   -6.0900   -1.6217    8.0651    6.1403    3.2930  -12.8459
eta,q 0.97718 11.88964
niter,ni,del,rscale     5    3    5.0000    0.8000
parameters
   -0.2858   20.5859   37.3425  -13.7555   -5.2605    1.0029
   -6.1092   -1.6319    8.0580    6.2816    3.4225  -12.6937
eta,q 0.97694 11.85605
  0.0251  0.0245  0.0240  0.0241  0.0245  0.0255  0.0248  0.0262  0.0240  0.0253  0.0237  0.0240
  0.0238  0.0235  0.0234  0.0235  0.0236  0.0244  0.0239  0.0244  0.0235  0.0241  0.0233  0.0235
  0.0231  0.0230  0.0230  0.0230  0.0230  0.0234  0.0233  0.0234  0.0232  0.0234  0.0231  0.0232
  0.0228  0.0228  0.0228  0.0228  0.0228  0.0228  0.0231  0.0231  0.0231  0.0231  0.0231  0.0231
  0.0231  0.0230  0.0230  0.0230  0.0230  0.0231  0.0233  0.0234  0.0232  0.0233  0.0231  0.0231
  0.0238  0.0236  0.0234  0.0236  0.0237  0.0257  0.0239  0.0245  0.0235  0.0240  0.0233  0.0234
  0.0250  0.0244  0.0243  0.0247  0.0248  0.0295  0.0248  0.0261  0.0240  0.0250  0.0236  0.0239
niter,ni,del,rscale     4    3    5.0000    0.7000
parameters
   -0.2577   20.6440   37.2954  -13.5017   -5.0181    1.0073
   -6.1175   -1.5976    8.0340    6.2785    3.5023  -12.7545
eta,q 0.97696 11.87289
  0.0248  0.0244  0.0237  0.0242  0.0245  0.0255  0.0244  0.0256  0.0237  0.0247  0.0235  0.0237
  0.0238  0.0237  0.0234  0.0237  0.0238  0.0246  0.0237  0.0241  0.0234  0.0238  0.0233  0.0233
  0.0233  0.0232  0.0232  0.0233  0.0233  0.0237  0.0232  0.0233  0.0231  0.0232  0.0231  0.0231
  0.0231  0.0231  0.0231  0.0231  0.0231  0.0230  0.0230  0.0230  0.0230  0.0230  0.0230  0.0230
  0.0232  0.0232  0.0231  0.0231  0.0231  0.0228  0.0232  0.0233  0.0231  0.0232  0.0231  0.0231
  0.0238  0.0235  0.0234  0.0234  0.0235  0.0237  0.0237  0.0241  0.0234  0.0238  0.0232  0.0234
  0.0246  0.0242  0.0239  0.0240  0.0243  0.0265  0.0244  0.0254  0.0238  0.0247  0.0235  0.0238
niter,ni,del,rscale     3    3    5.0000    0.6000
parameters
   -0.2715   20.6257   37.3122  -13.4066   -4.9725    1.3078
   -6.1162   -1.6139    8.0308    6.2362    3.4565  -12.7945
eta,q 0.97706 11.88375
  0.0242  0.0239  0.0236  0.0239  0.0241  0.0252  0.0240  0.0249  0.0235  0.0242  0.0233  0.0235
  0.0236  0.0234  0.0233  0.0235  0.0236  0.0244  0.0234  0.0238  0.0232  0.0235  0.0231  0.0232
  0.0232  0.0231  0.0231  0.0232  0.0232  0.0236  0.0231  0.0231  0.0230  0.0231  0.0230  0.0230
  0.0230  0.0230  0.0230  0.0230  0.0230  0.0230  0.0229  0.0229  0.0229  0.0229  0.0229  0.0229
  0.0232  0.0232  0.0231  0.0231  0.0231  0.0228  0.0231  0.0232  0.0230  0.0231  0.0230  0.0230
  0.0236  0.0235  0.0233  0.0234  0.0235  0.0232  0.0234  0.0238  0.0232  0.0236  0.0231  0.0232
  0.0243  0.0240  0.0236  0.0238  0.0241  0.0251  0.0240  0.0249  0.0235  0.0243  0.0233  0.0235
niter,ni,del,rscale     2    3    5.0000    0.5000
parameters
   -0.2824   20.6038   37.3648  -13.3720   -5.0323    1.5683
   -6.1008   -1.6217    8.0419    6.1828    3.3636  -12.8225
eta,q 0.97714 11.88779
  0.0238  0.0235  0.0234  0.0235  0.0236  0.0246  0.0236  0.0243  0.0232  0.0238  0.0231  0.0232
  0.0233  0.0232  0.0232  0.0232  0.0233  0.0239  0.0232  0.0235  0.0230  0.0233  0.0230  0.0230
  0.0230  0.0230  0.0230  0.0230  0.0230  0.0233  0.0230  0.0230  0.0229  0.0230  0.0229  0.0229
  0.0229  0.0229  0.0229  0.0229  0.0229  0.0229  0.0229  0.0229  0.0229  0.0229  0.0229  0.0229
  0.0230  0.0230  0.0230  0.0230  0.0230  0.0228  0.0229  0.0230  0.0229  0.0230  0.0229  0.0229
  0.0233  0.0232  0.0231  0.0232  0.0233  0.0231  0.0232  0.0235  0.0230  0.0233  0.0230  0.0230
  0.0238  0.0236  0.0233  0.0235  0.0237  0.0244  0.0236  0.0243  0.0232  0.0239  0.0232  0.0233
niter,ni,del,rscale     1    3    5.0000    0.4000
parameters
   -0.2899   20.5845   37.3997  -13.3652   -5.0855    1.7954
   -6.0935   -1.6228    8.0623    6.1339    3.3061  -12.8304
eta,q 0.97718 11.88975
  0.0234  0.0233  0.0232  0.0233  0.0233  0.0240  0.0233  0.0237  0.0231  0.0234  0.0230  0.0231
  0.0231  0.0230  0.0230  0.0231  0.0231  0.0235  0.0230  0.0232  0.0229  0.0231  0.0229  0.0229
  0.0229  0.0229  0.0229  0.0229  0.0229  0.0231  0.0229  0.0229  0.0228  0.0229  0.0228  0.0228
  0.0229  0.0229  0.0229  0.0229  0.0229  0.0229  0.0228  0.0228  0.0228  0.0228  0.0228  0.0228
  0.0229  0.0229  0.0229  0.0229  0.0229  0.0228  0.0229  0.0229  0.0228  0.0229  0.0228  0.0228
  0.0231  0.0231  0.0230  0.0230  0.0231  0.0230  0.0230  0.0232  0.0229  0.0231  0.0229  0.0229
  0.0234  0.0233  0.0231  0.0233  0.0234  0.0238  0.0233  0.0237  0.0231  0.0235  0.0230  0.0231
registration optimization eta report
parameter search radius
    0.8000    0.8000    0.8000    2.4000    2.4000    2.4000
    2.4000    2.4000    2.4000    2.4000    2.4000    2.4000
100000*second partial in parameter space
       88.       65.       46.        7.        8.       19.
        8.       16.        4.       11.        3.        4.
  0.0234  0.0233  0.0232  0.0233  0.0233  0.0240  0.0233  0.0237  0.0231  0.0234  0.0230  0.0231
  0.0231  0.0230  0.0230  0.0231  0.0231  0.0235  0.0230  0.0232  0.0229  0.0231  0.0229  0.0229
  0.0229  0.0229  0.0229  0.0229  0.0229  0.0231  0.0229  0.0229  0.0228  0.0229  0.0228  0.0228
  0.0229  0.0229  0.0229  0.0229  0.0229  0.0229  0.0228  0.0228  0.0228  0.0228  0.0228  0.0228
  0.0229  0.0229  0.0229  0.0229  0.0229  0.0228  0.0229  0.0229  0.0228  0.0229  0.0228  0.0228
  0.0231  0.0231  0.0230  0.0230  0.0231  0.0230  0.0230  0.0232  0.0229  0.0231  0.0229  0.0229
  0.0234  0.0233  0.0231  0.0233  0.0234  0.0238  0.0233  0.0237  0.0231  0.0235  0.0230  0.0231
   -0.2899   20.5845   37.3997  -13.3652   -5.0855    1.7954
   -6.0935   -1.6228    8.0623    6.1339    3.3061  -12.8304
eta,q 0.97718 11.88975

---------------------------------------------------------------------
compute_vox2vox talsrcimg talsrcimg_to_711-2C_as_mni_average_305_t4 /opt/freesurfer/average/711-2C_as_mni_average_305
---------------------------------------------------------------------

freesurfer compute_vox2vox.c
Reading: talsrcimg.4dfp.ifh
Reading: talsrcimg_to_711-2C_as_mni_average_305_t4
Reading: /opt/freesurfer/average/711-2C_as_mni_average_305.4dfp.ifh
Writing: talsrcimg_to_711-2C_as_mni_average_305_t4_vox2vox.txt

start time Wed Mar 11 02:51:02 CET 2026
end		time Wed Mar 11 02:52:27 CET 2026

mpr2mni305 success

avi2talxfm orig_nu.mgz /opt/freesurfer/average/mni305.cor.mgz talsrcimg_to_711-2C_as_mni_average_305_t4_vox2vox.txt transforms/talairach.auto.xfm
avi2talxfm done
mv -f /out/sourcedata/freesurfer/sub-v2s12x28904_ses-1/mri/talsrcimg_to_711-2C_as_mni_average_305_t4_vox2vox.txt /out/sourcedata/freesurfer/sub-v2s12x28904_ses-1/mri/transforms/talsrcimg_to_711-2C_as_mni_average_305_t4_vox2vox.txt
lta_convert --src orig_nu.mgz --trg /opt/freesurfer/average/mni305.cor.mgz --inxfm transforms/talairach.auto.xfm --outlta transforms/talairach.auto.xfm.lta --subject fsaverage
7.3.2

--src: orig_nu.mgz src image (geometry).
--trg: /opt/freesurfer/average/mni305.cor.mgz trg image (geometry).
--inmni: transforms/talairach.auto.xfm input MNI/XFM transform.
--outlta: transforms/talairach.auto.xfm.lta output LTA.
--s: fsaverage subject name
 LTA read, type : 1
 1.14672   0.01373   0.07548  -6.69058;
-0.04912   0.97384   0.12849  -42.40962;
-0.09423  -0.06410   1.03886  -15.26545;
 0.00000   0.00000   0.00000   1.00000;
setting subject to fsaverage
Writing  LTA to file transforms/talairach.auto.xfm.lta...
lta_convert successful.
 
 
Started at Wed Mar 11 02:51:02 CET 2026
Ended   at Wed Mar 11 02:52:28 CET 2026
talairach_avi done
