status file for recon-all
Wed Mar 11 03:53:38 CET 2026
#@# Tessellate lh Wed Mar 11 03:53:38 CET 2026
#@# Smooth1 lh Wed Mar 11 03:53:42 CET 2026
#@# Inflation1 lh Wed Mar 11 03:53:45 CET 2026
#@# QSphere lh Wed Mar 11 03:53:57 CET 2026
#@# Fix Topology lh Wed Mar 11 03:55:14 CET 2026
#@# Smooth2 lh Wed Mar 11 04:00:44 CET 2026
#@# Inflation2 lh Wed Mar 11 04:00:47 CET 2026
#@# Curv .H and .K lh Wed Mar 11 04:01:00 CET 2026
#@# Sphere lh Wed Mar 11 04:01:48 CET 2026
#@# Surf Reg lh Wed Mar 11 04:03:58 CET 2026
#@# Jacobian white lh Wed Mar 11 04:07:24 CET 2026
#@# AvgCurv lh Wed Mar 11 04:07:24 CET 2026
#@# Cortical Parc lh Wed Mar 11 04:07:25 CET 2026
#@# white curv lh Wed Mar 11 04:13:48 CET 2026
#@# white area lh Wed Mar 11 04:13:50 CET 2026
#@# pial curv lh Wed Mar 11 04:13:51 CET 2026
#@# pial area lh Wed Mar 11 04:13:52 CET 2026
#@# thickness lh Wed Mar 11 04:13:53 CET 2026
#@# area and vertex vol lh Wed Mar 11 04:14:24 CET 2026
#@# Curvature Stats lh Wed Mar 11 04:14:26 CET 2026
#@# Cortical Parc 2 lh Wed Mar 11 04:14:28 CET 2026
#@# Cortical Parc 3 lh Wed Mar 11 04:14:42 CET 2026
#@# WM/GM Contrast lh Wed Mar 11 04:14:53 CET 2026
recon-all -s sub-v2s12x28892_ses-1 finished without error at Wed Mar 11 04:14:56 CET 2026



#New# invocation of recon-all 



status file for recon-all
Wed Mar 11 04:43:18 CET 2026
#@# white curv lh Wed Mar 11 04:43:18 CET 2026
#@# white area lh Wed Mar 11 04:43:18 CET 2026
#@# pial curv lh Wed Mar 11 04:43:18 CET 2026
#@# pial area lh Wed Mar 11 04:43:18 CET 2026
#@# thickness lh Wed Mar 11 04:43:18 CET 2026
#@# area and vertex vol lh Wed Mar 11 04:43:18 CET 2026
#@# Parcellation Stats lh Wed Mar 11 04:43:18 CET 2026
#@# Parcellation Stats 2 lh Wed Mar 11 04:43:38 CET 2026
#@# Parcellation Stats 3 lh Wed Mar 11 04:43:48 CET 2026
#@# BA_exvivo Labels lh Wed Mar 11 04:43:57 CET 2026
recon-all -s sub-v2s12x28892_ses-1 finished without error at Wed Mar 11 04:46:41 CET 2026
