status file for recon-all
Wed Mar 11 04:15:00 CET 2026
#@# Tessellate rh Wed Mar 11 04:15:00 CET 2026
#@# Smooth1 rh Wed Mar 11 04:15:03 CET 2026
#@# Inflation1 rh Wed Mar 11 04:15:06 CET 2026
#@# QSphere rh Wed Mar 11 04:15:18 CET 2026
#@# Fix Topology rh Wed Mar 11 04:16:31 CET 2026
#@# Smooth2 rh Wed Mar 11 04:22:35 CET 2026
#@# Inflation2 rh Wed Mar 11 04:22:38 CET 2026
#@# Curv .H and .K rh Wed Mar 11 04:22:51 CET 2026
#@# Sphere rh Wed Mar 11 04:23:41 CET 2026
#@# Surf Reg rh Wed Mar 11 04:27:00 CET 2026
#@# Jacobian white rh Wed Mar 11 04:30:46 CET 2026
#@# AvgCurv rh Wed Mar 11 04:30:47 CET 2026
#@# Cortical Parc rh Wed Mar 11 04:30:48 CET 2026
#@# white curv rh Wed Mar 11 04:37:40 CET 2026
#@# white area rh Wed Mar 11 04:37:42 CET 2026
#@# pial curv rh Wed Mar 11 04:37:43 CET 2026
#@# pial area rh Wed Mar 11 04:37:45 CET 2026
#@# thickness rh Wed Mar 11 04:37:45 CET 2026
#@# area and vertex vol rh Wed Mar 11 04:38:17 CET 2026
#@# Curvature Stats rh Wed Mar 11 04:38:19 CET 2026
#@# Cortical Parc 2 rh Wed Mar 11 04:38:21 CET 2026
#@# Cortical Parc 3 rh Wed Mar 11 04:38:35 CET 2026
#@# WM/GM Contrast rh Wed Mar 11 04:38:46 CET 2026
recon-all -s sub-v2s12x28892_ses-1 finished without error at Wed Mar 11 04:38:49 CET 2026



#New# invocation of recon-all 



status file for recon-all
Wed Mar 11 04:46:44 CET 2026
#@# white curv rh Wed Mar 11 04:46:44 CET 2026
#@# white area rh Wed Mar 11 04:46:44 CET 2026
#@# pial curv rh Wed Mar 11 04:46:44 CET 2026
#@# pial area rh Wed Mar 11 04:46:44 CET 2026
#@# thickness rh Wed Mar 11 04:46:44 CET 2026
#@# area and vertex vol rh Wed Mar 11 04:46:44 CET 2026
#@# Parcellation Stats rh Wed Mar 11 04:46:44 CET 2026
#@# Parcellation Stats 2 rh Wed Mar 11 04:47:03 CET 2026
#@# Parcellation Stats 3 rh Wed Mar 11 04:47:14 CET 2026
#@# BA_exvivo Labels rh Wed Mar 11 04:47:23 CET 2026
recon-all -s sub-v2s12x28892_ses-1 finished without error at Wed Mar 11 04:50:09 CET 2026
