status file for recon-all
Wed Mar 11 00:16:03 CET 2026
#@# Tessellate lh Wed Mar 11 00:16:03 CET 2026
#@# Smooth1 lh Wed Mar 11 00:16:06 CET 2026
#@# Inflation1 lh Wed Mar 11 00:16:09 CET 2026
#@# QSphere lh Wed Mar 11 00:16:21 CET 2026
#@# Fix Topology lh Wed Mar 11 00:17:36 CET 2026
#@# Smooth2 lh Wed Mar 11 00:23:48 CET 2026
#@# Inflation2 lh Wed Mar 11 00:23:51 CET 2026
#@# Curv .H and .K lh Wed Mar 11 00:24:03 CET 2026
#@# Sphere lh Wed Mar 11 00:24:45 CET 2026
#@# Surf Reg lh Wed Mar 11 00:27:25 CET 2026
#@# Jacobian white lh Wed Mar 11 00:31:08 CET 2026
#@# AvgCurv lh Wed Mar 11 00:31:09 CET 2026
#@# Cortical Parc lh Wed Mar 11 00:31:10 CET 2026
#@# white curv lh Wed Mar 11 00:37:39 CET 2026
#@# white area lh Wed Mar 11 00:37:40 CET 2026
#@# pial curv lh Wed Mar 11 00:37:41 CET 2026
#@# pial area lh Wed Mar 11 00:37:43 CET 2026
#@# thickness lh Wed Mar 11 00:37:44 CET 2026
#@# area and vertex vol lh Wed Mar 11 00:38:11 CET 2026
#@# Curvature Stats lh Wed Mar 11 00:38:13 CET 2026
#@# Cortical Parc 2 lh Wed Mar 11 00:38:15 CET 2026
#@# Cortical Parc 3 lh Wed Mar 11 00:38:27 CET 2026
#@# WM/GM Contrast lh Wed Mar 11 00:38:37 CET 2026
recon-all -s sub-v2s12x28857_ses-1 finished without error at Wed Mar 11 00:38:40 CET 2026



#New# invocation of recon-all 



status file for recon-all
Wed Mar 11 01:08:12 CET 2026
#@# white curv lh Wed Mar 11 01:08:12 CET 2026
#@# white area lh Wed Mar 11 01:08:12 CET 2026
#@# pial curv lh Wed Mar 11 01:08:12 CET 2026
#@# pial area lh Wed Mar 11 01:08:12 CET 2026
#@# thickness lh Wed Mar 11 01:08:12 CET 2026
#@# area and vertex vol lh Wed Mar 11 01:08:12 CET 2026
#@# Parcellation Stats lh Wed Mar 11 01:08:12 CET 2026
#@# Parcellation Stats 2 lh Wed Mar 11 01:08:28 CET 2026
#@# Parcellation Stats 3 lh Wed Mar 11 01:08:37 CET 2026
#@# BA_exvivo Labels lh Wed Mar 11 01:08:45 CET 2026
recon-all -s sub-v2s12x28857_ses-1 finished without error at Wed Mar 11 01:11:16 CET 2026
