status file for recon-all
Wed Mar 11 00:38:43 CET 2026
#@# Tessellate rh Wed Mar 11 00:38:43 CET 2026
#@# Smooth1 rh Wed Mar 11 00:38:46 CET 2026
#@# Inflation1 rh Wed Mar 11 00:38:49 CET 2026
#@# QSphere rh Wed Mar 11 00:39:03 CET 2026
#@# Fix Topology rh Wed Mar 11 00:40:29 CET 2026
#@# Smooth2 rh Wed Mar 11 00:46:20 CET 2026
#@# Inflation2 rh Wed Mar 11 00:46:23 CET 2026
#@# Curv .H and .K rh Wed Mar 11 00:46:36 CET 2026
#@# Sphere rh Wed Mar 11 00:47:21 CET 2026
#@# Surf Reg rh Wed Mar 11 00:50:40 CET 2026
#@# Jacobian white rh Wed Mar 11 00:54:46 CET 2026
#@# AvgCurv rh Wed Mar 11 00:54:47 CET 2026
#@# Cortical Parc rh Wed Mar 11 00:54:48 CET 2026
#@# white curv rh Wed Mar 11 01:01:14 CET 2026
#@# white area rh Wed Mar 11 01:01:16 CET 2026
#@# pial curv rh Wed Mar 11 01:01:17 CET 2026
#@# pial area rh Wed Mar 11 01:01:19 CET 2026
#@# thickness rh Wed Mar 11 01:01:19 CET 2026
#@# area and vertex vol rh Wed Mar 11 01:01:48 CET 2026
#@# Curvature Stats rh Wed Mar 11 01:01:49 CET 2026
#@# Cortical Parc 2 rh Wed Mar 11 01:01:52 CET 2026
#@# Cortical Parc 3 rh Wed Mar 11 01:02:05 CET 2026
#@# WM/GM Contrast rh Wed Mar 11 01:02:15 CET 2026
recon-all -s sub-v2s12x28857_ses-1 finished without error at Wed Mar 11 01:02:18 CET 2026



#New# invocation of recon-all 



status file for recon-all
Wed Mar 11 01:11:18 CET 2026
#@# white curv rh Wed Mar 11 01:11:18 CET 2026
#@# white area rh Wed Mar 11 01:11:18 CET 2026
#@# pial curv rh Wed Mar 11 01:11:18 CET 2026
#@# pial area rh Wed Mar 11 01:11:18 CET 2026
#@# thickness rh Wed Mar 11 01:11:18 CET 2026
#@# area and vertex vol rh Wed Mar 11 01:11:18 CET 2026
#@# Parcellation Stats rh Wed Mar 11 01:11:18 CET 2026
#@# Parcellation Stats 2 rh Wed Mar 11 01:11:35 CET 2026
#@# Parcellation Stats 3 rh Wed Mar 11 01:11:45 CET 2026
#@# BA_exvivo Labels rh Wed Mar 11 01:11:53 CET 2026
recon-all -s sub-v2s12x28857_ses-1 finished without error at Wed Mar 11 01:14:30 CET 2026
