status file for recon-all
Tue Mar 10 22:28:29 CET 2026
#@# MotionCor Tue Mar 10 22:28:31 CET 2026
#@# Talairach Tue Mar 10 22:28:38 CET 2026
#@# Talairach Failure Detection Tue Mar 10 22:33:05 CET 2026
#@# Nu Intensity Correction Tue Mar 10 22:33:05 CET 2026
#@# Intensity Normalization Tue Mar 10 22:36:18 CET 2026
recon-all -s sub-v2s12x28857_ses-1 finished without error at Tue Mar 10 22:37:52 CET 2026



#New# invocation of recon-all 



status file for recon-all
Tue Mar 10 22:45:11 CET 2026
#@# EM Registration Tue Mar 10 22:45:11 CET 2026
recon-all -s sub-v2s12x28857_ses-1 finished without error at Tue Mar 10 22:47:24 CET 2026



#New# invocation of recon-all 



status file for recon-all
Tue Mar 10 22:47:27 CET 2026
#@# CA Normalize Tue Mar 10 22:47:27 CET 2026
#@# CA Reg Tue Mar 10 22:48:49 CET 2026
#@# SubCort Seg Tue Mar 10 23:42:18 CET 2026
#@# CC Seg Wed Mar 11 00:10:22 CET 2026
#@# Merge ASeg Wed Mar 11 00:10:55 CET 2026
#@# Intensity Normalization2 Wed Mar 11 00:10:55 CET 2026
#@# Mask BFS Wed Mar 11 00:13:06 CET 2026
#@# WM Segmentation Wed Mar 11 00:13:07 CET 2026
#@# Fill Wed Mar 11 00:14:57 CET 2026
recon-all -s sub-v2s12x28857_ses-1 finished without error at Wed Mar 11 00:15:59 CET 2026



#New# invocation of recon-all 



status file for recon-all
Wed Mar 11 01:02:25 CET 2026
#@# white curv lh Wed Mar 11 01:02:25 CET 2026
#@# white area lh Wed Mar 11 01:02:25 CET 2026
#@# pial curv lh Wed Mar 11 01:02:25 CET 2026
#@# pial area lh Wed Mar 11 01:02:25 CET 2026
#@# thickness lh Wed Mar 11 01:02:25 CET 2026
#@# area and vertex vol lh Wed Mar 11 01:02:25 CET 2026
#@# white curv rh Wed Mar 11 01:02:25 CET 2026
#@# white area rh Wed Mar 11 01:02:25 CET 2026
#@# pial curv rh Wed Mar 11 01:02:25 CET 2026
#@# pial area rh Wed Mar 11 01:02:25 CET 2026
#@# thickness rh Wed Mar 11 01:02:25 CET 2026
#@# area and vertex vol rh Wed Mar 11 01:02:25 CET 2026
#@# Cortical ribbon mask Wed Mar 11 01:02:25 CET 2026
recon-all -s sub-v2s12x28857_ses-1 finished without error at Wed Mar 11 01:08:07 CET 2026



#New# invocation of recon-all 



status file for recon-all
Wed Mar 11 01:14:35 CET 2026
#@# white curv lh Wed Mar 11 01:14:35 CET 2026
#@# white area lh Wed Mar 11 01:14:35 CET 2026
#@# pial curv lh Wed Mar 11 01:14:35 CET 2026
#@# pial area lh Wed Mar 11 01:14:35 CET 2026
#@# thickness lh Wed Mar 11 01:14:35 CET 2026
#@# area and vertex vol lh Wed Mar 11 01:14:35 CET 2026
#@# white curv rh Wed Mar 11 01:14:36 CET 2026
#@# white area rh Wed Mar 11 01:14:36 CET 2026
#@# pial curv rh Wed Mar 11 01:14:36 CET 2026
#@# pial area rh Wed Mar 11 01:14:36 CET 2026
#@# thickness rh Wed Mar 11 01:14:36 CET 2026
#@# area and vertex vol rh Wed Mar 11 01:14:36 CET 2026
#@# Curvature Stats lh Wed Mar 11 01:14:36 CET 2026
#@# Curvature Stats rh Wed Mar 11 01:14:38 CET 2026
#@# Relabel Hypointensities Wed Mar 11 01:14:41 CET 2026
#@# APas-to-ASeg Wed Mar 11 01:14:56 CET 2026
#@# AParc-to-ASeg aparc Wed Mar 11 01:15:04 CET 2026
#@# AParc-to-ASeg aparc.a2009s Wed Mar 11 01:15:50 CET 2026
#@# AParc-to-ASeg aparc.DKTatlas Wed Mar 11 01:16:36 CET 2026
#@# WMParc Wed Mar 11 01:17:28 CET 2026
#@# ASeg Stats Wed Mar 11 01:21:57 CET 2026
recon-all -s sub-v2s12x28857_ses-1 finished without error at Wed Mar 11 01:22:36 CET 2026
