/out/sourcedata/freesurfer/sub-v2s12x28861_ses-1/mri
/opt/freesurfer/bin/talairach_avi
--i orig_nu.mgz --xfm transforms/talairach.auto.xfm
talairach_avi 7.3.2
Linux dna007 5.14.0-427.37.1.el9_4.x86_64 #1 SMP PREEMPT_DYNAMIC Fri Sep 13 12:41:50 EDT 2024 x86_64 x86_64 x86_64 GNU/Linux
Tue Mar 10 22:32:15 CET 2026
mri_convert orig_nu.mgz talsrcimg.img 
reading from orig_nu.mgz...
TR=0.00, TE=0.00, TI=0.00, flip angle=0.00
i_ras = (-1, 0, 0)
j_ras = (0, 0, -1)
k_ras = (0, 1, 0)
writing to talsrcimg.img...
Analyze Output Matrix
-1.00000   0.00000   0.00000   130.78880;
 0.00000   0.00000   1.00000  -120.29700;
 0.00000  -1.00000   0.00000   134.42200;
 0.00000   0.00000   0.00000   1.00000;
--------------------
INFO: set hdr.hist.orient to -1
mpr2mni305 talsrcimg
Tue Mar 10 22:32:16 CET 2026
/opt/freesurfer/bin/mpr2mni305 talsrcimg
mpr2mni305 7.3.2
target=711-2C_as_mni_average_305

---------------------------------------------------------------------
analyzeto4dfp talsrcimg -O0 -y
---------------------------------------------------------------------

freesurfer ifh2hdr.c
Tue Mar 10 22:32:16 2026
Writing: talsrcimg.4dfp.hdr
freesurfer analyzeto4dfp.c
Reading: talsrcimg.hdr
header size 348 bytes
hdr.dime.datatype	offset=70	value=2
hdr.dime.bitpix		offset=72	value=8
hdr.hist.orient		offset=252	value=-1
dimensionality     4
dimensions       256       256       256         1
Reading: talsrcimg.img
Writing: talsrcimg.4dfp.img
Writing: talsrcimg.4dfp.ifh
ifh2hdr talsrcimg -r0to241
ori=2

---------------------------------------------------------------------
gauss_4dfp talsrcimg 1.1
---------------------------------------------------------------------

freesurfer gauss_4dfp.c
Reading: talsrcimg.4dfp.img
Writing: talsrcimg_g11.4dfp.img
image dimensions 256 256 256 padded to 288 288 288
processing volume 1freesurfer ifh2hdr.c
Tue Mar 10 22:32:18 2026
Writing: talsrcimg_g11.4dfp.hdr

Writing: talsrcimg_g11.4dfp.ifh
including: talsrcimg.4dfp.img.rec in talsrcimg_g11.4dfp.img.rec

---------------------------------------------------------------------
imgreg_4dfp /opt/freesurfer/average/711-2C_as_mni_average_305 none talsrcimg_g11 none talsrcimg_to_711-2C_as_mni_average_305_t4 4355
---------------------------------------------------------------------

freesurfer imgreg_4dfp.c
/opt/freesurfer/average/711-2C_as_mni_average_305.4dfp.img
       256       256       256         1
  1.000000  1.000000  1.000000
orientation T byte_order littleendian
Reading image: /opt/freesurfer/average/711-2C_as_mni_average_305.4dfp.img
dimensions:      256       256       256
mmppix:       1.0000   -1.0000   -1.0000
center:     128.0000 -129.0000 -129.0000
talsrcimg_g11.4dfp.img
       256       256       256         1
  1.000000  1.000000  1.000000
orientation T byte_order littleendian
Reading image: talsrcimg_g11.4dfp.img
dimensions:      256       256       256
mmppix:       1.0000   -1.0000   -1.0000
center:     128.0000 -129.0000 -129.0000
t4_read: open error in t4_sub.f l:  41 t4_file(1:l)talsrcimg_to_711-2C_as_mni_average_305_t4 
t4_read: transform initialized to I4
rotation matrix determinant  1.000000
image alignment mode   4355 decimal     1103 hex
   -7.5000  -45.0000  -45.0000 7453.3838   14.7636
    0.0000  -45.0000  -45.0000 7813.7368   14.7459
    7.5000  -45.0000  -45.0000 7493.7061   14.7009
   -7.5000  -37.5000  -45.0000 8001.4868   14.7409
    0.0000  -37.5000  -45.0000 8389.0820   14.7280
    7.5000  -37.5000  -45.0000 8051.4067   14.6855
   -7.5000  -30.0000  -45.0000 8821.5361   14.6824
    0.0000  -30.0000  -45.0000 9246.2217   14.6694
    7.5000  -30.0000  -45.0000 8849.4531   14.6215
   -7.5000  -22.5000  -45.0000 9571.3262   14.6345
    0.0000  -22.5000  -45.000010031.7793   14.6162
    7.5000  -22.5000  -45.0000 9596.6934   14.5607
   -7.5000  -15.0000  -45.000010269.0986   14.6398
    0.0000  -15.0000  -45.000010746.9600   14.6153
    7.5000  -15.0000  -45.000010276.7266   14.5577
   -7.5000   -7.5000  -45.000010886.0801   14.7082
    0.0000   -7.5000  -45.000011406.9766   14.6842
    7.5000   -7.5000  -45.000010875.6719   14.6317
   -7.5000    0.0000  -45.000011453.5918   14.7614
    0.0000    0.0000  -45.000012011.5332   14.7437
    7.5000    0.0000  -45.000011441.3535   14.6987
   -7.5000    7.5000  -45.000011251.9434   14.7409
    0.0000    7.5000  -45.000011789.7393   14.7280
    7.5000    7.5000  -45.000011197.9229   14.6855
   -7.5000   15.0000  -45.000010882.1719   14.6824
    0.0000   15.0000  -45.000011385.0869   14.6694
    7.5000   15.0000  -45.000010784.4121   14.6215
   -7.5000   22.5000  -45.000010162.8291   14.6325
    0.0000   22.5000  -45.000010639.9980   14.6142
    7.5000   22.5000  -45.000010070.4229   14.5587
   -7.5000   30.0000  -45.0000 9414.0352   14.4447
    0.0000   30.0000  -45.0000 9862.7637   14.4206
    7.5000   30.0000  -45.0000 9347.7207   14.3637
   -7.5000   37.5000  -45.0000 9038.0410   14.5122
    0.0000   37.5000  -45.0000 9474.0586   14.4885
    7.5000   37.5000  -45.0000 8948.9365   14.4368
   -7.5000   45.0000  -45.0000 8290.8564   14.1949
    0.0000   45.0000  -45.0000 8701.1758   14.1779
    7.5000   45.0000  -45.0000 8241.5381   14.1346
   -7.5000  -45.0000  -37.5000 7995.3853   14.5882
    0.0000  -45.0000  -37.5000 8393.6406   14.5669
    7.5000  -45.0000  -37.5000 8043.1235   14.5179
   -7.5000  -37.5000  -37.5000 8608.4111   14.5760
    0.0000  -37.5000  -37.5000 9017.6641   14.5593
    7.5000  -37.5000  -37.5000 8648.0234   14.5105
   -7.5000  -30.0000  -37.5000 9442.3926   14.5222
    0.0000  -30.0000  -37.5000 9922.6309   14.5056
    7.5000  -30.0000  -37.5000 9488.7715   14.4516
   -7.5000  -22.5000  -37.500010212.1094   14.4683
    0.0000  -22.5000  -37.500010736.2041   14.4469
    7.5000  -22.5000  -37.500010244.7871   14.3878
   -7.5000  -15.0000  -37.500010924.0107   14.4644
    0.0000  -15.0000  -37.500011440.9941   14.4373
    7.5000  -15.0000  -37.500010934.1426   14.3782
   -7.5000   -7.5000  -37.500011558.1338   14.5284
    0.0000   -7.5000  -37.500012137.7246   14.5015
    7.5000   -7.5000  -37.500011575.6484   14.4473
   -7.5000    0.0000  -37.500012152.1211   14.5861
    0.0000    0.0000  -37.500012762.5879   14.5648
    7.5000    0.0000  -37.500012154.9229   14.5158
   -7.5000    7.5000  -37.500011925.3242   14.5760
    0.0000    7.5000  -37.500012521.4717   14.5593
    7.5000    7.5000  -37.500011904.8643   14.5105
   -7.5000   15.0000  -37.500011483.8965   14.5222
    0.0000   15.0000  -37.500012043.3320   14.5056
    7.5000   15.0000  -37.500011444.4580   14.4516
   -7.5000   22.5000  -37.500010702.7012   14.4663
    0.0000   22.5000  -37.500011225.6680   14.4449
    7.5000   22.5000  -37.500010664.0059   14.3858
   -7.5000   30.0000  -37.5000 9906.3945   14.2717
    0.0000   30.0000  -37.500010378.0674   14.2449
    7.5000   30.0000  -37.5000 9866.1494   14.1866
   -7.5000   37.5000  -37.5000 9502.0918   14.3348
    0.0000   37.5000  -37.5000 9950.9160   14.3082
    7.5000   37.5000  -37.5000 9446.5664   14.2548
   -7.5000   45.0000  -37.5000 8703.2803   14.0262
    0.0000   45.0000  -37.5000 9121.4346   14.0058
    7.5000   45.0000  -37.5000 8661.8750   13.9587
   -7.5000  -45.0000  -30.0000 8707.1748   15.0407
    0.0000  -45.0000  -30.0000 9155.1230   15.0177
    7.5000  -45.0000  -30.0000 8749.1758   14.9758
   -7.5000  -37.5000  -30.0000 9331.3311   15.0302
    0.0000  -37.5000  -30.0000 9794.8613   15.0135
    7.5000  -37.5000  -30.0000 9379.2891   14.9707
   -7.5000  -30.0000  -30.000010213.8477   14.9800
    0.0000  -30.0000  -30.000010738.4248   14.9644
    7.5000  -30.0000  -30.000010284.9268   14.9149
   -7.5000  -22.5000  -30.000011052.3242   14.9281
    0.0000  -22.5000  -30.000011617.2314   14.9072
    7.5000  -22.5000  -30.000011101.5000   14.8520
   -7.5000  -15.0000  -30.000011812.2637   14.9228
    0.0000  -15.0000  -30.000012372.9932   14.8952
    7.5000  -15.0000  -30.000011846.6768   14.8410
   -7.5000   -7.5000  -30.000012483.5137   14.9831
    0.0000   -7.5000  -30.000013101.2363   14.9544
    7.5000   -7.5000  -30.000012521.0566   14.9068
   -7.5000    0.0000  -30.000013072.0811   15.0385
    0.0000    0.0000  -30.000013721.3818   15.0155
    7.5000    0.0000  -30.000013098.3018   14.9736
   -7.5000    7.5000  -30.000012805.7217   15.0302
    0.0000    7.5000  -30.000013422.8779   15.0135
    7.5000    7.5000  -30.000012811.2188   14.9707
   -7.5000   15.0000  -30.000012305.6963   14.9800
    0.0000   15.0000  -30.000012881.8027   14.9644
    7.5000   15.0000  -30.000012289.4316   14.9149
   -7.5000   22.5000  -30.000011459.8564   14.9245
    0.0000   22.5000  -30.000012007.3877   14.9036
    7.5000   22.5000  -30.000011461.4287   14.8484
   -7.5000   30.0000  -30.000010574.9688   14.7254
    0.0000   30.0000  -30.000011082.9141   14.6981
    7.5000   30.0000  -30.000010571.7402   14.6446
   -7.5000   37.5000  -30.000010136.1943   14.7849
    0.0000   37.5000  -30.000010621.4648   14.7565
    7.5000   37.5000  -30.000010093.1543   14.7096
   -7.5000   45.0000  -30.0000 9258.8398   14.4720
    0.0000   45.0000  -30.0000 9710.6680   14.4498
    7.5000   45.0000  -30.0000 9217.9160   14.4095
   -7.5000  -45.0000  -22.5000 9431.4502   15.4661
    0.0000  -45.0000  -22.5000 9892.1895   15.4477
    7.5000  -45.0000  -22.5000 9470.5518   15.4178
   -7.5000  -37.5000  -22.500010064.2891   15.4508
    0.0000  -37.5000  -22.500010558.7900   15.4408
    7.5000  -37.5000  -22.500010130.2764   15.4117
   -7.5000  -30.0000  -22.500011024.3535   15.3998
    0.0000  -30.0000  -22.500011571.6729   15.3905
    7.5000  -30.0000  -22.500011105.2441   15.3534
   -7.5000  -22.5000  -22.500011936.1543   15.3521
    0.0000  -22.5000  -22.500012536.9570   15.3356
    7.5000  -22.5000  -22.500012015.5986   15.2895
   -7.5000  -15.0000  -22.500012775.5605   15.3506
    0.0000  -15.0000  -22.500013407.6816   15.3261
    7.5000  -15.0000  -22.500012799.1953   15.2793
   -7.5000   -7.5000  -22.500013487.5029   15.4114
    0.0000   -7.5000  -22.500014130.8926   15.3856
    7.5000   -7.5000  -22.500013515.7354   15.3470
   -7.5000    0.0000  -22.500014055.8037   15.4639
    0.0000    0.0000  -22.500014727.4746   15.4455
    7.5000    0.0000  -22.500014073.4355   15.4156
   -7.5000    7.5000  -22.500013747.7324   15.4508
    0.0000    7.5000  -22.500014375.1729   15.4408
    7.5000    7.5000  -22.500013754.8672   15.4117
   -7.5000   15.0000  -22.500013187.4258   15.3998
    0.0000   15.0000  -22.500013769.7871   15.3905
    7.5000   15.0000  -22.500013180.7754   15.3534
   -7.5000   22.5000  -22.500012259.0371   15.3473
    0.0000   22.5000  -22.500012802.0986   15.3309
    7.5000   22.5000  -22.500012256.6104   15.2848
   -7.5000   30.0000  -22.500011289.9209   15.1498
    0.0000   30.0000  -22.500011787.1143   15.1256
    7.5000   30.0000  -22.500011294.1719   15.0794
   -7.5000   37.5000  -22.500010792.8594   15.2098
    0.0000   37.5000  -22.500011278.0918   15.1844
    7.5000   37.5000  -22.500010771.9697   15.1462
   -7.5000   45.0000  -22.5000 9841.2139   14.8925
    0.0000   45.0000  -22.500010310.6240   14.8748
    7.5000   45.0000  -22.5000 9798.0420   14.8460
   -7.5000  -45.0000  -15.000010151.5234   15.8433
    0.0000  -45.0000  -15.000010641.4209   15.8294
    7.5000  -45.0000  -15.000010218.2725   15.8041
   -7.5000  -37.5000  -15.000010830.1064   15.8191
    0.0000  -37.5000  -15.000011369.9619   15.8149
    7.5000  -37.5000  -15.000010929.7939   15.7937
   -7.5000  -30.0000  -15.000011886.4092   15.7627
    0.0000  -30.0000  -15.000012487.4043   15.7590
    7.5000  -30.0000  -15.000011967.5703   15.7304
   -7.5000  -22.5000  -15.000012890.6494   15.7189
    0.0000  -22.5000  -15.000013531.1914   15.7063
    7.5000  -22.5000  -15.000012968.4395   15.6658
   -7.5000  -15.0000  -15.000013768.0410   15.7246
    0.0000  -15.0000  -15.000014493.8438   15.7025
    7.5000  -15.0000  -15.000013818.1572   15.6583
   -7.5000   -7.5000  -15.000014523.5820   15.7902
    0.0000   -7.5000  -15.000015256.0820   15.7675
    7.5000   -7.5000  -15.000014555.9697   15.7310
   -7.5000    0.0000  -15.000015105.4346   15.8410
    0.0000    0.0000  -15.000015840.3115   15.8272
    7.5000    0.0000  -15.000015126.8740   15.8018
   -7.5000    7.5000  -15.000014740.8623   15.8191
    0.0000    7.5000  -15.000015427.1240   15.8149
    7.5000    7.5000  -15.000014765.6963   15.7937
   -7.5000   15.0000  -15.000014110.2275   15.7627
    0.0000   15.0000  -15.000014716.1123   15.7590
    7.5000   15.0000  -15.000014110.3174   15.7304
   -7.5000   22.5000  -15.000013099.4453   15.7133
    0.0000   22.5000  -15.000013641.5566   15.7008
    7.5000   22.5000  -15.000013112.2500   15.6603
   -7.5000   30.0000  -15.000012023.2676   15.5210
    0.0000   30.0000  -15.000012540.6289   15.4993
    7.5000   30.0000  -15.000012050.4736   15.4556
   -7.5000   37.5000  -15.000011457.5293   15.5858
    0.0000   37.5000  -15.000011954.7266   15.5634
    7.5000   37.5000  -15.000011481.0449   15.5274
   -7.5000   45.0000  -15.000010465.5205   15.2649
    0.0000   45.0000  -15.000010926.7031   15.2515
    7.5000   45.0000  -15.000010438.7793   15.2271
   -7.5000  -45.0000   -7.500010921.1445   16.0845
    0.0000  -45.0000   -7.500011423.6914   16.0701
    7.5000  -45.0000   -7.500010992.4902   16.0349
   -7.5000  -37.5000   -7.500011659.9346   16.0562
    0.0000  -37.5000   -7.500012235.1562   16.0502
    7.5000  -37.5000   -7.500011765.2939   16.0200
   -7.5000  -30.0000   -7.500012828.5000   15.9916
    0.0000  -30.0000   -7.500013482.7822   15.9854
    7.5000  -30.0000   -7.500012921.9102   15.9492
   -7.5000  -22.5000   -7.500013919.9922   15.9427
    0.0000  -22.5000   -7.500014631.4570   15.9278
    7.5000  -22.5000   -7.500014009.3965   15.8809
   -7.5000  -15.0000   -7.500014871.9180   15.9511
    0.0000  -15.0000   -7.500015659.9102   15.9272
    7.5000  -15.0000   -7.500014938.1348   15.8762
   -7.5000   -7.5000   -7.500015689.4365   16.0260
    0.0000   -7.5000   -7.500016477.8301   16.0024
    7.5000   -7.5000   -7.500015715.2402   15.9571
   -7.5000    0.0000   -7.500016280.2939   16.0822
    0.0000    0.0000   -7.500017050.6504   16.0678
    7.5000    0.0000   -7.500016288.0889   16.0326
   -7.5000    7.5000   -7.500015854.1445   16.0562
    0.0000    7.5000   -7.500016566.8477   16.0502
    7.5000    7.5000   -7.500015858.7754   16.0200
   -7.5000   15.0000   -7.500015103.9473   15.9916
    0.0000   15.0000   -7.500015774.2158   15.9854
    7.5000   15.0000   -7.500015097.1113   15.9492
   -7.5000   22.5000   -7.500014037.8291   15.9353
    0.0000   22.5000   -7.500014623.8467   15.9204
    7.5000   22.5000   -7.500014050.5859   15.8736
   -7.5000   30.0000   -7.500012911.2822   15.7442
    0.0000   30.0000   -7.500013461.6826   15.7207
    7.5000   30.0000   -7.500012929.2959   15.6703
   -7.5000   37.5000   -7.500012292.8750   15.8181
    0.0000   37.5000   -7.500012810.7070   15.7948
    7.5000   37.5000   -7.500012301.1006   15.7502
   -7.5000   45.0000   -7.500011192.1250   15.5002
    0.0000   45.0000   -7.500011677.2314   15.4864
    7.5000   45.0000   -7.500011177.5977   15.4524
   -7.5000  -45.0000    0.000011625.3047   16.1620
    0.0000  -45.0000    0.000012176.4521   16.1429
    7.5000  -45.0000    0.000011680.7285   16.0938
   -7.5000  -37.5000    0.000012428.6914   16.1384
    0.0000  -37.5000    0.000013037.1973   16.1253
    7.5000  -37.5000    0.000012504.1123   16.0790
   -7.5000  -30.0000    0.000013708.8965   16.0713
    0.0000  -30.0000    0.000014411.3418   16.0578
    7.5000  -30.0000    0.000013776.4004   16.0064
   -7.5000  -22.5000    0.000014925.2012   16.0141
    0.0000  -22.5000    0.000015701.2090   15.9938
    7.5000  -22.5000    0.000014995.1797   15.9348
   -7.5000  -15.0000    0.000016016.2812   16.0181
    0.0000  -15.0000    0.000016881.6621   15.9905
    7.5000  -15.0000    0.000016058.0996   15.9292
   -7.5000   -7.5000    0.000016888.1152   16.0966
    0.0000   -7.5000    0.000017701.5625   16.0696
    7.5000   -7.5000    0.000016822.9570   16.0132
   -7.5000    0.0000    0.000017452.5918   16.1597
    0.0000    0.0000    0.000018183.1445   16.1406
    7.5000    0.0000    0.000017341.6836   16.0915
   -7.5000    7.5000    0.000016916.1582   16.1384
    0.0000    7.5000    0.000017638.7559   16.1253
    7.5000    7.5000    0.000016850.1562   16.0790
   -7.5000   15.0000    0.000016100.3809   16.0713
    0.0000   15.0000    0.000016794.2930   16.0578
    7.5000   15.0000    0.000016010.9473   16.0064
   -7.5000   22.5000    0.000015015.9590   16.0067
    0.0000   22.5000    0.000015640.1797   15.9864
    7.5000   22.5000    0.000014947.2861   15.9274
   -7.5000   30.0000    0.000013838.1133   15.8108
    0.0000   30.0000    0.000014423.1611   15.7835
    7.5000   30.0000    0.000013785.1436   15.7231
   -7.5000   37.5000    0.000013184.1807   15.8883
    0.0000   37.5000    0.000013752.3477   15.8616
    7.5000   37.5000    0.000013118.7363   15.8060
   -7.5000   45.0000    0.000011947.9766   15.5761
    0.0000   45.0000    0.000012476.7373   15.5576
    7.5000   45.0000    0.000011916.6201   15.5104
   -7.5000  -45.0000    7.500011462.3877   16.1502
    0.0000  -45.0000    7.500012004.6162   16.1260
    7.5000  -45.0000    7.500011485.5254   16.0731
   -7.5000  -37.5000    7.500012208.7568   16.1350
    0.0000  -37.5000    7.500012815.0820   16.1162
    7.5000  -37.5000    7.500012242.9854   16.0634
   -7.5000  -30.0000    7.500013459.6055   16.0742
    0.0000  -30.0000    7.500014168.1436   16.0560
    7.5000  -30.0000    7.500013494.0811   15.9976
   -7.5000  -22.5000    7.500014748.7988   16.0149
    0.0000  -22.5000    7.500015581.1836   15.9915
    7.5000  -22.5000    7.500014784.5713   15.9275
   -7.5000  -15.0000    7.500016046.5732   16.0120
    0.0000  -15.0000    7.500016997.8086   15.9822
    7.5000  -15.0000    7.500015986.2158   15.9182
   -7.5000   -7.5000    7.500016993.0254   16.0843
    0.0000   -7.5000    7.500017826.0195   16.0541
    7.5000   -7.5000    7.500016714.2812   15.9955
   -7.5000    0.0000    7.500017415.9453   16.1479
    0.0000    0.0000    7.500018127.6602   16.1237
    7.5000    0.0000    7.500017096.6895   16.0707
   -7.5000    7.5000    7.500016825.2363   16.1350
    0.0000    7.5000    7.500017523.5078   16.1162
    7.5000    7.5000    7.500016596.4277   16.0634
   -7.5000   15.0000    7.500015927.2490   16.0742
    0.0000   15.0000    7.500016648.9316   16.0560
    7.5000   15.0000    7.500015759.0068   15.9976
   -7.5000   22.5000    7.500014851.6338   16.0075
    0.0000   22.5000    7.500015531.2686   15.9842
    7.5000   22.5000    7.500014711.4473   15.9202
   -7.5000   30.0000    7.500013710.2051   15.8048
    0.0000   30.0000    7.500014318.1582   15.7754
    7.5000   30.0000    7.500013597.2734   15.7122
   -7.5000   37.5000    7.500013082.4277   15.8761
    0.0000   37.5000    7.500013659.6514   15.8464
    7.5000   37.5000    7.500012984.6748   15.7885
   -7.5000   45.0000    7.500011842.1309   15.5647
    0.0000   45.0000    7.500012379.6934   15.5414
    7.5000   45.0000    7.500011771.3242   15.4903
   -7.5000  -45.0000   15.000011181.5869   16.0997
    0.0000  -45.0000   15.000011673.3037   16.0752
    7.5000  -45.0000   15.000011162.3584   16.0305
   -7.5000  -37.5000   15.000011890.6338   16.0884
    0.0000  -37.5000   15.000012438.9072   16.0706
    7.5000  -37.5000   15.000011880.0469   16.0249
   -7.5000  -30.0000   15.000013088.1230   16.0341
    0.0000  -30.0000   15.000013762.4434   16.0172
    7.5000  -30.0000   15.000013083.8535   15.9645
   -7.5000  -22.5000   15.000014469.8525   15.9778
    0.0000  -22.5000   15.000015321.9805   15.9555
    7.5000  -22.5000   15.000014399.8477   15.8967
   -7.5000  -15.0000   15.000015860.6816   15.9722
    0.0000  -15.0000   15.000016992.8066   15.9429
    7.5000  -15.0000   15.000015629.9336   15.8851
   -7.5000   -7.5000   15.000016877.4551   16.0374
    0.0000   -7.5000   15.000018002.5312   16.0070
    7.5000   -7.5000   15.000016472.0195   15.9563
   -7.5000    0.0000   15.000017334.6055   16.0974
    0.0000    0.0000   15.000018218.9980   16.0729
    7.5000    0.0000   15.000016886.7285   16.0282
   -7.5000    7.5000   15.000016597.2871   16.0884
    0.0000    7.5000   15.000017348.6035   16.0706
    7.5000    7.5000   15.000016248.1465   16.0249
   -7.5000   15.0000   15.000015561.9541   16.0341
    0.0000   15.0000   15.000016270.6582   16.0172
    7.5000   15.0000   15.000015309.9189   15.9645
   -7.5000   22.5000   15.000014492.7529   15.9705
    0.0000   22.5000   15.000015104.8350   15.9482
    7.5000   22.5000   15.000014274.9287   15.8894
   -7.5000   30.0000   15.000013418.3662   15.7655
    0.0000   30.0000   15.000013990.1895   15.7366
    7.5000   30.0000   15.000013240.9043   15.6796
   -7.5000   37.5000   15.000012804.9492   15.8298
    0.0000   37.5000   15.000013365.8984   15.7998
    7.5000   37.5000   15.000012656.9980   15.7498
   -7.5000   45.0000   15.000011573.8750   15.5160
    0.0000   45.0000   15.000012096.2607   15.4924
    7.5000   45.0000   15.000011430.2510   15.4494
   -7.5000  -45.0000   22.500010685.1025   16.0560
    0.0000  -45.0000   22.500011204.2773   16.0369
    7.5000  -45.0000   22.500010664.1270   16.0059
   -7.5000  -37.5000   22.500011416.7295   16.0401
    0.0000  -37.5000   22.500012024.3760   16.0297
    7.5000  -37.5000   22.500011393.1279   15.9996
   -7.5000  -30.0000   22.500012680.4570   15.9871
    0.0000  -30.0000   22.500013392.1240   15.9775
    7.5000  -30.0000   22.500012573.0039   15.9390
   -7.5000  -22.5000   22.500014032.4551   15.9376
    0.0000  -22.5000   22.500014860.8867   15.9205
    7.5000  -22.5000   22.500013794.8555   15.8727
   -7.5000  -15.0000   22.500015123.2725   15.9360
    0.0000  -15.0000   22.500016155.1631   15.9106
    7.5000  -15.0000   22.500014856.4688   15.8621
   -7.5000   -7.5000   22.500015958.2324   15.9992
    0.0000   -7.5000   22.500016992.1719   15.9724
    7.5000   -7.5000   22.500015667.9316   15.9323
   -7.5000    0.0000   22.500016582.4531   16.0537
    0.0000    0.0000   22.500017533.9395   16.0346
    7.5000    0.0000   22.500016249.9277   16.0036
   -7.5000    7.5000   22.500015967.5264   16.0401
    0.0000    7.5000   22.500016811.6230   16.0297
    7.5000    7.5000   22.500015699.0381   15.9996
   -7.5000   15.0000   22.500014941.0967   15.9871
    0.0000   15.0000   22.500015669.8057   15.9775
    7.5000   15.0000   22.500014702.3672   15.9390
   -7.5000   22.5000   22.500013868.2236   15.9303
    0.0000   22.5000   22.500014502.9531   15.9132
    7.5000   22.5000   22.500013642.6768   15.8654
   -7.5000   30.0000   22.500012861.8643   15.7298
    0.0000   30.0000   22.500013415.2607   15.7047
    7.5000   30.0000   22.500012646.9697   15.6568
   -7.5000   37.5000   22.500012287.6836   15.7921
    0.0000   37.5000   22.500012839.0361   15.7657
    7.5000   37.5000   22.500012095.5283   15.7261
   -7.5000   45.0000   22.500011095.1533   15.4739
    0.0000   45.0000   22.500011582.8447   15.4555
    7.5000   45.0000   22.500010933.2207   15.4256
   -7.5000  -45.0000   30.000010118.4434   16.0676
    0.0000  -45.0000   30.000010561.2588   16.0536
    7.5000  -45.0000   30.000010076.8301   16.0279
   -7.5000  -37.5000   30.000010823.2441   16.0431
    0.0000  -37.5000   30.000011288.2627   16.0388
    7.5000  -37.5000   30.000010765.0469   16.0174
   -7.5000  -30.0000   30.000011969.8184   15.9859
    0.0000  -30.0000   30.000012466.5996   15.9821
    7.5000  -30.0000   30.000011876.0332   15.9532
   -7.5000  -22.5000   30.000013054.5791   15.9414
    0.0000  -22.5000   30.000013639.0879   15.9287
    7.5000  -22.5000   30.000012947.1816   15.8877
   -7.5000  -15.0000   30.000013963.6143   15.9472
    0.0000  -15.0000   30.000014645.0771   15.9248
    7.5000  -15.0000   30.000013871.5840   15.8800
   -7.5000   -7.5000   30.000014734.2842   16.0138
    0.0000   -7.5000   30.000015399.9668   15.9908
    7.5000   -7.5000   30.000014651.3643   15.9537
   -7.5000    0.0000   30.000015438.3896   16.0653
    0.0000    0.0000   30.000016088.5420   16.0513
    7.5000    0.0000   30.000015272.1172   16.0256
   -7.5000    7.5000   30.000015001.7275   16.0431
    0.0000    7.5000   30.000015619.5820   16.0388
    7.5000    7.5000   30.000014837.1465   16.0174
   -7.5000   15.0000   30.000014083.8721   15.9859
    0.0000   15.0000   30.000014680.1904   15.9821
    7.5000   15.0000   30.000013901.7383   15.9532
   -7.5000   22.5000   30.000013105.5586   15.9341
    0.0000   22.5000   30.000013666.5166   15.9214
    7.5000   22.5000   30.000012916.4639   15.8804
   -7.5000   30.0000   30.000012150.3516   15.7408
    0.0000   30.0000   30.000012694.7734   15.7187
    7.5000   30.0000   30.000011977.7969   15.6745
   -7.5000   37.5000   30.000011604.9795   15.8065
    0.0000   37.5000   30.000012142.9326   15.7838
    7.5000   37.5000   30.000011425.1289   15.7473
   -7.5000   45.0000   30.000010454.6016   15.4851
    0.0000   45.0000   30.000010927.0371   15.4716
    7.5000   45.0000   30.000010286.3193   15.4468
   -7.5000  -45.0000   37.5000 9789.9443   16.1855
    0.0000  -45.0000   37.500010206.5049   16.1707
    7.5000  -45.0000   37.5000 9731.5596   16.1351
   -7.5000  -37.5000   37.500010444.2773   16.1569
    0.0000  -37.5000   37.500010881.5742   16.1504
    7.5000  -37.5000   37.500010396.5742   16.1197
   -7.5000  -30.0000   37.500011483.6123   16.0917
    0.0000  -30.0000   37.500011984.2744   16.0849
    7.5000  -30.0000   37.500011448.6680   16.0482
   -7.5000  -22.5000   37.500012481.3066   16.0423
    0.0000  -22.5000   37.500013053.4326   16.0269
    7.5000  -22.5000   37.500012455.1992   15.9794
   -7.5000  -15.0000   37.500013336.4766   16.0510
    0.0000  -15.0000   37.500013970.1982   16.0265
    7.5000  -15.0000   37.500013317.8535   15.9748
   -7.5000   -7.5000   37.500014111.5732   16.1266
    0.0000   -7.5000   37.500014747.6855   16.1024
    7.5000   -7.5000   37.500014100.3086   16.0566
   -7.5000    0.0000   37.500014843.4854   16.1832
    0.0000    0.0000   37.500015490.4316   16.1684
    7.5000    0.0000   37.500014751.7061   16.1328
   -7.5000    7.5000   37.500014489.7686   16.1569
    0.0000    7.5000   37.500015064.9883   16.1504
    7.5000    7.5000   37.500014340.3994   16.1197
   -7.5000   15.0000   37.500013641.8232   16.0917
    0.0000   15.0000   37.500014179.9219   16.0849
    7.5000   15.0000   37.500013455.6465   16.0482
   -7.5000   22.5000   37.500012731.7236   16.0349
    0.0000   22.5000   37.500013247.3877   16.0196
    7.5000   22.5000   37.500012548.7041   15.9721
   -7.5000   30.0000   37.500011812.6172   15.8432
    0.0000   30.0000   37.500012286.8506   15.8191
    7.5000   30.0000   37.500011637.4092   15.7681
   -7.5000   37.5000   37.500011262.4951   15.9179
    0.0000   37.5000   37.500011723.9883   15.8941
    7.5000   37.5000   37.500011090.5918   15.8488
   -7.5000   45.0000   37.500010126.3740   15.5988
    0.0000   45.0000   37.500010549.8184   15.5845
    7.5000   45.0000   37.5000 9988.2324   15.5501
   -7.5000  -45.0000   45.0000 9017.2988   16.3701
    0.0000  -45.0000   45.0000 9424.1240   16.3511
    7.5000  -45.0000   45.0000 8987.4072   16.3008
   -7.5000  -37.5000   45.0000 9606.4424   16.3463
    0.0000  -37.5000   45.000010051.4453   16.3333
    7.5000  -37.5000   45.0000 9585.2900   16.2860
   -7.5000  -30.0000   45.000010561.6621   16.2780
    0.0000  -30.0000   45.000011036.4629   16.2639
    7.5000  -30.0000   45.000010549.1660   16.2112
   -7.5000  -22.5000   45.000011475.6504   16.2193
    0.0000  -22.5000   45.000011981.6240   16.1978
    7.5000  -22.5000   45.000011448.2539   16.1370
   -7.5000  -15.0000   45.000012266.7529   16.2232
    0.0000  -15.0000   45.000012793.9355   16.1942
    7.5000  -15.0000   45.000012225.2207   16.1308
   -7.5000   -7.5000   45.000012968.6494   16.3033
    0.0000   -7.5000   45.000013500.9971   16.2756
    7.5000   -7.5000   45.000012958.5254   16.2173
   -7.5000    0.0000   45.000013636.8857   16.3678
    0.0000    0.0000   45.000014193.7070   16.3487
    7.5000    0.0000   45.000013570.8135   16.2984
   -7.5000    7.5000   45.000013304.4961   16.3463
    0.0000    7.5000   45.000013836.9795   16.3333
    7.5000    7.5000   45.000013194.4443   16.2860
   -7.5000   15.0000   45.000012535.8428   16.2780
    0.0000   15.0000   45.000013051.9990   16.2639
    7.5000   15.0000   45.000012424.3545   16.2112
   -7.5000   22.5000   45.000011735.7188   16.2118
    0.0000   22.5000   45.000012220.1934   16.1903
    7.5000   22.5000   45.000011598.3428   16.1295
   -7.5000   30.0000   45.000010892.3184   16.0119
    0.0000   30.0000   45.000011339.3408   15.9833
    7.5000   30.0000   45.000010750.7021   15.9206
   -7.5000   37.5000   45.000010367.5859   16.0909
    0.0000   37.5000   45.000010789.6377   16.0635
    7.5000   37.5000   45.000010232.4199   16.0061
   -7.5000   45.0000   45.0000 9310.0371   15.7838
    0.0000   45.0000   45.0000 9677.3223   15.7654
    7.5000   45.0000   45.0000 9195.6768   15.7169

---------------------------------------------------------------------
imgreg_4dfp /opt/freesurfer/average/711-2C_as_mni_average_305 /opt/freesurfer/average/711-2B_as_mni_average_305_mask talsrcimg_g11 none talsrcimg_to_711-2C_as_mni_average_305_t4 4355
---------------------------------------------------------------------

freesurfer imgreg_4dfp.c
/opt/freesurfer/average/711-2C_as_mni_average_305.4dfp.img
       256       256       256         1
  1.000000  1.000000  1.000000
orientation T byte_order littleendian
Reading image: /opt/freesurfer/average/711-2C_as_mni_average_305.4dfp.img
dimensions:      256       256       256
mmppix:       1.0000   -1.0000   -1.0000
center:     128.0000 -129.0000 -129.0000
/opt/freesurfer/average/711-2B_as_mni_average_305_mask.4dfp.img
       256       256       256         1
  1.000000  1.000000  1.000000
orientation T byte_order littleendian
Reading mask: /opt/freesurfer/average/711-2B_as_mni_average_305_mask.4dfp.img (2306576 pixels)
talsrcimg_g11.4dfp.img
       256       256       256         1
  1.000000  1.000000  1.000000
orientation T byte_order littleendian
Reading image: talsrcimg_g11.4dfp.img
dimensions:      256       256       256
mmppix:       1.0000   -1.0000   -1.0000
center:     128.0000 -129.0000 -129.0000
rotation matrix determinant  1.000000
image alignment mode   4355 decimal     1103 hex
   -7.5000  -45.0000  -30.0000 2288.9526   16.8233
    0.0000  -45.0000  -30.0000 2311.8926   16.7359
    7.5000  -45.0000  -30.0000 2288.1379   16.8080
   -7.5000  -37.5000  -30.0000 2384.4180   15.4695
    0.0000  -37.5000  -30.0000 2406.5757   15.3654
    7.5000  -37.5000  -30.0000 2386.6938   15.4448
   -7.5000  -30.0000  -30.0000 2447.3579   14.3617
    0.0000  -30.0000  -30.0000 2469.1665   14.2339
    7.5000  -30.0000  -30.0000 2451.1907   14.3160
   -7.5000  -22.5000  -30.0000 2495.0640   13.6362
    0.0000  -22.5000  -30.0000 2517.2209   13.4739
    7.5000  -22.5000  -30.0000 2494.5093   13.5656
   -7.5000  -15.0000  -30.0000 2517.8828   13.2022
    0.0000  -15.0000  -30.0000 2533.6497   13.0083
    7.5000  -15.0000  -30.0000 2516.3921   13.1221
   -7.5000   -7.5000  -30.0000 2526.3713   12.9855
    0.0000   -7.5000  -30.0000 2545.5620   12.8033
    7.5000   -7.5000  -30.0000 2523.8052   12.8959
   -7.5000    0.0000  -30.0000 2514.7830   13.0333
    0.0000    0.0000  -30.0000 2544.1831   12.8406
    7.5000    0.0000  -30.0000 2518.3494   12.9206
   -7.5000    7.5000  -30.0000 2491.7820   13.3403
    0.0000    7.5000  -30.0000 2522.9214   13.1692
    7.5000    7.5000  -30.0000 2499.9299   13.2513
   -7.5000   15.0000  -30.0000 2451.1279   13.9333
    0.0000   15.0000  -30.0000 2475.7437   13.7861
    7.5000   15.0000  -30.0000 2454.7539   13.8413
   -7.5000   22.5000  -30.0000 2390.5940   14.7767
    0.0000   22.5000  -30.0000 2418.5159   14.6084
    7.5000   22.5000  -30.0000 2395.4297   14.6652
   -7.5000   30.0000  -30.0000 2304.4634   15.9571
    0.0000   30.0000  -30.0000 2331.6206   15.7778
    7.5000   30.0000  -30.0000 2308.9924   15.8047
   -7.5000   37.5000  -30.0000 2207.6689   17.5746
    0.0000   37.5000  -30.0000 2230.1667   17.3222
    7.5000   37.5000  -30.0000 2204.2642   17.3606
   -7.5000   45.0000  -30.0000 2087.7166   19.7333
    0.0000   45.0000  -30.0000 2108.1807   19.3979
    7.5000   45.0000  -30.0000 2086.1345   19.4395
   -7.5000  -45.0000  -22.5000 2383.8750   16.0301
    0.0000  -45.0000  -22.5000 2406.0801   15.9320
    7.5000  -45.0000  -22.5000 2386.3496   16.0300
   -7.5000  -37.5000  -22.5000 2481.2517   14.7016
    0.0000  -37.5000  -22.5000 2499.7065   14.5963
    7.5000  -37.5000  -22.5000 2486.9438   14.6898
   -7.5000  -30.0000  -22.5000 2554.8186   13.6604
    0.0000  -30.0000  -22.5000 2567.8914   13.5242
    7.5000  -30.0000  -22.5000 2558.2114   13.6317
   -7.5000  -22.5000  -22.5000 2611.8640   12.9248
    0.0000  -22.5000  -22.5000 2628.2065   12.7755
    7.5000  -22.5000  -22.5000 2611.8347   12.8768
   -7.5000  -15.0000  -22.5000 2646.7402   12.4851
    0.0000  -15.0000  -22.5000 2664.1187   12.3219
    7.5000  -15.0000  -22.5000 2642.3867   12.4469
   -7.5000   -7.5000  -22.5000 2657.8708   12.2776
    0.0000   -7.5000  -22.5000 2678.0271   12.1064
    7.5000   -7.5000  -22.5000 2656.2722   12.2179
   -7.5000    0.0000  -22.5000 2649.1777   12.2719
    0.0000    0.0000  -22.5000 2677.5420   12.0858
    7.5000    0.0000  -22.5000 2650.2009   12.2086
   -7.5000    7.5000  -22.5000 2627.9951   12.5715
    0.0000    7.5000  -22.5000 2657.4163   12.3978
    7.5000    7.5000  -22.5000 2628.5940   12.5262
   -7.5000   15.0000  -22.5000 2581.6755   13.1513
    0.0000   15.0000  -22.5000 2611.9561   12.9946
    7.5000   15.0000  -22.5000 2586.0713   13.1025
   -7.5000   22.5000  -22.5000 2510.8342   13.9870
    0.0000   22.5000  -22.5000 2542.5706   13.8353
    7.5000   22.5000  -22.5000 2518.9817   13.8993
   -7.5000   30.0000  -22.5000 2417.3843   15.1314
    0.0000   30.0000  -22.5000 2445.7952   14.9627
    7.5000   30.0000  -22.5000 2421.2754   15.0039
   -7.5000   37.5000  -22.5000 2312.9426   16.6378
    0.0000   37.5000  -22.5000 2335.1875   16.4306
    7.5000   37.5000  -22.5000 2311.6348   16.4436
   -7.5000   45.0000  -22.5000 2179.1450   18.5877
    0.0000   45.0000  -22.5000 2204.3972   18.3755
    7.5000   45.0000  -22.5000 2176.7358   18.4085
   -7.5000  -45.0000  -15.0000 2444.8745   15.3619
    0.0000  -45.0000  -15.0000 2463.9355   15.2408
    7.5000  -45.0000  -15.0000 2449.0562   15.3421
   -7.5000  -37.5000  -15.0000 2544.2358   14.0368
    0.0000  -37.5000  -15.0000 2565.6851   13.8864
    7.5000  -37.5000  -15.0000 2554.4048   14.0208
   -7.5000  -30.0000  -15.0000 2625.7922   13.0171
    0.0000  -30.0000  -15.0000 2641.5007   12.8690
    7.5000  -30.0000  -15.0000 2630.8250   12.9745
   -7.5000  -22.5000  -15.0000 2694.1599   12.2828
    0.0000  -22.5000  -15.0000 2712.0718   12.1530
    7.5000  -22.5000  -15.0000 2694.2944   12.2473
   -7.5000  -15.0000  -15.0000 2742.7305   11.8288
    0.0000  -15.0000  -15.0000 2760.7449   11.6783
    7.5000  -15.0000  -15.0000 2736.4790   11.7785
   -7.5000   -7.5000  -15.0000 2760.1995   11.5990
    0.0000   -7.5000  -15.0000 2784.6174   11.4376
    7.5000   -7.5000  -15.0000 2756.5933   11.5824
   -7.5000    0.0000  -15.0000 2757.4622   11.5965
    0.0000    0.0000  -15.0000 2783.0979   11.4123
    7.5000    0.0000  -15.0000 2755.1509   11.5652
   -7.5000    7.5000  -15.0000 2738.4128   11.8864
    0.0000    7.5000  -15.0000 2764.0613   11.7108
    7.5000    7.5000  -15.0000 2736.7556   11.8599
   -7.5000   15.0000  -15.0000 2688.1074   12.4379
    0.0000   15.0000  -15.0000 2711.7354   12.2717
    7.5000   15.0000  -15.0000 2688.3953   12.4189
   -7.5000   22.5000  -15.0000 2606.6707   13.2623
    0.0000   22.5000  -15.0000 2631.2104   13.1003
    7.5000   22.5000  -15.0000 2614.5854   13.2030
   -7.5000   30.0000  -15.0000 2503.8887   14.3669
    0.0000   30.0000  -15.0000 2526.8994   14.2016
    7.5000   30.0000  -15.0000 2507.2959   14.2655
   -7.5000   37.5000  -15.0000 2388.4995   15.8089
    0.0000   37.5000  -15.0000 2407.8889   15.6224
    7.5000   37.5000  -15.0000 2387.5293   15.6617
   -7.5000   45.0000  -15.0000 2252.2107   17.6972
    0.0000   45.0000  -15.0000 2270.4111   17.4691
    7.5000   45.0000  -15.0000 2240.2000   17.5575
   -7.5000  -45.0000   -7.5000 2479.5305   14.8010
    0.0000  -45.0000   -7.5000 2498.0674   14.6256
    7.5000  -45.0000   -7.5000 2485.7043   14.7587
   -7.5000  -37.5000   -7.5000 2588.2329   13.4787
    0.0000  -37.5000   -7.5000 2610.9119   13.2890
    7.5000  -37.5000   -7.5000 2597.7126   13.4060
   -7.5000  -30.0000   -7.5000 2682.2200   12.4436
    0.0000  -30.0000   -7.5000 2703.3723   12.2823
    7.5000  -30.0000   -7.5000 2686.9058   12.3786
   -7.5000  -22.5000   -7.5000 2755.4114   11.7079
    0.0000  -22.5000   -7.5000 2780.4377   11.5337
    7.5000  -22.5000   -7.5000 2758.6157   11.6509
   -7.5000  -15.0000   -7.5000 2815.3047   11.2485
    0.0000  -15.0000   -7.5000 2840.6028   11.0787
    7.5000  -15.0000   -7.5000 2811.2998   11.1786
   -7.5000   -7.5000   -7.5000 2851.5808   11.0205
    0.0000   -7.5000   -7.5000 2872.2004   10.8033
    7.5000   -7.5000   -7.5000 2840.5342   10.9471
   -7.5000    0.0000   -7.5000 2852.0659   10.9665
    0.0000    0.0000   -7.5000 2875.8462   10.7659
    7.5000    0.0000   -7.5000 2845.9932   10.9102
   -7.5000    7.5000   -7.5000 2828.1431   11.2548
    0.0000    7.5000   -7.5000 2850.4998   11.0747
    7.5000    7.5000   -7.5000 2819.8975   11.2324
   -7.5000   15.0000   -7.5000 2771.6995   11.7939
    0.0000   15.0000   -7.5000 2794.2935   11.6499
    7.5000   15.0000   -7.5000 2769.5732   11.7949
   -7.5000   22.5000   -7.5000 2684.4663   12.6063
    0.0000   22.5000   -7.5000 2705.5149   12.4467
    7.5000   22.5000   -7.5000 2687.5369   12.5698
   -7.5000   30.0000   -7.5000 2578.5024   13.7171
    0.0000   30.0000   -7.5000 2597.6438   13.5145
    7.5000   30.0000   -7.5000 2575.4365   13.6105
   -7.5000   37.5000   -7.5000 2453.1304   15.1195
    0.0000   37.5000   -7.5000 2470.3740   14.8915
    7.5000   37.5000   -7.5000 2448.8040   15.0140
   -7.5000   45.0000   -7.5000 2308.1194   16.9199
    0.0000   45.0000   -7.5000 2324.0327   16.6875
    7.5000   45.0000   -7.5000 2297.8308   16.8262
   -7.5000  -45.0000    0.0000 2490.4214   14.3769
    0.0000  -45.0000    0.0000 2511.3569   14.1647
    7.5000  -45.0000    0.0000 2498.8633   14.2384
   -7.5000  -37.5000    0.0000 2611.0991   13.0490
    0.0000  -37.5000    0.0000 2632.7231   12.8317
    7.5000  -37.5000    0.0000 2615.8284   12.9041
   -7.5000  -30.0000    0.0000 2719.4087   12.0156
    0.0000  -30.0000    0.0000 2742.3606   11.8133
    7.5000  -30.0000    0.0000 2721.0840   11.8765
   -7.5000  -22.5000    0.0000 2810.3770   11.2672
    0.0000  -22.5000    0.0000 2831.1348   11.0842
    7.5000  -22.5000    0.0000 2809.9189   11.1549
   -7.5000  -15.0000    0.0000 2875.7556   10.8272
    0.0000  -15.0000    0.0000 2900.0679   10.6329
    7.5000  -15.0000    0.0000 2870.1284   10.7041
   -7.5000   -7.5000    0.0000 2925.1418   10.5939
    0.0000   -7.5000    0.0000 2945.9739   10.3488
    7.5000   -7.5000    0.0000 2908.1929   10.4543
   -7.5000    0.0000    0.0000 2926.7393   10.5114
    0.0000    0.0000    0.0000 2946.5542   10.2646
    7.5000    0.0000    0.0000 2911.4656   10.3795
   -7.5000    7.5000    0.0000 2893.0591   10.7754
    0.0000    7.5000    0.0000 2912.0342   10.5618
    7.5000    7.5000    0.0000 2884.3567   10.7093
   -7.5000   15.0000    0.0000 2830.5293   11.3354
    0.0000   15.0000    0.0000 2854.1873   11.1390
    7.5000   15.0000    0.0000 2825.3904   11.2775
   -7.5000   22.5000    0.0000 2743.7900   12.1386
    0.0000   22.5000    0.0000 2766.2771   11.9239
    7.5000   22.5000    0.0000 2739.9221   12.0535
   -7.5000   30.0000    0.0000 2628.5625   13.2306
    0.0000   30.0000    0.0000 2648.1641   12.9781
    7.5000   30.0000    0.0000 2619.0967   13.0929
   -7.5000   37.5000    0.0000 2494.3552   14.5915
    0.0000   37.5000    0.0000 2517.2456   14.3313
    7.5000   37.5000    0.0000 2486.6790   14.4522
   -7.5000   45.0000    0.0000 2343.7820   16.3115
    0.0000   45.0000    0.0000 2361.4114   16.0914
    7.5000   45.0000    0.0000 2338.9238   16.2183
   -7.5000  -45.0000    7.5000 2499.8591   14.1063
    0.0000  -45.0000    7.5000 2510.9248   13.8411
    7.5000  -45.0000    7.5000 2498.1814   13.9172
   -7.5000  -37.5000    7.5000 2622.0278   12.7181
    0.0000  -37.5000    7.5000 2632.8948   12.5111
    7.5000  -37.5000    7.5000 2620.4607   12.5624
   -7.5000  -30.0000    7.5000 2741.1987   11.6742
    0.0000  -30.0000    7.5000 2760.6858   11.4831
    7.5000  -30.0000    7.5000 2739.0068   11.5211
   -7.5000  -22.5000    7.5000 2847.2539   10.9608
    0.0000  -22.5000    7.5000 2867.5872   10.7887
    7.5000  -22.5000    7.5000 2842.6641   10.8116
   -7.5000  -15.0000    7.5000 2932.1670   10.5828
    0.0000  -15.0000    7.5000 2962.7292   10.4076
    7.5000  -15.0000    7.5000 2920.8682   10.4151
   -7.5000   -7.5000    7.5000 2989.3005   10.3950
    0.0000   -7.5000    7.5000 3014.1460   10.1849
    7.5000   -7.5000    7.5000 2961.8420   10.1998
   -7.5000    0.0000    7.5000 2982.3096   10.2566
    0.0000    0.0000    7.5000 3003.0291    9.9987
    7.5000    0.0000    7.5000 2953.2817   10.0886
   -7.5000    7.5000    7.5000 2938.3374   10.4607
    0.0000    7.5000    7.5000 2956.7961   10.2262
    7.5000    7.5000    7.5000 2922.2036   10.3333
   -7.5000   15.0000    7.5000 2868.6440   11.0034
    0.0000   15.0000    7.5000 2891.3857   10.7876
    7.5000   15.0000    7.5000 2862.8958   10.9001
   -7.5000   22.5000    7.5000 2774.1145   11.8249
    0.0000   22.5000    7.5000 2798.6038   11.6069
    7.5000   22.5000    7.5000 2771.0396   11.6987
   -7.5000   30.0000    7.5000 2655.4243   12.9049
    0.0000   30.0000    7.5000 2673.2568   12.6718
    7.5000   30.0000    7.5000 2647.4924   12.7583
   -7.5000   37.5000    7.5000 2522.5957   14.2617
    0.0000   37.5000    7.5000 2542.1123   14.0058
    7.5000   37.5000    7.5000 2514.9512   14.1098
   -7.5000   45.0000    7.5000 2369.4724   15.9811
    0.0000   45.0000    7.5000 2386.8730   15.7130
    7.5000   45.0000    7.5000 2362.2546   15.8212
   -7.5000  -45.0000   15.0000 2499.6035   14.0688
    0.0000  -45.0000   15.0000 2505.9897   13.7866
    7.5000  -45.0000   15.0000 2491.0657   13.8726
   -7.5000  -37.5000   15.0000 2620.0474   12.6707
    0.0000  -37.5000   15.0000 2624.4778   12.4508
    7.5000  -37.5000   15.0000 2614.6697   12.5004
   -7.5000  -30.0000   15.0000 2743.9768   11.5933
    0.0000  -30.0000   15.0000 2754.3464   11.4223
    7.5000  -30.0000   15.0000 2737.2651   11.4353
   -7.5000  -22.5000   15.0000 2860.0083   10.9010
    0.0000  -22.5000   15.0000 2885.4211   10.7814
    7.5000  -22.5000   15.0000 2851.8977   10.7380
   -7.5000  -15.0000   15.0000 2960.2512   10.5545
    0.0000  -15.0000   15.0000 2996.7891   10.4574
    7.5000  -15.0000   15.0000 2940.8484   10.3572
   -7.5000   -7.5000   15.0000 3020.5513   10.3690
    0.0000   -7.5000   15.0000 3060.7800   10.3025
    7.5000   -7.5000   15.0000 2986.9939   10.1457
   -7.5000    0.0000   15.0000 3000.3206   10.2358
    0.0000    0.0000   15.0000 3031.4016   10.0744
    7.5000    0.0000   15.0000 2972.2739   10.0556
   -7.5000    7.5000   15.0000 2947.9128   10.3789
    0.0000    7.5000   15.0000 2974.3835   10.1426
    7.5000    7.5000   15.0000 2932.5735   10.2424
   -7.5000   15.0000   15.0000 2874.1177   10.8743
    0.0000   15.0000   15.0000 2893.2651   10.6681
    7.5000   15.0000   15.0000 2870.3115   10.7524
   -7.5000   22.5000   15.0000 2780.4807   11.7305
    0.0000   22.5000   15.0000 2792.7671   11.4887
    7.5000   22.5000   15.0000 2773.5781   11.5753
   -7.5000   30.0000   15.0000 2660.6772   12.7883
    0.0000   30.0000   15.0000 2677.1487   12.5378
    7.5000   30.0000   15.0000 2652.9458   12.6363
   -7.5000   37.5000   15.0000 2527.5127   14.1371
    0.0000   37.5000   15.0000 2544.4695   13.8796
    7.5000   37.5000   15.0000 2520.1753   13.9933
   -7.5000   45.0000   15.0000 2373.8953   15.8420
    0.0000   45.0000   15.0000 2392.9333   15.5916
    7.5000   45.0000   15.0000 2361.0647   15.6839
   -7.5000  -45.0000   22.5000 2494.3472   14.1894
    0.0000  -45.0000   22.5000 2499.2908   13.9642
    7.5000  -45.0000   22.5000 2481.4314   14.0580
   -7.5000  -37.5000   22.5000 2615.7659   12.8340
    0.0000  -37.5000   22.5000 2619.4814   12.6713
    7.5000  -37.5000   22.5000 2605.2070   12.7230
   -7.5000  -30.0000   22.5000 2738.2244   11.7686
    0.0000  -30.0000   22.5000 2747.7412   11.6608
    7.5000  -30.0000   22.5000 2725.2542   11.6704
   -7.5000  -22.5000   22.5000 2860.6116   11.0779
    0.0000  -22.5000   22.5000 2874.3662   10.9842
    7.5000  -22.5000   22.5000 2845.6052   10.9485
   -7.5000  -15.0000   22.5000 2958.4099   10.6703
    0.0000  -15.0000   22.5000 2979.8188   10.5826
    7.5000  -15.0000   22.5000 2928.4050   10.5069
   -7.5000   -7.5000   22.5000 3002.9226   10.3891
    0.0000   -7.5000   22.5000 3025.9878   10.3163
    7.5000   -7.5000   22.5000 2966.2654   10.2890
   -7.5000    0.0000   22.5000 2990.1487   10.3473
    0.0000    0.0000   22.5000 3008.4226   10.2334
    7.5000    0.0000   22.5000 2956.8210   10.2810
   -7.5000    7.5000   22.5000 2931.5745   10.5981
    0.0000    7.5000   22.5000 2953.5916   10.4558
    7.5000    7.5000   22.5000 2914.3035   10.5191
   -7.5000   15.0000   22.5000 2859.6196   11.0554
    0.0000   15.0000   22.5000 2876.2598   10.9106
    7.5000   15.0000   22.5000 2847.0610   10.9812
   -7.5000   22.5000   22.5000 2761.1948   11.8469
    0.0000   22.5000   22.5000 2775.3037   11.6446
    7.5000   22.5000   22.5000 2748.8347   11.7025
   -7.5000   30.0000   22.5000 2644.3218   12.8612
    0.0000   30.0000   22.5000 2659.7844   12.6253
    7.5000   30.0000   22.5000 2635.0603   12.6667
   -7.5000   37.5000   22.5000 2509.1858   14.1752
    0.0000   37.5000   22.5000 2527.0840   13.9014
    7.5000   37.5000   22.5000 2503.8677   13.9891
   -7.5000   45.0000   22.5000 2355.3511   15.8560
    0.0000   45.0000   22.5000 2369.3362   15.5751
    7.5000   45.0000   22.5000 2348.9089   15.7052
   -7.5000  -45.0000   30.0000 2476.4475   14.5498
    0.0000  -45.0000   30.0000 2482.5020   14.3443
    7.5000  -45.0000   30.0000 2461.4355   14.5093
   -7.5000  -37.5000   30.0000 2601.8843   13.1930
    0.0000  -37.5000   30.0000 2604.7378   12.9718
    7.5000  -37.5000   30.0000 2587.8704   13.1131
   -7.5000  -30.0000   30.0000 2727.5515   12.0829
    0.0000  -30.0000   30.0000 2728.3474   11.9043
    7.5000  -30.0000   30.0000 2707.3115   12.0118
   -7.5000  -22.5000   30.0000 2842.7234   11.2969
    0.0000  -22.5000   30.0000 2842.2031   11.1454
    7.5000  -22.5000   30.0000 2819.0891   11.2332
   -7.5000  -15.0000   30.0000 2921.2620   10.7894
    0.0000  -15.0000   30.0000 2930.3157   10.6746
    7.5000  -15.0000   30.0000 2893.2595   10.7384
   -7.5000   -7.5000   30.0000 2954.3408   10.5425
    0.0000   -7.5000   30.0000 2969.6272   10.4011
    7.5000   -7.5000   30.0000 2924.3896   10.5533
   -7.5000    0.0000   30.0000 2949.3374   10.6224
    0.0000    0.0000   30.0000 2963.7119   10.4528
    7.5000    0.0000   30.0000 2916.0852   10.5871
   -7.5000    7.5000   30.0000 2894.3774   10.9693
    0.0000    7.5000   30.0000 2911.3364   10.7706
    7.5000    7.5000   30.0000 2879.1938   10.8799
   -7.5000   15.0000   30.0000 2818.1648   11.4891
    0.0000   15.0000   30.0000 2830.0784   11.2960
    7.5000   15.0000   30.0000 2802.4873   11.3980
   -7.5000   22.5000   30.0000 2724.0422   12.2146
    0.0000   22.5000   30.0000 2738.7114   12.0277
    7.5000   22.5000   30.0000 2709.1453   12.0944
   -7.5000   30.0000   30.0000 2608.4873   13.1511
    0.0000   30.0000   30.0000 2623.1155   12.9632
    7.5000   30.0000   30.0000 2595.8191   13.0192
   -7.5000   37.5000   30.0000 2478.2639   14.4488
    0.0000   37.5000   30.0000 2487.3296   14.1834
    7.5000   37.5000   30.0000 2463.1492   14.2394
   -7.5000   45.0000   30.0000 2313.3538   16.0762
    0.0000   45.0000   30.0000 2327.9731   15.8096
    7.5000   45.0000   30.0000 2312.4397   15.9177
   -7.5000  -45.0000   37.5000 2453.5752   15.0139
    0.0000  -45.0000   37.5000 2458.3394   14.8057
    7.5000  -45.0000   37.5000 2434.0728   15.0598
   -7.5000  -37.5000   37.5000 2578.4604   13.5922
    0.0000  -37.5000   37.5000 2583.1697   13.3906
    7.5000  -37.5000   37.5000 2560.1851   13.6228
   -7.5000  -30.0000   37.5000 2704.0527   12.4773
    0.0000  -30.0000   37.5000 2702.6987   12.3121
    7.5000  -30.0000   37.5000 2679.8696   12.4900
   -7.5000  -22.5000   37.5000 2809.9475   11.6857
    0.0000  -22.5000   37.5000 2809.0322   11.5390
    7.5000  -22.5000   37.5000 2782.2080   11.6960
   -7.5000  -15.0000   37.5000 2878.0051   11.1606
    0.0000  -15.0000   37.5000 2884.0920   11.0386
    7.5000  -15.0000   37.5000 2850.5281   11.1899
   -7.5000   -7.5000   37.5000 2904.1250   10.9753
    0.0000   -7.5000   37.5000 2914.6389   10.8319
    7.5000   -7.5000   37.5000 2874.4319   10.9984
   -7.5000    0.0000   37.5000 2897.7874   11.0751
    0.0000    0.0000   37.5000 2906.5378   10.9354
    7.5000    0.0000   37.5000 2863.4983   11.0496
   -7.5000    7.5000   37.5000 2847.8586   11.4625
    0.0000    7.5000   37.5000 2853.5964   11.2738
    7.5000    7.5000   37.5000 2821.4836   11.3574
   -7.5000   15.0000   37.5000 2768.3354   12.0068
    0.0000   15.0000   37.5000 2773.2881   11.8211
    7.5000   15.0000   37.5000 2744.8552   11.9011
   -7.5000   22.5000   37.5000 2676.0420   12.7220
    0.0000   22.5000   37.5000 2687.2051   12.5142
    7.5000   22.5000   37.5000 2657.5283   12.6003
   -7.5000   30.0000   37.5000 2557.7874   13.6447
    0.0000   30.0000   37.5000 2572.0256   13.4178
    7.5000   30.0000   37.5000 2547.1855   13.4992
   -7.5000   37.5000   37.5000 2423.6348   14.8902
    0.0000   37.5000   37.5000 2437.7708   14.6619
    7.5000   37.5000   37.5000 2417.0620   14.7625
   -7.5000   45.0000   37.5000 2265.1738   16.5311
    0.0000   45.0000   37.5000 2277.5327   16.2944
    7.5000   45.0000   37.5000 2262.2229   16.4225
   -7.5000  -45.0000   45.0000 2407.2012   15.6631
    0.0000  -45.0000   45.0000 2417.3572   15.4491
    7.5000  -45.0000   45.0000 2394.6702   15.7659
   -7.5000  -37.5000   45.0000 2534.1946   14.2154
    0.0000  -37.5000   45.0000 2546.5288   14.0125
    7.5000  -37.5000   45.0000 2520.0630   14.3128
   -7.5000  -30.0000   45.0000 2659.6531   13.0502
    0.0000  -30.0000   45.0000 2663.3457   12.8860
    7.5000  -30.0000   45.0000 2634.3132   13.1332
   -7.5000  -22.5000   45.0000 2762.3721   12.2485
    0.0000  -22.5000   45.0000 2763.6328   12.0817
    7.5000  -22.5000   45.0000 2728.9092   12.3212
   -7.5000  -15.0000   45.0000 2822.8655   11.7589
    0.0000  -15.0000   45.0000 2826.1309   11.6016
    7.5000  -15.0000   45.0000 2786.5737   11.8022
   -7.5000   -7.5000   45.0000 2838.3584   11.6000
    0.0000   -7.5000   45.0000 2840.0312   11.4411
    7.5000   -7.5000   45.0000 2810.4663   11.6200
   -7.5000    0.0000   45.0000 2824.6875   11.7192
    0.0000    0.0000   45.0000 2824.3245   11.5668
    7.5000    0.0000   45.0000 2795.5544   11.6948
   -7.5000    7.5000   45.0000 2775.9680   12.0793
    0.0000    7.5000   45.0000 2778.2507   11.9042
    7.5000    7.5000   45.0000 2746.5142   12.0109
   -7.5000   15.0000   45.0000 2698.5093   12.6465
    0.0000   15.0000   45.0000 2705.5676   12.4535
    7.5000   15.0000   45.0000 2676.0056   12.5500
   -7.5000   22.5000   45.0000 2609.9265   13.3340
    0.0000   22.5000   45.0000 2619.5271   13.1500
    7.5000   22.5000   45.0000 2590.4067   13.2323
   -7.5000   30.0000   45.0000 2492.5757   14.2874
    0.0000   30.0000   45.0000 2505.9709   14.0465
    7.5000   30.0000   45.0000 2482.2463   14.1161
   -7.5000   37.5000   45.0000 2356.2317   15.5257
    0.0000   37.5000   45.0000 2367.9229   15.3059
    7.5000   37.5000   45.0000 2350.5071   15.4065
   -7.5000   45.0000   45.0000 2206.3545   17.1169
    0.0000   45.0000   45.0000 2210.9985   16.9213
    7.5000   45.0000   45.0000 2195.5430   17.0777
   -7.5000  -45.0000   52.5000 2364.3091   16.4714
    0.0000  -45.0000   52.5000 2374.6694   16.2708
    7.5000  -45.0000   52.5000 2352.7605   16.6257
   -7.5000  -37.5000   52.5000 2487.6147   14.9758
    0.0000  -37.5000   52.5000 2495.1113   14.7674
    7.5000  -37.5000   52.5000 2471.1597   15.0874
   -7.5000  -30.0000   52.5000 2601.2710   13.7974
    0.0000  -30.0000   52.5000 2608.3171   13.5687
    7.5000  -30.0000   52.5000 2577.3083   13.9164
   -7.5000  -22.5000   52.5000 2697.8276   12.9590
    0.0000  -22.5000   52.5000 2700.9404   12.7927
    7.5000  -22.5000   52.5000 2661.4832   13.0801
   -7.5000  -15.0000   52.5000 2754.3188   12.5166
    0.0000  -15.0000   52.5000 2753.5730   12.3444
    7.5000  -15.0000   52.5000 2713.2385   12.5959
   -7.5000   -7.5000   52.5000 2763.4648   12.3488
    0.0000   -7.5000   52.5000 2759.0291   12.1759
    7.5000   -7.5000   52.5000 2726.8875   12.3936
   -7.5000    0.0000   52.5000 2744.7122   12.4573
    0.0000    0.0000   52.5000 2737.9548   12.2744
    7.5000    0.0000   52.5000 2711.5146   12.4643
   -7.5000    7.5000   52.5000 2696.2864   12.7920
    0.0000    7.5000   52.5000 2697.3164   12.6182
    7.5000    7.5000   52.5000 2667.7717   12.7928
   -7.5000   15.0000   52.5000 2617.3074   13.3474
    0.0000   15.0000   52.5000 2624.9783   13.1827
    7.5000   15.0000   52.5000 2597.1948   13.3341
   -7.5000   22.5000   52.5000 2532.8569   14.0386
    0.0000   22.5000   52.5000 2543.3271   13.8771
    7.5000   22.5000   52.5000 2511.4846   14.0098
   -7.5000   30.0000   52.5000 2415.7332   15.0466
    0.0000   30.0000   52.5000 2424.9109   14.8279
    7.5000   30.0000   52.5000 2398.2883   14.9287
   -7.5000   37.5000   52.5000 2282.7383   16.3226
    0.0000   37.5000   52.5000 2289.7734   16.1228
    7.5000   37.5000   52.5000 2265.3218   16.2191
   -7.5000   45.0000   52.5000 2139.6858   17.9557
    0.0000   45.0000   52.5000 2148.7944   17.7485
    7.5000   45.0000   52.5000 2126.8147   17.8785
   -7.5000  -45.0000   60.0000 2303.4514   17.2982
    0.0000  -45.0000   60.0000 2310.0251   17.1259
    7.5000  -45.0000   60.0000 2284.2112   17.5169
   -7.5000  -37.5000   60.0000 2421.6343   15.7939
    0.0000  -37.5000   60.0000 2425.2625   15.5826
    7.5000  -37.5000   60.0000 2396.9421   15.9461
   -7.5000  -30.0000   60.0000 2521.9539   14.5881
    0.0000  -30.0000   60.0000 2526.9893   14.4157
    7.5000  -30.0000   60.0000 2496.2073   14.7384
   -7.5000  -22.5000   60.0000 2605.9434   13.7797
    0.0000  -22.5000   60.0000 2607.9109   13.6050
    7.5000  -22.5000   60.0000 2569.5835   13.9166
   -7.5000  -15.0000   60.0000 2648.3130   13.3303
    0.0000  -15.0000   60.0000 2648.2795   13.1656
    7.5000  -15.0000   60.0000 2608.5618   13.4492
   -7.5000   -7.5000   60.0000 2656.1099   13.1593
    0.0000   -7.5000   60.0000 2653.5686   13.0175
    7.5000   -7.5000   60.0000 2620.5442   13.2589
   -7.5000    0.0000   60.0000 2632.5803   13.2320
    0.0000    0.0000   60.0000 2628.6899   13.0858
    7.5000    0.0000   60.0000 2604.7917   13.3139
   -7.5000    7.5000   60.0000 2594.4377   13.5291
    0.0000    7.5000   60.0000 2592.1311   13.3926
    7.5000    7.5000   60.0000 2566.8367   13.6123
   -7.5000   15.0000   60.0000 2518.6306   14.0770
    0.0000   15.0000   60.0000 2523.0193   13.9489
    7.5000   15.0000   60.0000 2494.3882   14.1588
   -7.5000   22.5000   60.0000 2428.4976   14.8352
    0.0000   22.5000   60.0000 2431.7820   14.6888
    7.5000   22.5000   60.0000 2403.3733   14.8802
   -7.5000   30.0000   60.0000 2314.0405   15.9113
    0.0000   30.0000   60.0000 2316.2437   15.6812
    7.5000   30.0000   60.0000 2292.7527   15.8011
   -7.5000   37.5000   60.0000 2182.5178   17.2730
    0.0000   37.5000   60.0000 2188.9314   17.0464
    7.5000   37.5000   60.0000 2169.3647   17.1263
   -7.5000   45.0000   60.0000 2045.7142   18.9915
    0.0000   45.0000   60.0000 2055.5010   18.8082
    7.5000   45.0000   60.0000 2038.6099   18.8951

---------------------------------------------------------------------
imgreg_4dfp /opt/freesurfer/average/711-2C_as_mni_average_305 /opt/freesurfer/average/711-2B_as_mni_average_305_mask talsrcimg_g11 none talsrcimg_to_711-2C_as_mni_average_305_t4 1283
---------------------------------------------------------------------

freesurfer imgreg_4dfp.c
/opt/freesurfer/average/711-2C_as_mni_average_305.4dfp.img
       256       256       256         1
  1.000000  1.000000  1.000000
orientation T byte_order littleendian
Reading image: /opt/freesurfer/average/711-2C_as_mni_average_305.4dfp.img
dimensions:      256       256       256
mmppix:       1.0000   -1.0000   -1.0000
center:     128.0000 -129.0000 -129.0000
/opt/freesurfer/average/711-2B_as_mni_average_305_mask.4dfp.img
       256       256       256         1
  1.000000  1.000000  1.000000
orientation T byte_order littleendian
Reading mask: /opt/freesurfer/average/711-2B_as_mni_average_305_mask.4dfp.img (2306576 pixels)
talsrcimg_g11.4dfp.img
       256       256       256         1
  1.000000  1.000000  1.000000
orientation T byte_order littleendian
Reading image: talsrcimg_g11.4dfp.img
dimensions:      256       256       256
mmppix:       1.0000   -1.0000   -1.0000
center:     128.0000 -129.0000 -129.0000
rotation matrix determinant  1.000000
fimgreg.f
image alignment mode   1283 decimal      503 hex
parameters
    0.0000   -7.5000   15.0000    0.0000    0.0000    0.0000
eta,q 0.96083 10.33122
niter,ni,del,rscale     5    3   12.0000    1.2000
parameter  5 -0.535591 -> -0.500000 qaram    1.1500
parameters
   -0.8268   -7.1125   15.3895   -0.3987    3.4500    2.1431
eta,q 0.96653 10.27396
  0.0491  0.0514  0.0483  0.0425  0.0530  0.0442
  0.0429  0.0432  0.0427  0.0391  0.0460  0.0402
  0.0379  0.0375  0.0396  0.0366  0.0404  0.0366
  0.0365  0.0364  0.0368  0.0364  0.0363  0.0343
  0.0396  0.0384  0.0375  0.0380  0.0344  0.0335
  0.0482  0.0420  0.0410  0.0409  0.0344  0.0338
  0.0605  0.0469  0.0461  0.0436  0.0359  0.0363
niter,ni,del,rscale     5    3   12.0000    1.2000
parameters
   -2.0742   -6.7830   15.4960   -1.9324    4.0825    2.0210
eta,q 0.96862 10.36507
  0.0444  0.0483  0.0445  0.0359  0.0459  0.0395
  0.0363  0.0390  0.0383  0.0333  0.0387  0.0354
  0.0322  0.0333  0.0336  0.0316  0.0337  0.0324
  0.0335  0.0321  0.0322  0.0322  0.0315  0.0314
  0.0386  0.0341  0.0339  0.0351  0.0321  0.0325
  0.0473  0.0387  0.0379  0.0381  0.0358  0.0359
  0.0580  0.0436  0.0434  0.0413  0.0415  0.0402
niter,ni,del,rscale     4    3   12.0000    1.2000
parameters
   -2.4716   -5.9977   15.1916   -2.9015    4.6396    1.8807
eta,q 0.96922 10.35404
  0.0483  0.0489  0.0429  0.0366  0.0448  0.0384
  0.0392  0.0409  0.0363  0.0334  0.0379  0.0343
  0.0330  0.0339  0.0320  0.0312  0.0329  0.0315
  0.0314  0.0313  0.0313  0.0311  0.0309  0.0308
  0.0347  0.0323  0.0339  0.0334  0.0315  0.0320
  0.0428  0.0360  0.0388  0.0372  0.0350  0.0350
  0.0532  0.0415  0.0445  0.0406  0.0411  0.0388
niter,ni,del,rscale     3    3   12.0000    1.2000
parameters
   -2.7509   -5.5345   15.0431   -3.4227    4.9965    1.7498
eta,q 0.96950 10.33763
  0.0491  0.0469  0.0433  0.0375  0.0438  0.0377
  0.0391  0.0391  0.0364  0.0340  0.0372  0.0339
  0.0326  0.0332  0.0317  0.0314  0.0323  0.0313
  0.0308  0.0308  0.0307  0.0307  0.0306  0.0305
  0.0336  0.0320  0.0332  0.0325  0.0313  0.0316
  0.0420  0.0363  0.0380  0.0361  0.0352  0.0345
  0.0527  0.0426  0.0436  0.0399  0.0416  0.0381
niter,ni,del,rscale     2    3   12.0000    1.2000
parameters
   -2.9062   -5.3031   14.9663   -3.6664    5.1932    1.6607
eta,q 0.96962 10.32856
  0.0501  0.0456  0.0435  0.0382  0.0433  0.0376
  0.0394  0.0382  0.0365  0.0346  0.0367  0.0337
  0.0324  0.0329  0.0314  0.0317  0.0319  0.0312
  0.0305  0.0305  0.0304  0.0304  0.0304  0.0304
  0.0332  0.0322  0.0329  0.0321  0.0313  0.0314
  0.0413  0.0369  0.0378  0.0355  0.0355  0.0342
  0.0519  0.0434  0.0432  0.0394  0.0420  0.0378
niter,ni,del,rscale     1    3   12.0000    1.2000
parameters
   -2.9857   -5.1981   14.9245   -3.7725    5.2917    1.6169
eta,q 0.96965 10.32460
  0.0506  0.0450  0.0435  0.0386  0.0430  0.0376
  0.0398  0.0379  0.0366  0.0349  0.0364  0.0338
  0.0324  0.0327  0.0314  0.0319  0.0317  0.0312
  0.0304  0.0304  0.0304  0.0303  0.0304  0.0303
  0.0330  0.0324  0.0328  0.0318  0.0314  0.0313
  0.0408  0.0373  0.0376  0.0353  0.0358  0.0341
  0.0514  0.0439  0.0429  0.0392  0.0424  0.0377
registration optimization eta report
parameter search radius
    6.0000    6.0000    6.0000    6.0000    6.9000    6.0000
100000*second partial in parameter space
       57.       38.       35.       23.       26.       20.
  0.0506  0.0450  0.0435  0.0386  0.0430  0.0376
  0.0398  0.0379  0.0366  0.0349  0.0364  0.0338
  0.0324  0.0327  0.0314  0.0319  0.0317  0.0312
  0.0304  0.0304  0.0304  0.0303  0.0304  0.0303
  0.0330  0.0324  0.0328  0.0318  0.0314  0.0313
  0.0408  0.0373  0.0376  0.0353  0.0358  0.0341
  0.0514  0.0439  0.0429  0.0392  0.0424  0.0377
   -2.9857   -5.1981   14.9245   -3.7725    5.2917    1.6169
eta,q 0.96965 10.32460

---------------------------------------------------------------------
imgreg_4dfp /opt/freesurfer/average/711-2C_as_mni_average_305 /opt/freesurfer/average/711-2B_as_mni_average_305_mask talsrcimg_g11 none talsrcimg_to_711-2C_as_mni_average_305_t4 3335
---------------------------------------------------------------------

freesurfer imgreg_4dfp.c
/opt/freesurfer/average/711-2C_as_mni_average_305.4dfp.img
       256       256       256         1
  1.000000  1.000000  1.000000
orientation T byte_order littleendian
Reading image: /opt/freesurfer/average/711-2C_as_mni_average_305.4dfp.img
dimensions:      256       256       256
mmppix:       1.0000   -1.0000   -1.0000
center:     128.0000 -129.0000 -129.0000
/opt/freesurfer/average/711-2B_as_mni_average_305_mask.4dfp.img
       256       256       256         1
  1.000000  1.000000  1.000000
orientation T byte_order littleendian
Reading mask: /opt/freesurfer/average/711-2B_as_mni_average_305_mask.4dfp.img (2306576 pixels)
talsrcimg_g11.4dfp.img
       256       256       256         1
  1.000000  1.000000  1.000000
orientation T byte_order littleendian
Reading image: talsrcimg_g11.4dfp.img
dimensions:      256       256       256
mmppix:       1.0000   -1.0000   -1.0000
center:     128.0000 -129.0000 -129.0000
fimgreg.f
image alignment mode   3335 decimal      D07 hex
parameters
   -2.9857   -5.1981   14.9245   -0.4658   -0.2393   -0.6419
   -2.2090   -9.3846    2.8096    6.3173    9.2226   -6.5515
eta,q 0.96909 10.35527
niter,ni,del,rscale     5    3    5.0000    1.2000
parameter  5  1.361740 ->  0.500000 qaram    1.1500
parameter 12  0.793682 ->  0.500000 qaram    1.1500
parameters
   -3.1157   -5.2723   14.9352   -3.0117   -4.3793   -1.2829
   -0.8545   -8.8800    2.8328    4.2973    8.1436  -10.6915
eta,q 0.97257 10.10154
  0.0344  0.0332  0.0329  0.0318  0.0274  0.0316  0.0320  0.0344  0.0302  0.0297  0.0289  0.0275
  0.0323  0.0319  0.0318  0.0311  0.0280  0.0305  0.0304  0.0315  0.0292  0.0284  0.0283  0.0274
  0.0311  0.0311  0.0311  0.0307  0.0292  0.0292  0.0291  0.0293  0.0286  0.0280  0.0280  0.0276
  0.0309  0.0309  0.0309  0.0309  0.0307  0.0283  0.0284  0.0283  0.0283  0.0283  0.0280  0.0280
  0.0316  0.0313  0.0311  0.0320  0.0329  0.0288  0.0284  0.0288  0.0285  0.0292  0.0282  0.0286
  0.0330  0.0321  0.0318  0.0341  0.0354  0.0311  0.0290  0.0305  0.0291  0.0309  0.0288  0.0293
  0.0351  0.0335  0.0329  0.0369  0.0382  0.0336  0.0301  0.0330  0.0302  0.0333  0.0297  0.0302
niter,ni,del,rscale     6    3    5.0000    1.2000
parameters
   -2.9784   -5.3186   14.2969   -3.1139   -7.8374   -1.6539
   -0.7591   -8.6791    2.9421    5.1248    7.9391  -11.8525
eta,q 0.97340  9.94377
  0.0315  0.0301  0.0283  0.0295  0.0278  0.0300  0.0296  0.0321  0.0290  0.0306  0.0279  0.0277
  0.0293  0.0286  0.0276  0.0285  0.0269  0.0288  0.0281  0.0296  0.0277  0.0287  0.0272  0.0270
  0.0280  0.0277  0.0273  0.0277  0.0267  0.0276  0.0271  0.0276  0.0270  0.0273  0.0268  0.0266
  0.0274  0.0274  0.0274  0.0273  0.0273  0.0267  0.0267  0.0267  0.0267  0.0267  0.0267  0.0266
  0.0277  0.0278  0.0280  0.0274  0.0287  0.0271  0.0270  0.0273  0.0270  0.0268  0.0268  0.0270
  0.0288  0.0288  0.0289  0.0282  0.0308  0.0290  0.0280  0.0291  0.0277  0.0277  0.0273  0.0276
  0.0306  0.0303  0.0301  0.0300  0.0339  0.0312  0.0295  0.0316  0.0288  0.0292  0.0281  0.0284
niter,ni,del,rscale     5    3    5.0000    1.2000
parameters
   -2.9062   -5.2015   14.2041   -2.6598   -8.1967   -1.7492
   -0.7297   -8.6068    2.9895    5.4377    7.9370  -11.9625
eta,q 0.97344  9.94224
  0.0305  0.0298  0.0284  0.0290  0.0294  0.0301  0.0295  0.0318  0.0288  0.0300  0.0280  0.0280
  0.0284  0.0281  0.0273  0.0280  0.0280  0.0288  0.0279  0.0293  0.0276  0.0282  0.0272  0.0272
  0.0271  0.0270  0.0267  0.0271  0.0269  0.0276  0.0269  0.0274  0.0268  0.0270  0.0267  0.0267
  0.0266  0.0266  0.0266  0.0266  0.0266  0.0266  0.0266  0.0266  0.0266  0.0266  0.0266  0.0266
  0.0270  0.0269  0.0269  0.0266  0.0270  0.0268  0.0269  0.0272  0.0268  0.0268  0.0267  0.0268
  0.0281  0.0278  0.0276  0.0272  0.0282  0.0286  0.0279  0.0291  0.0276  0.0279  0.0272  0.0273
  0.0300  0.0292  0.0286  0.0288  0.0301  0.0308  0.0294  0.0317  0.0287  0.0295  0.0280  0.0280
niter,ni,del,rscale     4    3    5.0000    1.2000
parameters
   -2.8937   -5.1644   14.1962   -2.5869   -8.2674   -1.7477
   -0.7247   -8.5895    2.9834    5.5050    7.9371  -11.9955
eta,q 0.97344  9.94168
  0.0303  0.0295  0.0285  0.0289  0.0296  0.0301  0.0294  0.0318  0.0288  0.0298  0.0280  0.0280
  0.0282  0.0279  0.0274  0.0278  0.0281  0.0288  0.0279  0.0292  0.0276  0.0281  0.0272  0.0272
  0.0270  0.0269  0.0267  0.0270  0.0270  0.0276  0.0269  0.0273  0.0268  0.0270  0.0267  0.0267
  0.0266  0.0266  0.0266  0.0266  0.0266  0.0266  0.0266  0.0266  0.0266  0.0266  0.0266  0.0266
  0.0270  0.0269  0.0268  0.0266  0.0269  0.0268  0.0269  0.0272  0.0268  0.0269  0.0267  0.0268
  0.0282  0.0279  0.0275  0.0274  0.0280  0.0285  0.0279  0.0292  0.0276  0.0280  0.0272  0.0273
  0.0302  0.0293  0.0284  0.0291  0.0298  0.0306  0.0294  0.0318  0.0287  0.0297  0.0280  0.0280
niter,ni,del,rscale     3    3    5.0000    1.2000
parameters
   -2.8907   -5.1575   14.1976   -2.5772   -8.2832   -1.7399
   -0.7210   -8.5843    2.9832    5.5183    7.9346  -11.9992
eta,q 0.97345  9.94156
  0.0302  0.0295  0.0285  0.0288  0.0296  0.0301  0.0294  0.0317  0.0288  0.0298  0.0280  0.0280
  0.0282  0.0278  0.0274  0.0278  0.0281  0.0288  0.0279  0.0292  0.0276  0.0280  0.0272  0.0272
  0.0269  0.0268  0.0267  0.0270  0.0270  0.0276  0.0269  0.0273  0.0268  0.0269  0.0267  0.0267
  0.0266  0.0266  0.0266  0.0266  0.0266  0.0266  0.0266  0.0266  0.0266  0.0266  0.0266  0.0266
  0.0270  0.0269  0.0268  0.0266  0.0269  0.0268  0.0269  0.0273  0.0268  0.0269  0.0267  0.0267
  0.0282  0.0279  0.0275  0.0274  0.0280  0.0285  0.0279  0.0292  0.0276  0.0280  0.0272  0.0272
  0.0302  0.0293  0.0284  0.0292  0.0298  0.0306  0.0294  0.0318  0.0287  0.0297  0.0280  0.0280
registration optimization eta report
parameter search radius
    2.4000    2.4000    2.4000    7.2000    8.2800    7.2000
    7.2000    7.2000    7.2000    7.2000    7.2000    8.2800
100000*second partial in parameter space
       63.       49.       33.        5.        5.        7.
        5.       10.        4.        6.        3.        2.
  0.0302  0.0295  0.0285  0.0288  0.0296  0.0301  0.0294  0.0317  0.0288  0.0298  0.0280  0.0280
  0.0282  0.0278  0.0274  0.0278  0.0281  0.0288  0.0279  0.0292  0.0276  0.0280  0.0272  0.0272
  0.0269  0.0268  0.0267  0.0270  0.0270  0.0276  0.0269  0.0273  0.0268  0.0269  0.0267  0.0267
  0.0266  0.0266  0.0266  0.0266  0.0266  0.0266  0.0266  0.0266  0.0266  0.0266  0.0266  0.0266
  0.0270  0.0269  0.0268  0.0266  0.0269  0.0268  0.0269  0.0273  0.0268  0.0269  0.0267  0.0267
  0.0282  0.0279  0.0275  0.0274  0.0280  0.0285  0.0279  0.0292  0.0276  0.0280  0.0272  0.0272
  0.0302  0.0293  0.0284  0.0292  0.0298  0.0306  0.0294  0.0318  0.0287  0.0297  0.0280  0.0280
   -2.8907   -5.1575   14.1976   -2.5772   -8.2832   -1.7399
   -0.7210   -8.5843    2.9832    5.5183    7.9346  -11.9992
eta,q 0.97345  9.94156

---------------------------------------------------------------------
imgreg_4dfp /opt/freesurfer/average/711-2C_as_mni_average_305 /opt/freesurfer/average/711-2B_as_mni_average_305_mask talsrcimg_g11 none talsrcimg_to_711-2C_as_mni_average_305_t4 2311
---------------------------------------------------------------------

freesurfer imgreg_4dfp.c
/opt/freesurfer/average/711-2C_as_mni_average_305.4dfp.img
       256       256       256         1
  1.000000  1.000000  1.000000
orientation T byte_order littleendian
Reading image: /opt/freesurfer/average/711-2C_as_mni_average_305.4dfp.img
dimensions:      256       256       256
mmppix:       1.0000   -1.0000   -1.0000
center:     128.0000 -129.0000 -129.0000
/opt/freesurfer/average/711-2B_as_mni_average_305_mask.4dfp.img
       256       256       256         1
  1.000000  1.000000  1.000000
orientation T byte_order littleendian
Reading mask: /opt/freesurfer/average/711-2B_as_mni_average_305_mask.4dfp.img (2306576 pixels)
talsrcimg_g11.4dfp.img
       256       256       256         1
  1.000000  1.000000  1.000000
orientation T byte_order littleendian
Reading image: talsrcimg_g11.4dfp.img
dimensions:      256       256       256
mmppix:       1.0000   -1.0000   -1.0000
center:     128.0000 -129.0000 -129.0000
fimgreg.f
image alignment mode   2311 decimal      907 hex
parameters
   -2.8907   -5.1575   14.1976   -2.5772   -8.2832   -1.7399
   -0.7210   -8.5843    2.9832    5.5183    7.9346  -11.9992
eta,q 0.97345  9.94156
niter,ni,del,rscale     5    3    5.0000    0.8000
parameters
   -2.9099   -5.2035   14.1565   -2.0450   -8.1361   -1.4476
   -0.7371   -8.5126    2.9988    5.5062    8.0219  -12.1378
eta,q 0.97351  9.97126
  0.0282  0.0278  0.0274  0.0278  0.0277  0.0287  0.0278  0.0292  0.0275  0.0280  0.0272  0.0270
  0.0273  0.0271  0.0269  0.0272  0.0271  0.0280  0.0271  0.0279  0.0269  0.0271  0.0268  0.0267
  0.0267  0.0266  0.0266  0.0268  0.0267  0.0271  0.0266  0.0269  0.0266  0.0267  0.0266  0.0265
  0.0266  0.0266  0.0265  0.0266  0.0265  0.0265  0.0265  0.0265  0.0265  0.0265  0.0265  0.0265
  0.0268  0.0267  0.0267  0.0265  0.0266  0.0266  0.0266  0.0268  0.0266  0.0266  0.0266  0.0266
  0.0273  0.0272  0.0270  0.0268  0.0270  0.0272  0.0271  0.0277  0.0269  0.0271  0.0268  0.0267
  0.0282  0.0279  0.0275  0.0275  0.0276  0.0286  0.0278  0.0291  0.0275  0.0280  0.0272  0.0270
niter,ni,del,rscale     4    3    5.0000    0.7000
parameters
   -2.9177   -5.2186   14.2935   -2.0522   -8.1616   -1.1334
   -0.7248   -8.5172    2.9711    5.4897    8.0613  -12.1209
eta,q 0.97354  9.97941
  0.0278  0.0275  0.0273  0.0273  0.0274  0.0284  0.0275  0.0286  0.0272  0.0276  0.0270  0.0269
  0.0270  0.0269  0.0269  0.0269  0.0269  0.0277  0.0269  0.0275  0.0268  0.0270  0.0267  0.0266
  0.0266  0.0266  0.0266  0.0266  0.0266  0.0269  0.0266  0.0267  0.0265  0.0266  0.0265  0.0265
  0.0265  0.0265  0.0265  0.0265  0.0265  0.0265  0.0265  0.0265  0.0265  0.0265  0.0265  0.0265
  0.0266  0.0266  0.0265  0.0265  0.0266  0.0266  0.0266  0.0267  0.0266  0.0266  0.0265  0.0265
  0.0271  0.0270  0.0267  0.0268  0.0269  0.0270  0.0269  0.0275  0.0268  0.0270  0.0267  0.0266
  0.0278  0.0275  0.0270  0.0274  0.0274  0.0281  0.0275  0.0286  0.0273  0.0276  0.0270  0.0268
niter,ni,del,rscale     3    3    5.0000    0.6000
parameters
   -2.9388   -5.2485   14.4226   -2.0325   -8.2008   -0.8605
   -0.7279   -8.5244    2.9556    5.4773    8.0804  -12.0817
eta,q 0.97356  9.98720
  0.0274  0.0272  0.0271  0.0271  0.0271  0.0280  0.0272  0.0281  0.0270  0.0273  0.0269  0.0267
  0.0269  0.0268  0.0267  0.0268  0.0268  0.0273  0.0268  0.0272  0.0267  0.0268  0.0266  0.0266
  0.0266  0.0265  0.0265  0.0266  0.0265  0.0267  0.0265  0.0267  0.0265  0.0265  0.0265  0.0265
  0.0265  0.0265  0.0265  0.0265  0.0264  0.0264  0.0264  0.0264  0.0264  0.0264  0.0264  0.0264
  0.0266  0.0266  0.0265  0.0265  0.0265  0.0265  0.0265  0.0266  0.0265  0.0265  0.0265  0.0265
  0.0269  0.0268  0.0266  0.0267  0.0268  0.0269  0.0268  0.0272  0.0267  0.0268  0.0266  0.0266
  0.0274  0.0272  0.0268  0.0272  0.0272  0.0277  0.0272  0.0281  0.0270  0.0273  0.0269  0.0267
niter,ni,del,rscale     2    3    5.0000    0.5000
parameters
   -2.9562   -5.2742   14.5456   -2.0180   -8.2451   -0.6362
   -0.7510   -8.5294    2.9470    5.4813    8.0674  -12.0439
eta,q 0.97356  9.99353
  0.0271  0.0269  0.0269  0.0269  0.0269  0.0276  0.0270  0.0276  0.0269  0.0270  0.0267  0.0266
  0.0267  0.0266  0.0266  0.0267  0.0267  0.0270  0.0267  0.0270  0.0266  0.0267  0.0266  0.0265
  0.0265  0.0265  0.0265  0.0265  0.0265  0.0266  0.0265  0.0266  0.0265  0.0265  0.0265  0.0265
  0.0264  0.0264  0.0264  0.0264  0.0264  0.0264  0.0264  0.0264  0.0264  0.0264  0.0264  0.0264
  0.0265  0.0265  0.0265  0.0265  0.0265  0.0265  0.0265  0.0266  0.0265  0.0265  0.0265  0.0265
  0.0268  0.0267  0.0265  0.0266  0.0267  0.0268  0.0267  0.0270  0.0266  0.0267  0.0266  0.0265
  0.0271  0.0270  0.0267  0.0269  0.0269  0.0273  0.0270  0.0276  0.0269  0.0270  0.0267  0.0266
niter,ni,del,rscale     1    3    5.0000    0.4000
parameters
   -2.9727   -5.2907   14.6444   -2.0059   -8.2721   -0.4846
   -0.7692   -8.5270    2.9473    5.4903    8.0547  -11.9989
eta,q 0.97356  9.99833
  0.0269  0.0268  0.0267  0.0267  0.0267  0.0272  0.0268  0.0272  0.0267  0.0268  0.0266  0.0266
  0.0266  0.0266  0.0266  0.0266  0.0266  0.0268  0.0266  0.0268  0.0266  0.0266  0.0265  0.0265
  0.0265  0.0265  0.0265  0.0265  0.0265  0.0265  0.0265  0.0265  0.0265  0.0265  0.0265  0.0264
  0.0264  0.0264  0.0264  0.0264  0.0264  0.0264  0.0264  0.0264  0.0264  0.0264  0.0264  0.0264
  0.0265  0.0265  0.0264  0.0265  0.0265  0.0265  0.0265  0.0265  0.0265  0.0265  0.0265  0.0265
  0.0266  0.0266  0.0265  0.0266  0.0266  0.0267  0.0266  0.0268  0.0266  0.0266  0.0265  0.0265
  0.0269  0.0268  0.0266  0.0267  0.0268  0.0270  0.0268  0.0272  0.0267  0.0268  0.0266  0.0266
registration optimization eta report
parameter search radius
    0.8000    0.8000    0.8000    2.4000    2.4000    2.4000
    2.4000    2.4000    2.4000    2.4000    2.4000    2.4000
100000*second partial in parameter space
       68.       52.       33.        5.        5.       11.
        6.       13.        5.        7.        3.        2.
  0.0269  0.0268  0.0267  0.0267  0.0267  0.0272  0.0268  0.0272  0.0267  0.0268  0.0266  0.0266
  0.0266  0.0266  0.0266  0.0266  0.0266  0.0268  0.0266  0.0268  0.0266  0.0266  0.0265  0.0265
  0.0265  0.0265  0.0265  0.0265  0.0265  0.0265  0.0265  0.0265  0.0265  0.0265  0.0265  0.0264
  0.0264  0.0264  0.0264  0.0264  0.0264  0.0264  0.0264  0.0264  0.0264  0.0264  0.0264  0.0264
  0.0265  0.0265  0.0264  0.0265  0.0265  0.0265  0.0265  0.0265  0.0265  0.0265  0.0265  0.0265
  0.0266  0.0266  0.0265  0.0266  0.0266  0.0267  0.0266  0.0268  0.0266  0.0266  0.0265  0.0265
  0.0269  0.0268  0.0266  0.0267  0.0268  0.0270  0.0268  0.0272  0.0267  0.0268  0.0266  0.0266
   -2.9727   -5.2907   14.6444   -2.0059   -8.2721   -0.4846
   -0.7692   -8.5270    2.9473    5.4903    8.0547  -11.9989
eta,q 0.97356  9.99833

---------------------------------------------------------------------
imgreg_4dfp /opt/freesurfer/average/711-2C_as_mni_average_305 /opt/freesurfer/average/711-2B_as_mni_average_305_mask talsrcimg_g11 none talsrcimg_to_711-2C_as_mni_average_305_t4 2311
---------------------------------------------------------------------

freesurfer imgreg_4dfp.c
/opt/freesurfer/average/711-2C_as_mni_average_305.4dfp.img
       256       256       256         1
  1.000000  1.000000  1.000000
orientation T byte_order littleendian
Reading image: /opt/freesurfer/average/711-2C_as_mni_average_305.4dfp.img
dimensions:      256       256       256
mmppix:       1.0000   -1.0000   -1.0000
center:     128.0000 -129.0000 -129.0000
/opt/freesurfer/average/711-2B_as_mni_average_305_mask.4dfp.img
       256       256       256         1
  1.000000  1.000000  1.000000
orientation T byte_order littleendian
Reading mask: /opt/freesurfer/average/711-2B_as_mni_average_305_mask.4dfp.img (2306576 pixels)
talsrcimg_g11.4dfp.img
       256       256       256         1
  1.000000  1.000000  1.000000
orientation T byte_order littleendian
Reading image: talsrcimg_g11.4dfp.img
dimensions:      256       256       256
mmppix:       1.0000   -1.0000   -1.0000
center:     128.0000 -129.0000 -129.0000
fimgreg.f
image alignment mode   2311 decimal      907 hex
parameters
   -2.9727   -5.2907   14.6444   -2.0059   -8.2721   -0.4846
   -0.7692   -8.5270    2.9473    5.4903    8.0547  -11.9989
eta,q 0.97356  9.99833
niter,ni,del,rscale     5    3    5.0000    0.8000
parameters
   -2.9621   -5.2751   14.7299   -2.3309   -8.3227   -0.6606
   -0.7189   -8.5962    2.9434    5.4064    8.0857  -11.8445
eta,q 0.97355  9.98257
  0.0282  0.0278  0.0273  0.0275  0.0276  0.0284  0.0279  0.0291  0.0275  0.0279  0.0272  0.0270
  0.0272  0.0270  0.0268  0.0269  0.0270  0.0276  0.0271  0.0277  0.0269  0.0271  0.0268  0.0267
  0.0266  0.0266  0.0266  0.0266  0.0266  0.0268  0.0266  0.0268  0.0266  0.0266  0.0265  0.0265
  0.0264  0.0264  0.0264  0.0264  0.0264  0.0264  0.0265  0.0265  0.0264  0.0264  0.0265  0.0265
  0.0266  0.0266  0.0265  0.0266  0.0266  0.0267  0.0266  0.0268  0.0266  0.0266  0.0265  0.0265
  0.0272  0.0270  0.0267  0.0271  0.0270  0.0275  0.0270  0.0278  0.0269  0.0272  0.0268  0.0267
  0.0281  0.0277  0.0272  0.0280  0.0277  0.0291  0.0278  0.0293  0.0275  0.0280  0.0271  0.0269
niter,ni,del,rscale     4    3    5.0000    0.7000
parameters
   -2.9730   -5.2959   14.6380   -2.1956   -8.2731   -0.6912
   -0.7418   -8.5846    2.9444    5.3949    8.0849  -11.8935
eta,q 0.97356  9.98679
  0.0277  0.0274  0.0270  0.0274  0.0274  0.0282  0.0275  0.0286  0.0273  0.0276  0.0270  0.0268
  0.0270  0.0269  0.0267  0.0269  0.0269  0.0274  0.0269  0.0275  0.0268  0.0269  0.0267  0.0266
  0.0266  0.0265  0.0265  0.0266  0.0266  0.0267  0.0265  0.0267  0.0265  0.0266  0.0265  0.0265
  0.0265  0.0265  0.0264  0.0264  0.0264  0.0264  0.0264  0.0264  0.0264  0.0264  0.0264  0.0264
  0.0266  0.0266  0.0266  0.0265  0.0265  0.0266  0.0266  0.0267  0.0265  0.0266  0.0265  0.0265
  0.0271  0.0269  0.0268  0.0268  0.0268  0.0272  0.0269  0.0274  0.0268  0.0269  0.0267  0.0266
  0.0278  0.0275  0.0272  0.0274  0.0273  0.0284  0.0275  0.0286  0.0272  0.0276  0.0270  0.0268
niter,ni,del,rscale     3    3    5.0000    0.6000
parameters
   -2.9728   -5.2974   14.6319   -2.1115   -8.2584   -0.6048
   -0.7540   -8.5645    2.9415    5.4200    8.0862  -11.9243
eta,q 0.97357  9.99218
  0.0274  0.0272  0.0269  0.0271  0.0271  0.0279  0.0272  0.0281  0.0270  0.0273  0.0268  0.0267
  0.0269  0.0268  0.0266  0.0268  0.0268  0.0272  0.0268  0.0272  0.0267  0.0268  0.0266  0.0266
  0.0265  0.0265  0.0265  0.0265  0.0265  0.0266  0.0265  0.0267  0.0265  0.0265  0.0265  0.0265
  0.0264  0.0264  0.0264  0.0264  0.0264  0.0264  0.0264  0.0264  0.0264  0.0264  0.0264  0.0264
  0.0266  0.0265  0.0265  0.0265  0.0265  0.0266  0.0265  0.0266  0.0265  0.0265  0.0265  0.0265
  0.0269  0.0268  0.0267  0.0267  0.0267  0.0270  0.0268  0.0272  0.0267  0.0268  0.0266  0.0266
  0.0274  0.0272  0.0269  0.0271  0.0271  0.0278  0.0272  0.0281  0.0270  0.0273  0.0268  0.0267
niter,ni,del,rscale     2    3    5.0000    0.5000
parameters
   -2.9769   -5.2998   14.6700   -2.0630   -8.2694   -0.4828
   -0.7732   -8.5524    2.9372    5.4466    8.0763  -11.9512
eta,q 0.97356  9.99691
  0.0271  0.0270  0.0268  0.0269  0.0269  0.0275  0.0270  0.0276  0.0269  0.0270  0.0267  0.0266
  0.0267  0.0267  0.0266  0.0267  0.0267  0.0270  0.0267  0.0270  0.0266  0.0267  0.0266  0.0265
  0.0265  0.0265  0.0265  0.0265  0.0265  0.0266  0.0265  0.0266  0.0265  0.0265  0.0265  0.0265
  0.0264  0.0264  0.0264  0.0264  0.0264  0.0264  0.0264  0.0264  0.0264  0.0264  0.0264  0.0264
  0.0265  0.0265  0.0265  0.0265  0.0265  0.0265  0.0265  0.0266  0.0265  0.0265  0.0265  0.0265
  0.0268  0.0267  0.0266  0.0266  0.0267  0.0268  0.0267  0.0270  0.0266  0.0267  0.0266  0.0265
  0.0271  0.0270  0.0267  0.0269  0.0269  0.0274  0.0270  0.0276  0.0269  0.0270  0.0267  0.0266
niter,ni,del,rscale     1    3    5.0000    0.4000
parameters
   -2.9860   -5.3083   14.7268   -2.0286   -8.2970   -0.3842
   -0.7780   -8.5524    2.9446    5.4735    8.0633  -11.9399
eta,q 0.97356 10.00049
  0.0269  0.0268  0.0267  0.0267  0.0267  0.0271  0.0268  0.0272  0.0267  0.0268  0.0266  0.0266
  0.0266  0.0266  0.0265  0.0266  0.0266  0.0267  0.0266  0.0268  0.0266  0.0266  0.0265  0.0265
  0.0265  0.0265  0.0265  0.0265  0.0265  0.0265  0.0265  0.0265  0.0265  0.0265  0.0265  0.0264
  0.0264  0.0264  0.0264  0.0264  0.0264  0.0264  0.0264  0.0264  0.0264  0.0264  0.0264  0.0264
  0.0265  0.0265  0.0265  0.0265  0.0265  0.0265  0.0265  0.0265  0.0265  0.0265  0.0265  0.0265
  0.0266  0.0266  0.0265  0.0266  0.0266  0.0267  0.0266  0.0268  0.0266  0.0266  0.0265  0.0265
  0.0269  0.0268  0.0266  0.0267  0.0268  0.0270  0.0268  0.0272  0.0267  0.0268  0.0266  0.0266
registration optimization eta report
parameter search radius
    0.8000    0.8000    0.8000    2.4000    2.4000    2.4000
    2.4000    2.4000    2.4000    2.4000    2.4000    2.4000
100000*second partial in parameter space
       67.       51.       31.        5.        5.       11.
        6.       13.        5.        6.        3.        2.
  0.0269  0.0268  0.0267  0.0267  0.0267  0.0271  0.0268  0.0272  0.0267  0.0268  0.0266  0.0266
  0.0266  0.0266  0.0265  0.0266  0.0266  0.0267  0.0266  0.0268  0.0266  0.0266  0.0265  0.0265
  0.0265  0.0265  0.0265  0.0265  0.0265  0.0265  0.0265  0.0265  0.0265  0.0265  0.0265  0.0264
  0.0264  0.0264  0.0264  0.0264  0.0264  0.0264  0.0264  0.0264  0.0264  0.0264  0.0264  0.0264
  0.0265  0.0265  0.0265  0.0265  0.0265  0.0265  0.0265  0.0265  0.0265  0.0265  0.0265  0.0265
  0.0266  0.0266  0.0265  0.0266  0.0266  0.0267  0.0266  0.0268  0.0266  0.0266  0.0265  0.0265
  0.0269  0.0268  0.0266  0.0267  0.0268  0.0270  0.0268  0.0272  0.0267  0.0268  0.0266  0.0266
   -2.9860   -5.3083   14.7268   -2.0286   -8.2970   -0.3842
   -0.7780   -8.5524    2.9446    5.4735    8.0633  -11.9399
eta,q 0.97356 10.00049

---------------------------------------------------------------------
compute_vox2vox talsrcimg talsrcimg_to_711-2C_as_mni_average_305_t4 /opt/freesurfer/average/711-2C_as_mni_average_305
---------------------------------------------------------------------

freesurfer compute_vox2vox.c
Reading: talsrcimg.4dfp.ifh
Reading: talsrcimg_to_711-2C_as_mni_average_305_t4
Reading: /opt/freesurfer/average/711-2C_as_mni_average_305.4dfp.ifh
Writing: talsrcimg_to_711-2C_as_mni_average_305_t4_vox2vox.txt

start time Tue Mar 10 22:32:16 CET 2026
end		time Tue Mar 10 22:33:42 CET 2026

mpr2mni305 success

avi2talxfm orig_nu.mgz /opt/freesurfer/average/mni305.cor.mgz talsrcimg_to_711-2C_as_mni_average_305_t4_vox2vox.txt transforms/talairach.auto.xfm
avi2talxfm done
mv -f /out/sourcedata/freesurfer/sub-v2s12x28861_ses-1/mri/talsrcimg_to_711-2C_as_mni_average_305_t4_vox2vox.txt /out/sourcedata/freesurfer/sub-v2s12x28861_ses-1/mri/transforms/talsrcimg_to_711-2C_as_mni_average_305_t4_vox2vox.txt
lta_convert --src orig_nu.mgz --trg /opt/freesurfer/average/mni305.cor.mgz --inxfm transforms/talairach.auto.xfm --outlta transforms/talairach.auto.xfm.lta --subject fsaverage
7.3.2

--src: orig_nu.mgz src image (geometry).
--trg: /opt/freesurfer/average/mni305.cor.mgz trg image (geometry).
--inmni: transforms/talairach.auto.xfm input MNI/XFM transform.
--outlta: transforms/talairach.auto.xfm.lta output LTA.
--s: fsaverage subject name
 LTA read, type : 1
 1.01304   0.08589   0.01978  -0.71587;
-0.08529   0.98949   0.12811  -23.31089;
-0.02744  -0.06182   1.08220   1.23065;
 0.00000   0.00000   0.00000   1.00000;
setting subject to fsaverage
Writing  LTA to file transforms/talairach.auto.xfm.lta...
lta_convert successful.
 
 
Started at Tue Mar 10 22:32:15 CET 2026
Ended   at Tue Mar 10 22:33:43 CET 2026
talairach_avi done
