status file for recon-all
Wed Mar 11 02:00:24 CET 2026
#@# MotionCor Wed Mar 11 02:00:26 CET 2026
#@# Talairach Wed Mar 11 02:00:33 CET 2026
#@# Talairach Failure Detection Wed Mar 11 02:04:59 CET 2026
#@# Nu Intensity Correction Wed Mar 11 02:04:59 CET 2026
#@# Intensity Normalization Wed Mar 11 02:08:13 CET 2026
recon-all -s sub-v2s12x28890_ses-1 finished without error at Wed Mar 11 02:09:43 CET 2026



#New# invocation of recon-all 



status file for recon-all
Wed Mar 11 02:17:14 CET 2026
#@# EM Registration Wed Mar 11 02:17:14 CET 2026
recon-all -s sub-v2s12x28890_ses-1 finished without error at Wed Mar 11 02:19:07 CET 2026



#New# invocation of recon-all 



status file for recon-all
Wed Mar 11 02:19:09 CET 2026
#@# CA Normalize Wed Mar 11 02:19:09 CET 2026
#@# CA Reg Wed Mar 11 02:20:30 CET 2026
#@# SubCort Seg Wed Mar 11 03:10:41 CET 2026
#@# CC Seg Wed Mar 11 03:39:07 CET 2026
#@# Merge ASeg Wed Mar 11 03:39:40 CET 2026
#@# Intensity Normalization2 Wed Mar 11 03:39:40 CET 2026
#@# Mask BFS Wed Mar 11 03:41:56 CET 2026
#@# WM Segmentation Wed Mar 11 03:41:57 CET 2026
#@# Fill Wed Mar 11 03:43:49 CET 2026
recon-all -s sub-v2s12x28890_ses-1 finished without error at Wed Mar 11 03:44:50 CET 2026



#New# invocation of recon-all 



status file for recon-all
Wed Mar 11 04:33:39 CET 2026
#@# white curv lh Wed Mar 11 04:33:39 CET 2026
#@# white area lh Wed Mar 11 04:33:39 CET 2026
#@# pial curv lh Wed Mar 11 04:33:39 CET 2026
#@# pial area lh Wed Mar 11 04:33:39 CET 2026
#@# thickness lh Wed Mar 11 04:33:39 CET 2026
#@# area and vertex vol lh Wed Mar 11 04:33:39 CET 2026
#@# white curv rh Wed Mar 11 04:33:39 CET 2026
#@# white area rh Wed Mar 11 04:33:39 CET 2026
#@# pial curv rh Wed Mar 11 04:33:39 CET 2026
#@# pial area rh Wed Mar 11 04:33:39 CET 2026
#@# thickness rh Wed Mar 11 04:33:39 CET 2026
#@# area and vertex vol rh Wed Mar 11 04:33:39 CET 2026
#@# Cortical ribbon mask Wed Mar 11 04:33:39 CET 2026
recon-all -s sub-v2s12x28890_ses-1 finished without error at Wed Mar 11 04:41:29 CET 2026



#New# invocation of recon-all 



status file for recon-all
Wed Mar 11 04:47:55 CET 2026
#@# white curv lh Wed Mar 11 04:47:55 CET 2026
#@# white area lh Wed Mar 11 04:47:55 CET 2026
#@# pial curv lh Wed Mar 11 04:47:55 CET 2026
#@# pial area lh Wed Mar 11 04:47:55 CET 2026
#@# thickness lh Wed Mar 11 04:47:55 CET 2026
#@# area and vertex vol lh Wed Mar 11 04:47:55 CET 2026
#@# white curv rh Wed Mar 11 04:47:55 CET 2026
#@# white area rh Wed Mar 11 04:47:55 CET 2026
#@# pial curv rh Wed Mar 11 04:47:55 CET 2026
#@# pial area rh Wed Mar 11 04:47:55 CET 2026
#@# thickness rh Wed Mar 11 04:47:55 CET 2026
#@# area and vertex vol rh Wed Mar 11 04:47:55 CET 2026
#@# Curvature Stats lh Wed Mar 11 04:47:55 CET 2026
#@# Curvature Stats rh Wed Mar 11 04:47:57 CET 2026
#@# Relabel Hypointensities Wed Mar 11 04:48:00 CET 2026
#@# APas-to-ASeg Wed Mar 11 04:48:15 CET 2026
#@# AParc-to-ASeg aparc Wed Mar 11 04:48:23 CET 2026
#@# AParc-to-ASeg aparc.a2009s Wed Mar 11 04:48:56 CET 2026
#@# AParc-to-ASeg aparc.DKTatlas Wed Mar 11 04:49:32 CET 2026
#@# WMParc Wed Mar 11 04:50:03 CET 2026
#@# ASeg Stats Wed Mar 11 04:53:34 CET 2026
recon-all -s sub-v2s12x28890_ses-1 finished without error at Wed Mar 11 04:54:15 CET 2026
