status file for recon-all
Wed Mar 11 03:44:54 CET 2026
#@# Tessellate lh Wed Mar 11 03:44:54 CET 2026
#@# Smooth1 lh Wed Mar 11 03:44:58 CET 2026
#@# Inflation1 lh Wed Mar 11 03:45:01 CET 2026
#@# QSphere lh Wed Mar 11 03:45:14 CET 2026
#@# Fix Topology lh Wed Mar 11 03:46:17 CET 2026
#@# Smooth2 lh Wed Mar 11 03:52:02 CET 2026
#@# Inflation2 lh Wed Mar 11 03:52:04 CET 2026
#@# Curv .H and .K lh Wed Mar 11 03:52:19 CET 2026
#@# Sphere lh Wed Mar 11 03:53:03 CET 2026
#@# Surf Reg lh Wed Mar 11 03:56:39 CET 2026
#@# Jacobian white lh Wed Mar 11 04:00:43 CET 2026
#@# AvgCurv lh Wed Mar 11 04:00:43 CET 2026
#@# Cortical Parc lh Wed Mar 11 04:00:44 CET 2026
#@# white curv lh Wed Mar 11 04:07:50 CET 2026
#@# white area lh Wed Mar 11 04:07:52 CET 2026
#@# pial curv lh Wed Mar 11 04:07:52 CET 2026
#@# pial area lh Wed Mar 11 04:07:54 CET 2026
#@# thickness lh Wed Mar 11 04:07:55 CET 2026
#@# area and vertex vol lh Wed Mar 11 04:08:23 CET 2026
#@# Curvature Stats lh Wed Mar 11 04:08:25 CET 2026
#@# Cortical Parc 2 lh Wed Mar 11 04:08:27 CET 2026
#@# Cortical Parc 3 lh Wed Mar 11 04:08:40 CET 2026
#@# WM/GM Contrast lh Wed Mar 11 04:08:49 CET 2026
recon-all -s sub-v2s12x28890_ses-1 finished without error at Wed Mar 11 04:08:52 CET 2026



#New# invocation of recon-all 



status file for recon-all
Wed Mar 11 04:41:33 CET 2026
#@# white curv lh Wed Mar 11 04:41:33 CET 2026
#@# white area lh Wed Mar 11 04:41:33 CET 2026
#@# pial curv lh Wed Mar 11 04:41:33 CET 2026
#@# pial area lh Wed Mar 11 04:41:33 CET 2026
#@# thickness lh Wed Mar 11 04:41:33 CET 2026
#@# area and vertex vol lh Wed Mar 11 04:41:33 CET 2026
#@# Parcellation Stats lh Wed Mar 11 04:41:33 CET 2026
#@# Parcellation Stats 2 lh Wed Mar 11 04:41:51 CET 2026
#@# Parcellation Stats 3 lh Wed Mar 11 04:42:00 CET 2026
#@# BA_exvivo Labels lh Wed Mar 11 04:42:08 CET 2026
recon-all -s sub-v2s12x28890_ses-1 finished without error at Wed Mar 11 04:44:41 CET 2026
