status file for recon-all
Wed Mar 11 00:28:15 CET 2026
#@# Tessellate rh Wed Mar 11 00:28:15 CET 2026
#@# Smooth1 rh Wed Mar 11 00:28:19 CET 2026
#@# Inflation1 rh Wed Mar 11 00:28:21 CET 2026
#@# QSphere rh Wed Mar 11 00:28:34 CET 2026
#@# Fix Topology rh Wed Mar 11 00:29:36 CET 2026
#@# Smooth2 rh Wed Mar 11 00:36:11 CET 2026
#@# Inflation2 rh Wed Mar 11 00:36:14 CET 2026
#@# Curv .H and .K rh Wed Mar 11 00:36:28 CET 2026
#@# Sphere rh Wed Mar 11 00:37:16 CET 2026
#@# Surf Reg rh Wed Mar 11 00:41:16 CET 2026
#@# Jacobian white rh Wed Mar 11 00:45:01 CET 2026
#@# AvgCurv rh Wed Mar 11 00:45:01 CET 2026
#@# Cortical Parc rh Wed Mar 11 00:45:02 CET 2026
#@# white curv rh Wed Mar 11 00:52:03 CET 2026
#@# white area rh Wed Mar 11 00:52:05 CET 2026
#@# pial curv rh Wed Mar 11 00:52:05 CET 2026
#@# pial area rh Wed Mar 11 00:52:07 CET 2026
#@# thickness rh Wed Mar 11 00:52:08 CET 2026
#@# area and vertex vol rh Wed Mar 11 00:52:38 CET 2026
#@# Curvature Stats rh Wed Mar 11 00:52:40 CET 2026
#@# Cortical Parc 2 rh Wed Mar 11 00:52:42 CET 2026
#@# Cortical Parc 3 rh Wed Mar 11 00:52:55 CET 2026
#@# WM/GM Contrast rh Wed Mar 11 00:53:06 CET 2026
recon-all -s sub-v2s12x28860_ses-1 finished without error at Wed Mar 11 00:53:09 CET 2026



#New# invocation of recon-all 



status file for recon-all
Wed Mar 11 01:04:56 CET 2026
#@# white curv rh Wed Mar 11 01:04:56 CET 2026
#@# white area rh Wed Mar 11 01:04:56 CET 2026
#@# pial curv rh Wed Mar 11 01:04:56 CET 2026
#@# pial area rh Wed Mar 11 01:04:56 CET 2026
#@# thickness rh Wed Mar 11 01:04:56 CET 2026
#@# area and vertex vol rh Wed Mar 11 01:04:56 CET 2026
#@# Parcellation Stats rh Wed Mar 11 01:04:56 CET 2026
#@# Parcellation Stats 2 rh Wed Mar 11 01:05:15 CET 2026
#@# Parcellation Stats 3 rh Wed Mar 11 01:05:25 CET 2026
#@# BA_exvivo Labels rh Wed Mar 11 01:05:35 CET 2026
recon-all -s sub-v2s12x28860_ses-1 finished without error at Wed Mar 11 01:08:10 CET 2026
