status file for recon-all
Tue Mar 10 22:29:15 CET 2026
#@# MotionCor Tue Mar 10 22:29:17 CET 2026
#@# Talairach Tue Mar 10 22:29:25 CET 2026
#@# Talairach Failure Detection Tue Mar 10 22:33:51 CET 2026
#@# Nu Intensity Correction Tue Mar 10 22:33:51 CET 2026
#@# Intensity Normalization Tue Mar 10 22:37:06 CET 2026
recon-all -s sub-v2s12x28860_ses-1 finished without error at Tue Mar 10 22:38:39 CET 2026



#New# invocation of recon-all 



status file for recon-all
Tue Mar 10 22:45:23 CET 2026
#@# EM Registration Tue Mar 10 22:45:23 CET 2026
recon-all -s sub-v2s12x28860_ses-1 finished without error at Tue Mar 10 22:47:17 CET 2026



#New# invocation of recon-all 



status file for recon-all
Tue Mar 10 22:47:20 CET 2026
#@# CA Normalize Tue Mar 10 22:47:20 CET 2026
#@# CA Reg Tue Mar 10 22:48:41 CET 2026
#@# SubCort Seg Tue Mar 10 23:33:04 CET 2026
#@# CC Seg Wed Mar 11 00:01:41 CET 2026
#@# Merge ASeg Wed Mar 11 00:02:20 CET 2026
#@# Intensity Normalization2 Wed Mar 11 00:02:20 CET 2026
#@# Mask BFS Wed Mar 11 00:04:32 CET 2026
#@# WM Segmentation Wed Mar 11 00:04:33 CET 2026
#@# Fill Wed Mar 11 00:06:23 CET 2026
recon-all -s sub-v2s12x28860_ses-1 finished without error at Wed Mar 11 00:07:25 CET 2026



#New# invocation of recon-all 



status file for recon-all
Wed Mar 11 00:53:14 CET 2026
#@# white curv lh Wed Mar 11 00:53:14 CET 2026
#@# white area lh Wed Mar 11 00:53:14 CET 2026
#@# pial curv lh Wed Mar 11 00:53:14 CET 2026
#@# pial area lh Wed Mar 11 00:53:14 CET 2026
#@# thickness lh Wed Mar 11 00:53:14 CET 2026
#@# area and vertex vol lh Wed Mar 11 00:53:14 CET 2026
#@# white curv rh Wed Mar 11 00:53:14 CET 2026
#@# white area rh Wed Mar 11 00:53:14 CET 2026
#@# pial curv rh Wed Mar 11 00:53:14 CET 2026
#@# pial area rh Wed Mar 11 00:53:14 CET 2026
#@# thickness rh Wed Mar 11 00:53:14 CET 2026
#@# area and vertex vol rh Wed Mar 11 00:53:14 CET 2026
#@# Cortical ribbon mask Wed Mar 11 00:53:14 CET 2026
recon-all -s sub-v2s12x28860_ses-1 finished without error at Wed Mar 11 01:01:46 CET 2026



#New# invocation of recon-all 



status file for recon-all
Wed Mar 11 01:08:14 CET 2026
#@# white curv lh Wed Mar 11 01:08:14 CET 2026
#@# white area lh Wed Mar 11 01:08:14 CET 2026
#@# pial curv lh Wed Mar 11 01:08:14 CET 2026
#@# pial area lh Wed Mar 11 01:08:14 CET 2026
#@# thickness lh Wed Mar 11 01:08:14 CET 2026
#@# area and vertex vol lh Wed Mar 11 01:08:14 CET 2026
#@# white curv rh Wed Mar 11 01:08:14 CET 2026
#@# white area rh Wed Mar 11 01:08:14 CET 2026
#@# pial curv rh Wed Mar 11 01:08:14 CET 2026
#@# pial area rh Wed Mar 11 01:08:14 CET 2026
#@# thickness rh Wed Mar 11 01:08:14 CET 2026
#@# area and vertex vol rh Wed Mar 11 01:08:14 CET 2026
#@# Curvature Stats lh Wed Mar 11 01:08:14 CET 2026
#@# Curvature Stats rh Wed Mar 11 01:08:16 CET 2026
#@# Relabel Hypointensities Wed Mar 11 01:08:19 CET 2026
#@# APas-to-ASeg Wed Mar 11 01:08:34 CET 2026
#@# AParc-to-ASeg aparc Wed Mar 11 01:08:43 CET 2026
#@# AParc-to-ASeg aparc.a2009s Wed Mar 11 01:09:36 CET 2026
#@# AParc-to-ASeg aparc.DKTatlas Wed Mar 11 01:10:27 CET 2026
#@# WMParc Wed Mar 11 01:11:12 CET 2026
#@# ASeg Stats Wed Mar 11 01:15:15 CET 2026
recon-all -s sub-v2s12x28860_ses-1 finished without error at Wed Mar 11 01:15:53 CET 2026
