status file for recon-all
Wed Mar 11 02:07:05 CET 2026
#@# MotionCor Wed Mar 11 02:07:07 CET 2026
#@# Talairach Wed Mar 11 02:07:14 CET 2026
#@# Talairach Failure Detection Wed Mar 11 02:11:41 CET 2026
#@# Nu Intensity Correction Wed Mar 11 02:11:41 CET 2026
#@# Intensity Normalization Wed Mar 11 02:14:56 CET 2026
recon-all -s sub-v2s12x28891_ses-1 finished without error at Wed Mar 11 02:16:21 CET 2026



#New# invocation of recon-all 



status file for recon-all
Wed Mar 11 02:23:27 CET 2026
#@# EM Registration Wed Mar 11 02:23:27 CET 2026
recon-all -s sub-v2s12x28891_ses-1 finished without error at Wed Mar 11 02:25:20 CET 2026



#New# invocation of recon-all 



status file for recon-all
Wed Mar 11 02:25:23 CET 2026
#@# CA Normalize Wed Mar 11 02:25:23 CET 2026
#@# CA Reg Wed Mar 11 02:26:43 CET 2026
#@# SubCort Seg Wed Mar 11 03:09:08 CET 2026
#@# CC Seg Wed Mar 11 03:38:29 CET 2026
#@# Merge ASeg Wed Mar 11 03:39:04 CET 2026
#@# Intensity Normalization2 Wed Mar 11 03:39:04 CET 2026
#@# Mask BFS Wed Mar 11 03:41:11 CET 2026
#@# WM Segmentation Wed Mar 11 03:41:12 CET 2026
#@# Fill Wed Mar 11 03:43:10 CET 2026
recon-all -s sub-v2s12x28891_ses-1 finished without error at Wed Mar 11 03:44:12 CET 2026



#New# invocation of recon-all 



status file for recon-all
Wed Mar 11 04:26:26 CET 2026
#@# white curv lh Wed Mar 11 04:26:26 CET 2026
#@# white area lh Wed Mar 11 04:26:26 CET 2026
#@# pial curv lh Wed Mar 11 04:26:26 CET 2026
#@# pial area lh Wed Mar 11 04:26:26 CET 2026
#@# thickness lh Wed Mar 11 04:26:26 CET 2026
#@# area and vertex vol lh Wed Mar 11 04:26:26 CET 2026
#@# white curv rh Wed Mar 11 04:26:26 CET 2026
#@# white area rh Wed Mar 11 04:26:26 CET 2026
#@# pial curv rh Wed Mar 11 04:26:26 CET 2026
#@# pial area rh Wed Mar 11 04:26:26 CET 2026
#@# thickness rh Wed Mar 11 04:26:26 CET 2026
#@# area and vertex vol rh Wed Mar 11 04:26:26 CET 2026
#@# Cortical ribbon mask Wed Mar 11 04:26:26 CET 2026
recon-all -s sub-v2s12x28891_ses-1 finished without error at Wed Mar 11 04:34:22 CET 2026



#New# invocation of recon-all 



status file for recon-all
Wed Mar 11 04:40:40 CET 2026
#@# white curv lh Wed Mar 11 04:40:40 CET 2026
#@# white area lh Wed Mar 11 04:40:40 CET 2026
#@# pial curv lh Wed Mar 11 04:40:40 CET 2026
#@# pial area lh Wed Mar 11 04:40:40 CET 2026
#@# thickness lh Wed Mar 11 04:40:40 CET 2026
#@# area and vertex vol lh Wed Mar 11 04:40:40 CET 2026
#@# white curv rh Wed Mar 11 04:40:40 CET 2026
#@# white area rh Wed Mar 11 04:40:40 CET 2026
#@# pial curv rh Wed Mar 11 04:40:40 CET 2026
#@# pial area rh Wed Mar 11 04:40:40 CET 2026
#@# thickness rh Wed Mar 11 04:40:40 CET 2026
#@# area and vertex vol rh Wed Mar 11 04:40:40 CET 2026
#@# Curvature Stats lh Wed Mar 11 04:40:40 CET 2026
#@# Curvature Stats rh Wed Mar 11 04:40:42 CET 2026
#@# Relabel Hypointensities Wed Mar 11 04:40:45 CET 2026
#@# APas-to-ASeg Wed Mar 11 04:41:00 CET 2026
#@# AParc-to-ASeg aparc Wed Mar 11 04:41:07 CET 2026
#@# AParc-to-ASeg aparc.a2009s Wed Mar 11 04:41:40 CET 2026
#@# AParc-to-ASeg aparc.DKTatlas Wed Mar 11 04:42:15 CET 2026
#@# WMParc Wed Mar 11 04:42:49 CET 2026
#@# ASeg Stats Wed Mar 11 04:46:23 CET 2026
recon-all -s sub-v2s12x28891_ses-1 finished without error at Wed Mar 11 04:46:56 CET 2026
