status file for recon-all
Wed Mar 11 00:13:58 CET 2026
#@# Tessellate rh Wed Mar 11 00:13:58 CET 2026
#@# Smooth1 rh Wed Mar 11 00:14:01 CET 2026
#@# Inflation1 rh Wed Mar 11 00:14:03 CET 2026
#@# QSphere rh Wed Mar 11 00:14:14 CET 2026
#@# Fix Topology rh Wed Mar 11 00:15:19 CET 2026
#@# Smooth2 rh Wed Mar 11 00:19:51 CET 2026
#@# Inflation2 rh Wed Mar 11 00:19:54 CET 2026
#@# Curv .H and .K rh Wed Mar 11 00:20:06 CET 2026
#@# Sphere rh Wed Mar 11 00:20:44 CET 2026
#@# Surf Reg rh Wed Mar 11 00:22:38 CET 2026
#@# Jacobian white rh Wed Mar 11 00:25:58 CET 2026
#@# AvgCurv rh Wed Mar 11 00:25:58 CET 2026
#@# Cortical Parc rh Wed Mar 11 00:25:59 CET 2026
#@# white curv rh Wed Mar 11 00:32:11 CET 2026
#@# white area rh Wed Mar 11 00:32:13 CET 2026
#@# pial curv rh Wed Mar 11 00:32:13 CET 2026
#@# pial area rh Wed Mar 11 00:32:15 CET 2026
#@# thickness rh Wed Mar 11 00:32:15 CET 2026
#@# area and vertex vol rh Wed Mar 11 00:32:38 CET 2026
#@# Curvature Stats rh Wed Mar 11 00:32:39 CET 2026
#@# Cortical Parc 2 rh Wed Mar 11 00:32:41 CET 2026
#@# Cortical Parc 3 rh Wed Mar 11 00:32:52 CET 2026
#@# WM/GM Contrast rh Wed Mar 11 00:33:00 CET 2026
recon-all -s sub-v2s12x28855_ses-1 finished without error at Wed Mar 11 00:33:03 CET 2026



#New# invocation of recon-all 



status file for recon-all
Wed Mar 11 00:41:15 CET 2026
#@# white curv rh Wed Mar 11 00:41:15 CET 2026
#@# white area rh Wed Mar 11 00:41:15 CET 2026
#@# pial curv rh Wed Mar 11 00:41:15 CET 2026
#@# pial area rh Wed Mar 11 00:41:15 CET 2026
#@# thickness rh Wed Mar 11 00:41:15 CET 2026
#@# area and vertex vol rh Wed Mar 11 00:41:15 CET 2026
#@# Parcellation Stats rh Wed Mar 11 00:41:15 CET 2026
#@# Parcellation Stats 2 rh Wed Mar 11 00:41:32 CET 2026
#@# Parcellation Stats 3 rh Wed Mar 11 00:41:40 CET 2026
#@# BA_exvivo Labels rh Wed Mar 11 00:41:48 CET 2026
recon-all -s sub-v2s12x28855_ses-1 finished without error at Wed Mar 11 00:44:01 CET 2026
