status file for recon-all
Tue Mar 10 23:53:03 CET 2026
#@# Tessellate lh Tue Mar 10 23:53:03 CET 2026
#@# Smooth1 lh Tue Mar 10 23:53:05 CET 2026
#@# Inflation1 lh Tue Mar 10 23:53:07 CET 2026
#@# QSphere lh Tue Mar 10 23:53:21 CET 2026
#@# Fix Topology lh Tue Mar 10 23:54:24 CET 2026
#@# Smooth2 lh Tue Mar 10 23:59:16 CET 2026
#@# Inflation2 lh Tue Mar 10 23:59:18 CET 2026
#@# Curv .H and .K lh Tue Mar 10 23:59:31 CET 2026
#@# Sphere lh Wed Mar 11 00:00:09 CET 2026
#@# Surf Reg lh Wed Mar 11 00:03:20 CET 2026
#@# Jacobian white lh Wed Mar 11 00:06:56 CET 2026
#@# AvgCurv lh Wed Mar 11 00:06:57 CET 2026
#@# Cortical Parc lh Wed Mar 11 00:06:58 CET 2026
#@# white curv lh Wed Mar 11 00:13:07 CET 2026
#@# white area lh Wed Mar 11 00:13:09 CET 2026
#@# pial curv lh Wed Mar 11 00:13:09 CET 2026
#@# pial area lh Wed Mar 11 00:13:11 CET 2026
#@# thickness lh Wed Mar 11 00:13:12 CET 2026
#@# area and vertex vol lh Wed Mar 11 00:13:32 CET 2026
#@# Curvature Stats lh Wed Mar 11 00:13:33 CET 2026
#@# Cortical Parc 2 lh Wed Mar 11 00:13:35 CET 2026
#@# Cortical Parc 3 lh Wed Mar 11 00:13:45 CET 2026
#@# WM/GM Contrast lh Wed Mar 11 00:13:53 CET 2026
recon-all -s sub-v2s12x28855_ses-1 finished without error at Wed Mar 11 00:13:55 CET 2026



#New# invocation of recon-all 



status file for recon-all
Wed Mar 11 00:38:31 CET 2026
#@# white curv lh Wed Mar 11 00:38:31 CET 2026
#@# white area lh Wed Mar 11 00:38:31 CET 2026
#@# pial curv lh Wed Mar 11 00:38:31 CET 2026
#@# pial area lh Wed Mar 11 00:38:31 CET 2026
#@# thickness lh Wed Mar 11 00:38:31 CET 2026
#@# area and vertex vol lh Wed Mar 11 00:38:31 CET 2026
#@# Parcellation Stats lh Wed Mar 11 00:38:31 CET 2026
#@# Parcellation Stats 2 lh Wed Mar 11 00:38:47 CET 2026
#@# Parcellation Stats 3 lh Wed Mar 11 00:38:56 CET 2026
#@# BA_exvivo Labels lh Wed Mar 11 00:39:03 CET 2026
recon-all -s sub-v2s12x28855_ses-1 finished without error at Wed Mar 11 00:41:14 CET 2026
