/out/sourcedata/freesurfer/sub-v2s12x28882_ses-1/mri
/opt/freesurfer/bin/talairach_avi
--i orig_nu.mgz --xfm transforms/talairach.auto.xfm
talairach_avi 7.3.2
Linux dna012 5.14.0-427.37.1.el9_4.x86_64 #1 SMP PREEMPT_DYNAMIC Fri Sep 13 12:41:50 EDT 2024 x86_64 x86_64 x86_64 GNU/Linux
Wed Mar 11 00:57:52 CET 2026
mri_convert orig_nu.mgz talsrcimg.img 
reading from orig_nu.mgz...
TR=0.00, TE=0.00, TI=0.00, flip angle=0.00
i_ras = (-1, 0, 0)
j_ras = (0, 0, -1)
k_ras = (0, 1, 0)
writing to talsrcimg.img...
Analyze Output Matrix
-1.00000   0.00000   0.00000   131.49190;
 0.00000   0.00000   1.00000  -128.50000;
 0.00000  -1.00000   0.00000   126.21800;
 0.00000   0.00000   0.00000   1.00000;
--------------------
INFO: set hdr.hist.orient to -1
mpr2mni305 talsrcimg
Wed Mar 11 00:57:53 CET 2026
/opt/freesurfer/bin/mpr2mni305 talsrcimg
mpr2mni305 7.3.2
target=711-2C_as_mni_average_305

---------------------------------------------------------------------
analyzeto4dfp talsrcimg -O0 -y
---------------------------------------------------------------------

freesurfer ifh2hdr.c
Wed Mar 11 00:57:53 2026
Writing: talsrcimg.4dfp.hdr
freesurfer analyzeto4dfp.c
Reading: talsrcimg.hdr
header size 348 bytes
hdr.dime.datatype	offset=70	value=2
hdr.dime.bitpix		offset=72	value=8
hdr.hist.orient		offset=252	value=-1
dimensionality     4
dimensions       256       256       256         1
Reading: talsrcimg.img
Writing: talsrcimg.4dfp.img
Writing: talsrcimg.4dfp.ifh
ifh2hdr talsrcimg -r0to227
ori=2

---------------------------------------------------------------------
gauss_4dfp talsrcimg 1.1
---------------------------------------------------------------------

freesurfer gauss_4dfp.c
Reading: talsrcimg.4dfp.img
Writing: talsrcimg_g11.4dfp.img
image dimensions 256 256 256 padded to 288 288 288
processing volume 1freesurfer ifh2hdr.c
Wed Mar 11 00:57:54 2026
Writing: talsrcimg_g11.4dfp.hdr

Writing: talsrcimg_g11.4dfp.ifh
including: talsrcimg.4dfp.img.rec in talsrcimg_g11.4dfp.img.rec

---------------------------------------------------------------------
imgreg_4dfp /opt/freesurfer/average/711-2C_as_mni_average_305 none talsrcimg_g11 none talsrcimg_to_711-2C_as_mni_average_305_t4 4355
---------------------------------------------------------------------

freesurfer imgreg_4dfp.c
/opt/freesurfer/average/711-2C_as_mni_average_305.4dfp.img
       256       256       256         1
  1.000000  1.000000  1.000000
orientation T byte_order littleendian
Reading image: /opt/freesurfer/average/711-2C_as_mni_average_305.4dfp.img
dimensions:      256       256       256
mmppix:       1.0000   -1.0000   -1.0000
center:     128.0000 -129.0000 -129.0000
talsrcimg_g11.4dfp.img
       256       256       256         1
  1.000000  1.000000  1.000000
orientation T byte_order littleendian
Reading image: talsrcimg_g11.4dfp.img
dimensions:      256       256       256
mmppix:       1.0000   -1.0000   -1.0000
center:     128.0000 -129.0000 -129.0000
t4_read: open error in t4_sub.f l:  41 t4_file(1:l)talsrcimg_to_711-2C_as_mni_average_305_t4 
t4_read: transform initialized to I4
rotation matrix determinant  1.000000
image alignment mode   4355 decimal     1103 hex
   -7.5000  -45.0000  -45.0000 5999.7598   20.4342
    0.0000  -45.0000  -45.0000 6235.0679   20.4357
    7.5000  -45.0000  -45.0000 6001.3457   20.4147
   -7.5000  -37.5000  -45.0000 6477.3828   20.5075
    0.0000  -37.5000  -45.0000 6730.0132   20.5146
    7.5000  -37.5000  -45.0000 6469.0078   20.4997
   -7.5000  -30.0000  -45.0000 7167.4141   20.6719
    0.0000  -30.0000  -45.0000 7460.8193   20.6894
    7.5000  -30.0000  -45.0000 7167.1777   20.6761
   -7.5000  -22.5000  -45.0000 7847.5991   20.7575
    0.0000  -22.5000  -45.0000 8153.7778   20.7783
    7.5000  -22.5000  -45.0000 7864.6533   20.7588
   -7.5000  -15.0000  -45.0000 8484.5391   20.7099
    0.0000  -15.0000  -45.0000 8816.1621   20.7260
    7.5000  -15.0000  -45.0000 8522.0215   20.7007
   -7.5000   -7.5000  -45.0000 9135.6553   20.5503
    0.0000   -7.5000  -45.0000 9518.3838   20.5575
    7.5000   -7.5000  -45.0000 9152.0146   20.5324
   -7.5000    0.0000  -45.0000 9730.3369   20.4342
    0.0000    0.0000  -45.000010126.3438   20.4357
    7.5000    0.0000  -45.0000 9763.1895   20.4147
   -7.5000    7.5000  -45.0000 9546.1074   20.5075
    0.0000    7.5000  -45.0000 9965.4883   20.5146
    7.5000    7.5000  -45.0000 9585.5635   20.4997
   -7.5000   15.0000  -45.0000 9278.1992   20.6719
    0.0000   15.0000  -45.0000 9680.3223   20.6894
    7.5000   15.0000  -45.0000 9320.2314   20.6761
   -7.5000   22.5000  -45.0000 8864.3506   20.7547
    0.0000   22.5000  -45.0000 9218.2783   20.7755
    7.5000   22.5000  -45.0000 8916.8213   20.7560
   -7.5000   30.0000  -45.0000 8199.5010   20.4339
    0.0000   30.0000  -45.0000 8513.4004   20.4498
    7.5000   30.0000  -45.0000 8250.1064   20.4248
   -7.5000   37.5000  -45.0000 7863.0889   20.2764
    0.0000   37.5000  -45.0000 8170.1860   20.2836
    7.5000   37.5000  -45.0000 7913.8887   20.2588
   -7.5000   45.0000  -45.0000 7273.7607   19.6499
    0.0000   45.0000  -45.0000 7560.8462   19.6513
    7.5000   45.0000  -45.0000 7327.8228   19.6312
   -7.5000  -45.0000  -37.5000 6433.6572   19.9876
    0.0000  -45.0000  -37.5000 6694.1387   19.9771
    7.5000  -45.0000  -37.5000 6448.2139   19.9516
   -7.5000  -37.5000  -37.5000 6922.2373   20.0443
    0.0000  -37.5000  -37.5000 7213.1768   20.0364
    7.5000  -37.5000  -37.5000 6934.3477   20.0168
   -7.5000  -30.0000  -37.5000 7645.0039   20.1810
    0.0000  -30.0000  -37.5000 7975.5640   20.1794
    7.5000  -30.0000  -37.5000 7662.2383   20.1642
   -7.5000  -22.5000  -37.5000 8397.1035   20.2595
    0.0000  -22.5000  -37.5000 8749.1406   20.2599
    7.5000  -22.5000  -37.5000 8415.7500   20.2401
   -7.5000  -15.0000  -37.5000 9069.2578   20.2273
    0.0000  -15.0000  -37.5000 9455.2002   20.2259
    7.5000  -15.0000  -37.5000 9106.1719   20.1997
   -7.5000   -7.5000  -37.5000 9734.3057   20.0917
    0.0000   -7.5000  -37.500010163.5801   20.0856
    7.5000   -7.5000  -37.5000 9774.4062   20.0582
   -7.5000    0.0000  -37.500010319.7588   19.9876
    0.0000    0.0000  -37.500010784.0400   19.9771
    7.5000    0.0000  -37.500010375.3594   19.9516
   -7.5000    7.5000  -37.500010149.7188   20.0443
    0.0000    7.5000  -37.500010605.1064   20.0364
    7.5000    7.5000  -37.500010192.6260   20.0168
   -7.5000   15.0000  -37.5000 9843.4795   20.1810
    0.0000   15.0000  -37.500010289.1279   20.1794
    7.5000   15.0000  -37.5000 9901.8340   20.1642
   -7.5000   22.5000  -37.5000 9374.0127   20.2567
    0.0000   22.5000  -37.5000 9798.7803   20.2571
    7.5000   22.5000  -37.5000 9461.7969   20.2373
   -7.5000   30.0000  -37.5000 8669.5801   19.9577
    0.0000   30.0000  -37.5000 9045.8623   19.9564
    7.5000   30.0000  -37.5000 8746.4619   19.9305
   -7.5000   37.5000  -37.5000 8327.2588   19.8240
    0.0000   37.5000  -37.5000 8698.7422   19.8179
    7.5000   37.5000  -37.5000 8399.5488   19.7909
   -7.5000   45.0000  -37.5000 7709.4346   19.2204
    0.0000   45.0000  -37.5000 8061.2163   19.2104
    7.5000   45.0000  -37.5000 7764.8379   19.1859
   -7.5000  -45.0000  -30.0000 7009.4185   20.5647
    0.0000  -45.0000  -30.0000 7304.1138   20.5441
    7.5000  -45.0000  -30.0000 7035.2554   20.5119
   -7.5000  -37.5000  -30.0000 7545.8916   20.6254
    0.0000  -37.5000  -30.0000 7867.9668   20.6046
    7.5000  -37.5000  -30.0000 7548.9893   20.5754
   -7.5000  -30.0000  -30.0000 8342.3174   20.7630
    0.0000  -30.0000  -30.0000 8726.9727   20.7421
    7.5000  -30.0000  -30.0000 8383.4893   20.7175
   -7.5000  -22.5000  -30.0000 9162.4873   20.8400
    0.0000  -22.5000  -30.0000 9586.8242   20.8183
    7.5000  -22.5000  -30.0000 9226.7881   20.7912
   -7.5000  -15.0000  -30.0000 9875.1523   20.8044
    0.0000  -15.0000  -30.000010330.8555   20.7822
    7.5000  -15.0000  -30.0000 9953.4551   20.7514
   -7.5000   -7.5000  -30.000010580.9092   20.6663
    0.0000   -7.5000  -30.000011059.1455   20.6453
    7.5000   -7.5000  -30.000010655.1748   20.6139
   -7.5000    0.0000  -30.000011150.4502   20.5647
    0.0000    0.0000  -30.000011684.4395   20.5441
    7.5000    0.0000  -30.000011247.9150   20.5119
   -7.5000    7.5000  -30.000010925.6523   20.6254
    0.0000    7.5000  -30.000011452.3291   20.6046
    7.5000    7.5000  -30.000011017.0830   20.5754
   -7.5000   15.0000  -30.000010616.8477   20.7630
    0.0000   15.0000  -30.000011135.2070   20.7421
    7.5000   15.0000  -30.000010710.3281   20.7175
   -7.5000   22.5000  -30.000010126.7061   20.8350
    0.0000   22.5000  -30.000010635.1172   20.8133
    7.5000   22.5000  -30.000010223.8398   20.7862
   -7.5000   30.0000  -30.0000 9368.5635   20.5291
    0.0000   30.0000  -30.0000 9819.2266   20.5072
    7.5000   30.0000  -30.0000 9452.0244   20.4768
   -7.5000   37.5000  -30.0000 8985.4111   20.3928
    0.0000   37.5000  -30.0000 9416.4229   20.3721
    7.5000   37.5000  -30.0000 9054.7129   20.3411
   -7.5000   45.0000  -30.0000 8294.8740   19.7899
    0.0000   45.0000  -30.0000 8698.8184   19.7701
    7.5000   45.0000  -30.0000 8346.2021   19.7392
   -7.5000  -45.0000  -22.5000 7574.9473   21.0299
    0.0000  -45.0000  -22.5000 7906.7671   21.0071
    7.5000  -45.0000  -22.5000 7629.0171   20.9753
   -7.5000  -37.5000  -22.5000 8180.3398   21.1055
    0.0000  -37.5000  -22.5000 8555.2598   21.0817
    7.5000  -37.5000  -22.5000 8220.9170   21.0500
   -7.5000  -30.0000  -22.5000 9084.2246   21.2623
    0.0000  -30.0000  -22.5000 9498.3213   21.2343
    7.5000  -30.0000  -22.5000 9126.4424   21.2036
   -7.5000  -22.5000  -22.5000 9972.4521   21.3418
    0.0000  -22.5000  -22.500010425.4092   21.3099
    7.5000  -22.5000  -22.500010006.3467   21.2775
   -7.5000  -15.0000  -22.500010728.7061   21.2916
    0.0000  -15.0000  -22.500011222.6338   21.2591
    7.5000  -15.0000  -22.500010750.2178   21.2268
   -7.5000   -7.5000  -22.500011451.0850   21.1360
    0.0000   -7.5000  -22.500011951.1055   21.1085
    7.5000   -7.5000  -22.500011491.0762   21.0778
   -7.5000    0.0000  -22.500012060.8408   21.0299
    0.0000    0.0000  -22.500012650.2529   21.0071
    7.5000    0.0000  -22.500012123.6523   20.9753
   -7.5000    7.5000  -22.500011830.6260   21.1055
    0.0000    7.5000  -22.500012394.7920   21.0817
    7.5000    7.5000  -22.500011897.4785   21.0500
   -7.5000   15.0000  -22.500011468.3799   21.2623
    0.0000   15.0000  -22.500012009.2217   21.2343
    7.5000   15.0000  -22.500011519.4990   21.2036
   -7.5000   22.5000  -22.500010931.5576   21.3352
    0.0000   22.5000  -22.500011450.9160   21.3033
    7.5000   22.5000  -22.500010965.4766   21.2710
   -7.5000   30.0000  -22.500010084.8535   21.0131
    0.0000   30.0000  -22.500010552.2793   20.9810
    7.5000   30.0000  -22.500010142.8740   20.9491
   -7.5000   37.5000  -22.5000 9624.6514   20.8595
    0.0000   37.5000  -22.500010087.9502   20.8324
    7.5000   37.5000  -22.5000 9698.1826   20.8021
   -7.5000   45.0000  -22.5000 8835.5518   20.2528
    0.0000   45.0000  -22.5000 9281.1748   20.2309
    7.5000   45.0000  -22.5000 8914.6865   20.2002
   -7.5000  -45.0000  -15.0000 8286.6436   21.5713
    0.0000  -45.0000  -15.0000 8665.3613   21.5537
    7.5000  -45.0000  -15.0000 8326.4238   21.5250
   -7.5000  -37.5000  -15.0000 8958.4463   21.6627
    0.0000  -37.5000  -15.0000 9367.5479   21.6474
    7.5000  -37.5000  -15.0000 8998.0947   21.6200
   -7.5000  -30.0000  -15.0000 9968.5850   21.8449
    0.0000  -30.0000  -15.000010421.8320   21.8281
    7.5000  -30.0000  -15.0000 9991.9756   21.7997
   -7.5000  -22.5000  -15.000010924.0312   21.9312
    0.0000  -22.5000  -15.000011432.2598   21.9096
    7.5000  -22.5000  -15.000010943.1582   21.8781
   -7.5000  -15.0000  -15.000011747.5664   21.8658
    0.0000  -15.0000  -15.000012274.9336   21.8407
    7.5000  -15.0000  -15.000011747.9980   21.8091
   -7.5000   -7.5000  -15.000012519.5371   21.6876
    0.0000   -7.5000  -15.000013068.5029   21.6649
    7.5000   -7.5000  -15.000012547.7490   21.6352
   -7.5000    0.0000  -15.000013226.6338   21.5713
    0.0000    0.0000  -15.000013865.3037   21.5537
    7.5000    0.0000  -15.000013247.0557   21.5250
   -7.5000    7.5000  -15.000012965.0684   21.6627
    0.0000    7.5000  -15.000013587.9336   21.6474
    7.5000    7.5000  -15.000012966.8838   21.6200
   -7.5000   15.0000  -15.000012491.5254   21.8449
    0.0000   15.0000  -15.000013103.2578   21.8281
    7.5000   15.0000  -15.000012502.6699   21.7997
   -7.5000   22.5000  -15.000011843.2490   21.9235
    0.0000   22.5000  -15.000012417.5840   21.9019
    7.5000   22.5000  -15.000011847.3623   21.8703
   -7.5000   30.0000  -15.000010919.1924   21.5829
    0.0000   30.0000  -15.000011445.5000   21.5580
    7.5000   30.0000  -15.000010953.3760   21.5268
   -7.5000   37.5000  -15.000010403.9424   21.4069
    0.0000   37.5000  -15.000010960.5518   21.3845
    7.5000   37.5000  -15.000010482.8906   21.3552
   -7.5000   45.0000  -15.0000 9538.3877   20.7868
    0.0000   45.0000  -15.000010060.0293   20.7698
    7.5000   45.0000  -15.0000 9631.8027   20.7422
   -7.5000  -45.0000   -7.5000 9090.8467   21.8503
    0.0000  -45.0000   -7.5000 9514.1396   21.8414
    7.5000  -45.0000   -7.5000 9118.9824   21.8183
   -7.5000  -37.5000   -7.5000 9857.8916   21.9410
    0.0000  -37.5000   -7.500010314.8896   21.9381
    7.5000  -37.5000   -7.5000 9894.3164   21.9195
   -7.5000  -30.0000   -7.500010937.8545   22.1282
    0.0000  -30.0000   -7.500011456.8613   22.1315
    7.5000  -30.0000   -7.500010972.9414   22.1125
   -7.5000  -22.5000   -7.500011976.2129   22.2180
    0.0000  -22.5000   -7.500012538.4453   22.2204
    7.5000  -22.5000   -7.500012011.8682   22.1958
   -7.5000  -15.0000   -7.500012841.2178   22.1532
    0.0000  -15.0000   -7.500013456.8682   22.1496
    7.5000  -15.0000   -7.500012865.6924   22.1219
   -7.5000   -7.5000   -7.500013681.7266   21.9720
    0.0000   -7.5000   -7.500014332.9248   21.9636
    7.5000   -7.5000   -7.500013710.9746   21.9367
   -7.5000    0.0000   -7.500014475.7871   21.8503
    0.0000    0.0000   -7.500015211.1240   21.8414
    7.5000    0.0000   -7.500014470.9355   21.8183
   -7.5000    7.5000   -7.500014180.5439   21.9410
    0.0000    7.5000   -7.500014929.8789   21.9381
    7.5000    7.5000   -7.500014166.8311   21.9195
   -7.5000   15.0000   -7.500013666.6445   22.1282
    0.0000   15.0000   -7.500014370.3047   22.1315
    7.5000   15.0000   -7.500013647.1006   22.1125
   -7.5000   22.5000   -7.500012910.5020   22.2077
    0.0000   22.5000   -7.500013568.3389   22.2101
    7.5000   22.5000   -7.500012920.7100   22.1856
   -7.5000   30.0000   -7.500011843.1475   21.8659
    0.0000   30.0000   -7.500012476.2139   21.8624
    7.5000   30.0000   -7.500011907.4697   21.8350
   -7.5000   37.5000   -7.500011267.8467   21.6871
    0.0000   37.5000   -7.500011910.9443   21.6788
    7.5000   37.5000   -7.500011394.1748   21.6522
   -7.5000   45.0000   -7.500010312.0234   21.0596
    0.0000   45.0000   -7.500010935.7148   21.0510
    7.5000   45.0000   -7.500010453.8955   21.0288
   -7.5000  -45.0000    0.0000 9854.3115   21.8829
    0.0000  -45.0000    0.000010335.4492   21.8782
    7.5000  -45.0000    0.0000 9913.3291   21.8574
   -7.5000  -37.5000    0.000010648.3135   21.9590
    0.0000  -37.5000    0.000011185.0059   21.9606
    7.5000  -37.5000    0.000010753.8359   21.9474
   -7.5000  -30.0000    0.000011812.3740   22.1291
    0.0000  -30.0000    0.000012437.3125   22.1414
    7.5000  -30.0000    0.000011936.3799   22.1298
   -7.5000  -22.5000    0.000012945.0645   22.2175
    0.0000  -22.5000    0.000013632.2539   22.2325
    7.5000  -22.5000    0.000013047.9062   22.2133
   -7.5000  -15.0000    0.000013880.1338   22.1675
    0.0000  -15.0000    0.000014620.5547   22.1771
    7.5000  -15.0000    0.000013997.9707   22.1508
   -7.5000   -7.5000    0.000014807.9961   22.0024
    0.0000   -7.5000    0.000015589.8389   22.0030
    7.5000   -7.5000    0.000014904.7744   21.9768
   -7.5000    0.0000    0.000015656.6123   21.8829
    0.0000    0.0000    0.000016517.9805   21.8782
    7.5000    0.0000    0.000015664.7461   21.8574
   -7.5000    7.5000    0.000015318.3467   21.9590
    0.0000    7.5000    0.000016199.7920   21.9606
    7.5000    7.5000    0.000015327.9766   21.9474
   -7.5000   15.0000    0.000014799.0605   22.1291
    0.0000   15.0000    0.000015648.7627   22.1414
    7.5000   15.0000    0.000014818.9502   22.1298
   -7.5000   22.5000    0.000013946.2246   22.2073
    0.0000   22.5000    0.000014721.5078   22.2223
    7.5000   22.5000    0.000013996.2344   22.2031
   -7.5000   30.0000    0.000012786.1592   21.8806
    0.0000   30.0000    0.000013509.0166   21.8900
    7.5000   30.0000    0.000012882.2461   21.8641
   -7.5000   37.5000    0.000012153.2627   21.7177
    0.0000   37.5000    0.000012885.0098   21.7182
    7.5000   37.5000    0.000012315.0957   21.6924
   -7.5000   45.0000    0.000011099.6836   21.0926
    0.0000   45.0000    0.000011808.7773   21.0881
    7.5000   45.0000    0.000011288.9082   21.0680
   -7.5000  -45.0000    7.5000 9850.0557   21.8352
    0.0000  -45.0000    7.500010387.3838   21.8239
    7.5000  -45.0000    7.5000 9944.5781   21.7981
   -7.5000  -37.5000    7.500010622.5400   21.8995
    0.0000  -37.5000    7.500011197.6240   21.8918
    7.5000  -37.5000    7.500010747.5664   21.8731
   -7.5000  -30.0000    7.500011797.3066   22.0492
    0.0000  -30.0000    7.500012458.9590   22.0488
    7.5000  -30.0000    7.500011944.9932   22.0346
   -7.5000  -22.5000    7.500012956.2998   22.1327
    0.0000  -22.5000    7.500013690.2217   22.1343
    7.5000  -22.5000    7.500013089.2568   22.1139
   -7.5000  -15.0000    7.500013985.2617   22.0946
    0.0000  -15.0000    7.500014733.6699   22.0933
    7.5000  -15.0000    7.500014099.9473   22.0653
   -7.5000   -7.5000    7.500014889.2637   21.9465
    0.0000   -7.5000    7.500015760.0869   21.9395
    7.5000   -7.5000    7.500015016.5811   21.9105
   -7.5000    0.0000    7.500015689.8496   21.8352
    0.0000    0.0000    7.500016606.8848   21.8239
    7.5000    0.0000    7.500015754.3779   21.7981
   -7.5000    7.5000    7.500015323.0410   21.8995
    0.0000    7.5000    7.500016231.3125   21.8918
    7.5000    7.5000    7.500015412.7236   21.8731
   -7.5000   15.0000    7.500014789.5615   22.0492
    0.0000   15.0000    7.500015668.6260   22.0488
    7.5000   15.0000    7.500014922.1758   22.0346
   -7.5000   22.5000    7.500013954.4199   22.1225
    0.0000   22.5000    7.500014774.0117   22.1241
    7.5000   22.5000    7.500014064.8301   22.1037
   -7.5000   30.0000    7.500012807.2373   21.8087
    0.0000   30.0000    7.500013577.3389   21.8074
    7.5000   30.0000    7.500012938.1514   21.7797
   -7.5000   37.5000    7.500012164.0234   21.6625
    0.0000   37.5000    7.500012924.6045   21.6555
    7.5000   37.5000    7.500012304.5537   21.6269
   -7.5000   45.0000    7.500011105.6553   21.0467
    0.0000   45.0000    7.500011830.3047   21.0357
    7.5000   45.0000    7.500011282.6260   21.0109
   -7.5000  -45.0000   15.0000 9747.6895   21.8004
    0.0000  -45.0000   15.000010258.8457   21.7793
    7.5000  -45.0000   15.0000 9838.8740   21.7471
   -7.5000  -37.5000   15.000010488.0732   21.8656
    0.0000  -37.5000   15.000011034.2100   21.8442
    7.5000  -37.5000   15.000010591.2812   21.8151
   -7.5000  -30.0000   15.000011608.1250   22.0107
    0.0000  -30.0000   15.000012240.5029   21.9894
    7.5000  -30.0000   15.000011724.7041   21.9647
   -7.5000  -22.5000   15.000012749.7725   22.0905
    0.0000  -22.5000   15.000013460.6309   22.0684
    7.5000  -22.5000   15.000012875.0664   22.0411
   -7.5000  -15.0000   15.000013841.1807   22.0515
    0.0000  -15.0000   15.000014593.7295   22.0290
    7.5000  -15.0000   15.000013966.8330   21.9979
   -7.5000   -7.5000   15.000014842.1367   21.9062
    0.0000   -7.5000   15.000015755.7559   21.8848
    7.5000   -7.5000   15.000015000.5830   21.8533
   -7.5000    0.0000   15.000015586.5859   21.8004
    0.0000    0.0000   15.000016498.5781   21.7793
    7.5000    0.0000   15.000015711.8867   21.7471
   -7.5000    7.5000   15.000015220.0146   21.8656
    0.0000    7.5000   15.000016033.3848   21.8442
    7.5000    7.5000   15.000015365.3906   21.8151
   -7.5000   15.0000   15.000014668.5674   22.0107
    0.0000   15.0000   15.000015478.2451   21.9894
    7.5000   15.0000   15.000014840.7031   21.9647
   -7.5000   22.5000   15.000013854.8691   22.0803
    0.0000   22.5000   15.000014644.2295   22.0582
    7.5000   22.5000   15.000013967.5859   22.0310
   -7.5000   30.0000   15.000012749.9883   21.7661
    0.0000   30.0000   15.000013488.6562   21.7439
    7.5000   30.0000   15.000012828.9668   21.7132
   -7.5000   37.5000   15.000012109.2725   21.6227
    0.0000   37.5000   15.000012832.6816   21.6015
    7.5000   37.5000   15.000012192.2305   21.5704
   -7.5000   45.0000   15.000011066.8633   21.0131
    0.0000   45.0000   15.000011735.6533   20.9928
    7.5000   45.0000   15.000011159.7197   20.9617
   -7.5000  -45.0000   22.5000 9481.2246   21.8204
    0.0000  -45.0000   22.5000 9957.1191   21.7968
    7.5000  -45.0000   22.5000 9556.4385   21.7639
   -7.5000  -37.5000   22.500010210.9619   21.8990
    0.0000  -37.5000   22.500010717.7881   21.8745
    7.5000  -37.5000   22.500010310.7217   21.8416
   -7.5000  -30.0000   22.500011309.7490   22.0618
    0.0000  -30.0000   22.500011862.6318   22.0328
    7.5000  -30.0000   22.500011418.8760   22.0009
   -7.5000  -22.5000   22.500012401.3525   22.1440
    0.0000  -22.5000   22.500012987.8281   22.1110
    7.5000  -22.5000   22.500012531.2354   22.0774
   -7.5000  -15.0000   22.500013533.7178   22.0917
    0.0000  -15.0000   22.500014235.4473   22.0580
    7.5000  -15.0000   22.500013680.5615   22.0245
   -7.5000   -7.5000   22.500014678.7139   21.9303
    0.0000   -7.5000   22.500015713.6924   21.9019
    7.5000   -7.5000   22.500014945.9570   21.8699
   -7.5000    0.0000   22.500015595.4600   21.8204
    0.0000    0.0000   22.500016516.0547   21.7968
    7.5000    0.0000   22.500015803.2500   21.7639
   -7.5000    7.5000   22.500015275.5342   21.8990
    0.0000    7.5000   22.500015991.3516   21.8745
    7.5000    7.5000   22.500015380.5605   21.8416
   -7.5000   15.0000   22.500014763.8623   22.0618
    0.0000   15.0000   22.500015439.7969   22.0328
    7.5000   15.0000   22.500014811.8525   22.0009
   -7.5000   22.5000   22.500013943.3730   22.1338
    0.0000   22.5000   22.500014596.7578   22.1008
    7.5000   22.5000   22.500013880.1602   22.0672
   -7.5000   30.0000   22.500012816.8398   21.8058
    0.0000   30.0000   22.500013416.3750   21.7726
    7.5000   30.0000   22.500012684.6279   21.7395
   -7.5000   37.5000   22.500012141.7822   21.6465
    0.0000   37.5000   22.500012721.2207   21.6184
    7.5000   37.5000   22.500012005.1348   21.5869
   -7.5000   45.0000   22.500011053.3584   21.0324
    0.0000   45.0000   22.500011604.2891   21.0096
    7.5000   45.0000   22.500010943.0439   20.9778
   -7.5000  -45.0000   30.0000 9134.5869   21.8670
    0.0000  -45.0000   30.0000 9547.5420   21.8492
    7.5000  -45.0000   30.0000 9226.6455   21.8201
   -7.5000  -37.5000   30.0000 9832.2822   21.9596
    0.0000  -37.5000   30.000010300.6348   21.9441
    7.5000  -37.5000   30.0000 9983.8398   21.9164
   -7.5000  -30.0000   30.000010856.5879   22.1443
    0.0000  -30.0000   30.000011404.4062   22.1273
    7.5000  -30.0000   30.000011039.0439   22.0985
   -7.5000  -22.5000   30.000011916.4434   22.2319
    0.0000  -22.5000   30.000012496.5850   22.2100
    7.5000  -22.5000   30.000012093.8877   22.1779
   -7.5000  -15.0000   30.000012973.4707   22.1656
    0.0000  -15.0000   30.000013679.2910   22.1400
    7.5000  -15.0000   30.000013235.7705   22.1080
   -7.5000   -7.5000   30.000014196.4619   21.9848
    0.0000   -7.5000   30.000015102.6338   21.9619
    7.5000   -7.5000   30.000014306.0635   21.9318
   -7.5000    0.0000   30.000015394.2607   21.8670
    0.0000    0.0000   30.000016035.4844   21.8492
    7.5000    0.0000   30.000015074.1270   21.8201
   -7.5000    7.5000   30.000015284.3945   21.9596
    0.0000    7.5000   30.000015668.4541   21.9441
    7.5000    7.5000   30.000014680.2393   21.9164
   -7.5000   15.0000   30.000014694.0283   22.1443
    0.0000   15.0000   30.000015084.7881   22.1273
    7.5000   15.0000   30.000014116.4678   22.0985
   -7.5000   22.5000   30.000013623.9883   22.2216
    0.0000   22.5000   30.000014058.9346   22.1997
    7.5000   22.5000   30.000013158.1484   22.1677
   -7.5000   30.0000   30.000012382.3818   21.8787
    0.0000   30.0000   30.000012846.0146   21.8535
    7.5000   30.0000   30.000012047.6729   21.8219
   -7.5000   37.5000   30.000011650.4404   21.7003
    0.0000   37.5000   30.000012138.0410   21.6777
    7.5000   37.5000   30.000011416.7646   21.6479
   -7.5000   45.0000   30.000010618.2051   21.0773
    0.0000   45.0000   30.000011128.2373   21.0601
    7.5000   45.0000   30.000010477.9912   21.0321
   -7.5000  -45.0000   37.5000 8990.5713   21.8980
    0.0000  -45.0000   37.5000 9433.8145   21.8891
    7.5000  -45.0000   37.5000 9112.3213   21.8660
   -7.5000  -37.5000   37.5000 9688.9932   21.9889
    0.0000  -37.5000   37.500010180.3721   21.9860
    7.5000  -37.5000   37.5000 9852.2520   21.9674
   -7.5000  -30.0000   37.500010765.0488   22.1764
    0.0000  -30.0000   37.500011285.2012   22.1797
    7.5000  -30.0000   37.500010903.0078   22.1607
   -7.5000  -22.5000   37.500011904.5459   22.2664
    0.0000  -22.5000   37.500012432.7617   22.2688
    7.5000  -22.5000   37.500012011.8770   22.2442
   -7.5000  -15.0000   37.500013040.2891   22.2015
    0.0000  -15.0000   37.500013605.8789   22.1980
    7.5000  -15.0000   37.500013122.1504   22.1702
   -7.5000   -7.5000   37.500014166.9531   22.0200
    0.0000   -7.5000   37.500014640.1152   22.0116
    7.5000   -7.5000   37.500014000.6045   21.9846
   -7.5000    0.0000   37.500015164.1963   21.8980
    0.0000    0.0000   37.500015532.4014   21.8891
    7.5000    0.0000   37.500014737.5918   21.8660
   -7.5000    7.5000   37.500014939.6787   21.9889
    0.0000    7.5000   37.500015298.9062   21.9860
    7.5000    7.5000   37.500014463.1885   21.9674
   -7.5000   15.0000   37.500014341.6865   22.1764
    0.0000   15.0000   37.500014789.8545   22.1797
    7.5000   15.0000   37.500013926.8906   22.1607
   -7.5000   22.5000   37.500013294.5332   22.2561
    0.0000   22.5000   37.500013770.5088   22.2585
    7.5000   22.5000   37.500012955.7402   22.2340
   -7.5000   30.0000   37.500012102.4072   21.9141
    0.0000   30.0000   37.500012593.4990   21.9107
    7.5000   30.0000   37.500011885.6084   21.8833
   -7.5000   37.5000   37.500011444.3799   21.7350
    0.0000   37.5000   37.500011947.2764   21.7267
    7.5000   37.5000   37.500011294.1230   21.7001
   -7.5000   45.0000   37.500010482.7256   21.1072
    0.0000   45.0000   37.500010994.6807   21.0986
    7.5000   45.0000   37.500010394.3975   21.0763
   -7.5000  -45.0000   45.0000 8401.2578   21.7554
    0.0000  -45.0000   45.0000 8850.0869   21.7509
    7.5000  -45.0000   45.0000 8517.9707   21.7302
   -7.5000  -37.5000   45.0000 9055.6250   21.8311
    0.0000  -37.5000   45.0000 9522.0850   21.8328
    7.5000  -37.5000   45.0000 9177.9277   21.8196
   -7.5000  -30.0000   45.000010043.1143   22.0004
    0.0000  -30.0000   45.000010544.4648   22.0125
    7.5000  -30.0000   45.000010146.6406   22.0009
   -7.5000  -22.5000   45.000011075.7842   22.0882
    0.0000  -22.5000   45.000011633.5156   22.1031
    7.5000  -22.5000   45.000011206.3154   22.0839
   -7.5000  -15.0000   45.000012014.3994   22.0383
    0.0000  -15.0000   45.000012557.7441   22.0480
    7.5000  -15.0000   45.000012122.5234   22.0219
   -7.5000   -7.5000   45.000012910.5303   21.8742
    0.0000   -7.5000   45.000013390.1699   21.8749
    7.5000   -7.5000   45.000012902.9521   21.8490
   -7.5000    0.0000   45.000013715.1504   21.7554
    0.0000    0.0000   45.000014195.1172   21.7509
    7.5000    0.0000   45.000013665.7686   21.7302
   -7.5000    7.5000   45.000013492.9727   21.8311
    0.0000    7.5000   45.000014021.5166   21.8328
    7.5000    7.5000   45.000013480.0283   21.8196
   -7.5000   15.0000   45.000013009.1182   22.0004
    0.0000   15.0000   45.000013543.4990   22.0125
    7.5000   15.0000   45.000012984.2061   22.0009
   -7.5000   22.5000   45.000012152.3359   22.0780
    0.0000   22.5000   45.000012627.9395   22.0929
    7.5000   22.5000   45.000012082.6211   22.0737
   -7.5000   30.0000   45.000011158.8799   21.7512
    0.0000   30.0000   45.000011619.9736   21.7607
    7.5000   30.0000   45.000011094.2959   21.7350
   -7.5000   37.5000   45.000010606.5840   21.5892
    0.0000   37.5000   45.000011096.9766   21.5899
    7.5000   37.5000   45.000010532.8154   21.5643
   -7.5000   45.0000   45.0000 9736.6494   20.9792
    0.0000   45.0000   45.000010184.6934   20.9748
    7.5000   45.0000   45.0000 9664.9873   20.9549

---------------------------------------------------------------------
imgreg_4dfp /opt/freesurfer/average/711-2C_as_mni_average_305 /opt/freesurfer/average/711-2B_as_mni_average_305_mask talsrcimg_g11 none talsrcimg_to_711-2C_as_mni_average_305_t4 4355
---------------------------------------------------------------------

freesurfer imgreg_4dfp.c
/opt/freesurfer/average/711-2C_as_mni_average_305.4dfp.img
       256       256       256         1
  1.000000  1.000000  1.000000
orientation T byte_order littleendian
Reading image: /opt/freesurfer/average/711-2C_as_mni_average_305.4dfp.img
dimensions:      256       256       256
mmppix:       1.0000   -1.0000   -1.0000
center:     128.0000 -129.0000 -129.0000
/opt/freesurfer/average/711-2B_as_mni_average_305_mask.4dfp.img
       256       256       256         1
  1.000000  1.000000  1.000000
orientation T byte_order littleendian
Reading mask: /opt/freesurfer/average/711-2B_as_mni_average_305_mask.4dfp.img (2306576 pixels)
talsrcimg_g11.4dfp.img
       256       256       256         1
  1.000000  1.000000  1.000000
orientation T byte_order littleendian
Reading image: talsrcimg_g11.4dfp.img
dimensions:      256       256       256
mmppix:       1.0000   -1.0000   -1.0000
center:     128.0000 -129.0000 -129.0000
rotation matrix determinant  1.000000
image alignment mode   4355 decimal     1103 hex
   -7.5000  -45.0000  -37.5000 1884.5017   29.3011
    0.0000  -45.0000  -37.5000 1893.7662   28.9616
    7.5000  -45.0000  -37.5000 1873.0342   29.2691
   -7.5000  -37.5000  -37.5000 1971.5548   26.9305
    0.0000  -37.5000  -37.5000 1980.3741   26.6624
    7.5000  -37.5000  -37.5000 1955.6738   26.9338
   -7.5000  -30.0000  -37.5000 2033.7412   25.0452
    0.0000  -30.0000  -37.5000 2039.8741   24.8066
    7.5000  -30.0000  -37.5000 2015.4196   25.0503
   -7.5000  -22.5000  -37.5000 2094.1973   23.4837
    0.0000  -22.5000  -37.5000 2098.3555   23.2941
    7.5000  -22.5000  -37.5000 2075.6580   23.4644
   -7.5000  -15.0000  -37.5000 2128.9937   22.2872
    0.0000  -15.0000  -37.5000 2137.5115   22.1373
    7.5000  -15.0000  -37.5000 2114.2085   22.2600
   -7.5000   -7.5000  -37.5000 2146.7717   21.5860
    0.0000   -7.5000  -37.5000 2156.8418   21.4113
    7.5000   -7.5000  -37.5000 2133.4397   21.5960
   -7.5000    0.0000  -37.5000 2145.0659   21.4498
    0.0000    0.0000  -37.5000 2154.8008   21.2071
    7.5000    0.0000  -37.5000 2134.5879   21.3846
   -7.5000    7.5000  -37.5000 2138.2957   21.5669
    0.0000    7.5000  -37.5000 2149.9968   21.3080
    7.5000    7.5000  -37.5000 2126.9592   21.4583
   -7.5000   15.0000  -37.5000 2119.6665   22.1813
    0.0000   15.0000  -37.5000 2130.3875   21.8895
    7.5000   15.0000  -37.5000 2107.6489   22.0632
   -7.5000   22.5000  -37.5000 2070.2854   23.2336
    0.0000   22.5000  -37.5000 2086.0146   22.9256
    7.5000   22.5000  -37.5000 2070.4819   23.0809
   -7.5000   30.0000  -37.5000 2014.1992   24.6159
    0.0000   30.0000  -37.5000 2027.9705   24.2909
    7.5000   30.0000  -37.5000 2014.4269   24.4441
   -7.5000   37.5000  -37.5000 1947.3265   26.3267
    0.0000   37.5000  -37.5000 1960.6414   25.9438
    7.5000   37.5000  -37.5000 1940.3999   26.1169
   -7.5000   45.0000  -37.5000 1857.1252   28.5819
    0.0000   45.0000  -37.5000 1870.6846   28.1138
    7.5000   45.0000  -37.5000 1847.1271   28.4200
   -7.5000  -45.0000  -30.0000 2002.3916   27.7622
    0.0000  -45.0000  -30.0000 2005.5026   27.4664
    7.5000  -45.0000  -30.0000 1989.8248   27.6315
   -7.5000  -37.5000  -30.0000 2098.0364   25.4681
    0.0000  -37.5000  -30.0000 2104.6660   25.2275
    7.5000  -37.5000  -30.0000 2082.8125   25.3714
   -7.5000  -30.0000  -30.0000 2168.5654   23.7551
    0.0000  -30.0000  -30.0000 2178.6553   23.5681
    7.5000  -30.0000  -30.0000 2160.3447   23.6157
   -7.5000  -22.5000  -30.0000 2233.2888   22.3293
    0.0000  -22.5000  -30.0000 2243.0537   22.1191
    7.5000  -22.5000  -30.0000 2230.1284   22.1692
   -7.5000  -15.0000  -30.0000 2269.4346   21.1449
    0.0000  -15.0000  -30.0000 2283.7705   20.9673
    7.5000  -15.0000  -30.0000 2273.3308   21.0261
   -7.5000   -7.5000  -30.0000 2293.6282   20.4814
    0.0000   -7.5000  -30.0000 2309.6609   20.3402
    7.5000   -7.5000  -30.0000 2292.3098   20.3674
   -7.5000    0.0000  -30.0000 2282.4990   20.3201
    0.0000    0.0000  -30.0000 2298.4553   20.0506
    7.5000    0.0000  -30.0000 2283.5183   20.1553
   -7.5000    7.5000  -30.0000 2268.1672   20.3105
    0.0000    7.5000  -30.0000 2285.7209   20.0756
    7.5000    7.5000  -30.0000 2269.5356   20.0820
   -7.5000   15.0000  -30.0000 2253.6777   20.7739
    0.0000   15.0000  -30.0000 2268.9797   20.5228
    7.5000   15.0000  -30.0000 2249.7285   20.5430
   -7.5000   22.5000  -30.0000 2214.2517   21.7115
    0.0000   22.5000  -30.0000 2237.6143   21.4521
    7.5000   22.5000  -30.0000 2215.2532   21.4696
   -7.5000   30.0000  -30.0000 2158.3169   23.0298
    0.0000   30.0000  -30.0000 2177.0071   22.7836
    7.5000   30.0000  -30.0000 2159.5178   22.8103
   -7.5000   37.5000  -30.0000 2082.3984   24.7483
    0.0000   37.5000  -30.0000 2102.8577   24.4044
    7.5000   37.5000  -30.0000 2086.5898   24.4966
   -7.5000   45.0000  -30.0000 1984.4680   26.8720
    0.0000   45.0000  -30.0000 2006.6838   26.4575
    7.5000   45.0000  -30.0000 1987.8917   26.6765
   -7.5000  -45.0000  -22.5000 2098.3818   26.2327
    0.0000  -45.0000  -22.5000 2106.8042   26.0494
    7.5000  -45.0000  -22.5000 2094.8757   26.1009
   -7.5000  -37.5000  -22.5000 2208.7488   24.0454
    0.0000  -37.5000  -22.5000 2216.2412   23.8797
    7.5000  -37.5000  -22.5000 2198.0251   23.8701
   -7.5000  -30.0000  -22.5000 2295.9321   22.4288
    0.0000  -30.0000  -22.5000 2304.8103   22.2767
    7.5000  -30.0000  -22.5000 2284.4509   22.2254
   -7.5000  -22.5000  -22.5000 2362.1741   21.0188
    0.0000  -22.5000  -22.5000 2367.3191   20.8873
    7.5000  -22.5000  -22.5000 2346.6360   20.8475
   -7.5000  -15.0000  -22.5000 2402.4160   19.9203
    0.0000  -15.0000  -22.5000 2413.3784   19.7989
    7.5000  -15.0000  -22.5000 2388.1689   19.7738
   -7.5000   -7.5000  -22.5000 2420.7439   19.2237
    0.0000   -7.5000  -22.5000 2436.9709   19.0897
    7.5000   -7.5000  -22.5000 2411.3201   19.0851
   -7.5000    0.0000  -22.5000 2420.7021   18.9831
    0.0000    0.0000  -22.5000 2439.5173   18.8487
    7.5000    0.0000  -22.5000 2412.3005   18.8455
   -7.5000    7.5000  -22.5000 2405.9641   19.0585
    0.0000    7.5000  -22.5000 2422.3792   18.8842
    7.5000    7.5000  -22.5000 2403.8457   18.8685
   -7.5000   15.0000  -22.5000 2381.4451   19.5021
    0.0000   15.0000  -22.5000 2401.4360   19.3138
    7.5000   15.0000  -22.5000 2380.3989   19.2861
   -7.5000   22.5000  -22.5000 2343.4312   20.3561
    0.0000   22.5000  -22.5000 2365.3945   20.1326
    7.5000   22.5000  -22.5000 2338.4043   20.1420
   -7.5000   30.0000  -22.5000 2283.1470   21.5769
    0.0000   30.0000  -22.5000 2298.6162   21.3280
    7.5000   30.0000  -22.5000 2283.5483   21.3052
   -7.5000   37.5000  -22.5000 2202.9006   23.1802
    0.0000   37.5000  -22.5000 2220.3384   22.8513
    7.5000   37.5000  -22.5000 2205.6182   22.9095
   -7.5000   45.0000  -22.5000 2099.7810   25.2514
    0.0000   45.0000  -22.5000 2116.3206   24.8900
    7.5000   45.0000  -22.5000 2105.6145   25.0083
   -7.5000  -45.0000  -15.0000 2180.7576   24.8360
    0.0000  -45.0000  -15.0000 2185.8459   24.7198
    7.5000  -45.0000  -15.0000 2164.2708   24.5854
   -7.5000  -37.5000  -15.0000 2297.1721   22.7733
    0.0000  -37.5000  -15.0000 2303.0327   22.6935
    7.5000  -37.5000  -15.0000 2276.8774   22.5507
   -7.5000  -30.0000  -15.0000 2385.3569   21.2356
    0.0000  -30.0000  -15.0000 2393.3074   21.0939
    7.5000  -30.0000  -15.0000 2368.0249   21.0224
   -7.5000  -22.5000  -15.0000 2450.4365   19.7881
    0.0000  -22.5000  -15.0000 2465.9751   19.6872
    7.5000  -22.5000  -15.0000 2433.3477   19.6041
   -7.5000  -15.0000  -15.0000 2502.2034   18.6945
    0.0000  -15.0000  -15.0000 2513.0259   18.5564
    7.5000  -15.0000  -15.0000 2486.7566   18.5298
   -7.5000   -7.5000  -15.0000 2532.9866   18.0141
    0.0000   -7.5000  -15.0000 2544.9119   17.8723
    7.5000   -7.5000  -15.0000 2521.2400   17.8934
   -7.5000    0.0000  -15.0000 2541.7048   17.7385
    0.0000    0.0000  -15.0000 2560.0198   17.6287
    7.5000    0.0000  -15.0000 2528.0505   17.6060
   -7.5000    7.5000  -15.0000 2533.5027   17.9117
    0.0000    7.5000  -15.0000 2544.8914   17.7492
    7.5000    7.5000  -15.0000 2522.5823   17.6783
   -7.5000   15.0000  -15.0000 2499.6863   18.3225
    0.0000   15.0000  -15.0000 2518.7307   18.1761
    7.5000   15.0000  -15.0000 2492.3152   18.0858
   -7.5000   22.5000  -15.0000 2447.0774   19.1397
    0.0000   22.5000  -15.0000 2469.3789   18.9656
    7.5000   22.5000  -15.0000 2439.3098   18.9051
   -7.5000   30.0000  -15.0000 2382.8281   20.2770
    0.0000   30.0000  -15.0000 2401.0728   20.0818
    7.5000   30.0000  -15.0000 2377.2515   19.9971
   -7.5000   37.5000  -15.0000 2300.0488   21.6719
    0.0000   37.5000  -15.0000 2323.9509   21.4862
    7.5000   37.5000  -15.0000 2296.6003   21.4438
   -7.5000   45.0000  -15.0000 2191.6892   23.5639
    0.0000   45.0000  -15.0000 2214.3074   23.3857
    7.5000   45.0000  -15.0000 2188.6094   23.3687
   -7.5000  -45.0000   -7.5000 2245.2480   23.5760
    0.0000  -45.0000   -7.5000 2251.7024   23.4893
    7.5000  -45.0000   -7.5000 2215.8594   23.4191
   -7.5000  -37.5000   -7.5000 2367.0493   21.5469
    0.0000  -37.5000   -7.5000 2374.0618   21.4176
    7.5000  -37.5000   -7.5000 2336.2981   21.3572
   -7.5000  -30.0000   -7.5000 2454.6467   19.9786
    0.0000  -30.0000   -7.5000 2467.1624   19.8654
    7.5000  -30.0000   -7.5000 2430.2498   19.7614
   -7.5000  -22.5000   -7.5000 2525.6775   18.6239
    0.0000  -22.5000   -7.5000 2541.1211   18.5162
    7.5000  -22.5000   -7.5000 2507.9409   18.4235
   -7.5000  -15.0000   -7.5000 2579.3440   17.5193
    0.0000  -15.0000   -7.5000 2595.9607   17.3959
    7.5000  -15.0000   -7.5000 2569.9233   17.3444
   -7.5000   -7.5000   -7.5000 2618.5232   16.8355
    0.0000   -7.5000   -7.5000 2635.5920   16.7385
    7.5000   -7.5000   -7.5000 2609.2185   16.7023
   -7.5000    0.0000   -7.5000 2639.3215   16.5687
    0.0000    0.0000   -7.5000 2659.7825   16.4528
    7.5000    0.0000   -7.5000 2625.1489   16.3825
   -7.5000    7.5000   -7.5000 2639.9419   16.7004
    0.0000    7.5000   -7.5000 2655.7014   16.5594
    7.5000    7.5000   -7.5000 2626.2224   16.4741
   -7.5000   15.0000   -7.5000 2606.0688   17.1358
    0.0000   15.0000   -7.5000 2628.4844   17.0208
    7.5000   15.0000   -7.5000 2597.7729   16.9293
   -7.5000   22.5000   -7.5000 2551.1768   17.9095
    0.0000   22.5000   -7.5000 2577.7126   17.7843
    7.5000   22.5000   -7.5000 2545.8149   17.7069
   -7.5000   30.0000   -7.5000 2471.6826   18.9767
    0.0000   30.0000   -7.5000 2500.2827   18.8183
    7.5000   30.0000   -7.5000 2469.7612   18.7758
   -7.5000   37.5000   -7.5000 2384.5166   20.2752
    0.0000   37.5000   -7.5000 2413.4048   20.0920
    7.5000   37.5000   -7.5000 2387.0154   20.0866
   -7.5000   45.0000   -7.5000 2270.5195   22.0395
    0.0000   45.0000   -7.5000 2303.4277   21.8613
    7.5000   45.0000   -7.5000 2274.5076   21.8860
   -7.5000  -45.0000    0.0000 2284.6074   22.4698
    0.0000  -45.0000    0.0000 2293.5005   22.3374
    7.5000  -45.0000    0.0000 2256.8562   22.2731
   -7.5000  -37.5000    0.0000 2403.7319   20.4085
    0.0000  -37.5000    0.0000 2419.0232   20.2833
    7.5000  -37.5000    0.0000 2381.3179   20.2619
   -7.5000  -30.0000    0.0000 2492.9541   18.8756
    0.0000  -30.0000    0.0000 2513.0066   18.7486
    7.5000  -30.0000    0.0000 2476.3569   18.7512
   -7.5000  -22.5000    0.0000 2576.2278   17.5552
    0.0000  -22.5000    0.0000 2598.7520   17.4338
    7.5000  -22.5000    0.0000 2561.9285   17.4030
   -7.5000  -15.0000    0.0000 2638.5059   16.5300
    0.0000  -15.0000    0.0000 2666.5974   16.4409
    7.5000  -15.0000    0.0000 2636.8467   16.3822
   -7.5000   -7.5000    0.0000 2691.7090   15.8511
    0.0000   -7.5000    0.0000 2715.1287   15.7509
    7.5000   -7.5000    0.0000 2687.2522   15.6682
   -7.5000    0.0000    0.0000 2719.9697   15.5225
    0.0000    0.0000    0.0000 2744.7319   15.4223
    7.5000    0.0000    0.0000 2705.2061   15.3434
   -7.5000    7.5000    0.0000 2719.0908   15.5958
    0.0000    7.5000    0.0000 2746.5710   15.4764
    7.5000    7.5000    0.0000 2708.7773   15.4202
   -7.5000   15.0000    0.0000 2689.8118   16.0502
    0.0000   15.0000    0.0000 2723.0869   15.9360
    7.5000   15.0000    0.0000 2691.4985   15.8807
   -7.5000   22.5000    0.0000 2639.8711   16.8116
    0.0000   22.5000    0.0000 2674.3574   16.6722
    7.5000   22.5000    0.0000 2641.4341   16.6497
   -7.5000   30.0000    0.0000 2552.9402   17.8553
    0.0000   30.0000    0.0000 2588.0737   17.6512
    7.5000   30.0000    0.0000 2560.6768   17.6604
   -7.5000   37.5000    0.0000 2455.5120   19.0853
    0.0000   37.5000    0.0000 2485.1316   18.9102
    7.5000   37.5000    0.0000 2467.3337   18.9152
   -7.5000   45.0000    0.0000 2329.5164   20.8572
    0.0000   45.0000    0.0000 2364.0725   20.6150
    7.5000   45.0000    0.0000 2343.6404   20.6353
   -7.5000  -45.0000    7.5000 2308.7039   21.5736
    0.0000  -45.0000    7.5000 2330.6265   21.3715
    7.5000  -45.0000    7.5000 2295.8521   21.3710
   -7.5000  -37.5000    7.5000 2425.0605   19.5229
    0.0000  -37.5000    7.5000 2445.0989   19.3453
    7.5000  -37.5000    7.5000 2414.9280   19.3602
   -7.5000  -30.0000    7.5000 2524.4919   17.9906
    0.0000  -30.0000    7.5000 2544.3232   17.8381
    7.5000  -30.0000    7.5000 2513.6199   17.8375
   -7.5000  -22.5000    7.5000 2617.3936   16.6882
    0.0000  -22.5000    7.5000 2643.0112   16.5465
    7.5000  -22.5000    7.5000 2611.4351   16.5556
   -7.5000  -15.0000    7.5000 2697.5762   15.7179
    0.0000  -15.0000    7.5000 2727.5688   15.5694
    7.5000  -15.0000    7.5000 2692.5842   15.5474
   -7.5000   -7.5000    7.5000 2757.2917   15.0455
    0.0000   -7.5000    7.5000 2792.9153   14.9201
    7.5000   -7.5000    7.5000 2756.0898   14.8772
   -7.5000    0.0000    7.5000 2789.0811   14.6667
    0.0000    0.0000    7.5000 2824.7661   14.5395
    7.5000    0.0000    7.5000 2784.9180   14.5023
   -7.5000    7.5000    7.5000 2791.4155   14.7045
    0.0000    7.5000    7.5000 2832.1152   14.5550
    7.5000    7.5000    7.5000 2796.4087   14.5643
   -7.5000   15.0000    7.5000 2768.5266   15.1351
    0.0000   15.0000    7.5000 2806.8567   14.9598
    7.5000   15.0000    7.5000 2784.3967   14.9841
   -7.5000   22.5000    7.5000 2709.4763   15.9111
    0.0000   22.5000    7.5000 2750.4661   15.6924
    7.5000   22.5000    7.5000 2727.0688   15.7227
   -7.5000   30.0000    7.5000 2612.6892   16.9193
    0.0000   30.0000    7.5000 2656.5164   16.7076
    7.5000   30.0000    7.5000 2636.2678   16.7394
   -7.5000   37.5000    7.5000 2510.0300   18.2193
    0.0000   37.5000    7.5000 2546.8176   18.0113
    7.5000   37.5000    7.5000 2526.6914   18.0487
   -7.5000   45.0000    7.5000 2380.4214   19.9335
    0.0000   45.0000    7.5000 2415.4294   19.6760
    7.5000   45.0000    7.5000 2393.9348   19.7210
   -7.5000  -45.0000   15.0000 2332.2720   20.9819
    0.0000  -45.0000   15.0000 2346.8433   20.7162
    7.5000  -45.0000   15.0000 2323.1836   20.8372
   -7.5000  -37.5000   15.0000 2447.1958   18.9290
    0.0000  -37.5000   15.0000 2462.8472   18.6745
    7.5000  -37.5000   15.0000 2442.0195   18.7865
   -7.5000  -30.0000   15.0000 2541.3057   17.3746
    0.0000  -30.0000   15.0000 2560.4763   17.1461
    7.5000  -30.0000   15.0000 2538.6196   17.2408
   -7.5000  -22.5000   15.0000 2632.2024   16.1026
    0.0000  -22.5000   15.0000 2657.0649   15.8819
    7.5000  -22.5000   15.0000 2636.7871   15.9444
   -7.5000  -15.0000   15.0000 2719.5710   15.1563
    0.0000  -15.0000   15.0000 2752.7458   14.9385
    7.5000  -15.0000   15.0000 2727.4502   14.9743
   -7.5000   -7.5000   15.0000 2798.4939   14.5214
    0.0000   -7.5000   15.0000 2834.3462   14.3225
    7.5000   -7.5000   15.0000 2808.1770   14.3451
   -7.5000    0.0000   15.0000 2834.0439   14.0774
    0.0000    0.0000   15.0000 2885.0037   13.8531
    7.5000    0.0000   15.0000 2845.9084   13.9565
   -7.5000    7.5000   15.0000 2840.7969   14.1228
    0.0000    7.5000   15.0000 2887.7039   13.8420
    7.5000    7.5000   15.0000 2858.3081   14.0331
   -7.5000   15.0000   15.0000 2815.0623   14.5611
    0.0000   15.0000   15.0000 2855.3057   14.3073
    7.5000   15.0000   15.0000 2841.1997   14.4618
   -7.5000   22.5000   15.0000 2753.7844   15.3000
    0.0000   22.5000   15.0000 2793.1462   15.0207
    7.5000   22.5000   15.0000 2782.6255   15.1520
   -7.5000   30.0000   15.0000 2655.9373   16.3497
    0.0000   30.0000   15.0000 2698.9204   16.0603
    7.5000   30.0000   15.0000 2687.5850   16.1885
   -7.5000   37.5000   15.0000 2544.4373   17.6336
    0.0000   37.5000   15.0000 2581.9370   17.3662
    7.5000   37.5000   15.0000 2570.8577   17.5262
   -7.5000   45.0000   15.0000 2409.1536   19.3523
    0.0000   45.0000   15.0000 2443.4607   19.1086
    7.5000   45.0000   15.0000 2431.5583   19.2222
   -7.5000  -45.0000   22.5000 2339.2847   20.6740
    0.0000  -45.0000   22.5000 2348.4456   20.2507
    7.5000  -45.0000   22.5000 2329.8257   20.5541
   -7.5000  -37.5000   22.5000 2451.2168   18.6560
    0.0000  -37.5000   22.5000 2462.4543   18.2671
    7.5000  -37.5000   22.5000 2447.1748   18.4834
   -7.5000  -30.0000   22.5000 2550.2498   17.1463
    0.0000  -30.0000   22.5000 2565.2717   16.7668
    7.5000  -30.0000   22.5000 2546.8884   16.9108
   -7.5000  -22.5000   22.5000 2646.5654   15.8428
    0.0000  -22.5000   22.5000 2666.3293   15.4919
    7.5000  -22.5000   22.5000 2651.7087   15.6498
   -7.5000  -15.0000   22.5000 2740.2568   14.8616
    0.0000  -15.0000   22.5000 2762.7683   14.5237
    7.5000  -15.0000   22.5000 2750.1589   14.6601
   -7.5000   -7.5000   22.5000 2821.5784   14.2915
    0.0000   -7.5000   22.5000 2850.6829   14.0073
    7.5000   -7.5000   22.5000 2839.3789   14.0818
   -7.5000    0.0000   22.5000 2877.0593   14.0000
    0.0000    0.0000   22.5000 2929.5183   13.7286
    7.5000    0.0000   22.5000 2891.0325   13.8128
   -7.5000    7.5000   22.5000 2901.8865   13.9688
    0.0000    7.5000   22.5000 2947.4775   13.5876
    7.5000    7.5000   22.5000 2910.9902   13.8354
   -7.5000   15.0000   22.5000 2867.4136   14.4540
    0.0000   15.0000   22.5000 2899.5061   14.0464
    7.5000   15.0000   22.5000 2884.1821   14.2112
   -7.5000   22.5000   22.5000 2798.3452   15.1955
    0.0000   22.5000   22.5000 2820.1733   14.7666
    7.5000   22.5000   22.5000 2815.9788   14.8746
   -7.5000   30.0000   22.5000 2699.4663   16.1938
    0.0000   30.0000   22.5000 2719.3264   15.7598
    7.5000   30.0000   22.5000 2709.3987   15.8707
   -7.5000   37.5000   22.5000 2580.3311   17.5019
    0.0000   37.5000   22.5000 2602.0906   17.0901
    7.5000   37.5000   22.5000 2594.2642   17.1930
   -7.5000   45.0000   22.5000 2437.5254   19.2361
    0.0000   45.0000   22.5000 2460.6890   18.8591
    7.5000   45.0000   22.5000 2449.5928   18.8961
   -7.5000  -45.0000   30.0000 2330.6548   20.7382
    0.0000  -45.0000   30.0000 2336.7407   20.2425
    7.5000  -45.0000   30.0000 2326.5771   20.6395
   -7.5000  -37.5000   30.0000 2446.5132   18.6756
    0.0000  -37.5000   30.0000 2459.1277   18.2157
    7.5000  -37.5000   30.0000 2449.1702   18.5650
   -7.5000  -30.0000   30.0000 2538.4358   17.1269
    0.0000  -30.0000   30.0000 2557.1011   16.6876
    7.5000  -30.0000   30.0000 2547.6848   16.9454
   -7.5000  -22.5000   30.0000 2630.7126   15.8312
    0.0000  -22.5000   30.0000 2656.0662   15.4727
    7.5000  -22.5000   30.0000 2649.9399   15.6370
   -7.5000  -15.0000   30.0000 2728.6938   14.9011
    0.0000  -15.0000   30.0000 2755.6221   14.5119
    7.5000  -15.0000   30.0000 2750.7361   14.6412
   -7.5000   -7.5000   30.0000 2828.2354   14.4654
    0.0000   -7.5000   30.0000 2863.0969   14.0779
    7.5000   -7.5000   30.0000 2841.6145   14.1116
   -7.5000    0.0000   30.0000 2900.5090   14.3108
    0.0000    0.0000   30.0000 2937.5242   13.8407
    7.5000    0.0000   30.0000 2892.7849   13.8144
   -7.5000    7.5000   30.0000 2928.0410   14.4307
    0.0000    7.5000   30.0000 2955.5100   13.7755
    7.5000    7.5000   30.0000 2898.6938   13.7594
   -7.5000   15.0000   30.0000 2880.8093   14.7314
    0.0000   15.0000   30.0000 2911.0776   14.1790
    7.5000   15.0000   30.0000 2874.8938   14.1537
   -7.5000   22.5000   30.0000 2799.0476   15.2359
    0.0000   22.5000   30.0000 2820.7336   14.8086
    7.5000   22.5000   30.0000 2800.2988   14.8156
   -7.5000   30.0000   30.0000 2693.2427   16.1841
    0.0000   30.0000   30.0000 2711.5747   15.7604
    7.5000   30.0000   30.0000 2696.8384   15.7742
   -7.5000   37.5000   30.0000 2573.6191   17.4004
    0.0000   37.5000   30.0000 2595.5364   17.0415
    7.5000   37.5000   30.0000 2583.6558   17.0484
   -7.5000   45.0000   30.0000 2434.6597   19.0563
    0.0000   45.0000   30.0000 2464.6521   18.7842
    7.5000   45.0000   30.0000 2445.2710   18.7387
   -7.5000  -45.0000   37.5000 2310.5793   21.0607
    0.0000  -45.0000   37.5000 2318.8545   20.4726
    7.5000  -45.0000   37.5000 2316.7092   20.9614
   -7.5000  -37.5000   37.5000 2425.9182   19.0056
    0.0000  -37.5000   37.5000 2437.3936   18.4490
    7.5000  -37.5000   37.5000 2438.0798   18.8624
   -7.5000  -30.0000   37.5000 2522.9473   17.5640
    0.0000  -30.0000   37.5000 2536.6350   16.9910
    7.5000  -30.0000   37.5000 2541.3064   17.2368
   -7.5000  -22.5000   37.5000 2620.4775   16.3811
    0.0000  -22.5000   37.5000 2639.4324   15.8395
    7.5000  -22.5000   37.5000 2641.8970   15.9730
   -7.5000  -15.0000   37.5000 2726.3113   15.4981
    0.0000  -15.0000   37.5000 2744.4287   14.9518
    7.5000  -15.0000   37.5000 2742.0010   15.0077
   -7.5000   -7.5000   37.5000 2820.1948   14.9401
    0.0000   -7.5000   37.5000 2841.9534   14.4285
    7.5000   -7.5000   37.5000 2825.9248   14.4022
   -7.5000    0.0000   37.5000 2871.3965   14.7197
    0.0000    0.0000   37.5000 2891.0435   14.0498
    7.5000    0.0000   37.5000 2856.0525   14.0243
   -7.5000    7.5000   37.5000 2890.7166   14.7415
    0.0000    7.5000   37.5000 2910.8584   14.1694
    7.5000    7.5000   37.5000 2874.7739   14.0874
   -7.5000   15.0000   37.5000 2855.3083   15.0119
    0.0000   15.0000   37.5000 2891.4253   14.6021
    7.5000   15.0000   37.5000 2852.6880   14.5076
   -7.5000   22.5000   37.5000 2776.7346   15.6311
    0.0000   22.5000   37.5000 2810.3010   15.3391
    7.5000   22.5000   37.5000 2776.5540   15.2183
   -7.5000   30.0000   37.5000 2669.9763   16.5520
    0.0000   30.0000   37.5000 2692.6704   16.2446
    7.5000   30.0000   37.5000 2672.4927   16.1731
   -7.5000   37.5000   37.5000 2554.8916   17.7079
    0.0000   37.5000   37.5000 2576.6008   17.4085
    7.5000   37.5000   37.5000 2564.0803   17.3925
   -7.5000   45.0000   37.5000 2416.9053   19.2308
    0.0000   45.0000   37.5000 2452.6753   19.0041
    7.5000   45.0000   37.5000 2437.3530   18.9968
   -7.5000  -45.0000   45.0000 2275.1208   21.8016
    0.0000  -45.0000   45.0000 2286.6418   21.2878
    7.5000  -45.0000   45.0000 2287.1187   21.6411
   -7.5000  -37.5000   45.0000 2392.7632   19.7483
    0.0000  -37.5000   45.0000 2404.3796   19.1943
    7.5000  -37.5000   45.0000 2402.4573   19.4931
   -7.5000  -30.0000   45.0000 2495.5376   18.2178
    0.0000  -30.0000   45.0000 2510.1528   17.6026
    7.5000  -30.0000   45.0000 2505.2734   17.8294
   -7.5000  -22.5000   45.0000 2590.0730   16.9561
    0.0000  -22.5000   45.0000 2612.5417   16.3636
    7.5000  -22.5000   45.0000 2610.8782   16.4998
   -7.5000  -15.0000   45.0000 2687.0718   15.9764
    0.0000  -15.0000   45.0000 2708.9382   15.4420
    7.5000  -15.0000   45.0000 2710.0872   15.5128
   -7.5000   -7.5000   45.0000 2765.8169   15.3694
    0.0000   -7.5000   45.0000 2790.9802   14.7609
    7.5000   -7.5000   45.0000 2781.1497   14.7731
   -7.5000    0.0000   45.0000 2809.1187   15.1067
    0.0000    0.0000   45.0000 2834.8567   14.5089
    7.5000    0.0000   45.0000 2820.2585   14.5162
   -7.5000    7.5000   45.0000 2821.8745   15.1512
    0.0000    7.5000   45.0000 2849.5693   14.6985
    7.5000    7.5000   45.0000 2837.8369   14.7068
   -7.5000   15.0000   45.0000 2788.4487   15.5554
    0.0000   15.0000   45.0000 2826.1628   15.1547
    7.5000   15.0000   45.0000 2808.2778   15.1564
   -7.5000   22.5000   45.0000 2717.2732   16.2058
    0.0000   22.5000   45.0000 2749.0396   15.8795
    7.5000   22.5000   45.0000 2730.0330   15.8462
   -7.5000   30.0000   45.0000 2615.5217   17.1635
    0.0000   30.0000   45.0000 2645.0371   16.8814
    7.5000   30.0000   45.0000 2628.5811   16.7896
   -7.5000   37.5000   45.0000 2507.2146   18.3333
    0.0000   37.5000   45.0000 2536.2842   18.0515
    7.5000   37.5000   45.0000 2519.2976   17.9533
   -7.5000   45.0000   45.0000 2378.8962   19.7991
    0.0000   45.0000   45.0000 2406.5247   19.4993
    7.5000   45.0000   45.0000 2396.3918   19.4665
   -7.5000  -45.0000   52.5000 2227.8081   22.7573
    0.0000  -45.0000   52.5000 2246.1213   22.2726
    7.5000  -45.0000   52.5000 2243.7390   22.4847
   -7.5000  -37.5000   52.5000 2338.9875   20.4741
    0.0000  -37.5000   52.5000 2360.5991   19.9879
    7.5000  -37.5000   52.5000 2357.6577   20.2476
   -7.5000  -30.0000   52.5000 2441.5659   18.8247
    0.0000  -30.0000   52.5000 2466.2610   18.2349
    7.5000  -30.0000   52.5000 2462.2634   18.5187
   -7.5000  -22.5000   52.5000 2545.2261   17.5102
    0.0000  -22.5000   52.5000 2576.0913   16.9254
    7.5000  -22.5000   52.5000 2573.1287   17.1338
   -7.5000  -15.0000   52.5000 2636.5916   16.4816
    0.0000  -15.0000   52.5000 2665.2148   15.9024
    7.5000  -15.0000   52.5000 2665.0674   16.0295
   -7.5000   -7.5000   52.5000 2707.9175   15.8658
    0.0000   -7.5000   52.5000 2743.7810   15.2276
    7.5000   -7.5000   52.5000 2734.8269   15.2996
   -7.5000    0.0000   52.5000 2743.2808   15.5912
    0.0000    0.0000   52.5000 2779.2996   15.1297
    7.5000    0.0000   52.5000 2773.0645   15.1977
   -7.5000    7.5000   52.5000 2746.2317   15.7703
    0.0000    7.5000   52.5000 2780.3789   15.3439
    7.5000    7.5000   52.5000 2773.8027   15.4171
   -7.5000   15.0000   52.5000 2712.1904   16.2224
    0.0000   15.0000   52.5000 2745.3889   15.8117
    7.5000   15.0000   52.5000 2734.4285   15.8626
   -7.5000   22.5000   52.5000 2639.1616   16.9449
    0.0000   22.5000   52.5000 2670.8320   16.5731
    7.5000   22.5000   52.5000 2660.7778   16.5947
   -7.5000   30.0000   52.5000 2547.0742   17.8892
    0.0000   30.0000   52.5000 2575.7488   17.5255
    7.5000   30.0000   52.5000 2569.3337   17.5394
   -7.5000   37.5000   52.5000 2450.9111   19.0411
    0.0000   37.5000   52.5000 2484.3577   18.7171
    7.5000   37.5000   52.5000 2474.6921   18.6785
   -7.5000   45.0000   52.5000 2323.4128   20.5451
    0.0000   45.0000   52.5000 2352.0867   20.2389
    7.5000   45.0000   52.5000 2340.5042   20.1622

---------------------------------------------------------------------
imgreg_4dfp /opt/freesurfer/average/711-2C_as_mni_average_305 /opt/freesurfer/average/711-2B_as_mni_average_305_mask talsrcimg_g11 none talsrcimg_to_711-2C_as_mni_average_305_t4 1283
---------------------------------------------------------------------

freesurfer imgreg_4dfp.c
/opt/freesurfer/average/711-2C_as_mni_average_305.4dfp.img
       256       256       256         1
  1.000000  1.000000  1.000000
orientation T byte_order littleendian
Reading image: /opt/freesurfer/average/711-2C_as_mni_average_305.4dfp.img
dimensions:      256       256       256
mmppix:       1.0000   -1.0000   -1.0000
center:     128.0000 -129.0000 -129.0000
/opt/freesurfer/average/711-2B_as_mni_average_305_mask.4dfp.img
       256       256       256         1
  1.000000  1.000000  1.000000
orientation T byte_order littleendian
Reading mask: /opt/freesurfer/average/711-2B_as_mni_average_305_mask.4dfp.img (2306576 pixels)
talsrcimg_g11.4dfp.img
       256       256       256         1
  1.000000  1.000000  1.000000
orientation T byte_order littleendian
Reading image: talsrcimg_g11.4dfp.img
dimensions:      256       256       256
mmppix:       1.0000   -1.0000   -1.0000
center:     128.0000 -129.0000 -129.0000
rotation matrix determinant  1.000000
fimgreg.f
image alignment mode   1283 decimal      503 hex
parameters
    0.0000    7.5000   30.0000    0.0000    0.0000    0.0000
eta,q 0.92794 13.82792
niter,ni,del,rscale     5    3   12.0000    1.2000
parameter  1  0.573936 ->  0.500000 qaram    1.1500
parameter  6  0.833896 ->  0.500000 qaram    1.1500
parameters
   -3.4500    6.5648   28.8245   -1.2397   -0.5772   -3.4500
eta,q 0.92975 13.86428
  0.0787  0.0780  0.0824  0.0739  0.0792  0.0713
  0.0746  0.0748  0.0771  0.0731  0.0762  0.0702
  0.0754  0.0748  0.0739  0.0727  0.0736  0.0710
  0.0782  0.0738  0.0745  0.0733  0.0729  0.0731
  0.0821  0.0723  0.0802  0.0734  0.0743  0.0755
  0.0882  0.0774  0.0849  0.0735  0.0775  0.0778
  0.0905  0.0856  0.0855  0.0757  0.0830  0.0809
niter,ni,del,rscale     6    3   12.0000    1.2000
parameters
   -1.8651    6.4168   27.5023   -4.0871   -1.6026   -4.9398
eta,q 0.93164 13.75427
  0.0978  0.0753  0.0773  0.0701  0.0736  0.0728
  0.0870  0.0721  0.0733  0.0696  0.0706  0.0707
  0.0747  0.0706  0.0708  0.0696  0.0687  0.0687
  0.0702  0.0699  0.0699  0.0702  0.0695  0.0689
  0.0699  0.0695  0.0736  0.0711  0.0711  0.0715
  0.0730  0.0715  0.0816  0.0718  0.0733  0.0745
  0.0812  0.0771  0.0861  0.0744  0.0776  0.0771
niter,ni,del,rscale     5    3   12.0000    1.2000
parameters
   -0.9535    7.6173   26.7134   -5.0274   -2.2831   -4.9873
eta,q 0.93197 13.69704
  0.0921  0.0815  0.0765  0.0705  0.0719  0.0744
  0.0790  0.0756  0.0726  0.0686  0.0691  0.0713
  0.0710  0.0717  0.0693  0.0681  0.0679  0.0691
  0.0684  0.0689  0.0684  0.0685  0.0683  0.0680
  0.0708  0.0685  0.0698  0.0693  0.0691  0.0692
  0.0754  0.0704  0.0757  0.0701  0.0705  0.0720
  0.0803  0.0747  0.0840  0.0718  0.0739  0.0741
niter,ni,del,rscale     4    3   12.0000    1.2000
parameters
   -0.3224    7.9475   26.4886   -5.2034   -2.3291   -4.6583
eta,q 0.93176 13.68958
  0.0879  0.0800  0.0775  0.0722  0.0723  0.0748
  0.0780  0.0741  0.0729  0.0692  0.0692  0.0714
  0.0705  0.0706  0.0695  0.0681  0.0682  0.0693
  0.0680  0.0684  0.0682  0.0683  0.0683  0.0683
  0.0701  0.0690  0.0687  0.0692  0.0683  0.0690
  0.0747  0.0728  0.0723  0.0703  0.0693  0.0712
  0.0811  0.0778  0.0807  0.0718  0.0725  0.0734
niter,ni,del,rscale     3    3   12.0000    1.2000
parameters
   -0.1461    8.0146   26.4570   -5.0702   -2.1625   -4.3288
eta,q 0.93171 13.69362
  0.0851  0.0790  0.0778  0.0725  0.0725  0.0746
  0.0765  0.0735  0.0730  0.0697  0.0694  0.0714
  0.0694  0.0701  0.0696  0.0684  0.0684  0.0694
  0.0682  0.0683  0.0683  0.0683  0.0683  0.0683
  0.0703  0.0694  0.0686  0.0690  0.0679  0.0691
  0.0758  0.0738  0.0715  0.0701  0.0689  0.0711
  0.0828  0.0784  0.0794  0.0715  0.0722  0.0733
niter,ni,del,rscale     2    3   12.0000    1.2000
parameters
   -0.1215    8.0026   26.4299   -4.9182   -1.9861   -4.1135
eta,q 0.93172 13.69646
  0.0843  0.0786  0.0776  0.0722  0.0724  0.0744
  0.0758  0.0735  0.0728  0.0696  0.0695  0.0713
  0.0694  0.0701  0.0695  0.0685  0.0686  0.0693
  0.0683  0.0683  0.0683  0.0683  0.0683  0.0682
  0.0704  0.0694  0.0686  0.0688  0.0677  0.0691
  0.0762  0.0740  0.0714  0.0698  0.0687  0.0712
  0.0833  0.0786  0.0792  0.0714  0.0724  0.0734
niter,ni,del,rscale     1    3   12.0000    1.2000
parameters
   -0.1187    7.9734   26.4031   -4.8078   -1.8951   -3.9862
eta,q 0.93178 13.70024
  0.0841  0.0783  0.0777  0.0719  0.0722  0.0743
  0.0756  0.0735  0.0728  0.0695  0.0695  0.0712
  0.0695  0.0702  0.0694  0.0686  0.0686  0.0691
  0.0683  0.0683  0.0683  0.0683  0.0683  0.0682
  0.0703  0.0693  0.0687  0.0686  0.0676  0.0691
  0.0763  0.0740  0.0714  0.0697  0.0687  0.0713
  0.0834  0.0786  0.0791  0.0714  0.0727  0.0735
registration optimization eta report
parameter search radius
    6.9000    6.0000    6.0000    6.0000    6.0000    6.9000
100000*second partial in parameter space
       33.       28.       29.        9.       13.       12.
  0.0841  0.0783  0.0777  0.0719  0.0722  0.0743
  0.0756  0.0735  0.0728  0.0695  0.0695  0.0712
  0.0695  0.0702  0.0694  0.0686  0.0686  0.0691
  0.0683  0.0683  0.0683  0.0683  0.0683  0.0682
  0.0703  0.0693  0.0687  0.0686  0.0676  0.0691
  0.0763  0.0740  0.0714  0.0697  0.0687  0.0713
  0.0834  0.0786  0.0791  0.0714  0.0727  0.0735
   -0.1187    7.9734   26.4031   -4.8078   -1.8951   -3.9862
eta,q 0.93178 13.70024

---------------------------------------------------------------------
imgreg_4dfp /opt/freesurfer/average/711-2C_as_mni_average_305 /opt/freesurfer/average/711-2B_as_mni_average_305_mask talsrcimg_g11 none talsrcimg_to_711-2C_as_mni_average_305_t4 3335
---------------------------------------------------------------------

freesurfer imgreg_4dfp.c
/opt/freesurfer/average/711-2C_as_mni_average_305.4dfp.img
       256       256       256         1
  1.000000  1.000000  1.000000
orientation T byte_order littleendian
Reading image: /opt/freesurfer/average/711-2C_as_mni_average_305.4dfp.img
dimensions:      256       256       256
mmppix:       1.0000   -1.0000   -1.0000
center:     128.0000 -129.0000 -129.0000
/opt/freesurfer/average/711-2B_as_mni_average_305_mask.4dfp.img
       256       256       256         1
  1.000000  1.000000  1.000000
orientation T byte_order littleendian
Reading mask: /opt/freesurfer/average/711-2B_as_mni_average_305_mask.4dfp.img (2306576 pixels)
talsrcimg_g11.4dfp.img
       256       256       256         1
  1.000000  1.000000  1.000000
orientation T byte_order littleendian
Reading image: talsrcimg_g11.4dfp.img
dimensions:      256       256       256
mmppix:       1.0000   -1.0000   -1.0000
center:     128.0000 -129.0000 -129.0000
fimgreg.f
image alignment mode   3335 decimal      D07 hex
parameters
   -0.1187    7.9734   26.4031   -0.2965   -0.5737   -0.4064
    6.6507    3.8700   -6.9478    8.1321   -3.3070   -8.3768
eta,q 0.93447 13.72286
niter,ni,del,rscale     5    3    5.0000    1.2000
parameter  4 10.603059 ->  0.500000 qaram    1.1500
parameter  5  8.908789 ->  0.500000 qaram    1.1500
parameter  6  0.942492 ->  0.500000 qaram    1.1500
parameter  9 -0.863446 -> -0.500000 qaram    1.1500
parameters
   -0.1452    9.0386   27.3893   -4.4365   -4.7137   -4.5464
    3.4089    6.4262   -2.8078    5.3557   -0.8617   -7.4134
eta,q 0.95960 13.81600
  0.0677  0.0678  0.0686  0.0512  0.0450  0.0443  0.0449  0.0557  0.0472  0.0427  0.0455  0.0424
  0.0665  0.0667  0.0672  0.0550  0.0485  0.0443  0.0441  0.0515  0.0455  0.0411  0.0431  0.0415
  0.0658  0.0660  0.0661  0.0597  0.0522  0.0458  0.0440  0.0472  0.0440  0.0407  0.0415  0.0408
  0.0655  0.0655  0.0653  0.0649  0.0562  0.0495  0.0445  0.0439  0.0427  0.0416  0.0407  0.0404
  0.0658  0.0653  0.0649  0.0703  0.0603  0.0554  0.0457  0.0427  0.0419  0.0433  0.0404  0.0405
  0.0666  0.0653  0.0650  0.0753  0.0645  0.0630  0.0473  0.0437  0.0415  0.0457  0.0407  0.0409
  0.0678  0.0657  0.0657  0.0801  0.0687  0.0689  0.0491  0.0466  0.0416  0.0487  0.0415  0.0416
niter,ni,del,rscale     7    3    5.0000    1.2000
parameter  3  0.562913 ->  0.500000 qaram    1.1500
parameter  4  0.688833 ->  0.500000 qaram    1.3225
parameter  5  2.260994 ->  0.500000 qaram    1.3225
parameter 11 -0.751014 -> -0.500000 qaram    1.1500
parameters
    0.1297    8.0672   26.0093   -9.1975   -9.4747   -5.7997
    3.8166    5.0227   -2.2318    4.0938    3.2783   -8.6157
eta,q 0.96919 13.45302
  0.0464  0.0409  0.0397  0.0366  0.0292  0.0345  0.0352  0.0346  0.0345  0.0340  0.0324  0.0320
  0.0434  0.0402  0.0393  0.0369  0.0304  0.0331  0.0333  0.0321  0.0330  0.0324  0.0318  0.0312
  0.0413  0.0400  0.0393  0.0373  0.0334  0.0321  0.0321  0.0314  0.0319  0.0314  0.0315  0.0308
  0.0404  0.0403  0.0400  0.0392  0.0370  0.0311  0.0315  0.0315  0.0314  0.0313  0.0312  0.0309
  0.0406  0.0414  0.0411  0.0436  0.0414  0.0307  0.0318  0.0325  0.0314  0.0323  0.0310  0.0313
  0.0419  0.0431  0.0427  0.0502  0.0456  0.0337  0.0328  0.0349  0.0323  0.0343  0.0309  0.0321
  0.0442  0.0450  0.0447  0.0570  0.0497  0.0413  0.0345  0.0386  0.0339  0.0369  0.0309  0.0331
niter,ni,del,rscale     7    3    5.0000    1.2000
parameter  5  0.608398 ->  0.500000 qaram    1.5209
parameters
    0.3674    8.2117   25.9312  -12.0534  -14.9499   -4.1068
    3.2531    4.8807   -3.2348    4.3653    3.2202   -7.6876
eta,q 0.97149 13.05396
  0.0354  0.0348  0.0328  0.0323  0.0297  0.0326  0.0312  0.0334  0.0304  0.0317  0.0295  0.0299
  0.0330  0.0327  0.0317  0.0311  0.0291  0.0309  0.0296  0.0307  0.0293  0.0299  0.0291  0.0292
  0.0315  0.0313  0.0310  0.0307  0.0291  0.0298  0.0287  0.0292  0.0287  0.0289  0.0288  0.0288
  0.0308  0.0308  0.0308  0.0308  0.0307  0.0290  0.0286  0.0286  0.0286  0.0285  0.0285  0.0285
  0.0310  0.0311  0.0311  0.0315  0.0342  0.0283  0.0292  0.0290  0.0291  0.0287  0.0286  0.0286
  0.0320  0.0322  0.0318  0.0346  0.0390  0.0284  0.0304  0.0308  0.0301  0.0296  0.0290  0.0289
  0.0339  0.0338  0.0330  0.0404  0.0439  0.0310  0.0320  0.0340  0.0316  0.0312  0.0297  0.0293
niter,ni,del,rscale     7    3    5.0000    1.2000
parameters
    0.5363    9.1110   26.9886  -11.6636  -17.5537   -4.6127
    3.2528    4.8347   -3.5115    4.4181    2.7509   -7.9908
eta,q 0.97204 12.84257
  0.0328  0.0333  0.0313  0.0316  0.0312  0.0311  0.0310  0.0325  0.0304  0.0310  0.0288  0.0291
  0.0305  0.0311  0.0299  0.0296  0.0292  0.0296  0.0293  0.0301  0.0291  0.0292  0.0284  0.0284
  0.0291  0.0295  0.0288  0.0283  0.0280  0.0285  0.0283  0.0286  0.0282  0.0282  0.0281  0.0280
  0.0285  0.0285  0.0281  0.0278  0.0278  0.0279  0.0280  0.0280  0.0280  0.0280  0.0280  0.0280
  0.0288  0.0281  0.0278  0.0279  0.0293  0.0274  0.0284  0.0284  0.0284  0.0285  0.0281  0.0282
  0.0298  0.0283  0.0280  0.0286  0.0332  0.0284  0.0294  0.0300  0.0293  0.0294  0.0285  0.0286
  0.0317  0.0292  0.0286  0.0314  0.0384  0.0342  0.0309  0.0327  0.0307  0.0306  0.0291  0.0292
niter,ni,del,rscale     6    3    5.0000    1.2000
parameters
    0.6451    9.3594   27.2523  -12.0102  -18.1667   -4.4795
    3.1826    4.8436   -3.4792    4.5647    2.2168   -7.9600
eta,q 0.97202 12.77992
  0.0320  0.0312  0.0301  0.0311  0.0328  0.0315  0.0310  0.0325  0.0306  0.0311  0.0289  0.0292
  0.0298  0.0295  0.0290  0.0294  0.0305  0.0299  0.0293  0.0301  0.0292  0.0294  0.0284  0.0285
  0.0285  0.0284  0.0283  0.0282  0.0288  0.0287  0.0283  0.0286  0.0283  0.0283  0.0281  0.0281
  0.0280  0.0279  0.0279  0.0279  0.0279  0.0280  0.0280  0.0280  0.0280  0.0280  0.0280  0.0280
  0.0283  0.0281  0.0281  0.0282  0.0281  0.0276  0.0284  0.0285  0.0283  0.0285  0.0281  0.0281
  0.0294  0.0288  0.0286  0.0292  0.0308  0.0278  0.0295  0.0300  0.0292  0.0295  0.0285  0.0285
  0.0313  0.0301  0.0294  0.0321  0.0350  0.0329  0.0310  0.0326  0.0305  0.0306  0.0292  0.0291
niter,ni,del,rscale     5    3    5.0000    1.2000
parameters
    0.6748    9.4150   27.3328  -12.0440  -18.2851   -4.5174
    3.1705    4.8604   -3.3496    4.5607    2.0097   -7.9317
eta,q 0.97200 12.76581
  0.0317  0.0308  0.0299  0.0313  0.0331  0.0315  0.0310  0.0325  0.0307  0.0311  0.0289  0.0292
  0.0297  0.0292  0.0289  0.0295  0.0309  0.0299  0.0294  0.0301  0.0293  0.0293  0.0285  0.0286
  0.0284  0.0283  0.0282  0.0283  0.0290  0.0287  0.0283  0.0286  0.0283  0.0282  0.0281  0.0281
  0.0280  0.0280  0.0280  0.0280  0.0280  0.0280  0.0280  0.0280  0.0280  0.0280  0.0280  0.0280
  0.0284  0.0283  0.0282  0.0282  0.0280  0.0275  0.0284  0.0285  0.0283  0.0286  0.0281  0.0282
  0.0296  0.0291  0.0288  0.0291  0.0302  0.0280  0.0295  0.0301  0.0292  0.0296  0.0285  0.0286
  0.0315  0.0305  0.0296  0.0317  0.0343  0.0333  0.0310  0.0325  0.0305  0.0308  0.0291  0.0291
niter,ni,del,rscale     4    3    5.0000    1.2000
parameters
    0.6836    9.4203   27.3518  -12.0533  -18.2969   -4.5040
    3.1542    4.8651   -3.2931    4.5461    1.9244   -7.9324
eta,q 0.97199 12.76496
  0.0317  0.0307  0.0298  0.0314  0.0332  0.0316  0.0310  0.0325  0.0306  0.0311  0.0290  0.0292
  0.0297  0.0292  0.0288  0.0296  0.0309  0.0299  0.0294  0.0301  0.0292  0.0293  0.0285  0.0285
  0.0284  0.0283  0.0282  0.0284  0.0290  0.0287  0.0283  0.0286  0.0283  0.0282  0.0281  0.0281
  0.0280  0.0280  0.0280  0.0280  0.0280  0.0280  0.0280  0.0280  0.0280  0.0280  0.0280  0.0280
  0.0284  0.0284  0.0283  0.0283  0.0280  0.0275  0.0284  0.0285  0.0283  0.0286  0.0281  0.0282
  0.0297  0.0292  0.0288  0.0291  0.0301  0.0280  0.0295  0.0301  0.0292  0.0296  0.0285  0.0286
  0.0316  0.0306  0.0297  0.0317  0.0342  0.0332  0.0310  0.0325  0.0305  0.0308  0.0291  0.0292
niter,ni,del,rscale     3    3    5.0000    1.2000
parameters
    0.6847    9.4173   27.3626  -12.0507  -18.2921   -4.5013
    3.1483    4.8658   -3.2657    4.5352    1.8812   -7.9203
eta,q 0.97200 12.76564
  0.0316  0.0307  0.0298  0.0314  0.0332  0.0316  0.0310  0.0325  0.0306  0.0311  0.0290  0.0292
  0.0297  0.0292  0.0288  0.0296  0.0310  0.0299  0.0294  0.0301  0.0292  0.0293  0.0285  0.0286
  0.0284  0.0283  0.0282  0.0284  0.0291  0.0287  0.0283  0.0286  0.0283  0.0282  0.0281  0.0281
  0.0280  0.0280  0.0280  0.0280  0.0280  0.0280  0.0280  0.0280  0.0280  0.0280  0.0280  0.0280
  0.0284  0.0284  0.0283  0.0283  0.0280  0.0275  0.0284  0.0285  0.0283  0.0286  0.0281  0.0282
  0.0297  0.0293  0.0288  0.0291  0.0301  0.0280  0.0295  0.0301  0.0292  0.0296  0.0285  0.0286
  0.0316  0.0306  0.0297  0.0317  0.0341  0.0332  0.0309  0.0325  0.0305  0.0308  0.0290  0.0292
registration optimization eta report
parameter search radius
    2.4000    2.4000    2.7600    9.5220   10.9503    8.2800
    7.2000    7.2000    8.2800    7.2000    8.2800    7.2000
100000*second partial in parameter space
       63.       46.       23.        4.        5.        7.
        6.        9.        4.        6.        1.        2.
  0.0316  0.0307  0.0298  0.0314  0.0332  0.0316  0.0310  0.0325  0.0306  0.0311  0.0290  0.0292
  0.0297  0.0292  0.0288  0.0296  0.0310  0.0299  0.0294  0.0301  0.0292  0.0293  0.0285  0.0286
  0.0284  0.0283  0.0282  0.0284  0.0291  0.0287  0.0283  0.0286  0.0283  0.0282  0.0281  0.0281
  0.0280  0.0280  0.0280  0.0280  0.0280  0.0280  0.0280  0.0280  0.0280  0.0280  0.0280  0.0280
  0.0284  0.0284  0.0283  0.0283  0.0280  0.0275  0.0284  0.0285  0.0283  0.0286  0.0281  0.0282
  0.0297  0.0293  0.0288  0.0291  0.0301  0.0280  0.0295  0.0301  0.0292  0.0296  0.0285  0.0286
  0.0316  0.0306  0.0297  0.0317  0.0341  0.0332  0.0309  0.0325  0.0305  0.0308  0.0290  0.0292
    0.6847    9.4173   27.3626  -12.0507  -18.2921   -4.5013
    3.1483    4.8658   -3.2657    4.5352    1.8812   -7.9203
eta,q 0.97200 12.76564

---------------------------------------------------------------------
imgreg_4dfp /opt/freesurfer/average/711-2C_as_mni_average_305 /opt/freesurfer/average/711-2B_as_mni_average_305_mask talsrcimg_g11 none talsrcimg_to_711-2C_as_mni_average_305_t4 2311
---------------------------------------------------------------------

freesurfer imgreg_4dfp.c
/opt/freesurfer/average/711-2C_as_mni_average_305.4dfp.img
       256       256       256         1
  1.000000  1.000000  1.000000
orientation T byte_order littleendian
Reading image: /opt/freesurfer/average/711-2C_as_mni_average_305.4dfp.img
dimensions:      256       256       256
mmppix:       1.0000   -1.0000   -1.0000
center:     128.0000 -129.0000 -129.0000
/opt/freesurfer/average/711-2B_as_mni_average_305_mask.4dfp.img
       256       256       256         1
  1.000000  1.000000  1.000000
orientation T byte_order littleendian
Reading mask: /opt/freesurfer/average/711-2B_as_mni_average_305_mask.4dfp.img (2306576 pixels)
talsrcimg_g11.4dfp.img
       256       256       256         1
  1.000000  1.000000  1.000000
orientation T byte_order littleendian
Reading image: talsrcimg_g11.4dfp.img
dimensions:      256       256       256
mmppix:       1.0000   -1.0000   -1.0000
center:     128.0000 -129.0000 -129.0000
fimgreg.f
image alignment mode   2311 decimal      907 hex
parameters
    0.6847    9.4173   27.3626  -12.0507  -18.2921   -4.5013
    3.1483    4.8658   -3.2657    4.5352    1.8812   -7.9203
eta,q 0.97200 12.76565
niter,ni,del,rscale     5    3    5.0000    0.8000
parameter  6 -1.205774 -> -0.500000 qaram    1.1500
parameters
    0.6826    9.3799   27.3237  -11.5507  -16.5464   -1.7413
    3.0973    4.8821   -3.2300    4.6037    1.3408   -8.3461
eta,q 0.97267 13.11400
  0.0297  0.0292  0.0286  0.0289  0.0296  0.0294  0.0287  0.0298  0.0282  0.0287  0.0277  0.0278
  0.0287  0.0285  0.0283  0.0284  0.0289  0.0288  0.0279  0.0283  0.0277  0.0279  0.0275  0.0276
  0.0282  0.0281  0.0281  0.0281  0.0284  0.0282  0.0275  0.0276  0.0274  0.0275  0.0274  0.0274
  0.0280  0.0280  0.0280  0.0280  0.0280  0.0278  0.0273  0.0273  0.0273  0.0273  0.0273  0.0273
  0.0282  0.0282  0.0281  0.0281  0.0279  0.0276  0.0275  0.0275  0.0274  0.0274  0.0274  0.0274
  0.0288  0.0286  0.0283  0.0282  0.0279  0.0272  0.0280  0.0283  0.0277  0.0278  0.0276  0.0276
  0.0297  0.0293  0.0287  0.0285  0.0283  0.0272  0.0287  0.0297  0.0282  0.0287  0.0279  0.0280
niter,ni,del,rscale     5    3    5.0000    0.8000
parameters
    0.5802    9.1230   27.3770  -10.3148  -16.4363   -2.8595
    3.2333    4.8073   -2.9518    4.5316    0.6797   -7.7326
eta,q 0.97246 13.15295
  0.0288  0.0282  0.0280  0.0282  0.0284  0.0288  0.0290  0.0297  0.0285  0.0288  0.0278  0.0282
  0.0279  0.0276  0.0276  0.0277  0.0278  0.0281  0.0282  0.0284  0.0280  0.0281  0.0277  0.0280
  0.0274  0.0273  0.0274  0.0274  0.0275  0.0277  0.0277  0.0277  0.0277  0.0277  0.0276  0.0277
  0.0273  0.0273  0.0273  0.0273  0.0273  0.0272  0.0276  0.0276  0.0276  0.0276  0.0276  0.0276
  0.0276  0.0276  0.0273  0.0272  0.0272  0.0270  0.0277  0.0278  0.0276  0.0277  0.0276  0.0276
  0.0282  0.0281  0.0275  0.0273  0.0275  0.0291  0.0281  0.0285  0.0279  0.0281  0.0278  0.0277
  0.0291  0.0290  0.0280  0.0275  0.0285  0.0335  0.0288  0.0298  0.0283  0.0289  0.0280  0.0280
niter,ni,del,rscale     4    3    5.0000    0.7000
parameters
    0.5991    9.1150   27.4350  -10.6937  -16.4080   -2.5987
    3.1494    4.8301   -2.8772    4.4944    0.6477   -7.6056
eta,q 0.97252 13.13978
  0.0288  0.0285  0.0280  0.0279  0.0284  0.0289  0.0285  0.0292  0.0282  0.0285  0.0277  0.0280
  0.0281  0.0280  0.0278  0.0276  0.0280  0.0283  0.0279  0.0281  0.0278  0.0279  0.0276  0.0277
  0.0277  0.0277  0.0276  0.0275  0.0277  0.0279  0.0276  0.0276  0.0276  0.0276  0.0275  0.0276
  0.0275  0.0275  0.0275  0.0275  0.0275  0.0275  0.0275  0.0275  0.0275  0.0275  0.0275  0.0275
  0.0277  0.0277  0.0276  0.0276  0.0275  0.0271  0.0276  0.0276  0.0276  0.0276  0.0275  0.0275
  0.0281  0.0280  0.0277  0.0277  0.0278  0.0272  0.0280  0.0281  0.0278  0.0279  0.0276  0.0277
  0.0287  0.0285  0.0280  0.0281  0.0285  0.0294  0.0285  0.0291  0.0281  0.0285  0.0277  0.0279
niter,ni,del,rscale     3    3    5.0000    0.6000
parameters
    0.5952    9.0863   27.5053  -10.3747  -16.2399   -2.1034
    3.1909    4.8151   -2.8559    4.5662    0.5151   -7.6092
eta,q 0.97269 13.20256
  0.0284  0.0282  0.0278  0.0277  0.0281  0.0286  0.0281  0.0286  0.0278  0.0281  0.0275  0.0277
  0.0279  0.0278  0.0277  0.0276  0.0278  0.0281  0.0277  0.0278  0.0275  0.0277  0.0274  0.0275
  0.0276  0.0276  0.0275  0.0275  0.0276  0.0278  0.0274  0.0274  0.0274  0.0274  0.0273  0.0274
  0.0275  0.0275  0.0275  0.0275  0.0275  0.0275  0.0273  0.0273  0.0273  0.0273  0.0273  0.0273
  0.0276  0.0276  0.0275  0.0275  0.0275  0.0271  0.0274  0.0275  0.0274  0.0274  0.0273  0.0273
  0.0279  0.0278  0.0276  0.0275  0.0276  0.0271  0.0277  0.0279  0.0275  0.0276  0.0274  0.0275
  0.0284  0.0282  0.0278  0.0277  0.0281  0.0286  0.0281  0.0286  0.0278  0.0281  0.0275  0.0277
niter,ni,del,rscale     2    3    5.0000    0.5000
parameters
    0.5720    9.0319   27.4761   -9.8222  -15.9035   -1.7508
    3.2841    4.8301   -2.7622    4.6256    0.5290   -7.7131
eta,q 0.97284 13.28474
  0.0279  0.0278  0.0276  0.0275  0.0278  0.0282  0.0277  0.0282  0.0275  0.0277  0.0273  0.0274
  0.0276  0.0275  0.0274  0.0274  0.0276  0.0279  0.0274  0.0275  0.0273  0.0274  0.0272  0.0273
  0.0274  0.0274  0.0273  0.0273  0.0274  0.0276  0.0272  0.0272  0.0272  0.0272  0.0272  0.0272
  0.0273  0.0273  0.0273  0.0273  0.0273  0.0273  0.0272  0.0272  0.0272  0.0272  0.0272  0.0272
  0.0274  0.0274  0.0273  0.0273  0.0273  0.0269  0.0272  0.0273  0.0272  0.0272  0.0272  0.0272
  0.0276  0.0276  0.0274  0.0273  0.0274  0.0271  0.0274  0.0276  0.0273  0.0273  0.0272  0.0273
  0.0280  0.0279  0.0276  0.0274  0.0277  0.0283  0.0276  0.0281  0.0275  0.0277  0.0273  0.0275
niter,ni,del,rscale     1    3    5.0000    0.4000
parameters
    0.5448    8.9706   27.3888   -9.4349  -15.5302   -1.3042
    3.3953    4.8922   -2.6770    4.6432    0.7359   -7.9978
eta,q 0.97301 13.35829
  0.0275  0.0274  0.0273  0.0273  0.0275  0.0280  0.0273  0.0278  0.0272  0.0273  0.0272  0.0271
  0.0273  0.0273  0.0272  0.0272  0.0274  0.0277  0.0272  0.0273  0.0271  0.0272  0.0271  0.0270
  0.0272  0.0272  0.0272  0.0272  0.0272  0.0274  0.0270  0.0271  0.0270  0.0270  0.0270  0.0270
  0.0272  0.0272  0.0272  0.0272  0.0271  0.0271  0.0270  0.0270  0.0270  0.0270  0.0270  0.0270
  0.0272  0.0272  0.0272  0.0271  0.0271  0.0269  0.0270  0.0271  0.0270  0.0270  0.0270  0.0270
  0.0274  0.0274  0.0273  0.0271  0.0272  0.0270  0.0271  0.0273  0.0271  0.0271  0.0270  0.0271
  0.0276  0.0276  0.0274  0.0272  0.0274  0.0278  0.0273  0.0277  0.0272  0.0274  0.0271  0.0272
registration optimization eta report
parameter search radius
    0.8000    0.8000    0.8000    2.4000    2.4000    2.7600
    2.4000    2.4000    2.4000    2.4000    2.4000    2.4000
100000*second partial in parameter space
       63.       53.       32.        2.        5.       11.
        6.       13.        4.        6.        3.        3.
  0.0275  0.0274  0.0273  0.0273  0.0275  0.0280  0.0273  0.0278  0.0272  0.0273  0.0272  0.0271
  0.0273  0.0273  0.0272  0.0272  0.0274  0.0277  0.0272  0.0273  0.0271  0.0272  0.0271  0.0270
  0.0272  0.0272  0.0272  0.0272  0.0272  0.0274  0.0270  0.0271  0.0270  0.0270  0.0270  0.0270
  0.0272  0.0272  0.0272  0.0272  0.0271  0.0271  0.0270  0.0270  0.0270  0.0270  0.0270  0.0270
  0.0272  0.0272  0.0272  0.0271  0.0271  0.0269  0.0270  0.0271  0.0270  0.0270  0.0270  0.0270
  0.0274  0.0274  0.0273  0.0271  0.0272  0.0270  0.0271  0.0273  0.0271  0.0271  0.0270  0.0271
  0.0276  0.0276  0.0274  0.0272  0.0274  0.0278  0.0273  0.0277  0.0272  0.0274  0.0271  0.0272
    0.5448    8.9706   27.3888   -9.4349  -15.5302   -1.3042
    3.3953    4.8922   -2.6770    4.6432    0.7359   -7.9978
eta,q 0.97301 13.35829

---------------------------------------------------------------------
imgreg_4dfp /opt/freesurfer/average/711-2C_as_mni_average_305 /opt/freesurfer/average/711-2B_as_mni_average_305_mask talsrcimg_g11 none talsrcimg_to_711-2C_as_mni_average_305_t4 2311
---------------------------------------------------------------------

freesurfer imgreg_4dfp.c
/opt/freesurfer/average/711-2C_as_mni_average_305.4dfp.img
       256       256       256         1
  1.000000  1.000000  1.000000
orientation T byte_order littleendian
Reading image: /opt/freesurfer/average/711-2C_as_mni_average_305.4dfp.img
dimensions:      256       256       256
mmppix:       1.0000   -1.0000   -1.0000
center:     128.0000 -129.0000 -129.0000
/opt/freesurfer/average/711-2B_as_mni_average_305_mask.4dfp.img
       256       256       256         1
  1.000000  1.000000  1.000000
orientation T byte_order littleendian
Reading mask: /opt/freesurfer/average/711-2B_as_mni_average_305_mask.4dfp.img (2306576 pixels)
talsrcimg_g11.4dfp.img
       256       256       256         1
  1.000000  1.000000  1.000000
orientation T byte_order littleendian
Reading image: talsrcimg_g11.4dfp.img
dimensions:      256       256       256
mmppix:       1.0000   -1.0000   -1.0000
center:     128.0000 -129.0000 -129.0000
fimgreg.f
image alignment mode   2311 decimal      907 hex
parameters
    0.5448    8.9706   27.3888   -9.4349  -15.5302   -1.3042
    3.3953    4.8922   -2.6770    4.6432    0.7359   -7.9978
eta,q 0.97301 13.35829
niter,ni,del,rscale     5    3    5.0000    0.8000
parameters
    0.5093    8.9266   27.2275  -10.4828  -16.1025   -2.3647
    3.2227    4.9290   -2.8042    4.5525    1.0090   -7.6104
eta,q 0.97259 13.19526
  0.0287  0.0283  0.0278  0.0275  0.0280  0.0284  0.0287  0.0299  0.0282  0.0286  0.0278  0.0280
  0.0277  0.0276  0.0273  0.0272  0.0276  0.0280  0.0279  0.0284  0.0278  0.0280  0.0276  0.0277
  0.0272  0.0271  0.0271  0.0271  0.0272  0.0276  0.0275  0.0276  0.0275  0.0276  0.0275  0.0275
  0.0270  0.0270  0.0270  0.0270  0.0270  0.0271  0.0274  0.0274  0.0274  0.0274  0.0274  0.0274
  0.0272  0.0272  0.0271  0.0270  0.0271  0.0271  0.0276  0.0276  0.0275  0.0275  0.0274  0.0274
  0.0278  0.0277  0.0276  0.0275  0.0277  0.0290  0.0281  0.0284  0.0278  0.0279  0.0275  0.0276
  0.0288  0.0285  0.0284  0.0290  0.0291  0.0329  0.0288  0.0298  0.0283  0.0288  0.0278  0.0279
niter,ni,del,rscale     4    3    5.0000    0.7000
parameters
    0.5651    9.0333   27.3627  -10.3476  -16.2581   -2.2232
    3.2222    4.8553   -2.8976    4.5743    0.7881   -7.6138
eta,q 0.97265 13.19923
  0.0287  0.0285  0.0280  0.0278  0.0282  0.0285  0.0284  0.0291  0.0280  0.0284  0.0276  0.0278
  0.0280  0.0279  0.0277  0.0275  0.0278  0.0281  0.0278  0.0280  0.0276  0.0278  0.0275  0.0276
  0.0276  0.0276  0.0275  0.0274  0.0276  0.0278  0.0275  0.0275  0.0274  0.0275  0.0274  0.0274
  0.0274  0.0274  0.0274  0.0274  0.0274  0.0274  0.0274  0.0274  0.0274  0.0274  0.0274  0.0274
  0.0275  0.0275  0.0274  0.0274  0.0274  0.0270  0.0275  0.0276  0.0274  0.0274  0.0274  0.0274
  0.0279  0.0277  0.0275  0.0274  0.0277  0.0272  0.0278  0.0281  0.0277  0.0277  0.0275  0.0276
  0.0285  0.0282  0.0278  0.0278  0.0285  0.0290  0.0284  0.0292  0.0280  0.0284  0.0277  0.0278
niter,ni,del,rscale     3    3    5.0000    0.6000
parameters
    0.5659    9.0438   27.4235  -10.2011  -16.0981   -1.7591
    3.2476    4.8792   -2.8495    4.5828    0.7920   -7.7367
eta,q 0.97281 13.24383
  0.0282  0.0281  0.0277  0.0276  0.0280  0.0283  0.0280  0.0286  0.0277  0.0279  0.0274  0.0275
  0.0277  0.0277  0.0275  0.0274  0.0277  0.0280  0.0275  0.0277  0.0274  0.0275  0.0273  0.0274
  0.0274  0.0274  0.0274  0.0274  0.0275  0.0277  0.0273  0.0273  0.0272  0.0273  0.0272  0.0272
  0.0274  0.0274  0.0274  0.0274  0.0273  0.0273  0.0272  0.0272  0.0272  0.0272  0.0272  0.0272
  0.0275  0.0274  0.0274  0.0273  0.0273  0.0270  0.0273  0.0273  0.0272  0.0272  0.0272  0.0272
  0.0277  0.0277  0.0275  0.0274  0.0275  0.0270  0.0275  0.0278  0.0274  0.0275  0.0273  0.0274
  0.0282  0.0281  0.0277  0.0276  0.0280  0.0283  0.0279  0.0285  0.0277  0.0280  0.0274  0.0276
niter,ni,del,rscale     2    3    5.0000    0.5000
parameters
    0.5467    9.0008   27.4000   -9.8077  -15.7639   -1.4378
    3.3214    4.8751   -2.7970    4.6153    0.8083   -7.9319
eta,q 0.97294 13.31142
  0.0278  0.0277  0.0275  0.0274  0.0277  0.0280  0.0276  0.0281  0.0274  0.0276  0.0273  0.0273
  0.0274  0.0274  0.0273  0.0273  0.0275  0.0278  0.0273  0.0275  0.0272  0.0273  0.0271  0.0272
  0.0272  0.0272  0.0272  0.0272  0.0273  0.0275  0.0271  0.0271  0.0271  0.0271  0.0271  0.0271
  0.0272  0.0272  0.0272  0.0272  0.0272  0.0272  0.0271  0.0270  0.0271  0.0271  0.0271  0.0271
  0.0273  0.0273  0.0272  0.0272  0.0271  0.0269  0.0271  0.0272  0.0271  0.0271  0.0271  0.0271
  0.0275  0.0274  0.0273  0.0272  0.0272  0.0270  0.0273  0.0275  0.0272  0.0272  0.0271  0.0272
  0.0278  0.0278  0.0275  0.0273  0.0276  0.0281  0.0275  0.0281  0.0274  0.0276  0.0273  0.0274
niter,ni,del,rscale     1    3    5.0000    0.4000
parameters
    0.5252    8.9648   27.3328   -9.4818  -15.4105   -1.0875
    3.3954    4.8924   -2.7222    4.5881    0.9387   -8.2264
eta,q 0.97308 13.37279
  0.0274  0.0274  0.0272  0.0272  0.0274  0.0278  0.0273  0.0277  0.0271  0.0273  0.0271  0.0270
  0.0272  0.0272  0.0271  0.0271  0.0273  0.0276  0.0271  0.0272  0.0270  0.0271  0.0270  0.0270
  0.0271  0.0271  0.0271  0.0271  0.0271  0.0273  0.0270  0.0270  0.0269  0.0270  0.0269  0.0269
  0.0271  0.0271  0.0271  0.0270  0.0270  0.0270  0.0269  0.0269  0.0269  0.0269  0.0269  0.0269
  0.0271  0.0271  0.0271  0.0270  0.0270  0.0268  0.0270  0.0270  0.0269  0.0269  0.0269  0.0269
  0.0273  0.0272  0.0272  0.0270  0.0271  0.0270  0.0271  0.0273  0.0270  0.0271  0.0270  0.0270
  0.0275  0.0274  0.0273  0.0271  0.0273  0.0277  0.0272  0.0276  0.0271  0.0273  0.0271  0.0272
registration optimization eta report
parameter search radius
    0.8000    0.8000    0.8000    2.4000    2.4000    2.4000
    2.4000    2.4000    2.4000    2.4000    2.4000    2.4000
100000*second partial in parameter space
       64.       54.       36.        2.        5.       13.
        6.       13.        4.        6.        3.        3.
  0.0274  0.0274  0.0272  0.0272  0.0274  0.0278  0.0273  0.0277  0.0271  0.0273  0.0271  0.0270
  0.0272  0.0272  0.0271  0.0271  0.0273  0.0276  0.0271  0.0272  0.0270  0.0271  0.0270  0.0270
  0.0271  0.0271  0.0271  0.0271  0.0271  0.0273  0.0270  0.0270  0.0269  0.0270  0.0269  0.0269
  0.0271  0.0271  0.0271  0.0270  0.0270  0.0270  0.0269  0.0269  0.0269  0.0269  0.0269  0.0269
  0.0271  0.0271  0.0271  0.0270  0.0270  0.0268  0.0270  0.0270  0.0269  0.0269  0.0269  0.0269
  0.0273  0.0272  0.0272  0.0270  0.0271  0.0270  0.0271  0.0273  0.0270  0.0271  0.0270  0.0270
  0.0275  0.0274  0.0273  0.0271  0.0273  0.0277  0.0272  0.0276  0.0271  0.0273  0.0271  0.0272
    0.5252    8.9648   27.3328   -9.4818  -15.4105   -1.0875
    3.3954    4.8924   -2.7222    4.5881    0.9387   -8.2264
eta,q 0.97308 13.37279

---------------------------------------------------------------------
compute_vox2vox talsrcimg talsrcimg_to_711-2C_as_mni_average_305_t4 /opt/freesurfer/average/711-2C_as_mni_average_305
---------------------------------------------------------------------

freesurfer compute_vox2vox.c
Reading: talsrcimg.4dfp.ifh
Reading: talsrcimg_to_711-2C_as_mni_average_305_t4
Reading: /opt/freesurfer/average/711-2C_as_mni_average_305.4dfp.ifh
Writing: talsrcimg_to_711-2C_as_mni_average_305_t4_vox2vox.txt

start time Wed Mar 11 00:57:53 CET 2026
end		time Wed Mar 11 00:59:18 CET 2026

mpr2mni305 success

avi2talxfm orig_nu.mgz /opt/freesurfer/average/mni305.cor.mgz talsrcimg_to_711-2C_as_mni_average_305_t4_vox2vox.txt transforms/talairach.auto.xfm
avi2talxfm done
mv -f /out/sourcedata/freesurfer/sub-v2s12x28882_ses-1/mri/talsrcimg_to_711-2C_as_mni_average_305_t4_vox2vox.txt /out/sourcedata/freesurfer/sub-v2s12x28882_ses-1/mri/transforms/talsrcimg_to_711-2C_as_mni_average_305_t4_vox2vox.txt
lta_convert --src orig_nu.mgz --trg /opt/freesurfer/average/mni305.cor.mgz --inxfm transforms/talairach.auto.xfm --outlta transforms/talairach.auto.xfm.lta --subject fsaverage
7.3.2

--src: orig_nu.mgz src image (geometry).
--trg: /opt/freesurfer/average/mni305.cor.mgz trg image (geometry).
--inmni: transforms/talairach.auto.xfm input MNI/XFM transform.
--outlta: transforms/talairach.auto.xfm.lta output LTA.
--s: fsaverage subject name
 LTA read, type : 1
 1.10381  -0.05231  -0.04939  -1.62147;
-0.00749   1.00681   0.09821  -28.60020;
 0.03593  -0.05629   1.17526  -5.86441;
 0.00000   0.00000   0.00000   1.00000;
setting subject to fsaverage
Writing  LTA to file transforms/talairach.auto.xfm.lta...
lta_convert successful.
 
 
Started at Wed Mar 11 00:57:52 CET 2026
Ended   at Wed Mar 11 00:59:18 CET 2026
talairach_avi done
