/out/sourcedata/freesurfer/sub-v2s12x28902_ses-1/mri
/opt/freesurfer/bin/talairach_avi
--i orig_nu.mgz --xfm transforms/talairach.auto.xfm
talairach_avi 7.3.2
Linux dna062 5.14.0-427.37.1.el9_4.x86_64 #1 SMP PREEMPT_DYNAMIC Fri Sep 13 12:41:50 EDT 2024 x86_64 x86_64 x86_64 GNU/Linux
Wed Mar 11 02:50:44 CET 2026
mri_convert orig_nu.mgz talsrcimg.img 
reading from orig_nu.mgz...
TR=0.00, TE=0.00, TI=0.00, flip angle=0.00
i_ras = (-1, 0, 0)
j_ras = (0, 0, -1)
k_ras = (0, 1, 0)
writing to talsrcimg.img...
Analyze Output Matrix
-1.00000   0.00000   0.00000   134.53880;
 0.00000   0.00000   1.00000  -112.48399;
 0.00000  -1.00000   0.00000   136.02299;
 0.00000   0.00000   0.00000   1.00000;
--------------------
INFO: set hdr.hist.orient to -1
mpr2mni305 talsrcimg
Wed Mar 11 02:50:45 CET 2026
/opt/freesurfer/bin/mpr2mni305 talsrcimg
mpr2mni305 7.3.2
target=711-2C_as_mni_average_305

---------------------------------------------------------------------
analyzeto4dfp talsrcimg -O0 -y
---------------------------------------------------------------------

freesurfer ifh2hdr.c
Wed Mar 11 02:50:45 2026
Writing: talsrcimg.4dfp.hdr
freesurfer analyzeto4dfp.c
Reading: talsrcimg.hdr
header size 348 bytes
hdr.dime.datatype	offset=70	value=2
hdr.dime.bitpix		offset=72	value=8
hdr.hist.orient		offset=252	value=-1
dimensionality     4
dimensions       256       256       256         1
Reading: talsrcimg.img
Writing: talsrcimg.4dfp.img
Writing: talsrcimg.4dfp.ifh
ifh2hdr talsrcimg -r0to234
ori=2

---------------------------------------------------------------------
gauss_4dfp talsrcimg 1.1
---------------------------------------------------------------------

freesurfer gauss_4dfp.c
Reading: talsrcimg.4dfp.img
Writing: talsrcimg_g11.4dfp.img
image dimensions 256 256 256 padded to 288 288 288
processing volume 1freesurfer ifh2hdr.c
Wed Mar 11 02:50:47 2026
Writing: talsrcimg_g11.4dfp.hdr

Writing: talsrcimg_g11.4dfp.ifh
including: talsrcimg.4dfp.img.rec in talsrcimg_g11.4dfp.img.rec

---------------------------------------------------------------------
imgreg_4dfp /opt/freesurfer/average/711-2C_as_mni_average_305 none talsrcimg_g11 none talsrcimg_to_711-2C_as_mni_average_305_t4 4355
---------------------------------------------------------------------

freesurfer imgreg_4dfp.c
/opt/freesurfer/average/711-2C_as_mni_average_305.4dfp.img
       256       256       256         1
  1.000000  1.000000  1.000000
orientation T byte_order littleendian
Reading image: /opt/freesurfer/average/711-2C_as_mni_average_305.4dfp.img
dimensions:      256       256       256
mmppix:       1.0000   -1.0000   -1.0000
center:     128.0000 -129.0000 -129.0000
talsrcimg_g11.4dfp.img
       256       256       256         1
  1.000000  1.000000  1.000000
orientation T byte_order littleendian
Reading image: talsrcimg_g11.4dfp.img
dimensions:      256       256       256
mmppix:       1.0000   -1.0000   -1.0000
center:     128.0000 -129.0000 -129.0000
t4_read: open error in t4_sub.f l:  41 t4_file(1:l)talsrcimg_to_711-2C_as_mni_average_305_t4 
t4_read: transform initialized to I4
rotation matrix determinant  1.000000
image alignment mode   4355 decimal     1103 hex
   -7.5000  -45.0000  -45.0000 6908.4131   13.7191
    0.0000  -45.0000  -45.0000 7249.2104   13.7121
    7.5000  -45.0000  -45.0000 6930.4604   13.7088
   -7.5000  -37.5000  -45.0000 7458.6162   13.4530
    0.0000  -37.5000  -45.0000 7823.7900   13.4540
    7.5000  -37.5000  -45.0000 7483.3062   13.4527
   -7.5000  -30.0000  -45.0000 8380.7520   13.3650
    0.0000  -30.0000  -45.0000 8790.3447   13.3665
    7.5000  -30.0000  -45.0000 8410.8506   13.3627
   -7.5000  -22.5000  -45.0000 9350.5645   13.3442
    0.0000  -22.5000  -45.0000 9784.8965   13.3385
    7.5000  -22.5000  -45.0000 9369.0410   13.3334
   -7.5000  -15.0000  -45.000010249.7529   13.3358
    0.0000  -15.0000  -45.000010725.7715   13.3230
    7.5000  -15.0000  -45.000010257.1592   13.3187
   -7.5000   -7.5000  -45.000011123.4707   13.3508
    0.0000   -7.5000  -45.000011641.9209   13.3381
    7.5000   -7.5000  -45.000011128.4277   13.3357
   -7.5000    0.0000  -45.000011889.1523   13.3728
    0.0000    0.0000  -45.000012436.5859   13.3669
    7.5000    0.0000  -45.000011883.1104   13.3660
   -7.5000    7.5000  -45.000011738.1504   13.3785
    0.0000    7.5000  -45.000012302.2930   13.3795
    7.5000    7.5000  -45.000011722.3477   13.3783
   -7.5000   15.0000  -45.000011440.0527   13.3650
    0.0000   15.0000  -45.000011986.0088   13.3665
    7.5000   15.0000  -45.000011439.1455   13.3627
   -7.5000   22.5000  -45.000011130.6338   13.3424
    0.0000   22.5000  -45.000011618.2705   13.3367
    7.5000   22.5000  -45.000011092.7754   13.3316
   -7.5000   30.0000  -45.000010480.6914   13.1581
    0.0000   30.0000  -45.000010947.0371   13.1454
    7.5000   30.0000  -45.000010442.6982   13.1412
   -7.5000   37.5000  -45.000010175.5176   13.1729
    0.0000   37.5000  -45.000010648.2139   13.1604
    7.5000   37.5000  -45.000010160.3047   13.1580
   -7.5000   45.0000  -45.0000 9450.3203   12.8596
    0.0000   45.0000  -45.0000 9899.2402   12.8539
    7.5000   45.0000  -45.0000 9445.3760   12.8530
   -7.5000  -45.0000  -37.5000 7242.8135   13.6028
    0.0000  -45.0000  -37.5000 7596.8857   13.5920
    7.5000  -45.0000  -37.5000 7278.0342   13.5837
   -7.5000  -37.5000  -37.5000 7829.2788   13.3386
    0.0000  -37.5000  -37.5000 8203.5293   13.3355
    7.5000  -37.5000  -37.5000 7866.1753   13.3304
   -7.5000  -30.0000  -37.5000 8843.7549   13.2491
    0.0000  -30.0000  -37.5000 9275.8428   13.2509
    7.5000  -30.0000  -37.5000 8879.5273   13.2448
   -7.5000  -22.5000  -37.5000 9867.5732   13.2305
    0.0000  -22.5000  -37.500010357.8008   13.2296
    7.5000  -22.5000  -37.5000 9892.7275   13.2223
   -7.5000  -15.0000  -37.500010810.7285   13.2267
    0.0000  -15.0000  -37.500011339.9043   13.2183
    7.5000  -15.0000  -37.500010824.9512   13.2105
   -7.5000   -7.5000  -37.500011722.3730   13.2432
    0.0000   -7.5000  -37.500012291.2422   13.2307
    7.5000   -7.5000  -37.500011733.3906   13.2236
   -7.5000    0.0000  -37.500012521.0859   13.2634
    0.0000    0.0000  -37.500013122.4951   13.2535
    7.5000    0.0000  -37.500012533.6191   13.2480
   -7.5000    7.5000  -37.500012371.6631   13.2654
    0.0000    7.5000  -37.500012975.1553   13.2624
    7.5000    7.5000  -37.500012382.1387   13.2574
   -7.5000   15.0000  -37.500012051.3877   13.2491
    0.0000   15.0000  -37.500012641.1299   13.2509
    7.5000   15.0000  -37.500012080.6562   13.2448
   -7.5000   22.5000  -37.500011673.1865   13.2287
    0.0000   22.5000  -37.500012196.3252   13.2278
    7.5000   22.5000  -37.500011675.4551   13.2204
   -7.5000   30.0000  -37.500010976.0518   13.0505
    0.0000   30.0000  -37.500011473.5625   13.0422
    7.5000   30.0000  -37.500010977.8184   13.0345
   -7.5000   37.5000  -37.500010662.6445   13.0667
    0.0000   37.5000  -37.500011145.0654   13.0544
    7.5000   37.5000  -37.500010666.3398   13.0474
   -7.5000   45.0000  -37.5000 9904.6436   12.7543
    0.0000   45.0000  -37.500010360.8340   12.7449
    7.5000   45.0000  -37.5000 9924.1963   12.7396
   -7.5000  -45.0000  -30.0000 7711.4639   14.0891
    0.0000  -45.0000  -30.0000 8088.9854   14.0736
    7.5000  -45.0000  -30.0000 7752.9058   14.0617
   -7.5000  -37.5000  -30.0000 8382.7871   13.8123
    0.0000  -37.5000  -30.0000 8780.5137   13.8019
    7.5000  -37.5000  -30.0000 8424.9404   13.7944
   -7.5000  -30.0000  -30.0000 9487.7314   13.7159
    0.0000  -30.0000  -30.0000 9964.2920   13.7135
    7.5000  -30.0000  -30.0000 9542.3809   13.7063
   -7.5000  -22.5000  -30.000010572.2783   13.6993
    0.0000  -22.5000  -30.000011116.6289   13.6998
    7.5000  -22.5000  -30.000010621.3291   13.6911
   -7.5000  -15.0000  -30.000011577.2324   13.7018
    0.0000  -15.0000  -30.000012155.9189   13.6974
    7.5000  -15.0000  -30.000011614.8301   13.6867
   -7.5000   -7.5000  -30.000012541.7207   13.7225
    0.0000   -7.5000  -30.000013165.5703   13.7107
    7.5000   -7.5000  -30.000012590.1484   13.6997
   -7.5000    0.0000  -30.000013385.2188   13.7415
    0.0000    0.0000  -30.000014048.8994   13.7269
    7.5000    0.0000  -30.000013416.7051   13.7176
   -7.5000    7.5000  -30.000013212.4590   13.7374
    0.0000    7.5000  -30.000013896.4131   13.7272
    7.5000    7.5000  -30.000013233.7031   13.7198
   -7.5000   15.0000  -30.000012905.3135   13.7159
    0.0000   15.0000  -30.000013524.3145   13.7135
    7.5000   15.0000  -30.000012925.0273   13.7063
   -7.5000   22.5000  -30.000012474.1123   13.6960
    0.0000   22.5000  -30.000013024.8174   13.6965
    7.5000   22.5000  -30.000012472.7490   13.6878
   -7.5000   30.0000  -30.000011727.3574   13.5205
    0.0000   30.0000  -30.000012242.1523   13.5162
    7.5000   30.0000  -30.000011725.7578   13.5056
   -7.5000   37.5000  -30.000011388.0693   13.5410
    0.0000   37.5000  -30.000011888.3867   13.5293
    7.5000   37.5000  -30.000011405.4355   13.5184
   -7.5000   45.0000  -30.000010523.8066   13.2238
    0.0000   45.0000  -30.000011014.7285   13.2097
    7.5000   45.0000  -30.000010593.8076   13.2008
   -7.5000  -45.0000  -22.5000 8274.7334   14.5611
    0.0000  -45.0000  -22.5000 8677.7783   14.5447
    7.5000  -45.0000  -22.5000 8335.7314   14.5345
   -7.5000  -37.5000  -22.5000 9007.8975   14.2731
    0.0000  -37.5000  -22.5000 9446.1475   14.2606
    7.5000  -37.5000  -22.5000 9075.2051   14.2560
   -7.5000  -30.0000  -22.500010215.7139   14.1714
    0.0000  -30.0000  -22.500010717.3145   14.1656
    7.5000  -30.0000  -22.500010284.7803   14.1613
   -7.5000  -22.5000  -22.500011388.3906   14.1540
    0.0000  -22.5000  -22.500011952.4014   14.1510
    7.5000  -22.5000  -22.500011448.8096   14.1439
   -7.5000  -15.0000  -22.500012459.2988   14.1581
    0.0000  -15.0000  -22.500013068.9199   14.1524
    7.5000  -15.0000  -22.500012511.7314   14.1420
   -7.5000   -7.5000  -22.500013491.8037   14.1823
    0.0000   -7.5000  -22.500014158.6885   14.1706
    7.5000   -7.5000  -22.500013563.7588   14.1595
   -7.5000    0.0000  -22.500014382.3281   14.2030
    0.0000    0.0000  -22.500015086.6445   14.1876
    7.5000    0.0000  -22.500014441.6494   14.1795
   -7.5000    7.5000  -22.500014238.3984   14.1961
    0.0000    7.5000  -22.500014922.4268   14.1839
    7.5000    7.5000  -22.500014232.4609   14.1793
   -7.5000   15.0000  -22.500013899.4971   14.1714
    0.0000   15.0000  -22.500014539.2129   14.1656
    7.5000   15.0000  -22.500013907.6836   14.1613
   -7.5000   22.5000  -22.500013411.0762   14.1496
    0.0000   22.5000  -22.500014000.4961   14.1466
    7.5000   22.5000  -22.500013400.3125   14.1395
   -7.5000   30.0000  -22.500012594.4902   13.9729
    0.0000   30.0000  -22.500013141.4238   13.9673
    7.5000   30.0000  -22.500012597.7822   13.9570
   -7.5000   37.5000  -22.500012182.6641   13.9968
    0.0000   37.5000  -22.500012731.9600   13.9852
    7.5000   37.5000  -22.500012225.9551   13.9743
   -7.5000   45.0000  -22.500011278.2100   13.6782
    0.0000   45.0000  -22.500011781.3438   13.6634
    7.5000   45.0000  -22.500011355.2920   13.6556
   -7.5000  -45.0000  -15.0000 8869.1182   14.8866
    0.0000  -45.0000  -15.0000 9323.4453   14.8748
    7.5000  -45.0000  -15.0000 8964.7393   14.8698
   -7.5000  -37.5000  -15.0000 9660.2188   14.5943
    0.0000  -37.5000  -15.000010150.2021   14.5876
    7.5000  -37.5000  -15.0000 9737.5381   14.5879
   -7.5000  -30.0000  -15.000010940.7656   14.4925
    0.0000  -30.0000  -15.000011502.7734   14.4881
    7.5000  -30.0000  -15.000011004.4707   14.4879
   -7.5000  -22.5000  -15.000012196.2861   14.4729
    0.0000  -22.5000  -15.000012807.4443   14.4662
    7.5000  -22.5000  -15.000012236.8633   14.4621
   -7.5000  -15.0000  -15.000013351.2930   14.4738
    0.0000  -15.0000  -15.000014026.5010   14.4637
    7.5000  -15.0000  -15.000013414.9326   14.4562
   -7.5000   -7.5000  -15.000014462.0732   14.4976
    0.0000   -7.5000  -15.000015185.8213   14.4859
    7.5000   -7.5000  -15.000014548.2725   14.4787
   -7.5000    0.0000  -15.000015471.9336   14.5201
    0.0000    0.0000  -15.000016229.4258   14.5096
    7.5000    0.0000  -15.000015546.1660   14.5061
   -7.5000    7.5000  -15.000015290.0371   14.5158
    0.0000    7.5000  -15.000016038.9561   14.5092
    7.5000    7.5000  -15.000015297.1006   14.5095
   -7.5000   15.0000  -15.000014925.9375   14.4925
    0.0000   15.0000  -15.000015617.8613   14.4881
    7.5000   15.0000  -15.000014923.5361   14.4879
   -7.5000   22.5000  -15.000014377.5107   14.4678
    0.0000   22.5000  -15.000015016.2432   14.4611
    7.5000   22.5000  -15.000014366.4199   14.4570
   -7.5000   30.0000  -15.000013508.5078   14.2865
    0.0000   30.0000  -15.000014104.9492   14.2765
    7.5000   30.0000  -15.000013529.8447   14.2691
   -7.5000   37.5000  -15.000013019.3281   14.3100
    0.0000   37.5000  -15.000013626.1670   14.2985
    7.5000   37.5000  -15.000013104.7920   14.2913
   -7.5000   45.0000  -15.000012036.9209   13.9920
    0.0000   45.0000  -15.000012571.5742   13.9819
    7.5000   45.0000  -15.000012151.1904   13.9786
   -7.5000  -45.0000   -7.5000 9483.8750   15.0517
    0.0000  -45.0000   -7.5000 9945.6250   15.0442
    7.5000  -45.0000   -7.5000 9565.6211   15.0424
   -7.5000  -37.5000   -7.500010343.1328   14.7598
    0.0000  -37.5000   -7.500010847.6738   14.7598
    7.5000  -37.5000   -7.500010402.8818   14.7618
   -7.5000  -30.0000   -7.500011707.9697   14.6602
    0.0000  -30.0000   -7.500012297.4277   14.6597
    7.5000  -30.0000   -7.500011780.1338   14.6599
   -7.5000  -22.5000   -7.500013038.2422   14.6385
    0.0000  -22.5000   -7.500013683.7324   14.6304
    7.5000  -22.5000   -7.500013086.9512   14.6273
   -7.5000  -15.0000   -7.500014253.9453   14.6343
    0.0000  -15.0000   -7.500014963.7617   14.6203
    7.5000  -15.0000   -7.500014312.0596   14.6157
   -7.5000   -7.5000   -7.500015467.5029   14.6554
    0.0000   -7.5000   -7.500016233.7422   14.6427
    7.5000   -7.5000   -7.500015492.0625   14.6394
   -7.5000    0.0000   -7.500016624.6230   14.6793
    0.0000    0.0000   -7.500017454.7969   14.6731
    7.5000    0.0000   -7.500016638.5312   14.6731
   -7.5000    7.5000   -7.500016495.9375   14.6799
    0.0000    7.5000   -7.500017334.2891   14.6799
    7.5000    7.5000   -7.500016502.1133   14.6819
   -7.5000   15.0000   -7.500016035.8584   14.6602
    0.0000   15.0000   -7.500016842.0234   14.6597
    7.5000   15.0000   -7.500016057.3027   14.6599
   -7.5000   22.5000   -7.500015435.2900   14.6317
    0.0000   22.5000   -7.500016147.2773   14.6237
    7.5000   22.5000   -7.500015429.0850   14.6205
   -7.5000   30.0000   -7.500014489.7549   14.4445
    0.0000   30.0000   -7.500015159.3262   14.4307
    7.5000   30.0000   -7.500014500.0820   14.4261
   -7.5000   37.5000   -7.500013983.0977   14.4653
    0.0000   37.5000   -7.500014654.9121   14.4528
    7.5000   37.5000   -7.500014039.8828   14.4496
   -7.5000   45.0000   -7.500012990.8750   14.1481
    0.0000   45.0000   -7.500013555.0078   14.1421
    7.5000   45.0000   -7.500013009.1523   14.1421
   -7.5000  -45.0000    0.000010019.8965   15.0935
    0.0000  -45.0000    0.000010503.8154   15.0856
    7.5000  -45.0000    0.000010064.7334   15.0823
   -7.5000  -37.5000    0.000010904.2695   14.8034
    0.0000  -37.5000    0.000011456.7812   14.8049
    7.5000  -37.5000    0.000010944.9932   14.8047
   -7.5000  -30.0000    0.000012349.1689   14.7060
    0.0000  -30.0000    0.000012958.1016   14.7084
    7.5000  -30.0000    0.000012394.6133   14.7059
   -7.5000  -22.5000    0.000013757.4199   14.6838
    0.0000  -22.5000    0.000014454.6270   14.6781
    7.5000  -22.5000    0.000013815.4473   14.6734
   -7.5000  -15.0000    0.000015053.1846   14.6769
    0.0000  -15.0000    0.000015833.4844   14.6627
    7.5000  -15.0000    0.000015097.2480   14.6580
   -7.5000   -7.5000    0.000016320.8213   14.6950
    0.0000   -7.5000    0.000017146.2598   14.6807
    7.5000   -7.5000    0.000016359.5322   14.6776
   -7.5000    0.0000    0.000017610.9492   14.7188
    0.0000    0.0000    0.000018476.0449   14.7120
    7.5000    0.0000    0.000017625.5859   14.7113
   -7.5000    7.5000    0.000017651.0176   14.7228
    0.0000    7.5000    0.000018638.2012   14.7243
    7.5000    7.5000    0.000017603.4277   14.7241
   -7.5000   15.0000    0.000017329.9707   14.7060
    0.0000   15.0000    0.000018330.2520   14.7083
    7.5000   15.0000    0.000017263.6621   14.7059
   -7.5000   22.5000    0.000016598.9590   14.6771
    0.0000   22.5000    0.000017490.0312   14.6713
    7.5000   22.5000    0.000016494.8477   14.6667
   -7.5000   30.0000    0.000015557.2383   14.4870
    0.0000   30.0000    0.000016314.1123   14.4730
    7.5000   30.0000    0.000015408.8535   14.4683
   -7.5000   37.5000    0.000015014.1943   14.5049
    0.0000   37.5000    0.000015682.0615   14.4907
    7.5000   37.5000    0.000014833.6367   14.4877
   -7.5000   45.0000    0.000013900.8135   14.1872
    0.0000   45.0000    0.000014479.8779   14.1807
    7.5000   45.0000    0.000013741.7998   14.1800
   -7.5000  -45.0000    7.5000 9733.1982   15.1154
    0.0000  -45.0000    7.500010220.7188   15.1034
    7.5000  -45.0000    7.5000 9793.2783   15.0947
   -7.5000  -37.5000    7.500010603.9258   14.8233
    0.0000  -37.5000    7.500011162.4121   14.8197
    7.5000  -37.5000    7.500010672.6064   14.8147
   -7.5000  -30.0000    7.500011980.8105   14.7244
    0.0000  -30.0000    7.500012586.7188   14.7264
    7.5000  -30.0000    7.500012071.7188   14.7202
   -7.5000  -22.5000    7.500013329.1309   14.7046
    0.0000  -22.5000    7.500014036.8525   14.7036
    7.5000  -22.5000    7.500013449.0762   14.6959
   -7.5000  -15.0000    7.500014629.3105   14.7011
    0.0000  -15.0000    7.500015384.1279   14.6918
    7.5000  -15.0000    7.500014696.2158   14.6834
   -7.5000   -7.5000    7.500015905.9824   14.7192
    0.0000   -7.5000    7.500016684.9961   14.7054
    7.5000   -7.5000    7.500015956.9473   14.6978
   -7.5000    0.0000    7.500017233.4102   14.7408
    0.0000    0.0000    7.500018071.6152   14.7299
    7.5000    0.0000    7.500017207.8184   14.7242
   -7.5000    7.5000    7.500017458.6445   14.7425
    0.0000    7.5000    7.500018523.1973   14.7390
    7.5000    7.5000    7.500017255.1914   14.7341
   -7.5000   15.0000    7.500017302.5254   14.7244
    0.0000   15.0000    7.500018500.8730   14.7264
    7.5000   15.0000    7.500016929.9297   14.7202
   -7.5000   22.5000    7.500016619.1836   14.6978
    0.0000   22.5000    7.500017702.9238   14.6968
    7.5000   22.5000    7.500016172.2266   14.6892
   -7.5000   30.0000    7.500015425.0879   14.5108
    0.0000   30.0000    7.500016325.6152   14.5017
    7.5000   30.0000    7.500015023.0449   14.4934
   -7.5000   37.5000    7.500014727.4053   14.5287
    0.0000   37.5000    7.500015514.4170   14.5150
    7.5000   37.5000    7.500014427.1328   14.5075
   -7.5000   45.0000    7.500013510.5469   14.2084
    0.0000   45.0000    7.500014242.0879   14.1979
    7.5000   45.0000    7.500013371.8496   14.1924
   -7.5000  -45.0000   15.0000 9261.0469   15.1300
    0.0000  -45.0000   15.0000 9729.8125   15.1132
    7.5000  -45.0000   15.0000 9373.2920   15.1004
   -7.5000  -37.5000   15.000010127.6104   14.8327
    0.0000  -37.5000   15.000010621.5869   14.8215
    7.5000  -37.5000   15.000010211.6162   14.8135
   -7.5000  -30.0000   15.000011472.7324   14.7292
    0.0000  -30.0000   15.000012012.0781   14.7266
    7.5000  -30.0000   15.000011566.3223   14.7188
   -7.5000  -22.5000   15.000012845.8623   14.7113
    0.0000  -22.5000   15.000013450.4961   14.7119
    7.5000  -22.5000   15.000012906.3232   14.7025
   -7.5000  -15.0000   15.000014167.0186   14.7140
    0.0000  -15.0000   15.000014807.0576   14.7093
    7.5000  -15.0000   15.000014151.3955   14.6978
   -7.5000   -7.5000   15.000015479.1865   14.7363
    0.0000   -7.5000   15.000016180.4092   14.7236
    7.5000   -7.5000   15.000015405.6143   14.7117
   -7.5000    0.0000   15.000016785.7012   14.7566
    0.0000    0.0000   15.000017695.9375   14.7409
    7.5000    0.0000   15.000016694.5391   14.7310
   -7.5000    7.5000   15.000016857.9023   14.7522
    0.0000    7.5000   15.000018033.6055   14.7413
    7.5000    7.5000   15.000016744.2559   14.7333
   -7.5000   15.0000   15.000016589.4316   14.7292
    0.0000   15.0000   15.000017731.2285   14.7266
    7.5000   15.0000   15.000016358.2979   14.7188
   -7.5000   22.5000   15.000015874.5225   14.7046
    0.0000   22.5000   15.000016931.5215   14.7051
    7.5000   22.5000   15.000015552.2334   14.6957
   -7.5000   30.0000   15.000014799.8203   14.5236
    0.0000   30.0000   15.000015734.3926   14.5189
    7.5000   30.0000   15.000014552.8057   14.5076
   -7.5000   37.5000   15.000014134.7744   14.5456
    0.0000   37.5000   15.000014996.0479   14.5331
    7.5000   37.5000   15.000014004.3164   14.5213
   -7.5000   45.0000   15.000012971.2891   14.2237
    0.0000   45.0000   15.000013766.7607   14.2086
    7.5000   45.0000   15.000012934.4902   14.1990
   -7.5000  -45.0000   22.5000 8769.7080   15.1263
    0.0000  -45.0000   22.5000 9236.1709   15.1093
    7.5000  -45.0000   22.5000 8887.7900   15.0989
   -7.5000  -37.5000   22.5000 9618.8896   14.8271
    0.0000  -37.5000   22.500010126.5703   14.8140
    7.5000  -37.5000   22.5000 9685.3271   14.8093
   -7.5000  -30.0000   22.500010934.4688   14.7214
    0.0000  -30.0000   22.500011489.5996   14.7153
    7.5000  -30.0000   22.500010977.0293   14.7110
   -7.5000  -22.5000   22.500012245.4941   14.7034
    0.0000  -22.5000   22.500012859.2998   14.7002
    7.5000  -22.5000   22.500012254.4238   14.6929
   -7.5000  -15.0000   22.500013418.7900   14.7077
    0.0000  -15.0000   22.500014085.7705   14.7016
    7.5000  -15.0000   22.500013417.5430   14.6909
   -7.5000   -7.5000   22.500014602.1484   14.7327
    0.0000   -7.5000   22.500015331.7305   14.7205
    7.5000   -7.5000   22.500014628.1475   14.7091
   -7.5000    0.0000   22.500015711.7803   14.7541
    0.0000    0.0000   22.500016627.1855   14.7381
    7.5000    0.0000   22.500015821.9082   14.7298
   -7.5000    7.5000   22.500015671.6270   14.7470
    0.0000    7.5000   22.500016602.0449   14.7343
    7.5000    7.5000   22.500015725.6787   14.7296
   -7.5000   15.0000   22.500015296.2139   14.7214
    0.0000   15.0000   22.500016102.0771   14.7153
    7.5000   15.0000   22.500015225.4277   14.7110
   -7.5000   22.5000   22.500014639.7852   14.6966
    0.0000   22.5000   22.500015392.2500   14.6935
    7.5000   22.5000   22.500014501.2119   14.6861
   -7.5000   30.0000   22.500013746.8633   14.5173
    0.0000   30.0000   22.500014480.5527   14.5114
    7.5000   30.0000   22.500013673.6562   14.5008
   -7.5000   37.5000   22.500013232.0215   14.5420
    0.0000   37.5000   22.500013952.6299   14.5300
    7.5000   37.5000   22.500013234.9609   14.5188
   -7.5000   45.0000   22.500012219.7148   14.2212
    0.0000   45.0000   22.500012848.4883   14.2059
    7.5000   45.0000   22.500012232.4141   14.1979
   -7.5000  -45.0000   30.0000 8241.6055   15.2925
    0.0000  -45.0000   30.0000 8709.3711   15.2805
    7.5000  -45.0000   30.0000 8329.1289   15.2751
   -7.5000  -37.5000   30.0000 9022.5742   14.9880
    0.0000  -37.5000   30.0000 9509.2764   14.9810
    7.5000  -37.5000   30.0000 9082.1621   14.9813
   -7.5000  -30.0000   30.000010208.9883   14.8817
    0.0000  -30.0000   30.000010737.3906   14.8770
    7.5000  -30.0000   30.000010278.0889   14.8768
   -7.5000  -22.5000   30.000011397.8496   14.8615
    0.0000  -22.5000   30.000011950.8594   14.8543
    7.5000  -22.5000   30.000011470.0205   14.8498
   -7.5000  -15.0000   30.000012498.7275   14.8628
    0.0000  -15.0000   30.000013100.5674   14.8522
    7.5000  -15.0000   30.000012607.6406   14.8441
   -7.5000   -7.5000   30.000013583.7012   14.8878
    0.0000   -7.5000   30.000014271.5479   14.8759
    7.5000   -7.5000   30.000013727.4863   14.8680
   -7.5000    0.0000   30.000014618.9854   14.9112
    0.0000    0.0000   30.000015362.4678   14.9004
    7.5000    0.0000   30.000014789.1621   14.8967
   -7.5000    7.5000   30.000014528.4531   14.9062
    0.0000    7.5000   30.000015194.4990   14.8995
    7.5000    7.5000   30.000014580.8555   14.8997
   -7.5000   15.0000   30.000014157.0625   14.8817
    0.0000   15.0000   30.000014739.1670   14.8770
    7.5000   15.0000   30.000014126.5527   14.8768
   -7.5000   22.5000   30.000013550.3594   14.8546
    0.0000   22.5000   30.000014118.2607   14.8475
    7.5000   22.5000   30.000013488.5801   14.8430
   -7.5000   30.0000   30.000012748.6846   14.6704
    0.0000   30.0000   30.000013323.7363   14.6600
    7.5000   30.0000   30.000012698.9229   14.6520
   -7.5000   37.5000   30.000012315.2402   14.6952
    0.0000   37.5000   30.000012913.9150   14.6833
    7.5000   37.5000   30.000012314.5850   14.6756
   -7.5000   45.0000   30.000011406.9971   14.3727
    0.0000   45.0000   30.000011972.1309   14.3623
    7.5000   45.0000   30.000011410.8125   14.3587
   -7.5000  -45.0000   37.5000 7973.1162   15.5680
    0.0000  -45.0000   37.5000 8421.5381   15.5588
    7.5000  -45.0000   37.5000 8077.7563   15.5546
   -7.5000  -37.5000   37.5000 8710.5430   15.2556
    0.0000  -37.5000   37.5000 9169.0615   15.2547
    7.5000  -37.5000   37.5000 8792.8662   15.2547
   -7.5000  -30.0000   37.5000 9852.1387   15.1481
    0.0000  -30.0000   37.500010343.2578   15.1467
    7.5000  -30.0000   37.5000 9936.2344   15.1450
   -7.5000  -22.5000   37.500010990.2979   15.1244
    0.0000  -22.5000   37.500011500.4180   15.1150
    7.5000  -22.5000   37.500011074.5879   15.1098
   -7.5000  -15.0000   37.500012042.1348   15.1208
    0.0000  -15.0000   37.500012608.5342   15.1050
    7.5000  -15.0000   37.500012153.1797   15.0981
   -7.5000   -7.5000   37.500013088.2412   15.1449
    0.0000   -7.5000   37.500013732.3760   15.1302
    7.5000   -7.5000   37.500013247.8711   15.1247
   -7.5000    0.0000   37.500014065.5859   15.1709
    0.0000    0.0000   37.500014763.4287   15.1631
    7.5000    0.0000   37.500014212.8252   15.1611
   -7.5000    7.5000   37.500013951.8145   15.1705
    0.0000    7.5000   37.500014560.6660   15.1696
    7.5000    7.5000   37.500014000.5811   15.1697
   -7.5000   15.0000   37.500013614.3096   15.1480
    0.0000   15.0000   37.500014144.1855   15.1467
    7.5000   15.0000   37.500013625.4434   15.1450
   -7.5000   22.5000   37.500013022.7646   15.1174
    0.0000   22.5000   37.500013542.1357   15.1080
    7.5000   22.5000   37.500012999.9453   15.1029
   -7.5000   30.0000   37.500012261.1748   14.9251
    0.0000   30.0000   37.500012774.9648   14.9095
    7.5000   30.0000   37.500012226.8848   14.9027
   -7.5000   37.5000   37.500011879.8555   14.9489
    0.0000   37.5000   37.500012389.2314   14.9344
    7.5000   37.5000   37.500011859.6436   14.9289
   -7.5000   45.0000   37.500011018.3135   14.6230
    0.0000   45.0000   37.500011528.0049   14.6155
    7.5000   45.0000   37.500011006.7617   14.6135
   -7.5000  -45.0000   45.0000 7389.2070   15.8924
    0.0000  -45.0000   45.0000 7811.7051   15.8838
    7.5000  -45.0000   45.0000 7509.0312   15.8808
   -7.5000  -37.5000   45.0000 8056.0928   15.5711
    0.0000  -37.5000   45.0000 8481.5107   15.5728
    7.5000  -37.5000   45.0000 8155.7998   15.5732
   -7.5000  -30.0000   45.0000 9089.2695   15.4618
    0.0000  -30.0000   45.0000 9554.8779   15.4646
    7.5000  -30.0000   45.0000 9192.3877   15.4625
   -7.5000  -22.5000   45.000010129.8447   15.4341
    0.0000  -22.5000   45.000010641.3506   15.4283
    7.5000  -22.5000   45.000010240.7158   15.4240
   -7.5000  -15.0000   45.000011115.3398   15.4245
    0.0000  -15.0000   45.000011668.8320   15.4094
    7.5000  -15.0000   45.000011236.8623   15.4052
   -7.5000   -7.5000   45.000012086.5127   15.4460
    0.0000   -7.5000   45.000012660.6348   15.4305
    7.5000   -7.5000   45.000012216.1572   15.4281
   -7.5000    0.0000   45.000012953.3086   15.4753
    0.0000    0.0000   45.000013559.8711   15.4680
    7.5000    0.0000   45.000013067.9678   15.4679
   -7.5000    7.5000   45.000012814.3965   15.4814
    0.0000    7.5000   45.000013380.0244   15.4831
    7.5000    7.5000   45.000012895.9805   15.4835
   -7.5000   15.0000   45.000012534.4443   15.4618
    0.0000   15.0000   45.000013043.6152   15.4646
    7.5000   15.0000   45.000012572.3271   15.4625
   -7.5000   22.5000   45.000011985.9326   15.4270
    0.0000   22.5000   45.000012457.9199   15.4211
    7.5000   22.5000   45.000011982.1992   15.4169
   -7.5000   30.0000   45.000011286.5234   15.2235
    0.0000   30.0000   45.000011727.0361   15.2086
    7.5000   30.0000   45.000011258.3018   15.2045
   -7.5000   37.5000   45.000010934.3564   15.2448
    0.0000   37.5000   45.000011390.4697   15.2295
    7.5000   37.5000   45.000010936.3105   15.2271
   -7.5000   45.0000   45.000010156.6592   14.9232
    0.0000   45.0000   45.000010599.9658   14.9162
    7.5000   45.0000   45.000010161.5254   14.9160

---------------------------------------------------------------------
imgreg_4dfp /opt/freesurfer/average/711-2C_as_mni_average_305 /opt/freesurfer/average/711-2B_as_mni_average_305_mask talsrcimg_g11 none talsrcimg_to_711-2C_as_mni_average_305_t4 4355
---------------------------------------------------------------------

freesurfer imgreg_4dfp.c
/opt/freesurfer/average/711-2C_as_mni_average_305.4dfp.img
       256       256       256         1
  1.000000  1.000000  1.000000
orientation T byte_order littleendian
Reading image: /opt/freesurfer/average/711-2C_as_mni_average_305.4dfp.img
dimensions:      256       256       256
mmppix:       1.0000   -1.0000   -1.0000
center:     128.0000 -129.0000 -129.0000
/opt/freesurfer/average/711-2B_as_mni_average_305_mask.4dfp.img
       256       256       256         1
  1.000000  1.000000  1.000000
orientation T byte_order littleendian
Reading mask: /opt/freesurfer/average/711-2B_as_mni_average_305_mask.4dfp.img (2306576 pixels)
talsrcimg_g11.4dfp.img
       256       256       256         1
  1.000000  1.000000  1.000000
orientation T byte_order littleendian
Reading image: talsrcimg_g11.4dfp.img
dimensions:      256       256       256
mmppix:       1.0000   -1.0000   -1.0000
center:     128.0000 -129.0000 -129.0000
rotation matrix determinant  1.000000
image alignment mode   4355 decimal     1103 hex
   -7.5000  -37.5000  -45.0000 2112.8506   18.6720
    0.0000  -37.5000  -45.0000 2125.5613   18.5741
    7.5000  -37.5000  -45.0000 2110.5239   18.5937
   -7.5000  -30.0000  -45.0000 2199.6345   16.9771
    0.0000  -30.0000  -45.0000 2216.0496   16.8895
    7.5000  -30.0000  -45.0000 2201.6519   16.9280
   -7.5000  -22.5000  -45.0000 2278.2493   15.7243
    0.0000  -22.5000  -45.0000 2293.0701   15.6326
    7.5000  -22.5000  -45.0000 2275.7830   15.6877
   -7.5000  -15.0000  -45.0000 2339.1436   14.7545
    0.0000  -15.0000  -45.0000 2352.2065   14.6670
    7.5000  -15.0000  -45.0000 2332.7375   14.7272
   -7.5000   -7.5000  -45.0000 2385.6155   14.1336
    0.0000   -7.5000  -45.0000 2396.3774   14.0442
    7.5000   -7.5000  -45.0000 2373.7629   14.0911
   -7.5000    0.0000  -45.0000 2400.4556   13.7749
    0.0000    0.0000  -45.0000 2412.4355   13.6908
    7.5000    0.0000  -45.0000 2389.7878   13.7421
   -7.5000    7.5000  -45.0000 2406.5720   13.5361
    0.0000    7.5000  -45.0000 2425.6104   13.4468
    7.5000    7.5000  -45.0000 2398.8511   13.4921
   -7.5000   15.0000  -45.0000 2404.8760   13.4467
    0.0000   15.0000  -45.0000 2421.6621   13.3764
    7.5000   15.0000  -45.0000 2397.9417   13.4397
   -7.5000   22.5000  -45.0000 2397.6536   13.5979
    0.0000   22.5000  -45.0000 2418.0256   13.4539
    7.5000   22.5000  -45.0000 2391.0901   13.5554
   -7.5000   30.0000  -45.0000 2365.8896   14.0126
    0.0000   30.0000  -45.0000 2384.8877   13.8963
    7.5000   30.0000  -45.0000 2361.6770   13.9898
   -7.5000   37.5000  -45.0000 2318.4937   14.7695
    0.0000   37.5000  -45.0000 2338.4790   14.6311
    7.5000   37.5000  -45.0000 2315.5969   14.7373
   -7.5000   45.0000  -45.0000 2239.3374   15.7925
    0.0000   45.0000  -45.0000 2257.4453   15.6585
    7.5000   45.0000  -45.0000 2237.2124   15.7705
   -7.5000   52.5000  -45.0000 2128.1174   16.9477
    0.0000   52.5000  -45.0000 2148.7310   16.8208
    7.5000   52.5000  -45.0000 2124.9302   16.9584
   -7.5000  -37.5000  -37.5000 2176.7827   17.6133
    0.0000  -37.5000  -37.5000 2188.2913   17.5100
    7.5000  -37.5000  -37.5000 2176.3286   17.5569
   -7.5000  -30.0000  -37.5000 2277.5432   15.9656
    0.0000  -30.0000  -37.5000 2292.9929   15.8795
    7.5000  -30.0000  -37.5000 2271.4656   15.9333
   -7.5000  -22.5000  -37.5000 2365.8704   14.7684
    0.0000  -22.5000  -37.5000 2383.7571   14.6937
    7.5000  -22.5000  -37.5000 2358.0654   14.7686
   -7.5000  -15.0000  -37.5000 2428.6531   13.8848
    0.0000  -15.0000  -37.5000 2446.1309   13.8067
    7.5000  -15.0000  -37.5000 2418.1753   13.8413
   -7.5000   -7.5000  -37.5000 2474.1003   13.2710
    0.0000   -7.5000  -37.5000 2488.1338   13.1532
    7.5000   -7.5000  -37.5000 2460.9568   13.1872
   -7.5000    0.0000  -37.5000 2494.6038   12.8813
    0.0000    0.0000  -37.5000 2515.3606   12.7463
    7.5000    0.0000  -37.5000 2487.8328   12.7871
   -7.5000    7.5000  -37.5000 2510.9585   12.6287
    0.0000    7.5000  -37.5000 2531.9099   12.4883
    7.5000    7.5000  -37.5000 2506.4143   12.5588
   -7.5000   15.0000  -37.5000 2507.7644   12.5990
    0.0000   15.0000  -37.5000 2527.2551   12.4895
    7.5000   15.0000  -37.5000 2505.2522   12.5488
   -7.5000   22.5000  -37.5000 2494.9165   12.7389
    0.0000   22.5000  -37.5000 2515.1406   12.6043
    7.5000   22.5000  -37.5000 2492.3455   12.6832
   -7.5000   30.0000  -37.5000 2457.1470   13.1254
    0.0000   30.0000  -37.5000 2479.6804   12.9766
    7.5000   30.0000  -37.5000 2459.9387   13.0878
   -7.5000   37.5000  -37.5000 2410.6042   13.8010
    0.0000   37.5000  -37.5000 2429.2410   13.6369
    7.5000   37.5000  -37.5000 2409.9512   13.7425
   -7.5000   45.0000  -37.5000 2331.7625   14.7142
    0.0000   45.0000  -37.5000 2352.1450   14.5585
    7.5000   45.0000  -37.5000 2330.0901   14.6384
   -7.5000   52.5000  -37.5000 2217.7869   15.7518
    0.0000   52.5000  -37.5000 2241.8865   15.6239
    7.5000   52.5000  -37.5000 2216.2598   15.7418
   -7.5000  -37.5000  -30.0000 2281.4968   17.2266
    0.0000  -37.5000  -30.0000 2292.7510   17.1081
    7.5000  -37.5000  -30.0000 2279.6785   17.1763
   -7.5000  -30.0000  -30.0000 2394.1401   15.6201
    0.0000  -30.0000  -30.0000 2407.7053   15.5036
    7.5000  -30.0000  -30.0000 2385.1301   15.6129
   -7.5000  -22.5000  -30.0000 2482.0996   14.3855
    0.0000  -22.5000  -30.0000 2504.1802   14.2892
    7.5000  -22.5000  -30.0000 2476.4224   14.3905
   -7.5000  -15.0000  -30.0000 2548.8203   13.4475
    0.0000  -15.0000  -30.0000 2567.3496   13.3504
    7.5000  -15.0000  -30.0000 2540.3020   13.4242
   -7.5000   -7.5000  -30.0000 2600.4907   12.8351
    0.0000   -7.5000  -30.0000 2617.2151   12.7159
    7.5000   -7.5000  -30.0000 2592.5173   12.7749
   -7.5000    0.0000  -30.0000 2627.9844   12.4278
    0.0000    0.0000  -30.0000 2645.8909   12.2720
    7.5000    0.0000  -30.0000 2623.3943   12.3280
   -7.5000    7.5000  -30.0000 2649.8149   12.1684
    0.0000    7.5000  -30.0000 2676.0034   12.0072
    7.5000    7.5000  -30.0000 2648.5542   12.0635
   -7.5000   15.0000  -30.0000 2652.0076   12.1438
    0.0000   15.0000  -30.0000 2674.7725   12.0012
    7.5000   15.0000  -30.0000 2646.3696   12.0740
   -7.5000   22.5000  -30.0000 2641.3433   12.2727
    0.0000   22.5000  -30.0000 2660.5576   12.1374
    7.5000   22.5000  -30.0000 2638.4753   12.2297
   -7.5000   30.0000  -30.0000 2604.7288   12.6394
    0.0000   30.0000  -30.0000 2627.7251   12.4897
    7.5000   30.0000  -30.0000 2604.0759   12.5826
   -7.5000   37.5000  -30.0000 2549.4207   13.2931
    0.0000   37.5000  -30.0000 2571.7500   13.1125
    7.5000   37.5000  -30.0000 2548.2747   13.2196
   -7.5000   45.0000  -30.0000 2459.3865   14.1508
    0.0000   45.0000  -30.0000 2483.8677   13.9814
    7.5000   45.0000  -30.0000 2465.6592   14.0933
   -7.5000   52.5000  -30.0000 2337.9883   15.1107
    0.0000   52.5000  -30.0000 2364.4988   14.9720
    7.5000   52.5000  -30.0000 2342.2786   15.1314
   -7.5000  -37.5000  -22.5000 2354.2273   16.7243
    0.0000  -37.5000  -22.5000 2370.0137   16.5577
    7.5000  -37.5000  -22.5000 2355.0984   16.6717
   -7.5000  -30.0000  -22.5000 2470.9695   15.1138
    0.0000  -30.0000  -22.5000 2486.1387   14.9934
    7.5000  -30.0000  -22.5000 2466.5198   15.1001
   -7.5000  -22.5000  -22.5000 2562.9565   13.8326
    0.0000  -22.5000  -22.5000 2582.1560   13.7269
    7.5000  -22.5000  -22.5000 2558.4966   13.8336
   -7.5000  -15.0000  -22.5000 2637.2634   12.9003
    0.0000  -15.0000  -22.5000 2653.2043   12.7766
    7.5000  -15.0000  -22.5000 2631.9937   12.8627
   -7.5000   -7.5000  -22.5000 2693.4897   12.2418
    0.0000   -7.5000  -22.5000 2711.2820   12.1160
    7.5000   -7.5000  -22.5000 2689.8726   12.1912
   -7.5000    0.0000  -22.5000 2727.9351   11.8015
    0.0000    0.0000  -22.5000 2748.8611   11.6641
    7.5000    0.0000  -22.5000 2727.5544   11.7338
   -7.5000    7.5000  -22.5000 2761.0996   11.5308
    0.0000    7.5000  -22.5000 2788.7422   11.3715
    7.5000    7.5000  -22.5000 2758.2021   11.4661
   -7.5000   15.0000  -22.5000 2770.1663   11.5191
    0.0000   15.0000  -22.5000 2796.1296   11.3375
    7.5000   15.0000  -22.5000 2763.4473   11.4701
   -7.5000   22.5000  -22.5000 2765.0977   11.6315
    0.0000   22.5000  -22.5000 2790.1619   11.4764
    7.5000   22.5000  -22.5000 2764.1387   11.6164
   -7.5000   30.0000  -22.5000 2729.9705   11.9940
    0.0000   30.0000  -22.5000 2757.9126   11.8240
    7.5000   30.0000  -22.5000 2732.5510   11.9538
   -7.5000   37.5000  -22.5000 2664.3167   12.6046
    0.0000   37.5000  -22.5000 2693.6741   12.4203
    7.5000   37.5000  -22.5000 2668.5906   12.5590
   -7.5000   45.0000  -22.5000 2572.7153   13.4313
    0.0000   45.0000  -22.5000 2599.0237   13.2421
    7.5000   45.0000  -22.5000 2578.5923   13.3739
   -7.5000   52.5000  -22.5000 2438.8665   14.3926
    0.0000   52.5000  -22.5000 2461.8909   14.1886
    7.5000   52.5000  -22.5000 2443.8848   14.3633
   -7.5000  -37.5000  -15.0000 2390.1299   16.2176
    0.0000  -37.5000  -15.0000 2411.9250   16.0724
    7.5000  -37.5000  -15.0000 2397.2800   16.1791
   -7.5000  -30.0000  -15.0000 2506.4226   14.6015
    0.0000  -30.0000  -15.0000 2527.7329   14.4764
    7.5000  -30.0000  -15.0000 2505.8523   14.5646
   -7.5000  -22.5000  -15.0000 2606.2971   13.3125
    0.0000  -22.5000  -15.0000 2624.7568   13.1937
    7.5000  -22.5000  -15.0000 2599.6279   13.2744
   -7.5000  -15.0000  -15.0000 2690.6321   12.3464
    0.0000  -15.0000  -15.0000 2706.5093   12.2318
    7.5000  -15.0000  -15.0000 2682.4902   12.2938
   -7.5000   -7.5000  -15.0000 2750.3838   11.6560
    0.0000   -7.5000  -15.0000 2773.3149   11.5514
    7.5000   -7.5000  -15.0000 2751.0388   11.6296
   -7.5000    0.0000  -15.0000 2796.3381   11.2168
    0.0000    0.0000  -15.0000 2820.7585   11.0902
    7.5000    0.0000  -15.0000 2802.4590   11.1801
   -7.5000    7.5000  -15.0000 2839.7610   10.9702
    0.0000    7.5000  -15.0000 2868.6045   10.8258
    7.5000    7.5000  -15.0000 2835.2590   10.9357
   -7.5000   15.0000  -15.0000 2859.8887   10.9081
    0.0000   15.0000  -15.0000 2886.7048   10.7211
    7.5000   15.0000  -15.0000 2848.1924   10.8889
   -7.5000   22.5000  -15.0000 2854.6692   11.0135
    0.0000   22.5000  -15.0000 2883.2605   10.8309
    7.5000   22.5000  -15.0000 2851.0933   11.0222
   -7.5000   30.0000  -15.0000 2817.4504   11.3594
    0.0000   30.0000  -15.0000 2847.4673   11.1808
    7.5000   30.0000  -15.0000 2819.2766   11.3526
   -7.5000   37.5000  -15.0000 2745.3569   11.9482
    0.0000   37.5000  -15.0000 2781.8630   11.7607
    7.5000   37.5000  -15.0000 2756.2380   11.9394
   -7.5000   45.0000  -15.0000 2645.5271   12.7551
    0.0000   45.0000  -15.0000 2672.9124   12.5841
    7.5000   45.0000  -15.0000 2655.6597   12.7596
   -7.5000   52.5000  -15.0000 2508.0452   13.7126
    0.0000   52.5000  -15.0000 2532.2180   13.5367
    7.5000   52.5000  -15.0000 2511.1921   13.7180
   -7.5000  -37.5000   -7.5000 2421.6970   15.8188
    0.0000  -37.5000   -7.5000 2441.9978   15.6606
    7.5000  -37.5000   -7.5000 2427.2410   15.7907
   -7.5000  -30.0000   -7.5000 2530.7869   14.1946
    0.0000  -30.0000   -7.5000 2554.2637   14.0484
    7.5000  -30.0000   -7.5000 2537.9355   14.1770
   -7.5000  -22.5000   -7.5000 2629.7068   12.8847
    0.0000  -22.5000   -7.5000 2650.2607   12.7420
    7.5000  -22.5000   -7.5000 2629.1362   12.8827
   -7.5000  -15.0000   -7.5000 2713.7983   11.9114
    0.0000  -15.0000   -7.5000 2735.2988   11.7871
    7.5000  -15.0000   -7.5000 2714.3098   11.8946
   -7.5000   -7.5000   -7.5000 2782.2275   11.2371
    0.0000   -7.5000   -7.5000 2809.1829   11.0880
    7.5000   -7.5000   -7.5000 2782.8655   11.1843
   -7.5000    0.0000   -7.5000 2840.0400   10.7935
    0.0000    0.0000   -7.5000 2867.6055   10.6454
    7.5000    0.0000   -7.5000 2844.6204   10.7165
   -7.5000    7.5000   -7.5000 2884.8889   10.5968
    0.0000    7.5000   -7.5000 2912.9050   10.4562
    7.5000    7.5000   -7.5000 2887.1851   10.5271
   -7.5000   15.0000   -7.5000 2915.1108   10.4896
    0.0000   15.0000   -7.5000 2948.2527   10.3108
    7.5000   15.0000   -7.5000 2906.7520   10.4755
   -7.5000   22.5000   -7.5000 2917.4153   10.5659
    0.0000   22.5000   -7.5000 2947.7400   10.3594
    7.5000   22.5000   -7.5000 2907.9285   10.5930
   -7.5000   30.0000   -7.5000 2877.1082   10.8772
    0.0000   30.0000   -7.5000 2910.4019   10.6704
    7.5000   30.0000   -7.5000 2876.2542   10.9060
   -7.5000   37.5000   -7.5000 2800.0652   11.4361
    0.0000   37.5000   -7.5000 2840.7732   11.2429
    7.5000   37.5000   -7.5000 2812.6577   11.4399
   -7.5000   45.0000   -7.5000 2698.3948   12.2751
    0.0000   45.0000   -7.5000 2729.0828   12.0754
    7.5000   45.0000   -7.5000 2704.1274   12.2497
   -7.5000   52.5000   -7.5000 2553.8794   13.2381
    0.0000   52.5000   -7.5000 2580.6248   13.0597
    7.5000   52.5000   -7.5000 2558.3752   13.2131
   -7.5000  -37.5000    0.0000 2439.4717   15.5404
    0.0000  -37.5000    0.0000 2461.2207   15.3145
    7.5000  -37.5000    0.0000 2444.4487   15.4114
   -7.5000  -30.0000    0.0000 2543.6936   13.9185
    0.0000  -30.0000    0.0000 2569.7185   13.7487
    7.5000  -30.0000    0.0000 2554.8567   13.8662
   -7.5000  -22.5000    0.0000 2639.6750   12.6448
    0.0000  -22.5000    0.0000 2662.2117   12.4858
    7.5000  -22.5000    0.0000 2643.4084   12.6038
   -7.5000  -15.0000    0.0000 2720.0967   11.6637
    0.0000  -15.0000    0.0000 2743.7083   11.5313
    7.5000  -15.0000    0.0000 2722.8728   11.6206
   -7.5000   -7.5000    0.0000 2795.9675   10.9886
    0.0000   -7.5000    0.0000 2823.2910   10.8290
    7.5000   -7.5000    0.0000 2801.2773   10.9146
   -7.5000    0.0000    0.0000 2861.6692   10.5825
    0.0000    0.0000    0.0000 2890.2913   10.4214
    7.5000    0.0000    0.0000 2873.2766   10.5047
   -7.5000    7.5000    0.0000 2911.3760   10.4395
    0.0000    7.5000    0.0000 2943.9546   10.2931
    7.5000    7.5000    0.0000 2924.9890   10.3537
   -7.5000   15.0000    0.0000 2956.4727   10.4343
    0.0000   15.0000    0.0000 2998.8105   10.3115
    7.5000   15.0000    0.0000 2960.2227   10.3444
   -7.5000   22.5000    0.0000 2964.6060   10.4528
    0.0000   22.5000    0.0000 3003.3882   10.2770
    7.5000   22.5000    0.0000 2956.0344   10.3827
   -7.5000   30.0000    0.0000 2916.8682   10.6446
    0.0000   30.0000    0.0000 2949.6299   10.4381
    7.5000   30.0000    0.0000 2911.3218   10.5901
   -7.5000   37.5000    0.0000 2833.9626   11.1530
    0.0000   37.5000    0.0000 2868.8547   10.9269
    7.5000   37.5000    0.0000 2840.8899   11.0718
   -7.5000   45.0000    0.0000 2725.9878   11.9835
    0.0000   45.0000    0.0000 2759.4849   11.7625
    7.5000   45.0000    0.0000 2735.8569   11.8885
   -7.5000   52.5000    0.0000 2577.6995   13.0140
    0.0000   52.5000    0.0000 2609.0344   12.8012
    7.5000   52.5000    0.0000 2586.6646   12.9315
   -7.5000  -37.5000    7.5000 2451.5474   15.4022
    0.0000  -37.5000    7.5000 2478.9539   15.1623
    7.5000  -37.5000    7.5000 2459.4138   15.2787
   -7.5000  -30.0000    7.5000 2555.7478   13.7607
    0.0000  -30.0000    7.5000 2581.4033   13.5787
    7.5000  -30.0000    7.5000 2567.8486   13.6980
   -7.5000  -22.5000    7.5000 2644.0989   12.4715
    0.0000  -22.5000    7.5000 2667.8259   12.3017
    7.5000  -22.5000    7.5000 2656.1370   12.4324
   -7.5000  -15.0000    7.5000 2722.9468   11.5316
    0.0000  -15.0000    7.5000 2744.6587   11.3764
    7.5000  -15.0000    7.5000 2732.2986   11.4667
   -7.5000   -7.5000    7.5000 2797.5728   10.9135
    0.0000   -7.5000    7.5000 2817.2954   10.7515
    7.5000   -7.5000    7.5000 2810.9797   10.8143
   -7.5000    0.0000    7.5000 2867.7654   10.5743
    0.0000    0.0000    7.5000 2893.0327   10.4279
    7.5000    0.0000    7.5000 2883.1177   10.4470
   -7.5000    7.5000    7.5000 2936.2368   10.4909
    0.0000    7.5000    7.5000 2967.4802   10.3833
    7.5000    7.5000    7.5000 2943.4927   10.3210
   -7.5000   15.0000    7.5000 2990.9648   10.4945
    0.0000   15.0000    7.5000 3041.9539   10.4182
    7.5000   15.0000    7.5000 2986.1770   10.2988
   -7.5000   22.5000    7.5000 2988.4714   10.5156
    0.0000   22.5000    7.5000 3040.2866   10.4425
    7.5000   22.5000    7.5000 2983.0251   10.3253
   -7.5000   30.0000    7.5000 2927.5586   10.6631
    0.0000   30.0000    7.5000 2968.8196   10.5282
    7.5000   30.0000    7.5000 2928.8379   10.4933
   -7.5000   37.5000    7.5000 2846.2395   11.0712
    0.0000   37.5000    7.5000 2881.9890   10.9018
    7.5000   37.5000    7.5000 2850.9907   10.9189
   -7.5000   45.0000    7.5000 2730.8032   11.8682
    0.0000   45.0000    7.5000 2769.7517   11.6607
    7.5000   45.0000    7.5000 2747.8020   11.7224
   -7.5000   52.5000    7.5000 2583.1558   12.8809
    0.0000   52.5000    7.5000 2619.9392   12.6940
    7.5000   52.5000    7.5000 2599.4209   12.7811
   -7.5000  -37.5000   15.0000 2448.5969   15.4912
    0.0000  -37.5000   15.0000 2472.3425   15.1552
    7.5000  -37.5000   15.0000 2458.8679   15.3292
   -7.5000  -30.0000   15.0000 2555.5022   13.9013
    0.0000  -30.0000   15.0000 2570.6089   13.6010
    7.5000  -30.0000   15.0000 2570.2800   13.7631
   -7.5000  -22.5000   15.0000 2644.8623   12.6327
    0.0000  -22.5000   15.0000 2663.1777   12.4214
    7.5000  -22.5000   15.0000 2657.4062   12.5191
   -7.5000  -15.0000   15.0000 2728.0168   11.7210
    0.0000  -15.0000   15.0000 2739.5559   11.5235
    7.5000  -15.0000   15.0000 2732.6326   11.5696
   -7.5000   -7.5000   15.0000 2795.5574   11.0930
    0.0000   -7.5000   15.0000 2810.7930   10.9319
    7.5000   -7.5000   15.0000 2808.0933   10.9011
   -7.5000    0.0000   15.0000 2865.5642   10.7137
    0.0000    0.0000   15.0000 2893.6033   10.5831
    7.5000    0.0000   15.0000 2881.1782   10.5075
   -7.5000    7.5000   15.0000 2933.4929   10.5600
    0.0000    7.5000   15.0000 2970.1643   10.4890
    7.5000    7.5000   15.0000 2944.6628   10.3669
   -7.5000   15.0000   15.0000 2983.9670   10.4644
    0.0000   15.0000   15.0000 3040.7759   10.4277
    7.5000   15.0000   15.0000 2985.6060   10.3222
   -7.5000   22.5000   15.0000 2977.6272   10.5183
    0.0000   22.5000   15.0000 3035.3660   10.4294
    7.5000   22.5000   15.0000 2974.7087   10.3850
   -7.5000   30.0000   15.0000 2916.3899   10.7652
    0.0000   30.0000   15.0000 2960.4966   10.6227
    7.5000   30.0000   15.0000 2922.4072   10.6078
   -7.5000   37.5000   15.0000 2832.4111   11.2324
    0.0000   37.5000   15.0000 2869.1367   11.0539
    7.5000   37.5000   15.0000 2844.3457   11.1041
   -7.5000   45.0000   15.0000 2716.0784   12.0022
    0.0000   45.0000   15.0000 2751.4753   11.8249
    7.5000   45.0000   15.0000 2736.6934   11.9001
   -7.5000   52.5000   15.0000 2570.9160   12.9698
    0.0000   52.5000   15.0000 2601.4321   12.7814
    7.5000   52.5000   15.0000 2589.4832   12.8674
   -7.5000  -37.5000   22.5000 2432.1074   15.9238
    0.0000  -37.5000   22.5000 2457.7097   15.6057
    7.5000  -37.5000   22.5000 2439.1458   15.7234
   -7.5000  -30.0000   22.5000 2542.6240   14.3023
    0.0000  -30.0000   22.5000 2564.6777   14.0217
    7.5000  -30.0000   22.5000 2550.4917   14.1111
   -7.5000  -22.5000   22.5000 2640.0383   12.9991
    0.0000  -22.5000   22.5000 2660.9985   12.7780
    7.5000  -22.5000   22.5000 2647.1624   12.8170
   -7.5000  -15.0000   22.5000 2716.4583   12.0121
    0.0000  -15.0000   22.5000 2737.2559   11.8194
    7.5000  -15.0000   22.5000 2723.0032   11.8291
   -7.5000   -7.5000   22.5000 2785.8489   11.3211
    0.0000   -7.5000   22.5000 2808.2290   11.1466
    7.5000   -7.5000   22.5000 2804.1528   11.1353
   -7.5000    0.0000   22.5000 2855.8237   10.8883
    0.0000    0.0000   22.5000 2884.5200   10.7416
    7.5000    0.0000   22.5000 2878.7410   10.7167
   -7.5000    7.5000   22.5000 2908.3188   10.6615
    0.0000    7.5000   22.5000 2947.7856   10.5620
    7.5000    7.5000   22.5000 2933.9463   10.5127
   -7.5000   15.0000   22.5000 2943.4463   10.5430
    0.0000   15.0000   22.5000 2993.8374   10.3993
    7.5000   15.0000   22.5000 2952.5559   10.4254
   -7.5000   22.5000   22.5000 2934.9756   10.6579
    0.0000   22.5000   22.5000 2980.7747   10.4768
    7.5000   22.5000   22.5000 2938.9480   10.5417
   -7.5000   30.0000   22.5000 2880.9653   10.9662
    0.0000   30.0000   22.5000 2922.8904   10.8202
    7.5000   30.0000   22.5000 2894.9739   10.8738
   -7.5000   37.5000   22.5000 2802.2100   11.4785
    0.0000   37.5000   22.5000 2835.9973   11.3461
    7.5000   37.5000   22.5000 2819.4846   11.4139
   -7.5000   45.0000   22.5000 2689.7480   12.2764
    0.0000   45.0000   22.5000 2721.1213   12.1095
    7.5000   45.0000   22.5000 2710.5444   12.1998
   -7.5000   52.5000   22.5000 2541.2649   13.2356
    0.0000   52.5000   22.5000 2572.3499   13.0348
    7.5000   52.5000   22.5000 2565.3848   13.1377
   -7.5000  -37.5000   30.0000 2392.7390   16.5540
    0.0000  -37.5000   30.0000 2418.2698   16.2203
    7.5000  -37.5000   30.0000 2402.0391   16.3517
   -7.5000  -30.0000   30.0000 2504.1199   14.7954
    0.0000  -30.0000   30.0000 2531.7053   14.4957
    7.5000  -30.0000   30.0000 2514.2058   14.6564
   -7.5000  -22.5000   30.0000 2611.6865   13.4034
    0.0000  -22.5000   30.0000 2635.6653   13.1134
    7.5000  -22.5000   30.0000 2620.3818   13.2620
   -7.5000  -15.0000   30.0000 2693.2991   12.3481
    0.0000  -15.0000   30.0000 2721.0906   12.1068
    7.5000  -15.0000   30.0000 2709.8188   12.2122
   -7.5000   -7.5000   30.0000 2770.1663   11.6529
    0.0000   -7.5000   30.0000 2800.9712   11.4121
    7.5000   -7.5000   30.0000 2791.3096   11.5051
   -7.5000    0.0000   30.0000 2834.8906   11.2050
    0.0000    0.0000   30.0000 2862.8889   10.9999
    7.5000    0.0000   30.0000 2861.0146   11.0532
   -7.5000    7.5000   30.0000 2874.8540   10.9751
    0.0000    7.5000   30.0000 2903.7354   10.7843
    7.5000    7.5000   30.0000 2900.3293   10.8390
   -7.5000   15.0000   30.0000 2893.5007   10.8527
    0.0000   15.0000   30.0000 2931.2947   10.6279
    7.5000   15.0000   30.0000 2906.6082   10.7225
   -7.5000   22.5000   30.0000 2890.2983   11.0100
    0.0000   22.5000   30.0000 2926.8835   10.8315
    7.5000   22.5000   30.0000 2902.1382   10.9113
   -7.5000   30.0000   30.0000 2837.0410   11.3834
    0.0000   30.0000   30.0000 2873.8025   11.2640
    7.5000   30.0000   30.0000 2851.3030   11.3095
   -7.5000   37.5000   30.0000 2756.5693   11.9490
    0.0000   37.5000   30.0000 2788.1709   11.8147
    7.5000   37.5000   30.0000 2773.3489   11.8775
   -7.5000   45.0000   30.0000 2650.5647   12.7288
    0.0000   45.0000   30.0000 2680.2214   12.5931
    7.5000   45.0000   30.0000 2671.0000   12.6620
   -7.5000   52.5000   30.0000 2504.4998   13.6422
    0.0000   52.5000   30.0000 2534.8706   13.5118
    7.5000   52.5000   30.0000 2528.0608   13.6055
   -7.5000  -37.5000   37.5000 2346.7175   17.2528
    0.0000  -37.5000   37.5000 2373.9636   16.9172
    7.5000  -37.5000   37.5000 2362.2708   17.0687
   -7.5000  -30.0000   37.5000 2461.3206   15.4092
    0.0000  -30.0000   37.5000 2487.3325   15.0942
    7.5000  -30.0000   37.5000 2475.9426   15.2757
   -7.5000  -22.5000   37.5000 2575.6057   13.9204
    0.0000  -22.5000   37.5000 2600.1416   13.5869
    7.5000  -22.5000   37.5000 2588.1797   13.7983
   -7.5000  -15.0000   37.5000 2666.8035   12.8109
    0.0000  -15.0000   37.5000 2697.2671   12.5189
    7.5000  -15.0000   37.5000 2683.0764   12.6999
   -7.5000   -7.5000   37.5000 2743.4436   12.0751
    0.0000   -7.5000   37.5000 2777.7310   11.8336
    7.5000   -7.5000   37.5000 2767.2358   11.9725
   -7.5000    0.0000   37.5000 2804.5251   11.6679
    0.0000    0.0000   37.5000 2839.0688   11.4335
    7.5000    0.0000   37.5000 2829.9736   11.5352
   -7.5000    7.5000   37.5000 2837.3965   11.4715
    0.0000    7.5000   37.5000 2870.9258   11.2086
    7.5000    7.5000   37.5000 2860.3398   11.2895
   -7.5000   15.0000   37.5000 2847.1106   11.3782
    0.0000   15.0000   37.5000 2879.9570   11.1173
    7.5000   15.0000   37.5000 2864.3035   11.2433
   -7.5000   22.5000   37.5000 2833.2419   11.5645
    0.0000   22.5000   37.5000 2869.5852   11.3836
    7.5000   22.5000   37.5000 2849.7441   11.4699
   -7.5000   30.0000   37.5000 2775.2444   11.9778
    0.0000   30.0000   37.5000 2806.9004   11.8360
    7.5000   30.0000   37.5000 2790.5862   11.8706
   -7.5000   37.5000   37.5000 2699.8735   12.5578
    0.0000   37.5000   37.5000 2724.9878   12.4168
    7.5000   37.5000   37.5000 2713.1721   12.4823
   -7.5000   45.0000   37.5000 2596.0444   13.3295
    0.0000   45.0000   37.5000 2625.1108   13.1907
    7.5000   45.0000   37.5000 2616.5242   13.2711
   -7.5000   52.5000   37.5000 2457.9082   14.2601
    0.0000   52.5000   37.5000 2484.7693   14.1381
    7.5000   52.5000   37.5000 2472.9846   14.2025
   -7.5000  -37.5000   45.0000 2300.4019   18.0834
    0.0000  -37.5000   45.0000 2322.9260   17.7379
    7.5000  -37.5000   45.0000 2315.0156   17.9156
   -7.5000  -30.0000   45.0000 2409.9556   16.1359
    0.0000  -30.0000   45.0000 2435.9302   15.8048
    7.5000  -30.0000   45.0000 2427.1255   16.0040
   -7.5000  -22.5000   45.0000 2520.1016   14.5600
    0.0000  -22.5000   45.0000 2551.9585   14.2165
    7.5000  -22.5000   45.0000 2539.1995   14.4394
   -7.5000  -15.0000   45.0000 2619.2632   13.4085
    0.0000  -15.0000   45.0000 2655.8416   13.1034
    7.5000  -15.0000   45.0000 2640.7144   13.3013
   -7.5000   -7.5000   45.0000 2700.9324   12.6584
    0.0000   -7.5000   45.0000 2736.3245   12.3777
    7.5000   -7.5000   45.0000 2722.1328   12.5379
   -7.5000    0.0000   45.0000 2756.2688   12.2317
    0.0000    0.0000   45.0000 2794.7988   11.9463
    7.5000    0.0000   45.0000 2780.1099   12.0656
   -7.5000    7.5000   45.0000 2779.9873   12.0471
    0.0000    7.5000   45.0000 2823.7175   11.7566
    7.5000    7.5000   45.0000 2809.6455   11.8855
   -7.5000   15.0000   45.0000 2783.0593   12.0266
    0.0000   15.0000   45.0000 2819.2949   11.7729
    7.5000   15.0000   45.0000 2804.0752   11.9073
   -7.5000   22.5000   45.0000 2758.7527   12.2955
    0.0000   22.5000   45.0000 2794.8909   12.0494
    7.5000   22.5000   45.0000 2777.9524   12.1639
   -7.5000   30.0000   45.0000 2698.0457   12.7077
    0.0000   30.0000   45.0000 2727.8662   12.5174
    7.5000   30.0000   45.0000 2716.4670   12.5867
   -7.5000   37.5000   45.0000 2625.5579   13.3075
    0.0000   37.5000   45.0000 2650.1157   13.1063
    7.5000   37.5000   45.0000 2645.1626   13.1775
   -7.5000   45.0000   45.0000 2531.3909   14.0671
    0.0000   45.0000   45.0000 2556.2422   13.8860
    7.5000   45.0000   45.0000 2549.6846   13.9648
   -7.5000   52.5000   45.0000 2397.5713   14.9941
    0.0000   52.5000   45.0000 2421.7595   14.8626
    7.5000   52.5000   45.0000 2413.2695   14.9128

---------------------------------------------------------------------
imgreg_4dfp /opt/freesurfer/average/711-2C_as_mni_average_305 /opt/freesurfer/average/711-2B_as_mni_average_305_mask talsrcimg_g11 none talsrcimg_to_711-2C_as_mni_average_305_t4 1283
---------------------------------------------------------------------

freesurfer imgreg_4dfp.c
/opt/freesurfer/average/711-2C_as_mni_average_305.4dfp.img
       256       256       256         1
  1.000000  1.000000  1.000000
orientation T byte_order littleendian
Reading image: /opt/freesurfer/average/711-2C_as_mni_average_305.4dfp.img
dimensions:      256       256       256
mmppix:       1.0000   -1.0000   -1.0000
center:     128.0000 -129.0000 -129.0000
/opt/freesurfer/average/711-2B_as_mni_average_305_mask.4dfp.img
       256       256       256         1
  1.000000  1.000000  1.000000
orientation T byte_order littleendian
Reading mask: /opt/freesurfer/average/711-2B_as_mni_average_305_mask.4dfp.img (2306576 pixels)
talsrcimg_g11.4dfp.img
       256       256       256         1
  1.000000  1.000000  1.000000
orientation T byte_order littleendian
Reading image: talsrcimg_g11.4dfp.img
dimensions:      256       256       256
mmppix:       1.0000   -1.0000   -1.0000
center:     128.0000 -129.0000 -129.0000
rotation matrix determinant  1.000000
fimgreg.f
image alignment mode   1283 decimal      503 hex
parameters
    0.0000   15.0000    7.5000    0.0000    0.0000    0.0000
eta,q 0.95478 10.37839
niter,ni,del,rscale     5    3   12.0000    1.2000
parameter  2 -0.609964 -> -0.500000 qaram    1.1500
parameters
   -0.2323   18.4500    9.8990   -2.7779   -1.8655   -1.1008
eta,q 0.96176 10.45813
  0.0575  0.0626  0.0558  0.0418  0.0426  0.0418
  0.0506  0.0558  0.0500  0.0398  0.0393  0.0398
  0.0462  0.0496  0.0450  0.0397  0.0383  0.0385
  0.0454  0.0451  0.0418  0.0412  0.0395  0.0383
  0.0475  0.0426  0.0410  0.0435  0.0424  0.0396
  0.0519  0.0422  0.0417  0.0461  0.0458  0.0425
  0.0593  0.0437  0.0435  0.0498  0.0503  0.0459
niter,ni,del,rscale     5    3   12.0000    1.2000
parameters
    0.0757   19.5121    9.3147   -3.0371   -1.8911   -1.1371
eta,q 0.96337 10.45067
  0.0544  0.0538  0.0457  0.0442  0.0461  0.0426
  0.0456  0.0474  0.0404  0.0405  0.0414  0.0399
  0.0406  0.0423  0.0371  0.0373  0.0381  0.0376
  0.0382  0.0381  0.0369  0.0367  0.0366  0.0366
  0.0386  0.0370  0.0394  0.0386  0.0383  0.0374
  0.0436  0.0412  0.0440  0.0418  0.0420  0.0398
  0.0516  0.0477  0.0487  0.0449  0.0458  0.0429
niter,ni,del,rscale     4    3   12.0000    1.2000
parameters
    0.0174   19.6152    9.1765   -3.1784   -1.8995   -1.1939
eta,q 0.96345 10.45010
  0.0527  0.0504  0.0470  0.0443  0.0461  0.0425
  0.0440  0.0446  0.0416  0.0409  0.0415  0.0397
  0.0387  0.0399  0.0376  0.0375  0.0381  0.0374
  0.0366  0.0366  0.0366  0.0366  0.0365  0.0365
  0.0384  0.0380  0.0384  0.0383  0.0382  0.0373
  0.0447  0.0433  0.0426  0.0416  0.0420  0.0398
  0.0534  0.0507  0.0476  0.0447  0.0458  0.0429
niter,ni,del,rscale     3    3   12.0000    1.2000
parameters
    0.0040   19.6780    9.1278   -3.2593   -1.8899   -1.2347
eta,q 0.96349 10.44931
  0.0531  0.0501  0.0472  0.0443  0.0462  0.0425
  0.0442  0.0443  0.0419  0.0411  0.0415  0.0397
  0.0387  0.0397  0.0378  0.0376  0.0381  0.0374
  0.0365  0.0366  0.0365  0.0365  0.0365  0.0365
  0.0382  0.0380  0.0382  0.0381  0.0381  0.0373
  0.0445  0.0433  0.0423  0.0414  0.0420  0.0397
  0.0532  0.0506  0.0473  0.0446  0.0458  0.0428
niter,ni,del,rscale     2    3   12.0000    1.2000
parameters
   -0.0080   19.7174    9.1046   -3.3142   -1.8762   -1.2668
eta,q 0.96351 10.44895
  0.0531  0.0500  0.0472  0.0443  0.0462  0.0425
  0.0442  0.0442  0.0419  0.0412  0.0416  0.0396
  0.0386  0.0396  0.0378  0.0377  0.0382  0.0374
  0.0365  0.0365  0.0365  0.0365  0.0365  0.0365
  0.0382  0.0381  0.0381  0.0380  0.0381  0.0372
  0.0446  0.0434  0.0422  0.0413  0.0420  0.0396
  0.0533  0.0506  0.0472  0.0445  0.0458  0.0427
registration optimization eta report
parameter search radius
    6.0000    6.9000    6.0000    6.0000    6.0000    6.0000
100000*second partial in parameter space
       46.       28.       29.       21.       25.       17.
  0.0531  0.0500  0.0472  0.0443  0.0462  0.0425
  0.0442  0.0442  0.0419  0.0412  0.0416  0.0396
  0.0386  0.0396  0.0378  0.0377  0.0382  0.0374
  0.0365  0.0365  0.0365  0.0365  0.0365  0.0365
  0.0382  0.0381  0.0381  0.0380  0.0381  0.0372
  0.0446  0.0434  0.0422  0.0413  0.0420  0.0396
  0.0533  0.0506  0.0472  0.0445  0.0458  0.0427
   -0.0080   19.7174    9.1046   -3.3142   -1.8762   -1.2668
eta,q 0.96351 10.44895

---------------------------------------------------------------------
imgreg_4dfp /opt/freesurfer/average/711-2C_as_mni_average_305 /opt/freesurfer/average/711-2B_as_mni_average_305_mask talsrcimg_g11 none talsrcimg_to_711-2C_as_mni_average_305_t4 3335
---------------------------------------------------------------------

freesurfer imgreg_4dfp.c
/opt/freesurfer/average/711-2C_as_mni_average_305.4dfp.img
       256       256       256         1
  1.000000  1.000000  1.000000
orientation T byte_order littleendian
Reading image: /opt/freesurfer/average/711-2C_as_mni_average_305.4dfp.img
dimensions:      256       256       256
mmppix:       1.0000   -1.0000   -1.0000
center:     128.0000 -129.0000 -129.0000
/opt/freesurfer/average/711-2B_as_mni_average_305_mask.4dfp.img
       256       256       256         1
  1.000000  1.000000  1.000000
orientation T byte_order littleendian
Reading mask: /opt/freesurfer/average/711-2B_as_mni_average_305_mask.4dfp.img (2306576 pixels)
talsrcimg_g11.4dfp.img
       256       256       256         1
  1.000000  1.000000  1.000000
orientation T byte_order littleendian
Reading image: talsrcimg_g11.4dfp.img
dimensions:      256       256       256
mmppix:       1.0000   -1.0000   -1.0000
center:     128.0000 -129.0000 -129.0000
fimgreg.f
image alignment mode   3335 decimal      D07 hex
parameters
   -0.0080   19.7174    9.1046   -0.0780   -0.1875   -0.2208
    2.0178    3.3955   -2.2096    5.7074   -3.2740   -5.7780
eta,q 0.96361 10.45538
niter,ni,del,rscale     5    3    5.0000    1.2000
parameter  5  1.510056 ->  0.500000 qaram    1.1500
parameter 12  0.794780 ->  0.500000 qaram    1.1500
parameters
   -0.1885   19.2828    9.1448   -2.0143   -4.3275    3.1072
    4.8658    3.9764   -1.3894    5.1898   -0.8532   -9.9180
eta,q 0.96872 10.34615
  0.0390  0.0376  0.0374  0.0372  0.0327  0.0372  0.0366  0.0387  0.0341  0.0347  0.0342  0.0314
  0.0374  0.0367  0.0367  0.0367  0.0334  0.0359  0.0349  0.0358  0.0331  0.0332  0.0332  0.0313
  0.0365  0.0363  0.0364  0.0363  0.0345  0.0346  0.0334  0.0334  0.0324  0.0323  0.0324  0.0314
  0.0364  0.0364  0.0363  0.0363  0.0363  0.0336  0.0325  0.0321  0.0320  0.0320  0.0320  0.0318
  0.0370  0.0368  0.0364  0.0368  0.0385  0.0327  0.0321  0.0325  0.0320  0.0325  0.0319  0.0325
  0.0381  0.0377  0.0367  0.0380  0.0406  0.0326  0.0323  0.0343  0.0325  0.0338  0.0320  0.0332
  0.0399  0.0388  0.0373  0.0401  0.0435  0.0340  0.0331  0.0371  0.0334  0.0358  0.0324  0.0341
niter,ni,del,rscale     6    3    5.0000    1.2000
parameter  5  0.703515 ->  0.500000 qaram    1.3225
parameters
   -0.0236   19.3759    9.4656   -1.6753   -9.0885    3.2863
    4.4406    3.7396   -1.6540    5.5470   -0.1286  -10.7831
eta,q 0.97024 10.16915
  0.0352  0.0339  0.0335  0.0338  0.0302  0.0337  0.0321  0.0352  0.0316  0.0328  0.0315  0.0310
  0.0333  0.0325  0.0324  0.0327  0.0298  0.0323  0.0308  0.0323  0.0305  0.0312  0.0306  0.0304
  0.0319  0.0316  0.0316  0.0319  0.0302  0.0310  0.0300  0.0303  0.0299  0.0301  0.0300  0.0299
  0.0313  0.0312  0.0312  0.0312  0.0312  0.0299  0.0298  0.0298  0.0298  0.0298  0.0298  0.0298
  0.0315  0.0315  0.0314  0.0312  0.0330  0.0297  0.0303  0.0307  0.0300  0.0300  0.0299  0.0301
  0.0325  0.0322  0.0318  0.0320  0.0356  0.0309  0.0312  0.0329  0.0307  0.0309  0.0303  0.0308
  0.0344  0.0335  0.0325  0.0337  0.0382  0.0344  0.0326  0.0358  0.0318  0.0322  0.0309  0.0317
niter,ni,del,rscale     6    3    5.0000    1.2000
parameters
   -0.0347   19.8980    9.7099   -0.8865  -11.5032    3.3465
    4.3592    3.6271   -2.0075    6.3042    0.1273  -11.1182
eta,q 0.97055 10.09603
  0.0333  0.0333  0.0319  0.0323  0.0311  0.0331  0.0319  0.0349  0.0311  0.0324  0.0309  0.0308
  0.0314  0.0316  0.0307  0.0313  0.0302  0.0317  0.0305  0.0321  0.0301  0.0308  0.0301  0.0302
  0.0302  0.0304  0.0300  0.0304  0.0296  0.0306  0.0297  0.0301  0.0296  0.0298  0.0296  0.0297
  0.0298  0.0298  0.0297  0.0297  0.0295  0.0295  0.0295  0.0295  0.0295  0.0294  0.0294  0.0294
  0.0302  0.0297  0.0298  0.0295  0.0304  0.0293  0.0298  0.0303  0.0297  0.0296  0.0296  0.0296
  0.0314  0.0302  0.0303  0.0302  0.0322  0.0306  0.0307  0.0323  0.0304  0.0302  0.0301  0.0303
  0.0334  0.0311  0.0310  0.0318  0.0350  0.0341  0.0320  0.0352  0.0314  0.0313  0.0307  0.0311
niter,ni,del,rscale     5    3    5.0000    1.2000
parameters
   -0.0313   20.3105    9.7520   -0.7465  -12.4530    3.2014
    4.2863    3.6536   -2.2423    7.2373    0.1427  -11.3442
eta,q 0.97055 10.05599
  0.0330  0.0325  0.0313  0.0317  0.0316  0.0328  0.0318  0.0349  0.0311  0.0322  0.0308  0.0308
  0.0311  0.0310  0.0302  0.0308  0.0304  0.0315  0.0305  0.0321  0.0302  0.0308  0.0300  0.0301
  0.0299  0.0299  0.0295  0.0300  0.0297  0.0305  0.0297  0.0302  0.0296  0.0299  0.0296  0.0297
  0.0295  0.0295  0.0294  0.0294  0.0294  0.0294  0.0295  0.0295  0.0295  0.0295  0.0294  0.0294
  0.0299  0.0295  0.0297  0.0294  0.0297  0.0293  0.0298  0.0302  0.0297  0.0295  0.0297  0.0296
  0.0311  0.0300  0.0302  0.0302  0.0309  0.0307  0.0306  0.0320  0.0304  0.0301  0.0301  0.0302
  0.0330  0.0309  0.0310  0.0320  0.0330  0.0342  0.0319  0.0348  0.0313  0.0310  0.0307  0.0310
niter,ni,del,rscale     4    3    5.0000    1.2000
parameters
    0.0004   20.6599    9.5794   -0.8068  -13.1950    2.8144
    4.1288    3.7878   -2.3896    8.2747    0.0973  -11.4519
eta,q 0.97050 10.00821
  0.0330  0.0323  0.0309  0.0316  0.0315  0.0325  0.0317  0.0348  0.0312  0.0322  0.0307  0.0308
  0.0311  0.0308  0.0299  0.0307  0.0304  0.0313  0.0305  0.0322  0.0303  0.0308  0.0300  0.0302
  0.0299  0.0299  0.0294  0.0300  0.0297  0.0304  0.0298  0.0302  0.0297  0.0299  0.0296  0.0297
  0.0295  0.0294  0.0294  0.0294  0.0294  0.0294  0.0295  0.0295  0.0295  0.0295  0.0295  0.0295
  0.0298  0.0295  0.0298  0.0295  0.0297  0.0294  0.0299  0.0301  0.0298  0.0296  0.0297  0.0296
  0.0310  0.0300  0.0304  0.0303  0.0307  0.0309  0.0307  0.0319  0.0304  0.0301  0.0301  0.0302
  0.0328  0.0310  0.0312  0.0321  0.0325  0.0344  0.0319  0.0345  0.0313  0.0310  0.0307  0.0310
niter,ni,del,rscale     3    3    5.0000    1.2000
parameters
    0.0624   21.0674    9.2434   -0.9688  -14.1924    2.1714
    3.8326    4.0015   -2.5868    9.6002    0.1685  -11.3932
eta,q 0.97051  9.93064
  0.0330  0.0324  0.0306  0.0314  0.0312  0.0321  0.0316  0.0347  0.0313  0.0324  0.0307  0.0308
  0.0312  0.0310  0.0298  0.0306  0.0302  0.0310  0.0304  0.0321  0.0303  0.0310  0.0300  0.0302
  0.0300  0.0300  0.0294  0.0299  0.0296  0.0302  0.0298  0.0302  0.0298  0.0301  0.0296  0.0297
  0.0295  0.0295  0.0294  0.0294  0.0294  0.0294  0.0296  0.0296  0.0296  0.0296  0.0295  0.0295
  0.0298  0.0295  0.0298  0.0294  0.0297  0.0295  0.0299  0.0301  0.0298  0.0295  0.0297  0.0296
  0.0309  0.0300  0.0305  0.0303  0.0307  0.0310  0.0307  0.0317  0.0305  0.0300  0.0301  0.0301
  0.0327  0.0309  0.0314  0.0320  0.0324  0.0345  0.0319  0.0341  0.0315  0.0309  0.0306  0.0308
niter,ni,del,rscale     2    3    5.0000    1.2000
parameters
    0.1670   21.5961    8.7561   -1.3209  -15.4983    1.2576
    3.3565    4.2703   -2.9047   11.1126    0.4321  -11.2844
eta,q 0.97060  9.81318
  0.0329  0.0327  0.0303  0.0310  0.0310  0.0315  0.0313  0.0342  0.0313  0.0326  0.0305  0.0307
  0.0312  0.0311  0.0296  0.0303  0.0300  0.0306  0.0302  0.0317  0.0303  0.0311  0.0299  0.0301
  0.0300  0.0301  0.0293  0.0297  0.0294  0.0300  0.0297  0.0301  0.0297  0.0301  0.0295  0.0296
  0.0295  0.0295  0.0294  0.0293  0.0293  0.0293  0.0295  0.0295  0.0295  0.0295  0.0294  0.0294
  0.0297  0.0294  0.0298  0.0294  0.0297  0.0295  0.0299  0.0300  0.0299  0.0294  0.0295  0.0295
  0.0307  0.0299  0.0305  0.0302  0.0308  0.0309  0.0306  0.0313  0.0306  0.0299  0.0298  0.0300
  0.0324  0.0307  0.0314  0.0318  0.0324  0.0344  0.0317  0.0335  0.0316  0.0308  0.0303  0.0307
niter,ni,del,rscale     1    3    5.0000    1.2000
parameters
    0.3262   22.1622    8.1873   -1.8391  -16.5704    0.2095
    2.7834    4.5414   -3.1458   12.3603    0.5055  -11.2905
eta,q 0.97068  9.69207
  0.0327  0.0328  0.0300  0.0306  0.0311  0.0309  0.0310  0.0337  0.0314  0.0325  0.0302  0.0306
  0.0310  0.0312  0.0294  0.0299  0.0299  0.0302  0.0300  0.0313  0.0302  0.0310  0.0297  0.0299
  0.0299  0.0300  0.0292  0.0295  0.0293  0.0297  0.0295  0.0299  0.0296  0.0300  0.0294  0.0295
  0.0294  0.0294  0.0293  0.0292  0.0292  0.0292  0.0294  0.0294  0.0294  0.0294  0.0293  0.0293
  0.0296  0.0293  0.0297  0.0293  0.0297  0.0292  0.0298  0.0298  0.0297  0.0294  0.0294  0.0294
  0.0304  0.0297  0.0303  0.0300  0.0307  0.0305  0.0305  0.0310  0.0305  0.0299  0.0297  0.0299
  0.0320  0.0306  0.0312  0.0315  0.0322  0.0338  0.0315  0.0330  0.0316  0.0309  0.0301  0.0306
registration optimization eta report
parameter search radius
    2.4000    2.4000    2.4000    7.2000    9.5220    7.2000
    7.2000    7.2000    7.2000    7.2000    7.2000    8.2800
100000*second partial in parameter space
       50.       40.       23.        4.        3.        6.
        4.        8.        4.        4.        2.        2.
  0.0327  0.0328  0.0300  0.0306  0.0311  0.0309  0.0310  0.0337  0.0314  0.0325  0.0302  0.0306
  0.0310  0.0312  0.0294  0.0299  0.0299  0.0302  0.0300  0.0313  0.0302  0.0310  0.0297  0.0299
  0.0299  0.0300  0.0292  0.0295  0.0293  0.0297  0.0295  0.0299  0.0296  0.0300  0.0294  0.0295
  0.0294  0.0294  0.0293  0.0292  0.0292  0.0292  0.0294  0.0294  0.0294  0.0294  0.0293  0.0293
  0.0296  0.0293  0.0297  0.0293  0.0297  0.0292  0.0298  0.0298  0.0297  0.0294  0.0294  0.0294
  0.0304  0.0297  0.0303  0.0300  0.0307  0.0305  0.0305  0.0310  0.0305  0.0299  0.0297  0.0299
  0.0320  0.0306  0.0312  0.0315  0.0322  0.0338  0.0315  0.0330  0.0316  0.0309  0.0301  0.0306
    0.3262   22.1622    8.1873   -1.8391  -16.5704    0.2095
    2.7834    4.5414   -3.1458   12.3603    0.5055  -11.2905
eta,q 0.97068  9.69207

---------------------------------------------------------------------
imgreg_4dfp /opt/freesurfer/average/711-2C_as_mni_average_305 /opt/freesurfer/average/711-2B_as_mni_average_305_mask talsrcimg_g11 none talsrcimg_to_711-2C_as_mni_average_305_t4 2311
---------------------------------------------------------------------

freesurfer imgreg_4dfp.c
/opt/freesurfer/average/711-2C_as_mni_average_305.4dfp.img
       256       256       256         1
  1.000000  1.000000  1.000000
orientation T byte_order littleendian
Reading image: /opt/freesurfer/average/711-2C_as_mni_average_305.4dfp.img
dimensions:      256       256       256
mmppix:       1.0000   -1.0000   -1.0000
center:     128.0000 -129.0000 -129.0000
/opt/freesurfer/average/711-2B_as_mni_average_305_mask.4dfp.img
       256       256       256         1
  1.000000  1.000000  1.000000
orientation T byte_order littleendian
Reading mask: /opt/freesurfer/average/711-2B_as_mni_average_305_mask.4dfp.img (2306576 pixels)
talsrcimg_g11.4dfp.img
       256       256       256         1
  1.000000  1.000000  1.000000
orientation T byte_order littleendian
Reading image: talsrcimg_g11.4dfp.img
dimensions:      256       256       256
mmppix:       1.0000   -1.0000   -1.0000
center:     128.0000 -129.0000 -129.0000
fimgreg.f
image alignment mode   2311 decimal      907 hex
parameters
    0.3262   22.1622    8.1873   -1.8391  -16.5704    0.2095
    2.7834    4.5414   -3.1458   12.3603    0.5055  -11.2905
eta,q 0.97068  9.69207
niter,ni,del,rscale     5    3    5.0000    0.8000
parameters
    0.5103   22.5705    7.6985   -1.5641  -17.1435    0.3618
    2.4487    4.8138   -3.1776   13.0594    0.6653  -11.6521
eta,q 0.97091  9.68061
  0.0308  0.0310  0.0294  0.0298  0.0297  0.0300  0.0299  0.0313  0.0301  0.0306  0.0295  0.0294
  0.0301  0.0302  0.0292  0.0296  0.0294  0.0297  0.0294  0.0301  0.0295  0.0298  0.0293  0.0292
  0.0296  0.0296  0.0292  0.0294  0.0292  0.0295  0.0292  0.0294  0.0292  0.0293  0.0291  0.0291
  0.0293  0.0293  0.0292  0.0292  0.0292  0.0291  0.0291  0.0291  0.0291  0.0291  0.0291  0.0291
  0.0294  0.0292  0.0294  0.0292  0.0293  0.0289  0.0293  0.0293  0.0292  0.0291  0.0291  0.0292
  0.0297  0.0294  0.0297  0.0294  0.0296  0.0293  0.0296  0.0299  0.0296  0.0294  0.0292  0.0293
  0.0303  0.0298  0.0301  0.0298  0.0300  0.0302  0.0301  0.0309  0.0301  0.0299  0.0295  0.0296
niter,ni,del,rscale     4    3    5.0000    0.7000
parameters
    0.5806   22.7391    7.6563   -1.5857  -17.3354    0.6097
    2.2791    4.8974   -3.2305   13.3295    0.7013  -11.9281
eta,q 0.97097  9.67965
  0.0302  0.0301  0.0295  0.0296  0.0296  0.0298  0.0296  0.0307  0.0298  0.0300  0.0293  0.0293
  0.0296  0.0296  0.0292  0.0294  0.0293  0.0296  0.0293  0.0298  0.0293  0.0295  0.0292  0.0291
  0.0292  0.0292  0.0291  0.0292  0.0291  0.0294  0.0291  0.0292  0.0291  0.0292  0.0291  0.0290
  0.0291  0.0291  0.0291  0.0291  0.0291  0.0291  0.0290  0.0290  0.0290  0.0290  0.0290  0.0290
  0.0292  0.0291  0.0291  0.0291  0.0292  0.0289  0.0291  0.0292  0.0291  0.0291  0.0291  0.0291
  0.0295  0.0293  0.0293  0.0293  0.0294  0.0292  0.0294  0.0297  0.0294  0.0294  0.0292  0.0292
  0.0300  0.0297  0.0295  0.0297  0.0297  0.0299  0.0297  0.0306  0.0298  0.0298  0.0293  0.0294
niter,ni,del,rscale     3    3    5.0000    0.6000
parameters
    0.6173   22.7834    7.6754   -1.5439  -17.3987    0.9019
    2.2287    4.9383   -3.2489   13.3775    0.6803  -12.1008
eta,q 0.97103  9.68877
  0.0298  0.0297  0.0294  0.0295  0.0294  0.0297  0.0295  0.0303  0.0295  0.0296  0.0292  0.0292
  0.0294  0.0293  0.0292  0.0293  0.0292  0.0295  0.0292  0.0295  0.0292  0.0293  0.0291  0.0291
  0.0291  0.0291  0.0291  0.0291  0.0291  0.0293  0.0290  0.0291  0.0290  0.0290  0.0290  0.0290
  0.0290  0.0290  0.0290  0.0290  0.0290  0.0290  0.0290  0.0290  0.0290  0.0290  0.0290  0.0290
  0.0291  0.0291  0.0291  0.0291  0.0291  0.0289  0.0290  0.0291  0.0290  0.0291  0.0290  0.0290
  0.0293  0.0293  0.0292  0.0292  0.0292  0.0291  0.0292  0.0295  0.0292  0.0293  0.0291  0.0291
  0.0297  0.0296  0.0293  0.0295  0.0294  0.0297  0.0295  0.0302  0.0295  0.0296  0.0292  0.0292
niter,ni,del,rscale     2    3    5.0000    0.5000
parameters
    0.6292   22.7792    7.7574   -1.4847  -17.4289    1.2674
    2.2121    4.9505   -3.2452   13.3172    0.7248  -12.2029
eta,q 0.97108  9.70214
  0.0295  0.0294  0.0293  0.0293  0.0293  0.0296  0.0293  0.0299  0.0293  0.0294  0.0291  0.0291
  0.0292  0.0292  0.0291  0.0292  0.0291  0.0294  0.0291  0.0293  0.0291  0.0291  0.0290  0.0290
  0.0290  0.0290  0.0290  0.0290  0.0290  0.0292  0.0290  0.0290  0.0290  0.0290  0.0289  0.0289
  0.0290  0.0290  0.0290  0.0290  0.0290  0.0290  0.0289  0.0289  0.0289  0.0289  0.0289  0.0289
  0.0290  0.0290  0.0290  0.0290  0.0290  0.0289  0.0290  0.0290  0.0290  0.0290  0.0289  0.0289
  0.0292  0.0292  0.0291  0.0291  0.0291  0.0291  0.0291  0.0293  0.0291  0.0291  0.0290  0.0290
  0.0295  0.0294  0.0292  0.0293  0.0293  0.0295  0.0293  0.0298  0.0293  0.0294  0.0291  0.0291
niter,ni,del,rscale     1    3    5.0000    0.4000
parameters
    0.6299   22.7472    7.8808   -1.4378  -17.4580    1.6205
    2.2093    4.9202   -3.2658   13.2183    0.6933  -12.2007
eta,q 0.97113  9.71393
  0.0293  0.0292  0.0291  0.0292  0.0291  0.0294  0.0291  0.0295  0.0291  0.0291  0.0290  0.0290
  0.0291  0.0290  0.0290  0.0290  0.0290  0.0292  0.0290  0.0291  0.0290  0.0290  0.0289  0.0289
  0.0290  0.0289  0.0290  0.0290  0.0289  0.0291  0.0289  0.0289  0.0289  0.0289  0.0289  0.0289
  0.0289  0.0289  0.0289  0.0289  0.0289  0.0289  0.0289  0.0289  0.0289  0.0289  0.0289  0.0289
  0.0290  0.0290  0.0289  0.0289  0.0289  0.0289  0.0289  0.0290  0.0289  0.0289  0.0289  0.0289
  0.0291  0.0291  0.0290  0.0290  0.0290  0.0290  0.0290  0.0292  0.0290  0.0290  0.0289  0.0289
  0.0293  0.0292  0.0290  0.0292  0.0291  0.0293  0.0291  0.0295  0.0291  0.0292  0.0290  0.0290
registration optimization eta report
parameter search radius
    0.8000    0.8000    0.8000    2.4000    2.4000    2.4000
    2.4000    2.4000    2.4000    2.4000    2.4000    2.4000
100000*second partial in parameter space
       54.       42.       27.        4.        3.        7.
        4.       11.        4.        5.        2.        2.
  0.0293  0.0292  0.0291  0.0292  0.0291  0.0294  0.0291  0.0295  0.0291  0.0291  0.0290  0.0290
  0.0291  0.0290  0.0290  0.0290  0.0290  0.0292  0.0290  0.0291  0.0290  0.0290  0.0289  0.0289
  0.0290  0.0289  0.0290  0.0290  0.0289  0.0291  0.0289  0.0289  0.0289  0.0289  0.0289  0.0289
  0.0289  0.0289  0.0289  0.0289  0.0289  0.0289  0.0289  0.0289  0.0289  0.0289  0.0289  0.0289
  0.0290  0.0290  0.0289  0.0289  0.0289  0.0289  0.0289  0.0290  0.0289  0.0289  0.0289  0.0289
  0.0291  0.0291  0.0290  0.0290  0.0290  0.0290  0.0290  0.0292  0.0290  0.0290  0.0289  0.0289
  0.0293  0.0292  0.0290  0.0292  0.0291  0.0293  0.0291  0.0295  0.0291  0.0292  0.0290  0.0290
    0.6299   22.7472    7.8808   -1.4378  -17.4580    1.6205
    2.2093    4.9202   -3.2658   13.2183    0.6933  -12.2007
eta,q 0.97113  9.71393

---------------------------------------------------------------------
imgreg_4dfp /opt/freesurfer/average/711-2C_as_mni_average_305 /opt/freesurfer/average/711-2B_as_mni_average_305_mask talsrcimg_g11 none talsrcimg_to_711-2C_as_mni_average_305_t4 2311
---------------------------------------------------------------------

freesurfer imgreg_4dfp.c
/opt/freesurfer/average/711-2C_as_mni_average_305.4dfp.img
       256       256       256         1
  1.000000  1.000000  1.000000
orientation T byte_order littleendian
Reading image: /opt/freesurfer/average/711-2C_as_mni_average_305.4dfp.img
dimensions:      256       256       256
mmppix:       1.0000   -1.0000   -1.0000
center:     128.0000 -129.0000 -129.0000
/opt/freesurfer/average/711-2B_as_mni_average_305_mask.4dfp.img
       256       256       256         1
  1.000000  1.000000  1.000000
orientation T byte_order littleendian
Reading mask: /opt/freesurfer/average/711-2B_as_mni_average_305_mask.4dfp.img (2306576 pixels)
talsrcimg_g11.4dfp.img
       256       256       256         1
  1.000000  1.000000  1.000000
orientation T byte_order littleendian
Reading image: talsrcimg_g11.4dfp.img
dimensions:      256       256       256
mmppix:       1.0000   -1.0000   -1.0000
center:     128.0000 -129.0000 -129.0000
fimgreg.f
image alignment mode   2311 decimal      907 hex
parameters
    0.6299   22.7472    7.8808   -1.4378  -17.4580    1.6205
    2.2093    4.9202   -3.2658   13.2183    0.6933  -12.2007
eta,q 0.97113  9.71393
niter,ni,del,rscale     5    3    5.0000    0.8000
parameters
    0.6006   22.7358    8.0853   -1.9475  -17.4391    1.1351
    2.1329    4.8797   -3.3209   13.3134    0.5530  -11.7577
eta,q 0.97103  9.67577
  0.0302  0.0299  0.0298  0.0295  0.0296  0.0298  0.0298  0.0310  0.0299  0.0301  0.0293  0.0294
  0.0295  0.0293  0.0293  0.0292  0.0292  0.0296  0.0293  0.0298  0.0294  0.0295  0.0291  0.0292
  0.0290  0.0290  0.0290  0.0290  0.0290  0.0292  0.0290  0.0292  0.0291  0.0291  0.0290  0.0290
  0.0289  0.0289  0.0289  0.0289  0.0289  0.0289  0.0290  0.0290  0.0290  0.0290  0.0290  0.0290
  0.0290  0.0290  0.0289  0.0290  0.0290  0.0290  0.0291  0.0292  0.0291  0.0291  0.0290  0.0290
  0.0295  0.0294  0.0291  0.0293  0.0292  0.0296  0.0294  0.0299  0.0294  0.0295  0.0292  0.0291
  0.0303  0.0299  0.0294  0.0300  0.0296  0.0308  0.0299  0.0310  0.0300  0.0300  0.0294  0.0293
niter,ni,del,rscale     4    3    5.0000    0.7000
parameters
    0.6320   22.7395    7.8991   -1.8541  -17.4728    1.0083
    2.1455    4.9593   -3.2721   13.2931    0.5467  -11.8365
eta,q 0.97103  9.67332
  0.0300  0.0298  0.0293  0.0295  0.0295  0.0297  0.0296  0.0306  0.0297  0.0298  0.0293  0.0293
  0.0294  0.0293  0.0291  0.0293  0.0292  0.0295  0.0293  0.0297  0.0293  0.0293  0.0291  0.0291
  0.0291  0.0290  0.0290  0.0291  0.0290  0.0292  0.0290  0.0291  0.0291  0.0291  0.0290  0.0290
  0.0290  0.0290  0.0290  0.0289  0.0289  0.0289  0.0290  0.0290  0.0290  0.0290  0.0290  0.0290
  0.0290  0.0291  0.0291  0.0290  0.0290  0.0289  0.0290  0.0291  0.0290  0.0291  0.0290  0.0290
  0.0294  0.0293  0.0293  0.0292  0.0292  0.0294  0.0293  0.0297  0.0293  0.0294  0.0291  0.0291
  0.0299  0.0298  0.0295  0.0296  0.0295  0.0301  0.0296  0.0305  0.0297  0.0298  0.0293  0.0293
niter,ni,del,rscale     3    3    5.0000    0.6000
parameters
    0.6433   22.7535    7.8349   -1.6637  -17.4715    1.1342
    2.1576    4.9853   -3.2439   13.2848    0.5717  -11.9791
eta,q 0.97106  9.68652
  0.0297  0.0296  0.0293  0.0294  0.0294  0.0296  0.0294  0.0302  0.0295  0.0296  0.0292  0.0291
  0.0293  0.0292  0.0291  0.0292  0.0292  0.0294  0.0292  0.0295  0.0292  0.0292  0.0290  0.0290
  0.0291  0.0290  0.0290  0.0291  0.0290  0.0292  0.0290  0.0291  0.0290  0.0290  0.0290  0.0290
  0.0290  0.0290  0.0290  0.0290  0.0290  0.0290  0.0289  0.0289  0.0289  0.0289  0.0289  0.0289
  0.0290  0.0290  0.0290  0.0290  0.0290  0.0289  0.0290  0.0291  0.0290  0.0290  0.0290  0.0290
  0.0293  0.0292  0.0291  0.0291  0.0292  0.0292  0.0292  0.0295  0.0292  0.0292  0.0290  0.0291
  0.0297  0.0296  0.0293  0.0294  0.0294  0.0297  0.0294  0.0301  0.0295  0.0296  0.0292  0.0292
niter,ni,del,rscale     2    3    5.0000    0.5000
parameters
    0.6416   22.7453    7.8608   -1.5359  -17.4682    1.3960
    2.1801    4.9781   -3.2393   13.2472    0.6059  -12.0909
eta,q 0.97110  9.70150
  0.0295  0.0294  0.0292  0.0293  0.0292  0.0295  0.0293  0.0298  0.0293  0.0293  0.0291  0.0290
  0.0292  0.0291  0.0291  0.0291  0.0291  0.0293  0.0291  0.0293  0.0291  0.0291  0.0290  0.0290
  0.0290  0.0290  0.0290  0.0290  0.0290  0.0291  0.0289  0.0290  0.0289  0.0289  0.0289  0.0289
  0.0289  0.0289  0.0289  0.0289  0.0289  0.0289  0.0289  0.0289  0.0289  0.0289  0.0289  0.0289
  0.0290  0.0290  0.0290  0.0290  0.0290  0.0289  0.0289  0.0290  0.0289  0.0290  0.0289  0.0289
  0.0292  0.0291  0.0290  0.0291  0.0291  0.0291  0.0291  0.0293  0.0291  0.0291  0.0290  0.0290
  0.0295  0.0294  0.0292  0.0293  0.0292  0.0295  0.0292  0.0298  0.0293  0.0294  0.0291  0.0291
niter,ni,del,rscale     1    3    5.0000    0.4000
parameters
    0.6374   22.7215    7.9530   -1.4786  -17.4737    1.7164
    2.1812    4.9461   -3.2442   13.1517    0.5869  -12.1177
eta,q 0.97114  9.71399
  0.0292  0.0292  0.0291  0.0291  0.0291  0.0294  0.0291  0.0295  0.0291  0.0291  0.0290  0.0290
  0.0291  0.0290  0.0290  0.0290  0.0290  0.0292  0.0290  0.0291  0.0290  0.0290  0.0289  0.0289
  0.0289  0.0289  0.0289  0.0289  0.0289  0.0290  0.0289  0.0289  0.0289  0.0289  0.0289  0.0289
  0.0289  0.0289  0.0289  0.0289  0.0289  0.0289  0.0289  0.0289  0.0289  0.0289  0.0289  0.0289
  0.0289  0.0289  0.0289  0.0289  0.0289  0.0289  0.0289  0.0290  0.0289  0.0289  0.0289  0.0289
  0.0291  0.0290  0.0290  0.0290  0.0290  0.0290  0.0290  0.0292  0.0290  0.0290  0.0289  0.0289
  0.0292  0.0292  0.0290  0.0291  0.0291  0.0293  0.0291  0.0295  0.0291  0.0292  0.0290  0.0290
registration optimization eta report
parameter search radius
    0.8000    0.8000    0.8000    2.4000    2.4000    2.4000
    2.4000    2.4000    2.4000    2.4000    2.4000    2.4000
100000*second partial in parameter space
       53.       42.       27.        4.        3.        7.
        4.       11.        4.        5.        2.        2.
  0.0292  0.0292  0.0291  0.0291  0.0291  0.0294  0.0291  0.0295  0.0291  0.0291  0.0290  0.0290
  0.0291  0.0290  0.0290  0.0290  0.0290  0.0292  0.0290  0.0291  0.0290  0.0290  0.0289  0.0289
  0.0289  0.0289  0.0289  0.0289  0.0289  0.0290  0.0289  0.0289  0.0289  0.0289  0.0289  0.0289
  0.0289  0.0289  0.0289  0.0289  0.0289  0.0289  0.0289  0.0289  0.0289  0.0289  0.0289  0.0289
  0.0289  0.0289  0.0289  0.0289  0.0289  0.0289  0.0289  0.0290  0.0289  0.0289  0.0289  0.0289
  0.0291  0.0290  0.0290  0.0290  0.0290  0.0290  0.0290  0.0292  0.0290  0.0290  0.0289  0.0289
  0.0292  0.0292  0.0290  0.0291  0.0291  0.0293  0.0291  0.0295  0.0291  0.0292  0.0290  0.0290
    0.6374   22.7215    7.9530   -1.4786  -17.4737    1.7164
    2.1812    4.9461   -3.2442   13.1517    0.5869  -12.1177
eta,q 0.97114  9.71399

---------------------------------------------------------------------
compute_vox2vox talsrcimg talsrcimg_to_711-2C_as_mni_average_305_t4 /opt/freesurfer/average/711-2C_as_mni_average_305
---------------------------------------------------------------------

freesurfer compute_vox2vox.c
Reading: talsrcimg.4dfp.ifh
Reading: talsrcimg_to_711-2C_as_mni_average_305_t4
Reading: /opt/freesurfer/average/711-2C_as_mni_average_305.4dfp.ifh
Writing: talsrcimg_to_711-2C_as_mni_average_305_t4_vox2vox.txt

start time Wed Mar 11 02:50:45 CET 2026
end		time Wed Mar 11 02:52:16 CET 2026

mpr2mni305 success

avi2talxfm orig_nu.mgz /opt/freesurfer/average/mni305.cor.mgz talsrcimg_to_711-2C_as_mni_average_305_t4_vox2vox.txt transforms/talairach.auto.xfm
avi2talxfm done
mv -f /out/sourcedata/freesurfer/sub-v2s12x28902_ses-1/mri/talsrcimg_to_711-2C_as_mni_average_305_t4_vox2vox.txt /out/sourcedata/freesurfer/sub-v2s12x28902_ses-1/mri/transforms/talsrcimg_to_711-2C_as_mni_average_305_t4_vox2vox.txt
lta_convert --src orig_nu.mgz --trg /opt/freesurfer/average/mni305.cor.mgz --inxfm transforms/talairach.auto.xfm --outlta transforms/talairach.auto.xfm.lta --subject fsaverage
7.3.2

--src: orig_nu.mgz src image (geometry).
--trg: /opt/freesurfer/average/mni305.cor.mgz trg image (geometry).
--inmni: transforms/talairach.auto.xfm input MNI/XFM transform.
--outlta: transforms/talairach.auto.xfm.lta output LTA.
--s: fsaverage subject name
 LTA read, type : 1
 1.01418  -0.04500  -0.03341  -4.21396;
-0.00108   0.96486   0.14170  -27.85246;
 0.04004  -0.15553   1.18784  -31.92877;
 0.00000   0.00000   0.00000   1.00000;
setting subject to fsaverage
Writing  LTA to file transforms/talairach.auto.xfm.lta...
lta_convert successful.
 
 
Started at Wed Mar 11 02:50:44 CET 2026
Ended   at Wed Mar 11 02:52:16 CET 2026
talairach_avi done
