/out/sourcedata/freesurfer/sub-v2s12x28888_ses-1/mri
/opt/freesurfer/bin/talairach_avi
--i orig_nu.mgz --xfm transforms/talairach.auto.xfm
talairach_avi 7.3.2
Linux dna052 5.14.0-427.37.1.el9_4.x86_64 #1 SMP PREEMPT_DYNAMIC Fri Sep 13 12:41:50 EDT 2024 x86_64 x86_64 x86_64 GNU/Linux
Wed Mar 11 02:00:04 CET 2026
mri_convert orig_nu.mgz talsrcimg.img 
reading from orig_nu.mgz...
TR=0.00, TE=0.00, TI=0.00, flip angle=0.00
i_ras = (-1, 0, 0)
j_ras = (0, 0, -1)
k_ras = (0, 1, 0)
writing to talsrcimg.img...
Analyze Output Matrix
-1.00000   0.00000   0.00000   129.73410;
 0.00000   0.00000   1.00000  -128.50000;
 0.00000  -1.00000   0.00000   127.62500;
 0.00000   0.00000   0.00000   1.00000;
--------------------
INFO: set hdr.hist.orient to -1
mpr2mni305 talsrcimg
Wed Mar 11 02:00:05 CET 2026
/opt/freesurfer/bin/mpr2mni305 talsrcimg
mpr2mni305 7.3.2
target=711-2C_as_mni_average_305

---------------------------------------------------------------------
analyzeto4dfp talsrcimg -O0 -y
---------------------------------------------------------------------

freesurfer ifh2hdr.c
Wed Mar 11 02:00:05 2026
Writing: talsrcimg.4dfp.hdr
freesurfer analyzeto4dfp.c
Reading: talsrcimg.hdr
header size 348 bytes
hdr.dime.datatype	offset=70	value=2
hdr.dime.bitpix		offset=72	value=8
hdr.hist.orient		offset=252	value=-1
dimensionality     4
dimensions       256       256       256         1
Reading: talsrcimg.img
Writing: talsrcimg.4dfp.img
Writing: talsrcimg.4dfp.ifh
ifh2hdr talsrcimg -r0to225
ori=2

---------------------------------------------------------------------
gauss_4dfp talsrcimg 1.1
---------------------------------------------------------------------

freesurfer gauss_4dfp.c
Reading: talsrcimg.4dfp.img
Writing: talsrcimg_g11.4dfp.img
image dimensions 256 256 256 padded to 288 288 288
processing volume 1freesurfer ifh2hdr.c
Wed Mar 11 02:00:07 2026
Writing: talsrcimg_g11.4dfp.hdr

Writing: talsrcimg_g11.4dfp.ifh
including: talsrcimg.4dfp.img.rec in talsrcimg_g11.4dfp.img.rec

---------------------------------------------------------------------
imgreg_4dfp /opt/freesurfer/average/711-2C_as_mni_average_305 none talsrcimg_g11 none talsrcimg_to_711-2C_as_mni_average_305_t4 4355
---------------------------------------------------------------------

freesurfer imgreg_4dfp.c
/opt/freesurfer/average/711-2C_as_mni_average_305.4dfp.img
       256       256       256         1
  1.000000  1.000000  1.000000
orientation T byte_order littleendian
Reading image: /opt/freesurfer/average/711-2C_as_mni_average_305.4dfp.img
dimensions:      256       256       256
mmppix:       1.0000   -1.0000   -1.0000
center:     128.0000 -129.0000 -129.0000
talsrcimg_g11.4dfp.img
       256       256       256         1
  1.000000  1.000000  1.000000
orientation T byte_order littleendian
Reading image: talsrcimg_g11.4dfp.img
dimensions:      256       256       256
mmppix:       1.0000   -1.0000   -1.0000
center:     128.0000 -129.0000 -129.0000
t4_read: open error in t4_sub.f l:  41 t4_file(1:l)talsrcimg_to_711-2C_as_mni_average_305_t4 
t4_read: transform initialized to I4
rotation matrix determinant  1.000000
image alignment mode   4355 decimal     1103 hex
   -7.5000  -45.0000  -45.0000 6822.0527   18.3958
    0.0000  -45.0000  -45.0000 7157.9429   18.3798
    7.5000  -45.0000  -45.0000 6839.3535   18.3738
   -7.5000  -37.5000  -45.0000 7278.2676   18.3657
    0.0000  -37.5000  -45.0000 7635.7754   18.3586
    7.5000  -37.5000  -45.0000 7304.8340   18.3611
   -7.5000  -30.0000  -45.0000 7995.1577   18.3298
    0.0000  -30.0000  -45.0000 8407.9209   18.3224
    7.5000  -30.0000  -45.0000 8039.2397   18.3352
   -7.5000  -22.5000  -45.0000 8683.7295   18.3230
    0.0000  -22.5000  -45.0000 9151.5420   18.3073
    7.5000  -22.5000  -45.0000 8737.9072   18.3213
   -7.5000  -15.0000  -45.0000 9271.7422   18.3499
    0.0000  -15.0000  -45.0000 9761.2471   18.3247
    7.5000  -15.0000  -45.0000 9307.8887   18.3289
   -7.5000   -7.5000  -45.0000 9757.9238   18.3833
    0.0000   -7.5000  -45.000010268.6279   18.3576
    7.5000   -7.5000  -45.0000 9803.3320   18.3521
   -7.5000    0.0000  -45.000010157.2188   18.3921
    0.0000    0.0000  -45.000010637.7373   18.3761
    7.5000    0.0000  -45.000010184.2305   18.3701
   -7.5000    7.5000  -45.0000 9788.5967   18.3655
    0.0000    7.5000  -45.000010268.3477   18.3583
    7.5000    7.5000  -45.0000 9782.7510   18.3608
   -7.5000   15.0000  -45.0000 9268.2334   18.3298
    0.0000   15.0000  -45.0000 9706.3975   18.3224
    7.5000   15.0000  -45.0000 9244.8516   18.3352
   -7.5000   22.5000  -45.0000 8690.4229   18.3205
    0.0000   22.5000  -45.0000 9105.1777   18.3048
    7.5000   22.5000  -45.0000 8674.6982   18.3188
   -7.5000   30.0000  -45.0000 8059.5352   18.1053
    0.0000   30.0000  -45.0000 8476.9814   18.0805
    7.5000   30.0000  -45.0000 8046.8247   18.0846
   -7.5000   37.5000  -45.0000 7705.9658   18.1411
    0.0000   37.5000  -45.0000 8110.3423   18.1156
    7.5000   37.5000  -45.0000 7707.4126   18.1103
   -7.5000   45.0000  -45.0000 7104.4526   17.7974
    0.0000   45.0000  -45.0000 7496.3423   17.7818
    7.5000   45.0000  -45.0000 7113.2246   17.7757
   -7.5000  -45.0000  -37.5000 7198.7500   18.0589
    0.0000  -45.0000  -37.5000 7555.7441   18.0479
    7.5000  -45.0000  -37.5000 7200.9995   18.0448
   -7.5000  -37.5000  -37.5000 7666.2593   18.0213
    0.0000  -37.5000  -37.5000 8042.2485   18.0212
    7.5000  -37.5000  -37.5000 7678.2368   18.0311
   -7.5000  -30.0000  -37.5000 8389.3125   17.9835
    0.0000  -30.0000  -37.5000 8834.1709   17.9815
    7.5000  -30.0000  -37.5000 8433.0029   18.0028
   -7.5000  -22.5000  -37.5000 9080.3447   17.9840
    0.0000  -22.5000  -37.5000 9565.3438   17.9692
    7.5000  -22.5000  -37.5000 9141.2373   17.9881
   -7.5000  -15.0000  -37.5000 9686.6807   18.0182
    0.0000  -15.0000  -37.500010215.0166   17.9916
    7.5000  -15.0000  -37.5000 9728.1934   17.9965
   -7.5000   -7.5000  -37.500010219.9434   18.0522
    0.0000   -7.5000  -37.500010753.9551   18.0274
    7.5000   -7.5000  -37.500010261.7949   18.0217
   -7.5000    0.0000  -37.500010633.9678   18.0554
    0.0000    0.0000  -37.500011162.4707   18.0444
    7.5000    0.0000  -37.500010651.4668   18.0413
   -7.5000    7.5000  -37.500010254.6084   18.0211
    0.0000    7.5000  -37.500010794.6689   18.0210
    7.5000    7.5000  -37.500010263.1475   18.0308
   -7.5000   15.0000  -37.5000 9743.1143   17.9835
    0.0000   15.0000  -37.500010250.7217   17.9815
    7.5000   15.0000  -37.5000 9747.2959   18.0028
   -7.5000   22.5000  -37.5000 9150.0615   17.9816
    0.0000   22.5000  -37.5000 9636.9492   17.9667
    7.5000   22.5000  -37.5000 9133.8730   17.9857
   -7.5000   30.0000  -37.5000 8456.3711   17.7781
    0.0000   30.0000  -37.5000 8920.3486   17.7519
    7.5000   30.0000  -37.5000 8439.0391   17.7567
   -7.5000   37.5000  -37.5000 8035.7632   17.8138
    0.0000   37.5000  -37.5000 8485.3809   17.7893
    7.5000   37.5000  -37.5000 8049.1123   17.7838
   -7.5000   45.0000  -37.5000 7400.8506   17.4694
    0.0000   45.0000  -37.5000 7804.1719   17.4584
    7.5000   45.0000  -37.5000 7425.4204   17.4550
   -7.5000  -45.0000  -30.0000 7733.4155   18.5758
    0.0000  -45.0000  -30.0000 8100.8184   18.5710
    7.5000  -45.0000  -30.0000 7737.8291   18.5761
   -7.5000  -37.5000  -30.0000 8226.1211   18.5299
    0.0000  -37.5000  -30.0000 8620.2295   18.5367
    7.5000  -37.5000  -30.0000 8240.0146   18.5590
   -7.5000  -30.0000  -30.0000 8998.8154   18.4867
    0.0000  -30.0000  -30.0000 9470.0137   18.4891
    7.5000  -30.0000  -30.0000 9030.0654   18.5217
   -7.5000  -22.5000  -30.0000 9727.0000   18.4907
    0.0000  -22.5000  -30.000010207.7158   18.4766
    7.5000  -22.5000  -30.0000 9758.9736   18.5016
   -7.5000  -15.0000  -30.000010359.4980   18.5328
    0.0000  -15.0000  -30.000010896.4990   18.5062
    7.5000  -15.0000  -30.000010392.0576   18.5130
   -7.5000   -7.5000  -30.000010921.9922   18.5714
    0.0000   -7.5000  -30.000011495.0332   18.5497
    7.5000   -7.5000  -30.000010985.7588   18.5471
   -7.5000    0.0000  -30.000011331.1729   18.5722
    0.0000    0.0000  -30.000011932.4766   18.5675
    7.5000    0.0000  -30.000011383.6719   18.5725
   -7.5000    7.5000  -30.000010911.2686   18.5296
    0.0000    7.5000  -30.000011508.4902   18.5365
    7.5000    7.5000  -30.000010950.6699   18.5587
   -7.5000   15.0000  -30.000010390.1367   18.4867
    0.0000   15.0000  -30.000010938.5938   18.4891
    7.5000   15.0000  -30.000010408.8193   18.5217
   -7.5000   22.5000  -30.0000 9783.0078   18.4863
    0.0000   22.5000  -30.000010309.3926   18.4721
    7.5000   22.5000  -30.0000 9800.9951   18.4971
   -7.5000   30.0000  -30.0000 9039.5527   18.2875
    0.0000   30.0000  -30.0000 9538.8311   18.2614
    7.5000   30.0000  -30.0000 9077.2100   18.2681
   -7.5000   37.5000  -30.0000 8573.0195   18.3270
    0.0000   37.5000  -30.0000 9055.3350   18.3057
    7.5000   37.5000  -30.0000 8621.8613   18.3031
   -7.5000   45.0000  -30.0000 7870.8599   17.9761
    0.0000   45.0000  -30.0000 8298.4600   17.9714
    7.5000   45.0000  -30.0000 7915.0947   17.9764
   -7.5000  -45.0000  -22.5000 8305.7148   19.0856
    0.0000  -45.0000  -22.5000 8700.8682   19.0810
    7.5000  -45.0000  -22.5000 8322.4346   19.0905
   -7.5000  -37.5000  -22.5000 8840.0068   19.0368
    0.0000  -37.5000  -22.5000 9272.7275   19.0434
    7.5000  -37.5000  -22.5000 8870.7344   19.0692
   -7.5000  -30.0000  -22.5000 9668.1504   18.9912
    0.0000  -30.0000  -22.500010167.3506   18.9944
    7.5000  -30.0000  -22.5000 9717.6689   19.0292
   -7.5000  -22.5000  -22.500010450.7217   18.9952
    0.0000  -22.5000  -22.500010938.9229   18.9840
    7.5000  -22.5000  -22.500010468.1416   19.0101
   -7.5000  -15.0000  -22.500011135.8076   19.0403
    0.0000  -15.0000  -22.500011653.9463   19.0176
    7.5000  -15.0000  -22.500011152.0352   19.0258
   -7.5000   -7.5000  -22.500011718.0576   19.0816
    0.0000   -7.5000  -22.500012270.6768   19.0623
    7.5000   -7.5000  -22.500011764.1865   19.0627
   -7.5000    0.0000  -22.500012122.6543   19.0819
    0.0000    0.0000  -22.500012738.4072   19.0773
    7.5000    0.0000  -22.500012172.0977   19.0868
   -7.5000    7.5000  -22.500011644.5059   19.0366
    0.0000    7.5000  -22.500012249.0371   19.0431
    7.5000    7.5000  -22.500011703.2324   19.0690
   -7.5000   15.0000  -22.500011123.0791   18.9912
    0.0000   15.0000  -22.500011684.2627   18.9944
    7.5000   15.0000  -22.500011181.7100   19.0292
   -7.5000   22.5000  -22.500010502.6562   18.9893
    0.0000   22.5000  -22.500011038.2236   18.9781
    7.5000   22.5000  -22.500010556.8018   19.0043
   -7.5000   30.0000  -22.5000 9713.1465   18.7912
    0.0000   30.0000  -22.500010224.4961   18.7688
    7.5000   30.0000  -22.5000 9775.8613   18.7769
   -7.5000   37.5000  -22.5000 9189.4023   18.8331
    0.0000   37.5000  -22.5000 9687.5918   18.8141
    7.5000   37.5000  -22.5000 9275.2793   18.8146
   -7.5000   45.0000  -22.5000 8417.5996   18.4776
    0.0000   45.0000  -22.5000 8863.7754   18.4737
    7.5000   45.0000  -22.5000 8492.8086   18.4839
   -7.5000  -45.0000  -15.0000 8969.6309   19.5941
    0.0000  -45.0000  -15.0000 9391.7920   19.5838
    7.5000  -45.0000  -15.0000 8986.6387   19.5926
   -7.5000  -37.5000  -15.0000 9557.9180   19.5519
    0.0000  -37.5000  -15.000010017.9229   19.5517
    7.5000  -37.5000  -15.0000 9591.3213   19.5716
   -7.5000  -30.0000  -15.000010469.7666   19.5079
    0.0000  -30.0000  -15.000010980.0791   19.5077
    7.5000  -30.0000  -15.000010505.0469   19.5348
   -7.5000  -22.5000  -15.000011306.2051   19.5059
    0.0000  -22.5000  -15.000011810.9414   19.4964
    7.5000  -22.5000  -15.000011307.2178   19.5182
   -7.5000  -15.0000  -15.000012015.8506   19.5443
    0.0000  -15.0000  -15.000012549.6689   19.5248
    7.5000  -15.0000  -15.000012046.0898   19.5333
   -7.5000   -7.5000  -15.000012618.2744   19.5850
    0.0000   -7.5000  -15.000013195.4121   19.5647
    7.5000   -7.5000  -15.000012683.9785   19.5672
   -7.5000    0.0000  -15.000013072.6172   19.5903
    0.0000    0.0000  -15.000013703.0518   19.5800
    7.5000    0.0000  -15.000013168.8691   19.5888
   -7.5000    7.5000  -15.000012570.1426   19.5516
    0.0000    7.5000  -15.000013196.7217   19.5515
    7.5000    7.5000  -15.000012663.8223   19.5714
   -7.5000   15.0000  -15.000011996.7510   19.5079
    0.0000   15.0000  -15.000012557.2256   19.5077
    7.5000   15.0000  -15.000012066.1309   19.5348
   -7.5000   22.5000  -15.000011321.6875   19.4990
    0.0000   22.5000  -15.000011860.4287   19.4895
    7.5000   22.5000  -15.000011407.7041   19.5113
   -7.5000   30.0000  -15.000010483.6357   19.2913
    0.0000   30.0000  -15.000011021.6689   19.2721
    7.5000   30.0000  -15.000010587.5850   19.2805
   -7.5000   37.5000  -15.0000 9914.8955   19.3331
    0.0000   37.5000  -15.000010447.0303   19.3131
    7.5000   37.5000  -15.000010045.5059   19.3155
   -7.5000   45.0000  -15.0000 9041.5938   18.9818
    0.0000   45.0000  -15.0000 9504.1934   18.9729
    7.5000   45.0000  -15.0000 9145.8047   18.9829
   -7.5000  -45.0000   -7.5000 9662.0059   19.8651
    0.0000  -45.0000   -7.500010127.2676   19.8475
    7.5000  -45.0000   -7.5000 9708.6406   19.8487
   -7.5000  -37.5000   -7.500010286.6543   19.8287
    0.0000  -37.5000   -7.500010806.2656   19.8210
    7.5000  -37.5000   -7.500010361.1973   19.8297
   -7.5000  -30.0000   -7.500011343.6221   19.7872
    0.0000  -30.0000   -7.500011896.9473   19.7819
    7.5000  -30.0000   -7.500011396.6289   19.7979
   -7.5000  -22.5000   -7.500012246.4355   19.7815
    0.0000  -22.5000   -7.500012840.9248   19.7700
    7.5000  -22.5000   -7.500012256.3867   19.7850
   -7.5000  -15.0000   -7.500013012.8936   19.8143
    0.0000  -15.0000   -7.500013594.9805   19.7932
    7.5000  -15.0000   -7.500013032.2744   19.7983
   -7.5000   -7.5000   -7.500013648.1387   19.8527
    0.0000   -7.5000   -7.500014265.6377   19.8279
    7.5000   -7.5000   -7.500013724.4404   19.8266
   -7.5000    0.0000   -7.500014203.1826   19.8612
    0.0000    0.0000   -7.500014877.7432   19.8437
    7.5000    0.0000   -7.500014317.3633   19.8448
   -7.5000    7.5000   -7.500013675.1875   19.8284
    0.0000    7.5000   -7.500014330.4814   19.8207
    7.5000    7.5000   -7.500013801.1055   19.8295
   -7.5000   15.0000   -7.500012973.8008   19.7872
    0.0000   15.0000   -7.500013595.8584   19.7819
    7.5000   15.0000   -7.500013106.6865   19.7979
   -7.5000   22.5000   -7.500012238.5635   19.7724
    0.0000   22.5000   -7.500012797.9590   19.7609
    7.5000   22.5000   -7.500012366.1836   19.7759
   -7.5000   30.0000   -7.500011351.8770   19.5573
    0.0000   30.0000   -7.500011875.9375   19.5365
    7.5000   30.0000   -7.500011486.2725   19.5416
   -7.5000   37.5000   -7.500010781.5039   19.5976
    0.0000   37.5000   -7.500011297.3906   19.5732
    7.5000   37.5000   -7.500010911.9160   19.5718
   -7.5000   45.0000   -7.5000 9811.4668   19.2536
    0.0000   45.0000   -7.500010285.5918   19.2372
    7.5000   45.0000   -7.5000 9913.0605   19.2390
   -7.5000  -45.0000    0.000010291.5850   19.8974
    0.0000  -45.0000    0.000010780.0625   19.8777
    7.5000  -45.0000    0.000010344.6543   19.8714
   -7.5000  -37.5000    0.000010981.4297   19.8612
    0.0000  -37.5000    0.000011556.3818   19.8516
    7.5000  -37.5000    0.000011071.5791   19.8539
   -7.5000  -30.0000    0.000012176.8379   19.8202
    0.0000  -30.0000    0.000012788.9951   19.8125
    7.5000  -30.0000    0.000012235.4570   19.8246
   -7.5000  -22.5000    0.000013168.0215   19.8153
    0.0000  -22.5000    0.000013852.8076   19.8004
    7.5000  -22.5000    0.000013198.7363   19.8126
   -7.5000  -15.0000    0.000013957.0830   19.8479
    0.0000  -15.0000    0.000014598.8379   19.8226
    7.5000  -15.0000    0.000014010.9756   19.8244
   -7.5000   -7.5000    0.000014643.7344   19.8855
    0.0000   -7.5000    0.000015277.7207   19.8573
    7.5000   -7.5000    0.000014740.8340   19.8503
   -7.5000    0.0000    0.000015268.8672   19.8936
    0.0000    0.0000    0.000015996.6270   19.8739
    7.5000    0.0000    0.000015436.0195   19.8675
   -7.5000    7.5000    0.000014698.7168   19.8609
    0.0000    7.5000    0.000015456.0654   19.8513
    7.5000    7.5000    0.000014884.2812   19.8537
   -7.5000   15.0000    0.000013914.6377   19.8202
    0.0000   15.0000    0.000014631.6689   19.8125
    7.5000   15.0000    0.000014122.8887   19.8246
   -7.5000   22.5000    0.000013126.3760   19.8061
    0.0000   22.5000    0.000013724.6133   19.7912
    7.5000   22.5000    0.000013272.2764   19.8034
   -7.5000   30.0000    0.000012193.6768   19.5911
    0.0000   30.0000    0.000012755.1016   19.5660
    7.5000   30.0000    0.000012328.4277   19.5678
   -7.5000   37.5000    0.000011617.6855   19.6310
    0.0000   37.5000    0.000012158.5244   19.6031
    7.5000   37.5000    0.000011747.2812   19.5962
   -7.5000   45.0000    0.000010571.7900   19.2916
    0.0000   45.0000    0.000011054.5889   19.2723
    7.5000   45.0000    0.000010690.1348   19.2658
   -7.5000  -45.0000    7.500010075.1885   19.8418
    0.0000  -45.0000    7.500010553.6797   19.8279
    7.5000  -45.0000    7.500010119.0850   19.8234
   -7.5000  -37.5000    7.500010774.3232   19.7990
    0.0000  -37.5000    7.500011313.3311   19.7964
    7.5000  -37.5000    7.500010836.0879   19.8060
   -7.5000  -30.0000    7.500011980.2402   19.7560
    0.0000  -30.0000    7.500012579.4795   19.7518
    7.5000  -30.0000    7.500012045.1777   19.7730
   -7.5000  -22.5000    7.500013118.9268   19.7566
    0.0000  -22.5000    7.500013810.0049   19.7396
    7.5000  -22.5000    7.500013165.4414   19.7575
   -7.5000  -15.0000    7.500013962.7891   19.7955
    0.0000  -15.0000    7.500014614.9385   19.7664
    7.5000  -15.0000    7.500014034.0811   19.7691
   -7.5000   -7.5000    7.500014614.5146   19.8342
    0.0000   -7.5000    7.500015256.1299   19.8066
    7.5000   -7.5000    7.500014770.1104   19.7986
   -7.5000    0.0000    7.500015228.7559   19.8380
    0.0000    0.0000    7.500016014.0947   19.8241
    7.5000    0.0000    7.500015462.6299   19.8196
   -7.5000    7.5000    7.500014646.4834   19.7987
    0.0000    7.5000    7.500015470.3896   19.7962
    7.5000    7.5000    7.500014917.8281   19.8057
   -7.5000   15.0000    7.500013899.1865   19.7560
    0.0000   15.0000    7.500014684.8633   19.7518
    7.5000   15.0000    7.500014125.7324   19.7730
   -7.5000   22.5000    7.500013137.4170   19.7475
    0.0000   22.5000    7.500013778.8184   19.7305
    7.5000   22.5000    7.500013260.3105   19.7484
   -7.5000   30.0000    7.500012229.5088   19.5393
    0.0000   30.0000    7.500012800.4863   19.5105
    7.5000   30.0000    7.500012318.4033   19.5133
   -7.5000   37.5000    7.500011670.3652   19.5799
    0.0000   37.5000    7.500012230.7793   19.5526
    7.5000   37.5000    7.500011792.2041   19.5448
   -7.5000   45.0000    7.500010604.3838   19.2372
    0.0000   45.0000    7.500011128.8682   19.2234
    7.5000   45.0000    7.500010727.1709   19.2186
   -7.5000  -45.0000   15.0000 9643.1787   19.7972
    0.0000  -45.0000   15.000010108.4570   19.7911
    7.5000  -45.0000   15.0000 9693.3516   19.7951
   -7.5000  -37.5000   15.000010339.4131   19.7466
    0.0000  -37.5000   15.000010852.6904   19.7527
    7.5000  -37.5000   15.000010414.0430   19.7754
   -7.5000  -30.0000   15.000011578.5693   19.7005
    0.0000  -30.0000   15.000012168.4971   19.7019
    7.5000  -30.0000   15.000011638.1338   19.7361
   -7.5000  -22.5000   15.000012953.4727   19.7065
    0.0000  -22.5000   15.000013683.2881   19.6907
    7.5000  -22.5000   15.000012971.4746   19.7166
   -7.5000  -15.0000   15.000014104.7744   19.7531
    0.0000  -15.0000   15.000014940.8691   19.7243
    7.5000  -15.0000   15.000014186.4746   19.7304
   -7.5000   -7.5000   15.000014727.8584   19.7942
    0.0000   -7.5000   15.000015652.4385   19.7703
    7.5000   -7.5000   15.000014944.0420   19.7661
   -7.5000    0.0000   15.000015147.5742   19.7934
    0.0000    0.0000   15.000016121.4033   19.7873
    7.5000    0.0000   15.000015376.6016   19.7913
   -7.5000    7.5000   15.000014538.4600   19.7464
    0.0000    7.5000   15.000015482.5234   19.7524
    7.5000    7.5000   15.000014692.7520   19.7751
   -7.5000   15.0000   15.000013844.3057   19.7005
    0.0000   15.0000   15.000014681.6035   19.7019
    7.5000   15.0000   15.000013898.9443   19.7361
   -7.5000   22.5000   15.000013053.7549   19.6974
    0.0000   22.5000   15.000013787.5107   19.6816
    7.5000   22.5000   15.000013097.6846   19.7075
   -7.5000   30.0000   15.000012154.9961   19.4975
    0.0000   30.0000   15.000012830.5371   19.4690
    7.5000   30.0000   15.000012204.3770   19.4750
   -7.5000   37.5000   15.000011585.6611   19.5395
    0.0000   37.5000   15.000012250.1367   19.5160
    7.5000   37.5000   15.000011705.9404   19.5118
   -7.5000   45.0000   15.000010543.7539   19.1883
    0.0000   45.0000   15.000011132.1445   19.1823
    7.5000   45.0000   15.000010659.2451   19.1862
   -7.5000  -45.0000   22.5000 9188.3105   19.8105
    0.0000  -45.0000   22.5000 9686.7275   19.8058
    7.5000  -45.0000   22.5000 9347.9971   19.8157
   -7.5000  -37.5000   22.5000 9886.0986   19.7602
    0.0000  -37.5000   22.500010429.8086   19.7670
    7.5000  -37.5000   22.500010029.9795   19.7938
   -7.5000  -30.0000   22.500011220.0752   19.7131
    0.0000  -30.0000   22.500011795.9854   19.7163
    7.5000  -30.0000   22.500011202.2686   19.7526
   -7.5000  -22.5000   22.500012852.9307   19.7172
    0.0000  -22.5000   22.500013780.1982   19.7055
    7.5000  -22.5000   22.500012712.6885   19.7327
   -7.5000  -15.0000   22.500014283.5137   19.7637
    0.0000  -15.0000   22.500015656.4023   19.7402
    7.5000  -15.0000   22.500014257.0176   19.7487
   -7.5000   -7.5000   22.500014881.8818   19.8064
    0.0000   -7.5000   22.500016282.9385   19.7864
    7.5000   -7.5000   22.500014884.4854   19.7869
   -7.5000    0.0000   22.500015077.0420   19.8067
    0.0000    0.0000   22.500016303.8809   19.8020
    7.5000    0.0000   22.500015046.2246   19.8118
   -7.5000    7.5000   22.500014304.9727   19.7599
    0.0000    7.5000   22.500015377.1836   19.7667
    7.5000    7.5000   22.500014297.9795   19.7935
   -7.5000   15.0000   22.500013530.3711   19.7131
    0.0000   15.0000   22.500014478.0488   19.7163
    7.5000   15.0000   22.500013594.9238   19.7526
   -7.5000   22.5000   22.500012718.7002   19.7081
    0.0000   22.5000   22.500013577.7139   19.6965
    7.5000   22.5000   22.500012849.7158   19.7236
   -7.5000   30.0000   22.500011847.9072   19.5080
    0.0000   30.0000   22.500012614.3643   19.4848
    7.5000   30.0000   22.500011994.2822   19.4931
   -7.5000   37.5000   22.500011262.3535   19.5512
    0.0000   37.5000   22.500012005.6621   19.5315
    7.5000   37.5000   22.500011448.9912   19.5320
   -7.5000   45.0000   22.500010235.5615   19.1961
    0.0000   45.0000   22.500010906.6162   19.1920
    7.5000   45.0000   22.500010399.5742   19.2026
   -7.5000  -45.0000   30.0000 8753.5938   19.8631
    0.0000  -45.0000   30.0000 9254.0361   19.8527
    7.5000  -45.0000   30.0000 8868.8828   19.8616
   -7.5000  -37.5000   30.0000 9462.7480   19.8204
    0.0000  -37.5000   30.0000 9995.5430   19.8202
    7.5000  -37.5000   30.0000 9514.0645   19.8404
   -7.5000  -30.0000   30.000010666.9932   19.7758
    0.0000  -30.0000   30.000011327.3691   19.7756
    7.5000  -30.0000   30.000010649.6240   19.8030
   -7.5000  -22.5000   30.000012032.1680   19.7738
    0.0000  -22.5000   30.000013127.5664   19.7641
    7.5000  -22.5000   30.000012098.5596   19.7862
   -7.5000  -15.0000   30.000013188.5098   19.8127
    0.0000  -15.0000   30.000014725.1865   19.7929
    7.5000  -15.0000   30.000013370.2852   19.8015
   -7.5000   -7.5000   30.000013843.7324   19.8539
    0.0000   -7.5000   30.000015305.5479   19.8334
    7.5000   -7.5000   30.000013877.7559   19.8359
   -7.5000    0.0000   30.000014224.4297   19.8593
    0.0000    0.0000   30.000015475.6172   19.8489
    7.5000    0.0000   30.000014198.5762   19.8578
   -7.5000    7.5000   30.000013506.6113   19.8201
    0.0000    7.5000   30.000014672.9814   19.8200
    7.5000    7.5000   30.000013598.4844   19.8401
   -7.5000   15.0000   30.000012733.9629   19.7758
    0.0000   15.0000   30.000013827.3525   19.7756
    7.5000   15.0000   30.000012944.9463   19.8030
   -7.5000   22.5000   30.000011970.6836   19.7647
    0.0000   22.5000   30.000012945.6045   19.7550
    7.5000   22.5000   30.000012219.9600   19.7771
   -7.5000   30.0000   30.000011192.2412   19.5562
    0.0000   30.0000   30.000012020.5947   19.5368
    7.5000   30.0000   30.000011440.0020   19.5453
   -7.5000   37.5000   30.000010737.3984   19.5986
    0.0000   37.5000   30.000011519.1953   19.5783
    7.5000   37.5000   30.000011005.9795   19.5807
   -7.5000   45.0000   30.0000 9826.0732   19.2476
    0.0000   45.0000   30.000010521.3867   19.2385
    7.5000   45.0000   30.000010065.6426   19.2486
   -7.5000  -45.0000   37.5000 8584.7520   19.9105
    0.0000  -45.0000   37.5000 9062.6182   19.8929
    7.5000  -45.0000   37.5000 8670.2783   19.8941
   -7.5000  -37.5000   37.5000 9202.7393   19.8740
    0.0000  -37.5000   37.5000 9746.5117   19.8663
    7.5000  -37.5000   37.5000 9339.0693   19.8751
   -7.5000  -30.0000   37.500010220.7129   19.8324
    0.0000  -30.0000   37.500010926.8135   19.8271
    7.5000  -30.0000   37.500010439.3711   19.8432
   -7.5000  -22.5000   37.500011267.2744   19.8267
    0.0000  -22.5000   37.500012344.3213   19.8152
    7.5000  -22.5000   37.500011692.0020   19.8303
   -7.5000  -15.0000   37.500012138.6934   19.8596
    0.0000  -15.0000   37.500013429.4824   19.8384
    7.5000  -15.0000   37.500012662.1152   19.8436
   -7.5000   -7.5000   37.500012827.9033   19.8981
    0.0000   -7.5000   37.500013924.2705   19.8732
    7.5000   -7.5000   37.500013160.3701   19.8719
   -7.5000    0.0000   37.500013434.7412   19.9066
    0.0000    0.0000   37.500014436.9414   19.8890
    7.5000    0.0000   37.500013708.9121   19.8902
   -7.5000    7.5000   37.500013041.4932   19.8738
    0.0000    7.5000   37.500014056.8906   19.8660
    7.5000    7.5000   37.500013347.0938   19.8748
   -7.5000   15.0000   37.500012441.4766   19.8324
    0.0000   15.0000   37.500013436.3652   19.8271
    7.5000   15.0000   37.500012743.2529   19.8432
   -7.5000   22.5000   37.500011721.1143   19.8176
    0.0000   22.5000   37.500012622.1406   19.8061
    7.5000   22.5000   37.500011965.1445   19.8211
   -7.5000   30.0000   37.500010897.8535   19.6025
    0.0000   30.0000   37.500011715.1182   19.5817
    7.5000   30.0000   37.500011160.4980   19.5868
   -7.5000   37.5000   37.500010437.2637   19.6430
    0.0000   37.5000   37.500011235.9697   19.6184
    7.5000   37.5000   37.500010721.2627   19.6171
   -7.5000   45.0000   37.5000 9520.4463   19.2991
    0.0000   45.0000   37.500010219.4941   19.2826
    7.5000   45.0000   37.5000 9763.9385   19.2845
   -7.5000  -45.0000   45.0000 7857.0127   19.8780
    0.0000  -45.0000   45.0000 8294.7412   19.8583
    7.5000  -45.0000   45.0000 7964.0278   19.8519
   -7.5000  -37.5000   45.0000 8398.4414   19.8416
    0.0000  -37.5000   45.0000 8895.9434   19.8320
    7.5000  -37.5000   45.0000 8568.8867   19.8344
   -7.5000  -30.0000   45.0000 9275.5020   19.7999
    0.0000  -30.0000   45.0000 9882.3154   19.7923
    7.5000  -30.0000   45.0000 9554.6719   19.8046
   -7.5000  -22.5000   45.000010157.0361   19.7946
    0.0000  -22.5000   45.000010999.0293   19.7797
    7.5000  -22.5000   45.000010600.0273   19.7923
   -7.5000  -15.0000   45.000010966.9297   19.8275
    0.0000  -15.0000   45.000011856.4814   19.8020
    7.5000  -15.0000   45.000011358.7158   19.8042
   -7.5000   -7.5000   45.000011629.0801   19.8657
    0.0000   -7.5000   45.000012349.1191   19.8373
    7.5000   -7.5000   45.000011835.2383   19.8304
   -7.5000    0.0000   45.000012146.3760   19.8742
    0.0000    0.0000   45.000012853.3848   19.8544
    7.5000    0.0000   45.000012371.7920   19.8481
   -7.5000    7.5000   45.000011802.4160   19.8413
    0.0000    7.5000   45.000012543.9980   19.8317
    7.5000    7.5000   45.000012057.6045   19.8342
   -7.5000   15.0000   45.000011340.3438   19.7999
    0.0000   15.0000   45.000012090.1729   19.7923
    7.5000   15.0000   45.000011586.7373   19.8046
   -7.5000   22.5000   45.000010726.1162   19.7854
    0.0000   22.5000   45.000011455.7998   19.7705
    7.5000   22.5000   45.000010956.6719   19.7831
   -7.5000   30.0000   45.0000 9987.5371   19.5692
    0.0000   30.0000   45.000010659.4160   19.5441
    7.5000   30.0000   45.000010210.5176   19.5462
   -7.5000   37.5000   45.0000 9565.7695   19.6097
    0.0000   37.5000   45.000010236.8750   19.5817
    7.5000   37.5000   45.0000 9814.1719   19.5749
   -7.5000   45.0000   45.0000 8707.5215   19.2822
    0.0000   45.0000   45.0000 9298.3379   19.2628
    7.5000   45.0000   45.0000 8923.5098   19.2564

---------------------------------------------------------------------
imgreg_4dfp /opt/freesurfer/average/711-2C_as_mni_average_305 /opt/freesurfer/average/711-2B_as_mni_average_305_mask talsrcimg_g11 none talsrcimg_to_711-2C_as_mni_average_305_t4 4355
---------------------------------------------------------------------

freesurfer imgreg_4dfp.c
/opt/freesurfer/average/711-2C_as_mni_average_305.4dfp.img
       256       256       256         1
  1.000000  1.000000  1.000000
orientation T byte_order littleendian
Reading image: /opt/freesurfer/average/711-2C_as_mni_average_305.4dfp.img
dimensions:      256       256       256
mmppix:       1.0000   -1.0000   -1.0000
center:     128.0000 -129.0000 -129.0000
/opt/freesurfer/average/711-2B_as_mni_average_305_mask.4dfp.img
       256       256       256         1
  1.000000  1.000000  1.000000
orientation T byte_order littleendian
Reading mask: /opt/freesurfer/average/711-2B_as_mni_average_305_mask.4dfp.img (2306576 pixels)
talsrcimg_g11.4dfp.img
       256       256       256         1
  1.000000  1.000000  1.000000
orientation T byte_order littleendian
Reading image: talsrcimg_g11.4dfp.img
dimensions:      256       256       256
mmppix:       1.0000   -1.0000   -1.0000
center:     128.0000 -129.0000 -129.0000
rotation matrix determinant  1.000000
image alignment mode   4355 decimal     1103 hex
   -7.5000  -45.0000  -22.5000 2278.9902   21.1576
    0.0000  -45.0000  -22.5000 2289.5068   21.0368
    7.5000  -45.0000  -22.5000 2266.8049   21.0965
   -7.5000  -37.5000  -22.5000 2344.2063   19.5349
    0.0000  -37.5000  -22.5000 2354.3552   19.3732
    7.5000  -37.5000  -22.5000 2332.7119   19.4783
   -7.5000  -30.0000  -22.5000 2383.7129   18.3886
    0.0000  -30.0000  -22.5000 2395.4058   18.2215
    7.5000  -30.0000  -22.5000 2375.9097   18.3312
   -7.5000  -22.5000  -22.5000 2404.2378   17.6795
    0.0000  -22.5000  -22.5000 2419.3196   17.4678
    7.5000  -22.5000  -22.5000 2400.8669   17.6855
   -7.5000  -15.0000  -22.5000 2407.3835   17.2361
    0.0000  -15.0000  -22.5000 2420.5249   17.1051
    7.5000  -15.0000  -22.5000 2403.5625   17.2960
   -7.5000   -7.5000  -22.5000 2420.5696   17.2710
    0.0000   -7.5000  -22.5000 2428.9717   17.0713
    7.5000   -7.5000  -22.5000 2412.0286   17.2832
   -7.5000    0.0000  -22.5000 2408.2236   17.5528
    0.0000    0.0000  -22.5000 2425.2908   17.3998
    7.5000    0.0000  -22.5000 2402.0017   17.4995
   -7.5000    7.5000  -22.5000 2382.2036   18.1004
    0.0000    7.5000  -22.5000 2404.4558   17.9369
    7.5000    7.5000  -22.5000 2379.0947   17.9968
   -7.5000   15.0000  -22.5000 2331.1836   18.8154
    0.0000   15.0000  -22.5000 2352.4480   18.6667
    7.5000   15.0000  -22.5000 2329.7908   18.7215
   -7.5000   22.5000  -22.5000 2264.4553   19.8039
    0.0000   22.5000  -22.5000 2284.0562   19.6989
    7.5000   22.5000  -22.5000 2258.8237   19.7395
   -7.5000   30.0000  -22.5000 2171.9087   21.3430
    0.0000   30.0000  -22.5000 2187.7231   21.2190
    7.5000   30.0000  -22.5000 2163.7104   21.2082
   -7.5000   37.5000  -22.5000 2055.9016   23.4054
    0.0000   37.5000  -22.5000 2074.1018   23.2085
    7.5000   37.5000  -22.5000 2051.5723   23.1892
   -7.5000   45.0000  -22.5000 1936.2183   25.9816
    0.0000   45.0000  -22.5000 1950.7955   25.7821
    7.5000   45.0000  -22.5000 1938.2961   25.7758
   -7.5000  -45.0000  -15.0000 2376.6550   20.5550
    0.0000  -45.0000  -15.0000 2389.1125   20.3661
    7.5000  -45.0000  -15.0000 2360.6597   20.4995
   -7.5000  -37.5000  -15.0000 2449.2046   18.9449
    0.0000  -37.5000  -15.0000 2461.4941   18.7342
    7.5000  -37.5000  -15.0000 2433.7546   18.8277
   -7.5000  -30.0000  -15.0000 2483.8040   17.6932
    0.0000  -30.0000  -15.0000 2495.5491   17.4469
    7.5000  -30.0000  -15.0000 2475.1938   17.5525
   -7.5000  -22.5000  -15.0000 2504.3767   16.9371
    0.0000  -22.5000  -15.0000 2511.9583   16.6512
    7.5000  -22.5000  -15.0000 2502.4348   16.8174
   -7.5000  -15.0000  -15.0000 2507.6304   16.4489
    0.0000  -15.0000  -15.0000 2516.8291   16.2408
    7.5000  -15.0000  -15.0000 2511.0667   16.4451
   -7.5000   -7.5000  -15.0000 2513.9412   16.3878
    0.0000   -7.5000  -15.0000 2523.3438   16.1742
    7.5000   -7.5000  -15.0000 2510.6755   16.3890
   -7.5000    0.0000  -15.0000 2503.0146   16.6614
    0.0000    0.0000  -15.0000 2522.4060   16.4834
    7.5000    0.0000  -15.0000 2505.6729   16.6310
   -7.5000    7.5000  -15.0000 2483.2021   17.1545
    0.0000    7.5000  -15.0000 2508.8660   16.9634
    7.5000    7.5000  -15.0000 2491.2109   17.0909
   -7.5000   15.0000  -15.0000 2432.6023   17.7852
    0.0000   15.0000  -15.0000 2455.3479   17.6036
    7.5000   15.0000  -15.0000 2437.0608   17.7491
   -7.5000   22.5000  -15.0000 2365.4246   18.6624
    0.0000   22.5000  -15.0000 2386.1687   18.5373
    7.5000   22.5000  -15.0000 2367.5452   18.6423
   -7.5000   30.0000  -15.0000 2270.3999   20.0567
    0.0000   30.0000  -15.0000 2293.1750   19.9423
    7.5000   30.0000  -15.0000 2268.9976   19.9831
   -7.5000   37.5000  -15.0000 2156.5046   21.9403
    0.0000   37.5000  -15.0000 2179.1135   21.7968
    7.5000   37.5000  -15.0000 2154.1338   21.7950
   -7.5000   45.0000  -15.0000 2019.7809   24.4132
    0.0000   45.0000  -15.0000 2039.4188   24.2280
    7.5000   45.0000  -15.0000 2021.5233   24.2094
   -7.5000  -45.0000   -7.5000 2438.6418   19.8882
    0.0000  -45.0000   -7.5000 2448.4189   19.6763
    7.5000  -45.0000   -7.5000 2425.6006   19.8811
   -7.5000  -37.5000   -7.5000 2509.3621   18.2395
    0.0000  -37.5000   -7.5000 2518.3442   18.0175
    7.5000  -37.5000   -7.5000 2499.0261   18.1639
   -7.5000  -30.0000   -7.5000 2564.8508   17.0358
    0.0000  -30.0000   -7.5000 2574.8381   16.7810
    7.5000  -30.0000   -7.5000 2558.5889   16.8817
   -7.5000  -22.5000   -7.5000 2580.9636   16.1780
    0.0000  -22.5000   -7.5000 2592.8181   15.8987
    7.5000  -22.5000   -7.5000 2575.5488   16.0201
   -7.5000  -15.0000   -7.5000 2583.8911   15.6506
    0.0000  -15.0000   -7.5000 2596.3057   15.3881
    7.5000  -15.0000   -7.5000 2584.2314   15.6149
   -7.5000   -7.5000   -7.5000 2590.2468   15.4848
    0.0000   -7.5000   -7.5000 2600.6382   15.2694
    7.5000   -7.5000   -7.5000 2589.0000   15.5232
   -7.5000    0.0000   -7.5000 2587.5505   15.7545
    0.0000    0.0000   -7.5000 2604.1794   15.5536
    7.5000    0.0000   -7.5000 2594.5281   15.7563
   -7.5000    7.5000   -7.5000 2569.8948   16.2336
    0.0000    7.5000   -7.5000 2590.8176   15.9947
    7.5000    7.5000   -7.5000 2581.8125   16.1681
   -7.5000   15.0000   -7.5000 2513.6567   16.8159
    0.0000   15.0000   -7.5000 2533.1487   16.5847
    7.5000   15.0000   -7.5000 2524.3801   16.7523
   -7.5000   22.5000   -7.5000 2447.1370   17.6340
    0.0000   22.5000   -7.5000 2465.0364   17.4577
    7.5000   22.5000   -7.5000 2450.3687   17.5956
   -7.5000   30.0000   -7.5000 2351.2153   18.9104
    0.0000   30.0000   -7.5000 2368.0222   18.7261
    7.5000   30.0000   -7.5000 2350.8987   18.8394
   -7.5000   37.5000   -7.5000 2240.7385   20.6876
    0.0000   37.5000   -7.5000 2263.9502   20.4654
    7.5000   37.5000   -7.5000 2238.7058   20.5002
   -7.5000   45.0000   -7.5000 2090.4644   22.9651
    0.0000   45.0000   -7.5000 2109.2866   22.7855
    7.5000   45.0000   -7.5000 2089.0383   22.7257
   -7.5000  -45.0000    0.0000 2470.3542   19.4314
    0.0000  -45.0000    0.0000 2480.3835   19.2123
    7.5000  -45.0000    0.0000 2457.9194   19.3829
   -7.5000  -37.5000    0.0000 2550.9495   17.7714
    0.0000  -37.5000    0.0000 2559.9241   17.5314
    7.5000  -37.5000    0.0000 2539.1736   17.6777
   -7.5000  -30.0000    0.0000 2611.9033   16.5280
    0.0000  -30.0000    0.0000 2624.9338   16.2565
    7.5000  -30.0000    0.0000 2604.9404   16.4035
   -7.5000  -22.5000    0.0000 2637.5168   15.6118
    0.0000  -22.5000    0.0000 2651.8804   15.3600
    7.5000  -22.5000    0.0000 2631.9038   15.5166
   -7.5000  -15.0000    0.0000 2633.8015   15.0101
    0.0000  -15.0000    0.0000 2640.2021   14.7125
    7.5000  -15.0000    0.0000 2634.0366   15.0047
   -7.5000   -7.5000    0.0000 2636.3008   14.7282
    0.0000   -7.5000    0.0000 2640.2671   14.4705
    7.5000   -7.5000    0.0000 2637.0842   14.8112
   -7.5000    0.0000    0.0000 2637.6533   14.9804
    0.0000    0.0000    0.0000 2654.9834   14.7330
    7.5000    0.0000    0.0000 2648.0930   15.0166
   -7.5000    7.5000    0.0000 2619.6611   15.4420
    0.0000    7.5000    0.0000 2644.8235   15.2025
    7.5000    7.5000    0.0000 2639.9897   15.4059
   -7.5000   15.0000    0.0000 2571.1724   15.9778
    0.0000   15.0000    0.0000 2595.9736   15.7530
    7.5000   15.0000    0.0000 2589.2676   15.9429
   -7.5000   22.5000    0.0000 2510.1262   16.7620
    0.0000   22.5000    0.0000 2524.8430   16.5660
    7.5000   22.5000    0.0000 2518.0200   16.7591
   -7.5000   30.0000    0.0000 2407.7876   17.9854
    0.0000   30.0000    0.0000 2426.4834   17.7728
    7.5000   30.0000    0.0000 2413.0803   17.9315
   -7.5000   37.5000    0.0000 2291.2144   19.6738
    0.0000   37.5000    0.0000 2315.1526   19.4412
    7.5000   37.5000    0.0000 2300.5881   19.5282
   -7.5000   45.0000    0.0000 2139.3672   21.8491
    0.0000   45.0000    0.0000 2154.6875   21.5796
    7.5000   45.0000    0.0000 2144.8364   21.6629
   -7.5000  -45.0000    7.5000 2473.9016   19.1731
    0.0000  -45.0000    7.5000 2484.3135   18.8525
    7.5000  -45.0000    7.5000 2467.7488   19.0667
   -7.5000  -37.5000    7.5000 2565.2627   17.5101
    0.0000  -37.5000    7.5000 2574.6377   17.2297
    7.5000  -37.5000    7.5000 2558.7432   17.3521
   -7.5000  -30.0000    7.5000 2634.9121   16.2875
    0.0000  -30.0000    7.5000 2643.5674   15.9935
    7.5000  -30.0000    7.5000 2634.1438   16.1286
   -7.5000  -22.5000    7.5000 2672.8489   15.3642
    0.0000  -22.5000    7.5000 2678.4941   15.1099
    7.5000  -22.5000    7.5000 2676.8809   15.2787
   -7.5000  -15.0000    7.5000 2666.5269   14.7304
    0.0000  -15.0000    7.5000 2671.5327   14.4416
    7.5000  -15.0000    7.5000 2680.3552   14.7343
   -7.5000   -7.5000    7.5000 2660.8867   14.2965
    0.0000   -7.5000    7.5000 2656.9036   13.9832
    7.5000   -7.5000    7.5000 2675.2146   14.4159
   -7.5000    0.0000    7.5000 2669.6169   14.4401
    0.0000    0.0000    7.5000 2680.7117   14.1446
    7.5000    0.0000    7.5000 2682.3391   14.5301
   -7.5000    7.5000    7.5000 2653.3115   14.7876
    0.0000    7.5000    7.5000 2678.0830   14.5964
    7.5000    7.5000    7.5000 2677.6833   14.8638
   -7.5000   15.0000    7.5000 2612.9944   15.2825
    0.0000   15.0000    7.5000 2638.8127   15.1106
    7.5000   15.0000    7.5000 2636.6497   15.3524
   -7.5000   22.5000    7.5000 2558.3599   16.0834
    0.0000   22.5000    7.5000 2569.2529   15.8318
    7.5000   22.5000    7.5000 2568.7302   16.0635
   -7.5000   30.0000    7.5000 2455.8655   17.3051
    0.0000   30.0000    7.5000 2469.7966   17.0118
    7.5000   30.0000    7.5000 2465.3569   17.2637
   -7.5000   37.5000    7.5000 2343.5000   18.9844
    0.0000   37.5000    7.5000 2363.0552   18.6500
    7.5000   37.5000    7.5000 2353.8545   18.8876
   -7.5000   45.0000    7.5000 2187.3689   21.0546
    0.0000   45.0000    7.5000 2208.1843   20.7350
    7.5000   45.0000    7.5000 2199.7803   20.9123
   -7.5000  -45.0000   15.0000 2458.9260   19.1797
    0.0000  -45.0000   15.0000 2461.5378   18.8599
    7.5000  -45.0000   15.0000 2444.7878   18.9777
   -7.5000  -37.5000   15.0000 2557.2830   17.5598
    0.0000  -37.5000   15.0000 2560.2363   17.2561
    7.5000  -37.5000   15.0000 2546.4939   17.3234
   -7.5000  -30.0000   15.0000 2635.0574   16.4283
    0.0000  -30.0000   15.0000 2638.8970   16.1211
    7.5000  -30.0000   15.0000 2634.9131   16.1822
   -7.5000  -22.5000   15.0000 2697.5359   15.6159
    0.0000  -22.5000   15.0000 2701.2170   15.4223
    7.5000  -22.5000   15.0000 2709.4563   15.4243
   -7.5000  -15.0000   15.0000 2718.7275   15.0712
    0.0000  -15.0000   15.0000 2731.8521   14.9400
    7.5000  -15.0000   15.0000 2731.6694   14.9421
   -7.5000   -7.5000   15.0000 2696.4026   14.4187
    0.0000   -7.5000   15.0000 2689.5649   14.2266
    7.5000   -7.5000   15.0000 2704.6802   14.4634
   -7.5000    0.0000   15.0000 2691.2378   14.2498
    0.0000    0.0000   15.0000 2695.3499   14.0757
    7.5000    0.0000   15.0000 2696.4563   14.2938
   -7.5000    7.5000   15.0000 2679.5312   14.4365
    0.0000    7.5000   15.0000 2696.2341   14.2728
    7.5000    7.5000   15.0000 2689.7930   14.4288
   -7.5000   15.0000   15.0000 2654.9482   14.9460
    0.0000   15.0000   15.0000 2661.1528   14.7093
    7.5000   15.0000   15.0000 2654.5227   14.7954
   -7.5000   22.5000   15.0000 2598.3396   15.8103
    0.0000   22.5000   15.0000 2600.3594   15.4512
    7.5000   22.5000   15.0000 2596.8718   15.5514
   -7.5000   30.0000   15.0000 2501.9128   17.0641
    0.0000   30.0000   15.0000 2511.8604   16.6721
    7.5000   30.0000   15.0000 2502.3916   16.7893
   -7.5000   37.5000   15.0000 2394.7654   18.7530
    0.0000   37.5000   15.0000 2405.6648   18.3579
    7.5000   37.5000   15.0000 2399.4158   18.4570
   -7.5000   45.0000   15.0000 2241.6511   20.8213
    0.0000   45.0000   15.0000 2249.3752   20.4446
    7.5000   45.0000   15.0000 2245.7551   20.5459
   -7.5000  -45.0000   22.5000 2441.0088   19.6244
    0.0000  -45.0000   22.5000 2447.2363   19.3776
    7.5000  -45.0000   22.5000 2433.4333   19.4875
   -7.5000  -37.5000   22.5000 2551.5815   18.0662
    0.0000  -37.5000   22.5000 2560.4656   17.8658
    7.5000  -37.5000   22.5000 2550.9839   17.8530
   -7.5000  -30.0000   22.5000 2658.7659   16.9939
    0.0000  -30.0000   22.5000 2672.9370   16.8191
    7.5000  -30.0000   22.5000 2656.3022   16.6144
   -7.5000  -22.5000   22.5000 2761.0850   16.3689
    0.0000  -22.5000   22.5000 2792.8142   16.3213
    7.5000  -22.5000   22.5000 2749.6328   15.9115
   -7.5000  -15.0000   22.5000 2819.6587   15.8945
    0.0000  -15.0000   22.5000 2872.4409   16.0591
    7.5000  -15.0000   22.5000 2798.3994   15.4399
   -7.5000   -7.5000   22.5000 2790.2949   15.0812
    0.0000   -7.5000   22.5000 2834.7336   15.1921
    7.5000   -7.5000   22.5000 2766.5029   14.7826
   -7.5000    0.0000   22.5000 2716.1174   14.3213
    0.0000    0.0000   22.5000 2739.1519   14.3340
    7.5000    0.0000   22.5000 2713.0769   14.1937
   -7.5000    7.5000   22.5000 2699.7231   14.3595
    0.0000    7.5000   22.5000 2709.1851   14.1885
    7.5000    7.5000   22.5000 2690.4719   14.1253
   -7.5000   15.0000   22.5000 2667.0569   14.8675
    0.0000   15.0000   22.5000 2677.4241   14.5930
    7.5000   15.0000   22.5000 2662.9656   14.5762
   -7.5000   22.5000   22.5000 2612.9744   15.7474
    0.0000   22.5000   22.5000 2617.6443   15.4288
    7.5000   22.5000   22.5000 2604.5994   15.4484
   -7.5000   30.0000   22.5000 2523.4980   17.0078
    0.0000   30.0000   22.5000 2529.5303   16.6676
    7.5000   30.0000   22.5000 2516.2483   16.6806
   -7.5000   37.5000   22.5000 2414.9624   18.7077
    0.0000   37.5000   22.5000 2427.0305   18.3413
    7.5000   37.5000   22.5000 2411.8555   18.3312
   -7.5000   45.0000   22.5000 2268.7429   20.8238
    0.0000   45.0000   22.5000 2283.1445   20.5238
    7.5000   45.0000   22.5000 2264.1257   20.4500
   -7.5000  -45.0000   30.0000 2424.3140   20.6929
    0.0000  -45.0000   30.0000 2430.8289   20.4853
    7.5000  -45.0000   30.0000 2410.9937   20.4341
   -7.5000  -37.5000   30.0000 2552.0864   19.0776
    0.0000  -37.5000   30.0000 2566.7319   18.9367
    7.5000  -37.5000   30.0000 2529.4995   18.6718
   -7.5000  -30.0000   30.0000 2673.0068   17.8046
    0.0000  -30.0000   30.0000 2700.7744   17.7670
    7.5000  -30.0000   30.0000 2651.4285   17.3562
   -7.5000  -22.5000   30.0000 2786.6758   17.0655
    0.0000  -22.5000   30.0000 2833.5701   17.2031
    7.5000  -22.5000   30.0000 2757.4851   16.6011
   -7.5000  -15.0000   30.0000 2840.0857   16.3543
    0.0000  -15.0000   30.0000 2918.5811   16.7646
    7.5000  -15.0000   30.0000 2820.5415   16.0464
   -7.5000   -7.5000   30.0000 2807.2261   15.4567
    0.0000   -7.5000   30.0000 2870.2559   15.6922
    7.5000   -7.5000   30.0000 2775.4878   15.1333
   -7.5000    0.0000   30.0000 2780.1448   14.8801
    0.0000    0.0000   30.0000 2799.8481   14.7297
    7.5000    0.0000   30.0000 2728.0676   14.4002
   -7.5000    7.5000   30.0000 2726.6458   14.7203
    0.0000    7.5000   30.0000 2746.1606   14.4684
    7.5000    7.5000   30.0000 2696.7061   14.3049
   -7.5000   15.0000   30.0000 2658.9255   15.0601
    0.0000   15.0000   30.0000 2684.3240   14.7900
    7.5000   15.0000   30.0000 2654.5493   14.7478
   -7.5000   22.5000   30.0000 2588.5330   15.8944
    0.0000   22.5000   30.0000 2598.7209   15.6500
    7.5000   22.5000   30.0000 2579.9895   15.6548
   -7.5000   30.0000   30.0000 2503.7087   17.1399
    0.0000   30.0000   30.0000 2505.7676   16.8865
    7.5000   30.0000   30.0000 2501.0193   16.9041
   -7.5000   37.5000   30.0000 2407.3906   18.9354
    0.0000   37.5000   30.0000 2420.0007   18.5990
    7.5000   37.5000   30.0000 2416.2888   18.6331
   -7.5000   45.0000   30.0000 2272.5713   21.1026
    0.0000   45.0000   30.0000 2289.5789   20.7845
    7.5000   45.0000   30.0000 2285.5386   20.8408
   -7.5000  -45.0000   37.5000 2389.7229   21.8079
    0.0000  -45.0000   37.5000 2399.5718   21.6128
    7.5000  -45.0000   37.5000 2379.2344   21.5656
   -7.5000  -37.5000   37.5000 2517.9131   19.9421
    0.0000  -37.5000   37.5000 2536.2891   19.7843
    7.5000  -37.5000   37.5000 2517.4458   19.6515
   -7.5000  -30.0000   37.5000 2632.9456   18.4425
    0.0000  -30.0000   37.5000 2661.5627   18.3704
    7.5000  -30.0000   37.5000 2644.5898   18.1662
   -7.5000  -22.5000   37.5000 2727.6594   17.3977
    0.0000  -22.5000   37.5000 2770.2224   17.5003
    7.5000  -22.5000   37.5000 2738.4749   17.2222
   -7.5000  -15.0000   37.5000 2777.9314   16.4221
    0.0000  -15.0000   37.5000 2838.1855   16.7155
    7.5000  -15.0000   37.5000 2797.3701   16.4089
   -7.5000   -7.5000   37.5000 2784.4028   15.6510
    0.0000   -7.5000   37.5000 2803.4717   15.5438
    7.5000   -7.5000   37.5000 2761.2737   15.4243
   -7.5000    0.0000   37.5000 2795.5747   15.3323
    0.0000    0.0000   37.5000 2807.8779   14.9917
    7.5000    0.0000   37.5000 2765.3008   14.9457
   -7.5000    7.5000   37.5000 2762.8682   15.4688
    0.0000    7.5000   37.5000 2782.6392   15.1608
    7.5000    7.5000   37.5000 2754.8022   15.1238
   -7.5000   15.0000   37.5000 2694.4336   15.9228
    0.0000   15.0000   37.5000 2722.9844   15.6573
    7.5000   15.0000   37.5000 2691.2449   15.6115
   -7.5000   22.5000   37.5000 2597.5220   16.7273
    0.0000   22.5000   37.5000 2620.0186   16.5043
    7.5000   22.5000   37.5000 2588.3140   16.4763
   -7.5000   30.0000   37.5000 2486.9268   17.8648
    0.0000   30.0000   37.5000 2497.9431   17.6280
    7.5000   30.0000   37.5000 2486.7222   17.6345
   -7.5000   37.5000   37.5000 2380.5439   19.4355
    0.0000   37.5000   37.5000 2406.3108   19.1498
    7.5000   37.5000   37.5000 2395.3203   19.1545
   -7.5000   45.0000   37.5000 2239.5996   21.3970
    0.0000   45.0000   37.5000 2256.9841   21.1365
    7.5000   45.0000   37.5000 2250.0645   21.1543
   -7.5000  -45.0000   45.0000 2347.7742   22.8163
    0.0000  -45.0000   45.0000 2361.5833   22.5207
    7.5000  -45.0000   45.0000 2347.8694   22.6293
   -7.5000  -37.5000   45.0000 2467.5591   20.7003
    0.0000  -37.5000   45.0000 2486.9082   20.4357
    7.5000  -37.5000   45.0000 2481.8782   20.5012
   -7.5000  -30.0000   45.0000 2571.6265   19.0927
    0.0000  -30.0000   45.0000 2591.2227   18.9076
    7.5000  -30.0000   45.0000 2593.3418   18.8891
   -7.5000  -22.5000   45.0000 2659.7910   17.7908
    0.0000  -22.5000   45.0000 2681.2205   17.7515
    7.5000  -22.5000   45.0000 2676.8157   17.7276
   -7.5000  -15.0000   45.0000 2720.3259   16.8317
    0.0000  -15.0000   45.0000 2736.6619   16.7420
    7.5000  -15.0000   45.0000 2722.5437   16.6610
   -7.5000   -7.5000   45.0000 2745.4365   16.1740
    0.0000   -7.5000   45.0000 2746.3936   15.7801
    7.5000   -7.5000   45.0000 2718.8958   15.7889
   -7.5000    0.0000   45.0000 2756.1074   15.9570
    0.0000    0.0000   45.0000 2767.2717   15.4896
    7.5000    0.0000   45.0000 2742.4465   15.5480
   -7.5000    7.5000   45.0000 2733.6255   16.0913
    0.0000    7.5000   45.0000 2753.5701   15.7653
    7.5000    7.5000   45.0000 2731.0828   15.8017
   -7.5000   15.0000   45.0000 2672.3662   16.6237
    0.0000   15.0000   45.0000 2695.5891   16.3331
    7.5000   15.0000   45.0000 2673.8311   16.3861
   -7.5000   22.5000   45.0000 2584.2017   17.5640
    0.0000   22.5000   45.0000 2616.6799   17.3057
    7.5000   22.5000   45.0000 2598.1858   17.3630
   -7.5000   30.0000   45.0000 2475.8420   18.8309
    0.0000   30.0000   45.0000 2502.0200   18.5615
    7.5000   30.0000   45.0000 2483.5688   18.5813
   -7.5000   37.5000   45.0000 2358.0769   20.3754
    0.0000   37.5000   45.0000 2383.3262   20.0872
    7.5000   37.5000   45.0000 2375.2268   20.0768
   -7.5000   45.0000   45.0000 2202.9624   22.2864
    0.0000   45.0000   45.0000 2213.3003   22.0229
    7.5000   45.0000   45.0000 2208.1174   22.0030
   -7.5000  -45.0000   52.5000 2294.1101   23.9104
    0.0000  -45.0000   52.5000 2304.6992   23.4547
    7.5000  -45.0000   52.5000 2299.6050   23.6611
   -7.5000  -37.5000   52.5000 2407.9700   21.5772
    0.0000  -37.5000   52.5000 2426.0579   21.1996
    7.5000  -37.5000   52.5000 2423.1045   21.3331
   -7.5000  -30.0000   52.5000 2505.1235   19.7727
    0.0000  -30.0000   52.5000 2519.2585   19.4666
    7.5000  -30.0000   52.5000 2517.1975   19.5504
   -7.5000  -22.5000   52.5000 2602.2720   18.4562
    0.0000  -22.5000   52.5000 2606.2434   18.1521
    7.5000  -22.5000   52.5000 2602.2871   18.1891
   -7.5000  -15.0000   52.5000 2656.0015   17.4747
    0.0000  -15.0000   52.5000 2657.4280   17.0873
    7.5000  -15.0000   52.5000 2642.0129   17.0514
   -7.5000   -7.5000   52.5000 2690.2864   16.8633
    0.0000   -7.5000   52.5000 2687.6084   16.3049
    7.5000   -7.5000   52.5000 2665.2195   16.3625
   -7.5000    0.0000   52.5000 2696.2656   16.7130
    0.0000    0.0000   52.5000 2704.7251   16.1935
    7.5000    0.0000   52.5000 2683.0493   16.2595
   -7.5000    7.5000   52.5000 2675.7495   16.8398
    0.0000    7.5000   52.5000 2696.1726   16.5160
    7.5000    7.5000   52.5000 2678.7644   16.5302
   -7.5000   15.0000   52.5000 2618.1606   17.3666
    0.0000   15.0000   52.5000 2640.0542   17.1142
    7.5000   15.0000   52.5000 2624.6948   17.1579
   -7.5000   22.5000   52.5000 2543.2920   18.3142
    0.0000   22.5000   52.5000 2570.2793   17.9974
    7.5000   22.5000   52.5000 2557.7078   18.0747
   -7.5000   30.0000   52.5000 2445.7908   19.6769
    0.0000   30.0000   52.5000 2465.4702   19.3352
    7.5000   30.0000   52.5000 2459.8042   19.3718
   -7.5000   37.5000   52.5000 2316.0647   21.3269
    0.0000   37.5000   52.5000 2339.9648   20.9486
    7.5000   37.5000   52.5000 2335.1707   20.9580
   -7.5000   45.0000   52.5000 2154.1887   23.2854
    0.0000   45.0000   52.5000 2165.2786   23.0300
    7.5000   45.0000   52.5000 2162.6252   23.0490
   -7.5000  -45.0000   60.0000 2204.5483   24.9749
    0.0000  -45.0000   60.0000 2214.1194   24.4172
    7.5000  -45.0000   60.0000 2205.4048   24.6362
   -7.5000  -37.5000   60.0000 2313.4419   22.4334
    0.0000  -37.5000   60.0000 2321.7500   21.8843
    7.5000  -37.5000   60.0000 2319.8606   22.1352
   -7.5000  -30.0000   60.0000 2416.9915   20.5385
    0.0000  -30.0000   60.0000 2420.8472   20.0750
    7.5000  -30.0000   60.0000 2416.7161   20.1700
   -7.5000  -22.5000   60.0000 2503.0955   19.1982
    0.0000  -22.5000   60.0000 2504.5791   18.7027
    7.5000  -22.5000   60.0000 2500.3657   18.7718
   -7.5000  -15.0000   60.0000 2556.5776   18.2168
    0.0000  -15.0000   60.0000 2558.2378   17.7002
    7.5000  -15.0000   60.0000 2544.4438   17.7239
   -7.5000   -7.5000   60.0000 2594.2305   17.6145
    0.0000   -7.5000   60.0000 2591.8494   17.0243
    7.5000   -7.5000   60.0000 2574.9792   17.1219
   -7.5000    0.0000   60.0000 2596.5085   17.5053
    0.0000    0.0000   60.0000 2600.0889   16.9906
    7.5000    0.0000   60.0000 2584.8867   17.0532
   -7.5000    7.5000   60.0000 2573.1511   17.6631
    0.0000    7.5000   60.0000 2586.4309   17.2935
    7.5000    7.5000   60.0000 2579.2502   17.3502
   -7.5000   15.0000   60.0000 2522.1755   18.1662
    0.0000   15.0000   60.0000 2542.7312   17.8295
    7.5000   15.0000   60.0000 2533.1929   17.9195
   -7.5000   22.5000   60.0000 2457.3423   19.0782
    0.0000   22.5000   60.0000 2481.8101   18.7038
    7.5000   22.5000   60.0000 2474.6521   18.7707
   -7.5000   30.0000   60.0000 2359.9309   20.3847
    0.0000   30.0000   60.0000 2379.7939   20.0110
    7.5000   30.0000   60.0000 2370.7402   20.0420
   -7.5000   37.5000   60.0000 2232.0029   22.1135
    0.0000   37.5000   60.0000 2250.7292   21.6917
    7.5000   37.5000   60.0000 2241.2139   21.7539
   -7.5000   45.0000   60.0000 2081.6431   24.2957
    0.0000   45.0000   60.0000 2102.8521   23.9365
    7.5000   45.0000   60.0000 2100.5933   23.9692
   -7.5000  -45.0000   67.5000 2099.3542   25.9583
    0.0000  -45.0000   67.5000 2103.8477   25.3099
    7.5000  -45.0000   67.5000 2097.4355   25.5730
   -7.5000  -37.5000   67.5000 2208.1133   23.2995
    0.0000  -37.5000   67.5000 2209.5679   22.6406
    7.5000  -37.5000   67.5000 2203.0671   22.8521
   -7.5000  -30.0000   67.5000 2305.4409   21.3867
    0.0000  -30.0000   67.5000 2304.7117   20.7543
    7.5000  -30.0000   67.5000 2310.0515   20.9410
   -7.5000  -22.5000   67.5000 2390.3640   20.0282
    0.0000  -22.5000   67.5000 2389.4934   19.4193
    7.5000  -22.5000   67.5000 2385.5571   19.5399
   -7.5000  -15.0000   67.5000 2442.4287   19.0253
    0.0000  -15.0000   67.5000 2439.5076   18.4279
    7.5000  -15.0000   67.5000 2428.4917   18.5259
   -7.5000   -7.5000   67.5000 2471.9653   18.4072
    0.0000   -7.5000   67.5000 2468.8833   17.8536
    7.5000   -7.5000   67.5000 2455.1843   17.9848
   -7.5000    0.0000   67.5000 2473.0281   18.2963
    0.0000    0.0000   67.5000 2477.0574   17.7766
    7.5000    0.0000   67.5000 2466.7292   17.8552
   -7.5000    7.5000   67.5000 2451.2698   18.5100
    0.0000    7.5000   67.5000 2463.5095   18.0886
    7.5000    7.5000   67.5000 2460.2922   18.1495
   -7.5000   15.0000   67.5000 2398.7485   19.0035
    0.0000   15.0000   67.5000 2413.7466   18.6310
    7.5000   15.0000   67.5000 2409.4563   18.7024
   -7.5000   22.5000   67.5000 2330.9011   19.8795
    0.0000   22.5000   67.5000 2357.7593   19.4073
    7.5000   22.5000   67.5000 2352.3457   19.4788
   -7.5000   30.0000   67.5000 2241.3027   21.0695
    0.0000   30.0000   67.5000 2263.2832   20.5896
    7.5000   30.0000   67.5000 2255.4136   20.6676
   -7.5000   37.5000   67.5000 2124.4128   22.8368
    0.0000   37.5000   67.5000 2142.9690   22.3704
    7.5000   37.5000   67.5000 2137.3672   22.4346
   -7.5000   45.0000   67.5000 1993.6605   25.0856
    0.0000   45.0000   67.5000 2009.9966   24.6929
    7.5000   45.0000   67.5000 2005.6455   24.7048

---------------------------------------------------------------------
imgreg_4dfp /opt/freesurfer/average/711-2C_as_mni_average_305 /opt/freesurfer/average/711-2B_as_mni_average_305_mask talsrcimg_g11 none talsrcimg_to_711-2C_as_mni_average_305_t4 1283
---------------------------------------------------------------------

freesurfer imgreg_4dfp.c
/opt/freesurfer/average/711-2C_as_mni_average_305.4dfp.img
       256       256       256         1
  1.000000  1.000000  1.000000
orientation T byte_order littleendian
Reading image: /opt/freesurfer/average/711-2C_as_mni_average_305.4dfp.img
dimensions:      256       256       256
mmppix:       1.0000   -1.0000   -1.0000
center:     128.0000 -129.0000 -129.0000
/opt/freesurfer/average/711-2B_as_mni_average_305_mask.4dfp.img
       256       256       256         1
  1.000000  1.000000  1.000000
orientation T byte_order littleendian
Reading mask: /opt/freesurfer/average/711-2B_as_mni_average_305_mask.4dfp.img (2306576 pixels)
talsrcimg_g11.4dfp.img
       256       256       256         1
  1.000000  1.000000  1.000000
orientation T byte_order littleendian
Reading image: talsrcimg_g11.4dfp.img
dimensions:      256       256       256
mmppix:       1.0000   -1.0000   -1.0000
center:     128.0000 -129.0000 -129.0000
rotation matrix determinant  1.000000
fimgreg.f
image alignment mode   1283 decimal      503 hex
parameters
    0.0000  -15.0000   30.0000    0.0000    0.0000    0.0000
eta,q 0.91537 16.81024
niter,ni,del,rscale     5    3   12.0000    1.2000
parameter  2 -0.500179 -> -0.500000 qaram    1.1500
parameter  4 28.287004 ->  0.500000 qaram    1.1500
parameters
   -0.1525  -11.5500   28.0687   -3.4500   -2.1673   -2.4542
eta,q 0.93469 16.56224
  0.1052  0.1049  0.0916  0.0685  0.0725  0.0680
  0.0974  0.0945  0.0779  0.0684  0.0680  0.0654
  0.0923  0.0904  0.0768  0.0721  0.0669  0.0655
  0.0887  0.0886  0.0846  0.0769  0.0691  0.0668
  0.0899  0.0863  0.0908  0.0803  0.0735  0.0689
  0.0979  0.0851  0.0966  0.0829  0.0798  0.0707
  0.1086  0.0872  0.1061  0.0847  0.0901  0.0739
niter,ni,del,rscale     6    3   12.0000    1.2000
parameters
    0.0997  -11.4583   27.6378   -4.4488   -2.4433   -1.4095
eta,q 0.93651 16.59006
  0.0974  0.0896  0.0948  0.0726  0.0754  0.0727
  0.0838  0.0798  0.0785  0.0676  0.0693  0.0675
  0.0707  0.0711  0.0642  0.0639  0.0643  0.0641
  0.0653  0.0653  0.0652  0.0637  0.0632  0.0631
  0.0687  0.0674  0.0764  0.0680  0.0652  0.0641
  0.0791  0.0784  0.0879  0.0727  0.0706  0.0654
  0.0935  0.0897  0.0978  0.0775  0.0781  0.0670
niter,ni,del,rscale     5    3   12.0000    1.2000
parameters
    0.2679  -11.0634   27.4766   -4.8499   -2.6326   -1.1024
eta,q 0.93724 16.56278
  0.0942  0.0898  0.0953  0.0740  0.0747  0.0690
  0.0804  0.0798  0.0802  0.0684  0.0686  0.0647
  0.0681  0.0708  0.0647  0.0645  0.0638  0.0624
  0.0635  0.0635  0.0630  0.0626  0.0626  0.0626
  0.0674  0.0650  0.0720  0.0657  0.0644  0.0636
  0.0774  0.0752  0.0839  0.0710  0.0694  0.0648
  0.0915  0.0864  0.0956  0.0761  0.0765  0.0668
niter,ni,del,rscale     4    3   12.0000    1.2000
parameters
    0.4086  -10.8710   27.4002   -5.0849   -2.8039   -0.9936
eta,q 0.93736 16.54961
  0.0936  0.0883  0.0951  0.0742  0.0745  0.0680
  0.0794  0.0787  0.0807  0.0688  0.0686  0.0639
  0.0671  0.0692  0.0650  0.0648  0.0637  0.0620
  0.0628  0.0628  0.0627  0.0625  0.0626  0.0626
  0.0669  0.0657  0.0709  0.0649  0.0643  0.0635
  0.0769  0.0762  0.0824  0.0705  0.0692  0.0645
  0.0911  0.0870  0.0945  0.0755  0.0762  0.0666
niter,ni,del,rscale     3    3   12.0000    1.2000
parameters
    0.5048  -10.7677   27.3500   -5.2313   -2.9360   -0.9445
eta,q 0.93740 16.54348
  0.0931  0.0877  0.0949  0.0742  0.0745  0.0676
  0.0787  0.0781  0.0807  0.0690  0.0688  0.0636
  0.0665  0.0686  0.0651  0.0649  0.0638  0.0618
  0.0626  0.0627  0.0626  0.0625  0.0626  0.0626
  0.0670  0.0661  0.0705  0.0645  0.0642  0.0634
  0.0771  0.0765  0.0817  0.0702  0.0691  0.0643
  0.0912  0.0874  0.0940  0.0750  0.0759  0.0664
niter,ni,del,rscale     2    3   12.0000    1.2000
parameters
    0.5678  -10.7086   27.3200   -5.3155   -3.0273   -0.9116
eta,q 0.93740 16.54005
  0.0927  0.0876  0.0947  0.0742  0.0746  0.0675
  0.0783  0.0778  0.0807  0.0692  0.0689  0.0635
  0.0662  0.0682  0.0651  0.0651  0.0639  0.0618
  0.0626  0.0627  0.0626  0.0626  0.0626  0.0626
  0.0672  0.0663  0.0702  0.0643  0.0641  0.0634
  0.0772  0.0768  0.0813  0.0700  0.0689  0.0642
  0.0912  0.0876  0.0936  0.0748  0.0757  0.0663
niter,ni,del,rscale     1    3   12.0000    1.2000
parameters
    0.6087  -10.6744   27.3006   -5.3752   -3.0880   -0.8961
eta,q 0.93743 16.53825
  0.0925  0.0874  0.0947  0.0742  0.0747  0.0674
  0.0781  0.0776  0.0807  0.0692  0.0691  0.0634
  0.0661  0.0680  0.0652  0.0651  0.0641  0.0617
  0.0626  0.0626  0.0626  0.0626  0.0626  0.0626
  0.0673  0.0665  0.0701  0.0642  0.0640  0.0634
  0.0774  0.0769  0.0811  0.0699  0.0688  0.0642
  0.0913  0.0877  0.0933  0.0747  0.0756  0.0663
registration optimization eta report
parameter search radius
    6.0000    6.9000    6.0000    6.9000    6.0000    6.0000
100000*second partial in parameter space
       80.       50.       84.       24.       35.       13.
  0.0925  0.0874  0.0947  0.0742  0.0747  0.0674
  0.0781  0.0776  0.0807  0.0692  0.0691  0.0634
  0.0661  0.0680  0.0652  0.0651  0.0641  0.0617
  0.0626  0.0626  0.0626  0.0626  0.0626  0.0626
  0.0673  0.0665  0.0701  0.0642  0.0640  0.0634
  0.0774  0.0769  0.0811  0.0699  0.0688  0.0642
  0.0913  0.0877  0.0933  0.0747  0.0756  0.0663
    0.6087  -10.6744   27.3006   -5.3752   -3.0880   -0.8961
eta,q 0.93743 16.53825

---------------------------------------------------------------------
imgreg_4dfp /opt/freesurfer/average/711-2C_as_mni_average_305 /opt/freesurfer/average/711-2B_as_mni_average_305_mask talsrcimg_g11 none talsrcimg_to_711-2C_as_mni_average_305_t4 3335
---------------------------------------------------------------------

freesurfer imgreg_4dfp.c
/opt/freesurfer/average/711-2C_as_mni_average_305.4dfp.img
       256       256       256         1
  1.000000  1.000000  1.000000
orientation T byte_order littleendian
Reading image: /opt/freesurfer/average/711-2C_as_mni_average_305.4dfp.img
dimensions:      256       256       256
mmppix:       1.0000   -1.0000   -1.0000
center:     128.0000 -129.0000 -129.0000
/opt/freesurfer/average/711-2B_as_mni_average_305_mask.4dfp.img
       256       256       256         1
  1.000000  1.000000  1.000000
orientation T byte_order littleendian
Reading mask: /opt/freesurfer/average/711-2B_as_mni_average_305_mask.4dfp.img (2306576 pixels)
talsrcimg_g11.4dfp.img
       256       256       256         1
  1.000000  1.000000  1.000000
orientation T byte_order littleendian
Reading image: talsrcimg_g11.4dfp.img
dimensions:      256       256       256
mmppix:       1.0000   -1.0000   -1.0000
center:     128.0000 -129.0000 -129.0000
fimgreg.f
image alignment mode   3335 decimal      D07 hex
parameters
    0.6087  -10.6744   27.3006   -0.1574   -0.4440   -0.5843
    1.0525    5.5092   -1.5617    9.2827   -5.3870   -9.3542
eta,q 0.93167 16.54106
niter,ni,del,rscale     5    3    5.0000    1.2000
parameter  4  0.699885 ->  0.500000 qaram    1.1500
parameter  5  0.953284 ->  0.500000 qaram    1.1500
parameter  6  0.655175 ->  0.500000 qaram    1.1500
parameter 11 -0.542591 -> -0.500000 qaram    1.1500
parameters
    0.6944  -10.3889   26.4211   -4.2974   -4.5840   -4.7243
    2.7044    5.8160   -0.0724    9.5099   -1.2470   -7.6872
eta,q 0.94644 16.20526
  0.0737  0.0728  0.0697  0.0642  0.0560  0.0540  0.0578  0.0585  0.0558  0.0577  0.0563  0.0561
  0.0709  0.0706  0.0680  0.0642  0.0578  0.0541  0.0560  0.0555  0.0548  0.0559  0.0552  0.0551
  0.0691  0.0690  0.0675  0.0649  0.0603  0.0546  0.0548  0.0543  0.0543  0.0546  0.0544  0.0542
  0.0683  0.0683  0.0683  0.0675  0.0643  0.0584  0.0542  0.0540  0.0540  0.0540  0.0540  0.0537
  0.0687  0.0684  0.0701  0.0727  0.0708  0.0670  0.0541  0.0545  0.0540  0.0542  0.0537  0.0536
  0.0703  0.0694  0.0728  0.0800  0.0798  0.0786  0.0545  0.0556  0.0542  0.0553  0.0537  0.0539
  0.0731  0.0711  0.0761  0.0883  0.0907  0.0927  0.0555  0.0573  0.0548  0.0575  0.0538  0.0547
niter,ni,del,rscale     7    3    5.0000    1.2000
parameter  2 -1.441536 -> -0.500000 qaram    1.1500
parameter  3  0.582281 ->  0.500000 qaram    1.1500
parameter  5  0.573338 ->  0.500000 qaram    1.3225
parameter 12  0.827570 ->  0.500000 qaram    1.1500
parameters
    1.2664   -9.0089   25.0411   -5.5466   -9.3450   -7.9586
    2.0509    5.1298    1.3961   13.0579   -1.0530  -11.8272
eta,q 0.95266 15.68546
  0.0567  0.0610  0.0503  0.0523  0.0482  0.0487  0.0499  0.0504  0.0497  0.0516  0.0483  0.0474
  0.0553  0.0581  0.0501  0.0514  0.0483  0.0484  0.0491  0.0491  0.0491  0.0502  0.0480  0.0473
  0.0542  0.0556  0.0502  0.0508  0.0490  0.0484  0.0485  0.0485  0.0486  0.0490  0.0478  0.0474
  0.0536  0.0534  0.0507  0.0501  0.0504  0.0485  0.0484  0.0484  0.0483  0.0483  0.0478  0.0478
  0.0534  0.0517  0.0516  0.0499  0.0535  0.0498  0.0487  0.0489  0.0483  0.0478  0.0479  0.0483
  0.0538  0.0504  0.0530  0.0518  0.0598  0.0561  0.0495  0.0498  0.0485  0.0478  0.0480  0.0489
  0.0547  0.0498  0.0550  0.0565  0.0695  0.0684  0.0506  0.0512  0.0490  0.0483  0.0482  0.0497
niter,ni,del,rscale     7    3    5.0000    1.2000
parameter  2 -1.992504 -> -0.500000 qaram    1.3225
parameter 10 -0.950035 -> -0.500000 qaram    1.1500
parameter 11  0.506570 ->  0.500000 qaram    1.3225
parameter 12  0.762102 ->  0.500000 qaram    1.3225
parameters
    1.2716   -7.4219   24.3745   -5.1303  -13.9482  -10.4606
    1.2713    4.7512    0.6443   17.1979   -5.8140  -16.5882
eta,q 0.95905 15.37459
  0.0493  0.0563  0.0446  0.0461  0.0429  0.0433  0.0439  0.0450  0.0431  0.0456  0.0416  0.0411
  0.0482  0.0528  0.0441  0.0450  0.0426  0.0426  0.0431  0.0435  0.0428  0.0443  0.0414  0.0409
  0.0476  0.0499  0.0439  0.0443  0.0429  0.0424  0.0426  0.0426  0.0426  0.0433  0.0414  0.0411
  0.0473  0.0473  0.0439  0.0438  0.0437  0.0426  0.0425  0.0425  0.0424  0.0425  0.0416  0.0414
  0.0475  0.0452  0.0442  0.0433  0.0453  0.0429  0.0428  0.0429  0.0426  0.0418  0.0417  0.0419
  0.0482  0.0434  0.0449  0.0438  0.0488  0.0444  0.0436  0.0440  0.0430  0.0415  0.0419  0.0426
  0.0493  0.0420  0.0459  0.0464  0.0566  0.0508  0.0448  0.0455  0.0436  0.0415  0.0422  0.0433
niter,ni,del,rscale     7    3    5.0000    1.2000
parameter  2 -2.143613 -> -0.500000 qaram    1.5209
parameter  5  0.572768 ->  0.500000 qaram    1.5209
parameter 10 -0.626345 -> -0.500000 qaram    1.3225
parameter 12  0.749003 ->  0.500000 qaram    1.5209
parameters
    1.2641   -5.5968   23.2816   -6.4875  -19.4234  -12.7408
    1.5970    4.4294    0.8790   21.9589   -4.3880  -22.0634
eta,q 0.96704 14.93579
  0.0434  0.0526  0.0365  0.0381  0.0353  0.0361  0.0370  0.0384  0.0364  0.0407  0.0351  0.0332
  0.0421  0.0485  0.0360  0.0369  0.0350  0.0351  0.0359  0.0362  0.0355  0.0383  0.0341  0.0329
  0.0413  0.0446  0.0359  0.0363  0.0352  0.0347  0.0351  0.0349  0.0349  0.0363  0.0337  0.0331
  0.0409  0.0409  0.0361  0.0359  0.0361  0.0350  0.0347  0.0347  0.0347  0.0347  0.0336  0.0336
  0.0412  0.0379  0.0367  0.0360  0.0376  0.0356  0.0348  0.0355  0.0348  0.0337  0.0337  0.0343
  0.0420  0.0356  0.0376  0.0378  0.0396  0.0366  0.0355  0.0369  0.0353  0.0336  0.0339  0.0351
  0.0435  0.0338  0.0389  0.0418  0.0438  0.0420  0.0367  0.0388  0.0362  0.0341  0.0342  0.0359
niter,ni,del,rscale     7    3    5.0000    1.2000
parameter  2 -1.167216 -> -0.500000 qaram    1.7490
parameters
    1.1008   -3.4980   22.3478   -5.4000  -21.7231  -12.3259
    0.9706    4.6571    0.5906   23.9339   -2.5317  -26.5367
eta,q 0.97344 14.99322
  0.0355  0.0478  0.0286  0.0316  0.0304  0.0312  0.0297  0.0330  0.0298  0.0349  0.0295  0.0276
  0.0340  0.0424  0.0280  0.0298  0.0286  0.0294  0.0284  0.0297  0.0284  0.0315  0.0280  0.0268
  0.0332  0.0373  0.0278  0.0286  0.0275  0.0280  0.0276  0.0279  0.0276  0.0290  0.0273  0.0266
  0.0330  0.0329  0.0280  0.0278  0.0275  0.0274  0.0274  0.0274  0.0274  0.0274  0.0271  0.0271
  0.0334  0.0296  0.0286  0.0273  0.0288  0.0274  0.0279  0.0281  0.0278  0.0272  0.0272  0.0280
  0.0345  0.0276  0.0296  0.0279  0.0312  0.0278  0.0291  0.0297  0.0287  0.0283  0.0275  0.0292
  0.0363  0.0272  0.0311  0.0305  0.0349  0.0313  0.0308  0.0319  0.0301  0.0307  0.0279  0.0304
niter,ni,del,rscale     7    3    5.0000    1.2000
parameters
    1.0684   -2.1809   22.0071   -5.0389  -22.4874  -12.5264
    0.6178    4.7280    0.3862   25.4920   -1.2126  -27.2653
eta,q 0.97453 15.02739
  0.0299  0.0404  0.0271  0.0294  0.0301  0.0298  0.0285  0.0310  0.0282  0.0330  0.0278  0.0278
  0.0281  0.0345  0.0262  0.0277  0.0278  0.0279  0.0269  0.0278  0.0268  0.0295  0.0264  0.0263
  0.0270  0.0297  0.0257  0.0265  0.0262  0.0264  0.0260  0.0261  0.0259  0.0269  0.0257  0.0256
  0.0266  0.0266  0.0257  0.0257  0.0256  0.0256  0.0256  0.0257  0.0257  0.0257  0.0255  0.0255
  0.0269  0.0257  0.0261  0.0253  0.0263  0.0255  0.0261  0.0264  0.0260  0.0257  0.0256  0.0261
  0.0281  0.0270  0.0269  0.0264  0.0285  0.0260  0.0273  0.0282  0.0270  0.0270  0.0260  0.0270
  0.0301  0.0300  0.0281  0.0296  0.0319  0.0322  0.0291  0.0304  0.0285  0.0294  0.0266  0.0282
niter,ni,del,rscale     6    3    5.0000    1.2000
parameters
    1.1568   -1.9690   21.7981   -4.6420  -22.6877  -12.4226
    0.5006    4.8404    0.3017   26.0029   -0.3201  -27.5387
eta,q 0.97464 15.07484
  0.0291  0.0351  0.0270  0.0290  0.0302  0.0298  0.0284  0.0307  0.0279  0.0315  0.0274  0.0280
  0.0272  0.0300  0.0261  0.0274  0.0278  0.0279  0.0268  0.0275  0.0266  0.0283  0.0261  0.0264
  0.0260  0.0266  0.0256  0.0263  0.0262  0.0263  0.0258  0.0258  0.0257  0.0262  0.0255  0.0255
  0.0255  0.0255  0.0255  0.0255  0.0254  0.0254  0.0254  0.0254  0.0254  0.0254  0.0254  0.0254
  0.0257  0.0264  0.0258  0.0250  0.0258  0.0250  0.0257  0.0261  0.0257  0.0259  0.0255  0.0259
  0.0268  0.0291  0.0265  0.0260  0.0278  0.0254  0.0269  0.0278  0.0266  0.0276  0.0259  0.0268
  0.0287  0.0331  0.0276  0.0292  0.0309  0.0314  0.0286  0.0299  0.0281  0.0303  0.0265  0.0279
niter,ni,del,rscale     5    3    5.0000    1.2000
parameters
    1.1939   -1.9170   21.7613   -4.4411  -22.7732  -12.3558
    0.5073    4.8568    0.2141   26.1757    0.0705  -27.5883
eta,q 0.97469 15.09451
  0.0289  0.0342  0.0271  0.0288  0.0302  0.0297  0.0284  0.0304  0.0279  0.0311  0.0271  0.0280
  0.0270  0.0294  0.0262  0.0272  0.0278  0.0278  0.0268  0.0273  0.0265  0.0279  0.0259  0.0264
  0.0258  0.0263  0.0256  0.0262  0.0261  0.0263  0.0257  0.0257  0.0256  0.0260  0.0254  0.0255
  0.0254  0.0254  0.0254  0.0254  0.0253  0.0253  0.0253  0.0253  0.0253  0.0253  0.0253  0.0253
  0.0256  0.0265  0.0256  0.0250  0.0257  0.0249  0.0256  0.0261  0.0256  0.0260  0.0255  0.0258
  0.0268  0.0294  0.0262  0.0261  0.0276  0.0253  0.0268  0.0277  0.0266  0.0277  0.0260  0.0267
  0.0288  0.0335  0.0273  0.0294  0.0307  0.0316  0.0285  0.0299  0.0280  0.0306  0.0266  0.0278
niter,ni,del,rscale     4    3    5.0000    1.2000
parameters
    1.2037   -1.9010   21.7602   -4.3722  -22.8002  -12.3308
    0.5265    4.8470    0.1645   26.2250    0.1923  -27.5943
eta,q 0.97471 15.10082
  0.0288  0.0340  0.0271  0.0287  0.0302  0.0297  0.0284  0.0303  0.0279  0.0309  0.0269  0.0281
  0.0270  0.0292  0.0262  0.0272  0.0278  0.0278  0.0268  0.0273  0.0265  0.0278  0.0259  0.0264
  0.0258  0.0262  0.0256  0.0261  0.0261  0.0263  0.0257  0.0257  0.0256  0.0259  0.0254  0.0255
  0.0253  0.0253  0.0253  0.0253  0.0253  0.0253  0.0253  0.0253  0.0253  0.0253  0.0253  0.0253
  0.0256  0.0265  0.0255  0.0249  0.0257  0.0249  0.0256  0.0260  0.0256  0.0260  0.0255  0.0257
  0.0268  0.0294  0.0261  0.0261  0.0276  0.0253  0.0268  0.0277  0.0266  0.0278  0.0260  0.0267
  0.0288  0.0336  0.0272  0.0296  0.0306  0.0317  0.0284  0.0299  0.0279  0.0307  0.0267  0.0278
niter,ni,del,rscale     3    3    5.0000    1.2000
parameters
    1.2051   -1.8966   21.7604   -4.3539  -22.8074  -12.3307
    0.5307    4.8395    0.1469   26.2363    0.2185  -27.5915
eta,q 0.97471 15.10192
  0.0287  0.0340  0.0271  0.0286  0.0302  0.0297  0.0284  0.0303  0.0279  0.0309  0.0269  0.0281
  0.0269  0.0291  0.0262  0.0271  0.0278  0.0278  0.0268  0.0273  0.0265  0.0278  0.0258  0.0264
  0.0258  0.0261  0.0255  0.0261  0.0261  0.0263  0.0257  0.0257  0.0256  0.0259  0.0254  0.0255
  0.0253  0.0253  0.0253  0.0253  0.0253  0.0253  0.0253  0.0253  0.0253  0.0253  0.0253  0.0253
  0.0256  0.0265  0.0255  0.0249  0.0256  0.0249  0.0256  0.0260  0.0256  0.0260  0.0255  0.0257
  0.0268  0.0294  0.0261  0.0261  0.0275  0.0253  0.0268  0.0277  0.0265  0.0279  0.0260  0.0267
  0.0288  0.0336  0.0272  0.0296  0.0306  0.0318  0.0284  0.0299  0.0279  0.0308  0.0267  0.0278
registration optimization eta report
parameter search radius
    2.4000    4.1976    2.7600    8.2800   10.9503    8.2800
    7.2000    7.2000    7.2000    9.5220    9.5220   10.9503
100000*second partial in parameter space
       61.       48.       24.        6.        4.        8.
        6.        9.        5.        6.        2.        2.
  0.0287  0.0340  0.0271  0.0286  0.0302  0.0297  0.0284  0.0303  0.0279  0.0309  0.0269  0.0281
  0.0269  0.0291  0.0262  0.0271  0.0278  0.0278  0.0268  0.0273  0.0265  0.0278  0.0258  0.0264
  0.0258  0.0261  0.0255  0.0261  0.0261  0.0263  0.0257  0.0257  0.0256  0.0259  0.0254  0.0255
  0.0253  0.0253  0.0253  0.0253  0.0253  0.0253  0.0253  0.0253  0.0253  0.0253  0.0253  0.0253
  0.0256  0.0265  0.0255  0.0249  0.0256  0.0249  0.0256  0.0260  0.0256  0.0260  0.0255  0.0257
  0.0268  0.0294  0.0261  0.0261  0.0275  0.0253  0.0268  0.0277  0.0265  0.0279  0.0260  0.0267
  0.0288  0.0336  0.0272  0.0296  0.0306  0.0318  0.0284  0.0299  0.0279  0.0308  0.0267  0.0278
    1.2051   -1.8966   21.7604   -4.3539  -22.8074  -12.3307
    0.5307    4.8395    0.1469   26.2363    0.2185  -27.5915
eta,q 0.97471 15.10192

---------------------------------------------------------------------
imgreg_4dfp /opt/freesurfer/average/711-2C_as_mni_average_305 /opt/freesurfer/average/711-2B_as_mni_average_305_mask talsrcimg_g11 none talsrcimg_to_711-2C_as_mni_average_305_t4 2311
---------------------------------------------------------------------

freesurfer imgreg_4dfp.c
/opt/freesurfer/average/711-2C_as_mni_average_305.4dfp.img
       256       256       256         1
  1.000000  1.000000  1.000000
orientation T byte_order littleendian
Reading image: /opt/freesurfer/average/711-2C_as_mni_average_305.4dfp.img
dimensions:      256       256       256
mmppix:       1.0000   -1.0000   -1.0000
center:     128.0000 -129.0000 -129.0000
/opt/freesurfer/average/711-2B_as_mni_average_305_mask.4dfp.img
       256       256       256         1
  1.000000  1.000000  1.000000
orientation T byte_order littleendian
Reading mask: /opt/freesurfer/average/711-2B_as_mni_average_305_mask.4dfp.img (2306576 pixels)
talsrcimg_g11.4dfp.img
       256       256       256         1
  1.000000  1.000000  1.000000
orientation T byte_order littleendian
Reading image: talsrcimg_g11.4dfp.img
dimensions:      256       256       256
mmppix:       1.0000   -1.0000   -1.0000
center:     128.0000 -129.0000 -129.0000
fimgreg.f
image alignment mode   2311 decimal      907 hex
parameters
    1.2051   -1.8966   21.7604   -4.3539  -22.8074  -12.3307
    0.5307    4.8395    0.1469   26.2363    0.2185  -27.5915
eta,q 0.97471 15.10192
niter,ni,del,rscale     5    3    5.0000    0.8000
parameter  6 -0.576430 -> -0.500000 qaram    1.1500
parameters
    1.2453   -2.0203   21.8248   -2.4442  -22.2290   -9.5707
    0.0966    5.4298    0.4843   26.6052    1.4670  -28.0350
eta,q 0.97563 15.46779
  0.0269  0.0264  0.0260  0.0268  0.0262  0.0270  0.0259  0.0286  0.0261  0.0266  0.0256  0.0249
  0.0261  0.0257  0.0256  0.0262  0.0256  0.0261  0.0251  0.0264  0.0252  0.0255  0.0250  0.0246
  0.0255  0.0254  0.0254  0.0257  0.0252  0.0254  0.0246  0.0250  0.0247  0.0248  0.0246  0.0244
  0.0253  0.0253  0.0253  0.0253  0.0249  0.0249  0.0245  0.0245  0.0244  0.0244  0.0244  0.0244
  0.0254  0.0255  0.0253  0.0249  0.0249  0.0246  0.0248  0.0246  0.0245  0.0246  0.0244  0.0245
  0.0259  0.0260  0.0255  0.0250  0.0252  0.0245  0.0255  0.0254  0.0250  0.0251  0.0245  0.0248
  0.0268  0.0268  0.0259  0.0256  0.0258  0.0247  0.0266  0.0269  0.0257  0.0260  0.0248  0.0252
niter,ni,del,rscale     5    3    5.0000    0.8000
parameters
    1.1400   -2.2607   22.0056   -2.6743  -22.3567  -10.5731
    0.6235    5.0513    0.4362   26.3965    1.3539  -27.7604
eta,q 0.97553 15.37001
  0.0261  0.0255  0.0254  0.0260  0.0255  0.0263  0.0265  0.0268  0.0258  0.0261  0.0250  0.0253
  0.0251  0.0248  0.0248  0.0254  0.0249  0.0253  0.0255  0.0254  0.0251  0.0252  0.0247  0.0248
  0.0245  0.0244  0.0245  0.0248  0.0245  0.0247  0.0249  0.0247  0.0246  0.0247  0.0245  0.0246
  0.0244  0.0244  0.0243  0.0243  0.0244  0.0244  0.0245  0.0245  0.0245  0.0245  0.0245  0.0245
  0.0247  0.0247  0.0243  0.0243  0.0245  0.0243  0.0246  0.0249  0.0246  0.0247  0.0246  0.0245
  0.0255  0.0254  0.0246  0.0252  0.0249  0.0260  0.0250  0.0260  0.0251  0.0254  0.0247  0.0247
  0.0267  0.0264  0.0250  0.0269  0.0257  0.0312  0.0258  0.0277  0.0259  0.0265  0.0251  0.0251
niter,ni,del,rscale     4    3    5.0000    0.7000
parameters
    1.1334   -2.1802   22.1418   -2.3839  -22.2230  -10.1985
    0.4759    5.0931    0.4500   26.3722    1.3634  -27.6732
eta,q 0.97565 15.41454
  0.0259  0.0258  0.0252  0.0258  0.0254  0.0263  0.0256  0.0266  0.0255  0.0258  0.0249  0.0249
  0.0251  0.0251  0.0248  0.0253  0.0249  0.0254  0.0249  0.0253  0.0249  0.0250  0.0246  0.0246
  0.0247  0.0247  0.0246  0.0248  0.0246  0.0248  0.0245  0.0246  0.0245  0.0245  0.0244  0.0244
  0.0245  0.0245  0.0245  0.0245  0.0244  0.0244  0.0244  0.0244  0.0243  0.0243  0.0244  0.0244
  0.0246  0.0246  0.0245  0.0244  0.0245  0.0242  0.0245  0.0246  0.0245  0.0245  0.0244  0.0244
  0.0251  0.0249  0.0246  0.0248  0.0248  0.0245  0.0250  0.0253  0.0248  0.0250  0.0246  0.0246
  0.0260  0.0255  0.0250  0.0258  0.0253  0.0262  0.0258  0.0265  0.0254  0.0259  0.0248  0.0249
niter,ni,del,rscale     3    3    5.0000    0.6000
parameters
    1.1207   -2.2244   22.1600   -2.1894  -22.2060   -9.9154
    0.4878    5.1449    0.4873   26.3770    1.4340  -27.6381
eta,q 0.97572 15.44274
  0.0254  0.0252  0.0248  0.0255  0.0250  0.0257  0.0253  0.0260  0.0251  0.0254  0.0247  0.0247
  0.0248  0.0247  0.0246  0.0251  0.0247  0.0250  0.0248  0.0251  0.0247  0.0248  0.0245  0.0245
  0.0245  0.0244  0.0244  0.0246  0.0244  0.0246  0.0244  0.0245  0.0244  0.0244  0.0243  0.0243
  0.0243  0.0244  0.0243  0.0243  0.0243  0.0243  0.0243  0.0243  0.0243  0.0243  0.0243  0.0243
  0.0245  0.0245  0.0244  0.0243  0.0244  0.0242  0.0244  0.0244  0.0244  0.0244  0.0243  0.0243
  0.0249  0.0248  0.0245  0.0247  0.0246  0.0244  0.0247  0.0250  0.0246  0.0248  0.0245  0.0245
  0.0255  0.0253  0.0248  0.0255  0.0251  0.0256  0.0253  0.0259  0.0251  0.0254  0.0247  0.0247
niter,ni,del,rscale     2    3    5.0000    0.5000
parameters
    1.0956   -2.2597   22.1581   -2.0093  -22.2060   -9.6540
    0.5139    5.1901    0.4991   26.3980    1.4843  -27.6155
eta,q 0.97576 15.46792
  0.0250  0.0249  0.0246  0.0252  0.0248  0.0252  0.0249  0.0255  0.0248  0.0251  0.0246  0.0245
  0.0246  0.0245  0.0244  0.0248  0.0245  0.0248  0.0246  0.0248  0.0245  0.0246  0.0244  0.0244
  0.0244  0.0243  0.0243  0.0245  0.0243  0.0245  0.0243  0.0244  0.0243  0.0244  0.0243  0.0243
  0.0243  0.0243  0.0243  0.0243  0.0243  0.0243  0.0242  0.0242  0.0242  0.0242  0.0242  0.0242
  0.0244  0.0244  0.0243  0.0243  0.0243  0.0242  0.0243  0.0243  0.0243  0.0243  0.0243  0.0243
  0.0247  0.0246  0.0244  0.0245  0.0245  0.0244  0.0245  0.0247  0.0245  0.0246  0.0244  0.0244
  0.0251  0.0250  0.0246  0.0251  0.0248  0.0251  0.0249  0.0254  0.0248  0.0250  0.0245  0.0245
niter,ni,del,rscale     1    3    5.0000    0.4000
parameters
    1.0718   -2.2960   22.1379   -1.8816  -22.2063   -9.4111
    0.5383    5.2350    0.5184   26.4259    1.4939  -27.6274
eta,q 0.97579 15.48937
  0.0247  0.0246  0.0244  0.0249  0.0246  0.0248  0.0247  0.0251  0.0246  0.0248  0.0244  0.0244
  0.0245  0.0244  0.0243  0.0246  0.0244  0.0245  0.0244  0.0246  0.0244  0.0245  0.0243  0.0243
  0.0243  0.0243  0.0243  0.0244  0.0243  0.0244  0.0243  0.0243  0.0243  0.0243  0.0242  0.0242
  0.0242  0.0242  0.0242  0.0242  0.0242  0.0242  0.0242  0.0242  0.0242  0.0242  0.0242  0.0242
  0.0243  0.0243  0.0243  0.0243  0.0243  0.0242  0.0243  0.0243  0.0242  0.0243  0.0242  0.0242
  0.0245  0.0245  0.0243  0.0244  0.0244  0.0243  0.0244  0.0245  0.0244  0.0244  0.0243  0.0243
  0.0248  0.0247  0.0245  0.0248  0.0246  0.0247  0.0247  0.0250  0.0246  0.0247  0.0244  0.0244
registration optimization eta report
parameter search radius
    0.8000    0.8000    0.8000    2.4000    2.4000    2.7600
    2.4000    2.4000    2.4000    2.4000    2.4000    2.4000
100000*second partial in parameter space
       83.       65.       34.       11.        6.        8.
        8.       14.        6.        9.        3.        3.
  0.0247  0.0246  0.0244  0.0249  0.0246  0.0248  0.0247  0.0251  0.0246  0.0248  0.0244  0.0244
  0.0245  0.0244  0.0243  0.0246  0.0244  0.0245  0.0244  0.0246  0.0244  0.0245  0.0243  0.0243
  0.0243  0.0243  0.0243  0.0244  0.0243  0.0244  0.0243  0.0243  0.0243  0.0243  0.0242  0.0242
  0.0242  0.0242  0.0242  0.0242  0.0242  0.0242  0.0242  0.0242  0.0242  0.0242  0.0242  0.0242
  0.0243  0.0243  0.0243  0.0243  0.0243  0.0242  0.0243  0.0243  0.0242  0.0243  0.0242  0.0242
  0.0245  0.0245  0.0243  0.0244  0.0244  0.0243  0.0244  0.0245  0.0244  0.0244  0.0243  0.0243
  0.0248  0.0247  0.0245  0.0248  0.0246  0.0247  0.0247  0.0250  0.0246  0.0247  0.0244  0.0244
    1.0718   -2.2960   22.1379   -1.8816  -22.2063   -9.4111
    0.5383    5.2350    0.5184   26.4259    1.4939  -27.6274
eta,q 0.97579 15.48937

---------------------------------------------------------------------
imgreg_4dfp /opt/freesurfer/average/711-2C_as_mni_average_305 /opt/freesurfer/average/711-2B_as_mni_average_305_mask talsrcimg_g11 none talsrcimg_to_711-2C_as_mni_average_305_t4 2311
---------------------------------------------------------------------

freesurfer imgreg_4dfp.c
/opt/freesurfer/average/711-2C_as_mni_average_305.4dfp.img
       256       256       256         1
  1.000000  1.000000  1.000000
orientation T byte_order littleendian
Reading image: /opt/freesurfer/average/711-2C_as_mni_average_305.4dfp.img
dimensions:      256       256       256
mmppix:       1.0000   -1.0000   -1.0000
center:     128.0000 -129.0000 -129.0000
/opt/freesurfer/average/711-2B_as_mni_average_305_mask.4dfp.img
       256       256       256         1
  1.000000  1.000000  1.000000
orientation T byte_order littleendian
Reading mask: /opt/freesurfer/average/711-2B_as_mni_average_305_mask.4dfp.img (2306576 pixels)
talsrcimg_g11.4dfp.img
       256       256       256         1
  1.000000  1.000000  1.000000
orientation T byte_order littleendian
Reading image: talsrcimg_g11.4dfp.img
dimensions:      256       256       256
mmppix:       1.0000   -1.0000   -1.0000
center:     128.0000 -129.0000 -129.0000
fimgreg.f
image alignment mode   2311 decimal      907 hex
parameters
    1.0718   -2.2960   22.1379   -1.8816  -22.2063   -9.4111
    0.5383    5.2350    0.5184   26.4259    1.4939  -27.6274
eta,q 0.97579 15.48937
niter,ni,del,rscale     5    3    5.0000    0.8000
parameters
    1.0354   -2.3216   22.0927   -2.5635  -22.3099  -10.1928
    0.6407    5.0099    0.5116   26.3182    1.2701  -27.6541
eta,q 0.97560 15.39908
  0.0262  0.0258  0.0251  0.0258  0.0255  0.0258  0.0261  0.0270  0.0258  0.0262  0.0250  0.0251
  0.0251  0.0249  0.0246  0.0251  0.0249  0.0250  0.0252  0.0255  0.0250  0.0252  0.0246  0.0247
  0.0244  0.0244  0.0243  0.0245  0.0245  0.0246  0.0247  0.0246  0.0246  0.0246  0.0244  0.0245
  0.0242  0.0242  0.0242  0.0242  0.0243  0.0243  0.0244  0.0244  0.0244  0.0244  0.0244  0.0244
  0.0245  0.0244  0.0243  0.0245  0.0244  0.0243  0.0245  0.0248  0.0246  0.0246  0.0245  0.0245
  0.0252  0.0250  0.0246  0.0256  0.0249  0.0253  0.0251  0.0258  0.0250  0.0253  0.0247  0.0247
  0.0265  0.0259  0.0252  0.0277  0.0257  0.0288  0.0260  0.0276  0.0258  0.0264  0.0251  0.0251
niter,ni,del,rscale     4    3    5.0000    0.7000
parameters
    1.1056   -2.2219   22.1585   -2.4468  -22.2270   -9.9104
    0.4720    5.0965    0.5051   26.3394    1.3125  -27.6855
eta,q 0.97568 15.42823
  0.0260  0.0258  0.0250  0.0258  0.0253  0.0257  0.0255  0.0267  0.0254  0.0258  0.0248  0.0249
  0.0252  0.0251  0.0247  0.0253  0.0249  0.0251  0.0249  0.0254  0.0248  0.0250  0.0245  0.0246
  0.0246  0.0246  0.0245  0.0248  0.0245  0.0246  0.0245  0.0246  0.0244  0.0245  0.0244  0.0244
  0.0244  0.0244  0.0244  0.0244  0.0244  0.0244  0.0243  0.0243  0.0243  0.0243  0.0243  0.0243
  0.0245  0.0245  0.0244  0.0243  0.0244  0.0242  0.0245  0.0245  0.0244  0.0245  0.0244  0.0244
  0.0249  0.0248  0.0246  0.0248  0.0248  0.0244  0.0250  0.0252  0.0248  0.0250  0.0245  0.0246
  0.0258  0.0254  0.0249  0.0259  0.0253  0.0257  0.0258  0.0265  0.0254  0.0258  0.0248  0.0249
niter,ni,del,rscale     3    3    5.0000    0.6000
parameters
    1.1178   -2.2481   22.1419   -2.2483  -22.2309   -9.6831
    0.4721    5.1562    0.5109   26.3874    1.4231  -27.6779
eta,q 0.97573 15.45367
  0.0255  0.0252  0.0248  0.0255  0.0250  0.0253  0.0253  0.0261  0.0251  0.0254  0.0247  0.0247
  0.0248  0.0247  0.0245  0.0250  0.0246  0.0248  0.0247  0.0251  0.0246  0.0248  0.0245  0.0245
  0.0245  0.0244  0.0244  0.0246  0.0244  0.0245  0.0244  0.0245  0.0244  0.0244  0.0243  0.0243
  0.0243  0.0243  0.0243  0.0243  0.0243  0.0243  0.0243  0.0243  0.0243  0.0243  0.0243  0.0243
  0.0244  0.0244  0.0244  0.0243  0.0244  0.0242  0.0244  0.0244  0.0244  0.0244  0.0243  0.0243
  0.0248  0.0248  0.0245  0.0246  0.0246  0.0244  0.0247  0.0250  0.0246  0.0248  0.0244  0.0245
  0.0254  0.0253  0.0248  0.0255  0.0251  0.0253  0.0253  0.0260  0.0251  0.0254  0.0246  0.0247
niter,ni,del,rscale     2    3    5.0000    0.5000
parameters
    1.0963   -2.2781   22.1263   -2.0507  -22.2272   -9.4783
    0.5024    5.1974    0.5163   26.4152    1.4868  -27.6514
eta,q 0.97577 15.47634
  0.0250  0.0249  0.0246  0.0252  0.0248  0.0249  0.0249  0.0255  0.0248  0.0251  0.0245  0.0245
  0.0246  0.0245  0.0244  0.0248  0.0245  0.0246  0.0246  0.0248  0.0245  0.0246  0.0244  0.0244
  0.0244  0.0243  0.0243  0.0245  0.0243  0.0244  0.0243  0.0244  0.0243  0.0243  0.0243  0.0243
  0.0243  0.0243  0.0243  0.0243  0.0243  0.0243  0.0242  0.0242  0.0242  0.0242  0.0242  0.0242
  0.0244  0.0244  0.0243  0.0243  0.0243  0.0242  0.0243  0.0243  0.0243  0.0243  0.0243  0.0243
  0.0246  0.0246  0.0244  0.0245  0.0245  0.0243  0.0245  0.0247  0.0245  0.0246  0.0244  0.0244
  0.0251  0.0250  0.0246  0.0251  0.0248  0.0249  0.0249  0.0255  0.0248  0.0250  0.0245  0.0245
niter,ni,del,rscale     1    3    5.0000    0.4000
parameters
    1.0698   -2.3094   22.1123   -1.9218  -22.2253   -9.2732
    0.5337    5.2348    0.5217   26.4378    1.5238  -27.6826
eta,q 0.97580 15.49535
  0.0247  0.0246  0.0244  0.0249  0.0246  0.0247  0.0247  0.0251  0.0246  0.0247  0.0244  0.0244
  0.0244  0.0244  0.0243  0.0246  0.0244  0.0245  0.0244  0.0246  0.0244  0.0245  0.0243  0.0243
  0.0243  0.0243  0.0243  0.0244  0.0243  0.0243  0.0243  0.0243  0.0242  0.0243  0.0242  0.0242
  0.0242  0.0242  0.0242  0.0242  0.0242  0.0242  0.0242  0.0242  0.0242  0.0242  0.0242  0.0242
  0.0243  0.0243  0.0243  0.0242  0.0243  0.0242  0.0242  0.0243  0.0242  0.0243  0.0242  0.0242
  0.0245  0.0244  0.0243  0.0244  0.0244  0.0243  0.0244  0.0245  0.0244  0.0244  0.0243  0.0243
  0.0248  0.0247  0.0245  0.0248  0.0246  0.0246  0.0246  0.0250  0.0246  0.0247  0.0244  0.0244
registration optimization eta report
parameter search radius
    0.8000    0.8000    0.8000    2.4000    2.4000    2.4000
    2.4000    2.4000    2.4000    2.4000    2.4000    2.4000
100000*second partial in parameter space
       83.       65.       35.       11.        6.        7.
        8.       15.        7.        9.        4.        3.
  0.0247  0.0246  0.0244  0.0249  0.0246  0.0247  0.0247  0.0251  0.0246  0.0247  0.0244  0.0244
  0.0244  0.0244  0.0243  0.0246  0.0244  0.0245  0.0244  0.0246  0.0244  0.0245  0.0243  0.0243
  0.0243  0.0243  0.0243  0.0244  0.0243  0.0243  0.0243  0.0243  0.0242  0.0243  0.0242  0.0242
  0.0242  0.0242  0.0242  0.0242  0.0242  0.0242  0.0242  0.0242  0.0242  0.0242  0.0242  0.0242
  0.0243  0.0243  0.0243  0.0242  0.0243  0.0242  0.0242  0.0243  0.0242  0.0243  0.0242  0.0242
  0.0245  0.0244  0.0243  0.0244  0.0244  0.0243  0.0244  0.0245  0.0244  0.0244  0.0243  0.0243
  0.0248  0.0247  0.0245  0.0248  0.0246  0.0246  0.0246  0.0250  0.0246  0.0247  0.0244  0.0244
    1.0698   -2.3094   22.1123   -1.9218  -22.2253   -9.2732
    0.5337    5.2348    0.5217   26.4378    1.5238  -27.6826
eta,q 0.97580 15.49535

---------------------------------------------------------------------
compute_vox2vox talsrcimg talsrcimg_to_711-2C_as_mni_average_305_t4 /opt/freesurfer/average/711-2C_as_mni_average_305
---------------------------------------------------------------------

freesurfer compute_vox2vox.c
Reading: talsrcimg.4dfp.ifh
Reading: talsrcimg_to_711-2C_as_mni_average_305_t4
Reading: /opt/freesurfer/average/711-2C_as_mni_average_305.4dfp.ifh
Writing: talsrcimg_to_711-2C_as_mni_average_305_t4_vox2vox.txt

start time Wed Mar 11 02:00:05 CET 2026
end		time Wed Mar 11 02:01:32 CET 2026

mpr2mni305 success

avi2talxfm orig_nu.mgz /opt/freesurfer/average/mni305.cor.mgz talsrcimg_to_711-2C_as_mni_average_305_t4_vox2vox.txt transforms/talairach.auto.xfm
avi2talxfm done
mv -f /out/sourcedata/freesurfer/sub-v2s12x28888_ses-1/mri/talsrcimg_to_711-2C_as_mni_average_305_t4_vox2vox.txt /out/sourcedata/freesurfer/sub-v2s12x28888_ses-1/mri/transforms/talsrcimg_to_711-2C_as_mni_average_305_t4_vox2vox.txt
lta_convert --src orig_nu.mgz --trg /opt/freesurfer/average/mni305.cor.mgz --inxfm transforms/talairach.auto.xfm --outlta transforms/talairach.auto.xfm.lta --subject fsaverage
7.3.2

--src: orig_nu.mgz src image (geometry).
--trg: /opt/freesurfer/average/mni305.cor.mgz trg image (geometry).
--inmni: transforms/talairach.auto.xfm input MNI/XFM transform.
--outlta: transforms/talairach.auto.xfm.lta output LTA.
--s: fsaverage subject name
 LTA read, type : 1
 1.02053  -0.05150  -0.02533  -0.82118;
-0.01742   0.99951   0.35588  -21.25913;
-0.00092  -0.33942   1.16496   11.62943;
 0.00000   0.00000   0.00000   1.00000;
setting subject to fsaverage
Writing  LTA to file transforms/talairach.auto.xfm.lta...
lta_convert successful.
 
 
Started at Wed Mar 11 02:00:04 CET 2026
Ended   at Wed Mar 11 02:01:32 CET 2026
talairach_avi done
