status file for recon-all
Wed Mar 11 00:56:06 CET 2026
#@# Tessellate rh Wed Mar 11 00:56:06 CET 2026
#@# Smooth1 rh Wed Mar 11 00:56:11 CET 2026
#@# Inflation1 rh Wed Mar 11 00:56:14 CET 2026
#@# QSphere rh Wed Mar 11 00:56:32 CET 2026
#@# Fix Topology rh Wed Mar 11 00:58:53 CET 2026
#@# Smooth2 rh Wed Mar 11 01:06:38 CET 2026
#@# Inflation2 rh Wed Mar 11 01:06:42 CET 2026
#@# Curv .H and .K rh Wed Mar 11 01:07:04 CET 2026
#@# Sphere rh Wed Mar 11 01:08:04 CET 2026
#@# Surf Reg rh Wed Mar 11 01:13:21 CET 2026
#@# Jacobian white rh Wed Mar 11 01:20:04 CET 2026
#@# AvgCurv rh Wed Mar 11 01:20:05 CET 2026
#@# Cortical Parc rh Wed Mar 11 01:20:06 CET 2026
#@# white curv rh Wed Mar 11 01:29:13 CET 2026
#@# white area rh Wed Mar 11 01:29:15 CET 2026
#@# pial curv rh Wed Mar 11 01:29:16 CET 2026
#@# pial area rh Wed Mar 11 01:29:19 CET 2026
#@# thickness rh Wed Mar 11 01:29:20 CET 2026
#@# area and vertex vol rh Wed Mar 11 01:30:04 CET 2026
#@# Curvature Stats rh Wed Mar 11 01:30:06 CET 2026
#@# Cortical Parc 2 rh Wed Mar 11 01:30:10 CET 2026
#@# Cortical Parc 3 rh Wed Mar 11 01:30:26 CET 2026
#@# WM/GM Contrast rh Wed Mar 11 01:30:39 CET 2026
recon-all -s sub-v2s12x28864_ses-1 finished without error at Wed Mar 11 01:30:43 CET 2026



#New# invocation of recon-all 



status file for recon-all
Wed Mar 11 01:43:25 CET 2026
#@# white curv rh Wed Mar 11 01:43:25 CET 2026
#@# white area rh Wed Mar 11 01:43:25 CET 2026
#@# pial curv rh Wed Mar 11 01:43:25 CET 2026
#@# pial area rh Wed Mar 11 01:43:25 CET 2026
#@# thickness rh Wed Mar 11 01:43:25 CET 2026
#@# area and vertex vol rh Wed Mar 11 01:43:25 CET 2026
#@# Parcellation Stats rh Wed Mar 11 01:43:25 CET 2026
#@# Parcellation Stats 2 rh Wed Mar 11 01:43:53 CET 2026
#@# Parcellation Stats 3 rh Wed Mar 11 01:44:07 CET 2026
#@# BA_exvivo Labels rh Wed Mar 11 01:44:21 CET 2026
recon-all -s sub-v2s12x28864_ses-1 finished without error at Wed Mar 11 01:47:57 CET 2026
