/out/sourcedata/freesurfer/sub-v2s12x28908_ses-1/mri
/opt/freesurfer/bin/talairach_avi
--i orig_nu.mgz --xfm transforms/talairach.auto.xfm
talairach_avi 7.3.2
Linux dna040 5.14.0-427.37.1.el9_4.x86_64 #1 SMP PREEMPT_DYNAMIC Fri Sep 13 12:41:50 EDT 2024 x86_64 x86_64 x86_64 GNU/Linux
Wed Mar 11 03:00:35 CET 2026
mri_convert orig_nu.mgz talsrcimg.img 
reading from orig_nu.mgz...
TR=0.00, TE=0.00, TI=0.00, flip angle=0.00
i_ras = (-1, 0, 0)
j_ras = (0, 0, -1)
k_ras = (0, 1, 0)
writing to talsrcimg.img...
Analyze Output Matrix
-1.00000   0.00000   0.00000   135.12469;
 0.00000   0.00000   1.00000  -112.56200;
 0.00000  -1.00000   0.00000   112.15601;
 0.00000   0.00000   0.00000   1.00000;
--------------------
INFO: set hdr.hist.orient to -1
mpr2mni305 talsrcimg
Wed Mar 11 03:00:35 CET 2026
/opt/freesurfer/bin/mpr2mni305 talsrcimg
mpr2mni305 7.3.2
target=711-2C_as_mni_average_305

---------------------------------------------------------------------
analyzeto4dfp talsrcimg -O0 -y
---------------------------------------------------------------------

freesurfer ifh2hdr.c
Wed Mar 11 03:00:36 2026
Writing: talsrcimg.4dfp.hdr
freesurfer analyzeto4dfp.c
Reading: talsrcimg.hdr
header size 348 bytes
hdr.dime.datatype	offset=70	value=2
hdr.dime.bitpix		offset=72	value=8
hdr.hist.orient		offset=252	value=-1
dimensionality     4
dimensions       256       256       256         1
Reading: talsrcimg.img
Writing: talsrcimg.4dfp.img
Writing: talsrcimg.4dfp.ifh
ifh2hdr talsrcimg -r0to233
ori=2

---------------------------------------------------------------------
gauss_4dfp talsrcimg 1.1
---------------------------------------------------------------------

freesurfer gauss_4dfp.c
Reading: talsrcimg.4dfp.img
Writing: talsrcimg_g11.4dfp.img
image dimensions 256 256 256 padded to 288 288 288
processing volume 1freesurfer ifh2hdr.c
Wed Mar 11 03:00:37 2026
Writing: talsrcimg_g11.4dfp.hdr

Writing: talsrcimg_g11.4dfp.ifh
including: talsrcimg.4dfp.img.rec in talsrcimg_g11.4dfp.img.rec

---------------------------------------------------------------------
imgreg_4dfp /opt/freesurfer/average/711-2C_as_mni_average_305 none talsrcimg_g11 none talsrcimg_to_711-2C_as_mni_average_305_t4 4355
---------------------------------------------------------------------

freesurfer imgreg_4dfp.c
/opt/freesurfer/average/711-2C_as_mni_average_305.4dfp.img
       256       256       256         1
  1.000000  1.000000  1.000000
orientation T byte_order littleendian
Reading image: /opt/freesurfer/average/711-2C_as_mni_average_305.4dfp.img
dimensions:      256       256       256
mmppix:       1.0000   -1.0000   -1.0000
center:     128.0000 -129.0000 -129.0000
talsrcimg_g11.4dfp.img
       256       256       256         1
  1.000000  1.000000  1.000000
orientation T byte_order littleendian
Reading image: talsrcimg_g11.4dfp.img
dimensions:      256       256       256
mmppix:       1.0000   -1.0000   -1.0000
center:     128.0000 -129.0000 -129.0000
t4_read: open error in t4_sub.f l:  41 t4_file(1:l)talsrcimg_to_711-2C_as_mni_average_305_t4 
t4_read: transform initialized to I4
rotation matrix determinant  1.000000
image alignment mode   4355 decimal     1103 hex
   -7.5000  -45.0000  -45.0000 7322.3506   17.8567
    0.0000  -45.0000  -45.0000 7628.3018   17.8065
    7.5000  -45.0000  -45.0000 7302.9116   17.8091
   -7.5000  -37.5000  -45.0000 7835.5972   17.8375
    0.0000  -37.5000  -45.0000 8176.3999   17.7809
    7.5000  -37.5000  -45.0000 7817.5078   17.7812
   -7.5000  -30.0000  -45.0000 8648.3076   17.8113
    0.0000  -30.0000  -45.0000 9025.3721   17.7514
    7.5000  -30.0000  -45.0000 8636.4863   17.7507
   -7.5000  -22.5000  -45.0000 9447.3848   17.7943
    0.0000  -22.5000  -45.0000 9853.2861   17.7377
    7.5000  -22.5000  -45.0000 9433.1797   17.7394
   -7.5000  -15.0000  -45.000010166.4912   17.7994
    0.0000  -15.0000  -45.000010618.6396   17.7490
    7.5000  -15.0000  -45.000010131.5273   17.7539
   -7.5000   -7.5000  -45.000010813.3281   17.8206
    0.0000   -7.5000  -45.000011300.9756   17.7733
    7.5000   -7.5000  -45.000010775.4990   17.7784
   -7.5000    0.0000  -45.000011340.9189   17.8360
    0.0000    0.0000  -45.000011876.0469   17.7860
    7.5000    0.0000  -45.000011358.1172   17.7890
   -7.5000    7.5000  -45.000011016.7129   17.8297
    0.0000    7.5000  -45.000011533.0410   17.7732
    7.5000    7.5000  -45.000011043.3203   17.7737
   -7.5000   15.0000  -45.000010568.5771   17.8090
    0.0000   15.0000  -45.000011076.7256   17.7491
    7.5000   15.0000  -45.000010593.7441   17.7485
   -7.5000   22.5000  -45.000010072.7695   17.7918
    0.0000   22.5000  -45.000010564.4248   17.7353
    7.5000   22.5000  -45.000010087.4414   17.7370
   -7.5000   30.0000  -45.0000 9502.3223   17.5622
    0.0000   30.0000  -45.0000 9966.2529   17.5124
    7.5000   30.0000  -45.0000 9498.9766   17.5173
   -7.5000   37.5000  -45.0000 9173.6172   17.5831
    0.0000   37.5000  -45.0000 9611.1396   17.5365
    7.5000   37.5000  -45.0000 9157.2168   17.5415
   -7.5000   45.0000  -45.0000 8442.0557   17.1515
    0.0000   45.0000  -45.0000 8822.6045   17.1035
    7.5000   45.0000  -45.0000 8412.9648   17.1063
   -7.5000  -45.0000  -37.5000 7719.9282   17.6984
    0.0000  -45.0000  -37.5000 8064.9585   17.6630
    7.5000  -45.0000  -37.5000 7714.6147   17.6706
   -7.5000  -37.5000  -37.5000 8270.4219   17.6723
    0.0000  -37.5000  -37.5000 8641.9033   17.6300
    7.5000  -37.5000  -37.5000 8260.6230   17.6380
   -7.5000  -30.0000  -37.5000 9144.7646   17.6476
    0.0000  -30.0000  -37.5000 9543.7861   17.6034
    7.5000  -30.0000  -37.5000 9110.7295   17.6164
   -7.5000  -22.5000  -37.5000 9998.1006   17.6393
    0.0000  -22.5000  -37.500010428.4092   17.5997
    7.5000  -22.5000  -37.5000 9937.7588   17.6180
   -7.5000  -15.0000  -37.500010758.7812   17.6530
    0.0000  -15.0000  -37.500011229.8408   17.6187
    7.5000  -15.0000  -37.500010684.9600   17.6374
   -7.5000   -7.5000  -37.500011398.4600   17.6726
    0.0000   -7.5000  -37.500011924.1758   17.6407
    7.5000   -7.5000  -37.500011352.8760   17.6539
   -7.5000    0.0000  -37.500011950.5420   17.6781
    0.0000    0.0000  -37.500012535.8965   17.6428
    7.5000    0.0000  -37.500011963.8027   17.6507
   -7.5000    7.5000  -37.500011590.0898   17.6646
    0.0000    7.5000  -37.500012148.4746   17.6224
    7.5000    7.5000  -37.500011599.2324   17.6305
   -7.5000   15.0000  -37.500011112.6094   17.6453
    0.0000   15.0000  -37.500011659.8721   17.6011
    7.5000   15.0000  -37.500011117.9346   17.6142
   -7.5000   22.5000  -37.500010617.0918   17.6369
    0.0000   22.5000  -37.500011132.9580   17.5973
    7.5000   22.5000  -37.500010588.8232   17.6156
   -7.5000   30.0000  -37.500010017.0752   17.4177
    0.0000   30.0000  -37.500010517.7158   17.3839
    7.5000   30.0000  -37.5000 9969.6875   17.4023
   -7.5000   37.5000  -37.5000 9664.1094   17.4370
    0.0000   37.5000  -37.500010143.1436   17.4056
    7.5000   37.5000  -37.5000 9618.3506   17.4186
   -7.5000   45.0000  -37.5000 8873.5742   16.9997
    0.0000   45.0000  -37.5000 9285.5439   16.9657
    7.5000   45.0000  -37.5000 8830.5752   16.9733
   -7.5000  -45.0000  -30.0000 8309.2705   18.4036
    0.0000  -45.0000  -30.0000 8688.5137   18.3783
    7.5000  -45.0000  -30.0000 8306.4766   18.3915
   -7.5000  -37.5000  -30.0000 8924.5771   18.3641
    0.0000  -37.5000  -30.0000 9317.0928   18.3328
    7.5000  -37.5000  -30.0000 8896.9287   18.3482
   -7.5000  -30.0000  -30.0000 9858.5762   18.3297
    0.0000  -30.0000  -30.000010286.9229   18.2941
    7.5000  -30.0000  -30.0000 9791.1025   18.3183
   -7.5000  -22.5000  -30.000010750.5693   18.3237
    0.0000  -22.5000  -30.000011252.7695   18.2890
    7.5000  -22.5000  -30.000010694.0996   18.3196
   -7.5000  -15.0000  -30.000011533.3271   18.3485
    0.0000  -15.0000  -30.000012061.2646   18.3177
    7.5000  -15.0000  -30.000011494.6748   18.3468
   -7.5000   -7.5000  -30.000012234.7441   18.3785
    0.0000   -7.5000  -30.000012809.1504   18.3529
    7.5000   -7.5000  -30.000012202.7393   18.3734
   -7.5000    0.0000  -30.000012860.4385   18.3825
    0.0000    0.0000  -30.000013462.7031   18.3574
    7.5000    0.0000  -30.000012836.9092   18.3708
   -7.5000    7.5000  -30.000012466.6162   18.3561
    0.0000    7.5000  -30.000013052.3193   18.3250
    7.5000    7.5000  -30.000012445.9873   18.3405
   -7.5000   15.0000  -30.000011933.5342   18.3273
    0.0000   15.0000  -30.000012516.9531   18.2918
    7.5000   15.0000  -30.000011912.1436   18.3160
   -7.5000   22.5000  -30.000011374.5654   18.3192
    0.0000   22.5000  -30.000011917.2393   18.2846
    7.5000   22.5000  -30.000011332.1934   18.3151
   -7.5000   30.0000  -30.000010712.9287   18.1057
    0.0000   30.0000  -30.000011260.1934   18.0753
    7.5000   30.0000  -30.000010681.7900   18.1040
   -7.5000   37.5000  -30.000010332.7959   18.1353
    0.0000   37.5000  -30.000010866.7227   18.1101
    7.5000   37.5000  -30.000010316.2988   18.1303
   -7.5000   45.0000  -30.0000 9474.4131   17.6900
    0.0000   45.0000  -30.0000 9953.5508   17.6658
    7.5000   45.0000  -30.0000 9454.1953   17.6787
   -7.5000  -45.0000  -22.5000 8929.8105   19.0270
    0.0000  -45.0000  -22.5000 9340.3291   18.9964
    7.5000  -45.0000  -22.5000 8916.4717   19.0100
   -7.5000  -37.5000  -22.5000 9592.9014   18.9810
    0.0000  -37.5000  -22.500010014.7080   18.9458
    7.5000  -37.5000  -22.5000 9561.2080   18.9608
   -7.5000  -30.0000  -22.500010562.8379   18.9348
    0.0000  -30.0000  -22.500011029.5195   18.8919
    7.5000  -30.0000  -22.500010519.1211   18.9121
   -7.5000  -22.5000  -22.500011520.4229   18.9227
    0.0000  -22.5000  -22.500012053.2412   18.8754
    7.5000  -22.5000  -22.500011490.4482   18.8990
   -7.5000  -15.0000  -22.500012378.1895   18.9508
    0.0000  -15.0000  -22.500012938.9912   18.9063
    7.5000  -15.0000  -22.500012338.9551   18.9289
   -7.5000   -7.5000  -22.500013116.0537   18.9930
    0.0000   -7.5000  -22.500013739.3750   18.9574
    7.5000   -7.5000  -22.500013082.9238   18.9755
   -7.5000    0.0000  -22.500013761.2432   19.0052
    0.0000    0.0000  -22.500014424.0088   18.9748
    7.5000    0.0000  -22.500013739.8018   18.9887
   -7.5000    7.5000  -22.500013360.0205   18.9728
    0.0000    7.5000  -22.500014009.8398   18.9378
    7.5000    7.5000  -22.500013320.6748   18.9528
   -7.5000   15.0000  -22.500012806.8691   18.9324
    0.0000   15.0000  -22.500013439.6406   18.8895
    7.5000   15.0000  -22.500012781.3467   18.9098
   -7.5000   22.5000  -22.500012160.1709   18.9168
    0.0000   22.5000  -22.500012776.4990   18.8695
    7.5000   22.5000  -22.500012144.8887   18.8931
   -7.5000   30.0000  -22.500011419.4600   18.7029
    0.0000   30.0000  -22.500012046.9912   18.6590
    7.5000   30.0000  -22.500011438.9619   18.6813
   -7.5000   37.5000  -22.500011012.9150   18.7446
    0.0000   37.5000  -22.500011599.5127   18.7094
    7.5000   37.5000  -22.500011039.5615   18.7273
   -7.5000   45.0000  -22.500010076.5859   18.3030
    0.0000   45.0000  -22.500010598.2041   18.2737
    7.5000   45.0000  -22.500010108.1221   18.2870
   -7.5000  -45.0000  -15.0000 9554.7207   19.4910
    0.0000  -45.0000  -15.000010007.6973   19.4449
    7.5000  -45.0000  -15.0000 9561.5029   19.4521
   -7.5000  -37.5000  -15.000010273.1406   19.4499
    0.0000  -37.5000  -15.000010744.9795   19.3997
    7.5000  -37.5000  -15.000010261.5059   19.4057
   -7.5000  -30.0000  -15.000011321.0674   19.4000
    0.0000  -30.0000  -15.000011859.1055   19.3406
    7.5000  -30.0000  -15.000011313.6143   19.3456
   -7.5000  -22.5000  -15.000012372.9844   19.3791
    0.0000  -22.5000  -15.000012971.2969   19.3139
    7.5000  -22.5000  -15.000012330.2295   19.3187
   -7.5000  -15.0000  -15.000013260.0957   19.4004
    0.0000  -15.0000  -15.000013888.8496   19.3386
    7.5000  -15.0000  -15.000013215.7852   19.3451
   -7.5000   -7.5000  -15.000014019.2695   19.4460
    0.0000   -7.5000  -15.000014693.4268   19.3942
    7.5000   -7.5000  -15.000013972.1602   19.4023
   -7.5000    0.0000  -15.000014698.7188   19.4687
    0.0000    0.0000  -15.000015425.7314   19.4228
    7.5000    0.0000  -15.000014672.1211   19.4303
   -7.5000    7.5000  -15.000014273.6533   19.4415
    0.0000    7.5000  -15.000014999.6377   19.3915
    7.5000    7.5000  -15.000014243.4961   19.3977
   -7.5000   15.0000  -15.000013698.6592   19.3975
    0.0000   15.0000  -15.000014410.5898   19.3382
    7.5000   15.0000  -15.000013694.6006   19.3432
   -7.5000   22.5000  -15.000012986.9951   19.3722
    0.0000   22.5000  -15.000013672.3770   19.3070
    7.5000   22.5000  -15.000013016.3809   19.3118
   -7.5000   30.0000  -15.000012180.8926   19.1493
    0.0000   30.0000  -15.000012858.4590   19.0883
    7.5000   30.0000  -15.000012238.8662   19.0947
   -7.5000   37.5000  -15.000011715.1963   19.1944
    0.0000   37.5000  -15.000012368.8857   19.1432
    7.5000   37.5000  -15.000011780.9258   19.1512
   -7.5000   45.0000  -15.000010728.4893   18.7607
    0.0000   45.0000  -15.000011305.2275   18.7164
    7.5000   45.0000  -15.000010789.3877   18.7236
   -7.5000  -45.0000   -7.500010216.6035   19.7336
    0.0000  -45.0000   -7.500010678.5430   19.6763
    7.5000  -45.0000   -7.500010212.6826   19.6774
   -7.5000  -37.5000   -7.500011005.1846   19.7061
    0.0000  -37.5000   -7.500011502.9229   19.6434
    7.5000  -37.5000   -7.500010989.3125   19.6415
   -7.5000  -30.0000   -7.500012175.7832   19.6664
    0.0000  -30.0000   -7.500012731.1260   19.5966
    7.5000  -30.0000   -7.500012124.5586   19.5910
   -7.5000  -22.5000   -7.500013320.3682   19.6424
    0.0000  -22.5000   -7.500013935.8096   19.5710
    7.5000  -22.5000   -7.500013255.0732   19.5654
   -7.5000  -15.0000   -7.500014239.1621   19.6515
    0.0000  -15.0000   -7.500014904.8652   19.5856
    7.5000  -15.0000   -7.500014175.5820   19.5838
   -7.5000   -7.5000   -7.500015006.9941   19.6865
    0.0000   -7.5000   -7.500015698.9736   19.6277
    7.5000   -7.5000   -7.500014965.3584   19.6292
   -7.5000    0.0000   -7.500015718.5889   19.7110
    0.0000    0.0000   -7.500016449.5430   19.6539
    7.5000    0.0000   -7.500015711.2139   19.6554
   -7.5000    7.5000   -7.500015278.8779   19.6975
    0.0000    7.5000   -7.500016043.7783   19.6351
    7.5000    7.5000   -7.500015290.3584   19.6333
   -7.5000   15.0000   -7.500014678.4346   19.6638
    0.0000   15.0000   -7.500015432.2861   19.5942
    7.5000   15.0000   -7.500014715.0615   19.5886
   -7.5000   22.5000   -7.500013869.1475   19.6333
    0.0000   22.5000   -7.500014627.8984   19.5619
    7.5000   22.5000   -7.500013959.7988   19.5563
   -7.5000   30.0000   -7.500012994.1465   19.3967
    0.0000   30.0000   -7.500013731.4082   19.3316
    7.5000   30.0000   -7.500013099.5391   19.3299
   -7.5000   37.5000   -7.500012539.4541   19.4312
    0.0000   37.5000   -7.500013236.2344   19.3731
    7.5000   37.5000   -7.500012616.4873   19.3746
   -7.5000   45.0000   -7.500011509.1816   18.9977
    0.0000   45.0000   -7.500012133.2988   18.9427
    7.5000   45.0000   -7.500011553.6426   18.9441
   -7.5000  -45.0000    0.000010802.4697   19.7822
    0.0000  -45.0000    0.000011297.4688   19.7271
    7.5000  -45.0000    0.000010791.7412   19.7294
   -7.5000  -37.5000    0.000011668.2617   19.7618
    0.0000  -37.5000    0.000012178.6016   19.6998
    7.5000  -37.5000    0.000011613.5010   19.6997
   -7.5000  -30.0000    0.000012931.0654   19.7340
    0.0000  -30.0000    0.000013515.4307   19.6685
    7.5000  -30.0000    0.000012829.6514   19.6675
   -7.5000  -22.5000    0.000014168.9629   19.7153
    0.0000  -22.5000    0.000014839.2783   19.6538
    7.5000  -22.5000    0.000014050.9375   19.6555
   -7.5000  -15.0000    0.000015222.6104   19.7203
    0.0000  -15.0000    0.000015946.3838   19.6654
    7.5000  -15.0000    0.000015122.9717   19.6704
   -7.5000   -7.5000    0.000015998.9551   19.7428
    0.0000   -7.5000    0.000016706.2930   19.6911
    7.5000   -7.5000    0.000015974.7959   19.6961
   -7.5000    0.0000    0.000016657.4102   19.7595
    0.0000    0.0000    0.000017399.1816   19.7047
    7.5000    0.0000    0.000016696.6230   19.7074
   -7.5000    7.5000    0.000016180.8037   19.7532
    0.0000    7.5000    0.000016981.0410   19.6913
    7.5000    7.5000    0.000016284.5127   19.6914
   -7.5000   15.0000    0.000015580.7891   19.7315
    0.0000   15.0000    0.000016396.5508   19.6660
    7.5000   15.0000    0.000015671.2246   19.6651
   -7.5000   22.5000    0.000014785.9902   19.7062
    0.0000   22.5000    0.000015592.5586   19.6447
    7.5000   22.5000    0.000014889.6924   19.6464
   -7.5000   30.0000    0.000013884.1455   19.4650
    0.0000   30.0000    0.000014650.0127   19.4109
    7.5000   30.0000    0.000013955.1836   19.4158
   -7.5000   37.5000    0.000013427.4355   19.4872
    0.0000   37.5000    0.000014172.1123   19.4363
    7.5000   37.5000    0.000013478.6680   19.4412
   -7.5000   45.0000    0.000012364.3398   19.0459
    0.0000   45.0000    0.000013002.5645   18.9931
    7.5000   45.0000    0.000012339.5420   18.9957
   -7.5000  -45.0000    7.500010519.6436   19.7757
    0.0000  -45.0000    7.500010977.8574   19.7361
    7.5000  -45.0000    7.500010451.7246   19.7446
   -7.5000  -37.5000    7.500011378.8350   19.7469
    0.0000  -37.5000    7.500011876.1514   19.6997
    7.5000  -37.5000    7.500011279.5830   19.7086
   -7.5000  -30.0000    7.500012601.2686   19.7193
    0.0000  -30.0000    7.500013178.7734   19.6700
    7.5000  -30.0000    7.500012488.8398   19.6845
   -7.5000  -22.5000    7.500013829.5391   19.7097
    0.0000  -22.5000    7.500014542.8135   19.6655
    7.5000  -22.5000    7.500013717.8584   19.6860
   -7.5000  -15.0000    7.500015003.3516   19.7245
    0.0000  -15.0000    7.500015796.6289   19.6863
    7.5000  -15.0000    7.500014910.7266   19.7072
   -7.5000   -7.5000    7.500015925.6934   19.7465
    0.0000   -7.5000    7.500016757.6406   19.7108
    7.5000   -7.5000    7.500015953.2666   19.7256
   -7.5000    0.0000    7.500016582.1738   19.7531
    0.0000    0.0000    7.500017379.2246   19.7136
    7.5000    0.0000    7.500016643.6289   19.7225
   -7.5000    7.5000    7.500016124.3564   19.7383
    0.0000    7.5000    7.500016863.3613   19.6912
    7.5000    7.5000    7.500016127.9160   19.7003
   -7.5000   15.0000    7.500015546.0273   19.7168
    0.0000   15.0000    7.500016268.1582   19.6674
    7.5000   15.0000    7.500015462.5625   19.6821
   -7.5000   22.5000    7.500014817.8848   19.7006
    0.0000   22.5000    7.500015554.4902   19.6564
    7.5000   22.5000    7.500014696.0742   19.6769
   -7.5000   30.0000    7.500013891.6172   19.4693
    0.0000   30.0000    7.500014639.3770   19.4315
    7.5000   30.0000    7.500013761.7148   19.4521
   -7.5000   37.5000    7.500013396.9072   19.4909
    0.0000   37.5000    7.500014144.9971   19.4557
    7.5000   37.5000    7.500013288.8428   19.4703
   -7.5000   45.0000    7.500012282.9795   19.0397
    0.0000   45.0000    7.500012949.1768   19.0017
    7.5000   45.0000    7.500012165.5244   19.0102
   -7.5000  -45.0000   15.000010064.9570   19.7601
    0.0000  -45.0000   15.000010574.9443   19.7330
    7.5000  -45.0000   15.000010041.5449   19.7472
   -7.5000  -37.5000   15.000010887.0811   19.7179
    0.0000  -37.5000   15.000011448.1270   19.6843
    7.5000  -37.5000   15.000010838.0430   19.7008
   -7.5000  -30.0000   15.000012055.7109   19.6809
    0.0000  -30.0000   15.000012672.5479   19.6428
    7.5000  -30.0000   15.000012000.1934   19.6688
   -7.5000  -22.5000   15.000013240.0889   19.6745
    0.0000  -22.5000   15.000013933.1104   19.6374
    7.5000  -22.5000   15.000013181.4824   19.6702
   -7.5000  -15.0000   15.000014429.8721   19.7012
    0.0000  -15.0000   15.000015308.7246   19.6681
    7.5000  -15.0000   15.000014333.3525   19.6994
   -7.5000   -7.5000   15.000015620.2803   19.7333
    0.0000   -7.5000   15.000016657.4668   19.7058
    7.5000   -7.5000   15.000015489.1543   19.7279
   -7.5000    0.0000   15.000016445.3047   19.7375
    0.0000    0.0000   15.000017352.6094   19.7105
    7.5000    0.0000   15.000016207.5703   19.7249
   -7.5000    7.5000   15.000015887.8555   19.7093
    0.0000    7.5000   15.000016648.6953   19.6758
    7.5000    7.5000   15.000015587.9131   19.6925
   -7.5000   15.0000   15.000015195.1973   19.6784
    0.0000   15.0000   15.000015887.4033   19.6403
    7.5000   15.0000   15.000014883.3359   19.6663
   -7.5000   22.5000   15.000014419.2637   19.6654
    0.0000   22.5000   15.000015126.7432   19.6283
    7.5000   22.5000   15.000014184.9863   19.6611
   -7.5000   30.0000   15.000013491.1660   19.4462
    0.0000   30.0000   15.000014208.5938   19.4135
    7.5000   30.0000   15.000013332.8818   19.4444
   -7.5000   37.5000   15.000012986.8262   19.4779
    0.0000   37.5000   15.000013684.4277   19.4508
    7.5000   37.5000   15.000012889.3896   19.4725
   -7.5000   45.0000   15.000011929.1377   19.0247
    0.0000   45.0000   15.000012550.6387   18.9987
    7.5000   45.0000   15.000011832.5098   19.0126
   -7.5000  -45.0000   22.5000 9489.5469   19.7527
    0.0000  -45.0000   22.500010001.0098   19.7210
    7.5000  -45.0000   22.5000 9511.6426   19.7351
   -7.5000  -37.5000   22.500010262.2471   19.7050
    0.0000  -37.5000   22.500010851.4697   19.6685
    7.5000  -37.5000   22.500010285.5225   19.6840
   -7.5000  -30.0000   22.500011399.1611   19.6570
    0.0000  -30.0000   22.500012033.7080   19.6125
    7.5000  -30.0000   22.500011405.5234   19.6335
   -7.5000  -22.5000   22.500012580.6084   19.6444
    0.0000  -22.5000   22.500013274.9658   19.5954
    7.5000  -22.5000   22.500012552.2861   19.6199
   -7.5000  -15.0000   22.500013738.4795   19.6736
    0.0000  -15.0000   22.500014529.9307   19.6274
    7.5000  -15.0000   22.500013665.7969   19.6509
   -7.5000   -7.5000   22.500014793.6221   19.7174
    0.0000   -7.5000   22.500015538.1738   19.6805
    7.5000   -7.5000   22.500014628.5361   19.6993
   -7.5000    0.0000   22.500015501.5732   19.7301
    0.0000    0.0000   22.500016165.2500   19.6986
    7.5000    0.0000   22.500015275.4785   19.7129
   -7.5000    7.5000   22.500015024.4971   19.6965
    0.0000    7.5000   22.500015727.8691   19.6601
    7.5000    7.5000   22.500014819.1387   19.6758
   -7.5000   15.0000   22.500014407.5488   19.6545
    0.0000   15.0000   22.500015147.8926   19.6100
    7.5000   15.0000   22.500014256.4287   19.6311
   -7.5000   22.5000   22.500013648.1650   19.6353
    0.0000   22.5000   22.500014431.1582   19.5863
    7.5000   22.5000   22.500013562.3193   19.6108
   -7.5000   30.0000   22.500012762.8613   19.4190
    0.0000   30.0000   22.500013533.9385   19.3734
    7.5000   30.0000   22.500012714.3574   19.3966
   -7.5000   37.5000   22.500012261.6611   19.4622
    0.0000   37.5000   22.500012993.6006   19.4258
    7.5000   37.5000   22.500012225.3477   19.4443
   -7.5000   45.0000   22.500011267.6279   19.0176
    0.0000   45.0000   22.500011879.7607   18.9872
    7.5000   45.0000   22.500011224.9805   19.0010
   -7.5000  -45.0000   30.0000 8875.7871   19.7665
    0.0000  -45.0000   30.0000 9354.2041   19.7197
    7.5000  -45.0000   30.0000 8908.0625   19.7270
   -7.5000  -37.5000   30.0000 9606.3770   19.7247
    0.0000  -37.5000   30.000010147.8311   19.6739
    7.5000  -37.5000   30.0000 9628.7227   19.6800
   -7.5000  -30.0000   30.000010697.3262   19.6741
    0.0000  -30.0000   30.000011270.6504   19.6139
    7.5000  -30.0000   30.000010695.7422   19.6189
   -7.5000  -22.5000   30.000011768.5781   19.6530
    0.0000  -22.5000   30.000012362.0928   19.5868
    7.5000  -22.5000   30.000011759.1113   19.5917
   -7.5000  -15.0000   30.000012776.2871   19.6747
    0.0000  -15.0000   30.000013431.9531   19.6119
    7.5000  -15.0000   30.000012753.0000   19.6184
   -7.5000   -7.5000   30.000013678.2764   19.7209
    0.0000   -7.5000   30.000014225.4971   19.6683
    7.5000   -7.5000   30.000013548.4980   19.6765
   -7.5000    0.0000   30.000014295.1807   19.7438
    0.0000    0.0000   30.000014838.8711   19.6973
    7.5000    0.0000   30.000014147.4473   19.7049
   -7.5000    7.5000   30.000013872.4766   19.7162
    0.0000    7.5000   30.000014516.5918   19.6655
    7.5000    7.5000   30.000013803.1943   19.6718
   -7.5000   15.0000   30.000013369.1855   19.6716
    0.0000   15.0000   30.000014047.3262   19.6114
    7.5000   15.0000   30.000013341.0215   19.6165
   -7.5000   22.5000   30.000012738.5156   19.6439
    0.0000   22.5000   30.000013418.6270   19.5777
    7.5000   22.5000   30.000012715.8008   19.5826
   -7.5000   30.0000   30.000011914.7168   19.4200
    0.0000   30.0000   30.000012577.7139   19.3581
    7.5000   30.0000   30.000011910.6543   19.3645
   -7.5000   37.5000   30.000011434.9170   19.4657
    0.0000   37.5000   30.000012055.5449   19.4138
    7.5000   37.5000   30.000011409.6055   19.4219
   -7.5000   45.0000   30.000010469.7646   19.0308
    0.0000   45.0000   30.000011008.5635   18.9860
    7.5000   45.0000   30.000010438.1748   18.9933
   -7.5000  -45.0000   37.5000 8652.8291   20.0294
    0.0000  -45.0000   37.5000 9120.9307   19.9713
    7.5000  -45.0000   37.5000 8685.6299   19.9729
   -7.5000  -37.5000   37.5000 9371.2881   20.0006
    0.0000  -37.5000   37.5000 9888.3223   19.9370
    7.5000  -37.5000   37.5000 9398.1113   19.9356
   -7.5000  -30.0000   37.500010398.0088   19.9598
    0.0000  -30.0000   37.500010913.9531   19.8887
    7.5000  -30.0000   37.500010406.2656   19.8835
   -7.5000  -22.5000   37.500011382.6025   19.9356
    0.0000  -22.5000   37.500011941.0049   19.8627
    7.5000  -22.5000   37.500011405.5723   19.8575
   -7.5000  -15.0000   37.500012308.0166   19.9455
    0.0000  -15.0000   37.500012890.8779   19.8784
    7.5000  -15.0000   37.500012321.5156   19.8769
   -7.5000   -7.5000   37.500013129.8564   19.9814
    0.0000   -7.5000   37.500013621.3701   19.9218
    7.5000   -7.5000   37.500013036.3301   19.9236
   -7.5000    0.0000   37.500013742.9531   20.0061
    0.0000    0.0000   37.500014312.2676   19.9483
    7.5000    0.0000   37.500013670.6152   19.9503
   -7.5000    7.5000   37.500013368.5615   19.9919
    0.0000    7.5000   37.500014008.4219   19.9284
    7.5000    7.5000   37.500013368.0820   19.9271
   -7.5000   15.0000   37.500012895.1699   19.9571
    0.0000   15.0000   37.500013540.1016   19.8861
    7.5000   15.0000   37.500012902.4062   19.8811
   -7.5000   22.5000   37.500012333.3389   19.9263
    0.0000   22.5000   37.500012935.6133   19.8535
    7.5000   22.5000   37.500012307.4561   19.8483
   -7.5000   30.0000   37.500011545.6045   19.6874
    0.0000   30.0000   37.500012111.9590   19.6212
    7.5000   30.0000   37.500011503.5283   19.6197
   -7.5000   37.5000   37.500011085.9189   19.7228
    0.0000   37.5000   37.500011647.9609   19.6640
    7.5000   37.5000   37.500011041.9834   19.6658
   -7.5000   45.0000   37.500010134.3340   19.2837
    0.0000   45.0000   37.500010639.9316   19.2279
    7.5000   45.0000   37.500010110.0928   19.2298
   -7.5000  -45.0000   45.0000 8019.2749   20.3110
    0.0000  -45.0000   45.0000 8441.0352   20.2545
    7.5000  -45.0000   45.0000 8036.7720   20.2567
   -7.5000  -37.5000   45.0000 8651.0635   20.2883
    0.0000  -37.5000   45.0000 9079.5996   20.2243
    7.5000  -37.5000   45.0000 8653.4814   20.2243
   -7.5000  -30.0000   45.0000 9556.8311   20.2582
    0.0000  -30.0000   45.0000 9993.8145   20.1907
    7.5000  -30.0000   45.0000 9572.2617   20.1898
   -7.5000  -22.5000   45.000010479.0029   20.2390
    0.0000  -22.5000   45.000010963.1309   20.1757
    7.5000  -22.5000   45.000010509.4980   20.1775
   -7.5000  -15.0000   45.000011316.1826   20.2454
    0.0000  -15.0000   45.000011831.3936   20.1892
    7.5000  -15.0000   45.000011341.1641   20.1942
   -7.5000   -7.5000   45.000012041.2158   20.2698
    0.0000   -7.5000   45.000012523.5508   20.2170
    7.5000   -7.5000   45.000012006.8760   20.2218
   -7.5000    0.0000   45.000012622.7852   20.2869
    0.0000    0.0000   45.000013159.9346   20.2307
    7.5000    0.0000   45.000012602.7021   20.2333
   -7.5000    7.5000   45.000012273.1631   20.2791
    0.0000    7.5000   45.000012852.2617   20.2154
    7.5000    7.5000   45.000012276.4258   20.2155
   -7.5000   15.0000   45.000011833.7148   20.2554
    0.0000   15.0000   45.000012392.4277   20.1880
    7.5000   15.0000   45.000011852.5342   20.1872
   -7.5000   22.5000   45.000011325.6514   20.2295
    0.0000   22.5000   45.000011864.7510   20.1663
    7.5000   22.5000   45.000011325.6689   20.1681
   -7.5000   30.0000   45.000010605.7891   19.9817
    0.0000   30.0000   45.000011118.4131   19.9262
    7.5000   30.0000   45.000010591.1641   19.9311
   -7.5000   37.5000   45.000010197.0479   20.0057
    0.0000   37.5000   45.000010694.0693   19.9536
    7.5000   37.5000   45.000010172.4570   19.9583
   -7.5000   45.0000   45.0000 9342.8887   19.5631
    0.0000   45.0000   45.0000 9766.0537   19.5090
    7.5000   45.0000   45.0000 9305.6963   19.5114

---------------------------------------------------------------------
imgreg_4dfp /opt/freesurfer/average/711-2C_as_mni_average_305 /opt/freesurfer/average/711-2B_as_mni_average_305_mask talsrcimg_g11 none talsrcimg_to_711-2C_as_mni_average_305_t4 4355
---------------------------------------------------------------------

freesurfer imgreg_4dfp.c
/opt/freesurfer/average/711-2C_as_mni_average_305.4dfp.img
       256       256       256         1
  1.000000  1.000000  1.000000
orientation T byte_order littleendian
Reading image: /opt/freesurfer/average/711-2C_as_mni_average_305.4dfp.img
dimensions:      256       256       256
mmppix:       1.0000   -1.0000   -1.0000
center:     128.0000 -129.0000 -129.0000
/opt/freesurfer/average/711-2B_as_mni_average_305_mask.4dfp.img
       256       256       256         1
  1.000000  1.000000  1.000000
orientation T byte_order littleendian
Reading mask: /opt/freesurfer/average/711-2B_as_mni_average_305_mask.4dfp.img (2306576 pixels)
talsrcimg_g11.4dfp.img
       256       256       256         1
  1.000000  1.000000  1.000000
orientation T byte_order littleendian
Reading image: talsrcimg_g11.4dfp.img
dimensions:      256       256       256
mmppix:       1.0000   -1.0000   -1.0000
center:     128.0000 -129.0000 -129.0000
rotation matrix determinant  1.000000
image alignment mode   4355 decimal     1103 hex
   -7.5000  -45.0000  -45.0000 2042.9994   22.3974
    0.0000  -45.0000  -45.0000 2044.5208   22.2353
    7.5000  -45.0000  -45.0000 2028.3268   22.4916
   -7.5000  -37.5000  -45.0000 2139.3662   20.2936
    0.0000  -37.5000  -45.0000 2144.8845   20.1664
    7.5000  -37.5000  -45.0000 2122.8574   20.3109
   -7.5000  -30.0000  -45.0000 2219.4954   18.8419
    0.0000  -30.0000  -45.0000 2224.9045   18.7072
    7.5000  -30.0000  -45.0000 2206.0020   18.8141
   -7.5000  -22.5000  -45.0000 2273.2363   17.7633
    0.0000  -22.5000  -45.0000 2279.8105   17.6786
    7.5000  -22.5000  -45.0000 2261.6187   17.7917
   -7.5000  -15.0000  -45.0000 2301.4751   17.0948
    0.0000  -15.0000  -45.0000 2308.2319   17.0134
    7.5000  -15.0000  -45.0000 2284.4429   17.1737
   -7.5000   -7.5000  -45.0000 2315.8286   16.7674
    0.0000   -7.5000  -45.0000 2324.6023   16.6782
    7.5000   -7.5000  -45.0000 2297.1287   16.8541
   -7.5000    0.0000  -45.0000 2308.5894   16.7344
    0.0000    0.0000  -45.0000 2319.5730   16.6635
    7.5000    0.0000  -45.0000 2295.9824   16.8056
   -7.5000    7.5000  -45.0000 2289.4934   17.0407
    0.0000    7.5000  -45.0000 2301.7729   16.9044
    7.5000    7.5000  -45.0000 2277.1980   17.0676
   -7.5000   15.0000  -45.0000 2246.1250   17.6254
    0.0000   15.0000  -45.0000 2259.6367   17.5017
    7.5000   15.0000  -45.0000 2233.0940   17.6331
   -7.5000   22.5000  -45.0000 2185.5032   18.5539
    0.0000   22.5000  -45.0000 2201.7183   18.4310
    7.5000   22.5000  -45.0000 2171.2280   18.5987
   -7.5000   30.0000  -45.0000 2105.8381   19.8620
    0.0000   30.0000  -45.0000 2115.8052   19.7022
    7.5000   30.0000  -45.0000 2093.6729   19.9415
   -7.5000   37.5000  -45.0000 2010.8993   21.6724
    0.0000   37.5000  -45.0000 2017.2732   21.4724
    7.5000   37.5000  -45.0000 1997.0105   21.7650
   -7.5000   45.0000  -45.0000 1894.6481   24.1963
    0.0000   45.0000  -45.0000 1899.6250   23.9446
    7.5000   45.0000  -45.0000 1886.9824   24.2207
   -7.5000  -45.0000  -37.5000 2109.4114   20.9600
    0.0000  -45.0000  -37.5000 2119.0300   20.8961
    7.5000  -45.0000  -37.5000 2100.0784   21.0246
   -7.5000  -37.5000  -37.5000 2216.1521   18.9345
    0.0000  -37.5000  -37.5000 2221.5781   18.8776
    7.5000  -37.5000  -37.5000 2198.9143   18.9779
   -7.5000  -30.0000  -37.5000 2309.0259   17.5122
    0.0000  -30.0000  -37.5000 2312.3230   17.4287
    7.5000  -30.0000  -37.5000 2292.0774   17.5375
   -7.5000  -22.5000  -37.5000 2373.2349   16.5366
    0.0000  -22.5000  -37.5000 2375.5449   16.4830
    7.5000  -22.5000  -37.5000 2348.4109   16.6028
   -7.5000  -15.0000  -37.5000 2405.4023   15.8772
    0.0000  -15.0000  -37.5000 2412.4683   15.8628
    7.5000  -15.0000  -37.5000 2381.7231   15.9792
   -7.5000   -7.5000  -37.5000 2420.0823   15.5146
    0.0000   -7.5000  -37.5000 2428.6873   15.4451
    7.5000   -7.5000  -37.5000 2398.5171   15.6107
   -7.5000    0.0000  -37.5000 2416.1809   15.4327
    0.0000    0.0000  -37.5000 2432.2666   15.3678
    7.5000    0.0000  -37.5000 2401.9617   15.5068
   -7.5000    7.5000  -37.5000 2398.8872   15.6685
    0.0000    7.5000  -37.5000 2412.7808   15.5809
    7.5000    7.5000  -37.5000 2382.7209   15.7337
   -7.5000   15.0000  -37.5000 2352.0540   16.2485
    0.0000   15.0000  -37.5000 2370.9768   16.1445
    7.5000   15.0000  -37.5000 2343.4607   16.2695
   -7.5000   22.5000  -37.5000 2290.3831   17.0989
    0.0000   22.5000  -37.5000 2307.0017   16.9827
    7.5000   22.5000  -37.5000 2278.2751   17.1184
   -7.5000   30.0000  -37.5000 2206.4023   18.3140
    0.0000   30.0000  -37.5000 2218.8711   18.1702
    7.5000   30.0000  -37.5000 2190.4934   18.3137
   -7.5000   37.5000  -37.5000 2108.1177   19.9032
    0.0000   37.5000  -37.5000 2118.5486   19.7569
    7.5000   37.5000  -37.5000 2092.9885   19.9749
   -7.5000   45.0000  -37.5000 1985.9636   22.1196
    0.0000   45.0000  -37.5000 1993.6685   21.9430
    7.5000   45.0000  -37.5000 1979.5425   22.1692
   -7.5000  -45.0000  -30.0000 2212.8149   20.3909
    0.0000  -45.0000  -30.0000 2222.5098   20.3380
    7.5000  -45.0000  -30.0000 2204.1455   20.4382
   -7.5000  -37.5000  -30.0000 2333.6521   18.4960
    0.0000  -37.5000  -30.0000 2339.8994   18.4136
    7.5000  -37.5000  -30.0000 2317.4360   18.4943
   -7.5000  -30.0000  -30.0000 2434.3645   16.9895
    0.0000  -30.0000  -30.0000 2442.7195   16.9036
    7.5000  -30.0000  -30.0000 2411.4976   16.9700
   -7.5000  -22.5000  -30.0000 2506.2881   15.9373
    0.0000  -22.5000  -30.0000 2514.5610   15.8627
    7.5000  -22.5000  -30.0000 2479.6577   15.9838
   -7.5000  -15.0000  -30.0000 2539.9241   15.2571
    0.0000  -15.0000  -30.0000 2552.3069   15.2100
    7.5000  -15.0000  -30.0000 2521.5178   15.3515
   -7.5000   -7.5000  -30.0000 2561.9705   14.8648
    0.0000   -7.5000  -30.0000 2574.0623   14.7984
    7.5000   -7.5000  -30.0000 2542.7817   14.9580
   -7.5000    0.0000  -30.0000 2568.3787   14.8084
    0.0000    0.0000  -30.0000 2584.6743   14.7286
    7.5000    0.0000  -30.0000 2554.6943   14.8682
   -7.5000    7.5000  -30.0000 2551.7891   15.0173
    0.0000    7.5000  -30.0000 2565.8413   14.9394
    7.5000    7.5000  -30.0000 2534.3569   15.0683
   -7.5000   15.0000  -30.0000 2500.0671   15.5428
    0.0000   15.0000  -30.0000 2519.6599   15.4396
    7.5000   15.0000  -30.0000 2486.0784   15.5658
   -7.5000   22.5000  -30.0000 2432.7534   16.3027
    0.0000   22.5000  -30.0000 2450.8308   16.2028
    7.5000   22.5000  -30.0000 2415.7703   16.3309
   -7.5000   30.0000  -30.0000 2337.0071   17.3844
    0.0000   30.0000  -30.0000 2358.5952   17.2746
    7.5000   30.0000  -30.0000 2323.2905   17.3925
   -7.5000   37.5000  -30.0000 2230.2559   18.8925
    0.0000   37.5000  -30.0000 2249.8477   18.7750
    7.5000   37.5000  -30.0000 2223.4727   18.9320
   -7.5000   45.0000  -30.0000 2104.0005   20.9295
    0.0000   45.0000  -30.0000 2118.7932   20.8182
    7.5000   45.0000  -30.0000 2100.5776   20.9855
   -7.5000  -45.0000  -22.5000 2298.7593   19.8123
    0.0000  -45.0000  -22.5000 2306.7314   19.6849
    7.5000  -45.0000  -22.5000 2283.8301   19.8199
   -7.5000  -37.5000  -22.5000 2424.8914   17.8743
    0.0000  -37.5000  -22.5000 2433.7126   17.7540
    7.5000  -37.5000  -22.5000 2407.4387   17.8336
   -7.5000  -30.0000  -22.5000 2525.0452   16.3815
    0.0000  -30.0000  -22.5000 2538.0342   16.2586
    7.5000  -30.0000  -22.5000 2505.2263   16.3514
   -7.5000  -22.5000  -22.5000 2603.5396   15.2731
    0.0000  -22.5000  -22.5000 2620.4373   15.1661
    7.5000  -22.5000  -22.5000 2588.1050   15.2729
   -7.5000  -15.0000  -22.5000 2653.9922   14.5879
    0.0000  -15.0000  -22.5000 2671.4990   14.4658
    7.5000  -15.0000  -22.5000 2638.8621   14.5948
   -7.5000   -7.5000  -22.5000 2683.1562   14.1839
    0.0000   -7.5000  -22.5000 2698.8870   14.0784
    7.5000   -7.5000  -22.5000 2670.6274   14.1943
   -7.5000    0.0000  -22.5000 2682.9102   14.1365
    0.0000    0.0000  -22.5000 2704.8220   14.0193
    7.5000    0.0000  -22.5000 2677.0310   14.1220
   -7.5000    7.5000  -22.5000 2668.5188   14.3170
    0.0000    7.5000  -22.5000 2688.1191   14.2310
    7.5000    7.5000  -22.5000 2653.6917   14.3238
   -7.5000   15.0000  -22.5000 2623.3057   14.7529
    0.0000   15.0000  -22.5000 2644.7715   14.6674
    7.5000   15.0000  -22.5000 2609.9084   14.7773
   -7.5000   22.5000  -22.5000 2547.2322   15.4332
    0.0000   22.5000  -22.5000 2572.7524   15.3319
    7.5000   22.5000  -22.5000 2540.5557   15.4657
   -7.5000   30.0000  -22.5000 2447.0469   16.4227
    0.0000   30.0000  -22.5000 2474.7927   16.3188
    7.5000   30.0000  -22.5000 2447.7810   16.4421
   -7.5000   37.5000  -22.5000 2335.3564   17.8200
    0.0000   37.5000  -22.5000 2357.6633   17.7158
    7.5000   37.5000  -22.5000 2337.5562   17.8662
   -7.5000   45.0000  -22.5000 2196.3577   19.7236
    0.0000   45.0000  -22.5000 2215.8042   19.5933
    7.5000   45.0000  -22.5000 2205.0547   19.7486
   -7.5000  -45.0000  -15.0000 2351.1897   19.2932
    0.0000  -45.0000  -15.0000 2362.4148   19.1697
    7.5000  -45.0000  -15.0000 2337.1626   19.2882
   -7.5000  -37.5000  -15.0000 2480.9551   17.3476
    0.0000  -37.5000  -15.0000 2488.4363   17.2220
    7.5000  -37.5000  -15.0000 2462.9270   17.3245
   -7.5000  -30.0000  -15.0000 2583.1240   15.8395
    0.0000  -30.0000  -15.0000 2597.4255   15.6953
    7.5000  -30.0000  -15.0000 2566.3789   15.7986
   -7.5000  -22.5000  -15.0000 2676.0750   14.6799
    0.0000  -22.5000  -15.0000 2693.6121   14.5545
    7.5000  -22.5000  -15.0000 2658.9668   14.6167
   -7.5000  -15.0000  -15.0000 2735.1892   13.9295
    0.0000  -15.0000  -15.0000 2756.9338   13.7764
    7.5000  -15.0000  -15.0000 2723.3784   13.8704
   -7.5000   -7.5000  -15.0000 2769.0239   13.4982
    0.0000   -7.5000  -15.0000 2787.9290   13.3623
    7.5000   -7.5000  -15.0000 2754.8872   13.4458
   -7.5000    0.0000  -15.0000 2771.5107   13.4436
    0.0000    0.0000  -15.0000 2794.7866   13.3223
    7.5000    0.0000  -15.0000 2763.0562   13.3935
   -7.5000    7.5000  -15.0000 2752.7522   13.6103
    0.0000    7.5000  -15.0000 2782.1504   13.5212
    7.5000    7.5000  -15.0000 2746.4507   13.5977
   -7.5000   15.0000  -15.0000 2712.7812   14.0337
    0.0000   15.0000  -15.0000 2740.4041   13.9389
    7.5000   15.0000  -15.0000 2707.9529   14.0399
   -7.5000   22.5000  -15.0000 2639.7979   14.6614
    0.0000   22.5000  -15.0000 2663.2529   14.5434
    7.5000   22.5000  -15.0000 2639.4746   14.6620
   -7.5000   30.0000  -15.0000 2536.2117   15.5901
    0.0000   30.0000  -15.0000 2563.7561   15.4390
    7.5000   30.0000  -15.0000 2541.6851   15.5601
   -7.5000   37.5000  -15.0000 2413.2578   16.9190
    0.0000   37.5000  -15.0000 2440.8535   16.7731
    7.5000   37.5000  -15.0000 2422.1606   16.9086
   -7.5000   45.0000  -15.0000 2271.8447   18.7583
    0.0000   45.0000  -15.0000 2293.6953   18.6062
    7.5000   45.0000  -15.0000 2281.7119   18.7151
   -7.5000  -45.0000   -7.5000 2378.5925   18.9145
    0.0000  -45.0000   -7.5000 2390.1416   18.7411
    7.5000  -45.0000   -7.5000 2364.5476   18.8489
   -7.5000  -37.5000   -7.5000 2510.5176   16.9452
    0.0000  -37.5000   -7.5000 2517.3279   16.7485
    7.5000  -37.5000   -7.5000 2493.7290   16.8564
   -7.5000  -30.0000   -7.5000 2621.1516   15.3716
    0.0000  -30.0000   -7.5000 2635.4131   15.2152
    7.5000  -30.0000   -7.5000 2605.4465   15.2794
   -7.5000  -22.5000   -7.5000 2718.9465   14.1726
    0.0000  -22.5000   -7.5000 2735.6262   14.0099
    7.5000  -22.5000   -7.5000 2708.0527   14.1125
   -7.5000  -15.0000   -7.5000 2788.4636   13.3410
    0.0000  -15.0000   -7.5000 2811.3699   13.1764
    7.5000  -15.0000   -7.5000 2775.7217   13.3096
   -7.5000   -7.5000   -7.5000 2829.6597   12.8135
    0.0000   -7.5000   -7.5000 2853.6238   12.6856
    7.5000   -7.5000   -7.5000 2811.8164   12.8245
   -7.5000    0.0000   -7.5000 2842.4712   12.7177
    0.0000    0.0000   -7.5000 2862.3804   12.5952
    7.5000    0.0000   -7.5000 2831.0652   12.7265
   -7.5000    7.5000   -7.5000 2826.8481   12.9285
    0.0000    7.5000   -7.5000 2854.4985   12.8091
    7.5000    7.5000   -7.5000 2825.6680   12.9262
   -7.5000   15.0000   -7.5000 2784.4080   13.3629
    0.0000   15.0000   -7.5000 2812.5815   13.2107
    7.5000   15.0000   -7.5000 2786.6731   13.3396
   -7.5000   22.5000   -7.5000 2707.0447   13.9913
    0.0000   22.5000   -7.5000 2736.6118   13.8359
    7.5000   22.5000   -7.5000 2714.2400   13.9798
   -7.5000   30.0000   -7.5000 2605.0596   14.8857
    0.0000   30.0000   -7.5000 2630.8647   14.7121
    7.5000   30.0000   -7.5000 2608.5022   14.8662
   -7.5000   37.5000   -7.5000 2484.4578   16.1595
    0.0000   37.5000   -7.5000 2510.6523   16.0048
    7.5000   37.5000   -7.5000 2489.1064   16.1598
   -7.5000   45.0000   -7.5000 2335.3477   17.9739
    0.0000   45.0000   -7.5000 2358.4998   17.7918
    7.5000   45.0000   -7.5000 2341.4995   17.9080
   -7.5000  -45.0000    0.0000 2382.7759   18.7166
    0.0000  -45.0000    0.0000 2400.0027   18.5250
    7.5000  -45.0000    0.0000 2375.1809   18.6836
   -7.5000  -37.5000    0.0000 2514.7759   16.6694
    0.0000  -37.5000    0.0000 2526.0071   16.4463
    7.5000  -37.5000    0.0000 2503.3325   16.5915
   -7.5000  -30.0000    0.0000 2632.5315   15.0893
    0.0000  -30.0000    0.0000 2644.8425   14.8801
    7.5000  -30.0000    0.0000 2617.7517   15.0008
   -7.5000  -22.5000    0.0000 2733.7668   13.8790
    0.0000  -22.5000    0.0000 2751.8140   13.6779
    7.5000  -22.5000    0.0000 2722.9758   13.7840
   -7.5000  -15.0000    0.0000 2815.4563   13.0002
    0.0000  -15.0000    0.0000 2842.3254   12.8399
    7.5000  -15.0000    0.0000 2804.3938   12.9699
   -7.5000   -7.5000    0.0000 2861.1685   12.3840
    0.0000   -7.5000    0.0000 2890.7786   12.2269
    7.5000   -7.5000    0.0000 2847.6450   12.4671
   -7.5000    0.0000    0.0000 2882.7959   12.1535
    0.0000    0.0000    0.0000 2906.8425   11.9887
    7.5000    0.0000    0.0000 2871.3057   12.2522
   -7.5000    7.5000    0.0000 2869.9185   12.3852
    0.0000    7.5000    0.0000 2900.0217   12.2227
    7.5000    7.5000    0.0000 2877.4736   12.4554
   -7.5000   15.0000    0.0000 2835.3337   12.8625
    0.0000   15.0000    0.0000 2866.6924   12.6873
    7.5000   15.0000    0.0000 2843.4561   12.8922
   -7.5000   22.5000    0.0000 2763.1121   13.5292
    0.0000   22.5000    0.0000 2797.9565   13.3449
    7.5000   22.5000    0.0000 2774.3071   13.5451
   -7.5000   30.0000    0.0000 2662.2236   14.4300
    0.0000   30.0000    0.0000 2689.0605   14.2553
    7.5000   30.0000    0.0000 2667.5662   14.4548
   -7.5000   37.5000    0.0000 2533.9619   15.7086
    0.0000   37.5000    0.0000 2559.1499   15.5234
    7.5000   37.5000    0.0000 2541.4746   15.7223
   -7.5000   45.0000    0.0000 2382.2400   17.4485
    0.0000   45.0000    0.0000 2404.5049   17.2789
    7.5000   45.0000    0.0000 2388.3701   17.4525
   -7.5000  -45.0000    7.5000 2366.1865   18.6442
    0.0000  -45.0000    7.5000 2374.8538   18.3906
    7.5000  -45.0000    7.5000 2354.6794   18.4944
   -7.5000  -37.5000    7.5000 2503.6223   16.5684
    0.0000  -37.5000    7.5000 2510.6558   16.3280
    7.5000  -37.5000    7.5000 2488.2021   16.4407
   -7.5000  -30.0000    7.5000 2621.7646   14.9552
    0.0000  -30.0000    7.5000 2637.2114   14.7602
    7.5000  -30.0000    7.5000 2606.9412   14.8651
   -7.5000  -22.5000    7.5000 2731.8240   13.7177
    0.0000  -22.5000    7.5000 2751.1028   13.5259
    7.5000  -22.5000    7.5000 2721.2358   13.6615
   -7.5000  -15.0000    7.5000 2826.0972   12.8425
    0.0000  -15.0000    7.5000 2852.1619   12.6874
    7.5000  -15.0000    7.5000 2820.9124   12.8304
   -7.5000   -7.5000    7.5000 2882.9534   12.3049
    0.0000   -7.5000    7.5000 2924.4785   12.1513
    7.5000   -7.5000    7.5000 2886.9243   12.3414
   -7.5000    0.0000    7.5000 2906.6526   12.0011
    0.0000    0.0000    7.5000 2935.9695   11.8017
    7.5000    0.0000    7.5000 2913.7786   12.1004
   -7.5000    7.5000    7.5000 2908.4683   12.1607
    0.0000    7.5000    7.5000 2932.0637   11.9561
    7.5000    7.5000    7.5000 2911.7939   12.1797
   -7.5000   15.0000    7.5000 2870.3386   12.5980
    0.0000   15.0000    7.5000 2896.9263   12.3967
    7.5000   15.0000    7.5000 2877.3247   12.5349
   -7.5000   22.5000    7.5000 2801.2366   13.2864
    0.0000   22.5000    7.5000 2833.3860   13.0552
    7.5000   22.5000    7.5000 2810.2473   13.2156
   -7.5000   30.0000    7.5000 2689.5417   14.2155
    0.0000   30.0000    7.5000 2726.0396   14.0363
    7.5000   30.0000    7.5000 2700.1187   14.1874
   -7.5000   37.5000    7.5000 2561.9409   15.4752
    0.0000   37.5000    7.5000 2592.7346   15.3365
    7.5000   37.5000    7.5000 2568.3242   15.4575
   -7.5000   45.0000    7.5000 2409.0537   17.1628
    0.0000   45.0000    7.5000 2439.0027   17.0776
    7.5000   45.0000    7.5000 2420.4526   17.1185
   -7.5000  -45.0000   15.0000 2335.0605   18.7628
    0.0000  -45.0000   15.0000 2344.0703   18.5442
    7.5000  -45.0000   15.0000 2324.7664   18.6634
   -7.5000  -37.5000   15.0000 2471.1382   16.6248
    0.0000  -37.5000   15.0000 2481.8215   16.4117
    7.5000  -37.5000   15.0000 2458.9744   16.5163
   -7.5000  -30.0000   15.0000 2588.3774   14.9758
    0.0000  -30.0000   15.0000 2606.8115   14.7885
    7.5000  -30.0000   15.0000 2585.3225   14.9121
   -7.5000  -22.5000   15.0000 2702.8337   13.7225
    0.0000  -22.5000   15.0000 2725.6118   13.5327
    7.5000  -22.5000   15.0000 2706.7734   13.6886
   -7.5000  -15.0000   15.0000 2806.2339   12.9279
    0.0000  -15.0000   15.0000 2830.5659   12.7322
    7.5000  -15.0000   15.0000 2806.3586   12.8855
   -7.5000   -7.5000   15.0000 2885.9404   12.5204
    0.0000   -7.5000   15.0000 2929.2161   12.3863
    7.5000   -7.5000   15.0000 2887.6675   12.4439
   -7.5000    0.0000   15.0000 2919.4250   12.2751
    0.0000    0.0000   15.0000 2969.9336   12.1077
    7.5000    0.0000   15.0000 2926.4268   12.1771
   -7.5000    7.5000   15.0000 2917.8225   12.2002
    0.0000    7.5000   15.0000 2958.0542   12.0308
    7.5000    7.5000   15.0000 2923.7361   12.0930
   -7.5000   15.0000   15.0000 2877.3215   12.5000
    0.0000   15.0000   15.0000 2907.4062   12.2561
    7.5000   15.0000   15.0000 2882.7478   12.3694
   -7.5000   22.5000   15.0000 2810.5935   13.1548
    0.0000   22.5000   15.0000 2838.2817   12.9192
    7.5000   22.5000   15.0000 2822.2266   13.0552
   -7.5000   30.0000   15.0000 2698.2798   14.1320
    0.0000   30.0000   15.0000 2727.3381   13.9600
    7.5000   30.0000   15.0000 2711.8098   14.0855
   -7.5000   37.5000   15.0000 2566.6829   15.4398
    0.0000   37.5000   15.0000 2590.0090   15.3154
    7.5000   37.5000   15.0000 2579.5764   15.4289
   -7.5000   45.0000   15.0000 2417.3450   17.1510
    0.0000   45.0000   15.0000 2443.5237   17.0266
    7.5000   45.0000   15.0000 2429.1877   17.1424
   -7.5000  -45.0000   22.5000 2292.2063   19.1691
    0.0000  -45.0000   22.5000 2302.3105   18.9212
    7.5000  -45.0000   22.5000 2291.4346   19.0893
   -7.5000  -37.5000   22.5000 2422.5569   17.0067
    0.0000  -37.5000   22.5000 2437.7747   16.7926
    7.5000  -37.5000   22.5000 2426.2104   16.9356
   -7.5000  -30.0000   22.5000 2545.0752   15.3471
    0.0000  -30.0000   22.5000 2561.4692   15.1273
    7.5000  -30.0000   22.5000 2549.5322   15.2906
   -7.5000  -22.5000   22.5000 2668.1965   14.1328
    0.0000  -22.5000   22.5000 2687.2822   13.9176
    7.5000  -22.5000   22.5000 2667.8782   14.0357
   -7.5000  -15.0000   22.5000 2775.0107   13.3610
    0.0000  -15.0000   22.5000 2796.7532   13.1231
    7.5000  -15.0000   22.5000 2772.7612   13.2286
   -7.5000   -7.5000   22.5000 2864.2500   12.8692
    0.0000   -7.5000   22.5000 2897.1602   12.6242
    7.5000   -7.5000   22.5000 2864.4609   12.7154
   -7.5000    0.0000   22.5000 2902.3650   12.5693
    0.0000    0.0000   22.5000 2938.0083   12.2531
    7.5000    0.0000   22.5000 2907.8606   12.3909
   -7.5000    7.5000   22.5000 2907.2002   12.5067
    0.0000    7.5000   22.5000 2942.9385   12.2004
    7.5000    7.5000   22.5000 2917.4197   12.3246
   -7.5000   15.0000   22.5000 2868.7446   12.7783
    0.0000   15.0000   22.5000 2901.9878   12.5655
    7.5000   15.0000   22.5000 2879.5752   12.6544
   -7.5000   22.5000   22.5000 2796.0696   13.3800
    0.0000   22.5000   22.5000 2828.9705   13.2130
    7.5000   22.5000   22.5000 2811.5088   13.3008
   -7.5000   30.0000   22.5000 2683.1399   14.3437
    0.0000   30.0000   22.5000 2714.3699   14.1615
    7.5000   30.0000   22.5000 2699.2981   14.2870
   -7.5000   37.5000   22.5000 2550.2249   15.6514
    0.0000   37.5000   22.5000 2576.2102   15.5118
    7.5000   37.5000   22.5000 2561.7444   15.6256
   -7.5000   45.0000   22.5000 2404.6995   17.3402
    0.0000   45.0000   22.5000 2426.4521   17.2241
    7.5000   45.0000   22.5000 2413.2810   17.3235
   -7.5000  -45.0000   30.0000 2238.7463   19.9084
    0.0000  -45.0000   30.0000 2250.5564   19.6001
    7.5000  -45.0000   30.0000 2247.5684   19.8425
   -7.5000  -37.5000   30.0000 2368.6697   17.6760
    0.0000  -37.5000   30.0000 2385.2744   17.4126
    7.5000  -37.5000   30.0000 2379.5771   17.6428
   -7.5000  -30.0000   30.0000 2494.1584   16.0194
    0.0000  -30.0000   30.0000 2509.8435   15.7202
    7.5000  -30.0000   30.0000 2500.8706   15.9139
   -7.5000  -22.5000   30.0000 2613.4185   14.7193
    0.0000  -22.5000   30.0000 2631.1338   14.4148
    7.5000  -22.5000   30.0000 2614.4985   14.5889
   -7.5000  -15.0000   30.0000 2720.2100   13.8327
    0.0000  -15.0000   30.0000 2742.8831   13.5140
    7.5000  -15.0000   30.0000 2722.9497   13.6730
   -7.5000   -7.5000   30.0000 2814.4707   13.2666
    0.0000   -7.5000   30.0000 2839.9238   12.9610
    7.5000   -7.5000   30.0000 2814.4583   13.0859
   -7.5000    0.0000   30.0000 2862.5859   12.9391
    0.0000    0.0000   30.0000 2882.8953   12.5497
    7.5000    0.0000   30.0000 2862.0146   12.7342
   -7.5000    7.5000   30.0000 2874.5950   12.9116
    0.0000    7.5000   30.0000 2905.6914   12.6232
    7.5000    7.5000   30.0000 2886.0474   12.7469
   -7.5000   15.0000   30.0000 2834.4670   13.2246
    0.0000   15.0000   30.0000 2874.3894   12.9834
    7.5000   15.0000   30.0000 2852.1199   13.1034
   -7.5000   22.5000   30.0000 2756.1353   13.8467
    0.0000   22.5000   30.0000 2794.4998   13.6591
    7.5000   22.5000   30.0000 2774.6453   13.7685
   -7.5000   30.0000   30.0000 2646.1331   14.7731
    0.0000   30.0000   30.0000 2678.5938   14.6126
    7.5000   30.0000   30.0000 2666.2334   14.7092
   -7.5000   37.5000   30.0000 2515.6968   16.0603
    0.0000   37.5000   30.0000 2541.9265   15.9171
    7.5000   37.5000   30.0000 2525.6250   16.0111
   -7.5000   45.0000   30.0000 2368.5439   17.7284
    0.0000   45.0000   30.0000 2389.2339   17.6216
    7.5000   45.0000   30.0000 2372.1311   17.7034
   -7.5000  -45.0000   37.5000 2185.4106   20.9651
    0.0000  -45.0000   37.5000 2198.0852   20.6331
    7.5000  -45.0000   37.5000 2197.2690   20.8860
   -7.5000  -37.5000   37.5000 2313.2434   18.6872
    0.0000  -37.5000   37.5000 2330.5100   18.3204
    7.5000  -37.5000   37.5000 2323.4719   18.5487
   -7.5000  -30.0000   37.5000 2438.9583   16.8301
    0.0000  -30.0000   37.5000 2454.7913   16.4436
    7.5000  -30.0000   37.5000 2445.1392   16.6878
   -7.5000  -22.5000   37.5000 2555.5850   15.4325
    0.0000  -22.5000   37.5000 2575.4226   15.0558
    7.5000  -22.5000   37.5000 2559.8398   15.2768
   -7.5000  -15.0000   37.5000 2660.7717   14.5074
    0.0000  -15.0000   37.5000 2681.8999   14.1225
    7.5000  -15.0000   37.5000 2665.5432   14.2907
   -7.5000   -7.5000   37.5000 2753.9385   13.8774
    0.0000   -7.5000   37.5000 2772.1260   13.4677
    7.5000   -7.5000   37.5000 2751.4939   13.6462
   -7.5000    0.0000   37.5000 2804.6389   13.5263
    0.0000    0.0000   37.5000 2825.1453   13.1856
    7.5000    0.0000   37.5000 2802.9275   13.3298
   -7.5000    7.5000   37.5000 2811.1199   13.5424
    0.0000    7.5000   37.5000 2836.6543   13.3043
    7.5000    7.5000   37.5000 2821.8594   13.4152
   -7.5000   15.0000   37.5000 2773.6560   13.8724
    0.0000   15.0000   37.5000 2802.9028   13.6336
    7.5000   15.0000   37.5000 2787.8530   13.7475
   -7.5000   22.5000   37.5000 2701.8425   14.4745
    0.0000   22.5000   37.5000 2729.0173   14.2607
    7.5000   22.5000   37.5000 2711.1758   14.3800
   -7.5000   30.0000   37.5000 2594.1411   15.3916
    0.0000   30.0000   37.5000 2625.2537   15.1788
    7.5000   30.0000   37.5000 2607.3984   15.3119
   -7.5000   37.5000   37.5000 2468.2842   16.6776
    0.0000   37.5000   37.5000 2500.9702   16.4855
    7.5000   37.5000   37.5000 2481.3687   16.5897
   -7.5000   45.0000   37.5000 2321.8076   18.3141
    0.0000   45.0000   37.5000 2347.3682   18.1497
    7.5000   45.0000   37.5000 2334.9614   18.2426
   -7.5000  -45.0000   45.0000 2128.8091   22.3514
    0.0000  -45.0000   45.0000 2140.5664   21.8882
    7.5000  -45.0000   45.0000 2136.0903   22.1715
   -7.5000  -37.5000   45.0000 2256.4580   19.7687
    0.0000  -37.5000   45.0000 2269.9268   19.3097
    7.5000  -37.5000   45.0000 2261.2773   19.5961
   -7.5000  -30.0000   45.0000 2381.0854   17.7659
    0.0000  -30.0000   45.0000 2392.1575   17.3218
    7.5000  -30.0000   45.0000 2384.3369   17.5922
   -7.5000  -22.5000   45.0000 2495.2427   16.3271
    0.0000  -22.5000   45.0000 2512.5505   15.8669
    7.5000  -22.5000   45.0000 2499.5986   16.1138
   -7.5000  -15.0000   45.0000 2596.8179   15.3145
    0.0000  -15.0000   45.0000 2618.3396   14.8913
    7.5000  -15.0000   45.0000 2605.2903   15.1203
   -7.5000   -7.5000   45.0000 2678.0925   14.6460
    0.0000   -7.5000   45.0000 2700.9417   14.2471
    7.5000   -7.5000   45.0000 2682.7549   14.4433
   -7.5000    0.0000   45.0000 2725.6692   14.2744
    0.0000    0.0000   45.0000 2748.0017   13.9852
    7.5000    0.0000   45.0000 2729.6646   14.1226
   -7.5000    7.5000   45.0000 2724.0740   14.3141
    0.0000    7.5000   45.0000 2749.4736   14.1028
    7.5000    7.5000   45.0000 2732.2087   14.1944
   -7.5000   15.0000   45.0000 2684.8459   14.6760
    0.0000   15.0000   45.0000 2705.1646   14.4590
    7.5000   15.0000   45.0000 2695.8623   14.5286
   -7.5000   22.5000   45.0000 2624.7388   15.2662
    0.0000   22.5000   45.0000 2648.0967   15.0610
    7.5000   22.5000   45.0000 2633.0186   15.1397
   -7.5000   30.0000   45.0000 2522.7122   16.1279
    0.0000   30.0000   45.0000 2550.2769   15.9582
    7.5000   30.0000   45.0000 2535.2532   16.0312
   -7.5000   37.5000   45.0000 2408.9260   17.4085
    0.0000   37.5000   45.0000 2441.8928   17.2209
    7.5000   37.5000   45.0000 2423.7329   17.3223
   -7.5000   45.0000   45.0000 2268.7771   19.0577
    0.0000   45.0000   45.0000 2292.2278   18.8804
    7.5000   45.0000   45.0000 2277.6155   19.0143

---------------------------------------------------------------------
imgreg_4dfp /opt/freesurfer/average/711-2C_as_mni_average_305 /opt/freesurfer/average/711-2B_as_mni_average_305_mask talsrcimg_g11 none talsrcimg_to_711-2C_as_mni_average_305_t4 1283
---------------------------------------------------------------------

freesurfer imgreg_4dfp.c
/opt/freesurfer/average/711-2C_as_mni_average_305.4dfp.img
       256       256       256         1
  1.000000  1.000000  1.000000
orientation T byte_order littleendian
Reading image: /opt/freesurfer/average/711-2C_as_mni_average_305.4dfp.img
dimensions:      256       256       256
mmppix:       1.0000   -1.0000   -1.0000
center:     128.0000 -129.0000 -129.0000
/opt/freesurfer/average/711-2B_as_mni_average_305_mask.4dfp.img
       256       256       256         1
  1.000000  1.000000  1.000000
orientation T byte_order littleendian
Reading mask: /opt/freesurfer/average/711-2B_as_mni_average_305_mask.4dfp.img (2306576 pixels)
talsrcimg_g11.4dfp.img
       256       256       256         1
  1.000000  1.000000  1.000000
orientation T byte_order littleendian
Reading image: talsrcimg_g11.4dfp.img
dimensions:      256       256       256
mmppix:       1.0000   -1.0000   -1.0000
center:     128.0000 -129.0000 -129.0000
rotation matrix determinant  1.000000
fimgreg.f
image alignment mode   1283 decimal      503 hex
parameters
    0.0000    0.0000   15.0000    0.0000    0.0000    0.0000
eta,q 0.93250 12.11868
niter,ni,del,rscale     5    3   12.0000    1.2000
parameter  4 -1.108056 ->  0.500000 qaram    1.1500
parameter  5  0.577381 ->  0.500000 qaram    1.1500
parameters
   -0.0159    1.8613   15.7962   -3.4500   -3.4500   -2.6703
eta,q 0.93965 12.16162
  0.0781  0.0805  0.0781  0.0579  0.0620  0.0614
  0.0737  0.0738  0.0746  0.0621  0.0607  0.0607
  0.0702  0.0690  0.0706  0.0658  0.0618  0.0602
  0.0681  0.0681  0.0688  0.0688  0.0633  0.0608
  0.0687  0.0691  0.0699  0.0701  0.0640  0.0626
  0.0726  0.0691  0.0725  0.0707  0.0665  0.0648
  0.0795  0.0699  0.0740  0.0727  0.0716  0.0673
niter,ni,del,rscale     6    3   12.0000    1.2000
parameter  4-41.842865 ->  0.500000 qaram    1.3225
parameters
    0.7633    3.7708   16.4542   -7.4175   -3.6259   -2.2170
eta,q 0.94746 12.05604
  0.0755  0.0720  0.0696  0.0494  0.0602  0.0589
  0.0690  0.0662  0.0655  0.0518  0.0558  0.0564
  0.0634  0.0617  0.0616  0.0562  0.0534  0.0546
  0.0604  0.0601  0.0598  0.0597  0.0529  0.0528
  0.0612  0.0597  0.0606  0.0629  0.0545  0.0526
  0.0649  0.0595  0.0632  0.0658  0.0566  0.0549
  0.0695  0.0626  0.0662  0.0695  0.0604  0.0580
niter,ni,del,rscale     6    3   12.0000    1.2000
parameter  4  1.114120 ->  0.500000 qaram    1.5209
parameters
    0.7594    3.9205   16.0528  -11.9801   -3.7730   -2.8686
eta,q 0.95241 12.15274
  0.0669  0.0635  0.0609  0.0488  0.0573  0.0518
  0.0603  0.0589  0.0558  0.0473  0.0532  0.0493
  0.0551  0.0545  0.0533  0.0493  0.0494  0.0481
  0.0525  0.0525  0.0526  0.0525  0.0475  0.0475
  0.0557  0.0547  0.0538  0.0574  0.0502  0.0483
  0.0607  0.0584  0.0579  0.0614  0.0535  0.0509
  0.0665  0.0623  0.0633  0.0648  0.0581  0.0544
niter,ni,del,rscale     6    3   12.0000    1.2000
parameters
    0.6327    4.4575   15.0587  -14.7939   -3.8255   -2.8607
eta,q 0.95348 12.21533
  0.0652  0.0638  0.0578  0.0510  0.0563  0.0515
  0.0568  0.0539  0.0513  0.0495  0.0515  0.0485
  0.0499  0.0485  0.0479  0.0467  0.0481  0.0470
  0.0476  0.0475  0.0480  0.0474  0.0465  0.0465
  0.0519  0.0502  0.0523  0.0512  0.0485  0.0470
  0.0583  0.0540  0.0586  0.0558  0.0517  0.0487
  0.0658  0.0563  0.0648  0.0609  0.0564  0.0513
niter,ni,del,rscale     5    3   12.0000    1.2000
parameters
    0.5459    5.7128   14.3011  -17.7610   -3.5426   -3.6786
eta,q 0.95308 12.20810
  0.0642  0.0630  0.0568  0.0492  0.0578  0.0496
  0.0563  0.0543  0.0506  0.0483  0.0523  0.0475
  0.0491  0.0490  0.0474  0.0468  0.0482  0.0470
  0.0465  0.0465  0.0467  0.0466  0.0468  0.0468
  0.0505  0.0476  0.0501  0.0494  0.0480  0.0471
  0.0568  0.0504  0.0556  0.0535  0.0514  0.0492
  0.0649  0.0521  0.0625  0.0571  0.0559  0.0520
niter,ni,del,rscale     4    3   12.0000    1.2000
parameters
    0.4088    7.5769   13.5566  -20.0663   -3.0726   -3.9381
eta,q 0.95568 12.15742
  0.0647  0.0609  0.0561  0.0502  0.0585  0.0501
  0.0568  0.0544  0.0483  0.0471  0.0525  0.0470
  0.0496  0.0495  0.0453  0.0445  0.0472  0.0450
  0.0469  0.0469  0.0460  0.0455  0.0444  0.0443
  0.0506  0.0461  0.0490  0.0491  0.0456  0.0451
  0.0575  0.0475  0.0540  0.0532  0.0504  0.0476
  0.0665  0.0500  0.0608  0.0569  0.0553  0.0514
niter,ni,del,rscale     3    3   12.0000    1.2000
parameters
    0.2678    8.3301   12.9251  -20.7655   -2.8166   -3.8574
eta,q 0.95653 12.12448
  0.0631  0.0566  0.0576  0.0531  0.0569  0.0505
  0.0546  0.0504  0.0481  0.0491  0.0509  0.0472
  0.0475  0.0464  0.0437  0.0452  0.0455  0.0446
  0.0443  0.0444  0.0442  0.0436  0.0434  0.0435
  0.0475  0.0450  0.0484  0.0464  0.0452  0.0441
  0.0557  0.0480  0.0544  0.0516  0.0501  0.0467
  0.0651  0.0513  0.0620  0.0560  0.0548  0.0504
niter,ni,del,rscale     2    3   12.0000    1.2000
parameters
    0.1829    8.5371   12.7644  -20.9745   -2.7266   -3.8154
eta,q 0.95656 12.11873
  0.0617  0.0543  0.0604  0.0546  0.0562  0.0503
  0.0534  0.0486  0.0504  0.0498  0.0502  0.0471
  0.0465  0.0450  0.0444  0.0459  0.0451  0.0446
  0.0435  0.0435  0.0435  0.0434  0.0434  0.0434
  0.0458  0.0452  0.0469  0.0457  0.0455  0.0441
  0.0535  0.0485  0.0529  0.0506  0.0503  0.0467
  0.0635  0.0522  0.0607  0.0556  0.0551  0.0504
niter,ni,del,rscale     1    3   12.0000    1.2000
parameters
    0.1430    8.5964   12.7180  -21.0412   -2.6922   -3.7985
eta,q 0.95654 12.11805
  0.0616  0.0537  0.0611  0.0550  0.0560  0.0502
  0.0533  0.0482  0.0511  0.0500  0.0500  0.0470
  0.0464  0.0447  0.0446  0.0461  0.0450  0.0446
  0.0434  0.0435  0.0435  0.0434  0.0435  0.0435
  0.0456  0.0454  0.0465  0.0455  0.0455  0.0442
  0.0529  0.0487  0.0525  0.0503  0.0504  0.0467
  0.0630  0.0526  0.0603  0.0555  0.0552  0.0504
registration optimization eta report
parameter search radius
    6.0000    6.0000    6.0000    9.1253    6.9000    6.0000
100000*second partial in parameter space
       52.       26.       48.       13.       25.       19.
  0.0616  0.0537  0.0611  0.0550  0.0560  0.0502
  0.0533  0.0482  0.0511  0.0500  0.0500  0.0470
  0.0464  0.0447  0.0446  0.0461  0.0450  0.0446
  0.0434  0.0435  0.0435  0.0434  0.0435  0.0435
  0.0456  0.0454  0.0465  0.0455  0.0455  0.0442
  0.0529  0.0487  0.0525  0.0503  0.0504  0.0467
  0.0630  0.0526  0.0603  0.0555  0.0552  0.0504
    0.1430    8.5964   12.7180  -21.0412   -2.6922   -3.7985
eta,q 0.95654 12.11805

---------------------------------------------------------------------
imgreg_4dfp /opt/freesurfer/average/711-2C_as_mni_average_305 /opt/freesurfer/average/711-2B_as_mni_average_305_mask talsrcimg_g11 none talsrcimg_to_711-2C_as_mni_average_305_t4 3335
---------------------------------------------------------------------

freesurfer imgreg_4dfp.c
/opt/freesurfer/average/711-2C_as_mni_average_305.4dfp.img
       256       256       256         1
  1.000000  1.000000  1.000000
orientation T byte_order littleendian
Reading image: /opt/freesurfer/average/711-2C_as_mni_average_305.4dfp.img
dimensions:      256       256       256
mmppix:       1.0000   -1.0000   -1.0000
center:     128.0000 -129.0000 -129.0000
/opt/freesurfer/average/711-2B_as_mni_average_305_mask.4dfp.img
       256       256       256         1
  1.000000  1.000000  1.000000
orientation T byte_order littleendian
Reading mask: /opt/freesurfer/average/711-2B_as_mni_average_305_mask.4dfp.img (2306576 pixels)
talsrcimg_g11.4dfp.img
       256       256       256         1
  1.000000  1.000000  1.000000
orientation T byte_order littleendian
Reading image: talsrcimg_g11.4dfp.img
dimensions:      256       256       256
mmppix:       1.0000   -1.0000   -1.0000
center:     128.0000 -129.0000 -129.0000
fimgreg.f
image alignment mode   3335 decimal      D07 hex
parameters
    0.1430    8.5964   12.7180   -0.3298   -6.7611   -6.7708
    4.5003    6.7528   -6.6174   35.5346   -4.6971  -35.8643
eta,q 0.95661 12.17781
niter,ni,del,rscale     5    3    5.0000    1.2000
parameter  4  1.268734 ->  0.500000 qaram    1.1500
parameter  5147.491806 ->  0.500000 qaram    1.1500
parameters
    0.0559    8.6635   12.8925   -4.4698  -10.9011   -8.4862
    3.2456    6.6201   -3.9661   32.1584   -4.9128  -33.9273
eta,q 0.96876 11.93647
  0.0464  0.0451  0.0466  0.0377  0.0278  0.0356  0.0345  0.0388  0.0365  0.0324  0.0327  0.0347
  0.0447  0.0441  0.0449  0.0382  0.0312  0.0341  0.0333  0.0356  0.0347  0.0314  0.0318  0.0329
  0.0437  0.0436  0.0438  0.0401  0.0348  0.0329  0.0326  0.0333  0.0334  0.0314  0.0314  0.0318
  0.0434  0.0434  0.0434  0.0434  0.0385  0.0322  0.0326  0.0325  0.0325  0.0322  0.0313  0.0313
  0.0438  0.0436  0.0436  0.0473  0.0422  0.0334  0.0333  0.0333  0.0322  0.0338  0.0315  0.0313
  0.0450  0.0441  0.0444  0.0517  0.0457  0.0379  0.0347  0.0357  0.0324  0.0364  0.0320  0.0316
  0.0469  0.0449  0.0458  0.0567  0.0493  0.0450  0.0365  0.0395  0.0331  0.0398  0.0329  0.0321
niter,ni,del,rscale     6    3    5.0000    1.2000
parameter  5  1.649046 ->  0.500000 qaram    1.3225
parameter 12  0.610052 ->  0.500000 qaram    1.1500
parameters
    0.1645    8.4744   12.1912   -7.4686  -15.6621   -7.1073
    3.0612    6.5174   -3.8031   32.1571   -5.4995  -38.0673
eta,q 0.97526 11.81118
  0.0357  0.0334  0.0319  0.0325  0.0251  0.0294  0.0281  0.0305  0.0283  0.0293  0.0262  0.0253
  0.0333  0.0321  0.0313  0.0316  0.0257  0.0282  0.0267  0.0276  0.0268  0.0276  0.0256  0.0248
  0.0318  0.0314  0.0311  0.0310  0.0277  0.0272  0.0258  0.0260  0.0258  0.0262  0.0254  0.0249
  0.0312  0.0312  0.0312  0.0311  0.0310  0.0261  0.0254  0.0254  0.0254  0.0254  0.0254  0.0254
  0.0316  0.0317  0.0317  0.0330  0.0350  0.0250  0.0258  0.0259  0.0257  0.0256  0.0256  0.0261
  0.0329  0.0327  0.0325  0.0365  0.0388  0.0251  0.0268  0.0277  0.0267  0.0271  0.0259  0.0268
  0.0349  0.0341  0.0337  0.0407  0.0425  0.0285  0.0285  0.0309  0.0281  0.0299  0.0265  0.0276
niter,ni,del,rscale     7    3    5.0000    1.2000
parameter  5  0.564954 ->  0.500000 qaram    1.5209
parameters
    0.2485    8.7749   12.4750   -7.6393  -21.1372   -7.5482
    3.0285    6.5942   -3.9875   33.6011   -6.0887  -40.7595
eta,q 0.97688 11.62099
  0.0289  0.0294  0.0273  0.0285  0.0243  0.0265  0.0258  0.0282  0.0258  0.0274  0.0243  0.0240
  0.0267  0.0271  0.0258  0.0271  0.0236  0.0253  0.0247  0.0254  0.0246  0.0256  0.0237  0.0232
  0.0253  0.0255  0.0250  0.0258  0.0234  0.0244  0.0239  0.0240  0.0239  0.0243  0.0234  0.0231
  0.0247  0.0247  0.0247  0.0247  0.0247  0.0234  0.0236  0.0236  0.0236  0.0236  0.0234  0.0234
  0.0251  0.0249  0.0248  0.0245  0.0284  0.0227  0.0238  0.0240  0.0239  0.0234  0.0237  0.0240
  0.0263  0.0258  0.0253  0.0264  0.0336  0.0247  0.0246  0.0253  0.0248  0.0238  0.0240  0.0248
  0.0284  0.0275  0.0262  0.0300  0.0386  0.0293  0.0260  0.0280  0.0260  0.0254  0.0245  0.0257
niter,ni,del,rscale     7    3    5.0000    1.2000
parameters
    0.3284    9.6664   12.4359   -7.0106  -23.2738   -7.9625
    2.8024    6.5969   -4.0730   34.2323   -6.2029  -41.6330
eta,q 0.97708 11.54008
  0.0269  0.0282  0.0244  0.0267  0.0267  0.0264  0.0252  0.0279  0.0251  0.0262  0.0242  0.0246
  0.0249  0.0259  0.0234  0.0252  0.0246  0.0251  0.0240  0.0249  0.0239  0.0245  0.0234  0.0232
  0.0236  0.0242  0.0228  0.0238  0.0233  0.0240  0.0233  0.0234  0.0233  0.0235  0.0230  0.0228
  0.0231  0.0231  0.0227  0.0227  0.0225  0.0228  0.0230  0.0230  0.0230  0.0230  0.0230  0.0230
  0.0234  0.0227  0.0229  0.0222  0.0235  0.0223  0.0233  0.0236  0.0233  0.0231  0.0232  0.0235
  0.0245  0.0229  0.0235  0.0235  0.0278  0.0246  0.0241  0.0250  0.0240  0.0237  0.0236  0.0241
  0.0264  0.0239  0.0245  0.0265  0.0338  0.0291  0.0256  0.0277  0.0252  0.0253  0.0241  0.0250
niter,ni,del,rscale     6    3    5.0000    1.2000
parameters
    0.3248    9.9092   12.4630   -6.9355  -23.9268   -8.1157
    2.7457    6.5834   -4.0516   34.4071   -6.2284  -41.9659
eta,q 0.97691 11.50932
  0.0264  0.0261  0.0246  0.0264  0.0280  0.0268  0.0254  0.0279  0.0252  0.0259  0.0244  0.0251
  0.0245  0.0244  0.0236  0.0250  0.0257  0.0254  0.0242  0.0250  0.0240  0.0243  0.0235  0.0235
  0.0233  0.0234  0.0231  0.0238  0.0240  0.0242  0.0234  0.0234  0.0233  0.0234  0.0231  0.0230
  0.0229  0.0229  0.0229  0.0229  0.0229  0.0230  0.0231  0.0231  0.0231  0.0231  0.0231  0.0231
  0.0233  0.0231  0.0231  0.0227  0.0228  0.0224  0.0233  0.0237  0.0233  0.0233  0.0233  0.0235
  0.0245  0.0238  0.0236  0.0241  0.0255  0.0244  0.0241  0.0251  0.0240  0.0240  0.0237  0.0241
  0.0264  0.0250  0.0245  0.0271  0.0310  0.0288  0.0256  0.0278  0.0251  0.0257  0.0242  0.0249
niter,ni,del,rscale     5    3    5.0000    1.2000
parameters
    0.3309    9.9827   12.4836   -6.9464  -24.0882   -8.1680
    2.7163    6.5738   -4.0449   34.4578   -6.2605  -42.0482
eta,q 0.97686 11.50000
  0.0265  0.0258  0.0248  0.0264  0.0284  0.0269  0.0254  0.0279  0.0252  0.0258  0.0244  0.0253
  0.0246  0.0243  0.0238  0.0251  0.0261  0.0256  0.0242  0.0250  0.0240  0.0243  0.0236  0.0236
  0.0235  0.0234  0.0233  0.0240  0.0243  0.0243  0.0234  0.0235  0.0234  0.0234  0.0232  0.0231
  0.0231  0.0231  0.0231  0.0231  0.0231  0.0231  0.0232  0.0232  0.0232  0.0232  0.0232  0.0232
  0.0234  0.0234  0.0232  0.0229  0.0227  0.0224  0.0233  0.0237  0.0234  0.0234  0.0234  0.0235
  0.0246  0.0241  0.0238  0.0244  0.0250  0.0243  0.0241  0.0251  0.0240  0.0241  0.0237  0.0241
  0.0265  0.0254  0.0247  0.0273  0.0302  0.0286  0.0256  0.0278  0.0252  0.0258  0.0243  0.0249
niter,ni,del,rscale     4    3    5.0000    1.2000
parameters
    0.3365   10.0011   12.4912   -6.9521  -24.1236   -8.1824
    2.7062    6.5772   -4.0378   34.4652   -6.2694  -42.0697
eta,q 0.97684 11.49756
  0.0265  0.0257  0.0248  0.0265  0.0285  0.0270  0.0254  0.0280  0.0252  0.0258  0.0244  0.0254
  0.0247  0.0243  0.0238  0.0251  0.0262  0.0256  0.0242  0.0251  0.0240  0.0243  0.0236  0.0237
  0.0236  0.0234  0.0233  0.0240  0.0244  0.0244  0.0235  0.0235  0.0234  0.0234  0.0232  0.0231
  0.0231  0.0231  0.0231  0.0231  0.0231  0.0232  0.0232  0.0232  0.0232  0.0232  0.0232  0.0232
  0.0235  0.0235  0.0233  0.0230  0.0227  0.0224  0.0233  0.0237  0.0234  0.0234  0.0234  0.0236
  0.0246  0.0243  0.0238  0.0244  0.0249  0.0243  0.0241  0.0251  0.0240  0.0242  0.0238  0.0241
  0.0266  0.0256  0.0247  0.0273  0.0301  0.0286  0.0256  0.0278  0.0252  0.0259  0.0243  0.0249
registration optimization eta report
parameter search radius
    2.4000    2.4000    2.4000    8.2800   10.9503    7.2000
    7.2000    7.2000    7.2000    7.2000    7.2000    8.2800
100000*second partial in parameter space
       59.       43.       28.        6.        5.        9.
        5.        9.        4.        5.        2.        3.
  0.0265  0.0257  0.0248  0.0265  0.0285  0.0270  0.0254  0.0280  0.0252  0.0258  0.0244  0.0254
  0.0247  0.0243  0.0238  0.0251  0.0262  0.0256  0.0242  0.0251  0.0240  0.0243  0.0236  0.0237
  0.0236  0.0234  0.0233  0.0240  0.0244  0.0244  0.0235  0.0235  0.0234  0.0234  0.0232  0.0231
  0.0231  0.0231  0.0231  0.0231  0.0231  0.0232  0.0232  0.0232  0.0232  0.0232  0.0232  0.0232
  0.0235  0.0235  0.0233  0.0230  0.0227  0.0224  0.0233  0.0237  0.0234  0.0234  0.0234  0.0236
  0.0246  0.0243  0.0238  0.0244  0.0249  0.0243  0.0241  0.0251  0.0240  0.0242  0.0238  0.0241
  0.0266  0.0256  0.0247  0.0273  0.0301  0.0286  0.0256  0.0278  0.0252  0.0259  0.0243  0.0249
    0.3365   10.0011   12.4912   -6.9521  -24.1236   -8.1824
    2.7062    6.5772   -4.0378   34.4652   -6.2694  -42.0697
eta,q 0.97684 11.49756

---------------------------------------------------------------------
imgreg_4dfp /opt/freesurfer/average/711-2C_as_mni_average_305 /opt/freesurfer/average/711-2B_as_mni_average_305_mask talsrcimg_g11 none talsrcimg_to_711-2C_as_mni_average_305_t4 2311
---------------------------------------------------------------------

freesurfer imgreg_4dfp.c
/opt/freesurfer/average/711-2C_as_mni_average_305.4dfp.img
       256       256       256         1
  1.000000  1.000000  1.000000
orientation T byte_order littleendian
Reading image: /opt/freesurfer/average/711-2C_as_mni_average_305.4dfp.img
dimensions:      256       256       256
mmppix:       1.0000   -1.0000   -1.0000
center:     128.0000 -129.0000 -129.0000
/opt/freesurfer/average/711-2B_as_mni_average_305_mask.4dfp.img
       256       256       256         1
  1.000000  1.000000  1.000000
orientation T byte_order littleendian
Reading mask: /opt/freesurfer/average/711-2B_as_mni_average_305_mask.4dfp.img (2306576 pixels)
talsrcimg_g11.4dfp.img
       256       256       256         1
  1.000000  1.000000  1.000000
orientation T byte_order littleendian
Reading image: talsrcimg_g11.4dfp.img
dimensions:      256       256       256
mmppix:       1.0000   -1.0000   -1.0000
center:     128.0000 -129.0000 -129.0000
fimgreg.f
image alignment mode   2311 decimal      907 hex
parameters
    0.3365   10.0011   12.4912   -6.9521  -24.1236   -8.1824
    2.7062    6.5772   -4.0378   34.4652   -6.2694  -42.0697
eta,q 0.97684 11.49756
niter,ni,del,rscale     5    3    5.0000    0.8000
parameter  5 -0.581170 -> -0.500000 qaram    1.1500
parameters
    0.3583    9.9714   12.4860   -5.7352  -21.3636   -7.3547
    2.4139    6.8758   -4.1203   34.6464   -5.9281  -41.2637
eta,q 0.97790 11.70339
  0.0247  0.0242  0.0238  0.0248  0.0248  0.0252  0.0236  0.0254  0.0233  0.0238  0.0232  0.0237
  0.0239  0.0236  0.0235  0.0242  0.0241  0.0243  0.0227  0.0237  0.0226  0.0229  0.0226  0.0227
  0.0234  0.0233  0.0232  0.0236  0.0234  0.0234  0.0222  0.0225  0.0222  0.0223  0.0222  0.0222
  0.0232  0.0232  0.0232  0.0232  0.0229  0.0225  0.0221  0.0221  0.0221  0.0221  0.0221  0.0221
  0.0233  0.0233  0.0232  0.0229  0.0226  0.0219  0.0224  0.0223  0.0222  0.0221  0.0222  0.0222
  0.0238  0.0237  0.0235  0.0231  0.0225  0.0223  0.0230  0.0231  0.0227  0.0226  0.0224  0.0224
  0.0246  0.0243  0.0239  0.0239  0.0229  0.0244  0.0240  0.0247  0.0234  0.0236  0.0229  0.0227
niter,ni,del,rscale     5    3    5.0000    0.8000
parameters
    0.2788    9.6926   12.2631   -5.9108  -21.9041   -7.2271
    2.8270    6.8424   -4.1010   34.5102   -5.7323  -41.2411
eta,q 0.97795 11.67462
  0.0238  0.0230  0.0228  0.0238  0.0237  0.0249  0.0237  0.0250  0.0232  0.0234  0.0230  0.0231
  0.0228  0.0224  0.0223  0.0231  0.0230  0.0240  0.0229  0.0233  0.0226  0.0227  0.0225  0.0224
  0.0222  0.0221  0.0220  0.0224  0.0224  0.0230  0.0223  0.0223  0.0222  0.0222  0.0221  0.0221
  0.0221  0.0221  0.0221  0.0220  0.0221  0.0221  0.0221  0.0220  0.0220  0.0220  0.0220  0.0220
  0.0224  0.0224  0.0223  0.0221  0.0222  0.0217  0.0221  0.0224  0.0222  0.0221  0.0222  0.0222
  0.0231  0.0231  0.0227  0.0229  0.0231  0.0228  0.0225  0.0234  0.0226  0.0227  0.0224  0.0225
  0.0242  0.0241  0.0233  0.0245  0.0250  0.0255  0.0233  0.0251  0.0232  0.0238  0.0228  0.0229
niter,ni,del,rscale     4    3    5.0000    0.7000
parameters
    0.2442    9.7223   12.2889   -5.7434  -21.7571   -6.9998
    2.8299    6.8221   -4.1196   34.6153   -5.6509  -41.1290
eta,q 0.97809 11.69171
  0.0234  0.0231  0.0229  0.0236  0.0235  0.0244  0.0231  0.0243  0.0228  0.0231  0.0227  0.0228
  0.0226  0.0226  0.0224  0.0230  0.0229  0.0236  0.0225  0.0230  0.0223  0.0225  0.0222  0.0222
  0.0222  0.0222  0.0221  0.0224  0.0224  0.0228  0.0220  0.0222  0.0220  0.0221  0.0220  0.0219
  0.0220  0.0221  0.0221  0.0221  0.0220  0.0220  0.0219  0.0219  0.0219  0.0219  0.0219  0.0219
  0.0222  0.0222  0.0221  0.0220  0.0220  0.0217  0.0220  0.0222  0.0220  0.0220  0.0220  0.0220
  0.0227  0.0225  0.0224  0.0225  0.0225  0.0225  0.0224  0.0230  0.0223  0.0223  0.0222  0.0222
  0.0236  0.0231  0.0228  0.0236  0.0237  0.0246  0.0231  0.0244  0.0228  0.0231  0.0226  0.0226
niter,ni,del,rscale     3    3    5.0000    0.6000
parameters
    0.2330    9.6989   12.3008   -5.6449  -21.5194   -6.7549
    2.8348    6.8349   -4.1281   34.6648   -5.5958  -40.9453
eta,q 0.97822 11.70883
  0.0230  0.0227  0.0225  0.0231  0.0231  0.0239  0.0227  0.0237  0.0225  0.0227  0.0224  0.0225
  0.0224  0.0222  0.0222  0.0226  0.0226  0.0232  0.0222  0.0226  0.0221  0.0222  0.0220  0.0220
  0.0220  0.0220  0.0220  0.0222  0.0222  0.0225  0.0219  0.0220  0.0218  0.0219  0.0218  0.0218
  0.0219  0.0219  0.0219  0.0219  0.0219  0.0219  0.0218  0.0218  0.0218  0.0218  0.0218  0.0218
  0.0220  0.0220  0.0220  0.0219  0.0218  0.0217  0.0219  0.0220  0.0219  0.0218  0.0218  0.0219
  0.0224  0.0223  0.0222  0.0223  0.0222  0.0223  0.0222  0.0226  0.0221  0.0221  0.0220  0.0220
  0.0230  0.0227  0.0225  0.0232  0.0231  0.0239  0.0227  0.0237  0.0225  0.0228  0.0223  0.0223
niter,ni,del,rscale     2    3    5.0000    0.5000
parameters
    0.2261    9.6644   12.3282   -5.5728  -21.2900   -6.5000
    2.8423    6.8517   -4.1302   34.6750   -5.5507  -40.7218
eta,q 0.97832 11.72231
  0.0226  0.0223  0.0223  0.0227  0.0227  0.0234  0.0223  0.0231  0.0222  0.0224  0.0221  0.0222
  0.0221  0.0220  0.0220  0.0223  0.0223  0.0228  0.0220  0.0223  0.0219  0.0220  0.0219  0.0219
  0.0219  0.0218  0.0218  0.0220  0.0220  0.0222  0.0217  0.0218  0.0217  0.0218  0.0217  0.0217
  0.0218  0.0218  0.0218  0.0218  0.0218  0.0218  0.0217  0.0217  0.0217  0.0217  0.0217  0.0217
  0.0219  0.0219  0.0218  0.0218  0.0217  0.0216  0.0217  0.0218  0.0217  0.0217  0.0217  0.0217
  0.0221  0.0221  0.0220  0.0221  0.0220  0.0221  0.0220  0.0223  0.0219  0.0220  0.0219  0.0218
  0.0226  0.0224  0.0222  0.0227  0.0226  0.0233  0.0223  0.0231  0.0222  0.0224  0.0221  0.0220
niter,ni,del,rscale     1    3    5.0000    0.4000
parameters
    0.2235    9.6283   12.3656   -5.5248  -21.0878   -6.2618
    2.8415    6.8561   -4.1425   34.6619   -5.5140  -40.5150
eta,q 0.97840 11.73229
  0.0222  0.0220  0.0220  0.0223  0.0223  0.0229  0.0220  0.0226  0.0219  0.0221  0.0219  0.0219
  0.0219  0.0218  0.0218  0.0220  0.0220  0.0224  0.0218  0.0220  0.0217  0.0218  0.0217  0.0217
  0.0217  0.0217  0.0217  0.0218  0.0218  0.0220  0.0217  0.0217  0.0216  0.0217  0.0216  0.0216
  0.0217  0.0217  0.0217  0.0217  0.0217  0.0217  0.0216  0.0216  0.0216  0.0216  0.0216  0.0216
  0.0217  0.0217  0.0217  0.0217  0.0217  0.0216  0.0216  0.0217  0.0216  0.0216  0.0216  0.0216
  0.0219  0.0219  0.0218  0.0219  0.0218  0.0219  0.0218  0.0220  0.0218  0.0218  0.0217  0.0217
  0.0222  0.0221  0.0220  0.0223  0.0222  0.0227  0.0220  0.0226  0.0220  0.0221  0.0219  0.0218
registration optimization eta report
parameter search radius
    0.8000    0.8000    0.8000    2.4000    2.7600    2.4000
    2.4000    2.4000    2.4000    2.4000    2.4000    2.4000
100000*second partial in parameter space
       82.       60.       50.       11.        8.       20.
        8.       17.        6.        9.        5.        5.
  0.0222  0.0220  0.0220  0.0223  0.0223  0.0229  0.0220  0.0226  0.0219  0.0221  0.0219  0.0219
  0.0219  0.0218  0.0218  0.0220  0.0220  0.0224  0.0218  0.0220  0.0217  0.0218  0.0217  0.0217
  0.0217  0.0217  0.0217  0.0218  0.0218  0.0220  0.0217  0.0217  0.0216  0.0217  0.0216  0.0216
  0.0217  0.0217  0.0217  0.0217  0.0217  0.0217  0.0216  0.0216  0.0216  0.0216  0.0216  0.0216
  0.0217  0.0217  0.0217  0.0217  0.0217  0.0216  0.0216  0.0217  0.0216  0.0216  0.0216  0.0216
  0.0219  0.0219  0.0218  0.0219  0.0218  0.0219  0.0218  0.0220  0.0218  0.0218  0.0217  0.0217
  0.0222  0.0221  0.0220  0.0223  0.0222  0.0227  0.0220  0.0226  0.0220  0.0221  0.0219  0.0218
    0.2235    9.6283   12.3656   -5.5248  -21.0878   -6.2618
    2.8415    6.8561   -4.1425   34.6619   -5.5140  -40.5150
eta,q 0.97840 11.73229

---------------------------------------------------------------------
imgreg_4dfp /opt/freesurfer/average/711-2C_as_mni_average_305 /opt/freesurfer/average/711-2B_as_mni_average_305_mask talsrcimg_g11 none talsrcimg_to_711-2C_as_mni_average_305_t4 2311
---------------------------------------------------------------------

freesurfer imgreg_4dfp.c
/opt/freesurfer/average/711-2C_as_mni_average_305.4dfp.img
       256       256       256         1
  1.000000  1.000000  1.000000
orientation T byte_order littleendian
Reading image: /opt/freesurfer/average/711-2C_as_mni_average_305.4dfp.img
dimensions:      256       256       256
mmppix:       1.0000   -1.0000   -1.0000
center:     128.0000 -129.0000 -129.0000
/opt/freesurfer/average/711-2B_as_mni_average_305_mask.4dfp.img
       256       256       256         1
  1.000000  1.000000  1.000000
orientation T byte_order littleendian
Reading mask: /opt/freesurfer/average/711-2B_as_mni_average_305_mask.4dfp.img (2306576 pixels)
talsrcimg_g11.4dfp.img
       256       256       256         1
  1.000000  1.000000  1.000000
orientation T byte_order littleendian
Reading image: talsrcimg_g11.4dfp.img
dimensions:      256       256       256
mmppix:       1.0000   -1.0000   -1.0000
center:     128.0000 -129.0000 -129.0000
fimgreg.f
image alignment mode   2311 decimal      907 hex
parameters
    0.2235    9.6283   12.3656   -5.5248  -21.0878   -6.2618
    2.8415    6.8561   -4.1425   34.6619   -5.5140  -40.5150
eta,q 0.97840 11.73229
niter,ni,del,rscale     5    3    5.0000    0.8000
parameters
    0.2286    9.5862   12.4617   -6.0940  -21.5423   -6.8366
    2.9947    6.7636   -4.1634   34.3281   -5.7042  -40.8408
eta,q 0.97808 11.68659
  0.0237  0.0231  0.0232  0.0233  0.0229  0.0243  0.0234  0.0248  0.0231  0.0233  0.0227  0.0227
  0.0226  0.0223  0.0223  0.0225  0.0224  0.0234  0.0226  0.0232  0.0224  0.0226  0.0222  0.0221
  0.0218  0.0218  0.0218  0.0219  0.0219  0.0225  0.0221  0.0222  0.0220  0.0221  0.0220  0.0219
  0.0216  0.0216  0.0216  0.0216  0.0217  0.0217  0.0219  0.0219  0.0219  0.0219  0.0219  0.0219
  0.0218  0.0218  0.0217  0.0219  0.0218  0.0220  0.0220  0.0223  0.0221  0.0221  0.0221  0.0221
  0.0226  0.0224  0.0221  0.0230  0.0225  0.0239  0.0225  0.0233  0.0225  0.0227  0.0224  0.0224
  0.0237  0.0233  0.0228  0.0248  0.0240  0.0272  0.0233  0.0250  0.0231  0.0240  0.0228  0.0228
niter,ni,del,rscale     4    3    5.0000    0.7000
parameters
    0.2564    9.6636   12.3489   -5.8426  -21.4712   -6.8839
    2.8427    6.8166   -4.1541   34.5170   -5.6958  -40.9458
eta,q 0.97814 11.70117
  0.0234  0.0231  0.0226  0.0235  0.0230  0.0242  0.0230  0.0243  0.0228  0.0232  0.0226  0.0226
  0.0226  0.0225  0.0222  0.0228  0.0225  0.0234  0.0224  0.0230  0.0223  0.0225  0.0222  0.0221
  0.0221  0.0221  0.0219  0.0223  0.0221  0.0226  0.0220  0.0221  0.0220  0.0221  0.0219  0.0219
  0.0219  0.0219  0.0219  0.0219  0.0219  0.0219  0.0219  0.0219  0.0219  0.0219  0.0219  0.0219
  0.0221  0.0220  0.0221  0.0219  0.0218  0.0217  0.0220  0.0221  0.0220  0.0219  0.0220  0.0220
  0.0225  0.0223  0.0224  0.0223  0.0223  0.0227  0.0225  0.0229  0.0223  0.0223  0.0222  0.0222
  0.0233  0.0229  0.0228  0.0234  0.0232  0.0251  0.0232  0.0242  0.0228  0.0231  0.0226  0.0226
niter,ni,del,rscale     3    3    5.0000    0.6000
parameters
    0.2407    9.6630   12.3163   -5.6897  -21.3079   -6.7149
    2.8320    6.8498   -4.1447   34.6199   -5.6305  -40.8180
eta,q 0.97825 11.71658
  0.0229  0.0227  0.0224  0.0231  0.0228  0.0238  0.0227  0.0237  0.0225  0.0228  0.0224  0.0224
  0.0223  0.0222  0.0221  0.0226  0.0224  0.0231  0.0222  0.0226  0.0221  0.0223  0.0220  0.0220
  0.0220  0.0219  0.0219  0.0221  0.0220  0.0224  0.0219  0.0220  0.0218  0.0219  0.0218  0.0218
  0.0219  0.0218  0.0218  0.0218  0.0218  0.0218  0.0218  0.0218  0.0218  0.0218  0.0217  0.0217
  0.0220  0.0219  0.0219  0.0218  0.0218  0.0216  0.0219  0.0220  0.0218  0.0218  0.0218  0.0218
  0.0224  0.0222  0.0222  0.0222  0.0221  0.0223  0.0222  0.0226  0.0221  0.0221  0.0220  0.0220
  0.0230  0.0227  0.0225  0.0231  0.0228  0.0240  0.0227  0.0236  0.0225  0.0227  0.0223  0.0223
niter,ni,del,rscale     2    3    5.0000    0.5000
parameters
    0.2291    9.6376   12.3283   -5.5904  -21.1324   -6.4807
    2.8488    6.8627   -4.1432   34.6453   -5.5613  -40.6297
eta,q 0.97834 11.72820
  0.0225  0.0223  0.0222  0.0227  0.0225  0.0234  0.0223  0.0231  0.0222  0.0224  0.0221  0.0222
  0.0221  0.0220  0.0220  0.0223  0.0221  0.0228  0.0220  0.0223  0.0219  0.0220  0.0219  0.0219
  0.0218  0.0218  0.0218  0.0219  0.0219  0.0222  0.0217  0.0218  0.0217  0.0218  0.0217  0.0217
  0.0218  0.0218  0.0218  0.0218  0.0217  0.0217  0.0217  0.0217  0.0217  0.0217  0.0217  0.0217
  0.0218  0.0218  0.0218  0.0218  0.0217  0.0216  0.0217  0.0218  0.0217  0.0217  0.0217  0.0217
  0.0221  0.0220  0.0220  0.0221  0.0219  0.0221  0.0220  0.0223  0.0219  0.0220  0.0218  0.0218
  0.0226  0.0224  0.0222  0.0227  0.0224  0.0233  0.0223  0.0231  0.0222  0.0224  0.0221  0.0220
niter,ni,del,rscale     1    3    5.0000    0.4000
parameters
    0.2249    9.6085   12.3658   -5.5405  -20.9824   -6.2468
    2.8559    6.8615   -4.1476   34.6329   -5.5207  -40.4553
eta,q 0.97841 11.73582
  0.0222  0.0220  0.0220  0.0223  0.0222  0.0229  0.0221  0.0226  0.0219  0.0221  0.0219  0.0219
  0.0219  0.0218  0.0218  0.0220  0.0219  0.0224  0.0218  0.0220  0.0217  0.0218  0.0217  0.0217
  0.0217  0.0217  0.0217  0.0218  0.0218  0.0220  0.0216  0.0217  0.0216  0.0217  0.0216  0.0216
  0.0217  0.0217  0.0217  0.0217  0.0217  0.0217  0.0216  0.0216  0.0216  0.0216  0.0216  0.0216
  0.0217  0.0217  0.0217  0.0217  0.0217  0.0216  0.0216  0.0217  0.0216  0.0216  0.0216  0.0216
  0.0219  0.0219  0.0218  0.0219  0.0218  0.0219  0.0218  0.0220  0.0217  0.0218  0.0217  0.0217
  0.0222  0.0221  0.0219  0.0223  0.0221  0.0227  0.0220  0.0226  0.0219  0.0221  0.0219  0.0218
registration optimization eta report
parameter search radius
    0.8000    0.8000    0.8000    2.4000    2.4000    2.4000
    2.4000    2.4000    2.4000    2.4000    2.4000    2.4000
100000*second partial in parameter space
       82.       62.       50.       11.        8.       20.
        8.       17.        6.        9.        5.        5.
  0.0222  0.0220  0.0220  0.0223  0.0222  0.0229  0.0221  0.0226  0.0219  0.0221  0.0219  0.0219
  0.0219  0.0218  0.0218  0.0220  0.0219  0.0224  0.0218  0.0220  0.0217  0.0218  0.0217  0.0217
  0.0217  0.0217  0.0217  0.0218  0.0218  0.0220  0.0216  0.0217  0.0216  0.0217  0.0216  0.0216
  0.0217  0.0217  0.0217  0.0217  0.0217  0.0217  0.0216  0.0216  0.0216  0.0216  0.0216  0.0216
  0.0217  0.0217  0.0217  0.0217  0.0217  0.0216  0.0216  0.0217  0.0216  0.0216  0.0216  0.0216
  0.0219  0.0219  0.0218  0.0219  0.0218  0.0219  0.0218  0.0220  0.0217  0.0218  0.0217  0.0217
  0.0222  0.0221  0.0219  0.0223  0.0221  0.0227  0.0220  0.0226  0.0219  0.0221  0.0219  0.0218
    0.2249    9.6085   12.3658   -5.5405  -20.9824   -6.2468
    2.8559    6.8615   -4.1476   34.6329   -5.5207  -40.4553
eta,q 0.97841 11.73582

---------------------------------------------------------------------
compute_vox2vox talsrcimg talsrcimg_to_711-2C_as_mni_average_305_t4 /opt/freesurfer/average/711-2C_as_mni_average_305
---------------------------------------------------------------------

freesurfer compute_vox2vox.c
Reading: talsrcimg.4dfp.ifh
Reading: talsrcimg_to_711-2C_as_mni_average_305_t4
Reading: /opt/freesurfer/average/711-2C_as_mni_average_305.4dfp.ifh
Writing: talsrcimg_to_711-2C_as_mni_average_305_t4_vox2vox.txt

start time Wed Mar 11 03:00:35 CET 2026
end		time Wed Mar 11 03:02:04 CET 2026

mpr2mni305 success

avi2talxfm orig_nu.mgz /opt/freesurfer/average/mni305.cor.mgz talsrcimg_to_711-2C_as_mni_average_305_t4_vox2vox.txt transforms/talairach.auto.xfm
avi2talxfm done
mv -f /out/sourcedata/freesurfer/sub-v2s12x28908_ses-1/mri/talsrcimg_to_711-2C_as_mni_average_305_t4_vox2vox.txt /out/sourcedata/freesurfer/sub-v2s12x28908_ses-1/mri/transforms/talsrcimg_to_711-2C_as_mni_average_305_t4_vox2vox.txt
lta_convert --src orig_nu.mgz --trg /opt/freesurfer/average/mni305.cor.mgz --inxfm transforms/talairach.auto.xfm --outlta transforms/talairach.auto.xfm.lta --subject fsaverage
7.3.2

--src: orig_nu.mgz src image (geometry).
--trg: /opt/freesurfer/average/mni305.cor.mgz trg image (geometry).
--inmni: transforms/talairach.auto.xfm input MNI/XFM transform.
--outlta: transforms/talairach.auto.xfm.lta output LTA.
--s: fsaverage subject name
 LTA read, type : 1
 1.05270  -0.05297  -0.06517  -5.68294;
 0.07218   0.89335   0.45477  -23.00651;
 0.02362  -0.39433   1.06280   18.50383;
 0.00000   0.00000   0.00000   1.00000;
setting subject to fsaverage
Writing  LTA to file transforms/talairach.auto.xfm.lta...
lta_convert successful.
 
 
Started at Wed Mar 11 03:00:35 CET 2026
Ended   at Wed Mar 11 03:02:04 CET 2026
talairach_avi done
