status file for recon-all
Wed Mar 11 00:11:49 CET 2026
#@# Tessellate lh Wed Mar 11 00:11:49 CET 2026
#@# Smooth1 lh Wed Mar 11 00:11:53 CET 2026
#@# Inflation1 lh Wed Mar 11 00:11:56 CET 2026
#@# QSphere lh Wed Mar 11 00:12:09 CET 2026
#@# Fix Topology lh Wed Mar 11 00:13:21 CET 2026
#@# Smooth2 lh Wed Mar 11 00:19:17 CET 2026
#@# Inflation2 lh Wed Mar 11 00:19:20 CET 2026
#@# Curv .H and .K lh Wed Mar 11 00:19:35 CET 2026
#@# Sphere lh Wed Mar 11 00:20:25 CET 2026
#@# Surf Reg lh Wed Mar 11 00:22:35 CET 2026
#@# Jacobian white lh Wed Mar 11 00:26:37 CET 2026
#@# AvgCurv lh Wed Mar 11 00:26:38 CET 2026
#@# Cortical Parc lh Wed Mar 11 00:26:39 CET 2026
#@# white curv lh Wed Mar 11 00:34:14 CET 2026
#@# white area lh Wed Mar 11 00:34:16 CET 2026
#@# pial curv lh Wed Mar 11 00:34:16 CET 2026
#@# pial area lh Wed Mar 11 00:34:18 CET 2026
#@# thickness lh Wed Mar 11 00:34:19 CET 2026
#@# area and vertex vol lh Wed Mar 11 00:34:49 CET 2026
#@# Curvature Stats lh Wed Mar 11 00:34:51 CET 2026
#@# Cortical Parc 2 lh Wed Mar 11 00:34:53 CET 2026
#@# Cortical Parc 3 lh Wed Mar 11 00:35:07 CET 2026
#@# WM/GM Contrast lh Wed Mar 11 00:35:18 CET 2026
recon-all -s sub-v2s12x28866_ses-1 finished without error at Wed Mar 11 00:35:21 CET 2026



#New# invocation of recon-all 



status file for recon-all
Wed Mar 11 01:04:45 CET 2026
#@# white curv lh Wed Mar 11 01:04:45 CET 2026
#@# white area lh Wed Mar 11 01:04:45 CET 2026
#@# pial curv lh Wed Mar 11 01:04:45 CET 2026
#@# pial area lh Wed Mar 11 01:04:46 CET 2026
#@# thickness lh Wed Mar 11 01:04:46 CET 2026
#@# area and vertex vol lh Wed Mar 11 01:04:46 CET 2026
#@# Parcellation Stats lh Wed Mar 11 01:04:46 CET 2026
#@# Parcellation Stats 2 lh Wed Mar 11 01:05:05 CET 2026
#@# Parcellation Stats 3 lh Wed Mar 11 01:05:16 CET 2026
#@# BA_exvivo Labels lh Wed Mar 11 01:05:26 CET 2026
recon-all -s sub-v2s12x28866_ses-1 finished without error at Wed Mar 11 01:08:13 CET 2026
