/out/sourcedata/freesurfer/sub-v2s12x28853_ses-1/mri
/opt/freesurfer/bin/talairach_avi
--i orig_nu.mgz --xfm transforms/talairach.auto.xfm
talairach_avi 7.3.2
Linux dna013 5.14.0-427.37.1.el9_4.x86_64 #1 SMP PREEMPT_DYNAMIC Fri Sep 13 12:41:50 EDT 2024 x86_64 x86_64 x86_64 GNU/Linux
Tue Mar 10 22:18:01 CET 2026
mri_convert orig_nu.mgz talsrcimg.img 
reading from orig_nu.mgz...
TR=0.00, TE=0.00, TI=0.00, flip angle=0.00
i_ras = (-1, 0, 0)
j_ras = (0, 0, -1)
k_ras = (0, 1, 0)
writing to talsrcimg.img...
Analyze Output Matrix
-1.00000   0.00000   0.00000   132.31219;
 0.00000   0.00000   1.00000  -128.50000;
 0.00000  -1.00000   0.00000   114.50000;
 0.00000   0.00000   0.00000   1.00000;
--------------------
INFO: set hdr.hist.orient to -1
mpr2mni305 talsrcimg
Tue Mar 10 22:18:01 CET 2026
/opt/freesurfer/bin/mpr2mni305 talsrcimg
mpr2mni305 7.3.2
target=711-2C_as_mni_average_305

---------------------------------------------------------------------
analyzeto4dfp talsrcimg -O0 -y
---------------------------------------------------------------------

freesurfer ifh2hdr.c
Tue Mar 10 22:18:02 2026
Writing: talsrcimg.4dfp.hdr
freesurfer analyzeto4dfp.c
Reading: talsrcimg.hdr
header size 348 bytes
hdr.dime.datatype	offset=70	value=2
hdr.dime.bitpix		offset=72	value=8
hdr.hist.orient		offset=252	value=-1
dimensionality     4
dimensions       256       256       256         1
Reading: talsrcimg.img
Writing: talsrcimg.4dfp.img
Writing: talsrcimg.4dfp.ifh
ifh2hdr talsrcimg -r0to223
ori=2

---------------------------------------------------------------------
gauss_4dfp talsrcimg 1.1
---------------------------------------------------------------------

freesurfer gauss_4dfp.c
Reading: talsrcimg.4dfp.img
Writing: talsrcimg_g11.4dfp.img
image dimensions 256 256 256 padded to 288 288 288
processing volume 1freesurfer ifh2hdr.c
Tue Mar 10 22:18:03 2026
Writing: talsrcimg_g11.4dfp.hdr

Writing: talsrcimg_g11.4dfp.ifh
including: talsrcimg.4dfp.img.rec in talsrcimg_g11.4dfp.img.rec

---------------------------------------------------------------------
imgreg_4dfp /opt/freesurfer/average/711-2C_as_mni_average_305 none talsrcimg_g11 none talsrcimg_to_711-2C_as_mni_average_305_t4 4355
---------------------------------------------------------------------

freesurfer imgreg_4dfp.c
/opt/freesurfer/average/711-2C_as_mni_average_305.4dfp.img
       256       256       256         1
  1.000000  1.000000  1.000000
orientation T byte_order littleendian
Reading image: /opt/freesurfer/average/711-2C_as_mni_average_305.4dfp.img
dimensions:      256       256       256
mmppix:       1.0000   -1.0000   -1.0000
center:     128.0000 -129.0000 -129.0000
talsrcimg_g11.4dfp.img
       256       256       256         1
  1.000000  1.000000  1.000000
orientation T byte_order littleendian
Reading image: talsrcimg_g11.4dfp.img
dimensions:      256       256       256
mmppix:       1.0000   -1.0000   -1.0000
center:     128.0000 -129.0000 -129.0000
t4_read: open error in t4_sub.f l:  41 t4_file(1:l)talsrcimg_to_711-2C_as_mni_average_305_t4 
t4_read: transform initialized to I4
rotation matrix determinant  1.000000
image alignment mode   4355 decimal     1103 hex
   -7.5000  -45.0000  -45.0000 5284.5820   27.1950
    0.0000  -45.0000  -45.0000 5515.9888   27.2064
    7.5000  -45.0000  -45.0000 5314.5464   27.2195
   -7.5000  -37.5000  -45.0000 5814.6270   26.5480
    0.0000  -37.5000  -45.0000 6062.7515   26.5479
    7.5000  -37.5000  -45.0000 5856.3599   26.5478
   -7.5000  -30.0000  -45.0000 6587.1890   26.1328
    0.0000  -30.0000  -45.0000 6872.5776   26.1308
    7.5000  -30.0000  -45.0000 6653.0195   26.1251
   -7.5000  -22.5000  -45.0000 7419.0200   26.1239
    0.0000  -22.5000  -45.0000 7735.8979   26.1340
    7.5000  -22.5000  -45.0000 7493.2075   26.1374
   -7.5000  -15.0000  -45.0000 8272.4570   26.1644
    0.0000  -15.0000  -45.0000 8628.5557   26.1877
    7.5000  -15.0000  -45.0000 8362.9668   26.2035
   -7.5000   -7.5000  -45.0000 9103.0459   26.1662
    0.0000   -7.5000  -45.0000 9495.9678   26.1909
    7.5000   -7.5000  -45.0000 9190.1123   26.2123
   -7.5000    0.0000  -45.0000 9863.8945   26.1257
    0.0000    0.0000  -45.000010290.0684   26.1390
    7.5000    0.0000  -45.0000 9922.3770   26.1533
   -7.5000    7.5000  -45.0000 9834.2734   26.0830
    0.0000    7.5000  -45.000010269.3291   26.0825
    7.5000    7.5000  -45.0000 9870.4277   26.0822
   -7.5000   15.0000  -45.0000 9690.6738   26.0797
    0.0000   15.0000  -45.000010117.2529   26.0776
    7.5000   15.0000  -45.0000 9766.4385   26.0720
   -7.5000   22.5000  -45.0000 9473.7451   26.1171
    0.0000   22.5000  -45.0000 9917.0986   26.1272
    7.5000   22.5000  -45.0000 9584.4463   26.1306
   -7.5000   30.0000  -45.0000 9260.2510   25.8157
    0.0000   30.0000  -45.0000 9689.4111   25.8387
    7.5000   30.0000  -45.0000 9348.1279   25.8542
   -7.5000   37.5000  -45.0000 9304.8838   25.8175
    0.0000   37.5000  -45.0000 9698.4482   25.8419
    7.5000   37.5000  -45.0000 9349.1816   25.8630
   -7.5000   45.0000  -45.0000 8833.5205   25.1230
    0.0000   45.0000  -45.0000 9180.2764   25.1358
    7.5000   45.0000  -45.0000 8865.3359   25.1496
   -7.5000  -45.0000  -37.5000 5664.2866   26.7698
    0.0000  -45.0000  -37.5000 5897.7944   26.7775
    7.5000  -45.0000  -37.5000 5696.9614   26.7933
   -7.5000  -37.5000  -37.5000 6208.2026   26.1448
    0.0000  -37.5000  -37.5000 6480.8242   26.1349
    7.5000  -37.5000  -37.5000 6261.9307   26.1362
   -7.5000  -30.0000  -37.5000 7014.3491   25.7373
    0.0000  -30.0000  -37.5000 7342.6191   25.7221
    7.5000  -30.0000  -37.5000 7083.6064   25.7201
   -7.5000  -22.5000  -37.5000 7916.8813   25.7261
    0.0000  -22.5000  -37.5000 8299.9082   25.7248
    7.5000  -22.5000  -37.5000 7999.3550   25.7331
   -7.5000  -15.0000  -37.5000 8850.4141   25.7668
    0.0000  -15.0000  -37.5000 9293.5205   25.7836
    7.5000  -15.0000  -37.5000 8946.5791   25.8045
   -7.5000   -7.5000  -37.5000 9741.9531   25.7724
    0.0000   -7.5000  -37.500010212.4648   25.7941
    7.5000   -7.5000  -37.5000 9831.5967   25.8193
   -7.5000    0.0000  -37.500010549.9893   25.7367
    0.0000    0.0000  -37.500011019.9844   25.7458
    7.5000    0.0000  -37.500010605.3516   25.7614
   -7.5000    7.5000  -37.500010498.7793   25.6939
    0.0000    7.5000  -37.500010988.3389   25.6842
    7.5000    7.5000  -37.500010558.1855   25.6851
   -7.5000   15.0000  -37.500010323.9512   25.6859
    0.0000   15.0000  -37.500010808.1895   25.6706
    7.5000   15.0000  -37.500010397.1436   25.6687
   -7.5000   22.5000  -37.500010069.3594   25.7194
    0.0000   22.5000  -37.500010565.0459   25.7181
    7.5000   22.5000  -37.500010152.5234   25.7264
   -7.5000   30.0000  -37.5000 9792.9609   25.4233
    0.0000   30.0000  -37.500010245.9883   25.4399
    7.5000   30.0000  -37.5000 9848.4512   25.4606
   -7.5000   37.5000  -37.5000 9802.9521   25.4289
    0.0000   37.5000  -37.500010215.3242   25.4503
    7.5000   37.5000  -37.5000 9832.4863   25.4752
   -7.5000   45.0000  -37.5000 9325.4365   24.7489
    0.0000   45.0000  -37.5000 9705.2373   24.7577
    7.5000   45.0000  -37.5000 9330.4307   24.7726
   -7.5000  -45.0000  -30.0000 6142.6479   27.6206
    0.0000  -45.0000  -30.0000 6412.7446   27.6017
    7.5000  -45.0000  -30.0000 6194.0688   27.5946
   -7.5000  -37.5000  -30.0000 6744.4556   27.0017
    0.0000  -37.5000  -30.0000 7042.5659   26.9707
    7.5000  -37.5000  -30.0000 6807.7734   26.9508
   -7.5000  -30.0000  -30.0000 7627.6011   26.5710
    0.0000  -30.0000  -30.0000 7980.0635   26.5335
    7.5000  -30.0000  -30.0000 7689.0156   26.5129
   -7.5000  -22.5000  -30.0000 8613.4268   26.5261
    0.0000  -22.5000  -30.0000 9028.7324   26.4964
    7.5000  -22.5000  -30.0000 8693.7852   26.4871
   -7.5000  -15.0000  -30.0000 9583.0557   26.5470
    0.0000  -15.0000  -30.000010066.9697   26.5309
    7.5000  -15.0000  -30.0000 9672.8623   26.5346
   -7.5000   -7.5000  -30.000010538.9443   26.5672
    0.0000   -7.5000  -30.000011048.8232   26.5576
    7.5000   -7.5000  -30.000010600.3838   26.5637
   -7.5000    0.0000  -30.000011398.0107   26.5643
    0.0000    0.0000  -30.000011933.7793   26.5486
    7.5000    0.0000  -30.000011420.4678   26.5420
   -7.5000    7.5000  -30.000011342.6309   26.5396
    0.0000    7.5000  -30.000011890.0088   26.5095
    7.5000    7.5000  -30.000011344.5889   26.4895
   -7.5000   15.0000  -30.000011122.5752   26.5185
    0.0000   15.0000  -30.000011664.9570   26.4810
    7.5000   15.0000  -30.000011162.5400   26.4604
   -7.5000   22.5000  -30.000010837.7432   26.5166
    0.0000   22.5000  -30.000011364.6367   26.4867
    7.5000   22.5000  -30.000010900.8340   26.4774
   -7.5000   30.0000  -30.000010506.2061   26.1957
    0.0000   30.0000  -30.000010971.3125   26.1798
    7.5000   30.0000  -30.000010544.6611   26.1835
   -7.5000   37.5000  -30.000010491.4863   26.2157
    0.0000   37.5000  -30.000010940.4385   26.2062
    7.5000   37.5000  -30.000010495.9775   26.2122
   -7.5000   45.0000  -30.0000 9957.5332   25.5636
    0.0000   45.0000  -30.000010366.8203   25.5484
    7.5000   45.0000  -30.0000 9953.9209   25.5421
   -7.5000  -45.0000  -22.5000 6672.1123   28.6194
    0.0000  -45.0000  -22.5000 6971.3521   28.5747
    7.5000  -45.0000  -22.5000 6725.1997   28.5391
   -7.5000  -37.5000  -22.5000 7332.3486   27.9874
    0.0000  -37.5000  -22.5000 7670.2676   27.9467
    7.5000  -37.5000  -22.5000 7376.4722   27.9052
   -7.5000  -30.0000  -22.5000 8303.0020   27.5264
    0.0000  -30.0000  -22.5000 8694.3770   27.4840
    7.5000  -30.0000  -22.5000 8339.5908   27.4438
   -7.5000  -22.5000  -22.5000 9380.2783   27.4504
    0.0000  -22.5000  -22.5000 9815.1533   27.4058
    7.5000  -22.5000  -22.5000 9413.7256   27.3750
   -7.5000  -15.0000  -22.500010415.5801   27.4553
    0.0000  -15.0000  -22.500010935.2949   27.4112
    7.5000  -15.0000  -22.500010474.6973   27.3900
   -7.5000   -7.5000  -22.500011436.6348   27.4917
    0.0000   -7.5000  -22.500012004.2168   27.4502
    7.5000   -7.5000  -22.500011475.8086   27.4287
   -7.5000    0.0000  -22.500012337.4512   27.5182
    0.0000    0.0000  -22.500012951.5732   27.4790
    7.5000    0.0000  -22.500012335.9951   27.4468
   -7.5000    7.5000  -22.500012298.2246   27.5064
    0.0000    7.5000  -22.500012902.9482   27.4668
    7.5000    7.5000  -22.500012292.8555   27.4258
   -7.5000   15.0000  -22.500012063.4199   27.4718
    0.0000   15.0000  -22.500012688.7539   27.4294
    7.5000   15.0000  -22.500012079.8994   27.3894
   -7.5000   22.5000  -22.500011754.7021   27.4387
    0.0000   22.5000  -22.500012340.8135   27.3940
    7.5000   22.5000  -22.500011725.7695   27.3631
   -7.5000   30.0000  -22.500011349.7793   27.0962
    0.0000   30.0000  -22.500011870.2471   27.0526
    7.5000   30.0000  -22.500011302.4648   27.0316
   -7.5000   37.5000  -22.500011311.3252   27.1321
    0.0000   37.5000  -22.500011818.1836   27.0911
    7.5000   37.5000  -22.500011254.7090   27.0699
   -7.5000   45.0000  -22.500010695.8877   26.5014
    0.0000   45.0000  -22.500011173.2012   26.4636
    7.5000   45.0000  -22.500010664.5586   26.4327
   -7.5000  -45.0000  -15.0000 7210.6436   29.4107
    0.0000  -45.0000  -15.0000 7527.0518   29.3639
    7.5000  -45.0000  -15.0000 7258.7466   29.3221
   -7.5000  -37.5000  -15.0000 7968.0210   28.7529
    0.0000  -37.5000  -15.0000 8311.1758   28.7214
    7.5000  -37.5000  -15.0000 7999.9150   28.6791
   -7.5000  -30.0000  -15.0000 9028.5088   28.2778
    0.0000  -30.0000  -15.0000 9443.6982   28.2515
    7.5000  -30.0000  -15.0000 9047.5381   28.2112
   -7.5000  -22.5000  -15.000010168.1348   28.2010
    0.0000  -22.5000  -15.000010632.1758   28.1695
    7.5000  -22.5000  -15.000010180.8525   28.1369
   -7.5000  -15.0000  -15.000011316.1543   28.2075
    0.0000  -15.0000  -15.000011846.8252   28.1674
    7.5000  -15.0000  -15.000011332.4170   28.1408
   -7.5000   -7.5000  -15.000012387.4355   28.2452
    0.0000   -7.5000  -15.000012995.4629   28.2009
    7.5000   -7.5000  -15.000012396.7529   28.1723
   -7.5000    0.0000  -15.000013335.2656   28.2707
    0.0000    0.0000  -15.000013985.5449   28.2304
    7.5000    0.0000  -15.000013319.6826   28.1940
   -7.5000    7.5000  -15.000013326.0742   28.2568
    0.0000    7.5000  -15.000013960.2959   28.2258
    7.5000    7.5000  -15.000013277.1074   28.1842
   -7.5000   15.0000  -15.000013063.7539   28.2213
    0.0000   15.0000  -15.000013740.7471   28.1950
    7.5000   15.0000  -15.000013002.5244   28.1551
   -7.5000   22.5000  -15.000012719.6436   28.1876
    0.0000   22.5000  -15.000013337.8047   28.1560
    7.5000   22.5000  -15.000012643.0996   28.1234
   -7.5000   30.0000  -15.000012209.3818   27.8424
    0.0000   30.0000  -15.000012824.4531   27.8028
    7.5000   30.0000  -15.000012147.8926   27.7765
   -7.5000   37.5000  -15.000012113.8301   27.8796
    0.0000   37.5000  -15.000012718.1768   27.8359
    7.5000   37.5000  -15.000012030.3818   27.8076
   -7.5000   45.0000  -15.000011462.1377   27.2425
    0.0000   45.0000  -15.000012035.3047   27.2037
    7.5000   45.0000  -15.000011405.1885   27.1686
   -7.5000  -45.0000   -7.5000 7804.7334   29.7991
    0.0000  -45.0000   -7.5000 8154.9219   29.7837
    7.5000  -45.0000   -7.5000 7865.9619   29.7702
   -7.5000  -37.5000   -7.5000 8640.8047   29.1140
    0.0000  -37.5000   -7.5000 9031.9688   29.1041
    7.5000  -37.5000   -7.5000 8684.7432   29.0845
   -7.5000  -30.0000   -7.5000 9806.4004   28.6521
    0.0000  -30.0000   -7.500010257.5596   28.6459
    7.5000  -30.0000   -7.5000 9837.0986   28.6240
   -7.5000  -22.5000   -7.500011027.3867   28.6120
    0.0000  -22.5000   -7.500011543.5391   28.6087
    7.5000  -22.5000   -7.500011069.3164   28.5955
   -7.5000  -15.0000   -7.500012258.6543   28.6387
    0.0000  -15.0000   -7.500012824.5068   28.6347
    7.5000  -15.0000   -7.500012273.9307   28.6306
   -7.5000   -7.5000   -7.500013403.3916   28.6564
    0.0000   -7.5000   -7.500014038.1836   28.6487
    7.5000   -7.5000   -7.500013402.6855   28.6462
   -7.5000    0.0000   -7.500014450.4531   28.6436
    0.0000    0.0000   -7.500015131.6680   28.6325
    7.5000    0.0000   -7.500014400.2744   28.6230
   -7.5000    7.5000   -7.500014410.1543   28.6120
    0.0000    7.5000   -7.500015145.7393   28.6018
    7.5000    7.5000   -7.500014335.3809   28.5824
   -7.5000   15.0000   -7.500014133.8213   28.5947
    0.0000   15.0000   -7.500014837.5820   28.5886
    7.5000   15.0000   -7.500014014.6699   28.5669
   -7.5000   22.5000   -7.500013700.0879   28.5953
    0.0000   22.5000   -7.500014364.2881   28.5920
    7.5000   22.5000   -7.500013609.7178   28.5787
   -7.5000   30.0000   -7.500013139.7314   28.2673
    0.0000   30.0000   -7.500013807.4863   28.2633
    7.5000   30.0000   -7.500013063.2393   28.2593
   -7.5000   37.5000   -7.500012978.7432   28.2848
    0.0000   37.5000   -7.500013653.2178   28.2771
    7.5000   37.5000   -7.500012897.4307   28.2747
   -7.5000   45.0000   -7.500012250.2295   27.6070
    0.0000   45.0000   -7.500012891.7656   27.5963
    7.5000   45.0000   -7.500012177.6611   27.5872
   -7.5000  -45.0000    0.0000 8359.4102   29.8134
    0.0000  -45.0000    0.0000 8759.2256   29.8281
    7.5000  -45.0000    0.0000 8420.3398   29.8453
   -7.5000  -37.5000    0.0000 9244.4951   29.1171
    0.0000  -37.5000    0.0000 9701.4941   29.1197
    7.5000  -37.5000    0.0000 9303.6406   29.1231
   -7.5000  -30.0000    0.000010497.0039   28.6711
    0.0000  -30.0000    0.000011001.7285   28.6718
    7.5000  -30.0000    0.000010561.5586   28.6693
   -7.5000  -22.5000    0.000011809.7168   28.6633
    0.0000  -22.5000    0.000012370.4346   28.6767
    7.5000  -22.5000    0.000011892.1201   28.6836
   -7.5000  -15.0000    0.000013069.4658   28.7081
    0.0000  -15.0000    0.000013668.5703   28.7352
    7.5000  -15.0000    0.000013124.0234   28.7549
   -7.5000   -7.5000    0.000014320.3301   28.7094
    0.0000   -7.5000    0.000014961.1162   28.7379
    7.5000   -7.5000    0.000014324.6650   28.7635
   -7.5000    0.0000    0.000015471.2998   28.6641
    0.0000    0.0000    0.000016229.0283   28.6806
    7.5000    0.0000    0.000015426.5312   28.6989
   -7.5000    7.5000    0.000015420.7236   28.6170
    0.0000    7.5000    0.000016231.1299   28.6191
    7.5000    7.5000    0.000015348.4893   28.6222
   -7.5000   15.0000    0.000015039.5752   28.6140
    0.0000   15.0000    0.000015715.6006   28.6146
    7.5000   15.0000    0.000014905.3018   28.6121
   -7.5000   22.5000    0.000014538.8857   28.6466
    0.0000   22.5000    0.000015178.7607   28.6600
    7.5000   22.5000    0.000014450.5635   28.6668
   -7.5000   30.0000    0.000013966.9512   28.3365
    0.0000   30.0000    0.000014612.3662   28.3632
    7.5000   30.0000    0.000013894.3838   28.3827
   -7.5000   37.5000    0.000013752.3945   28.3379
    0.0000   37.5000    0.000014408.6162   28.3659
    7.5000   37.5000    0.000013661.0400   28.3912
   -7.5000   45.0000    0.000012948.5469   27.6289
    0.0000   45.0000    0.000013605.0254   27.6448
    7.5000   45.0000    0.000012874.5811   27.6625
   -7.5000  -45.0000    7.5000 8276.8320   29.7102
    0.0000  -45.0000    7.5000 8666.9883   29.7189
    7.5000  -45.0000    7.5000 8338.5352   29.7366
   -7.5000  -37.5000    7.5000 9116.2900   29.0252
    0.0000  -37.5000    7.5000 9578.1953   29.0148
    7.5000  -37.5000    7.5000 9188.9600   29.0166
   -7.5000  -30.0000    7.500010321.1660   28.5771
    0.0000  -30.0000    7.500010841.3350   28.5609
    7.5000  -30.0000    7.500010388.3418   28.5589
   -7.5000  -22.5000    7.500011642.4521   28.5622
    0.0000  -22.5000    7.500012191.9746   28.5614
    7.5000  -22.5000    7.500011695.0762   28.5706
   -7.5000  -15.0000    7.500012904.7393   28.6042
    0.0000  -15.0000    7.500013478.1416   28.6230
    7.5000  -15.0000    7.500012928.7031   28.6460
   -7.5000   -7.5000    7.500014160.9580   28.6098
    0.0000   -7.5000    7.500014719.2705   28.6339
    7.5000   -7.5000    7.500014128.2051   28.6617
   -7.5000    0.0000    7.500015417.0039   28.5726
    0.0000    0.0000    7.500016121.0928   28.5830
    7.5000    0.0000    7.500015300.7979   28.6003
   -7.5000    7.5000    7.500015343.7471   28.5286
    0.0000    7.5000    7.500016005.4473   28.5183
    7.5000    7.5000    7.500015170.9316   28.5196
   -7.5000   15.0000    7.500014837.1895   28.5204
    0.0000   15.0000    7.500015343.4814   28.5042
    7.5000   15.0000    7.500014642.6279   28.5023
   -7.5000   22.5000    7.500014324.8213   28.5456
    0.0000   22.5000    7.500014831.9785   28.5447
    7.5000   22.5000    7.500014193.3799   28.5539
   -7.5000   30.0000    7.500013757.9170   28.2339
    0.0000   30.0000    7.500014319.4834   28.2526
    7.5000   30.0000    7.500013663.5986   28.2752
   -7.5000   37.5000    7.500013517.8604   28.2396
    0.0000   37.5000    7.500014085.5205   28.2634
    7.5000   37.5000    7.500013424.7432   28.2908
   -7.5000   45.0000    7.500012708.3164   27.5407
    0.0000   45.0000    7.500013257.0459   27.5507
    7.5000   45.0000    7.500012625.2070   27.5674
   -7.5000  -45.0000   15.0000 8009.2837   29.6479
    0.0000  -45.0000   15.0000 8397.1152   29.6277
    7.5000  -45.0000   15.0000 8030.8779   29.6201
   -7.5000  -37.5000   15.0000 8881.7461   28.9838
    0.0000  -37.5000   15.0000 9315.8789   28.9505
    7.5000  -37.5000   15.0000 8911.0859   28.9291
   -7.5000  -30.0000   15.000010066.6514   28.5217
    0.0000  -30.0000   15.000010521.2549   28.4814
    7.5000  -30.0000   15.000010088.5625   28.4593
   -7.5000  -22.5000   15.000011316.4014   28.4737
    0.0000  -22.5000   15.000011816.2637   28.4417
    7.5000  -22.5000   15.000011323.5107   28.4317
   -7.5000  -15.0000   15.000012581.4268   28.4961
    0.0000  -15.0000   15.000013091.7520   28.4789
    7.5000  -15.0000   15.000012565.3281   28.4828
   -7.5000   -7.5000   15.000013919.6553   28.5179
    0.0000   -7.5000   15.000014482.9150   28.5075
    7.5000   -7.5000   15.000013822.0811   28.5140
   -7.5000    0.0000   15.000015189.9600   28.5146
    0.0000    0.0000   15.000015824.1836   28.4977
    7.5000    0.0000   15.000015032.0977   28.4906
   -7.5000    7.5000   15.000015020.4932   28.4879
    0.0000    7.5000   15.000015526.1865   28.4556
    7.5000    7.5000   15.000014882.5713   28.4341
   -7.5000   15.0000   15.000014382.4062   28.4653
    0.0000   15.0000   15.000014745.0098   28.4251
    7.5000   15.0000   15.000014270.3389   28.4030
   -7.5000   22.5000   15.000013886.7607   28.4571
    0.0000   22.5000   15.000014274.4023   28.4251
    7.5000   22.5000   15.000013836.5957   28.4151
   -7.5000   30.0000   15.000013392.9385   28.1273
    0.0000   30.0000   15.000013867.3721   28.1102
    7.5000   30.0000   15.000013382.1924   28.1141
   -7.5000   37.5000   15.000013213.6650   28.1488
    0.0000   37.5000   15.000013690.5488   28.1385
    7.5000   37.5000   15.000013152.9277   28.1449
   -7.5000   45.0000   15.000012465.0332   27.4848
    0.0000   45.0000   15.000012931.5664   27.4685
    7.5000   45.0000   15.000012353.8311   27.4617
   -7.5000  -45.0000   22.5000 7692.0293   29.7061
    0.0000  -45.0000   22.5000 8034.4907   29.6597
    7.5000  -45.0000   22.5000 7690.0166   29.6228
   -7.5000  -37.5000   22.5000 8515.7217   29.0502
    0.0000  -37.5000   22.5000 8951.8721   29.0080
    7.5000  -37.5000   22.5000 8528.7393   28.9649
   -7.5000  -30.0000   22.5000 9651.1514   28.5717
    0.0000  -30.0000   22.500010149.5312   28.5277
    7.5000  -30.0000   22.5000 9662.9648   28.4859
   -7.5000  -22.5000   22.500010886.5615   28.4928
    0.0000  -22.5000   22.500011427.0684   28.4465
    7.5000  -22.5000   22.500010885.1152   28.4145
   -7.5000  -15.0000   22.500012141.9219   28.4979
    0.0000  -15.0000   22.500012692.6592   28.4521
    7.5000  -15.0000   22.500012119.0361   28.4300
   -7.5000   -7.5000   22.500013345.8164   28.5357
    0.0000   -7.5000   22.500013881.0391   28.4926
    7.5000   -7.5000   22.500013305.2666   28.4703
   -7.5000    0.0000   22.500014395.4668   28.5632
    0.0000    0.0000   22.500014911.9336   28.5225
    7.5000    0.0000   22.500014402.8467   28.4891
   -7.5000    7.5000   22.500014361.6777   28.5510
    0.0000    7.5000   22.500014671.6328   28.5099
    7.5000    7.5000   22.500014327.1055   28.4673
   -7.5000   15.0000   22.500014010.0029   28.5151
    0.0000   15.0000   22.500014146.8711   28.4710
    7.5000   15.0000   22.500013920.0557   28.4295
   -7.5000   22.5000   22.500013537.1406   28.4763
    0.0000   22.5000   22.500013725.0449   28.4299
    7.5000   22.5000   22.500013452.5752   28.3978
   -7.5000   30.0000   22.500013055.2715   28.1290
    0.0000   30.0000   22.500013360.5586   28.0838
    7.5000   30.0000   22.500012955.1787   28.0620
   -7.5000   37.5000   22.500012855.5684   28.1664
    0.0000   37.5000   22.500013258.3945   28.1238
    7.5000   37.5000   22.500012705.1982   28.1018
   -7.5000   45.0000   22.500012091.0469   27.5317
    0.0000   45.0000   22.500012535.7393   27.4924
    7.5000   45.0000   22.500011914.3115   27.4603
   -7.5000  -45.0000   30.0000 7280.9546   29.8177
    0.0000  -45.0000   30.0000 7637.5562   29.7703
    7.5000  -45.0000   30.0000 7290.7388   29.7279
   -7.5000  -37.5000   30.0000 8099.2876   29.1507
    0.0000  -37.5000   30.0000 8482.5967   29.1188
    7.5000  -37.5000   30.0000 8126.2808   29.0759
   -7.5000  -30.0000   30.0000 9195.1650   28.6691
    0.0000  -30.0000   30.0000 9600.6396   28.6423
    7.5000  -30.0000   30.0000 9198.5791   28.6015
   -7.5000  -22.5000   30.000010358.1523   28.5911
    0.0000  -22.5000   30.000010813.0820   28.5592
    7.5000  -22.5000   30.000010339.2373   28.5261
   -7.5000  -15.0000   30.000011492.8516   28.5977
    0.0000  -15.0000   30.000011996.6436   28.5571
    7.5000  -15.0000   30.000011463.0420   28.5300
   -7.5000   -7.5000   30.000012528.9756   28.6360
    0.0000   -7.5000   30.000013076.6475   28.5911
    7.5000   -7.5000   30.000012538.2002   28.5620
   -7.5000    0.0000   30.000013483.6240   28.6618
    0.0000    0.0000   30.000014084.4424   28.6210
    7.5000    0.0000   30.000013500.8555   28.5841
   -7.5000    7.5000   30.000013507.2656   28.6477
    0.0000    7.5000   30.000014089.7812   28.6163
    7.5000    7.5000   30.000013422.5947   28.5741
   -7.5000   15.0000   30.000013393.1855   28.6118
    0.0000   15.0000   30.000013967.0234   28.5851
    7.5000   15.0000   30.000013195.6055   28.5446
   -7.5000   22.5000   30.000013083.4717   28.5745
    0.0000   22.5000   30.000013590.6875   28.5425
    7.5000   22.5000   30.000012878.4795   28.5094
   -7.5000   30.0000   30.000012512.2334   28.2276
    0.0000   30.0000   30.000012943.8105   28.1875
    7.5000   30.0000   30.000012341.0469   28.1607
   -7.5000   37.5000   30.000012202.1621   28.2654
    0.0000   37.5000   30.000012601.4678   28.2211
    7.5000   37.5000   30.000012032.6943   28.1923
   -7.5000   45.0000   30.000011405.9072   27.6267
    0.0000   45.0000   30.000011812.5293   27.5873
    7.5000   45.0000   30.000011296.6758   27.5517
   -7.5000  -45.0000   37.5000 7057.0942   29.8759
    0.0000  -45.0000   37.5000 7372.4438   29.8605
    7.5000  -45.0000   37.5000 7087.6724   29.8469
   -7.5000  -37.5000   37.5000 7840.3369   29.1886
    0.0000  -37.5000   37.5000 8215.2285   29.1788
    7.5000  -37.5000   37.5000 7856.1528   29.1590
   -7.5000  -30.0000   37.5000 8914.9404   28.7252
    0.0000  -30.0000   37.5000 9359.7656   28.7190
    7.5000  -30.0000   37.5000 8923.3164   28.6970
   -7.5000  -22.5000   37.500010038.9912   28.6849
    0.0000  -22.5000   37.500010559.5352   28.6816
    7.5000  -22.5000   37.500010046.7842   28.6683
   -7.5000  -15.0000   37.500011115.6826   28.7118
    0.0000  -15.0000   37.500011694.3750   28.7078
    7.5000  -15.0000   37.500011147.6787   28.7036
   -7.5000   -7.5000   37.500012127.5908   28.7296
    0.0000   -7.5000   37.500012721.8398   28.7219
    7.5000   -7.5000   37.500012198.8076   28.7194
   -7.5000    0.0000   37.500013103.2461   28.7168
    0.0000    0.0000   37.500013679.9258   28.7058
    7.5000    0.0000   37.500013106.1260   28.6962
   -7.5000    7.5000   37.500013102.9219   28.6851
    0.0000    7.5000   37.500013655.2158   28.6749
    7.5000    7.5000   37.500013037.4580   28.6554
   -7.5000   15.0000   37.500012908.9678   28.6677
    0.0000   15.0000   37.500013461.5781   28.6615
    7.5000   15.0000   37.500012819.0898   28.6397
   -7.5000   22.5000   37.500012602.7627   28.6682
    0.0000   22.5000   37.500013130.8838   28.6648
    7.5000   22.5000   37.500012545.2451   28.6515
   -7.5000   30.0000   37.500012118.3770   28.3401
    0.0000   30.0000   37.500012622.1367   28.3362
    7.5000   30.0000   37.500012064.0225   28.3321
   -7.5000   37.5000   37.500011844.2402   28.3578
    0.0000   37.5000   37.500012325.9570   28.3502
    7.5000   37.5000   37.500011768.1133   28.3477
   -7.5000   45.0000   37.500011094.9824   27.6797
    0.0000   45.0000   37.500011569.9922   27.6691
    7.5000   45.0000   37.500011029.6553   27.6598
   -7.5000  -45.0000   45.0000 6477.8730   29.6888
    0.0000  -45.0000   45.0000 6781.7778   29.7037
    7.5000  -45.0000   45.0000 6516.9629   29.7209
   -7.5000  -37.5000   45.0000 7197.1299   28.9940
    0.0000  -37.5000   45.0000 7544.8345   28.9967
    7.5000  -37.5000   45.0000 7218.7954   29.0000
   -7.5000  -30.0000   45.0000 8188.1289   28.5490
    0.0000  -30.0000   45.0000 8619.8340   28.5497
    7.5000  -30.0000   45.0000 8219.3223   28.5469
   -7.5000  -22.5000   45.0000 9197.9062   28.5409
    0.0000  -22.5000   45.0000 9692.6240   28.5545
    7.5000  -22.5000   45.0000 9261.1592   28.5611
   -7.5000  -15.0000   45.000010159.1172   28.5855
    0.0000  -15.0000   45.000010692.6514   28.6127
    7.5000  -15.0000   45.000010237.3975   28.6323
   -7.5000   -7.5000   45.000011069.5146   28.5868
    0.0000   -7.5000   45.000011624.1631   28.6154
    7.5000   -7.5000   45.000011169.2402   28.6410
   -7.5000    0.0000   45.000011919.7002   28.5416
    0.0000    0.0000   45.000012493.7158   28.5583
    7.5000    0.0000   45.000011967.2988   28.5766
   -7.5000    7.5000   45.000011884.9727   28.4948
    0.0000    7.5000   45.000012449.1982   28.4971
    7.5000    7.5000   45.000011911.2061   28.5000
   -7.5000   15.0000   45.000011671.6797   28.4919
    0.0000   15.0000   45.000012222.7041   28.4926
    7.5000   15.0000   45.000011698.2998   28.4899
   -7.5000   22.5000   45.000011393.7363   28.5242
    0.0000   22.5000   45.000011936.2979   28.5377
    7.5000   22.5000   45.000011433.0791   28.5443
   -7.5000   30.0000   45.000010985.2871   28.2130
    0.0000   30.0000   45.000011481.0176   28.2399
    7.5000   30.0000   45.000011028.4473   28.2592
   -7.5000   37.5000   45.000010788.0166   28.2143
    0.0000   37.5000   45.000011280.9785   28.2426
    7.5000   37.5000   45.000010819.0439   28.2679
   -7.5000   45.0000   45.000010180.3271   27.5233
    0.0000   45.0000   45.000010616.3604   27.5394
    7.5000   45.0000   45.000010169.7305   27.5571

---------------------------------------------------------------------
imgreg_4dfp /opt/freesurfer/average/711-2C_as_mni_average_305 /opt/freesurfer/average/711-2B_as_mni_average_305_mask talsrcimg_g11 none talsrcimg_to_711-2C_as_mni_average_305_t4 4355
---------------------------------------------------------------------

freesurfer imgreg_4dfp.c
/opt/freesurfer/average/711-2C_as_mni_average_305.4dfp.img
       256       256       256         1
  1.000000  1.000000  1.000000
orientation T byte_order littleendian
Reading image: /opt/freesurfer/average/711-2C_as_mni_average_305.4dfp.img
dimensions:      256       256       256
mmppix:       1.0000   -1.0000   -1.0000
center:     128.0000 -129.0000 -129.0000
/opt/freesurfer/average/711-2B_as_mni_average_305_mask.4dfp.img
       256       256       256         1
  1.000000  1.000000  1.000000
orientation T byte_order littleendian
Reading mask: /opt/freesurfer/average/711-2B_as_mni_average_305_mask.4dfp.img (2306576 pixels)
talsrcimg_g11.4dfp.img
       256       256       256         1
  1.000000  1.000000  1.000000
orientation T byte_order littleendian
Reading image: talsrcimg_g11.4dfp.img
dimensions:      256       256       256
mmppix:       1.0000   -1.0000   -1.0000
center:     128.0000 -129.0000 -129.0000
rotation matrix determinant  1.000000
image alignment mode   4355 decimal     1103 hex
   -7.5000  -37.5000  -45.0000 1673.9507   42.2716
    0.0000  -37.5000  -45.0000 1688.2179   41.6863
    7.5000  -37.5000  -45.0000 1681.1013   41.8862
   -7.5000  -30.0000  -45.0000 1788.7076   37.3588
    0.0000  -30.0000  -45.0000 1801.3373   36.7378
    7.5000  -30.0000  -45.0000 1794.4502   36.9686
   -7.5000  -22.5000  -45.0000 1879.8680   33.5615
    0.0000  -22.5000  -45.0000 1889.8490   33.0494
    7.5000  -22.5000  -45.0000 1884.2667   33.2046
   -7.5000  -15.0000  -45.0000 1963.0104   30.8312
    0.0000  -15.0000  -45.0000 1978.3580   30.4301
    7.5000  -15.0000  -45.0000 1974.7275   30.5405
   -7.5000   -7.5000  -45.0000 2019.9226   28.7395
    0.0000   -7.5000  -45.0000 2035.1886   28.4074
    7.5000   -7.5000  -45.0000 2030.4764   28.5238
   -7.5000    0.0000  -45.0000 2064.1282   27.1376
    0.0000    0.0000  -45.0000 2077.9768   26.8163
    7.5000    0.0000  -45.0000 2071.2385   26.9669
   -7.5000    7.5000  -45.0000 2086.1079   26.0426
    0.0000    7.5000  -45.0000 2101.1436   25.6345
    7.5000    7.5000  -45.0000 2091.9807   25.8574
   -7.5000   15.0000  -45.0000 2083.5234   25.6523
    0.0000   15.0000  -45.0000 2100.5496   25.2416
    7.5000   15.0000  -45.0000 2094.5837   25.3849
   -7.5000   22.5000  -45.0000 2074.6812   25.7558
    0.0000   22.5000  -45.0000 2091.9353   25.3362
    7.5000   22.5000  -45.0000 2088.0913   25.5747
   -7.5000   30.0000  -45.0000 2054.2310   26.3671
    0.0000   30.0000  -45.0000 2076.3093   25.9676
    7.5000   30.0000  -45.0000 2063.4038   26.2214
   -7.5000   37.5000  -45.0000 2015.4438   27.4164
    0.0000   37.5000  -45.0000 2031.5590   26.9911
    7.5000   37.5000  -45.0000 2019.4115   27.2799
   -7.5000   45.0000  -45.0000 1956.5999   28.9055
    0.0000   45.0000  -45.0000 1973.4567   28.3946
    7.5000   45.0000  -45.0000 1956.4983   28.6901
   -7.5000   52.5000  -45.0000 1866.1835   30.9164
    0.0000   52.5000  -45.0000 1886.5366   30.2747
    7.5000   52.5000  -45.0000 1870.5375   30.5994
   -7.5000  -37.5000  -37.5000 1756.4579   38.5193
    0.0000  -37.5000  -37.5000 1767.3315   37.8553
    7.5000  -37.5000  -37.5000 1759.0217   38.1436
   -7.5000  -30.0000  -37.5000 1864.4844   34.1264
    0.0000  -30.0000  -37.5000 1882.3905   33.4652
    7.5000  -30.0000  -37.5000 1868.5677   33.6671
   -7.5000  -22.5000  -37.5000 1965.3042   30.7836
    0.0000  -22.5000  -37.5000 1987.1957   30.2652
    7.5000  -22.5000  -37.5000 1969.9812   30.3947
   -7.5000  -15.0000  -37.5000 2061.8433   28.2335
    0.0000  -15.0000  -37.5000 2087.0447   27.8602
    7.5000  -15.0000  -37.5000 2067.8972   27.9448
   -7.5000   -7.5000  -37.5000 2129.4558   26.2155
    0.0000   -7.5000  -37.5000 2150.8181   25.9792
    7.5000   -7.5000  -37.5000 2137.8652   26.0159
   -7.5000    0.0000  -37.5000 2175.2161   24.7364
    0.0000    0.0000  -37.5000 2189.7043   24.4800
    7.5000    0.0000  -37.5000 2181.0686   24.4959
   -7.5000    7.5000  -37.5000 2197.3301   23.8264
    0.0000    7.5000  -37.5000 2211.6670   23.4690
    7.5000    7.5000  -37.5000 2203.6838   23.5628
   -7.5000   15.0000  -37.5000 2194.7878   23.4978
    0.0000   15.0000  -37.5000 2211.9373   23.0791
    7.5000   15.0000  -37.5000 2202.0879   23.2276
   -7.5000   22.5000  -37.5000 2176.5112   23.5144
    0.0000   22.5000  -37.5000 2200.1470   23.1479
    7.5000   22.5000  -37.5000 2182.8567   23.2915
   -7.5000   30.0000  -37.5000 2152.5264   23.9670
    0.0000   30.0000  -37.5000 2176.7324   23.5473
    7.5000   30.0000  -37.5000 2159.8660   23.7686
   -7.5000   37.5000  -37.5000 2117.6919   24.8045
    0.0000   37.5000  -37.5000 2137.9121   24.3416
    7.5000   37.5000  -37.5000 2121.7920   24.6017
   -7.5000   45.0000  -37.5000 2068.7710   26.1983
    0.0000   45.0000  -37.5000 2086.3496   25.7049
    7.5000   45.0000  -37.5000 2066.3149   26.0028
   -7.5000   52.5000  -37.5000 1977.8342   28.1437
    0.0000   52.5000  -37.5000 1996.4369   27.5913
    7.5000   52.5000  -37.5000 1974.9426   27.9039
   -7.5000  -37.5000  -30.0000 1861.4055   36.7569
    0.0000  -37.5000  -30.0000 1873.3943   36.0878
    7.5000  -37.5000  -30.0000 1865.8196   36.2486
   -7.5000  -30.0000  -30.0000 1979.8896   32.3865
    0.0000  -30.0000  -30.0000 1993.7540   31.8813
    7.5000  -30.0000  -30.0000 1982.9674   31.9233
   -7.5000  -22.5000  -30.0000 2095.4727   29.2232
    0.0000  -22.5000  -30.0000 2108.1377   28.8019
    7.5000  -22.5000  -30.0000 2098.5256   28.8480
   -7.5000  -15.0000  -30.0000 2187.6072   26.6665
    0.0000  -15.0000  -30.0000 2208.2903   26.3516
    7.5000  -15.0000  -30.0000 2194.6079   26.4358
   -7.5000   -7.5000  -30.0000 2263.0330   24.8323
    0.0000   -7.5000  -30.0000 2279.3530   24.5548
    7.5000   -7.5000  -30.0000 2268.7505   24.5607
   -7.5000    0.0000  -30.0000 2309.9280   23.4833
    0.0000    0.0000  -30.0000 2329.0049   23.2160
    7.5000    0.0000  -30.0000 2314.0718   23.1939
   -7.5000    7.5000  -30.0000 2340.5493   22.5379
    0.0000    7.5000  -30.0000 2359.3420   22.2871
    7.5000    7.5000  -30.0000 2340.4683   22.2831
   -7.5000   15.0000  -30.0000 2340.2678   22.1688
    0.0000   15.0000  -30.0000 2359.8870   21.8672
    7.5000   15.0000  -30.0000 2344.5127   21.8856
   -7.5000   22.5000  -30.0000 2324.9026   22.1437
    0.0000   22.5000  -30.0000 2350.7300   21.8544
    7.5000   22.5000  -30.0000 2334.4473   21.9462
   -7.5000   30.0000  -30.0000 2306.1123   22.5619
    0.0000   30.0000  -30.0000 2328.5210   22.1940
    7.5000   30.0000  -30.0000 2317.9951   22.3686
   -7.5000   37.5000  -30.0000 2269.0569   23.3623
    0.0000   37.5000  -30.0000 2288.9900   22.9380
    7.5000   37.5000  -30.0000 2277.1106   23.1862
   -7.5000   45.0000  -30.0000 2214.3691   24.7867
    0.0000   45.0000  -30.0000 2229.3242   24.3405
    7.5000   45.0000  -30.0000 2216.9849   24.6018
   -7.5000   52.5000  -30.0000 2118.7180   26.7111
    0.0000   52.5000  -30.0000 2134.2783   26.1817
    7.5000   52.5000  -30.0000 2116.9248   26.4395
   -7.5000  -37.5000  -22.5000 1946.1677   34.9115
    0.0000  -37.5000  -22.5000 1963.3107   34.3620
    7.5000  -37.5000  -22.5000 1947.4899   34.3750
   -7.5000  -30.0000  -22.5000 2076.5388   30.8022
    0.0000  -30.0000  -22.5000 2089.3008   30.3661
    7.5000  -30.0000  -22.5000 2075.2727   30.3559
   -7.5000  -22.5000  -22.5000 2197.1074   27.6293
    0.0000  -22.5000  -22.5000 2208.2397   27.2947
    7.5000  -22.5000  -22.5000 2195.6323   27.2301
   -7.5000  -15.0000  -22.5000 2295.1992   25.1343
    0.0000  -15.0000  -22.5000 2312.6802   24.8612
    7.5000  -15.0000  -22.5000 2299.3188   24.8172
   -7.5000   -7.5000  -22.5000 2375.6245   23.3968
    0.0000   -7.5000  -22.5000 2390.5515   23.1324
    7.5000   -7.5000  -22.5000 2382.3049   23.1016
   -7.5000    0.0000  -22.5000 2426.9661   22.1582
    0.0000    0.0000  -22.5000 2449.2715   21.9401
    7.5000    0.0000  -22.5000 2431.0051   21.9214
   -7.5000    7.5000  -22.5000 2464.6746   21.2334
    0.0000    7.5000  -22.5000 2487.5754   21.0345
    7.5000    7.5000  -22.5000 2470.4282   21.0450
   -7.5000   15.0000  -22.5000 2476.4565   20.7778
    0.0000   15.0000  -22.5000 2499.7139   20.5480
    7.5000   15.0000  -22.5000 2486.8799   20.5733
   -7.5000   22.5000  -22.5000 2471.6611   20.7976
    0.0000   22.5000  -22.5000 2498.8350   20.5238
    7.5000   22.5000  -22.5000 2474.9414   20.5989
   -7.5000   30.0000  -22.5000 2456.3706   21.1609
    0.0000   30.0000  -22.5000 2477.8655   20.8543
    7.5000   30.0000  -22.5000 2453.7986   20.9527
   -7.5000   37.5000  -22.5000 2415.2070   22.0049
    0.0000   37.5000  -22.5000 2437.4607   21.6799
    7.5000   37.5000  -22.5000 2414.1985   21.7828
   -7.5000   45.0000  -22.5000 2344.0254   23.4177
    0.0000   45.0000  -22.5000 2360.8975   23.0940
    7.5000   45.0000  -22.5000 2343.6292   23.2517
   -7.5000   52.5000  -22.5000 2236.4805   25.2437
    0.0000   52.5000  -22.5000 2250.4932   24.8859
    7.5000   52.5000  -22.5000 2234.2358   25.0729
   -7.5000  -37.5000  -15.0000 2005.5226   33.4929
    0.0000  -37.5000  -15.0000 2021.5779   32.8762
    7.5000  -37.5000  -15.0000 2008.1727   32.9434
   -7.5000  -30.0000  -15.0000 2144.1060   29.3871
    0.0000  -30.0000  -15.0000 2158.0383   28.9643
    7.5000  -30.0000  -15.0000 2136.0381   28.8569
   -7.5000  -22.5000  -15.0000 2268.7812   26.1925
    0.0000  -22.5000  -15.0000 2284.5068   25.9239
    7.5000  -22.5000  -15.0000 2267.2993   25.7640
   -7.5000  -15.0000  -15.0000 2385.6350   23.8740
    0.0000  -15.0000  -15.0000 2400.1775   23.5879
    7.5000  -15.0000  -15.0000 2387.5264   23.4664
   -7.5000   -7.5000  -15.0000 2464.6633   22.1012
    0.0000   -7.5000  -15.0000 2484.0073   21.8692
    7.5000   -7.5000  -15.0000 2466.9172   21.7677
   -7.5000    0.0000  -15.0000 2525.7390   20.8409
    0.0000    0.0000  -15.0000 2543.9717   20.6152
    7.5000    0.0000  -15.0000 2526.4248   20.6328
   -7.5000    7.5000  -15.0000 2575.2292   20.0032
    0.0000    7.5000  -15.0000 2595.7468   19.8414
    7.5000    7.5000  -15.0000 2574.7217   19.8683
   -7.5000   15.0000  -15.0000 2598.2817   19.5177
    0.0000   15.0000  -15.0000 2617.8848   19.3274
    7.5000   15.0000  -15.0000 2600.1387   19.3504
   -7.5000   22.5000  -15.0000 2600.3521   19.5487
    0.0000   22.5000  -15.0000 2626.5586   19.2947
    7.5000   22.5000  -15.0000 2600.0139   19.3290
   -7.5000   30.0000  -15.0000 2572.9519   19.9122
    0.0000   30.0000  -15.0000 2599.7969   19.6573
    7.5000   30.0000  -15.0000 2570.0168   19.7018
   -7.5000   37.5000  -15.0000 2524.7021   20.7864
    0.0000   37.5000  -15.0000 2551.8269   20.5466
    7.5000   37.5000  -15.0000 2518.7205   20.6034
   -7.5000   45.0000  -15.0000 2444.1924   22.1324
    0.0000   45.0000  -15.0000 2469.1721   21.8842
    7.5000   45.0000  -15.0000 2441.2483   21.9708
   -7.5000   52.5000  -15.0000 2325.5337   23.8799
    0.0000   52.5000  -15.0000 2346.8000   23.6194
    7.5000   52.5000  -15.0000 2324.3794   23.7322
   -7.5000  -37.5000   -7.5000 2060.2476   32.1469
    0.0000  -37.5000   -7.5000 2076.6353   31.6249
    7.5000  -37.5000   -7.5000 2062.6924   31.7244
   -7.5000  -30.0000   -7.5000 2201.3145   28.0734
    0.0000  -30.0000   -7.5000 2219.7524   27.6708
    7.5000  -30.0000   -7.5000 2199.2122   27.7150
   -7.5000  -22.5000   -7.5000 2328.8113   24.9647
    0.0000  -22.5000   -7.5000 2347.0469   24.5955
    7.5000  -22.5000   -7.5000 2331.5759   24.5834
   -7.5000  -15.0000   -7.5000 2449.2495   22.6326
    0.0000  -15.0000   -7.5000 2468.0796   22.3194
    7.5000  -15.0000   -7.5000 2450.2812   22.2676
   -7.5000   -7.5000   -7.5000 2545.5610   20.8870
    0.0000   -7.5000   -7.5000 2565.9734   20.6570
    7.5000   -7.5000   -7.5000 2548.2742   20.5860
   -7.5000    0.0000   -7.5000 2616.6208   19.6554
    0.0000    0.0000   -7.5000 2636.8281   19.4471
    7.5000    0.0000   -7.5000 2618.1819   19.4039
   -7.5000    7.5000   -7.5000 2672.2551   18.8510
    0.0000    7.5000   -7.5000 2696.7529   18.6407
    7.5000    7.5000   -7.5000 2671.8896   18.6595
   -7.5000   15.0000   -7.5000 2700.7556   18.3452
    0.0000   15.0000   -7.5000 2729.7791   18.2049
    7.5000   15.0000   -7.5000 2702.0493   18.1758
   -7.5000   22.5000   -7.5000 2705.6926   18.3294
    0.0000   22.5000   -7.5000 2737.5686   18.1292
    7.5000   22.5000   -7.5000 2706.4080   18.1580
   -7.5000   30.0000   -7.5000 2673.9055   18.7443
    0.0000   30.0000   -7.5000 2709.2234   18.5563
    7.5000   30.0000   -7.5000 2672.6621   18.6410
   -7.5000   37.5000   -7.5000 2616.1921   19.6423
    0.0000   37.5000   -7.5000 2647.9800   19.4449
    7.5000   37.5000   -7.5000 2612.0693   19.5765
   -7.5000   45.0000   -7.5000 2526.1028   20.9426
    0.0000   45.0000   -7.5000 2552.7053   20.7487
    7.5000   45.0000   -7.5000 2525.0486   20.8590
   -7.5000   52.5000   -7.5000 2395.2034   22.6377
    0.0000   52.5000   -7.5000 2422.7241   22.4439
    7.5000   52.5000   -7.5000 2395.2446   22.5266
   -7.5000  -37.5000    0.0000 2093.3347   31.0638
    0.0000  -37.5000    0.0000 2114.7666   30.5880
    7.5000  -37.5000    0.0000 2093.4695   30.7546
   -7.5000  -30.0000    0.0000 2233.6033   27.0246
    0.0000  -30.0000    0.0000 2255.2961   26.5779
    7.5000  -30.0000    0.0000 2235.6880   26.7402
   -7.5000  -22.5000    0.0000 2366.5850   23.9876
    0.0000  -22.5000    0.0000 2386.8411   23.5815
    7.5000  -22.5000    0.0000 2367.6917   23.7063
   -7.5000  -15.0000    0.0000 2486.3408   21.6816
    0.0000  -15.0000    0.0000 2508.5674   21.3023
    7.5000  -15.0000    0.0000 2493.6289   21.4297
   -7.5000   -7.5000    0.0000 2596.7478   19.9441
    0.0000   -7.5000    0.0000 2620.8315   19.6197
    7.5000   -7.5000    0.0000 2601.4456   19.6966
   -7.5000    0.0000    0.0000 2687.5938   18.6836
    0.0000    0.0000    0.0000 2714.8000   18.4632
    7.5000    0.0000    0.0000 2687.2698   18.4608
   -7.5000    7.5000    0.0000 2750.4238   17.8412
    0.0000    7.5000    0.0000 2781.5154   17.6294
    7.5000    7.5000    0.0000 2748.1655   17.6474
   -7.5000   15.0000    0.0000 2782.9214   17.2936
    0.0000   15.0000    0.0000 2820.8149   17.1403
    7.5000   15.0000    0.0000 2780.7615   17.1621
   -7.5000   22.5000    0.0000 2787.3779   17.2926
    0.0000   22.5000    0.0000 2823.6758   17.0721
    7.5000   22.5000    0.0000 2787.0393   17.2007
   -7.5000   30.0000    0.0000 2755.6606   17.7777
    0.0000   30.0000    0.0000 2788.7454   17.5684
    7.5000   30.0000    0.0000 2755.5315   17.7327
   -7.5000   37.5000    0.0000 2689.4468   18.6685
    0.0000   37.5000    0.0000 2715.0991   18.5107
    7.5000   37.5000    0.0000 2685.8677   18.6489
   -7.5000   45.0000    0.0000 2588.3667   20.0010
    0.0000   45.0000    0.0000 2609.2197   19.8318
    7.5000   45.0000    0.0000 2582.7610   19.9417
   -7.5000   52.5000    0.0000 2443.0647   21.7188
    0.0000   52.5000    0.0000 2468.3743   21.4992
    7.5000   52.5000    0.0000 2441.3164   21.5901
   -7.5000  -37.5000    7.5000 2114.2607   30.4119
    0.0000  -37.5000    7.5000 2134.5867   29.9055
    7.5000  -37.5000    7.5000 2116.6104   30.1505
   -7.5000  -30.0000    7.5000 2245.7136   26.3356
    0.0000  -30.0000    7.5000 2270.3018   25.7877
    7.5000  -30.0000    7.5000 2251.6978   26.0693
   -7.5000  -22.5000    7.5000 2388.2812   23.3186
    0.0000  -22.5000    7.5000 2407.0803   22.8308
    7.5000  -22.5000    7.5000 2389.2834   23.0582
   -7.5000  -15.0000    7.5000 2514.8940   21.0292
    0.0000  -15.0000    7.5000 2535.6709   20.5789
    7.5000  -15.0000    7.5000 2520.9302   20.7816
   -7.5000   -7.5000    7.5000 2630.8628   19.2650
    0.0000   -7.5000    7.5000 2657.3579   18.8712
    7.5000   -7.5000    7.5000 2639.0720   19.0642
   -7.5000    0.0000    7.5000 2743.7693   17.9840
    0.0000    0.0000    7.5000 2769.0396   17.6626
    7.5000    0.0000    7.5000 2739.5330   17.8362
   -7.5000    7.5000    7.5000 2822.5603   17.0962
    0.0000    7.5000    7.5000 2860.9473   16.8364
    7.5000    7.5000    7.5000 2814.5930   16.9848
   -7.5000   15.0000    7.5000 2857.1035   16.4898
    0.0000   15.0000    7.5000 2897.7844   16.1487
    7.5000   15.0000    7.5000 2846.6035   16.3848
   -7.5000   22.5000    7.5000 2861.0242   16.4783
    0.0000   22.5000    7.5000 2894.6003   16.1787
    7.5000   22.5000    7.5000 2858.0398   16.4121
   -7.5000   30.0000    7.5000 2816.0381   16.9995
    0.0000   30.0000    7.5000 2849.6360   16.8066
    7.5000   30.0000    7.5000 2814.8025   16.9913
   -7.5000   37.5000    7.5000 2739.4985   17.9864
    0.0000   37.5000    7.5000 2763.6802   17.8295
    7.5000   37.5000    7.5000 2736.0117   17.9928
   -7.5000   45.0000    7.5000 2627.0461   19.3661
    0.0000   45.0000    7.5000 2646.7866   19.1854
    7.5000   45.0000    7.5000 2625.9883   19.3510
   -7.5000   52.5000    7.5000 2480.5737   21.0614
    0.0000   52.5000    7.5000 2504.2239   20.8660
    7.5000   52.5000    7.5000 2481.3816   21.0032
   -7.5000  -37.5000   15.0000 2128.3877   30.4308
    0.0000  -37.5000   15.0000 2152.5239   29.8113
    7.5000  -37.5000   15.0000 2131.1145   30.1243
   -7.5000  -30.0000   15.0000 2265.0837   26.2976
    0.0000  -30.0000   15.0000 2282.5317   25.6054
    7.5000  -30.0000   15.0000 2274.5146   26.0058
   -7.5000  -22.5000   15.0000 2395.5144   23.1516
    0.0000  -22.5000   15.0000 2414.6816   22.5021
    7.5000  -22.5000   15.0000 2406.7798   22.8851
   -7.5000  -15.0000   15.0000 2523.3733   20.7700
    0.0000  -15.0000   15.0000 2544.1233   20.2035
    7.5000  -15.0000   15.0000 2534.7009   20.5838
   -7.5000   -7.5000   15.0000 2652.3882   18.9860
    0.0000   -7.5000   15.0000 2673.3750   18.4900
    7.5000   -7.5000   15.0000 2656.7485   18.8538
   -7.5000    0.0000   15.0000 2764.1716   17.7162
    0.0000    0.0000   15.0000 2786.7849   17.2632
    7.5000    0.0000   15.0000 2762.8604   17.5751
   -7.5000    7.5000   15.0000 2861.5889   16.7454
    0.0000    7.5000   15.0000 2894.9810   16.3405
    7.5000    7.5000   15.0000 2846.7139   16.6267
   -7.5000   15.0000   15.0000 2896.2798   15.9896
    0.0000   15.0000   15.0000 2930.7839   15.4853
    7.5000   15.0000   15.0000 2879.9285   15.9907
   -7.5000   22.5000   15.0000 2898.2769   15.9861
    0.0000   22.5000   15.0000 2921.6758   15.5743
    7.5000   22.5000   15.0000 2885.1533   16.0384
   -7.5000   30.0000   15.0000 2846.4133   16.6964
    0.0000   30.0000   15.0000 2872.2268   16.4050
    7.5000   30.0000   15.0000 2850.2708   16.7287
   -7.5000   37.5000   15.0000 2770.4590   17.7558
    0.0000   37.5000   15.0000 2790.1960   17.4781
    7.5000   37.5000   15.0000 2769.8887   17.7457
   -7.5000   45.0000   15.0000 2658.8628   19.1607
    0.0000   45.0000   15.0000 2673.4404   18.8910
    7.5000   45.0000   15.0000 2654.0374   19.1073
   -7.5000   52.5000   15.0000 2499.2920   20.8612
    0.0000   52.5000   15.0000 2516.4985   20.5640
    7.5000   52.5000   15.0000 2494.6526   20.7250
   -7.5000  -37.5000   22.5000 2115.8210   30.5378
    0.0000  -37.5000   22.5000 2138.7651   29.9821
    7.5000  -37.5000   22.5000 2121.3298   30.1568
   -7.5000  -30.0000   22.5000 2255.3501   26.3676
    0.0000  -30.0000   22.5000 2280.8313   25.8576
    7.5000  -30.0000   22.5000 2261.7759   26.0450
   -7.5000  -22.5000   22.5000 2391.6309   23.2361
    0.0000  -22.5000   22.5000 2423.0195   22.7465
    7.5000  -22.5000   22.5000 2401.7981   22.9782
   -7.5000  -15.0000   22.5000 2529.5046   20.8653
    0.0000  -15.0000   22.5000 2557.4692   20.3418
    7.5000  -15.0000   22.5000 2537.6729   20.6800
   -7.5000   -7.5000   22.5000 2659.0906   19.1087
    0.0000   -7.5000   22.5000 2677.3093   18.5210
    7.5000   -7.5000   22.5000 2656.1624   18.9368
   -7.5000    0.0000   22.5000 2764.5691   17.7955
    0.0000    0.0000   22.5000 2776.2722   17.1845
    7.5000    0.0000   22.5000 2754.2451   17.6151
   -7.5000    7.5000   22.5000 2858.5066   16.8127
    0.0000    7.5000   22.5000 2866.1570   16.1289
    7.5000    7.5000   22.5000 2843.6118   16.6736
   -7.5000   15.0000   22.5000 2914.8542   16.2715
    0.0000   15.0000   22.5000 2923.2141   15.5939
    7.5000   15.0000   22.5000 2885.5239   16.1235
   -7.5000   22.5000   22.5000 2909.7979   16.2463
    0.0000   22.5000   22.5000 2918.9023   15.6790
    7.5000   22.5000   22.5000 2888.4883   16.1744
   -7.5000   30.0000   22.5000 2853.9846   16.8800
    0.0000   30.0000   22.5000 2872.3784   16.4495
    7.5000   30.0000   22.5000 2847.9028   16.7677
   -7.5000   37.5000   22.5000 2767.8408   17.9034
    0.0000   37.5000   22.5000 2790.8159   17.5719
    7.5000   37.5000   22.5000 2767.3228   17.7597
   -7.5000   45.0000   22.5000 2658.1035   19.2763
    0.0000   45.0000   22.5000 2679.6128   19.0204
    7.5000   45.0000   22.5000 2652.8799   19.1383
   -7.5000   52.5000   22.5000 2504.8149   20.8594
    0.0000   52.5000   22.5000 2529.4609   20.6547
    7.5000   52.5000   22.5000 2498.2729   20.7352
   -7.5000  -37.5000   30.0000 2106.2046   31.3371
    0.0000  -37.5000   30.0000 2127.8040   30.7346
    7.5000  -37.5000   30.0000 2107.2683   30.9284
   -7.5000  -30.0000   30.0000 2246.8564   26.8874
    0.0000  -30.0000   30.0000 2263.0408   26.2771
    7.5000  -30.0000   30.0000 2248.4270   26.6186
   -7.5000  -22.5000   30.0000 2383.9773   23.6591
    0.0000  -22.5000   30.0000 2402.8503   23.0753
    7.5000  -22.5000   30.0000 2386.6885   23.3878
   -7.5000  -15.0000   30.0000 2522.6001   21.3363
    0.0000  -15.0000   30.0000 2542.7083   20.7303
    7.5000  -15.0000   30.0000 2524.3198   21.0499
   -7.5000   -7.5000   30.0000 2644.6973   19.5699
    0.0000   -7.5000   30.0000 2666.3372   19.0572
    7.5000   -7.5000   30.0000 2641.8210   19.3562
   -7.5000    0.0000   30.0000 2747.3533   18.2877
    0.0000    0.0000   30.0000 2773.6846   17.8102
    7.5000    0.0000   30.0000 2737.7803   18.0969
   -7.5000    7.5000   30.0000 2839.3149   17.4050
    0.0000    7.5000   30.0000 2866.7905   16.9249
    7.5000    7.5000   30.0000 2816.7678   17.2447
   -7.5000   15.0000   30.0000 2895.2598   16.9933
    0.0000   15.0000   30.0000 2924.1011   16.6583
    7.5000   15.0000   30.0000 2860.7144   16.8060
   -7.5000   22.5000   30.0000 2888.0496   17.1478
    0.0000   22.5000   30.0000 2915.0991   16.8225
    7.5000   22.5000   30.0000 2864.9744   16.8648
   -7.5000   30.0000   30.0000 2827.6101   17.5536
    0.0000   30.0000   30.0000 2845.2014   17.2275
    7.5000   30.0000   30.0000 2814.8623   17.3099
   -7.5000   37.5000   30.0000 2740.1504   18.3913
    0.0000   37.5000   30.0000 2751.1458   18.0540
    7.5000   37.5000   30.0000 2728.9675   18.1994
   -7.5000   45.0000   30.0000 2629.2168   19.6605
    0.0000   45.0000   30.0000 2644.3884   19.3061
    7.5000   45.0000   30.0000 2624.5269   19.4467
   -7.5000   52.5000   30.0000 2480.4409   21.1502
    0.0000   52.5000   30.0000 2496.0647   20.7843
    7.5000   52.5000   30.0000 2476.7302   20.9609
   -7.5000  -37.5000   37.5000 2079.4861   32.1849
    0.0000  -37.5000   37.5000 2093.2390   31.5838
    7.5000  -37.5000   37.5000 2078.2122   31.8240
   -7.5000  -30.0000   37.5000 2225.7061   27.7376
    0.0000  -30.0000   37.5000 2242.7600   27.2739
    7.5000  -30.0000   37.5000 2226.6602   27.4809
   -7.5000  -22.5000   37.5000 2369.6758   24.5673
    0.0000  -22.5000   37.5000 2391.1855   24.0971
    7.5000  -22.5000   37.5000 2368.1614   24.3421
   -7.5000  -15.0000   37.5000 2504.1028   22.2440
    0.0000  -15.0000   37.5000 2531.5730   21.8560
    7.5000  -15.0000   37.5000 2502.4421   22.0943
   -7.5000   -7.5000   37.5000 2621.5481   20.5013
    0.0000   -7.5000   37.5000 2648.9692   20.1411
    7.5000   -7.5000   37.5000 2619.7866   20.4061
   -7.5000    0.0000   37.5000 2725.1631   19.2612
    0.0000    0.0000   37.5000 2749.0151   18.8032
    7.5000    0.0000   37.5000 2717.0740   19.1380
   -7.5000    7.5000   37.5000 2801.7693   18.4513
    0.0000    7.5000   37.5000 2824.4387   18.0448
    7.5000    7.5000   37.5000 2783.4836   18.2754
   -7.5000   15.0000   37.5000 2839.3374   18.0376
    0.0000   15.0000   37.5000 2861.3777   17.6576
    7.5000   15.0000   37.5000 2818.6475   17.8157
   -7.5000   22.5000   37.5000 2830.1184   18.1038
    0.0000   22.5000   37.5000 2852.3865   17.7015
    7.5000   22.5000   37.5000 2818.1284   17.8103
   -7.5000   30.0000   37.5000 2772.9136   18.5191
    0.0000   30.0000   37.5000 2795.2151   18.1900
    7.5000   30.0000   37.5000 2766.9050   18.2445
   -7.5000   37.5000   37.5000 2691.3237   19.3125
    0.0000   37.5000   37.5000 2709.8984   19.0427
    7.5000   37.5000   37.5000 2681.0334   19.0551
   -7.5000   45.0000   37.5000 2581.3921   20.4553
    0.0000   45.0000   37.5000 2601.0208   20.2319
    7.5000   45.0000   37.5000 2572.1567   20.1945
   -7.5000   52.5000   37.5000 2437.8257   21.7717
    0.0000   52.5000   37.5000 2452.0627   21.5170
    7.5000   52.5000   37.5000 2429.0994   21.5463
   -7.5000  -37.5000   45.0000 2040.8330   33.3490
    0.0000  -37.5000   45.0000 2054.5605   32.8805
    7.5000  -37.5000   45.0000 2042.1703   33.2174
   -7.5000  -30.0000   45.0000 2192.7708   28.9124
    0.0000  -30.0000   45.0000 2213.2297   28.5546
    7.5000  -30.0000   45.0000 2192.8530   28.8206
   -7.5000  -22.5000   45.0000 2328.6929   25.6980
    0.0000  -22.5000   45.0000 2351.4260   25.3957
    7.5000  -22.5000   45.0000 2329.7932   25.6117
   -7.5000  -15.0000   45.0000 2453.3191   23.3114
    0.0000  -15.0000   45.0000 2481.8621   23.0354
    7.5000  -15.0000   45.0000 2453.1145   23.2870
   -7.5000   -7.5000   45.0000 2569.4294   21.5875
    0.0000   -7.5000   45.0000 2598.2908   21.2458
    7.5000   -7.5000   45.0000 2568.5732   21.5677
   -7.5000    0.0000   45.0000 2667.5647   20.4015
    0.0000    0.0000   45.0000 2695.3569   20.0131
    7.5000    0.0000   45.0000 2658.0593   20.2726
   -7.5000    7.5000   45.0000 2731.6001   19.6123
    0.0000    7.5000   45.0000 2757.2117   19.2751
    7.5000    7.5000   45.0000 2720.7190   19.4543
   -7.5000   15.0000   45.0000 2751.3489   19.1963
    0.0000   15.0000   45.0000 2774.1584   18.8541
    7.5000   15.0000   45.0000 2740.7437   19.0512
   -7.5000   22.5000   45.0000 2739.9922   19.1989
    0.0000   22.5000   45.0000 2768.4519   18.8028
    7.5000   22.5000   45.0000 2732.8259   18.9968
   -7.5000   30.0000   45.0000 2692.2610   19.5677
    0.0000   30.0000   45.0000 2714.4312   19.2359
    7.5000   30.0000   45.0000 2684.4133   19.4113
   -7.5000   37.5000   45.0000 2613.8914   20.3455
    0.0000   37.5000   45.0000 2636.4546   20.0651
    7.5000   37.5000   45.0000 2608.9280   20.1553
   -7.5000   45.0000   45.0000 2513.5691   21.4926
    0.0000   45.0000   45.0000 2530.8635   21.2253
    7.5000   45.0000   45.0000 2505.7310   21.2923
   -7.5000   52.5000   45.0000 2370.2644   22.8293
    0.0000   52.5000   45.0000 2384.5601   22.5709
    7.5000   52.5000   45.0000 2359.4648   22.6060

---------------------------------------------------------------------
imgreg_4dfp /opt/freesurfer/average/711-2C_as_mni_average_305 /opt/freesurfer/average/711-2B_as_mni_average_305_mask talsrcimg_g11 none talsrcimg_to_711-2C_as_mni_average_305_t4 1283
---------------------------------------------------------------------

freesurfer imgreg_4dfp.c
/opt/freesurfer/average/711-2C_as_mni_average_305.4dfp.img
       256       256       256         1
  1.000000  1.000000  1.000000
orientation T byte_order littleendian
Reading image: /opt/freesurfer/average/711-2C_as_mni_average_305.4dfp.img
dimensions:      256       256       256
mmppix:       1.0000   -1.0000   -1.0000
center:     128.0000 -129.0000 -129.0000
/opt/freesurfer/average/711-2B_as_mni_average_305_mask.4dfp.img
       256       256       256         1
  1.000000  1.000000  1.000000
orientation T byte_order littleendian
Reading mask: /opt/freesurfer/average/711-2B_as_mni_average_305_mask.4dfp.img (2306576 pixels)
talsrcimg_g11.4dfp.img
       256       256       256         1
  1.000000  1.000000  1.000000
orientation T byte_order littleendian
Reading image: talsrcimg_g11.4dfp.img
dimensions:      256       256       256
mmppix:       1.0000   -1.0000   -1.0000
center:     128.0000 -129.0000 -129.0000
rotation matrix determinant  1.000000
fimgreg.f
image alignment mode   1283 decimal      503 hex
parameters
    0.0000   15.0000   15.0000    0.0000    0.0000    0.0000
eta,q 0.91989 15.55172
niter,ni,del,rscale     5    3   12.0000    1.2000
parameter  4 -1.471066 -> -0.500000 qaram    1.1500
parameters
   -0.9007   14.6081   15.2305    3.4500    2.6178   -0.6595
eta,q 0.92489 15.62363
  0.0898  0.0863  0.0900  0.0837  0.0911  0.0779
  0.0856  0.0818  0.0868  0.0820  0.0853  0.0767
  0.0822  0.0794  0.0831  0.0812  0.0797  0.0755
  0.0812  0.0808  0.0799  0.0793  0.0764  0.0751
  0.0859  0.0834  0.0824  0.0770  0.0750  0.0761
  0.0907  0.0849  0.0870  0.0763  0.0758  0.0777
  0.0943  0.0849  0.0881  0.0770  0.0776  0.0793
niter,ni,del,rscale     5    3   12.0000    1.2000
parameters
   -1.3010   14.1070   15.7474    5.8355    3.3398   -1.1137
eta,q 0.92518 15.63645
  0.0870  0.0823  0.0866  0.0796  0.0816  0.0773
  0.0800  0.0769  0.0818  0.0779  0.0776  0.0760
  0.0765  0.0739  0.0765  0.0756  0.0750  0.0752
  0.0751  0.0751  0.0744  0.0744  0.0744  0.0748
  0.0785  0.0787  0.0758  0.0744  0.0756  0.0753
  0.0841  0.0812  0.0801  0.0750  0.0767  0.0767
  0.0886  0.0810  0.0827  0.0755  0.0781  0.0782
niter,ni,del,rscale     4    3   12.0000    1.2000
parameters
   -1.7260   14.2614   16.3222    6.9234    3.9038   -1.7560
eta,q 0.92591 15.56913
  0.0851  0.0820  0.0854  0.0786  0.0799  0.0765
  0.0783  0.0778  0.0801  0.0768  0.0765  0.0750
  0.0753  0.0747  0.0764  0.0751  0.0742  0.0743
  0.0748  0.0748  0.0749  0.0742  0.0740  0.0741
  0.0776  0.0768  0.0743  0.0737  0.0748  0.0750
  0.0824  0.0786  0.0789  0.0745  0.0760  0.0761
  0.0863  0.0798  0.0816  0.0769  0.0773  0.0773
niter,ni,del,rscale     3    3   12.0000    1.2000
parameters
   -2.1089   14.4183   16.6845    7.3266    4.4245   -2.1788
eta,q 0.92662 15.52052
  0.0836  0.0825  0.0846  0.0788  0.0795  0.0763
  0.0775  0.0774  0.0793  0.0769  0.0759  0.0744
  0.0743  0.0739  0.0771  0.0748  0.0737  0.0736
  0.0741  0.0739  0.0740  0.0734  0.0733  0.0734
  0.0766  0.0759  0.0744  0.0731  0.0743  0.0744
  0.0808  0.0782  0.0794  0.0752  0.0755  0.0756
  0.0845  0.0801  0.0821  0.0785  0.0770  0.0765
niter,ni,del,rscale     2    3   12.0000    1.2000
parameters
   -2.3611   14.3472   16.8124    7.5845    4.7395   -2.4367
eta,q 0.92704 15.50250
  0.0831  0.0823  0.0838  0.0790  0.0789  0.0764
  0.0773  0.0767  0.0787  0.0769  0.0755  0.0742
  0.0736  0.0732  0.0767  0.0744  0.0734  0.0732
  0.0734  0.0732  0.0731  0.0730  0.0729  0.0730
  0.0759  0.0757  0.0749  0.0729  0.0739  0.0739
  0.0796  0.0788  0.0799  0.0756  0.0752  0.0753
  0.0833  0.0807  0.0825  0.0790  0.0772  0.0763
niter,ni,del,rscale     1    3   12.0000    1.2000
parameters
   -2.4823   14.2730   16.8708    7.7682    4.8720   -2.5369
eta,q 0.92729 15.49564
  0.0832  0.0827  0.0837  0.0790  0.0786  0.0765
  0.0775  0.0768  0.0786  0.0769  0.0752  0.0741
  0.0734  0.0730  0.0766  0.0742  0.0731  0.0729
  0.0730  0.0729  0.0728  0.0727  0.0726  0.0727
  0.0754  0.0755  0.0749  0.0728  0.0738  0.0735
  0.0789  0.0790  0.0800  0.0757  0.0752  0.0751
  0.0828  0.0810  0.0827  0.0792  0.0776  0.0761
registration optimization eta report
parameter search radius
    6.0000    6.0000    6.0000    6.9000    6.0000    6.0000
100000*second partial in parameter space
       27.       24.       26.       13.       15.       10.
  0.0832  0.0827  0.0837  0.0790  0.0786  0.0765
  0.0775  0.0768  0.0786  0.0769  0.0752  0.0741
  0.0734  0.0730  0.0766  0.0742  0.0731  0.0729
  0.0730  0.0729  0.0728  0.0727  0.0726  0.0727
  0.0754  0.0755  0.0749  0.0728  0.0738  0.0735
  0.0789  0.0790  0.0800  0.0757  0.0752  0.0751
  0.0828  0.0810  0.0827  0.0792  0.0776  0.0761
   -2.4823   14.2730   16.8708    7.7682    4.8720   -2.5369
eta,q 0.92729 15.49564

---------------------------------------------------------------------
imgreg_4dfp /opt/freesurfer/average/711-2C_as_mni_average_305 /opt/freesurfer/average/711-2B_as_mni_average_305_mask talsrcimg_g11 none talsrcimg_to_711-2C_as_mni_average_305_t4 3335
---------------------------------------------------------------------

freesurfer imgreg_4dfp.c
/opt/freesurfer/average/711-2C_as_mni_average_305.4dfp.img
       256       256       256         1
  1.000000  1.000000  1.000000
orientation T byte_order littleendian
Reading image: /opt/freesurfer/average/711-2C_as_mni_average_305.4dfp.img
dimensions:      256       256       256
mmppix:       1.0000   -1.0000   -1.0000
center:     128.0000 -129.0000 -129.0000
/opt/freesurfer/average/711-2B_as_mni_average_305_mask.4dfp.img
       256       256       256         1
  1.000000  1.000000  1.000000
orientation T byte_order littleendian
Reading mask: /opt/freesurfer/average/711-2B_as_mni_average_305_mask.4dfp.img (2306576 pixels)
talsrcimg_g11.4dfp.img
       256       256       256         1
  1.000000  1.000000  1.000000
orientation T byte_order littleendian
Reading image: talsrcimg_g11.4dfp.img
dimensions:      256       256       256
mmppix:       1.0000   -1.0000   -1.0000
center:     128.0000 -129.0000 -129.0000
fimgreg.f
image alignment mode   3335 decimal      D07 hex
parameters
   -2.4823   14.2730   16.8708   -0.4590   -0.9640   -1.2757
    3.2388   -9.0051   -4.4102  -13.1308    8.4930   13.4677
eta,q 0.92803 15.37843
niter,ni,del,rscale     5    3    5.0000    1.2000
parameter  4  6.270100 ->  0.500000 qaram    1.1500
parameter  5-23.945683 ->  0.500000 qaram    1.1500
parameter  6 -7.095053 ->  0.500000 qaram    1.1500
parameter  8 -0.658765 -> -0.500000 qaram    1.1500
parameter 11  1.165626 -> -0.500000 qaram    1.1500
parameter 12  2.223279 ->  0.500000 qaram    1.1500
parameters
   -2.2438   14.4766   16.3904   -4.5990   -5.1040   -5.4157
   -0.2198   -4.8651   -0.9226  -12.5631   12.6330    9.3277
eta,q 0.95203 15.18689
  0.0741  0.0732  0.0732  0.0634  0.0565  0.0433  0.0524  0.0557  0.0548  0.0554  0.0514  0.0469
  0.0730  0.0725  0.0725  0.0659  0.0594  0.0500  0.0517  0.0531  0.0535  0.0535  0.0515  0.0477
  0.0723  0.0721  0.0720  0.0687  0.0629  0.0564  0.0517  0.0517  0.0524  0.0520  0.0515  0.0489
  0.0720  0.0719  0.0720  0.0719  0.0666  0.0603  0.0522  0.0516  0.0517  0.0512  0.0512  0.0504
  0.0721  0.0720  0.0726  0.0749  0.0699  0.0652  0.0533  0.0519  0.0513  0.0516  0.0507  0.0524
  0.0725  0.0723  0.0736  0.0781  0.0729  0.0700  0.0548  0.0514  0.0513  0.0527  0.0504  0.0544
  0.0734  0.0728  0.0745  0.0816  0.0761  0.0758  0.0564  0.0506  0.0518  0.0543  0.0504  0.0562
niter,ni,del,rscale     7    3    5.0000    1.2000
parameter  3 -1.522666 -> -0.500000 qaram    1.1500
parameter  4  1.110879 ->  0.500000 qaram    1.3225
parameter  5  1.313953 ->  0.500000 qaram    1.3225
parameter  6  0.714173 ->  0.500000 qaram    1.3225
parameters
   -3.2907   14.6851   17.7704   -9.3600   -9.8650  -10.1767
    1.9005   -7.9155   -2.9499  -14.0882   10.4438    9.4714
eta,q 0.97251 15.31081
  0.0485  0.0504  0.0560  0.0381  0.0337  0.0317  0.0351  0.0323  0.0293  0.0302  0.0292  0.0299
  0.0474  0.0487  0.0532  0.0388  0.0341  0.0303  0.0330  0.0289  0.0283  0.0283  0.0280  0.0286
  0.0472  0.0476  0.0502  0.0403  0.0359  0.0308  0.0313  0.0282  0.0280  0.0277  0.0275  0.0278
  0.0480  0.0472  0.0472  0.0437  0.0391  0.0345  0.0301  0.0297  0.0282  0.0280  0.0277  0.0275
  0.0495  0.0474  0.0448  0.0487  0.0433  0.0420  0.0297  0.0330  0.0289  0.0290  0.0286  0.0277
  0.0516  0.0482  0.0434  0.0544  0.0477  0.0489  0.0303  0.0372  0.0302  0.0306  0.0303  0.0284
  0.0542  0.0494  0.0430  0.0597  0.0519  0.0568  0.0316  0.0414  0.0317  0.0328  0.0329  0.0298
niter,ni,del,rscale     7    3    5.0000    1.2000
parameters
   -2.5905   15.4304   17.3187  -10.9584  -12.5455  -11.8641
    1.9714   -6.6586   -3.1491  -14.5428    9.9031   10.3250
eta,q 0.97187 15.00526
  0.0346  0.0320  0.0293  0.0320  0.0294  0.0335  0.0309  0.0375  0.0298  0.0304  0.0293  0.0300
  0.0314  0.0297  0.0274  0.0300  0.0280  0.0312  0.0294  0.0323  0.0289  0.0288  0.0286  0.0291
  0.0290  0.0280  0.0265  0.0279  0.0270  0.0292  0.0285  0.0290  0.0283  0.0282  0.0283  0.0285
  0.0275  0.0270  0.0267  0.0265  0.0270  0.0270  0.0282  0.0282  0.0282  0.0282  0.0281  0.0282
  0.0270  0.0267  0.0278  0.0281  0.0287  0.0277  0.0285  0.0284  0.0284  0.0287  0.0283  0.0282
  0.0277  0.0271  0.0294  0.0329  0.0320  0.0354  0.0294  0.0298  0.0290  0.0295  0.0288  0.0286
  0.0295  0.0282  0.0312  0.0392  0.0358  0.0441  0.0308  0.0327  0.0299  0.0307  0.0298  0.0294
niter,ni,del,rscale     6    3    5.0000    1.2000
parameters
   -2.1549   16.2402   16.4772  -10.7211  -13.5603  -13.1713
    1.8631   -6.0991   -3.1180  -13.1386    9.9271   10.2727
eta,q 0.97166 14.85135
  0.0325  0.0321  0.0286  0.0331  0.0308  0.0333  0.0309  0.0362  0.0299  0.0314  0.0296  0.0298
  0.0304  0.0302  0.0276  0.0311  0.0293  0.0312  0.0295  0.0314  0.0290  0.0296  0.0289  0.0291
  0.0289  0.0289  0.0273  0.0293  0.0280  0.0294  0.0286  0.0287  0.0285  0.0287  0.0285  0.0285
  0.0281  0.0280  0.0277  0.0274  0.0272  0.0274  0.0283  0.0283  0.0284  0.0283  0.0283  0.0283
  0.0281  0.0277  0.0284  0.0266  0.0278  0.0274  0.0287  0.0289  0.0285  0.0284  0.0284  0.0285
  0.0287  0.0280  0.0295  0.0292  0.0302  0.0330  0.0296  0.0306  0.0290  0.0288  0.0288  0.0290
  0.0302  0.0288  0.0308  0.0343  0.0334  0.0413  0.0310  0.0338  0.0298  0.0295  0.0296  0.0299
niter,ni,del,rscale     5    3    5.0000    1.2000
parameters
   -2.0933   16.9820   15.8228  -10.3772  -14.5678  -14.1256
    1.9934   -6.0041   -3.0393  -10.9835    9.9110   10.2916
eta,q 0.97162 14.72681
  0.0316  0.0318  0.0290  0.0333  0.0310  0.0334  0.0311  0.0352  0.0299  0.0313  0.0296  0.0299
  0.0298  0.0302  0.0282  0.0314  0.0296  0.0313  0.0297  0.0309  0.0291  0.0299  0.0290  0.0291
  0.0287  0.0290  0.0280  0.0298  0.0285  0.0296  0.0288  0.0287  0.0287  0.0291  0.0286  0.0286
  0.0283  0.0283  0.0281  0.0280  0.0278  0.0280  0.0285  0.0285  0.0285  0.0285  0.0284  0.0284
  0.0286  0.0281  0.0286  0.0272  0.0282  0.0272  0.0288  0.0293  0.0287  0.0284  0.0285  0.0285
  0.0296  0.0284  0.0294  0.0294  0.0304  0.0310  0.0296  0.0312  0.0291  0.0286  0.0289  0.0291
  0.0313  0.0292  0.0305  0.0342  0.0334  0.0401  0.0309  0.0344  0.0298  0.0292  0.0298  0.0299
niter,ni,del,rscale     4    3    5.0000    1.2000
parameters
   -2.1186   17.8778   15.2185  -10.3616  -15.8966  -14.9375
    2.1234   -6.0495   -2.6990   -8.8644    9.7027   10.1586
eta,q 0.97168 14.56847
  0.0313  0.0319  0.0290  0.0329  0.0307  0.0330  0.0308  0.0345  0.0301  0.0313  0.0295  0.0296
  0.0297  0.0303  0.0283  0.0311  0.0294  0.0311  0.0296  0.0305  0.0292  0.0301  0.0288  0.0289
  0.0287  0.0291  0.0280  0.0296  0.0285  0.0296  0.0288  0.0286  0.0287  0.0292  0.0285  0.0285
  0.0284  0.0284  0.0281  0.0280  0.0280  0.0281  0.0285  0.0285  0.0285  0.0285  0.0283  0.0283
  0.0287  0.0281  0.0285  0.0274  0.0285  0.0270  0.0288  0.0293  0.0287  0.0283  0.0284  0.0285
  0.0297  0.0283  0.0292  0.0297  0.0305  0.0300  0.0295  0.0311  0.0291  0.0286  0.0288  0.0290
  0.0315  0.0289  0.0303  0.0345  0.0335  0.0391  0.0307  0.0341  0.0298  0.0293  0.0297  0.0298
niter,ni,del,rscale     3    3    5.0000    1.2000
parameters
   -2.1259   18.6941   14.7476  -10.3225  -16.8676  -15.6320
    2.1214   -6.0175   -2.6234   -7.4441    9.6629    9.8937
eta,q 0.97160 14.44924
  0.0311  0.0318  0.0290  0.0326  0.0309  0.0326  0.0305  0.0342  0.0300  0.0312  0.0295  0.0296
  0.0295  0.0303  0.0284  0.0309  0.0295  0.0309  0.0294  0.0303  0.0291  0.0299  0.0289  0.0289
  0.0286  0.0291  0.0281  0.0295  0.0286  0.0294  0.0287  0.0285  0.0286  0.0290  0.0285  0.0285
  0.0283  0.0283  0.0281  0.0281  0.0280  0.0281  0.0284  0.0284  0.0284  0.0284  0.0284  0.0284
  0.0286  0.0281  0.0284  0.0275  0.0284  0.0267  0.0287  0.0291  0.0286  0.0285  0.0285  0.0285
  0.0295  0.0283  0.0290  0.0295  0.0302  0.0292  0.0294  0.0307  0.0291  0.0289  0.0288  0.0290
  0.0311  0.0290  0.0300  0.0340  0.0330  0.0382  0.0305  0.0336  0.0299  0.0296  0.0296  0.0298
niter,ni,del,rscale     2    3    5.0000    1.2000
parameters
   -2.0806   19.2561   14.4525  -10.2301  -17.4435  -16.0886
    2.0699   -5.9237   -2.6459   -6.3692    9.6790    9.6546
eta,q 0.97149 14.38277
  0.0311  0.0313  0.0293  0.0326  0.0312  0.0326  0.0305  0.0341  0.0300  0.0310  0.0296  0.0297
  0.0296  0.0299  0.0287  0.0309  0.0298  0.0309  0.0294  0.0304  0.0291  0.0297  0.0290  0.0290
  0.0287  0.0289  0.0284  0.0296  0.0289  0.0295  0.0287  0.0286  0.0287  0.0289  0.0286  0.0287
  0.0284  0.0284  0.0283  0.0283  0.0283  0.0283  0.0285  0.0285  0.0285  0.0285  0.0285  0.0285
  0.0286  0.0283  0.0285  0.0277  0.0285  0.0268  0.0288  0.0291  0.0287  0.0286  0.0286  0.0287
  0.0294  0.0287  0.0290  0.0295  0.0300  0.0287  0.0294  0.0307  0.0292  0.0291  0.0289  0.0291
  0.0310  0.0294  0.0299  0.0338  0.0326  0.0372  0.0306  0.0334  0.0300  0.0298  0.0297  0.0299
niter,ni,del,rscale     1    3    5.0000    1.2000
parameters
   -2.0255   19.6556   14.2244  -10.1777  -17.8639  -16.3983
    2.0111   -5.8239   -2.6595   -5.5126    9.7002    9.4896
eta,q 0.97139 14.33794
  0.0312  0.0310  0.0295  0.0326  0.0314  0.0326  0.0306  0.0341  0.0300  0.0308  0.0297  0.0298
  0.0297  0.0297  0.0289  0.0309  0.0300  0.0310  0.0295  0.0304  0.0292  0.0296  0.0291  0.0291
  0.0288  0.0289  0.0286  0.0297  0.0290  0.0296  0.0288  0.0287  0.0287  0.0289  0.0287  0.0288
  0.0285  0.0285  0.0285  0.0285  0.0284  0.0285  0.0286  0.0286  0.0286  0.0286  0.0286  0.0286
  0.0287  0.0285  0.0286  0.0279  0.0286  0.0270  0.0289  0.0292  0.0288  0.0287  0.0287  0.0287
  0.0295  0.0289  0.0291  0.0297  0.0300  0.0285  0.0295  0.0307  0.0292  0.0292  0.0290  0.0292
  0.0310  0.0297  0.0299  0.0339  0.0325  0.0365  0.0306  0.0333  0.0300  0.0299  0.0298  0.0299
registration optimization eta report
parameter search radius
    2.4000    2.4000    2.7600    9.5220    9.5220    9.5220
    7.2000    8.2800    7.2000    7.2000    8.2800    8.2800
100000*second partial in parameter space
       45.       32.       16.        5.        4.        7.
        4.        8.        3.        3.        2.        2.
  0.0312  0.0310  0.0295  0.0326  0.0314  0.0326  0.0306  0.0341  0.0300  0.0308  0.0297  0.0298
  0.0297  0.0297  0.0289  0.0309  0.0300  0.0310  0.0295  0.0304  0.0292  0.0296  0.0291  0.0291
  0.0288  0.0289  0.0286  0.0297  0.0290  0.0296  0.0288  0.0287  0.0287  0.0289  0.0287  0.0288
  0.0285  0.0285  0.0285  0.0285  0.0284  0.0285  0.0286  0.0286  0.0286  0.0286  0.0286  0.0286
  0.0287  0.0285  0.0286  0.0279  0.0286  0.0270  0.0289  0.0292  0.0288  0.0287  0.0287  0.0287
  0.0295  0.0289  0.0291  0.0297  0.0300  0.0285  0.0295  0.0307  0.0292  0.0292  0.0290  0.0292
  0.0310  0.0297  0.0299  0.0339  0.0325  0.0365  0.0306  0.0333  0.0300  0.0299  0.0298  0.0299
   -2.0255   19.6556   14.2244  -10.1777  -17.8639  -16.3983
    2.0111   -5.8239   -2.6595   -5.5126    9.7002    9.4896
eta,q 0.97139 14.33794

---------------------------------------------------------------------
imgreg_4dfp /opt/freesurfer/average/711-2C_as_mni_average_305 /opt/freesurfer/average/711-2B_as_mni_average_305_mask talsrcimg_g11 none talsrcimg_to_711-2C_as_mni_average_305_t4 2311
---------------------------------------------------------------------

freesurfer imgreg_4dfp.c
/opt/freesurfer/average/711-2C_as_mni_average_305.4dfp.img
       256       256       256         1
  1.000000  1.000000  1.000000
orientation T byte_order littleendian
Reading image: /opt/freesurfer/average/711-2C_as_mni_average_305.4dfp.img
dimensions:      256       256       256
mmppix:       1.0000   -1.0000   -1.0000
center:     128.0000 -129.0000 -129.0000
/opt/freesurfer/average/711-2B_as_mni_average_305_mask.4dfp.img
       256       256       256         1
  1.000000  1.000000  1.000000
orientation T byte_order littleendian
Reading mask: /opt/freesurfer/average/711-2B_as_mni_average_305_mask.4dfp.img (2306576 pixels)
talsrcimg_g11.4dfp.img
       256       256       256         1
  1.000000  1.000000  1.000000
orientation T byte_order littleendian
Reading image: talsrcimg_g11.4dfp.img
dimensions:      256       256       256
mmppix:       1.0000   -1.0000   -1.0000
center:     128.0000 -129.0000 -129.0000
fimgreg.f
image alignment mode   2311 decimal      907 hex
parameters
   -2.0255   19.6556   14.2244  -10.1777  -17.8639  -16.3983
    2.0111   -5.8239   -2.6595   -5.5126    9.7002    9.4896
eta,q 0.97139 14.33794
niter,ni,del,rscale     5    3    5.0000    0.8000
parameter  4 -0.536863 -> -0.500000 qaram    1.1500
parameter  6 -0.850021 -> -0.500000 qaram    1.1500
parameters
   -1.9492   19.9801   14.1262   -7.4177  -17.9368  -13.6383
    1.8795   -5.6177   -2.4487   -4.8575    9.4925    8.9237
eta,q 0.97293 14.49911
  0.0298  0.0297  0.0289  0.0303  0.0290  0.0299  0.0285  0.0312  0.0281  0.0284  0.0282  0.0276
  0.0292  0.0292  0.0287  0.0298  0.0286  0.0292  0.0277  0.0290  0.0275  0.0278  0.0276  0.0273
  0.0288  0.0288  0.0286  0.0292  0.0282  0.0286  0.0272  0.0276  0.0272  0.0273  0.0272  0.0271
  0.0286  0.0286  0.0286  0.0286  0.0280  0.0280  0.0271  0.0271  0.0271  0.0271  0.0271  0.0271
  0.0287  0.0286  0.0286  0.0281  0.0281  0.0275  0.0273  0.0275  0.0272  0.0271  0.0273  0.0272
  0.0290  0.0287  0.0288  0.0281  0.0285  0.0270  0.0278  0.0287  0.0274  0.0274  0.0277  0.0274
  0.0296  0.0291  0.0290  0.0287  0.0292  0.0276  0.0286  0.0304  0.0279  0.0279  0.0285  0.0279
niter,ni,del,rscale     6    3    5.0000    0.9000
parameters
   -2.0533   19.7404   14.7174   -8.7813  -17.6727  -14.1707
    2.1001   -5.8728   -2.5304   -5.5473    9.5907    9.2715
eta,q 0.97282 14.48077
  0.0292  0.0279  0.0290  0.0291  0.0283  0.0296  0.0289  0.0302  0.0282  0.0280  0.0281  0.0279
  0.0280  0.0274  0.0280  0.0282  0.0277  0.0287  0.0280  0.0283  0.0276  0.0275  0.0276  0.0276
  0.0272  0.0271  0.0274  0.0272  0.0273  0.0279  0.0275  0.0274  0.0273  0.0272  0.0273  0.0273
  0.0271  0.0271  0.0270  0.0270  0.0270  0.0270  0.0272  0.0272  0.0272  0.0272  0.0272  0.0272
  0.0275  0.0273  0.0269  0.0279  0.0270  0.0265  0.0274  0.0278  0.0273  0.0275  0.0273  0.0272
  0.0284  0.0278  0.0271  0.0300  0.0274  0.0283  0.0279  0.0289  0.0277  0.0279  0.0275  0.0274
  0.0297  0.0285  0.0274  0.0330  0.0282  0.0327  0.0286  0.0306  0.0282  0.0285  0.0281  0.0278
niter,ni,del,rscale     5    3    5.0000    0.8000
parameters
   -2.1052   19.5282   14.4696   -8.8078  -17.0726  -14.0677
    2.2049   -6.0216   -2.5085   -5.8965    9.7370    9.5119
eta,q 0.97297 14.52414
  0.0287  0.0278  0.0276  0.0295  0.0283  0.0294  0.0284  0.0297  0.0279  0.0278  0.0279  0.0276
  0.0278  0.0274  0.0273  0.0287  0.0278  0.0287  0.0277  0.0281  0.0274  0.0274  0.0274  0.0273
  0.0273  0.0272  0.0272  0.0279  0.0274  0.0279  0.0272  0.0272  0.0271  0.0271  0.0272  0.0271
  0.0272  0.0272  0.0272  0.0271  0.0272  0.0271  0.0271  0.0271  0.0270  0.0270  0.0270  0.0270
  0.0274  0.0274  0.0273  0.0272  0.0271  0.0264  0.0272  0.0275  0.0271  0.0272  0.0271  0.0271
  0.0280  0.0277  0.0275  0.0282  0.0274  0.0274  0.0276  0.0285  0.0274  0.0276  0.0273  0.0272
  0.0289  0.0283  0.0279  0.0301  0.0279  0.0304  0.0283  0.0299  0.0278  0.0281  0.0278  0.0275
niter,ni,del,rscale     4    3    5.0000    0.7000
parameters
   -2.1448   19.4064   14.4797   -8.6862  -16.8973  -13.7126
    2.1989   -6.1445   -2.5332   -6.1616    9.8424    9.5789
eta,q 0.97320 14.55318
  0.0283  0.0276  0.0275  0.0291  0.0278  0.0290  0.0279  0.0292  0.0275  0.0275  0.0276  0.0273
  0.0276  0.0273  0.0272  0.0284  0.0275  0.0284  0.0273  0.0277  0.0271  0.0271  0.0272  0.0270
  0.0272  0.0271  0.0271  0.0276  0.0272  0.0277  0.0269  0.0270  0.0269  0.0269  0.0269  0.0269
  0.0270  0.0270  0.0270  0.0270  0.0270  0.0270  0.0268  0.0268  0.0268  0.0268  0.0268  0.0268
  0.0272  0.0271  0.0271  0.0270  0.0270  0.0264  0.0269  0.0272  0.0269  0.0269  0.0269  0.0268
  0.0277  0.0274  0.0272  0.0278  0.0273  0.0271  0.0273  0.0281  0.0271  0.0272  0.0271  0.0270
  0.0284  0.0279  0.0275  0.0293  0.0278  0.0293  0.0278  0.0293  0.0275  0.0277  0.0275  0.0273
niter,ni,del,rscale     3    3    5.0000    0.6000
parameters
   -2.1789   19.2854   14.6038   -8.5809  -16.7573  -13.2610
    2.1962   -6.2458   -2.5602   -6.3968    9.9446    9.4774
eta,q 0.97344 14.58258
  0.0278  0.0272  0.0273  0.0286  0.0274  0.0286  0.0274  0.0285  0.0271  0.0271  0.0272  0.0269
  0.0272  0.0270  0.0270  0.0279  0.0271  0.0280  0.0269  0.0274  0.0268  0.0268  0.0269  0.0267
  0.0269  0.0268  0.0269  0.0273  0.0269  0.0275  0.0266  0.0267  0.0266  0.0266  0.0266  0.0266
  0.0268  0.0268  0.0268  0.0268  0.0268  0.0268  0.0266  0.0266  0.0266  0.0266  0.0266  0.0266
  0.0269  0.0269  0.0268  0.0268  0.0268  0.0263  0.0267  0.0269  0.0266  0.0266  0.0266  0.0266
  0.0273  0.0271  0.0269  0.0275  0.0270  0.0269  0.0269  0.0276  0.0268  0.0269  0.0268  0.0267
  0.0279  0.0275  0.0271  0.0287  0.0274  0.0285  0.0274  0.0286  0.0271  0.0272  0.0271  0.0269
niter,ni,del,rscale     2    3    5.0000    0.5000
parameters
   -2.2120   19.1447   14.7905   -8.4921  -16.5666  -12.7807
    2.1907   -6.3453   -2.5929   -6.6388   10.0442    9.2772
eta,q 0.97368 14.61672
  0.0273  0.0268  0.0270  0.0280  0.0270  0.0281  0.0269  0.0278  0.0267  0.0267  0.0268  0.0265
  0.0269  0.0266  0.0268  0.0274  0.0268  0.0276  0.0266  0.0270  0.0265  0.0265  0.0266  0.0264
  0.0266  0.0266  0.0266  0.0269  0.0266  0.0271  0.0264  0.0264  0.0264  0.0264  0.0264  0.0263
  0.0266  0.0266  0.0265  0.0265  0.0265  0.0265  0.0263  0.0263  0.0263  0.0263  0.0263  0.0263
  0.0267  0.0266  0.0266  0.0266  0.0265  0.0262  0.0264  0.0266  0.0264  0.0264  0.0264  0.0264
  0.0269  0.0268  0.0266  0.0271  0.0267  0.0266  0.0266  0.0272  0.0265  0.0266  0.0265  0.0265
  0.0274  0.0270  0.0268  0.0280  0.0269  0.0278  0.0269  0.0280  0.0267  0.0268  0.0268  0.0266
niter,ni,del,rscale     1    3    5.0000    0.4000
parameters
   -2.2473   18.9847   15.0025   -8.4453  -16.3475  -12.2984
    2.1996   -6.4431   -2.6415   -6.8650   10.1527    9.0083
eta,q 0.97387 14.65253
  0.0268  0.0265  0.0267  0.0273  0.0266  0.0276  0.0265  0.0272  0.0264  0.0264  0.0265  0.0263
  0.0265  0.0264  0.0265  0.0269  0.0265  0.0272  0.0263  0.0266  0.0262  0.0262  0.0263  0.0262
  0.0264  0.0263  0.0264  0.0265  0.0264  0.0267  0.0262  0.0262  0.0262  0.0261  0.0262  0.0261
  0.0263  0.0263  0.0263  0.0263  0.0263  0.0263  0.0261  0.0261  0.0261  0.0261  0.0261  0.0261
  0.0264  0.0264  0.0263  0.0264  0.0263  0.0261  0.0262  0.0263  0.0262  0.0262  0.0261  0.0262
  0.0266  0.0265  0.0263  0.0267  0.0264  0.0264  0.0263  0.0267  0.0262  0.0263  0.0262  0.0262
  0.0269  0.0267  0.0264  0.0274  0.0266  0.0272  0.0265  0.0273  0.0264  0.0265  0.0264  0.0263
registration optimization eta report
parameter search radius
    0.8000    0.8000    0.8000    2.7600    2.4000    2.7600
    2.4000    2.4000    2.4000    2.4000    2.4000    2.4000
100000*second partial in parameter space
       80.       38.       40.       14.        5.       15.
        7.       19.        4.        5.        6.        3.
  0.0268  0.0265  0.0267  0.0273  0.0266  0.0276  0.0265  0.0272  0.0264  0.0264  0.0265  0.0263
  0.0265  0.0264  0.0265  0.0269  0.0265  0.0272  0.0263  0.0266  0.0262  0.0262  0.0263  0.0262
  0.0264  0.0263  0.0264  0.0265  0.0264  0.0267  0.0262  0.0262  0.0262  0.0261  0.0262  0.0261
  0.0263  0.0263  0.0263  0.0263  0.0263  0.0263  0.0261  0.0261  0.0261  0.0261  0.0261  0.0261
  0.0264  0.0264  0.0263  0.0264  0.0263  0.0261  0.0262  0.0263  0.0262  0.0262  0.0261  0.0262
  0.0266  0.0265  0.0263  0.0267  0.0264  0.0264  0.0263  0.0267  0.0262  0.0263  0.0262  0.0262
  0.0269  0.0267  0.0264  0.0274  0.0266  0.0272  0.0265  0.0273  0.0264  0.0265  0.0264  0.0263
   -2.2473   18.9847   15.0025   -8.4453  -16.3475  -12.2984
    2.1996   -6.4431   -2.6415   -6.8650   10.1527    9.0083
eta,q 0.97387 14.65253

---------------------------------------------------------------------
imgreg_4dfp /opt/freesurfer/average/711-2C_as_mni_average_305 /opt/freesurfer/average/711-2B_as_mni_average_305_mask talsrcimg_g11 none talsrcimg_to_711-2C_as_mni_average_305_t4 2311
---------------------------------------------------------------------

freesurfer imgreg_4dfp.c
/opt/freesurfer/average/711-2C_as_mni_average_305.4dfp.img
       256       256       256         1
  1.000000  1.000000  1.000000
orientation T byte_order littleendian
Reading image: /opt/freesurfer/average/711-2C_as_mni_average_305.4dfp.img
dimensions:      256       256       256
mmppix:       1.0000   -1.0000   -1.0000
center:     128.0000 -129.0000 -129.0000
/opt/freesurfer/average/711-2B_as_mni_average_305_mask.4dfp.img
       256       256       256         1
  1.000000  1.000000  1.000000
orientation T byte_order littleendian
Reading mask: /opt/freesurfer/average/711-2B_as_mni_average_305_mask.4dfp.img (2306576 pixels)
talsrcimg_g11.4dfp.img
       256       256       256         1
  1.000000  1.000000  1.000000
orientation T byte_order littleendian
Reading image: talsrcimg_g11.4dfp.img
dimensions:      256       256       256
mmppix:       1.0000   -1.0000   -1.0000
center:     128.0000 -129.0000 -129.0000
fimgreg.f
image alignment mode   2311 decimal      907 hex
parameters
   -2.2473   18.9847   15.0025   -8.4453  -16.3475  -12.2984
    2.1996   -6.4431   -2.6415   -6.8650   10.1527    9.0083
eta,q 0.97387 14.65253
niter,ni,del,rscale     5    3    5.0000    0.8000
parameters
   -2.2821   18.8389   15.3157   -8.8905  -16.5122  -12.6247
    2.3509   -6.4195   -2.7077   -7.1877    9.9899    9.3002
eta,q 0.97371 14.63546
  0.0281  0.0270  0.0278  0.0282  0.0271  0.0285  0.0277  0.0297  0.0271  0.0272  0.0272  0.0270
  0.0270  0.0264  0.0269  0.0273  0.0267  0.0278  0.0270  0.0277  0.0267  0.0267  0.0267  0.0267
  0.0263  0.0262  0.0264  0.0265  0.0263  0.0270  0.0265  0.0266  0.0264  0.0264  0.0264  0.0264
  0.0261  0.0261  0.0261  0.0261  0.0261  0.0262  0.0263  0.0263  0.0263  0.0263  0.0263  0.0263
  0.0264  0.0263  0.0261  0.0265  0.0262  0.0261  0.0264  0.0268  0.0264  0.0265  0.0264  0.0263
  0.0271  0.0267  0.0264  0.0277  0.0266  0.0276  0.0269  0.0279  0.0267  0.0269  0.0268  0.0265
  0.0283  0.0273  0.0268  0.0295  0.0274  0.0304  0.0276  0.0294  0.0272  0.0275  0.0274  0.0269
niter,ni,del,rscale     4    3    5.0000    0.7000
parameters
   -2.2805   18.7777   15.1508   -8.7362  -16.2976  -12.6312
    2.3540   -6.4093   -2.6569   -7.2396   10.0034    9.3721
eta,q 0.97377 14.65197
  0.0277  0.0270  0.0268  0.0282  0.0271  0.0283  0.0273  0.0291  0.0269  0.0271  0.0271  0.0267
  0.0269  0.0266  0.0265  0.0275  0.0267  0.0277  0.0267  0.0274  0.0266  0.0266  0.0266  0.0265
  0.0265  0.0263  0.0263  0.0268  0.0264  0.0270  0.0264  0.0265  0.0263  0.0263  0.0263  0.0263
  0.0263  0.0263  0.0263  0.0263  0.0262  0.0262  0.0262  0.0262  0.0262  0.0262  0.0262  0.0262
  0.0265  0.0264  0.0264  0.0263  0.0263  0.0260  0.0264  0.0266  0.0263  0.0263  0.0263  0.0263
  0.0269  0.0267  0.0267  0.0270  0.0265  0.0271  0.0267  0.0276  0.0265  0.0266  0.0266  0.0264
  0.0277  0.0271  0.0271  0.0283  0.0270  0.0290  0.0273  0.0289  0.0269  0.0271  0.0271  0.0267
niter,ni,del,rscale     3    3    5.0000    0.6000
parameters
   -2.2877   18.7519   15.1481   -8.6112  -16.2155  -12.4273
    2.3062   -6.4355   -2.6438   -7.2720   10.0483    9.2874
eta,q 0.97387 14.66615
  0.0273  0.0268  0.0268  0.0278  0.0269  0.0280  0.0269  0.0284  0.0267  0.0268  0.0268  0.0265
  0.0267  0.0265  0.0265  0.0272  0.0266  0.0274  0.0265  0.0271  0.0264  0.0264  0.0265  0.0263
  0.0264  0.0263  0.0263  0.0266  0.0263  0.0268  0.0262  0.0263  0.0262  0.0262  0.0262  0.0262
  0.0262  0.0262  0.0262  0.0262  0.0262  0.0262  0.0261  0.0261  0.0261  0.0261  0.0261  0.0261
  0.0264  0.0263  0.0263  0.0263  0.0263  0.0260  0.0262  0.0265  0.0262  0.0262  0.0262  0.0262
  0.0267  0.0265  0.0265  0.0268  0.0265  0.0267  0.0265  0.0272  0.0264  0.0264  0.0264  0.0263
  0.0274  0.0268  0.0268  0.0278  0.0269  0.0281  0.0270  0.0283  0.0266  0.0268  0.0268  0.0266
niter,ni,del,rscale     2    3    5.0000    0.5000
parameters
   -2.2961   18.7129   15.2349   -8.5289  -16.1277  -12.1322
    2.2866   -6.4768   -2.6733   -7.3333   10.1152    9.1174
eta,q 0.97398 14.68367
  0.0269  0.0265  0.0266  0.0273  0.0266  0.0276  0.0266  0.0277  0.0264  0.0265  0.0265  0.0263
  0.0265  0.0263  0.0263  0.0268  0.0264  0.0271  0.0263  0.0267  0.0262  0.0262  0.0263  0.0261
  0.0262  0.0262  0.0262  0.0264  0.0262  0.0266  0.0261  0.0262  0.0261  0.0261  0.0261  0.0260
  0.0261  0.0261  0.0261  0.0261  0.0261  0.0261  0.0260  0.0260  0.0260  0.0260  0.0260  0.0260
  0.0262  0.0262  0.0262  0.0262  0.0261  0.0259  0.0261  0.0263  0.0261  0.0261  0.0261  0.0260
  0.0265  0.0263  0.0263  0.0266  0.0263  0.0264  0.0263  0.0269  0.0262  0.0262  0.0262  0.0262
  0.0269  0.0266  0.0265  0.0273  0.0266  0.0275  0.0266  0.0277  0.0264  0.0265  0.0265  0.0263
niter,ni,del,rscale     1    3    5.0000    0.4000
parameters
   -2.3081   18.6465   15.3687   -8.4822  -16.0120  -11.8038
    2.2617   -6.5306   -2.7009   -7.4342   10.1936    8.9086
eta,q 0.97409 14.70453
  0.0265  0.0262  0.0264  0.0269  0.0263  0.0272  0.0263  0.0270  0.0262  0.0262  0.0263  0.0261
  0.0262  0.0261  0.0262  0.0265  0.0262  0.0268  0.0261  0.0264  0.0260  0.0260  0.0261  0.0260
  0.0261  0.0260  0.0261  0.0262  0.0261  0.0264  0.0260  0.0260  0.0259  0.0259  0.0260  0.0259
  0.0260  0.0260  0.0260  0.0260  0.0260  0.0260  0.0259  0.0259  0.0259  0.0259  0.0259  0.0259
  0.0261  0.0261  0.0260  0.0261  0.0260  0.0259  0.0260  0.0261  0.0259  0.0260  0.0259  0.0259
  0.0263  0.0262  0.0261  0.0263  0.0261  0.0262  0.0261  0.0265  0.0260  0.0261  0.0260  0.0260
  0.0266  0.0263  0.0262  0.0269  0.0263  0.0269  0.0263  0.0271  0.0262  0.0262  0.0262  0.0261
registration optimization eta report
parameter search radius
    0.8000    0.8000    0.8000    2.4000    2.4000    2.4000
    2.4000    2.4000    2.4000    2.4000    2.4000    2.4000
100000*second partial in parameter space
       83.       42.       46.       15.        5.       18.
        7.       20.        4.        5.        6.        3.
  0.0265  0.0262  0.0264  0.0269  0.0263  0.0272  0.0263  0.0270  0.0262  0.0262  0.0263  0.0261
  0.0262  0.0261  0.0262  0.0265  0.0262  0.0268  0.0261  0.0264  0.0260  0.0260  0.0261  0.0260
  0.0261  0.0260  0.0261  0.0262  0.0261  0.0264  0.0260  0.0260  0.0259  0.0259  0.0260  0.0259
  0.0260  0.0260  0.0260  0.0260  0.0260  0.0260  0.0259  0.0259  0.0259  0.0259  0.0259  0.0259
  0.0261  0.0261  0.0260  0.0261  0.0260  0.0259  0.0260  0.0261  0.0259  0.0260  0.0259  0.0259
  0.0263  0.0262  0.0261  0.0263  0.0261  0.0262  0.0261  0.0265  0.0260  0.0261  0.0260  0.0260
  0.0266  0.0263  0.0262  0.0269  0.0263  0.0269  0.0263  0.0271  0.0262  0.0262  0.0262  0.0261
   -2.3081   18.6465   15.3687   -8.4822  -16.0120  -11.8038
    2.2617   -6.5306   -2.7009   -7.4342   10.1936    8.9086
eta,q 0.97409 14.70453

---------------------------------------------------------------------
compute_vox2vox talsrcimg talsrcimg_to_711-2C_as_mni_average_305_t4 /opt/freesurfer/average/711-2C_as_mni_average_305
---------------------------------------------------------------------

freesurfer compute_vox2vox.c
Reading: talsrcimg.4dfp.ifh
Reading: talsrcimg_to_711-2C_as_mni_average_305_t4
Reading: /opt/freesurfer/average/711-2C_as_mni_average_305.4dfp.ifh
Writing: talsrcimg_to_711-2C_as_mni_average_305_t4_vox2vox.txt

start time Tue Mar 10 22:18:01 CET 2026
end		time Tue Mar 10 22:19:29 CET 2026

mpr2mni305 success

avi2talxfm orig_nu.mgz /opt/freesurfer/average/mni305.cor.mgz talsrcimg_to_711-2C_as_mni_average_305_t4_vox2vox.txt transforms/talairach.auto.xfm
avi2talxfm done
mv -f /out/sourcedata/freesurfer/sub-v2s12x28853_ses-1/mri/talsrcimg_to_711-2C_as_mni_average_305_t4_vox2vox.txt /out/sourcedata/freesurfer/sub-v2s12x28853_ses-1/mri/transforms/talsrcimg_to_711-2C_as_mni_average_305_t4_vox2vox.txt
lta_convert --src orig_nu.mgz --trg /opt/freesurfer/average/mni305.cor.mgz --inxfm transforms/talairach.auto.xfm --outlta transforms/talairach.auto.xfm.lta --subject fsaverage
7.3.2

--src: orig_nu.mgz src image (geometry).
--trg: /opt/freesurfer/average/mni305.cor.mgz trg image (geometry).
--inmni: transforms/talairach.auto.xfm input MNI/XFM transform.
--outlta: transforms/talairach.auto.xfm.lta output LTA.
--s: fsaverage subject name
 LTA read, type : 1
 1.08300   0.07705  -0.03734  -2.07818;
-0.12755   1.11471  -0.11480  -16.97020;
 0.02354   0.10115   1.17928  -6.41742;
 0.00000   0.00000   0.00000   1.00000;
setting subject to fsaverage
Writing  LTA to file transforms/talairach.auto.xfm.lta...
lta_convert successful.
 
 
Started at Tue Mar 10 22:18:01 CET 2026
Ended   at Tue Mar 10 22:19:29 CET 2026
talairach_avi done
