/out/sourcedata/freesurfer/sub-v2s12x28891_ses-1/mri
/opt/freesurfer/bin/talairach_avi
--i orig_nu.mgz --xfm transforms/talairach.auto.xfm
talairach_avi 7.3.2
Linux dna013 5.14.0-427.37.1.el9_4.x86_64 #1 SMP PREEMPT_DYNAMIC Fri Sep 13 12:41:50 EDT 2024 x86_64 x86_64 x86_64 GNU/Linux
Wed Mar 11 02:10:12 CET 2026
mri_convert orig_nu.mgz talsrcimg.img 
reading from orig_nu.mgz...
TR=0.00, TE=0.00, TI=0.00, flip angle=0.00
i_ras = (-1, 0, 0)
j_ras = (0, 0, -1)
k_ras = (0, 1, 0)
writing to talsrcimg.img...
Analyze Output Matrix
-1.00000   0.00000   0.00000   130.90601;
 0.00000   0.00000   1.00000  -128.50000;
 0.00000  -1.00000   0.00000   137.46899;
 0.00000   0.00000   0.00000   1.00000;
--------------------
INFO: set hdr.hist.orient to -1
mpr2mni305 talsrcimg
Wed Mar 11 02:10:12 CET 2026
/opt/freesurfer/bin/mpr2mni305 talsrcimg
mpr2mni305 7.3.2
target=711-2C_as_mni_average_305

---------------------------------------------------------------------
analyzeto4dfp talsrcimg -O0 -y
---------------------------------------------------------------------

freesurfer ifh2hdr.c
Wed Mar 11 02:10:12 2026
Writing: talsrcimg.4dfp.hdr
freesurfer analyzeto4dfp.c
Reading: talsrcimg.hdr
header size 348 bytes
hdr.dime.datatype	offset=70	value=2
hdr.dime.bitpix		offset=72	value=8
hdr.hist.orient		offset=252	value=-1
dimensionality     4
dimensions       256       256       256         1
Reading: talsrcimg.img
Writing: talsrcimg.4dfp.img
Writing: talsrcimg.4dfp.ifh
ifh2hdr talsrcimg -r0to229
ori=2

---------------------------------------------------------------------
gauss_4dfp talsrcimg 1.1
---------------------------------------------------------------------

freesurfer gauss_4dfp.c
Reading: talsrcimg.4dfp.img
Writing: talsrcimg_g11.4dfp.img
image dimensions 256 256 256 padded to 288 288 288
processing volume 1freesurfer ifh2hdr.c
Wed Mar 11 02:10:14 2026
Writing: talsrcimg_g11.4dfp.hdr

Writing: talsrcimg_g11.4dfp.ifh
including: talsrcimg.4dfp.img.rec in talsrcimg_g11.4dfp.img.rec

---------------------------------------------------------------------
imgreg_4dfp /opt/freesurfer/average/711-2C_as_mni_average_305 none talsrcimg_g11 none talsrcimg_to_711-2C_as_mni_average_305_t4 4355
---------------------------------------------------------------------

freesurfer imgreg_4dfp.c
/opt/freesurfer/average/711-2C_as_mni_average_305.4dfp.img
       256       256       256         1
  1.000000  1.000000  1.000000
orientation T byte_order littleendian
Reading image: /opt/freesurfer/average/711-2C_as_mni_average_305.4dfp.img
dimensions:      256       256       256
mmppix:       1.0000   -1.0000   -1.0000
center:     128.0000 -129.0000 -129.0000
talsrcimg_g11.4dfp.img
       256       256       256         1
  1.000000  1.000000  1.000000
orientation T byte_order littleendian
Reading image: talsrcimg_g11.4dfp.img
dimensions:      256       256       256
mmppix:       1.0000   -1.0000   -1.0000
center:     128.0000 -129.0000 -129.0000
t4_read: open error in t4_sub.f l:  41 t4_file(1:l)talsrcimg_to_711-2C_as_mni_average_305_t4 
t4_read: transform initialized to I4
rotation matrix determinant  1.000000
image alignment mode   4355 decimal     1103 hex
   -7.5000  -45.0000  -45.0000 6699.1738   18.8369
    0.0000  -45.0000  -45.0000 6999.6006   18.8133
    7.5000  -45.0000  -45.0000 6726.1143   18.7991
   -7.5000  -37.5000  -45.0000 7216.2339   18.8022
    0.0000  -37.5000  -45.0000 7552.2700   18.7826
    7.5000  -37.5000  -45.0000 7241.9585   18.7601
   -7.5000  -30.0000  -45.0000 8000.2437   18.8033
    0.0000  -30.0000  -45.0000 8392.1797   18.7976
    7.5000  -30.0000  -45.0000 8043.8408   18.7807
   -7.5000  -22.5000  -45.0000 8777.2969   18.8382
    0.0000  -22.5000  -45.0000 9227.0791   18.8436
    7.5000  -22.5000  -45.0000 8815.1338   18.8409
   -7.5000  -15.0000  -45.0000 9444.7852   18.8691
    0.0000  -15.0000  -45.0000 9938.3906   18.8717
    7.5000  -15.0000  -45.0000 9513.5869   18.8785
   -7.5000   -7.5000  -45.000010075.5889   18.8638
    0.0000   -7.5000  -45.000010588.6318   18.8515
    7.5000   -7.5000  -45.000010167.2148   18.8525
   -7.5000    0.0000  -45.000010685.9043   18.8314
    0.0000    0.0000  -45.000011226.1641   18.8079
    7.5000    0.0000  -45.000010759.9385   18.7937
   -7.5000    7.5000  -45.000010488.2021   18.8016
    0.0000    7.5000  -45.000011018.8496   18.7820
    7.5000    7.5000  -45.000010546.0742   18.7595
   -7.5000   15.0000  -45.000010095.3320   18.8033
    0.0000   15.0000  -45.000010603.7891   18.7976
    7.5000   15.0000  -45.000010173.0010   18.7807
   -7.5000   22.5000  -45.0000 9678.3574   18.8356
    0.0000   22.5000  -45.000010179.2812   18.8410
    7.5000   22.5000  -45.0000 9774.8496   18.8383
   -7.5000   30.0000  -45.0000 9168.0801   18.6176
    0.0000   30.0000  -45.0000 9634.9688   18.6202
    7.5000   30.0000  -45.0000 9238.0264   18.6270
   -7.5000   37.5000  -45.0000 8848.0654   18.6124
    0.0000   37.5000  -45.0000 9288.8086   18.6003
    7.5000   37.5000  -45.0000 8881.8447   18.6013
   -7.5000   45.0000  -45.0000 8208.8574   18.1086
    0.0000   45.0000  -45.0000 8623.7471   18.0860
    7.5000   45.0000  -45.0000 8197.7412   18.0724
   -7.5000  -45.0000  -37.5000 7111.1123   18.6658
    0.0000  -45.0000  -37.5000 7438.2168   18.6548
    7.5000  -45.0000  -37.5000 7152.2559   18.6563
   -7.5000  -37.5000  -37.5000 7676.8535   18.6234
    0.0000  -37.5000  -37.5000 8048.3774   18.6160
    7.5000  -37.5000  -37.5000 7719.1226   18.6155
   -7.5000  -30.0000  -37.5000 8533.3906   18.6189
    0.0000  -30.0000  -37.5000 8947.6396   18.6228
    7.5000  -30.0000  -37.5000 8587.1758   18.6257
   -7.5000  -22.5000  -37.5000 9344.1826   18.6573
    0.0000  -22.5000  -37.5000 9821.6094   18.6683
    7.5000  -22.5000  -37.5000 9402.4990   18.6753
   -7.5000  -15.0000  -37.500010050.2070   18.6953
    0.0000  -15.0000  -37.500010571.0928   18.7032
    7.5000  -15.0000  -37.500010119.3223   18.7124
   -7.5000   -7.5000  -37.500010665.2832   18.6944
    0.0000   -7.5000  -37.500011242.9707   18.6917
    7.5000   -7.5000  -37.500010781.3486   18.6986
   -7.5000    0.0000  -37.500011286.3955   18.6604
    0.0000    0.0000  -37.500011904.8887   18.6495
    7.5000    0.0000  -37.500011411.6816   18.6509
   -7.5000    7.5000  -37.500011059.9883   18.6228
    0.0000    7.5000  -37.500011645.8301   18.6154
    7.5000    7.5000  -37.500011164.3457   18.6149
   -7.5000   15.0000  -37.500010639.2168   18.6189
    0.0000   15.0000  -37.500011193.4922   18.6228
    7.5000   15.0000  -37.500010745.6377   18.6257
   -7.5000   22.5000  -37.500010231.1865   18.6547
    0.0000   22.5000  -37.500010765.7227   18.6657
    7.5000   22.5000  -37.500010324.6475   18.6727
   -7.5000   30.0000  -37.5000 9707.2842   18.4461
    0.0000   30.0000  -37.500010216.3086   18.4539
    7.5000   30.0000  -37.5000 9770.3740   18.4630
   -7.5000   37.5000  -37.5000 9333.1885   18.4453
    0.0000   37.5000  -37.5000 9812.7520   18.4426
    7.5000   37.5000  -37.5000 9366.9619   18.4494
   -7.5000   45.0000  -37.5000 8589.3740   17.9442
    0.0000   45.0000  -37.5000 9037.2725   17.9337
    7.5000   45.0000  -37.5000 8599.4902   17.9351
   -7.5000  -45.0000  -30.0000 7685.7554   19.2617
    0.0000  -45.0000  -30.0000 8055.3042   19.2631
    7.5000  -45.0000  -30.0000 7738.0679   19.2760
   -7.5000  -37.5000  -30.0000 8329.2305   19.2190
    0.0000  -37.5000  -30.0000 8727.1387   19.2201
    7.5000  -37.5000  -30.0000 8368.5381   19.2365
   -7.5000  -30.0000  -30.0000 9263.1670   19.2065
    0.0000  -30.0000  -30.0000 9712.7695   19.2143
    7.5000  -30.0000  -30.0000 9298.3135   19.2351
   -7.5000  -22.5000  -30.000010130.4131   19.2363
    0.0000  -22.5000  -30.000010648.2432   19.2488
    7.5000  -22.5000  -30.000010174.2832   19.2694
   -7.5000  -15.0000  -30.000010861.7275   19.2736
    0.0000  -15.0000  -30.000011423.2393   19.2857
    7.5000  -15.0000  -30.000010925.3584   19.3034
   -7.5000   -7.5000  -30.000011482.2803   19.2815
    0.0000   -7.5000  -30.000012103.8809   19.2892
    7.5000   -7.5000  -30.000011597.7295   19.3038
   -7.5000    0.0000  -30.000012112.5908   19.2562
    0.0000    0.0000  -30.000012749.5400   19.2576
    7.5000    0.0000  -30.000012241.0469   19.2705
   -7.5000    7.5000  -30.000011849.7119   19.2184
    0.0000    7.5000  -30.000012437.7842   19.2195
    7.5000    7.5000  -30.000011979.4111   19.2358
   -7.5000   15.0000  -30.000011412.9883   19.2065
    0.0000   15.0000  -30.000011995.4082   19.2143
    7.5000   15.0000  -30.000011546.0518   19.2351
   -7.5000   22.5000  -30.000010985.3252   19.2317
    0.0000   22.5000  -30.000011539.1270   19.2442
    7.5000   22.5000  -30.000011091.6914   19.2648
   -7.5000   30.0000  -30.000010403.1377   19.0185
    0.0000   30.0000  -30.000010937.8682   19.0305
    7.5000   30.0000  -30.000010486.9912   19.0480
   -7.5000   37.5000  -30.0000 9949.7031   19.0264
    0.0000   37.5000  -30.000010480.1289   19.0339
    7.5000   37.5000  -30.000010017.5742   19.0483
   -7.5000   45.0000  -30.0000 9096.7100   18.5307
    0.0000   45.0000  -30.0000 9585.6387   18.5320
    7.5000   45.0000  -30.0000 9154.7549   18.5445
   -7.5000  -45.0000  -22.5000 8378.6279   19.8728
    0.0000  -45.0000  -22.5000 8778.6699   19.8726
    7.5000  -45.0000  -22.5000 8430.1719   19.8821
   -7.5000  -37.5000  -22.5000 9072.9795   19.8330
    0.0000  -37.5000  -22.5000 9514.0303   19.8297
    7.5000  -37.5000  -22.5000 9112.6328   19.8407
   -7.5000  -30.0000  -22.500010072.7451   19.8178
    0.0000  -30.0000  -22.500010569.8047   19.8189
    7.5000  -30.0000  -22.500010103.8574   19.8381
   -7.5000  -22.5000  -22.500011017.5801   19.8403
    0.0000  -22.5000  -22.500011571.2324   19.8476
    7.5000  -22.5000  -22.500011057.9551   19.8732
   -7.5000  -15.0000  -22.500011784.0820   19.8740
    0.0000  -15.0000  -22.500012406.1562   19.8840
    7.5000  -15.0000  -22.500011874.2842   19.9094
   -7.5000   -7.5000  -22.500012478.1396   19.8862
    0.0000   -7.5000  -22.500013152.6318   19.8933
    7.5000   -7.5000  -22.500012594.3613   19.9107
   -7.5000    0.0000  -22.500013140.5820   19.8671
    0.0000    0.0000  -22.500013834.4990   19.8670
    7.5000    0.0000  -22.500013272.8037   19.8764
   -7.5000    7.5000  -22.500012823.4014   19.8324
    0.0000    7.5000  -22.500013476.0430   19.8291
    7.5000    7.5000  -22.500012969.5840   19.8401
   -7.5000   15.0000  -22.500012346.4648   19.8178
    0.0000   15.0000  -22.500012962.6611   19.8189
    7.5000   15.0000  -22.500012482.8008   19.8381
   -7.5000   22.5000  -22.500011862.3408   19.8342
    0.0000   22.5000  -22.500012446.9951   19.8415
    7.5000   22.5000  -22.500011978.6279   19.8670
   -7.5000   30.0000  -22.500011214.7871   19.6141
    0.0000   30.0000  -22.500011781.6211   19.6239
    7.5000   30.0000  -22.500011326.6387   19.6489
   -7.5000   37.5000  -22.500010713.3828   19.6261
    0.0000   37.5000  -22.500011253.6426   19.6331
    7.5000   37.5000  -22.500010810.8193   19.6502
   -7.5000   45.0000  -22.5000 9768.6982   19.1330
    0.0000   45.0000  -22.500010259.3691   19.1329
    7.5000   45.0000  -22.5000 9849.5703   19.1420
   -7.5000  -45.0000  -15.0000 9091.8408   20.3164
    0.0000  -45.0000  -15.0000 9538.4766   20.3030
    7.5000  -45.0000  -15.0000 9132.7285   20.2977
   -7.5000  -37.5000  -15.0000 9849.5771   20.2835
    0.0000  -37.5000  -15.000010329.1084   20.2672
    7.5000  -37.5000  -15.0000 9872.7383   20.2570
   -7.5000  -30.0000  -15.000010928.2773   20.2730
    0.0000  -30.0000  -15.000011458.1768   20.2629
    7.5000  -30.0000  -15.000010943.3477   20.2630
   -7.5000  -22.5000  -15.000011936.8760   20.2922
    0.0000  -22.5000  -15.000012533.0947   20.2918
    7.5000  -22.5000  -15.000011975.7549   20.3082
   -7.5000  -15.0000  -15.000012769.6855   20.3197
    0.0000  -15.0000  -15.000013431.0732   20.3225
    7.5000  -15.0000  -15.000012832.5820   20.3459
   -7.5000   -7.5000  -15.000013546.8262   20.3284
    0.0000   -7.5000  -15.000014251.0098   20.3243
    7.5000   -7.5000  -15.000013617.4756   20.3365
   -7.5000    0.0000  -15.000014208.4316   20.3106
    0.0000    0.0000  -15.000014977.1289   20.2972
    7.5000    0.0000  -15.000014313.2607   20.2920
   -7.5000    7.5000  -15.000013839.2559   20.2828
    0.0000    7.5000  -15.000014587.1641   20.2665
    7.5000    7.5000  -15.000013948.8281   20.2564
   -7.5000   15.0000  -15.000013284.5176   20.2730
    0.0000   15.0000  -15.000013978.3311   20.2629
    7.5000   15.0000  -15.000013402.2012   20.2630
   -7.5000   22.5000  -15.000012700.8623   20.2850
    0.0000   22.5000  -15.000013351.6943   20.2846
    7.5000   22.5000  -15.000012828.5664   20.3010
   -7.5000   30.0000  -15.000012019.9316   20.0567
    0.0000   30.0000  -15.000012621.7471   20.0595
    7.5000   30.0000  -15.000012129.6826   20.0826
   -7.5000   37.5000  -15.000011498.8105   20.0653
    0.0000   37.5000  -15.000012073.3525   20.0613
    7.5000   37.5000  -15.000011630.8574   20.0733
   -7.5000   45.0000  -15.000010477.5420   19.5719
    0.0000   45.0000  -15.000010962.6348   19.5591
    7.5000   45.0000  -15.000010570.1475   19.5540
   -7.5000  -45.0000   -7.5000 9835.8369   20.5662
    0.0000  -45.0000   -7.500010321.7910   20.5413
    7.5000  -45.0000   -7.5000 9888.8145   20.5241
   -7.5000  -37.5000   -7.500010660.6328   20.5355
    0.0000  -37.5000   -7.500011187.9883   20.5114
    7.5000  -37.5000   -7.500010691.1855   20.4846
   -7.5000  -30.0000   -7.500011828.8428   20.5359
    0.0000  -30.0000   -7.500012412.8623   20.5225
    7.5000  -30.0000   -7.500011853.2295   20.5047
   -7.5000  -22.5000   -7.500012912.0449   20.5644
    0.0000  -22.5000   -7.500013573.1611   20.5628
    7.5000  -22.5000   -7.500012956.4023   20.5646
   -7.5000  -15.0000   -7.500013817.5527   20.5910
    0.0000  -15.0000   -7.500014526.3662   20.5896
    7.5000  -15.0000   -7.500013859.7148   20.6032
   -7.5000   -7.5000   -7.500014609.7637   20.5880
    0.0000   -7.5000   -7.500015380.8711   20.5742
    7.5000   -7.5000   -7.500014651.4268   20.5777
   -7.5000    0.0000   -7.500015296.7373   20.5604
    0.0000    0.0000   -7.500016128.5078   20.5355
    7.5000    0.0000   -7.500015352.0127   20.5183
   -7.5000    7.5000   -7.500014931.4111   20.5349
    0.0000    7.5000   -7.500015760.7871   20.5108
    7.5000    7.5000   -7.500015011.9102   20.4839
   -7.5000   15.0000   -7.500014345.5156   20.5359
    0.0000   15.0000   -7.500015122.2373   20.5225
    7.5000   15.0000   -7.500014443.7041   20.5047
   -7.5000   22.5000   -7.500013642.8350   20.5549
    0.0000   22.5000   -7.500014364.9326   20.5533
    7.5000   22.5000   -7.500013748.7090   20.5551
   -7.5000   30.0000   -7.500012864.0342   20.3240
    0.0000   30.0000   -7.500013508.7988   20.3226
    7.5000   30.0000   -7.500012958.5488   20.3360
   -7.5000   37.5000   -7.500012302.2441   20.3210
    0.0000   37.5000   -7.500012931.6084   20.3074
    7.5000   37.5000   -7.500012434.2510   20.3109
   -7.5000   45.0000   -7.500011213.3369   19.8163
    0.0000   45.0000   -7.500011751.5771   19.7923
    7.5000   45.0000   -7.500011320.0137   19.7757
   -7.5000  -45.0000    0.000010510.2793   20.6541
    0.0000  -45.0000    0.000011014.7979   20.6297
    7.5000  -45.0000    0.000010545.8379   20.6150
   -7.5000  -37.5000    0.000011372.5596   20.6159
    0.0000  -37.5000    0.000011941.6855   20.5960
    7.5000  -37.5000    0.000011407.0107   20.5727
   -7.5000  -30.0000    0.000012630.3145   20.6198
    0.0000  -30.0000    0.000013285.4570   20.6144
    7.5000  -30.0000    0.000012674.7168   20.5969
   -7.5000  -22.5000    0.000013822.7197   20.6614
    0.0000  -22.5000    0.000014560.0205   20.6670
    7.5000  -22.5000    0.000013875.2334   20.6643
   -7.5000  -15.0000    0.000014795.8779   20.6960
    0.0000  -15.0000    0.000015576.3955   20.6983
    7.5000  -15.0000    0.000014815.4121   20.7055
   -7.5000   -7.5000    0.000015583.9307   20.6871
    0.0000   -7.5000    0.000016421.4473   20.6740
    7.5000   -7.5000    0.000015610.4268   20.6753
   -7.5000    0.0000    0.000016299.5693   20.6481
    0.0000    0.0000    0.000017199.9082   20.6238
    7.5000    0.0000    0.000016319.9336   20.6092
   -7.5000    7.5000    0.000015965.1816   20.6152
    0.0000    7.5000    0.000016842.5645   20.5953
    7.5000    7.5000    0.000016010.2188   20.5720
   -7.5000   15.0000    0.000015321.2695   20.6198
    0.0000   15.0000    0.000016151.2891   20.6144
    7.5000   15.0000    0.000015395.4443   20.5969
   -7.5000   22.5000    0.000014533.6836   20.6519
    0.0000   22.5000    0.000015312.0430   20.6575
    7.5000   22.5000    0.000014627.4150   20.6548
   -7.5000   30.0000    0.000013690.3447   20.4282
    0.0000   30.0000    0.000014382.2754   20.4304
    7.5000   30.0000    0.000013759.3203   20.4376
   -7.5000   37.5000    0.000013085.2793   20.4194
    0.0000   37.5000    0.000013771.8154   20.4065
    7.5000   37.5000    0.000013181.1768   20.4077
   -7.5000   45.0000    0.000011927.7676   19.9024
    0.0000   45.0000    0.000012550.2666   19.8789
    7.5000   45.0000    0.000012025.9756   19.8649
   -7.5000  -45.0000    7.500010361.3975   20.6864
    0.0000  -45.0000    7.500010886.0645   20.6749
    7.5000  -45.0000    7.500010427.7383   20.6766
   -7.5000  -37.5000    7.500011224.6211   20.6409
    0.0000  -37.5000    7.500011795.3164   20.6332
    7.5000  -37.5000    7.500011291.2061   20.6327
   -7.5000  -30.0000    7.500012471.8486   20.6363
    0.0000  -30.0000    7.500013135.3271   20.6409
    7.5000  -30.0000    7.500012532.6494   20.6439
   -7.5000  -22.5000    7.500013693.0156   20.6773
    0.0000  -22.5000    7.500014444.2451   20.6897
    7.5000  -22.5000    7.500013739.7383   20.6975
   -7.5000  -15.0000    7.500014718.6338   20.7179
    0.0000  -15.0000    7.500015533.2568   20.7271
    7.5000  -15.0000    7.500014730.0723   20.7373
   -7.5000   -7.5000    7.500015445.4844   20.7169
    0.0000   -7.5000    7.500016328.0596   20.7145
    7.5000   -7.5000    7.500015459.4873   20.7223
   -7.5000    0.0000    7.500016146.9297   20.6805
    0.0000    0.0000    7.500017006.2148   20.6690
    7.5000    0.0000    7.500016129.4766   20.6707
   -7.5000    7.5000    7.500015773.2217   20.6403
    0.0000    7.5000    7.500016629.7402   20.6326
    7.5000    7.5000    7.500015803.8770   20.6320
   -7.5000   15.0000    7.500015118.5000   20.6363
    0.0000   15.0000    7.500015977.3057   20.6409
    7.5000   15.0000    7.500015209.9893   20.6439
   -7.5000   22.5000    7.500014334.3232   20.6678
    0.0000   22.5000    7.500015136.7451   20.6802
    7.5000   22.5000    7.500014411.0811   20.6879
   -7.5000   30.0000    7.500013498.8145   20.4498
    0.0000   30.0000    7.500014222.4297   20.4588
    7.5000   30.0000    7.500013540.0273   20.4689
   -7.5000   37.5000    7.500012954.4404   20.4488
    0.0000   37.5000    7.500013657.4121   20.4464
    7.5000   37.5000    7.500013003.2432   20.4542
   -7.5000   45.0000    7.500011831.8457   19.9336
    0.0000   45.0000    7.500012463.0713   19.9225
    7.5000   45.0000    7.500011862.7793   19.9242
   -7.5000  -45.0000   15.000010085.3857   20.6744
    0.0000  -45.0000   15.000010610.2891   20.6758
    7.5000  -45.0000   15.000010158.1074   20.6898
   -7.5000  -37.5000   15.000010888.7842   20.6284
    0.0000  -37.5000   15.000011454.7793   20.6295
    7.5000  -37.5000   15.000010969.1924   20.6472
   -7.5000  -30.0000   15.000012074.7949   20.6149
    0.0000  -30.0000   15.000012697.9277   20.6231
    7.5000  -30.0000   15.000012143.2676   20.6455
   -7.5000  -22.5000   15.000013298.6045   20.6467
    0.0000  -22.5000   15.000014019.7891   20.6601
    7.5000  -22.5000   15.000013342.0811   20.6823
   -7.5000  -15.0000   15.000014453.2119   20.6868
    0.0000  -15.0000   15.000015408.8994   20.6998
    7.5000  -15.0000   15.000014532.3008   20.7189
   -7.5000   -7.5000   15.000015279.8760   20.6955
    0.0000   -7.5000   15.000016326.1221   20.7037
    7.5000   -7.5000   15.000015370.1387   20.7194
   -7.5000    0.0000   15.000015908.0430   20.6685
    0.0000    0.0000   15.000016809.8125   20.6698
    7.5000    0.0000   15.000015953.6631   20.6839
   -7.5000    7.5000   15.000015520.3984   20.6278
    0.0000    7.5000   15.000016335.2412   20.6289
    7.5000    7.5000   15.000015588.4619   20.6465
   -7.5000   15.0000   15.000014895.2051   20.6149
    0.0000   15.0000   15.000015736.2510   20.6231
    7.5000   15.0000   15.000014979.1338   20.6455
   -7.5000   22.5000   15.000014116.0117   20.6372
    0.0000   22.5000   15.000014928.9834   20.6506
    7.5000   22.5000   15.000014151.4502   20.6728
   -7.5000   30.0000   15.000013261.8408   20.4190
    0.0000   30.0000   15.000014007.4355   20.4319
    7.5000   30.0000   15.000013222.9619   20.4508
   -7.5000   37.5000   15.000012716.7188   20.4277
    0.0000   37.5000   15.000013433.1768   20.4358
    7.5000   37.5000   15.000012660.4082   20.4513
   -7.5000   45.0000   15.000011575.6133   19.9220
    0.0000   45.0000   15.000012237.7119   19.9234
    7.5000   45.0000   15.000011533.7266   19.9369
   -7.5000  -45.0000   22.5000 9710.8311   20.6294
    0.0000  -45.0000   22.500010207.3330   20.6292
    7.5000  -45.0000   22.5000 9794.2852   20.6390
   -7.5000  -37.5000   22.500010478.6426   20.5881
    0.0000  -37.5000   22.500011022.8057   20.5846
    7.5000  -37.5000   22.500010574.0771   20.5961
   -7.5000  -30.0000   22.500011600.2812   20.5723
    0.0000  -30.0000   22.500012188.2100   20.5734
    7.5000  -30.0000   22.500011688.4355   20.5933
   -7.5000  -22.5000   22.500012751.1680   20.5956
    0.0000  -22.5000   22.500013374.1719   20.6032
    7.5000  -22.5000   22.500012836.5732   20.6297
   -7.5000  -15.0000   22.500013896.1836   20.6307
    0.0000  -15.0000   22.500014747.1670   20.6410
    7.5000  -15.0000   22.500013995.5020   20.6674
   -7.5000   -7.5000   22.500014841.2236   20.6433
    0.0000   -7.5000   22.500015714.9551   20.6507
    7.5000   -7.5000   22.500014837.2334   20.6687
   -7.5000    0.0000   22.500015567.4932   20.6235
    0.0000    0.0000   22.500016382.6816   20.6233
    7.5000    0.0000   22.500015464.5820   20.6331
   -7.5000    7.5000   22.500015190.0234   20.5875
    0.0000    7.5000   22.500015954.4121   20.5840
    7.5000    7.5000   22.500015053.9072   20.5954
   -7.5000   15.0000   22.500014552.4043   20.5723
    0.0000   15.0000   22.500015321.1387   20.5734
    7.5000   15.0000   22.500014415.6367   20.5933
   -7.5000   22.5000   22.500013709.8477   20.5861
    0.0000   22.5000   22.500014443.1533   20.5937
    7.5000   22.5000   22.500013600.2090   20.6202
   -7.5000   30.0000   22.500012793.5869   20.3637
    0.0000   30.0000   22.500013465.4902   20.3739
    7.5000   30.0000   22.500012705.0225   20.3999
   -7.5000   37.5000   22.500012280.4219   20.3762
    0.0000   37.5000   22.500012905.7100   20.3834
    7.5000   37.5000   22.500012210.1465   20.4012
   -7.5000   45.0000   22.500011191.6338   19.8787
    0.0000   45.0000   22.500011773.8604   19.8785
    7.5000   45.0000   22.500011149.1045   19.8879
   -7.5000  -45.0000   30.0000 9153.0928   20.5963
    0.0000  -45.0000   30.0000 9639.3525   20.5827
    7.5000  -45.0000   30.0000 9258.8174   20.5774
   -7.5000  -37.5000   30.0000 9883.7168   20.5629
    0.0000  -37.5000   30.000010402.8682   20.5464
    7.5000  -37.5000   30.000010000.0547   20.5361
   -7.5000  -30.0000   30.000010961.4707   20.5523
    0.0000  -30.0000   30.000011508.0078   20.5420
    7.5000  -30.0000   30.000011072.7471   20.5422
   -7.5000  -22.5000   30.000012072.5645   20.5718
    0.0000  -22.5000   30.000012676.2559   20.5714
    7.5000  -22.5000   30.000012179.8867   20.5880
   -7.5000  -15.0000   30.000013112.7178   20.5997
    0.0000  -15.0000   30.000013785.6699   20.6026
    7.5000  -15.0000   30.000013199.4717   20.6262
   -7.5000   -7.5000   30.000014028.0615   20.6085
    0.0000   -7.5000   30.000014689.1670   20.6044
    7.5000   -7.5000   30.000013986.8965   20.6167
   -7.5000    0.0000   30.000014825.6895   20.5905
    0.0000    0.0000   30.000015513.4326   20.5769
    7.5000    0.0000   30.000014731.8564   20.5716
   -7.5000    7.5000   30.000014512.0342   20.5623
    0.0000    7.5000   30.000015259.8086   20.5458
    7.5000    7.5000   30.000014440.2803   20.5355
   -7.5000   15.0000   30.000013860.4590   20.5523
    0.0000   15.0000   30.000014633.1387   20.5420
    7.5000   15.0000   30.000013810.2324   20.5422
   -7.5000   22.5000   30.000013009.4287   20.5623
    0.0000   22.5000   30.000013728.5469   20.5619
    7.5000   22.5000   30.000012997.2178   20.5785
   -7.5000   30.0000   30.000012078.9492   20.3331
    0.0000   30.0000   30.000012733.8301   20.3359
    7.5000   30.0000   30.000012082.3789   20.3593
   -7.5000   37.5000   30.000011620.6777   20.3418
    0.0000   37.5000   30.000012224.4697   20.3377
    7.5000   37.5000   30.000011587.2373   20.3498
   -7.5000   45.0000   30.000010594.5342   19.8468
    0.0000   45.0000   30.000011133.0684   19.8338
    7.5000   45.0000   30.000010567.8066   19.8286
   -7.5000  -45.0000   37.5000 8898.2246   20.6133
    0.0000  -45.0000   37.5000 9380.7900   20.5882
    7.5000  -45.0000   37.5000 8985.1025   20.5709
   -7.5000  -37.5000   37.5000 9606.1270   20.5824
    0.0000  -37.5000   37.500010112.8037   20.5582
    7.5000  -37.5000   37.5000 9695.0576   20.5312
   -7.5000  -30.0000   37.500010686.9570   20.5826
    0.0000  -30.0000   37.500011225.2402   20.5692
    7.5000  -30.0000   37.500010765.0459   20.5513
   -7.5000  -22.5000   37.500011764.4756   20.6112
    0.0000  -22.5000   37.500012349.5693   20.6096
    7.5000  -22.5000   37.500011864.4053   20.6113
   -7.5000  -15.0000   37.500012683.0625   20.6380
    0.0000  -15.0000   37.500013302.4072   20.6366
    7.5000  -15.0000   37.500012797.5605   20.6500
   -7.5000   -7.5000   37.500013487.3848   20.6351
    0.0000   -7.5000   37.500014074.2119   20.6211
    7.5000   -7.5000   37.500013528.1836   20.6246
   -7.5000    0.0000   37.500014213.5352   20.6074
    0.0000    0.0000   37.500014835.7256   20.5824
    7.5000    0.0000   37.500014250.8379   20.5650
   -7.5000    7.5000   37.500013934.4121   20.5818
    0.0000    7.5000   37.500014547.9453   20.5576
    7.5000    7.5000   37.500013988.2217   20.5306
   -7.5000   15.0000   37.500013399.7979   20.5826
    0.0000   15.0000   37.500013987.5234   20.5692
    7.5000   15.0000   37.500013450.7139   20.5513
   -7.5000   22.5000   37.500012621.2266   20.6017
    0.0000   22.5000   37.500013196.4521   20.6001
    7.5000   22.5000   37.500012685.5029   20.6018
   -7.5000   30.0000   37.500011750.8555   20.3709
    0.0000   30.0000   37.500012286.4062   20.3695
    7.5000   30.0000   37.500011775.9141   20.3828
   -7.5000   37.5000   37.500011282.0518   20.3680
    0.0000   37.5000   37.500011811.4561   20.3543
    7.5000   37.5000   37.500011286.0557   20.3577
   -7.5000   45.0000   37.500010276.2383   19.8632
    0.0000   45.0000   37.500010741.9092   19.8390
    7.5000   45.0000   37.500010281.6074   19.8223
   -7.5000  -45.0000   45.0000 8227.9697   20.6840
    0.0000  -45.0000   45.0000 8661.4150   20.6588
    7.5000  -45.0000   45.0000 8316.4082   20.6440
   -7.5000  -37.5000   45.0000 8907.6787   20.6456
    0.0000  -37.5000   45.0000 9381.7383   20.6249
    7.5000  -37.5000   45.0000 8998.3271   20.6015
   -7.5000  -30.0000   45.0000 9866.5488   20.6498
    0.0000  -30.0000   45.000010386.6689   20.6437
    7.5000  -30.0000   45.0000 9952.8154   20.6262
   -7.5000  -22.5000   45.000010822.9570   20.6918
    0.0000  -22.5000   45.000011378.6523   20.6970
    7.5000  -22.5000   45.000010926.7217   20.6942
   -7.5000  -15.0000   45.000011644.8857   20.7266
    0.0000  -15.0000   45.000012190.0820   20.7285
    7.5000  -15.0000   45.000011729.9268   20.7356
   -7.5000   -7.5000   45.000012379.1191   20.7175
    0.0000   -7.5000   45.000012905.4551   20.7037
    7.5000   -7.5000   45.000012447.4619   20.7049
   -7.5000    0.0000   45.000013028.6152   20.6780
    0.0000    0.0000   45.000013581.3965   20.6529
    7.5000    0.0000   45.000013117.6182   20.6381
   -7.5000    7.5000   45.000012735.3848   20.6450
    0.0000    7.5000   45.000013267.4316   20.6243
    7.5000    7.5000   45.000012794.2715   20.6009
   -7.5000   15.0000   45.000012305.8721   20.6498
    0.0000   15.0000   45.000012812.9883   20.6437
    7.5000   15.0000   45.000012333.7285   20.6262
   -7.5000   22.5000   45.000011674.9629   20.6822
    0.0000   22.5000   45.000012164.6670   20.6874
    7.5000   22.5000   45.000011707.5557   20.6846
   -7.5000   30.0000   45.000010894.5742   20.4566
    0.0000   30.0000   45.000011342.0059   20.4584
    7.5000   30.0000   45.000010902.8691   20.4654
   -7.5000   37.5000   45.000010438.5566   20.4476
    0.0000   37.5000   45.000010893.3184   20.4340
    7.5000   37.5000   45.000010429.7031   20.4351
   -7.5000   45.0000   45.0000 9497.6807   19.9403
    0.0000   45.0000   45.0000 9908.1963   19.9160
    7.5000   45.0000   45.0000 9471.4092   19.9018

---------------------------------------------------------------------
imgreg_4dfp /opt/freesurfer/average/711-2C_as_mni_average_305 /opt/freesurfer/average/711-2B_as_mni_average_305_mask talsrcimg_g11 none talsrcimg_to_711-2C_as_mni_average_305_t4 4355
---------------------------------------------------------------------

freesurfer imgreg_4dfp.c
/opt/freesurfer/average/711-2C_as_mni_average_305.4dfp.img
       256       256       256         1
  1.000000  1.000000  1.000000
orientation T byte_order littleendian
Reading image: /opt/freesurfer/average/711-2C_as_mni_average_305.4dfp.img
dimensions:      256       256       256
mmppix:       1.0000   -1.0000   -1.0000
center:     128.0000 -129.0000 -129.0000
/opt/freesurfer/average/711-2B_as_mni_average_305_mask.4dfp.img
       256       256       256         1
  1.000000  1.000000  1.000000
orientation T byte_order littleendian
Reading mask: /opt/freesurfer/average/711-2B_as_mni_average_305_mask.4dfp.img (2306576 pixels)
talsrcimg_g11.4dfp.img
       256       256       256         1
  1.000000  1.000000  1.000000
orientation T byte_order littleendian
Reading image: talsrcimg_g11.4dfp.img
dimensions:      256       256       256
mmppix:       1.0000   -1.0000   -1.0000
center:     128.0000 -129.0000 -129.0000
rotation matrix determinant  1.000000
image alignment mode   4355 decimal     1103 hex
   -7.5000  -45.0000  -45.0000 1880.4094   26.0450
    0.0000  -45.0000  -45.0000 1883.8091   25.7825
    7.5000  -45.0000  -45.0000 1872.7151   25.8878
   -7.5000  -37.5000  -45.0000 1976.0483   23.3601
    0.0000  -37.5000  -45.0000 1978.7081   23.1619
    7.5000  -37.5000  -45.0000 1967.3397   23.2976
   -7.5000  -30.0000  -45.0000 2055.1235   21.4775
    0.0000  -30.0000  -45.0000 2063.8174   21.3115
    7.5000  -30.0000  -45.0000 2050.5027   21.4405
   -7.5000  -22.5000  -45.0000 2120.2539   20.1200
    0.0000  -22.5000  -45.0000 2130.7561   19.9853
    7.5000  -22.5000  -45.0000 2107.2866   20.0742
   -7.5000  -15.0000  -45.0000 2157.6509   19.2197
    0.0000  -15.0000  -45.0000 2170.1846   19.0664
    7.5000  -15.0000  -45.0000 2146.9504   19.1863
   -7.5000   -7.5000  -45.0000 2181.3730   18.6813
    0.0000   -7.5000  -45.0000 2188.6694   18.4479
    7.5000   -7.5000  -45.0000 2174.8149   18.6008
   -7.5000    0.0000  -45.0000 2173.1577   18.5576
    0.0000    0.0000  -45.0000 2184.7185   18.3576
    7.5000    0.0000  -45.0000 2167.0173   18.4868
   -7.5000    7.5000  -45.0000 2155.8850   18.8895
    0.0000    7.5000  -45.0000 2167.8376   18.6943
    7.5000    7.5000  -45.0000 2149.0986   18.7980
   -7.5000   15.0000  -45.0000 2111.3955   19.6244
    0.0000   15.0000  -45.0000 2127.5374   19.4376
    7.5000   15.0000  -45.0000 2111.3523   19.4730
   -7.5000   22.5000  -45.0000 2056.0986   20.6431
    0.0000   22.5000  -45.0000 2074.5625   20.4364
    7.5000   22.5000  -45.0000 2059.1177   20.4703
   -7.5000   30.0000  -45.0000 1988.4321   22.0620
    0.0000   30.0000  -45.0000 2006.3101   21.7939
    7.5000   30.0000  -45.0000 1986.4884   21.8520
   -7.5000   37.5000  -45.0000 1907.3408   23.9181
    0.0000   37.5000  -45.0000 1919.8817   23.6158
    7.5000   37.5000  -45.0000 1902.3826   23.7527
   -7.5000   45.0000  -45.0000 1805.5294   26.5155
    0.0000   45.0000  -45.0000 1821.8257   26.2046
    7.5000   45.0000  -45.0000 1804.9377   26.3768
   -7.5000  -45.0000  -37.5000 1960.6183   24.0697
    0.0000  -45.0000  -37.5000 1962.8079   23.8543
    7.5000  -45.0000  -37.5000 1949.9783   23.9578
   -7.5000  -37.5000  -37.5000 2064.1375   21.6416
    0.0000  -37.5000  -37.5000 2069.3306   21.5399
    7.5000  -37.5000  -37.5000 2055.2329   21.5726
   -7.5000  -30.0000  -37.5000 2152.5103   19.8871
    0.0000  -30.0000  -37.5000 2161.9624   19.8077
    7.5000  -30.0000  -37.5000 2151.3350   19.8276
   -7.5000  -22.5000  -37.5000 2216.3787   18.6206
    0.0000  -22.5000  -37.5000 2227.8398   18.4912
    7.5000  -22.5000  -37.5000 2210.4219   18.5396
   -7.5000  -15.0000  -37.5000 2258.1885   17.7556
    0.0000  -15.0000  -37.5000 2270.5820   17.6291
    7.5000  -15.0000  -37.5000 2251.4309   17.6998
   -7.5000   -7.5000  -37.5000 2277.7026   17.2532
    0.0000   -7.5000  -37.5000 2292.5217   17.1022
    7.5000   -7.5000  -37.5000 2277.2527   17.2176
   -7.5000    0.0000  -37.5000 2273.1130   17.1368
    0.0000    0.0000  -37.5000 2292.3708   16.9539
    7.5000    0.0000  -37.5000 2275.1250   17.0876
   -7.5000    7.5000  -37.5000 2260.4048   17.3119
    0.0000    7.5000  -37.5000 2278.9587   17.1564
    7.5000    7.5000  -37.5000 2257.5408   17.2556
   -7.5000   15.0000  -37.5000 2216.5598   17.9151
    0.0000   15.0000  -37.5000 2237.6235   17.7188
    7.5000   15.0000  -37.5000 2217.9004   17.7714
   -7.5000   22.5000  -37.5000 2167.8391   18.8348
    0.0000   22.5000  -37.5000 2185.3242   18.6319
    7.5000   22.5000  -37.5000 2168.4836   18.6682
   -7.5000   30.0000  -37.5000 2093.6499   20.1855
    0.0000   30.0000  -37.5000 2112.8450   19.9610
    7.5000   30.0000  -37.5000 2096.5405   19.9771
   -7.5000   37.5000  -37.5000 2005.1049   21.9432
    0.0000   37.5000  -37.5000 2020.9860   21.6948
    7.5000   37.5000  -37.5000 2003.6470   21.7713
   -7.5000   45.0000  -37.5000 1893.3772   24.3173
    0.0000   45.0000  -37.5000 1910.9424   23.9717
    7.5000   45.0000  -37.5000 1894.6573   24.1224
   -7.5000  -45.0000  -30.0000 2066.0203   23.1065
    0.0000  -45.0000  -30.0000 2077.0000   22.9342
    7.5000  -45.0000  -30.0000 2061.1006   22.9840
   -7.5000  -37.5000  -30.0000 2189.1216   20.7798
    0.0000  -37.5000  -30.0000 2200.9441   20.6823
    7.5000  -37.5000  -30.0000 2182.7080   20.6748
   -7.5000  -30.0000  -30.0000 2290.5288   19.0053
    0.0000  -30.0000  -30.0000 2301.1335   18.9354
    7.5000  -30.0000  -30.0000 2286.0613   18.9487
   -7.5000  -22.5000  -30.0000 2363.8496   17.7687
    0.0000  -22.5000  -30.0000 2378.1284   17.6829
    7.5000  -22.5000  -30.0000 2356.2991   17.7302
   -7.5000  -15.0000  -30.0000 2400.4744   16.9058
    0.0000  -15.0000  -30.0000 2421.8716   16.7901
    7.5000  -15.0000  -30.0000 2393.6145   16.8586
   -7.5000   -7.5000  -30.0000 2417.1233   16.4031
    0.0000   -7.5000  -30.0000 2439.7947   16.2559
    7.5000   -7.5000  -30.0000 2414.5718   16.3796
   -7.5000    0.0000  -30.0000 2419.9446   16.2709
    0.0000    0.0000  -30.0000 2442.2273   16.0633
    7.5000    0.0000  -30.0000 2417.0466   16.1934
   -7.5000    7.5000  -30.0000 2406.8398   16.3843
    0.0000    7.5000  -30.0000 2423.9753   16.1872
    7.5000    7.5000  -30.0000 2403.8103   16.3383
   -7.5000   15.0000  -30.0000 2365.8027   16.9431
    0.0000   15.0000  -30.0000 2392.1091   16.7114
    7.5000   15.0000  -30.0000 2372.2537   16.8487
   -7.5000   22.5000  -30.0000 2317.2046   17.8602
    0.0000   22.5000  -30.0000 2337.1699   17.5994
    7.5000   22.5000  -30.0000 2323.9292   17.7067
   -7.5000   30.0000  -30.0000 2235.8887   19.1436
    0.0000   30.0000  -30.0000 2255.3794   18.8458
    7.5000   30.0000  -30.0000 2240.3511   18.9096
   -7.5000   37.5000  -30.0000 2136.5701   20.8146
    0.0000   37.5000  -30.0000 2157.4746   20.5540
    7.5000   37.5000  -30.0000 2134.6282   20.6304
   -7.5000   45.0000  -30.0000 2015.3647   23.1114
    0.0000   45.0000  -30.0000 2036.3501   22.8376
    7.5000   45.0000  -30.0000 2016.9446   22.9119
   -7.5000  -45.0000  -22.5000 2162.2039   21.9776
    0.0000  -45.0000  -22.5000 2175.6750   21.8697
    7.5000  -45.0000  -22.5000 2160.8811   21.8815
   -7.5000  -37.5000  -22.5000 2291.8538   19.7583
    0.0000  -37.5000  -22.5000 2307.1807   19.6263
    7.5000  -37.5000  -22.5000 2290.5339   19.6327
   -7.5000  -30.0000  -22.5000 2401.3748   17.9982
    0.0000  -30.0000  -22.5000 2416.9526   17.9027
    7.5000  -30.0000  -22.5000 2396.5950   17.9000
   -7.5000  -22.5000  -22.5000 2480.4795   16.7522
    0.0000  -22.5000  -22.5000 2498.6106   16.6466
    7.5000  -22.5000  -22.5000 2471.1875   16.6929
   -7.5000  -15.0000  -22.5000 2524.2795   15.9422
    0.0000  -15.0000  -22.5000 2546.5208   15.7706
    7.5000  -15.0000  -22.5000 2519.3652   15.8804
   -7.5000   -7.5000  -22.5000 2547.8425   15.4347
    0.0000   -7.5000  -22.5000 2571.5310   15.2599
    7.5000   -7.5000  -22.5000 2543.8779   15.3886
   -7.5000    0.0000  -22.5000 2557.8030   15.3028
    0.0000    0.0000  -22.5000 2577.8381   15.1131
    7.5000    0.0000  -22.5000 2552.6934   15.2431
   -7.5000    7.5000  -22.5000 2543.9656   15.4377
    0.0000    7.5000  -22.5000 2567.9229   15.1946
    7.5000    7.5000  -22.5000 2544.6199   15.3498
   -7.5000   15.0000  -22.5000 2507.6497   15.9187
    0.0000   15.0000  -22.5000 2530.5469   15.6412
    7.5000   15.0000  -22.5000 2511.4944   15.8007
   -7.5000   22.5000  -22.5000 2449.6062   16.7266
    0.0000   22.5000  -22.5000 2473.3154   16.4576
    7.5000   22.5000  -22.5000 2454.7969   16.5739
   -7.5000   30.0000  -22.5000 2360.1553   17.9219
    0.0000   30.0000  -22.5000 2385.8435   17.6521
    7.5000   30.0000  -22.5000 2366.9365   17.7148
   -7.5000   37.5000  -22.5000 2250.2722   19.4300
    0.0000   37.5000  -22.5000 2275.6877   19.1786
    7.5000   37.5000  -22.5000 2252.8254   19.3121
   -7.5000   45.0000  -22.5000 2116.8391   21.5660
    0.0000   45.0000  -22.5000 2139.3115   21.2721
    7.5000   45.0000  -22.5000 2119.3374   21.3901
   -7.5000  -45.0000  -15.0000 2227.5442   20.8760
    0.0000  -45.0000  -15.0000 2241.9338   20.7344
    7.5000  -45.0000  -15.0000 2223.7537   20.7727
   -7.5000  -37.5000  -15.0000 2366.1157   18.7040
    0.0000  -37.5000  -15.0000 2381.6399   18.5511
    7.5000  -37.5000  -15.0000 2359.3936   18.5888
   -7.5000  -30.0000  -15.0000 2479.1042   17.0511
    0.0000  -30.0000  -15.0000 2495.9456   16.9040
    7.5000  -30.0000  -15.0000 2470.7288   16.8983
   -7.5000  -22.5000  -15.0000 2565.3103   15.8358
    0.0000  -22.5000  -15.0000 2583.7288   15.6542
    7.5000  -22.5000  -15.0000 2561.3203   15.7028
   -7.5000  -15.0000  -15.0000 2618.7749   15.0167
    0.0000  -15.0000  -15.0000 2640.8289   14.8161
    7.5000  -15.0000  -15.0000 2615.6035   14.9133
   -7.5000   -7.5000  -15.0000 2657.6760   14.5061
    0.0000   -7.5000  -15.0000 2681.4255   14.3103
    7.5000   -7.5000  -15.0000 2653.0027   14.4163
   -7.5000    0.0000  -15.0000 2670.0066   14.3653
    0.0000    0.0000  -15.0000 2694.9368   14.1508
    7.5000    0.0000  -15.0000 2669.6035   14.2654
   -7.5000    7.5000  -15.0000 2658.1707   14.4802
    0.0000    7.5000  -15.0000 2685.0044   14.2349
    7.5000    7.5000  -15.0000 2657.9963   14.3807
   -7.5000   15.0000  -15.0000 2612.9915   14.9217
    0.0000   15.0000  -15.0000 2643.3271   14.6813
    7.5000   15.0000  -15.0000 2620.9106   14.8210
   -7.5000   22.5000  -15.0000 2550.4529   15.6553
    0.0000   22.5000  -15.0000 2581.5894   15.4195
    7.5000   22.5000  -15.0000 2560.6365   15.5410
   -7.5000   30.0000  -15.0000 2455.1111   16.7202
    0.0000   30.0000  -15.0000 2486.6987   16.4791
    7.5000   30.0000  -15.0000 2464.5664   16.6006
   -7.5000   37.5000  -15.0000 2340.1008   18.1609
    0.0000   37.5000  -15.0000 2371.3069   17.8970
    7.5000   37.5000  -15.0000 2354.2556   18.0483
   -7.5000   45.0000  -15.0000 2200.8142   20.1386
    0.0000   45.0000  -15.0000 2223.9214   19.8552
    7.5000   45.0000  -15.0000 2209.7402   20.0031
   -7.5000  -45.0000   -7.5000 2272.3643   20.0385
    0.0000  -45.0000   -7.5000 2291.3416   19.8272
    7.5000  -45.0000   -7.5000 2268.6982   19.8873
   -7.5000  -37.5000   -7.5000 2413.6450   17.8438
    0.0000  -37.5000   -7.5000 2433.7058   17.6789
    7.5000  -37.5000   -7.5000 2407.7002   17.7066
   -7.5000  -30.0000   -7.5000 2534.6160   16.2277
    0.0000  -30.0000   -7.5000 2551.6633   16.0202
    7.5000  -30.0000   -7.5000 2526.8665   16.0769
   -7.5000  -22.5000   -7.5000 2629.1206   15.0337
    0.0000  -22.5000   -7.5000 2653.0903   14.8669
    7.5000  -22.5000   -7.5000 2630.5229   14.8953
   -7.5000  -15.0000   -7.5000 2693.4785   14.2253
    0.0000  -15.0000   -7.5000 2715.2786   14.0190
    7.5000  -15.0000   -7.5000 2693.7590   14.0801
   -7.5000   -7.5000   -7.5000 2740.1001   13.6761
    0.0000   -7.5000   -7.5000 2768.0056   13.4487
    7.5000   -7.5000   -7.5000 2738.2859   13.5559
   -7.5000    0.0000   -7.5000 2759.2341   13.4673
    0.0000    0.0000   -7.5000 2786.3892   13.2638
    7.5000    0.0000   -7.5000 2761.8691   13.3456
   -7.5000    7.5000   -7.5000 2752.3635   13.6210
    0.0000    7.5000   -7.5000 2785.9126   13.4256
    7.5000    7.5000   -7.5000 2758.5972   13.5104
   -7.5000   15.0000   -7.5000 2709.3281   14.0630
    0.0000   15.0000   -7.5000 2741.9353   13.8416
    7.5000   15.0000   -7.5000 2717.5854   13.9572
   -7.5000   22.5000   -7.5000 2640.0894   14.7900
    0.0000   22.5000   -7.5000 2672.5042   14.5298
    7.5000   22.5000   -7.5000 2649.0952   14.6674
   -7.5000   30.0000   -7.5000 2542.2192   15.7804
    0.0000   30.0000   -7.5000 2565.4558   15.5221
    7.5000   30.0000   -7.5000 2546.1934   15.6643
   -7.5000   37.5000   -7.5000 2415.0327   17.1658
    0.0000   37.5000   -7.5000 2442.4912   16.8807
    7.5000   37.5000   -7.5000 2426.5640   17.0206
   -7.5000   45.0000   -7.5000 2268.1672   19.0310
    0.0000   45.0000   -7.5000 2292.8762   18.7511
    7.5000   45.0000   -7.5000 2278.2534   18.8998
   -7.5000  -45.0000    0.0000 2295.2488   19.4634
    0.0000  -45.0000    0.0000 2314.0498   19.2243
    7.5000  -45.0000    0.0000 2293.5505   19.2777
   -7.5000  -37.5000    0.0000 2438.2849   17.2998
    0.0000  -37.5000    0.0000 2456.5298   17.0847
    7.5000  -37.5000    0.0000 2434.2014   17.1069
   -7.5000  -30.0000    0.0000 2568.2554   15.6577
    0.0000  -30.0000    0.0000 2590.0566   15.4780
    7.5000  -30.0000    0.0000 2566.1687   15.5018
   -7.5000  -22.5000    0.0000 2672.2678   14.4741
    0.0000  -22.5000    0.0000 2698.0332   14.3058
    7.5000  -22.5000    0.0000 2674.5945   14.3395
   -7.5000  -15.0000    0.0000 2749.3035   13.6425
    0.0000  -15.0000    0.0000 2774.2129   13.4482
    7.5000  -15.0000    0.0000 2751.4761   13.4842
   -7.5000   -7.5000    0.0000 2803.4600   13.0308
    0.0000   -7.5000    0.0000 2834.9321   12.8134
    7.5000   -7.5000    0.0000 2807.6516   12.9013
   -7.5000    0.0000    0.0000 2834.3403   12.7536
    0.0000    0.0000    0.0000 2873.2266   12.5510
    7.5000    0.0000    0.0000 2838.9729   12.6510
   -7.5000    7.5000    0.0000 2833.8291   12.9699
    0.0000    7.5000    0.0000 2872.5750   12.7519
    7.5000    7.5000    0.0000 2844.1772   12.8461
   -7.5000   15.0000    0.0000 2788.9897   13.4146
    0.0000   15.0000    0.0000 2820.3872   13.1734
    7.5000   15.0000    0.0000 2801.6455   13.3062
   -7.5000   22.5000    0.0000 2709.6467   14.1094
    0.0000   22.5000    0.0000 2740.9827   13.8573
    7.5000   22.5000    0.0000 2722.7854   13.9998
   -7.5000   30.0000    0.0000 2604.2312   15.1224
    0.0000   30.0000    0.0000 2630.1404   14.8593
    7.5000   30.0000    0.0000 2611.3669   15.0182
   -7.5000   37.5000    0.0000 2471.2136   16.5337
    0.0000   37.5000    0.0000 2495.6318   16.2448
    7.5000   37.5000    0.0000 2474.9233   16.4232
   -7.5000   45.0000    0.0000 2319.9094   18.3771
    0.0000   45.0000    0.0000 2347.7852   18.0679
    7.5000   45.0000    0.0000 2325.7253   18.2488
   -7.5000  -45.0000    7.5000 2300.9219   19.1039
    0.0000  -45.0000    7.5000 2323.9614   18.8426
    7.5000  -45.0000    7.5000 2307.4099   18.9886
   -7.5000  -37.5000    7.5000 2448.9297   16.9353
    0.0000  -37.5000    7.5000 2470.3958   16.7089
    7.5000  -37.5000    7.5000 2457.7729   16.8255
   -7.5000  -30.0000    7.5000 2582.7764   15.3238
    0.0000  -30.0000    7.5000 2610.0945   15.1138
    7.5000  -30.0000    7.5000 2588.7954   15.1702
   -7.5000  -22.5000    7.5000 2699.6709   14.1456
    0.0000  -22.5000    7.5000 2729.5173   13.9254
    7.5000  -22.5000    7.5000 2705.3262   13.9842
   -7.5000  -15.0000    7.5000 2795.5657   13.2817
    0.0000  -15.0000    7.5000 2826.5427   13.0805
    7.5000  -15.0000    7.5000 2799.6477   13.1169
   -7.5000   -7.5000    7.5000 2862.5640   12.6139
    0.0000   -7.5000    7.5000 2900.7356   12.3910
    7.5000   -7.5000    7.5000 2865.5940   12.4620
   -7.5000    0.0000    7.5000 2907.0847   12.2856
    0.0000    0.0000    7.5000 2950.2205   12.0176
    7.5000    0.0000    7.5000 2908.1299   12.1697
   -7.5000    7.5000    7.5000 2901.9639   12.4734
    0.0000    7.5000    7.5000 2943.6169   12.2045
    7.5000    7.5000    7.5000 2911.2188   12.3625
   -7.5000   15.0000    7.5000 2842.8979   12.9352
    0.0000   15.0000    7.5000 2886.2261   12.6619
    7.5000   15.0000    7.5000 2863.3579   12.8354
   -7.5000   22.5000    7.5000 2765.1387   13.6569
    0.0000   22.5000    7.5000 2800.9004   13.3960
    7.5000   22.5000    7.5000 2780.3572   13.5850
   -7.5000   30.0000    7.5000 2647.9260   14.6950
    0.0000   30.0000    7.5000 2680.5449   14.4248
    7.5000   30.0000    7.5000 2658.6816   14.6183
   -7.5000   37.5000    7.5000 2510.0911   16.1229
    0.0000   37.5000    7.5000 2537.2954   15.8264
    7.5000   37.5000    7.5000 2515.5269   16.0401
   -7.5000   45.0000    7.5000 2355.2637   17.9377
    0.0000   45.0000    7.5000 2382.2141   17.5964
    7.5000   45.0000    7.5000 2361.7661   17.8435
   -7.5000  -45.0000   15.0000 2292.0803   18.9787
    0.0000  -45.0000   15.0000 2315.2209   18.6627
    7.5000  -45.0000   15.0000 2307.2476   18.8479
   -7.5000  -37.5000   15.0000 2436.7034   16.7461
    0.0000  -37.5000   15.0000 2461.2266   16.4814
    7.5000  -37.5000   15.0000 2450.7415   16.5955
   -7.5000  -30.0000   15.0000 2573.0310   15.0980
    0.0000  -30.0000   15.0000 2599.1130   14.8349
    7.5000  -30.0000   15.0000 2583.6221   14.9352
   -7.5000  -22.5000   15.0000 2697.1340   13.9045
    0.0000  -22.5000   15.0000 2728.3376   13.6571
    7.5000  -22.5000   15.0000 2708.5024   13.7420
   -7.5000  -15.0000   15.0000 2807.4541   13.0947
    0.0000  -15.0000   15.0000 2846.5735   12.8615
    7.5000  -15.0000   15.0000 2817.5725   12.9098
   -7.5000   -7.5000   15.0000 2894.4304   12.3994
    0.0000   -7.5000   15.0000 2942.1606   12.2289
    7.5000   -7.5000   15.0000 2908.3838   12.2458
   -7.5000    0.0000   15.0000 2944.1550   12.0080
    0.0000    0.0000   15.0000 2994.5493   11.7588
    7.5000    0.0000   15.0000 2953.5112   11.8872
   -7.5000    7.5000   15.0000 2937.1821   12.1881
    0.0000    7.5000   15.0000 2986.5134   11.9234
    7.5000    7.5000   15.0000 2949.9141   12.0940
   -7.5000   15.0000   15.0000 2872.0723   12.6734
    0.0000   15.0000   15.0000 2920.9143   12.4245
    7.5000   15.0000   15.0000 2890.2026   12.5824
   -7.5000   22.5000   15.0000 2785.3538   13.3897
    0.0000   22.5000   15.0000 2826.3335   13.1631
    7.5000   22.5000   15.0000 2801.9788   13.2785
   -7.5000   30.0000   15.0000 2662.9680   14.4342
    0.0000   30.0000   15.0000 2699.8350   14.1980
    7.5000   30.0000   15.0000 2677.8882   14.3104
   -7.5000   37.5000   15.0000 2525.8435   15.8325
    0.0000   37.5000   15.0000 2556.3132   15.5990
    7.5000   37.5000   15.0000 2533.6299   15.6983
   -7.5000   45.0000   15.0000 2364.0249   17.6135
    0.0000   45.0000   15.0000 2395.4163   17.3819
    7.5000   45.0000   15.0000 2377.5076   17.4754
   -7.5000  -45.0000   22.5000 2274.8223   19.1394
    0.0000  -45.0000   22.5000 2302.3713   18.7580
    7.5000  -45.0000   22.5000 2291.0432   18.9645
   -7.5000  -37.5000   22.5000 2416.3152   16.8334
    0.0000  -37.5000   22.5000 2441.7991   16.4624
    7.5000  -37.5000   22.5000 2433.5342   16.6609
   -7.5000  -30.0000   22.5000 2553.6619   15.1274
    0.0000  -30.0000   22.5000 2577.4939   14.7938
    7.5000  -30.0000   22.5000 2570.0930   14.9571
   -7.5000  -22.5000   22.5000 2681.4360   13.8952
    0.0000  -22.5000   22.5000 2708.6731   13.5826
    7.5000  -22.5000   22.5000 2701.4927   13.7067
   -7.5000  -15.0000   22.5000 2798.2974   13.0612
    0.0000  -15.0000   22.5000 2831.3550   12.7545
    7.5000  -15.0000   22.5000 2817.9651   12.8725
   -7.5000   -7.5000   22.5000 2899.2427   12.4935
    0.0000   -7.5000   22.5000 2943.7185   12.2465
    7.5000   -7.5000   22.5000 2916.3748   12.2763
   -7.5000    0.0000   22.5000 2958.6064   12.1418
    0.0000    0.0000   22.5000 3016.4492   11.8623
    7.5000    0.0000   22.5000 2966.3767   11.9098
   -7.5000    7.5000   22.5000 2945.5981   12.1993
    0.0000    7.5000   22.5000 3000.8494   11.9158
    7.5000    7.5000   22.5000 2956.6692   11.9913
   -7.5000   15.0000   22.5000 2876.8877   12.6070
    0.0000   15.0000   22.5000 2925.7859   12.3711
    7.5000   15.0000   22.5000 2891.8242   12.4312
   -7.5000   22.5000   22.5000 2780.3499   13.3172
    0.0000   22.5000   22.5000 2818.1985   13.1141
    7.5000   22.5000   22.5000 2799.1355   13.1645
   -7.5000   30.0000   22.5000 2660.3281   14.3645
    0.0000   30.0000   22.5000 2691.4824   14.1357
    7.5000   30.0000   22.5000 2675.3169   14.2019
   -7.5000   37.5000   22.5000 2525.8826   15.7669
    0.0000   37.5000   22.5000 2552.8577   15.5285
    7.5000   37.5000   22.5000 2536.5271   15.6189
   -7.5000   45.0000   22.5000 2362.8384   17.6019
    0.0000   45.0000   22.5000 2392.0901   17.3026
    7.5000   45.0000   22.5000 2377.5171   17.4251
   -7.5000  -45.0000   30.0000 2249.8000   19.5200
    0.0000  -45.0000   30.0000 2276.9067   19.0362
    7.5000  -45.0000   30.0000 2269.5327   19.3337
   -7.5000  -37.5000   30.0000 2387.6545   17.1812
    0.0000  -37.5000   30.0000 2413.3750   16.7181
    7.5000  -37.5000   30.0000 2408.5740   16.9649
   -7.5000  -30.0000   30.0000 2522.0237   15.5282
    0.0000  -30.0000   30.0000 2548.6375   15.0998
    7.5000  -30.0000   30.0000 2544.1941   15.2799
   -7.5000  -22.5000   30.0000 2654.5581   14.3254
    0.0000  -22.5000   30.0000 2680.1921   13.9074
    7.5000  -22.5000   30.0000 2672.9697   14.0724
   -7.5000  -15.0000   30.0000 2772.8352   13.5088
    0.0000  -15.0000   30.0000 2802.8501   13.1609
    7.5000  -15.0000   30.0000 2790.2295   13.2687
   -7.5000   -7.5000   30.0000 2867.5408   12.8900
    0.0000   -7.5000   30.0000 2913.1646   12.5517
    7.5000   -7.5000   30.0000 2880.7947   12.6174
   -7.5000    0.0000   30.0000 2927.4006   12.5749
    0.0000    0.0000   30.0000 2974.6196   12.2223
    7.5000    0.0000   30.0000 2933.6843   12.2959
   -7.5000    7.5000   30.0000 2927.4377   12.6289
    0.0000    7.5000   30.0000 2977.7332   12.3310
    7.5000    7.5000   30.0000 2938.1194   12.3684
   -7.5000   15.0000   30.0000 2859.9587   13.0148
    0.0000   15.0000   30.0000 2906.9011   12.7750
    7.5000   15.0000   30.0000 2871.7988   12.8098
   -7.5000   22.5000   30.0000 2753.9824   13.7074
    0.0000   22.5000   30.0000 2787.5864   13.4832
    7.5000   22.5000   30.0000 2768.6357   13.5275
   -7.5000   30.0000   30.0000 2632.9688   14.6741
    0.0000   30.0000   30.0000 2662.0520   14.4238
    7.5000   30.0000   30.0000 2647.6018   14.5117
   -7.5000   37.5000   30.0000 2503.8494   15.9843
    0.0000   37.5000   30.0000 2529.8262   15.7474
    7.5000   37.5000   30.0000 2513.9509   15.8416
   -7.5000   45.0000   30.0000 2348.7070   17.6878
    0.0000   45.0000   30.0000 2373.4043   17.4288
    7.5000   45.0000   30.0000 2360.9685   17.5195
   -7.5000  -45.0000   37.5000 2225.5330   20.3054
    0.0000  -45.0000   37.5000 2249.1436   19.7975
    7.5000  -45.0000   37.5000 2242.1475   19.9785
   -7.5000  -37.5000   37.5000 2358.9399   17.8909
    0.0000  -37.5000   37.5000 2387.3704   17.4567
    7.5000  -37.5000   37.5000 2376.2156   17.6385
   -7.5000  -30.0000   37.5000 2488.3340   16.2445
    0.0000  -30.0000   37.5000 2515.2788   15.8200
    7.5000  -30.0000   37.5000 2504.9951   15.9777
   -7.5000  -22.5000   37.5000 2618.1948   15.0372
    0.0000  -22.5000   37.5000 2644.5828   14.6366
    7.5000  -22.5000   37.5000 2637.2327   14.7922
   -7.5000  -15.0000   37.5000 2728.4136   14.1398
    0.0000  -15.0000   37.5000 2760.4785   13.7714
    7.5000  -15.0000   37.5000 2749.5427   13.9093
   -7.5000   -7.5000   37.5000 2820.6306   13.4750
    0.0000   -7.5000   37.5000 2863.2441   13.0446
    7.5000   -7.5000   37.5000 2836.6694   13.2146
   -7.5000    0.0000   37.5000 2872.4463   13.1755
    0.0000    0.0000   37.5000 2910.2156   12.8158
    7.5000    0.0000   37.5000 2886.5945   12.9309
   -7.5000    7.5000   37.5000 2869.1335   13.2250
    0.0000    7.5000   37.5000 2909.4949   12.9132
    7.5000    7.5000   37.5000 2887.0393   12.9996
   -7.5000   15.0000   37.5000 2811.6160   13.6214
    0.0000   15.0000   37.5000 2847.2544   13.3415
    7.5000   15.0000   37.5000 2826.0913   13.4195
   -7.5000   22.5000   37.5000 2708.1533   14.3230
    0.0000   22.5000   37.5000 2739.5024   14.0766
    7.5000   22.5000   37.5000 2723.3689   14.1723
   -7.5000   30.0000   37.5000 2589.2004   15.2980
    0.0000   30.0000   37.5000 2611.6753   15.0744
    7.5000   30.0000   37.5000 2598.9172   15.1699
   -7.5000   37.5000   37.5000 2462.7529   16.5608
    0.0000   37.5000   37.5000 2487.4397   16.3097
    7.5000   37.5000   37.5000 2473.8142   16.4243
   -7.5000   45.0000   37.5000 2314.9041   18.1778
    0.0000   45.0000   37.5000 2334.2180   17.9089
    7.5000   45.0000   37.5000 2324.4163   18.0093
   -7.5000  -45.0000   45.0000 2183.0081   21.2742
    0.0000  -45.0000   45.0000 2206.3657   20.7873
    7.5000  -45.0000   45.0000 2197.5203   21.0345
   -7.5000  -37.5000   45.0000 2321.3584   18.9159
    0.0000  -37.5000   45.0000 2348.0908   18.4497
    7.5000  -37.5000   45.0000 2336.7539   18.6452
   -7.5000  -30.0000   45.0000 2444.7412   17.1691
    0.0000  -30.0000   45.0000 2475.5093   16.7182
    7.5000  -30.0000   45.0000 2462.0320   16.9013
   -7.5000  -22.5000   45.0000 2570.0283   15.8691
    0.0000  -22.5000   45.0000 2599.6042   15.4394
    7.5000  -22.5000   45.0000 2589.5325   15.6356
   -7.5000  -15.0000   45.0000 2676.4365   14.8677
    0.0000  -15.0000   45.0000 2707.6157   14.4239
    7.5000  -15.0000   45.0000 2694.1521   14.6490
   -7.5000   -7.5000   45.0000 2750.1716   14.2416
    0.0000   -7.5000   45.0000 2792.0405   13.7848
    7.5000   -7.5000   45.0000 2769.9080   14.0025
   -7.5000    0.0000   45.0000 2791.4067   13.9461
    0.0000    0.0000   45.0000 2824.4680   13.5694
    7.5000    0.0000   45.0000 2809.8044   13.7343
   -7.5000    7.5000   45.0000 2786.0903   13.9780
    0.0000    7.5000   45.0000 2818.4199   13.6297
    7.5000    7.5000   45.0000 2802.9219   13.7530
   -7.5000   15.0000   45.0000 2730.0117   14.3792
    0.0000   15.0000   45.0000 2761.1833   14.0710
    7.5000   15.0000   45.0000 2744.6245   14.1810
   -7.5000   22.5000   45.0000 2636.0571   15.0745
    0.0000   22.5000   45.0000 2668.8818   14.7744
    7.5000   22.5000   45.0000 2654.1550   14.9220
   -7.5000   30.0000   45.0000 2529.6523   16.0585
    0.0000   30.0000   45.0000 2552.0127   15.7990
    7.5000   30.0000   45.0000 2543.7151   15.9484
   -7.5000   37.5000   45.0000 2407.9111   17.3050
    0.0000   37.5000   45.0000 2430.3694   17.0558
    7.5000   37.5000   45.0000 2419.6758   17.1720
   -7.5000   45.0000   45.0000 2259.4695   18.9275
    0.0000   45.0000   45.0000 2278.0488   18.6331
    7.5000   45.0000   45.0000 2270.8474   18.7383

---------------------------------------------------------------------
imgreg_4dfp /opt/freesurfer/average/711-2C_as_mni_average_305 /opt/freesurfer/average/711-2B_as_mni_average_305_mask talsrcimg_g11 none talsrcimg_to_711-2C_as_mni_average_305_t4 1283
---------------------------------------------------------------------

freesurfer imgreg_4dfp.c
/opt/freesurfer/average/711-2C_as_mni_average_305.4dfp.img
       256       256       256         1
  1.000000  1.000000  1.000000
orientation T byte_order littleendian
Reading image: /opt/freesurfer/average/711-2C_as_mni_average_305.4dfp.img
dimensions:      256       256       256
mmppix:       1.0000   -1.0000   -1.0000
center:     128.0000 -129.0000 -129.0000
/opt/freesurfer/average/711-2B_as_mni_average_305_mask.4dfp.img
       256       256       256         1
  1.000000  1.000000  1.000000
orientation T byte_order littleendian
Reading mask: /opt/freesurfer/average/711-2B_as_mni_average_305_mask.4dfp.img (2306576 pixels)
talsrcimg_g11.4dfp.img
       256       256       256         1
  1.000000  1.000000  1.000000
orientation T byte_order littleendian
Reading image: talsrcimg_g11.4dfp.img
dimensions:      256       256       256
mmppix:       1.0000   -1.0000   -1.0000
center:     128.0000 -129.0000 -129.0000
rotation matrix determinant  1.000000
fimgreg.f
image alignment mode   1283 decimal      503 hex
parameters
    0.0000    0.0000   22.5000    0.0000    0.0000    0.0000
eta,q 0.94654 11.90162
niter,ni,del,rscale     5    3   12.0000    1.2000
parameter  4  0.819879 ->  0.500000 qaram    1.1500
parameters
   -0.5922    1.6156   21.4914   -3.4500   -0.6080   -2.2111
eta,q 0.95114 11.73948
  0.0635  0.0720  0.0589  0.0505  0.0546  0.0504
  0.0571  0.0624  0.0553  0.0495  0.0520  0.0490
  0.0533  0.0553  0.0525  0.0501  0.0500  0.0489
  0.0530  0.0524  0.0523  0.0519  0.0496  0.0496
  0.0564  0.0528  0.0554  0.0553  0.0507  0.0506
  0.0614  0.0552  0.0600  0.0586  0.0534  0.0529
  0.0668  0.0574  0.0638  0.0609  0.0575  0.0565
niter,ni,del,rscale     5    3   12.0000    1.2000
parameters
   -0.9488    3.5640   20.6420   -6.1462   -1.0830   -2.0245
eta,q 0.95355 11.80498
  0.0608  0.0663  0.0567  0.0498  0.0533  0.0517
  0.0534  0.0574  0.0524  0.0473  0.0495  0.0494
  0.0489  0.0508  0.0495  0.0467  0.0471  0.0473
  0.0489  0.0485  0.0487  0.0485  0.0466  0.0464
  0.0529  0.0487  0.0523  0.0508  0.0484  0.0471
  0.0571  0.0495  0.0575  0.0541  0.0516  0.0487
  0.0613  0.0514  0.0605  0.0589  0.0552  0.0513
niter,ni,del,rscale     4    3   12.0000    1.2000
parameters
   -0.2947    5.2862   20.0715   -7.5266   -1.8213   -2.2447
eta,q 0.95430 11.83047
  0.0639  0.0623  0.0538  0.0514  0.0515  0.0504
  0.0558  0.0557  0.0503  0.0475  0.0483  0.0479
  0.0501  0.0497  0.0481  0.0456  0.0462  0.0461
  0.0465  0.0466  0.0465  0.0468  0.0459  0.0457
  0.0484  0.0466  0.0481  0.0489  0.0478  0.0466
  0.0526  0.0481  0.0535  0.0520  0.0510  0.0485
  0.0575  0.0509  0.0565  0.0563  0.0546  0.0510
niter,ni,del,rscale     3    3   12.0000    1.2000
parameters
   -0.0297    5.8011   19.7556   -7.6164   -2.1132   -2.3627
eta,q 0.95404 11.80959
  0.0610  0.0577  0.0539  0.0538  0.0525  0.0507
  0.0535  0.0516  0.0501  0.0500  0.0490  0.0482
  0.0478  0.0472  0.0477  0.0464  0.0467  0.0464
  0.0457  0.0458  0.0458  0.0461  0.0460  0.0460
  0.0484  0.0466  0.0465  0.0477  0.0475  0.0468
  0.0526  0.0494  0.0520  0.0498  0.0503  0.0486
  0.0578  0.0540  0.0559  0.0541  0.0535  0.0509
niter,ni,del,rscale     2    3   12.0000    1.2000
parameters
    0.0250    5.8424   19.6402   -7.5655   -2.1959   -2.3989
eta,q 0.95391 11.80139
  0.0605  0.0558  0.0546  0.0540  0.0532  0.0509
  0.0528  0.0502  0.0505  0.0504  0.0494  0.0484
  0.0474  0.0468  0.0479  0.0467  0.0470  0.0465
  0.0460  0.0460  0.0460  0.0461  0.0461  0.0461
  0.0490  0.0473  0.0462  0.0476  0.0473  0.0470
  0.0533  0.0502  0.0513  0.0496  0.0501  0.0486
  0.0588  0.0553  0.0558  0.0539  0.0532  0.0508
niter,ni,del,rscale     1    3   12.0000    1.2000
parameters
    0.0452    5.8184   19.6066   -7.5308   -2.2227   -2.4147
eta,q 0.95386 11.79865
  0.0604  0.0555  0.0549  0.0540  0.0533  0.0510
  0.0527  0.0500  0.0507  0.0504  0.0495  0.0484
  0.0474  0.0468  0.0479  0.0467  0.0471  0.0466
  0.0461  0.0461  0.0461  0.0461  0.0461  0.0461
  0.0491  0.0474  0.0461  0.0476  0.0473  0.0470
  0.0535  0.0503  0.0509  0.0496  0.0500  0.0486
  0.0590  0.0554  0.0557  0.0540  0.0531  0.0508
registration optimization eta report
parameter search radius
    6.0000    6.0000    6.0000    6.9000    6.0000    6.0000
100000*second partial in parameter space
       37.       26.       26.       16.       19.       13.
  0.0604  0.0555  0.0549  0.0540  0.0533  0.0510
  0.0527  0.0500  0.0507  0.0504  0.0495  0.0484
  0.0474  0.0468  0.0479  0.0467  0.0471  0.0466
  0.0461  0.0461  0.0461  0.0461  0.0461  0.0461
  0.0491  0.0474  0.0461  0.0476  0.0473  0.0470
  0.0535  0.0503  0.0509  0.0496  0.0500  0.0486
  0.0590  0.0554  0.0557  0.0540  0.0531  0.0508
    0.0452    5.8184   19.6066   -7.5308   -2.2227   -2.4147
eta,q 0.95386 11.79865

---------------------------------------------------------------------
imgreg_4dfp /opt/freesurfer/average/711-2C_as_mni_average_305 /opt/freesurfer/average/711-2B_as_mni_average_305_mask talsrcimg_g11 none talsrcimg_to_711-2C_as_mni_average_305_t4 3335
---------------------------------------------------------------------

freesurfer imgreg_4dfp.c
/opt/freesurfer/average/711-2C_as_mni_average_305.4dfp.img
       256       256       256         1
  1.000000  1.000000  1.000000
orientation T byte_order littleendian
Reading image: /opt/freesurfer/average/711-2C_as_mni_average_305.4dfp.img
dimensions:      256       256       256
mmppix:       1.0000   -1.0000   -1.0000
center:     128.0000 -129.0000 -129.0000
/opt/freesurfer/average/711-2B_as_mni_average_305_mask.4dfp.img
       256       256       256         1
  1.000000  1.000000  1.000000
orientation T byte_order littleendian
Reading mask: /opt/freesurfer/average/711-2B_as_mni_average_305_mask.4dfp.img (2306576 pixels)
talsrcimg_g11.4dfp.img
       256       256       256         1
  1.000000  1.000000  1.000000
orientation T byte_order littleendian
Reading image: talsrcimg_g11.4dfp.img
dimensions:      256       256       256
mmppix:       1.0000   -1.0000   -1.0000
center:     128.0000 -129.0000 -129.0000
fimgreg.f
image alignment mode   3335 decimal      D07 hex
parameters
    0.0452    5.8184   19.6066   -0.1640   -0.9292   -0.9371
    3.6690    4.3937   -4.2100   12.9322   -3.8784  -13.0960
eta,q 0.95533 11.81668
niter,ni,del,rscale     5    3    5.0000    1.2000
parameter  4  1.121051 ->  0.500000 qaram    1.1500
parameter  5  5.369893 ->  0.500000 qaram    1.1500
parameter  6  0.673908 ->  0.500000 qaram    1.1500
parameters
    0.1978    5.7134   20.3541   -4.3040   -5.0692   -5.0771
    2.7376    3.5817   -1.4538   11.4440   -4.2751  -16.0771
eta,q 0.96772 11.62908
  0.0481  0.0460  0.0479  0.0405  0.0318  0.0342  0.0351  0.0373  0.0375  0.0352  0.0338  0.0328
  0.0462  0.0452  0.0464  0.0409  0.0347  0.0335  0.0340  0.0347  0.0356  0.0336  0.0330  0.0324
  0.0451  0.0448  0.0453  0.0421  0.0378  0.0333  0.0334  0.0333  0.0341  0.0326  0.0326  0.0323
  0.0447  0.0447  0.0447  0.0445  0.0411  0.0355  0.0333  0.0333  0.0332  0.0328  0.0326  0.0326
  0.0449  0.0448  0.0445  0.0478  0.0445  0.0402  0.0338  0.0343  0.0328  0.0340  0.0328  0.0331
  0.0458  0.0453  0.0448  0.0515  0.0481  0.0455  0.0348  0.0364  0.0330  0.0359  0.0332  0.0340
  0.0472  0.0462  0.0454  0.0554  0.0522  0.0499  0.0362  0.0394  0.0338  0.0384  0.0340  0.0351
niter,ni,del,rscale     7    3    5.0000    1.2000
parameter  3  0.568719 ->  0.500000 qaram    1.1500
parameter  5  1.980983 ->  0.500000 qaram    1.3225
parameters
    0.6733    4.7831   18.9741   -5.5874   -9.8302   -6.2049
    1.8203    3.8259   -1.2049   12.2264   -4.7192  -17.9768
eta,q 0.97348 11.46773
  0.0368  0.0327  0.0315  0.0340  0.0246  0.0305  0.0288  0.0319  0.0297  0.0318  0.0276  0.0275
  0.0346  0.0320  0.0311  0.0326  0.0257  0.0291  0.0276  0.0289  0.0282  0.0295  0.0269  0.0268
  0.0331  0.0318  0.0312  0.0316  0.0281  0.0278  0.0269  0.0272  0.0272  0.0278  0.0267  0.0265
  0.0323  0.0321  0.0318  0.0311  0.0312  0.0263  0.0269  0.0268  0.0268  0.0268  0.0267  0.0267
  0.0322  0.0330  0.0328  0.0318  0.0346  0.0264  0.0274  0.0274  0.0271  0.0268  0.0269  0.0272
  0.0328  0.0344  0.0341  0.0341  0.0383  0.0301  0.0285  0.0287  0.0279  0.0280  0.0272  0.0281
  0.0343  0.0364  0.0360  0.0372  0.0423  0.0365  0.0301  0.0310  0.0293  0.0303  0.0277  0.0291
niter,ni,del,rscale     7    3    5.0000    1.2000
parameter  5  0.583391 ->  0.500000 qaram    1.5209
parameters
    0.6444    4.7147   18.7284   -4.3097  -15.3054   -5.6153
    1.8221    4.0559   -0.9891   12.5678   -4.2160  -19.7289
eta,q 0.97601 11.32765
  0.0297  0.0296  0.0282  0.0305  0.0257  0.0293  0.0266  0.0297  0.0264  0.0281  0.0256  0.0249
  0.0279  0.0278  0.0271  0.0289  0.0247  0.0276  0.0253  0.0266  0.0252  0.0259  0.0246  0.0242
  0.0269  0.0268  0.0266  0.0276  0.0245  0.0262  0.0244  0.0246  0.0244  0.0247  0.0242  0.0240
  0.0265  0.0265  0.0265  0.0265  0.0261  0.0245  0.0241  0.0241  0.0242  0.0241  0.0241  0.0242
  0.0269  0.0270  0.0269  0.0260  0.0294  0.0232  0.0244  0.0248  0.0244  0.0244  0.0243  0.0246
  0.0280  0.0282  0.0277  0.0269  0.0332  0.0246  0.0253  0.0263  0.0250  0.0254  0.0246  0.0251
  0.0299  0.0299  0.0289  0.0291  0.0374  0.0299  0.0267  0.0288  0.0262  0.0275  0.0250  0.0258
niter,ni,del,rscale     7    3    5.0000    1.2000
parameters
    0.6139    5.2705   18.6062   -3.2475  -16.7094   -5.7999
    1.6676    3.9830   -1.1482   13.4501   -3.7480  -20.2483
eta,q 0.97619 11.30265
  0.0273  0.0282  0.0257  0.0278  0.0283  0.0284  0.0263  0.0290  0.0258  0.0281  0.0254  0.0250
  0.0255  0.0263  0.0245  0.0263  0.0261  0.0268  0.0249  0.0261  0.0247  0.0258  0.0244  0.0241
  0.0244  0.0248  0.0239  0.0249  0.0245  0.0254  0.0241  0.0242  0.0240  0.0243  0.0239  0.0238
  0.0240  0.0240  0.0238  0.0238  0.0235  0.0237  0.0238  0.0238  0.0238  0.0238  0.0238  0.0238
  0.0243  0.0238  0.0242  0.0234  0.0246  0.0230  0.0242  0.0246  0.0241  0.0240  0.0240  0.0242
  0.0255  0.0244  0.0249  0.0245  0.0280  0.0254  0.0250  0.0263  0.0248  0.0247  0.0244  0.0246
  0.0275  0.0256  0.0259  0.0267  0.0323  0.0311  0.0265  0.0290  0.0259  0.0263  0.0248  0.0251
niter,ni,del,rscale     6    3    5.0000    1.2000
parameters
    0.5827    5.5782   18.3183   -2.9148  -17.1252   -6.0747
    1.6792    3.9571   -1.2347   13.9726   -3.4249  -20.4168
eta,q 0.97608 11.28990
  0.0272  0.0271  0.0254  0.0274  0.0290  0.0284  0.0264  0.0291  0.0258  0.0276  0.0254  0.0252
  0.0254  0.0255  0.0242  0.0260  0.0267  0.0268  0.0250  0.0262  0.0247  0.0255  0.0245  0.0243
  0.0242  0.0243  0.0237  0.0247  0.0249  0.0254  0.0242  0.0243  0.0241  0.0242  0.0240  0.0239
  0.0238  0.0238  0.0238  0.0237  0.0236  0.0237  0.0239  0.0239  0.0239  0.0239  0.0239  0.0239
  0.0242  0.0239  0.0242  0.0237  0.0239  0.0231  0.0242  0.0246  0.0242  0.0242  0.0241  0.0242
  0.0254  0.0245  0.0249  0.0250  0.0267  0.0256  0.0250  0.0263  0.0248  0.0249  0.0245  0.0246
  0.0274  0.0258  0.0260  0.0275  0.0309  0.0313  0.0264  0.0291  0.0258  0.0265  0.0250  0.0251
niter,ni,del,rscale     5    3    5.0000    1.2000
parameters
    0.5651    5.7391   18.1077   -2.7126  -17.3022   -6.3040
    1.7073    3.9383   -1.2921   14.2555   -3.1932  -20.4796
eta,q 0.97595 11.28275
  0.0273  0.0268  0.0256  0.0275  0.0293  0.0285  0.0265  0.0292  0.0258  0.0274  0.0254  0.0254
  0.0255  0.0253  0.0244  0.0261  0.0270  0.0269  0.0252  0.0264  0.0248  0.0253  0.0246  0.0244
  0.0243  0.0243  0.0239  0.0249  0.0252  0.0255  0.0243  0.0245  0.0242  0.0243  0.0241  0.0240
  0.0239  0.0239  0.0239  0.0239  0.0238  0.0239  0.0240  0.0240  0.0240  0.0240  0.0240  0.0241
  0.0243  0.0241  0.0243  0.0240  0.0239  0.0232  0.0243  0.0247  0.0243  0.0243  0.0242  0.0243
  0.0255  0.0248  0.0250  0.0253  0.0265  0.0256  0.0251  0.0264  0.0249  0.0251  0.0246  0.0247
  0.0275  0.0261  0.0260  0.0278  0.0306  0.0312  0.0265  0.0292  0.0259  0.0267  0.0251  0.0252
niter,ni,del,rscale     4    3    5.0000    1.2000
parameters
    0.5551    5.8315   17.9642   -2.5919  -17.4071   -6.4726
    1.7263    3.9229   -1.3474   14.4230   -3.0662  -20.5098
eta,q 0.97586 11.27679
  0.0274  0.0267  0.0257  0.0276  0.0294  0.0285  0.0266  0.0293  0.0259  0.0273  0.0255  0.0255
  0.0256  0.0253  0.0246  0.0262  0.0271  0.0270  0.0252  0.0265  0.0249  0.0253  0.0246  0.0245
  0.0245  0.0244  0.0241  0.0250  0.0253  0.0256  0.0244  0.0246  0.0243  0.0243  0.0242  0.0241
  0.0240  0.0241  0.0240  0.0240  0.0240  0.0240  0.0241  0.0241  0.0241  0.0241  0.0241  0.0241
  0.0244  0.0243  0.0244  0.0241  0.0240  0.0232  0.0244  0.0248  0.0243  0.0244  0.0243  0.0244
  0.0256  0.0250  0.0250  0.0255  0.0265  0.0255  0.0252  0.0265  0.0249  0.0252  0.0247  0.0248
  0.0276  0.0263  0.0259  0.0280  0.0306  0.0311  0.0266  0.0292  0.0259  0.0269  0.0252  0.0252
niter,ni,del,rscale     3    3    5.0000    1.2000
parameters
    0.5481    5.8955   17.8644   -2.5164  -17.4853   -6.5863
    1.7361    3.9159   -1.3715   14.5405   -2.9751  -20.5355
eta,q 0.97579 11.27207
  0.0275  0.0267  0.0259  0.0276  0.0294  0.0286  0.0266  0.0293  0.0260  0.0273  0.0255  0.0255
  0.0257  0.0253  0.0247  0.0263  0.0272  0.0271  0.0253  0.0265  0.0250  0.0253  0.0247  0.0246
  0.0246  0.0245  0.0242  0.0251  0.0254  0.0257  0.0245  0.0247  0.0244  0.0244  0.0243  0.0242
  0.0241  0.0241  0.0241  0.0241  0.0241  0.0241  0.0242  0.0242  0.0242  0.0242  0.0242  0.0242
  0.0245  0.0244  0.0245  0.0243  0.0241  0.0233  0.0245  0.0249  0.0244  0.0245  0.0244  0.0245
  0.0257  0.0251  0.0251  0.0256  0.0266  0.0255  0.0253  0.0266  0.0250  0.0253  0.0248  0.0248
  0.0276  0.0264  0.0259  0.0282  0.0306  0.0310  0.0266  0.0293  0.0260  0.0269  0.0253  0.0253
niter,ni,del,rscale     2    3    5.0000    1.2000
parameters
    0.5442    5.9415   17.7915   -2.4630  -17.5448   -6.6713
    1.7357    3.9133   -1.3882   14.6292   -2.9180  -20.5482
eta,q 0.97574 11.26850
  0.0276  0.0267  0.0260  0.0277  0.0295  0.0286  0.0267  0.0294  0.0260  0.0272  0.0255  0.0256
  0.0258  0.0253  0.0248  0.0264  0.0273  0.0271  0.0253  0.0266  0.0250  0.0253  0.0247  0.0246
  0.0246  0.0245  0.0242  0.0252  0.0255  0.0258  0.0245  0.0247  0.0244  0.0244  0.0243  0.0243
  0.0242  0.0242  0.0242  0.0242  0.0242  0.0242  0.0243  0.0243  0.0243  0.0243  0.0243  0.0243
  0.0246  0.0244  0.0245  0.0243  0.0241  0.0233  0.0245  0.0249  0.0245  0.0246  0.0245  0.0245
  0.0257  0.0252  0.0251  0.0257  0.0266  0.0254  0.0253  0.0266  0.0250  0.0254  0.0248  0.0249
  0.0277  0.0265  0.0259  0.0283  0.0306  0.0309  0.0267  0.0293  0.0260  0.0270  0.0254  0.0253
niter,ni,del,rscale     1    3    5.0000    1.2000
parameters
    0.5436    5.9767   17.7373   -2.4279  -17.5887   -6.7363
    1.7359    3.9102   -1.4064   14.6908   -2.8745  -20.5479
eta,q 0.97569 11.26544
  0.0276  0.0267  0.0260  0.0277  0.0295  0.0286  0.0267  0.0294  0.0261  0.0272  0.0256  0.0256
  0.0258  0.0254  0.0248  0.0264  0.0273  0.0272  0.0254  0.0266  0.0251  0.0254  0.0248  0.0247
  0.0247  0.0246  0.0243  0.0252  0.0256  0.0258  0.0246  0.0248  0.0245  0.0244  0.0244  0.0243
  0.0243  0.0243  0.0243  0.0243  0.0243  0.0243  0.0243  0.0243  0.0243  0.0243  0.0243  0.0243
  0.0246  0.0245  0.0246  0.0244  0.0242  0.0234  0.0246  0.0249  0.0245  0.0246  0.0245  0.0246
  0.0258  0.0253  0.0251  0.0257  0.0266  0.0254  0.0254  0.0266  0.0251  0.0254  0.0249  0.0249
  0.0277  0.0265  0.0260  0.0283  0.0306  0.0309  0.0267  0.0294  0.0261  0.0270  0.0254  0.0253
registration optimization eta report
parameter search radius
    2.4000    2.4000    2.7600    8.2800   10.9503    8.2800
    7.2000    7.2000    7.2000    7.2000    7.2000    7.2000
100000*second partial in parameter space
       59.       41.       23.        5.        5.        8.
        5.       10.        3.        6.        2.        2.
  0.0276  0.0267  0.0260  0.0277  0.0295  0.0286  0.0267  0.0294  0.0261  0.0272  0.0256  0.0256
  0.0258  0.0254  0.0248  0.0264  0.0273  0.0272  0.0254  0.0266  0.0251  0.0254  0.0248  0.0247
  0.0247  0.0246  0.0243  0.0252  0.0256  0.0258  0.0246  0.0248  0.0245  0.0244  0.0244  0.0243
  0.0243  0.0243  0.0243  0.0243  0.0243  0.0243  0.0243  0.0243  0.0243  0.0243  0.0243  0.0243
  0.0246  0.0245  0.0246  0.0244  0.0242  0.0234  0.0246  0.0249  0.0245  0.0246  0.0245  0.0246
  0.0258  0.0253  0.0251  0.0257  0.0266  0.0254  0.0254  0.0266  0.0251  0.0254  0.0249  0.0249
  0.0277  0.0265  0.0260  0.0283  0.0306  0.0309  0.0267  0.0294  0.0261  0.0270  0.0254  0.0253
    0.5436    5.9767   17.7373   -2.4279  -17.5887   -6.7363
    1.7359    3.9102   -1.4064   14.6908   -2.8745  -20.5479
eta,q 0.97569 11.26544

---------------------------------------------------------------------
imgreg_4dfp /opt/freesurfer/average/711-2C_as_mni_average_305 /opt/freesurfer/average/711-2B_as_mni_average_305_mask talsrcimg_g11 none talsrcimg_to_711-2C_as_mni_average_305_t4 2311
---------------------------------------------------------------------

freesurfer imgreg_4dfp.c
/opt/freesurfer/average/711-2C_as_mni_average_305.4dfp.img
       256       256       256         1
  1.000000  1.000000  1.000000
orientation T byte_order littleendian
Reading image: /opt/freesurfer/average/711-2C_as_mni_average_305.4dfp.img
dimensions:      256       256       256
mmppix:       1.0000   -1.0000   -1.0000
center:     128.0000 -129.0000 -129.0000
/opt/freesurfer/average/711-2B_as_mni_average_305_mask.4dfp.img
       256       256       256         1
  1.000000  1.000000  1.000000
orientation T byte_order littleendian
Reading mask: /opt/freesurfer/average/711-2B_as_mni_average_305_mask.4dfp.img (2306576 pixels)
talsrcimg_g11.4dfp.img
       256       256       256         1
  1.000000  1.000000  1.000000
orientation T byte_order littleendian
Reading image: talsrcimg_g11.4dfp.img
dimensions:      256       256       256
mmppix:       1.0000   -1.0000   -1.0000
center:     128.0000 -129.0000 -129.0000
fimgreg.f
image alignment mode   2311 decimal      907 hex
parameters
    0.5436    5.9767   17.7373   -2.4279  -17.5887   -6.7363
    1.7359    3.9102   -1.4064   14.6908   -2.8745  -20.5479
eta,q 0.97569 11.26543
niter,ni,del,rscale     5    3    5.0000    0.8000
parameters
    0.5611    6.0036   17.4797   -1.6332  -16.1168   -5.7621
    1.6571    4.1872   -1.1961   15.0162   -2.4881  -20.0262
eta,q 0.97651 11.37604
  0.0259  0.0254  0.0247  0.0261  0.0260  0.0265  0.0249  0.0271  0.0247  0.0257  0.0247  0.0247
  0.0250  0.0248  0.0244  0.0254  0.0253  0.0257  0.0241  0.0253  0.0240  0.0246  0.0240  0.0240
  0.0245  0.0244  0.0243  0.0248  0.0247  0.0248  0.0237  0.0240  0.0236  0.0238  0.0236  0.0236
  0.0243  0.0243  0.0243  0.0243  0.0242  0.0239  0.0235  0.0235  0.0235  0.0235  0.0235  0.0235
  0.0245  0.0244  0.0245  0.0242  0.0239  0.0234  0.0237  0.0238  0.0236  0.0236  0.0236  0.0236
  0.0250  0.0247  0.0247  0.0246  0.0241  0.0239  0.0242  0.0248  0.0239  0.0242  0.0239  0.0238
  0.0258  0.0253  0.0250  0.0254  0.0248  0.0255  0.0249  0.0264  0.0245  0.0252  0.0243  0.0242
niter,ni,del,rscale     4    3    5.0000    0.7000
parameters
    0.4773    5.8595   17.9269   -1.8684  -15.8771   -4.8782
    1.7364    4.0075   -1.3224   14.5963   -2.4428  -19.7933
eta,q 0.97699 11.39679
  0.0247  0.0243  0.0247  0.0247  0.0247  0.0261  0.0241  0.0256  0.0238  0.0244  0.0239  0.0239
  0.0240  0.0238  0.0241  0.0241  0.0242  0.0253  0.0235  0.0242  0.0234  0.0236  0.0234  0.0234
  0.0236  0.0235  0.0237  0.0236  0.0237  0.0243  0.0232  0.0233  0.0231  0.0231  0.0231  0.0231
  0.0235  0.0235  0.0235  0.0234  0.0234  0.0234  0.0230  0.0230  0.0230  0.0230  0.0230  0.0230
  0.0237  0.0237  0.0234  0.0236  0.0234  0.0230  0.0231  0.0235  0.0231  0.0233  0.0231  0.0231
  0.0242  0.0241  0.0235  0.0242  0.0238  0.0235  0.0235  0.0245  0.0234  0.0240  0.0234  0.0233
  0.0250  0.0247  0.0237  0.0251  0.0247  0.0249  0.0241  0.0261  0.0239  0.0251  0.0238  0.0237
niter,ni,del,rscale     3    3    5.0000    0.6000
parameters
    0.4296    5.6866   18.3574   -2.1437  -15.6307   -4.2727
    1.8459    3.9007   -1.3693   14.2595   -2.4779  -19.6821
eta,q 0.97730 11.41275
  0.0240  0.0236  0.0241  0.0239  0.0240  0.0253  0.0235  0.0247  0.0233  0.0238  0.0234  0.0234
  0.0234  0.0232  0.0236  0.0234  0.0236  0.0245  0.0231  0.0236  0.0230  0.0232  0.0230  0.0230
  0.0231  0.0230  0.0232  0.0230  0.0232  0.0236  0.0228  0.0229  0.0228  0.0228  0.0228  0.0228
  0.0230  0.0230  0.0230  0.0229  0.0229  0.0229  0.0227  0.0227  0.0227  0.0227  0.0227  0.0227
  0.0232  0.0232  0.0229  0.0231  0.0229  0.0227  0.0228  0.0230  0.0228  0.0229  0.0228  0.0228
  0.0235  0.0235  0.0230  0.0236  0.0232  0.0232  0.0230  0.0238  0.0230  0.0235  0.0230  0.0230
  0.0242  0.0241  0.0232  0.0243  0.0239  0.0245  0.0234  0.0250  0.0234  0.0243  0.0234  0.0232
niter,ni,del,rscale     2    3    5.0000    0.5000
parameters
    0.4217    5.5421   18.6533   -2.4059  -15.4585   -3.8354
    1.8906    3.8788   -1.3563   14.0360   -2.5378  -19.6060
eta,q 0.97746 11.42110
  0.0235  0.0231  0.0234  0.0234  0.0235  0.0246  0.0231  0.0240  0.0230  0.0234  0.0230  0.0230
  0.0230  0.0228  0.0231  0.0230  0.0231  0.0239  0.0228  0.0232  0.0227  0.0229  0.0227  0.0227
  0.0228  0.0227  0.0228  0.0227  0.0228  0.0232  0.0226  0.0227  0.0226  0.0226  0.0226  0.0226
  0.0227  0.0227  0.0227  0.0227  0.0227  0.0226  0.0225  0.0225  0.0225  0.0225  0.0225  0.0225
  0.0228  0.0228  0.0227  0.0228  0.0227  0.0226  0.0226  0.0227  0.0226  0.0227  0.0226  0.0226
  0.0230  0.0231  0.0227  0.0232  0.0229  0.0230  0.0228  0.0232  0.0228  0.0231  0.0228  0.0227
  0.0235  0.0235  0.0229  0.0237  0.0234  0.0239  0.0231  0.0241  0.0230  0.0237  0.0230  0.0229
niter,ni,del,rscale     1    3    5.0000    0.4000
parameters
    0.4324    5.4449   18.8458   -2.5906  -15.3640   -3.5390
    1.8999    3.8930   -1.3360   13.8823   -2.6069  -19.5730
eta,q 0.97753 11.42430
  0.0230  0.0228  0.0230  0.0230  0.0231  0.0239  0.0228  0.0235  0.0228  0.0230  0.0228  0.0228
  0.0228  0.0227  0.0228  0.0227  0.0228  0.0233  0.0226  0.0229  0.0226  0.0227  0.0226  0.0226
  0.0226  0.0226  0.0226  0.0226  0.0226  0.0228  0.0225  0.0226  0.0225  0.0225  0.0225  0.0225
  0.0225  0.0225  0.0225  0.0225  0.0225  0.0225  0.0225  0.0225  0.0225  0.0225  0.0225  0.0225
  0.0226  0.0226  0.0225  0.0226  0.0225  0.0225  0.0225  0.0226  0.0225  0.0226  0.0225  0.0225
  0.0227  0.0228  0.0226  0.0229  0.0227  0.0228  0.0226  0.0229  0.0226  0.0228  0.0226  0.0226
  0.0230  0.0230  0.0227  0.0232  0.0230  0.0235  0.0228  0.0234  0.0228  0.0232  0.0228  0.0227
registration optimization eta report
parameter search radius
    0.8000    0.8000    0.8000    2.4000    2.4000    2.4000
    2.4000    2.4000    2.4000    2.4000    2.4000    2.4000
100000*second partial in parameter space
       77.       61.       50.       11.        9.       21.
        6.       17.        5.       12.        5.        5.
  0.0230  0.0228  0.0230  0.0230  0.0231  0.0239  0.0228  0.0235  0.0228  0.0230  0.0228  0.0228
  0.0228  0.0227  0.0228  0.0227  0.0228  0.0233  0.0226  0.0229  0.0226  0.0227  0.0226  0.0226
  0.0226  0.0226  0.0226  0.0226  0.0226  0.0228  0.0225  0.0226  0.0225  0.0225  0.0225  0.0225
  0.0225  0.0225  0.0225  0.0225  0.0225  0.0225  0.0225  0.0225  0.0225  0.0225  0.0225  0.0225
  0.0226  0.0226  0.0225  0.0226  0.0225  0.0225  0.0225  0.0226  0.0225  0.0226  0.0225  0.0225
  0.0227  0.0228  0.0226  0.0229  0.0227  0.0228  0.0226  0.0229  0.0226  0.0228  0.0226  0.0226
  0.0230  0.0230  0.0227  0.0232  0.0230  0.0235  0.0228  0.0234  0.0228  0.0232  0.0228  0.0227
    0.4324    5.4449   18.8458   -2.5906  -15.3640   -3.5390
    1.8999    3.8930   -1.3360   13.8823   -2.6069  -19.5730
eta,q 0.97753 11.42430

---------------------------------------------------------------------
imgreg_4dfp /opt/freesurfer/average/711-2C_as_mni_average_305 /opt/freesurfer/average/711-2B_as_mni_average_305_mask talsrcimg_g11 none talsrcimg_to_711-2C_as_mni_average_305_t4 2311
---------------------------------------------------------------------

freesurfer imgreg_4dfp.c
/opt/freesurfer/average/711-2C_as_mni_average_305.4dfp.img
       256       256       256         1
  1.000000  1.000000  1.000000
orientation T byte_order littleendian
Reading image: /opt/freesurfer/average/711-2C_as_mni_average_305.4dfp.img
dimensions:      256       256       256
mmppix:       1.0000   -1.0000   -1.0000
center:     128.0000 -129.0000 -129.0000
/opt/freesurfer/average/711-2B_as_mni_average_305_mask.4dfp.img
       256       256       256         1
  1.000000  1.000000  1.000000
orientation T byte_order littleendian
Reading mask: /opt/freesurfer/average/711-2B_as_mni_average_305_mask.4dfp.img (2306576 pixels)
talsrcimg_g11.4dfp.img
       256       256       256         1
  1.000000  1.000000  1.000000
orientation T byte_order littleendian
Reading image: talsrcimg_g11.4dfp.img
dimensions:      256       256       256
mmppix:       1.0000   -1.0000   -1.0000
center:     128.0000 -129.0000 -129.0000
fimgreg.f
image alignment mode   2311 decimal      907 hex
parameters
    0.4324    5.4449   18.8458   -2.5906  -15.3640   -3.5390
    1.8999    3.8930   -1.3360   13.8823   -2.6069  -19.5730
eta,q 0.97753 11.42430
niter,ni,del,rscale     5    3    5.0000    0.8000
parameters
    0.4256    5.3681   18.9542   -3.0689  -15.7755   -3.9589
    1.9490    3.7892   -1.3962   13.6732   -2.8211  -19.5754
eta,q 0.97737 11.39373
  0.0244  0.0239  0.0239  0.0240  0.0240  0.0256  0.0240  0.0257  0.0237  0.0246  0.0235  0.0236
  0.0233  0.0231  0.0232  0.0233  0.0233  0.0245  0.0232  0.0240  0.0231  0.0235  0.0230  0.0230
  0.0227  0.0226  0.0227  0.0227  0.0228  0.0233  0.0228  0.0229  0.0227  0.0228  0.0227  0.0227
  0.0225  0.0225  0.0225  0.0225  0.0225  0.0225  0.0226  0.0226  0.0226  0.0226  0.0226  0.0226
  0.0227  0.0227  0.0225  0.0228  0.0227  0.0228  0.0228  0.0231  0.0228  0.0229  0.0228  0.0228
  0.0233  0.0233  0.0229  0.0237  0.0235  0.0246  0.0232  0.0242  0.0231  0.0237  0.0231  0.0231
  0.0244  0.0242  0.0236  0.0250  0.0249  0.0280  0.0239  0.0259  0.0237  0.0250  0.0236  0.0235
niter,ni,del,rscale     4    3    5.0000    0.7000
parameters
    0.4685    5.3917   18.8144   -2.8120  -15.6430   -3.9705
    1.9116    3.9005   -1.2981   13.7549   -2.8027  -19.5929
eta,q 0.97742 11.40445
  0.0241  0.0238  0.0233  0.0242  0.0240  0.0253  0.0236  0.0253  0.0235  0.0244  0.0234  0.0233
  0.0233  0.0232  0.0229  0.0235  0.0234  0.0243  0.0230  0.0239  0.0230  0.0234  0.0229  0.0229
  0.0228  0.0228  0.0227  0.0230  0.0229  0.0233  0.0227  0.0229  0.0227  0.0228  0.0227  0.0226
  0.0226  0.0226  0.0226  0.0226  0.0226  0.0226  0.0226  0.0226  0.0226  0.0226  0.0226  0.0226
  0.0228  0.0227  0.0228  0.0226  0.0226  0.0226  0.0227  0.0228  0.0227  0.0227  0.0227  0.0227
  0.0232  0.0231  0.0231  0.0231  0.0231  0.0237  0.0231  0.0237  0.0229  0.0233  0.0229  0.0229
  0.0239  0.0237  0.0237  0.0240  0.0240  0.0260  0.0236  0.0250  0.0234  0.0243  0.0234  0.0233
niter,ni,del,rscale     3    3    5.0000    0.6000
parameters
    0.4647    5.4040   18.8066   -2.6946  -15.5274   -3.8108
    1.8748    3.9342   -1.2787   13.7950   -2.7612  -19.5766
eta,q 0.97748 11.41321
  0.0236  0.0234  0.0232  0.0238  0.0236  0.0249  0.0233  0.0246  0.0232  0.0239  0.0232  0.0231
  0.0230  0.0230  0.0229  0.0233  0.0232  0.0240  0.0229  0.0235  0.0228  0.0232  0.0228  0.0228
  0.0227  0.0227  0.0226  0.0228  0.0228  0.0232  0.0226  0.0228  0.0226  0.0227  0.0226  0.0226
  0.0226  0.0226  0.0226  0.0226  0.0226  0.0226  0.0225  0.0225  0.0225  0.0225  0.0225  0.0225
  0.0227  0.0227  0.0227  0.0226  0.0226  0.0226  0.0226  0.0227  0.0226  0.0226  0.0226  0.0226
  0.0230  0.0229  0.0229  0.0230  0.0229  0.0233  0.0229  0.0234  0.0228  0.0231  0.0228  0.0228
  0.0236  0.0234  0.0232  0.0237  0.0236  0.0249  0.0233  0.0245  0.0232  0.0239  0.0231  0.0231
niter,ni,del,rscale     2    3    5.0000    0.5000
parameters
    0.4558    5.3946   18.8633   -2.6872  -15.4339   -3.6132
    1.8663    3.9437   -1.2763   13.7876   -2.7294  -19.5545
eta,q 0.97752 11.41891
  0.0233  0.0231  0.0231  0.0234  0.0233  0.0244  0.0230  0.0239  0.0229  0.0234  0.0229  0.0229
  0.0228  0.0228  0.0228  0.0230  0.0229  0.0236  0.0227  0.0231  0.0227  0.0229  0.0227  0.0227
  0.0226  0.0226  0.0226  0.0227  0.0227  0.0229  0.0225  0.0226  0.0225  0.0226  0.0225  0.0225
  0.0225  0.0225  0.0225  0.0225  0.0225  0.0225  0.0225  0.0225  0.0225  0.0225  0.0225  0.0225
  0.0226  0.0226  0.0225  0.0226  0.0225  0.0225  0.0225  0.0226  0.0225  0.0226  0.0225  0.0225
  0.0229  0.0228  0.0227  0.0229  0.0228  0.0231  0.0227  0.0231  0.0227  0.0229  0.0227  0.0227
  0.0233  0.0231  0.0229  0.0234  0.0233  0.0242  0.0230  0.0239  0.0229  0.0235  0.0229  0.0229
niter,ni,del,rscale     1    3    5.0000    0.4000
parameters
    0.4555    5.3709   18.9362   -2.7242  -15.3595   -3.4378
    1.8655    3.9423   -1.2695   13.7644   -2.6990  -19.5569
eta,q 0.97755 11.42257
  0.0230  0.0228  0.0229  0.0230  0.0230  0.0238  0.0228  0.0234  0.0228  0.0231  0.0228  0.0227
  0.0227  0.0226  0.0227  0.0228  0.0228  0.0232  0.0226  0.0229  0.0226  0.0227  0.0226  0.0226
  0.0225  0.0225  0.0225  0.0226  0.0226  0.0228  0.0225  0.0226  0.0225  0.0225  0.0225  0.0225
  0.0225  0.0225  0.0225  0.0225  0.0225  0.0225  0.0225  0.0225  0.0224  0.0225  0.0224  0.0225
  0.0225  0.0225  0.0225  0.0225  0.0225  0.0225  0.0225  0.0226  0.0225  0.0225  0.0225  0.0225
  0.0227  0.0227  0.0226  0.0227  0.0227  0.0229  0.0226  0.0229  0.0226  0.0227  0.0226  0.0226
  0.0230  0.0229  0.0227  0.0231  0.0230  0.0236  0.0228  0.0234  0.0228  0.0231  0.0227  0.0227
registration optimization eta report
parameter search radius
    0.8000    0.8000    0.8000    2.4000    2.4000    2.4000
    2.4000    2.4000    2.4000    2.4000    2.4000    2.4000
100000*second partial in parameter space
       77.       61.       51.       10.        9.       21.
        6.       17.        5.       11.        5.        5.
  0.0230  0.0228  0.0229  0.0230  0.0230  0.0238  0.0228  0.0234  0.0228  0.0231  0.0228  0.0227
  0.0227  0.0226  0.0227  0.0228  0.0228  0.0232  0.0226  0.0229  0.0226  0.0227  0.0226  0.0226
  0.0225  0.0225  0.0225  0.0226  0.0226  0.0228  0.0225  0.0226  0.0225  0.0225  0.0225  0.0225
  0.0225  0.0225  0.0225  0.0225  0.0225  0.0225  0.0225  0.0225  0.0224  0.0225  0.0224  0.0225
  0.0225  0.0225  0.0225  0.0225  0.0225  0.0225  0.0225  0.0226  0.0225  0.0225  0.0225  0.0225
  0.0227  0.0227  0.0226  0.0227  0.0227  0.0229  0.0226  0.0229  0.0226  0.0227  0.0226  0.0226
  0.0230  0.0229  0.0227  0.0231  0.0230  0.0236  0.0228  0.0234  0.0228  0.0231  0.0227  0.0227
    0.4555    5.3709   18.9362   -2.7242  -15.3595   -3.4378
    1.8655    3.9423   -1.2695   13.7644   -2.6990  -19.5569
eta,q 0.97755 11.42257

---------------------------------------------------------------------
compute_vox2vox talsrcimg talsrcimg_to_711-2C_as_mni_average_305_t4 /opt/freesurfer/average/711-2C_as_mni_average_305
---------------------------------------------------------------------

freesurfer compute_vox2vox.c
Reading: talsrcimg.4dfp.ifh
Reading: talsrcimg_to_711-2C_as_mni_average_305_t4
Reading: /opt/freesurfer/average/711-2C_as_mni_average_305.4dfp.ifh
Writing: talsrcimg_to_711-2C_as_mni_average_305_t4_vox2vox.txt

start time Wed Mar 11 02:10:12 CET 2026
end		time Wed Mar 11 02:11:38 CET 2026

mpr2mni305 success

avi2talxfm orig_nu.mgz /opt/freesurfer/average/mni305.cor.mgz talsrcimg_to_711-2C_as_mni_average_305_t4_vox2vox.txt transforms/talairach.auto.xfm
avi2talxfm done
mv -f /out/sourcedata/freesurfer/sub-v2s12x28891_ses-1/mri/talsrcimg_to_711-2C_as_mni_average_305_t4_vox2vox.txt /out/sourcedata/freesurfer/sub-v2s12x28891_ses-1/mri/transforms/talsrcimg_to_711-2C_as_mni_average_305_t4_vox2vox.txt
lta_convert --src orig_nu.mgz --trg /opt/freesurfer/average/mni305.cor.mgz --inxfm transforms/talairach.auto.xfm --outlta transforms/talairach.auto.xfm.lta --subject fsaverage
7.3.2

--src: orig_nu.mgz src image (geometry).
--trg: /opt/freesurfer/average/mni305.cor.mgz trg image (geometry).
--inmni: transforms/talairach.auto.xfm input MNI/XFM transform.
--outlta: transforms/talairach.auto.xfm.lta output LTA.
--s: fsaverage subject name
 LTA read, type : 1
 1.02656  -0.03745  -0.03128  -1.30081;
 0.03080   1.00146   0.23072  -22.72893;
 0.01039  -0.16342   1.14348  -12.83728;
 0.00000   0.00000   0.00000   1.00000;
setting subject to fsaverage
Writing  LTA to file transforms/talairach.auto.xfm.lta...
lta_convert successful.
 
 
Started at Wed Mar 11 02:10:12 CET 2026
Ended   at Wed Mar 11 02:11:38 CET 2026
talairach_avi done
