status file for recon-all
Tue Mar 10 23:58:19 CET 2026
#@# Tessellate lh Tue Mar 10 23:58:19 CET 2026
#@# Smooth1 lh Tue Mar 10 23:58:22 CET 2026
#@# Inflation1 lh Tue Mar 10 23:58:24 CET 2026
#@# QSphere lh Tue Mar 10 23:58:43 CET 2026
#@# Fix Topology lh Tue Mar 10 23:59:55 CET 2026
#@# Smooth2 lh Wed Mar 11 00:04:28 CET 2026
#@# Inflation2 lh Wed Mar 11 00:04:31 CET 2026
#@# Curv .H and .K lh Wed Mar 11 00:04:45 CET 2026
#@# Sphere lh Wed Mar 11 00:05:24 CET 2026
#@# Surf Reg lh Wed Mar 11 00:08:25 CET 2026
#@# Jacobian white lh Wed Mar 11 00:15:23 CET 2026
#@# AvgCurv lh Wed Mar 11 00:15:24 CET 2026
#@# Cortical Parc lh Wed Mar 11 00:15:24 CET 2026
#@# white curv lh Wed Mar 11 00:20:55 CET 2026
#@# white area lh Wed Mar 11 00:20:57 CET 2026
#@# pial curv lh Wed Mar 11 00:20:57 CET 2026
#@# pial area lh Wed Mar 11 00:20:59 CET 2026
#@# thickness lh Wed Mar 11 00:21:00 CET 2026
#@# area and vertex vol lh Wed Mar 11 00:21:18 CET 2026
#@# Curvature Stats lh Wed Mar 11 00:21:19 CET 2026
#@# Cortical Parc 2 lh Wed Mar 11 00:21:21 CET 2026
#@# Cortical Parc 3 lh Wed Mar 11 00:21:31 CET 2026
#@# WM/GM Contrast lh Wed Mar 11 00:21:38 CET 2026
recon-all -s sub-v2s12x28868_ses-1 finished without error at Wed Mar 11 00:21:40 CET 2026



#New# invocation of recon-all 



status file for recon-all
Wed Mar 11 00:49:02 CET 2026
#@# white curv lh Wed Mar 11 00:49:02 CET 2026
#@# white area lh Wed Mar 11 00:49:02 CET 2026
#@# pial curv lh Wed Mar 11 00:49:02 CET 2026
#@# pial area lh Wed Mar 11 00:49:02 CET 2026
#@# thickness lh Wed Mar 11 00:49:02 CET 2026
#@# area and vertex vol lh Wed Mar 11 00:49:02 CET 2026
#@# Parcellation Stats lh Wed Mar 11 00:49:02 CET 2026
#@# Parcellation Stats 2 lh Wed Mar 11 00:49:18 CET 2026
#@# Parcellation Stats 3 lh Wed Mar 11 00:49:26 CET 2026
#@# BA_exvivo Labels lh Wed Mar 11 00:49:34 CET 2026
recon-all -s sub-v2s12x28868_ses-1 finished without error at Wed Mar 11 00:51:48 CET 2026
