status file for recon-all
Wed Mar 11 00:21:43 CET 2026
#@# Tessellate rh Wed Mar 11 00:21:43 CET 2026
#@# Smooth1 rh Wed Mar 11 00:21:46 CET 2026
#@# Inflation1 rh Wed Mar 11 00:21:49 CET 2026
#@# QSphere rh Wed Mar 11 00:22:02 CET 2026
#@# Fix Topology rh Wed Mar 11 00:23:16 CET 2026
#@# Smooth2 rh Wed Mar 11 00:31:39 CET 2026
#@# Inflation2 rh Wed Mar 11 00:31:41 CET 2026
#@# Curv .H and .K rh Wed Mar 11 00:31:56 CET 2026
#@# Sphere rh Wed Mar 11 00:32:33 CET 2026
#@# Surf Reg rh Wed Mar 11 00:34:53 CET 2026
#@# Jacobian white rh Wed Mar 11 00:38:27 CET 2026
#@# AvgCurv rh Wed Mar 11 00:38:28 CET 2026
#@# Cortical Parc rh Wed Mar 11 00:38:29 CET 2026
#@# white curv rh Wed Mar 11 00:44:26 CET 2026
#@# white area rh Wed Mar 11 00:44:27 CET 2026
#@# pial curv rh Wed Mar 11 00:44:28 CET 2026
#@# pial area rh Wed Mar 11 00:44:29 CET 2026
#@# thickness rh Wed Mar 11 00:44:30 CET 2026
#@# area and vertex vol rh Wed Mar 11 00:44:50 CET 2026
#@# Curvature Stats rh Wed Mar 11 00:44:51 CET 2026
#@# Cortical Parc 2 rh Wed Mar 11 00:44:53 CET 2026
#@# Cortical Parc 3 rh Wed Mar 11 00:45:06 CET 2026
#@# WM/GM Contrast rh Wed Mar 11 00:45:14 CET 2026
recon-all -s sub-v2s12x28868_ses-1 finished without error at Wed Mar 11 00:45:17 CET 2026



#New# invocation of recon-all 



status file for recon-all
Wed Mar 11 00:51:50 CET 2026
#@# white curv rh Wed Mar 11 00:51:50 CET 2026
#@# white area rh Wed Mar 11 00:51:50 CET 2026
#@# pial curv rh Wed Mar 11 00:51:50 CET 2026
#@# pial area rh Wed Mar 11 00:51:50 CET 2026
#@# thickness rh Wed Mar 11 00:51:50 CET 2026
#@# area and vertex vol rh Wed Mar 11 00:51:50 CET 2026
#@# Parcellation Stats rh Wed Mar 11 00:51:50 CET 2026
#@# Parcellation Stats 2 rh Wed Mar 11 00:52:07 CET 2026
#@# Parcellation Stats 3 rh Wed Mar 11 00:52:15 CET 2026
#@# BA_exvivo Labels rh Wed Mar 11 00:52:24 CET 2026
recon-all -s sub-v2s12x28868_ses-1 finished without error at Wed Mar 11 00:54:44 CET 2026
