status file for recon-all
Tue Mar 10 22:33:54 CET 2026
#@# MotionCor Tue Mar 10 22:33:56 CET 2026
#@# Talairach Tue Mar 10 22:34:01 CET 2026
#@# Talairach Failure Detection Tue Mar 10 22:36:53 CET 2026
#@# Nu Intensity Correction Tue Mar 10 22:36:53 CET 2026
#@# Intensity Normalization Tue Mar 10 22:39:41 CET 2026
recon-all -s sub-v2s12x28868_ses-1 finished without error at Tue Mar 10 22:40:44 CET 2026



#New# invocation of recon-all 



status file for recon-all
Tue Mar 10 22:47:12 CET 2026
#@# EM Registration Tue Mar 10 22:47:12 CET 2026
recon-all -s sub-v2s12x28868_ses-1 finished without error at Tue Mar 10 22:49:27 CET 2026



#New# invocation of recon-all 



status file for recon-all
Tue Mar 10 22:49:29 CET 2026
#@# CA Normalize Tue Mar 10 22:49:29 CET 2026
#@# CA Reg Tue Mar 10 22:50:25 CET 2026
#@# SubCort Seg Tue Mar 10 23:34:08 CET 2026
#@# CC Seg Tue Mar 10 23:54:05 CET 2026
#@# Merge ASeg Tue Mar 10 23:54:36 CET 2026
#@# Intensity Normalization2 Tue Mar 10 23:54:36 CET 2026
#@# Mask BFS Tue Mar 10 23:56:01 CET 2026
#@# WM Segmentation Tue Mar 10 23:56:01 CET 2026
#@# Fill Tue Mar 10 23:57:33 CET 2026
recon-all -s sub-v2s12x28868_ses-1 finished without error at Tue Mar 10 23:58:15 CET 2026



#New# invocation of recon-all 



status file for recon-all
Wed Mar 11 00:45:21 CET 2026
#@# white curv lh Wed Mar 11 00:45:21 CET 2026
#@# white area lh Wed Mar 11 00:45:21 CET 2026
#@# pial curv lh Wed Mar 11 00:45:21 CET 2026
#@# pial area lh Wed Mar 11 00:45:21 CET 2026
#@# thickness lh Wed Mar 11 00:45:21 CET 2026
#@# area and vertex vol lh Wed Mar 11 00:45:21 CET 2026
#@# white curv rh Wed Mar 11 00:45:21 CET 2026
#@# white area rh Wed Mar 11 00:45:21 CET 2026
#@# pial curv rh Wed Mar 11 00:45:21 CET 2026
#@# pial area rh Wed Mar 11 00:45:21 CET 2026
#@# thickness rh Wed Mar 11 00:45:21 CET 2026
#@# area and vertex vol rh Wed Mar 11 00:45:21 CET 2026
#@# Cortical ribbon mask Wed Mar 11 00:45:22 CET 2026
recon-all -s sub-v2s12x28868_ses-1 finished without error at Wed Mar 11 00:48:58 CET 2026



#New# invocation of recon-all 



status file for recon-all
Wed Mar 11 00:54:47 CET 2026
#@# white curv lh Wed Mar 11 00:54:48 CET 2026
#@# white area lh Wed Mar 11 00:54:48 CET 2026
#@# pial curv lh Wed Mar 11 00:54:48 CET 2026
#@# pial area lh Wed Mar 11 00:54:48 CET 2026
#@# thickness lh Wed Mar 11 00:54:48 CET 2026
#@# area and vertex vol lh Wed Mar 11 00:54:48 CET 2026
#@# white curv rh Wed Mar 11 00:54:48 CET 2026
#@# white area rh Wed Mar 11 00:54:48 CET 2026
#@# pial curv rh Wed Mar 11 00:54:48 CET 2026
#@# pial area rh Wed Mar 11 00:54:48 CET 2026
#@# thickness rh Wed Mar 11 00:54:48 CET 2026
#@# area and vertex vol rh Wed Mar 11 00:54:48 CET 2026
#@# Curvature Stats lh Wed Mar 11 00:54:48 CET 2026
#@# Curvature Stats rh Wed Mar 11 00:54:50 CET 2026
#@# Relabel Hypointensities Wed Mar 11 00:54:51 CET 2026
#@# APas-to-ASeg Wed Mar 11 00:55:03 CET 2026
#@# AParc-to-ASeg aparc Wed Mar 11 00:55:10 CET 2026
#@# AParc-to-ASeg aparc.a2009s Wed Mar 11 00:55:35 CET 2026
#@# AParc-to-ASeg aparc.DKTatlas Wed Mar 11 00:56:05 CET 2026
#@# WMParc Wed Mar 11 00:56:34 CET 2026
#@# ASeg Stats Wed Mar 11 00:59:10 CET 2026
recon-all -s sub-v2s12x28868_ses-1 finished without error at Wed Mar 11 00:59:33 CET 2026
