/out/sourcedata/freesurfer/sub-v2s12x28872_ses-1/mri
/opt/freesurfer/bin/talairach_avi
--i orig_nu.mgz --xfm transforms/talairach.auto.xfm
talairach_avi 7.3.2
Linux dna060 5.14.0-427.37.1.el9_4.x86_64 #1 SMP PREEMPT_DYNAMIC Fri Sep 13 12:41:50 EDT 2024 x86_64 x86_64 x86_64 GNU/Linux
Tue Mar 10 22:49:21 CET 2026
mri_convert orig_nu.mgz talsrcimg.img 
reading from orig_nu.mgz...
TR=0.00, TE=0.00, TI=0.00, flip angle=0.00
i_ras = (-1, 0, 0)
j_ras = (0, 0, -1)
k_ras = (0, 1, 0)
writing to talsrcimg.img...
Analyze Output Matrix
-1.00000   0.00000   0.00000   129.50000;
 0.00000   0.00000   1.00000  -143.03101;
 0.00000  -1.00000   0.00000   122.00000;
 0.00000   0.00000   0.00000   1.00000;
--------------------
INFO: set hdr.hist.orient to -1
mpr2mni305 talsrcimg
Tue Mar 10 22:49:22 CET 2026
/opt/freesurfer/bin/mpr2mni305 talsrcimg
mpr2mni305 7.3.2
target=711-2C_as_mni_average_305

---------------------------------------------------------------------
analyzeto4dfp talsrcimg -O0 -y
---------------------------------------------------------------------

freesurfer ifh2hdr.c
Tue Mar 10 22:49:22 2026
Writing: talsrcimg.4dfp.hdr
freesurfer analyzeto4dfp.c
Reading: talsrcimg.hdr
header size 348 bytes
hdr.dime.datatype	offset=70	value=2
hdr.dime.bitpix		offset=72	value=8
hdr.hist.orient		offset=252	value=-1
dimensionality     4
dimensions       256       256       256         1
Reading: talsrcimg.img
Writing: talsrcimg.4dfp.img
Writing: talsrcimg.4dfp.ifh
ifh2hdr talsrcimg -r0to224
ori=2

---------------------------------------------------------------------
gauss_4dfp talsrcimg 1.1
---------------------------------------------------------------------

freesurfer gauss_4dfp.c
Reading: talsrcimg.4dfp.img
Writing: talsrcimg_g11.4dfp.img
image dimensions 256 256 256 padded to 288 288 288
processing volume 1freesurfer ifh2hdr.c
Tue Mar 10 22:49:24 2026
Writing: talsrcimg_g11.4dfp.hdr

Writing: talsrcimg_g11.4dfp.ifh
including: talsrcimg.4dfp.img.rec in talsrcimg_g11.4dfp.img.rec

---------------------------------------------------------------------
imgreg_4dfp /opt/freesurfer/average/711-2C_as_mni_average_305 none talsrcimg_g11 none talsrcimg_to_711-2C_as_mni_average_305_t4 4355
---------------------------------------------------------------------

freesurfer imgreg_4dfp.c
/opt/freesurfer/average/711-2C_as_mni_average_305.4dfp.img
       256       256       256         1
  1.000000  1.000000  1.000000
orientation T byte_order littleendian
Reading image: /opt/freesurfer/average/711-2C_as_mni_average_305.4dfp.img
dimensions:      256       256       256
mmppix:       1.0000   -1.0000   -1.0000
center:     128.0000 -129.0000 -129.0000
talsrcimg_g11.4dfp.img
       256       256       256         1
  1.000000  1.000000  1.000000
orientation T byte_order littleendian
Reading image: talsrcimg_g11.4dfp.img
dimensions:      256       256       256
mmppix:       1.0000   -1.0000   -1.0000
center:     128.0000 -129.0000 -129.0000
t4_read: open error in t4_sub.f l:  41 t4_file(1:l)talsrcimg_to_711-2C_as_mni_average_305_t4 
t4_read: transform initialized to I4
rotation matrix determinant  1.000000
image alignment mode   4355 decimal     1103 hex
   -7.5000  -45.0000  -45.0000 5095.1050   24.4763
    0.0000  -45.0000  -45.0000 5307.6392   24.4906
    7.5000  -45.0000  -45.0000 5099.7407   24.5722
   -7.5000  -37.5000  -45.0000 5622.7393   24.0344
    0.0000  -37.5000  -45.0000 5826.0977   24.0518
    7.5000  -37.5000  -45.0000 5631.5293   24.1359
   -7.5000  -30.0000  -45.0000 6381.6279   23.9037
    0.0000  -30.0000  -45.0000 6612.0146   23.9200
    7.5000  -30.0000  -45.0000 6399.1411   24.0069
   -7.5000  -22.5000  -45.0000 7160.9668   23.8911
    0.0000  -22.5000  -45.0000 7432.2617   23.9026
    7.5000  -22.5000  -45.0000 7185.1914   23.9877
   -7.5000  -15.0000  -45.0000 7969.7837   23.8815
    0.0000  -15.0000  -45.0000 8288.0596   23.8864
    7.5000  -15.0000  -45.0000 7995.3403   23.9668
   -7.5000   -7.5000  -45.0000 8738.4941   23.8851
    0.0000   -7.5000  -45.0000 9113.7627   23.8909
    7.5000   -7.5000  -45.0000 8770.4258   23.9682
   -7.5000    0.0000  -45.0000 9414.3213   23.8922
    0.0000    0.0000  -45.0000 9844.3340   23.9054
    7.5000    0.0000  -45.0000 9446.9551   23.9838
   -7.5000    7.5000  -45.0000 9389.7139   23.8981
    0.0000    7.5000  -45.0000 9809.5781   23.9154
    7.5000    7.5000  -45.0000 9428.4043   23.9985
   -7.5000   15.0000  -45.0000 9275.0645   23.9007
    0.0000   15.0000  -45.0000 9694.9053   23.9171
    7.5000   15.0000  -45.0000 9303.2529   24.0039
   -7.5000   22.5000  -45.0000 9073.5908   23.8878
    0.0000   22.5000  -45.0000 9465.6445   23.8993
    7.5000   22.5000  -45.0000 9088.4570   23.9844
   -7.5000   30.0000  -45.0000 8775.3818   23.5632
    0.0000   30.0000  -45.0000 9142.8799   23.5681
    7.5000   30.0000  -45.0000 8787.9023   23.6474
   -7.5000   37.5000  -45.0000 8789.2676   23.5668
    0.0000   37.5000  -45.0000 9147.0752   23.5726
    7.5000   37.5000  -45.0000 8758.7637   23.6488
   -7.5000   45.0000  -45.0000 8383.0918   22.9752
    0.0000   45.0000  -45.0000 8730.2520   22.9879
    7.5000   45.0000  -45.0000 8351.6055   23.0633
   -7.5000  -45.0000  -37.5000 5482.4395   24.1293
    0.0000  -45.0000  -37.5000 5712.5571   24.1466
    7.5000  -45.0000  -37.5000 5506.1621   24.2328
   -7.5000  -37.5000  -37.5000 6041.7373   23.6799
    0.0000  -37.5000  -37.5000 6291.9712   23.7078
    7.5000  -37.5000  -37.5000 6086.2212   23.8058
   -7.5000  -30.0000  -37.5000 6867.7710   23.5618
    0.0000  -30.0000  -37.5000 7145.9150   23.5927
    7.5000  -30.0000  -37.5000 6925.2241   23.6947
   -7.5000  -22.5000  -37.5000 7713.4712   23.5802
    0.0000  -22.5000  -37.5000 8030.6284   23.6022
    7.5000  -22.5000  -37.5000 7743.8691   23.6944
   -7.5000  -15.0000  -37.5000 8549.7686   23.5937
    0.0000  -15.0000  -37.5000 8900.2998   23.6025
    7.5000  -15.0000  -37.5000 8577.6318   23.6808
   -7.5000   -7.5000  -37.5000 9364.6670   23.5848
    0.0000   -7.5000  -37.5000 9766.2061   23.5911
    7.5000   -7.5000  -37.5000 9399.7412   23.6657
   -7.5000    0.0000  -37.500010034.6982   23.5600
    0.0000    0.0000  -37.500010488.3516   23.5763
    7.5000    0.0000  -37.500010099.5352   23.6596
   -7.5000    7.5000  -37.5000 9950.4316   23.5476
    0.0000    7.5000  -37.500010424.8818   23.5752
    7.5000    7.5000  -37.500010049.7871   23.6720
   -7.5000   15.0000  -37.5000 9850.5049   23.5589
    0.0000   15.0000  -37.500010325.5205   23.5898
    7.5000   15.0000  -37.5000 9935.7773   23.6918
   -7.5000   22.5000  -37.5000 9656.4180   23.5769
    0.0000   22.5000  -37.500010110.3223   23.5990
    7.5000   22.5000  -37.5000 9703.1504   23.6912
   -7.5000   30.0000  -37.5000 9358.2344   23.2793
    0.0000   30.0000  -37.5000 9787.2246   23.2880
    7.5000   30.0000  -37.5000 9396.9795   23.3652
   -7.5000   37.5000  -37.5000 9333.3516   23.2705
    0.0000   37.5000  -37.5000 9748.3027   23.2767
    7.5000   37.5000  -37.5000 9343.7100   23.3503
   -7.5000   45.0000  -37.5000 8883.9961   22.6558
    0.0000   45.0000  -37.5000 9279.0488   22.6714
    7.5000   45.0000  -37.5000 8861.9980   22.7515
   -7.5000  -45.0000  -30.0000 5963.1240   24.7988
    0.0000  -45.0000  -30.0000 6189.8120   24.8198
    7.5000  -45.0000  -30.0000 5976.9951   24.9139
   -7.5000  -37.5000  -30.0000 6550.5908   24.3437
    0.0000  -37.5000  -30.0000 6827.0718   24.3795
    7.5000  -37.5000  -30.0000 6586.5688   24.4906
   -7.5000  -30.0000  -30.0000 7451.4995   24.2300
    0.0000  -30.0000  -30.0000 7790.2476   24.2725
    7.5000  -30.0000  -30.0000 7510.1660   24.3907
   -7.5000  -22.5000  -30.0000 8383.4365   24.2553
    0.0000  -22.5000  -30.0000 8783.8955   24.2883
    7.5000  -22.5000  -30.0000 8443.8574   24.3946
   -7.5000  -15.0000  -30.0000 9297.7002   24.2700
    0.0000  -15.0000  -30.0000 9742.7129   24.2864
    7.5000  -15.0000  -30.0000 9370.9971   24.3741
   -7.5000   -7.5000  -30.000010160.3916   24.2540
    0.0000   -7.5000  -30.000010650.5752   24.2645
    7.5000   -7.5000  -30.000010246.3252   24.3453
   -7.5000    0.0000  -30.000010877.1377   24.2216
    0.0000    0.0000  -30.000011388.3984   24.2414
    7.5000    0.0000  -30.000010980.2646   24.3327
   -7.5000    7.5000  -30.000010793.4141   24.2092
    0.0000    7.5000  -30.000011300.2207   24.2446
    7.5000    7.5000  -30.000010887.7285   24.3544
   -7.5000   15.0000  -30.000010629.9209   24.2270
    0.0000   15.0000  -30.000011145.9814   24.2695
    7.5000   15.0000  -30.000010710.9834   24.3877
   -7.5000   22.5000  -30.000010372.8896   24.2495
    0.0000   22.5000  -30.000010866.3506   24.2824
    7.5000   22.5000  -30.000010435.0752   24.3887
   -7.5000   30.0000  -30.000010031.9258   23.9488
    0.0000   30.0000  -30.000010520.9795   23.9651
    7.5000   30.0000  -30.000010104.4180   24.0516
   -7.5000   37.5000  -30.000010021.7129   23.9331
    0.0000   37.5000  -30.000010478.1826   23.9434
    7.5000   37.5000  -30.000010048.1885   24.0232
   -7.5000   45.0000  -30.0000 9526.6641   23.3091
    0.0000   45.0000  -30.000010017.9639   23.3281
    7.5000   45.0000  -30.0000 9556.3115   23.4160
   -7.5000  -45.0000  -22.5000 6470.3560   25.6422
    0.0000  -45.0000  -22.5000 6731.2861   25.6599
    7.5000  -45.0000  -22.5000 6509.1240   25.7554
   -7.5000  -37.5000  -22.5000 7143.1841   25.1903
    0.0000  -37.5000  -22.5000 7449.0342   25.2196
    7.5000  -37.5000  -22.5000 7189.0068   25.3280
   -7.5000  -30.0000  -22.5000 8142.8613   25.0678
    0.0000  -30.0000  -22.5000 8516.0947   25.1033
    7.5000  -30.0000  -22.5000 8209.7236   25.2207
   -7.5000  -22.5000  -22.5000 9175.2002   25.0693
    0.0000  -22.5000  -22.5000 9623.5459   25.0988
    7.5000  -22.5000  -22.5000 9259.9209   25.2107
   -7.5000  -15.0000  -22.500010150.2939   25.0637
    0.0000  -15.0000  -22.500010656.5068   25.0806
    7.5000  -15.0000  -22.500010234.8398   25.1784
   -7.5000   -7.5000  -22.500011069.4619   25.0553
    0.0000   -7.5000  -22.500011616.1514   25.0657
    7.5000   -7.5000  -22.500011160.2354   25.1543
   -7.5000    0.0000  -22.500011849.1094   25.0472
    0.0000    0.0000  -22.500012394.0244   25.0637
    7.5000    0.0000  -22.500011940.2676   25.1562
   -7.5000    7.5000  -22.500011762.3604   25.0509
    0.0000    7.5000  -22.500012297.6582   25.0799
    7.5000    7.5000  -22.500011813.1006   25.1871
   -7.5000   15.0000  -22.500011541.8057   25.0646
    0.0000   15.0000  -22.500012075.1572   25.1002
    7.5000   15.0000  -22.500011610.7871   25.2176
   -7.5000   22.5000  -22.500011234.2080   25.0616
    0.0000   22.5000  -22.500011775.7549   25.0910
    7.5000   22.5000  -22.500011331.9375   25.2029
   -7.5000   30.0000  -22.500010857.0371   24.7359
    0.0000   30.0000  -22.500011403.6416   24.7525
    7.5000   30.0000  -22.500010964.6885   24.8491
   -7.5000   37.5000  -22.500010789.0283   24.7276
    0.0000   37.5000  -22.500011343.4639   24.7378
    7.5000   37.5000  -22.500010859.6191   24.8253
   -7.5000   45.0000  -22.500010256.9277   24.1217
    0.0000   45.0000  -22.500010821.9971   24.1376
    7.5000   45.0000  -22.500010311.6143   24.2267
   -7.5000  -45.0000  -15.0000 7024.6396   26.3432
    0.0000  -45.0000  -15.0000 7322.7793   26.3560
    7.5000  -45.0000  -15.0000 7055.2734   26.4455
   -7.5000  -37.5000  -15.0000 7773.0708   25.8957
    0.0000  -37.5000  -15.0000 8121.9600   25.9126
    7.5000  -37.5000  -15.0000 7789.3896   26.0058
   -7.5000  -30.0000  -15.0000 8873.4209   25.7562
    0.0000  -30.0000  -15.0000 9304.5273   25.7751
    7.5000  -30.0000  -15.0000 8918.9033   25.8763
   -7.5000  -22.5000  -15.0000 9991.0947   25.7242
    0.0000  -22.5000  -15.000010509.0850   25.7409
    7.5000  -22.5000  -15.000010076.4551   25.8454
   -7.5000  -15.0000  -15.000011032.4014   25.6964
    0.0000  -15.0000  -15.000011611.3760   25.7079
    7.5000  -15.0000  -15.000011134.3535   25.8079
   -7.5000   -7.5000  -15.000012017.7900   25.7046
    0.0000   -7.5000  -15.000012639.6855   25.7132
    7.5000   -7.5000  -15.000012117.8340   25.8041
   -7.5000    0.0000  -15.000012892.9990   25.7313
    0.0000    0.0000  -15.000013505.4912   25.7432
    7.5000    0.0000  -15.000012958.5459   25.8295
   -7.5000    7.5000  -15.000012774.9170   25.7518
    0.0000    7.5000  -15.000013361.3330   25.7686
    7.5000    7.5000  -15.000012809.0049   25.8609
   -7.5000   15.0000  -15.000012506.5498   25.7529
    0.0000   15.0000  -15.000013084.5273   25.7719
    7.5000   15.0000  -15.000012544.9229   25.8731
   -7.5000   22.5000  -15.000012146.1865   25.7151
    0.0000   22.5000  -15.000012752.1348   25.7318
    7.5000   22.5000  -15.000012245.3232   25.8363
   -7.5000   30.0000  -15.000011719.0137   25.3638
    0.0000   30.0000  -15.000012330.8643   25.3752
    7.5000   30.0000  -15.000011806.4248   25.4739
   -7.5000   37.5000  -15.000011594.2930   25.3719
    0.0000   37.5000  -15.000012210.2070   25.3805
    7.5000   37.5000  -15.000011651.2344   25.4702
   -7.5000   45.0000  -15.000011015.5391   24.7955
    0.0000   45.0000  -15.000011608.5625   24.8070
    7.5000   45.0000  -15.000011069.5293   24.8901
   -7.5000  -45.0000   -7.5000 7640.1113   26.7336
    0.0000  -45.0000   -7.5000 7982.6660   26.7459
    7.5000  -45.0000   -7.5000 7648.9883   26.8306
   -7.5000  -37.5000   -7.5000 8457.0225   26.2781
    0.0000  -37.5000   -7.5000 8849.5430   26.2901
    7.5000  -37.5000   -7.5000 8469.2344   26.3735
   -7.5000  -30.0000   -7.5000 9662.3311   26.1309
    0.0000  -30.0000   -7.500010138.1641   26.1412
    7.5000  -30.0000   -7.5000 9722.7930   26.2298
   -7.5000  -22.5000   -7.500010860.9336   26.0923
    0.0000  -22.5000   -7.500011415.2764   26.1013
    7.5000  -22.5000   -7.500010955.9541   26.1950
   -7.5000  -15.0000   -7.500011971.6758   26.0631
    0.0000  -15.0000   -7.500012583.4717   26.0696
    7.5000  -15.0000   -7.500012076.1514   26.1632
   -7.5000   -7.5000   -7.500013041.4268   26.0773
    0.0000   -7.5000   -7.500013715.6494   26.0844
    7.5000   -7.5000   -7.500013144.4551   26.1717
   -7.5000    0.0000   -7.500014007.3926   26.1107
    0.0000    0.0000   -7.500014695.3057   26.1221
    7.5000    0.0000   -7.500014074.5625   26.2034
   -7.5000    7.5000   -7.500013848.5166   26.1319
    0.0000    7.5000   -7.500014534.6191   26.1439
    7.5000    7.5000   -7.500013893.4561   26.2265
   -7.5000   15.0000   -7.500013518.8369   26.1277
    0.0000   15.0000   -7.500014208.9287   26.1380
    7.5000   15.0000   -7.500013592.1240   26.2265
   -7.5000   22.5000   -7.500013111.6777   26.0802
    0.0000   22.5000   -7.500013841.5283   26.0892
    7.5000   22.5000   -7.500013249.4873   26.1829
   -7.5000   30.0000   -7.500012648.7041   25.7251
    0.0000   30.0000   -7.500013357.8838   25.7315
    7.5000   30.0000   -7.500012794.3496   25.8240
   -7.5000   37.5000   -7.500012481.5439   25.7391
    0.0000   37.5000   -7.500013177.5029   25.7461
    7.5000   37.5000   -7.500012588.5918   25.8323
   -7.5000   45.0000   -7.500011854.3311   25.1658
    0.0000   45.0000   -7.500012527.1328   25.1768
    7.5000   45.0000   -7.500011932.4248   25.2552
   -7.5000  -45.0000    0.0000 8211.0723   26.7891
    0.0000  -45.0000    0.0000 8606.3701   26.8032
    7.5000  -45.0000    0.0000 8237.9062   26.8892
   -7.5000  -37.5000    0.0000 9080.3359   26.3142
    0.0000  -37.5000    0.0000 9555.1201   26.3320
    7.5000  -37.5000    0.0000 9156.0645   26.4211
   -7.5000  -30.0000    0.000010378.0508   26.1734
    0.0000  -30.0000    0.000010934.6104   26.1901
    7.5000  -30.0000    0.000010486.1982   26.2822
   -7.5000  -22.5000    0.000011632.6816   26.1608
    0.0000  -22.5000    0.000012267.4541   26.1720
    7.5000  -22.5000    0.000011768.4551   26.2622
   -7.5000  -15.0000    0.000012819.6631   26.1523
    0.0000  -15.0000    0.000013519.0459   26.1560
    7.5000  -15.0000    0.000012982.2773   26.2410
   -7.5000   -7.5000    0.000014008.5703   26.1569
    0.0000   -7.5000    0.000014761.8896   26.1616
    7.5000   -7.5000    0.000014149.5713   26.2430
   -7.5000    0.0000    0.000015001.9883   26.1634
    0.0000    0.0000    0.000015809.1191   26.1765
    7.5000    0.0000    0.000015136.8857   26.2592
   -7.5000    7.5000    0.000014740.2148   26.1682
    0.0000    7.5000    0.000015584.3467   26.1859
    7.5000    7.5000    0.000014904.4482   26.2740
   -7.5000   15.0000    0.000014374.8379   26.1702
    0.0000   15.0000    0.000015221.8154   26.1869
    7.5000   15.0000    0.000014573.9062   26.2790
   -7.5000   22.5000    0.000013975.0078   26.1488
    0.0000   22.5000    0.000014866.3086   26.1599
    7.5000   22.5000    0.000014224.5391   26.2500
   -7.5000   30.0000    0.000013495.1758   25.8138
    0.0000   30.0000    0.000014315.8389   25.8175
    7.5000   30.0000    0.000013697.8281   25.9014
   -7.5000   37.5000    0.000013271.0400   25.8184
    0.0000   37.5000    0.000014042.8350   25.8230
    7.5000   37.5000    0.000013438.8750   25.9034
   -7.5000   45.0000    0.000012563.2109   25.2185
    0.0000   45.0000    0.000013326.8340   25.2311
    7.5000   45.0000    0.000012717.8418   25.3109
   -7.5000  -45.0000    7.5000 8170.7422   26.7051
    0.0000  -45.0000    7.5000 8583.5518   26.7241
    7.5000  -45.0000    7.5000 8223.6348   26.8178
   -7.5000  -37.5000    7.5000 9037.3779   26.2139
    0.0000  -37.5000    7.5000 9541.7148   26.2449
    7.5000  -37.5000    7.5000 9160.9023   26.3515
   -7.5000  -30.0000    7.500010309.2939   26.0846
    0.0000  -30.0000    7.500010882.9541   26.1186
    7.5000  -30.0000    7.500010470.7080   26.2294
   -7.5000  -22.5000    7.500011533.6318   26.1037
    0.0000  -22.5000    7.500012190.7510   26.1276
    7.5000  -22.5000    7.500011745.1309   26.2275
   -7.5000  -15.0000    7.500012716.6123   26.1177
    0.0000  -15.0000    7.500013444.3691   26.1267
    7.5000  -15.0000    7.500012941.6768   26.2115
   -7.5000   -7.5000    7.500013914.5479   26.1081
    0.0000   -7.5000    7.500014705.2529   26.1145
    7.5000   -7.5000    7.500014125.1152   26.1955
   -7.5000    0.0000    7.500014895.6240   26.0818
    0.0000    0.0000    7.500015797.9121   26.0997
    7.5000    0.0000    7.500015102.9453   26.1903
   -7.5000    7.5000    7.500014575.8496   26.0690
    0.0000    7.5000    7.500015505.4814   26.0997
    7.5000    7.5000    7.500014855.0254   26.2050
   -7.5000   15.0000    7.500014185.9258   26.0813
    0.0000   15.0000    7.500015103.0527   26.1154
    7.5000   15.0000    7.500014510.3730   26.2262
   -7.5000   22.5000    7.500013796.0420   26.0916
    0.0000   22.5000    7.500014703.3018   26.1155
    7.5000   22.5000    7.500014151.3232   26.2154
   -7.5000   30.0000    7.500013308.2979   25.7797
    0.0000   30.0000    7.500014139.6543   25.7885
    7.5000   30.0000    7.500013620.7383   25.8723
   -7.5000   37.5000    7.500013061.5352   25.7702
    0.0000   37.5000    7.500013883.2148   25.7766
    7.5000   37.5000    7.500013364.9961   25.8564
   -7.5000   45.0000    7.500012328.6172   25.1398
    0.0000   45.0000    7.500013106.3955   25.1571
    7.5000   45.0000    7.500012581.9121   25.2444
   -7.5000  -45.0000   15.0000 7993.6987   26.6177
    0.0000  -45.0000   15.0000 8422.4521   26.6401
    7.5000  -45.0000   15.0000 8101.3604   26.7410
   -7.5000  -37.5000   15.0000 8842.4580   26.1294
    0.0000  -37.5000   15.0000 9353.8896   26.1678
    7.5000  -37.5000   15.0000 9001.0938   26.2869
   -7.5000  -30.0000   15.000010078.4434   26.0075
    0.0000  -30.0000   15.000010655.5928   26.0530
    7.5000  -30.0000   15.000010273.8730   26.1798
   -7.5000  -22.5000   15.000011296.9355   26.0345
    0.0000  -22.5000   15.000011929.0625   26.0699
    7.5000  -22.5000   15.000011518.9082   26.1839
   -7.5000  -15.0000   15.000012482.6719   26.0502
    0.0000  -15.0000   15.000013173.2578   26.0678
    7.5000  -15.0000   15.000012692.7041   26.1618
   -7.5000   -7.5000   15.000013678.9609   26.0331
    0.0000   -7.5000   15.000014455.2666   26.0443
    7.5000   -7.5000   15.000013915.3838   26.1309
   -7.5000    0.0000   15.000014737.5459   25.9984
    0.0000    0.0000   15.000015702.4092   26.0195
    7.5000    0.0000   15.000015045.1836   26.1174
   -7.5000    7.5000   15.000014440.1680   25.9851
    0.0000    7.5000   15.000015359.3809   26.0231
    7.5000    7.5000   15.000014813.6768   26.1409
   -7.5000   15.0000   15.000014008.7695   26.0042
    0.0000   15.0000   15.000014806.9521   26.0498
    7.5000   15.0000   15.000014399.0859   26.1766
   -7.5000   22.5000   15.000013609.2607   26.0225
    0.0000   22.5000   15.000014393.1465   26.0578
    7.5000   22.5000   15.000013999.0166   26.1718
   -7.5000   30.0000   15.000013090.9912   25.7131
    0.0000   30.0000   15.000013849.3320   25.7304
    7.5000   30.0000   15.000013479.9316   25.8232
   -7.5000   37.5000   15.000012809.5713   25.6962
    0.0000   37.5000   15.000013578.5400   25.7072
    7.5000   37.5000   15.000013181.6562   25.7927
   -7.5000   45.0000   15.000012046.7637   25.0595
    0.0000   45.0000   15.000012783.9697   25.0798
    7.5000   45.0000   15.000012347.1318   25.1742
   -7.5000  -45.0000   22.5000 7782.7583   26.6186
    0.0000  -45.0000   22.5000 8192.9336   26.6370
    7.5000  -45.0000   22.5000 7909.4111   26.7362
   -7.5000  -37.5000   22.5000 8611.5811   26.1495
    0.0000  -37.5000   22.5000 9076.4736   26.1799
    7.5000  -37.5000   22.5000 8762.0615   26.2925
   -7.5000  -30.0000   22.5000 9800.2754   26.0223
    0.0000  -30.0000   22.500010318.9717   26.0592
    7.5000  -30.0000   22.5000 9947.0332   26.1811
   -7.5000  -22.5000   22.500010925.0332   26.0239
    0.0000  -22.5000   22.500011541.9844   26.0545
    7.5000  -22.5000   22.500011130.4316   26.1706
   -7.5000  -15.0000   22.500012077.5635   26.0181
    0.0000  -15.0000   22.500012711.5576   26.0356
    7.5000  -15.0000   22.500012230.1162   26.1372
   -7.5000   -7.5000   22.500013264.2207   26.0094
    0.0000   -7.5000   22.500014006.1553   26.0201
    7.5000   -7.5000   22.500013407.7305   26.1121
   -7.5000    0.0000   22.500014322.7920   26.0009
    0.0000    0.0000   22.500015287.2275   26.0181
    7.5000    0.0000   22.500014565.8389   26.1141
   -7.5000    7.5000   22.500014141.3086   26.0048
    0.0000    7.5000   22.500014807.8799   26.0349
    7.5000    7.5000   22.500014292.6328   26.1462
   -7.5000   15.0000   22.500013724.4766   26.0190
    0.0000   15.0000   22.500014185.0547   26.0560
    7.5000   15.0000   22.500013826.6338   26.1779
   -7.5000   22.5000   22.500013287.3584   26.0119
    0.0000   22.5000   22.500013787.6426   26.0425
    7.5000   22.5000   22.500013441.7158   26.1586
   -7.5000   30.0000   22.500012781.0469   25.6814
    0.0000   30.0000   22.500013388.0566   25.6987
    7.5000   30.0000   22.500013011.2588   25.7989
   -7.5000   37.5000   22.500012497.5859   25.6728
    0.0000   37.5000   22.500013193.7549   25.6834
    7.5000   37.5000   22.500012724.4893   25.7742
   -7.5000   45.0000   22.500011709.1992   25.0619
    0.0000   45.0000   22.500012397.3486   25.0784
    7.5000   45.0000   22.500011896.8428   25.1710
   -7.5000  -45.0000   30.0000 7347.3193   26.7047
    0.0000  -45.0000   30.0000 7782.7852   26.7177
    7.5000  -45.0000   30.0000 7472.8496   26.8084
   -7.5000  -37.5000   30.0000 8179.8418   26.2511
    0.0000  -37.5000   30.0000 8644.4395   26.2682
    7.5000  -37.5000   30.0000 8318.1152   26.3627
   -7.5000  -30.0000   30.0000 9351.9561   26.1096
    0.0000  -30.0000   30.0000 9838.0078   26.1288
    7.5000  -30.0000   30.0000 9481.3584   26.2314
   -7.5000  -22.5000   30.000010421.0010   26.0773
    0.0000  -22.5000   30.000010992.6260   26.0942
    7.5000  -22.5000   30.000010608.9219   26.2001
   -7.5000  -15.0000   30.000011524.2578   26.0490
    0.0000  -15.0000   30.000012089.4893   26.0607
    7.5000  -15.0000   30.000011650.8613   26.1621
   -7.5000   -7.5000   30.000012686.6582   26.0573
    0.0000   -7.5000   30.000013333.4795   26.0661
    7.5000   -7.5000   30.000012740.2344   26.1582
   -7.5000    0.0000   30.000013746.1914   26.0844
    0.0000    0.0000   30.000014538.8730   26.0965
    7.5000    0.0000   30.000013766.7559   26.1840
   -7.5000    7.5000   30.000013715.9385   26.1052
    0.0000    7.5000   30.000014377.4453   26.1222
    7.5000    7.5000   30.000013669.7402   26.2158
   -7.5000   15.0000   30.000013431.2051   26.1063
    0.0000   15.0000   30.000014002.4893   26.1256
    7.5000   15.0000   30.000013366.2295   26.2281
   -7.5000   22.5000   30.000012992.4932   26.0652
    0.0000   22.5000   30.000013581.0723   26.0822
    7.5000   22.5000   30.000012954.9629   26.1880
   -7.5000   30.0000   30.000012439.1748   25.7119
    0.0000   30.0000   30.000013071.4033   25.7234
    7.5000   30.0000   30.000012469.8486   25.8235
   -7.5000   37.5000   30.000012100.7510   25.7201
    0.0000   37.5000   30.000012744.9160   25.7288
    7.5000   37.5000   30.000012162.8887   25.8197
   -7.5000   45.0000   30.000011286.6025   25.1424
    0.0000   45.0000   30.000011916.3496   25.1540
    7.5000   45.0000   30.000011355.0938   25.2383
   -7.5000  -45.0000   37.5000 7235.0713   26.7881
    0.0000  -45.0000   37.5000 7627.3213   26.8004
    7.5000  -45.0000   37.5000 7370.5615   26.8852
   -7.5000  -37.5000   37.5000 8072.2476   26.3316
    0.0000  -37.5000   37.5000 8489.4521   26.3437
    7.5000  -37.5000   37.5000 8212.0449   26.4272
   -7.5000  -30.0000   37.5000 9205.9551   26.1841
    0.0000  -30.0000   37.5000 9682.3525   26.1945
    7.5000  -30.0000   37.5000 9329.3223   26.2832
   -7.5000  -22.5000   37.500010267.8721   26.1454
    0.0000  -22.5000   37.500010842.1885   26.1545
    7.5000  -22.5000   37.500010423.7266   26.2483
   -7.5000  -15.0000   37.500011318.0459   26.1162
    0.0000  -15.0000   37.500011980.5732   26.1227
    7.5000  -15.0000   37.500011474.7881   26.2166
   -7.5000   -7.5000   37.500012421.3369   26.1304
    0.0000   -7.5000   37.500013226.0234   26.1375
    7.5000   -7.5000   37.500012589.9229   26.2250
   -7.5000    0.0000   37.500013439.7734   26.1639
    0.0000    0.0000   37.500014318.3955   26.1753
    7.5000    0.0000   37.500013549.2480   26.2568
   -7.5000    7.5000   37.500013366.4609   26.1851
    0.0000    7.5000   37.500014248.4102   26.1972
    7.5000    7.5000   37.500013386.6826   26.2799
   -7.5000   15.0000   37.500013138.2598   26.1809
    0.0000   15.0000   37.500014072.4004   26.1913
    7.5000   15.0000   37.500013166.0830   26.2800
   -7.5000   22.5000   37.500012741.4346   26.1334
    0.0000   22.5000   37.500013660.6797   26.1424
    7.5000   22.5000   37.500012773.3984   26.2362
   -7.5000   30.0000   37.500012207.7871   25.7782
    0.0000   30.0000   37.500013027.3379   25.7846
    7.5000   30.0000   37.500012244.0723   25.8773
   -7.5000   37.5000   37.500011884.0205   25.7922
    0.0000   37.5000   37.500012604.3203   25.7992
    7.5000   37.5000   37.500011921.6396   25.8856
   -7.5000   45.0000   37.500011077.7295   25.2190
    0.0000   45.0000   37.500011697.3184   25.2300
    7.5000   45.0000   37.500011104.9541   25.3085
   -7.5000  -45.0000   45.0000 6609.5283   26.6227
    0.0000  -45.0000   45.0000 7019.0171   26.6367
    7.5000  -45.0000   45.0000 6780.2520   26.7223
   -7.5000  -37.5000   45.0000 7373.2666   26.1505
    0.0000  -37.5000   45.0000 7838.8823   26.1683
    7.5000  -37.5000   45.0000 7553.1851   26.2568
   -7.5000  -30.0000   45.0000 8444.2998   26.0106
    0.0000  -30.0000   45.0000 8976.5488   26.0273
    7.5000  -30.0000   45.0000 8635.9355   26.1188
   -7.5000  -22.5000   45.0000 9498.7910   25.9982
    0.0000  -22.5000   45.000010111.1465   26.0094
    7.5000  -22.5000   45.0000 9707.6826   26.0991
   -7.5000  -15.0000   45.000010509.1729   25.9898
    0.0000  -15.0000   45.000011173.4805   25.9936
    7.5000  -15.0000   45.000010716.2686   26.0781
   -7.5000   -7.5000   45.000011518.1201   25.9943
    0.0000   -7.5000   45.000012213.6494   25.9990
    7.5000   -7.5000   45.000011722.4746   26.0800
   -7.5000    0.0000   45.000012387.9336   26.0007
    0.0000    0.0000   45.000013051.1270   26.0137
    7.5000    0.0000   45.000012546.1543   26.0959
   -7.5000    7.5000   45.000012220.1006   26.0054
    0.0000    7.5000   45.000012827.4873   26.0230
    7.5000    7.5000   45.000012358.2842   26.1105
   -7.5000   15.0000   45.000011979.3584   26.0075
    0.0000   15.0000   45.000012585.0039   26.0241
    7.5000   15.0000   45.000012092.3135   26.1156
   -7.5000   22.5000   45.000011668.1416   25.9862
    0.0000   22.5000   45.000012251.1328   25.9973
    7.5000   22.5000   45.000011761.1592   26.0869
   -7.5000   30.0000   45.000011271.8496   25.6512
    0.0000   30.0000   45.000011826.7461   25.6550
    7.5000   30.0000   45.000011364.4951   25.7383
   -7.5000   37.5000   45.000011063.7031   25.6557
    0.0000   37.5000   45.000011607.7197   25.6603
    7.5000   37.5000   45.000011154.5420   25.7403
   -7.5000   45.0000   45.000010322.6514   25.0730
    0.0000   45.0000   45.000010843.6885   25.0856
    7.5000   45.0000   45.000010394.0576   25.1649

---------------------------------------------------------------------
imgreg_4dfp /opt/freesurfer/average/711-2C_as_mni_average_305 /opt/freesurfer/average/711-2B_as_mni_average_305_mask talsrcimg_g11 none talsrcimg_to_711-2C_as_mni_average_305_t4 4355
---------------------------------------------------------------------

freesurfer imgreg_4dfp.c
/opt/freesurfer/average/711-2C_as_mni_average_305.4dfp.img
       256       256       256         1
  1.000000  1.000000  1.000000
orientation T byte_order littleendian
Reading image: /opt/freesurfer/average/711-2C_as_mni_average_305.4dfp.img
dimensions:      256       256       256
mmppix:       1.0000   -1.0000   -1.0000
center:     128.0000 -129.0000 -129.0000
/opt/freesurfer/average/711-2B_as_mni_average_305_mask.4dfp.img
       256       256       256         1
  1.000000  1.000000  1.000000
orientation T byte_order littleendian
Reading mask: /opt/freesurfer/average/711-2B_as_mni_average_305_mask.4dfp.img (2306576 pixels)
talsrcimg_g11.4dfp.img
       256       256       256         1
  1.000000  1.000000  1.000000
orientation T byte_order littleendian
Reading image: talsrcimg_g11.4dfp.img
dimensions:      256       256       256
mmppix:       1.0000   -1.0000   -1.0000
center:     128.0000 -129.0000 -129.0000
rotation matrix determinant  1.000000
image alignment mode   4355 decimal     1103 hex
   -7.5000  -45.0000  -45.0000 1501.0797   45.8806
    0.0000  -45.0000  -45.0000 1502.6786   45.5138
    7.5000  -45.0000  -45.0000 1493.4427   45.6659
   -7.5000  -37.5000  -45.0000 1612.1538   39.9255
    0.0000  -37.5000  -45.0000 1606.8204   39.4453
    7.5000  -37.5000  -45.0000 1601.3495   39.5933
   -7.5000  -30.0000  -45.0000 1709.1459   35.2229
    0.0000  -30.0000  -45.0000 1708.0145   34.6821
    7.5000  -30.0000  -45.0000 1702.7804   35.0510
   -7.5000  -22.5000  -45.0000 1805.1403   31.6445
    0.0000  -22.5000  -45.0000 1805.0811   31.1867
    7.5000  -22.5000  -45.0000 1794.2147   31.4503
   -7.5000  -15.0000  -45.0000 1892.1855   28.9823
    0.0000  -15.0000  -45.0000 1894.4889   28.5707
    7.5000  -15.0000  -45.0000 1882.1023   28.7772
   -7.5000   -7.5000  -45.0000 1946.3484   26.9209
    0.0000   -7.5000  -45.0000 1949.8927   26.6489
    7.5000   -7.5000  -45.0000 1939.7946   26.8380
   -7.5000    0.0000  -45.0000 1984.4187   25.5314
    0.0000    0.0000  -45.0000 1992.2477   25.2102
    7.5000    0.0000  -45.0000 1977.5564   25.4029
   -7.5000    7.5000  -45.0000 2008.7438   24.8131
    0.0000    7.5000  -45.0000 2013.5413   24.5117
    7.5000    7.5000  -45.0000 2001.9983   24.6556
   -7.5000   15.0000  -45.0000 2008.0242   24.6584
    0.0000   15.0000  -45.0000 2005.7183   24.3025
    7.5000   15.0000  -45.0000 1991.6531   24.5556
   -7.5000   22.5000  -45.0000 1992.2909   24.9945
    0.0000   22.5000  -45.0000 1986.5480   24.6267
    7.5000   22.5000  -45.0000 1973.6655   24.8728
   -7.5000   30.0000  -45.0000 1953.6554   25.8017
    0.0000   30.0000  -45.0000 1945.7306   25.4752
    7.5000   30.0000  -45.0000 1937.0526   25.7740
   -7.5000   37.5000  -45.0000 1909.5837   27.2305
    0.0000   37.5000  -45.0000 1909.8599   26.8854
    7.5000   37.5000  -45.0000 1897.1189   27.2178
   -7.5000   45.0000  -45.0000 1858.2803   29.4031
    0.0000   45.0000  -45.0000 1855.2646   29.0556
    7.5000   45.0000  -45.0000 1842.3030   29.3245
   -7.5000  -45.0000  -37.5000 1569.9342   41.6531
    0.0000  -45.0000  -37.5000 1578.9921   41.0374
    7.5000  -45.0000  -37.5000 1571.3896   41.5556
   -7.5000  -37.5000  -37.5000 1694.0728   36.2150
    0.0000  -37.5000  -37.5000 1701.0591   35.6691
    7.5000  -37.5000  -37.5000 1696.3022   36.1599
   -7.5000  -30.0000  -37.5000 1803.9583   32.0558
    0.0000  -30.0000  -37.5000 1812.6504   31.5792
    7.5000  -30.0000  -37.5000 1806.9904   31.9811
   -7.5000  -22.5000  -37.5000 1899.6775   28.8765
    0.0000  -22.5000  -37.5000 1903.8544   28.4605
    7.5000  -22.5000  -37.5000 1897.4254   28.7448
   -7.5000  -15.0000  -37.5000 1985.2782   26.4481
    0.0000  -15.0000  -37.5000 1985.7346   26.1068
    7.5000  -15.0000  -37.5000 1977.9554   26.3121
   -7.5000   -7.5000  -37.5000 2041.6230   24.5712
    0.0000   -7.5000  -37.5000 2045.2039   24.3482
    7.5000   -7.5000  -37.5000 2036.1506   24.4569
   -7.5000    0.0000  -37.5000 2079.7168   23.2847
    0.0000    0.0000  -37.5000 2078.1213   23.0412
    7.5000    0.0000  -37.5000 2071.4124   23.1562
   -7.5000    7.5000  -37.5000 2099.6162   22.6235
    0.0000    7.5000  -37.5000 2099.3582   22.3310
    7.5000    7.5000  -37.5000 2099.0879   22.4836
   -7.5000   15.0000  -37.5000 2107.3159   22.4104
    0.0000   15.0000  -37.5000 2109.6316   22.1959
    7.5000   15.0000  -37.5000 2108.1582   22.3407
   -7.5000   22.5000  -37.5000 2103.8066   22.7032
    0.0000   22.5000  -37.5000 2103.0994   22.5051
    7.5000   22.5000  -37.5000 2093.5415   22.6428
   -7.5000   30.0000  -37.5000 2070.2400   23.4463
    0.0000   30.0000  -37.5000 2073.5996   23.2104
    7.5000   30.0000  -37.5000 2058.4663   23.3438
   -7.5000   37.5000  -37.5000 2019.8549   24.6356
    0.0000   37.5000  -37.5000 2025.8116   24.3429
    7.5000   37.5000  -37.5000 2008.7905   24.4893
   -7.5000   45.0000  -37.5000 1955.8651   26.3844
    0.0000   45.0000  -37.5000 1955.3195   26.0620
    7.5000   45.0000  -37.5000 1938.3280   26.2448
   -7.5000  -45.0000  -30.0000 1669.8079   39.1316
    0.0000  -45.0000  -30.0000 1673.5745   38.6858
    7.5000  -45.0000  -30.0000 1663.6194   39.2393
   -7.5000  -37.5000  -30.0000 1796.3937   34.0763
    0.0000  -37.5000  -30.0000 1804.4602   33.6379
    7.5000  -37.5000  -30.0000 1793.1353   34.1188
   -7.5000  -30.0000  -30.0000 1915.8826   30.2157
    0.0000  -30.0000  -30.0000 1928.1754   29.8494
    7.5000  -30.0000  -30.0000 1916.0210   30.1904
   -7.5000  -22.5000  -30.0000 2024.5543   27.2611
    0.0000  -22.5000  -30.0000 2039.9581   26.9804
    7.5000  -22.5000  -30.0000 2024.7545   27.1829
   -7.5000  -15.0000  -30.0000 2119.2390   24.9251
    0.0000  -15.0000  -30.0000 2128.3647   24.7440
    7.5000  -15.0000  -30.0000 2119.4182   24.9296
   -7.5000   -7.5000  -30.0000 2179.1975   23.1884
    0.0000   -7.5000  -30.0000 2191.6074   22.9994
    7.5000   -7.5000  -30.0000 2184.0378   23.1172
   -7.5000    0.0000  -30.0000 2215.5256   21.9279
    0.0000    0.0000  -30.0000 2225.4841   21.7629
    7.5000    0.0000  -30.0000 2219.9268   21.8543
   -7.5000    7.5000  -30.0000 2241.8464   21.2646
    0.0000    7.5000  -30.0000 2246.8601   21.0430
    7.5000    7.5000  -30.0000 2247.1697   21.1426
   -7.5000   15.0000  -30.0000 2245.1011   21.0436
    0.0000   15.0000  -30.0000 2261.0903   20.8389
    7.5000   15.0000  -30.0000 2252.7429   20.9177
   -7.5000   22.5000  -30.0000 2238.6968   21.2175
    0.0000   22.5000  -30.0000 2247.3196   21.0287
    7.5000   22.5000  -30.0000 2230.5117   21.1176
   -7.5000   30.0000  -30.0000 2205.2778   21.8521
    0.0000   30.0000  -30.0000 2218.9927   21.6562
    7.5000   30.0000  -30.0000 2197.6140   21.7078
   -7.5000   37.5000  -30.0000 2167.2485   22.9755
    0.0000   37.5000  -30.0000 2171.0608   22.7626
    7.5000   37.5000  -30.0000 2155.9775   22.8396
   -7.5000   45.0000  -30.0000 2093.8784   24.7082
    0.0000   45.0000  -30.0000 2105.3022   24.4496
    7.5000   45.0000  -30.0000 2087.9377   24.5578
   -7.5000  -45.0000  -22.5000 1754.1309   37.0088
    0.0000  -45.0000  -22.5000 1759.5930   36.6056
    7.5000  -45.0000  -22.5000 1748.5531   37.0690
   -7.5000  -37.5000  -22.5000 1886.6011   32.2095
    0.0000  -37.5000  -22.5000 1897.3873   31.9225
    7.5000  -37.5000  -22.5000 1889.5046   32.2421
   -7.5000  -30.0000  -22.5000 2019.7303   28.5129
    0.0000  -30.0000  -22.5000 2028.1705   28.3418
    7.5000  -30.0000  -22.5000 2022.6813   28.4997
   -7.5000  -22.5000  -22.5000 2141.1780   25.7213
    0.0000  -22.5000  -22.5000 2151.9128   25.5357
    7.5000  -22.5000  -22.5000 2140.8557   25.6848
   -7.5000  -15.0000  -22.5000 2233.8928   23.4616
    0.0000  -15.0000  -22.5000 2243.6738   23.2882
    7.5000  -15.0000  -22.5000 2232.9065   23.4119
   -7.5000   -7.5000  -22.5000 2301.7573   21.7720
    0.0000   -7.5000  -22.5000 2310.9463   21.6146
    7.5000   -7.5000  -22.5000 2303.2063   21.7122
   -7.5000    0.0000  -22.5000 2341.6204   20.6494
    0.0000    0.0000  -22.5000 2351.3042   20.4168
    7.5000    0.0000  -22.5000 2338.5825   20.5143
   -7.5000    7.5000  -22.5000 2378.1084   19.9498
    0.0000    7.5000  -22.5000 2382.9397   19.6910
    7.5000    7.5000  -22.5000 2369.6455   19.7949
   -7.5000   15.0000  -22.5000 2384.9456   19.7032
    0.0000   15.0000  -22.5000 2396.5593   19.4456
    7.5000   15.0000  -22.5000 2382.4192   19.5593
   -7.5000   22.5000  -22.5000 2375.6040   19.8365
    0.0000   22.5000  -22.5000 2388.1904   19.6071
    7.5000   22.5000  -22.5000 2373.5017   19.7179
   -7.5000   30.0000  -22.5000 2346.7468   20.4116
    0.0000   30.0000  -22.5000 2361.7014   20.1781
    7.5000   30.0000  -22.5000 2343.1206   20.2510
   -7.5000   37.5000  -22.5000 2297.6174   21.4916
    0.0000   37.5000  -22.5000 2309.8167   21.2714
    7.5000   37.5000  -22.5000 2290.2668   21.2898
   -7.5000   45.0000  -22.5000 2218.9246   23.1300
    0.0000   45.0000  -22.5000 2232.4221   22.8589
    7.5000   45.0000  -22.5000 2212.2913   22.8746
   -7.5000  -45.0000  -15.0000 1813.2651   35.2329
    0.0000  -45.0000  -15.0000 1819.6761   34.9625
    7.5000  -45.0000  -15.0000 1807.0945   35.1757
   -7.5000  -37.5000  -15.0000 1958.3843   30.7206
    0.0000  -37.5000  -15.0000 1968.0077   30.5511
    7.5000  -37.5000  -15.0000 1954.6016   30.6215
   -7.5000  -30.0000  -15.0000 2101.2104   27.2170
    0.0000  -30.0000  -15.0000 2111.8521   27.0413
    7.5000  -30.0000  -15.0000 2097.4565   27.1142
   -7.5000  -22.5000  -15.0000 2219.3145   24.4110
    0.0000  -22.5000  -15.0000 2234.9395   24.2817
    7.5000  -22.5000  -15.0000 2218.5034   24.3442
   -7.5000  -15.0000  -15.0000 2312.8311   22.1772
    0.0000  -15.0000  -15.0000 2329.3098   22.0359
    7.5000  -15.0000  -15.0000 2312.2402   22.0570
   -7.5000   -7.5000  -15.0000 2393.4077   20.5065
    0.0000   -7.5000  -15.0000 2404.0693   20.3028
    7.5000   -7.5000  -15.0000 2392.5608   20.3834
   -7.5000    0.0000  -15.0000 2447.4092   19.4573
    0.0000    0.0000  -15.0000 2454.7554   19.1969
    7.5000    0.0000  -15.0000 2437.8376   19.2870
   -7.5000    7.5000  -15.0000 2491.7490   18.7571
    0.0000    7.5000  -15.0000 2493.1831   18.5039
    7.5000    7.5000  -15.0000 2476.7163   18.5920
   -7.5000   15.0000  -15.0000 2511.4993   18.4907
    0.0000   15.0000  -15.0000 2513.8181   18.2074
    7.5000   15.0000  -15.0000 2495.9976   18.3085
   -7.5000   22.5000  -15.0000 2498.8440   18.6457
    0.0000   22.5000  -15.0000 2510.3604   18.3891
    7.5000   22.5000  -15.0000 2491.0461   18.4716
   -7.5000   30.0000  -15.0000 2460.4475   19.1781
    0.0000   30.0000  -15.0000 2480.6345   18.9213
    7.5000   30.0000  -15.0000 2452.8743   19.0206
   -7.5000   37.5000  -15.0000 2404.0183   20.1792
    0.0000   37.5000  -15.0000 2424.5784   19.9443
    7.5000   37.5000  -15.0000 2394.6514   19.9968
   -7.5000   45.0000  -15.0000 2321.9202   21.6799
    0.0000   45.0000  -15.0000 2336.0396   21.4278
    7.5000   45.0000  -15.0000 2308.6941   21.5030
   -7.5000  -45.0000   -7.5000 1868.8131   33.9996
    0.0000  -45.0000   -7.5000 1875.8247   33.7039
    7.5000  -45.0000   -7.5000 1861.4943   33.9272
   -7.5000  -37.5000   -7.5000 2016.0199   29.4979
    0.0000  -37.5000   -7.5000 2030.2471   29.3516
    7.5000  -37.5000   -7.5000 2011.3789   29.3815
   -7.5000  -30.0000   -7.5000 2160.0273   25.9438
    0.0000  -30.0000   -7.5000 2172.5625   25.8038
    7.5000  -30.0000   -7.5000 2156.5811   25.8500
   -7.5000  -22.5000   -7.5000 2283.8860   23.1597
    0.0000  -22.5000   -7.5000 2293.9329   23.0631
    7.5000  -22.5000   -7.5000 2281.3464   23.1245
   -7.5000  -15.0000   -7.5000 2384.7229   20.9984
    0.0000  -15.0000   -7.5000 2390.2817   20.8593
    7.5000  -15.0000   -7.5000 2377.9724   20.9190
   -7.5000   -7.5000   -7.5000 2472.7378   19.3667
    0.0000   -7.5000   -7.5000 2477.4431   19.1403
    7.5000   -7.5000   -7.5000 2469.6077   19.1989
   -7.5000    0.0000   -7.5000 2541.7507   18.2701
    0.0000    0.0000   -7.5000 2549.5911   18.0336
    7.5000    0.0000   -7.5000 2536.5574   18.1254
   -7.5000    7.5000   -7.5000 2595.0574   17.5883
    0.0000    7.5000   -7.5000 2599.4832   17.3628
    7.5000    7.5000   -7.5000 2581.1733   17.4560
   -7.5000   15.0000   -7.5000 2619.3655   17.2837
    0.0000   15.0000   -7.5000 2625.3579   17.0498
    7.5000   15.0000   -7.5000 2608.7776   17.1753
   -7.5000   22.5000   -7.5000 2600.4836   17.4756
    0.0000   22.5000   -7.5000 2619.1042   17.2567
    7.5000   22.5000   -7.5000 2601.1807   17.3483
   -7.5000   30.0000   -7.5000 2561.5640   18.0047
    0.0000   30.0000   -7.5000 2583.2246   17.7771
    7.5000   30.0000   -7.5000 2562.7871   17.8640
   -7.5000   37.5000   -7.5000 2499.5417   18.9456
    0.0000   37.5000   -7.5000 2520.6733   18.7141
    7.5000   37.5000   -7.5000 2497.1858   18.8135
   -7.5000   45.0000   -7.5000 2406.2888   20.3854
    0.0000   45.0000   -7.5000 2428.4548   20.1180
    7.5000   45.0000   -7.5000 2404.7195   20.1923
   -7.5000  -45.0000    0.0000 1904.0591   32.8579
    0.0000  -45.0000    0.0000 1913.5956   32.6189
    7.5000  -45.0000    0.0000 1903.8849   32.7309
   -7.5000  -37.5000    0.0000 2055.7224   28.3646
    0.0000  -37.5000    0.0000 2072.7654   28.2719
    7.5000  -37.5000    0.0000 2059.6348   28.3401
   -7.5000  -30.0000    0.0000 2195.9490   24.8796
    0.0000  -30.0000    0.0000 2214.2517   24.7622
    7.5000  -30.0000    0.0000 2202.7095   24.8929
   -7.5000  -22.5000    0.0000 2316.9255   22.1259
    0.0000  -22.5000    0.0000 2331.1023   21.9853
    7.5000  -22.5000    0.0000 2319.0225   22.1440
   -7.5000  -15.0000    0.0000 2425.4016   20.0185
    0.0000  -15.0000    0.0000 2434.0281   19.8280
    7.5000  -15.0000    0.0000 2421.1394   19.9526
   -7.5000   -7.5000    0.0000 2529.1233   18.4208
    0.0000   -7.5000    0.0000 2538.7400   18.2075
    7.5000   -7.5000    0.0000 2526.3389   18.2768
   -7.5000    0.0000    0.0000 2605.0352   17.3220
    0.0000    0.0000    0.0000 2620.2397   17.0564
    7.5000    0.0000    0.0000 2609.1377   17.1440
   -7.5000    7.5000    0.0000 2661.9414   16.5728
    0.0000    7.5000    0.0000 2682.0798   16.3312
    7.5000    7.5000    0.0000 2665.9565   16.4619
   -7.5000   15.0000    0.0000 2696.8547   16.2540
    0.0000   15.0000    0.0000 2717.9001   16.0210
    7.5000   15.0000    0.0000 2705.0874   16.1694
   -7.5000   22.5000    0.0000 2685.8367   16.4863
    0.0000   22.5000    0.0000 2717.6926   16.2698
    7.5000   22.5000    0.0000 2703.2664   16.3587
   -7.5000   30.0000    0.0000 2653.3459   17.0259
    0.0000   30.0000    0.0000 2679.0334   16.7962
    7.5000   30.0000    0.0000 2658.3760   16.8713
   -7.5000   37.5000    0.0000 2579.7429   17.9415
    0.0000   37.5000    0.0000 2601.5559   17.6744
    7.5000   37.5000    0.0000 2584.3281   17.7685
   -7.5000   45.0000    0.0000 2477.1748   19.2955
    0.0000   45.0000    0.0000 2501.7202   19.0125
    7.5000   45.0000    0.0000 2483.9773   19.0974
   -7.5000  -45.0000    7.5000 1929.2202   31.9868
    0.0000  -45.0000    7.5000 1948.0355   31.7632
    7.5000  -45.0000    7.5000 1933.4285   31.8763
   -7.5000  -37.5000    7.5000 2082.9778   27.5207
    0.0000  -37.5000    7.5000 2104.8704   27.3442
    7.5000  -37.5000    7.5000 2092.6814   27.4827
   -7.5000  -30.0000    7.5000 2221.8657   24.0731
    0.0000  -30.0000    7.5000 2238.3901   23.8433
    7.5000  -30.0000    7.5000 2230.9102   24.0349
   -7.5000  -22.5000    7.5000 2341.2495   21.3268
    0.0000  -22.5000    7.5000 2355.8550   21.0949
    7.5000  -22.5000    7.5000 2350.7524   21.3004
   -7.5000  -15.0000    7.5000 2455.8188   19.2243
    0.0000  -15.0000    7.5000 2471.3745   19.0076
    7.5000  -15.0000    7.5000 2463.6992   19.1721
   -7.5000   -7.5000    7.5000 2573.2146   17.6972
    0.0000   -7.5000    7.5000 2590.4983   17.4202
    7.5000   -7.5000    7.5000 2579.7932   17.5384
   -7.5000    0.0000    7.5000 2666.4121   16.5687
    0.0000    0.0000    7.5000 2689.1875   16.2960
    7.5000    0.0000    7.5000 2674.7246   16.3935
   -7.5000    7.5000    7.5000 2730.3740   15.7771
    0.0000    7.5000    7.5000 2766.6252   15.5096
    7.5000    7.5000    7.5000 2746.7278   15.6638
   -7.5000   15.0000    7.5000 2773.4070   15.4494
    0.0000   15.0000    7.5000 2810.3872   15.1864
    7.5000   15.0000    7.5000 2796.6138   15.3611
   -7.5000   22.5000    7.5000 2765.9626   15.6921
    0.0000   22.5000    7.5000 2806.9036   15.4457
    7.5000   22.5000    7.5000 2801.0271   15.5149
   -7.5000   30.0000    7.5000 2723.0044   16.2521
    0.0000   30.0000    7.5000 2753.7769   15.9770
    7.5000   30.0000    7.5000 2745.8555   16.0615
   -7.5000   37.5000    7.5000 2645.5024   17.1425
    0.0000   37.5000    7.5000 2672.4702   16.8334
    7.5000   37.5000    7.5000 2664.8445   16.9442
   -7.5000   45.0000    7.5000 2535.5251   18.4545
    0.0000   45.0000    7.5000 2558.8352   18.1544
    7.5000   45.0000    7.5000 2553.9385   18.2810
   -7.5000  -45.0000   15.0000 1930.3071   31.8046
    0.0000  -45.0000   15.0000 1953.0848   31.3969
    7.5000  -45.0000   15.0000 1948.3624   31.5908
   -7.5000  -37.5000   15.0000 2081.8660   27.1733
    0.0000  -37.5000   15.0000 2107.9604   26.8292
    7.5000  -37.5000   15.0000 2099.8413   26.9713
   -7.5000  -30.0000   15.0000 2219.7319   23.5907
    0.0000  -30.0000   15.0000 2243.8499   23.2418
    7.5000  -30.0000   15.0000 2236.9897   23.4421
   -7.5000  -22.5000   15.0000 2348.1270   20.8897
    0.0000  -22.5000   15.0000 2369.2988   20.5355
    7.5000  -22.5000   15.0000 2361.9343   20.7114
   -7.5000  -15.0000   15.0000 2474.0598   18.8177
    0.0000  -15.0000   15.0000 2492.1111   18.4149
    7.5000  -15.0000   15.0000 2481.3921   18.5799
   -7.5000   -7.5000   15.0000 2598.8889   17.2671
    0.0000   -7.5000   15.0000 2615.5029   16.8663
    7.5000   -7.5000   15.0000 2609.9194   17.0130
   -7.5000    0.0000   15.0000 2711.0833   16.1550
    0.0000    0.0000   15.0000 2731.7388   15.7939
    7.5000    0.0000   15.0000 2723.5371   15.9155
   -7.5000    7.5000   15.0000 2790.6565   15.3570
    0.0000    7.5000   15.0000 2832.3213   14.9512
    7.5000    7.5000   15.0000 2810.2632   15.1511
   -7.5000   15.0000   15.0000 2838.0078   14.9685
    0.0000   15.0000   15.0000 2882.9287   14.5408
    7.5000   15.0000   15.0000 2863.2236   14.8241
   -7.5000   22.5000   15.0000 2830.4832   15.2383
    0.0000   22.5000   15.0000 2870.3877   14.8112
    7.5000   22.5000   15.0000 2866.2046   15.0273
   -7.5000   30.0000   15.0000 2769.7622   15.8384
    0.0000   30.0000   15.0000 2802.5752   15.4111
    7.5000   30.0000   15.0000 2807.0044   15.5890
   -7.5000   37.5000   15.0000 2681.8984   16.7088
    0.0000   37.5000   15.0000 2710.4749   16.2983
    7.5000   37.5000   15.0000 2712.4431   16.4784
   -7.5000   45.0000   15.0000 2565.3491   17.9740
    0.0000   45.0000   15.0000 2589.0308   17.5818
    7.5000   45.0000   15.0000 2588.1121   17.7746
   -7.5000  -45.0000   22.5000 1943.9766   32.5022
    0.0000  -45.0000   22.5000 1959.6223   31.7863
    7.5000  -45.0000   22.5000 1956.5410   32.0973
   -7.5000  -37.5000   22.5000 2089.7634   27.5597
    0.0000  -37.5000   22.5000 2105.7029   26.9428
    7.5000  -37.5000   22.5000 2107.3545   27.2164
   -7.5000  -30.0000   22.5000 2226.4727   23.7895
    0.0000  -30.0000   22.5000 2235.5659   23.1479
    7.5000  -30.0000   22.5000 2235.4514   23.3257
   -7.5000  -22.5000   22.5000 2351.2683   20.9260
    0.0000  -22.5000   22.5000 2363.1509   20.3384
    7.5000  -22.5000   22.5000 2359.1970   20.4820
   -7.5000  -15.0000   22.5000 2480.8252   18.8205
    0.0000  -15.0000   22.5000 2492.2473   18.2379
    7.5000  -15.0000   22.5000 2485.3049   18.3150
   -7.5000   -7.5000   22.5000 2611.5256   17.2444
    0.0000   -7.5000   22.5000 2623.1038   16.6563
    7.5000   -7.5000   22.5000 2615.5952   16.7445
   -7.5000    0.0000   22.5000 2728.3213   16.1274
    0.0000    0.0000   22.5000 2743.5793   15.6100
    7.5000    0.0000   22.5000 2736.8645   15.6737
   -7.5000    7.5000   22.5000 2823.3257   15.3447
    0.0000    7.5000   22.5000 2857.7908   14.7845
    7.5000    7.5000   22.5000 2837.8022   14.9555
   -7.5000   15.0000   22.5000 2880.3618   14.9607
    0.0000   15.0000   22.5000 2906.7864   14.2351
    7.5000   15.0000   22.5000 2891.9573   14.5878
   -7.5000   22.5000   22.5000 2866.3213   15.1467
    0.0000   22.5000   22.5000 2896.2529   14.4703
    7.5000   22.5000   22.5000 2888.1929   14.7628
   -7.5000   30.0000   22.5000 2800.3804   15.7323
    0.0000   30.0000   22.5000 2824.9570   15.1869
    7.5000   30.0000   22.5000 2822.5396   15.3950
   -7.5000   37.5000   22.5000 2709.5188   16.5960
    0.0000   37.5000   22.5000 2730.3645   16.1521
    7.5000   37.5000   22.5000 2724.4922   16.2718
   -7.5000   45.0000   22.5000 2589.4822   17.8869
    0.0000   45.0000   22.5000 2600.8152   17.4541
    7.5000   45.0000   22.5000 2597.9451   17.5163
   -7.5000  -45.0000   30.0000 1915.5675   33.2457
    0.0000  -45.0000   30.0000 1938.1809   32.6007
    7.5000  -45.0000   30.0000 1926.8905   32.6338
   -7.5000  -37.5000   30.0000 2061.9692   28.0872
    0.0000  -37.5000   30.0000 2085.7544   27.4979
    7.5000  -37.5000   30.0000 2081.5310   27.5088
   -7.5000  -30.0000   30.0000 2209.3223   24.3105
    0.0000  -30.0000   30.0000 2221.3572   23.6301
    7.5000  -30.0000   30.0000 2217.2927   23.6420
   -7.5000  -22.5000   30.0000 2337.4443   21.3652
    0.0000  -22.5000   30.0000 2351.0649   20.6857
    7.5000  -22.5000   30.0000 2345.7466   20.7356
   -7.5000  -15.0000   30.0000 2472.3770   19.2255
    0.0000  -15.0000   30.0000 2479.1553   18.5372
    7.5000  -15.0000   30.0000 2473.1250   18.5177
   -7.5000   -7.5000   30.0000 2607.3848   17.6824
    0.0000   -7.5000   30.0000 2612.5469   16.9801
    7.5000   -7.5000   30.0000 2602.6301   16.9337
   -7.5000    0.0000   30.0000 2723.7463   16.5817
    0.0000    0.0000   30.0000 2736.1228   15.9919
    7.5000    0.0000   30.0000 2725.9873   15.8995
   -7.5000    7.5000   30.0000 2829.4927   15.8485
    0.0000    7.5000   30.0000 2862.4263   15.2760
    7.5000    7.5000   30.0000 2833.1003   15.2931
   -7.5000   15.0000   30.0000 2883.6277   15.5125
    0.0000   15.0000   30.0000 2924.3047   14.9497
    7.5000   15.0000   30.0000 2883.2048   14.9801
   -7.5000   22.5000   30.0000 2868.7939   15.5217
    0.0000   22.5000   30.0000 2904.5532   15.0159
    7.5000   22.5000   30.0000 2873.9231   15.0504
   -7.5000   30.0000   30.0000 2802.2039   15.9294
    0.0000   30.0000   30.0000 2832.6309   15.5397
    7.5000   30.0000   30.0000 2812.1631   15.5414
   -7.5000   37.5000   30.0000 2706.3694   16.7925
    0.0000   37.5000   30.0000 2726.1833   16.4456
    7.5000   37.5000   30.0000 2715.4106   16.4532
   -7.5000   45.0000   30.0000 2579.9536   18.0780
    0.0000   45.0000   30.0000 2599.7476   17.7260
    7.5000   45.0000   30.0000 2589.1958   17.7391
   -7.5000  -45.0000   37.5000 1894.6614   34.7936
    0.0000  -45.0000   37.5000 1911.6469   33.9300
    7.5000  -45.0000   37.5000 1909.2437   33.8996
   -7.5000  -37.5000   37.5000 2050.6409   29.2726
    0.0000  -37.5000   37.5000 2059.2573   28.4032
    7.5000  -37.5000   37.5000 2065.5715   28.4089
   -7.5000  -30.0000   37.5000 2191.2495   25.1226
    0.0000  -30.0000   37.5000 2198.4216   24.2949
    7.5000  -30.0000   37.5000 2200.3623   24.3217
   -7.5000  -22.5000   37.5000 2320.2290   22.0724
    0.0000  -22.5000   37.5000 2332.8352   21.3695
    7.5000  -22.5000   37.5000 2327.1924   21.3352
   -7.5000  -15.0000   37.5000 2448.8311   19.9164
    0.0000  -15.0000   37.5000 2467.0974   19.2854
    7.5000  -15.0000   37.5000 2455.1919   19.2005
   -7.5000   -7.5000   37.5000 2585.4075   18.3856
    0.0000   -7.5000   37.5000 2610.6682   17.8514
    7.5000   -7.5000   37.5000 2591.4023   17.7034
   -7.5000    0.0000   37.5000 2697.2422   17.3173
    0.0000    0.0000   37.5000 2736.7539   16.8652
    7.5000    0.0000   37.5000 2719.5518   16.7217
   -7.5000    7.5000   37.5000 2789.1729   16.6019
    0.0000    7.5000   37.5000 2840.1318   16.0659
    7.5000    7.5000   37.5000 2808.2009   15.9902
   -7.5000   15.0000   37.5000 2843.0461   16.3014
    0.0000   15.0000   37.5000 2890.6682   15.8385
    7.5000   15.0000   37.5000 2853.8020   15.7889
   -7.5000   22.5000   37.5000 2830.7920   16.2850
    0.0000   22.5000   37.5000 2877.2000   15.9523
    7.5000   22.5000   37.5000 2840.5969   15.8407
   -7.5000   30.0000   37.5000 2765.0664   16.6176
    0.0000   30.0000   37.5000 2804.5469   16.3536
    7.5000   30.0000   37.5000 2772.9658   16.2567
   -7.5000   37.5000   37.5000 2668.8767   17.3873
    0.0000   37.5000   37.5000 2695.2124   17.1031
    7.5000   37.5000   37.5000 2676.3574   17.0543
   -7.5000   45.0000   37.5000 2550.6160   18.5578
    0.0000   45.0000   37.5000 2570.4109   18.2196
    7.5000   45.0000   37.5000 2557.5244   18.2385
   -7.5000  -45.0000   45.0000 1854.6891   36.2160
    0.0000  -45.0000   45.0000 1869.6510   35.2998
    7.5000  -45.0000   45.0000 1866.7109   35.2366
   -7.5000  -37.5000   45.0000 2012.1204   30.5294
    0.0000  -37.5000   45.0000 2025.1772   29.6781
    7.5000  -37.5000   45.0000 2029.1962   29.6405
   -7.5000  -30.0000   45.0000 2159.0769   26.3534
    0.0000  -30.0000   45.0000 2175.6184   25.6738
    7.5000  -30.0000   45.0000 2173.7231   25.5915
   -7.5000  -22.5000   45.0000 2286.9800   23.2939
    0.0000  -22.5000   45.0000 2309.8794   22.7051
    7.5000  -22.5000   45.0000 2307.9751   22.6308
   -7.5000  -15.0000   45.0000 2415.5393   21.1215
    0.0000  -15.0000   45.0000 2444.1890   20.5109
    7.5000  -15.0000   45.0000 2440.2810   20.4290
   -7.5000   -7.5000   45.0000 2545.8779   19.5081
    0.0000   -7.5000   45.0000 2578.1257   18.8928
    7.5000   -7.5000   45.0000 2571.4297   18.8196
   -7.5000    0.0000   45.0000 2648.7454   18.3452
    0.0000    0.0000   45.0000 2688.8259   17.6688
    7.5000    0.0000   45.0000 2682.2983   17.6403
   -7.5000    7.5000   45.0000 2722.4431   17.4859
    0.0000    7.5000   45.0000 2765.4656   16.8208
    7.5000    7.5000   45.0000 2755.0305   16.8978
   -7.5000   15.0000   45.0000 2767.7358   17.0766
    0.0000   15.0000   45.0000 2807.3105   16.5371
    7.5000   15.0000   45.0000 2791.5095   16.6253
   -7.5000   22.5000   45.0000 2755.7698   17.1096
    0.0000   22.5000   45.0000 2792.9385   16.6073
    7.5000   22.5000   45.0000 2778.8528   16.6770
   -7.5000   30.0000   45.0000 2698.0920   17.5786
    0.0000   30.0000   45.0000 2721.6379   17.1209
    7.5000   30.0000   45.0000 2714.7993   17.1444
   -7.5000   37.5000   45.0000 2612.2161   18.3800
    0.0000   37.5000   45.0000 2629.4651   17.9900
    7.5000   37.5000   45.0000 2625.0366   18.0047
   -7.5000   45.0000   45.0000 2498.3513   19.4895
    0.0000   45.0000   45.0000 2517.9758   19.1752
    7.5000   45.0000   45.0000 2507.1072   19.1748

---------------------------------------------------------------------
imgreg_4dfp /opt/freesurfer/average/711-2C_as_mni_average_305 /opt/freesurfer/average/711-2B_as_mni_average_305_mask talsrcimg_g11 none talsrcimg_to_711-2C_as_mni_average_305_t4 1283
---------------------------------------------------------------------

freesurfer imgreg_4dfp.c
/opt/freesurfer/average/711-2C_as_mni_average_305.4dfp.img
       256       256       256         1
  1.000000  1.000000  1.000000
orientation T byte_order littleendian
Reading image: /opt/freesurfer/average/711-2C_as_mni_average_305.4dfp.img
dimensions:      256       256       256
mmppix:       1.0000   -1.0000   -1.0000
center:     128.0000 -129.0000 -129.0000
/opt/freesurfer/average/711-2B_as_mni_average_305_mask.4dfp.img
       256       256       256         1
  1.000000  1.000000  1.000000
orientation T byte_order littleendian
Reading mask: /opt/freesurfer/average/711-2B_as_mni_average_305_mask.4dfp.img (2306576 pixels)
talsrcimg_g11.4dfp.img
       256       256       256         1
  1.000000  1.000000  1.000000
orientation T byte_order littleendian
Reading image: talsrcimg_g11.4dfp.img
dimensions:      256       256       256
mmppix:       1.0000   -1.0000   -1.0000
center:     128.0000 -129.0000 -129.0000
rotation matrix determinant  1.000000
fimgreg.f
image alignment mode   1283 decimal      503 hex
parameters
    0.0000   15.0000   30.0000    0.0000    0.0000    0.0000
eta,q 0.91980 14.92601
niter,ni,del,rscale     5    3   12.0000    1.2000
parameter  5  0.743940 ->  0.500000 qaram    1.1500
parameters
   -0.2682   15.8885   30.7038    0.6565   -3.4500    1.4144
eta,q 0.92449 14.88982
  0.0927  0.0967  0.0846  0.0870  0.0787  0.0821
  0.0848  0.0908  0.0854  0.0847  0.0765  0.0801
  0.0812  0.0854  0.0837  0.0817  0.0772  0.0781
  0.0830  0.0821  0.0817  0.0803  0.0803  0.0762
  0.0857  0.0825  0.0792  0.0809  0.0842  0.0755
  0.0872  0.0857  0.0806  0.0824  0.0874  0.0765
  0.0924  0.0907  0.0862  0.0851  0.0914  0.0791
niter,ni,del,rscale     5    3   12.0000    1.2000
parameters
    0.8040   16.0599   30.3537    0.8922   -4.7730    2.1484
eta,q 0.92572 14.78663
  0.0972  0.0907  0.0825  0.0835  0.0827  0.0805
  0.0901  0.0833  0.0815  0.0803  0.0784  0.0784
  0.0812  0.0768  0.0775  0.0760  0.0751  0.0764
  0.0755  0.0751  0.0752  0.0754  0.0755  0.0746
  0.0765  0.0778  0.0755  0.0770  0.0798  0.0743
  0.0824  0.0834  0.0805  0.0793  0.0846  0.0760
  0.0867  0.0878  0.0874  0.0821  0.0882  0.0790
niter,ni,del,rscale     4    3   12.0000    1.2000
parameters
    1.4806   16.1440   30.2745    1.0728   -5.4650    2.6075
eta,q 0.92591 14.75304
  0.0939  0.0902  0.0819  0.0823  0.0835  0.0799
  0.0865  0.0820  0.0816  0.0787  0.0791  0.0778
  0.0790  0.0755  0.0773  0.0748  0.0753  0.0757
  0.0743  0.0743  0.0743  0.0743  0.0744  0.0742
  0.0768  0.0771  0.0745  0.0762  0.0781  0.0743
  0.0830  0.0830  0.0790  0.0786  0.0826  0.0761
  0.0866  0.0877  0.0853  0.0806  0.0863  0.0790
niter,ni,del,rscale     3    3   12.0000    1.2000
parameters
    1.9424   16.1740   30.3664    1.1655   -5.9256    2.9055
eta,q 0.92581 14.75904
  0.0921  0.0901  0.0821  0.0818  0.0836  0.0796
  0.0851  0.0816  0.0821  0.0780  0.0794  0.0775
  0.0778  0.0753  0.0777  0.0743  0.0754  0.0755
  0.0741  0.0743  0.0743  0.0743  0.0743  0.0743
  0.0777  0.0771  0.0742  0.0763  0.0774  0.0745
  0.0832  0.0831  0.0784  0.0784  0.0818  0.0763
  0.0867  0.0880  0.0848  0.0802  0.0853  0.0792
niter,ni,del,rscale     2    3   12.0000    1.2000
parameters
    2.2835   16.2071   30.4844    1.1828   -6.3022    3.1058
eta,q 0.92581 14.77768
  0.0914  0.0901  0.0825  0.0816  0.0836  0.0794
  0.0843  0.0817  0.0826  0.0777  0.0792  0.0773
  0.0772  0.0755  0.0779  0.0741  0.0753  0.0754
  0.0742  0.0745  0.0745  0.0744  0.0744  0.0742
  0.0780  0.0771  0.0742  0.0764  0.0771  0.0745
  0.0832  0.0831  0.0786  0.0784  0.0814  0.0763
  0.0869  0.0881  0.0853  0.0802  0.0848  0.0793
niter,ni,del,rscale     1    3   12.0000    1.2000
parameters
    2.5673   16.2664   30.5772    1.1550   -6.6501    3.2817
eta,q 0.92587 14.79244
  0.0911  0.0902  0.0829  0.0814  0.0837  0.0793
  0.0838  0.0819  0.0827  0.0775  0.0789  0.0773
  0.0768  0.0756  0.0778  0.0740  0.0751  0.0753
  0.0742  0.0744  0.0744  0.0744  0.0743  0.0742
  0.0780  0.0770  0.0743  0.0764  0.0770  0.0745
  0.0831  0.0830  0.0788  0.0784  0.0811  0.0763
  0.0871  0.0881  0.0858  0.0801  0.0845  0.0794
registration optimization eta report
parameter search radius
    6.0000    6.0000    6.0000    6.0000    6.9000    6.0000
100000*second partial in parameter space
       39.       40.       27.       17.       20.       14.
  0.0911  0.0902  0.0829  0.0814  0.0837  0.0793
  0.0838  0.0819  0.0827  0.0775  0.0789  0.0773
  0.0768  0.0756  0.0778  0.0740  0.0751  0.0753
  0.0742  0.0744  0.0744  0.0744  0.0743  0.0742
  0.0780  0.0770  0.0743  0.0764  0.0770  0.0745
  0.0831  0.0830  0.0788  0.0784  0.0811  0.0763
  0.0871  0.0881  0.0858  0.0801  0.0845  0.0794
    2.5673   16.2664   30.5772    1.1550   -6.6501    3.2817
eta,q 0.92587 14.79244

---------------------------------------------------------------------
imgreg_4dfp /opt/freesurfer/average/711-2C_as_mni_average_305 /opt/freesurfer/average/711-2B_as_mni_average_305_mask talsrcimg_g11 none talsrcimg_to_711-2C_as_mni_average_305_t4 3335
---------------------------------------------------------------------

freesurfer imgreg_4dfp.c
/opt/freesurfer/average/711-2C_as_mni_average_305.4dfp.img
       256       256       256         1
  1.000000  1.000000  1.000000
orientation T byte_order littleendian
Reading image: /opt/freesurfer/average/711-2C_as_mni_average_305.4dfp.img
dimensions:      256       256       256
mmppix:       1.0000   -1.0000   -1.0000
center:     128.0000 -129.0000 -129.0000
/opt/freesurfer/average/711-2B_as_mni_average_305_mask.4dfp.img
       256       256       256         1
  1.000000  1.000000  1.000000
orientation T byte_order littleendian
Reading mask: /opt/freesurfer/average/711-2B_as_mni_average_305_mask.4dfp.img (2306576 pixels)
talsrcimg_g11.4dfp.img
       256       256       256         1
  1.000000  1.000000  1.000000
orientation T byte_order littleendian
Reading image: talsrcimg_g11.4dfp.img
dimensions:      256       256       256
mmppix:       1.0000   -1.0000   -1.0000
center:     128.0000 -129.0000 -129.0000
fimgreg.f
image alignment mode   3335 decimal      D07 hex
parameters
    2.5673   16.2664   30.5772   -0.8357   -0.1709   -0.6930
   -5.4903   11.6746    5.6860   -1.3496  -11.5806    2.0022
eta,q 0.92616 14.98913
niter,ni,del,rscale     5    3    5.0000    1.2000
parameter  4  2.114223 ->  0.500000 qaram    1.1500
parameter  5  2.335087 ->  0.500000 qaram    1.1500
parameters
    2.4898   16.8259   31.0469   -4.9757   -4.3109   -4.1917
   -4.8442    9.3522    3.7271   -0.3697  -10.6735    5.3386
eta,q 0.93990 14.66769
  0.0761  0.0763  0.0773  0.0640  0.0585  0.0624  0.0632  0.0629  0.0610  0.0632  0.0622  0.0613
  0.0749  0.0751  0.0760  0.0659  0.0609  0.0615  0.0620  0.0608  0.0605  0.0618  0.0609  0.0609
  0.0741  0.0742  0.0747  0.0691  0.0634  0.0607  0.0613  0.0604  0.0603  0.0608  0.0603  0.0605
  0.0738  0.0738  0.0738  0.0736  0.0667  0.0615  0.0609  0.0609  0.0604  0.0603  0.0602  0.0603
  0.0742  0.0738  0.0737  0.0790  0.0703  0.0662  0.0611  0.0627  0.0608  0.0603  0.0604  0.0601
  0.0751  0.0741  0.0743  0.0845  0.0744  0.0720  0.0616  0.0655  0.0615  0.0609  0.0607  0.0601
  0.0765  0.0747  0.0756  0.0896  0.0791  0.0780  0.0625  0.0690  0.0624  0.0620  0.0612  0.0603
niter,ni,del,rscale     6    3    5.0000    1.2000
parameter  3  3.440876 ->  0.500000 qaram    1.1500
parameter  4  0.689940 ->  0.500000 qaram    1.3225
parameter  5  1.796818 ->  0.500000 qaram    1.3225
parameter 12  1.340010 ->  0.500000 qaram    1.1500
parameters
    2.8163   17.6110   29.6669   -9.7367   -9.0719   -6.6569
   -4.6453    9.2816    4.9467    0.7662  -13.1791    1.1986
eta,q 0.94957 14.05484
  0.0634  0.0624  0.0544  0.0540  0.0483  0.0514  0.0533  0.0540  0.0528  0.0526  0.0511  0.0502
  0.0617  0.0613  0.0557  0.0536  0.0499  0.0515  0.0521  0.0521  0.0519  0.0520  0.0509  0.0504
  0.0606  0.0605  0.0576  0.0543  0.0517  0.0511  0.0513  0.0512  0.0514  0.0514  0.0509  0.0506
  0.0601  0.0601  0.0599  0.0562  0.0537  0.0504  0.0511  0.0511  0.0511  0.0510  0.0509  0.0509
  0.0602  0.0599  0.0624  0.0597  0.0563  0.0512  0.0513  0.0515  0.0511  0.0509  0.0511  0.0512
  0.0608  0.0601  0.0649  0.0652  0.0596  0.0548  0.0520  0.0524  0.0514  0.0512  0.0513  0.0516
  0.0620  0.0605  0.0673  0.0709  0.0634  0.0586  0.0530  0.0539  0.0519  0.0520  0.0516  0.0521
niter,ni,del,rscale     7    3    5.0000    1.2000
parameter  3  8.693426 ->  0.500000 qaram    1.3225
parameter  5  1.012480 ->  0.500000 qaram    1.5209
parameters
    3.5796   17.4217   28.0799  -11.7937  -14.5470   -8.1201
   -5.9841   10.2594    6.4012    0.5171  -14.3118   -1.5556
eta,q 0.95797 13.71714
  0.0548  0.0514  0.0420  0.0487  0.0423  0.0446  0.0439  0.0474  0.0442  0.0442  0.0427  0.0427
  0.0529  0.0506  0.0443  0.0471  0.0420  0.0434  0.0428  0.0445  0.0432  0.0430  0.0423  0.0422
  0.0514  0.0501  0.0471  0.0457  0.0432  0.0426  0.0423  0.0430  0.0426  0.0424  0.0422  0.0420
  0.0504  0.0501  0.0501  0.0451  0.0453  0.0422  0.0424  0.0423  0.0423  0.0423  0.0422  0.0422
  0.0501  0.0504  0.0531  0.0463  0.0480  0.0428  0.0430  0.0425  0.0423  0.0426  0.0424  0.0427
  0.0504  0.0510  0.0561  0.0503  0.0508  0.0452  0.0441  0.0435  0.0425  0.0433  0.0427  0.0435
  0.0515  0.0518  0.0591  0.0563  0.0545  0.0497  0.0455  0.0450  0.0431  0.0444  0.0430  0.0445
niter,ni,del,rscale     7    3    5.0000    1.2000
parameter  3  2.041675 ->  0.500000 qaram    1.5209
parameters
    3.7985   18.3419   26.2548  -11.2439  -16.8257   -8.8432
   -6.5918   10.7970    6.5492    3.4149  -13.8324   -2.9116
eta,q 0.96300 13.61558
  0.0453  0.0462  0.0359  0.0429  0.0410  0.0421  0.0393  0.0433  0.0386  0.0417  0.0382  0.0379
  0.0436  0.0443  0.0370  0.0408  0.0390  0.0402  0.0381  0.0397  0.0379  0.0398  0.0374  0.0374
  0.0425  0.0429  0.0390  0.0390  0.0375  0.0384  0.0375  0.0378  0.0375  0.0384  0.0371  0.0371
  0.0420  0.0420  0.0416  0.0375  0.0373  0.0372  0.0374  0.0374  0.0374  0.0374  0.0370  0.0370
  0.0422  0.0416  0.0446  0.0367  0.0392  0.0379  0.0378  0.0380  0.0376  0.0370  0.0371  0.0373
  0.0429  0.0418  0.0478  0.0384  0.0424  0.0410  0.0387  0.0393  0.0379  0.0372  0.0374  0.0379
  0.0443  0.0426  0.0511  0.0432  0.0455  0.0460  0.0400  0.0413  0.0385  0.0379  0.0378  0.0387
niter,ni,del,rscale     7    3    5.0000    1.2000
parameter  3  0.888138 ->  0.500000 qaram    1.7490
parameters
    3.6585   19.2178   24.1560  -10.7122  -17.1359   -9.7309
   -6.5062   10.9404    7.2790    5.8219  -12.5967   -5.2310
eta,q 0.96621 13.61383
  0.0396  0.0410  0.0341  0.0395  0.0390  0.0391  0.0364  0.0403  0.0356  0.0386  0.0357  0.0343
  0.0381  0.0392  0.0339  0.0373  0.0366  0.0373  0.0351  0.0364  0.0349  0.0366  0.0344  0.0339
  0.0372  0.0379  0.0347  0.0355  0.0348  0.0353  0.0344  0.0343  0.0344  0.0351  0.0339  0.0338
  0.0370  0.0370  0.0366  0.0340  0.0338  0.0338  0.0341  0.0341  0.0342  0.0342  0.0338  0.0339
  0.0374  0.0366  0.0394  0.0331  0.0344  0.0347  0.0344  0.0350  0.0342  0.0338  0.0340  0.0341
  0.0385  0.0369  0.0427  0.0349  0.0368  0.0392  0.0351  0.0366  0.0345  0.0341  0.0342  0.0346
  0.0403  0.0377  0.0464  0.0399  0.0399  0.0436  0.0363  0.0392  0.0352  0.0351  0.0345  0.0353
niter,ni,del,rscale     7    3    5.0000    1.2000
parameters
    3.4171   19.5636   22.6584  -10.0417  -16.9669  -10.5433
   -6.7416   10.5765    7.9357    7.4742  -11.2792   -6.4591
eta,q 0.96728 13.63139
  0.0361  0.0370  0.0354  0.0386  0.0382  0.0378  0.0349  0.0386  0.0344  0.0368  0.0350  0.0334
  0.0347  0.0354  0.0333  0.0364  0.0356  0.0360  0.0337  0.0347  0.0336  0.0348  0.0334  0.0329
  0.0340  0.0343  0.0330  0.0346  0.0338  0.0340  0.0331  0.0329  0.0330  0.0335  0.0328  0.0327
  0.0338  0.0338  0.0337  0.0329  0.0326  0.0326  0.0329  0.0329  0.0328  0.0328  0.0327  0.0327
  0.0342  0.0338  0.0357  0.0318  0.0329  0.0332  0.0331  0.0339  0.0328  0.0327  0.0328  0.0329
  0.0354  0.0344  0.0386  0.0336  0.0351  0.0377  0.0339  0.0360  0.0332  0.0332  0.0331  0.0333
  0.0374  0.0356  0.0424  0.0388  0.0383  0.0420  0.0352  0.0393  0.0339  0.0343  0.0334  0.0339
niter,ni,del,rscale     6    3    5.0000    1.2000
parameters
    3.2378   19.7147   22.0899   -9.4728  -16.9235  -10.9827
   -7.1060   10.1049    8.0357    8.0566  -10.2180   -6.9605
eta,q 0.96765 13.63954
  0.0352  0.0355  0.0369  0.0383  0.0377  0.0377  0.0343  0.0382  0.0337  0.0355  0.0345  0.0331
  0.0338  0.0340  0.0335  0.0360  0.0352  0.0359  0.0332  0.0343  0.0330  0.0337  0.0330  0.0326
  0.0330  0.0331  0.0325  0.0342  0.0334  0.0338  0.0326  0.0324  0.0325  0.0327  0.0324  0.0324
  0.0327  0.0327  0.0327  0.0325  0.0322  0.0322  0.0324  0.0324  0.0323  0.0323  0.0323  0.0324
  0.0331  0.0329  0.0340  0.0314  0.0325  0.0322  0.0327  0.0335  0.0324  0.0325  0.0325  0.0325
  0.0342  0.0337  0.0361  0.0334  0.0348  0.0364  0.0335  0.0358  0.0328  0.0332  0.0328  0.0328
  0.0363  0.0349  0.0391  0.0387  0.0382  0.0405  0.0348  0.0395  0.0337  0.0345  0.0332  0.0333
niter,ni,del,rscale     5    3    5.0000    1.2000
parameters
    3.1449   19.8046   21.7783   -9.1988  -16.9992  -11.2652
   -7.3013    9.7362    7.9338    8.3083   -9.5406   -7.1263
eta,q 0.96777 13.62899
  0.0352  0.0350  0.0373  0.0379  0.0375  0.0377  0.0343  0.0383  0.0335  0.0350  0.0341  0.0331
  0.0336  0.0336  0.0335  0.0358  0.0350  0.0358  0.0331  0.0343  0.0328  0.0334  0.0328  0.0325
  0.0327  0.0327  0.0323  0.0340  0.0332  0.0338  0.0325  0.0324  0.0323  0.0324  0.0322  0.0323
  0.0324  0.0324  0.0324  0.0323  0.0321  0.0321  0.0322  0.0322  0.0322  0.0322  0.0322  0.0322
  0.0327  0.0326  0.0335  0.0313  0.0325  0.0319  0.0325  0.0333  0.0323  0.0325  0.0324  0.0324
  0.0338  0.0334  0.0355  0.0336  0.0347  0.0359  0.0333  0.0356  0.0328  0.0332  0.0327  0.0326
  0.0359  0.0346  0.0381  0.0390  0.0382  0.0399  0.0346  0.0393  0.0336  0.0346  0.0332  0.0331
niter,ni,del,rscale     4    3    5.0000    1.2000
parameters
    3.0843   19.8853   21.5691   -9.0375  -17.0980  -11.4906
   -7.3498    9.4958    7.7870    8.4780   -9.1466   -7.1919
eta,q 0.96782 13.61429
  0.0352  0.0348  0.0375  0.0377  0.0374  0.0377  0.0343  0.0385  0.0334  0.0349  0.0339  0.0331
  0.0336  0.0334  0.0336  0.0356  0.0349  0.0357  0.0331  0.0345  0.0327  0.0333  0.0327  0.0325
  0.0326  0.0325  0.0322  0.0338  0.0332  0.0338  0.0324  0.0324  0.0323  0.0324  0.0322  0.0322
  0.0322  0.0322  0.0322  0.0322  0.0321  0.0321  0.0322  0.0322  0.0322  0.0322  0.0322  0.0322
  0.0325  0.0325  0.0333  0.0313  0.0324  0.0318  0.0324  0.0331  0.0323  0.0324  0.0324  0.0323
  0.0336  0.0332  0.0353  0.0337  0.0347  0.0357  0.0332  0.0354  0.0327  0.0332  0.0328  0.0326
  0.0357  0.0345  0.0377  0.0391  0.0381  0.0396  0.0344  0.0390  0.0335  0.0345  0.0333  0.0330
niter,ni,del,rscale     3    3    5.0000    1.2000
parameters
    3.0367   19.9606   21.4023   -8.9312  -17.1915  -11.6967
   -7.3507    9.3349    7.6723    8.6216   -8.9057   -7.2237
eta,q 0.96782 13.59905
  0.0352  0.0347  0.0376  0.0376  0.0373  0.0376  0.0343  0.0386  0.0334  0.0348  0.0338  0.0331
  0.0336  0.0333  0.0336  0.0356  0.0349  0.0357  0.0331  0.0346  0.0327  0.0332  0.0326  0.0325
  0.0326  0.0325  0.0322  0.0338  0.0332  0.0338  0.0324  0.0325  0.0323  0.0324  0.0322  0.0322
  0.0322  0.0322  0.0322  0.0321  0.0321  0.0321  0.0322  0.0322  0.0322  0.0322  0.0322  0.0322
  0.0325  0.0324  0.0333  0.0314  0.0324  0.0318  0.0324  0.0331  0.0323  0.0324  0.0324  0.0323
  0.0336  0.0332  0.0352  0.0338  0.0346  0.0356  0.0331  0.0353  0.0327  0.0332  0.0328  0.0326
  0.0357  0.0344  0.0375  0.0392  0.0380  0.0395  0.0343  0.0389  0.0335  0.0345  0.0333  0.0330
niter,ni,del,rscale     2    3    5.0000    1.2000
parameters
    2.9986   20.0330   21.2498   -8.8598  -17.2862  -11.8976
   -7.3367    9.2226    7.5793    8.7619   -8.7475   -7.2365
eta,q 0.96780 13.58284
  0.0352  0.0347  0.0376  0.0376  0.0373  0.0376  0.0343  0.0387  0.0333  0.0348  0.0338  0.0331
  0.0336  0.0333  0.0336  0.0355  0.0349  0.0357  0.0331  0.0346  0.0327  0.0332  0.0326  0.0325
  0.0326  0.0325  0.0322  0.0338  0.0332  0.0338  0.0324  0.0325  0.0323  0.0324  0.0322  0.0323
  0.0322  0.0322  0.0322  0.0321  0.0321  0.0321  0.0322  0.0322  0.0322  0.0322  0.0322  0.0322
  0.0325  0.0324  0.0333  0.0314  0.0324  0.0319  0.0324  0.0331  0.0323  0.0324  0.0324  0.0323
  0.0335  0.0332  0.0352  0.0338  0.0346  0.0356  0.0331  0.0352  0.0327  0.0332  0.0328  0.0326
  0.0356  0.0344  0.0374  0.0392  0.0380  0.0394  0.0343  0.0388  0.0335  0.0345  0.0334  0.0330
niter,ni,del,rscale     1    3    5.0000    1.2000
parameters
    2.9661   20.1011   21.1022   -8.8006  -17.3853  -12.0979
   -7.3036    9.1338    7.4990    8.8976   -8.6379   -7.1767
eta,q 0.96778 13.56558
  0.0353  0.0347  0.0376  0.0376  0.0372  0.0376  0.0344  0.0387  0.0334  0.0347  0.0338  0.0331
  0.0336  0.0333  0.0336  0.0355  0.0348  0.0357  0.0332  0.0347  0.0327  0.0332  0.0326  0.0326
  0.0326  0.0325  0.0323  0.0338  0.0332  0.0338  0.0325  0.0325  0.0323  0.0324  0.0322  0.0323
  0.0322  0.0322  0.0322  0.0322  0.0321  0.0321  0.0322  0.0322  0.0322  0.0322  0.0322  0.0322
  0.0325  0.0324  0.0333  0.0314  0.0324  0.0319  0.0324  0.0331  0.0323  0.0325  0.0324  0.0323
  0.0335  0.0332  0.0352  0.0339  0.0346  0.0356  0.0331  0.0352  0.0327  0.0332  0.0328  0.0326
  0.0356  0.0344  0.0373  0.0392  0.0380  0.0394  0.0343  0.0387  0.0335  0.0345  0.0334  0.0330
registration optimization eta report
parameter search radius
    2.4000    2.4000    4.1976    9.5220   10.9503    7.2000
    7.2000    7.2000    7.2000    7.2000    7.2000    8.2800
100000*second partial in parameter space
       57.       40.       30.        7.        5.       12.
        4.       13.        2.        5.        3.        1.
  0.0353  0.0347  0.0376  0.0376  0.0372  0.0376  0.0344  0.0387  0.0334  0.0347  0.0338  0.0331
  0.0336  0.0333  0.0336  0.0355  0.0348  0.0357  0.0332  0.0347  0.0327  0.0332  0.0326  0.0326
  0.0326  0.0325  0.0323  0.0338  0.0332  0.0338  0.0325  0.0325  0.0323  0.0324  0.0322  0.0323
  0.0322  0.0322  0.0322  0.0322  0.0321  0.0321  0.0322  0.0322  0.0322  0.0322  0.0322  0.0322
  0.0325  0.0324  0.0333  0.0314  0.0324  0.0319  0.0324  0.0331  0.0323  0.0325  0.0324  0.0323
  0.0335  0.0332  0.0352  0.0339  0.0346  0.0356  0.0331  0.0352  0.0327  0.0332  0.0328  0.0326
  0.0356  0.0344  0.0373  0.0392  0.0380  0.0394  0.0343  0.0387  0.0335  0.0345  0.0334  0.0330
    2.9661   20.1011   21.1022   -8.8006  -17.3853  -12.0979
   -7.3036    9.1338    7.4990    8.8976   -8.6379   -7.1767
eta,q 0.96778 13.56558

---------------------------------------------------------------------
imgreg_4dfp /opt/freesurfer/average/711-2C_as_mni_average_305 /opt/freesurfer/average/711-2B_as_mni_average_305_mask talsrcimg_g11 none talsrcimg_to_711-2C_as_mni_average_305_t4 2311
---------------------------------------------------------------------

freesurfer imgreg_4dfp.c
/opt/freesurfer/average/711-2C_as_mni_average_305.4dfp.img
       256       256       256         1
  1.000000  1.000000  1.000000
orientation T byte_order littleendian
Reading image: /opt/freesurfer/average/711-2C_as_mni_average_305.4dfp.img
dimensions:      256       256       256
mmppix:       1.0000   -1.0000   -1.0000
center:     128.0000 -129.0000 -129.0000
/opt/freesurfer/average/711-2B_as_mni_average_305_mask.4dfp.img
       256       256       256         1
  1.000000  1.000000  1.000000
orientation T byte_order littleendian
Reading mask: /opt/freesurfer/average/711-2B_as_mni_average_305_mask.4dfp.img (2306576 pixels)
talsrcimg_g11.4dfp.img
       256       256       256         1
  1.000000  1.000000  1.000000
orientation T byte_order littleendian
Reading image: talsrcimg_g11.4dfp.img
dimensions:      256       256       256
mmppix:       1.0000   -1.0000   -1.0000
center:     128.0000 -129.0000 -129.0000
fimgreg.f
image alignment mode   2311 decimal      907 hex
parameters
    2.9661   20.1011   21.1022   -8.8006  -17.3853  -12.0979
   -7.3036    9.1338    7.4990    8.8976   -8.6379   -7.1767
eta,q 0.96778 13.56558
niter,ni,del,rscale     5    3    5.0000    0.8000
parameters
    2.9984   20.1559   20.4853   -7.0029  -16.7343  -12.6577
   -7.5355    9.2975    7.1048    9.1279   -8.1384   -7.6085
eta,q 0.96846 13.64906
  0.0336  0.0333  0.0324  0.0345  0.0330  0.0346  0.0326  0.0358  0.0321  0.0327  0.0329  0.0318
  0.0329  0.0327  0.0322  0.0337  0.0324  0.0333  0.0320  0.0334  0.0318  0.0320  0.0321  0.0317
  0.0324  0.0323  0.0321  0.0329  0.0319  0.0320  0.0316  0.0320  0.0316  0.0317  0.0317  0.0316
  0.0322  0.0322  0.0322  0.0321  0.0316  0.0315  0.0315  0.0315  0.0315  0.0315  0.0315  0.0315
  0.0323  0.0323  0.0325  0.0316  0.0315  0.0318  0.0317  0.0320  0.0317  0.0316  0.0316  0.0316
  0.0327  0.0326  0.0330  0.0317  0.0318  0.0339  0.0322  0.0332  0.0319  0.0319  0.0319  0.0317
  0.0336  0.0331  0.0336  0.0327  0.0325  0.0378  0.0329  0.0351  0.0324  0.0325  0.0323  0.0320
niter,ni,del,rscale     4    3    5.0000    0.7000
parameters
    2.8078   20.1269   20.3633   -6.6907  -16.4888  -12.6224
   -7.3527    8.9867    6.6932    9.1958   -7.7968   -7.6042
eta,q 0.96862 13.67185
  0.0325  0.0323  0.0321  0.0334  0.0326  0.0345  0.0325  0.0342  0.0319  0.0323  0.0325  0.0317
  0.0319  0.0319  0.0318  0.0327  0.0321  0.0333  0.0319  0.0324  0.0316  0.0318  0.0318  0.0315
  0.0316  0.0316  0.0316  0.0320  0.0317  0.0321  0.0316  0.0316  0.0314  0.0315  0.0315  0.0314
  0.0315  0.0315  0.0315  0.0315  0.0314  0.0314  0.0314  0.0314  0.0314  0.0314  0.0314  0.0314
  0.0318  0.0316  0.0316  0.0314  0.0315  0.0315  0.0315  0.0320  0.0315  0.0315  0.0315  0.0314
  0.0324  0.0319  0.0319  0.0320  0.0318  0.0323  0.0318  0.0332  0.0317  0.0317  0.0317  0.0315
  0.0333  0.0324  0.0324  0.0333  0.0325  0.0352  0.0323  0.0350  0.0321  0.0322  0.0321  0.0317
niter,ni,del,rscale     3    3    5.0000    0.6000
parameters
    2.7091   20.0791   20.3953   -6.4458  -16.3294  -12.3911
   -7.2189    8.8162    6.4064    9.1700   -7.5894   -7.5653
eta,q 0.96871 13.69639
  0.0323  0.0320  0.0320  0.0329  0.0322  0.0339  0.0321  0.0336  0.0317  0.0319  0.0321  0.0315
  0.0318  0.0316  0.0317  0.0323  0.0318  0.0329  0.0317  0.0322  0.0314  0.0316  0.0316  0.0314
  0.0315  0.0314  0.0315  0.0318  0.0315  0.0319  0.0314  0.0315  0.0313  0.0313  0.0314  0.0313
  0.0314  0.0314  0.0314  0.0314  0.0313  0.0313  0.0313  0.0313  0.0313  0.0313  0.0313  0.0313
  0.0316  0.0315  0.0314  0.0314  0.0314  0.0314  0.0314  0.0317  0.0314  0.0314  0.0314  0.0313
  0.0320  0.0317  0.0316  0.0318  0.0317  0.0319  0.0316  0.0326  0.0315  0.0316  0.0316  0.0314
  0.0327  0.0321  0.0319  0.0328  0.0322  0.0337  0.0320  0.0340  0.0318  0.0320  0.0319  0.0315
niter,ni,del,rscale     2    3    5.0000    0.5000
parameters
    2.6503   20.0127   20.5589   -6.2623  -16.1874  -12.0210
   -7.1244    8.7271    6.2150    9.0948   -7.4935   -7.5637
eta,q 0.96878 13.72643
  0.0320  0.0317  0.0318  0.0325  0.0319  0.0333  0.0318  0.0330  0.0315  0.0317  0.0318  0.0314
  0.0316  0.0314  0.0316  0.0320  0.0316  0.0324  0.0315  0.0319  0.0313  0.0314  0.0314  0.0313
  0.0313  0.0313  0.0314  0.0315  0.0314  0.0316  0.0313  0.0314  0.0312  0.0312  0.0313  0.0312
  0.0313  0.0313  0.0313  0.0313  0.0313  0.0312  0.0312  0.0312  0.0312  0.0312  0.0312  0.0312
  0.0314  0.0314  0.0313  0.0313  0.0313  0.0313  0.0313  0.0315  0.0313  0.0313  0.0313  0.0312
  0.0317  0.0315  0.0314  0.0316  0.0315  0.0316  0.0314  0.0321  0.0314  0.0314  0.0314  0.0313
  0.0322  0.0318  0.0316  0.0323  0.0319  0.0326  0.0317  0.0331  0.0316  0.0317  0.0317  0.0314
niter,ni,del,rscale     1    3    5.0000    0.4000
parameters
    2.6142   19.9192   20.8288   -6.1322  -16.0321  -11.5715
   -7.0449    8.6818    6.1120    9.0094   -7.5106   -7.5748
eta,q 0.96886 13.76235
  0.0317  0.0315  0.0316  0.0320  0.0316  0.0326  0.0315  0.0324  0.0314  0.0314  0.0315  0.0313
  0.0314  0.0313  0.0314  0.0316  0.0314  0.0319  0.0313  0.0317  0.0312  0.0313  0.0313  0.0312
  0.0313  0.0312  0.0313  0.0313  0.0313  0.0314  0.0312  0.0313  0.0312  0.0312  0.0312  0.0312
  0.0312  0.0312  0.0312  0.0312  0.0312  0.0312  0.0311  0.0311  0.0311  0.0311  0.0311  0.0311
  0.0313  0.0313  0.0312  0.0312  0.0312  0.0312  0.0312  0.0313  0.0312  0.0312  0.0312  0.0312
  0.0315  0.0314  0.0312  0.0314  0.0313  0.0313  0.0313  0.0317  0.0313  0.0313  0.0313  0.0312
  0.0318  0.0316  0.0313  0.0319  0.0316  0.0318  0.0315  0.0324  0.0314  0.0315  0.0315  0.0313
registration optimization eta report
parameter search radius
    0.8000    0.8000    0.8000    2.4000    2.4000    2.4000
    2.4000    2.4000    2.4000    2.4000    2.4000    2.4000
100000*second partial in parameter space
       83.       49.       39.       13.        8.       19.
        6.       22.        4.        5.        6.        2.
  0.0317  0.0315  0.0316  0.0320  0.0316  0.0326  0.0315  0.0324  0.0314  0.0314  0.0315  0.0313
  0.0314  0.0313  0.0314  0.0316  0.0314  0.0319  0.0313  0.0317  0.0312  0.0313  0.0313  0.0312
  0.0313  0.0312  0.0313  0.0313  0.0313  0.0314  0.0312  0.0313  0.0312  0.0312  0.0312  0.0312
  0.0312  0.0312  0.0312  0.0312  0.0312  0.0312  0.0311  0.0311  0.0311  0.0311  0.0311  0.0311
  0.0313  0.0313  0.0312  0.0312  0.0312  0.0312  0.0312  0.0313  0.0312  0.0312  0.0312  0.0312
  0.0315  0.0314  0.0312  0.0314  0.0313  0.0313  0.0313  0.0317  0.0313  0.0313  0.0313  0.0312
  0.0318  0.0316  0.0313  0.0319  0.0316  0.0318  0.0315  0.0324  0.0314  0.0315  0.0315  0.0313
    2.6142   19.9192   20.8288   -6.1322  -16.0321  -11.5715
   -7.0449    8.6818    6.1120    9.0094   -7.5106   -7.5748
eta,q 0.96886 13.76235

---------------------------------------------------------------------
imgreg_4dfp /opt/freesurfer/average/711-2C_as_mni_average_305 /opt/freesurfer/average/711-2B_as_mni_average_305_mask talsrcimg_g11 none talsrcimg_to_711-2C_as_mni_average_305_t4 2311
---------------------------------------------------------------------

freesurfer imgreg_4dfp.c
/opt/freesurfer/average/711-2C_as_mni_average_305.4dfp.img
       256       256       256         1
  1.000000  1.000000  1.000000
orientation T byte_order littleendian
Reading image: /opt/freesurfer/average/711-2C_as_mni_average_305.4dfp.img
dimensions:      256       256       256
mmppix:       1.0000   -1.0000   -1.0000
center:     128.0000 -129.0000 -129.0000
/opt/freesurfer/average/711-2B_as_mni_average_305_mask.4dfp.img
       256       256       256         1
  1.000000  1.000000  1.000000
orientation T byte_order littleendian
Reading mask: /opt/freesurfer/average/711-2B_as_mni_average_305_mask.4dfp.img (2306576 pixels)
talsrcimg_g11.4dfp.img
       256       256       256         1
  1.000000  1.000000  1.000000
orientation T byte_order littleendian
Reading image: talsrcimg_g11.4dfp.img
dimensions:      256       256       256
mmppix:       1.0000   -1.0000   -1.0000
center:     128.0000 -129.0000 -129.0000
fimgreg.f
image alignment mode   2311 decimal      907 hex
parameters
    2.6142   19.9192   20.8288   -6.1322  -16.0321  -11.5715
   -7.0449    8.6818    6.1120    9.0094   -7.5106   -7.5748
eta,q 0.96886 13.76236
niter,ni,del,rscale     5    3    5.0000    0.8000
parameters
    2.5844   19.8438   21.1396   -6.7313  -16.1721  -11.7536
   -6.8525    8.6103    6.4056    8.6106   -7.7816   -7.8071
eta,q 0.96881 13.74298
  0.0332  0.0323  0.0326  0.0331  0.0326  0.0348  0.0326  0.0351  0.0321  0.0323  0.0322  0.0315
  0.0321  0.0316  0.0318  0.0323  0.0320  0.0334  0.0319  0.0328  0.0316  0.0316  0.0315  0.0313
  0.0314  0.0312  0.0314  0.0315  0.0314  0.0320  0.0314  0.0315  0.0313  0.0313  0.0312  0.0312
  0.0311  0.0311  0.0311  0.0311  0.0312  0.0312  0.0312  0.0312  0.0312  0.0312  0.0312  0.0312
  0.0314  0.0313  0.0311  0.0314  0.0313  0.0312  0.0313  0.0318  0.0313  0.0314  0.0314  0.0312
  0.0322  0.0318  0.0313  0.0328  0.0319  0.0328  0.0317  0.0331  0.0315  0.0319  0.0318  0.0314
  0.0334  0.0325  0.0317  0.0351  0.0329  0.0365  0.0324  0.0352  0.0319  0.0327  0.0323  0.0316
niter,ni,del,rscale     4    3    5.0000    0.7000
parameters
    2.6536   19.8141   21.0105   -6.7223  -16.0424  -11.7971
   -7.0488    8.7637    6.5783    8.6771   -7.8984   -7.7606
eta,q 0.96884 13.74868
  0.0328  0.0321  0.0318  0.0331  0.0324  0.0342  0.0321  0.0346  0.0319  0.0322  0.0320  0.0315
  0.0320  0.0316  0.0314  0.0323  0.0319  0.0330  0.0316  0.0327  0.0315  0.0316  0.0315  0.0313
  0.0314  0.0313  0.0312  0.0316  0.0314  0.0318  0.0312  0.0315  0.0313  0.0313  0.0312  0.0312
  0.0312  0.0312  0.0312  0.0312  0.0312  0.0312  0.0312  0.0312  0.0312  0.0312  0.0312  0.0312
  0.0313  0.0313  0.0313  0.0312  0.0312  0.0312  0.0313  0.0315  0.0312  0.0313  0.0313  0.0312
  0.0317  0.0317  0.0316  0.0320  0.0316  0.0322  0.0317  0.0325  0.0314  0.0316  0.0316  0.0313
  0.0325  0.0322  0.0321  0.0334  0.0324  0.0352  0.0323  0.0341  0.0318  0.0321  0.0320  0.0315
niter,ni,del,rscale     3    3    5.0000    0.6000
parameters
    2.6790   19.7865   20.9821   -6.5735  -15.9312  -11.6524
   -7.1381    8.8485    6.5682    8.7234   -7.9027   -7.7205
eta,q 0.96888 13.76466
  0.0323  0.0319  0.0317  0.0327  0.0321  0.0337  0.0319  0.0338  0.0316  0.0318  0.0319  0.0314
  0.0317  0.0315  0.0314  0.0321  0.0317  0.0326  0.0314  0.0323  0.0313  0.0314  0.0314  0.0312
  0.0313  0.0312  0.0312  0.0315  0.0313  0.0316  0.0312  0.0314  0.0312  0.0312  0.0312  0.0312
  0.0312  0.0312  0.0312  0.0312  0.0311  0.0311  0.0311  0.0311  0.0311  0.0311  0.0311  0.0311
  0.0313  0.0313  0.0312  0.0312  0.0312  0.0312  0.0312  0.0314  0.0312  0.0312  0.0312  0.0311
  0.0316  0.0315  0.0314  0.0317  0.0315  0.0317  0.0315  0.0322  0.0313  0.0314  0.0315  0.0312
  0.0322  0.0319  0.0318  0.0328  0.0321  0.0338  0.0319  0.0335  0.0316  0.0318  0.0318  0.0314
niter,ni,del,rscale     2    3    5.0000    0.5000
parameters
    2.6780   19.7474   21.0863   -6.4203  -15.8366  -11.3459
   -7.1556    8.8806    6.4907    8.7460   -7.8991   -7.6252
eta,q 0.96893 13.78737
  0.0319  0.0316  0.0316  0.0323  0.0318  0.0331  0.0316  0.0330  0.0314  0.0316  0.0316  0.0313
  0.0315  0.0313  0.0313  0.0318  0.0315  0.0322  0.0313  0.0319  0.0312  0.0313  0.0313  0.0312
  0.0312  0.0312  0.0312  0.0314  0.0312  0.0314  0.0311  0.0313  0.0311  0.0311  0.0311  0.0311
  0.0311  0.0311  0.0311  0.0311  0.0311  0.0311  0.0311  0.0311  0.0311  0.0311  0.0311  0.0311
  0.0312  0.0312  0.0311  0.0311  0.0311  0.0311  0.0311  0.0313  0.0311  0.0311  0.0312  0.0311
  0.0315  0.0314  0.0312  0.0315  0.0314  0.0314  0.0313  0.0319  0.0312  0.0313  0.0313  0.0311
  0.0319  0.0317  0.0314  0.0323  0.0318  0.0326  0.0316  0.0329  0.0315  0.0316  0.0316  0.0312
niter,ni,del,rscale     1    3    5.0000    0.4000
parameters
    2.6660   19.6894   21.2988   -6.3047  -15.7510  -10.9335
   -7.1179    8.8945    6.4112    8.7563   -7.9458   -7.5866
eta,q 0.96899 13.81494
  0.0316  0.0314  0.0314  0.0319  0.0315  0.0325  0.0314  0.0323  0.0312  0.0313  0.0314  0.0311
  0.0313  0.0312  0.0313  0.0315  0.0313  0.0318  0.0312  0.0316  0.0311  0.0312  0.0312  0.0311
  0.0311  0.0311  0.0311  0.0312  0.0311  0.0313  0.0311  0.0311  0.0310  0.0311  0.0310  0.0310
  0.0311  0.0311  0.0311  0.0310  0.0310  0.0310  0.0310  0.0310  0.0310  0.0310  0.0310  0.0310
  0.0311  0.0311  0.0310  0.0311  0.0311  0.0310  0.0310  0.0312  0.0310  0.0310  0.0311  0.0310
  0.0313  0.0313  0.0311  0.0313  0.0312  0.0312  0.0312  0.0316  0.0311  0.0312  0.0312  0.0311
  0.0316  0.0314  0.0312  0.0318  0.0315  0.0318  0.0314  0.0322  0.0313  0.0313  0.0314  0.0311
registration optimization eta report
parameter search radius
    0.8000    0.8000    0.8000    2.4000    2.4000    2.4000
    2.4000    2.4000    2.4000    2.4000    2.4000    2.4000
100000*second partial in parameter space
       84.       53.       37.       14.        8.       19.
        6.       22.        4.        6.        6.        2.
  0.0316  0.0314  0.0314  0.0319  0.0315  0.0325  0.0314  0.0323  0.0312  0.0313  0.0314  0.0311
  0.0313  0.0312  0.0313  0.0315  0.0313  0.0318  0.0312  0.0316  0.0311  0.0312  0.0312  0.0311
  0.0311  0.0311  0.0311  0.0312  0.0311  0.0313  0.0311  0.0311  0.0310  0.0311  0.0310  0.0310
  0.0311  0.0311  0.0311  0.0310  0.0310  0.0310  0.0310  0.0310  0.0310  0.0310  0.0310  0.0310
  0.0311  0.0311  0.0310  0.0311  0.0311  0.0310  0.0310  0.0312  0.0310  0.0310  0.0311  0.0310
  0.0313  0.0313  0.0311  0.0313  0.0312  0.0312  0.0312  0.0316  0.0311  0.0312  0.0312  0.0311
  0.0316  0.0314  0.0312  0.0318  0.0315  0.0318  0.0314  0.0322  0.0313  0.0313  0.0314  0.0311
    2.6660   19.6894   21.2988   -6.3047  -15.7510  -10.9335
   -7.1179    8.8945    6.4112    8.7563   -7.9458   -7.5866
eta,q 0.96899 13.81494

---------------------------------------------------------------------
compute_vox2vox talsrcimg talsrcimg_to_711-2C_as_mni_average_305_t4 /opt/freesurfer/average/711-2C_as_mni_average_305
---------------------------------------------------------------------

freesurfer compute_vox2vox.c
Reading: talsrcimg.4dfp.ifh
Reading: talsrcimg_to_711-2C_as_mni_average_305_t4
Reading: /opt/freesurfer/average/711-2C_as_mni_average_305.4dfp.ifh
Writing: talsrcimg_to_711-2C_as_mni_average_305_t4_vox2vox.txt

start time Tue Mar 10 22:49:22 CET 2026
end		time Tue Mar 10 22:50:56 CET 2026

mpr2mni305 success

avi2talxfm orig_nu.mgz /opt/freesurfer/average/mni305.cor.mgz talsrcimg_to_711-2C_as_mni_average_305_t4_vox2vox.txt transforms/talairach.auto.xfm
avi2talxfm done
mv -f /out/sourcedata/freesurfer/sub-v2s12x28872_ses-1/mri/talsrcimg_to_711-2C_as_mni_average_305_t4_vox2vox.txt /out/sourcedata/freesurfer/sub-v2s12x28872_ses-1/mri/transforms/talsrcimg_to_711-2C_as_mni_average_305_t4_vox2vox.txt
lta_convert --src orig_nu.mgz --trg /opt/freesurfer/average/mni305.cor.mgz --inxfm transforms/talairach.auto.xfm --outlta transforms/talairach.auto.xfm.lta --subject fsaverage
7.3.2

--src: orig_nu.mgz src image (geometry).
--trg: /opt/freesurfer/average/mni305.cor.mgz trg image (geometry).
--inmni: transforms/talairach.auto.xfm input MNI/XFM transform.
--outlta: transforms/talairach.auto.xfm.lta output LTA.
--s: fsaverage subject name
 LTA read, type : 1
 1.05233  -0.11283   0.07875  -3.62376;
 0.08630   1.10365   0.10667  -9.54434;
-0.08905  -0.10612   1.16988  -13.89801;
 0.00000   0.00000   0.00000   1.00000;
setting subject to fsaverage
Writing  LTA to file transforms/talairach.auto.xfm.lta...
lta_convert successful.
 
 
Started at Tue Mar 10 22:49:21 CET 2026
Ended   at Tue Mar 10 22:50:56 CET 2026
talairach_avi done
