status file for recon-all
Wed Mar 11 03:03:52 CET 2026
#@# Tessellate lh Wed Mar 11 03:03:52 CET 2026
#@# Smooth1 lh Wed Mar 11 03:03:54 CET 2026
#@# Inflation1 lh Wed Mar 11 03:03:57 CET 2026
#@# QSphere lh Wed Mar 11 03:04:06 CET 2026
#@# Fix Topology lh Wed Mar 11 03:04:51 CET 2026
#@# Smooth2 lh Wed Mar 11 03:09:19 CET 2026
#@# Inflation2 lh Wed Mar 11 03:09:22 CET 2026
#@# Curv .H and .K lh Wed Mar 11 03:09:31 CET 2026
#@# Sphere lh Wed Mar 11 03:10:13 CET 2026
#@# Surf Reg lh Wed Mar 11 03:11:47 CET 2026
#@# Jacobian white lh Wed Mar 11 03:14:40 CET 2026
#@# AvgCurv lh Wed Mar 11 03:14:41 CET 2026
#@# Cortical Parc lh Wed Mar 11 03:14:41 CET 2026
#@# white curv lh Wed Mar 11 03:20:59 CET 2026
#@# white area lh Wed Mar 11 03:21:00 CET 2026
#@# pial curv lh Wed Mar 11 03:21:00 CET 2026
#@# pial area lh Wed Mar 11 03:21:02 CET 2026
#@# thickness lh Wed Mar 11 03:21:03 CET 2026
#@# area and vertex vol lh Wed Mar 11 03:21:25 CET 2026
#@# Curvature Stats lh Wed Mar 11 03:21:26 CET 2026
#@# Cortical Parc 2 lh Wed Mar 11 03:21:28 CET 2026
#@# Cortical Parc 3 lh Wed Mar 11 03:21:38 CET 2026
#@# WM/GM Contrast lh Wed Mar 11 03:21:46 CET 2026
recon-all -s sub-v2s12x28887_ses-1 finished without error at Wed Mar 11 03:21:48 CET 2026



#New# invocation of recon-all 



status file for recon-all
Wed Mar 11 03:45:28 CET 2026
#@# white curv lh Wed Mar 11 03:45:28 CET 2026
#@# white area lh Wed Mar 11 03:45:28 CET 2026
#@# pial curv lh Wed Mar 11 03:45:28 CET 2026
#@# pial area lh Wed Mar 11 03:45:28 CET 2026
#@# thickness lh Wed Mar 11 03:45:28 CET 2026
#@# area and vertex vol lh Wed Mar 11 03:45:28 CET 2026
#@# Parcellation Stats lh Wed Mar 11 03:45:28 CET 2026
#@# Parcellation Stats 2 lh Wed Mar 11 03:45:45 CET 2026
#@# Parcellation Stats 3 lh Wed Mar 11 03:45:55 CET 2026
#@# BA_exvivo Labels lh Wed Mar 11 03:46:03 CET 2026
recon-all -s sub-v2s12x28887_ses-1 finished without error at Wed Mar 11 03:48:10 CET 2026
