status file for recon-all
Wed Mar 11 01:52:22 CET 2026
#@# MotionCor Wed Mar 11 01:52:24 CET 2026
#@# Talairach Wed Mar 11 01:52:30 CET 2026
#@# Talairach Failure Detection Wed Mar 11 01:55:20 CET 2026
#@# Nu Intensity Correction Wed Mar 11 01:55:20 CET 2026
#@# Intensity Normalization Wed Mar 11 01:58:04 CET 2026
recon-all -s sub-v2s12x28887_ses-1 finished without error at Wed Mar 11 01:59:06 CET 2026



#New# invocation of recon-all 



status file for recon-all
Wed Mar 11 02:05:17 CET 2026
#@# EM Registration Wed Mar 11 02:05:17 CET 2026
recon-all -s sub-v2s12x28887_ses-1 finished without error at Wed Mar 11 02:06:23 CET 2026



#New# invocation of recon-all 



status file for recon-all
Wed Mar 11 02:06:24 CET 2026
#@# CA Normalize Wed Mar 11 02:06:24 CET 2026
#@# CA Reg Wed Mar 11 02:07:17 CET 2026
#@# SubCort Seg Wed Mar 11 02:36:20 CET 2026
#@# CC Seg Wed Mar 11 02:59:38 CET 2026
#@# Merge ASeg Wed Mar 11 03:00:11 CET 2026
#@# Intensity Normalization2 Wed Mar 11 03:00:11 CET 2026
#@# Mask BFS Wed Mar 11 03:01:36 CET 2026
#@# WM Segmentation Wed Mar 11 03:01:37 CET 2026
#@# Fill Wed Mar 11 03:03:09 CET 2026
recon-all -s sub-v2s12x28887_ses-1 finished without error at Wed Mar 11 03:03:48 CET 2026



#New# invocation of recon-all 



status file for recon-all
Wed Mar 11 03:42:03 CET 2026
#@# white curv lh Wed Mar 11 03:42:03 CET 2026
#@# white area lh Wed Mar 11 03:42:03 CET 2026
#@# pial curv lh Wed Mar 11 03:42:03 CET 2026
#@# pial area lh Wed Mar 11 03:42:03 CET 2026
#@# thickness lh Wed Mar 11 03:42:03 CET 2026
#@# area and vertex vol lh Wed Mar 11 03:42:03 CET 2026
#@# white curv rh Wed Mar 11 03:42:03 CET 2026
#@# white area rh Wed Mar 11 03:42:03 CET 2026
#@# pial curv rh Wed Mar 11 03:42:03 CET 2026
#@# pial area rh Wed Mar 11 03:42:03 CET 2026
#@# thickness rh Wed Mar 11 03:42:03 CET 2026
#@# area and vertex vol rh Wed Mar 11 03:42:03 CET 2026
#@# Cortical ribbon mask Wed Mar 11 03:42:04 CET 2026
recon-all -s sub-v2s12x28887_ses-1 finished without error at Wed Mar 11 03:45:25 CET 2026



#New# invocation of recon-all 



status file for recon-all
Wed Mar 11 03:51:00 CET 2026
#@# white curv lh Wed Mar 11 03:51:00 CET 2026
#@# white area lh Wed Mar 11 03:51:00 CET 2026
#@# pial curv lh Wed Mar 11 03:51:00 CET 2026
#@# pial area lh Wed Mar 11 03:51:00 CET 2026
#@# thickness lh Wed Mar 11 03:51:00 CET 2026
#@# area and vertex vol lh Wed Mar 11 03:51:00 CET 2026
#@# white curv rh Wed Mar 11 03:51:00 CET 2026
#@# white area rh Wed Mar 11 03:51:00 CET 2026
#@# pial curv rh Wed Mar 11 03:51:00 CET 2026
#@# pial area rh Wed Mar 11 03:51:00 CET 2026
#@# thickness rh Wed Mar 11 03:51:00 CET 2026
#@# area and vertex vol rh Wed Mar 11 03:51:00 CET 2026
#@# Curvature Stats lh Wed Mar 11 03:51:00 CET 2026
#@# Curvature Stats rh Wed Mar 11 03:51:02 CET 2026
#@# Relabel Hypointensities Wed Mar 11 03:51:04 CET 2026
#@# APas-to-ASeg Wed Mar 11 03:51:16 CET 2026
#@# AParc-to-ASeg aparc Wed Mar 11 03:51:22 CET 2026
#@# AParc-to-ASeg aparc.a2009s Wed Mar 11 03:51:57 CET 2026
#@# AParc-to-ASeg aparc.DKTatlas Wed Mar 11 03:52:31 CET 2026
#@# WMParc Wed Mar 11 03:53:03 CET 2026
#@# ASeg Stats Wed Mar 11 03:54:53 CET 2026
recon-all -s sub-v2s12x28887_ses-1 finished without error at Wed Mar 11 03:55:09 CET 2026
