status file for recon-all
Wed Mar 11 03:21:50 CET 2026
#@# Tessellate rh Wed Mar 11 03:21:50 CET 2026
#@# Smooth1 rh Wed Mar 11 03:21:52 CET 2026
#@# Inflation1 rh Wed Mar 11 03:21:55 CET 2026
#@# QSphere rh Wed Mar 11 03:22:03 CET 2026
#@# Fix Topology rh Wed Mar 11 03:22:55 CET 2026
#@# Smooth2 rh Wed Mar 11 03:27:41 CET 2026
#@# Inflation2 rh Wed Mar 11 03:27:43 CET 2026
#@# Curv .H and .K rh Wed Mar 11 03:27:53 CET 2026
#@# Sphere rh Wed Mar 11 03:28:35 CET 2026
#@# Surf Reg rh Wed Mar 11 03:31:10 CET 2026
#@# Jacobian white rh Wed Mar 11 03:34:25 CET 2026
#@# AvgCurv rh Wed Mar 11 03:34:25 CET 2026
#@# Cortical Parc rh Wed Mar 11 03:34:26 CET 2026
#@# white curv rh Wed Mar 11 03:41:06 CET 2026
#@# white area rh Wed Mar 11 03:41:08 CET 2026
#@# pial curv rh Wed Mar 11 03:41:09 CET 2026
#@# pial area rh Wed Mar 11 03:41:10 CET 2026
#@# thickness rh Wed Mar 11 03:41:11 CET 2026
#@# area and vertex vol rh Wed Mar 11 03:41:33 CET 2026
#@# Curvature Stats rh Wed Mar 11 03:41:35 CET 2026
#@# Cortical Parc 2 rh Wed Mar 11 03:41:36 CET 2026
#@# Cortical Parc 3 rh Wed Mar 11 03:41:48 CET 2026
#@# WM/GM Contrast rh Wed Mar 11 03:41:56 CET 2026
recon-all -s sub-v2s12x28887_ses-1 finished without error at Wed Mar 11 03:41:59 CET 2026



#New# invocation of recon-all 



status file for recon-all
Wed Mar 11 03:48:13 CET 2026
#@# white curv rh Wed Mar 11 03:48:13 CET 2026
#@# white area rh Wed Mar 11 03:48:13 CET 2026
#@# pial curv rh Wed Mar 11 03:48:13 CET 2026
#@# pial area rh Wed Mar 11 03:48:14 CET 2026
#@# thickness rh Wed Mar 11 03:48:14 CET 2026
#@# area and vertex vol rh Wed Mar 11 03:48:14 CET 2026
#@# Parcellation Stats rh Wed Mar 11 03:48:14 CET 2026
#@# Parcellation Stats 2 rh Wed Mar 11 03:48:32 CET 2026
#@# Parcellation Stats 3 rh Wed Mar 11 03:48:41 CET 2026
#@# BA_exvivo Labels rh Wed Mar 11 03:48:50 CET 2026
recon-all -s sub-v2s12x28887_ses-1 finished without error at Wed Mar 11 03:50:57 CET 2026
