status file for recon-all
Wed Mar 11 03:10:46 CET 2026
#@# Tessellate rh Wed Mar 11 03:10:46 CET 2026
#@# Smooth1 rh Wed Mar 11 03:10:51 CET 2026
#@# Inflation1 rh Wed Mar 11 03:10:54 CET 2026
#@# QSphere rh Wed Mar 11 03:11:08 CET 2026
#@# Fix Topology rh Wed Mar 11 03:12:20 CET 2026
#@# Smooth2 rh Wed Mar 11 03:19:44 CET 2026
#@# Inflation2 rh Wed Mar 11 03:19:47 CET 2026
#@# Curv .H and .K rh Wed Mar 11 03:20:02 CET 2026
#@# Sphere rh Wed Mar 11 03:20:54 CET 2026
#@# Surf Reg rh Wed Mar 11 03:24:03 CET 2026
#@# Jacobian white rh Wed Mar 11 03:29:07 CET 2026
#@# AvgCurv rh Wed Mar 11 03:29:08 CET 2026
#@# Cortical Parc rh Wed Mar 11 03:29:09 CET 2026
#@# white curv rh Wed Mar 11 03:37:06 CET 2026
#@# white area rh Wed Mar 11 03:37:08 CET 2026
#@# pial curv rh Wed Mar 11 03:37:09 CET 2026
#@# pial area rh Wed Mar 11 03:37:11 CET 2026
#@# thickness rh Wed Mar 11 03:37:12 CET 2026
#@# area and vertex vol rh Wed Mar 11 03:37:50 CET 2026
#@# Curvature Stats rh Wed Mar 11 03:37:52 CET 2026
#@# Cortical Parc 2 rh Wed Mar 11 03:37:55 CET 2026
#@# Cortical Parc 3 rh Wed Mar 11 03:38:09 CET 2026
#@# WM/GM Contrast rh Wed Mar 11 03:38:22 CET 2026
recon-all -s sub-v2s12x28878_ses-1 finished without error at Wed Mar 11 03:38:25 CET 2026



#New# invocation of recon-all 



status file for recon-all
Wed Mar 11 03:47:41 CET 2026
#@# white curv rh Wed Mar 11 03:47:42 CET 2026
#@# white area rh Wed Mar 11 03:47:42 CET 2026
#@# pial curv rh Wed Mar 11 03:47:42 CET 2026
#@# pial area rh Wed Mar 11 03:47:42 CET 2026
#@# thickness rh Wed Mar 11 03:47:42 CET 2026
#@# area and vertex vol rh Wed Mar 11 03:47:42 CET 2026
#@# Parcellation Stats rh Wed Mar 11 03:47:42 CET 2026
#@# Parcellation Stats 2 rh Wed Mar 11 03:48:04 CET 2026
#@# Parcellation Stats 3 rh Wed Mar 11 03:48:16 CET 2026
#@# BA_exvivo Labels rh Wed Mar 11 03:48:27 CET 2026
recon-all -s sub-v2s12x28878_ses-1 finished without error at Wed Mar 11 03:51:32 CET 2026
