status file for recon-all
Wed Mar 11 02:24:44 CET 2026
#@# Tessellate lh Wed Mar 11 02:24:44 CET 2026
#@# Smooth1 lh Wed Mar 11 02:24:48 CET 2026
#@# Inflation1 lh Wed Mar 11 02:24:51 CET 2026
#@# QSphere lh Wed Mar 11 02:25:07 CET 2026
#@# Fix Topology lh Wed Mar 11 02:26:32 CET 2026
#@# Smooth2 lh Wed Mar 11 02:38:41 CET 2026
#@# Inflation2 lh Wed Mar 11 02:38:44 CET 2026
#@# Curv .H and .K lh Wed Mar 11 02:39:01 CET 2026
#@# Sphere lh Wed Mar 11 02:39:52 CET 2026
#@# Surf Reg lh Wed Mar 11 02:48:06 CET 2026
#@# Jacobian white lh Wed Mar 11 02:56:02 CET 2026
#@# AvgCurv lh Wed Mar 11 02:56:03 CET 2026
#@# Cortical Parc lh Wed Mar 11 02:56:04 CET 2026
#@# white curv lh Wed Mar 11 03:09:30 CET 2026
#@# white area lh Wed Mar 11 03:09:32 CET 2026
#@# pial curv lh Wed Mar 11 03:09:33 CET 2026
#@# pial area lh Wed Mar 11 03:09:35 CET 2026
#@# thickness lh Wed Mar 11 03:09:36 CET 2026
#@# area and vertex vol lh Wed Mar 11 03:10:11 CET 2026
#@# Curvature Stats lh Wed Mar 11 03:10:13 CET 2026
#@# Cortical Parc 2 lh Wed Mar 11 03:10:15 CET 2026
#@# Cortical Parc 3 lh Wed Mar 11 03:10:29 CET 2026
#@# WM/GM Contrast lh Wed Mar 11 03:10:40 CET 2026
recon-all -s sub-v2s12x28878_ses-1 finished without error at Wed Mar 11 03:10:43 CET 2026



#New# invocation of recon-all 



status file for recon-all
Wed Mar 11 03:43:49 CET 2026
#@# white curv lh Wed Mar 11 03:43:49 CET 2026
#@# white area lh Wed Mar 11 03:43:49 CET 2026
#@# pial curv lh Wed Mar 11 03:43:49 CET 2026
#@# pial area lh Wed Mar 11 03:43:49 CET 2026
#@# thickness lh Wed Mar 11 03:43:49 CET 2026
#@# area and vertex vol lh Wed Mar 11 03:43:49 CET 2026
#@# Parcellation Stats lh Wed Mar 11 03:43:49 CET 2026
#@# Parcellation Stats 2 lh Wed Mar 11 03:44:11 CET 2026
#@# Parcellation Stats 3 lh Wed Mar 11 03:44:23 CET 2026
#@# BA_exvivo Labels lh Wed Mar 11 03:44:34 CET 2026
recon-all -s sub-v2s12x28878_ses-1 finished without error at Wed Mar 11 03:47:39 CET 2026
