status file for recon-all
Wed Mar 11 00:33:46 CET 2026
#@# MotionCor Wed Mar 11 00:33:48 CET 2026
#@# Talairach Wed Mar 11 00:33:55 CET 2026
#@# Talairach Failure Detection Wed Mar 11 00:38:18 CET 2026
#@# Nu Intensity Correction Wed Mar 11 00:38:18 CET 2026
#@# Intensity Normalization Wed Mar 11 00:41:33 CET 2026
recon-all -s sub-v2s12x28878_ses-1 finished without error at Wed Mar 11 00:43:10 CET 2026



#New# invocation of recon-all 



status file for recon-all
Wed Mar 11 00:50:38 CET 2026
#@# EM Registration Wed Mar 11 00:50:38 CET 2026
recon-all -s sub-v2s12x28878_ses-1 finished without error at Wed Mar 11 00:52:21 CET 2026



#New# invocation of recon-all 



status file for recon-all
Wed Mar 11 00:52:24 CET 2026
#@# CA Normalize Wed Mar 11 00:52:24 CET 2026
#@# CA Reg Wed Mar 11 00:53:47 CET 2026
#@# SubCort Seg Wed Mar 11 01:45:06 CET 2026
#@# CC Seg Wed Mar 11 02:18:28 CET 2026
#@# Merge ASeg Wed Mar 11 02:19:15 CET 2026
#@# Intensity Normalization2 Wed Mar 11 02:19:15 CET 2026
#@# Mask BFS Wed Mar 11 02:21:35 CET 2026
#@# WM Segmentation Wed Mar 11 02:21:35 CET 2026
#@# Fill Wed Mar 11 02:23:35 CET 2026
recon-all -s sub-v2s12x28878_ses-1 finished without error at Wed Mar 11 02:24:40 CET 2026



#New# invocation of recon-all 



status file for recon-all
Wed Mar 11 03:38:29 CET 2026
#@# white curv lh Wed Mar 11 03:38:29 CET 2026
#@# white area lh Wed Mar 11 03:38:29 CET 2026
#@# pial curv lh Wed Mar 11 03:38:29 CET 2026
#@# pial area lh Wed Mar 11 03:38:29 CET 2026
#@# thickness lh Wed Mar 11 03:38:29 CET 2026
#@# area and vertex vol lh Wed Mar 11 03:38:29 CET 2026
#@# white curv rh Wed Mar 11 03:38:29 CET 2026
#@# white area rh Wed Mar 11 03:38:29 CET 2026
#@# pial curv rh Wed Mar 11 03:38:29 CET 2026
#@# pial area rh Wed Mar 11 03:38:29 CET 2026
#@# thickness rh Wed Mar 11 03:38:29 CET 2026
#@# area and vertex vol rh Wed Mar 11 03:38:29 CET 2026
#@# Cortical ribbon mask Wed Mar 11 03:38:29 CET 2026
recon-all -s sub-v2s12x28878_ses-1 finished without error at Wed Mar 11 03:43:46 CET 2026



#New# invocation of recon-all 



status file for recon-all
Wed Mar 11 03:51:37 CET 2026
#@# white curv lh Wed Mar 11 03:51:37 CET 2026
#@# white area lh Wed Mar 11 03:51:37 CET 2026
#@# pial curv lh Wed Mar 11 03:51:37 CET 2026
#@# pial area lh Wed Mar 11 03:51:37 CET 2026
#@# thickness lh Wed Mar 11 03:51:37 CET 2026
#@# area and vertex vol lh Wed Mar 11 03:51:37 CET 2026
#@# white curv rh Wed Mar 11 03:51:37 CET 2026
#@# white area rh Wed Mar 11 03:51:37 CET 2026
#@# pial curv rh Wed Mar 11 03:51:37 CET 2026
#@# pial area rh Wed Mar 11 03:51:37 CET 2026
#@# thickness rh Wed Mar 11 03:51:37 CET 2026
#@# area and vertex vol rh Wed Mar 11 03:51:37 CET 2026
#@# Curvature Stats lh Wed Mar 11 03:51:37 CET 2026
#@# Curvature Stats rh Wed Mar 11 03:51:39 CET 2026
#@# Relabel Hypointensities Wed Mar 11 03:51:42 CET 2026
#@# APas-to-ASeg Wed Mar 11 03:51:59 CET 2026
#@# AParc-to-ASeg aparc Wed Mar 11 03:52:09 CET 2026
#@# AParc-to-ASeg aparc.a2009s Wed Mar 11 03:53:03 CET 2026
#@# AParc-to-ASeg aparc.DKTatlas Wed Mar 11 03:53:59 CET 2026
#@# WMParc Wed Mar 11 03:54:58 CET 2026
#@# ASeg Stats Wed Mar 11 03:58:52 CET 2026
recon-all -s sub-v2s12x28878_ses-1 finished without error at Wed Mar 11 03:59:38 CET 2026
