/out/sourcedata/freesurfer/sub-v2s12x28899_ses-1/mri
/opt/freesurfer/bin/talairach_avi
--i orig_nu.mgz --xfm transforms/talairach.auto.xfm
talairach_avi 7.3.2
Linux dna016 5.14.0-427.37.1.el9_4.x86_64 #1 SMP PREEMPT_DYNAMIC Fri Sep 13 12:41:50 EDT 2024 x86_64 x86_64 x86_64 GNU/Linux
Wed Mar 11 02:48:14 CET 2026
mri_convert orig_nu.mgz talsrcimg.img 
reading from orig_nu.mgz...
TR=0.00, TE=0.00, TI=0.00, flip angle=0.00
i_ras = (-1, 0, 0)
j_ras = (0, 0, -1)
k_ras = (0, 1, 0)
writing to talsrcimg.img...
Analyze Output Matrix
-1.00000   0.00000   0.00000   133.24969;
 0.00000   0.00000   1.00000  -126.15601;
 0.00000  -1.00000   0.00000   122.46800;
 0.00000   0.00000   0.00000   1.00000;
--------------------
INFO: set hdr.hist.orient to -1
mpr2mni305 talsrcimg
Wed Mar 11 02:48:15 CET 2026
/opt/freesurfer/bin/mpr2mni305 talsrcimg
mpr2mni305 7.3.2
target=711-2C_as_mni_average_305

---------------------------------------------------------------------
analyzeto4dfp talsrcimg -O0 -y
---------------------------------------------------------------------

freesurfer ifh2hdr.c
Wed Mar 11 02:48:15 2026
Writing: talsrcimg.4dfp.hdr
freesurfer analyzeto4dfp.c
Reading: talsrcimg.hdr
header size 348 bytes
hdr.dime.datatype	offset=70	value=2
hdr.dime.bitpix		offset=72	value=8
hdr.hist.orient		offset=252	value=-1
dimensionality     4
dimensions       256       256       256         1
Reading: talsrcimg.img
Writing: talsrcimg.4dfp.img
Writing: talsrcimg.4dfp.ifh
ifh2hdr talsrcimg -r0to254
ori=2

---------------------------------------------------------------------
gauss_4dfp talsrcimg 1.1
---------------------------------------------------------------------

freesurfer gauss_4dfp.c
Reading: talsrcimg.4dfp.img
Writing: talsrcimg_g11.4dfp.img
image dimensions 256 256 256 padded to 288 288 288
processing volume 1freesurfer ifh2hdr.c
Wed Mar 11 02:48:17 2026
Writing: talsrcimg_g11.4dfp.hdr

Writing: talsrcimg_g11.4dfp.ifh
including: talsrcimg.4dfp.img.rec in talsrcimg_g11.4dfp.img.rec

---------------------------------------------------------------------
imgreg_4dfp /opt/freesurfer/average/711-2C_as_mni_average_305 none talsrcimg_g11 none talsrcimg_to_711-2C_as_mni_average_305_t4 4355
---------------------------------------------------------------------

freesurfer imgreg_4dfp.c
/opt/freesurfer/average/711-2C_as_mni_average_305.4dfp.img
       256       256       256         1
  1.000000  1.000000  1.000000
orientation T byte_order littleendian
Reading image: /opt/freesurfer/average/711-2C_as_mni_average_305.4dfp.img
dimensions:      256       256       256
mmppix:       1.0000   -1.0000   -1.0000
center:     128.0000 -129.0000 -129.0000
talsrcimg_g11.4dfp.img
       256       256       256         1
  1.000000  1.000000  1.000000
orientation T byte_order littleendian
Reading image: talsrcimg_g11.4dfp.img
dimensions:      256       256       256
mmppix:       1.0000   -1.0000   -1.0000
center:     128.0000 -129.0000 -129.0000
t4_read: open error in t4_sub.f l:  41 t4_file(1:l)talsrcimg_to_711-2C_as_mni_average_305_t4 
t4_read: transform initialized to I4
rotation matrix determinant  1.000000
image alignment mode   4355 decimal     1103 hex
   -7.5000  -45.0000  -45.0000 6110.1694   19.9514
    0.0000  -45.0000  -45.0000 6368.9414   19.9368
    7.5000  -45.0000  -45.0000 6141.1987   19.9724
   -7.5000  -37.5000  -45.0000 6629.3687   19.5348
    0.0000  -37.5000  -45.0000 6912.4648   19.5219
    7.5000  -37.5000  -45.0000 6655.1318   19.5587
   -7.5000  -30.0000  -45.0000 7433.4678   19.2751
    0.0000  -30.0000  -45.0000 7763.6338   19.2582
    7.5000  -30.0000  -45.0000 7453.0239   19.2928
   -7.5000  -22.5000  -45.0000 8342.6709   19.2344
    0.0000  -22.5000  -45.0000 8741.6416   19.2126
    7.5000  -22.5000  -45.0000 8364.9883   19.2399
   -7.5000  -15.0000  -45.0000 9253.3418   19.2294
    0.0000  -15.0000  -45.0000 9714.1201   19.2083
    7.5000  -15.0000  -45.0000 9290.1592   19.2328
   -7.5000   -7.5000  -45.000010123.3535   19.2176
    0.0000   -7.5000  -45.000010632.3799   19.2011
    7.5000   -7.5000  -45.000010176.5410   19.2281
   -7.5000    0.0000  -45.000010908.5293   19.2094
    0.0000    0.0000  -45.000011446.4834   19.1963
    7.5000    0.0000  -45.000010963.0527   19.2273
   -7.5000    7.5000  -45.000010845.1016   19.2104
    0.0000    7.5000  -45.000011368.7480   19.1969
    7.5000    7.5000  -45.000010854.1943   19.2328
   -7.5000   15.0000  -45.000010627.8496   19.2208
    0.0000   15.0000  -45.000011137.4707   19.2035
    7.5000   15.0000  -45.000010620.6318   19.2380
   -7.5000   22.5000  -45.000010352.0000   19.2281
    0.0000   22.5000  -45.000010818.4639   19.2063
    7.5000   22.5000  -45.000010324.1709   19.2336
   -7.5000   30.0000  -45.0000 9995.7227   18.9723
    0.0000   30.0000  -45.000010438.1250   18.9514
    7.5000   30.0000  -45.0000 9976.0039   18.9756
   -7.5000   37.5000  -45.0000 9925.3506   18.9615
    0.0000   37.5000  -45.000010376.0762   18.9452
    7.5000   37.5000  -45.0000 9909.1357   18.9718
   -7.5000   45.0000  -45.0000 9324.0645   18.4722
    0.0000   45.0000  -45.0000 9729.2451   18.4595
    7.5000   45.0000  -45.0000 9290.7021   18.4894
   -7.5000  -45.0000  -37.5000 6486.1943   19.7956
    0.0000  -45.0000  -37.5000 6767.8364   19.7691
    7.5000  -45.0000  -37.5000 6532.6968   19.8038
   -7.5000  -37.5000  -37.5000 7023.6958   19.3891
    0.0000  -37.5000  -37.5000 7345.8857   19.3696
    7.5000  -37.5000  -37.5000 7068.9937   19.4018
   -7.5000  -30.0000  -37.5000 7904.8086   19.1308
    0.0000  -30.0000  -37.5000 8283.2471   19.1102
    7.5000  -30.0000  -37.5000 7955.5278   19.1376
   -7.5000  -22.5000  -37.5000 8898.0117   19.0838
    0.0000  -22.5000  -37.5000 9328.6680   19.0557
    7.5000  -22.5000  -37.5000 8951.6494   19.0769
   -7.5000  -15.0000  -37.5000 9863.1846   19.0789
    0.0000  -15.0000  -37.500010355.5801   19.0461
    7.5000  -15.0000  -37.5000 9923.2051   19.0663
   -7.5000   -7.5000  -37.500010781.3799   19.0722
    0.0000   -7.5000  -37.500011320.3701   19.0422
    7.5000   -7.5000  -37.500010834.6221   19.0674
   -7.5000    0.0000  -37.500011583.0244   19.0682
    0.0000    0.0000  -37.500012187.4082   19.0443
    7.5000    0.0000  -37.500011648.2412   19.0743
   -7.5000    7.5000  -37.500011515.0957   19.0710
    0.0000    7.5000  -37.500012118.5840   19.0514
    7.5000    7.5000  -37.500011560.1934   19.0826
   -7.5000   15.0000  -37.500011296.0879   19.0771
    0.0000   15.0000  -37.500011848.6260   19.0563
    7.5000   15.0000  -37.500011321.8408   19.0836
   -7.5000   22.5000  -37.500010950.9668   19.0775
    0.0000   22.5000  -37.500011470.3389   19.0495
    7.5000   22.5000  -37.500010959.9434   19.0706
   -7.5000   30.0000  -37.500010556.7197   18.8238
    0.0000   30.0000  -37.500011043.1279   18.7914
    7.5000   30.0000  -37.500010547.9229   18.8113
   -7.5000   37.5000  -37.500010492.2344   18.8180
    0.0000   37.5000  -37.500010956.1943   18.7884
    7.5000   37.5000  -37.500010471.6611   18.8133
   -7.5000   45.0000  -37.5000 9849.0244   18.3363
    0.0000   45.0000  -37.500010302.7236   18.3134
    7.5000   45.0000  -37.5000 9811.0361   18.3422
   -7.5000  -45.0000  -30.0000 7008.1445   20.6125
    0.0000  -45.0000  -30.0000 7314.6772   20.5795
    7.5000  -45.0000  -30.0000 7046.5542   20.6150
   -7.5000  -37.5000  -30.0000 7620.1230   20.1889
    0.0000  -37.5000  -30.0000 7970.0347   20.1664
    7.5000  -37.5000  -30.0000 7649.4917   20.1977
   -7.5000  -30.0000  -30.0000 8584.1191   19.9089
    0.0000  -30.0000  -30.0000 8971.5625   19.8916
    7.5000  -30.0000  -30.0000 8608.3135   19.9185
   -7.5000  -22.5000  -30.0000 9678.1514   19.8514
    0.0000  -22.5000  -30.000010126.4033   19.8284
    7.5000  -22.5000  -30.0000 9694.6162   19.8515
   -7.5000  -15.0000  -30.000010712.8438   19.8506
    0.0000  -15.0000  -30.000011228.7812   19.8190
    7.5000  -15.0000  -30.000010739.6084   19.8418
   -7.5000   -7.5000  -30.000011676.2979   19.8552
    0.0000   -7.5000  -30.000012247.3193   19.8214
    7.5000   -7.5000  -30.000011706.5117   19.8484
   -7.5000    0.0000  -30.000012537.2734   19.8586
    0.0000    0.0000  -30.000013140.8770   19.8288
    7.5000    0.0000  -30.000012562.2373   19.8592
   -7.5000    7.5000  -30.000012465.3369   19.8586
    0.0000    7.5000  -30.000013091.7041   19.8363
    7.5000    7.5000  -30.000012479.0098   19.8663
   -7.5000   15.0000  -30.000012226.6758   19.8531
    0.0000   15.0000  -30.000012835.0752   19.8355
    7.5000   15.0000  -30.000012237.4570   19.8624
   -7.5000   22.5000  -30.000011831.0664   19.8428
    0.0000   22.5000  -30.000012422.4004   19.8198
    7.5000   22.5000  -30.000011840.3018   19.8430
   -7.5000   30.0000  -30.000011357.1289   19.5870
    0.0000   30.0000  -30.000011901.8965   19.5558
    7.5000   30.0000  -30.000011331.9941   19.5783
   -7.5000   37.5000  -30.000011263.7236   19.5924
    0.0000   37.5000  -30.000011789.8232   19.5591
    7.5000   37.5000  -30.000011219.8145   19.5857
   -7.5000   45.0000  -30.000010567.7754   19.1105
    0.0000   45.0000  -30.000011086.5967   19.0818
    7.5000   45.0000  -30.000010541.7998   19.1110
   -7.5000  -45.0000  -22.5000 7544.1855   21.3290
    0.0000  -45.0000  -22.5000 7885.6992   21.3031
    7.5000  -45.0000  -22.5000 7589.0557   21.3413
   -7.5000  -37.5000  -22.5000 8209.4248   20.8869
    0.0000  -37.5000  -22.5000 8599.2266   20.8707
    7.5000  -37.5000  -22.5000 8254.5879   20.9060
   -7.5000  -30.0000  -22.5000 9257.9434   20.5893
    0.0000  -30.0000  -22.5000 9703.3936   20.5831
    7.5000  -30.0000  -22.5000 9293.0098   20.6180
   -7.5000  -22.5000  -22.500010420.2471   20.5287
    0.0000  -22.5000  -22.500010929.9512   20.5221
    7.5000  -22.5000  -22.500010439.9014   20.5549
   -7.5000  -15.0000  -22.500011523.9873   20.5307
    0.0000  -15.0000  -22.500012090.1250   20.5162
    7.5000  -15.0000  -22.500011577.5137   20.5474
   -7.5000   -7.5000  -22.500012557.1064   20.5405
    0.0000   -7.5000  -22.500013203.7080   20.5190
    7.5000   -7.5000  -22.500012618.2344   20.5510
   -7.5000    0.0000  -22.500013487.2432   20.5479
    0.0000    0.0000  -22.500014148.6279   20.5247
    7.5000    0.0000  -22.500013508.4961   20.5575
   -7.5000    7.5000  -22.500013402.0537   20.5439
    0.0000    7.5000  -22.500014053.4785   20.5276
    7.5000    7.5000  -22.500013414.7988   20.5616
   -7.5000   15.0000  -22.500013146.3242   20.5316
    0.0000   15.0000  -22.500013802.1553   20.5250
    7.5000   15.0000  -22.500013146.5635   20.5599
   -7.5000   22.5000  -22.500012693.8701   20.5184
    0.0000   22.5000  -22.500013359.9932   20.5119
    7.5000   22.5000  -22.500012717.2334   20.5447
   -7.5000   30.0000  -22.500012159.7168   20.2612
    0.0000   30.0000  -22.500012794.0020   20.2468
    7.5000   30.0000  -22.500012153.5469   20.2776
   -7.5000   37.5000  -22.500012035.9365   20.2718
    0.0000   37.5000  -22.500012654.9473   20.2506
    7.5000   37.5000  -22.500012000.0107   20.2822
   -7.5000   45.0000  -22.500011292.6504   19.7886
    0.0000   45.0000  -22.500011873.8457   19.7663
    7.5000   45.0000  -22.500011262.3359   19.7979
   -7.5000  -45.0000  -15.0000 8087.5229   21.8598
    0.0000  -45.0000  -15.0000 8461.0166   21.8453
    7.5000  -45.0000  -15.0000 8131.0269   21.8859
   -7.5000  -37.5000  -15.0000 8846.9961   21.4057
    0.0000  -37.5000  -15.0000 9239.9053   21.3969
    7.5000  -37.5000  -15.0000 8875.5771   21.4380
   -7.5000  -30.0000  -15.0000 9964.4805   21.1046
    0.0000  -30.0000  -15.000010431.8877   21.1060
    7.5000  -30.0000  -15.0000 9997.5537   21.1503
   -7.5000  -22.5000  -15.000011159.7393   21.0486
    0.0000  -22.5000  -15.000011690.9805   21.0536
    7.5000  -22.5000  -15.000011192.2383   21.0955
   -7.5000  -15.0000  -15.000012329.7549   21.0474
    0.0000  -15.0000  -15.000012935.5615   21.0486
    7.5000  -15.0000  -15.000012381.7227   21.0869
   -7.5000   -7.5000  -15.000013450.2998   21.0499
    0.0000   -7.5000  -15.000014152.7188   21.0435
    7.5000   -7.5000  -15.000013522.1582   21.0796
   -7.5000    0.0000  -15.000014430.4854   21.0549
    0.0000    0.0000  -15.000015167.6084   21.0420
    7.5000    0.0000  -15.000014489.4209   21.0774
   -7.5000    7.5000  -15.000014322.5859   21.0523
    0.0000    7.5000  -15.000015033.3838   21.0429
    7.5000    7.5000  -15.000014342.9766   21.0829
   -7.5000   15.0000  -15.000014022.6436   21.0456
    0.0000   15.0000  -15.000014739.0713   21.0465
    7.5000   15.0000  -15.000014023.5732   21.0908
   -7.5000   22.5000  -15.000013561.7656   21.0371
    0.0000   22.5000  -15.000014296.8242   21.0421
    7.5000   22.5000  -15.000013592.4287   21.0840
   -7.5000   30.0000  -15.000012974.4980   20.7740
    0.0000   30.0000  -15.000013702.2305   20.7752
    7.5000   30.0000  -15.000013000.1914   20.8130
   -7.5000   37.5000  -15.000012810.9189   20.7774
    0.0000   37.5000  -15.000013522.5586   20.7711
    7.5000   37.5000  -15.000012802.1240   20.8068
   -7.5000   45.0000  -15.000012002.6699   20.2892
    0.0000   45.0000  -15.000012646.1768   20.2767
    7.5000   45.0000  -15.000011986.0254   20.3108
   -7.5000  -45.0000   -7.5000 8653.1113   22.1264
    0.0000  -45.0000   -7.5000 9057.3047   22.1169
    7.5000  -45.0000   -7.5000 8701.0293   22.1581
   -7.5000  -37.5000   -7.5000 9495.5068   21.6652
    0.0000  -37.5000   -7.5000 9946.4131   21.6568
    7.5000  -37.5000   -7.5000 9542.1738   21.7006
   -7.5000  -30.0000   -7.500010680.3252   21.3731
    0.0000  -30.0000   -7.500011210.1064   21.3666
    7.5000  -30.0000   -7.500010741.8408   21.4125
   -7.5000  -22.5000   -7.500011943.7109   21.3281
    0.0000  -22.5000   -7.500012534.9609   21.3226
    7.5000  -22.5000   -7.500012021.2588   21.3627
   -7.5000  -15.0000   -7.500013170.5078   21.3250
    0.0000  -15.0000   -7.500013829.6973   21.3209
    7.5000  -15.0000   -7.500013252.8545   21.3567
   -7.5000   -7.5000   -7.500014370.0898   21.3148
    0.0000   -7.5000   -7.500015107.4482   21.3099
    7.5000   -7.5000   -7.500014457.6309   21.3447
   -7.5000    0.0000   -7.500015430.6855   21.3086
    0.0000    0.0000   -7.500016255.2119   21.3000
    7.5000    0.0000   -7.500015528.0801   21.3360
   -7.5000    7.5000   -7.500015271.4492   21.3069
    0.0000    7.5000   -7.500016062.8145   21.2976
    7.5000    7.5000   -7.500015346.2969   21.3404
   -7.5000   15.0000   -7.500014924.2939   21.3133
    0.0000   15.0000   -7.500015694.1846   21.3063
    7.5000   15.0000   -7.500014953.8252   21.3521
   -7.5000   22.5000   -7.500014440.1543   21.3142
    0.0000   22.5000   -7.500015257.0371   21.3087
    7.5000   22.5000   -7.500014501.6270   21.3488
   -7.5000   30.0000   -7.500013806.6621   21.0474
    0.0000   30.0000   -7.500014621.1875   21.0434
    7.5000   30.0000   -7.500013886.0645   21.0787
   -7.5000   37.5000   -7.500013576.6328   21.0384
    0.0000   37.5000   -7.500014341.5518   21.0336
    7.5000   37.5000   -7.500013598.9990   21.0679
   -7.5000   45.0000   -7.500012720.0195   20.5375
    0.0000   45.0000   -7.500013404.8018   20.5292
    7.5000   45.0000   -7.500012692.6924   20.5639
   -7.5000  -45.0000    0.0000 9148.4590   22.1641
    0.0000  -45.0000    0.0000 9604.4951   22.1483
    7.5000  -45.0000    0.0000 9227.0283   22.1886
   -7.5000  -37.5000    0.000010034.5088   21.7035
    0.0000  -37.5000    0.000010547.9023   21.6895
    7.5000  -37.5000    0.000010108.5312   21.7310
   -7.5000  -30.0000    0.000011301.2822   21.4186
    0.0000  -30.0000    0.000011879.3281   21.4001
    7.5000  -30.0000    0.000011381.2832   21.4389
   -7.5000  -22.5000    0.000012654.6279   21.3765
    0.0000  -22.5000    0.000013271.2051   21.3525
    7.5000  -22.5000    0.000012728.0742   21.3832
   -7.5000  -15.0000    0.000013935.0000   21.3722
    0.0000  -15.0000    0.000014616.3359   21.3489
    7.5000  -15.0000    0.000014014.4121   21.3766
   -7.5000   -7.5000    0.000015149.6592   21.3573
    0.0000   -7.5000    0.000015898.7617   21.3393
    7.5000   -7.5000    0.000015260.6631   21.3699
   -7.5000    0.0000    0.000016313.3506   21.3456
    0.0000    0.0000    0.000017151.1523   21.3313
    7.5000    0.0000    0.000016435.5098   21.3665
   -7.5000    7.5000    0.000016164.1826   21.3456
    0.0000    7.5000    0.000017020.5410   21.3310
    7.5000    7.5000    0.000016302.0889   21.3714
   -7.5000   15.0000    0.000015722.2598   21.3586
    0.0000   15.0000    0.000016555.7676   21.3397
    7.5000   15.0000    0.000015835.3809   21.3785
   -7.5000   22.5000    0.000015225.3125   21.3626
    0.0000   22.5000    0.000016085.1211   21.3386
    7.5000   22.5000    0.000015346.5439   21.3693
   -7.5000   30.0000    0.000014571.2021   21.0946
    0.0000   30.0000    0.000015385.5352   21.0716
    7.5000   30.0000    0.000014666.7422   21.0989
   -7.5000   37.5000    0.000014263.4375   21.0809
    0.0000   37.5000    0.000015017.1982   21.0631
    7.5000   37.5000    0.000014302.1973   21.0933
   -7.5000   45.0000    0.000013297.7959   20.5747
    0.0000   45.0000    0.000014013.2207   20.5609
    7.5000   45.0000    0.000013315.9482   20.5949
   -7.5000  -45.0000    7.5000 8956.4541   22.1449
    0.0000  -45.0000    7.5000 9419.1494   22.1154
    7.5000  -45.0000    7.5000 9030.0703   22.1542
   -7.5000  -37.5000    7.5000 9832.9521   21.6903
    0.0000  -37.5000    7.500010367.6113   21.6686
    7.5000  -37.5000    7.5000 9930.7578   21.7047
   -7.5000  -30.0000    7.500011092.4365   21.4013
    0.0000  -30.0000    7.500011650.5898   21.3785
    7.5000  -30.0000    7.500011175.1318   21.4090
   -7.5000  -22.5000    7.500012413.0732   21.3486
    0.0000  -22.5000    7.500012995.5264   21.3173
    7.5000  -22.5000    7.500012468.2041   21.3410
   -7.5000  -15.0000    7.500013630.4697   21.3431
    0.0000  -15.0000    7.500014239.0986   21.3065
    7.5000  -15.0000    7.500013680.9844   21.3291
   -7.5000   -7.5000    7.500014804.5059   21.3358
    0.0000   -7.5000    7.500015443.4551   21.3022
    7.5000   -7.5000    7.500014870.6113   21.3304
   -7.5000    0.0000    7.500016002.0605   21.3314
    0.0000    0.0000    7.500016753.5781   21.3048
    7.5000    0.0000    7.500016053.5977   21.3383
   -7.5000    7.5000    7.500015934.8438   21.3345
    0.0000    7.5000    7.500016716.9902   21.3128
    7.5000    7.5000    7.500016040.2695   21.3477
   -7.5000   15.0000    7.500015463.3320   21.3413
    0.0000   15.0000    7.500016165.0244   21.3181
    7.5000   15.0000    7.500015633.7969   21.3487
   -7.5000   22.5000    7.500014944.7480   21.3347
    0.0000   22.5000    7.500015679.5879   21.3035
    7.5000   22.5000    7.500015125.1611   21.3271
   -7.5000   30.0000    7.500014310.4082   21.0659
    0.0000   30.0000    7.500015023.6201   21.0297
    7.5000   30.0000    7.500014437.3223   21.0521
   -7.5000   37.5000    7.500013978.1318   21.0596
    0.0000   37.5000    7.500014654.3076   21.0265
    7.5000   37.5000    7.500014049.3604   21.0543
   -7.5000   45.0000    7.500013038.9814   20.5610
    0.0000   45.0000    7.500013691.8926   20.5353
    7.5000   45.0000    7.500013059.3311   20.5677
   -7.5000  -45.0000   15.0000 8577.1904   22.1334
    0.0000  -45.0000   15.0000 9037.7617   22.0979
    7.5000  -45.0000   15.0000 8653.1631   22.1362
   -7.5000  -37.5000   15.0000 9449.3252   21.6786
    0.0000  -37.5000   15.0000 9983.8984   21.6544
    7.5000  -37.5000   15.0000 9540.3477   21.6880
   -7.5000  -30.0000   15.000010699.8896   21.3780
    0.0000  -30.0000   15.000011270.0918   21.3594
    7.5000  -30.0000   15.000010782.1074   21.3883
   -7.5000  -22.5000   15.000011976.6885   21.3162
    0.0000  -22.5000   15.000012596.4756   21.2915
    7.5000  -22.5000   15.000012055.4902   21.3163
   -7.5000  -15.0000   15.000013158.4229   21.3153
    0.0000  -15.0000   15.000013777.7988   21.2815
    7.5000  -15.0000   15.000013227.9199   21.3059
   -7.5000   -7.5000   15.000014300.0986   21.3203
    0.0000   -7.5000   15.000014870.5039   21.2840
    7.5000   -7.5000   15.000014345.1592   21.3130
   -7.5000    0.0000   15.000015404.6953   21.3240
    0.0000    0.0000   15.000016030.2363   21.2919
    7.5000    0.0000   15.000015420.0996   21.3246
   -7.5000    7.5000   15.000015422.4795   21.3239
    0.0000    7.5000   15.000015862.9678   21.3000
    7.5000    7.5000   15.000015371.9297   21.3322
   -7.5000   15.0000   15.000015125.5488   21.3180
    0.0000   15.0000   15.000015477.9277   21.2991
    7.5000   15.0000   15.000015117.4033   21.3280
   -7.5000   22.5000   15.000014620.7129   21.3022
    0.0000   22.5000   15.000015075.2588   21.2776
    7.5000   22.5000   15.000014686.9580   21.3024
   -7.5000   30.0000   15.000013895.1133   21.0385
    0.0000   30.0000   15.000014450.5068   21.0050
    7.5000   30.0000   15.000013956.4219   21.0291
   -7.5000   37.5000   15.000013518.0898   21.0443
    0.0000   37.5000   15.000014103.6621   21.0085
    7.5000   37.5000   15.000013536.7852   21.0371
   -7.5000   45.0000   15.000012573.9805   20.5538
    0.0000   45.0000   15.000013164.9502   20.5230
    7.5000   45.0000   15.000012555.3164   20.5545
   -7.5000  -45.0000   22.5000 8184.4937   22.1421
    0.0000  -45.0000   22.5000 8634.1914   22.1153
    7.5000  -45.0000   22.5000 8272.0830   22.1549
   -7.5000  -37.5000   22.5000 9009.3311   21.6831
    0.0000  -37.5000   22.5000 9504.1963   21.6663
    7.5000  -37.5000   22.5000 9115.3945   21.7029
   -7.5000  -30.0000   22.500010168.4727   21.3742
    0.0000  -30.0000   22.500010697.3428   21.3677
    7.5000  -30.0000   22.500010270.3076   21.4039
   -7.5000  -22.5000   22.500011372.5264   21.3112
    0.0000  -22.5000   22.500011949.6250   21.3044
    7.5000  -22.5000   22.500011457.6016   21.3385
   -7.5000  -15.0000   22.500012532.2568   21.3134
    0.0000  -15.0000   22.500013102.4922   21.2983
    7.5000  -15.0000   22.500012564.0479   21.3306
   -7.5000   -7.5000   22.500013654.1650   21.3235
    0.0000   -7.5000   22.500014236.0381   21.3011
    7.5000   -7.5000   22.500013646.9229   21.3344
   -7.5000    0.0000   22.500014713.3848   21.3312
    0.0000    0.0000   22.500015328.1289   21.3071
    7.5000    0.0000   22.500014666.7969   21.3411
   -7.5000    7.5000   22.500014649.5479   21.3271
    0.0000    7.5000   22.500015157.1855   21.3102
    7.5000    7.5000   22.500014523.5166   21.3454
   -7.5000   15.0000   22.500014435.7432   21.3143
    0.0000   15.0000   22.500014933.2402   21.3075
    7.5000   15.0000   22.500014290.1846   21.3436
   -7.5000   22.5000   22.500014059.8008   21.2973
    0.0000   22.5000   22.500014617.5459   21.2905
    7.5000   22.5000   22.500013965.3320   21.3246
   -7.5000   30.0000   22.500013346.0049   21.0365
    0.0000   30.0000   22.500013905.8252   21.0216
    7.5000   30.0000   22.500013297.7139   21.0535
   -7.5000   37.5000   22.500012906.6201   21.0475
    0.0000   37.5000   22.500013460.1455   21.0255
    7.5000   37.5000   22.500012882.3887   21.0583
   -7.5000   45.0000   22.500011984.1621   20.5608
    0.0000   45.0000   22.500012503.0898   20.5376
    7.5000   45.0000   22.500011960.9609   20.5704
   -7.5000  -45.0000   30.0000 7658.1660   22.1632
    0.0000  -45.0000   30.0000 8084.2178   22.1486
    7.5000  -45.0000   30.0000 7770.5430   22.1896
   -7.5000  -37.5000   30.0000 8414.9863   21.7028
    0.0000  -37.5000   30.0000 8894.8828   21.6939
    7.5000  -37.5000   30.0000 8533.0518   21.7355
   -7.5000  -30.0000   30.0000 9505.8418   21.3975
    0.0000  -30.0000   30.000010029.2207   21.3989
    7.5000  -30.0000   30.0000 9593.3779   21.4437
   -7.5000  -22.5000   30.000010648.2373   21.3406
    0.0000  -22.5000   30.000011231.0938   21.3457
    7.5000  -22.5000   30.000010728.5771   21.3881
   -7.5000  -15.0000   30.000011732.1992   21.3394
    0.0000  -15.0000   30.000012349.9707   21.3406
    7.5000  -15.0000   30.000011797.1885   21.3794
   -7.5000   -7.5000   30.000012802.0557   21.3420
    0.0000   -7.5000   30.000013434.6299   21.3355
    7.5000   -7.5000   30.000012851.8398   21.3721
   -7.5000    0.0000   30.000013790.2227   21.3471
    0.0000    0.0000   30.000014418.3906   21.3340
    7.5000    0.0000   30.000013800.3916   21.3698
   -7.5000    7.5000   30.000013671.2041   21.3444
    0.0000    7.5000   30.000014224.3428   21.3349
    7.5000    7.5000   30.000013655.6475   21.3753
   -7.5000   15.0000   30.000013415.9678   21.3376
    0.0000   15.0000   30.000013975.2920   21.3385
    7.5000   15.0000   30.000013398.9004   21.3833
   -7.5000   22.5000   30.000013115.9482   21.3267
    0.0000   22.5000   30.000013682.4365   21.3318
    7.5000   22.5000   30.000013082.3652   21.3742
   -7.5000   30.0000   30.000012513.2012   21.0623
    0.0000   30.0000   30.000013051.8447   21.0634
    7.5000   30.0000   30.000012490.0400   21.1017
   -7.5000   37.5000   30.000012112.0898   21.0658
    0.0000   37.5000   30.000012642.4805   21.0593
    7.5000   37.5000   30.000012094.2910   21.0955
   -7.5000   45.0000   30.000011248.9307   20.5762
    0.0000   45.0000   30.000011775.1465   20.5635
    7.5000   45.0000   30.000011247.7627   20.5980
   -7.5000  -45.0000   37.5000 7404.8291   22.2282
    0.0000  -45.0000   37.5000 7811.6382   22.2187
    7.5000  -45.0000   37.5000 7505.7617   22.2601
   -7.5000  -37.5000   37.5000 8128.4409   21.7641
    0.0000  -37.5000   37.5000 8577.7441   21.7556
    7.5000  -37.5000   37.5000 8235.0479   21.7996
   -7.5000  -30.0000   37.5000 9179.7051   21.4699
    0.0000  -30.0000   37.5000 9682.4434   21.4633
    7.5000  -30.0000   37.5000 9266.4951   21.5094
   -7.5000  -22.5000   37.500010282.7148   21.4242
    0.0000  -22.5000   37.500010836.5352   21.4187
    7.5000  -22.5000   37.500010373.1904   21.4590
   -7.5000  -15.0000   37.500011314.0312   21.4206
    0.0000  -15.0000   37.500011909.8418   21.4167
    7.5000  -15.0000   37.500011418.7920   21.4527
   -7.5000   -7.5000   37.500012325.4775   21.4104
    0.0000   -7.5000   37.500012953.3115   21.4057
    7.5000   -7.5000   37.500012427.2480   21.4406
   -7.5000    0.0000   37.500013233.5410   21.4046
    0.0000    0.0000   37.500013869.8564   21.3960
    7.5000    0.0000   37.500013332.9775   21.4322
   -7.5000    7.5000   37.500013116.1562   21.4033
    0.0000    7.5000   37.500013701.7744   21.3939
    7.5000    7.5000   37.500013198.4492   21.4369
   -7.5000   15.0000   37.500012881.2188   21.4097
    0.0000   15.0000   37.500013434.7842   21.4026
    7.5000   15.0000   37.500012950.5713   21.4487
   -7.5000   22.5000   37.500012557.2939   21.4102
    0.0000   22.5000   37.500013099.6230   21.4047
    7.5000   22.5000   37.500012584.1875   21.4451
   -7.5000   30.0000   37.500012009.9639   21.1424
    0.0000   30.0000   37.500012497.6211   21.1385
    7.5000   30.0000   37.500012028.4141   21.1741
   -7.5000   37.5000   37.500011664.7383   21.1333
    0.0000   37.5000   37.500012133.2441   21.1286
    7.5000   37.5000   37.500011670.2939   21.1631
   -7.5000   45.0000   37.500010864.5176   20.6316
    0.0000   45.0000   37.500011316.7920   20.6233
    7.5000   45.0000   37.500010859.3184   20.6582
   -7.5000  -45.0000   45.0000 6833.2666   22.4203
    0.0000  -45.0000   45.0000 7223.2397   22.4030
    7.5000  -45.0000   45.0000 6928.8477   22.4436
   -7.5000  -37.5000   45.0000 7495.4600   21.9453
    0.0000  -37.5000   45.0000 7915.5063   21.9305
    7.5000  -37.5000   45.0000 7597.7720   21.9726
   -7.5000  -30.0000   45.0000 8459.0684   21.6518
    0.0000  -30.0000   45.0000 8935.1641   21.6331
    7.5000  -30.0000   45.0000 8563.5068   21.6726
   -7.5000  -22.5000   45.0000 9464.4346   21.6092
    0.0000  -22.5000   45.000010000.5186   21.5849
    7.5000  -22.5000   45.0000 9575.1416   21.6158
   -7.5000  -15.0000   45.000010413.3115   21.6055
    0.0000  -15.0000   45.000010987.2061   21.5816
    7.5000  -15.0000   45.000010527.2490   21.6091
   -7.5000   -7.5000   45.000011335.3760   21.5903
    0.0000   -7.5000   45.000011936.5117   21.5712
    7.5000   -7.5000   45.000011430.3379   21.6016
   -7.5000    0.0000   45.000012159.2803   21.5777
    0.0000    0.0000   45.000012765.8193   21.5622
    7.5000    0.0000   45.000012224.0273   21.5975
   -7.5000    7.5000   45.000012026.2168   21.5770
    0.0000    7.5000   45.000012593.0371   21.5617
    7.5000    7.5000   45.000012077.2852   21.6027
   -7.5000   15.0000   45.000011799.5879   21.5901
    0.0000   15.0000   45.000012318.5215   21.5709
    7.5000   15.0000   45.000011824.4453   21.6104
   -7.5000   22.5000   45.000011471.7246   21.5950
    0.0000   22.5000   45.000011973.3877   21.5708
    7.5000   22.5000   45.000011482.8242   21.6016
   -7.5000   30.0000   45.000010991.5996   21.3230
    0.0000   30.0000   45.000011440.2129   21.2994
    7.5000   30.0000   45.000010995.2002   21.3266
   -7.5000   37.5000   45.000010701.0703   21.3090
    0.0000   37.5000   45.000011147.5518   21.2901
    7.5000   37.5000   45.000010682.3125   21.3202
   -7.5000   45.0000   45.0000 9983.0166   20.8079
    0.0000   45.0000   45.000010404.0723   20.7929
    7.5000   45.0000   45.0000 9961.4863   20.8270

---------------------------------------------------------------------
imgreg_4dfp /opt/freesurfer/average/711-2C_as_mni_average_305 /opt/freesurfer/average/711-2B_as_mni_average_305_mask talsrcimg_g11 none talsrcimg_to_711-2C_as_mni_average_305_t4 4355
---------------------------------------------------------------------

freesurfer imgreg_4dfp.c
/opt/freesurfer/average/711-2C_as_mni_average_305.4dfp.img
       256       256       256         1
  1.000000  1.000000  1.000000
orientation T byte_order littleendian
Reading image: /opt/freesurfer/average/711-2C_as_mni_average_305.4dfp.img
dimensions:      256       256       256
mmppix:       1.0000   -1.0000   -1.0000
center:     128.0000 -129.0000 -129.0000
/opt/freesurfer/average/711-2B_as_mni_average_305_mask.4dfp.img
       256       256       256         1
  1.000000  1.000000  1.000000
orientation T byte_order littleendian
Reading mask: /opt/freesurfer/average/711-2B_as_mni_average_305_mask.4dfp.img (2306576 pixels)
talsrcimg_g11.4dfp.img
       256       256       256         1
  1.000000  1.000000  1.000000
orientation T byte_order littleendian
Reading image: talsrcimg_g11.4dfp.img
dimensions:      256       256       256
mmppix:       1.0000   -1.0000   -1.0000
center:     128.0000 -129.0000 -129.0000
rotation matrix determinant  1.000000
image alignment mode   4355 decimal     1103 hex
   -7.5000  -45.0000  -45.0000 1774.6218   30.9661
    0.0000  -45.0000  -45.0000 1785.2648   30.6721
    7.5000  -45.0000  -45.0000 1771.7345   30.9337
   -7.5000  -37.5000  -45.0000 1882.9904   27.2827
    0.0000  -37.5000  -45.0000 1889.1045   26.9132
    7.5000  -37.5000  -45.0000 1874.9402   27.2586
   -7.5000  -30.0000  -45.0000 1979.3702   24.4604
    0.0000  -30.0000  -45.0000 1989.1980   24.1176
    7.5000  -30.0000  -45.0000 1970.1353   24.4127
   -7.5000  -22.5000  -45.0000 2071.1433   22.3102
    0.0000  -22.5000  -45.0000 2090.1858   22.0720
    7.5000  -22.5000  -45.0000 2065.4800   22.2470
   -7.5000  -15.0000  -45.0000 2147.7351   20.7232
    0.0000  -15.0000  -45.0000 2165.0952   20.5799
    7.5000  -15.0000  -45.0000 2142.6279   20.6836
   -7.5000   -7.5000  -45.0000 2200.3623   19.6283
    0.0000   -7.5000  -45.0000 2218.1670   19.4882
    7.5000   -7.5000  -45.0000 2198.4521   19.5879
   -7.5000    0.0000  -45.0000 2228.0798   18.9333
    0.0000    0.0000  -45.0000 2243.6345   18.7770
    7.5000    0.0000  -45.0000 2228.9382   18.8659
   -7.5000    7.5000  -45.0000 2235.3447   18.5622
    0.0000    7.5000  -45.0000 2244.4500   18.3759
    7.5000    7.5000  -45.0000 2230.1372   18.5573
   -7.5000   15.0000  -45.0000 2219.5769   18.4442
    0.0000   15.0000  -45.0000 2231.7769   18.2890
    7.5000   15.0000  -45.0000 2210.7056   18.4957
   -7.5000   22.5000  -45.0000 2203.3818   18.5759
    0.0000   22.5000  -45.0000 2214.3298   18.4108
    7.5000   22.5000  -45.0000 2191.9438   18.6535
   -7.5000   30.0000  -45.0000 2179.5938   18.9965
    0.0000   30.0000  -45.0000 2194.9670   18.8234
    7.5000   30.0000  -45.0000 2165.9307   19.0971
   -7.5000   37.5000  -45.0000 2142.1267   19.8571
    0.0000   37.5000  -45.0000 2160.1743   19.6651
    7.5000   37.5000  -45.0000 2132.8606   19.9678
   -7.5000   45.0000  -45.0000 2093.1357   21.1115
    0.0000   45.0000  -45.0000 2107.4465   20.9441
    7.5000   45.0000  -45.0000 2082.1460   21.2494
   -7.5000  -45.0000  -37.5000 1845.9929   28.7591
    0.0000  -45.0000  -37.5000 1854.8760   28.3388
    7.5000  -45.0000  -37.5000 1842.5447   28.7416
   -7.5000  -37.5000  -37.5000 1954.4669   25.2742
    0.0000  -37.5000  -37.5000 1961.8021   24.9897
    7.5000  -37.5000  -37.5000 1951.7039   25.2526
   -7.5000  -30.0000  -37.5000 2061.9802   22.5799
    0.0000  -30.0000  -37.5000 2074.4351   22.3828
    7.5000  -30.0000  -37.5000 2056.2456   22.5432
   -7.5000  -22.5000  -37.5000 2168.1895   20.5856
    0.0000  -22.5000  -37.5000 2180.8550   20.3910
    7.5000  -22.5000  -37.5000 2163.4072   20.5298
   -7.5000  -15.0000  -37.5000 2250.7458   19.0576
    0.0000  -15.0000  -37.5000 2266.4075   18.9064
    7.5000  -15.0000  -37.5000 2247.4700   19.0444
   -7.5000   -7.5000  -37.5000 2305.1362   18.0225
    0.0000   -7.5000  -37.5000 2319.3711   17.8687
    7.5000   -7.5000  -37.5000 2299.3369   17.9492
   -7.5000    0.0000  -37.5000 2330.4895   17.3589
    0.0000    0.0000  -37.5000 2351.2249   17.2029
    7.5000    0.0000  -37.5000 2326.7273   17.2725
   -7.5000    7.5000  -37.5000 2340.2896   16.9963
    0.0000    7.5000  -37.5000 2358.8806   16.8512
    7.5000    7.5000  -37.5000 2334.7603   16.9520
   -7.5000   15.0000  -37.5000 2333.2290   16.8886
    0.0000   15.0000  -37.5000 2344.7510   16.7353
    7.5000   15.0000  -37.5000 2323.6321   16.8831
   -7.5000   22.5000  -37.5000 2313.5254   17.0148
    0.0000   22.5000  -37.5000 2322.0913   16.8822
    7.5000   22.5000  -37.5000 2302.9253   17.0626
   -7.5000   30.0000  -37.5000 2290.9087   17.4279
    0.0000   30.0000  -37.5000 2304.4719   17.2618
    7.5000   30.0000  -37.5000 2278.3694   17.4561
   -7.5000   37.5000  -37.5000 2252.7061   18.2188
    0.0000   37.5000  -37.5000 2265.2048   18.0030
    7.5000   37.5000  -37.5000 2244.6177   18.2262
   -7.5000   45.0000  -37.5000 2193.4197   19.4080
    0.0000   45.0000  -37.5000 2208.6863   19.1973
    7.5000   45.0000  -37.5000 2183.6099   19.4119
   -7.5000  -45.0000  -30.0000 1934.2280   27.7360
    0.0000  -45.0000  -30.0000 1945.7268   27.3848
    7.5000  -45.0000  -30.0000 1936.7385   27.6740
   -7.5000  -37.5000  -30.0000 2054.7754   24.2963
    0.0000  -37.5000  -30.0000 2068.9189   24.1409
    7.5000  -37.5000  -30.0000 2054.7532   24.3203
   -7.5000  -30.0000  -30.0000 2175.1792   21.6971
    0.0000  -30.0000  -30.0000 2184.4360   21.5320
    7.5000  -30.0000  -30.0000 2169.3516   21.7174
   -7.5000  -22.5000  -30.0000 2294.6526   19.7638
    0.0000  -22.5000  -30.0000 2304.4526   19.6067
    7.5000  -22.5000  -30.0000 2286.6973   19.7171
   -7.5000  -15.0000  -30.0000 2382.6292   18.1892
    0.0000  -15.0000  -30.0000 2398.3264   18.0800
    7.5000  -15.0000  -30.0000 2380.2427   18.1813
   -7.5000   -7.5000  -30.0000 2438.5842   17.1467
    0.0000   -7.5000  -30.0000 2454.7175   17.0423
    7.5000   -7.5000  -30.0000 2433.4724   17.1411
   -7.5000    0.0000  -30.0000 2469.1689   16.4811
    0.0000    0.0000  -30.0000 2486.4854   16.3588
    7.5000    0.0000  -30.0000 2462.1582   16.4595
   -7.5000    7.5000  -30.0000 2489.5520   16.0931
    0.0000    7.5000  -30.0000 2507.0405   15.9502
    7.5000    7.5000  -30.0000 2480.0876   16.0893
   -7.5000   15.0000  -30.0000 2490.0103   15.9798
    0.0000   15.0000  -30.0000 2504.7849   15.8360
    7.5000   15.0000  -30.0000 2481.0066   15.9698
   -7.5000   22.5000  -30.0000 2477.4592   16.1564
    0.0000   22.5000  -30.0000 2497.6780   16.0213
    7.5000   22.5000  -30.0000 2470.0396   16.1313
   -7.5000   30.0000  -30.0000 2451.6357   16.5885
    0.0000   30.0000  -30.0000 2471.3398   16.4304
    7.5000   30.0000  -30.0000 2440.6843   16.5661
   -7.5000   37.5000  -30.0000 2407.2678   17.3511
    0.0000   37.5000  -30.0000 2424.6123   17.2018
    7.5000   37.5000  -30.0000 2395.1543   17.3423
   -7.5000   45.0000  -30.0000 2337.3982   18.4956
    0.0000   45.0000  -30.0000 2354.0625   18.3271
    7.5000   45.0000  -30.0000 2330.4561   18.5012
   -7.5000  -45.0000  -22.5000 1998.1042   26.6127
    0.0000  -45.0000  -22.5000 2015.0562   26.3990
    7.5000  -45.0000  -22.5000 2008.4733   26.7168
   -7.5000  -37.5000  -22.5000 2127.0642   23.3127
    0.0000  -37.5000  -22.5000 2144.8835   23.1553
    7.5000  -37.5000  -22.5000 2131.9368   23.4061
   -7.5000  -30.0000  -22.5000 2254.4167   20.7593
    0.0000  -30.0000  -22.5000 2271.6226   20.6514
    7.5000  -30.0000  -22.5000 2256.0208   20.8170
   -7.5000  -22.5000  -22.5000 2381.6599   18.7799
    0.0000  -22.5000  -22.5000 2400.0996   18.6770
    7.5000  -22.5000  -22.5000 2380.9722   18.7871
   -7.5000  -15.0000  -22.5000 2478.7014   17.2978
    0.0000  -15.0000  -22.5000 2498.6875   17.2184
    7.5000  -15.0000  -22.5000 2480.3020   17.3059
   -7.5000   -7.5000  -22.5000 2546.0183   16.2369
    0.0000   -7.5000  -22.5000 2565.6289   16.1826
    7.5000   -7.5000  -22.5000 2543.8762   16.2681
   -7.5000    0.0000  -22.5000 2587.4343   15.5421
    0.0000    0.0000  -22.5000 2601.3110   15.4257
    7.5000    0.0000  -22.5000 2581.3274   15.5589
   -7.5000    7.5000  -22.5000 2618.8198   15.1425
    0.0000    7.5000  -22.5000 2634.0496   15.0267
    7.5000    7.5000  -22.5000 2609.3250   15.1792
   -7.5000   15.0000  -22.5000 2624.7722   15.0049
    0.0000   15.0000  -22.5000 2642.3003   14.8695
    7.5000   15.0000  -22.5000 2616.1750   15.0302
   -7.5000   22.5000  -22.5000 2618.3025   15.1673
    0.0000   22.5000  -22.5000 2641.2180   15.0415
    7.5000   22.5000  -22.5000 2610.7258   15.1767
   -7.5000   30.0000  -22.5000 2586.8477   15.6512
    0.0000   30.0000  -22.5000 2613.3894   15.5158
    7.5000   30.0000  -22.5000 2581.9509   15.6298
   -7.5000   37.5000  -22.5000 2536.9277   16.4419
    0.0000   37.5000  -22.5000 2563.1433   16.3008
    7.5000   37.5000  -22.5000 2532.8342   16.4221
   -7.5000   45.0000  -22.5000 2456.5708   17.5279
    0.0000   45.0000  -22.5000 2481.8481   17.3604
    7.5000   45.0000  -22.5000 2455.4583   17.5225
   -7.5000  -45.0000  -15.0000 2043.3518   25.7184
    0.0000  -45.0000  -15.0000 2065.9885   25.5085
    7.5000  -45.0000  -15.0000 2056.0398   25.6901
   -7.5000  -37.5000  -15.0000 2183.5950   22.5031
    0.0000  -37.5000  -15.0000 2199.7009   22.3235
    7.5000  -37.5000  -15.0000 2189.2368   22.5384
   -7.5000  -30.0000  -15.0000 2314.0769   19.9844
    0.0000  -30.0000  -15.0000 2331.7544   19.8255
    7.5000  -30.0000  -15.0000 2316.1106   20.0079
   -7.5000  -22.5000  -15.0000 2436.4490   17.9766
    0.0000  -22.5000  -15.0000 2454.6328   17.8803
    7.5000  -22.5000  -15.0000 2437.0386   18.0211
   -7.5000  -15.0000  -15.0000 2542.3269   16.4683
    0.0000  -15.0000  -15.0000 2560.2722   16.3915
    7.5000  -15.0000  -15.0000 2540.8916   16.5189
   -7.5000   -7.5000  -15.0000 2625.0264   15.3838
    0.0000   -7.5000  -15.0000 2649.9951   15.3279
    7.5000   -7.5000  -15.0000 2625.1755   15.4167
   -7.5000    0.0000  -15.0000 2679.2300   14.6808
    0.0000    0.0000  -15.0000 2694.9529   14.5905
    7.5000    0.0000  -15.0000 2676.3645   14.6940
   -7.5000    7.5000  -15.0000 2715.5508   14.2572
    0.0000    7.5000  -15.0000 2733.8945   14.1500
    7.5000    7.5000  -15.0000 2710.2407   14.2684
   -7.5000   15.0000  -15.0000 2729.3440   14.1035
    0.0000   15.0000  -15.0000 2750.9900   13.9860
    7.5000   15.0000  -15.0000 2722.7080   14.1229
   -7.5000   22.5000  -15.0000 2726.5879   14.2549
    0.0000   22.5000  -15.0000 2754.5833   14.1408
    7.5000   22.5000  -15.0000 2721.6292   14.2718
   -7.5000   30.0000  -15.0000 2696.3711   14.7503
    0.0000   30.0000  -15.0000 2729.2322   14.6281
    7.5000   30.0000  -15.0000 2694.3171   14.7620
   -7.5000   37.5000  -15.0000 2639.8630   15.5300
    0.0000   37.5000  -15.0000 2673.2991   15.4027
    7.5000   37.5000  -15.0000 2642.4319   15.5356
   -7.5000   45.0000  -15.0000 2547.6746   16.5823
    0.0000   45.0000  -15.0000 2576.7751   16.4505
    7.5000   45.0000  -15.0000 2553.6658   16.6033
   -7.5000  -45.0000   -7.5000 2078.2844   24.9391
    0.0000  -45.0000   -7.5000 2100.8193   24.6514
    7.5000  -45.0000   -7.5000 2087.5779   24.8896
   -7.5000  -37.5000   -7.5000 2226.6292   21.8216
    0.0000  -37.5000   -7.5000 2244.9712   21.5813
    7.5000  -37.5000   -7.5000 2231.7466   21.8178
   -7.5000  -30.0000   -7.5000 2349.4197   19.2948
    0.0000  -30.0000   -7.5000 2372.4751   19.1086
    7.5000  -30.0000   -7.5000 2357.6433   19.3026
   -7.5000  -22.5000   -7.5000 2472.5955   17.3370
    0.0000  -22.5000   -7.5000 2495.1763   17.1737
    7.5000  -22.5000   -7.5000 2479.3687   17.3505
   -7.5000  -15.0000   -7.5000 2586.0139   15.7997
    0.0000  -15.0000   -7.5000 2609.4570   15.6618
    7.5000  -15.0000   -7.5000 2590.9919   15.8151
   -7.5000   -7.5000   -7.5000 2679.7168   14.6845
    0.0000   -7.5000   -7.5000 2705.1311   14.5486
    7.5000   -7.5000   -7.5000 2683.6370   14.6872
   -7.5000    0.0000   -7.5000 2752.6113   13.9197
    0.0000    0.0000   -7.5000 2777.0039   13.8107
    7.5000    0.0000   -7.5000 2750.9480   13.9037
   -7.5000    7.5000   -7.5000 2800.2512   13.4676
    0.0000    7.5000   -7.5000 2825.9714   13.3506
    7.5000    7.5000   -7.5000 2799.7366   13.4757
   -7.5000   15.0000   -7.5000 2823.8596   13.2761
    0.0000   15.0000   -7.5000 2852.8752   13.1627
    7.5000   15.0000   -7.5000 2819.5518   13.2976
   -7.5000   22.5000   -7.5000 2820.5620   13.4778
    0.0000   22.5000   -7.5000 2856.8025   13.3432
    7.5000   22.5000   -7.5000 2820.7610   13.4644
   -7.5000   30.0000   -7.5000 2788.3596   13.9495
    0.0000   30.0000   -7.5000 2824.1482   13.8103
    7.5000   30.0000   -7.5000 2793.0598   13.9140
   -7.5000   37.5000   -7.5000 2720.2224   14.6926
    0.0000   37.5000   -7.5000 2751.8616   14.5344
    7.5000   37.5000   -7.5000 2726.7991   14.6662
   -7.5000   45.0000   -7.5000 2624.6145   15.7394
    0.0000   45.0000   -7.5000 2647.9985   15.5933
    7.5000   45.0000   -7.5000 2626.1792   15.7300
   -7.5000  -45.0000    0.0000 2098.0149   24.5519
    0.0000  -45.0000    0.0000 2122.7537   24.2042
    7.5000  -45.0000    0.0000 2111.6316   24.4554
   -7.5000  -37.5000    0.0000 2241.0046   21.4011
    0.0000  -37.5000    0.0000 2260.0923   21.0650
    7.5000  -37.5000    0.0000 2247.5132   21.3042
   -7.5000  -30.0000    0.0000 2366.5505   18.8794
    0.0000  -30.0000    0.0000 2390.2698   18.5852
    7.5000  -30.0000    0.0000 2373.0547   18.8324
   -7.5000  -22.5000    0.0000 2494.7805   16.8887
    0.0000  -22.5000    0.0000 2517.6111   16.6402
    7.5000  -22.5000    0.0000 2502.3433   16.8598
   -7.5000  -15.0000    0.0000 2609.9165   15.3661
    0.0000  -15.0000    0.0000 2630.6438   15.1248
    7.5000  -15.0000    0.0000 2614.4609   15.2803
   -7.5000   -7.5000    0.0000 2710.4062   14.1662
    0.0000   -7.5000    0.0000 2738.1062   13.9568
    7.5000   -7.5000    0.0000 2716.6641   14.1194
   -7.5000    0.0000    0.0000 2798.9124   13.3495
    0.0000    0.0000    0.0000 2831.5818   13.1722
    7.5000    0.0000    0.0000 2807.3684   13.3309
   -7.5000    7.5000    0.0000 2869.7559   12.8940
    0.0000    7.5000    0.0000 2908.5044   12.7293
    7.5000    7.5000    0.0000 2874.6577   12.8733
   -7.5000   15.0000    0.0000 2902.6213   12.6525
    0.0000   15.0000    0.0000 2946.1587   12.4696
    7.5000   15.0000    0.0000 2906.8745   12.6546
   -7.5000   22.5000    0.0000 2900.3875   12.8295
    0.0000   22.5000    0.0000 2942.6443   12.6883
    7.5000   22.5000    0.0000 2909.5786   12.7669
   -7.5000   30.0000    0.0000 2856.9795   13.3339
    0.0000   30.0000    0.0000 2893.2673   13.1663
    7.5000   30.0000    0.0000 2863.1443   13.2609
   -7.5000   37.5000    0.0000 2778.6909   14.0560
    0.0000   37.5000    0.0000 2806.9998   13.8645
    7.5000   37.5000    0.0000 2786.4187   14.0055
   -7.5000   45.0000    0.0000 2670.5906   15.1391
    0.0000   45.0000    0.0000 2695.2251   14.9529
    7.5000   45.0000    0.0000 2674.4861   15.1208
   -7.5000  -45.0000    7.5000 2110.1868   24.5526
    0.0000  -45.0000    7.5000 2138.8699   24.2013
    7.5000  -45.0000    7.5000 2123.1250   24.3905
   -7.5000  -37.5000    7.5000 2249.7676   21.3193
    0.0000  -37.5000    7.5000 2281.9138   20.9786
    7.5000  -37.5000    7.5000 2269.8440   21.2023
   -7.5000  -30.0000    7.5000 2378.5886   18.7283
    0.0000  -30.0000    7.5000 2405.1726   18.3406
    7.5000  -30.0000    7.5000 2390.2126   18.5921
   -7.5000  -22.5000    7.5000 2506.7209   16.7077
    0.0000  -22.5000    7.5000 2526.6562   16.2883
    7.5000  -22.5000    7.5000 2513.8057   16.5498
   -7.5000  -15.0000    7.5000 2620.0457   15.1377
    0.0000  -15.0000    7.5000 2639.1069   14.7746
    7.5000  -15.0000    7.5000 2625.4905   14.9873
   -7.5000   -7.5000    7.5000 2723.5886   13.9057
    0.0000   -7.5000    7.5000 2747.7234   13.5892
    7.5000   -7.5000    7.5000 2730.6790   13.8170
   -7.5000    0.0000    7.5000 2825.3198   13.0437
    0.0000    0.0000    7.5000 2854.9294   12.7573
    7.5000    0.0000    7.5000 2830.4644   12.9770
   -7.5000    7.5000    7.5000 2912.8840   12.5915
    0.0000    7.5000    7.5000 2959.0850   12.3152
    7.5000    7.5000    7.5000 2919.5906   12.4922
   -7.5000   15.0000    7.5000 2961.5037   12.3255
    0.0000   15.0000    7.5000 3019.2119   12.0451
    7.5000   15.0000    7.5000 2972.9302   12.3056
   -7.5000   22.5000    7.5000 2962.7341   12.4487
    0.0000   22.5000    7.5000 3017.4294   12.2015
    7.5000   22.5000    7.5000 2974.2417   12.4403
   -7.5000   30.0000    7.5000 2906.9070   12.9919
    0.0000   30.0000    7.5000 2948.6091   12.7521
    7.5000   30.0000    7.5000 2914.2510   12.9383
   -7.5000   37.5000    7.5000 2816.5686   13.7398
    0.0000   37.5000    7.5000 2846.9304   13.4881
    7.5000   37.5000    7.5000 2825.4653   13.6944
   -7.5000   45.0000    7.5000 2697.2866   14.8443
    0.0000   45.0000    7.5000 2726.7146   14.5979
    7.5000   45.0000    7.5000 2703.5728   14.8005
   -7.5000  -45.0000   15.0000 2091.6487   24.6684
    0.0000  -45.0000   15.0000 2124.2317   24.2596
    7.5000  -45.0000   15.0000 2116.0630   24.4257
   -7.5000  -37.5000   15.0000 2235.9727   21.3687
    0.0000  -37.5000   15.0000 2272.1328   21.0174
    7.5000  -37.5000   15.0000 2260.7451   21.1975
   -7.5000  -30.0000   15.0000 2370.9346   18.7607
    0.0000  -30.0000   15.0000 2399.2502   18.3614
    7.5000  -30.0000   15.0000 2390.7375   18.5739
   -7.5000  -22.5000   15.0000 2498.8623   16.7323
    0.0000  -22.5000   15.0000 2528.3499   16.3187
    7.5000  -22.5000   15.0000 2516.2922   16.5328
   -7.5000  -15.0000   15.0000 2611.7312   15.1288
    0.0000  -15.0000   15.0000 2642.0977   14.7160
    7.5000  -15.0000   15.0000 2630.0471   14.9459
   -7.5000   -7.5000   15.0000 2719.0146   13.9016
    0.0000   -7.5000   15.0000 2749.1450   13.4884
    7.5000   -7.5000   15.0000 2734.3025   13.7735
   -7.5000    0.0000   15.0000 2818.5479   13.0607
    0.0000    0.0000   15.0000 2846.5764   12.6261
    7.5000    0.0000   15.0000 2830.6755   12.9325
   -7.5000    7.5000   15.0000 2918.1807   12.5485
    0.0000    7.5000   15.0000 2955.9163   12.1608
    7.5000    7.5000   15.0000 2924.2053   12.4138
   -7.5000   15.0000   15.0000 2972.6982   12.3919
    0.0000   15.0000   15.0000 3025.4895   11.9492
    7.5000   15.0000   15.0000 2977.8625   12.2803
   -7.5000   22.5000   15.0000 2972.1008   12.5039
    0.0000   22.5000   15.0000 3027.5818   12.1265
    7.5000   22.5000   15.0000 2982.7883   12.4253
   -7.5000   30.0000   15.0000 2911.9209   12.8979
    0.0000   30.0000   15.0000 2956.9182   12.6470
    7.5000   30.0000   15.0000 2921.2886   12.8496
   -7.5000   37.5000   15.0000 2818.1616   13.6368
    0.0000   37.5000   15.0000 2853.2512   13.4293
    7.5000   37.5000   15.0000 2829.3594   13.5966
   -7.5000   45.0000   15.0000 2694.2263   14.7111
    0.0000   45.0000   15.0000 2722.8430   14.5470
    7.5000   45.0000   15.0000 2702.8499   14.6884
   -7.5000  -45.0000   22.5000 2065.1816   25.2368
    0.0000  -45.0000   22.5000 2095.6960   24.7635
    7.5000  -45.0000   22.5000 2093.7922   24.8311
   -7.5000  -37.5000   22.5000 2211.7278   21.7574
    0.0000  -37.5000   22.5000 2244.2839   21.2894
    7.5000  -37.5000   22.5000 2242.2778   21.4618
   -7.5000  -30.0000   22.5000 2348.2817   19.0154
    0.0000  -30.0000   22.5000 2378.8120   18.5273
    7.5000  -30.0000   22.5000 2374.9949   18.7637
   -7.5000  -22.5000   22.5000 2475.0515   16.9551
    0.0000  -22.5000   22.5000 2511.1501   16.4539
    7.5000  -22.5000   22.5000 2498.5940   16.6845
   -7.5000  -15.0000   22.5000 2594.2703   15.4106
    0.0000  -15.0000   22.5000 2628.0203   14.8979
    7.5000  -15.0000   22.5000 2615.4832   15.1061
   -7.5000   -7.5000   22.5000 2706.2080   14.2317
    0.0000   -7.5000   22.5000 2741.1218   13.7537
    7.5000   -7.5000   22.5000 2725.7422   13.9634
   -7.5000    0.0000   22.5000 2804.8418   13.3849
    0.0000    0.0000   22.5000 2840.6047   12.9831
    7.5000    0.0000   22.5000 2823.7646   13.1886
   -7.5000    7.5000   22.5000 2889.6816   12.8754
    0.0000    7.5000   22.5000 2931.9749   12.4988
    7.5000    7.5000   22.5000 2898.6089   12.7208
   -7.5000   15.0000   22.5000 2935.8645   12.6857
    0.0000   15.0000   22.5000 2981.8074   12.3222
    7.5000   15.0000   22.5000 2941.1836   12.5325
   -7.5000   22.5000   22.5000 2936.9634   12.8480
    0.0000   22.5000   22.5000 2986.7893   12.5837
    7.5000   22.5000   22.5000 2948.1331   12.7110
   -7.5000   30.0000   22.5000 2879.5544   13.2730
    0.0000   30.0000   22.5000 2918.9966   13.0860
    7.5000   30.0000   22.5000 2888.8650   13.1866
   -7.5000   37.5000   22.5000 2788.2971   13.9622
    0.0000   37.5000   22.5000 2820.8335   13.7573
    7.5000   37.5000   22.5000 2798.0076   13.9151
   -7.5000   45.0000   22.5000 2671.9500   14.9627
    0.0000   45.0000   22.5000 2697.4084   14.7704
    7.5000   45.0000   22.5000 2679.7869   14.9601
   -7.5000  -45.0000   30.0000 2029.5078   25.9250
    0.0000  -45.0000   30.0000 2056.4375   25.2927
    7.5000  -45.0000   30.0000 2060.3818   25.3314
   -7.5000  -37.5000   30.0000 2174.8818   22.3451
    0.0000  -37.5000   30.0000 2204.3684   21.8007
    7.5000  -37.5000   30.0000 2208.2905   21.9113
   -7.5000  -30.0000   30.0000 2312.6731   19.5883
    0.0000  -30.0000   30.0000 2341.7468   19.0974
    7.5000  -30.0000   30.0000 2336.6472   19.2455
   -7.5000  -22.5000   30.0000 2443.9824   17.5220
    0.0000  -22.5000   30.0000 2479.9116   17.0395
    7.5000  -22.5000   30.0000 2468.1401   17.2044
   -7.5000  -15.0000   30.0000 2563.0095   15.9586
    0.0000  -15.0000   30.0000 2600.5142   15.4917
    7.5000  -15.0000   30.0000 2582.5981   15.6521
   -7.5000   -7.5000   30.0000 2673.9958   14.7904
    0.0000   -7.5000   30.0000 2712.2737   14.3533
    7.5000   -7.5000   30.0000 2696.8674   14.5220
   -7.5000    0.0000   30.0000 2768.7476   13.9878
    0.0000    0.0000   30.0000 2805.0239   13.5612
    7.5000    0.0000   30.0000 2787.9370   13.7498
   -7.5000    7.5000   30.0000 2836.1155   13.5026
    0.0000    7.5000   30.0000 2879.9236   13.0291
    7.5000    7.5000   30.0000 2853.6724   13.2807
   -7.5000   15.0000   30.0000 2874.9868   13.2508
    0.0000   15.0000   30.0000 2910.5037   12.8758
    7.5000   15.0000   30.0000 2887.0049   13.0960
   -7.5000   22.5000   30.0000 2875.1768   13.4264
    0.0000   22.5000   30.0000 2912.7837   13.1329
    7.5000   22.5000   30.0000 2883.6824   13.2892
   -7.5000   30.0000   30.0000 2817.8008   13.8904
    0.0000   30.0000   30.0000 2852.1035   13.6294
    7.5000   30.0000   30.0000 2829.5300   13.7337
   -7.5000   37.5000   30.0000 2727.4338   14.5489
    0.0000   37.5000   30.0000 2758.1118   14.3195
    7.5000   37.5000   30.0000 2737.4937   14.4279
   -7.5000   45.0000   30.0000 2616.4146   15.5204
    0.0000   45.0000   30.0000 2645.8218   15.3061
    7.5000   45.0000   30.0000 2629.1453   15.4641
   -7.5000  -45.0000   37.5000 1991.3824   26.8835
    0.0000  -45.0000   37.5000 2015.6204   26.2650
    7.5000  -45.0000   37.5000 2019.5397   26.3384
   -7.5000  -37.5000   37.5000 2135.7747   23.1945
    0.0000  -37.5000   37.5000 2161.5288   22.7050
    7.5000  -37.5000   37.5000 2165.2822   22.8224
   -7.5000  -30.0000   37.5000 2270.5642   20.3976
    0.0000  -30.0000   37.5000 2300.7412   19.9229
    7.5000  -30.0000   37.5000 2295.0186   20.0559
   -7.5000  -22.5000   37.5000 2400.7620   18.3186
    0.0000  -22.5000   37.5000 2438.3860   17.8436
    7.5000  -22.5000   37.5000 2425.8865   18.0025
   -7.5000  -15.0000   37.5000 2515.2983   16.7472
    0.0000  -15.0000   37.5000 2555.5852   16.3034
    7.5000  -15.0000   37.5000 2539.1155   16.4995
   -7.5000   -7.5000   37.5000 2623.8457   15.5712
    0.0000   -7.5000   37.5000 2663.2366   15.1581
    7.5000   -7.5000   37.5000 2644.7495   15.3386
   -7.5000    0.0000   37.5000 2709.7166   14.7730
    0.0000    0.0000   37.5000 2749.4651   14.3410
    7.5000    0.0000   37.5000 2737.2122   14.5475
   -7.5000    7.5000   37.5000 2773.6211   14.2621
    0.0000    7.5000   37.5000 2813.5884   13.8455
    7.5000    7.5000   37.5000 2793.6567   14.0868
   -7.5000   15.0000   37.5000 2803.4539   14.0342
    0.0000   15.0000   37.5000 2831.4839   13.6854
    7.5000   15.0000   37.5000 2816.6753   13.9047
   -7.5000   22.5000   37.5000 2795.1248   14.2135
    0.0000   22.5000   37.5000 2827.0547   13.8961
    7.5000   22.5000   37.5000 2803.2664   14.0611
   -7.5000   30.0000   37.5000 2742.2236   14.6433
    0.0000   30.0000   37.5000 2767.3804   14.3608
    7.5000   30.0000   37.5000 2751.5432   14.4887
   -7.5000   37.5000   37.5000 2657.0562   15.2931
    0.0000   37.5000   37.5000 2680.2534   15.0363
    7.5000   37.5000   37.5000 2666.4846   15.1679
   -7.5000   45.0000   37.5000 2554.7952   16.1896
    0.0000   45.0000   37.5000 2579.1062   15.9684
    7.5000   45.0000   37.5000 2563.9414   16.1480
   -7.5000  -45.0000   45.0000 1939.3804   28.2770
    0.0000  -45.0000   45.0000 1964.9211   27.7437
    7.5000  -45.0000   45.0000 1963.4438   27.7934
   -7.5000  -37.5000   45.0000 2084.0728   24.3860
    0.0000  -37.5000   45.0000 2108.9868   23.9078
    7.5000  -37.5000   45.0000 2107.9685   24.0109
   -7.5000  -30.0000   45.0000 2213.5737   21.5032
    0.0000  -30.0000   45.0000 2247.6348   21.0797
    7.5000  -30.0000   45.0000 2243.2097   21.1940
   -7.5000  -22.5000   45.0000 2338.3232   19.3841
    0.0000  -22.5000   45.0000 2380.1333   18.9863
    7.5000  -22.5000   45.0000 2368.6545   19.1028
   -7.5000  -15.0000   45.0000 2451.8076   17.7430
    0.0000  -15.0000   45.0000 2493.9719   17.3614
    7.5000  -15.0000   45.0000 2480.4316   17.5158
   -7.5000   -7.5000   45.0000 2552.3191   16.5773
    0.0000   -7.5000   45.0000 2594.3245   16.1755
    7.5000   -7.5000   45.0000 2578.4456   16.3456
   -7.5000    0.0000   45.0000 2634.3662   15.7166
    0.0000    0.0000   45.0000 2676.7292   15.3362
    7.5000    0.0000   45.0000 2658.9519   15.5387
   -7.5000    7.5000   45.0000 2692.6653   15.1900
    0.0000    7.5000   45.0000 2725.6602   14.8407
    7.5000    7.5000   45.0000 2709.4656   15.0270
   -7.5000   15.0000   45.0000 2712.9355   15.0061
    0.0000   15.0000   45.0000 2736.1196   14.6877
    7.5000   15.0000   45.0000 2720.9951   14.8533
   -7.5000   22.5000   45.0000 2693.2090   15.1635
    0.0000   22.5000   45.0000 2721.9568   14.8757
    7.5000   22.5000   45.0000 2704.1448   15.0033
   -7.5000   30.0000   45.0000 2650.9290   15.5284
    0.0000   30.0000   45.0000 2675.5122   15.2709
    7.5000   30.0000   45.0000 2661.7659   15.3939
   -7.5000   37.5000   45.0000 2576.3872   16.1703
    0.0000   37.5000   45.0000 2597.2507   15.9464
    7.5000   37.5000   45.0000 2579.4133   16.0671
   -7.5000   45.0000   45.0000 2481.6384   17.0787
    0.0000   45.0000   45.0000 2500.5417   16.8620
    7.5000   45.0000   45.0000 2483.5833   17.0386

---------------------------------------------------------------------
imgreg_4dfp /opt/freesurfer/average/711-2C_as_mni_average_305 /opt/freesurfer/average/711-2B_as_mni_average_305_mask talsrcimg_g11 none talsrcimg_to_711-2C_as_mni_average_305_t4 1283
---------------------------------------------------------------------

freesurfer imgreg_4dfp.c
/opt/freesurfer/average/711-2C_as_mni_average_305.4dfp.img
       256       256       256         1
  1.000000  1.000000  1.000000
orientation T byte_order littleendian
Reading image: /opt/freesurfer/average/711-2C_as_mni_average_305.4dfp.img
dimensions:      256       256       256
mmppix:       1.0000   -1.0000   -1.0000
center:     128.0000 -129.0000 -129.0000
/opt/freesurfer/average/711-2B_as_mni_average_305_mask.4dfp.img
       256       256       256         1
  1.000000  1.000000  1.000000
orientation T byte_order littleendian
Reading mask: /opt/freesurfer/average/711-2B_as_mni_average_305_mask.4dfp.img (2306576 pixels)
talsrcimg_g11.4dfp.img
       256       256       256         1
  1.000000  1.000000  1.000000
orientation T byte_order littleendian
Reading image: talsrcimg_g11.4dfp.img
dimensions:      256       256       256
mmppix:       1.0000   -1.0000   -1.0000
center:     128.0000 -129.0000 -129.0000
rotation matrix determinant  1.000000
fimgreg.f
image alignment mode   1283 decimal      503 hex
parameters
    0.0000   22.5000   15.0000    0.0000    0.0000    0.0000
eta,q 0.95078 12.15934
niter,ni,del,rscale     5    3   12.0000    1.2000
parameter  2  0.605895 ->  0.500000 qaram    1.1500
parameters
    0.3833   19.0500   12.2219    0.6205   -1.9659    0.8277
eta,q 0.95399 11.88495
  0.0649  0.0515  0.0501  0.0535  0.0489  0.0508
  0.0586  0.0488  0.0469  0.0503  0.0469  0.0482
  0.0542  0.0493  0.0469  0.0471  0.0461  0.0467
  0.0528  0.0524  0.0488  0.0463  0.0462  0.0461
  0.0533  0.0568  0.0525  0.0468  0.0488  0.0460
  0.0560  0.0623  0.0561  0.0487  0.0530  0.0466
  0.0626  0.0680  0.0606  0.0509  0.0578  0.0488
niter,ni,del,rscale     5    3   12.0000    1.2000
parameters
    1.0323   19.0562   12.8933    0.4292   -2.3842    0.8537
eta,q 0.95391 11.87192
  0.0609  0.0573  0.0549  0.0513  0.0510  0.0497
  0.0535  0.0519  0.0503  0.0484  0.0481  0.0476
  0.0485  0.0467  0.0466  0.0466  0.0465  0.0465
  0.0460  0.0458  0.0458  0.0459  0.0460  0.0461
  0.0464  0.0477  0.0458  0.0467  0.0461  0.0462
  0.0500  0.0511  0.0473  0.0490  0.0489  0.0474
  0.0557  0.0575  0.0517  0.0520  0.0534  0.0499
niter,ni,del,rscale     4    3   12.0000    1.2000
parameters
    1.1490   19.1030   12.9959    0.3558   -2.4558    0.8881
eta,q 0.95384 11.87118
  0.0581  0.0577  0.0530  0.0515  0.0517  0.0498
  0.0517  0.0522  0.0491  0.0486  0.0484  0.0476
  0.0476  0.0472  0.0460  0.0467  0.0467  0.0466
  0.0461  0.0461  0.0461  0.0461  0.0462  0.0462
  0.0471  0.0480  0.0456  0.0467  0.0460  0.0463
  0.0509  0.0512  0.0484  0.0488  0.0482  0.0475
  0.0574  0.0576  0.0528  0.0518  0.0526  0.0499
niter,ni,del,rscale     3    3   12.0000    1.2000
parameters
    1.1611   19.1330   13.0099    0.3417   -2.4650    0.8829
eta,q 0.95383 11.87141
  0.0576  0.0577  0.0528  0.0515  0.0519  0.0497
  0.0515  0.0521  0.0489  0.0487  0.0485  0.0476
  0.0476  0.0472  0.0459  0.0467  0.0467  0.0466
  0.0462  0.0462  0.0462  0.0462  0.0462  0.0462
  0.0473  0.0480  0.0456  0.0467  0.0460  0.0463
  0.0511  0.0513  0.0486  0.0487  0.0481  0.0475
  0.0578  0.0577  0.0530  0.0516  0.0524  0.0499
registration optimization eta report
parameter search radius
    6.0000    6.9000    6.0000    6.0000    6.0000    6.0000
100000*second partial in parameter space
       32.       24.       21.       15.       17.       10.
  0.0576  0.0577  0.0528  0.0515  0.0519  0.0497
  0.0515  0.0521  0.0489  0.0487  0.0485  0.0476
  0.0476  0.0472  0.0459  0.0467  0.0467  0.0466
  0.0462  0.0462  0.0462  0.0462  0.0462  0.0462
  0.0473  0.0480  0.0456  0.0467  0.0460  0.0463
  0.0511  0.0513  0.0486  0.0487  0.0481  0.0475
  0.0578  0.0577  0.0530  0.0516  0.0524  0.0499
    1.1611   19.1330   13.0099    0.3417   -2.4650    0.8829
eta,q 0.95383 11.87141

---------------------------------------------------------------------
imgreg_4dfp /opt/freesurfer/average/711-2C_as_mni_average_305 /opt/freesurfer/average/711-2B_as_mni_average_305_mask talsrcimg_g11 none talsrcimg_to_711-2C_as_mni_average_305_t4 3335
---------------------------------------------------------------------

freesurfer imgreg_4dfp.c
/opt/freesurfer/average/711-2C_as_mni_average_305.4dfp.img
       256       256       256         1
  1.000000  1.000000  1.000000
orientation T byte_order littleendian
Reading image: /opt/freesurfer/average/711-2C_as_mni_average_305.4dfp.img
dimensions:      256       256       256
mmppix:       1.0000   -1.0000   -1.0000
center:     128.0000 -129.0000 -129.0000
/opt/freesurfer/average/711-2B_as_mni_average_305_mask.4dfp.img
       256       256       256         1
  1.000000  1.000000  1.000000
orientation T byte_order littleendian
Reading mask: /opt/freesurfer/average/711-2B_as_mni_average_305_mask.4dfp.img (2306576 pixels)
talsrcimg_g11.4dfp.img
       256       256       256         1
  1.000000  1.000000  1.000000
orientation T byte_order littleendian
Reading image: talsrcimg_g11.4dfp.img
dimensions:      256       256       256
mmppix:       1.0000   -1.0000   -1.0000
center:     128.0000 -129.0000 -129.0000
fimgreg.f
image alignment mode   3335 decimal      D07 hex
parameters
    1.1611   19.1330   13.0099   -0.1044   -0.0133   -0.0943
   -1.5152    4.3096    1.5395   -0.5301   -4.3010    0.5959
eta,q 0.95806 11.97513
niter,ni,del,rscale     5    3    5.0000    1.2000
parameter  4  2.302530 ->  0.500000 qaram    1.1500
parameter  5  7.369389 ->  0.500000 qaram    1.1500
parameter  6  0.884679 ->  0.500000 qaram    1.1500
parameters
    1.1551   19.0143   13.1071   -4.2444   -4.1533   -4.2343
   -2.0691    5.5189    2.5278   -1.3977   -5.1842    3.1036
eta,q 0.97391 11.70895
  0.0446  0.0431  0.0434  0.0335  0.0276  0.0278  0.0297  0.0350  0.0296  0.0295  0.0281  0.0289
  0.0432  0.0424  0.0427  0.0355  0.0300  0.0269  0.0281  0.0318  0.0281  0.0276  0.0270  0.0278
  0.0423  0.0421  0.0422  0.0384  0.0330  0.0277  0.0271  0.0289  0.0270  0.0265  0.0264  0.0269
  0.0419  0.0419  0.0419  0.0419  0.0362  0.0308  0.0269  0.0268  0.0265  0.0264  0.0264  0.0263
  0.0423  0.0421  0.0421  0.0463  0.0394  0.0351  0.0275  0.0267  0.0265  0.0273  0.0269  0.0261
  0.0432  0.0426  0.0425  0.0509  0.0427  0.0390  0.0288  0.0285  0.0272  0.0290  0.0278  0.0263
  0.0447  0.0434  0.0432  0.0554  0.0460  0.0434  0.0306  0.0314  0.0283  0.0311  0.0291  0.0268
niter,ni,del,rscale     7    3    5.0000    1.2000
parameter  4  0.612210 ->  0.500000 qaram    1.3225
parameter  5  0.878933 ->  0.500000 qaram    1.3225
parameters
    1.2065   18.8798   12.6464   -9.0054   -8.9143   -5.2987
   -1.8638    5.7497    3.2927   -3.0709   -5.8078    5.5973
eta,q 0.97823 11.42413
  0.0305  0.0283  0.0276  0.0248  0.0220  0.0262  0.0253  0.0279  0.0246  0.0238  0.0232  0.0239
  0.0281  0.0270  0.0266  0.0243  0.0217  0.0249  0.0238  0.0252  0.0234  0.0226  0.0224  0.0231
  0.0266  0.0262  0.0261  0.0244  0.0225  0.0233  0.0227  0.0231  0.0226  0.0220  0.0220  0.0224
  0.0261  0.0261  0.0261  0.0260  0.0242  0.0218  0.0222  0.0222  0.0222  0.0222  0.0220  0.0220
  0.0266  0.0265  0.0267  0.0291  0.0267  0.0226  0.0225  0.0227  0.0223  0.0230  0.0223  0.0218
  0.0279  0.0274  0.0279  0.0336  0.0295  0.0264  0.0235  0.0246  0.0228  0.0245  0.0228  0.0219
  0.0301  0.0288  0.0295  0.0388  0.0327  0.0305  0.0251  0.0274  0.0238  0.0265  0.0236  0.0224
niter,ni,del,rscale     7    3    5.0000    1.2000
parameters
    1.5511   18.9241   12.1422  -10.0179  -10.7910   -6.0791
   -1.9908    6.0454    3.4495   -3.5211   -5.5576    5.9389
eta,q 0.97806 11.28780
  0.0263  0.0246  0.0229  0.0250  0.0245  0.0256  0.0247  0.0274  0.0238  0.0244  0.0233  0.0232
  0.0241  0.0230  0.0220  0.0233  0.0229  0.0244  0.0233  0.0247  0.0229  0.0229  0.0225  0.0226
  0.0226  0.0220  0.0216  0.0222  0.0218  0.0231  0.0223  0.0228  0.0222  0.0221  0.0221  0.0222
  0.0218  0.0217  0.0217  0.0216  0.0217  0.0216  0.0220  0.0220  0.0220  0.0220  0.0219  0.0219
  0.0218  0.0220  0.0223  0.0219  0.0229  0.0218  0.0223  0.0224  0.0221  0.0224  0.0221  0.0220
  0.0227  0.0229  0.0232  0.0240  0.0252  0.0248  0.0234  0.0240  0.0227  0.0234  0.0225  0.0224
  0.0243  0.0244  0.0244  0.0279  0.0281  0.0290  0.0250  0.0267  0.0237  0.0250  0.0231  0.0230
niter,ni,del,rscale     6    3    5.0000    1.2000
parameters
    1.6747   19.1449   11.9857   -9.5933  -11.0804   -6.4271
   -2.0755    6.1620    3.3309   -3.3696   -5.2433    5.7349
eta,q 0.97798 11.28200
  0.0256  0.0251  0.0234  0.0258  0.0257  0.0258  0.0248  0.0272  0.0238  0.0248  0.0234  0.0231
  0.0237  0.0235  0.0225  0.0240  0.0240  0.0246  0.0233  0.0246  0.0228  0.0232  0.0226  0.0225
  0.0224  0.0224  0.0220  0.0227  0.0225  0.0234  0.0224  0.0227  0.0222  0.0223  0.0222  0.0222
  0.0219  0.0219  0.0219  0.0219  0.0218  0.0218  0.0220  0.0220  0.0220  0.0220  0.0220  0.0220
  0.0222  0.0221  0.0222  0.0216  0.0224  0.0215  0.0224  0.0225  0.0222  0.0223  0.0222  0.0222
  0.0232  0.0228  0.0229  0.0228  0.0241  0.0239  0.0234  0.0243  0.0228  0.0232  0.0226  0.0226
  0.0249  0.0241  0.0237  0.0258  0.0265  0.0282  0.0250  0.0270  0.0239  0.0245  0.0231  0.0232
niter,ni,del,rscale     5    3    5.0000    1.2000
parameters
    1.7011   19.2069   11.9150   -9.4952  -11.0923   -6.4741
   -2.0853    6.1624    3.2080   -3.3079   -5.1141    5.6047
eta,q 0.97796 11.28285
  0.0254  0.0248  0.0235  0.0256  0.0261  0.0260  0.0248  0.0271  0.0238  0.0247  0.0234  0.0231
  0.0236  0.0233  0.0226  0.0240  0.0243  0.0247  0.0234  0.0245  0.0228  0.0232  0.0226  0.0225
  0.0224  0.0224  0.0221  0.0228  0.0228  0.0235  0.0224  0.0227  0.0222  0.0223  0.0221  0.0222
  0.0220  0.0220  0.0220  0.0220  0.0220  0.0220  0.0220  0.0220  0.0220  0.0220  0.0220  0.0220
  0.0224  0.0223  0.0223  0.0218  0.0224  0.0214  0.0223  0.0226  0.0222  0.0224  0.0222  0.0222
  0.0235  0.0231  0.0228  0.0231  0.0240  0.0235  0.0233  0.0244  0.0229  0.0232  0.0226  0.0226
  0.0253  0.0245  0.0236  0.0263  0.0264  0.0277  0.0249  0.0271  0.0239  0.0245  0.0232  0.0232
niter,ni,del,rscale     4    3    5.0000    1.2000
parameters
    1.7062   19.2277   11.8940   -9.4870  -11.0808   -6.4649
   -2.0770    6.1499    3.1552   -3.2885   -5.0763    5.5531
eta,q 0.97797 11.28319
  0.0254  0.0247  0.0236  0.0256  0.0261  0.0260  0.0248  0.0271  0.0238  0.0247  0.0233  0.0231
  0.0235  0.0232  0.0227  0.0240  0.0243  0.0248  0.0234  0.0244  0.0229  0.0231  0.0226  0.0226
  0.0224  0.0223  0.0222  0.0228  0.0228  0.0235  0.0224  0.0226  0.0222  0.0223  0.0221  0.0222
  0.0220  0.0220  0.0220  0.0220  0.0220  0.0220  0.0220  0.0220  0.0220  0.0220  0.0220  0.0220
  0.0224  0.0224  0.0223  0.0218  0.0224  0.0214  0.0223  0.0226  0.0222  0.0224  0.0222  0.0221
  0.0235  0.0232  0.0228  0.0231  0.0240  0.0234  0.0233  0.0244  0.0228  0.0232  0.0226  0.0225
  0.0253  0.0246  0.0236  0.0265  0.0264  0.0276  0.0249  0.0272  0.0239  0.0246  0.0232  0.0232
registration optimization eta report
parameter search radius
    2.4000    2.4000    2.4000    9.5220    9.5220    8.2800
    7.2000    7.2000    7.2000    7.2000    7.2000    7.2000
100000*second partial in parameter space
       57.       45.       27.        5.        5.        7.
        5.       10.        3.        5.        2.        2.
  0.0254  0.0247  0.0236  0.0256  0.0261  0.0260  0.0248  0.0271  0.0238  0.0247  0.0233  0.0231
  0.0235  0.0232  0.0227  0.0240  0.0243  0.0248  0.0234  0.0244  0.0229  0.0231  0.0226  0.0226
  0.0224  0.0223  0.0222  0.0228  0.0228  0.0235  0.0224  0.0226  0.0222  0.0223  0.0221  0.0222
  0.0220  0.0220  0.0220  0.0220  0.0220  0.0220  0.0220  0.0220  0.0220  0.0220  0.0220  0.0220
  0.0224  0.0224  0.0223  0.0218  0.0224  0.0214  0.0223  0.0226  0.0222  0.0224  0.0222  0.0221
  0.0235  0.0232  0.0228  0.0231  0.0240  0.0234  0.0233  0.0244  0.0228  0.0232  0.0226  0.0225
  0.0253  0.0246  0.0236  0.0265  0.0264  0.0276  0.0249  0.0272  0.0239  0.0246  0.0232  0.0232
    1.7062   19.2277   11.8940   -9.4870  -11.0808   -6.4649
   -2.0770    6.1499    3.1552   -3.2885   -5.0763    5.5531
eta,q 0.97797 11.28319

---------------------------------------------------------------------
imgreg_4dfp /opt/freesurfer/average/711-2C_as_mni_average_305 /opt/freesurfer/average/711-2B_as_mni_average_305_mask talsrcimg_g11 none talsrcimg_to_711-2C_as_mni_average_305_t4 2311
---------------------------------------------------------------------

freesurfer imgreg_4dfp.c
/opt/freesurfer/average/711-2C_as_mni_average_305.4dfp.img
       256       256       256         1
  1.000000  1.000000  1.000000
orientation T byte_order littleendian
Reading image: /opt/freesurfer/average/711-2C_as_mni_average_305.4dfp.img
dimensions:      256       256       256
mmppix:       1.0000   -1.0000   -1.0000
center:     128.0000 -129.0000 -129.0000
/opt/freesurfer/average/711-2B_as_mni_average_305_mask.4dfp.img
       256       256       256         1
  1.000000  1.000000  1.000000
orientation T byte_order littleendian
Reading mask: /opt/freesurfer/average/711-2B_as_mni_average_305_mask.4dfp.img (2306576 pixels)
talsrcimg_g11.4dfp.img
       256       256       256         1
  1.000000  1.000000  1.000000
orientation T byte_order littleendian
Reading image: talsrcimg_g11.4dfp.img
dimensions:      256       256       256
mmppix:       1.0000   -1.0000   -1.0000
center:     128.0000 -129.0000 -129.0000
fimgreg.f
image alignment mode   2311 decimal      907 hex
parameters
    1.7062   19.2277   11.8940   -9.4870  -11.0808   -6.4649
   -2.0770    6.1499    3.1552   -3.2885   -5.0763    5.5531
eta,q 0.97797 11.28319
niter,ni,del,rscale     5    3    5.0000    0.8000
parameters
    1.6965   19.2093   11.8260   -7.5634  -10.8278   -5.3315
   -2.0338    6.3147    2.9527   -3.3705   -4.7762    4.5868
eta,q 0.97867 11.39547
  0.0235  0.0232  0.0227  0.0233  0.0233  0.0243  0.0229  0.0247  0.0222  0.0226  0.0223  0.0217
  0.0227  0.0225  0.0223  0.0228  0.0226  0.0235  0.0221  0.0231  0.0217  0.0219  0.0218  0.0215
  0.0222  0.0221  0.0221  0.0224  0.0220  0.0226  0.0215  0.0219  0.0214  0.0215  0.0215  0.0213
  0.0220  0.0220  0.0220  0.0220  0.0218  0.0218  0.0213  0.0213  0.0213  0.0213  0.0213  0.0213
  0.0222  0.0222  0.0221  0.0218  0.0219  0.0213  0.0215  0.0216  0.0215  0.0215  0.0214  0.0215
  0.0227  0.0226  0.0224  0.0218  0.0223  0.0217  0.0220  0.0227  0.0218  0.0219  0.0217  0.0218
  0.0235  0.0232  0.0228  0.0222  0.0231  0.0231  0.0229  0.0244  0.0223  0.0227  0.0221  0.0222
niter,ni,del,rscale     4    3    5.0000    0.7000
parameters
    1.6465   19.1469   12.1647   -7.9961  -10.7534   -4.6752
   -2.0095    6.1765    2.9439   -3.4633   -4.9736    4.5548
eta,q 0.97887 11.39980
  0.0226  0.0222  0.0224  0.0221  0.0225  0.0236  0.0223  0.0235  0.0218  0.0221  0.0217  0.0216
  0.0219  0.0217  0.0219  0.0217  0.0219  0.0228  0.0217  0.0222  0.0215  0.0215  0.0214  0.0213
  0.0214  0.0214  0.0215  0.0214  0.0215  0.0220  0.0213  0.0214  0.0212  0.0212  0.0212  0.0212
  0.0213  0.0213  0.0213  0.0213  0.0213  0.0213  0.0211  0.0211  0.0211  0.0211  0.0211  0.0211
  0.0215  0.0215  0.0213  0.0214  0.0214  0.0211  0.0213  0.0215  0.0212  0.0213  0.0212  0.0212
  0.0220  0.0218  0.0214  0.0218  0.0218  0.0216  0.0216  0.0224  0.0215  0.0216  0.0215  0.0213
  0.0228  0.0224  0.0217  0.0227  0.0224  0.0229  0.0223  0.0238  0.0219  0.0222  0.0219  0.0216
niter,ni,del,rscale     3    3    5.0000    0.6000
parameters
    1.6187   19.1123   12.3612   -8.0908  -10.7849   -4.3749
   -1.9600    6.1748    3.0116   -3.5427   -5.1556    4.5711
eta,q 0.97894 11.40371
  0.0221  0.0218  0.0219  0.0218  0.0220  0.0230  0.0219  0.0230  0.0216  0.0218  0.0215  0.0214
  0.0215  0.0214  0.0215  0.0215  0.0215  0.0223  0.0215  0.0220  0.0213  0.0214  0.0213  0.0212
  0.0212  0.0212  0.0212  0.0212  0.0212  0.0216  0.0212  0.0213  0.0211  0.0211  0.0211  0.0211
  0.0211  0.0211  0.0211  0.0211  0.0211  0.0211  0.0211  0.0211  0.0211  0.0211  0.0211  0.0211
  0.0213  0.0212  0.0211  0.0211  0.0212  0.0211  0.0212  0.0213  0.0211  0.0211  0.0211  0.0211
  0.0216  0.0215  0.0213  0.0214  0.0215  0.0216  0.0214  0.0219  0.0213  0.0214  0.0213  0.0212
  0.0222  0.0219  0.0215  0.0220  0.0220  0.0227  0.0219  0.0230  0.0216  0.0219  0.0216  0.0214
niter,ni,del,rscale     2    3    5.0000    0.5000
parameters
    1.6009   19.0877   12.4818   -8.0346  -10.8320   -4.1707
   -1.9392    6.2063    3.0596   -3.5963   -5.2512    4.5341
eta,q 0.97897 11.40963
  0.0217  0.0215  0.0216  0.0215  0.0216  0.0225  0.0216  0.0224  0.0214  0.0215  0.0214  0.0213
  0.0213  0.0213  0.0213  0.0213  0.0213  0.0219  0.0213  0.0217  0.0212  0.0212  0.0212  0.0211
  0.0211  0.0211  0.0211  0.0212  0.0211  0.0214  0.0211  0.0212  0.0211  0.0211  0.0211  0.0211
  0.0211  0.0211  0.0211  0.0211  0.0211  0.0211  0.0210  0.0210  0.0210  0.0210  0.0210  0.0210
  0.0211  0.0211  0.0211  0.0211  0.0211  0.0211  0.0211  0.0212  0.0211  0.0211  0.0211  0.0211
  0.0214  0.0213  0.0212  0.0212  0.0213  0.0215  0.0213  0.0216  0.0212  0.0213  0.0212  0.0211
  0.0218  0.0216  0.0214  0.0216  0.0217  0.0223  0.0216  0.0224  0.0214  0.0216  0.0214  0.0213
niter,ni,del,rscale     1    3    5.0000    0.4000
parameters
    1.5923   19.0731   12.5683   -7.9429  -10.8701   -4.0223
   -1.9430    6.2370    3.1036   -3.6098   -5.3175    4.5078
eta,q 0.97899 11.41577
  0.0215  0.0213  0.0214  0.0214  0.0214  0.0220  0.0214  0.0219  0.0213  0.0213  0.0212  0.0212
  0.0212  0.0212  0.0212  0.0212  0.0212  0.0216  0.0212  0.0214  0.0211  0.0212  0.0211  0.0211
  0.0211  0.0211  0.0211  0.0211  0.0211  0.0212  0.0210  0.0211  0.0210  0.0210  0.0210  0.0210
  0.0210  0.0210  0.0210  0.0210  0.0210  0.0210  0.0210  0.0210  0.0210  0.0210  0.0210  0.0210
  0.0211  0.0211  0.0210  0.0210  0.0211  0.0211  0.0210  0.0211  0.0210  0.0210  0.0210  0.0210
  0.0212  0.0212  0.0211  0.0211  0.0212  0.0214  0.0212  0.0214  0.0211  0.0212  0.0211  0.0211
  0.0215  0.0214  0.0212  0.0213  0.0214  0.0219  0.0214  0.0219  0.0212  0.0214  0.0213  0.0212
registration optimization eta report
parameter search radius
    0.8000    0.8000    0.8000    2.4000    2.4000    2.4000
    2.4000    2.4000    2.4000    2.4000    2.4000    2.4000
100000*second partial in parameter space
       70.       50.       42.        6.        7.       16.
        7.       16.        4.        6.        4.        3.
  0.0215  0.0213  0.0214  0.0214  0.0214  0.0220  0.0214  0.0219  0.0213  0.0213  0.0212  0.0212
  0.0212  0.0212  0.0212  0.0212  0.0212  0.0216  0.0212  0.0214  0.0211  0.0212  0.0211  0.0211
  0.0211  0.0211  0.0211  0.0211  0.0211  0.0212  0.0210  0.0211  0.0210  0.0210  0.0210  0.0210
  0.0210  0.0210  0.0210  0.0210  0.0210  0.0210  0.0210  0.0210  0.0210  0.0210  0.0210  0.0210
  0.0211  0.0211  0.0210  0.0210  0.0211  0.0211  0.0210  0.0211  0.0210  0.0210  0.0210  0.0210
  0.0212  0.0212  0.0211  0.0211  0.0212  0.0214  0.0212  0.0214  0.0211  0.0212  0.0211  0.0211
  0.0215  0.0214  0.0212  0.0213  0.0214  0.0219  0.0214  0.0219  0.0212  0.0214  0.0213  0.0212
    1.5923   19.0731   12.5683   -7.9429  -10.8701   -4.0223
   -1.9430    6.2370    3.1036   -3.6098   -5.3175    4.5078
eta,q 0.97899 11.41577

---------------------------------------------------------------------
imgreg_4dfp /opt/freesurfer/average/711-2C_as_mni_average_305 /opt/freesurfer/average/711-2B_as_mni_average_305_mask talsrcimg_g11 none talsrcimg_to_711-2C_as_mni_average_305_t4 2311
---------------------------------------------------------------------

freesurfer imgreg_4dfp.c
/opt/freesurfer/average/711-2C_as_mni_average_305.4dfp.img
       256       256       256         1
  1.000000  1.000000  1.000000
orientation T byte_order littleendian
Reading image: /opt/freesurfer/average/711-2C_as_mni_average_305.4dfp.img
dimensions:      256       256       256
mmppix:       1.0000   -1.0000   -1.0000
center:     128.0000 -129.0000 -129.0000
/opt/freesurfer/average/711-2B_as_mni_average_305_mask.4dfp.img
       256       256       256         1
  1.000000  1.000000  1.000000
orientation T byte_order littleendian
Reading mask: /opt/freesurfer/average/711-2B_as_mni_average_305_mask.4dfp.img (2306576 pixels)
talsrcimg_g11.4dfp.img
       256       256       256         1
  1.000000  1.000000  1.000000
orientation T byte_order littleendian
Reading image: talsrcimg_g11.4dfp.img
dimensions:      256       256       256
mmppix:       1.0000   -1.0000   -1.0000
center:     128.0000 -129.0000 -129.0000
fimgreg.f
image alignment mode   2311 decimal      907 hex
parameters
    1.5923   19.0731   12.5683   -7.9429  -10.8701   -4.0223
   -1.9430    6.2370    3.1036   -3.6098   -5.3174    4.5078
eta,q 0.97900 11.41577
niter,ni,del,rscale     5    3    5.0000    0.8000
parameters
    1.5911   19.0804   12.6454   -8.5262  -10.9548   -4.4040
   -1.9340    6.1386    3.1699   -3.5817   -5.4264    4.9012
eta,q 0.97889 11.38500
  0.0228  0.0223  0.0222  0.0220  0.0224  0.0234  0.0226  0.0240  0.0221  0.0225  0.0219  0.0218
  0.0218  0.0216  0.0216  0.0215  0.0217  0.0225  0.0218  0.0225  0.0216  0.0217  0.0215  0.0215
  0.0212  0.0211  0.0212  0.0212  0.0212  0.0216  0.0213  0.0215  0.0212  0.0213  0.0212  0.0212
  0.0210  0.0210  0.0210  0.0210  0.0210  0.0210  0.0211  0.0211  0.0211  0.0211  0.0211  0.0211
  0.0212  0.0211  0.0211  0.0211  0.0212  0.0214  0.0213  0.0215  0.0212  0.0213  0.0212  0.0211
  0.0218  0.0216  0.0214  0.0218  0.0217  0.0226  0.0218  0.0226  0.0215  0.0217  0.0215  0.0213
  0.0228  0.0222  0.0220  0.0229  0.0226  0.0250  0.0226  0.0243  0.0220  0.0224  0.0220  0.0216
niter,ni,del,rscale     4    3    5.0000    0.7000
parameters
    1.6048   19.0801   12.4924   -8.3327  -10.8814   -4.4555
   -1.9371    6.2136    3.1765   -3.5898   -5.3454    4.8136
eta,q 0.97891 11.39255
  0.0224  0.0221  0.0217  0.0220  0.0222  0.0232  0.0222  0.0236  0.0218  0.0221  0.0218  0.0215
  0.0217  0.0215  0.0213  0.0216  0.0217  0.0224  0.0216  0.0223  0.0214  0.0215  0.0214  0.0213
  0.0212  0.0212  0.0211  0.0213  0.0212  0.0216  0.0212  0.0214  0.0212  0.0212  0.0212  0.0211
  0.0211  0.0211  0.0211  0.0211  0.0211  0.0211  0.0211  0.0211  0.0211  0.0211  0.0211  0.0211
  0.0212  0.0212  0.0213  0.0211  0.0212  0.0212  0.0212  0.0213  0.0212  0.0212  0.0212  0.0211
  0.0217  0.0215  0.0216  0.0213  0.0216  0.0221  0.0216  0.0221  0.0214  0.0215  0.0214  0.0213
  0.0224  0.0221  0.0220  0.0220  0.0222  0.0237  0.0222  0.0235  0.0218  0.0221  0.0217  0.0216
niter,ni,del,rscale     3    3    5.0000    0.6000
parameters
    1.6070   19.0792   12.4664   -8.1598  -10.8570   -4.3347
   -1.9531    6.2338    3.1375   -3.5963   -5.3037    4.6756
eta,q 0.97895 11.40166
  0.0221  0.0218  0.0216  0.0218  0.0219  0.0229  0.0219  0.0229  0.0216  0.0218  0.0216  0.0214
  0.0215  0.0214  0.0213  0.0215  0.0215  0.0222  0.0214  0.0220  0.0213  0.0214  0.0213  0.0212
  0.0212  0.0211  0.0211  0.0212  0.0212  0.0215  0.0211  0.0213  0.0211  0.0211  0.0211  0.0211
  0.0211  0.0211  0.0211  0.0211  0.0211  0.0211  0.0211  0.0211  0.0210  0.0211  0.0211  0.0211
  0.0212  0.0212  0.0212  0.0211  0.0212  0.0211  0.0211  0.0212  0.0211  0.0211  0.0211  0.0211
  0.0215  0.0214  0.0214  0.0213  0.0214  0.0217  0.0214  0.0219  0.0213  0.0214  0.0213  0.0212
  0.0221  0.0218  0.0217  0.0218  0.0219  0.0229  0.0219  0.0229  0.0216  0.0218  0.0216  0.0214
niter,ni,del,rscale     2    3    5.0000    0.5000
parameters
    1.6023   19.0777   12.5156   -8.0336  -10.8570   -4.1640
   -1.9541    6.2389    3.1213   -3.6133   -5.3061    4.5779
eta,q 0.97898 11.40979
  0.0217  0.0216  0.0215  0.0216  0.0216  0.0225  0.0216  0.0224  0.0214  0.0215  0.0214  0.0212
  0.0213  0.0213  0.0213  0.0213  0.0213  0.0219  0.0213  0.0217  0.0212  0.0212  0.0212  0.0211
  0.0211  0.0211  0.0211  0.0211  0.0211  0.0214  0.0211  0.0212  0.0211  0.0211  0.0211  0.0211
  0.0211  0.0211  0.0211  0.0211  0.0210  0.0210  0.0210  0.0210  0.0210  0.0210  0.0210  0.0210
  0.0211  0.0211  0.0211  0.0210  0.0211  0.0211  0.0211  0.0212  0.0211  0.0211  0.0211  0.0211
  0.0214  0.0213  0.0212  0.0212  0.0213  0.0215  0.0213  0.0216  0.0212  0.0213  0.0212  0.0211
  0.0217  0.0216  0.0214  0.0215  0.0217  0.0223  0.0216  0.0224  0.0214  0.0216  0.0214  0.0213
niter,ni,del,rscale     1    3    5.0000    0.4000
parameters
    1.5940   19.0693   12.5836   -7.9403  -10.8923   -4.0238
   -1.9472    6.2500    3.1216   -3.6216   -5.3340    4.5186
eta,q 0.97900 11.41539
  0.0215  0.0213  0.0213  0.0214  0.0214  0.0220  0.0214  0.0219  0.0212  0.0213  0.0212  0.0212
  0.0212  0.0212  0.0212  0.0212  0.0212  0.0216  0.0212  0.0214  0.0211  0.0212  0.0211  0.0211
  0.0211  0.0211  0.0211  0.0211  0.0211  0.0212  0.0210  0.0211  0.0210  0.0210  0.0210  0.0210
  0.0210  0.0210  0.0210  0.0210  0.0210  0.0210  0.0210  0.0210  0.0210  0.0210  0.0210  0.0210
  0.0211  0.0211  0.0210  0.0210  0.0211  0.0211  0.0210  0.0211  0.0210  0.0210  0.0210  0.0210
  0.0212  0.0212  0.0211  0.0211  0.0212  0.0214  0.0212  0.0214  0.0211  0.0212  0.0211  0.0211
  0.0215  0.0213  0.0212  0.0213  0.0214  0.0219  0.0214  0.0219  0.0212  0.0214  0.0213  0.0212
registration optimization eta report
parameter search radius
    0.8000    0.8000    0.8000    2.4000    2.4000    2.4000
    2.4000    2.4000    2.4000    2.4000    2.4000    2.4000
100000*second partial in parameter space
       70.       50.       42.        6.        7.       16.
        7.       16.        4.        6.        4.        3.
  0.0215  0.0213  0.0213  0.0214  0.0214  0.0220  0.0214  0.0219  0.0212  0.0213  0.0212  0.0212
  0.0212  0.0212  0.0212  0.0212  0.0212  0.0216  0.0212  0.0214  0.0211  0.0212  0.0211  0.0211
  0.0211  0.0211  0.0211  0.0211  0.0211  0.0212  0.0210  0.0211  0.0210  0.0210  0.0210  0.0210
  0.0210  0.0210  0.0210  0.0210  0.0210  0.0210  0.0210  0.0210  0.0210  0.0210  0.0210  0.0210
  0.0211  0.0211  0.0210  0.0210  0.0211  0.0211  0.0210  0.0211  0.0210  0.0210  0.0210  0.0210
  0.0212  0.0212  0.0211  0.0211  0.0212  0.0214  0.0212  0.0214  0.0211  0.0212  0.0211  0.0211
  0.0215  0.0213  0.0212  0.0213  0.0214  0.0219  0.0214  0.0219  0.0212  0.0214  0.0213  0.0212
    1.5940   19.0693   12.5836   -7.9403  -10.8923   -4.0238
   -1.9472    6.2500    3.1216   -3.6216   -5.3340    4.5186
eta,q 0.97900 11.41539

---------------------------------------------------------------------
compute_vox2vox talsrcimg talsrcimg_to_711-2C_as_mni_average_305_t4 /opt/freesurfer/average/711-2C_as_mni_average_305
---------------------------------------------------------------------

freesurfer compute_vox2vox.c
Reading: talsrcimg.4dfp.ifh
Reading: talsrcimg_to_711-2C_as_mni_average_305_t4
Reading: /opt/freesurfer/average/711-2C_as_mni_average_305.4dfp.ifh
Writing: talsrcimg_to_711-2C_as_mni_average_305_t4_vox2vox.txt

start time Wed Mar 11 02:48:15 CET 2026
end		time Wed Mar 11 02:49:46 CET 2026

mpr2mni305 success

avi2talxfm orig_nu.mgz /opt/freesurfer/average/mni305.cor.mgz talsrcimg_to_711-2C_as_mni_average_305_t4_vox2vox.txt transforms/talairach.auto.xfm
avi2talxfm done
mv -f /out/sourcedata/freesurfer/sub-v2s12x28899_ses-1/mri/talsrcimg_to_711-2C_as_mni_average_305_t4_vox2vox.txt /out/sourcedata/freesurfer/sub-v2s12x28899_ses-1/mri/transforms/talsrcimg_to_711-2C_as_mni_average_305_t4_vox2vox.txt
lta_convert --src orig_nu.mgz --trg /opt/freesurfer/average/mni305.cor.mgz --inxfm transforms/talairach.auto.xfm --outlta transforms/talairach.auto.xfm.lta --subject fsaverage
7.3.2

--src: orig_nu.mgz src image (geometry).
--trg: /opt/freesurfer/average/mni305.cor.mgz trg image (geometry).
--inmni: transforms/talairach.auto.xfm input MNI/XFM transform.
--outlta: transforms/talairach.auto.xfm.lta output LTA.
--s: fsaverage subject name
 LTA read, type : 1
 1.08131  -0.06939   0.02715  -5.65808;
 0.06176   1.03597  -0.05118  -15.66576;
-0.03537   0.04454   1.11921  -14.46765;
 0.00000   0.00000   0.00000   1.00000;
setting subject to fsaverage
Writing  LTA to file transforms/talairach.auto.xfm.lta...
lta_convert successful.
 
 
Started at Wed Mar 11 02:48:14 CET 2026
Ended   at Wed Mar 11 02:49:46 CET 2026
talairach_avi done
