/out/sourcedata/freesurfer/sub-v2s12x28864_ses-1/mri
/opt/freesurfer/bin/talairach_avi
--i orig_nu.mgz --xfm transforms/talairach.auto.xfm
talairach_avi 7.3.2
Linux dna012 5.14.0-427.37.1.el9_4.x86_64 #1 SMP PREEMPT_DYNAMIC Fri Sep 13 12:41:50 EDT 2024 x86_64 x86_64 x86_64 GNU/Linux
Tue Mar 10 22:33:22 CET 2026
mri_convert orig_nu.mgz talsrcimg.img 
reading from orig_nu.mgz...
TR=0.00, TE=0.00, TI=0.00, flip angle=0.00
i_ras = (-1, 0, 0)
j_ras = (0, 0, -1)
k_ras = (0, 1, 0)
writing to talsrcimg.img...
Analyze Output Matrix
-1.00000   0.00000   0.00000   131.37469;
 0.00000   0.00000   1.00000  -118.34399;
 0.00000  -1.00000   0.00000   112.00000;
 0.00000   0.00000   0.00000   1.00000;
--------------------
INFO: set hdr.hist.orient to -1
mpr2mni305 talsrcimg
Tue Mar 10 22:33:23 CET 2026
/opt/freesurfer/bin/mpr2mni305 talsrcimg
mpr2mni305 7.3.2
target=711-2C_as_mni_average_305

---------------------------------------------------------------------
analyzeto4dfp talsrcimg -O0 -y
---------------------------------------------------------------------

freesurfer ifh2hdr.c
Tue Mar 10 22:33:23 2026
Writing: talsrcimg.4dfp.hdr
freesurfer analyzeto4dfp.c
Reading: talsrcimg.hdr
header size 348 bytes
hdr.dime.datatype	offset=70	value=2
hdr.dime.bitpix		offset=72	value=8
hdr.hist.orient		offset=252	value=-1
dimensionality     4
dimensions       256       256       256         1
Reading: talsrcimg.img
Writing: talsrcimg.4dfp.img
Writing: talsrcimg.4dfp.ifh
ifh2hdr talsrcimg -r0to249
ori=2

---------------------------------------------------------------------
gauss_4dfp talsrcimg 1.1
---------------------------------------------------------------------

freesurfer gauss_4dfp.c
Reading: talsrcimg.4dfp.img
Writing: talsrcimg_g11.4dfp.img
image dimensions 256 256 256 padded to 288 288 288
processing volume 1freesurfer ifh2hdr.c
Tue Mar 10 22:33:25 2026
Writing: talsrcimg_g11.4dfp.hdr

Writing: talsrcimg_g11.4dfp.ifh
including: talsrcimg.4dfp.img.rec in talsrcimg_g11.4dfp.img.rec

---------------------------------------------------------------------
imgreg_4dfp /opt/freesurfer/average/711-2C_as_mni_average_305 none talsrcimg_g11 none talsrcimg_to_711-2C_as_mni_average_305_t4 4355
---------------------------------------------------------------------

freesurfer imgreg_4dfp.c
/opt/freesurfer/average/711-2C_as_mni_average_305.4dfp.img
       256       256       256         1
  1.000000  1.000000  1.000000
orientation T byte_order littleendian
Reading image: /opt/freesurfer/average/711-2C_as_mni_average_305.4dfp.img
dimensions:      256       256       256
mmppix:       1.0000   -1.0000   -1.0000
center:     128.0000 -129.0000 -129.0000
talsrcimg_g11.4dfp.img
       256       256       256         1
  1.000000  1.000000  1.000000
orientation T byte_order littleendian
Reading image: talsrcimg_g11.4dfp.img
dimensions:      256       256       256
mmppix:       1.0000   -1.0000   -1.0000
center:     128.0000 -129.0000 -129.0000
t4_read: open error in t4_sub.f l:  41 t4_file(1:l)talsrcimg_to_711-2C_as_mni_average_305_t4 
t4_read: transform initialized to I4
rotation matrix determinant  1.000000
image alignment mode   4355 decimal     1103 hex
   -7.5000  -45.0000  -45.0000 7198.7930   12.4640
    0.0000  -45.0000  -45.0000 7541.6216   12.4800
    7.5000  -45.0000  -45.0000 7206.2070   12.4754
   -7.5000  -37.5000  -45.0000 7814.7363   12.3326
    0.0000  -37.5000  -45.0000 8193.0723   12.3454
    7.5000  -37.5000  -45.0000 7835.7168   12.3342
   -7.5000  -30.0000  -45.0000 8777.8750   12.3430
    0.0000  -30.0000  -45.0000 9209.9707   12.3524
    7.5000  -30.0000  -45.0000 8806.9707   12.3364
   -7.5000  -22.5000  -45.0000 9672.5107   12.3479
    0.0000  -22.5000  -45.000010140.3857   12.3564
    7.5000  -22.5000  -45.0000 9696.5635   12.3427
   -7.5000  -15.0000  -45.000010474.0576   12.3365
    0.0000  -15.0000  -45.000010999.1318   12.3468
    7.5000  -15.0000  -45.000010508.0625   12.3387
   -7.5000   -7.5000  -45.000011236.0918   12.3173
    0.0000   -7.5000  -45.000011803.5547   12.3312
    7.5000   -7.5000  -45.000011286.7363   12.3276
   -7.5000    0.0000  -45.000011976.5410   12.3079
    0.0000    0.0000  -45.000012620.3379   12.3234
    7.5000    0.0000  -45.000012067.6562   12.3191
   -7.5000    7.5000  -45.000011816.6768   12.3221
    0.0000    7.5000  -45.000012456.9570   12.3349
    7.5000    7.5000  -45.000011935.9600   12.3236
   -7.5000   15.0000  -45.000011467.3721   12.3430
    0.0000   15.0000  -45.000012074.4971   12.3523
    7.5000   15.0000  -45.000011568.8760   12.3363
   -7.5000   22.5000  -45.000011072.3496   12.3462
    0.0000   22.5000  -45.000011678.9785   12.3547
    7.5000   22.5000  -45.000011185.0908   12.3410
   -7.5000   30.0000  -45.000010491.1914   12.1721
    0.0000   30.0000  -45.000011055.3809   12.1823
    7.5000   30.0000  -45.000010601.7939   12.1743
   -7.5000   37.5000  -45.000010151.2402   12.1531
    0.0000   37.5000  -45.000010686.3135   12.1669
    7.5000   37.5000  -45.000010254.2090   12.1633
   -7.5000   45.0000  -45.0000 9429.3096   11.8355
    0.0000   45.0000  -45.0000 9912.3896   11.8504
    7.5000   45.0000  -45.0000 9497.0723   11.8463
   -7.5000  -45.0000  -37.5000 7653.8433   12.4532
    0.0000  -45.0000  -37.5000 8005.6875   12.4677
    7.5000  -45.0000  -37.5000 7655.0171   12.4620
   -7.5000  -37.5000  -37.5000 8323.0420   12.3155
    0.0000  -37.5000  -37.5000 8730.8633   12.3275
    7.5000  -37.5000  -37.5000 8339.4160   12.3180
   -7.5000  -30.0000  -37.5000 9346.9805   12.3224
    0.0000  -30.0000  -37.5000 9813.3672   12.3327
    7.5000  -30.0000  -37.5000 9368.7852   12.3200
   -7.5000  -22.5000  -37.500010306.1396   12.3299
    0.0000  -22.5000  -37.500010806.4482   12.3403
    7.5000  -22.5000  -37.500010315.5156   12.3284
   -7.5000  -15.0000  -37.500011146.0576   12.3230
    0.0000  -15.0000  -37.500011721.8291   12.3348
    7.5000  -15.0000  -37.500011173.4883   12.3260
   -7.5000   -7.5000  -37.500011941.6221   12.3070
    0.0000   -7.5000  -37.500012574.2969   12.3208
    7.5000   -7.5000  -37.500011992.2627   12.3153
   -7.5000    0.0000  -37.500012693.0488   12.2966
    0.0000    0.0000  -37.500013401.5430   12.3107
    7.5000    0.0000  -37.500012789.7793   12.3054
   -7.5000    7.5000  -37.500012511.3809   12.3050
    0.0000    7.5000  -37.500013183.2715   12.3170
    7.5000    7.5000  -37.500012619.6787   12.3075
   -7.5000   15.0000  -37.500012101.5811   12.3223
    0.0000   15.0000  -37.500012742.5771   12.3326
    7.5000   15.0000  -37.500012202.7646   12.3200
   -7.5000   22.5000  -37.500011649.9336   12.3282
    0.0000   22.5000  -37.500012286.2100   12.3386
    7.5000   22.5000  -37.500011761.1650   12.3267
   -7.5000   30.0000  -37.500011044.4092   12.1588
    0.0000   30.0000  -37.500011633.2910   12.1704
    7.5000   30.0000  -37.500011156.0605   12.1617
   -7.5000   37.5000  -37.500010651.4238   12.1430
    0.0000   37.5000  -37.500011204.0488   12.1566
    7.5000   37.5000  -37.500010774.9902   12.1512
   -7.5000   45.0000  -37.5000 9891.0801   11.8246
    0.0000   45.0000  -37.500010384.3164   11.8383
    7.5000   45.0000  -37.5000 9975.3652   11.8331
   -7.5000  -45.0000  -30.0000 8255.9990   12.9727
    0.0000  -45.0000  -30.0000 8639.2803   12.9854
    7.5000  -45.0000  -30.0000 8252.3369   12.9748
   -7.5000  -37.5000  -30.0000 8971.1338   12.8222
    0.0000  -37.5000  -30.0000 9414.9912   12.8320
    7.5000  -37.5000  -30.0000 9000.3359   12.8200
   -7.5000  -30.0000  -30.000010051.4316   12.8230
    0.0000  -30.0000  -30.000010542.2852   12.8325
    7.5000  -30.0000  -30.000010085.4648   12.8185
   -7.5000  -22.5000  -30.000011081.0840   12.8312
    0.0000  -22.5000  -30.000011624.4414   12.8428
    7.5000  -22.5000  -30.000011106.3887   12.8285
   -7.5000  -15.0000  -30.000011999.2227   12.8291
    0.0000  -15.0000  -30.000012612.1475   12.8426
    7.5000  -15.0000  -30.000012024.4727   12.8301
   -7.5000   -7.5000  -30.000012847.2041   12.8189
    0.0000   -7.5000  -30.000013535.5215   12.8328
    7.5000   -7.5000  -30.000012908.0537   12.8227
   -7.5000    0.0000  -30.000013644.7734   12.8094
    0.0000    0.0000  -30.000014406.5762   12.8218
    7.5000    0.0000  -30.000013749.6904   12.8117
   -7.5000    7.5000  -30.000013425.5635   12.8113
    0.0000    7.5000  -30.000014127.1924   12.8212
    7.5000    7.5000  -30.000013527.7656   12.8091
   -7.5000   15.0000  -30.000012966.9082   12.8229
    0.0000   15.0000  -30.000013637.7490   12.8324
    7.5000   15.0000  -30.000013047.5098   12.8184
   -7.5000   22.5000  -30.000012461.5322   12.8281
    0.0000   22.5000  -30.000013111.7910   12.8397
    7.5000   22.5000  -30.000012542.0986   12.8254
   -7.5000   30.0000  -30.000011808.4014   12.6593
    0.0000   30.0000  -30.000012424.1133   12.6726
    7.5000   30.0000  -30.000011911.4492   12.6604
   -7.5000   37.5000  -30.000011369.6963   12.6493
    0.0000   37.5000  -30.000011940.0430   12.6630
    7.5000   37.5000  -30.000011491.1426   12.6530
   -7.5000   45.0000  -30.000010551.0713   12.3268
    0.0000   45.0000  -30.000011037.8105   12.3387
    7.5000   45.0000  -30.000010610.1631   12.3291
   -7.5000  -45.0000  -22.5000 8854.8008   13.4033
    0.0000  -45.0000  -22.5000 9291.4570   13.4152
    7.5000  -45.0000  -22.5000 8866.0283   13.4014
   -7.5000  -37.5000  -22.5000 9610.1045   13.2486
    0.0000  -37.5000  -22.500010098.8018   13.2568
    7.5000  -37.5000  -22.5000 9641.8145   13.2406
   -7.5000  -30.0000  -22.500010751.9971   13.2478
    0.0000  -30.0000  -22.500011287.5420   13.2553
    7.5000  -30.0000  -22.500010789.6650   13.2360
   -7.5000  -22.5000  -22.500011843.2910   13.2539
    0.0000  -22.5000  -22.500012455.1787   13.2645
    7.5000  -22.5000  -22.500011894.9141   13.2453
   -7.5000  -15.0000  -22.500012831.5283   13.2515
    0.0000  -15.0000  -22.500013504.0752   13.2652
    7.5000  -15.0000  -22.500012897.4883   13.2492
   -7.5000   -7.5000  -22.500013769.2871   13.2433
    0.0000   -7.5000  -22.500014531.7686   13.2572
    7.5000   -7.5000  -22.500013845.2119   13.2442
   -7.5000    0.0000  -22.500014614.5566   13.2354
    0.0000    0.0000  -22.500015434.9102   13.2470
    7.5000    0.0000  -22.500014731.9404   13.2337
   -7.5000    7.5000  -22.500014369.2207   13.2374
    0.0000    7.5000  -22.500015132.3457   13.2455
    7.5000    7.5000  -22.500014482.2080   13.2293
   -7.5000   15.0000  -22.500013866.5664   13.2477
    0.0000   15.0000  -22.500014579.9756   13.2552
    7.5000   15.0000  -22.500013966.1846   13.2359
   -7.5000   22.5000  -22.500013272.4805   13.2498
    0.0000   22.5000  -22.500013928.9004   13.2604
    7.5000   22.5000  -22.500013369.2891   13.2412
   -7.5000   30.0000  -22.500012557.1807   13.0782
    0.0000   30.0000  -22.500013196.3799   13.0917
    7.5000   30.0000  -22.500012692.7598   13.0759
   -7.5000   37.5000  -22.500012090.5830   13.0701
    0.0000   37.5000  -22.500012682.3311   13.0838
    7.5000   37.5000  -22.500012221.5098   13.0710
   -7.5000   45.0000  -22.500011190.1514   12.7464
    0.0000   45.0000  -22.500011691.6475   12.7575
    7.5000   45.0000  -22.500011256.8740   12.7447
   -7.5000  -45.0000  -15.0000 9437.3779   13.7120
    0.0000  -45.0000  -15.0000 9896.7080   13.7265
    7.5000  -45.0000  -15.0000 9462.6973   13.7146
   -7.5000  -37.5000  -15.000010237.1973   13.5605
    0.0000  -37.5000  -15.000010723.3945   13.5700
    7.5000  -37.5000  -15.000010268.6611   13.5523
   -7.5000  -30.0000  -15.000011430.4756   13.5639
    0.0000  -30.0000  -15.000011992.9072   13.5707
    7.5000  -30.0000  -15.000011476.4121   13.5474
   -7.5000  -22.5000  -15.000012605.2109   13.5686
    0.0000  -22.5000  -15.000013266.4521   13.5778
    7.5000  -22.5000  -15.000012658.7441   13.5557
   -7.5000  -15.0000  -15.000013696.7930   13.5620
    0.0000  -15.0000  -15.000014407.7754   13.5752
    7.5000  -15.0000  -15.000013750.3330   13.5592
   -7.5000   -7.5000  -15.000014757.2080   13.5494
    0.0000   -7.5000  -15.000015547.7803   13.5649
    7.5000   -7.5000  -15.000014813.6719   13.5538
   -7.5000    0.0000  -15.000015621.4570   13.5412
    0.0000    0.0000  -15.000016513.7207   13.5553
    7.5000    0.0000  -15.000015751.8916   13.5437
   -7.5000    7.5000  -15.000015316.5420   13.5490
    0.0000    7.5000  -15.000016181.8105   13.5585
    7.5000    7.5000  -15.000015456.0537   13.5407
   -7.5000   15.0000  -15.000014768.0625   13.5638
    0.0000   15.0000  -15.000015554.0645   13.5706
    7.5000   15.0000  -15.000014883.4707   13.5474
   -7.5000   22.5000  -15.000014087.9023   13.5638
    0.0000   22.5000  -15.000014824.0186   13.5730
    7.5000   22.5000  -15.000014220.3418   13.5509
   -7.5000   30.0000  -15.000013334.7988   13.3865
    0.0000   30.0000  -15.000014017.6533   13.3995
    7.5000   30.0000  -15.000013478.5361   13.3837
   -7.5000   37.5000  -15.000012861.1982   13.3741
    0.0000   37.5000  -15.000013483.3818   13.3893
    7.5000   37.5000  -15.000012971.4180   13.3784
   -7.5000   45.0000  -15.000011897.4795   13.0488
    0.0000   45.0000  -15.000012435.0635   13.0623
    7.5000   45.0000  -15.000011943.6484   13.0512
   -7.5000  -45.0000   -7.500010054.0635   13.8797
    0.0000  -45.0000   -7.500010541.2324   13.8971
    7.5000  -45.0000   -7.500010103.4072   13.8894
   -7.5000  -37.5000   -7.500010902.8955   13.7329
    0.0000  -37.5000   -7.500011432.3008   13.7454
    7.5000  -37.5000   -7.500010950.2793   13.7295
   -7.5000  -30.0000   -7.500012176.8916   13.7422
    0.0000  -30.0000   -7.500012792.8750   13.7505
    7.5000  -30.0000   -7.500012220.2314   13.7281
   -7.5000  -22.5000   -7.500013428.9004   13.7468
    0.0000  -22.5000   -7.500014143.4834   13.7553
    7.5000  -22.5000   -7.500013473.0186   13.7356
   -7.5000  -15.0000   -7.500014644.4766   13.7354
    0.0000  -15.0000   -7.500015422.1631   13.7474
    7.5000  -15.0000   -7.500014671.3027   13.7352
   -7.5000   -7.5000   -7.500015833.3262   13.7165
    0.0000   -7.5000   -7.500016704.0723   13.7326
    7.5000   -7.5000   -7.500015887.8047   13.7261
   -7.5000    0.0000   -7.500016790.2949   13.7069
    0.0000    0.0000   -7.500017872.2227   13.7238
    7.5000    0.0000   -7.500016969.9102   13.7163
   -7.5000    7.5000   -7.500016375.7939   13.7212
    0.0000    7.5000   -7.500017442.9062   13.7337
    7.5000    7.5000   -7.500016559.9746   13.7178
   -7.5000   15.0000   -7.500015706.3896   13.7421
    0.0000   15.0000   -7.500016661.8711   13.7504
    7.5000   15.0000   -7.500015859.5352   13.7280
   -7.5000   22.5000   -7.500014955.3711   13.7404
    0.0000   22.5000   -7.500015827.8418   13.7489
    7.5000   22.5000   -7.500015109.6182   13.7292
   -7.5000   30.0000   -7.500014174.2256   13.5573
    0.0000   30.0000   -7.500014950.0566   13.5691
    7.5000   30.0000   -7.500014307.3516   13.5571
   -7.5000   37.5000   -7.500013689.9629   13.5386
    0.0000   37.5000   -7.500014387.5225   13.5545
    7.5000   37.5000   -7.500013795.6787   13.5481
   -7.5000   45.0000   -7.500012644.0615   13.2109
    0.0000   45.0000   -7.500013278.1553   13.2271
    7.5000   45.0000   -7.500012714.7285   13.2200
   -7.5000  -45.0000    0.000010607.3574   13.9258
    0.0000  -45.0000    0.000011135.0879   13.9435
    7.5000  -45.0000    0.000010614.0039   13.9384
   -7.5000  -37.5000    0.000011494.8877   13.7792
    0.0000  -37.5000    0.000012072.7461   13.7934
    7.5000  -37.5000    0.000011498.6260   13.7809
   -7.5000  -30.0000    0.000012840.0547   13.7911
    0.0000  -30.0000    0.000013510.3809   13.8016
    7.5000  -30.0000    0.000012847.5332   13.7837
   -7.5000  -22.5000    0.000014127.1514   13.7970
    0.0000  -22.5000    0.000014888.9746   13.8064
    7.5000  -22.5000    0.000014158.1963   13.7911
   -7.5000  -15.0000    0.000015408.8730   13.7843
    0.0000  -15.0000    0.000016204.4414   13.7957
    7.5000  -15.0000    0.000015444.4209   13.7867
   -7.5000   -7.5000    0.000016801.2656   13.7625
    0.0000   -7.5000    0.000017739.8594   13.7780
    7.5000   -7.5000    0.000016850.0996   13.7739
   -7.5000    0.0000    0.000018001.3789   13.7516
    0.0000    0.0000    0.000019270.2500   13.7689
    7.5000    0.0000    0.000018130.2910   13.7640
   -7.5000    7.5000    0.000017559.3574   13.7674
    0.0000    7.5000    0.000018829.6523   13.7816
    7.5000    7.5000    0.000017624.1152   13.7691
   -7.5000   15.0000    0.000016718.2500   13.7910
    0.0000   15.0000    0.000017835.4531   13.8015
    7.5000   15.0000    0.000016753.0312   13.7836
   -7.5000   22.5000    0.000015855.9814   13.7906
    0.0000   22.5000    0.000016847.6562   13.8000
    7.5000   22.5000    0.000015901.6191   13.7848
   -7.5000   30.0000    0.000014984.8955   13.6059
    0.0000   30.0000    0.000015843.3535   13.6172
    7.5000   30.0000    0.000015028.3633   13.6082
   -7.5000   37.5000    0.000014470.3799   13.5844
    0.0000   37.5000    0.000015261.3594   13.5997
    7.5000   37.5000    0.000014507.0615   13.5957
   -7.5000   45.0000    0.000013401.9521   13.2550
    0.0000   45.0000    0.000014123.3242   13.2716
    7.5000   45.0000    0.000013417.9893   13.2669
   -7.5000  -45.0000    7.500010290.9688   13.9350
    0.0000  -45.0000    7.500010790.5303   13.9513
    7.5000  -45.0000    7.500010294.6709   13.9449
   -7.5000  -37.5000    7.500011149.8818   13.7810
    0.0000  -37.5000    7.500011705.3672   13.7944
    7.5000  -37.5000    7.500011145.3115   13.7838
   -7.5000  -30.0000    7.500012451.3018   13.7887
    0.0000  -30.0000    7.500013089.9238   13.8002
    7.5000  -30.0000    7.500012460.2607   13.7861
   -7.5000  -22.5000    7.500013691.7217   13.7971
    0.0000  -22.5000    7.500014437.2715   13.8087
    7.5000  -22.5000    7.500013722.1777   13.7954
   -7.5000  -15.0000    7.500014954.7393   13.7894
    0.0000  -15.0000    7.500015763.9492   13.8025
    7.5000  -15.0000    7.500014997.2344   13.7927
   -7.5000   -7.5000    7.500016387.0332   13.7715
    0.0000   -7.5000    7.500017444.7891   13.7869
    7.5000   -7.5000    7.500016453.2832   13.7807
   -7.5000    0.0000    7.500017700.5801   13.7598
    0.0000    0.0000    7.500019093.4551   13.7756
    7.5000    0.0000    7.500017723.9785   13.7696
   -7.5000    7.5000    7.500017389.4746   13.7693
    0.0000    7.5000    7.500018637.5078   13.7827
    7.5000    7.5000    7.500017166.3457   13.7721
   -7.5000   15.0000    7.500016570.8320   13.7886
    0.0000   15.0000    7.500017568.4961   13.8001
    7.5000   15.0000    7.500016282.9873   13.7860
   -7.5000   22.5000    7.500015585.3926   13.7907
    0.0000   22.5000    7.500016472.4062   13.8024
    7.5000   22.5000    7.500015393.6611   13.7891
   -7.5000   30.0000    7.500014592.1982   13.6109
    0.0000   30.0000    7.500015445.2275   13.6239
    7.5000   30.0000    7.500014508.7119   13.6142
   -7.5000   37.5000    7.500014049.4580   13.5932
    0.0000   37.5000    7.500014871.4248   13.6085
    7.5000   37.5000    7.500014009.0674   13.6024
   -7.5000   45.0000    7.500013000.5361   13.2629
    0.0000   45.0000    7.500013748.1660   13.2781
    7.5000   45.0000    7.500013001.1514   13.2723
   -7.5000  -45.0000   15.0000 9852.6504   13.9306
    0.0000  -45.0000   15.000010365.7129   13.9442
    7.5000  -45.0000   15.0000 9862.4092   13.9329
   -7.5000  -37.5000   15.000010679.2373   13.7690
    0.0000  -37.5000   15.000011203.9033   13.7796
    7.5000  -37.5000   15.000010673.7539   13.7667
   -7.5000  -30.0000   15.000011953.5264   13.7698
    0.0000  -30.0000   15.000012540.0303   13.7800
    7.5000  -30.0000   15.000011924.0186   13.7650
   -7.5000  -22.5000   15.000013202.9609   13.7786
    0.0000  -22.5000   15.000013839.6338   13.7911
    7.5000  -22.5000   15.000013139.9404   13.7757
   -7.5000  -15.0000   15.000014482.9648   13.7764
    0.0000  -15.0000   15.000015184.9902   13.7909
    7.5000  -15.0000   15.000014368.6025   13.7775
   -7.5000   -7.5000   15.000015804.5400   13.7655
    0.0000   -7.5000   15.000016732.7383   13.7804
    7.5000   -7.5000   15.000015696.3174   13.7695
   -7.5000    0.0000   15.000016919.0918   13.7553
    0.0000    0.0000   15.000018036.6367   13.7685
    7.5000    0.0000   15.000016780.0645   13.7578
   -7.5000    7.5000   15.000016606.8086   13.7573
    0.0000    7.5000   15.000017581.1875   13.7679
    7.5000    7.5000   15.000016368.1328   13.7550
   -7.5000   15.0000   15.000015945.4502   13.7697
    0.0000   15.0000   15.000016791.5840   13.7800
    7.5000   15.0000   15.000015691.8701   13.7649
   -7.5000   22.5000   15.000015005.7842   13.7723
    0.0000   22.5000   15.000015813.9248   13.7847
    7.5000   22.5000   15.000014865.6279   13.7694
   -7.5000   30.0000   15.000013993.3740   13.5981
    0.0000   30.0000   15.000014790.3125   13.6124
    7.5000   30.0000   15.000013945.7197   13.5992
   -7.5000   37.5000   15.000013471.8008   13.5873
    0.0000   37.5000   15.000014208.6045   13.6020
    7.5000   37.5000   15.000013431.8545   13.5913
   -7.5000   45.0000   15.000012489.9072   13.2585
    0.0000   45.0000   15.000013174.8018   13.2713
    7.5000   45.0000   15.000012466.5664   13.2609
   -7.5000  -45.0000   22.5000 9292.0820   13.9163
    0.0000  -45.0000   22.5000 9745.9893   13.9287
    7.5000  -45.0000   22.5000 9270.8818   13.9144
   -7.5000  -37.5000   22.500010081.0479   13.7557
    0.0000  -37.5000   22.500010580.0215   13.7642
    7.5000  -37.5000   22.500010046.2031   13.7474
   -7.5000  -30.0000   22.500011280.4355   13.7549
    0.0000  -30.0000   22.500011859.9414   13.7626
    7.5000  -30.0000   22.500011251.0303   13.7426
   -7.5000  -22.5000   22.500012461.9834   13.7612
    0.0000  -22.5000   22.500013100.8203   13.7722
    7.5000  -22.5000   22.500012433.1895   13.7523
   -7.5000  -15.0000   22.500013613.3730   13.7587
    0.0000  -15.0000   22.500014354.4473   13.7729
    7.5000  -15.0000   22.500013610.8311   13.7563
   -7.5000   -7.5000   22.500014675.6885   13.7502
    0.0000   -7.5000   22.500015588.7949   13.7647
    7.5000   -7.5000   22.500014765.3232   13.7512
   -7.5000    0.0000   22.500015588.1533   13.7420
    0.0000    0.0000   22.500016547.8770   13.7540
    7.5000    0.0000   22.500015708.1299   13.7403
   -7.5000    7.5000   22.500015276.5059   13.7441
    0.0000    7.5000   22.500016124.0000   13.7525
    7.5000    7.5000   22.500015354.8105   13.7357
   -7.5000   15.0000   22.500014778.2041   13.7548
    0.0000   15.0000   22.500015573.9023   13.7625
    7.5000   15.0000   22.500014878.9668   13.7425
   -7.5000   22.5000   22.500014012.7793   13.7549
    0.0000   22.5000   22.500014777.8008   13.7659
    7.5000   22.5000   22.500014122.6787   13.7459
   -7.5000   30.0000   22.500013183.6143   13.5806
    0.0000   30.0000   22.500013879.2344   13.5947
    7.5000   30.0000   22.500013258.1416   13.5783
   -7.5000   37.5000   22.500012741.3818   13.5723
    0.0000   37.5000   22.500013389.0176   13.5865
    7.5000   37.5000   22.500012765.1621   13.5732
   -7.5000   45.0000   22.500011811.3564   13.2457
    0.0000   45.0000   22.500012404.8193   13.2573
    7.5000   45.0000   22.500011790.9131   13.2440
   -7.5000  -45.0000   30.0000 8545.8906   13.9091
    0.0000  -45.0000   30.0000 8990.7236   13.9238
    7.5000  -45.0000   30.0000 8575.7910   13.9117
   -7.5000  -37.5000   30.0000 9264.4971   13.7552
    0.0000  -37.5000   30.0000 9730.9521   13.7649
    7.5000  -37.5000   30.0000 9312.6270   13.7470
   -7.5000  -30.0000   30.000010343.3428   13.7587
    0.0000  -30.0000   30.000010873.1904   13.7657
    7.5000  -30.0000   30.000010436.4111   13.7421
   -7.5000  -22.5000   30.000011459.3076   13.7635
    0.0000  -22.5000   30.000012029.9072   13.7729
    7.5000  -22.5000   30.000011563.8320   13.7504
   -7.5000  -15.0000   30.000012504.8936   13.7569
    0.0000  -15.0000   30.000013160.3711   13.7703
    7.5000  -15.0000   30.000012630.7656   13.7540
   -7.5000   -7.5000   30.000013440.8135   13.7441
    0.0000   -7.5000   30.000014193.9082   13.7598
    7.5000   -7.5000   30.000013595.7559   13.7486
   -7.5000    0.0000   30.000014276.1309   13.7358
    0.0000    0.0000   30.000014993.1602   13.7500
    7.5000    0.0000   30.000014349.7158   13.7383
   -7.5000    7.5000   30.000014032.2520   13.7436
    0.0000    7.5000   30.000014691.6641   13.7532
    7.5000    7.5000   30.000014071.0625   13.7352
   -7.5000   15.0000   30.000013614.9531   13.7586
    0.0000   15.0000   30.000014252.2217   13.7656
    7.5000   15.0000   30.000013661.5986   13.7420
   -7.5000   22.5000   30.000012981.7871   13.7572
    0.0000   22.5000   30.000013596.9971   13.7665
    7.5000   22.5000   30.000012998.7246   13.7441
   -7.5000   30.0000   30.000012232.2021   13.5788
    0.0000   30.0000   30.000012808.5488   13.5921
    7.5000   30.0000   30.000012219.3242   13.5760
   -7.5000   37.5000   30.000011811.8320   13.5663
    0.0000   37.5000   30.000012377.7217   13.5817
    7.5000   37.5000   30.000011780.2031   13.5706
   -7.5000   45.0000   30.000010942.9912   13.2397
    0.0000   45.0000   30.000011468.9863   13.2534
    7.5000   45.0000   30.000010895.3252   13.2421
   -7.5000  -45.0000   37.5000 8153.5874   14.1242
    0.0000  -45.0000   37.5000 8563.8926   14.1422
    7.5000  -45.0000   37.5000 8223.2891   14.1342
   -7.5000  -37.5000   37.5000 8854.8877   13.9721
    0.0000  -37.5000   37.5000 9299.2188   13.9855
    7.5000  -37.5000   37.5000 8940.0088   13.9691
   -7.5000  -30.0000   37.5000 9896.6318   13.9816
    0.0000  -30.0000   37.500010399.7139   13.9907
    7.5000  -30.0000   37.500010004.3789   13.9676
   -7.5000  -22.5000   37.500010961.3984   13.9863
    0.0000  -22.5000   37.500011496.8799   13.9955
    7.5000  -22.5000   37.500011056.7744   13.9751
   -7.5000  -15.0000   37.500011976.3252   13.9748
    0.0000  -15.0000   37.500012558.4775   13.9873
    7.5000  -15.0000   37.500012077.5801   13.9745
   -7.5000   -7.5000   37.500012878.5889   13.9555
    0.0000   -7.5000   37.500013503.5947   13.9721
    7.5000   -7.5000   37.500012943.3291   13.9653
   -7.5000    0.0000   37.500013652.7773   13.9456
    0.0000    0.0000   37.500014260.4951   13.9631
    7.5000    0.0000   37.500013659.4619   13.9554
   -7.5000    7.5000   37.500013394.2549   13.9601
    0.0000    7.5000   37.500013987.3086   13.9734
    7.5000    7.5000   37.500013407.3164   13.9570
   -7.5000   15.0000   37.500013010.7490   13.9815
    0.0000   15.0000   37.500013616.4609   13.9906
    7.5000   15.0000   37.500013033.4287   13.9675
   -7.5000   22.5000   37.500012434.9551   13.9799
    0.0000   22.5000   37.500013011.1455   13.9890
    7.5000   22.5000   37.500012443.7656   13.9686
   -7.5000   30.0000   37.500011706.0020   13.7940
    0.0000   30.0000   37.500012240.9609   13.8063
    7.5000   30.0000   37.500011710.1113   13.7936
   -7.5000   37.5000   37.500011341.4902   13.7749
    0.0000   37.5000   37.500011860.1504   13.7913
    7.5000   37.5000   37.500011320.2324   13.7845
   -7.5000   45.0000   37.500010490.1025   13.4420
    0.0000   45.0000   37.500010996.7881   13.4588
    7.5000   45.0000   37.500010476.8955   13.4514
   -7.5000  -45.0000   45.0000 7438.2046   14.3962
    0.0000  -45.0000   45.0000 7814.9932   14.4165
    7.5000  -45.0000   45.0000 7500.9209   14.4130
   -7.5000  -37.5000   45.0000 8087.9683   14.2378
    0.0000  -37.5000   45.0000 8501.2373   14.2541
    7.5000  -37.5000   45.0000 8158.8145   14.2425
   -7.5000  -30.0000   45.0000 9068.3271   14.2516
    0.0000  -30.0000   45.0000 9515.1514   14.2631
    7.5000  -30.0000   45.0000 9139.8770   14.2450
   -7.5000  -22.5000   45.000010027.1201   14.2597
    0.0000  -22.5000   45.000010512.7041   14.2696
    7.5000  -22.5000   45.000010103.3809   14.2537
   -7.5000  -15.0000   45.000010932.9102   14.2469
    0.0000  -15.0000   45.000011459.7949   14.2591
    7.5000  -15.0000   45.000011001.8213   14.2499
   -7.5000   -7.5000   45.000011752.3154   14.2224
    0.0000   -7.5000   45.000012287.6201   14.2397
    7.5000   -7.5000   45.000011794.2930   14.2366
   -7.5000    0.0000   45.000012444.5176   14.2089
    0.0000    0.0000   45.000012981.3740   14.2286
    7.5000    0.0000   45.000012460.8682   14.2254
   -7.5000    7.5000   45.000012213.7109   14.2252
    0.0000    7.5000   45.000012733.8799   14.2414
    7.5000    7.5000   45.000012231.1367   14.2298
   -7.5000   15.0000   45.000011876.2842   14.2515
    0.0000   15.0000   45.000012388.6895   14.2631
    7.5000   15.0000   45.000011900.3369   14.2449
   -7.5000   22.5000   45.000011375.5859   14.2531
    0.0000   22.5000   45.000011888.4199   14.2630
    7.5000   22.5000   45.000011383.0605   14.2471
   -7.5000   30.0000   45.000010703.7852   14.0613
    0.0000   30.0000   45.000011186.3750   14.0734
    7.5000   30.0000   45.000010700.3330   14.0642
   -7.5000   37.5000   45.000010370.2822   14.0371
    0.0000   37.5000   45.000010848.5244   14.0542
    7.5000   37.5000   45.000010349.0703   14.0511
   -7.5000   45.0000   45.0000 9599.9248   13.7019
    0.0000   45.0000   45.000010071.6191   13.7210
    7.5000   45.0000   45.0000 9579.9082   13.7178

---------------------------------------------------------------------
imgreg_4dfp /opt/freesurfer/average/711-2C_as_mni_average_305 /opt/freesurfer/average/711-2B_as_mni_average_305_mask talsrcimg_g11 none talsrcimg_to_711-2C_as_mni_average_305_t4 4355
---------------------------------------------------------------------

freesurfer imgreg_4dfp.c
/opt/freesurfer/average/711-2C_as_mni_average_305.4dfp.img
       256       256       256         1
  1.000000  1.000000  1.000000
orientation T byte_order littleendian
Reading image: /opt/freesurfer/average/711-2C_as_mni_average_305.4dfp.img
dimensions:      256       256       256
mmppix:       1.0000   -1.0000   -1.0000
center:     128.0000 -129.0000 -129.0000
/opt/freesurfer/average/711-2B_as_mni_average_305_mask.4dfp.img
       256       256       256         1
  1.000000  1.000000  1.000000
orientation T byte_order littleendian
Reading mask: /opt/freesurfer/average/711-2B_as_mni_average_305_mask.4dfp.img (2306576 pixels)
talsrcimg_g11.4dfp.img
       256       256       256         1
  1.000000  1.000000  1.000000
orientation T byte_order littleendian
Reading image: talsrcimg_g11.4dfp.img
dimensions:      256       256       256
mmppix:       1.0000   -1.0000   -1.0000
center:     128.0000 -129.0000 -129.0000
rotation matrix determinant  1.000000
image alignment mode   4355 decimal     1103 hex
   -7.5000  -45.0000  -45.0000 2015.7678   17.4626
    0.0000  -45.0000  -45.0000 2019.4358   17.4369
    7.5000  -45.0000  -45.0000 1997.8838   17.4846
   -7.5000  -37.5000  -45.0000 2124.9089   15.6203
    0.0000  -37.5000  -45.0000 2132.0840   15.5889
    7.5000  -37.5000  -45.0000 2111.1592   15.6426
   -7.5000  -30.0000  -45.0000 2220.8481   14.2416
    0.0000  -30.0000  -45.0000 2229.3408   14.2247
    7.5000  -30.0000  -45.0000 2209.6235   14.2851
   -7.5000  -22.5000  -45.0000 2289.1243   13.2178
    0.0000  -22.5000  -45.0000 2297.1113   13.1838
    7.5000  -22.5000  -45.0000 2272.5442   13.2649
   -7.5000  -15.0000  -45.0000 2330.8308   12.4718
    0.0000  -15.0000  -45.0000 2340.2119   12.4093
    7.5000  -15.0000  -45.0000 2313.8428   12.4598
   -7.5000   -7.5000  -45.0000 2357.8821   11.9500
    0.0000   -7.5000  -45.0000 2366.3582   11.8765
    7.5000   -7.5000  -45.0000 2346.3013   11.9224
   -7.5000    0.0000  -45.0000 2370.8596   11.6479
    0.0000    0.0000  -45.0000 2382.7268   11.5673
    7.5000    0.0000  -45.0000 2363.0083   11.6423
   -7.5000    7.5000  -45.0000 2369.8499   11.5842
    0.0000    7.5000  -45.0000 2387.5063   11.5144
    7.5000    7.5000  -45.0000 2367.8889   11.5773
   -7.5000   15.0000  -45.0000 2348.7644   11.8116
    0.0000   15.0000  -45.0000 2368.6748   11.6977
    7.5000   15.0000  -45.0000 2350.3352   11.7715
   -7.5000   22.5000  -45.0000 2321.6050   12.2278
    0.0000   22.5000  -45.0000 2347.1199   12.0859
    7.5000   22.5000  -45.0000 2328.9285   12.1597
   -7.5000   30.0000  -45.0000 2268.9854   12.8456
    0.0000   30.0000  -45.0000 2293.6467   12.6783
    7.5000   30.0000  -45.0000 2279.8845   12.7523
   -7.5000   37.5000  -45.0000 2201.5615   13.6907
    0.0000   37.5000  -45.0000 2223.9917   13.4916
    7.5000   37.5000  -45.0000 2210.9185   13.6116
   -7.5000   45.0000  -45.0000 2108.3491   14.9006
    0.0000   45.0000  -45.0000 2128.3035   14.6888
    7.5000   45.0000  -45.0000 2116.3745   14.7843
   -7.5000  -45.0000  -37.5000 2085.8816   16.4042
    0.0000  -45.0000  -37.5000 2091.9556   16.3482
    7.5000  -45.0000  -37.5000 2068.6694   16.3908
   -7.5000  -37.5000  -37.5000 2204.8677   14.6629
    0.0000  -37.5000  -37.5000 2214.4971   14.6352
    7.5000  -37.5000  -37.5000 2190.0828   14.6798
   -7.5000  -30.0000  -37.5000 2303.5166   13.3477
    0.0000  -30.0000  -37.5000 2316.9131   13.3083
    7.5000  -30.0000  -37.5000 2292.8843   13.3560
   -7.5000  -22.5000  -37.5000 2375.8240   12.3742
    0.0000  -22.5000  -37.5000 2385.5562   12.3035
    7.5000  -22.5000  -37.5000 2358.5420   12.3757
   -7.5000  -15.0000  -37.5000 2425.8127   11.6268
    0.0000  -15.0000  -37.5000 2440.0798   11.5552
    7.5000  -15.0000  -37.5000 2412.1567   11.6084
   -7.5000   -7.5000  -37.5000 2456.5566   11.1128
    0.0000   -7.5000  -37.5000 2470.4238   11.0349
    7.5000   -7.5000  -37.5000 2446.7527   11.0872
   -7.5000    0.0000  -37.5000 2470.0315   10.8225
    0.0000    0.0000  -37.5000 2486.7336   10.7455
    7.5000    0.0000  -37.5000 2466.2739   10.8000
   -7.5000    7.5000  -37.5000 2477.6580   10.7153
    0.0000    7.5000  -37.5000 2493.9893   10.6260
    7.5000    7.5000  -37.5000 2471.8184   10.7155
   -7.5000   15.0000  -37.5000 2459.8997   10.8994
    0.0000   15.0000  -37.5000 2477.5566   10.7879
    7.5000   15.0000  -37.5000 2459.3635   10.8463
   -7.5000   22.5000  -37.5000 2431.2844   11.2765
    0.0000   22.5000  -37.5000 2454.5369   11.1462
    7.5000   22.5000  -37.5000 2433.3337   11.1990
   -7.5000   30.0000  -37.5000 2372.2998   11.8458
    0.0000   30.0000  -37.5000 2396.0000   11.7048
    7.5000   30.0000  -37.5000 2380.9058   11.7437
   -7.5000   37.5000  -37.5000 2299.3206   12.6405
    0.0000   37.5000  -37.5000 2321.2366   12.4911
    7.5000   37.5000  -37.5000 2308.8535   12.5467
   -7.5000   45.0000  -37.5000 2204.2322   13.7491
    0.0000   45.0000  -37.5000 2227.9116   13.5706
    7.5000   45.0000  -37.5000 2213.2339   13.6377
   -7.5000  -45.0000  -30.0000 2189.4111   15.9876
    0.0000  -45.0000  -30.0000 2199.2593   15.9187
    7.5000  -45.0000  -30.0000 2170.2141   15.9864
   -7.5000  -37.5000  -30.0000 2315.7441   14.2688
    0.0000  -37.5000  -30.0000 2326.6804   14.2141
    7.5000  -37.5000  -30.0000 2299.2180   14.2535
   -7.5000  -30.0000  -30.0000 2417.1670   12.9093
    0.0000  -30.0000  -30.0000 2424.5051   12.8695
    7.5000  -30.0000  -30.0000 2403.1826   12.9221
   -7.5000  -22.5000  -30.0000 2497.3486   11.9377
    0.0000  -22.5000  -30.0000 2504.8748   11.8752
    7.5000  -22.5000  -30.0000 2481.8101   11.9214
   -7.5000  -15.0000  -30.0000 2558.8196   11.2446
    0.0000  -15.0000  -30.0000 2567.7358   11.1583
    7.5000  -15.0000  -30.0000 2541.4453   11.1903
   -7.5000   -7.5000  -30.0000 2597.1848   10.7357
    0.0000   -7.5000  -30.0000 2610.6289   10.6367
    7.5000   -7.5000  -30.0000 2585.5159   10.6746
   -7.5000    0.0000  -30.0000 2619.4426   10.4106
    0.0000    0.0000  -30.0000 2636.7170   10.3254
    7.5000    0.0000  -30.0000 2612.1628   10.3697
   -7.5000    7.5000  -30.0000 2631.0417   10.2844
    0.0000    7.5000  -30.0000 2647.6868   10.1849
    7.5000    7.5000  -30.0000 2623.0671   10.2667
   -7.5000   15.0000  -30.0000 2615.0920   10.4336
    0.0000   15.0000  -30.0000 2639.1375   10.3163
    7.5000   15.0000  -30.0000 2615.9961   10.3608
   -7.5000   22.5000  -30.0000 2581.1492   10.7892
    0.0000   22.5000  -30.0000 2609.6062   10.6548
    7.5000   22.5000  -30.0000 2586.2063   10.6959
   -7.5000   30.0000  -30.0000 2521.7410   11.3352
    0.0000   30.0000  -30.0000 2550.4717   11.2125
    7.5000   30.0000  -30.0000 2530.1221   11.2487
   -7.5000   37.5000  -30.0000 2436.9780   12.0934
    0.0000   37.5000  -30.0000 2464.6235   11.9634
    7.5000   37.5000  -30.0000 2449.1077   12.0172
   -7.5000   45.0000  -30.0000 2336.1707   13.1645
    0.0000   45.0000  -30.0000 2358.7019   13.0083
    7.5000   45.0000  -30.0000 2340.4666   13.0615
   -7.5000  -45.0000  -22.5000 2262.7300   15.4755
    0.0000  -45.0000  -22.5000 2276.4363   15.3942
    7.5000  -45.0000  -22.5000 2248.9263   15.4068
   -7.5000  -37.5000  -22.5000 2389.4995   13.7413
    0.0000  -37.5000  -22.5000 2404.7432   13.6941
    7.5000  -37.5000  -22.5000 2380.8584   13.7033
   -7.5000  -30.0000  -22.5000 2496.3914   12.4296
    0.0000  -30.0000  -22.5000 2507.1379   12.3545
    7.5000  -30.0000  -22.5000 2487.1216   12.3707
   -7.5000  -22.5000  -22.5000 2583.8618   11.4714
    0.0000  -22.5000  -22.5000 2595.3186   11.3826
    7.5000  -22.5000  -22.5000 2573.4678   11.3779
   -7.5000  -15.0000  -22.5000 2652.2397   10.7570
    0.0000  -15.0000  -22.5000 2661.8635   10.6795
    7.5000  -15.0000  -22.5000 2642.8491   10.6841
   -7.5000   -7.5000  -22.5000 2704.8455   10.2476
    0.0000   -7.5000  -22.5000 2721.5737   10.1525
    7.5000   -7.5000  -22.5000 2695.0037   10.1781
   -7.5000    0.0000  -22.5000 2736.5505    9.9230
    0.0000    0.0000  -22.5000 2756.9294    9.8154
    7.5000    0.0000  -22.5000 2730.7998    9.8574
   -7.5000    7.5000  -22.5000 2753.4978    9.8049
    0.0000    7.5000  -22.5000 2778.4998    9.6739
    7.5000    7.5000  -22.5000 2749.1985    9.7540
   -7.5000   15.0000  -22.5000 2746.9592    9.9301
    0.0000   15.0000  -22.5000 2773.9336    9.7889
    7.5000   15.0000  -22.5000 2747.2336    9.8601
   -7.5000   22.5000  -22.5000 2707.6875   10.2419
    0.0000   22.5000  -22.5000 2736.8770   10.1041
    7.5000   22.5000  -22.5000 2716.7668   10.1616
   -7.5000   30.0000  -22.5000 2641.6189   10.7590
    0.0000   30.0000  -22.5000 2673.9915   10.6337
    7.5000   30.0000  -22.5000 2656.7407   10.6927
   -7.5000   37.5000  -22.5000 2550.1440   11.5123
    0.0000   37.5000  -22.5000 2579.6689   11.3702
    7.5000   37.5000  -22.5000 2564.8640   11.4364
   -7.5000   45.0000  -22.5000 2436.9011   12.5443
    0.0000   45.0000  -22.5000 2461.9106   12.3705
    7.5000   45.0000  -22.5000 2445.3823   12.4307
   -7.5000  -45.0000  -15.0000 2300.3203   14.9550
    0.0000  -45.0000  -15.0000 2317.4158   14.8429
    7.5000  -45.0000  -15.0000 2294.4116   14.8688
   -7.5000  -37.5000  -15.0000 2427.5637   13.2659
    0.0000  -37.5000  -15.0000 2442.0076   13.1764
    7.5000  -37.5000  -15.0000 2424.9602   13.1904
   -7.5000  -30.0000  -15.0000 2542.2246   11.9766
    0.0000  -30.0000  -15.0000 2552.0474   11.8590
    7.5000  -30.0000  -15.0000 2536.6440   11.8825
   -7.5000  -22.5000  -15.0000 2640.8867   11.0077
    0.0000  -22.5000  -15.0000 2654.4341   10.9356
    7.5000  -22.5000  -15.0000 2636.3367   10.9101
   -7.5000  -15.0000  -15.0000 2715.4717   10.3112
    0.0000  -15.0000  -15.0000 2729.3796   10.2231
    7.5000  -15.0000  -15.0000 2710.0398   10.2393
   -7.5000   -7.5000  -15.0000 2780.8721    9.7860
    0.0000   -7.5000  -15.0000 2796.9536    9.6867
    7.5000   -7.5000  -15.0000 2773.2695    9.7241
   -7.5000    0.0000  -15.0000 2824.5110    9.4450
    0.0000    0.0000  -15.0000 2846.1321    9.3233
    7.5000    0.0000  -15.0000 2816.2632    9.3919
   -7.5000    7.5000  -15.0000 2846.5667    9.3178
    0.0000    7.5000  -15.0000 2875.1611    9.1794
    7.5000    7.5000  -15.0000 2840.9478    9.2765
   -7.5000   15.0000  -15.0000 2836.0637    9.4311
    0.0000   15.0000  -15.0000 2868.7854    9.2817
    7.5000   15.0000  -15.0000 2835.7161    9.3873
   -7.5000   22.5000  -15.0000 2794.2458    9.7479
    0.0000   22.5000  -15.0000 2829.7498    9.5961
    7.5000   22.5000  -15.0000 2805.6724    9.6826
   -7.5000   30.0000  -15.0000 2727.2815   10.2423
    0.0000   30.0000  -15.0000 2760.7544   10.0975
    7.5000   30.0000  -15.0000 2742.1758   10.1713
   -7.5000   37.5000  -15.0000 2630.0139   10.9865
    0.0000   37.5000  -15.0000 2660.6875   10.8317
    7.5000   37.5000  -15.0000 2641.6877   10.8882
   -7.5000   45.0000  -15.0000 2512.8164   11.9991
    0.0000   45.0000  -15.0000 2539.5330   11.8203
    7.5000   45.0000  -15.0000 2517.4890   11.8524
   -7.5000  -45.0000   -7.5000 2313.9136   14.5630
    0.0000  -45.0000   -7.5000 2330.3567   14.4310
    7.5000  -45.0000   -7.5000 2313.6462   14.4955
   -7.5000  -37.5000   -7.5000 2443.3547   12.8857
    0.0000  -37.5000   -7.5000 2457.9739   12.7649
    7.5000  -37.5000   -7.5000 2442.6733   12.8328
   -7.5000  -30.0000   -7.5000 2564.5007   11.5868
    0.0000  -30.0000   -7.5000 2580.1572   11.4686
    7.5000  -30.0000   -7.5000 2562.0627   11.5230
   -7.5000  -22.5000   -7.5000 2674.2561   10.6182
    0.0000  -22.5000   -7.5000 2695.1021   10.5250
    7.5000  -22.5000   -7.5000 2672.7881   10.5362
   -7.5000  -15.0000   -7.5000 2766.4087    9.8992
    0.0000  -15.0000   -7.5000 2785.0273    9.8177
    7.5000  -15.0000   -7.5000 2761.9492    9.8320
   -7.5000   -7.5000   -7.5000 2839.0603    9.4012
    0.0000   -7.5000   -7.5000 2855.2021    9.3011
    7.5000   -7.5000   -7.5000 2837.7212    9.3522
   -7.5000    0.0000   -7.5000 2895.3904    9.0653
    0.0000    0.0000   -7.5000 2924.6414    8.9738
    7.5000    0.0000   -7.5000 2895.3884    9.0389
   -7.5000    7.5000   -7.5000 2920.5239    8.9050
    0.0000    7.5000   -7.5000 2956.2795    8.8002
    7.5000    7.5000   -7.5000 2917.4741    8.9035
   -7.5000   15.0000   -7.5000 2898.4229    8.9912
    0.0000   15.0000   -7.5000 2934.5120    8.8578
    7.5000   15.0000   -7.5000 2901.2334    8.9724
   -7.5000   22.5000   -7.5000 2855.2217    9.2928
    0.0000   22.5000   -7.5000 2892.2002    9.1596
    7.5000   22.5000   -7.5000 2867.8879    9.2507
   -7.5000   30.0000   -7.5000 2784.5471    9.7849
    0.0000   30.0000   -7.5000 2822.3037    9.6545
    7.5000   30.0000   -7.5000 2798.9390    9.7432
   -7.5000   37.5000   -7.5000 2683.1787   10.5246
    0.0000   37.5000   -7.5000 2715.5542   10.3783
    7.5000   37.5000   -7.5000 2696.2683   10.4576
   -7.5000   45.0000   -7.5000 2557.1355   11.5177
    0.0000   45.0000   -7.5000 2591.8523   11.3491
    7.5000   45.0000   -7.5000 2569.4470   11.4256
   -7.5000  -45.0000    0.0000 2312.2776   14.4144
    0.0000  -45.0000    0.0000 2333.3286   14.2794
    7.5000  -45.0000    0.0000 2313.8391   14.3650
   -7.5000  -37.5000    0.0000 2442.0496   12.7272
    0.0000  -37.5000    0.0000 2461.2908   12.5827
    7.5000  -37.5000    0.0000 2440.1794   12.6418
   -7.5000  -30.0000    0.0000 2566.4956   11.3903
    0.0000  -30.0000    0.0000 2585.4910   11.2528
    7.5000  -30.0000    0.0000 2564.2097   11.3000
   -7.5000  -22.5000    0.0000 2684.1721   10.3907
    0.0000  -22.5000    0.0000 2705.4226   10.2765
    7.5000  -22.5000    0.0000 2684.1760   10.3111
   -7.5000  -15.0000    0.0000 2787.9668    9.6475
    0.0000  -15.0000    0.0000 2807.9568    9.5408
    7.5000  -15.0000    0.0000 2787.1621    9.5799
   -7.5000   -7.5000    0.0000 2876.4810    9.1767
    0.0000   -7.5000    0.0000 2897.3843    9.0734
    7.5000   -7.5000    0.0000 2874.5486    9.1233
   -7.5000    0.0000    0.0000 2950.9495    8.8764
    0.0000    0.0000    0.0000 2982.4058    8.8015
    7.5000    0.0000    0.0000 2944.0244    8.8555
   -7.5000    7.5000    0.0000 2975.8269    8.7468
    0.0000    7.5000    0.0000 3016.9902    8.6619
    7.5000    7.5000    0.0000 2968.6118    8.6994
   -7.5000   15.0000    0.0000 2948.9463    8.7526
    0.0000   15.0000    0.0000 2982.1602    8.6295
    7.5000   15.0000    0.0000 2942.6030    8.7047
   -7.5000   22.5000    0.0000 2901.7832    9.0155
    0.0000   22.5000    0.0000 2931.5718    8.8754
    7.5000   22.5000    0.0000 2906.2986    8.9524
   -7.5000   30.0000    0.0000 2822.9500    9.5251
    0.0000   30.0000    0.0000 2852.0149    9.3645
    7.5000   30.0000    0.0000 2834.0891    9.4546
   -7.5000   37.5000    0.0000 2713.2556   10.2695
    0.0000   37.5000    0.0000 2745.5181   10.0989
    7.5000   37.5000    0.0000 2725.9861   10.1874
   -7.5000   45.0000    0.0000 2586.9863   11.2544
    0.0000   45.0000    0.0000 2621.7793   11.0812
    7.5000   45.0000    0.0000 2598.4785   11.1578
   -7.5000  -45.0000    7.5000 2298.5593   14.4996
    0.0000  -45.0000    7.5000 2313.8699   14.3016
    7.5000  -45.0000    7.5000 2300.1064   14.3810
   -7.5000  -37.5000    7.5000 2429.3584   12.7264
    0.0000  -37.5000    7.5000 2440.4973   12.5579
    7.5000  -37.5000    7.5000 2423.4343   12.6176
   -7.5000  -30.0000    7.5000 2555.8669   11.3557
    0.0000  -30.0000    7.5000 2567.2476   11.2243
    7.5000  -30.0000    7.5000 2551.0076   11.2825
   -7.5000  -22.5000    7.5000 2675.8367   10.3336
    0.0000  -22.5000    7.5000 2690.7175   10.2154
    7.5000  -22.5000    7.5000 2674.1206   10.2699
   -7.5000  -15.0000    7.5000 2786.3972    9.5983
    0.0000  -15.0000    7.5000 2806.9404    9.5197
    7.5000  -15.0000    7.5000 2786.8098    9.5469
   -7.5000   -7.5000    7.5000 2896.0771    9.1461
    0.0000   -7.5000    7.5000 2923.9375    9.0571
    7.5000   -7.5000    7.5000 2891.7271    9.0817
   -7.5000    0.0000    7.5000 2986.6497    8.8640
    0.0000    0.0000    7.5000 3030.7349    8.8204
    7.5000    0.0000    7.5000 2974.9824    8.8132
   -7.5000    7.5000    7.5000 3008.3010    8.7402
    0.0000    7.5000    7.5000 3058.0115    8.6723
    7.5000    7.5000    7.5000 2996.6592    8.6307
   -7.5000   15.0000    7.5000 2974.3933    8.7501
    0.0000   15.0000    7.5000 3009.7341    8.6085
    7.5000   15.0000    7.5000 2966.2456    8.6130
   -7.5000   22.5000    7.5000 2915.8872    8.9638
    0.0000   22.5000    7.5000 2947.5872    8.7998
    7.5000   22.5000    7.5000 2922.9834    8.8519
   -7.5000   30.0000    7.5000 2826.2847    9.4252
    0.0000   30.0000    7.5000 2861.2319    9.2625
    7.5000   30.0000    7.5000 2843.7571    9.3460
   -7.5000   37.5000    7.5000 2719.1111   10.1539
    0.0000   37.5000    7.5000 2752.8364    9.9992
    7.5000   37.5000    7.5000 2733.5906   10.0619
   -7.5000   45.0000    7.5000 2590.3774   11.1350
    0.0000   45.0000    7.5000 2620.4905   10.9831
    7.5000   45.0000    7.5000 2607.1560   11.0359
   -7.5000  -45.0000   15.0000 2278.3958   14.7549
    0.0000  -45.0000   15.0000 2292.3813   14.5354
    7.5000  -45.0000   15.0000 2277.2520   14.6303
   -7.5000  -37.5000   15.0000 2404.3201   12.9564
    0.0000  -37.5000   15.0000 2415.1104   12.7419
    7.5000  -37.5000   15.0000 2404.6003   12.8170
   -7.5000  -30.0000   15.0000 2529.9609   11.5973
    0.0000  -30.0000   15.0000 2540.4644   11.3932
    7.5000  -30.0000   15.0000 2530.9380   11.4515
   -7.5000  -22.5000   15.0000 2648.1912   10.5671
    0.0000  -22.5000   15.0000 2664.3735   10.3944
    7.5000  -22.5000   15.0000 2652.3425   10.4027
   -7.5000  -15.0000   15.0000 2767.7764    9.8400
    0.0000  -15.0000   15.0000 2783.7876    9.6959
    7.5000  -15.0000   15.0000 2766.8210    9.6695
   -7.5000   -7.5000   15.0000 2884.5894    9.3319
    0.0000   -7.5000   15.0000 2910.0515    9.2347
    7.5000   -7.5000   15.0000 2873.7424    9.1837
   -7.5000    0.0000   15.0000 2969.2749    8.9993
    0.0000    0.0000   15.0000 3014.3054    8.9438
    7.5000    0.0000   15.0000 2955.1287    8.8985
   -7.5000    7.5000   15.0000 2984.5723    8.8263
    0.0000    7.5000   15.0000 3035.3608    8.7241
    7.5000    7.5000   15.0000 2978.1584    8.7223
   -7.5000   15.0000   15.0000 2961.1113    8.8964
    0.0000   15.0000   15.0000 2997.4604    8.7394
    7.5000   15.0000   15.0000 2958.0488    8.7603
   -7.5000   22.5000   15.0000 2901.3271    9.1500
    0.0000   22.5000   15.0000 2933.4480    8.9983
    7.5000   22.5000   15.0000 2914.9348    9.0314
   -7.5000   30.0000   15.0000 2809.6411    9.5785
    0.0000   30.0000   15.0000 2839.4739    9.4458
    7.5000   30.0000   15.0000 2827.0938    9.5092
   -7.5000   37.5000   15.0000 2705.2979   10.2440
    0.0000   37.5000   15.0000 2729.6870   10.1187
    7.5000   37.5000   15.0000 2718.4341   10.1771
   -7.5000   45.0000   15.0000 2578.7864   11.2073
    0.0000   45.0000   15.0000 2602.5525   11.0564
    7.5000   45.0000   15.0000 2591.9890   11.1122
   -7.5000  -45.0000   22.5000 2247.6768   15.3271
    0.0000  -45.0000   22.5000 2257.9751   15.0415
    7.5000  -45.0000   22.5000 2243.9260   15.0971
   -7.5000  -37.5000   22.5000 2373.1504   13.4720
    0.0000  -37.5000   22.5000 2384.6470   13.2404
    7.5000  -37.5000   22.5000 2372.5957   13.2644
   -7.5000  -30.0000   22.5000 2492.9792   12.0859
    0.0000  -30.0000   22.5000 2507.6409   11.8851
    7.5000  -30.0000   22.5000 2496.6328   11.8849
   -7.5000  -22.5000   22.5000 2615.1096   11.0154
    0.0000  -22.5000   22.5000 2629.2021   10.8170
    7.5000  -22.5000   22.5000 2620.5020   10.7945
   -7.5000  -15.0000   22.5000 2734.5518   10.2127
    0.0000  -15.0000   22.5000 2753.4553   10.0349
    7.5000  -15.0000   22.5000 2737.4607   10.0219
   -7.5000   -7.5000   22.5000 2842.2913    9.6128
    0.0000   -7.5000   22.5000 2875.5437    9.5049
    7.5000   -7.5000   22.5000 2847.0693    9.4917
   -7.5000    0.0000   22.5000 2911.0156    9.2410
    0.0000    0.0000   22.5000 2955.7822    9.1512
    7.5000    0.0000   22.5000 2921.2517    9.1732
   -7.5000    7.5000   22.5000 2929.6638    9.0899
    0.0000    7.5000   22.5000 2971.3596    8.9417
    7.5000    7.5000   22.5000 2939.9729    9.0107
   -7.5000   15.0000   22.5000 2916.3052    9.1922
    0.0000   15.0000   22.5000 2952.1802    9.0598
    7.5000   15.0000   22.5000 2929.2356    9.1157
   -7.5000   22.5000   22.5000 2854.2917    9.4808
    0.0000   22.5000   22.5000 2892.3000    9.3552
    7.5000   22.5000   22.5000 2875.6848    9.4058
   -7.5000   30.0000   22.5000 2765.4270    9.9403
    0.0000   30.0000   22.5000 2797.1746    9.8386
    7.5000   30.0000   22.5000 2785.8154    9.8738
   -7.5000   37.5000   22.5000 2660.1553   10.6104
    0.0000   37.5000   22.5000 2691.2600   10.5093
    7.5000   37.5000   22.5000 2679.6113   10.5415
   -7.5000   45.0000   22.5000 2536.8071   11.5334
    0.0000   45.0000   22.5000 2560.2615   11.3910
    7.5000   45.0000   22.5000 2550.6624   11.4127
   -7.5000  -45.0000   30.0000 2200.2185   16.0430
    0.0000  -45.0000   30.0000 2215.7307   15.7938
    7.5000  -45.0000   30.0000 2201.3340   15.8410
   -7.5000  -37.5000   30.0000 2332.2710   14.0966
    0.0000  -37.5000   30.0000 2347.4971   13.8250
    7.5000  -37.5000   30.0000 2334.8118   13.9324
   -7.5000  -30.0000   30.0000 2450.5295   12.6171
    0.0000  -30.0000   30.0000 2467.9275   12.3924
    7.5000  -30.0000   30.0000 2460.0481   12.4669
   -7.5000  -22.5000   30.0000 2580.1755   11.5032
    0.0000  -22.5000   30.0000 2593.4885   11.2872
    7.5000  -22.5000   30.0000 2588.0308   11.3549
   -7.5000  -15.0000   30.0000 2697.7271   10.6703
    0.0000  -15.0000   30.0000 2716.0911   10.4674
    7.5000  -15.0000   30.0000 2705.1848   10.5107
   -7.5000   -7.5000   30.0000 2788.2834   10.0644
    0.0000   -7.5000   30.0000 2820.9341    9.9048
    7.5000   -7.5000   30.0000 2802.8196    9.9367
   -7.5000    0.0000   30.0000 2845.1680    9.6960
    0.0000    0.0000   30.0000 2881.6370    9.4991
    7.5000    0.0000   30.0000 2863.0129    9.5509
   -7.5000    7.5000   30.0000 2863.6138    9.5563
    0.0000    7.5000   30.0000 2901.5569    9.3699
    7.5000    7.5000   30.0000 2880.8018    9.4222
   -7.5000   15.0000   30.0000 2848.1604    9.6555
    0.0000   15.0000   30.0000 2880.9526    9.5320
    7.5000   15.0000   30.0000 2865.5583    9.5524
   -7.5000   22.5000   30.0000 2795.3733    9.9627
    0.0000   22.5000   30.0000 2828.2288    9.8302
    7.5000   22.5000   30.0000 2814.1189    9.8510
   -7.5000   30.0000   30.0000 2710.6450   10.4239
    0.0000   30.0000   30.0000 2742.1189   10.3237
    7.5000   30.0000   30.0000 2729.3379   10.3161
   -7.5000   37.5000   30.0000 2608.8462   11.0620
    0.0000   37.5000   30.0000 2636.8052   10.9548
    7.5000   37.5000   30.0000 2626.5715   10.9645
   -7.5000   45.0000   30.0000 2482.4390   11.9674
    0.0000   45.0000   30.0000 2510.8093   11.8409
    7.5000   45.0000   30.0000 2499.8262   11.8438
   -7.5000  -45.0000   37.5000 2153.8813   16.8674
    0.0000  -45.0000   37.5000 2173.8706   16.5606
    7.5000  -45.0000   37.5000 2157.2673   16.7011
   -7.5000  -37.5000   37.5000 2286.1255   14.8473
    0.0000  -37.5000   37.5000 2309.4854   14.5719
    7.5000  -37.5000   37.5000 2295.7012   14.7285
   -7.5000  -30.0000   37.5000 2406.5691   13.3299
    0.0000  -30.0000   37.5000 2430.1897   13.0626
    7.5000  -30.0000   37.5000 2420.7810   13.1907
   -7.5000  -22.5000   37.5000 2534.3845   12.1616
    0.0000  -22.5000   37.5000 2553.6165   11.9079
    7.5000  -22.5000   37.5000 2543.6726   11.9894
   -7.5000  -15.0000   37.5000 2645.5808   11.2677
    0.0000  -15.0000   37.5000 2669.7163   11.0418
    7.5000  -15.0000   37.5000 2656.7446   11.1138
   -7.5000   -7.5000   37.5000 2730.3894   10.6641
    0.0000   -7.5000   37.5000 2760.7095   10.4334
    7.5000   -7.5000   37.5000 2743.1882   10.4972
   -7.5000    0.0000   37.5000 2774.8577   10.2934
    0.0000    0.0000   37.5000 2809.5352   10.0549
    7.5000    0.0000   37.5000 2792.4924   10.1218
   -7.5000    7.5000   37.5000 2790.1643   10.1361
    0.0000    7.5000   37.5000 2826.5603    9.9344
    7.5000    7.5000   37.5000 2809.0605   10.0100
   -7.5000   15.0000   37.5000 2765.4976   10.2589
    0.0000   15.0000   37.5000 2803.6289   10.0866
    7.5000   15.0000   37.5000 2789.0393   10.1323
   -7.5000   22.5000   37.5000 2718.5273   10.5707
    0.0000   22.5000   37.5000 2753.1873   10.3986
    7.5000   22.5000   37.5000 2738.5635   10.4392
   -7.5000   30.0000   37.5000 2637.6528   11.0419
    0.0000   30.0000   37.5000 2666.5251   10.8886
    7.5000   30.0000   37.5000 2657.7603   10.9051
   -7.5000   37.5000   37.5000 2541.3823   11.6584
    0.0000   37.5000   37.5000 2567.7773   11.5320
    7.5000   37.5000   37.5000 2557.9062   11.5510
   -7.5000   45.0000   37.5000 2412.3230   12.5565
    0.0000   45.0000   37.5000 2444.0710   12.4114
    7.5000   45.0000   37.5000 2435.9272   12.4203
   -7.5000  -45.0000   45.0000 2104.5132   17.8839
    0.0000  -45.0000   45.0000 2127.3848   17.5753
    7.5000  -45.0000   45.0000 2110.5020   17.7498
   -7.5000  -37.5000   45.0000 2235.3643   15.7947
    0.0000  -37.5000   45.0000 2263.4045   15.4930
    7.5000  -37.5000   45.0000 2244.2178   15.6669
   -7.5000  -30.0000   45.0000 2358.9231   14.2118
    0.0000  -30.0000   45.0000 2384.2747   13.9155
    7.5000  -30.0000   45.0000 2366.7688   14.0596
   -7.5000  -22.5000   45.0000 2476.4131   12.9807
    0.0000  -22.5000   45.0000 2499.3457   12.6937
    7.5000  -22.5000   45.0000 2482.4224   12.7865
   -7.5000  -15.0000   45.0000 2577.1904   12.0313
    0.0000  -15.0000   45.0000 2606.6157   11.7670
    7.5000  -15.0000   45.0000 2586.4651   11.8478
   -7.5000   -7.5000   45.0000 2653.8882   11.4072
    0.0000   -7.5000   45.0000 2684.2192   11.1302
    7.5000   -7.5000   45.0000 2665.4094   11.2120
   -7.5000    0.0000   45.0000 2689.0867   11.0191
    0.0000    0.0000   45.0000 2721.9868   10.7802
    7.5000    0.0000   45.0000 2706.9399   10.8547
   -7.5000    7.5000   45.0000 2702.8796   10.8858
    0.0000    7.5000   45.0000 2732.6523   10.6753
    7.5000    7.5000   45.0000 2720.2085   10.7558
   -7.5000   15.0000   45.0000 2680.2156   10.9911
    0.0000   15.0000   45.0000 2709.0984   10.7943
    7.5000   15.0000   45.0000 2699.0427   10.8628
   -7.5000   22.5000   45.0000 2640.9927   11.2846
    0.0000   22.5000   45.0000 2673.2239   11.0785
    7.5000   22.5000   45.0000 2656.0784   11.1358
   -7.5000   30.0000   45.0000 2561.2991   11.7364
    0.0000   30.0000   45.0000 2588.1841   11.5372
    7.5000   30.0000   45.0000 2578.1340   11.5923
   -7.5000   37.5000   45.0000 2465.0320   12.3660
    0.0000   37.5000   45.0000 2491.9255   12.1940
    7.5000   37.5000   45.0000 2479.5725   12.2335
   -7.5000   45.0000   45.0000 2336.8899   13.2948
    0.0000   45.0000   45.0000 2369.4292   13.1372
    7.5000   45.0000   45.0000 2354.2822   13.1525

---------------------------------------------------------------------
imgreg_4dfp /opt/freesurfer/average/711-2C_as_mni_average_305 /opt/freesurfer/average/711-2B_as_mni_average_305_mask talsrcimg_g11 none talsrcimg_to_711-2C_as_mni_average_305_t4 1283
---------------------------------------------------------------------

freesurfer imgreg_4dfp.c
/opt/freesurfer/average/711-2C_as_mni_average_305.4dfp.img
       256       256       256         1
  1.000000  1.000000  1.000000
orientation T byte_order littleendian
Reading image: /opt/freesurfer/average/711-2C_as_mni_average_305.4dfp.img
dimensions:      256       256       256
mmppix:       1.0000   -1.0000   -1.0000
center:     128.0000 -129.0000 -129.0000
/opt/freesurfer/average/711-2B_as_mni_average_305_mask.4dfp.img
       256       256       256         1
  1.000000  1.000000  1.000000
orientation T byte_order littleendian
Reading mask: /opt/freesurfer/average/711-2B_as_mni_average_305_mask.4dfp.img (2306576 pixels)
talsrcimg_g11.4dfp.img
       256       256       256         1
  1.000000  1.000000  1.000000
orientation T byte_order littleendian
Reading image: talsrcimg_g11.4dfp.img
dimensions:      256       256       256
mmppix:       1.0000   -1.0000   -1.0000
center:     128.0000 -129.0000 -129.0000
rotation matrix determinant  1.000000
fimgreg.f
image alignment mode   1283 decimal      503 hex
parameters
    0.0000    7.5000    7.5000    0.0000    0.0000    0.0000
eta,q 0.95777  8.66035
niter,ni,del,rscale     5    3   12.0000    1.2000
parameter  4  2.471985 ->  0.500000 qaram    1.1500
parameters
   -0.3459    5.3401    9.3572   -3.4500    0.6190   -1.7190
eta,q 0.96182  8.72658
  0.0553  0.0467  0.0514  0.0374  0.0461  0.0417
  0.0495  0.0438  0.0482  0.0386  0.0417  0.0392
  0.0459  0.0432  0.0449  0.0405  0.0398  0.0382
  0.0450  0.0448  0.0432  0.0429  0.0390  0.0390
  0.0468  0.0471  0.0429  0.0448  0.0391  0.0411
  0.0519  0.0506  0.0437  0.0472  0.0404  0.0440
  0.0575  0.0560  0.0453  0.0506  0.0434  0.0478
niter,ni,del,rscale     5    3   12.0000    1.2000
parameter  4  0.652444 ->  0.500000 qaram    1.3225
parameters
   -1.1927    6.9103    8.6277   -7.4175    1.6056   -1.8598
eta,q 0.96653  8.72309
  0.0487  0.0540  0.0443  0.0365  0.0447  0.0412
  0.0411  0.0461  0.0398  0.0341  0.0407  0.0374
  0.0375  0.0405  0.0373  0.0346  0.0367  0.0346
  0.0382  0.0375  0.0373  0.0371  0.0339  0.0335
  0.0415  0.0375  0.0397  0.0411  0.0337  0.0345
  0.0476  0.0392  0.0433  0.0458  0.0358  0.0376
  0.0552  0.0425  0.0474  0.0489  0.0404  0.0423
niter,ni,del,rscale     5    3   12.0000    1.2000
parameters
   -1.2235    7.7151    7.5817   -7.4619    1.8331   -1.7571
eta,q 0.96697  8.72280
  0.0501  0.0547  0.0402  0.0456  0.0432  0.0408
  0.0411  0.0433  0.0361  0.0386  0.0388  0.0373
  0.0350  0.0360  0.0333  0.0341  0.0347  0.0345
  0.0335  0.0335  0.0337  0.0330  0.0330  0.0330
  0.0361  0.0352  0.0366  0.0354  0.0342  0.0338
  0.0423  0.0394  0.0412  0.0393  0.0372  0.0365
  0.0495  0.0444  0.0455  0.0451  0.0423  0.0408
niter,ni,del,rscale     4    3   12.0000    1.2000
parameters
   -1.1606    7.7074    7.3966   -7.5129    1.8752   -1.7221
eta,q 0.96697  8.72642
  0.0501  0.0495  0.0423  0.0455  0.0427  0.0407
  0.0408  0.0392  0.0380  0.0385  0.0383  0.0372
  0.0345  0.0338  0.0344  0.0339  0.0344  0.0344
  0.0330  0.0330  0.0330  0.0330  0.0330  0.0330
  0.0356  0.0363  0.0349  0.0354  0.0345  0.0339
  0.0416  0.0417  0.0387  0.0392  0.0375  0.0367
  0.0482  0.0471  0.0435  0.0450  0.0428  0.0410
niter,ni,del,rscale     3    3   12.0000    1.2000
parameters
   -1.1425    7.6950    7.3519   -7.5274    1.8842   -1.7137
eta,q 0.96698  8.72765
  0.0498  0.0496  0.0427  0.0456  0.0426  0.0406
  0.0405  0.0392  0.0384  0.0386  0.0382  0.0372
  0.0344  0.0338  0.0347  0.0339  0.0344  0.0344
  0.0330  0.0330  0.0330  0.0330  0.0330  0.0330
  0.0357  0.0363  0.0346  0.0354  0.0345  0.0339
  0.0417  0.0418  0.0383  0.0392  0.0376  0.0367
  0.0483  0.0472  0.0432  0.0449  0.0429  0.0410
registration optimization eta report
parameter search radius
    6.0000    6.0000    6.0000    7.9350    6.0000    6.0000
100000*second partial in parameter space
       44.       42.       27.       19.       26.       21.
  0.0498  0.0496  0.0427  0.0456  0.0426  0.0406
  0.0405  0.0392  0.0384  0.0386  0.0382  0.0372
  0.0344  0.0338  0.0347  0.0339  0.0344  0.0344
  0.0330  0.0330  0.0330  0.0330  0.0330  0.0330
  0.0357  0.0363  0.0346  0.0354  0.0345  0.0339
  0.0417  0.0418  0.0383  0.0392  0.0376  0.0367
  0.0483  0.0472  0.0432  0.0449  0.0429  0.0410
   -1.1425    7.6950    7.3519   -7.5274    1.8842   -1.7137
eta,q 0.96698  8.72765

---------------------------------------------------------------------
imgreg_4dfp /opt/freesurfer/average/711-2C_as_mni_average_305 /opt/freesurfer/average/711-2B_as_mni_average_305_mask talsrcimg_g11 none talsrcimg_to_711-2C_as_mni_average_305_t4 3335
---------------------------------------------------------------------

freesurfer imgreg_4dfp.c
/opt/freesurfer/average/711-2C_as_mni_average_305.4dfp.img
       256       256       256         1
  1.000000  1.000000  1.000000
orientation T byte_order littleendian
Reading image: /opt/freesurfer/average/711-2C_as_mni_average_305.4dfp.img
dimensions:      256       256       256
mmppix:       1.0000   -1.0000   -1.0000
center:     128.0000 -129.0000 -129.0000
/opt/freesurfer/average/711-2B_as_mni_average_305_mask.4dfp.img
       256       256       256         1
  1.000000  1.000000  1.000000
orientation T byte_order littleendian
Reading mask: /opt/freesurfer/average/711-2B_as_mni_average_305_mask.4dfp.img (2306576 pixels)
talsrcimg_g11.4dfp.img
       256       256       256         1
  1.000000  1.000000  1.000000
orientation T byte_order littleendian
Reading image: talsrcimg_g11.4dfp.img
dimensions:      256       256       256
mmppix:       1.0000   -1.0000   -1.0000
center:     128.0000 -129.0000 -129.0000
fimgreg.f
image alignment mode   3335 decimal      D07 hex
parameters
   -1.1425    7.6950    7.3519   -0.0988   -0.9190   -0.9154
    3.3953   -2.8663   -2.9889   13.1917    3.2879  -13.0930
eta,q 0.96743  8.75627
niter,ni,del,rscale     5    3    5.0000    1.2000
parameter  5  1.171514 ->  0.500000 qaram    1.1500
parameter 11 -0.557007 -> -0.500000 qaram    1.1500
parameters
   -1.3516    7.7156    7.6497    1.4135   -5.0590   -3.7507
    4.5915    0.2573   -0.6961   10.9737    7.4279  -13.5388
eta,q 0.97273  8.64385
  0.0353  0.0355  0.0348  0.0350  0.0293  0.0310  0.0327  0.0357  0.0316  0.0292  0.0301  0.0281
  0.0337  0.0339  0.0338  0.0340  0.0297  0.0298  0.0310  0.0332  0.0301  0.0281  0.0291  0.0276
  0.0327  0.0329  0.0330  0.0331  0.0307  0.0291  0.0298  0.0308  0.0289  0.0277  0.0283  0.0274
  0.0326  0.0325  0.0325  0.0325  0.0323  0.0299  0.0292  0.0290  0.0282  0.0279  0.0277  0.0273
  0.0332  0.0329  0.0325  0.0323  0.0347  0.0319  0.0291  0.0282  0.0279  0.0290  0.0273  0.0274
  0.0345  0.0339  0.0330  0.0328  0.0374  0.0342  0.0298  0.0284  0.0283  0.0309  0.0273  0.0278
  0.0364  0.0353  0.0340  0.0337  0.0403  0.0376  0.0310  0.0298  0.0290  0.0334  0.0276  0.0284
niter,ni,del,rscale     6    3    5.0000    1.2000
parameters
   -1.1692    7.3988    6.9190    2.3061   -8.5208   -4.0385
    4.2376   -0.3252   -1.1965   11.1469    8.0084  -14.3837
eta,q 0.97365  8.54391
  0.0314  0.0294  0.0280  0.0299  0.0273  0.0309  0.0289  0.0305  0.0284  0.0296  0.0284  0.0271
  0.0293  0.0280  0.0272  0.0287  0.0266  0.0290  0.0275  0.0283  0.0273  0.0279  0.0274  0.0266
  0.0279  0.0273  0.0269  0.0276  0.0264  0.0271  0.0267  0.0269  0.0266  0.0268  0.0268  0.0264
  0.0273  0.0272  0.0272  0.0269  0.0268  0.0264  0.0264  0.0264  0.0264  0.0264  0.0264  0.0264
  0.0275  0.0279  0.0278  0.0269  0.0280  0.0272  0.0269  0.0272  0.0268  0.0267  0.0264  0.0265
  0.0285  0.0291  0.0289  0.0276  0.0301  0.0292  0.0279  0.0293  0.0277  0.0277  0.0270  0.0269
  0.0303  0.0307  0.0304  0.0290  0.0331  0.0320  0.0294  0.0321  0.0290  0.0294  0.0280  0.0276
niter,ni,del,rscale     5    3    5.0000    1.2000
parameters
   -1.1991    7.5648    6.9833    2.8788   -9.1104   -4.0135
    4.3081   -0.4938   -1.4095   11.4218    8.1118  -14.6410
eta,q 0.97370  8.54134
  0.0299  0.0296  0.0285  0.0292  0.0285  0.0311  0.0291  0.0308  0.0285  0.0296  0.0282  0.0272
  0.0279  0.0278  0.0272  0.0280  0.0274  0.0291  0.0277  0.0285  0.0273  0.0279  0.0272  0.0267
  0.0267  0.0267  0.0265  0.0270  0.0266  0.0272  0.0267  0.0270  0.0265  0.0267  0.0266  0.0264
  0.0264  0.0263  0.0263  0.0264  0.0263  0.0263  0.0263  0.0263  0.0263  0.0263  0.0263  0.0263
  0.0268  0.0266  0.0266  0.0264  0.0266  0.0268  0.0266  0.0268  0.0267  0.0266  0.0264  0.0264
  0.0281  0.0274  0.0272  0.0272  0.0276  0.0288  0.0276  0.0287  0.0275  0.0275  0.0271  0.0268
  0.0300  0.0287  0.0282  0.0286  0.0295  0.0313  0.0290  0.0315  0.0287  0.0291  0.0282  0.0273
niter,ni,del,rscale     4    3    5.0000    1.2000
parameters
   -1.2225    7.6302    7.0024    2.9654   -9.1997   -3.9887
    4.3512   -0.5356   -1.4823   11.5096    8.1276  -14.7235
eta,q 0.97370  8.54168
  0.0298  0.0292  0.0283  0.0289  0.0287  0.0311  0.0291  0.0310  0.0285  0.0294  0.0282  0.0272
  0.0279  0.0276  0.0271  0.0277  0.0276  0.0291  0.0276  0.0286  0.0274  0.0278  0.0272  0.0267
  0.0267  0.0266  0.0265  0.0268  0.0267  0.0271  0.0267  0.0270  0.0266  0.0267  0.0266  0.0264
  0.0263  0.0263  0.0263  0.0263  0.0263  0.0263  0.0263  0.0263  0.0263  0.0263  0.0263  0.0263
  0.0268  0.0266  0.0265  0.0265  0.0265  0.0268  0.0266  0.0267  0.0266  0.0266  0.0264  0.0264
  0.0280  0.0275  0.0272  0.0274  0.0274  0.0288  0.0276  0.0286  0.0274  0.0276  0.0271  0.0267
  0.0299  0.0288  0.0282  0.0290  0.0291  0.0313  0.0290  0.0313  0.0286  0.0293  0.0283  0.0273
niter,ni,del,rscale     3    3    5.0000    1.2000
parameters
   -1.2312    7.6469    7.0076    2.9818   -9.2273   -3.9766
    4.3703   -0.5452   -1.5047   11.5381    8.1298  -14.7499
eta,q 0.97370  8.54164
  0.0299  0.0291  0.0283  0.0288  0.0288  0.0310  0.0290  0.0310  0.0285  0.0294  0.0282  0.0272
  0.0279  0.0275  0.0271  0.0277  0.0276  0.0291  0.0276  0.0287  0.0274  0.0277  0.0272  0.0267
  0.0267  0.0266  0.0265  0.0268  0.0267  0.0271  0.0267  0.0270  0.0266  0.0266  0.0266  0.0264
  0.0263  0.0263  0.0263  0.0263  0.0263  0.0263  0.0263  0.0263  0.0263  0.0263  0.0263  0.0263
  0.0267  0.0267  0.0266  0.0265  0.0265  0.0268  0.0266  0.0267  0.0266  0.0266  0.0264  0.0264
  0.0280  0.0276  0.0272  0.0274  0.0273  0.0288  0.0276  0.0285  0.0274  0.0277  0.0271  0.0267
  0.0299  0.0289  0.0282  0.0291  0.0290  0.0313  0.0290  0.0312  0.0286  0.0293  0.0283  0.0273
registration optimization eta report
parameter search radius
    2.4000    2.4000    2.4000    7.2000    8.2800    7.2000
    7.2000    7.2000    7.2000    7.2000    8.2800    7.2000
100000*second partial in parameter space
       62.       47.       34.        5.        4.        9.
        5.        9.        4.        6.        3.        2.
  0.0299  0.0291  0.0283  0.0288  0.0288  0.0310  0.0290  0.0310  0.0285  0.0294  0.0282  0.0272
  0.0279  0.0275  0.0271  0.0277  0.0276  0.0291  0.0276  0.0287  0.0274  0.0277  0.0272  0.0267
  0.0267  0.0266  0.0265  0.0268  0.0267  0.0271  0.0267  0.0270  0.0266  0.0266  0.0266  0.0264
  0.0263  0.0263  0.0263  0.0263  0.0263  0.0263  0.0263  0.0263  0.0263  0.0263  0.0263  0.0263
  0.0267  0.0267  0.0266  0.0265  0.0265  0.0268  0.0266  0.0267  0.0266  0.0266  0.0264  0.0264
  0.0280  0.0276  0.0272  0.0274  0.0273  0.0288  0.0276  0.0285  0.0274  0.0277  0.0271  0.0267
  0.0299  0.0289  0.0282  0.0291  0.0290  0.0313  0.0290  0.0312  0.0286  0.0293  0.0283  0.0273
   -1.2312    7.6469    7.0076    2.9818   -9.2273   -3.9766
    4.3703   -0.5452   -1.5047   11.5381    8.1298  -14.7499
eta,q 0.97370  8.54164

---------------------------------------------------------------------
imgreg_4dfp /opt/freesurfer/average/711-2C_as_mni_average_305 /opt/freesurfer/average/711-2B_as_mni_average_305_mask talsrcimg_g11 none talsrcimg_to_711-2C_as_mni_average_305_t4 2311
---------------------------------------------------------------------

freesurfer imgreg_4dfp.c
/opt/freesurfer/average/711-2C_as_mni_average_305.4dfp.img
       256       256       256         1
  1.000000  1.000000  1.000000
orientation T byte_order littleendian
Reading image: /opt/freesurfer/average/711-2C_as_mni_average_305.4dfp.img
dimensions:      256       256       256
mmppix:       1.0000   -1.0000   -1.0000
center:     128.0000 -129.0000 -129.0000
/opt/freesurfer/average/711-2B_as_mni_average_305_mask.4dfp.img
       256       256       256         1
  1.000000  1.000000  1.000000
orientation T byte_order littleendian
Reading mask: /opt/freesurfer/average/711-2B_as_mni_average_305_mask.4dfp.img (2306576 pixels)
talsrcimg_g11.4dfp.img
       256       256       256         1
  1.000000  1.000000  1.000000
orientation T byte_order littleendian
Reading image: talsrcimg_g11.4dfp.img
dimensions:      256       256       256
mmppix:       1.0000   -1.0000   -1.0000
center:     128.0000 -129.0000 -129.0000
fimgreg.f
image alignment mode   2311 decimal      907 hex
parameters
   -1.2312    7.6469    7.0076    2.9818   -9.2273   -3.9766
    4.3703   -0.5452   -1.5047   11.5381    8.1298  -14.7499
eta,q 0.97370  8.54164
niter,ni,del,rscale     5    3    5.0000    0.8000
parameters
   -1.2454    7.5929    6.9612    3.2869   -8.8244   -3.8730
    4.3969   -0.4285   -1.5049   11.4768    8.2741  -14.8995
eta,q 0.97376  8.56797
  0.0279  0.0275  0.0271  0.0277  0.0273  0.0290  0.0276  0.0286  0.0274  0.0276  0.0269  0.0266
  0.0270  0.0268  0.0266  0.0270  0.0268  0.0276  0.0269  0.0274  0.0268  0.0268  0.0266  0.0264
  0.0265  0.0264  0.0264  0.0265  0.0264  0.0267  0.0264  0.0266  0.0264  0.0264  0.0264  0.0263
  0.0263  0.0263  0.0263  0.0263  0.0263  0.0263  0.0263  0.0263  0.0262  0.0262  0.0262  0.0262
  0.0265  0.0265  0.0264  0.0263  0.0263  0.0264  0.0264  0.0264  0.0264  0.0264  0.0263  0.0263
  0.0271  0.0269  0.0267  0.0267  0.0266  0.0274  0.0269  0.0272  0.0268  0.0269  0.0265  0.0264
  0.0279  0.0276  0.0272  0.0274  0.0270  0.0289  0.0276  0.0285  0.0273  0.0277  0.0269  0.0267
niter,ni,del,rscale     4    3    5.0000    0.7000
parameters
   -1.2382    7.5679    6.9424    3.2579   -8.7811   -3.8738
    4.4135   -0.4013   -1.5189   11.4774    8.3135  -14.9022
eta,q 0.97376  8.56895
  0.0275  0.0272  0.0269  0.0272  0.0269  0.0284  0.0273  0.0280  0.0271  0.0273  0.0268  0.0266
  0.0268  0.0266  0.0265  0.0267  0.0266  0.0272  0.0267  0.0271  0.0266  0.0267  0.0265  0.0264
  0.0264  0.0263  0.0263  0.0264  0.0263  0.0265  0.0264  0.0265  0.0263  0.0264  0.0263  0.0263
  0.0262  0.0262  0.0262  0.0262  0.0262  0.0262  0.0262  0.0262  0.0262  0.0262  0.0262  0.0262
  0.0264  0.0264  0.0263  0.0263  0.0263  0.0264  0.0263  0.0264  0.0264  0.0264  0.0263  0.0263
  0.0268  0.0267  0.0266  0.0267  0.0265  0.0272  0.0267  0.0270  0.0266  0.0267  0.0265  0.0264
  0.0275  0.0272  0.0269  0.0273  0.0269  0.0284  0.0273  0.0281  0.0271  0.0273  0.0268  0.0266
niter,ni,del,rscale     3    3    5.0000    0.6000
parameters
   -1.2389    7.5596    6.9203    3.2968   -8.7496   -3.8875
    4.4321   -0.3563   -1.5458   11.4720    8.3547  -14.9652
eta,q 0.97377  8.57113
  0.0272  0.0270  0.0267  0.0270  0.0268  0.0278  0.0270  0.0276  0.0269  0.0270  0.0266  0.0265
  0.0266  0.0265  0.0264  0.0266  0.0265  0.0270  0.0266  0.0269  0.0265  0.0266  0.0264  0.0263
  0.0263  0.0263  0.0263  0.0263  0.0263  0.0265  0.0263  0.0264  0.0263  0.0263  0.0263  0.0262
  0.0262  0.0262  0.0262  0.0262  0.0262  0.0262  0.0262  0.0262  0.0262  0.0262  0.0262  0.0262
  0.0263  0.0263  0.0263  0.0263  0.0263  0.0263  0.0263  0.0263  0.0263  0.0263  0.0263  0.0263
  0.0267  0.0266  0.0265  0.0266  0.0265  0.0269  0.0266  0.0268  0.0265  0.0266  0.0264  0.0263
  0.0272  0.0270  0.0267  0.0270  0.0268  0.0279  0.0270  0.0276  0.0269  0.0270  0.0266  0.0265
niter,ni,del,rscale     2    3    5.0000    0.5000
parameters
   -1.2368    7.5511    6.8967    3.3366   -8.7176   -3.8813
    4.4418   -0.3130   -1.5592   11.4636    8.3874  -15.0052
eta,q 0.97378  8.57351
  0.0269  0.0267  0.0266  0.0268  0.0266  0.0273  0.0268  0.0272  0.0267  0.0268  0.0265  0.0264
  0.0265  0.0264  0.0264  0.0265  0.0264  0.0268  0.0265  0.0267  0.0264  0.0265  0.0264  0.0263
  0.0263  0.0263  0.0263  0.0263  0.0263  0.0264  0.0263  0.0264  0.0263  0.0263  0.0263  0.0262
  0.0262  0.0262  0.0262  0.0262  0.0262  0.0262  0.0262  0.0262  0.0262  0.0262  0.0262  0.0262
  0.0263  0.0263  0.0263  0.0263  0.0263  0.0263  0.0263  0.0263  0.0263  0.0263  0.0262  0.0262
  0.0265  0.0265  0.0264  0.0265  0.0264  0.0267  0.0265  0.0266  0.0264  0.0265  0.0263  0.0263
  0.0269  0.0267  0.0266  0.0268  0.0266  0.0274  0.0268  0.0272  0.0267  0.0268  0.0265  0.0264
niter,ni,del,rscale     1    3    5.0000    0.4000
parameters
   -1.2317    7.5436    6.8812    3.3597   -8.7031   -3.8334
    4.4729   -0.2654   -1.5853   11.4604    8.3988  -15.0799
eta,q 0.97378  8.57560
  0.0267  0.0265  0.0264  0.0266  0.0265  0.0269  0.0266  0.0268  0.0265  0.0266  0.0264  0.0263
  0.0264  0.0264  0.0263  0.0264  0.0263  0.0266  0.0264  0.0265  0.0263  0.0264  0.0263  0.0263
  0.0263  0.0263  0.0262  0.0263  0.0263  0.0264  0.0263  0.0263  0.0263  0.0263  0.0262  0.0262
  0.0262  0.0262  0.0262  0.0262  0.0262  0.0262  0.0262  0.0262  0.0262  0.0262  0.0262  0.0262
  0.0263  0.0263  0.0263  0.0263  0.0262  0.0262  0.0263  0.0263  0.0263  0.0263  0.0262  0.0262
  0.0264  0.0264  0.0263  0.0264  0.0263  0.0265  0.0264  0.0265  0.0264  0.0264  0.0263  0.0263
  0.0266  0.0266  0.0264  0.0266  0.0265  0.0270  0.0266  0.0268  0.0265  0.0266  0.0264  0.0263
registration optimization eta report
parameter search radius
    0.8000    0.8000    0.8000    2.4000    2.4000    2.4000
    2.4000    2.4000    2.4000    2.4000    2.4000    2.4000
100000*second partial in parameter space
       66.       51.       34.        6.        4.       13.
        6.       10.        5.        6.        3.        2.
  0.0267  0.0265  0.0264  0.0266  0.0265  0.0269  0.0266  0.0268  0.0265  0.0266  0.0264  0.0263
  0.0264  0.0264  0.0263  0.0264  0.0263  0.0266  0.0264  0.0265  0.0263  0.0264  0.0263  0.0263
  0.0263  0.0263  0.0262  0.0263  0.0263  0.0264  0.0263  0.0263  0.0263  0.0263  0.0262  0.0262
  0.0262  0.0262  0.0262  0.0262  0.0262  0.0262  0.0262  0.0262  0.0262  0.0262  0.0262  0.0262
  0.0263  0.0263  0.0263  0.0263  0.0262  0.0262  0.0263  0.0263  0.0263  0.0263  0.0262  0.0262
  0.0264  0.0264  0.0263  0.0264  0.0263  0.0265  0.0264  0.0265  0.0264  0.0264  0.0263  0.0263
  0.0266  0.0266  0.0264  0.0266  0.0265  0.0270  0.0266  0.0268  0.0265  0.0266  0.0264  0.0263
   -1.2317    7.5436    6.8812    3.3597   -8.7031   -3.8334
    4.4729   -0.2654   -1.5853   11.4604    8.3988  -15.0799
eta,q 0.97378  8.57560

---------------------------------------------------------------------
imgreg_4dfp /opt/freesurfer/average/711-2C_as_mni_average_305 /opt/freesurfer/average/711-2B_as_mni_average_305_mask talsrcimg_g11 none talsrcimg_to_711-2C_as_mni_average_305_t4 2311
---------------------------------------------------------------------

freesurfer imgreg_4dfp.c
/opt/freesurfer/average/711-2C_as_mni_average_305.4dfp.img
       256       256       256         1
  1.000000  1.000000  1.000000
orientation T byte_order littleendian
Reading image: /opt/freesurfer/average/711-2C_as_mni_average_305.4dfp.img
dimensions:      256       256       256
mmppix:       1.0000   -1.0000   -1.0000
center:     128.0000 -129.0000 -129.0000
/opt/freesurfer/average/711-2B_as_mni_average_305_mask.4dfp.img
       256       256       256         1
  1.000000  1.000000  1.000000
orientation T byte_order littleendian
Reading mask: /opt/freesurfer/average/711-2B_as_mni_average_305_mask.4dfp.img (2306576 pixels)
talsrcimg_g11.4dfp.img
       256       256       256         1
  1.000000  1.000000  1.000000
orientation T byte_order littleendian
Reading image: talsrcimg_g11.4dfp.img
dimensions:      256       256       256
mmppix:       1.0000   -1.0000   -1.0000
center:     128.0000 -129.0000 -129.0000
fimgreg.f
image alignment mode   2311 decimal      907 hex
parameters
   -1.2317    7.5436    6.8812    3.3597   -8.7031   -3.8334
    4.4729   -0.2654   -1.5853   11.4604    8.3988  -15.0799
eta,q 0.97378  8.57559
niter,ni,del,rscale     5    3    5.0000    0.8000
parameters
   -1.2213    7.5869    6.9376    3.1682   -8.8227   -3.8779
    4.4249   -0.4437   -1.5390   11.5194    8.2905  -14.9063
eta,q 0.97375  8.56484
  0.0279  0.0276  0.0272  0.0274  0.0271  0.0289  0.0275  0.0284  0.0274  0.0277  0.0269  0.0267
  0.0270  0.0268  0.0266  0.0268  0.0266  0.0275  0.0268  0.0272  0.0268  0.0269  0.0265  0.0264
  0.0264  0.0264  0.0263  0.0264  0.0263  0.0266  0.0264  0.0265  0.0264  0.0264  0.0263  0.0263
  0.0262  0.0262  0.0262  0.0262  0.0262  0.0262  0.0262  0.0262  0.0262  0.0262  0.0262  0.0262
  0.0264  0.0264  0.0263  0.0264  0.0263  0.0265  0.0264  0.0265  0.0264  0.0264  0.0263  0.0263
  0.0270  0.0268  0.0266  0.0269  0.0267  0.0276  0.0269  0.0274  0.0267  0.0269  0.0266  0.0264
  0.0279  0.0274  0.0270  0.0277  0.0272  0.0290  0.0276  0.0288  0.0273  0.0276  0.0270  0.0266
niter,ni,del,rscale     4    3    5.0000    0.7000
parameters
   -1.2391    7.5732    6.9364    3.2596   -8.7852   -3.8806
    4.4240   -0.4024   -1.5355   11.4794    8.3194  -14.9021
eta,q 0.97376  8.56865
  0.0275  0.0272  0.0269  0.0273  0.0269  0.0284  0.0273  0.0280  0.0271  0.0273  0.0268  0.0266
  0.0268  0.0267  0.0265  0.0268  0.0266  0.0272  0.0267  0.0271  0.0266  0.0267  0.0265  0.0264
  0.0264  0.0263  0.0263  0.0264  0.0263  0.0265  0.0264  0.0265  0.0263  0.0264  0.0263  0.0263
  0.0262  0.0262  0.0262  0.0262  0.0262  0.0262  0.0262  0.0262  0.0262  0.0262  0.0262  0.0262
  0.0264  0.0264  0.0263  0.0263  0.0263  0.0264  0.0264  0.0264  0.0263  0.0264  0.0263  0.0263
  0.0268  0.0267  0.0266  0.0267  0.0265  0.0272  0.0267  0.0270  0.0266  0.0267  0.0265  0.0264
  0.0275  0.0272  0.0269  0.0272  0.0269  0.0284  0.0273  0.0281  0.0271  0.0274  0.0268  0.0266
niter,ni,del,rscale     3    3    5.0000    0.6000
parameters
   -1.2387    7.5597    6.9197    3.3014   -8.7450   -3.8905
    4.4348   -0.3569   -1.5444   11.4696    8.3589  -14.9700
eta,q 0.97377  8.57138
  0.0272  0.0269  0.0267  0.0270  0.0268  0.0278  0.0270  0.0276  0.0269  0.0270  0.0266  0.0265
  0.0266  0.0265  0.0264  0.0266  0.0265  0.0270  0.0266  0.0269  0.0265  0.0266  0.0264  0.0263
  0.0263  0.0263  0.0263  0.0263  0.0263  0.0265  0.0263  0.0264  0.0263  0.0263  0.0263  0.0262
  0.0262  0.0262  0.0262  0.0262  0.0262  0.0262  0.0262  0.0262  0.0262  0.0262  0.0262  0.0262
  0.0263  0.0263  0.0263  0.0263  0.0263  0.0263  0.0263  0.0263  0.0263  0.0263  0.0263  0.0263
  0.0267  0.0266  0.0265  0.0266  0.0265  0.0269  0.0266  0.0268  0.0265  0.0266  0.0264  0.0263
  0.0272  0.0270  0.0267  0.0270  0.0267  0.0279  0.0270  0.0276  0.0269  0.0270  0.0266  0.0265
niter,ni,del,rscale     2    3    5.0000    0.5000
parameters
   -1.2357    7.5532    6.8971    3.3408   -8.7234   -3.8801
    4.4536   -0.3147   -1.5650   11.4668    8.3954  -15.0158
eta,q 0.97377  8.57348
  0.0269  0.0267  0.0266  0.0268  0.0266  0.0273  0.0268  0.0272  0.0267  0.0268  0.0265  0.0264
  0.0265  0.0264  0.0264  0.0265  0.0264  0.0268  0.0265  0.0267  0.0264  0.0265  0.0264  0.0263
  0.0263  0.0263  0.0263  0.0263  0.0263  0.0264  0.0263  0.0264  0.0263  0.0263  0.0263  0.0262
  0.0262  0.0262  0.0262  0.0262  0.0262  0.0262  0.0262  0.0262  0.0262  0.0262  0.0262  0.0262
  0.0263  0.0263  0.0263  0.0263  0.0263  0.0263  0.0263  0.0263  0.0263  0.0263  0.0262  0.0263
  0.0265  0.0265  0.0264  0.0265  0.0264  0.0267  0.0265  0.0266  0.0264  0.0265  0.0263  0.0263
  0.0269  0.0267  0.0266  0.0268  0.0266  0.0274  0.0268  0.0272  0.0267  0.0268  0.0265  0.0264
niter,ni,del,rscale     1    3    5.0000    0.4000
parameters
   -1.2333    7.5459    6.8782    3.3610   -8.7100   -3.8319
    4.4783   -0.2687   -1.5925   11.4661    8.3913  -15.1151
eta,q 0.97378  8.57555
  0.0266  0.0265  0.0264  0.0266  0.0265  0.0269  0.0266  0.0268  0.0265  0.0266  0.0264  0.0263
  0.0264  0.0264  0.0263  0.0264  0.0263  0.0266  0.0264  0.0265  0.0263  0.0264  0.0263  0.0263
  0.0263  0.0263  0.0262  0.0263  0.0263  0.0264  0.0263  0.0263  0.0263  0.0263  0.0262  0.0262
  0.0262  0.0262  0.0262  0.0262  0.0262  0.0262  0.0262  0.0262  0.0262  0.0262  0.0262  0.0262
  0.0263  0.0263  0.0263  0.0263  0.0262  0.0262  0.0263  0.0263  0.0263  0.0263  0.0262  0.0262
  0.0264  0.0264  0.0263  0.0264  0.0263  0.0265  0.0264  0.0265  0.0264  0.0264  0.0263  0.0263
  0.0266  0.0266  0.0265  0.0266  0.0265  0.0270  0.0266  0.0268  0.0265  0.0266  0.0264  0.0263
registration optimization eta report
parameter search radius
    0.8000    0.8000    0.8000    2.4000    2.4000    2.4000
    2.4000    2.4000    2.4000    2.4000    2.4000    2.4000
100000*second partial in parameter space
       65.       50.       34.        6.        4.       13.
        6.       10.        5.        6.        3.        2.
  0.0266  0.0265  0.0264  0.0266  0.0265  0.0269  0.0266  0.0268  0.0265  0.0266  0.0264  0.0263
  0.0264  0.0264  0.0263  0.0264  0.0263  0.0266  0.0264  0.0265  0.0263  0.0264  0.0263  0.0263
  0.0263  0.0263  0.0262  0.0263  0.0263  0.0264  0.0263  0.0263  0.0263  0.0263  0.0262  0.0262
  0.0262  0.0262  0.0262  0.0262  0.0262  0.0262  0.0262  0.0262  0.0262  0.0262  0.0262  0.0262
  0.0263  0.0263  0.0263  0.0263  0.0262  0.0262  0.0263  0.0263  0.0263  0.0263  0.0262  0.0262
  0.0264  0.0264  0.0263  0.0264  0.0263  0.0265  0.0264  0.0265  0.0264  0.0264  0.0263  0.0263
  0.0266  0.0266  0.0265  0.0266  0.0265  0.0270  0.0266  0.0268  0.0265  0.0266  0.0264  0.0263
   -1.2333    7.5459    6.8782    3.3610   -8.7100   -3.8319
    4.4783   -0.2687   -1.5925   11.4661    8.3913  -15.1151
eta,q 0.97378  8.57555

---------------------------------------------------------------------
compute_vox2vox talsrcimg talsrcimg_to_711-2C_as_mni_average_305_t4 /opt/freesurfer/average/711-2C_as_mni_average_305
---------------------------------------------------------------------

freesurfer compute_vox2vox.c
Reading: talsrcimg.4dfp.ifh
Reading: talsrcimg_to_711-2C_as_mni_average_305_t4
Reading: /opt/freesurfer/average/711-2C_as_mni_average_305.4dfp.ifh
Writing: talsrcimg_to_711-2C_as_mni_average_305_t4_vox2vox.txt

start time Tue Mar 10 22:33:23 CET 2026
end		time Tue Mar 10 22:34:50 CET 2026

mpr2mni305 success

avi2talxfm orig_nu.mgz /opt/freesurfer/average/mni305.cor.mgz talsrcimg_to_711-2C_as_mni_average_305_t4_vox2vox.txt transforms/talairach.auto.xfm
avi2talxfm done
mv -f /out/sourcedata/freesurfer/sub-v2s12x28864_ses-1/mri/talsrcimg_to_711-2C_as_mni_average_305_t4_vox2vox.txt /out/sourcedata/freesurfer/sub-v2s12x28864_ses-1/mri/transforms/talsrcimg_to_711-2C_as_mni_average_305_t4_vox2vox.txt
lta_convert --src orig_nu.mgz --trg /opt/freesurfer/average/mni305.cor.mgz --inxfm transforms/talairach.auto.xfm --outlta transforms/talairach.auto.xfm.lta --subject fsaverage
7.3.2

--src: orig_nu.mgz src image (geometry).
--trg: /opt/freesurfer/average/mni305.cor.mgz trg image (geometry).
--inmni: transforms/talairach.auto.xfm input MNI/XFM transform.
--outlta: transforms/talairach.auto.xfm.lta output LTA.
--s: fsaverage subject name
 LTA read, type : 1
 0.96611   0.00819  -0.04604  -1.67329;
-0.08007   1.01904   0.17265  -16.12527;
 0.02691  -0.12785   1.07292   12.22662;
 0.00000   0.00000   0.00000   1.00000;
setting subject to fsaverage
Writing  LTA to file transforms/talairach.auto.xfm.lta...
lta_convert successful.
 
 
Started at Tue Mar 10 22:33:22 CET 2026
Ended   at Tue Mar 10 22:34:50 CET 2026
talairach_avi done
