status file for recon-all
Wed Mar 11 04:42:51 CET 2026
#@# Tessellate lh Wed Mar 11 04:42:51 CET 2026
#@# Smooth1 lh Wed Mar 11 04:42:55 CET 2026
#@# Inflation1 lh Wed Mar 11 04:42:57 CET 2026
#@# QSphere lh Wed Mar 11 04:43:10 CET 2026
#@# Fix Topology lh Wed Mar 11 04:44:30 CET 2026
#@# Smooth2 lh Wed Mar 11 04:50:32 CET 2026
#@# Inflation2 lh Wed Mar 11 04:50:35 CET 2026
#@# Curv .H and .K lh Wed Mar 11 04:50:50 CET 2026
#@# Sphere lh Wed Mar 11 04:51:40 CET 2026
#@# Surf Reg lh Wed Mar 11 04:54:06 CET 2026
#@# Jacobian white lh Wed Mar 11 04:58:21 CET 2026
#@# AvgCurv lh Wed Mar 11 04:58:22 CET 2026
#@# Cortical Parc lh Wed Mar 11 04:58:23 CET 2026
#@# white curv lh Wed Mar 11 05:05:10 CET 2026
#@# white area lh Wed Mar 11 05:05:12 CET 2026
#@# pial curv lh Wed Mar 11 05:05:13 CET 2026
#@# pial area lh Wed Mar 11 05:05:14 CET 2026
#@# thickness lh Wed Mar 11 05:05:15 CET 2026
#@# area and vertex vol lh Wed Mar 11 05:05:46 CET 2026
#@# Curvature Stats lh Wed Mar 11 05:05:47 CET 2026
#@# Cortical Parc 2 lh Wed Mar 11 05:05:50 CET 2026
#@# Cortical Parc 3 lh Wed Mar 11 05:06:05 CET 2026
#@# WM/GM Contrast lh Wed Mar 11 05:06:15 CET 2026
recon-all -s sub-v2s12x28908_ses-1 finished without error at Wed Mar 11 05:06:18 CET 2026



#New# invocation of recon-all 



status file for recon-all
Wed Mar 11 05:35:56 CET 2026
#@# white curv lh Wed Mar 11 05:35:56 CET 2026
#@# white area lh Wed Mar 11 05:35:56 CET 2026
#@# pial curv lh Wed Mar 11 05:35:56 CET 2026
#@# pial area lh Wed Mar 11 05:35:56 CET 2026
#@# thickness lh Wed Mar 11 05:35:56 CET 2026
#@# area and vertex vol lh Wed Mar 11 05:35:56 CET 2026
#@# Parcellation Stats lh Wed Mar 11 05:35:56 CET 2026
#@# Parcellation Stats 2 lh Wed Mar 11 05:36:16 CET 2026
#@# Parcellation Stats 3 lh Wed Mar 11 05:36:26 CET 2026
#@# BA_exvivo Labels lh Wed Mar 11 05:36:36 CET 2026
recon-all -s sub-v2s12x28908_ses-1 finished without error at Wed Mar 11 05:39:19 CET 2026
