status file for recon-all
Wed Mar 11 02:57:30 CET 2026
#@# MotionCor Wed Mar 11 02:57:32 CET 2026
#@# Talairach Wed Mar 11 02:57:40 CET 2026
#@# Talairach Failure Detection Wed Mar 11 03:02:07 CET 2026
#@# Nu Intensity Correction Wed Mar 11 03:02:07 CET 2026
#@# Intensity Normalization Wed Mar 11 03:05:23 CET 2026
recon-all -s sub-v2s12x28908_ses-1 finished without error at Wed Mar 11 03:06:57 CET 2026



#New# invocation of recon-all 



status file for recon-all
Wed Mar 11 03:14:31 CET 2026
#@# EM Registration Wed Mar 11 03:14:31 CET 2026
recon-all -s sub-v2s12x28908_ses-1 finished without error at Wed Mar 11 03:17:20 CET 2026



#New# invocation of recon-all 



status file for recon-all
Wed Mar 11 03:17:21 CET 2026
#@# CA Normalize Wed Mar 11 03:17:21 CET 2026
#@# CA Reg Wed Mar 11 03:18:41 CET 2026
#@# SubCort Seg Wed Mar 11 04:06:55 CET 2026
#@# CC Seg Wed Mar 11 04:36:55 CET 2026
#@# Merge ASeg Wed Mar 11 04:37:37 CET 2026
#@# Intensity Normalization2 Wed Mar 11 04:37:37 CET 2026
#@# Mask BFS Wed Mar 11 04:39:49 CET 2026
#@# WM Segmentation Wed Mar 11 04:39:50 CET 2026
#@# Fill Wed Mar 11 04:41:42 CET 2026
recon-all -s sub-v2s12x28908_ses-1 finished without error at Wed Mar 11 04:42:45 CET 2026



#New# invocation of recon-all 



status file for recon-all
Wed Mar 11 05:30:32 CET 2026
#@# white curv lh Wed Mar 11 05:30:32 CET 2026
#@# white area lh Wed Mar 11 05:30:32 CET 2026
#@# pial curv lh Wed Mar 11 05:30:32 CET 2026
#@# pial area lh Wed Mar 11 05:30:32 CET 2026
#@# thickness lh Wed Mar 11 05:30:32 CET 2026
#@# area and vertex vol lh Wed Mar 11 05:30:32 CET 2026
#@# white curv rh Wed Mar 11 05:30:32 CET 2026
#@# white area rh Wed Mar 11 05:30:32 CET 2026
#@# pial curv rh Wed Mar 11 05:30:32 CET 2026
#@# pial area rh Wed Mar 11 05:30:32 CET 2026
#@# thickness rh Wed Mar 11 05:30:32 CET 2026
#@# area and vertex vol rh Wed Mar 11 05:30:32 CET 2026
#@# Cortical ribbon mask Wed Mar 11 05:30:32 CET 2026
recon-all -s sub-v2s12x28908_ses-1 finished without error at Wed Mar 11 05:35:52 CET 2026



#New# invocation of recon-all 



status file for recon-all
Wed Mar 11 05:42:52 CET 2026
#@# white curv lh Wed Mar 11 05:42:52 CET 2026
#@# white area lh Wed Mar 11 05:42:52 CET 2026
#@# pial curv lh Wed Mar 11 05:42:52 CET 2026
#@# pial area lh Wed Mar 11 05:42:52 CET 2026
#@# thickness lh Wed Mar 11 05:42:52 CET 2026
#@# area and vertex vol lh Wed Mar 11 05:42:52 CET 2026
#@# white curv rh Wed Mar 11 05:42:52 CET 2026
#@# white area rh Wed Mar 11 05:42:52 CET 2026
#@# pial curv rh Wed Mar 11 05:42:52 CET 2026
#@# pial area rh Wed Mar 11 05:42:52 CET 2026
#@# thickness rh Wed Mar 11 05:42:52 CET 2026
#@# area and vertex vol rh Wed Mar 11 05:42:52 CET 2026
#@# Curvature Stats lh Wed Mar 11 05:42:52 CET 2026
#@# Curvature Stats rh Wed Mar 11 05:42:54 CET 2026
#@# Relabel Hypointensities Wed Mar 11 05:42:57 CET 2026
#@# APas-to-ASeg Wed Mar 11 05:43:13 CET 2026
#@# AParc-to-ASeg aparc Wed Mar 11 05:43:22 CET 2026
#@# AParc-to-ASeg aparc.a2009s Wed Mar 11 05:43:58 CET 2026
#@# AParc-to-ASeg aparc.DKTatlas Wed Mar 11 05:44:42 CET 2026
#@# WMParc Wed Mar 11 05:45:26 CET 2026
#@# ASeg Stats Wed Mar 11 05:49:01 CET 2026
recon-all -s sub-v2s12x28908_ses-1 finished without error at Wed Mar 11 05:49:40 CET 2026
