status file for recon-all
Wed Mar 11 00:18:09 CET 2026
#@# Tessellate lh Wed Mar 11 00:18:09 CET 2026
#@# Smooth1 lh Wed Mar 11 00:18:13 CET 2026
#@# Inflation1 lh Wed Mar 11 00:18:16 CET 2026
#@# QSphere lh Wed Mar 11 00:18:31 CET 2026
#@# Fix Topology lh Wed Mar 11 00:19:41 CET 2026
#@# Smooth2 lh Wed Mar 11 00:26:49 CET 2026
#@# Inflation2 lh Wed Mar 11 00:26:53 CET 2026
#@# Curv .H and .K lh Wed Mar 11 00:27:12 CET 2026
#@# Sphere lh Wed Mar 11 00:28:07 CET 2026
#@# Surf Reg lh Wed Mar 11 00:30:45 CET 2026
#@# Jacobian white lh Wed Mar 11 00:36:07 CET 2026
#@# AvgCurv lh Wed Mar 11 00:36:08 CET 2026
#@# Cortical Parc lh Wed Mar 11 00:36:09 CET 2026
#@# white curv lh Wed Mar 11 00:43:40 CET 2026
#@# white area lh Wed Mar 11 00:43:42 CET 2026
#@# pial curv lh Wed Mar 11 00:43:43 CET 2026
#@# pial area lh Wed Mar 11 00:43:45 CET 2026
#@# thickness lh Wed Mar 11 00:43:46 CET 2026
#@# area and vertex vol lh Wed Mar 11 00:44:21 CET 2026
#@# Curvature Stats lh Wed Mar 11 00:44:23 CET 2026
#@# Cortical Parc 2 lh Wed Mar 11 00:44:26 CET 2026
#@# Cortical Parc 3 lh Wed Mar 11 00:44:41 CET 2026
#@# WM/GM Contrast lh Wed Mar 11 00:44:52 CET 2026
recon-all -s sub-v2s12x28861_ses-1 finished without error at Wed Mar 11 00:44:55 CET 2026



#New# invocation of recon-all 



status file for recon-all
Wed Mar 11 01:22:39 CET 2026
#@# white curv lh Wed Mar 11 01:22:39 CET 2026
#@# white area lh Wed Mar 11 01:22:39 CET 2026
#@# pial curv lh Wed Mar 11 01:22:39 CET 2026
#@# pial area lh Wed Mar 11 01:22:39 CET 2026
#@# thickness lh Wed Mar 11 01:22:39 CET 2026
#@# area and vertex vol lh Wed Mar 11 01:22:39 CET 2026
#@# Parcellation Stats lh Wed Mar 11 01:22:40 CET 2026
#@# Parcellation Stats 2 lh Wed Mar 11 01:23:05 CET 2026
#@# Parcellation Stats 3 lh Wed Mar 11 01:23:18 CET 2026
#@# BA_exvivo Labels lh Wed Mar 11 01:23:31 CET 2026
recon-all -s sub-v2s12x28861_ses-1 finished without error at Wed Mar 11 01:26:27 CET 2026
