status file for recon-all
Wed Mar 11 00:44:59 CET 2026
#@# Tessellate rh Wed Mar 11 00:44:59 CET 2026
#@# Smooth1 rh Wed Mar 11 00:45:03 CET 2026
#@# Inflation1 rh Wed Mar 11 00:45:06 CET 2026
#@# QSphere rh Wed Mar 11 00:45:20 CET 2026
#@# Fix Topology rh Wed Mar 11 00:46:33 CET 2026
#@# Smooth2 rh Wed Mar 11 00:53:39 CET 2026
#@# Inflation2 rh Wed Mar 11 00:53:43 CET 2026
#@# Curv .H and .K rh Wed Mar 11 00:53:58 CET 2026
#@# Sphere rh Wed Mar 11 00:54:55 CET 2026
#@# Surf Reg rh Wed Mar 11 00:59:01 CET 2026
#@# Jacobian white rh Wed Mar 11 01:04:43 CET 2026
#@# AvgCurv rh Wed Mar 11 01:04:44 CET 2026
#@# Cortical Parc rh Wed Mar 11 01:04:45 CET 2026
#@# white curv rh Wed Mar 11 01:12:43 CET 2026
#@# white area rh Wed Mar 11 01:12:44 CET 2026
#@# pial curv rh Wed Mar 11 01:12:45 CET 2026
#@# pial area rh Wed Mar 11 01:12:47 CET 2026
#@# thickness rh Wed Mar 11 01:12:48 CET 2026
#@# area and vertex vol rh Wed Mar 11 01:13:24 CET 2026
#@# Curvature Stats rh Wed Mar 11 01:13:26 CET 2026
#@# Cortical Parc 2 rh Wed Mar 11 01:13:29 CET 2026
#@# Cortical Parc 3 rh Wed Mar 11 01:13:44 CET 2026
#@# WM/GM Contrast rh Wed Mar 11 01:13:56 CET 2026
recon-all -s sub-v2s12x28861_ses-1 finished without error at Wed Mar 11 01:13:59 CET 2026



#New# invocation of recon-all 



status file for recon-all
Wed Mar 11 01:26:29 CET 2026
#@# white curv rh Wed Mar 11 01:26:30 CET 2026
#@# white area rh Wed Mar 11 01:26:30 CET 2026
#@# pial curv rh Wed Mar 11 01:26:30 CET 2026
#@# pial area rh Wed Mar 11 01:26:30 CET 2026
#@# thickness rh Wed Mar 11 01:26:30 CET 2026
#@# area and vertex vol rh Wed Mar 11 01:26:30 CET 2026
#@# Parcellation Stats rh Wed Mar 11 01:26:30 CET 2026
#@# Parcellation Stats 2 rh Wed Mar 11 01:26:55 CET 2026
#@# Parcellation Stats 3 rh Wed Mar 11 01:27:09 CET 2026
#@# BA_exvivo Labels rh Wed Mar 11 01:27:22 CET 2026
recon-all -s sub-v2s12x28861_ses-1 finished without error at Wed Mar 11 01:30:22 CET 2026
