status file for recon-all
Tue Mar 10 22:29:12 CET 2026
#@# MotionCor Tue Mar 10 22:29:14 CET 2026
#@# Talairach Tue Mar 10 22:29:22 CET 2026
#@# Talairach Failure Detection Tue Mar 10 22:33:45 CET 2026
#@# Nu Intensity Correction Tue Mar 10 22:33:45 CET 2026
#@# Intensity Normalization Tue Mar 10 22:36:59 CET 2026
recon-all -s sub-v2s12x28861_ses-1 finished without error at Tue Mar 10 22:38:23 CET 2026



#New# invocation of recon-all 



status file for recon-all
Tue Mar 10 22:45:53 CET 2026
#@# EM Registration Tue Mar 10 22:45:53 CET 2026
recon-all -s sub-v2s12x28861_ses-1 finished without error at Tue Mar 10 22:48:13 CET 2026



#New# invocation of recon-all 



status file for recon-all
Tue Mar 10 22:48:15 CET 2026
#@# CA Normalize Tue Mar 10 22:48:15 CET 2026
#@# CA Reg Tue Mar 10 22:49:34 CET 2026
#@# SubCort Seg Tue Mar 10 23:39:28 CET 2026
#@# CC Seg Wed Mar 11 00:12:11 CET 2026
#@# Merge ASeg Wed Mar 11 00:12:50 CET 2026
#@# Intensity Normalization2 Wed Mar 11 00:12:50 CET 2026
#@# Mask BFS Wed Mar 11 00:14:57 CET 2026
#@# WM Segmentation Wed Mar 11 00:14:58 CET 2026
#@# Fill Wed Mar 11 00:17:01 CET 2026
recon-all -s sub-v2s12x28861_ses-1 finished without error at Wed Mar 11 00:18:05 CET 2026



#New# invocation of recon-all 



status file for recon-all
Wed Mar 11 01:14:05 CET 2026
#@# white curv lh Wed Mar 11 01:14:05 CET 2026
#@# white area lh Wed Mar 11 01:14:05 CET 2026
#@# pial curv lh Wed Mar 11 01:14:05 CET 2026
#@# pial area lh Wed Mar 11 01:14:05 CET 2026
#@# thickness lh Wed Mar 11 01:14:05 CET 2026
#@# area and vertex vol lh Wed Mar 11 01:14:05 CET 2026
#@# white curv rh Wed Mar 11 01:14:05 CET 2026
#@# white area rh Wed Mar 11 01:14:05 CET 2026
#@# pial curv rh Wed Mar 11 01:14:05 CET 2026
#@# pial area rh Wed Mar 11 01:14:05 CET 2026
#@# thickness rh Wed Mar 11 01:14:05 CET 2026
#@# area and vertex vol rh Wed Mar 11 01:14:05 CET 2026
#@# Cortical ribbon mask Wed Mar 11 01:14:05 CET 2026
recon-all -s sub-v2s12x28861_ses-1 finished without error at Wed Mar 11 01:22:35 CET 2026



#New# invocation of recon-all 



status file for recon-all
Wed Mar 11 01:30:25 CET 2026
#@# white curv lh Wed Mar 11 01:30:25 CET 2026
#@# white area lh Wed Mar 11 01:30:25 CET 2026
#@# pial curv lh Wed Mar 11 01:30:25 CET 2026
#@# pial area lh Wed Mar 11 01:30:25 CET 2026
#@# thickness lh Wed Mar 11 01:30:25 CET 2026
#@# area and vertex vol lh Wed Mar 11 01:30:25 CET 2026
#@# white curv rh Wed Mar 11 01:30:26 CET 2026
#@# white area rh Wed Mar 11 01:30:26 CET 2026
#@# pial curv rh Wed Mar 11 01:30:26 CET 2026
#@# pial area rh Wed Mar 11 01:30:26 CET 2026
#@# thickness rh Wed Mar 11 01:30:26 CET 2026
#@# area and vertex vol rh Wed Mar 11 01:30:26 CET 2026
#@# Curvature Stats lh Wed Mar 11 01:30:26 CET 2026
#@# Curvature Stats rh Wed Mar 11 01:30:29 CET 2026
#@# Relabel Hypointensities Wed Mar 11 01:30:32 CET 2026
#@# APas-to-ASeg Wed Mar 11 01:30:48 CET 2026
#@# AParc-to-ASeg aparc Wed Mar 11 01:30:58 CET 2026
#@# AParc-to-ASeg aparc.a2009s Wed Mar 11 01:31:43 CET 2026
#@# AParc-to-ASeg aparc.DKTatlas Wed Mar 11 01:32:23 CET 2026
#@# WMParc Wed Mar 11 01:33:00 CET 2026
#@# ASeg Stats Wed Mar 11 01:36:53 CET 2026
recon-all -s sub-v2s12x28861_ses-1 finished without error at Wed Mar 11 01:37:30 CET 2026
