/out/sourcedata/freesurfer/sub-v2s12x28860_ses-1/mri
/opt/freesurfer/bin/talairach_avi
--i orig_nu.mgz --xfm transforms/talairach.auto.xfm
talairach_avi 7.3.2
Linux dna033 5.14.0-427.37.1.el9_4.x86_64 #1 SMP PREEMPT_DYNAMIC Fri Sep 13 12:41:50 EDT 2024 x86_64 x86_64 x86_64 GNU/Linux
Tue Mar 10 22:32:18 CET 2026
mri_convert orig_nu.mgz talsrcimg.img 
reading from orig_nu.mgz...
TR=0.00, TE=0.00, TI=0.00, flip angle=0.00
i_ras = (-1, 0, 0)
j_ras = (0, 0, -1)
k_ras = (0, 1, 0)
writing to talsrcimg.img...
Analyze Output Matrix
-1.00000   0.00000   0.00000   132.31219;
 0.00000   0.00000   1.00000  -128.50000;
 0.00000  -1.00000   0.00000   115.32001;
 0.00000   0.00000   0.00000   1.00000;
--------------------
INFO: set hdr.hist.orient to -1
mpr2mni305 talsrcimg
Tue Mar 10 22:32:19 CET 2026
/opt/freesurfer/bin/mpr2mni305 talsrcimg
mpr2mni305 7.3.2
target=711-2C_as_mni_average_305

---------------------------------------------------------------------
analyzeto4dfp talsrcimg -O0 -y
---------------------------------------------------------------------

freesurfer ifh2hdr.c
Tue Mar 10 22:32:19 2026
Writing: talsrcimg.4dfp.hdr
freesurfer analyzeto4dfp.c
Reading: talsrcimg.hdr
header size 348 bytes
hdr.dime.datatype	offset=70	value=2
hdr.dime.bitpix		offset=72	value=8
hdr.hist.orient		offset=252	value=-1
dimensionality     4
dimensions       256       256       256         1
Reading: talsrcimg.img
Writing: talsrcimg.4dfp.img
Writing: talsrcimg.4dfp.ifh
ifh2hdr talsrcimg -r0to228
ori=2

---------------------------------------------------------------------
gauss_4dfp talsrcimg 1.1
---------------------------------------------------------------------

freesurfer gauss_4dfp.c
Reading: talsrcimg.4dfp.img
Writing: talsrcimg_g11.4dfp.img
image dimensions 256 256 256 padded to 288 288 288
processing volume 1freesurfer ifh2hdr.c
Tue Mar 10 22:32:20 2026
Writing: talsrcimg_g11.4dfp.hdr

Writing: talsrcimg_g11.4dfp.ifh
including: talsrcimg.4dfp.img.rec in talsrcimg_g11.4dfp.img.rec

---------------------------------------------------------------------
imgreg_4dfp /opt/freesurfer/average/711-2C_as_mni_average_305 none talsrcimg_g11 none talsrcimg_to_711-2C_as_mni_average_305_t4 4355
---------------------------------------------------------------------

freesurfer imgreg_4dfp.c
/opt/freesurfer/average/711-2C_as_mni_average_305.4dfp.img
       256       256       256         1
  1.000000  1.000000  1.000000
orientation T byte_order littleendian
Reading image: /opt/freesurfer/average/711-2C_as_mni_average_305.4dfp.img
dimensions:      256       256       256
mmppix:       1.0000   -1.0000   -1.0000
center:     128.0000 -129.0000 -129.0000
talsrcimg_g11.4dfp.img
       256       256       256         1
  1.000000  1.000000  1.000000
orientation T byte_order littleendian
Reading image: talsrcimg_g11.4dfp.img
dimensions:      256       256       256
mmppix:       1.0000   -1.0000   -1.0000
center:     128.0000 -129.0000 -129.0000
t4_read: open error in t4_sub.f l:  41 t4_file(1:l)talsrcimg_to_711-2C_as_mni_average_305_t4 
t4_read: transform initialized to I4
rotation matrix determinant  1.000000
image alignment mode   4355 decimal     1103 hex
   -7.5000  -45.0000  -45.0000 6163.6401   25.5888
    0.0000  -45.0000  -45.0000 6509.6436   25.6310
    7.5000  -45.0000  -45.0000 6268.3008   25.6384
   -7.5000  -37.5000  -45.0000 6717.2905   25.4726
    0.0000  -37.5000  -45.0000 7111.8589   25.4944
    7.5000  -37.5000  -45.0000 6825.2671   25.5011
   -7.5000  -30.0000  -45.0000 7559.6899   25.4288
    0.0000  -30.0000  -45.0000 8003.4502   25.4525
    7.5000  -30.0000  -45.0000 7692.6001   25.4729
   -7.5000  -22.5000  -45.0000 8416.2881   25.3762
    0.0000  -22.5000  -45.0000 8898.4824   25.4257
    7.5000  -22.5000  -45.0000 8566.6445   25.4601
   -7.5000  -15.0000  -45.0000 9202.5938   25.3652
    0.0000  -15.0000  -45.0000 9737.8711   25.4390
    7.5000  -15.0000  -45.0000 9389.1152   25.4756
   -7.5000   -7.5000  -45.0000 9904.8203   25.4103
    0.0000   -7.5000  -45.000010494.1729   25.4783
    7.5000   -7.5000  -45.000010093.3447   25.5017
   -7.5000    0.0000  -45.000010525.9404   25.4638
    0.0000    0.0000  -45.000011111.4814   25.5056
    7.5000    0.0000  -45.000010691.8184   25.5129
   -7.5000    7.5000  -45.000010371.3760   25.4713
    0.0000    7.5000  -45.000010960.7842   25.4930
    7.5000    7.5000  -45.000010536.2881   25.4998
   -7.5000   15.0000  -45.000010145.8154   25.4288
    0.0000   15.0000  -45.000010723.6533   25.4525
    7.5000   15.0000  -45.000010317.0977   25.4729
   -7.5000   22.5000  -45.0000 9849.6445   25.3728
    0.0000   22.5000  -45.000010407.2568   25.4222
    7.5000   22.5000  -45.000010015.4814   25.4567
   -7.5000   30.0000  -45.0000 9460.1973   25.0272
    0.0000   30.0000  -45.000010020.7930   25.1000
    7.5000   30.0000  -45.0000 9601.1445   25.1361
   -7.5000   37.5000  -45.0000 9237.2031   25.0717
    0.0000   37.5000  -45.0000 9808.5537   25.1388
    7.5000   37.5000  -45.0000 9349.0068   25.1618
   -7.5000   45.0000  -45.0000 8575.3525   24.4865
    0.0000   45.0000  -45.0000 9098.4033   24.5267
    7.5000   45.0000  -45.0000 8643.7646   24.5337
   -7.5000  -45.0000  -37.5000 6521.2798   25.5045
    0.0000  -45.0000  -37.5000 6911.0039   25.5147
    7.5000  -45.0000  -37.5000 6664.4556   25.5111
   -7.5000  -37.5000  -37.5000 7155.2139   25.4100
    0.0000  -37.5000  -37.5000 7572.4834   25.4018
    7.5000  -37.5000  -37.5000 7288.6494   25.3895
   -7.5000  -30.0000  -37.5000 8052.5332   25.3828
    0.0000  -30.0000  -37.5000 8503.3662   25.3788
    7.5000  -30.0000  -37.5000 8192.7559   25.3725
   -7.5000  -22.5000  -37.5000 8935.7832   25.3257
    0.0000  -22.5000  -37.5000 9437.0322   25.3479
    7.5000  -22.5000  -37.5000 9091.4463   25.3565
   -7.5000  -15.0000  -37.5000 9732.2305   25.2951
    0.0000  -15.0000  -37.500010290.4834   25.3402
    7.5000  -15.0000  -37.5000 9913.4609   25.3586
   -7.5000   -7.5000  -37.500010460.2285   25.3236
    0.0000   -7.5000  -37.500011045.3477   25.3609
    7.5000   -7.5000  -37.500010634.4951   25.3733
   -7.5000    0.0000  -37.500011101.6826   25.3801
    0.0000    0.0000  -37.500011693.6973   25.3903
    7.5000    0.0000  -37.500011267.6631   25.3869
   -7.5000    7.5000  -37.500010953.8574   25.4086
    0.0000    7.5000  -37.500011555.9736   25.4005
    7.5000    7.5000  -37.500011130.6104   25.3881
   -7.5000   15.0000  -37.500010720.1064   25.3828
    0.0000   15.0000  -37.500011285.6875   25.3788
    7.5000   15.0000  -37.500010881.0000   25.3725
   -7.5000   22.5000  -37.500010396.8711   25.3222
    0.0000   22.5000  -37.500010935.0020   25.3444
    7.5000   22.5000  -37.500010524.7607   25.3530
   -7.5000   30.0000  -37.5000 9932.8906   24.9580
    0.0000   30.0000  -37.500010487.5312   25.0025
    7.5000   30.0000  -37.500010046.8516   25.0207
   -7.5000   37.5000  -37.5000 9681.3330   24.9861
    0.0000   37.5000  -37.500010251.0537   25.0229
    7.5000   37.5000  -37.5000 9785.4277   25.0352
   -7.5000   45.0000  -37.5000 8955.4053   24.4060
    0.0000   45.0000  -37.5000 9478.7656   24.4158
    7.5000   45.0000  -37.5000 9044.7520   24.4125
   -7.5000  -45.0000  -30.0000 7012.1880   26.6206
    0.0000  -45.0000  -30.0000 7420.2368   26.6263
    7.5000  -45.0000  -30.0000 7152.4990   26.6310
   -7.5000  -37.5000  -30.0000 7721.3398   26.5222
    0.0000  -37.5000  -30.0000 8176.5718   26.5109
    7.5000  -37.5000  -30.0000 7855.9087   26.4964
   -7.5000  -30.0000  -30.0000 8682.1270   26.5012
    0.0000  -30.0000  -30.0000 9179.3242   26.4947
    7.5000  -30.0000  -30.0000 8821.5576   26.4809
   -7.5000  -22.5000  -30.0000 9630.2559   26.4505
    0.0000  -22.5000  -30.000010189.8721   26.4696
    7.5000  -22.5000  -30.0000 9791.8896   26.4771
   -7.5000  -15.0000  -30.000010455.9902   26.4206
    0.0000  -15.0000  -30.000011069.1182   26.4622
    7.5000  -15.0000  -30.000010640.8789   26.4890
   -7.5000   -7.5000  -30.000011228.5498   26.4411
    0.0000   -7.5000  -30.000011849.2568   26.4742
    7.5000   -7.5000  -30.000011433.4277   26.4989
   -7.5000    0.0000  -30.000011944.4355   26.4907
    0.0000    0.0000  -30.000012574.8955   26.4965
    7.5000    0.0000  -30.000012138.5264   26.5011
   -7.5000    7.5000  -30.000011790.2041   26.5208
    0.0000    7.5000  -30.000012424.0557   26.5095
    7.5000    7.5000  -30.000011970.1201   26.4950
   -7.5000   15.0000  -30.000011496.5957   26.5012
    0.0000   15.0000  -30.000012103.6094   26.4947
    7.5000   15.0000  -30.000011652.2012   26.4809
   -7.5000   22.5000  -30.000011102.6621   26.4441
    0.0000   22.5000  -30.000011680.7471   26.4633
    7.5000   22.5000  -30.000011228.3877   26.4707
   -7.5000   30.0000  -30.000010542.7637   26.0710
    0.0000   30.0000  -30.000011129.2129   26.1121
    7.5000   30.0000  -30.000010703.1816   26.1385
   -7.5000   37.5000  -30.000010281.3184   26.0912
    0.0000   37.5000  -30.000010856.6377   26.1239
    7.5000   37.5000  -30.000010437.7080   26.1482
   -7.5000   45.0000  -30.0000 9525.1377   25.4927
    0.0000   45.0000  -30.000010039.2393   25.4982
    7.5000   45.0000  -30.0000 9652.3828   25.5027
   -7.5000  -45.0000  -22.5000 7543.0259   27.6096
    0.0000  -45.0000  -22.5000 7978.8159   27.6480
    7.5000  -45.0000  -22.5000 7657.2480   27.6753
   -7.5000  -37.5000  -22.5000 8292.6445   27.4809
    0.0000  -37.5000  -22.5000 8769.4941   27.5022
    7.5000  -37.5000  -22.5000 8394.3184   27.5085
   -7.5000  -30.0000  -22.5000 9334.6201   27.4554
    0.0000  -30.0000  -22.5000 9864.7676   27.4782
    7.5000  -30.0000  -22.5000 9468.1221   27.4884
   -7.5000  -22.5000  -22.500010351.9033   27.4280
    0.0000  -22.5000  -22.500010927.6504   27.4740
    7.5000  -22.5000  -22.500010510.1553   27.5104
   -7.5000  -15.0000  -22.500011246.1377   27.4253
    0.0000  -15.0000  -22.500011895.2881   27.4937
    7.5000  -15.0000  -22.500011432.0508   27.5503
   -7.5000   -7.5000  -22.500012078.4863   27.4480
    0.0000   -7.5000  -22.500012721.1748   27.5100
    7.5000   -7.5000  -22.500012284.0166   27.5610
   -7.5000    0.0000  -22.500012840.0732   27.4748
    0.0000    0.0000  -22.500013523.5264   27.5128
    7.5000    0.0000  -22.500013041.6367   27.5397
   -7.5000    7.5000  -22.500012652.3027   27.4794
    0.0000    7.5000  -22.500013327.7197   27.5007
    7.5000    7.5000  -22.500012848.1953   27.5070
   -7.5000   15.0000  -22.500012316.2676   27.4554
    0.0000   15.0000  -22.500012961.2705   27.4782
    7.5000   15.0000  -22.500012500.5674   27.4884
   -7.5000   22.5000  -22.500011837.7432   27.4196
    0.0000   22.5000  -22.500012471.7695   27.4655
    7.5000   22.5000  -22.500012039.3906   27.5019
   -7.5000   30.0000  -22.500011252.0410   27.0666
    0.0000   30.0000  -22.500011876.8838   27.1341
    7.5000   30.0000  -22.500011477.7441   27.1900
   -7.5000   37.5000  -22.500010981.9658   27.0889
    0.0000   37.5000  -22.500011595.1396   27.1501
    7.5000   37.5000  -22.500011205.2803   27.2005
   -7.5000   45.0000  -22.500010157.9043   26.4596
    0.0000   45.0000  -22.500010719.5752   26.4962
    7.5000   45.0000  -22.500010341.0244   26.5221
   -7.5000  -45.0000  -15.0000 8030.5381   28.3092
    0.0000  -45.0000  -15.0000 8488.5469   28.3840
    7.5000  -45.0000  -15.0000 8162.9414   28.4251
   -7.5000  -37.5000  -15.0000 8813.3506   28.1505
    0.0000  -37.5000  -15.0000 9316.0518   28.2056
    7.5000  -37.5000  -15.0000 8943.2129   28.2332
   -7.5000  -30.0000  -15.0000 9928.8438   28.1141
    0.0000  -30.0000  -15.000010501.9639   28.1680
    7.5000  -30.0000  -15.000010092.6367   28.2070
   -7.5000  -22.5000  -15.000011016.2568   28.1032
    0.0000  -22.5000  -15.000011647.8340   28.1807
    7.5000  -22.5000  -15.000011224.5117   28.2453
   -7.5000  -15.0000  -15.000012001.8877   28.1263
    0.0000  -15.0000  -15.000012717.1289   28.2284
    7.5000  -15.0000  -15.000012246.7490   28.3062
   -7.5000   -7.5000  -15.000012908.6826   28.1591
    0.0000   -7.5000  -15.000013633.5654   28.2567
    7.5000   -7.5000  -15.000013141.2021   28.3217
   -7.5000    0.0000  -15.000013661.4766   28.1710
    0.0000    0.0000  -15.000014383.0479   28.2450
    7.5000    0.0000  -15.000013881.5957   28.2855
   -7.5000    7.5000  -15.000013428.3975   28.1489
    0.0000    7.5000  -15.000014150.6484   28.2041
    7.5000    7.5000  -15.000013663.6973   28.2316
   -7.5000   15.0000  -15.000013106.0273   28.1141
    0.0000   15.0000  -15.000013822.5771   28.1680
    7.5000   15.0000  -15.000013328.4785   28.2070
   -7.5000   22.5000  -15.000012617.4463   28.0933
    0.0000   22.5000  -15.000013335.6426   28.1707
    7.5000   22.5000  -15.000012855.0977   28.2353
   -7.5000   30.0000  -15.000012004.1221   27.7623
    0.0000   30.0000  -15.000012700.6768   27.8631
    7.5000   30.0000  -15.000012270.0469   27.9399
   -7.5000   37.5000  -15.000011662.4238   27.7946
    0.0000   37.5000  -15.000012341.8252   27.8910
    7.5000   37.5000  -15.000011950.3984   27.9552
   -7.5000   45.0000  -15.000010808.3994   27.1464
    0.0000   45.0000  -15.000011404.2666   27.2178
    7.5000   45.0000  -15.000011074.7783   27.2568
   -7.5000  -45.0000   -7.5000 8542.0684   28.5955
    0.0000  -45.0000   -7.5000 9039.8740   28.6731
    7.5000  -45.0000   -7.5000 8688.4844   28.7035
   -7.5000  -37.5000   -7.5000 9361.0146   28.4393
    0.0000  -37.5000   -7.5000 9882.6758   28.4940
    7.5000  -37.5000   -7.5000 9519.9033   28.5208
   -7.5000  -30.0000   -7.500010512.2803   28.3923
    0.0000  -30.0000   -7.500011120.7881   28.4467
    7.5000  -30.0000   -7.500010734.6191   28.4907
   -7.5000  -22.5000   -7.500011710.4678   28.3647
    0.0000  -22.5000   -7.500012405.5859   28.4463
    7.5000  -22.5000   -7.500011992.7754   28.5108
   -7.5000  -15.0000   -7.500012850.4922   28.3811
    0.0000  -15.0000   -7.500013627.7900   28.4901
    7.5000  -15.0000   -7.500013130.5771   28.5591
   -7.5000   -7.5000   -7.500013878.6123   28.4268
    0.0000   -7.5000   -7.500014686.7109   28.5308
    7.5000   -7.5000   -7.500014128.1748   28.5823
   -7.5000    0.0000   -7.500014625.5049   28.4560
    0.0000    0.0000   -7.500015415.9922   28.5328
    7.5000    0.0000   -7.500014865.9150   28.5627
   -7.5000    7.5000   -7.500014338.0273   28.4378
    0.0000    7.5000   -7.500015097.9932   28.4925
    7.5000    7.5000   -7.500014550.3154   28.5193
   -7.5000   15.0000   -7.500013922.3564   28.3923
    0.0000   15.0000   -7.500014741.5654   28.4467
    7.5000   15.0000   -7.500014159.7129   28.4907
   -7.5000   22.5000   -7.500013438.6191   28.3516
    0.0000   22.5000   -7.500014251.5566   28.4331
    7.5000   22.5000   -7.500013703.5586   28.4976
   -7.5000   30.0000   -7.500012835.1221   28.0130
    0.0000   30.0000   -7.500013607.4629   28.1206
    7.5000   30.0000   -7.500013118.1484   28.1888
   -7.5000   37.5000   -7.500012476.1748   28.0582
    0.0000   37.5000   -7.500013208.9424   28.1608
    7.5000   37.5000   -7.500012758.0186   28.2117
   -7.5000   45.0000   -7.500011529.7715   27.4262
    0.0000   45.0000   -7.500012198.5967   27.5002
    7.5000   45.0000   -7.500011800.0020   27.5290
   -7.5000  -45.0000    0.0000 8912.6787   28.5685
    0.0000  -45.0000    0.0000 9426.9131   28.6154
    7.5000  -45.0000    0.0000 9088.0039   28.6235
   -7.5000  -37.5000    0.0000 9787.8389   28.4392
    0.0000  -37.5000    0.000010319.2656   28.4631
    7.5000  -37.5000    0.0000 9969.7998   28.4704
   -7.5000  -30.0000    0.000011004.3867   28.3945
    0.0000  -30.0000    0.000011623.8955   28.4208
    7.5000  -30.0000    0.000011244.6387   28.4435
   -7.5000  -22.5000    0.000012226.5850   28.3400
    0.0000  -22.5000    0.000012956.7500   28.3952
    7.5000  -22.5000    0.000012572.6201   28.4339
   -7.5000  -15.0000    0.000013589.1035   28.3281
    0.0000  -15.0000    0.000014412.6855   28.4105
    7.5000  -15.0000    0.000013958.9619   28.4517
   -7.5000   -7.5000    0.000014877.4639   28.3742
    0.0000   -7.5000    0.000015811.3330   28.4500
    7.5000   -7.5000    0.000015135.7881   28.4763
   -7.5000    0.0000    0.000015686.9512   28.4293
    0.0000    0.0000    0.000016619.4648   28.4757
    7.5000    0.0000    0.000015839.8848   28.4838
   -7.5000    7.5000    0.000015214.9951   28.4376
    0.0000    7.5000    0.000016071.6045   28.4616
    7.5000    7.5000    0.000015337.6553   28.4690
   -7.5000   15.0000    0.000014692.8320   28.3945
    0.0000   15.0000    0.000015558.5107   28.4208
    7.5000   15.0000    0.000014860.8584   28.4435
   -7.5000   22.5000    0.000014166.9980   28.3270
    0.0000   22.5000    0.000015042.3984   28.3821
    7.5000   22.5000    0.000014373.4834   28.4208
   -7.5000   30.0000    0.000013548.8408   27.9615
    0.0000   30.0000    0.000014398.6592   28.0429
    7.5000   30.0000    0.000013754.4561   28.0835
   -7.5000   37.5000    0.000013224.1553   28.0069
    0.0000   37.5000    0.000014028.0498   28.0818
    7.5000   37.5000    0.000013418.0840   28.1077
   -7.5000   45.0000    0.000012253.5186   27.4025
    0.0000   45.0000    0.000012987.1582   27.4473
    7.5000   45.0000    0.000012464.3330   27.4551
   -7.5000  -45.0000    7.5000 8603.0996   28.5379
    0.0000  -45.0000    7.5000 9071.2559   28.5493
    7.5000  -45.0000    7.5000 8749.9668   28.5453
   -7.5000  -37.5000    7.5000 9461.4570   28.4322
    0.0000  -37.5000    7.5000 9956.6855   28.4230
    7.5000  -37.5000    7.5000 9614.7500   28.4092
   -7.5000  -30.0000    7.500010641.4551   28.4016
    0.0000  -30.0000    7.500011203.1387   28.3972
    7.5000  -30.0000    7.500010834.6875   28.3901
   -7.5000  -22.5000    7.500011861.2676   28.3377
    0.0000  -22.5000    7.500012498.5547   28.3626
    7.5000  -22.5000    7.500012186.9707   28.3721
   -7.5000  -15.0000    7.500013356.0391   28.3035
    0.0000  -15.0000    7.500014251.9229   28.3540
    7.5000  -15.0000    7.500013643.2393   28.3746
   -7.5000   -7.5000    7.500014881.3857   28.3355
    0.0000   -7.5000    7.500016023.6719   28.3773
    7.5000   -7.5000    7.500014869.0088   28.3912
   -7.5000    0.0000    7.500015546.4004   28.3988
    0.0000    0.0000    7.500016559.1465   28.4102
    7.5000    0.0000    7.500015409.5693   28.4063
   -7.5000    7.5000    7.500014946.4316   28.4306
    0.0000    7.5000    7.500015673.0723   28.4215
    7.5000    7.5000    7.500014832.7568   28.4077
   -7.5000   15.0000    7.500014466.0469   28.4016
    0.0000   15.0000    7.500015167.7324   28.3972
    7.5000   15.0000    7.500014390.0420   28.3901
   -7.5000   22.5000    7.500013987.6406   28.3246
    0.0000   22.5000    7.500014738.5449   28.3495
    7.5000   22.5000    7.500013932.1748   28.3591
   -7.5000   30.0000    7.500013405.7773   27.9372
    0.0000   30.0000    7.500014161.0684   27.9870
    7.5000   30.0000    7.500013349.1553   28.0074
   -7.5000   37.5000    7.500013099.8730   27.9688
    0.0000   37.5000    7.500013832.1201   28.0100
    7.5000   37.5000    7.500013051.2773   28.0237
   -7.5000   45.0000    7.500012149.1562   27.3732
    0.0000   45.0000    7.500012848.8037   27.3841
    7.5000   45.0000    7.500012160.5322   27.3804
   -7.5000  -45.0000   15.0000 8165.1382   28.5861
    0.0000  -45.0000   15.0000 8610.6416   28.5922
    7.5000  -45.0000   15.0000 8289.9668   28.5973
   -7.5000  -37.5000   15.0000 9012.9238   28.4804
    0.0000  -37.5000   15.0000 9516.9268   28.4683
    7.5000  -37.5000   15.0000 9163.2510   28.4527
   -7.5000  -30.0000   15.000010207.8154   28.4578
    0.0000  -30.0000   15.000010775.3496   28.4508
    7.5000  -30.0000   15.000010367.8398   28.4360
   -7.5000  -22.5000   15.000011484.0361   28.4033
    0.0000  -22.5000   15.000012135.5000   28.4239
    7.5000  -22.5000   15.000011656.5234   28.4319
   -7.5000  -15.0000   15.000012959.7012   28.3713
    0.0000  -15.0000   15.000013840.0332   28.4160
    7.5000  -15.0000   15.000013003.5088   28.4447
   -7.5000   -7.5000   15.000014335.8662   28.3933
    0.0000   -7.5000   15.000015444.4766   28.4288
    7.5000   -7.5000   15.000014095.3291   28.4553
   -7.5000    0.0000   15.000015165.1191   28.4466
    0.0000    0.0000   15.000016039.5107   28.4527
    7.5000    0.0000   15.000014805.3789   28.4578
   -7.5000    7.5000   15.000014781.8291   28.4789
    0.0000    7.5000   15.000015414.9727   28.4668
    7.5000    7.5000   15.000014376.1221   28.4511
   -7.5000   15.0000   15.000014383.0449   28.4578
    0.0000   15.0000   15.000015006.5439   28.4508
    7.5000   15.0000   15.000013961.6104   28.4360
   -7.5000   22.5000   15.000013806.7051   28.3902
    0.0000   22.5000   15.000014484.1504   28.4108
    7.5000   22.5000   15.000013455.7500   28.4188
   -7.5000   30.0000   15.000013081.4482   28.0041
    0.0000   30.0000   15.000013771.0879   28.0482
    7.5000   30.0000   15.000012814.3652   28.0766
   -7.5000   37.5000   15.000012678.7891   28.0258
    0.0000   37.5000   15.000013408.6973   28.0609
    7.5000   37.5000   15.000012496.3037   28.0870
   -7.5000   45.0000   15.000011733.8662   27.4192
    0.0000   45.0000   15.000012467.0117   27.4252
    7.5000   45.0000   15.000011664.5732   27.4300
   -7.5000  -45.0000   22.5000 7783.6973   28.6645
    0.0000  -45.0000   22.5000 8213.2812   28.7043
    7.5000  -45.0000   22.5000 7883.8320   28.7327
   -7.5000  -37.5000   22.5000 8628.3926   28.5308
    0.0000  -37.5000   22.5000 9077.8301   28.5529
    7.5000  -37.5000   22.5000 8676.7695   28.5595
   -7.5000  -30.0000   22.5000 9780.2822   28.5043
    0.0000  -30.0000   22.500010278.8408   28.5279
    7.5000  -30.0000   22.5000 9780.4473   28.5385
   -7.5000  -22.5000   22.500010992.3115   28.4759
    0.0000  -22.5000   22.500011558.7617   28.5236
    7.5000  -22.5000   22.500010954.7012   28.5613
   -7.5000  -15.0000   22.500012230.9736   28.4731
    0.0000  -15.0000   22.500012970.2588   28.5440
    7.5000  -15.0000   22.500012089.9834   28.6028
   -7.5000   -7.5000   22.500013392.5879   28.4967
    0.0000   -7.5000   22.500014229.0820   28.5610
    7.5000   -7.5000   22.500013055.6748   28.6140
   -7.5000    0.0000   22.500014332.4824   28.5245
    0.0000    0.0000   22.500015224.4453   28.5640
    7.5000    0.0000   22.500013893.5127   28.5919
   -7.5000    7.5000   22.500014184.8047   28.5293
    0.0000    7.5000   22.500015127.9141   28.5513
    7.5000    7.5000   22.500013789.1436   28.5579
   -7.5000   15.0000   22.500013775.1113   28.5043
    0.0000   15.0000   22.500014743.4727   28.5279
    7.5000   15.0000   22.500013456.1465   28.5385
   -7.5000   22.5000   22.500013137.2988   28.4628
    0.0000   22.5000   22.500014094.9336   28.5104
    7.5000   22.5000   22.500012942.5088   28.5482
   -7.5000   30.0000   22.500012367.5986   28.1046
    0.0000   30.0000   22.500013215.3125   28.1746
    7.5000   30.0000   22.500012261.2480   28.2326
   -7.5000   37.5000   22.500011974.9932   28.1279
    0.0000   37.5000   22.500012757.8184   28.1914
    7.5000   37.5000   22.500011935.4639   28.2437
   -7.5000   45.0000   22.500011126.8965   27.4943
    0.0000   45.0000   22.500011824.2803   27.5324
    7.5000   45.0000   22.500011138.4893   27.5593
   -7.5000  -45.0000   30.0000 7248.1694   28.7103
    0.0000  -45.0000   30.0000 7639.0928   28.7862
    7.5000  -45.0000   30.0000 7300.5073   28.8279
   -7.5000  -37.5000   30.0000 8046.0605   28.5492
    0.0000  -37.5000   30.0000 8440.3379   28.6051
    7.5000  -37.5000   30.0000 8037.9497   28.6330
   -7.5000  -30.0000   30.0000 9139.5605   28.5121
    0.0000  -30.0000   30.0000 9563.9590   28.5668
    7.5000  -30.0000   30.0000 9104.2998   28.6063
   -7.5000  -22.5000   30.000010228.7471   28.5011
    0.0000  -22.5000   30.000010732.5244   28.5796
    7.5000  -22.5000   30.000010220.7891   28.6451
   -7.5000  -15.0000   30.000011282.0176   28.5245
    0.0000  -15.0000   30.000011899.8564   28.6281
    7.5000  -15.0000   30.000011276.4072   28.7070
   -7.5000   -7.5000   30.000012205.3252   28.5579
    0.0000   -7.5000   30.000012795.1611   28.6570
    7.5000   -7.5000   30.000012164.6826   28.7229
   -7.5000    0.0000   30.000012922.0195   28.5700
    0.0000    0.0000   30.000013495.5654   28.6452
    7.5000    0.0000   30.000012900.3555   28.6862
   -7.5000    7.5000   30.000012769.9639   28.5476
    0.0000    7.5000   30.000013420.7578   28.6035
    7.5000    7.5000   30.000012819.6758   28.6315
   -7.5000   15.0000   30.000012536.8896   28.5121
    0.0000   15.0000   30.000013238.5605   28.5668
    7.5000   15.0000   30.000012592.1094   28.6063
   -7.5000   22.5000   30.000012126.8281   28.4879
    0.0000   22.5000   30.000012866.8740   28.5664
    7.5000   22.5000   30.000012206.5801   28.6319
   -7.5000   30.0000   30.000011514.3174   28.1554
    0.0000   30.0000   30.000012236.9482   28.2576
    7.5000   30.0000   30.000011590.6719   28.3355
   -7.5000   37.5000   30.000011177.9775   28.1883
    0.0000   37.5000   30.000011880.8857   28.2861
    7.5000   37.5000   30.000011243.7666   28.3512
   -7.5000   45.0000   30.000010374.6338   27.5382
    0.0000   45.0000   30.000011018.1025   27.6107
    7.5000   45.0000   30.000010431.4258   27.6502
   -7.5000  -45.0000   37.5000 6852.5854   28.7148
    0.0000  -45.0000   37.5000 7263.1138   28.7924
    7.5000  -45.0000   37.5000 6957.3584   28.8230
   -7.5000  -37.5000   37.5000 7567.1021   28.5575
    0.0000  -37.5000   37.5000 7999.0205   28.6121
    7.5000  -37.5000   37.5000 7686.4497   28.6389
   -7.5000  -30.0000   37.5000 8535.4902   28.5100
    0.0000  -30.0000   37.5000 9012.5449   28.5642
    7.5000  -30.0000   37.5000 8720.4443   28.6083
   -7.5000  -22.5000   37.5000 9531.2148   28.4821
    0.0000  -22.5000   37.500010074.1035   28.5636
    7.5000  -22.5000   37.5000 9793.0254   28.6284
   -7.5000  -15.0000   37.500010472.8223   28.4988
    0.0000  -15.0000   37.500011083.4541   28.6079
    7.5000  -15.0000   37.500010737.2207   28.6773
   -7.5000   -7.5000   37.500011347.7646   28.5450
    0.0000   -7.5000   37.500011909.3145   28.6492
    7.5000   -7.5000   37.500011554.0117   28.7010
   -7.5000    0.0000   37.500012054.4014   28.5744
    0.0000    0.0000   37.500012628.4531   28.6512
    7.5000    0.0000   37.500012282.0957   28.6813
   -7.5000    7.5000   37.500011901.7021   28.5560
    0.0000    7.5000   37.500012495.2959   28.6106
    7.5000    7.5000   37.500012121.5840   28.6374
   -7.5000   15.0000   37.500011650.2148   28.5100
    0.0000   15.0000   37.500012217.9834   28.5642
    7.5000   15.0000   37.500011815.0244   28.6083
   -7.5000   22.5000   37.500011304.3682   28.4690
    0.0000   22.5000   37.500011903.1279   28.5505
    7.5000   22.5000   37.500011450.8506   28.6152
   -7.5000   30.0000   37.500010809.1250   28.1300
    0.0000   30.0000   37.500011399.7988   28.2377
    7.5000   30.0000   37.500010944.6045   28.3062
   -7.5000   37.5000   37.500010590.9229   28.1756
    0.0000   37.5000   37.500011161.8350   28.2784
    7.5000   37.5000   37.500010694.4336   28.3296
   -7.5000   45.0000   37.5000 9858.8213   27.5425
    0.0000   45.0000   37.500010397.0205   27.6165
    7.5000   45.0000   37.5000 9955.6592   27.6455
   -7.5000  -45.0000   45.0000 6299.1460   29.2557
    0.0000  -45.0000   45.0000 6712.5859   29.3053
    7.5000  -45.0000   45.0000 6437.0161   29.3142
   -7.5000  -37.5000   45.0000 6927.1865   29.1192
    0.0000  -37.5000   45.0000 7351.1235   29.1442
    7.5000  -37.5000   45.0000 7108.5859   29.1522
   -7.5000  -30.0000   45.0000 7788.4004   29.0716
    0.0000  -30.0000   45.0000 8250.0293   29.0986
    7.5000  -30.0000   45.0000 8028.8643   29.1225
   -7.5000  -22.5000   45.0000 8694.2451   29.0138
    0.0000  -22.5000   45.0000 9226.1924   29.0711
    7.5000  -22.5000   45.0000 8991.6182   29.1113
   -7.5000  -15.0000   45.0000 9569.2227   29.0013
    0.0000  -15.0000   45.000010137.1699   29.0877
    7.5000  -15.0000   45.0000 9841.8701   29.1306
   -7.5000   -7.5000   45.000010377.4170   29.0503
    0.0000   -7.5000   45.000010904.7480   29.1302
    7.5000   -7.5000   45.000010603.4414   29.1578
   -7.5000    0.0000   45.000011051.4053   29.1087
    0.0000    0.0000   45.000011568.9316   29.1578
    7.5000    0.0000   45.000011243.9453   29.1667
   -7.5000    7.5000   45.000010912.2656   29.1176
    0.0000    7.5000   45.000011429.0234   29.1427
    7.5000    7.5000   45.000011092.4619   29.1507
   -7.5000   15.0000   45.000010656.9766   29.0716
    0.0000   15.0000   45.000011147.9600   29.0986
    7.5000   15.0000   45.000010807.1553   29.1225
   -7.5000   22.5000   45.000010299.6045   29.0003
    0.0000   22.5000   45.000010790.8447   29.0576
    7.5000   22.5000   45.000010428.6943   29.0978
   -7.5000   30.0000   45.0000 9811.8350   28.6235
    0.0000   30.0000   45.000010322.6006   28.7087
    7.5000   30.0000   45.0000 9935.7305   28.7511
   -7.5000   37.5000   45.0000 9622.3066   28.6718
    0.0000   37.5000   45.000010139.3047   28.7507
    7.5000   37.5000   45.0000 9717.8867   28.7780
   -7.5000   45.0000   45.0000 8979.7979   28.0702
    0.0000   45.0000   45.0000 9462.1982   28.1175
    7.5000   45.0000   45.0000 9073.3750   28.1260

---------------------------------------------------------------------
imgreg_4dfp /opt/freesurfer/average/711-2C_as_mni_average_305 /opt/freesurfer/average/711-2B_as_mni_average_305_mask talsrcimg_g11 none talsrcimg_to_711-2C_as_mni_average_305_t4 4355
---------------------------------------------------------------------

freesurfer imgreg_4dfp.c
/opt/freesurfer/average/711-2C_as_mni_average_305.4dfp.img
       256       256       256         1
  1.000000  1.000000  1.000000
orientation T byte_order littleendian
Reading image: /opt/freesurfer/average/711-2C_as_mni_average_305.4dfp.img
dimensions:      256       256       256
mmppix:       1.0000   -1.0000   -1.0000
center:     128.0000 -129.0000 -129.0000
/opt/freesurfer/average/711-2B_as_mni_average_305_mask.4dfp.img
       256       256       256         1
  1.000000  1.000000  1.000000
orientation T byte_order littleendian
Reading mask: /opt/freesurfer/average/711-2B_as_mni_average_305_mask.4dfp.img (2306576 pixels)
talsrcimg_g11.4dfp.img
       256       256       256         1
  1.000000  1.000000  1.000000
orientation T byte_order littleendian
Reading image: talsrcimg_g11.4dfp.img
dimensions:      256       256       256
mmppix:       1.0000   -1.0000   -1.0000
center:     128.0000 -129.0000 -129.0000
rotation matrix determinant  1.000000
image alignment mode   4355 decimal     1103 hex
   -7.5000  -45.0000  -45.0000 1770.0699   37.6566
    0.0000  -45.0000  -45.0000 1778.8110   37.1775
    7.5000  -45.0000  -45.0000 1768.5553   37.2102
   -7.5000  -37.5000  -45.0000 1872.3938   33.5384
    0.0000  -37.5000  -45.0000 1883.6976   33.1127
    7.5000  -37.5000  -45.0000 1868.0435   33.0965
   -7.5000  -30.0000  -45.0000 1973.0278   30.3401
    0.0000  -30.0000  -45.0000 1986.5278   30.0204
    7.5000  -30.0000  -45.0000 1972.9653   29.9644
   -7.5000  -22.5000  -45.0000 2046.7755   27.7219
    0.0000  -22.5000  -45.0000 2060.2058   27.3822
    7.5000  -22.5000  -45.0000 2051.2002   27.4369
   -7.5000  -15.0000  -45.0000 2104.1777   25.8160
    0.0000  -15.0000  -45.0000 2120.3286   25.5400
    7.5000  -15.0000  -45.0000 2111.5154   25.5615
   -7.5000   -7.5000  -45.0000 2145.4578   24.5623
    0.0000   -7.5000  -45.0000 2165.6187   24.2608
    7.5000   -7.5000  -45.0000 2157.5330   24.2995
   -7.5000    0.0000  -45.0000 2164.4177   23.8491
    0.0000    0.0000  -45.0000 2181.4790   23.5148
    7.5000    0.0000  -45.0000 2176.9023   23.5675
   -7.5000    7.5000  -45.0000 2169.4468   23.4385
    0.0000    7.5000  -45.0000 2189.4502   23.2211
    7.5000    7.5000  -45.0000 2176.2161   23.2543
   -7.5000   15.0000  -45.0000 2155.7163   23.6490
    0.0000   15.0000  -45.0000 2172.7661   23.3768
    7.5000   15.0000  -45.0000 2163.9597   23.3851
   -7.5000   22.5000  -45.0000 2121.8899   24.2942
    0.0000   22.5000  -45.0000 2143.1819   23.9444
    7.5000   22.5000  -45.0000 2138.6287   23.9778
   -7.5000   30.0000  -45.0000 2076.9971   25.4285
    0.0000   30.0000  -45.0000 2101.4448   25.1525
    7.5000   30.0000  -45.0000 2094.0547   25.1243
   -7.5000   37.5000  -45.0000 2009.4965   27.2300
    0.0000   37.5000  -45.0000 2033.7030   26.9254
    7.5000   37.5000  -45.0000 2023.0601   26.9712
   -7.5000   45.0000  -45.0000 1919.9938   29.7167
    0.0000   45.0000  -45.0000 1937.6527   29.3369
    7.5000   45.0000  -45.0000 1926.6417   29.4245
   -7.5000  -45.0000  -37.5000 1835.3406   35.2548
    0.0000  -45.0000  -37.5000 1842.3163   34.8276
    7.5000  -45.0000  -37.5000 1835.1658   34.5957
   -7.5000  -37.5000  -37.5000 1950.5641   31.3637
    0.0000  -37.5000  -37.5000 1959.2609   30.9857
    7.5000  -37.5000  -37.5000 1948.5000   30.8101
   -7.5000  -30.0000  -37.5000 2053.6772   28.1846
    0.0000  -30.0000  -37.5000 2059.4666   27.7563
    7.5000  -30.0000  -37.5000 2053.9041   27.7459
   -7.5000  -22.5000  -37.5000 2140.4993   25.8146
    0.0000  -22.5000  -37.5000 2146.9128   25.3984
    7.5000  -22.5000  -37.5000 2136.9084   25.3731
   -7.5000  -15.0000  -37.5000 2197.3579   24.0134
    0.0000  -15.0000  -37.5000 2209.3896   23.6083
    7.5000  -15.0000  -37.5000 2197.9111   23.6658
   -7.5000   -7.5000  -37.5000 2232.9517   22.8337
    0.0000   -7.5000  -37.5000 2254.0828   22.5004
    7.5000   -7.5000  -37.5000 2236.8545   22.5236
   -7.5000    0.0000  -37.5000 2254.2812   22.1696
    0.0000    0.0000  -37.5000 2269.7783   21.8077
    7.5000    0.0000  -37.5000 2258.7844   21.8832
   -7.5000    7.5000  -37.5000 2265.8186   21.7969
    0.0000    7.5000  -37.5000 2285.3899   21.4916
    7.5000    7.5000  -37.5000 2275.3064   21.5487
   -7.5000   15.0000  -37.5000 2258.5225   21.9156
    0.0000   15.0000  -37.5000 2279.6289   21.5618
    7.5000   15.0000  -37.5000 2274.1604   21.6014
   -7.5000   22.5000  -37.5000 2231.5376   22.4720
    0.0000   22.5000  -37.5000 2253.9187   22.1024
    7.5000   22.5000  -37.5000 2251.7312   22.1294
   -7.5000   30.0000  -37.5000 2179.6692   23.4638
    0.0000   30.0000  -37.5000 2203.2649   23.1280
    7.5000   30.0000  -37.5000 2197.7798   23.1364
   -7.5000   37.5000  -37.5000 2110.2056   25.1524
    0.0000   37.5000  -37.5000 2128.2927   24.7839
    7.5000   37.5000  -37.5000 2119.1492   24.8162
   -7.5000   45.0000  -37.5000 2017.1346   27.4705
    0.0000   45.0000  -37.5000 2029.1085   27.0808
    7.5000   45.0000  -37.5000 2019.9340   27.0674
   -7.5000  -45.0000  -30.0000 1952.4711   34.8096
    0.0000  -45.0000  -30.0000 1957.4285   34.3802
    7.5000  -45.0000  -30.0000 1944.4348   33.9979
   -7.5000  -37.5000  -30.0000 2073.2327   30.8916
    0.0000  -37.5000  -30.0000 2079.5986   30.4231
    7.5000  -37.5000  -30.0000 2060.3965   30.1690
   -7.5000  -30.0000  -30.0000 2175.6443   27.6033
    0.0000  -30.0000  -30.0000 2181.9683   27.1158
    7.5000  -30.0000  -30.0000 2165.6326   27.0219
   -7.5000  -22.5000  -30.0000 2268.9861   25.1176
    0.0000  -22.5000  -30.0000 2280.9023   24.6530
    7.5000  -22.5000  -30.0000 2257.2400   24.6231
   -7.5000  -15.0000  -30.0000 2333.1284   23.3786
    0.0000  -15.0000  -30.0000 2347.6353   22.8729
    7.5000  -15.0000  -30.0000 2326.6653   22.9536
   -7.5000   -7.5000  -30.0000 2367.7048   22.1889
    0.0000   -7.5000  -30.0000 2386.8914   21.7285
    7.5000   -7.5000  -30.0000 2373.3765   21.8618
   -7.5000    0.0000  -30.0000 2393.4297   21.4629
    0.0000    0.0000  -30.0000 2407.3391   21.0214
    7.5000    0.0000  -30.0000 2399.8008   21.1626
   -7.5000    7.5000  -30.0000 2416.7517   21.1336
    0.0000    7.5000  -30.0000 2433.5261   20.7439
    7.5000    7.5000  -30.0000 2422.7449   20.8568
   -7.5000   15.0000  -30.0000 2417.2681   21.2348
    0.0000   15.0000  -30.0000 2434.1562   20.7883
    7.5000   15.0000  -30.0000 2421.1733   20.8817
   -7.5000   22.5000  -30.0000 2391.7520   21.7178
    0.0000   22.5000  -30.0000 2410.0911   21.2660
    7.5000   22.5000  -30.0000 2395.3608   21.3612
   -7.5000   30.0000  -30.0000 2327.8306   22.6440
    0.0000   30.0000  -30.0000 2348.9536   22.3035
    7.5000   30.0000  -30.0000 2337.4971   22.3307
   -7.5000   37.5000  -30.0000 2255.3416   24.2161
    0.0000   37.5000  -30.0000 2271.3523   23.9443
    7.5000   37.5000  -30.0000 2255.0532   23.9497
   -7.5000   45.0000  -30.0000 2150.2312   26.3764
    0.0000   45.0000  -30.0000 2159.9353   26.0347
    7.5000   45.0000  -30.0000 2147.5513   26.0264
   -7.5000  -45.0000  -22.5000 2042.7831   34.0172
    0.0000  -45.0000  -22.5000 2046.5696   33.4445
    7.5000  -45.0000  -22.5000 2023.4927   33.1794
   -7.5000  -37.5000  -22.5000 2176.3027   30.0861
    0.0000  -37.5000  -22.5000 2182.7502   29.5651
    7.5000  -37.5000  -22.5000 2150.4587   29.3422
   -7.5000  -30.0000  -22.5000 2289.2625   26.9589
    0.0000  -30.0000  -22.5000 2295.5754   26.4377
    7.5000  -30.0000  -22.5000 2265.9277   26.3677
   -7.5000  -22.5000  -22.5000 2377.3875   24.4480
    0.0000  -22.5000  -22.5000 2383.6868   23.9134
    7.5000  -22.5000  -22.5000 2359.6912   23.8850
   -7.5000  -15.0000  -22.5000 2442.9023   22.6624
    0.0000  -15.0000  -22.5000 2454.8662   22.1292
    7.5000  -15.0000  -22.5000 2436.7190   22.1640
   -7.5000   -7.5000  -22.5000 2486.2107   21.4273
    0.0000   -7.5000  -22.5000 2503.8782   20.8861
    7.5000   -7.5000  -22.5000 2493.2361   21.0410
   -7.5000    0.0000  -22.5000 2523.6772   20.5949
    0.0000    0.0000  -22.5000 2537.2410   20.1606
    7.5000    0.0000  -22.5000 2525.7065   20.2711
   -7.5000    7.5000  -22.5000 2552.8196   20.2596
    0.0000    7.5000  -22.5000 2564.2344   19.8514
    7.5000    7.5000  -22.5000 2552.4026   19.9510
   -7.5000   15.0000  -22.5000 2552.5820   20.3278
    0.0000   15.0000  -22.5000 2570.2627   19.8973
    7.5000   15.0000  -22.5000 2554.1580   20.0068
   -7.5000   22.5000  -22.5000 2521.8027   20.7363
    0.0000   22.5000  -22.5000 2545.7102   20.3595
    7.5000   22.5000  -22.5000 2526.9580   20.4887
   -7.5000   30.0000  -22.5000 2457.7883   21.6903
    0.0000   30.0000  -22.5000 2482.5054   21.3477
    7.5000   30.0000  -22.5000 2466.8110   21.4748
   -7.5000   37.5000  -22.5000 2377.9922   23.1474
    0.0000   37.5000  -22.5000 2396.1082   22.8879
    7.5000   37.5000  -22.5000 2378.9460   22.9631
   -7.5000   45.0000  -22.5000 2265.0366   25.2314
    0.0000   45.0000  -22.5000 2284.8638   24.8784
    7.5000   45.0000  -22.5000 2264.8374   24.9484
   -7.5000  -45.0000  -15.0000 2090.0186   33.2597
    0.0000  -45.0000  -15.0000 2101.4287   32.6242
    7.5000  -45.0000  -15.0000 2082.6328   32.4784
   -7.5000  -37.5000  -15.0000 2224.2395   29.3082
    0.0000  -37.5000  -15.0000 2237.5955   28.7167
    7.5000  -37.5000  -15.0000 2212.7854   28.6249
   -7.5000  -30.0000  -15.0000 2341.3499   26.1944
    0.0000  -30.0000  -15.0000 2352.0005   25.6228
    7.5000  -30.0000  -15.0000 2330.2444   25.5963
   -7.5000  -22.5000  -15.0000 2430.0476   23.7402
    0.0000  -22.5000  -15.0000 2446.0588   23.2223
    7.5000  -22.5000  -15.0000 2432.3069   23.2300
   -7.5000  -15.0000  -15.0000 2504.5862   21.9503
    0.0000  -15.0000  -15.0000 2524.4136   21.4804
    7.5000  -15.0000  -15.0000 2513.0649   21.4141
   -7.5000   -7.5000  -15.0000 2557.0837   20.6360
    0.0000   -7.5000  -15.0000 2579.2136   20.1082
    7.5000   -7.5000  -15.0000 2574.5430   20.1829
   -7.5000    0.0000  -15.0000 2597.4719   19.6249
    0.0000    0.0000  -15.0000 2614.5935   19.2089
    7.5000    0.0000  -15.0000 2610.1682   19.3356
   -7.5000    7.5000  -15.0000 2633.2024   19.2251
    0.0000    7.5000  -15.0000 2652.2166   18.8526
    7.5000    7.5000  -15.0000 2643.7937   18.9709
   -7.5000   15.0000  -15.0000 2637.4558   19.2748
    0.0000   15.0000  -15.0000 2666.8501   18.8884
    7.5000   15.0000  -15.0000 2650.2578   19.0498
   -7.5000   22.5000  -15.0000 2611.3608   19.7263
    0.0000   22.5000  -15.0000 2642.8931   19.3588
    7.5000   22.5000  -15.0000 2626.6550   19.5452
   -7.5000   30.0000  -15.0000 2549.7075   20.6677
    0.0000   30.0000  -15.0000 2574.6272   20.3472
    7.5000   30.0000  -15.0000 2563.0217   20.5217
   -7.5000   37.5000  -15.0000 2460.1384   22.1015
    0.0000   37.5000  -15.0000 2482.3784   21.7779
    7.5000   37.5000  -15.0000 2468.0203   21.9392
   -7.5000   45.0000  -15.0000 2344.6584   24.1100
    0.0000   45.0000  -15.0000 2361.8667   23.7159
    7.5000   45.0000  -15.0000 2350.4978   23.8534
   -7.5000  -45.0000   -7.5000 2108.1453   32.5165
    0.0000  -45.0000   -7.5000 2131.7524   31.7595
    7.5000  -45.0000   -7.5000 2115.1226   31.6677
   -7.5000  -37.5000   -7.5000 2247.2751   28.6429
    0.0000  -37.5000   -7.5000 2270.3347   27.9525
    7.5000  -37.5000   -7.5000 2254.2666   27.8760
   -7.5000  -30.0000   -7.5000 2364.6116   25.4991
    0.0000  -30.0000   -7.5000 2386.9893   24.8783
    7.5000  -30.0000   -7.5000 2372.9819   24.8546
   -7.5000  -22.5000   -7.5000 2464.3098   23.0473
    0.0000  -22.5000   -7.5000 2493.4412   22.5028
    7.5000  -22.5000   -7.5000 2487.1416   22.5292
   -7.5000  -15.0000   -7.5000 2548.1533   21.2589
    0.0000  -15.0000   -7.5000 2575.5725   20.7101
    7.5000  -15.0000   -7.5000 2575.1479   20.7017
   -7.5000   -7.5000   -7.5000 2614.0010   19.9285
    0.0000   -7.5000   -7.5000 2648.3201   19.4141
    7.5000   -7.5000   -7.5000 2643.5823   19.4081
   -7.5000    0.0000   -7.5000 2657.1538   18.7606
    0.0000    0.0000   -7.5000 2684.9231   18.3047
    7.5000    0.0000   -7.5000 2683.4377   18.4217
   -7.5000    7.5000   -7.5000 2696.9829   18.2015
    0.0000    7.5000   -7.5000 2720.4243   17.7829
    7.5000    7.5000   -7.5000 2719.8359   17.9607
   -7.5000   15.0000   -7.5000 2700.7917   18.2350
    0.0000   15.0000   -7.5000 2730.8315   17.8140
    7.5000   15.0000   -7.5000 2728.2769   17.9685
   -7.5000   22.5000   -7.5000 2676.9832   18.7168
    0.0000   22.5000   -7.5000 2708.2148   18.3141
    7.5000   22.5000   -7.5000 2706.5312   18.4514
   -7.5000   30.0000   -7.5000 2616.3506   19.6750
    0.0000   30.0000   -7.5000 2641.9656   19.2564
    7.5000   30.0000   -7.5000 2642.3601   19.4239
   -7.5000   37.5000   -7.5000 2524.6575   21.1044
    0.0000   37.5000   -7.5000 2546.2542   20.7218
    7.5000   37.5000   -7.5000 2538.9902   20.9331
   -7.5000   45.0000   -7.5000 2401.0195   23.0568
    0.0000   45.0000   -7.5000 2420.2896   22.6156
    7.5000   45.0000   -7.5000 2410.6094   22.8522
   -7.5000  -45.0000    0.0000 2098.7417   32.2490
    0.0000  -45.0000    0.0000 2119.1941   31.2831
    7.5000  -45.0000    0.0000 2109.2024   31.2074
   -7.5000  -37.5000    0.0000 2240.1997   28.2967
    0.0000  -37.5000    0.0000 2262.5916   27.4990
    7.5000  -37.5000    0.0000 2249.8086   27.4427
   -7.5000  -30.0000    0.0000 2361.4570   25.1309
    0.0000  -30.0000    0.0000 2392.3770   24.4554
    7.5000  -30.0000    0.0000 2382.6860   24.4401
   -7.5000  -22.5000    0.0000 2469.3169   22.7049
    0.0000  -22.5000    0.0000 2507.3992   22.0790
    7.5000  -22.5000    0.0000 2503.8079   22.1031
   -7.5000  -15.0000    0.0000 2566.9714   20.8736
    0.0000  -15.0000    0.0000 2610.2578   20.3237
    7.5000  -15.0000    0.0000 2610.9033   20.2943
   -7.5000   -7.5000    0.0000 2650.9119   19.5309
    0.0000   -7.5000    0.0000 2690.9150   18.9728
    7.5000   -7.5000    0.0000 2685.7612   18.9259
   -7.5000    0.0000    0.0000 2697.4539   18.2637
    0.0000    0.0000    0.0000 2727.3435   17.7221
    7.5000    0.0000    0.0000 2735.0010   17.8135
   -7.5000    7.5000    0.0000 2743.4177   17.5152
    0.0000    7.5000    0.0000 2760.9133   17.0066
    7.5000    7.5000    0.0000 2762.2078   17.1440
   -7.5000   15.0000    0.0000 2739.9827   17.4197
    0.0000   15.0000    0.0000 2763.7349   16.9894
    7.5000   15.0000    0.0000 2762.0938   17.0921
   -7.5000   22.5000    0.0000 2709.0396   17.9602
    0.0000   22.5000    0.0000 2739.1851   17.5050
    7.5000   22.5000    0.0000 2740.4814   17.6753
   -7.5000   30.0000    0.0000 2641.6079   18.9678
    0.0000   30.0000    0.0000 2671.8040   18.5172
    7.5000   30.0000    0.0000 2672.0195   18.7641
   -7.5000   37.5000    0.0000 2552.3384   20.3984
    0.0000   37.5000    0.0000 2575.6587   19.9599
    7.5000   37.5000    0.0000 2567.1338   20.2534
   -7.5000   45.0000    0.0000 2429.7075   22.2666
    0.0000   45.0000    0.0000 2452.1860   21.8006
    7.5000   45.0000    0.0000 2439.5400   22.0805
   -7.5000  -45.0000    7.5000 2105.6123   32.8627
    0.0000  -45.0000    7.5000 2109.9924   31.6453
    7.5000  -45.0000    7.5000 2104.3562   31.6606
   -7.5000  -37.5000    7.5000 2247.7339   28.7071
    0.0000  -37.5000    7.5000 2252.4917   27.6953
    7.5000  -37.5000    7.5000 2246.6746   27.6885
   -7.5000  -30.0000    7.5000 2374.5129   25.4353
    0.0000  -30.0000    7.5000 2385.3628   24.5738
    7.5000  -30.0000    7.5000 2378.6487   24.5003
   -7.5000  -22.5000    7.5000 2483.4648   22.9388
    0.0000  -22.5000    7.5000 2503.2964   22.2019
    7.5000  -22.5000    7.5000 2504.8855   22.0968
   -7.5000  -15.0000    7.5000 2588.8872   21.0719
    0.0000  -15.0000    7.5000 2618.1775   20.4405
    7.5000  -15.0000    7.5000 2615.6091   20.2954
   -7.5000   -7.5000    7.5000 2689.8547   19.7473
    0.0000   -7.5000    7.5000 2714.5337   19.2328
    7.5000   -7.5000    7.5000 2702.6831   18.8815
   -7.5000    0.0000    7.5000 2742.0940   18.2458
    0.0000    0.0000    7.5000 2754.2351   17.7199
    7.5000    0.0000    7.5000 2740.5667   17.5281
   -7.5000    7.5000    7.5000 2766.7822   17.1328
    0.0000    7.5000    7.5000 2761.6353   16.6304
    7.5000    7.5000    7.5000 2759.2705   16.6867
   -7.5000   15.0000    7.5000 2772.8977   17.1395
    0.0000   15.0000    7.5000 2767.5535   16.5589
    7.5000   15.0000    7.5000 2769.1978   16.8049
   -7.5000   22.5000    7.5000 2744.6228   17.7450
    0.0000   22.5000    7.5000 2747.8813   17.2393
    7.5000   22.5000    7.5000 2745.6672   17.4443
   -7.5000   30.0000    7.5000 2680.5266   18.7720
    0.0000   30.0000    7.5000 2682.2278   18.2967
    7.5000   30.0000    7.5000 2680.4783   18.4720
   -7.5000   37.5000    7.5000 2591.7432   20.2390
    0.0000   37.5000    7.5000 2586.1135   19.7450
    7.5000   37.5000    7.5000 2584.7871   19.9072
   -7.5000   45.0000    7.5000 2474.8020   22.2134
    0.0000   45.0000    7.5000 2474.3608   21.6206
    7.5000   45.0000    7.5000 2466.8687   21.8075
   -7.5000  -45.0000   15.0000 2078.1392   33.6784
    0.0000  -45.0000   15.0000 2090.7449   32.5167
    7.5000  -45.0000   15.0000 2078.4666   32.2813
   -7.5000  -37.5000   15.0000 2225.4285   29.3666
    0.0000  -37.5000   15.0000 2243.0781   28.3999
    7.5000  -37.5000   15.0000 2232.5137   28.2348
   -7.5000  -30.0000   15.0000 2358.3428   26.0184
    0.0000  -30.0000   15.0000 2379.7793   25.2126
    7.5000  -30.0000   15.0000 2368.5911   24.9984
   -7.5000  -22.5000   15.0000 2481.5024   23.4827
    0.0000  -22.5000   15.0000 2509.2380   22.7806
    7.5000  -22.5000   15.0000 2500.0442   22.5289
   -7.5000  -15.0000   15.0000 2602.1731   21.7115
    0.0000  -15.0000   15.0000 2627.2490   21.0639
    7.5000  -15.0000   15.0000 2611.7476   20.6594
   -7.5000   -7.5000   15.0000 2706.0300   20.3291
    0.0000   -7.5000   15.0000 2729.2659   19.8290
    7.5000   -7.5000   15.0000 2695.4102   19.1531
   -7.5000    0.0000   15.0000 2765.5432   18.7746
    0.0000    0.0000   15.0000 2777.6021   18.3872
    7.5000    0.0000   15.0000 2733.2224   17.7878
   -7.5000    7.5000   15.0000 2793.1423   17.6954
    0.0000    7.5000   15.0000 2779.9568   17.1919
    7.5000    7.5000   15.0000 2755.9226   17.0920
   -7.5000   15.0000   15.0000 2791.7720   17.4842
    0.0000   15.0000   15.0000 2790.1814   17.0606
    7.5000   15.0000   15.0000 2761.6765   17.0486
   -7.5000   22.5000   15.0000 2754.7188   17.9484
    0.0000   22.5000   15.0000 2759.7522   17.5914
    7.5000   22.5000   15.0000 2738.7432   17.5852
   -7.5000   30.0000   15.0000 2683.7644   18.9306
    0.0000   30.0000   15.0000 2683.7712   18.5833
    7.5000   30.0000   15.0000 2669.0615   18.5860
   -7.5000   37.5000   15.0000 2590.0664   20.4099
    0.0000   37.5000   15.0000 2593.9082   20.0385
    7.5000   37.5000   15.0000 2572.8933   20.0242
   -7.5000   45.0000   15.0000 2470.6167   22.3661
    0.0000   45.0000   15.0000 2490.5393   21.9761
    7.5000   45.0000   15.0000 2456.8013   21.9298
   -7.5000  -45.0000   22.5000 2051.2280   35.0346
    0.0000  -45.0000   22.5000 2073.5024   33.8104
    7.5000  -45.0000   22.5000 2064.5283   33.5824
   -7.5000  -37.5000   22.5000 2194.2993   30.3813
    0.0000  -37.5000   22.5000 2215.2202   29.2568
    7.5000  -37.5000   22.5000 2213.6726   29.0493
   -7.5000  -30.0000   22.5000 2328.5808   26.9376
    0.0000  -30.0000   22.5000 2354.1096   25.8985
    7.5000  -30.0000   22.5000 2351.9417   25.5796
   -7.5000  -22.5000   22.5000 2457.3667   24.3579
    0.0000  -22.5000   22.5000 2484.0056   23.4918
    7.5000  -22.5000   22.5000 2475.3103   23.0512
   -7.5000  -15.0000   22.5000 2579.2991   22.5191
    0.0000  -15.0000   22.5000 2603.8916   21.8238
    7.5000  -15.0000   22.5000 2587.2930   21.2377
   -7.5000   -7.5000   22.5000 2688.1257   20.9995
    0.0000   -7.5000   22.5000 2716.9429   20.5602
    7.5000   -7.5000   22.5000 2674.9138   19.7780
   -7.5000    0.0000   22.5000 2761.9658   19.6292
    0.0000    0.0000   22.5000 2776.0413   19.2018
    7.5000    0.0000   22.5000 2729.3325   18.6744
   -7.5000    7.5000   22.5000 2805.7368   18.9414
    0.0000    7.5000   22.5000 2830.1257   18.6045
    7.5000    7.5000   22.5000 2770.0862   18.1753
   -7.5000   15.0000   22.5000 2803.2434   18.6011
    0.0000   15.0000   22.5000 2840.5933   18.3880
    7.5000   15.0000   22.5000 2768.9377   18.0533
   -7.5000   22.5000   22.5000 2741.1755   18.7698
    0.0000   22.5000   22.5000 2776.5862   18.6075
    7.5000   22.5000   22.5000 2722.7119   18.4245
   -7.5000   30.0000   22.5000 2655.2896   19.5394
    0.0000   30.0000   22.5000 2675.9915   19.3222
    7.5000   30.0000   22.5000 2644.1045   19.2820
   -7.5000   37.5000   22.5000 2564.0342   20.8506
    0.0000   37.5000   22.5000 2574.2952   20.5468
    7.5000   37.5000   22.5000 2555.5166   20.5281
   -7.5000   45.0000   22.5000 2446.6284   22.6693
    0.0000   45.0000   22.5000 2462.6760   22.2598
    7.5000   45.0000   22.5000 2441.6763   22.3382
   -7.5000  -45.0000   30.0000 2022.0758   37.1101
    0.0000  -45.0000   30.0000 2036.9331   35.5659
    7.5000  -45.0000   30.0000 2027.4802   35.1260
   -7.5000  -37.5000   30.0000 2174.4463   32.2656
    0.0000  -37.5000   30.0000 2188.4873   30.8942
    7.5000  -37.5000   30.0000 2176.0193   30.4653
   -7.5000  -30.0000   30.0000 2310.8308   28.4767
    0.0000  -30.0000   30.0000 2328.6072   27.2602
    7.5000  -30.0000   30.0000 2307.7131   26.8839
   -7.5000  -22.5000   30.0000 2428.4224   25.6235
    0.0000  -22.5000   30.0000 2449.8943   24.6557
    7.5000  -22.5000   30.0000 2438.9143   24.3200
   -7.5000  -15.0000   30.0000 2539.7087   23.4934
    0.0000  -15.0000   30.0000 2555.8293   22.7251
    7.5000  -15.0000   30.0000 2556.1389   22.3125
   -7.5000   -7.5000   30.0000 2639.3203   21.7569
    0.0000   -7.5000   30.0000 2644.1746   20.9419
    7.5000   -7.5000   30.0000 2653.1179   20.7864
   -7.5000    0.0000   30.0000 2705.8628   20.4728
    0.0000    0.0000   30.0000 2716.1621   19.7394
    7.5000    0.0000   30.0000 2708.9917   19.7574
   -7.5000    7.5000   30.0000 2752.7598   19.9307
    0.0000    7.5000   30.0000 2769.5708   19.3380
    7.5000    7.5000   30.0000 2755.0142   19.3283
   -7.5000   15.0000   30.0000 2754.0776   19.8152
    0.0000   15.0000   30.0000 2772.7019   19.3422
    7.5000   15.0000   30.0000 2748.7114   19.3231
   -7.5000   22.5000   30.0000 2718.9216   20.1018
    0.0000   22.5000   30.0000 2738.0645   19.7236
    7.5000   22.5000   30.0000 2714.4172   19.7520
   -7.5000   30.0000   30.0000 2642.4285   20.7782
    0.0000   30.0000   30.0000 2660.1997   20.5471
    7.5000   30.0000   30.0000 2635.1289   20.5963
   -7.5000   37.5000   30.0000 2529.7612   21.9803
    0.0000   37.5000   30.0000 2548.5564   21.7149
    7.5000   37.5000   30.0000 2528.3071   21.7492
   -7.5000   45.0000   30.0000 2403.9495   23.6191
    0.0000   45.0000   30.0000 2418.1562   23.2563
    7.5000   45.0000   30.0000 2402.1304   23.2965
   -7.5000  -45.0000   37.5000 1966.2761   39.1989
    0.0000  -45.0000   37.5000 1991.0677   37.6704
    7.5000  -45.0000   37.5000 1985.4814   37.2326
   -7.5000  -37.5000   37.5000 2117.8052   33.9519
    0.0000  -37.5000   37.5000 2139.1450   32.5977
    7.5000  -37.5000   37.5000 2130.6792   32.3220
   -7.5000  -30.0000   37.5000 2244.2065   29.8944
    0.0000  -30.0000   37.5000 2267.4182   28.7258
    7.5000  -30.0000   37.5000 2273.4221   28.6425
   -7.5000  -22.5000   37.5000 2359.4792   26.7196
    0.0000  -22.5000   37.5000 2383.9336   25.7260
    7.5000  -22.5000   37.5000 2399.1279   25.7916
   -7.5000  -15.0000   37.5000 2477.0195   24.4131
    0.0000  -15.0000   37.5000 2484.6843   23.4606
    7.5000  -15.0000   37.5000 2514.4263   23.5534
   -7.5000   -7.5000   37.5000 2570.8254   22.6951
    0.0000   -7.5000   37.5000 2579.7004   21.7791
    7.5000   -7.5000   37.5000 2596.5557   21.9364
   -7.5000    0.0000   37.5000 2642.2900   21.5461
    0.0000    0.0000   37.5000 2647.3708   20.7845
    7.5000    0.0000   37.5000 2654.9907   20.9766
   -7.5000    7.5000   37.5000 2682.1594   21.1233
    0.0000    7.5000   37.5000 2687.5366   20.4786
    7.5000    7.5000   37.5000 2685.6023   20.6027
   -7.5000   15.0000   37.5000 2679.7144   21.0595
    0.0000   15.0000   37.5000 2686.9834   20.4964
    7.5000   15.0000   37.5000 2671.0698   20.5751
   -7.5000   22.5000   37.5000 2642.9771   21.3941
    0.0000   22.5000   37.5000 2659.7483   20.8730
    7.5000   22.5000   37.5000 2641.9253   20.9737
   -7.5000   30.0000   37.5000 2575.7710   22.1038
    0.0000   30.0000   37.5000 2593.4939   21.6252
    7.5000   30.0000   37.5000 2579.0413   21.7921
   -7.5000   37.5000   37.5000 2491.8264   23.3428
    0.0000   37.5000   37.5000 2506.8977   22.9312
    7.5000   37.5000   37.5000 2488.5349   23.0340
   -7.5000   45.0000   37.5000 2361.6843   24.9170
    0.0000   45.0000   37.5000 2374.0535   24.5731
    7.5000   45.0000   37.5000 2358.0093   24.6792
   -7.5000  -45.0000   45.0000 1908.9073   41.5272
    0.0000  -45.0000   45.0000 1931.5126   39.9830
    7.5000  -45.0000   45.0000 1926.3406   39.6268
   -7.5000  -37.5000   45.0000 2043.7159   35.5442
    0.0000  -37.5000   45.0000 2069.5154   34.3385
    7.5000  -37.5000   45.0000 2071.9517   34.3289
   -7.5000  -30.0000   45.0000 2161.0630   31.1711
    0.0000  -30.0000   45.0000 2190.0264   30.0437
    7.5000  -30.0000   45.0000 2207.8142   30.3362
   -7.5000  -22.5000   45.0000 2290.4275   28.0555
    0.0000  -22.5000   45.0000 2309.3999   26.9559
    7.5000  -22.5000   45.0000 2334.3591   27.3158
   -7.5000  -15.0000   45.0000 2400.5535   25.7043
    0.0000  -15.0000   45.0000 2414.5039   24.7303
    7.5000  -15.0000   45.0000 2437.0403   24.9497
   -7.5000   -7.5000   45.0000 2494.2153   24.0809
    0.0000   -7.5000   45.0000 2503.3914   23.1361
    7.5000   -7.5000   45.0000 2517.5525   23.4175
   -7.5000    0.0000   45.0000 2556.8652   23.0455
    0.0000    0.0000   45.0000 2560.1450   22.2475
    7.5000    0.0000   45.0000 2568.5544   22.4509
   -7.5000    7.5000   45.0000 2589.0264   22.6649
    0.0000    7.5000   45.0000 2590.3291   21.9211
    7.5000    7.5000   45.0000 2597.3762   22.0764
   -7.5000   15.0000   45.0000 2585.8186   22.6255
    0.0000   15.0000   45.0000 2582.6382   21.9686
    7.5000   15.0000   45.0000 2586.8074   22.1012
   -7.5000   22.5000   45.0000 2551.1880   22.9151
    0.0000   22.5000   45.0000 2555.6799   22.3163
    7.5000   22.5000   45.0000 2552.4314   22.4424
   -7.5000   30.0000   45.0000 2482.0186   23.5306
    0.0000   30.0000   45.0000 2500.2419   23.0002
    7.5000   30.0000   45.0000 2490.3145   23.1394
   -7.5000   37.5000   45.0000 2410.7380   24.5752
    0.0000   37.5000   45.0000 2424.2688   24.1591
    7.5000   37.5000   45.0000 2408.5305   24.2922
   -7.5000   45.0000   45.0000 2289.7451   26.2098
    0.0000   45.0000   45.0000 2298.6965   25.8434
    7.5000   45.0000   45.0000 2288.1443   25.9417

---------------------------------------------------------------------
imgreg_4dfp /opt/freesurfer/average/711-2C_as_mni_average_305 /opt/freesurfer/average/711-2B_as_mni_average_305_mask talsrcimg_g11 none talsrcimg_to_711-2C_as_mni_average_305_t4 1283
---------------------------------------------------------------------

freesurfer imgreg_4dfp.c
/opt/freesurfer/average/711-2C_as_mni_average_305.4dfp.img
       256       256       256         1
  1.000000  1.000000  1.000000
orientation T byte_order littleendian
Reading image: /opt/freesurfer/average/711-2C_as_mni_average_305.4dfp.img
dimensions:      256       256       256
mmppix:       1.0000   -1.0000   -1.0000
center:     128.0000 -129.0000 -129.0000
/opt/freesurfer/average/711-2B_as_mni_average_305_mask.4dfp.img
       256       256       256         1
  1.000000  1.000000  1.000000
orientation T byte_order littleendian
Reading mask: /opt/freesurfer/average/711-2B_as_mni_average_305_mask.4dfp.img (2306576 pixels)
talsrcimg_g11.4dfp.img
       256       256       256         1
  1.000000  1.000000  1.000000
orientation T byte_order littleendian
Reading image: talsrcimg_g11.4dfp.img
dimensions:      256       256       256
mmppix:       1.0000   -1.0000   -1.0000
center:     128.0000 -129.0000 -129.0000
rotation matrix determinant  1.000000
fimgreg.f
image alignment mode   1283 decimal      503 hex
parameters
    0.0000   15.0000   22.5000    0.0000    0.0000    0.0000
eta,q 0.89054 18.46829
niter,ni,del,rscale     5    3   12.0000    1.2000
parameter  4  0.527066 ->  0.500000 qaram    1.1500
parameters
   -1.0332   13.2248   22.4294   -3.4500   -0.4426   -1.9066
eta,q 0.89549 18.50487
  0.1198  0.1119  0.1195  0.1059  0.1120  0.1059
  0.1129  0.1086  0.1107  0.1049  0.1085  0.1051
  0.1068  0.1070  0.1076  0.1053  0.1056  0.1045
  0.1061  0.1055  0.1063  0.1063  0.1049  0.1047
  0.1137  0.1100  0.1073  0.1083  0.1064  0.1060
  0.1233  0.1203  0.1120  0.1120  0.1100  0.1076
  0.1284  0.1289  0.1197  0.1169  0.1145  0.1089
niter,ni,del,rscale     5    3   12.0000    1.2000
parameter  4  0.659414 ->  0.500000 qaram    1.3225
parameter  6  1.044856 ->  0.500000 qaram    1.1500
parameters
   -0.8539   13.8119   21.7997   -7.4175   -0.2993   -5.3566
eta,q 0.89644 18.53268
  0.1203  0.1092  0.1136  0.1016  0.1093  0.1029
  0.1150  0.1083  0.1060  0.1042  0.1075  0.1035
  0.1088  0.1063  0.1038  0.1037  0.1056  0.1039
  0.1045  0.1043  0.1039  0.1037  0.1043  0.1042
  0.1048  0.1035  0.1054  0.1044  0.1047  0.1048
  0.1115  0.1044  0.1102  0.1069  0.1067  0.1060
  0.1210  0.1097  0.1184  0.1117  0.1094  0.1075
niter,ni,del,rscale     6    3   12.0000    1.2000
parameter  4  0.800498 ->  0.500000 qaram    1.5209
parameters
   -0.9970   13.6451   20.3521  -11.9801   -0.6501   -5.7658
eta,q 0.90431 18.30675
  0.1128  0.1063  0.1096  0.0986  0.1022  0.0995
  0.1086  0.1017  0.1008  0.0954  0.0995  0.0983
  0.1058  0.1024  0.0992  0.0975  0.0970  0.0968
  0.1036  0.1036  0.1036  0.1001  0.0955  0.0956
  0.1041  0.1033  0.1071  0.1020  0.0964  0.0963
  0.1084  0.1031  0.1103  0.1039  0.1000  0.0984
  0.1150  0.1055  0.1151  0.1071  0.1048  0.1011
niter,ni,del,rscale     6    3   12.0000    1.2000
parameters
   -1.2248   13.3935   20.6234  -12.1451   -0.5576   -5.8518
eta,q 0.90396 18.33877
  0.1059  0.1061  0.1149  0.1017  0.1028  0.1001
  0.1011  0.1007  0.1011  0.1036  0.1002  0.0990
  0.0978  0.0965  0.0947  0.0984  0.0979  0.0974
  0.0957  0.0959  0.0957  0.0962  0.0961  0.0960
  0.0957  0.0998  0.0995  0.0991  0.0963  0.0965
  0.1023  0.1037  0.1036  0.1012  0.0990  0.0984
  0.1086  0.1054  0.1073  0.1036  0.1035  0.1012
niter,ni,del,rscale     5    3   12.0000    1.2000
parameters
   -1.2851   13.5670   20.6974  -12.3722   -0.5329   -5.8171
eta,q 0.90374 18.33664
  0.1066  0.1080  0.1136  0.1017  0.1028  0.1003
  0.1017  0.1022  0.1002  0.1036  0.1002  0.0993
  0.0980  0.0975  0.0948  0.0989  0.0980  0.0978
  0.0960  0.0961  0.0962  0.0963  0.0963  0.0963
  0.0954  0.0994  0.1000  0.0994  0.0965  0.0966
  0.1015  0.1032  0.1040  0.1014  0.0992  0.0984
  0.1084  0.1050  0.1081  0.1038  0.1037  0.1011
niter,ni,del,rscale     4    3   12.0000    1.2000
parameters
   -1.3053   13.7479   20.7327  -12.5470   -0.4803   -5.6849
eta,q 0.90358 18.33144
  0.1068  0.1080  0.1134  0.1020  0.1029  0.1003
  0.1020  0.1021  0.1003  0.1035  0.1004  0.0994
  0.0984  0.0974  0.0950  0.0993  0.0981  0.0980
  0.0963  0.0963  0.0965  0.0965  0.0965  0.0965
  0.0954  0.0997  0.1000  0.0995  0.0967  0.0966
  0.1013  0.1031  0.1042  0.1016  0.0992  0.0984
  0.1085  0.1048  0.1086  0.1038  0.1038  0.1010
niter,ni,del,rscale     3    3   12.0000    1.2000
parameters
   -1.3263   13.9058   20.7684  -12.6818   -0.3763   -5.5453
eta,q 0.90351 18.32710
  0.1069  0.1078  0.1134  0.1022  0.1032  0.1003
  0.1023  0.1020  0.1005  0.1035  0.1006  0.0996
  0.0987  0.0973  0.0952  0.0996  0.0983  0.0982
  0.0964  0.0964  0.0966  0.0966  0.0966  0.0966
  0.0954  0.1000  0.0999  0.0996  0.0968  0.0967
  0.1014  0.1030  0.1042  0.1019  0.0993  0.0985
  0.1088  0.1047  0.1089  0.1038  0.1038  0.1010
niter,ni,del,rscale     2    3   12.0000    1.2000
parameters
   -1.3597   14.0225   20.7847  -12.7844   -0.2782   -5.4424
eta,q 0.90337 18.32266
  0.1069  0.1076  0.1133  0.1024  0.1033  0.1003
  0.1025  0.1018  0.1006  0.1035  0.1007  0.0997
  0.0989  0.0972  0.0953  0.0998  0.0983  0.0982
  0.0965  0.0965  0.0967  0.0967  0.0967  0.0967
  0.0955  0.1003  0.0998  0.0997  0.0969  0.0969
  0.1017  0.1031  0.1042  0.1020  0.0994  0.0987
  0.1090  0.1046  0.1092  0.1038  0.1039  0.1011
niter,ni,del,rscale     1    3   12.0000    1.2000
parameters
   -1.4047   14.1069   20.7888  -12.8753   -0.2066   -5.3947
eta,q 0.90323 18.31945
  0.1070  0.1075  0.1133  0.1026  0.1034  0.1003
  0.1027  0.1017  0.1008  0.1035  0.1007  0.0997
  0.0992  0.0971  0.0955  0.0999  0.0984  0.0983
  0.0966  0.0967  0.0968  0.0968  0.0968  0.0968
  0.0956  0.1005  0.0999  0.0998  0.0970  0.0971
  0.1019  0.1031  0.1043  0.1022  0.0995  0.0989
  0.1092  0.1046  0.1095  0.1038  0.1041  0.1011
registration optimization eta report
parameter search radius
    6.0000    6.0000    6.0000    9.1253    6.0000    6.9000
100000*second partial in parameter space
       33.       24.       42.        6.       19.        8.
  0.1070  0.1075  0.1133  0.1026  0.1034  0.1003
  0.1027  0.1017  0.1008  0.1035  0.1007  0.0997
  0.0992  0.0971  0.0955  0.0999  0.0984  0.0983
  0.0966  0.0967  0.0968  0.0968  0.0968  0.0968
  0.0956  0.1005  0.0999  0.0998  0.0970  0.0971
  0.1019  0.1031  0.1043  0.1022  0.0995  0.0989
  0.1092  0.1046  0.1095  0.1038  0.1041  0.1011
   -1.4047   14.1069   20.7888  -12.8753   -0.2066   -5.3947
eta,q 0.90323 18.31945

---------------------------------------------------------------------
imgreg_4dfp /opt/freesurfer/average/711-2C_as_mni_average_305 /opt/freesurfer/average/711-2B_as_mni_average_305_mask talsrcimg_g11 none talsrcimg_to_711-2C_as_mni_average_305_t4 3335
---------------------------------------------------------------------

freesurfer imgreg_4dfp.c
/opt/freesurfer/average/711-2C_as_mni_average_305.4dfp.img
       256       256       256         1
  1.000000  1.000000  1.000000
orientation T byte_order littleendian
Reading image: /opt/freesurfer/average/711-2C_as_mni_average_305.4dfp.img
dimensions:      256       256       256
mmppix:       1.0000   -1.0000   -1.0000
center:     128.0000 -129.0000 -129.0000
/opt/freesurfer/average/711-2B_as_mni_average_305_mask.4dfp.img
       256       256       256         1
  1.000000  1.000000  1.000000
orientation T byte_order littleendian
Reading mask: /opt/freesurfer/average/711-2B_as_mni_average_305_mask.4dfp.img (2306576 pixels)
talsrcimg_g11.4dfp.img
       256       256       256         1
  1.000000  1.000000  1.000000
orientation T byte_order littleendian
Reading image: talsrcimg_g11.4dfp.img
dimensions:      256       256       256
mmppix:       1.0000   -1.0000   -1.0000
center:     128.0000 -129.0000 -129.0000
fimgreg.f
image alignment mode   3335 decimal      D07 hex
parameters
   -1.4047   14.1069   20.7888   -0.4436   -2.9385   -2.5149
    9.0852    2.4449   -9.4015   22.1512   -0.3606  -22.2828
eta,q 0.90327 18.54253
niter,ni,del,rscale     5    3    5.0000    1.2000
parameter  3  0.910078 ->  0.500000 qaram    1.1500
parameter  4  0.994777 ->  0.500000 qaram    1.1500
parameter  5  3.025768 ->  0.500000 qaram    1.1500
parameter  7  0.565808 ->  0.500000 qaram    1.1500
parameter 11  1.908509 ->  0.500000 qaram    1.1500
parameter 12 -1.284840 -> -0.500000 qaram    1.1500
parameters
   -0.8546   14.1576   19.4088   -4.5836   -7.0785   -5.0503
    4.9452    0.6855  -10.2649   25.6480   -4.5006  -18.1428
eta,q 0.91571 18.07436
  0.1000  0.0983  0.0950  0.0901  0.0831  0.0885  0.0875  0.0882  0.0877  0.0916  0.0857  0.0908
  0.0985  0.0975  0.0947  0.0911  0.0859  0.0884  0.0873  0.0873  0.0874  0.0896  0.0858  0.0887
  0.0974  0.0968  0.0953  0.0925  0.0887  0.0875  0.0873  0.0872  0.0872  0.0882  0.0861  0.0871
  0.0967  0.0966  0.0965  0.0948  0.0914  0.0867  0.0876  0.0873  0.0872  0.0872  0.0864  0.0859
  0.0966  0.0967  0.0981  0.0988  0.0950  0.0888  0.0880  0.0876  0.0873  0.0866  0.0868  0.0849
  0.0970  0.0973  0.1000  0.1041  0.0991  0.0963  0.0886  0.0886  0.0876  0.0865  0.0872  0.0841
  0.0981  0.0983  0.1021  0.1097  0.1034  0.1086  0.0894  0.0905  0.0879  0.0873  0.0876  0.0836
niter,ni,del,rscale     7    3    5.0000    1.2000
parameter  3  2.354336 ->  0.500000 qaram    1.3225
parameter  4  0.834559 ->  0.500000 qaram    1.3225
parameter  5  2.992191 ->  0.500000 qaram    1.3225
parameter 10  0.506719 ->  0.500000 qaram    1.1500
parameter 11 -9.355297 ->  0.500000 qaram    1.3225
parameter 12 -1.639639 -> -0.500000 qaram    1.3225
parameters
   -1.4833   13.9100   17.8218   -9.3446  -11.8395   -7.2733
    7.0396   -0.1966   -9.9720   21.5080   -9.2616  -13.3818
eta,q 0.92726 17.22034
  0.0849  0.0851  0.0802  0.0778  0.0723  0.0759  0.0772  0.0772  0.0761  0.0751  0.0732  0.0772
  0.0845  0.0846  0.0813  0.0789  0.0743  0.0758  0.0765  0.0756  0.0757  0.0749  0.0737  0.0758
  0.0843  0.0843  0.0827  0.0802  0.0765  0.0755  0.0759  0.0753  0.0754  0.0749  0.0743  0.0748
  0.0843  0.0843  0.0842  0.0817  0.0793  0.0749  0.0755  0.0754  0.0753  0.0753  0.0749  0.0739
  0.0846  0.0845  0.0861  0.0839  0.0827  0.0753  0.0754  0.0760  0.0754  0.0760  0.0753  0.0732
  0.0854  0.0849  0.0883  0.0884  0.0861  0.0784  0.0756  0.0768  0.0756  0.0771  0.0758  0.0726
  0.0867  0.0855  0.0906  0.0949  0.0893  0.0842  0.0762  0.0777  0.0760  0.0790  0.0763  0.0721
niter,ni,del,rscale     7    3    5.0000    1.2000
parameter  2  1.504130 ->  0.500000 qaram    1.1500
parameter  3  5.178216 ->  0.500000 qaram    1.5209
parameter  4  0.660077 ->  0.500000 qaram    1.5209
parameter  5  3.940746 ->  0.500000 qaram    1.5209
parameter  6  0.598435 ->  0.500000 qaram    1.1500
parameter  9 -0.562006 -> -0.500000 qaram    1.1500
parameter 10 13.879601 ->  0.500000 qaram    1.3225
parameter 11 -1.062737 -> -0.500000 qaram    1.5209
parameter 12 -2.804439 ->  0.500000 qaram    1.5209
parameters
   -1.3541   12.5300   15.9967  -14.8198  -17.3146  -11.4133
    8.7893    2.8712   -5.8320   16.7470   -3.7864  -18.8570
eta,q 0.94547 16.65760
  0.0740  0.0718  0.0660  0.0660  0.0590  0.0605  0.0637  0.0642  0.0626  0.0545  0.0588  0.0532
  0.0733  0.0720  0.0679  0.0662  0.0613  0.0610  0.0626  0.0628  0.0618  0.0564  0.0581  0.0542
  0.0729  0.0723  0.0699  0.0670  0.0638  0.0616  0.0617  0.0618  0.0611  0.0583  0.0575  0.0553
  0.0727  0.0727  0.0720  0.0684  0.0664  0.0619  0.0611  0.0610  0.0606  0.0602  0.0569  0.0563
  0.0728  0.0733  0.0745  0.0706  0.0691  0.0624  0.0610  0.0606  0.0603  0.0623  0.0565  0.0571
  0.0731  0.0739  0.0771  0.0748  0.0724  0.0656  0.0614  0.0607  0.0603  0.0645  0.0562  0.0578
  0.0737  0.0747  0.0795  0.0815  0.0758  0.0699  0.0623  0.0613  0.0605  0.0665  0.0563  0.0583
niter,ni,del,rscale     7    3    5.0000    1.2000
parameter  2  3.061899 ->  0.500000 qaram    1.3225
parameter  3  3.079396 ->  0.500000 qaram    1.7490
parameter  5  0.713127 ->  0.500000 qaram    1.7490
parameters
   -0.5791   10.9430   13.8979  -13.2086  -23.6111  -13.2052
    9.6755    3.9756   -8.4415   12.2265   -4.4224  -14.0070
eta,q 0.96073 16.34887
  0.0577  0.0485  0.0394  0.0465  0.0402  0.0435  0.0432  0.0439  0.0408  0.0403  0.0400  0.0414
  0.0563  0.0499  0.0424  0.0451  0.0403  0.0421  0.0419  0.0423  0.0404  0.0396  0.0396  0.0405
  0.0552  0.0519  0.0459  0.0440  0.0411  0.0408  0.0410  0.0412  0.0402  0.0396  0.0396  0.0399
  0.0545  0.0543  0.0504  0.0433  0.0431  0.0404  0.0405  0.0405  0.0404  0.0402  0.0395  0.0395
  0.0543  0.0569  0.0557  0.0432  0.0481  0.0417  0.0406  0.0404  0.0408  0.0419  0.0394  0.0393
  0.0545  0.0597  0.0611  0.0438  0.0549  0.0446  0.0413  0.0411  0.0414  0.0449  0.0396  0.0393
  0.0553  0.0624  0.0660  0.0452  0.0621  0.0500  0.0423  0.0424  0.0424  0.0490  0.0403  0.0396
niter,ni,del,rscale     7    3    5.0000    1.2000
parameter  2  0.631110 ->  0.500000 qaram    1.5209
parameter  3  1.631897 ->  0.500000 qaram    2.0114
parameter  4 -0.611946 -> -0.500000 qaram    1.7490
parameters
   -0.0811    9.1179   11.4843   -6.9122  -22.9769  -11.8142
    9.7451    4.7836   -9.4680   12.1080   -4.1939  -13.3541
eta,q 0.96645 16.85666
  0.0420  0.0387  0.0332  0.0394  0.0396  0.0392  0.0361  0.0395  0.0350  0.0374  0.0356  0.0350
  0.0407  0.0382  0.0347  0.0375  0.0376  0.0376  0.0347  0.0359  0.0341  0.0353  0.0339  0.0342
  0.0398  0.0384  0.0364  0.0361  0.0359  0.0360  0.0339  0.0342  0.0336  0.0340  0.0336  0.0338
  0.0393  0.0392  0.0382  0.0351  0.0347  0.0345  0.0336  0.0336  0.0336  0.0336  0.0336  0.0336
  0.0392  0.0404  0.0405  0.0348  0.0342  0.0327  0.0340  0.0337  0.0340  0.0339  0.0336  0.0336
  0.0396  0.0420  0.0434  0.0346  0.0349  0.0322  0.0348  0.0347  0.0348  0.0352  0.0340  0.0340
  0.0404  0.0439  0.0474  0.0347  0.0403  0.0388  0.0359  0.0371  0.0358  0.0378  0.0352  0.0347
niter,ni,del,rscale     7    3    5.0000    1.2000
parameter  3  0.743099 ->  0.500000 qaram    2.3131
parameters
    0.0183    9.1301    8.7086  -10.4374  -22.2688  -13.9663
   10.0519    4.8466   -9.3020   14.4367   -5.4188  -12.4082
eta,q 0.96815 16.50174
  0.0360  0.0377  0.0314  0.0343  0.0360  0.0344  0.0348  0.0351  0.0340  0.0361  0.0329  0.0337
  0.0347  0.0353  0.0305  0.0325  0.0341  0.0332  0.0333  0.0332  0.0330  0.0341  0.0320  0.0328
  0.0339  0.0339  0.0317  0.0313  0.0324  0.0322  0.0323  0.0323  0.0323  0.0327  0.0319  0.0322
  0.0335  0.0335  0.0335  0.0307  0.0312  0.0310  0.0320  0.0320  0.0320  0.0320  0.0319  0.0319
  0.0337  0.0342  0.0359  0.0320  0.0307  0.0317  0.0323  0.0323  0.0322  0.0320  0.0322  0.0320
  0.0344  0.0355  0.0393  0.0392  0.0313  0.0376  0.0332  0.0332  0.0329  0.0324  0.0326  0.0324
  0.0356  0.0374  0.0440  0.0493  0.0366  0.0504  0.0343  0.0350  0.0339  0.0333  0.0332  0.0332
niter,ni,del,rscale     7    3    5.0000    1.2000
parameters
   -0.1163    9.8357    7.3181  -11.4042  -24.0773  -16.1245
    9.6583    4.8861   -8.7737   17.0501   -5.9968  -11.8893
eta,q 0.96870 16.16118
  0.0341  0.0373  0.0353  0.0360  0.0341  0.0335  0.0340  0.0343  0.0341  0.0354  0.0330  0.0333
  0.0328  0.0344  0.0312  0.0337  0.0326  0.0325  0.0327  0.0328  0.0329  0.0338  0.0318  0.0323
  0.0320  0.0326  0.0306  0.0319  0.0316  0.0318  0.0319  0.0319  0.0321  0.0325  0.0314  0.0316
  0.0318  0.0318  0.0318  0.0308  0.0310  0.0312  0.0317  0.0317  0.0317  0.0317  0.0313  0.0313
  0.0323  0.0319  0.0339  0.0305  0.0311  0.0313  0.0322  0.0321  0.0318  0.0313  0.0317  0.0315
  0.0332  0.0327  0.0365  0.0330  0.0328  0.0356  0.0331  0.0329  0.0325  0.0317  0.0323  0.0321
  0.0346  0.0341  0.0397  0.0406  0.0395  0.0464  0.0343  0.0342  0.0336  0.0329  0.0331  0.0329
niter,ni,del,rscale     6    3    5.0000    1.2000
parameters
   -0.0221   10.5923    6.3375  -11.5928  -25.7025  -17.9832
    8.9847    5.1457   -8.7739   18.4309   -6.1272  -12.1607
eta,q 0.96880 15.91695
  0.0340  0.0372  0.0351  0.0361  0.0340  0.0329  0.0333  0.0340  0.0338  0.0351  0.0329  0.0329
  0.0326  0.0343  0.0318  0.0338  0.0325  0.0320  0.0321  0.0325  0.0325  0.0335  0.0319  0.0320
  0.0317  0.0323  0.0309  0.0320  0.0314  0.0315  0.0314  0.0316  0.0316  0.0321  0.0314  0.0314
  0.0313  0.0313  0.0312  0.0309  0.0309  0.0310  0.0313  0.0313  0.0313  0.0313  0.0312  0.0312
  0.0315  0.0313  0.0327  0.0305  0.0312  0.0305  0.0318  0.0316  0.0316  0.0313  0.0315  0.0315
  0.0323  0.0322  0.0352  0.0321  0.0328  0.0335  0.0327  0.0324  0.0324  0.0321  0.0321  0.0321
  0.0336  0.0337  0.0384  0.0384  0.0382  0.0417  0.0339  0.0335  0.0338  0.0336  0.0329  0.0331
niter,ni,del,rscale     5    3    5.0000    1.2000
parameters
    0.1497   11.0079    5.7699  -11.4152  -26.2869  -19.0574
    8.6127    5.3272   -8.7135   19.1851   -6.3423  -12.2355
eta,q 0.96864 15.83174
  0.0339  0.0364  0.0352  0.0363  0.0346  0.0332  0.0335  0.0340  0.0338  0.0349  0.0330  0.0331
  0.0325  0.0336  0.0327  0.0341  0.0330  0.0322  0.0323  0.0325  0.0325  0.0332  0.0320  0.0321
  0.0316  0.0318  0.0316  0.0323  0.0318  0.0316  0.0315  0.0317  0.0317  0.0319  0.0315  0.0315
  0.0312  0.0312  0.0312  0.0312  0.0312  0.0312  0.0314  0.0314  0.0314  0.0314  0.0314  0.0314
  0.0313  0.0315  0.0321  0.0309  0.0312  0.0307  0.0318  0.0317  0.0316  0.0316  0.0316  0.0316
  0.0320  0.0326  0.0342  0.0321  0.0323  0.0318  0.0327  0.0325  0.0324  0.0325  0.0322  0.0322
  0.0332  0.0342  0.0372  0.0375  0.0366  0.0373  0.0338  0.0336  0.0337  0.0340  0.0330  0.0331
niter,ni,del,rscale     4    3    5.0000    1.2000
parameters
    0.2596   11.2381    5.4794  -11.3453  -26.6241  -19.4720
    8.3666    5.4399   -8.6436   19.6118   -6.4530  -12.2751
eta,q 0.96853 15.79343
  0.0338  0.0359  0.0354  0.0363  0.0348  0.0334  0.0336  0.0340  0.0338  0.0347  0.0331  0.0331
  0.0325  0.0333  0.0333  0.0341  0.0332  0.0324  0.0324  0.0326  0.0326  0.0331  0.0321  0.0322
  0.0317  0.0318  0.0320  0.0324  0.0321  0.0318  0.0317  0.0317  0.0318  0.0319  0.0316  0.0317
  0.0314  0.0313  0.0314  0.0314  0.0314  0.0314  0.0315  0.0315  0.0315  0.0315  0.0315  0.0315
  0.0315  0.0318  0.0319  0.0312  0.0314  0.0310  0.0318  0.0318  0.0317  0.0318  0.0317  0.0317
  0.0322  0.0330  0.0338  0.0324  0.0323  0.0312  0.0327  0.0326  0.0325  0.0327  0.0323  0.0323
  0.0335  0.0345  0.0367  0.0377  0.0363  0.0356  0.0338  0.0337  0.0338  0.0342  0.0331  0.0331
niter,ni,del,rscale     3    3    5.0000    1.2000
parameters
    0.3257   11.3672    5.3564  -11.3292  -26.8475  -19.6687
    8.2116    5.5004   -8.6099   19.8455   -6.5364  -12.2712
eta,q 0.96846 15.77094
  0.0338  0.0356  0.0356  0.0363  0.0348  0.0335  0.0337  0.0341  0.0338  0.0346  0.0332  0.0332
  0.0326  0.0331  0.0336  0.0342  0.0333  0.0325  0.0325  0.0326  0.0326  0.0330  0.0322  0.0323
  0.0318  0.0318  0.0322  0.0325  0.0322  0.0318  0.0318  0.0318  0.0318  0.0319  0.0317  0.0317
  0.0315  0.0315  0.0315  0.0315  0.0315  0.0315  0.0315  0.0315  0.0315  0.0315  0.0315  0.0315
  0.0317  0.0320  0.0319  0.0314  0.0315  0.0311  0.0319  0.0319  0.0318  0.0319  0.0318  0.0317
  0.0324  0.0331  0.0336  0.0326  0.0323  0.0311  0.0327  0.0327  0.0326  0.0328  0.0324  0.0323
  0.0336  0.0347  0.0364  0.0378  0.0362  0.0352  0.0338  0.0338  0.0338  0.0343  0.0331  0.0332
niter,ni,del,rscale     2    3    5.0000    1.2000
parameters
    0.3641   11.4335    5.3027  -11.3273  -26.9767  -19.7682
    8.1167    5.5355   -8.5859   19.9638   -6.5823  -12.2554
eta,q 0.96843 15.75819
  0.0338  0.0354  0.0357  0.0364  0.0349  0.0336  0.0338  0.0341  0.0338  0.0346  0.0333  0.0332
  0.0326  0.0330  0.0337  0.0342  0.0333  0.0326  0.0326  0.0326  0.0326  0.0329  0.0322  0.0323
  0.0318  0.0318  0.0323  0.0325  0.0322  0.0319  0.0318  0.0318  0.0319  0.0319  0.0317  0.0318
  0.0315  0.0315  0.0316  0.0316  0.0316  0.0316  0.0316  0.0316  0.0316  0.0316  0.0316  0.0316
  0.0317  0.0321  0.0319  0.0314  0.0315  0.0312  0.0319  0.0319  0.0318  0.0319  0.0318  0.0318
  0.0325  0.0332  0.0335  0.0326  0.0323  0.0311  0.0327  0.0327  0.0326  0.0328  0.0324  0.0323
  0.0337  0.0348  0.0363  0.0378  0.0360  0.0350  0.0338  0.0339  0.0338  0.0344  0.0332  0.0332
niter,ni,del,rscale     1    3    5.0000    1.2000
parameters
    0.3853   11.4691    5.2758  -11.3222  -27.0474  -19.8207
    8.0658    5.5505   -8.5720   20.0280   -6.6161  -12.2427
eta,q 0.96841 15.75170
  0.0338  0.0353  0.0357  0.0364  0.0349  0.0336  0.0339  0.0341  0.0338  0.0345  0.0333  0.0332
  0.0326  0.0330  0.0338  0.0342  0.0334  0.0326  0.0327  0.0326  0.0326  0.0329  0.0323  0.0323
  0.0319  0.0318  0.0324  0.0326  0.0323  0.0319  0.0318  0.0318  0.0319  0.0319  0.0318  0.0318
  0.0316  0.0316  0.0316  0.0316  0.0316  0.0316  0.0316  0.0316  0.0316  0.0316  0.0316  0.0316
  0.0318  0.0321  0.0319  0.0315  0.0315  0.0312  0.0319  0.0319  0.0318  0.0319  0.0318  0.0318
  0.0325  0.0333  0.0335  0.0327  0.0323  0.0311  0.0328  0.0328  0.0326  0.0329  0.0324  0.0324
  0.0338  0.0348  0.0362  0.0378  0.0360  0.0350  0.0338  0.0339  0.0338  0.0344  0.0332  0.0332
registration optimization eta report
parameter search radius
    2.4000    3.6501    5.5513   12.5928   12.5928    8.2800
    8.2800    7.2000    8.2800    9.5220   10.9503   10.9503
100000*second partial in parameter space
       39.       26.       14.        4.        2.        4.
        3.        5.        3.        3.        1.        1.
  0.0338  0.0353  0.0357  0.0364  0.0349  0.0336  0.0339  0.0341  0.0338  0.0345  0.0333  0.0332
  0.0326  0.0330  0.0338  0.0342  0.0334  0.0326  0.0327  0.0326  0.0326  0.0329  0.0323  0.0323
  0.0319  0.0318  0.0324  0.0326  0.0323  0.0319  0.0318  0.0318  0.0319  0.0319  0.0318  0.0318
  0.0316  0.0316  0.0316  0.0316  0.0316  0.0316  0.0316  0.0316  0.0316  0.0316  0.0316  0.0316
  0.0318  0.0321  0.0319  0.0315  0.0315  0.0312  0.0319  0.0319  0.0318  0.0319  0.0318  0.0318
  0.0325  0.0333  0.0335  0.0327  0.0323  0.0311  0.0328  0.0328  0.0326  0.0329  0.0324  0.0324
  0.0338  0.0348  0.0362  0.0378  0.0360  0.0350  0.0338  0.0339  0.0338  0.0344  0.0332  0.0332
    0.3853   11.4691    5.2758  -11.3222  -27.0474  -19.8207
    8.0658    5.5505   -8.5720   20.0280   -6.6161  -12.2427
eta,q 0.96841 15.75170

---------------------------------------------------------------------
imgreg_4dfp /opt/freesurfer/average/711-2C_as_mni_average_305 /opt/freesurfer/average/711-2B_as_mni_average_305_mask talsrcimg_g11 none talsrcimg_to_711-2C_as_mni_average_305_t4 2311
---------------------------------------------------------------------

freesurfer imgreg_4dfp.c
/opt/freesurfer/average/711-2C_as_mni_average_305.4dfp.img
       256       256       256         1
  1.000000  1.000000  1.000000
orientation T byte_order littleendian
Reading image: /opt/freesurfer/average/711-2C_as_mni_average_305.4dfp.img
dimensions:      256       256       256
mmppix:       1.0000   -1.0000   -1.0000
center:     128.0000 -129.0000 -129.0000
/opt/freesurfer/average/711-2B_as_mni_average_305_mask.4dfp.img
       256       256       256         1
  1.000000  1.000000  1.000000
orientation T byte_order littleendian
Reading mask: /opt/freesurfer/average/711-2B_as_mni_average_305_mask.4dfp.img (2306576 pixels)
talsrcimg_g11.4dfp.img
       256       256       256         1
  1.000000  1.000000  1.000000
orientation T byte_order littleendian
Reading image: talsrcimg_g11.4dfp.img
dimensions:      256       256       256
mmppix:       1.0000   -1.0000   -1.0000
center:     128.0000 -129.0000 -129.0000
fimgreg.f
image alignment mode   2311 decimal      907 hex
parameters
    0.3853   11.4691    5.2758  -11.3222  -27.0474  -19.8207
    8.0658    5.5505   -8.5720   20.0280   -6.6161  -12.2427
eta,q 0.96841 15.75170
niter,ni,del,rscale     5    3    5.0000    0.8000
parameter  4 -0.527423 -> -0.500000 qaram    1.1500
parameter  6 -4.880729 -> -0.500000 qaram    1.1500
parameters
    0.4141   11.2165    5.8028   -8.5622  -24.9181  -17.0607
    8.4097    6.0497   -8.4828   19.2762   -6.5289  -13.0884
eta,q 0.96925 16.23604
  0.0326  0.0321  0.0323  0.0327  0.0322  0.0325  0.0317  0.0330  0.0317  0.0314  0.0312  0.0310
  0.0321  0.0317  0.0320  0.0322  0.0319  0.0319  0.0312  0.0315  0.0312  0.0310  0.0309  0.0308
  0.0317  0.0316  0.0317  0.0318  0.0316  0.0316  0.0309  0.0308  0.0309  0.0308  0.0307  0.0308
  0.0316  0.0316  0.0316  0.0315  0.0314  0.0313  0.0307  0.0307  0.0308  0.0308  0.0307  0.0308
  0.0317  0.0318  0.0315  0.0314  0.0313  0.0310  0.0308  0.0309  0.0309  0.0309  0.0308  0.0308
  0.0320  0.0321  0.0316  0.0314  0.0313  0.0306  0.0310  0.0313  0.0311  0.0313  0.0309  0.0310
  0.0326  0.0325  0.0317  0.0315  0.0315  0.0303  0.0315  0.0319  0.0316  0.0319  0.0311  0.0312
niter,ni,del,rscale     6    3    5.0000    0.9000
parameters
    0.3879   10.8537    5.5111   -9.2883  -23.8576  -18.2078
    8.5152    5.6027   -8.4998   18.8642   -6.9522  -12.7502
eta,q 0.96909 16.19471
  0.0320  0.0313  0.0310  0.0318  0.0315  0.0320  0.0321  0.0324  0.0321  0.0319  0.0313  0.0314
  0.0313  0.0309  0.0308  0.0312  0.0312  0.0315  0.0315  0.0313  0.0315  0.0313  0.0310  0.0312
  0.0309  0.0307  0.0307  0.0309  0.0309  0.0312  0.0311  0.0309  0.0311  0.0310  0.0309  0.0310
  0.0307  0.0307  0.0307  0.0307  0.0307  0.0307  0.0310  0.0310  0.0309  0.0309  0.0309  0.0309
  0.0309  0.0310  0.0308  0.0307  0.0307  0.0302  0.0311  0.0313  0.0311  0.0311  0.0310  0.0309
  0.0313  0.0315  0.0310  0.0313  0.0308  0.0319  0.0314  0.0318  0.0315  0.0316  0.0312  0.0311
  0.0321  0.0320  0.0314  0.0332  0.0311  0.0365  0.0320  0.0327  0.0321  0.0323  0.0314  0.0313
niter,ni,del,rscale     5    3    5.0000    0.8000
parameters
    0.3524   10.8875    5.6261   -9.0435  -23.8977  -17.4977
    8.5612    5.7261   -8.4503   18.8897   -6.6916  -12.9646
eta,q 0.96925 16.25266
  0.0319  0.0318  0.0314  0.0319  0.0314  0.0321  0.0316  0.0324  0.0317  0.0317  0.0312  0.0311
  0.0313  0.0313  0.0312  0.0314  0.0311  0.0316  0.0311  0.0312  0.0312  0.0312  0.0309  0.0309
  0.0310  0.0310  0.0310  0.0311  0.0310  0.0313  0.0308  0.0308  0.0309  0.0309  0.0308  0.0308
  0.0309  0.0309  0.0309  0.0309  0.0309  0.0309  0.0307  0.0307  0.0307  0.0307  0.0307  0.0308
  0.0310  0.0310  0.0309  0.0309  0.0310  0.0304  0.0308  0.0310  0.0308  0.0308  0.0308  0.0308
  0.0314  0.0313  0.0311  0.0311  0.0311  0.0302  0.0311  0.0314  0.0312  0.0312  0.0309  0.0309
  0.0320  0.0317  0.0313  0.0319  0.0314  0.0322  0.0316  0.0320  0.0317  0.0317  0.0311  0.0311
niter,ni,del,rscale     4    3    5.0000    0.7000
parameters
    0.3430   10.8160    5.5755   -8.7755  -23.6833  -17.2419
    8.6447    5.6889   -8.4655   18.8659   -6.5117  -13.0058
eta,q 0.96933 16.30700
  0.0315  0.0313  0.0310  0.0316  0.0312  0.0318  0.0314  0.0319  0.0314  0.0314  0.0310  0.0309
  0.0311  0.0310  0.0309  0.0312  0.0309  0.0314  0.0310  0.0310  0.0310  0.0310  0.0308  0.0308
  0.0308  0.0308  0.0308  0.0309  0.0308  0.0311  0.0307  0.0307  0.0307  0.0308  0.0307  0.0307
  0.0308  0.0308  0.0307  0.0307  0.0307  0.0307  0.0307  0.0307  0.0307  0.0307  0.0307  0.0307
  0.0308  0.0309  0.0308  0.0307  0.0308  0.0303  0.0307  0.0308  0.0307  0.0307  0.0307  0.0307
  0.0311  0.0311  0.0309  0.0309  0.0309  0.0303  0.0309  0.0312  0.0310  0.0310  0.0308  0.0308
  0.0316  0.0314  0.0311  0.0315  0.0311  0.0323  0.0313  0.0317  0.0314  0.0314  0.0309  0.0309
niter,ni,del,rscale     3    3    5.0000    0.6000
parameters
    0.3055   10.7814    5.5229   -8.5456  -23.5962  -16.6720
    8.7881    5.7807   -8.4516   18.8630   -6.1307  -13.2100
eta,q 0.96951 16.36917
  0.0312  0.0311  0.0309  0.0313  0.0310  0.0316  0.0310  0.0316  0.0310  0.0311  0.0308  0.0307
  0.0309  0.0308  0.0308  0.0310  0.0308  0.0313  0.0307  0.0308  0.0307  0.0308  0.0306  0.0306
  0.0307  0.0307  0.0307  0.0308  0.0307  0.0310  0.0305  0.0305  0.0306  0.0306  0.0305  0.0305
  0.0307  0.0307  0.0307  0.0307  0.0307  0.0307  0.0305  0.0305  0.0305  0.0305  0.0305  0.0305
  0.0307  0.0307  0.0307  0.0306  0.0307  0.0302  0.0305  0.0306  0.0305  0.0305  0.0305  0.0305
  0.0309  0.0309  0.0308  0.0308  0.0308  0.0302  0.0307  0.0309  0.0307  0.0307  0.0306  0.0306
  0.0313  0.0312  0.0309  0.0312  0.0309  0.0316  0.0309  0.0313  0.0310  0.0311  0.0307  0.0307
niter,ni,del,rscale     2    3    5.0000    0.5000
parameters
    0.2552   10.7364    5.4313   -8.2262  -23.4505  -16.3588
    8.9608    5.7716   -8.4739   18.8345   -5.7570  -13.3281
eta,q 0.96963 16.42508
  0.0309  0.0308  0.0306  0.0310  0.0307  0.0314  0.0307  0.0311  0.0307  0.0308  0.0307  0.0305
  0.0307  0.0306  0.0305  0.0307  0.0306  0.0311  0.0305  0.0306  0.0305  0.0306  0.0305  0.0304
  0.0305  0.0305  0.0305  0.0306  0.0305  0.0308  0.0304  0.0304  0.0304  0.0304  0.0304  0.0304
  0.0305  0.0305  0.0305  0.0305  0.0305  0.0305  0.0304  0.0304  0.0304  0.0304  0.0304  0.0304
  0.0305  0.0305  0.0305  0.0305  0.0305  0.0301  0.0304  0.0305  0.0304  0.0304  0.0304  0.0304
  0.0307  0.0307  0.0306  0.0305  0.0306  0.0303  0.0305  0.0307  0.0305  0.0306  0.0304  0.0304
  0.0309  0.0308  0.0307  0.0309  0.0306  0.0316  0.0307  0.0311  0.0307  0.0308  0.0305  0.0305
niter,ni,del,rscale     1    3    5.0000    0.4000
parameters
    0.1940   10.7187    5.4026   -7.9615  -23.3572  -15.8384
    9.1572    5.7829   -8.4736   18.6624   -5.4671  -13.5678
eta,q 0.96981 16.47940
  0.0306  0.0306  0.0305  0.0307  0.0305  0.0312  0.0304  0.0308  0.0304  0.0304  0.0304  0.0303
  0.0305  0.0305  0.0304  0.0305  0.0304  0.0309  0.0303  0.0304  0.0303  0.0303  0.0303  0.0302
  0.0304  0.0304  0.0304  0.0304  0.0304  0.0307  0.0302  0.0302  0.0302  0.0302  0.0302  0.0302
  0.0304  0.0304  0.0304  0.0304  0.0304  0.0304  0.0302  0.0302  0.0302  0.0302  0.0302  0.0302
  0.0304  0.0304  0.0304  0.0303  0.0304  0.0301  0.0302  0.0303  0.0302  0.0302  0.0302  0.0302
  0.0305  0.0305  0.0304  0.0304  0.0304  0.0302  0.0303  0.0304  0.0303  0.0304  0.0302  0.0302
  0.0307  0.0306  0.0305  0.0306  0.0305  0.0310  0.0304  0.0307  0.0304  0.0306  0.0303  0.0303
registration optimization eta report
parameter search radius
    0.8000    0.8000    0.8000    2.7600    2.4000    2.7600
    2.4000    2.4000    2.4000    2.4000    2.4000    2.4000
100000*second partial in parameter space
       43.       33.       20.        4.        2.       10.
        4.       10.        4.        5.        3.        2.
  0.0306  0.0306  0.0305  0.0307  0.0305  0.0312  0.0304  0.0308  0.0304  0.0304  0.0304  0.0303
  0.0305  0.0305  0.0304  0.0305  0.0304  0.0309  0.0303  0.0304  0.0303  0.0303  0.0303  0.0302
  0.0304  0.0304  0.0304  0.0304  0.0304  0.0307  0.0302  0.0302  0.0302  0.0302  0.0302  0.0302
  0.0304  0.0304  0.0304  0.0304  0.0304  0.0304  0.0302  0.0302  0.0302  0.0302  0.0302  0.0302
  0.0304  0.0304  0.0304  0.0303  0.0304  0.0301  0.0302  0.0303  0.0302  0.0302  0.0302  0.0302
  0.0305  0.0305  0.0304  0.0304  0.0304  0.0302  0.0303  0.0304  0.0303  0.0304  0.0302  0.0302
  0.0307  0.0306  0.0305  0.0306  0.0305  0.0310  0.0304  0.0307  0.0304  0.0306  0.0303  0.0303
    0.1940   10.7187    5.4026   -7.9615  -23.3572  -15.8384
    9.1572    5.7829   -8.4736   18.6624   -5.4671  -13.5678
eta,q 0.96981 16.47940

---------------------------------------------------------------------
imgreg_4dfp /opt/freesurfer/average/711-2C_as_mni_average_305 /opt/freesurfer/average/711-2B_as_mni_average_305_mask talsrcimg_g11 none talsrcimg_to_711-2C_as_mni_average_305_t4 2311
---------------------------------------------------------------------

freesurfer imgreg_4dfp.c
/opt/freesurfer/average/711-2C_as_mni_average_305.4dfp.img
       256       256       256         1
  1.000000  1.000000  1.000000
orientation T byte_order littleendian
Reading image: /opt/freesurfer/average/711-2C_as_mni_average_305.4dfp.img
dimensions:      256       256       256
mmppix:       1.0000   -1.0000   -1.0000
center:     128.0000 -129.0000 -129.0000
/opt/freesurfer/average/711-2B_as_mni_average_305_mask.4dfp.img
       256       256       256         1
  1.000000  1.000000  1.000000
orientation T byte_order littleendian
Reading mask: /opt/freesurfer/average/711-2B_as_mni_average_305_mask.4dfp.img (2306576 pixels)
talsrcimg_g11.4dfp.img
       256       256       256         1
  1.000000  1.000000  1.000000
orientation T byte_order littleendian
Reading image: talsrcimg_g11.4dfp.img
dimensions:      256       256       256
mmppix:       1.0000   -1.0000   -1.0000
center:     128.0000 -129.0000 -129.0000
fimgreg.f
image alignment mode   2311 decimal      907 hex
parameters
    0.1940   10.7187    5.4026   -7.9615  -23.3572  -15.8384
    9.1572    5.7829   -8.4736   18.6624   -5.4671  -13.5678
eta,q 0.96981 16.47941
niter,ni,del,rscale     5    3    5.0000    0.8000
parameters
    0.1290   10.7863    5.6075   -8.6482  -23.3641  -16.7701
    9.2109    5.4349   -8.6887   18.8593   -5.7810  -13.2300
eta,q 0.96947 16.37803
  0.0313  0.0311  0.0312  0.0309  0.0307  0.0315  0.0314  0.0319  0.0314  0.0316  0.0309  0.0309
  0.0307  0.0306  0.0306  0.0306  0.0305  0.0312  0.0309  0.0309  0.0309  0.0311  0.0306  0.0307
  0.0303  0.0303  0.0303  0.0303  0.0303  0.0308  0.0307  0.0305  0.0306  0.0307  0.0305  0.0306
  0.0302  0.0302  0.0302  0.0302  0.0302  0.0302  0.0306  0.0306  0.0305  0.0305  0.0305  0.0305
  0.0303  0.0303  0.0302  0.0303  0.0303  0.0300  0.0306  0.0308  0.0307  0.0306  0.0306  0.0306
  0.0308  0.0305  0.0304  0.0307  0.0304  0.0318  0.0309  0.0313  0.0310  0.0309  0.0307  0.0307
  0.0315  0.0309  0.0307  0.0320  0.0307  0.0353  0.0314  0.0323  0.0315  0.0315  0.0309  0.0308
niter,ni,del,rscale     4    3    5.0000    0.7000
parameters
    0.1568   10.7577    5.4276   -8.5283  -23.3961  -16.9303
    9.1314    5.5733   -8.6323   18.8761   -5.8364  -13.1990
eta,q 0.96943 16.37470
  0.0314  0.0312  0.0308  0.0312  0.0309  0.0315  0.0312  0.0320  0.0313  0.0313  0.0309  0.0308
  0.0309  0.0308  0.0306  0.0309  0.0307  0.0312  0.0308  0.0310  0.0309  0.0309  0.0307  0.0307
  0.0306  0.0306  0.0305  0.0307  0.0305  0.0309  0.0306  0.0306  0.0307  0.0307  0.0306  0.0306
  0.0305  0.0305  0.0305  0.0305  0.0305  0.0305  0.0306  0.0306  0.0306  0.0306  0.0306  0.0306
  0.0306  0.0306  0.0306  0.0305  0.0306  0.0301  0.0306  0.0307  0.0306  0.0306  0.0306  0.0306
  0.0309  0.0308  0.0307  0.0307  0.0307  0.0305  0.0309  0.0310  0.0309  0.0309  0.0307  0.0307
  0.0313  0.0312  0.0310  0.0312  0.0309  0.0327  0.0312  0.0317  0.0313  0.0313  0.0309  0.0308
niter,ni,del,rscale     3    3    5.0000    0.6000
parameters
    0.1805   10.7654    5.4027   -8.2048  -23.3892  -16.3437
    9.1341    5.7593   -8.5690   18.8213   -5.5442  -13.3217
eta,q 0.96964 16.43306
  0.0312  0.0311  0.0308  0.0310  0.0308  0.0314  0.0308  0.0317  0.0309  0.0310  0.0307  0.0305
  0.0308  0.0308  0.0307  0.0308  0.0307  0.0312  0.0306  0.0308  0.0306  0.0306  0.0305  0.0304
  0.0306  0.0306  0.0306  0.0307  0.0306  0.0309  0.0304  0.0304  0.0304  0.0304  0.0304  0.0304
  0.0306  0.0306  0.0306  0.0306  0.0305  0.0305  0.0304  0.0304  0.0304  0.0304  0.0304  0.0304
  0.0306  0.0306  0.0306  0.0305  0.0306  0.0302  0.0304  0.0305  0.0304  0.0304  0.0304  0.0304
  0.0308  0.0308  0.0307  0.0306  0.0307  0.0302  0.0306  0.0308  0.0306  0.0306  0.0305  0.0305
  0.0311  0.0310  0.0308  0.0310  0.0308  0.0314  0.0308  0.0313  0.0309  0.0310  0.0306  0.0306
niter,ni,del,rscale     2    3    5.0000    0.5000
parameters
    0.1698   10.7308    5.4048   -7.9638  -23.3047  -16.0257
    9.2335    5.7056   -8.5575   18.7137   -5.3634  -13.4477
eta,q 0.96975 16.47445
  0.0308  0.0307  0.0306  0.0307  0.0306  0.0312  0.0306  0.0311  0.0306  0.0307  0.0305  0.0304
  0.0305  0.0305  0.0304  0.0306  0.0304  0.0310  0.0304  0.0305  0.0304  0.0304  0.0304  0.0303
  0.0304  0.0304  0.0304  0.0304  0.0304  0.0307  0.0303  0.0303  0.0303  0.0303  0.0303  0.0303
  0.0304  0.0304  0.0304  0.0304  0.0304  0.0304  0.0302  0.0302  0.0302  0.0302  0.0302  0.0302
  0.0304  0.0304  0.0304  0.0303  0.0304  0.0301  0.0303  0.0304  0.0303  0.0303  0.0303  0.0303
  0.0306  0.0305  0.0305  0.0304  0.0304  0.0302  0.0304  0.0306  0.0304  0.0305  0.0303  0.0303
  0.0308  0.0307  0.0306  0.0307  0.0305  0.0313  0.0306  0.0311  0.0306  0.0308  0.0305  0.0304
niter,ni,del,rscale     1    3    5.0000    0.4000
parameters
    0.1341   10.7149    5.4466   -7.8486  -23.2537  -15.5575
    9.3572    5.6644   -8.5429   18.5121   -5.2307  -13.6001
eta,q 0.96990 16.50836
  0.0305  0.0304  0.0304  0.0305  0.0304  0.0310  0.0303  0.0307  0.0303  0.0304  0.0303  0.0302
  0.0304  0.0303  0.0303  0.0304  0.0303  0.0308  0.0302  0.0303  0.0302  0.0302  0.0302  0.0301
  0.0303  0.0303  0.0303  0.0303  0.0303  0.0305  0.0301  0.0301  0.0301  0.0301  0.0301  0.0301
  0.0302  0.0302  0.0302  0.0302  0.0302  0.0302  0.0301  0.0301  0.0301  0.0301  0.0301  0.0301
  0.0303  0.0303  0.0303  0.0302  0.0303  0.0300  0.0301  0.0302  0.0301  0.0301  0.0301  0.0301
  0.0304  0.0303  0.0303  0.0303  0.0303  0.0301  0.0302  0.0304  0.0302  0.0303  0.0302  0.0302
  0.0306  0.0305  0.0304  0.0305  0.0304  0.0308  0.0303  0.0307  0.0303  0.0305  0.0303  0.0302
registration optimization eta report
parameter search radius
    0.8000    0.8000    0.8000    2.4000    2.4000    2.4000
    2.4000    2.4000    2.4000    2.4000    2.4000    2.4000
100000*second partial in parameter space
       44.       33.       25.        4.        2.       12.
        4.       11.        4.        6.        3.        2.
  0.0305  0.0304  0.0304  0.0305  0.0304  0.0310  0.0303  0.0307  0.0303  0.0304  0.0303  0.0302
  0.0304  0.0303  0.0303  0.0304  0.0303  0.0308  0.0302  0.0303  0.0302  0.0302  0.0302  0.0301
  0.0303  0.0303  0.0303  0.0303  0.0303  0.0305  0.0301  0.0301  0.0301  0.0301  0.0301  0.0301
  0.0302  0.0302  0.0302  0.0302  0.0302  0.0302  0.0301  0.0301  0.0301  0.0301  0.0301  0.0301
  0.0303  0.0303  0.0303  0.0302  0.0303  0.0300  0.0301  0.0302  0.0301  0.0301  0.0301  0.0301
  0.0304  0.0303  0.0303  0.0303  0.0303  0.0301  0.0302  0.0304  0.0302  0.0303  0.0302  0.0302
  0.0306  0.0305  0.0304  0.0305  0.0304  0.0308  0.0303  0.0307  0.0303  0.0305  0.0303  0.0302
    0.1341   10.7149    5.4466   -7.8486  -23.2537  -15.5575
    9.3572    5.6644   -8.5429   18.5121   -5.2307  -13.6001
eta,q 0.96990 16.50836

---------------------------------------------------------------------
compute_vox2vox talsrcimg talsrcimg_to_711-2C_as_mni_average_305_t4 /opt/freesurfer/average/711-2C_as_mni_average_305
---------------------------------------------------------------------

freesurfer compute_vox2vox.c
Reading: talsrcimg.4dfp.ifh
Reading: talsrcimg_to_711-2C_as_mni_average_305_t4
Reading: /opt/freesurfer/average/711-2C_as_mni_average_305.4dfp.ifh
Writing: talsrcimg_to_711-2C_as_mni_average_305_t4_vox2vox.txt

start time Tue Mar 10 22:32:19 CET 2026
end		time Tue Mar 10 22:33:49 CET 2026

mpr2mni305 success

avi2talxfm orig_nu.mgz /opt/freesurfer/average/mni305.cor.mgz talsrcimg_to_711-2C_as_mni_average_305_t4_vox2vox.txt transforms/talairach.auto.xfm
avi2talxfm done
mv -f /out/sourcedata/freesurfer/sub-v2s12x28860_ses-1/mri/talsrcimg_to_711-2C_as_mni_average_305_t4_vox2vox.txt /out/sourcedata/freesurfer/sub-v2s12x28860_ses-1/mri/transforms/talsrcimg_to_711-2C_as_mni_average_305_t4_vox2vox.txt
lta_convert --src orig_nu.mgz --trg /opt/freesurfer/average/mni305.cor.mgz --inxfm transforms/talairach.auto.xfm --outlta transforms/talairach.auto.xfm.lta --subject fsaverage
7.3.2

--src: orig_nu.mgz src image (geometry).
--trg: /opt/freesurfer/average/mni305.cor.mgz trg image (geometry).
--inmni: transforms/talairach.auto.xfm input MNI/XFM transform.
--outlta: transforms/talairach.auto.xfm.lta output LTA.
--s: fsaverage subject name
 LTA read, type : 1
 1.07003  -0.04156  -0.13783  -3.89072;
 0.08227   1.13676   0.19141  -6.33907;
 0.09927  -0.27883   1.24148   4.71825;
 0.00000   0.00000   0.00000   1.00000;
setting subject to fsaverage
Writing  LTA to file transforms/talairach.auto.xfm.lta...
lta_convert successful.
 
 
Started at Tue Mar 10 22:32:18 CET 2026
Ended   at Tue Mar 10 22:33:49 CET 2026
talairach_avi done
