/out/sourcedata/freesurfer/sub-v2s12x28907_ses-1/mri
/opt/freesurfer/bin/talairach_avi
--i orig_nu.mgz --xfm transforms/talairach.auto.xfm
talairach_avi 7.3.2
Linux dna038 5.14.0-427.37.1.el9_4.x86_64 #1 SMP PREEMPT_DYNAMIC Fri Sep 13 12:41:50 EDT 2024 x86_64 x86_64 x86_64 GNU/Linux
Wed Mar 11 02:59:56 CET 2026
mri_convert orig_nu.mgz talsrcimg.img 
reading from orig_nu.mgz...
TR=0.00, TE=0.00, TI=0.00, flip angle=0.00
i_ras = (-1, 0, 0)
j_ras = (0, 0, -1)
k_ras = (0, 1, 0)
writing to talsrcimg.img...
Analyze Output Matrix
-1.00000   0.00000   0.00000   135.90601;
 0.00000   0.00000   1.00000  -98.03101;
 0.00000  -1.00000   0.00000   133.40601;
 0.00000   0.00000   0.00000   1.00000;
--------------------
INFO: set hdr.hist.orient to -1
mpr2mni305 talsrcimg
Wed Mar 11 02:59:56 CET 2026
/opt/freesurfer/bin/mpr2mni305 talsrcimg
mpr2mni305 7.3.2
target=711-2C_as_mni_average_305

---------------------------------------------------------------------
analyzeto4dfp talsrcimg -O0 -y
---------------------------------------------------------------------

freesurfer ifh2hdr.c
Wed Mar 11 02:59:56 2026
Writing: talsrcimg.4dfp.hdr
freesurfer analyzeto4dfp.c
Reading: talsrcimg.hdr
header size 348 bytes
hdr.dime.datatype	offset=70	value=2
hdr.dime.bitpix		offset=72	value=8
hdr.hist.orient		offset=252	value=-1
dimensionality     4
dimensions       256       256       256         1
Reading: talsrcimg.img
Writing: talsrcimg.4dfp.img
Writing: talsrcimg.4dfp.ifh
ifh2hdr talsrcimg -r0to223
ori=2

---------------------------------------------------------------------
gauss_4dfp talsrcimg 1.1
---------------------------------------------------------------------

freesurfer gauss_4dfp.c
Reading: talsrcimg.4dfp.img
Writing: talsrcimg_g11.4dfp.img
image dimensions 256 256 256 padded to 288 288 288
processing volume 1freesurfer ifh2hdr.c
Wed Mar 11 02:59:58 2026
Writing: talsrcimg_g11.4dfp.hdr

Writing: talsrcimg_g11.4dfp.ifh
including: talsrcimg.4dfp.img.rec in talsrcimg_g11.4dfp.img.rec

---------------------------------------------------------------------
imgreg_4dfp /opt/freesurfer/average/711-2C_as_mni_average_305 none talsrcimg_g11 none talsrcimg_to_711-2C_as_mni_average_305_t4 4355
---------------------------------------------------------------------

freesurfer imgreg_4dfp.c
/opt/freesurfer/average/711-2C_as_mni_average_305.4dfp.img
       256       256       256         1
  1.000000  1.000000  1.000000
orientation T byte_order littleendian
Reading image: /opt/freesurfer/average/711-2C_as_mni_average_305.4dfp.img
dimensions:      256       256       256
mmppix:       1.0000   -1.0000   -1.0000
center:     128.0000 -129.0000 -129.0000
talsrcimg_g11.4dfp.img
       256       256       256         1
  1.000000  1.000000  1.000000
orientation T byte_order littleendian
Reading image: talsrcimg_g11.4dfp.img
dimensions:      256       256       256
mmppix:       1.0000   -1.0000   -1.0000
center:     128.0000 -129.0000 -129.0000
t4_read: open error in t4_sub.f l:  41 t4_file(1:l)talsrcimg_to_711-2C_as_mni_average_305_t4 
t4_read: transform initialized to I4
rotation matrix determinant  1.000000
image alignment mode   4355 decimal     1103 hex
   -7.5000  -45.0000  -45.0000 6760.7695   23.0417
    0.0000  -45.0000  -45.0000 7146.7490   22.9996
    7.5000  -45.0000  -45.0000 6940.1899   22.9940
   -7.5000  -37.5000  -45.0000 7330.2651   23.0743
    0.0000  -37.5000  -45.0000 7748.1040   23.0361
    7.5000  -37.5000  -45.0000 7522.4604   23.0421
   -7.5000  -30.0000  -45.0000 8155.2295   23.0882
    0.0000  -30.0000  -45.0000 8632.1104   23.0548
    7.5000  -30.0000  -45.0000 8358.3379   23.0708
   -7.5000  -22.5000  -45.0000 8931.7070   23.0568
    0.0000  -22.5000  -45.0000 9440.7852   23.0265
    7.5000  -22.5000  -45.0000 9146.5234   23.0418
   -7.5000  -15.0000  -45.0000 9598.8555   23.0135
    0.0000  -15.0000  -45.000010157.9912   22.9804
    7.5000  -15.0000  -45.0000 9847.8662   22.9860
   -7.5000   -7.5000  -45.000010245.2256   23.0024
    0.0000   -7.5000  -45.000010842.9365   22.9624
    7.5000   -7.5000  -45.000010516.5430   22.9571
   -7.5000    0.0000  -45.000010845.4727   23.0302
    0.0000    0.0000  -45.000011462.0225   22.9882
    7.5000    0.0000  -45.000011092.5762   22.9826
   -7.5000    7.5000  -45.000010563.2139   23.0727
    0.0000    7.5000  -45.000011164.6006   23.0344
    7.5000    7.5000  -45.000010809.5381   23.0404
   -7.5000   15.0000  -45.000010214.6641   23.0881
    0.0000   15.0000  -45.000010759.6523   23.0547
    7.5000   15.0000  -45.000010425.5645   23.0707
   -7.5000   22.5000  -45.0000 9800.2539   23.0537
    0.0000   22.5000  -45.000010345.0117   23.0234
    7.5000   22.5000  -45.000010034.3086   23.0386
   -7.5000   30.0000  -45.0000 9257.4912   22.7068
    0.0000   30.0000  -45.0000 9759.6895   22.6742
    7.5000   30.0000  -45.0000 9457.4277   22.6797
   -7.5000   37.5000  -45.0000 8916.7363   22.6959
    0.0000   37.5000  -45.0000 9394.9619   22.6564
    7.5000   37.5000  -45.0000 9115.7539   22.6512
   -7.5000   45.0000  -45.0000 8284.4590   22.1463
    0.0000   45.0000  -45.0000 8724.1992   22.1059
    7.5000   45.0000  -45.0000 8465.5127   22.1005
   -7.5000  -45.0000  -37.5000 7263.5352   23.0456
    0.0000  -45.0000  -37.5000 7667.5962   23.0153
    7.5000  -45.0000  -37.5000 7436.7690   23.0220
   -7.5000  -37.5000  -37.5000 7856.3188   23.0944
    0.0000  -37.5000  -37.5000 8276.5820   23.0708
    7.5000  -37.5000  -37.5000 8027.5405   23.0896
   -7.5000  -30.0000  -37.5000 8715.9678   23.1107
    0.0000  -30.0000  -37.5000 9185.5137   23.0928
    7.5000  -30.0000  -37.5000 8884.3057   23.1212
   -7.5000  -22.5000  -37.5000 9497.8203   23.0648
    0.0000  -22.5000  -37.500010026.8867   23.0478
    7.5000  -22.5000  -37.5000 9707.6221   23.0743
   -7.5000  -15.0000  -37.500010198.6025   23.0052
    0.0000  -15.0000  -37.500010782.4297   22.9821
    7.5000  -15.0000  -37.500010439.3545   22.9981
   -7.5000   -7.5000  -37.500010887.6348   22.9924
    0.0000   -7.5000  -37.500011501.5869   22.9618
    7.5000   -7.5000  -37.500011127.7852   22.9675
   -7.5000    0.0000  -37.500011506.8291   23.0342
    0.0000    0.0000  -37.500012143.1270   23.0039
    7.5000    0.0000  -37.500011746.5156   23.0106
   -7.5000    7.5000  -37.500011191.5732   23.0928
    0.0000    7.5000  -37.500011825.1328   23.0692
    7.5000    7.5000  -37.500011438.5312   23.0879
   -7.5000   15.0000  -37.500010796.7695   23.1106
    0.0000   15.0000  -37.500011405.2520   23.0927
    7.5000   15.0000  -37.500011039.0605   23.1211
   -7.5000   22.5000  -37.500010317.4941   23.0616
    0.0000   22.5000  -37.500010914.5938   23.0446
    7.5000   22.5000  -37.500010579.5713   23.0711
   -7.5000   30.0000  -37.5000 9737.4688   22.6986
    0.0000   30.0000  -37.500010283.0518   22.6758
    7.5000   30.0000  -37.5000 9968.4473   22.6916
   -7.5000   37.5000  -37.5000 9383.7939   22.6860
    0.0000   37.5000  -37.5000 9869.7012   22.6558
    7.5000   37.5000  -37.5000 9580.6602   22.6615
   -7.5000   45.0000  -37.5000 8684.0352   22.1501
    0.0000   45.0000  -37.5000 9150.1826   22.1210
    7.5000   45.0000  -37.5000 8888.3828   22.1275
   -7.5000  -45.0000  -30.0000 7899.4814   23.9936
    0.0000  -45.0000  -30.0000 8350.3037   23.9595
    7.5000  -45.0000  -30.0000 8084.7925   23.9736
   -7.5000  -37.5000  -30.0000 8531.5156   24.0451
    0.0000  -37.5000  -30.0000 9004.5898   24.0200
    7.5000  -37.5000  -30.0000 8718.0127   24.0438
   -7.5000  -30.0000  -30.0000 9419.8105   24.0621
    0.0000  -30.0000  -30.0000 9942.0850   24.0408
    7.5000  -30.0000  -30.0000 9618.1240   24.0709
   -7.5000  -22.5000  -30.000010229.2686   24.0156
    0.0000  -22.5000  -30.000010823.9209   23.9906
    7.5000  -22.5000  -30.000010484.7402   24.0178
   -7.5000  -15.0000  -30.000010995.4141   23.9537
    0.0000  -15.0000  -30.000011625.8955   23.9200
    7.5000  -15.0000  -30.000011275.0986   23.9381
   -7.5000   -7.5000  -30.000011732.5146   23.9385
    0.0000   -7.5000  -30.000012414.8340   23.8994
    7.5000   -7.5000  -30.000012015.4434   23.9109
   -7.5000    0.0000  -30.000012376.5938   23.9817
    0.0000    0.0000  -30.000013090.2744   23.9476
    7.5000    0.0000  -30.000012661.2871   23.9618
   -7.5000    7.5000  -30.000012021.5635   24.0434
    0.0000    7.5000  -30.000012703.0703   24.0183
    7.5000    7.5000  -30.000012292.8691   24.0421
   -7.5000   15.0000  -30.000011542.8633   24.0620
    0.0000   15.0000  -30.000012194.9219   24.0407
    7.5000   15.0000  -30.000011812.0791   24.0708
   -7.5000   22.5000  -30.000011011.5928   24.0098
    0.0000   22.5000  -30.000011629.6787   23.9848
    7.5000   22.5000  -30.000011303.0479   24.0120
   -7.5000   30.0000  -30.000010396.6172   23.6367
    0.0000   30.0000  -30.000010945.1572   23.6035
    7.5000   30.0000  -30.000010649.5771   23.6214
   -7.5000   37.5000  -30.000010006.6484   23.6217
    0.0000   37.5000  -30.000010525.7354   23.5832
    7.5000   37.5000  -30.000010230.9717   23.5945
   -7.5000   45.0000  -30.0000 9245.9980   23.0782
    0.0000   45.0000  -30.0000 9740.8955   23.0454
    7.5000   45.0000  -30.0000 9444.8203   23.0590
   -7.5000  -45.0000  -22.5000 8511.9414   24.7719
    0.0000  -45.0000  -22.5000 9009.1182   24.7190
    7.5000  -45.0000  -22.5000 8721.6924   24.7270
   -7.5000  -37.5000  -22.5000 9177.6504   24.8083
    0.0000  -37.5000  -22.5000 9695.9746   24.7627
    7.5000  -37.5000  -22.5000 9394.7236   24.7763
   -7.5000  -30.0000  -22.500010121.6670   24.8242
    0.0000  -30.0000  -22.500010701.5557   24.7786
    7.5000  -30.0000  -22.500010367.2568   24.7954
   -7.5000  -22.5000  -22.500010993.7363   24.7947
    0.0000  -22.5000  -22.500011638.2588   24.7434
    7.5000  -22.5000  -22.500011274.6104   24.7576
   -7.5000  -15.0000  -22.500011814.5352   24.7488
    0.0000  -15.0000  -22.500012489.3076   24.6898
    7.5000  -15.0000  -22.500012111.3506   24.6987
   -7.5000   -7.5000  -22.500012588.3379   24.7314
    0.0000   -7.5000  -22.500013324.1787   24.6709
    7.5000   -7.5000  -22.500012920.8545   24.6765
   -7.5000    0.0000  -22.500013262.7295   24.7596
    0.0000    0.0000  -22.500014038.0176   24.7068
    7.5000    0.0000  -22.500013584.9111   24.7148
   -7.5000    7.5000  -22.500012871.2090   24.8065
    0.0000    7.5000  -22.500013599.6592   24.7609
    7.5000    7.5000  -22.500013159.8291   24.7746
   -7.5000   15.0000  -22.500012318.7314   24.8241
    0.0000   15.0000  -22.500012999.4590   24.7786
    7.5000   15.0000  -22.500012612.4053   24.7953
   -7.5000   22.5000  -22.500011736.5449   24.7871
    0.0000   22.5000  -22.500012371.2314   24.7357
    7.5000   22.5000  -22.500012057.0264   24.7500
   -7.5000   30.0000  -22.500011070.5537   24.4251
    0.0000   30.0000  -22.500011642.3770   24.3669
    7.5000   30.0000  -22.500011374.7383   24.3756
   -7.5000   37.5000  -22.500010643.5352   24.4079
    0.0000   37.5000  -22.500011191.7900   24.3482
    7.5000   37.5000  -22.500010928.9014   24.3537
   -7.5000   45.0000  -22.5000 9813.9111   23.8447
    0.0000   45.0000  -22.500010330.6650   23.7939
    7.5000   45.0000  -22.500010059.0430   23.8016
   -7.5000  -45.0000  -15.0000 9076.6904   25.3369
    0.0000  -45.0000  -15.0000 9607.6279   25.2669
    7.5000  -45.0000  -15.0000 9340.1338   25.2612
   -7.5000  -37.5000  -15.0000 9774.5576   25.3570
    0.0000  -37.5000  -15.000010350.5586   25.2915
    7.5000  -37.5000  -15.000010053.0879   25.2900
   -7.5000  -30.0000  -15.000010786.4814   25.3714
    0.0000  -30.0000  -15.000011419.0938   25.3045
    7.5000  -30.0000  -15.000011085.1279   25.3053
   -7.5000  -22.5000  -15.000011748.3096   25.3568
    0.0000  -22.5000  -15.000012429.2285   25.2856
    7.5000  -22.5000  -15.000012054.5410   25.2856
   -7.5000  -15.0000  -15.000012641.0215   25.3269
    0.0000  -15.0000  -15.000013384.3184   25.2509
    7.5000  -15.0000  -15.000012981.9521   25.2476
   -7.5000   -7.5000  -15.000013456.8516   25.3104
    0.0000   -7.5000  -15.000014234.5078   25.2344
    7.5000   -7.5000  -15.000013772.1602   25.2278
   -7.5000    0.0000  -15.000014128.3623   25.3243
    0.0000    0.0000  -15.000014985.1709   25.2544
    7.5000    0.0000  -15.000014452.3965   25.2488
   -7.5000    7.5000  -15.000013677.2764   25.3552
    0.0000    7.5000  -15.000014509.8643   25.2897
    7.5000    7.5000  -15.000014010.3408   25.2882
   -7.5000   15.0000  -15.000013090.7686   25.3713
    0.0000   15.0000  -15.000013858.6377   25.3044
    7.5000   15.0000  -15.000013412.0283   25.3052
   -7.5000   22.5000  -15.000012469.5303   25.3478
    0.0000   22.5000  -15.000013156.0371   25.2767
    7.5000   22.5000  -15.000012785.6719   25.2766
   -7.5000   30.0000  -15.000011730.2051   24.9991
    0.0000   30.0000  -15.000012362.9932   24.9241
    7.5000   30.0000  -15.000012068.5859   24.9208
   -7.5000   37.5000  -15.000011268.4189   24.9828
    0.0000   37.5000  -15.000011906.0088   24.9078
    7.5000   37.5000  -15.000011633.0801   24.9013
   -7.5000   45.0000  -15.000010382.7559   24.4033
    0.0000   45.0000  -15.000010921.8301   24.3360
    7.5000   45.0000  -15.000010671.0342   24.3305
   -7.5000  -45.0000   -7.5000 9667.5488   25.6632
    0.0000  -45.0000   -7.500010235.6289   25.5972
    7.5000  -45.0000   -7.5000 9937.3760   25.5844
   -7.5000  -37.5000   -7.500010424.9746   25.6834
    0.0000  -37.5000   -7.500011038.1719   25.6207
    7.5000  -37.5000   -7.500010710.0762   25.6162
   -7.5000  -30.0000   -7.500011554.0498   25.6971
    0.0000  -30.0000   -7.500012242.5547   25.6360
    7.5000  -30.0000   -7.500011867.1592   25.6380
   -7.5000  -22.5000   -7.500012668.9883   25.6789
    0.0000  -22.5000   -7.500013409.8486   25.6182
    7.5000  -22.5000   -7.500013001.5527   25.6199
   -7.5000  -15.0000   -7.500013645.3945   25.6478
    0.0000  -15.0000   -7.500014536.4941   25.5843
    7.5000  -15.0000   -7.500013945.1211   25.5797
   -7.5000   -7.5000   -7.500014415.2090   25.6347
    0.0000   -7.5000   -7.500015380.1006   25.5677
    7.5000   -7.5000   -7.500014639.6846   25.5553
   -7.5000    0.0000   -7.500014982.4707   25.6504
    0.0000    0.0000   -7.500016048.7217   25.5845
    7.5000    0.0000   -7.500015287.5469   25.5719
   -7.5000    7.5000   -7.500014492.3633   25.6816
    0.0000    7.5000   -7.500015504.4932   25.6189
    7.5000    7.5000   -7.500014829.7090   25.6144
   -7.5000   15.0000   -7.500013903.7402   25.6970
    0.0000   15.0000   -7.500014819.6514   25.6360
    7.5000   15.0000   -7.500014209.3145   25.6379
   -7.5000   22.5000   -7.500013249.7676   25.6670
    0.0000   22.5000   -7.500014061.6016   25.6064
    7.5000   22.5000   -7.500013531.1670   25.6081
   -7.5000   30.0000   -7.500012463.1084   25.3152
    0.0000   30.0000   -7.500013203.1543   25.2526
    7.5000   30.0000   -7.500012766.0098   25.2480
   -7.5000   37.5000   -7.500011955.5205   25.3023
    0.0000   37.5000   -7.500012693.0566   25.2361
    7.5000   37.5000   -7.500012329.1377   25.2238
   -7.5000   45.0000   -7.500011009.7695   24.7221
    0.0000   45.0000   -7.500011622.2920   24.6586
    7.5000   45.0000   -7.500011311.9854   24.6465
   -7.5000  -45.0000    0.000010186.3496   25.7657
    0.0000  -45.0000    0.000010758.6514   25.7184
    7.5000  -45.0000    0.000010415.0801   25.7120
   -7.5000  -37.5000    0.000011017.7861   25.8026
    0.0000  -37.5000    0.000011666.1348   25.7596
    7.5000  -37.5000    0.000011275.7129   25.7661
   -7.5000  -30.0000    0.000012311.8330   25.8182
    0.0000  -30.0000    0.000013084.3916   25.7807
    7.5000  -30.0000    0.000012625.9814   25.7984
   -7.5000  -22.5000    0.000013671.6650   25.7828
    0.0000  -22.5000    0.000014709.6436   25.7486
    7.5000  -22.5000    0.000013980.1260   25.7656
   -7.5000  -15.0000    0.000014708.0664   25.7339
    0.0000  -15.0000    0.000015842.8486   25.6966
    7.5000  -15.0000    0.000014812.3154   25.7028
   -7.5000   -7.5000    0.000015261.3916   25.7215
    0.0000   -7.5000    0.000016325.8438   25.6764
    7.5000   -7.5000    0.000015313.7812   25.6705
   -7.5000    0.0000    0.000015830.0918   25.7529
    0.0000    0.0000    0.000016920.0547   25.7056
    7.5000    0.0000    0.000015988.0273   25.6993
   -7.5000    7.5000    0.000015307.7861   25.8008
    0.0000    7.5000    0.000016386.8301   25.7578
    7.5000    7.5000    0.000015563.5059   25.7643
   -7.5000   15.0000    0.000014696.3262   25.8181
    0.0000   15.0000    0.000015698.9980   25.7806
    7.5000   15.0000    0.000014947.2812   25.7983
   -7.5000   22.5000    0.000013984.1221   25.7709
    0.0000   22.5000    0.000014863.2158   25.7368
    7.5000   22.5000    0.000014198.8701   25.7538
   -7.5000   30.0000    0.000013122.1846   25.4009
    0.0000   30.0000    0.000013930.6035   25.3640
    7.5000   30.0000    0.000013360.0078   25.3702
   -7.5000   37.5000    0.000012590.0635   25.3886
    0.0000   37.5000    0.000013402.2842   25.3441
    7.5000   37.5000    0.000012902.8643   25.3383
   -7.5000   45.0000    0.000011596.4404   24.8228
    0.0000   45.0000    0.000012303.2041   24.7773
    7.5000   45.0000    0.000011865.3457   24.7711
   -7.5000  -45.0000    7.5000 9972.9570   25.7852
    0.0000  -45.0000    7.500010549.3330   25.7512
    7.5000  -45.0000    7.500010151.6465   25.7587
   -7.5000  -37.5000    7.500010770.8477   25.8398
    0.0000  -37.5000    7.500011424.9131   25.8134
    7.5000  -37.5000    7.500011000.1660   25.8344
   -7.5000  -30.0000    7.500012020.2412   25.8581
    0.0000  -30.0000    7.500012882.8516   25.8380
    7.5000  -30.0000    7.500012354.4287   25.8697
   -7.5000  -22.5000    7.500013339.9453   25.8066
    0.0000  -22.5000    7.500014496.0889   25.7875
    7.5000  -22.5000    7.500013680.9082   25.8172
   -7.5000  -15.0000    7.500014266.5186   25.7398
    0.0000  -15.0000    7.500015373.8760   25.7140
    7.5000  -15.0000    7.500014395.4365   25.7318
   -7.5000   -7.5000    7.500014808.4072   25.7255
    0.0000   -7.5000    7.500015630.7285   25.6913
    7.5000   -7.5000    7.500014759.0732   25.6977
   -7.5000    0.0000    7.500015463.4941   25.7723
    0.0000    0.0000    7.500016286.1807   25.7384
    7.5000    0.0000    7.500015424.5068   25.7459
   -7.5000    7.5000    7.500014977.7480   25.8380
    0.0000    7.5000    7.500015877.4150   25.8116
    7.5000    7.5000    7.500015039.2764   25.8325
   -7.5000   15.0000    7.500014355.4902   25.8580
    0.0000   15.0000    7.500015238.5615   25.8379
    7.5000   15.0000    7.500014475.2529   25.8696
   -7.5000   22.5000    7.500013635.4814   25.7947
    0.0000   22.5000    7.500014481.8379   25.7757
    7.5000   22.5000    7.500013762.2715   25.8053
   -7.5000   30.0000    7.500012812.8145   25.4067
    0.0000   30.0000    7.500013642.2510   25.3812
    7.5000   30.0000    7.500012975.5576   25.3988
   -7.5000   37.5000    7.500012337.4922   25.3926
    0.0000   37.5000    7.500013187.8779   25.3588
    7.5000   37.5000    7.500012560.6436   25.3651
   -7.5000   45.0000    7.500011320.7520   24.8416
    0.0000   45.0000    7.500012061.7461   24.8089
    7.5000   45.0000    7.500011536.6055   24.8161
   -7.5000  -45.0000   15.0000 9546.1318   25.7702
    0.0000  -45.0000   15.000010112.4727   25.7335
    7.5000  -45.0000   15.0000 9735.6963   25.7487
   -7.5000  -37.5000   15.000010301.3330   25.8255
    0.0000  -37.5000   15.000010930.0654   25.7985
    7.5000  -37.5000   15.000010520.6348   25.8241
   -7.5000  -30.0000   15.000011496.9551   25.8438
    0.0000  -30.0000   15.000012256.7012   25.8209
    7.5000  -30.0000   15.000011795.7715   25.8532
   -7.5000  -22.5000   15.000012624.2783   25.7938
    0.0000  -22.5000   15.000013688.8633   25.7670
    7.5000  -22.5000   15.000013028.8770   25.7962
   -7.5000  -15.0000   15.000013569.0576   25.7274
    0.0000  -15.0000   15.000014674.0205   25.6912
    7.5000  -15.0000   15.000013913.3906   25.7106
   -7.5000   -7.5000   15.000014363.4434   25.7111
    0.0000   -7.5000   15.000015249.1240   25.6690
    7.5000   -7.5000   15.000014460.5820   25.6814
   -7.5000    0.0000   15.000015077.7783   25.7574
    0.0000    0.0000   15.000015966.4375   25.7208
    7.5000    0.0000   15.000015058.8994   25.7360
   -7.5000    7.5000   15.000014601.4941   25.8236
    0.0000    7.5000   15.000015542.3398   25.7967
    7.5000    7.5000   15.000014610.3760   25.8223
   -7.5000   15.0000   15.000013965.2754   25.8437
    0.0000   15.0000   15.000014854.6807   25.8208
    7.5000   15.0000   15.000014010.8672   25.8531
   -7.5000   22.5000   15.000013198.3242   25.7819
    0.0000   22.5000   15.000014023.6094   25.7551
    7.5000   22.5000   15.000013293.6992   25.7843
   -7.5000   30.0000   15.000012396.7227   25.3944
    0.0000   30.0000   15.000013147.1289   25.3587
    7.5000   30.0000   15.000012499.6523   25.3779
   -7.5000   37.5000   15.000011932.5449   25.3783
    0.0000   37.5000   15.000012685.7422   25.3368
    7.5000   37.5000   15.000012082.9600   25.3490
   -7.5000   45.0000   15.000010879.3428   24.8272
    0.0000   45.0000   15.000011568.3682   24.7919
    7.5000   45.0000   15.000011057.0723   24.8065
   -7.5000  -45.0000   22.5000 9002.6475   25.7307
    0.0000  -45.0000   22.5000 9536.1914   25.6758
    7.5000  -45.0000   22.5000 9254.6270   25.6841
   -7.5000  -37.5000   22.5000 9702.1113   25.7683
    0.0000  -37.5000   22.500010289.8945   25.7210
    7.5000  -37.5000   22.500010007.4297   25.7353
   -7.5000  -30.0000   22.500010807.3525   25.7849
    0.0000  -30.0000   22.500011524.5078   25.7376
    7.5000  -30.0000   22.500011160.1758   25.7550
   -7.5000  -22.5000   22.500011836.3604   25.7543
    0.0000  -22.5000   22.500012776.0557   25.7010
    7.5000  -22.5000   22.500012276.4492   25.7158
   -7.5000  -15.0000   22.500012775.3066   25.7068
    0.0000  -15.0000   22.500013854.3838   25.6455
    7.5000  -15.0000   22.500013294.8408   25.6546
   -7.5000   -7.5000   22.500013605.4883   25.6887
    0.0000   -7.5000   22.500014782.6904   25.6259
    7.5000   -7.5000   22.500014194.0781   25.6316
   -7.5000    0.0000   22.500014387.6387   25.7180
    0.0000    0.0000   22.500015575.1660   25.6631
    7.5000    0.0000   22.500014888.3516   25.6714
   -7.5000    7.5000   22.500013973.9834   25.7665
    0.0000    7.5000   22.500015006.2422   25.7192
    7.5000    7.5000   22.500014273.7412   25.7334
   -7.5000   15.0000   22.500013332.1553   25.7848
    0.0000   15.0000   22.500014208.4229   25.7375
    7.5000   15.0000   22.500013526.3496   25.7549
   -7.5000   22.5000   22.500012589.8369   25.7425
    0.0000   22.5000   22.500013341.8584   25.6892
    7.5000   22.5000   22.500012728.8047   25.7039
   -7.5000   30.0000   22.500011782.6699   25.3741
    0.0000   30.0000   22.500012479.0479   25.3136
    7.5000   30.0000   22.500011905.8438   25.3226
   -7.5000   37.5000   22.500011329.4395   25.3562
    0.0000   37.5000   22.500011993.6279   25.2942
    7.5000   37.5000   22.500011453.1504   25.2999
   -7.5000   45.0000   22.500010329.1680   24.7891
    0.0000   45.0000   22.500010918.2910   24.7363
    7.5000   45.0000   22.500010477.3447   24.7443
   -7.5000  -45.0000   30.0000 8307.4922   25.7069
    0.0000  -45.0000   30.0000 8814.3516   25.6359
    7.5000  -45.0000   30.0000 8602.1689   25.6301
   -7.5000  -37.5000   30.0000 8985.6719   25.7273
    0.0000  -37.5000   30.0000 9507.2061   25.6608
    7.5000  -37.5000   30.0000 9305.1025   25.6593
   -7.5000  -30.0000   30.000010008.9541   25.7418
    0.0000  -30.0000   30.000010611.4062   25.6741
    7.5000  -30.0000   30.000010341.2100   25.6749
   -7.5000  -22.5000   30.000011049.0977   25.7271
    0.0000  -22.5000   30.000011706.2334   25.6549
    7.5000  -22.5000   30.000011342.7588   25.6548
   -7.5000  -15.0000   30.000011993.3125   25.6969
    0.0000  -15.0000   30.000012626.0137   25.6197
    7.5000  -15.0000   30.000012198.5361   25.6163
   -7.5000   -7.5000   30.000012769.8213   25.6801
    0.0000   -7.5000   30.000013424.0859   25.6030
    7.5000   -7.5000   30.000012929.9990   25.5962
   -7.5000    0.0000   30.000013403.2979   25.6941
    0.0000    0.0000   30.000014080.0830   25.6232
    7.5000    0.0000   30.000013551.1289   25.6175
   -7.5000    7.5000   30.000012971.7705   25.7254
    0.0000    7.5000   30.000013649.6719   25.6590
    7.5000    7.5000   30.000013141.9961   25.6575
   -7.5000   15.0000   30.000012384.7285   25.7417
    0.0000   15.0000   30.000013051.2402   25.6740
    7.5000   15.0000   30.000012579.2227   25.6748
   -7.5000   22.5000   30.000011707.9062   25.7153
    0.0000   22.5000   30.000012332.1680   25.6431
    7.5000   22.5000   30.000011881.5635   25.6430
   -7.5000   30.0000   30.000010944.8369   25.3643
    0.0000   30.0000   30.000011519.4561   25.2881
    7.5000   30.0000   30.000011079.8135   25.2848
   -7.5000   37.5000   30.000010507.5225   25.3477
    0.0000   37.5000   30.000011043.0293   25.2716
    7.5000   37.5000   30.000010633.0107   25.2649
   -7.5000   45.0000   30.0000 9597.0029   24.7661
    0.0000   45.0000   30.000010073.0713   24.6979
    7.5000   45.0000   30.0000 9721.1660   24.6923
   -7.5000  -45.0000   37.5000 8006.2837   25.7560
    0.0000  -45.0000   37.5000 8442.1904   25.6897
    7.5000  -45.0000   37.5000 8226.3359   25.6769
   -7.5000  -37.5000   37.5000 8664.4258   25.7763
    0.0000  -37.5000   37.5000 9110.7500   25.7134
    7.5000  -37.5000   37.5000 8871.6621   25.7088
   -7.5000  -30.0000   37.5000 9633.5176   25.7901
    0.0000  -30.0000   37.500010084.9199   25.7287
    7.5000  -30.0000   37.5000 9812.8672   25.7305
   -7.5000  -22.5000   37.500010568.7588   25.7719
    0.0000  -22.5000   37.500011011.9082   25.7108
    7.5000  -22.5000   37.500010693.0684   25.7123
   -7.5000  -15.0000   37.500011412.0586   25.7406
    0.0000  -15.0000   37.500011798.9248   25.6767
    7.5000  -15.0000   37.500011474.0430   25.6719
   -7.5000   -7.5000   37.500012104.8457   25.7275
    0.0000   -7.5000   37.500012520.1250   25.6600
    7.5000   -7.5000   37.500012159.4199   25.6474
   -7.5000    0.0000   37.500012683.0420   25.7431
    0.0000    0.0000   37.500013125.3652   25.6770
    7.5000    0.0000   37.500012725.6367   25.6643
   -7.5000    7.5000   37.500012277.4990   25.7745
    0.0000    7.5000   37.500012729.8838   25.7115
    7.5000    7.5000   37.500012324.0166   25.7070
   -7.5000   15.0000   37.500011754.6221   25.7900
    0.0000   15.0000   37.500012262.9014   25.7286
    7.5000   15.0000   37.500011865.8633   25.7305
   -7.5000   22.5000   37.500011168.2998   25.7600
    0.0000   22.5000   37.500011655.2451   25.6990
    7.5000   22.5000   37.500011256.4424   25.7005
   -7.5000   30.0000   37.500010457.5576   25.4075
    0.0000   30.0000   37.500010961.1367   25.3444
    7.5000   30.0000   37.500010536.7988   25.3397
   -7.5000   37.5000   37.500010037.0586   25.3945
    0.0000   37.5000   37.500010546.0303   25.3279
    7.5000   37.5000   37.500010131.6348   25.3155
   -7.5000   45.0000   37.5000 9185.7861   24.8134
    0.0000   45.0000   37.5000 9657.8164   24.7497
    7.5000   45.0000   37.5000 9289.2715   24.7374
   -7.5000  -45.0000   45.0000 7312.6084   25.9629
    0.0000  -45.0000   45.0000 7723.8379   25.9147
    7.5000  -45.0000   45.0000 7484.0469   25.9086
   -7.5000  -37.5000   45.0000 7913.6016   26.0009
    0.0000  -37.5000   45.0000 8339.2607   25.9568
    7.5000  -37.5000   45.0000 8080.5190   25.9639
   -7.5000  -30.0000   45.0000 8777.8018   26.0170
    0.0000  -30.0000   45.0000 9202.6846   25.9781
    7.5000  -30.0000   45.0000 8934.0693   25.9962
   -7.5000  -22.5000   45.0000 9577.7080   25.9806
    0.0000  -22.5000   45.000010007.6201   25.9450
    7.5000  -22.5000   45.0000 9734.2461   25.9621
   -7.5000  -15.0000   45.000010302.8223   25.9303
    0.0000  -15.0000   45.000010722.5234   25.8917
    7.5000  -15.0000   45.000010444.5850   25.8979
   -7.5000   -7.5000   45.000010928.4980   25.9175
    0.0000   -7.5000   45.000011365.2900   25.8715
    7.5000   -7.5000   45.000011046.6699   25.8655
   -7.5000    0.0000   45.000011464.4561   25.9498
    0.0000    0.0000   45.000011933.7471   25.9016
    7.5000    0.0000   45.000011578.5498   25.8956
   -7.5000    7.5000   45.000011155.1133   25.9990
    0.0000    7.5000   45.000011595.5879   25.9550
    7.5000    7.5000   45.000011235.0977   25.9620
   -7.5000   15.0000   45.000010692.4521   26.0169
    0.0000   15.0000   45.000011166.1875   25.9780
    7.5000   15.0000   45.000010800.4854   25.9961
   -7.5000   22.5000   45.000010171.3623   25.9685
    0.0000   22.5000   45.000010610.6729   25.9329
    7.5000   22.5000   45.000010258.2793   25.9500
   -7.5000   30.0000   45.0000 9508.1729   25.5925
    0.0000   30.0000   45.0000 9949.2266   25.5544
    7.5000   30.0000   45.0000 9613.8623   25.5605
   -7.5000   37.5000   45.0000 9159.2012   25.5799
    0.0000   37.5000   45.0000 9588.0596   25.5344
    7.5000   37.5000   45.0000 9256.6436   25.5286
   -7.5000   45.0000   45.0000 8407.3223   25.0239
    0.0000   45.0000   45.0000 8810.3545   24.9775
    7.5000   45.0000   45.0000 8494.8682   24.9717

---------------------------------------------------------------------
imgreg_4dfp /opt/freesurfer/average/711-2C_as_mni_average_305 /opt/freesurfer/average/711-2B_as_mni_average_305_mask talsrcimg_g11 none talsrcimg_to_711-2C_as_mni_average_305_t4 4355
---------------------------------------------------------------------

freesurfer imgreg_4dfp.c
/opt/freesurfer/average/711-2C_as_mni_average_305.4dfp.img
       256       256       256         1
  1.000000  1.000000  1.000000
orientation T byte_order littleendian
Reading image: /opt/freesurfer/average/711-2C_as_mni_average_305.4dfp.img
dimensions:      256       256       256
mmppix:       1.0000   -1.0000   -1.0000
center:     128.0000 -129.0000 -129.0000
/opt/freesurfer/average/711-2B_as_mni_average_305_mask.4dfp.img
       256       256       256         1
  1.000000  1.000000  1.000000
orientation T byte_order littleendian
Reading mask: /opt/freesurfer/average/711-2B_as_mni_average_305_mask.4dfp.img (2306576 pixels)
talsrcimg_g11.4dfp.img
       256       256       256         1
  1.000000  1.000000  1.000000
orientation T byte_order littleendian
Reading image: talsrcimg_g11.4dfp.img
dimensions:      256       256       256
mmppix:       1.0000   -1.0000   -1.0000
center:     128.0000 -129.0000 -129.0000
rotation matrix determinant  1.000000
image alignment mode   4355 decimal     1103 hex
   -7.5000  -45.0000  -45.0000 1878.7786   29.9066
    0.0000  -45.0000  -45.0000 1893.1826   29.4384
    7.5000  -45.0000  -45.0000 1891.9377   29.1437
   -7.5000  -37.5000  -45.0000 1980.4611   26.9329
    0.0000  -37.5000  -45.0000 1997.9240   26.5472
    7.5000  -37.5000  -45.0000 1997.7966   26.3626
   -7.5000  -30.0000  -45.0000 2063.4478   24.6047
    0.0000  -30.0000  -45.0000 2086.1221   24.2019
    7.5000  -30.0000  -45.0000 2076.6311   24.0604
   -7.5000  -22.5000  -45.0000 2117.0930   22.8694
    0.0000  -22.5000  -45.0000 2141.5989   22.5248
    7.5000  -22.5000  -45.0000 2131.4565   22.3633
   -7.5000  -15.0000  -45.0000 2152.2012   21.8212
    0.0000  -15.0000  -45.0000 2170.4753   21.3904
    7.5000  -15.0000  -45.0000 2173.4458   21.2511
   -7.5000   -7.5000  -45.0000 2165.6233   21.2210
    0.0000   -7.5000  -45.0000 2196.6433   20.8101
    7.5000   -7.5000  -45.0000 2202.2935   20.6941
   -7.5000    0.0000  -45.0000 2167.4382   20.9859
    0.0000    0.0000  -45.0000 2199.2021   20.6022
    7.5000    0.0000  -45.0000 2200.9087   20.5378
   -7.5000    7.5000  -45.0000 2151.8674   21.2867
    0.0000    7.5000  -45.0000 2185.0737   20.8868
    7.5000    7.5000  -45.0000 2185.6846   20.8150
   -7.5000   15.0000  -45.0000 2114.8750   21.9527
    0.0000   15.0000  -45.0000 2135.8240   21.5643
    7.5000   15.0000  -45.0000 2141.9468   21.4782
   -7.5000   22.5000  -45.0000 2061.1191   23.0145
    0.0000   22.5000  -45.0000 2084.6816   22.5461
    7.5000   22.5000  -45.0000 2088.5020   22.4501
   -7.5000   30.0000  -45.0000 1985.3558   24.6054
    0.0000   30.0000  -45.0000 2005.7159   24.1146
    7.5000   30.0000  -45.0000 2003.8309   24.0969
   -7.5000   37.5000  -45.0000 1893.9602   27.0013
    0.0000   37.5000  -45.0000 1914.4379   26.4566
    7.5000   37.5000  -45.0000 1911.9243   26.4879
   -7.5000   45.0000  -45.0000 1789.0699   30.3622
    0.0000   45.0000  -45.0000 1809.7600   29.7050
    7.5000   45.0000  -45.0000 1809.0216   29.7649
   -7.5000  -45.0000  -37.5000 1961.0620   27.9387
    0.0000  -45.0000  -37.5000 1978.5295   27.4043
    7.5000  -45.0000  -37.5000 1976.5671   27.1999
   -7.5000  -37.5000  -37.5000 2065.3025   25.1127
    0.0000  -37.5000  -37.5000 2078.0273   24.5712
    7.5000  -37.5000  -37.5000 2079.1599   24.4482
   -7.5000  -30.0000  -37.5000 2152.9653   22.8616
    0.0000  -30.0000  -37.5000 2169.9812   22.4543
    7.5000  -30.0000  -37.5000 2162.6506   22.3708
   -7.5000  -22.5000  -37.5000 2213.6592   21.2419
    0.0000  -22.5000  -37.5000 2233.5056   20.8241
    7.5000  -22.5000  -37.5000 2229.4089   20.8154
   -7.5000  -15.0000  -37.5000 2245.4963   20.1659
    0.0000  -15.0000  -37.5000 2269.1033   19.8316
    7.5000  -15.0000  -37.5000 2270.5415   19.7858
   -7.5000   -7.5000  -37.5000 2269.1660   19.6155
    0.0000   -7.5000  -37.5000 2292.7654   19.2333
    7.5000   -7.5000  -37.5000 2295.6707   19.1740
   -7.5000    0.0000  -37.5000 2272.9429   19.3876
    0.0000    0.0000  -37.5000 2302.1924   19.0082
    7.5000    0.0000  -37.5000 2303.9663   18.9794
   -7.5000    7.5000  -37.5000 2260.9602   19.6466
    0.0000    7.5000  -37.5000 2293.3042   19.2014
    7.5000    7.5000  -37.5000 2296.1802   19.1933
   -7.5000   15.0000  -37.5000 2224.8088   20.2217
    0.0000   15.0000  -37.5000 2252.4670   19.7852
    7.5000   15.0000  -37.5000 2259.2695   19.7929
   -7.5000   22.5000  -37.5000 2168.5981   21.1736
    0.0000   22.5000  -37.5000 2193.2307   20.7621
    7.5000   22.5000  -37.5000 2195.5222   20.7768
   -7.5000   30.0000  -37.5000 2085.5291   22.6426
    0.0000   30.0000  -37.5000 2107.2012   22.2605
    7.5000   30.0000  -37.5000 2100.6140   22.2404
   -7.5000   37.5000  -37.5000 1980.7473   24.8709
    0.0000   37.5000  -37.5000 2006.7056   24.4517
    7.5000   37.5000  -37.5000 1999.9445   24.3869
   -7.5000   45.0000  -37.5000 1865.7919   27.9495
    0.0000   45.0000  -37.5000 1893.6510   27.4951
    7.5000   45.0000  -37.5000 1890.4784   27.4500
   -7.5000  -45.0000  -30.0000 2067.7878   27.0217
    0.0000  -45.0000  -30.0000 2096.3054   26.4812
    7.5000  -45.0000  -30.0000 2092.4370   26.2366
   -7.5000  -37.5000  -30.0000 2178.3022   24.1726
    0.0000  -37.5000  -30.0000 2202.2712   23.5971
    7.5000  -37.5000  -30.0000 2198.5457   23.4575
   -7.5000  -30.0000  -30.0000 2271.4460   21.9844
    0.0000  -30.0000  -30.0000 2294.1221   21.4682
    7.5000  -30.0000  -30.0000 2290.4050   21.3797
   -7.5000  -22.5000  -30.0000 2338.0627   20.3659
    0.0000  -22.5000  -30.0000 2369.6030   19.9108
    7.5000  -22.5000  -30.0000 2370.7690   19.8770
   -7.5000  -15.0000  -30.0000 2383.2534   19.2600
    0.0000  -15.0000  -30.0000 2409.5251   18.8657
    7.5000  -15.0000  -30.0000 2417.5396   18.8765
   -7.5000   -7.5000  -30.0000 2412.8479   18.6937
    0.0000   -7.5000  -30.0000 2442.0154   18.3029
    7.5000   -7.5000  -30.0000 2442.9397   18.3100
   -7.5000    0.0000  -30.0000 2416.3250   18.5321
    0.0000    0.0000  -30.0000 2452.8254   18.1452
    7.5000    0.0000  -30.0000 2457.0259   18.1567
   -7.5000    7.5000  -30.0000 2406.3376   18.7611
    0.0000    7.5000  -30.0000 2448.1338   18.3509
    7.5000    7.5000  -30.0000 2451.5322   18.3724
   -7.5000   15.0000  -30.0000 2366.8911   19.3086
    0.0000   15.0000  -30.0000 2407.7644   18.8971
    7.5000   15.0000  -30.0000 2414.1060   18.9120
   -7.5000   22.5000  -30.0000 2303.8723   20.2253
    0.0000   22.5000  -30.0000 2339.4609   19.8595
    7.5000   22.5000  -30.0000 2344.3140   19.8667
   -7.5000   30.0000  -30.0000 2214.9915   21.5732
    0.0000   30.0000  -30.0000 2243.1758   21.2301
    7.5000   30.0000  -30.0000 2241.4089   21.2681
   -7.5000   37.5000  -30.0000 2102.0017   23.6340
    0.0000   37.5000  -30.0000 2129.5449   23.2116
    7.5000   37.5000  -30.0000 2127.7876   23.2672
   -7.5000   45.0000  -30.0000 1974.5211   26.4747
    0.0000   45.0000  -30.0000 2003.6912   26.0422
    7.5000   45.0000  -30.0000 1998.2908   26.1257
   -7.5000  -45.0000  -22.5000 2145.2263   25.7880
    0.0000  -45.0000  -22.5000 2175.7871   25.1946
    7.5000  -45.0000  -22.5000 2169.8030   24.8832
   -7.5000  -37.5000  -22.5000 2265.6008   23.0897
    0.0000  -37.5000  -22.5000 2294.1897   22.5096
    7.5000  -37.5000  -22.5000 2291.3350   22.2850
   -7.5000  -30.0000  -22.5000 2364.0872   20.9350
    0.0000  -30.0000  -22.5000 2391.0078   20.3629
    7.5000  -30.0000  -22.5000 2391.6230   20.2114
   -7.5000  -22.5000  -22.5000 2442.8713   19.3447
    0.0000  -22.5000  -22.5000 2474.5571   18.8351
    7.5000  -22.5000  -22.5000 2480.8381   18.7679
   -7.5000  -15.0000  -22.5000 2498.5791   18.2545
    0.0000  -15.0000  -22.5000 2529.5618   17.8006
    7.5000  -15.0000  -22.5000 2535.6143   17.7865
   -7.5000   -7.5000  -22.5000 2536.4695   17.6234
    0.0000   -7.5000  -22.5000 2570.1545   17.2419
    7.5000   -7.5000  -22.5000 2572.0588   17.2390
   -7.5000    0.0000  -22.5000 2542.8513   17.5130
    0.0000    0.0000  -22.5000 2582.8694   17.1224
    7.5000    0.0000  -22.5000 2585.5767   17.1320
   -7.5000    7.5000  -22.5000 2529.3389   17.7233
    0.0000    7.5000  -22.5000 2574.0586   17.3210
    7.5000    7.5000  -22.5000 2579.5679   17.3706
   -7.5000   15.0000  -22.5000 2487.5850   18.2830
    0.0000   15.0000  -22.5000 2533.3103   17.8716
    7.5000   15.0000  -22.5000 2537.9905   17.9062
   -7.5000   22.5000  -22.5000 2421.5962   19.1346
    0.0000   22.5000  -22.5000 2463.2888   18.7687
    7.5000   22.5000  -22.5000 2467.6416   18.7464
   -7.5000   30.0000  -22.5000 2325.1475   20.4621
    0.0000   30.0000  -22.5000 2355.5542   20.0934
    7.5000   30.0000  -22.5000 2360.2727   20.0781
   -7.5000   37.5000  -22.5000 2204.4783   22.3700
    0.0000   37.5000  -22.5000 2230.6743   21.9746
    7.5000   37.5000  -22.5000 2231.8313   22.0178
   -7.5000   45.0000  -22.5000 2062.3823   24.9970
    0.0000   45.0000  -22.5000 2091.5439   24.5890
    7.5000   45.0000  -22.5000 2087.4421   24.6626
   -7.5000  -45.0000  -15.0000 2188.4253   24.8209
    0.0000  -45.0000  -15.0000 2215.2258   24.0445
    7.5000  -45.0000  -15.0000 2216.1660   23.7220
   -7.5000  -37.5000  -15.0000 2315.6799   22.1326
    0.0000  -37.5000  -15.0000 2344.7817   21.4987
    7.5000  -37.5000  -15.0000 2348.2463   21.2294
   -7.5000  -30.0000  -15.0000 2422.1807   20.0322
    0.0000  -30.0000  -15.0000 2450.1455   19.5249
    7.5000  -30.0000  -15.0000 2458.7463   19.2862
   -7.5000  -22.5000  -15.0000 2515.1733   18.5006
    0.0000  -22.5000  -15.0000 2542.4790   17.9789
    7.5000  -22.5000  -15.0000 2551.5659   17.8064
   -7.5000  -15.0000  -15.0000 2581.9924   17.3879
    0.0000  -15.0000  -15.0000 2613.3569   16.9169
    7.5000  -15.0000  -15.0000 2623.3655   16.8125
   -7.5000   -7.5000  -15.0000 2629.9353   16.6983
    0.0000   -7.5000  -15.0000 2661.3933   16.2788
    7.5000   -7.5000  -15.0000 2666.7354   16.2291
   -7.5000    0.0000  -15.0000 2644.9546   16.5522
    0.0000    0.0000  -15.0000 2682.9731   16.1675
    7.5000    0.0000  -15.0000 2683.4832   16.1311
   -7.5000    7.5000  -15.0000 2628.2874   16.7791
    0.0000    7.5000  -15.0000 2667.0464   16.3880
    7.5000    7.5000  -15.0000 2670.6104   16.3631
   -7.5000   15.0000  -15.0000 2578.5386   17.3061
    0.0000   15.0000  -15.0000 2620.3740   16.8977
    7.5000   15.0000  -15.0000 2622.6455   16.8737
   -7.5000   22.5000  -15.0000 2511.0825   18.1772
    0.0000   22.5000  -15.0000 2544.4514   17.7551
    7.5000   22.5000  -15.0000 2548.6379   17.7337
   -7.5000   30.0000  -15.0000 2407.3916   19.4629
    0.0000   30.0000  -15.0000 2436.1343   19.0888
    7.5000   30.0000  -15.0000 2440.2954   19.0816
   -7.5000   37.5000  -15.0000 2277.4629   21.3004
    0.0000   37.5000  -15.0000 2309.3003   20.9253
    7.5000   37.5000  -15.0000 2309.1667   20.9497
   -7.5000   45.0000  -15.0000 2130.4375   23.7794
    0.0000   45.0000  -15.0000 2149.8430   23.3523
    7.5000   45.0000  -15.0000 2149.6191   23.3916
   -7.5000  -45.0000   -7.5000 2225.3445   24.1160
    0.0000  -45.0000   -7.5000 2248.3987   23.3449
    7.5000  -45.0000   -7.5000 2245.9685   22.9618
   -7.5000  -37.5000   -7.5000 2362.2588   21.5340
    0.0000  -37.5000   -7.5000 2386.3997   20.8042
    7.5000  -37.5000   -7.5000 2389.0430   20.4851
   -7.5000  -30.0000   -7.5000 2480.2551   19.5044
    0.0000  -30.0000   -7.5000 2511.0149   18.9273
    7.5000  -30.0000   -7.5000 2513.5583   18.6274
   -7.5000  -22.5000   -7.5000 2581.6152   17.9666
    0.0000  -22.5000   -7.5000 2608.3140   17.4289
    7.5000  -22.5000   -7.5000 2616.1907   17.1458
   -7.5000  -15.0000   -7.5000 2657.2278   16.7948
    0.0000  -15.0000   -7.5000 2685.7642   16.2903
    7.5000  -15.0000   -7.5000 2695.5083   16.0633
   -7.5000   -7.5000   -7.5000 2712.5405   16.0102
    0.0000   -7.5000   -7.5000 2746.1150   15.5411
    7.5000   -7.5000   -7.5000 2751.0876   15.3827
   -7.5000    0.0000   -7.5000 2728.5181   15.7339
    0.0000    0.0000   -7.5000 2768.3235   15.3276
    7.5000    0.0000   -7.5000 2767.6091   15.2171
   -7.5000    7.5000   -7.5000 2711.8545   15.8991
    0.0000    7.5000   -7.5000 2748.7434   15.5227
    7.5000    7.5000   -7.5000 2747.8032   15.4506
   -7.5000   15.0000   -7.5000 2663.4304   16.4724
    0.0000   15.0000   -7.5000 2693.5166   16.0404
    7.5000   15.0000   -7.5000 2694.6194   16.0118
   -7.5000   22.5000   -7.5000 2584.8374   17.3699
    0.0000   22.5000   -7.5000 2612.3354   16.9516
    7.5000   22.5000   -7.5000 2614.3567   16.9468
   -7.5000   30.0000   -7.5000 2473.7849   18.6717
    0.0000   30.0000   -7.5000 2499.2158   18.2574
    7.5000   30.0000   -7.5000 2496.0610   18.2982
   -7.5000   37.5000   -7.5000 2339.7480   20.4843
    0.0000   37.5000   -7.5000 2372.1531   20.0579
    7.5000   37.5000   -7.5000 2369.3774   20.0873
   -7.5000   45.0000   -7.5000 2186.0222   22.8657
    0.0000   45.0000   -7.5000 2207.3511   22.4876
    7.5000   45.0000   -7.5000 2205.3730   22.4777
   -7.5000  -45.0000    0.0000 2236.6746   23.8019
    0.0000  -45.0000    0.0000 2260.1794   22.9732
    7.5000  -45.0000    0.0000 2258.8958   22.5401
   -7.5000  -37.5000    0.0000 2380.6682   21.2029
    0.0000  -37.5000    0.0000 2410.3352   20.4884
    7.5000  -37.5000    0.0000 2405.0112   20.0990
   -7.5000  -30.0000    0.0000 2510.3811   19.2362
    0.0000  -30.0000    0.0000 2542.4456   18.6070
    7.5000  -30.0000    0.0000 2540.1729   18.2647
   -7.5000  -22.5000    0.0000 2628.1382   17.7149
    0.0000  -22.5000    0.0000 2659.2451   17.1700
    7.5000  -22.5000    0.0000 2659.0837   16.8428
   -7.5000  -15.0000    0.0000 2717.6833   16.4814
    0.0000  -15.0000    0.0000 2747.5708   16.0128
    7.5000  -15.0000    0.0000 2746.8425   15.6310
   -7.5000   -7.5000    0.0000 2765.1135   15.4380
    0.0000   -7.5000    0.0000 2806.3279   15.0013
    7.5000   -7.5000    0.0000 2799.2703   14.7243
   -7.5000    0.0000    0.0000 2785.7019   15.0713
    0.0000    0.0000    0.0000 2824.0137   14.6325
    7.5000    0.0000    0.0000 2815.1208   14.5006
   -7.5000    7.5000    0.0000 2767.9661   15.3557
    0.0000    7.5000    0.0000 2803.9216   14.8892
    7.5000    7.5000    0.0000 2800.1755   14.8874
   -7.5000   15.0000    0.0000 2717.8181   15.9809
    0.0000   15.0000    0.0000 2745.6011   15.5031
    7.5000   15.0000    0.0000 2745.8271   15.5312
   -7.5000   22.5000    0.0000 2636.3789   16.9285
    0.0000   22.5000    0.0000 2657.0442   16.4599
    7.5000   22.5000    0.0000 2661.2949   16.4832
   -7.5000   30.0000    0.0000 2517.4363   18.2021
    0.0000   30.0000    0.0000 2535.7366   17.7489
    7.5000   30.0000    0.0000 2534.5637   17.7772
   -7.5000   37.5000    0.0000 2380.3252   19.9910
    0.0000   37.5000    0.0000 2406.9407   19.5105
    7.5000   37.5000    0.0000 2406.3728   19.5629
   -7.5000   45.0000    0.0000 2222.0415   22.2919
    0.0000   45.0000    0.0000 2245.2021   21.8229
    7.5000   45.0000    0.0000 2247.0100   21.9129
   -7.5000  -45.0000    7.5000 2237.9080   23.6834
    0.0000  -45.0000    7.5000 2265.8369   22.9089
    7.5000  -45.0000    7.5000 2265.6726   22.4525
   -7.5000  -37.5000    7.5000 2384.4543   21.0343
    0.0000  -37.5000    7.5000 2420.3958   20.4301
    7.5000  -37.5000    7.5000 2410.3123   20.0131
   -7.5000  -30.0000    7.5000 2515.1104   19.0027
    0.0000  -30.0000    7.5000 2561.4814   18.5272
    7.5000  -30.0000    7.5000 2548.5300   18.1360
   -7.5000  -22.5000    7.5000 2643.0710   17.4751
    0.0000  -22.5000    7.5000 2689.6184   17.1232
    7.5000  -22.5000    7.5000 2672.2891   16.7301
   -7.5000  -15.0000    7.5000 2736.2808   16.1793
    0.0000  -15.0000    7.5000 2791.2832   15.8891
    7.5000  -15.0000    7.5000 2766.8984   15.4436
   -7.5000   -7.5000    7.5000 2781.6963   15.0292
    0.0000   -7.5000    7.5000 2817.8484   14.4937
    7.5000   -7.5000    7.5000 2802.7527   14.3238
   -7.5000    0.0000    7.5000 2816.6069   14.7145
    0.0000    0.0000    7.5000 2855.2361   14.1530
    7.5000    0.0000    7.5000 2839.3022   14.1174
   -7.5000    7.5000    7.5000 2795.8643   15.0729
    0.0000    7.5000    7.5000 2840.5454   14.6258
    7.5000    7.5000    7.5000 2827.7681   14.5842
   -7.5000   15.0000    7.5000 2740.5132   15.7637
    0.0000   15.0000    7.5000 2775.7024   15.3529
    7.5000   15.0000    7.5000 2771.7466   15.3297
   -7.5000   22.5000    7.5000 2654.6731   16.6946
    0.0000   22.5000    7.5000 2683.7004   16.2805
    7.5000   22.5000    7.5000 2680.1836   16.2503
   -7.5000   30.0000    7.5000 2536.1040   17.9698
    0.0000   30.0000    7.5000 2563.7437   17.5388
    7.5000   30.0000    7.5000 2552.6851   17.5217
   -7.5000   37.5000    7.5000 2402.3059   19.7429
    0.0000   37.5000    7.5000 2433.8445   19.2801
    7.5000   37.5000    7.5000 2421.8853   19.2754
   -7.5000   45.0000    7.5000 2239.2583   22.0211
    0.0000   45.0000    7.5000 2262.1533   21.5444
    7.5000   45.0000    7.5000 2258.9585   21.5858
   -7.5000  -45.0000   15.0000 2222.7249   23.7012
    0.0000  -45.0000   15.0000 2251.0496   22.9134
    7.5000  -45.0000   15.0000 2246.0586   22.6891
   -7.5000  -37.5000   15.0000 2369.0513   21.0630
    0.0000  -37.5000   15.0000 2401.9485   20.4090
    7.5000  -37.5000   15.0000 2390.9412   20.1581
   -7.5000  -30.0000   15.0000 2503.4597   19.0750
    0.0000  -30.0000   15.0000 2539.6711   18.5176
    7.5000  -30.0000   15.0000 2535.0212   18.2744
   -7.5000  -22.5000   15.0000 2632.9729   17.5215
    0.0000  -22.5000   15.0000 2669.9731   17.1117
    7.5000  -22.5000   15.0000 2658.9373   16.7950
   -7.5000  -15.0000   15.0000 2725.8533   16.2087
    0.0000  -15.0000   15.0000 2766.2664   15.9154
    7.5000  -15.0000   15.0000 2743.6797   15.5592
   -7.5000   -7.5000   15.0000 2797.3809   15.3412
    0.0000   -7.5000   15.0000 2833.2041   14.8675
    7.5000   -7.5000   15.0000 2800.2712   14.7265
   -7.5000    0.0000   15.0000 2827.6165   15.0482
    0.0000    0.0000   15.0000 2866.7864   14.5161
    7.5000    0.0000   15.0000 2830.2961   14.4387
   -7.5000    7.5000   15.0000 2802.8950   15.2803
    0.0000    7.5000   15.0000 2852.9851   14.8468
    7.5000    7.5000   15.0000 2822.3403   14.7543
   -7.5000   15.0000   15.0000 2738.8423   15.8487
    0.0000   15.0000   15.0000 2773.9714   15.4963
    7.5000   15.0000   15.0000 2758.7129   15.3984
   -7.5000   22.5000   15.0000 2647.1511   16.7311
    0.0000   22.5000   15.0000 2676.2720   16.3871
    7.5000   22.5000   15.0000 2669.8989   16.2786
   -7.5000   30.0000   15.0000 2526.9060   17.9557
    0.0000   30.0000   15.0000 2555.1362   17.6094
    7.5000   30.0000   15.0000 2551.7324   17.5849
   -7.5000   37.5000   15.0000 2391.0195   19.6843
    0.0000   37.5000   15.0000 2420.9004   19.3068
    7.5000   37.5000   15.0000 2416.5547   19.3298
   -7.5000   45.0000   15.0000 2223.4534   21.9327
    0.0000   45.0000   15.0000 2247.0200   21.6064
    7.5000   45.0000   15.0000 2252.4124   21.6467
   -7.5000  -45.0000   22.5000 2200.2075   24.2418
    0.0000  -45.0000   22.5000 2228.7231   23.3958
    7.5000  -45.0000   22.5000 2222.9253   23.3110
   -7.5000  -37.5000   22.5000 2342.2866   21.4810
    0.0000  -37.5000   22.5000 2368.5627   20.7690
    7.5000  -37.5000   22.5000 2369.9092   20.7461
   -7.5000  -30.0000   22.5000 2483.1294   19.5237
    0.0000  -30.0000   22.5000 2509.1812   18.9249
    7.5000  -30.0000   22.5000 2511.7937   18.8343
   -7.5000  -22.5000   22.5000 2601.1382   17.9464
    0.0000  -22.5000   22.5000 2629.5730   17.4876
    7.5000  -22.5000   22.5000 2628.9941   17.3041
   -7.5000  -15.0000   22.5000 2703.9744   16.7197
    0.0000  -15.0000   22.5000 2740.4690   16.3294
    7.5000  -15.0000   22.5000 2734.5981   16.2296
   -7.5000   -7.5000   22.5000 2770.4626   16.0123
    0.0000   -7.5000   22.5000 2823.5125   15.6864
    7.5000   -7.5000   22.5000 2809.6235   15.5992
   -7.5000    0.0000   22.5000 2798.0283   15.7952
    0.0000    0.0000   22.5000 2852.5298   15.4849
    7.5000    0.0000   22.5000 2834.6626   15.3610
   -7.5000    7.5000   22.5000 2779.2998   15.9111
    0.0000    7.5000   22.5000 2822.9033   15.5292
    7.5000    7.5000   22.5000 2805.3452   15.4221
   -7.5000   15.0000   22.5000 2714.1807   16.3361
    0.0000   15.0000   22.5000 2744.3535   15.9406
    7.5000   15.0000   22.5000 2727.9487   15.8488
   -7.5000   22.5000   22.5000 2626.5757   17.1636
    0.0000   22.5000   22.5000 2647.5132   16.7407
    7.5000   22.5000   22.5000 2634.6943   16.6097
   -7.5000   30.0000   22.5000 2505.5103   18.4052
    0.0000   30.0000   22.5000 2531.3369   17.9449
    7.5000   30.0000   22.5000 2523.4873   17.8305
   -7.5000   37.5000   22.5000 2366.5898   20.0578
    0.0000   37.5000   22.5000 2388.6377   19.6102
    7.5000   37.5000   22.5000 2386.2249   19.5170
   -7.5000   45.0000   22.5000 2196.9927   22.2892
    0.0000   45.0000   22.5000 2216.1250   21.8472
    7.5000   45.0000   22.5000 2228.9429   21.8352
   -7.5000  -45.0000   30.0000 2149.7151   25.1218
    0.0000  -45.0000   30.0000 2186.4951   24.3094
    7.5000  -45.0000   30.0000 2189.4246   24.5249
   -7.5000  -37.5000   30.0000 2297.9509   22.4241
    0.0000  -37.5000   30.0000 2329.7256   21.7372
    7.5000  -37.5000   30.0000 2337.8064   21.9046
   -7.5000  -30.0000   30.0000 2427.1155   20.3924
    0.0000  -30.0000   30.0000 2455.2583   19.7985
    7.5000  -30.0000   30.0000 2463.8110   19.8452
   -7.5000  -22.5000   30.0000 2552.8044   18.8628
    0.0000  -22.5000   30.0000 2571.7861   18.2905
    7.5000  -22.5000   30.0000 2579.9829   18.2970
   -7.5000  -15.0000   30.0000 2655.0227   17.7648
    0.0000  -15.0000   30.0000 2679.0186   17.1700
    7.5000  -15.0000   30.0000 2677.0972   17.1596
   -7.5000   -7.5000   30.0000 2719.3665   17.0857
    0.0000   -7.5000   30.0000 2749.5847   16.5417
    7.5000   -7.5000   30.0000 2740.7952   16.4997
   -7.5000    0.0000   30.0000 2733.9800   16.8483
    0.0000    0.0000   30.0000 2771.3904   16.3747
    7.5000    0.0000   30.0000 2760.2827   16.2629
   -7.5000    7.5000   30.0000 2711.4873   16.9015
    0.0000    7.5000   30.0000 2751.3831   16.4991
    7.5000    7.5000   30.0000 2738.4114   16.3936
   -7.5000   15.0000   30.0000 2651.7803   17.2419
    0.0000   15.0000   30.0000 2688.2686   16.8679
    7.5000   15.0000   30.0000 2675.9189   16.8610
   -7.5000   22.5000   30.0000 2567.5686   17.9737
    0.0000   22.5000   30.0000 2594.4541   17.5904
    7.5000   22.5000   30.0000 2581.7344   17.5610
   -7.5000   30.0000   30.0000 2453.9177   19.1007
    0.0000   30.0000   30.0000 2472.4109   18.6832
    7.5000   30.0000   30.0000 2464.6526   18.6626
   -7.5000   37.5000   30.0000 2316.4700   20.6745
    0.0000   37.5000   30.0000 2334.3723   20.2387
    7.5000   37.5000   30.0000 2328.4443   20.2312
   -7.5000   45.0000   30.0000 2161.5437   22.8458
    0.0000   45.0000   30.0000 2178.3752   22.3508
    7.5000   45.0000   30.0000 2176.7112   22.3589
   -7.5000  -45.0000   37.5000 2100.4875   26.6551
    0.0000  -45.0000   37.5000 2134.4207   25.7869
    7.5000  -45.0000   37.5000 2146.9275   26.0554
   -7.5000  -37.5000   37.5000 2242.0435   23.8416
    0.0000  -37.5000   37.5000 2270.4470   23.0377
    7.5000  -37.5000   37.5000 2283.3159   23.1986
   -7.5000  -30.0000   37.5000 2366.5027   21.6637
    0.0000  -30.0000   37.5000 2386.6045   20.8828
    7.5000  -30.0000   37.5000 2401.5891   20.9814
   -7.5000  -22.5000   37.5000 2486.2378   20.0516
    0.0000  -22.5000   37.5000 2506.0286   19.2762
    7.5000  -22.5000   37.5000 2518.9988   19.3422
   -7.5000  -15.0000   37.5000 2579.7451   18.8980
    0.0000  -15.0000   37.5000 2599.1101   18.1465
    7.5000  -15.0000   37.5000 2606.3364   18.2483
   -7.5000   -7.5000   37.5000 2635.2759   18.1865
    0.0000   -7.5000   37.5000 2653.9048   17.5240
    7.5000   -7.5000   37.5000 2657.6018   17.5431
   -7.5000    0.0000   37.5000 2641.4573   17.9423
    0.0000    0.0000   37.5000 2666.4810   17.3138
    7.5000    0.0000   37.5000 2666.5222   17.2576
   -7.5000    7.5000   37.5000 2625.0039   17.9916
    0.0000    7.5000   37.5000 2649.7673   17.4195
    7.5000    7.5000   37.5000 2647.3999   17.3784
   -7.5000   15.0000   37.5000 2569.2473   18.3825
    0.0000   15.0000   37.5000 2601.1855   17.8432
    7.5000   15.0000   37.5000 2598.7485   17.8281
   -7.5000   22.5000   37.5000 2496.5454   19.0291
    0.0000   22.5000   37.5000 2516.1597   18.5643
    7.5000   22.5000   37.5000 2511.5823   18.5707
   -7.5000   30.0000   37.5000 2388.9409   20.0770
    0.0000   30.0000   37.5000 2407.9841   19.6438
    7.5000   30.0000   37.5000 2398.8796   19.6430
   -7.5000   37.5000   37.5000 2253.8066   21.6435
    0.0000   37.5000   37.5000 2273.0393   21.2149
    7.5000   37.5000   37.5000 2265.9695   21.2319
   -7.5000   45.0000   37.5000 2111.0632   23.8155
    0.0000   45.0000   37.5000 2128.9749   23.3726
    7.5000   45.0000   37.5000 2125.8198   23.3150
   -7.5000  -45.0000   45.0000 2035.7642   28.4441
    0.0000  -45.0000   45.0000 2072.8269   27.5669
    7.5000  -45.0000   45.0000 2081.8486   27.7550
   -7.5000  -37.5000   45.0000 2167.9976   25.3934
    0.0000  -37.5000   45.0000 2208.7087   24.6015
    7.5000  -37.5000   45.0000 2214.0173   24.7488
   -7.5000  -30.0000   45.0000 2294.4089   23.1407
    0.0000  -30.0000   45.0000 2322.0842   22.2906
    7.5000  -30.0000   45.0000 2333.6438   22.5013
   -7.5000  -22.5000   45.0000 2403.6831   21.4033
    0.0000  -22.5000   45.0000 2433.4846   20.6000
    7.5000  -22.5000   45.0000 2440.5671   20.8200
   -7.5000  -15.0000   45.0000 2491.6143   20.1770
    0.0000  -15.0000   45.0000 2512.4390   19.4655
    7.5000  -15.0000   45.0000 2516.1355   19.6382
   -7.5000   -7.5000   45.0000 2536.9963   19.4324
    0.0000   -7.5000   45.0000 2554.3032   18.8216
    7.5000   -7.5000   45.0000 2556.8391   18.8513
   -7.5000    0.0000   45.0000 2537.6367   19.1307
    0.0000    0.0000   45.0000 2562.1995   18.5727
    7.5000    0.0000   45.0000 2563.3975   18.5454
   -7.5000    7.5000   45.0000 2525.9590   19.2175
    0.0000    7.5000   45.0000 2546.8713   18.6652
    7.5000    7.5000   45.0000 2546.7158   18.6818
   -7.5000   15.0000   45.0000 2471.8682   19.6337
    0.0000   15.0000   45.0000 2503.8040   19.0811
    7.5000   15.0000   45.0000 2501.4331   19.1205
   -7.5000   22.5000   45.0000 2408.1638   20.2745
    0.0000   22.5000   45.0000 2430.6858   19.7797
    7.5000   22.5000   45.0000 2425.4756   19.7772
   -7.5000   30.0000   45.0000 2298.7961   21.2838
    0.0000   30.0000   45.0000 2321.0413   20.8391
    7.5000   30.0000   45.0000 2319.3877   20.8194
   -7.5000   37.5000   45.0000 2174.8052   22.8485
    0.0000   37.5000   45.0000 2192.8914   22.3951
    7.5000   37.5000   45.0000 2191.3411   22.4407
   -7.5000   45.0000   45.0000 2048.1494   25.0600
    0.0000   45.0000   45.0000 2062.2002   24.5829
    7.5000   45.0000   45.0000 2064.0095   24.6118

---------------------------------------------------------------------
imgreg_4dfp /opt/freesurfer/average/711-2C_as_mni_average_305 /opt/freesurfer/average/711-2B_as_mni_average_305_mask talsrcimg_g11 none talsrcimg_to_711-2C_as_mni_average_305_t4 1283
---------------------------------------------------------------------

freesurfer imgreg_4dfp.c
/opt/freesurfer/average/711-2C_as_mni_average_305.4dfp.img
       256       256       256         1
  1.000000  1.000000  1.000000
orientation T byte_order littleendian
Reading image: /opt/freesurfer/average/711-2C_as_mni_average_305.4dfp.img
dimensions:      256       256       256
mmppix:       1.0000   -1.0000   -1.0000
center:     128.0000 -129.0000 -129.0000
/opt/freesurfer/average/711-2B_as_mni_average_305_mask.4dfp.img
       256       256       256         1
  1.000000  1.000000  1.000000
orientation T byte_order littleendian
Reading mask: /opt/freesurfer/average/711-2B_as_mni_average_305_mask.4dfp.img (2306576 pixels)
talsrcimg_g11.4dfp.img
       256       256       256         1
  1.000000  1.000000  1.000000
orientation T byte_order littleendian
Reading image: talsrcimg_g11.4dfp.img
dimensions:      256       256       256
mmppix:       1.0000   -1.0000   -1.0000
center:     128.0000 -129.0000 -129.0000
rotation matrix determinant  1.000000
fimgreg.f
image alignment mode   1283 decimal      503 hex
parameters
    0.0000    0.0000   15.0000    0.0000    0.0000    0.0000
eta,q 0.89857 14.55246
niter,ni,del,rscale     5    3   12.0000    1.2000
parameter  2 -0.770844 -> -0.500000 qaram    1.1500
parameter  3 -0.948824 -> -0.500000 qaram    1.1500
parameter  4  0.899413 ->  0.500000 qaram    1.1500
parameters
   -0.1019    3.4500   18.4500   -3.4500    2.4587   -1.5969
eta,q 0.90586 14.78524
  0.1121  0.1086  0.1053  0.0953  0.1049  0.0957
  0.1079  0.1068  0.1049  0.0955  0.1010  0.0943
  0.1050  0.1055  0.1072  0.0970  0.0977  0.0941
  0.1048  0.1046  0.1032  0.0978  0.0959  0.0945
  0.1048  0.1045  0.0978  0.1003  0.0946  0.0951
  0.1075  0.1035  0.0994  0.1035  0.0949  0.0963
  0.1134  0.1039  0.1031  0.1075  0.0968  0.0988
niter,ni,del,rscale     7    3   12.0000    1.2000
parameters
    0.8223    0.7953   17.8437   -5.5254    1.8680   -3.3113
eta,q 0.91092 14.84970
  0.1125  0.0959  0.1038  0.0929  0.0956  0.0907
  0.1092  0.0923  0.1034  0.0899  0.0928  0.0895
  0.1014  0.0901  0.0958  0.0892  0.0903  0.0891
  0.0941  0.0928  0.0902  0.0903  0.0893  0.0893
  0.0932  0.0976  0.0954  0.0924  0.0911  0.0902
  0.0990  0.1051  0.1040  0.0954  0.0948  0.0920
  0.1076  0.1121  0.1119  0.1005  0.0985  0.0942
niter,ni,del,rscale     6    3   12.0000    1.2000
parameters
    1.3846    0.9911   17.6462   -6.1504    1.0272   -3.8616
eta,q 0.91155 14.81718
  0.1088  0.1051  0.1033  0.0950  0.0937  0.0915
  0.1037  0.0967  0.1026  0.0911  0.0913  0.0892
  0.0960  0.0910  0.0964  0.0888  0.0894  0.0884
  0.0891  0.0884  0.0883  0.0885  0.0883  0.0885
  0.0901  0.0893  0.0921  0.0905  0.0902  0.0891
  0.0976  0.0952  0.1006  0.0935  0.0938  0.0904
  0.1052  0.1038  0.1088  0.0970  0.0978  0.0924
niter,ni,del,rscale     5    3   12.0000    1.2000
parameters
    1.7397    1.1110   17.6139   -6.4002    0.4384   -4.3536
eta,q 0.91174 14.80929
  0.1067  0.1048  0.1029  0.0957  0.0938  0.0916
  0.1014  0.0962  0.1024  0.0916  0.0912  0.0892
  0.0943  0.0902  0.0966  0.0891  0.0895  0.0883
  0.0884  0.0881  0.0881  0.0881  0.0882  0.0884
  0.0901  0.0895  0.0905  0.0896  0.0894  0.0891
  0.0974  0.0955  0.0989  0.0929  0.0928  0.0904
  0.1048  0.1038  0.1077  0.0965  0.0970  0.0923
niter,ni,del,rscale     4    3   12.0000    1.2000
parameters
    1.9533    1.1526   17.5859   -6.5257    0.0731   -4.6494
eta,q 0.91181 14.80758
  0.1054  0.1046  0.1024  0.0960  0.0941  0.0919
  0.1001  0.0959  0.1022  0.0920  0.0914  0.0894
  0.0935  0.0897  0.0965  0.0892  0.0895  0.0882
  0.0883  0.0881  0.0881  0.0882  0.0882  0.0883
  0.0902  0.0899  0.0902  0.0892  0.0889  0.0891
  0.0974  0.0959  0.0983  0.0927  0.0922  0.0904
  0.1047  0.1039  0.1075  0.0965  0.0964  0.0921
niter,ni,del,rscale     3    3   12.0000    1.2000
parameters
    2.0514    1.1676   17.5668   -6.6404   -0.1367   -4.8077
eta,q 0.91175 14.80672
  0.1045  0.1045  0.1020  0.0960  0.0944  0.0922
  0.0992  0.0956  0.1019  0.0922  0.0915  0.0896
  0.0930  0.0894  0.0963  0.0893  0.0896  0.0883
  0.0882  0.0881  0.0881  0.0881  0.0882  0.0883
  0.0903  0.0901  0.0900  0.0891  0.0887  0.0891
  0.0976  0.0961  0.0978  0.0927  0.0918  0.0903
  0.1049  0.1037  0.1071  0.0966  0.0960  0.0921
niter,ni,del,rscale     2    3   12.0000    1.2000
parameters
    2.1124    1.1762   17.5582   -6.6794   -0.2668   -4.9046
eta,q 0.91173 14.80592
  0.1041  0.1045  0.1018  0.0961  0.0945  0.0924
  0.0989  0.0956  0.1018  0.0924  0.0916  0.0897
  0.0928  0.0894  0.0963  0.0895  0.0896  0.0883
  0.0882  0.0882  0.0882  0.0882  0.0882  0.0883
  0.0903  0.0904  0.0899  0.0890  0.0885  0.0892
  0.0976  0.0962  0.0975  0.0925  0.0916  0.0903
  0.1049  0.1036  0.1070  0.0965  0.0958  0.0921
niter,ni,del,rscale     1    3   12.0000    1.2000
parameters
    2.1500    1.1798   17.5503   -6.6989   -0.3432   -4.9707
eta,q 0.91171 14.80558
  0.1040  0.1045  0.1017  0.0962  0.0946  0.0924
  0.0987  0.0956  0.1018  0.0924  0.0917  0.0898
  0.0927  0.0893  0.0963  0.0896  0.0896  0.0883
  0.0883  0.0882  0.0882  0.0883  0.0883  0.0883
  0.0904  0.0905  0.0899  0.0891  0.0885  0.0892
  0.0977  0.0963  0.0974  0.0924  0.0915  0.0903
  0.1049  0.1036  0.1069  0.0965  0.0956  0.0921
registration optimization eta report
parameter search radius
    6.0000    6.9000    6.9000    6.9000    6.0000    6.0000
100000*second partial in parameter space
       42.       33.       30.       17.       19.       11.
  0.1040  0.1045  0.1017  0.0962  0.0946  0.0924
  0.0987  0.0956  0.1018  0.0924  0.0917  0.0898
  0.0927  0.0893  0.0963  0.0896  0.0896  0.0883
  0.0883  0.0882  0.0882  0.0883  0.0883  0.0883
  0.0904  0.0905  0.0899  0.0891  0.0885  0.0892
  0.0977  0.0963  0.0974  0.0924  0.0915  0.0903
  0.1049  0.1036  0.1069  0.0965  0.0956  0.0921
    2.1500    1.1798   17.5503   -6.6989   -0.3432   -4.9707
eta,q 0.91171 14.80558

---------------------------------------------------------------------
imgreg_4dfp /opt/freesurfer/average/711-2C_as_mni_average_305 /opt/freesurfer/average/711-2B_as_mni_average_305_mask talsrcimg_g11 none talsrcimg_to_711-2C_as_mni_average_305_t4 3335
---------------------------------------------------------------------

freesurfer imgreg_4dfp.c
/opt/freesurfer/average/711-2C_as_mni_average_305.4dfp.img
       256       256       256         1
  1.000000  1.000000  1.000000
orientation T byte_order littleendian
Reading image: /opt/freesurfer/average/711-2C_as_mni_average_305.4dfp.img
dimensions:      256       256       256
mmppix:       1.0000   -1.0000   -1.0000
center:     128.0000 -129.0000 -129.0000
/opt/freesurfer/average/711-2B_as_mni_average_305_mask.4dfp.img
       256       256       256         1
  1.000000  1.000000  1.000000
orientation T byte_order littleendian
Reading mask: /opt/freesurfer/average/711-2B_as_mni_average_305_mask.4dfp.img (2306576 pixels)
talsrcimg_g11.4dfp.img
       256       256       256         1
  1.000000  1.000000  1.000000
orientation T byte_order littleendian
Reading image: talsrcimg_g11.4dfp.img
dimensions:      256       256       256
mmppix:       1.0000   -1.0000   -1.0000
center:     128.0000 -129.0000 -129.0000
fimgreg.f
image alignment mode   3335 decimal      D07 hex
parameters
    2.1500    1.1798   17.5503   -0.3779   -1.0502   -0.6845
    8.5359    1.6034   -8.6646   11.5698   -0.5990  -11.6650
eta,q 0.90769 14.90381
niter,ni,del,rscale     5    3    5.0000    1.2000
parameter  4  1.407391 ->  0.500000 qaram    1.1500
parameter  5  8.576822 ->  0.500000 qaram    1.1500
parameter  6  0.876101 ->  0.500000 qaram    1.1500
parameter 12 -1.211586 -> -0.500000 qaram    1.1500
parameters
    2.0243    1.4285   17.6725   -4.5179   -5.1902   -4.8245
    6.8008   -0.7087   -7.7532   13.0208   -2.7307   -7.5250
eta,q 0.92432 14.61463
  0.0943  0.0941  0.0940  0.0866  0.0769  0.0778  0.0788  0.0793  0.0794  0.0823  0.0778  0.0822
  0.0932  0.0933  0.0935  0.0881  0.0807  0.0777  0.0782  0.0778  0.0785  0.0800  0.0773  0.0799
  0.0925  0.0926  0.0928  0.0898  0.0846  0.0790  0.0779  0.0775  0.0778  0.0783  0.0772  0.0783
  0.0923  0.0923  0.0923  0.0922  0.0885  0.0818  0.0780  0.0779  0.0775  0.0775  0.0773  0.0772
  0.0926  0.0924  0.0923  0.0956  0.0929  0.0874  0.0784  0.0792  0.0775  0.0774  0.0777  0.0762
  0.0935  0.0928  0.0929  0.1000  0.0973  0.0935  0.0792  0.0812  0.0779  0.0781  0.0783  0.0755
  0.0948  0.0935  0.0940  0.1043  0.1018  0.0994  0.0802  0.0838  0.0787  0.0796  0.0791  0.0750
niter,ni,del,rscale     7    3    5.0000    1.2000
parameter  3  1.820534 ->  0.500000 qaram    1.1500
parameter  4  0.575919 ->  0.500000 qaram    1.3225
parameter  5  2.556483 ->  0.500000 qaram    1.3225
parameter 11  1.715847 ->  0.500000 qaram    1.1500
parameter 12 -1.035599 -> -0.500000 qaram    1.3225
parameters
    2.6331    1.9146   16.2925   -9.2789   -9.9512   -7.1623
    4.2428    0.0163   -9.6704   10.6679   -6.8707   -2.7640
eta,q 0.93342 13.89293
  0.0779  0.0779  0.0724  0.0721  0.0647  0.0697  0.0684  0.0708  0.0684  0.0686  0.0671  0.0693
  0.0768  0.0767  0.0729  0.0721  0.0668  0.0695  0.0680  0.0693  0.0679  0.0677  0.0671  0.0684
  0.0761  0.0759  0.0741  0.0725  0.0692  0.0683  0.0679  0.0683  0.0677  0.0675  0.0673  0.0677
  0.0757  0.0756  0.0755  0.0732  0.0721  0.0674  0.0681  0.0679  0.0678  0.0677  0.0675  0.0672
  0.0756  0.0756  0.0772  0.0744  0.0752  0.0695  0.0685  0.0679  0.0682  0.0685  0.0676  0.0668
  0.0758  0.0759  0.0791  0.0772  0.0786  0.0721  0.0693  0.0686  0.0687  0.0699  0.0678  0.0665
  0.0764  0.0765  0.0811  0.0818  0.0829  0.0770  0.0703  0.0698  0.0694  0.0719  0.0681  0.0664
niter,ni,del,rscale     7    3    5.0000    1.2000
parameter  3  3.898223 ->  0.500000 qaram    1.3225
parameter  5  1.627832 ->  0.500000 qaram    1.5209
parameter 10  1.165378 ->  0.500000 qaram    1.1500
parameter 12 -5.905495 ->  0.500000 qaram    1.5209
parameters
    2.6301    0.8396   14.7055  -12.7692  -15.4263  -10.3527
    4.9713   -0.3171  -10.1557    6.5279   -8.7967   -8.2392
eta,q 0.94221 13.32873
  0.0683  0.0668  0.0618  0.0641  0.0580  0.0601  0.0624  0.0624  0.0612  0.0585  0.0589  0.0570
  0.0674  0.0663  0.0631  0.0634  0.0592  0.0605  0.0614  0.0612  0.0606  0.0587  0.0588  0.0576
  0.0668  0.0663  0.0646  0.0632  0.0609  0.0601  0.0607  0.0604  0.0603  0.0593  0.0588  0.0582
  0.0666  0.0666  0.0662  0.0635  0.0632  0.0597  0.0602  0.0602  0.0602  0.0602  0.0588  0.0588
  0.0668  0.0672  0.0680  0.0645  0.0661  0.0604  0.0603  0.0605  0.0604  0.0614  0.0588  0.0593
  0.0674  0.0680  0.0700  0.0655  0.0696  0.0630  0.0608  0.0614  0.0609  0.0629  0.0589  0.0598
  0.0683  0.0690  0.0720  0.0676  0.0731  0.0657  0.0618  0.0629  0.0614  0.0646  0.0590  0.0603
niter,ni,del,rscale     7    3    5.0000    1.2000
parameter  2  0.938598 ->  0.500000 qaram    1.1500
parameter  3 -9.227051 ->  0.500000 qaram    1.5209
parameter  5  1.073652 ->  0.500000 qaram    1.7490
parameter  6  0.876082 ->  0.500000 qaram    1.3225
parameter 10  0.642573 ->  0.500000 qaram    1.3225
parameters
    2.8667   -0.5404   12.8804  -12.3881  -21.7228  -15.1137
    6.5206    1.3734   -8.1942    1.7669   -4.8233  -10.7579
eta,q 0.95980 13.11740
  0.0605  0.0566  0.0463  0.0538  0.0450  0.0431  0.0464  0.0481  0.0453  0.0414  0.0428  0.0417
  0.0591  0.0566  0.0497  0.0523  0.0456  0.0428  0.0449  0.0459  0.0439  0.0406  0.0418  0.0408
  0.0582  0.0570  0.0533  0.0512  0.0474  0.0441  0.0437  0.0441  0.0430  0.0408  0.0411  0.0403
  0.0578  0.0578  0.0567  0.0507  0.0507  0.0459  0.0430  0.0429  0.0425  0.0424  0.0405  0.0402
  0.0579  0.0588  0.0599  0.0509  0.0555  0.0482  0.0429  0.0426  0.0424  0.0454  0.0402  0.0408
  0.0585  0.0602  0.0630  0.0519  0.0612  0.0521  0.0434  0.0433  0.0427  0.0491  0.0403  0.0424
  0.0596  0.0617  0.0659  0.0534  0.0671  0.0561  0.0445  0.0450  0.0433  0.0531  0.0406  0.0449
niter,ni,del,rscale     7    3    5.0000    1.2000
parameter  3  1.129655 ->  0.500000 qaram    1.7490
parameter  4 -0.697857 -> -0.500000 qaram    1.5209
parameters
    2.6373   -0.1541   10.7816   -6.9129  -23.8323  -15.7648
    6.8643    0.9453   -8.5190    4.5723   -4.6041  -12.1983
eta,q 0.96379 13.17931
  0.0425  0.0440  0.0357  0.0419  0.0415  0.0422  0.0392  0.0400  0.0377  0.0429  0.0371  0.0373
  0.0411  0.0421  0.0367  0.0399  0.0391  0.0401  0.0380  0.0382  0.0372  0.0404  0.0367  0.0367
  0.0403  0.0408  0.0381  0.0383  0.0372  0.0381  0.0371  0.0371  0.0368  0.0383  0.0363  0.0363
  0.0402  0.0402  0.0401  0.0371  0.0362  0.0365  0.0368  0.0368  0.0368  0.0368  0.0362  0.0362
  0.0407  0.0402  0.0429  0.0363  0.0368  0.0360  0.0370  0.0374  0.0370  0.0362  0.0363  0.0364
  0.0419  0.0409  0.0468  0.0362  0.0412  0.0394  0.0377  0.0387  0.0373  0.0367  0.0366  0.0370
  0.0435  0.0423  0.0513  0.0363  0.0507  0.0468  0.0388  0.0410  0.0379  0.0387  0.0370  0.0385
niter,ni,del,rscale     7    3    5.0000    1.2000
parameter  3  1.221696 ->  0.500000 qaram    2.0114
parameters
    2.6760    0.0518    8.3680   -5.8479  -23.3558  -16.7777
    6.5987    1.3377   -8.6190    7.5712   -5.2213  -13.1988
eta,q 0.96695 13.24395
  0.0390  0.0393  0.0318  0.0381  0.0400  0.0386  0.0355  0.0378  0.0346  0.0392  0.0335  0.0341
  0.0375  0.0377  0.0328  0.0360  0.0373  0.0364  0.0344  0.0351  0.0340  0.0365  0.0331  0.0334
  0.0365  0.0366  0.0344  0.0344  0.0348  0.0346  0.0336  0.0338  0.0336  0.0346  0.0330  0.0331
  0.0362  0.0362  0.0362  0.0332  0.0330  0.0328  0.0334  0.0334  0.0334  0.0334  0.0331  0.0330
  0.0365  0.0364  0.0387  0.0325  0.0323  0.0322  0.0337  0.0336  0.0336  0.0331  0.0331  0.0332
  0.0374  0.0372  0.0420  0.0332  0.0341  0.0366  0.0345  0.0346  0.0340  0.0334  0.0332  0.0337
  0.0388  0.0384  0.0465  0.0376  0.0412  0.0455  0.0359  0.0368  0.0347  0.0348  0.0337  0.0347
niter,ni,del,rscale     7    3    5.0000    1.2000
parameter  3  0.674419 ->  0.500000 qaram    2.3131
parameters
    2.8982    0.6779    5.5923   -6.3637  -24.2710  -19.0986
    6.4237    1.8806   -8.9986   11.1604   -5.8196  -12.5011
eta,q 0.96933 13.03564
  0.0360  0.0370  0.0315  0.0355  0.0361  0.0348  0.0333  0.0358  0.0327  0.0367  0.0317  0.0325
  0.0345  0.0350  0.0300  0.0333  0.0338  0.0330  0.0323  0.0330  0.0319  0.0343  0.0309  0.0315
  0.0335  0.0337  0.0309  0.0314  0.0317  0.0316  0.0316  0.0316  0.0314  0.0325  0.0306  0.0309
  0.0330  0.0330  0.0329  0.0300  0.0302  0.0304  0.0313  0.0313  0.0313  0.0313  0.0307  0.0307
  0.0332  0.0330  0.0353  0.0301  0.0300  0.0325  0.0315  0.0316  0.0316  0.0307  0.0309  0.0307
  0.0338  0.0335  0.0384  0.0331  0.0328  0.0382  0.0323  0.0324  0.0321  0.0310  0.0313  0.0312
  0.0351  0.0345  0.0427  0.0380  0.0413  0.0446  0.0336  0.0344  0.0330  0.0321  0.0318  0.0321
niter,ni,del,rscale     7    3    5.0000    1.2000
parameters
    3.0507    1.6983    4.2459   -5.8995  -25.6171  -21.0898
    5.9451    2.2117   -9.3965   12.9343   -6.0562  -12.8835
eta,q 0.97032 12.86452
  0.0335  0.0361  0.0344  0.0345  0.0340  0.0334  0.0316  0.0337  0.0316  0.0349  0.0309  0.0314
  0.0320  0.0337  0.0299  0.0323  0.0318  0.0315  0.0307  0.0312  0.0306  0.0327  0.0300  0.0304
  0.0310  0.0318  0.0288  0.0304  0.0301  0.0303  0.0301  0.0300  0.0301  0.0310  0.0296  0.0299
  0.0307  0.0307  0.0302  0.0291  0.0289  0.0292  0.0299  0.0299  0.0299  0.0299  0.0297  0.0297
  0.0308  0.0303  0.0326  0.0286  0.0292  0.0302  0.0302  0.0303  0.0302  0.0297  0.0299  0.0299
  0.0315  0.0306  0.0358  0.0306  0.0319  0.0353  0.0309  0.0311  0.0309  0.0306  0.0303  0.0306
  0.0328  0.0315  0.0398  0.0347  0.0396  0.0416  0.0322  0.0327  0.0319  0.0324  0.0308  0.0316
niter,ni,del,rscale     6    3    5.0000    1.2000
parameters
    3.2252    2.2130    3.3373   -5.5932  -26.1832  -22.4245
    5.4951    2.4518   -9.6203   13.9797   -6.1516  -13.1714
eta,q 0.97053 12.78552
  0.0324  0.0341  0.0347  0.0340  0.0343  0.0336  0.0311  0.0332  0.0312  0.0342  0.0308  0.0312
  0.0309  0.0319  0.0301  0.0319  0.0320  0.0315  0.0303  0.0307  0.0303  0.0320  0.0298  0.0303
  0.0300  0.0304  0.0289  0.0303  0.0302  0.0301  0.0297  0.0297  0.0297  0.0304  0.0294  0.0297
  0.0297  0.0297  0.0296  0.0291  0.0290  0.0291  0.0295  0.0295  0.0296  0.0296  0.0295  0.0295
  0.0298  0.0297  0.0315  0.0287  0.0289  0.0289  0.0298  0.0299  0.0298  0.0297  0.0297  0.0297
  0.0305  0.0304  0.0344  0.0308  0.0309  0.0332  0.0305  0.0308  0.0304  0.0308  0.0301  0.0304
  0.0317  0.0316  0.0380  0.0344  0.0373  0.0398  0.0317  0.0324  0.0314  0.0327  0.0306  0.0314
niter,ni,del,rscale     5    3    5.0000    1.2000
parameters
    3.3493    2.5284    2.7314   -5.4930  -26.5174  -23.3094
    5.1849    2.5898   -9.7706   14.6798   -6.2124  -13.3088
eta,q 0.97050 12.73643
  0.0321  0.0333  0.0351  0.0338  0.0343  0.0340  0.0312  0.0331  0.0312  0.0339  0.0309  0.0313
  0.0307  0.0312  0.0306  0.0318  0.0321  0.0318  0.0303  0.0307  0.0302  0.0318  0.0299  0.0303
  0.0298  0.0300  0.0292  0.0303  0.0304  0.0302  0.0297  0.0296  0.0297  0.0302  0.0295  0.0297
  0.0295  0.0295  0.0295  0.0293  0.0292  0.0293  0.0295  0.0295  0.0295  0.0295  0.0295  0.0295
  0.0296  0.0297  0.0309  0.0289  0.0290  0.0286  0.0297  0.0300  0.0298  0.0297  0.0298  0.0297
  0.0303  0.0304  0.0336  0.0311  0.0308  0.0321  0.0304  0.0309  0.0304  0.0309  0.0302  0.0304
  0.0316  0.0317  0.0370  0.0345  0.0367  0.0387  0.0316  0.0325  0.0313  0.0329  0.0307  0.0314
niter,ni,del,rscale     4    3    5.0000    1.2000
parameters
    3.4266    2.7613    2.3093   -5.4819  -26.8023  -23.9079
    4.9947    2.6613   -9.8627   15.2079   -6.2808  -13.3920
eta,q 0.97043 12.70010
  0.0320  0.0329  0.0353  0.0338  0.0342  0.0343  0.0313  0.0331  0.0312  0.0337  0.0310  0.0313
  0.0306  0.0310  0.0311  0.0319  0.0321  0.0320  0.0304  0.0307  0.0303  0.0317  0.0299  0.0304
  0.0298  0.0299  0.0296  0.0304  0.0305  0.0304  0.0298  0.0297  0.0298  0.0302  0.0295  0.0298
  0.0295  0.0295  0.0295  0.0294  0.0294  0.0295  0.0296  0.0296  0.0296  0.0296  0.0296  0.0296
  0.0297  0.0297  0.0307  0.0291  0.0292  0.0286  0.0298  0.0301  0.0298  0.0298  0.0298  0.0298
  0.0304  0.0305  0.0332  0.0313  0.0308  0.0316  0.0304  0.0310  0.0304  0.0310  0.0302  0.0304
  0.0317  0.0318  0.0365  0.0346  0.0364  0.0380  0.0316  0.0326  0.0313  0.0330  0.0307  0.0314
niter,ni,del,rscale     3    3    5.0000    1.2000
parameters
    3.4672    2.9529    2.0102   -5.5068  -27.0741  -24.3220
    4.8791    2.6988   -9.9067   15.6344   -6.3440  -13.4458
eta,q 0.97034 12.67096
  0.0320  0.0328  0.0355  0.0339  0.0342  0.0345  0.0313  0.0332  0.0313  0.0337  0.0311  0.0314
  0.0307  0.0310  0.0314  0.0319  0.0321  0.0322  0.0305  0.0308  0.0304  0.0317  0.0300  0.0305
  0.0299  0.0299  0.0298  0.0305  0.0306  0.0305  0.0299  0.0298  0.0298  0.0303  0.0296  0.0299
  0.0296  0.0296  0.0296  0.0295  0.0295  0.0296  0.0297  0.0297  0.0297  0.0297  0.0297  0.0297
  0.0297  0.0298  0.0306  0.0293  0.0293  0.0288  0.0298  0.0302  0.0299  0.0299  0.0299  0.0298
  0.0305  0.0306  0.0330  0.0315  0.0309  0.0313  0.0305  0.0311  0.0304  0.0311  0.0303  0.0305
  0.0319  0.0319  0.0362  0.0347  0.0362  0.0376  0.0316  0.0327  0.0313  0.0331  0.0308  0.0314
niter,ni,del,rscale     2    3    5.0000    1.2000
parameters
    3.4926    3.1170    1.7906   -5.5490  -27.3228  -24.6288
    4.8018    2.7203   -9.9222   15.9917   -6.4155  -13.5125
eta,q 0.97026 12.64687
  0.0320  0.0327  0.0356  0.0339  0.0342  0.0346  0.0314  0.0332  0.0313  0.0336  0.0311  0.0314
  0.0307  0.0310  0.0316  0.0320  0.0321  0.0323  0.0306  0.0309  0.0305  0.0317  0.0301  0.0305
  0.0300  0.0300  0.0300  0.0306  0.0306  0.0306  0.0300  0.0299  0.0299  0.0304  0.0297  0.0300
  0.0297  0.0297  0.0297  0.0296  0.0297  0.0297  0.0298  0.0298  0.0298  0.0298  0.0297  0.0297
  0.0298  0.0299  0.0306  0.0294  0.0295  0.0289  0.0299  0.0303  0.0300  0.0300  0.0300  0.0299
  0.0306  0.0307  0.0329  0.0316  0.0309  0.0311  0.0305  0.0312  0.0305  0.0312  0.0304  0.0305
  0.0320  0.0319  0.0361  0.0347  0.0361  0.0373  0.0316  0.0328  0.0313  0.0332  0.0309  0.0315
niter,ni,del,rscale     1    3    5.0000    1.2000
parameters
    3.5113    3.2582    1.6219   -5.6009  -27.5482  -24.8674
    4.7502    2.7375   -9.9270   16.2969   -6.4847  -13.5754
eta,q 0.97019 12.62649
  0.0321  0.0327  0.0357  0.0340  0.0342  0.0347  0.0315  0.0333  0.0314  0.0336  0.0312  0.0315
  0.0308  0.0310  0.0318  0.0321  0.0321  0.0324  0.0307  0.0309  0.0305  0.0317  0.0302  0.0306
  0.0300  0.0300  0.0302  0.0306  0.0307  0.0307  0.0301  0.0299  0.0300  0.0304  0.0298  0.0300
  0.0297  0.0297  0.0297  0.0297  0.0297  0.0298  0.0298  0.0298  0.0298  0.0298  0.0298  0.0298
  0.0299  0.0300  0.0306  0.0295  0.0296  0.0290  0.0300  0.0303  0.0300  0.0301  0.0301  0.0300
  0.0307  0.0308  0.0328  0.0317  0.0309  0.0311  0.0306  0.0313  0.0306  0.0313  0.0305  0.0306
  0.0321  0.0320  0.0360  0.0348  0.0359  0.0372  0.0317  0.0329  0.0313  0.0333  0.0310  0.0315
registration optimization eta report
parameter search radius
    2.4000    2.7600    5.5513   10.9503   12.5928    9.5220
    7.2000    7.2000    7.2000    9.5220    8.2800   10.9503
100000*second partial in parameter space
       41.       34.       20.        4.        3.        7.
        3.        6.        3.        4.        2.        1.
  0.0321  0.0327  0.0357  0.0340  0.0342  0.0347  0.0315  0.0333  0.0314  0.0336  0.0312  0.0315
  0.0308  0.0310  0.0318  0.0321  0.0321  0.0324  0.0307  0.0309  0.0305  0.0317  0.0302  0.0306
  0.0300  0.0300  0.0302  0.0306  0.0307  0.0307  0.0301  0.0299  0.0300  0.0304  0.0298  0.0300
  0.0297  0.0297  0.0297  0.0297  0.0297  0.0298  0.0298  0.0298  0.0298  0.0298  0.0298  0.0298
  0.0299  0.0300  0.0306  0.0295  0.0296  0.0290  0.0300  0.0303  0.0300  0.0301  0.0301  0.0300
  0.0307  0.0308  0.0328  0.0317  0.0309  0.0311  0.0306  0.0313  0.0306  0.0313  0.0305  0.0306
  0.0321  0.0320  0.0360  0.0348  0.0359  0.0372  0.0317  0.0329  0.0313  0.0333  0.0310  0.0315
    3.5113    3.2582    1.6219   -5.6009  -27.5482  -24.8674
    4.7502    2.7375   -9.9270   16.2969   -6.4847  -13.5754
eta,q 0.97019 12.62649

---------------------------------------------------------------------
imgreg_4dfp /opt/freesurfer/average/711-2C_as_mni_average_305 /opt/freesurfer/average/711-2B_as_mni_average_305_mask talsrcimg_g11 none talsrcimg_to_711-2C_as_mni_average_305_t4 2311
---------------------------------------------------------------------

freesurfer imgreg_4dfp.c
/opt/freesurfer/average/711-2C_as_mni_average_305.4dfp.img
       256       256       256         1
  1.000000  1.000000  1.000000
orientation T byte_order littleendian
Reading image: /opt/freesurfer/average/711-2C_as_mni_average_305.4dfp.img
dimensions:      256       256       256
mmppix:       1.0000   -1.0000   -1.0000
center:     128.0000 -129.0000 -129.0000
/opt/freesurfer/average/711-2B_as_mni_average_305_mask.4dfp.img
       256       256       256         1
  1.000000  1.000000  1.000000
orientation T byte_order littleendian
Reading mask: /opt/freesurfer/average/711-2B_as_mni_average_305_mask.4dfp.img (2306576 pixels)
talsrcimg_g11.4dfp.img
       256       256       256         1
  1.000000  1.000000  1.000000
orientation T byte_order littleendian
Reading image: talsrcimg_g11.4dfp.img
dimensions:      256       256       256
mmppix:       1.0000   -1.0000   -1.0000
center:     128.0000 -129.0000 -129.0000
fimgreg.f
image alignment mode   2311 decimal      907 hex
parameters
    3.5113    3.2582    1.6219   -5.6009  -27.5482  -24.8674
    4.7502    2.7375   -9.9270   16.2969   -6.4847  -13.5754
eta,q 0.97019 12.62650
niter,ni,del,rscale     5    3    5.0000    0.8000
parameter  5 -0.628383 -> -0.500000 qaram    1.1500
parameters
    3.5655    3.3007    1.4213   -3.8178  -24.7882  -22.9502
    3.9022    3.3557   -9.9634   16.7136   -5.6773  -14.1422
eta,q 0.97119 12.98794
  0.0309  0.0307  0.0302  0.0311  0.0306  0.0310  0.0296  0.0321  0.0297  0.0300  0.0301  0.0292
  0.0303  0.0302  0.0300  0.0306  0.0302  0.0302  0.0291  0.0304  0.0292  0.0294  0.0294  0.0289
  0.0300  0.0299  0.0298  0.0302  0.0298  0.0296  0.0289  0.0293  0.0289  0.0290  0.0290  0.0288
  0.0298  0.0298  0.0298  0.0298  0.0295  0.0292  0.0289  0.0289  0.0288  0.0288  0.0288  0.0288
  0.0299  0.0299  0.0299  0.0295  0.0293  0.0290  0.0291  0.0289  0.0289  0.0289  0.0288  0.0289
  0.0302  0.0302  0.0301  0.0295  0.0293  0.0287  0.0296  0.0295  0.0292  0.0292  0.0290  0.0291
  0.0308  0.0306  0.0304  0.0301  0.0294  0.0295  0.0304  0.0307  0.0297  0.0297  0.0294  0.0294
niter,ni,del,rscale     5    3    5.0000    0.8000
parameters
    3.5852    2.7624    1.5313   -3.8234  -24.6540  -23.1368
    4.3446    3.1780  -10.1757   15.9174   -5.3270  -13.8549
eta,q 0.97131 12.97858
  0.0302  0.0291  0.0294  0.0301  0.0297  0.0302  0.0299  0.0308  0.0296  0.0295  0.0296  0.0292
  0.0295  0.0288  0.0290  0.0296  0.0292  0.0296  0.0293  0.0296  0.0291  0.0290  0.0291  0.0289
  0.0290  0.0287  0.0287  0.0291  0.0289  0.0292  0.0289  0.0289  0.0288  0.0287  0.0288  0.0287
  0.0288  0.0288  0.0287  0.0287  0.0287  0.0287  0.0287  0.0287  0.0287  0.0287  0.0287  0.0287
  0.0289  0.0292  0.0287  0.0286  0.0287  0.0283  0.0288  0.0290  0.0289  0.0290  0.0288  0.0287
  0.0294  0.0297  0.0289  0.0293  0.0290  0.0291  0.0291  0.0298  0.0292  0.0295  0.0290  0.0288
  0.0302  0.0304  0.0292  0.0305  0.0298  0.0315  0.0296  0.0311  0.0297  0.0301  0.0294  0.0291
niter,ni,del,rscale     4    3    5.0000    0.7000
parameters
    3.5380    2.6559    1.6174   -3.4798  -24.2340  -22.7844
    4.4554    3.1036  -10.1593   15.7415   -5.1375  -13.5974
eta,q 0.97152 13.03253
  0.0296  0.0294  0.0292  0.0299  0.0296  0.0299  0.0294  0.0303  0.0293  0.0293  0.0293  0.0289
  0.0291  0.0290  0.0289  0.0295  0.0291  0.0294  0.0289  0.0293  0.0288  0.0288  0.0288  0.0287
  0.0288  0.0287  0.0287  0.0291  0.0288  0.0290  0.0286  0.0287  0.0286  0.0285  0.0286  0.0285
  0.0287  0.0287  0.0287  0.0287  0.0286  0.0286  0.0285  0.0285  0.0285  0.0285  0.0285  0.0285
  0.0288  0.0288  0.0287  0.0286  0.0286  0.0282  0.0286  0.0287  0.0286  0.0286  0.0285  0.0285
  0.0292  0.0292  0.0289  0.0289  0.0288  0.0285  0.0288  0.0294  0.0288  0.0289  0.0288  0.0286
  0.0298  0.0296  0.0290  0.0298  0.0294  0.0300  0.0293  0.0305  0.0292  0.0294  0.0291  0.0288
niter,ni,del,rscale     3    3    5.0000    0.6000
parameters
    3.4892    2.5143    1.7289   -3.2448  -23.9851  -22.3281
    4.5193    3.0653  -10.1249   15.5942   -5.0764  -13.2432
eta,q 0.97173 13.07648
  0.0292  0.0290  0.0289  0.0295  0.0291  0.0295  0.0289  0.0298  0.0289  0.0289  0.0289  0.0286
  0.0288  0.0287  0.0287  0.0292  0.0288  0.0291  0.0286  0.0290  0.0285  0.0285  0.0286  0.0284
  0.0286  0.0285  0.0285  0.0288  0.0286  0.0288  0.0284  0.0285  0.0283  0.0283  0.0283  0.0283
  0.0285  0.0285  0.0285  0.0285  0.0284  0.0284  0.0283  0.0283  0.0283  0.0283  0.0283  0.0283
  0.0286  0.0286  0.0285  0.0284  0.0284  0.0281  0.0283  0.0284  0.0283  0.0284  0.0283  0.0283
  0.0289  0.0289  0.0286  0.0287  0.0286  0.0283  0.0285  0.0290  0.0285  0.0286  0.0285  0.0284
  0.0294  0.0292  0.0288  0.0295  0.0291  0.0294  0.0289  0.0299  0.0288  0.0290  0.0289  0.0285
niter,ni,del,rscale     2    3    5.0000    0.5000
parameters
    3.4526    2.3883    1.8650   -3.0814  -23.7870  -21.8470
    4.5709    3.0498  -10.0672   15.4690   -5.1040  -12.8607
eta,q 0.97191 13.11482
  0.0288  0.0286  0.0287  0.0291  0.0288  0.0292  0.0286  0.0293  0.0285  0.0285  0.0286  0.0283
  0.0285  0.0284  0.0284  0.0288  0.0285  0.0289  0.0283  0.0287  0.0283  0.0283  0.0283  0.0282
  0.0283  0.0283  0.0283  0.0285  0.0283  0.0286  0.0281  0.0282  0.0281  0.0281  0.0281  0.0281
  0.0283  0.0283  0.0283  0.0283  0.0282  0.0282  0.0281  0.0281  0.0281  0.0281  0.0281  0.0281
  0.0284  0.0284  0.0283  0.0283  0.0283  0.0280  0.0281  0.0282  0.0281  0.0282  0.0282  0.0281
  0.0286  0.0286  0.0283  0.0285  0.0284  0.0281  0.0283  0.0287  0.0283  0.0283  0.0283  0.0281
  0.0289  0.0288  0.0285  0.0291  0.0287  0.0290  0.0285  0.0294  0.0285  0.0286  0.0286  0.0282
niter,ni,del,rscale     1    3    5.0000    0.4000
parameters
    3.4258    2.2747    2.0195   -2.9584  -23.6368  -21.3605
    4.5823    3.0519   -9.9890   15.3211   -5.1653  -12.4888
eta,q 0.97207 13.14706
  0.0285  0.0283  0.0284  0.0287  0.0284  0.0289  0.0282  0.0288  0.0282  0.0282  0.0283  0.0281
  0.0283  0.0282  0.0282  0.0284  0.0282  0.0286  0.0281  0.0283  0.0281  0.0280  0.0281  0.0280
  0.0281  0.0281  0.0281  0.0282  0.0281  0.0283  0.0280  0.0280  0.0280  0.0280  0.0280  0.0280
  0.0281  0.0281  0.0281  0.0281  0.0281  0.0281  0.0279  0.0279  0.0279  0.0279  0.0279  0.0279
  0.0281  0.0282  0.0281  0.0281  0.0281  0.0279  0.0280  0.0280  0.0280  0.0280  0.0280  0.0279
  0.0283  0.0283  0.0281  0.0283  0.0282  0.0280  0.0281  0.0283  0.0280  0.0281  0.0281  0.0280
  0.0285  0.0285  0.0282  0.0287  0.0284  0.0286  0.0282  0.0288  0.0282  0.0283  0.0283  0.0280
registration optimization eta report
parameter search radius
    0.8000    0.8000    0.8000    2.4000    2.7600    2.4000
    2.4000    2.4000    2.4000    2.4000    2.4000    2.4000
100000*second partial in parameter space
       65.       47.       35.       10.        4.       12.
        5.       15.        5.        5.        6.        2.
  0.0285  0.0283  0.0284  0.0287  0.0284  0.0289  0.0282  0.0288  0.0282  0.0282  0.0283  0.0281
  0.0283  0.0282  0.0282  0.0284  0.0282  0.0286  0.0281  0.0283  0.0281  0.0280  0.0281  0.0280
  0.0281  0.0281  0.0281  0.0282  0.0281  0.0283  0.0280  0.0280  0.0280  0.0280  0.0280  0.0280
  0.0281  0.0281  0.0281  0.0281  0.0281  0.0281  0.0279  0.0279  0.0279  0.0279  0.0279  0.0279
  0.0281  0.0282  0.0281  0.0281  0.0281  0.0279  0.0280  0.0280  0.0280  0.0280  0.0280  0.0279
  0.0283  0.0283  0.0281  0.0283  0.0282  0.0280  0.0281  0.0283  0.0280  0.0281  0.0281  0.0280
  0.0285  0.0285  0.0282  0.0287  0.0284  0.0286  0.0282  0.0288  0.0282  0.0283  0.0283  0.0280
    3.4258    2.2747    2.0195   -2.9584  -23.6368  -21.3605
    4.5823    3.0519   -9.9890   15.3211   -5.1653  -12.4888
eta,q 0.97207 13.14706

---------------------------------------------------------------------
imgreg_4dfp /opt/freesurfer/average/711-2C_as_mni_average_305 /opt/freesurfer/average/711-2B_as_mni_average_305_mask talsrcimg_g11 none talsrcimg_to_711-2C_as_mni_average_305_t4 2311
---------------------------------------------------------------------

freesurfer imgreg_4dfp.c
/opt/freesurfer/average/711-2C_as_mni_average_305.4dfp.img
       256       256       256         1
  1.000000  1.000000  1.000000
orientation T byte_order littleendian
Reading image: /opt/freesurfer/average/711-2C_as_mni_average_305.4dfp.img
dimensions:      256       256       256
mmppix:       1.0000   -1.0000   -1.0000
center:     128.0000 -129.0000 -129.0000
/opt/freesurfer/average/711-2B_as_mni_average_305_mask.4dfp.img
       256       256       256         1
  1.000000  1.000000  1.000000
orientation T byte_order littleendian
Reading mask: /opt/freesurfer/average/711-2B_as_mni_average_305_mask.4dfp.img (2306576 pixels)
talsrcimg_g11.4dfp.img
       256       256       256         1
  1.000000  1.000000  1.000000
orientation T byte_order littleendian
Reading image: talsrcimg_g11.4dfp.img
dimensions:      256       256       256
mmppix:       1.0000   -1.0000   -1.0000
center:     128.0000 -129.0000 -129.0000
fimgreg.f
image alignment mode   2311 decimal      907 hex
parameters
    3.4258    2.2747    2.0195   -2.9584  -23.6368  -21.3605
    4.5823    3.0519   -9.9890   15.3211   -5.1653  -12.4888
eta,q 0.97207 13.14706
niter,ni,del,rscale     5    3    5.0000    0.8000
parameters
    3.3794    2.2027    2.3197   -3.5515  -23.8908  -21.9344
    4.9108    2.7712  -10.0557   14.6672   -5.1836  -13.2017
eta,q 0.97181 13.07518
  0.0295  0.0291  0.0294  0.0293  0.0289  0.0297  0.0294  0.0303  0.0292  0.0291  0.0291  0.0285
  0.0287  0.0284  0.0286  0.0288  0.0284  0.0292  0.0288  0.0290  0.0287  0.0285  0.0286  0.0283
  0.0281  0.0280  0.0281  0.0283  0.0281  0.0286  0.0284  0.0284  0.0283  0.0282  0.0283  0.0282
  0.0279  0.0279  0.0279  0.0279  0.0280  0.0280  0.0282  0.0282  0.0282  0.0282  0.0282  0.0282
  0.0281  0.0281  0.0280  0.0281  0.0281  0.0279  0.0283  0.0286  0.0284  0.0285  0.0283  0.0283
  0.0287  0.0286  0.0282  0.0291  0.0285  0.0293  0.0286  0.0294  0.0287  0.0290  0.0286  0.0285
  0.0298  0.0292  0.0285  0.0307  0.0292  0.0320  0.0291  0.0309  0.0293  0.0297  0.0291  0.0288
niter,ni,del,rscale     4    3    5.0000    0.7000
parameters
    3.3539    2.2403    2.1284   -3.5777  -23.5831  -22.1404
    4.8886    2.7508  -10.0114   14.8413   -5.1681  -13.3203
eta,q 0.97177 13.08819
  0.0292  0.0292  0.0286  0.0294  0.0290  0.0296  0.0291  0.0301  0.0291  0.0292  0.0290  0.0286
  0.0287  0.0286  0.0283  0.0290  0.0286  0.0291  0.0286  0.0290  0.0286  0.0287  0.0285  0.0284
  0.0283  0.0283  0.0282  0.0285  0.0283  0.0286  0.0283  0.0284  0.0283  0.0284  0.0283  0.0283
  0.0282  0.0282  0.0282  0.0282  0.0282  0.0282  0.0282  0.0282  0.0282  0.0282  0.0282  0.0282
  0.0283  0.0283  0.0283  0.0282  0.0282  0.0279  0.0283  0.0284  0.0283  0.0283  0.0283  0.0283
  0.0287  0.0286  0.0285  0.0287  0.0284  0.0287  0.0286  0.0291  0.0286  0.0286  0.0286  0.0284
  0.0293  0.0290  0.0288  0.0298  0.0289  0.0307  0.0291  0.0301  0.0290  0.0291  0.0289  0.0286
niter,ni,del,rscale     3    3    5.0000    0.6000
parameters
    3.3472    2.2561    2.0182   -3.4063  -23.5121  -22.0146
    4.7806    2.8158   -9.9971   15.0205   -5.1431  -13.1697
eta,q 0.97185 13.10836
  0.0290  0.0289  0.0286  0.0293  0.0288  0.0293  0.0288  0.0297  0.0288  0.0289  0.0288  0.0285
  0.0286  0.0285  0.0283  0.0289  0.0285  0.0290  0.0284  0.0289  0.0284  0.0285  0.0284  0.0283
  0.0283  0.0283  0.0282  0.0285  0.0283  0.0286  0.0282  0.0284  0.0282  0.0283  0.0282  0.0282
  0.0282  0.0282  0.0282  0.0282  0.0282  0.0282  0.0282  0.0282  0.0282  0.0282  0.0281  0.0282
  0.0283  0.0283  0.0283  0.0282  0.0282  0.0279  0.0282  0.0283  0.0282  0.0282  0.0282  0.0282
  0.0286  0.0285  0.0285  0.0285  0.0284  0.0283  0.0285  0.0288  0.0284  0.0284  0.0284  0.0283
  0.0291  0.0289  0.0287  0.0293  0.0288  0.0297  0.0288  0.0297  0.0287  0.0288  0.0287  0.0284
niter,ni,del,rscale     2    3    5.0000    0.5000
parameters
    3.3593    2.2454    2.0196   -3.2061  -23.4970  -21.6956
    4.6859    2.8947   -9.9783   15.1485   -5.1543  -12.8995
eta,q 0.97197 13.13266
  0.0288  0.0286  0.0285  0.0290  0.0285  0.0291  0.0285  0.0293  0.0285  0.0286  0.0285  0.0283
  0.0284  0.0284  0.0283  0.0287  0.0283  0.0288  0.0282  0.0286  0.0282  0.0283  0.0282  0.0281
  0.0282  0.0282  0.0282  0.0284  0.0282  0.0285  0.0281  0.0282  0.0281  0.0281  0.0281  0.0281
  0.0282  0.0282  0.0282  0.0282  0.0281  0.0281  0.0280  0.0280  0.0280  0.0280  0.0280  0.0280
  0.0282  0.0282  0.0282  0.0281  0.0282  0.0279  0.0281  0.0281  0.0281  0.0281  0.0281  0.0280
  0.0284  0.0284  0.0283  0.0284  0.0283  0.0281  0.0283  0.0285  0.0282  0.0282  0.0283  0.0281
  0.0287  0.0286  0.0284  0.0289  0.0285  0.0291  0.0285  0.0292  0.0285  0.0285  0.0285  0.0282
niter,ni,del,rscale     1    3    5.0000    0.4000
parameters
    3.3662    2.2006    2.0961   -3.0412  -23.4798  -21.2892
    4.6328    2.9588   -9.9539   15.1784   -5.1914  -12.5327
eta,q 0.97210 13.15700
  0.0284  0.0283  0.0283  0.0286  0.0283  0.0288  0.0282  0.0288  0.0282  0.0282  0.0283  0.0281
  0.0282  0.0281  0.0281  0.0284  0.0281  0.0286  0.0280  0.0283  0.0280  0.0280  0.0281  0.0280
  0.0281  0.0280  0.0281  0.0282  0.0280  0.0283  0.0279  0.0280  0.0279  0.0279  0.0279  0.0279
  0.0280  0.0280  0.0280  0.0280  0.0280  0.0280  0.0279  0.0279  0.0279  0.0279  0.0279  0.0279
  0.0281  0.0281  0.0280  0.0280  0.0280  0.0278  0.0279  0.0280  0.0279  0.0279  0.0279  0.0279
  0.0282  0.0282  0.0281  0.0282  0.0281  0.0280  0.0280  0.0283  0.0280  0.0280  0.0281  0.0279
  0.0284  0.0284  0.0282  0.0286  0.0283  0.0286  0.0282  0.0287  0.0282  0.0282  0.0283  0.0280
registration optimization eta report
parameter search radius
    0.8000    0.8000    0.8000    2.4000    2.4000    2.4000
    2.4000    2.4000    2.4000    2.4000    2.4000    2.4000
100000*second partial in parameter space
       63.       48.       35.       10.        5.       12.
        5.       15.        5.        5.        6.        2.
  0.0284  0.0283  0.0283  0.0286  0.0283  0.0288  0.0282  0.0288  0.0282  0.0282  0.0283  0.0281
  0.0282  0.0281  0.0281  0.0284  0.0281  0.0286  0.0280  0.0283  0.0280  0.0280  0.0281  0.0280
  0.0281  0.0280  0.0281  0.0282  0.0280  0.0283  0.0279  0.0280  0.0279  0.0279  0.0279  0.0279
  0.0280  0.0280  0.0280  0.0280  0.0280  0.0280  0.0279  0.0279  0.0279  0.0279  0.0279  0.0279
  0.0281  0.0281  0.0280  0.0280  0.0280  0.0278  0.0279  0.0280  0.0279  0.0279  0.0279  0.0279
  0.0282  0.0282  0.0281  0.0282  0.0281  0.0280  0.0280  0.0283  0.0280  0.0280  0.0281  0.0279
  0.0284  0.0284  0.0282  0.0286  0.0283  0.0286  0.0282  0.0287  0.0282  0.0282  0.0283  0.0280
    3.3662    2.2006    2.0961   -3.0412  -23.4798  -21.2892
    4.6328    2.9588   -9.9539   15.1784   -5.1914  -12.5327
eta,q 0.97210 13.15700

---------------------------------------------------------------------
compute_vox2vox talsrcimg talsrcimg_to_711-2C_as_mni_average_305_t4 /opt/freesurfer/average/711-2C_as_mni_average_305
---------------------------------------------------------------------

freesurfer compute_vox2vox.c
Reading: talsrcimg.4dfp.ifh
Reading: talsrcimg_to_711-2C_as_mni_average_305_t4
Reading: /opt/freesurfer/average/711-2C_as_mni_average_305.4dfp.ifh
Writing: talsrcimg_to_711-2C_as_mni_average_305_t4_vox2vox.txt

start time Wed Mar 11 02:59:56 CET 2026
end		time Wed Mar 11 03:01:25 CET 2026

mpr2mni305 success

avi2talxfm orig_nu.mgz /opt/freesurfer/average/mni305.cor.mgz talsrcimg_to_711-2C_as_mni_average_305_t4_vox2vox.txt transforms/talairach.auto.xfm
avi2talxfm done
mv -f /out/sourcedata/freesurfer/sub-v2s12x28907_ses-1/mri/talsrcimg_to_711-2C_as_mni_average_305_t4_vox2vox.txt /out/sourcedata/freesurfer/sub-v2s12x28907_ses-1/mri/transforms/talsrcimg_to_711-2C_as_mni_average_305_t4_vox2vox.txt
lta_convert --src orig_nu.mgz --trg /opt/freesurfer/average/mni305.cor.mgz --inxfm transforms/talairach.auto.xfm --outlta transforms/talairach.auto.xfm.lta --subject fsaverage
7.3.2

--src: orig_nu.mgz src image (geometry).
--trg: /opt/freesurfer/average/mni305.cor.mgz trg image (geometry).
--inmni: transforms/talairach.auto.xfm input MNI/XFM transform.
--outlta: transforms/talairach.auto.xfm.lta output LTA.
--s: fsaverage subject name
 LTA read, type : 1
 1.02320  -0.02571  -0.06616  -9.24921;
 0.08596   1.22942   0.19615  -42.60024;
 0.11605  -0.24721   1.25933  -1.58524;
 0.00000   0.00000   0.00000   1.00000;
setting subject to fsaverage
Writing  LTA to file transforms/talairach.auto.xfm.lta...
lta_convert successful.
 
 
Started at Wed Mar 11 02:59:56 CET 2026
Ended   at Wed Mar 11 03:01:26 CET 2026
talairach_avi done
