/out/sourcedata/freesurfer/sub-v2s12x28896_ses-1/mri
/opt/freesurfer/bin/talairach_avi
--i orig_nu.mgz --xfm transforms/talairach.auto.xfm
talairach_avi 7.3.2
Linux dna056 5.14.0-427.37.1.el9_4.x86_64 #1 SMP PREEMPT_DYNAMIC Fri Sep 13 12:41:50 EDT 2024 x86_64 x86_64 x86_64 GNU/Linux
Wed Mar 11 02:42:27 CET 2026
mri_convert orig_nu.mgz talsrcimg.img 
reading from orig_nu.mgz...
TR=0.00, TE=0.00, TI=0.00, flip angle=0.00
i_ras = (-1, 0, 0)
j_ras = (0, 0, -1)
k_ras = (0, 1, 0)
writing to talsrcimg.img...
Analyze Output Matrix
-1.00000   0.00000   0.00000   134.18719;
 0.00000   0.00000   1.00000  -128.50000;
 0.00000  -1.00000   0.00000   147.78101;
 0.00000   0.00000   0.00000   1.00000;
--------------------
INFO: set hdr.hist.orient to -1
mpr2mni305 talsrcimg
Wed Mar 11 02:42:28 CET 2026
/opt/freesurfer/bin/mpr2mni305 talsrcimg
mpr2mni305 7.3.2
target=711-2C_as_mni_average_305

---------------------------------------------------------------------
analyzeto4dfp talsrcimg -O0 -y
---------------------------------------------------------------------

freesurfer ifh2hdr.c
Wed Mar 11 02:42:28 2026
Writing: talsrcimg.4dfp.hdr
freesurfer analyzeto4dfp.c
Reading: talsrcimg.hdr
header size 348 bytes
hdr.dime.datatype	offset=70	value=2
hdr.dime.bitpix		offset=72	value=8
hdr.hist.orient		offset=252	value=-1
dimensionality     4
dimensions       256       256       256         1
Reading: talsrcimg.img
Writing: talsrcimg.4dfp.img
Writing: talsrcimg.4dfp.ifh
ifh2hdr talsrcimg -r0to225
ori=2

---------------------------------------------------------------------
gauss_4dfp talsrcimg 1.1
---------------------------------------------------------------------

freesurfer gauss_4dfp.c
Reading: talsrcimg.4dfp.img
Writing: talsrcimg_g11.4dfp.img
image dimensions 256 256 256 padded to 288 288 288
processing volume 1freesurfer ifh2hdr.c
Wed Mar 11 02:42:30 2026
Writing: talsrcimg_g11.4dfp.hdr

Writing: talsrcimg_g11.4dfp.ifh
including: talsrcimg.4dfp.img.rec in talsrcimg_g11.4dfp.img.rec

---------------------------------------------------------------------
imgreg_4dfp /opt/freesurfer/average/711-2C_as_mni_average_305 none talsrcimg_g11 none talsrcimg_to_711-2C_as_mni_average_305_t4 4355
---------------------------------------------------------------------

freesurfer imgreg_4dfp.c
/opt/freesurfer/average/711-2C_as_mni_average_305.4dfp.img
       256       256       256         1
  1.000000  1.000000  1.000000
orientation T byte_order littleendian
Reading image: /opt/freesurfer/average/711-2C_as_mni_average_305.4dfp.img
dimensions:      256       256       256
mmppix:       1.0000   -1.0000   -1.0000
center:     128.0000 -129.0000 -129.0000
talsrcimg_g11.4dfp.img
       256       256       256         1
  1.000000  1.000000  1.000000
orientation T byte_order littleendian
Reading image: talsrcimg_g11.4dfp.img
dimensions:      256       256       256
mmppix:       1.0000   -1.0000   -1.0000
center:     128.0000 -129.0000 -129.0000
t4_read: open error in t4_sub.f l:  41 t4_file(1:l)talsrcimg_to_711-2C_as_mni_average_305_t4 
t4_read: transform initialized to I4
rotation matrix determinant  1.000000
image alignment mode   4355 decimal     1103 hex
   -7.5000  -45.0000  -45.0000 6238.0029   19.8959
    0.0000  -45.0000  -45.0000 6449.3320   19.9444
    7.5000  -45.0000  -45.0000 6178.5796   20.0140
   -7.5000  -37.5000  -45.0000 6779.0005   19.7925
    0.0000  -37.5000  -45.0000 7014.4907   19.8428
    7.5000  -37.5000  -45.0000 6721.0454   19.9002
   -7.5000  -30.0000  -45.0000 7663.2754   19.7233
    0.0000  -30.0000  -45.0000 7929.4561   19.7809
    7.5000  -30.0000  -45.0000 7589.2593   19.8367
   -7.5000  -22.5000  -45.0000 8474.4355   19.6748
    0.0000  -22.5000  -45.0000 8780.9824   19.7389
    7.5000  -22.5000  -45.0000 8399.2295   19.8058
   -7.5000  -15.0000  -45.0000 9248.0977   19.6905
    0.0000  -15.0000  -45.0000 9584.5557   19.7529
    7.5000  -15.0000  -45.0000 9148.7764   19.8294
   -7.5000   -7.5000  -45.0000 9948.5664   19.7734
    0.0000   -7.5000  -45.000010292.1562   19.8275
    7.5000   -7.5000  -45.0000 9792.8574   19.9046
   -7.5000    0.0000  -45.000010509.2070   19.8269
    0.0000    0.0000  -45.000010881.5254   19.8754
    7.5000    0.0000  -45.000010350.9990   19.9444
   -7.5000    7.5000  -45.000010342.5400   19.7925
    0.0000    7.5000  -45.000010700.3633   19.8428
    7.5000    7.5000  -45.000010186.3096   19.9002
   -7.5000   15.0000  -45.000010158.1758   19.7233
    0.0000   15.0000  -45.000010502.2002   19.7809
    7.5000   15.0000  -45.000010011.5879   19.8367
   -7.5000   22.5000  -45.0000 9869.6230   19.6721
    0.0000   22.5000  -45.000010209.6904   19.7361
    7.5000   22.5000  -45.0000 9728.4043   19.8031
   -7.5000   30.0000  -45.0000 9318.0762   19.4281
    0.0000   30.0000  -45.0000 9646.9746   19.4896
    7.5000   30.0000  -45.0000 9197.7969   19.5652
   -7.5000   37.5000  -45.0000 9018.3994   19.5099
    0.0000   37.5000  -45.0000 9316.9062   19.5633
    7.5000   37.5000  -45.0000 8874.8359   19.6393
   -7.5000   45.0000  -45.0000 8359.0723   19.0659
    0.0000   45.0000  -45.0000 8636.8350   19.1126
    7.5000   45.0000  -45.0000 8229.2129   19.1789
   -7.5000  -45.0000  -37.5000 6655.1357   19.7197
    0.0000  -45.0000  -37.5000 6900.9512   19.7591
    7.5000  -45.0000  -37.5000 6631.7656   19.8170
   -7.5000  -37.5000  -37.5000 7246.6245   19.6089
    0.0000  -37.5000  -37.5000 7512.2578   19.6529
    7.5000  -37.5000  -37.5000 7197.8828   19.7015
   -7.5000  -30.0000  -37.5000 8199.8789   19.5518
    0.0000  -30.0000  -37.5000 8503.8486   19.6028
    7.5000  -30.0000  -37.5000 8115.4888   19.6521
   -7.5000  -22.5000  -37.5000 9108.3320   19.5247
    0.0000  -22.5000  -37.5000 9457.4580   19.5788
    7.5000  -22.5000  -37.5000 9010.6787   19.6389
   -7.5000  -15.0000  -37.5000 9938.8008   19.5490
    0.0000  -15.0000  -37.500010304.3262   19.5987
    7.5000  -15.0000  -37.5000 9826.4492   19.6653
   -7.5000   -7.5000  -37.500010656.8984   19.6191
    0.0000   -7.5000  -37.500011034.4531   19.6612
    7.5000   -7.5000  -37.500010518.1592   19.7260
   -7.5000    0.0000  -37.500011239.3857   19.6518
    0.0000    0.0000  -37.500011659.7178   19.6916
    7.5000    0.0000  -37.500011078.9902   19.7490
   -7.5000    7.5000  -37.500011037.2393   19.6089
    0.0000    7.5000  -37.500011436.5986   19.6529
    7.5000    7.5000  -37.500010873.1914   19.7015
   -7.5000   15.0000  -37.500010821.0254   19.5518
    0.0000   15.0000  -37.500011214.0195   19.6028
    7.5000   15.0000  -37.500010661.7471   19.6521
   -7.5000   22.5000  -37.500010502.3604   19.5220
    0.0000   22.5000  -37.500010864.4561   19.5761
    7.5000   22.5000  -37.500010339.5332   19.6362
   -7.5000   30.0000  -37.5000 9908.0693   19.2885
    0.0000   30.0000  -37.500010258.0195   19.3375
    7.5000   30.0000  -37.5000 9757.9150   19.4032
   -7.5000   37.5000  -37.5000 9590.7793   19.3576
    0.0000   37.5000  -37.5000 9923.8008   19.3992
    7.5000   37.5000  -37.5000 9433.8271   19.4631
   -7.5000   45.0000  -37.5000 8868.6514   18.8976
    0.0000   45.0000  -37.5000 9159.9600   18.9358
    7.5000   45.0000  -37.5000 8727.0254   18.9910
   -7.5000  -45.0000  -30.0000 7246.8848   20.5725
    0.0000  -45.0000  -30.0000 7535.0796   20.6181
    7.5000  -45.0000  -30.0000 7227.6768   20.6825
   -7.5000  -37.5000  -30.0000 7922.9463   20.4473
    0.0000  -37.5000  -30.0000 8242.3047   20.4975
    7.5000  -37.5000  -30.0000 7878.2100   20.5483
   -7.5000  -30.0000  -30.0000 8979.4414   20.3844
    0.0000  -30.0000  -30.0000 9356.6543   20.4385
    7.5000  -30.0000  -30.0000 8910.7783   20.4890
   -7.5000  -22.5000  -30.0000 9990.0234   20.3626
    0.0000  -22.5000  -30.000010384.1602   20.4165
    7.5000  -22.5000  -30.0000 9880.8535   20.4818
   -7.5000  -15.0000  -30.000010885.4961   20.3953
    0.0000  -15.0000  -30.000011319.9707   20.4448
    7.5000  -15.0000  -30.000010749.2607   20.5216
   -7.5000   -7.5000  -30.000011632.8984   20.4706
    0.0000   -7.5000  -30.000012103.3350   20.5162
    7.5000   -7.5000  -30.000011448.3271   20.5912
   -7.5000    0.0000  -30.000012246.8369   20.5009
    0.0000    0.0000  -30.000012748.6562   20.5469
    7.5000    0.0000  -30.000012048.9736   20.6109
   -7.5000    7.5000  -30.000012015.0752   20.4473
    0.0000    7.5000  -30.000012492.6865   20.4975
    7.5000    7.5000  -30.000011818.0469   20.5483
   -7.5000   15.0000  -30.000011766.6025   20.3844
    0.0000   15.0000  -30.000012224.4434   20.4385
    7.5000   15.0000  -30.000011591.6729   20.4890
   -7.5000   22.5000  -30.000011409.4209   20.3577
    0.0000   22.5000  -30.000011824.5713   20.4116
    7.5000   22.5000  -30.000011198.5283   20.4769
   -7.5000   30.0000  -30.000010747.8291   20.1254
    0.0000   30.0000  -30.000011144.9512   20.1743
    7.5000   30.0000  -30.000010552.4541   20.2500
   -7.5000   37.5000  -30.000010380.8154   20.1998
    0.0000   37.5000  -30.000010771.7227   20.2448
    7.5000   37.5000  -30.000010206.2100   20.3187
   -7.5000   45.0000  -30.0000 9571.5244   19.7286
    0.0000   45.0000  -30.0000 9912.2578   19.7728
    7.5000   45.0000  -30.0000 9417.7852   19.8344
   -7.5000  -45.0000  -22.5000 7909.4189   21.2753
    0.0000  -45.0000  -22.5000 8246.1191   21.3356
    7.5000  -45.0000  -22.5000 7896.8110   21.4198
   -7.5000  -37.5000  -22.5000 8648.7793   21.1503
    0.0000  -37.5000  -22.5000 9011.5127   21.2104
    7.5000  -37.5000  -22.5000 8602.0449   21.2731
   -7.5000  -30.0000  -22.5000 9787.5137   21.0708
    0.0000  -30.0000  -22.500010204.5273   21.1323
    7.5000  -30.0000  -22.5000 9720.6484   21.1913
   -7.5000  -22.5000  -22.500010879.3311   21.0291
    0.0000  -22.5000  -22.500011317.4180   21.0930
    7.5000  -22.5000  -22.500010767.2568   21.1717
   -7.5000  -15.0000  -22.500011836.5967   21.0563
    0.0000  -15.0000  -22.500012312.5293   21.1212
    7.5000  -15.0000  -22.500011656.1367   21.2199
   -7.5000   -7.5000  -22.500012628.1855   21.1482
    0.0000   -7.5000  -22.500013138.6982   21.2112
    7.5000   -7.5000  -22.500012420.4434   21.3110
   -7.5000    0.0000  -22.500013306.3047   21.2006
    0.0000    0.0000  -22.500013847.9033   21.2612
    7.5000    0.0000  -22.500013074.4883   21.3448
   -7.5000    7.5000  -22.500013069.4688   21.1503
    0.0000    7.5000  -22.500013592.9375   21.2104
    7.5000    7.5000  -22.500012815.1143   21.2731
   -7.5000   15.0000  -22.500012783.3516   21.0708
    0.0000   15.0000  -22.500013300.8252   21.1323
    7.5000   15.0000  -22.500012551.2725   21.1913
   -7.5000   22.5000  -22.500012352.0469   21.0226
    0.0000   22.5000  -22.500012828.0908   21.0865
    7.5000   22.5000  -22.500012098.1562   21.1652
   -7.5000   30.0000  -22.500011583.4141   20.7809
    0.0000   30.0000  -22.500012050.8936   20.8450
    7.5000   30.0000  -22.500011353.0449   20.9423
   -7.5000   37.5000  -22.500011150.4541   20.8716
    0.0000   37.5000  -22.500011617.1191   20.9338
    7.5000   37.5000  -22.500010951.5137   21.0323
   -7.5000   45.0000  -22.500010269.5059   20.4173
    0.0000   45.0000  -22.500010687.5264   20.4755
    7.5000   45.0000  -22.500010106.1611   20.5561
   -7.5000  -45.0000  -15.0000 8593.0615   21.7456
    0.0000  -45.0000  -15.0000 8941.0225   21.8153
    7.5000  -45.0000  -15.0000 8569.6895   21.9115
   -7.5000  -37.5000  -15.0000 9407.8623   21.6290
    0.0000  -37.5000  -15.0000 9792.1318   21.6943
    7.5000  -37.5000  -15.0000 9345.7363   21.7654
   -7.5000  -30.0000  -15.000010644.0518   21.5396
    0.0000  -30.0000  -15.000011091.8994   21.6060
    7.5000  -30.0000  -15.000010538.1152   21.6717
   -7.5000  -22.5000  -15.000011799.9307   21.4770
    0.0000  -22.5000  -15.000012293.3066   21.5503
    7.5000  -22.5000  -15.000011647.8740   21.6376
   -7.5000  -15.0000  -15.000012809.4756   21.4941
    0.0000  -15.0000  -15.000013349.2383   21.5729
    7.5000  -15.0000  -15.000012634.7568   21.6843
   -7.5000   -7.5000  -15.000013672.8838   21.5969
    0.0000   -7.5000  -15.000014224.9297   21.6731
    7.5000   -7.5000  -15.000013436.9492   21.7875
   -7.5000    0.0000  -15.000014404.1934   21.6693
    0.0000    0.0000  -15.000014960.4697   21.7390
    7.5000    0.0000  -15.000014098.7295   21.8346
   -7.5000    7.5000  -15.000014153.4717   21.6290
    0.0000    7.5000  -15.000014675.3340   21.6943
    7.5000    7.5000  -15.000013815.7783   21.7654
   -7.5000   15.0000  -15.000013827.1807   21.5396
    0.0000   15.0000  -15.000014393.4678   21.6060
    7.5000   15.0000  -15.000013516.0596   21.6717
   -7.5000   22.5000  -15.000013314.1152   21.4694
    0.0000   22.5000  -15.000013854.5869   21.5427
    7.5000   22.5000  -15.000012992.4951   21.6300
   -7.5000   30.0000  -15.000012458.3574   21.2160
    0.0000   30.0000  -15.000012969.7070   21.2937
    7.5000   30.0000  -15.000012154.7930   21.4037
   -7.5000   37.5000  -15.000011979.5068   21.3174
    0.0000   37.5000  -15.000012464.7100   21.3926
    7.5000   37.5000  -15.000011702.7129   21.5055
   -7.5000   45.0000  -15.000011030.7090   20.8812
    0.0000   45.0000  -15.000011482.2803   20.9483
    7.5000   45.0000  -15.000010803.7695   21.0405
   -7.5000  -45.0000   -7.5000 9363.9658   21.9656
    0.0000  -45.0000   -7.5000 9738.7988   22.0302
    7.5000  -45.0000   -7.5000 9283.2070   22.1215
   -7.5000  -37.5000   -7.500010260.7432   21.8545
    0.0000  -37.5000   -7.500010677.8174   21.9165
    7.5000  -37.5000   -7.500010129.2471   21.9868
   -7.5000  -30.0000   -7.500011562.3408   21.7680
    0.0000  -30.0000   -7.500012044.0527   21.8348
    7.5000  -30.0000   -7.500011428.2822   21.9005
   -7.5000  -22.5000   -7.500012809.7549   21.7016
    0.0000  -22.5000   -7.500013349.0303   21.7773
    7.5000  -22.5000   -7.500012639.3193   21.8608
   -7.5000  -15.0000   -7.500013920.2295   21.7151
    0.0000  -15.0000   -7.500014502.4443   21.7938
    7.5000  -15.0000   -7.500013702.0410   21.8965
   -7.5000   -7.5000   -7.500014848.0684   21.8162
    0.0000   -7.5000   -7.500015424.1533   21.8887
    7.5000   -7.5000   -7.500014542.9834   21.9940
   -7.5000    0.0000   -7.500015611.0508   21.8894
    0.0000    0.0000   -7.500016178.1660   21.9540
    7.5000    0.0000   -7.500015259.3271   22.0446
   -7.5000    7.5000   -7.500015293.1221   21.8545
    0.0000    7.5000   -7.500015869.0742   21.9165
    7.5000    7.5000   -7.500014927.1260   21.9868
   -7.5000   15.0000   -7.500014959.9434   21.7680
    0.0000   15.0000   -7.500015569.6191   21.8348
    7.5000   15.0000   -7.500014589.6582   21.9005
   -7.5000   22.5000   -7.500014372.4980   21.6916
    0.0000   22.5000   -7.500014966.6582   21.7672
    7.5000   22.5000   -7.500013974.8154   21.8507
   -7.5000   30.0000   -7.500013451.4570   21.4335
    0.0000   30.0000   -7.500013996.7129   21.5112
    7.5000   30.0000   -7.500013069.9443   21.6126
   -7.5000   37.5000   -7.500012914.9414   21.5333
    0.0000   37.5000   -7.500013419.2764   21.6048
    7.5000   37.5000   -7.500012566.4639   21.7088
   -7.5000   45.0000   -7.500011848.3545   21.0973
    0.0000   45.0000   -7.500012326.8936   21.1595
    7.5000   45.0000   -7.500011566.5107   21.2468
   -7.5000  -45.0000    0.000010091.4785   22.0069
    0.0000  -45.0000    0.000010471.7891   22.0587
    7.5000  -45.0000    0.0000 9960.0449   22.1352
   -7.5000  -37.5000    0.000011011.9824   21.8946
    0.0000  -37.5000    0.000011445.2588   21.9484
    7.5000  -37.5000    0.000010852.6191   22.0113
   -7.5000  -30.0000    0.000012374.7578   21.8199
    0.0000  -30.0000    0.000012888.0186   21.8824
    7.5000  -30.0000    0.000012223.6777   21.9436
   -7.5000  -22.5000    0.000013736.9941   21.7667
    0.0000  -22.5000    0.000014286.8584   21.8372
    7.5000  -22.5000    0.000013525.1885   21.9108
   -7.5000  -15.0000    0.000014973.6055   21.7831
    0.0000  -15.0000    0.000015535.8164   21.8517
    7.5000  -15.0000    0.000014705.7158   21.9362
   -7.5000   -7.5000    0.000015997.2334   21.8729
    0.0000   -7.5000    0.000016533.7754   21.9318
    7.5000   -7.5000    0.000015623.5029   22.0168
   -7.5000    0.0000    0.000016774.3691   21.9314
    0.0000    0.0000    0.000017328.4766   21.9833
    7.5000    0.0000    0.000016379.6904   22.0592
   -7.5000    7.5000    0.000016382.1104   21.8946
    0.0000    7.5000    0.000016940.2285   21.9484
    7.5000    7.5000    0.000015997.8926   22.0113
   -7.5000   15.0000    0.000016012.5166   21.8199
    0.0000   15.0000    0.000016613.4512   21.8824
    7.5000   15.0000    0.000015642.7285   21.9436
   -7.5000   22.5000    0.000015325.1416   21.7567
    0.0000   22.5000    0.000015893.3496   21.8271
    7.5000   22.5000    0.000014916.2793   21.9007
   -7.5000   30.0000    0.000014338.2900   21.5011
    0.0000   30.0000    0.000014873.3096   21.5689
    7.5000   30.0000    0.000013945.2256   21.6523
   -7.5000   37.5000    0.000013748.0098   21.5898
    0.0000   37.5000    0.000014264.6514   21.6479
    7.5000   37.5000    0.000013386.9111   21.7318
   -7.5000   45.0000    0.000012566.3467   21.1393
    0.0000   45.0000    0.000013057.1992   21.1894
    7.5000   45.0000    0.000012262.6602   21.2625
   -7.5000  -45.0000    7.5000 9927.5908   22.0466
    0.0000  -45.0000    7.500010293.5850   22.0907
    7.5000  -45.0000    7.5000 9806.4258   22.1552
   -7.5000  -37.5000    7.500010818.7109   21.9229
    0.0000  -37.5000    7.500011218.7061   21.9722
    7.5000  -37.5000    7.500010690.3418   22.0264
   -7.5000  -30.0000    7.500012196.5820   21.8592
    0.0000  -30.0000    7.500012644.7148   21.9163
    7.5000  -30.0000    7.500012040.8467   21.9712
   -7.5000  -22.5000    7.500013528.5508   21.8288
    0.0000  -22.5000    7.500013999.1875   21.8894
    7.5000  -22.5000    7.500013327.7637   21.9564
   -7.5000  -15.0000    7.500014766.3613   21.8558
    0.0000  -15.0000    7.500015260.9512   21.9114
    7.5000  -15.0000    7.500014520.8486   21.9857
   -7.5000   -7.5000    7.500015873.9258   21.9341
    0.0000   -7.5000    7.500016382.1719   21.9813
    7.5000   -7.5000    7.500015535.0840   22.0534
   -7.5000    0.0000    7.500016640.4336   21.9708
    0.0000    0.0000    7.500017171.3750   22.0152
    7.5000    0.0000    7.500016285.4434   22.0792
   -7.5000    7.5000    7.500016184.7090   21.9229
    0.0000    7.5000    7.500016703.9277   21.9722
    7.5000    7.5000    7.500015913.2197   22.0264
   -7.5000   15.0000    7.500015829.0527   21.8592
    0.0000   15.0000    7.500016367.2451   21.9163
    7.5000   15.0000    7.500015562.8682   21.9712
   -7.5000   22.5000    7.500015107.0879   21.8187
    0.0000   22.5000    7.500015612.3984   21.8793
    7.5000   22.5000    7.500014794.2656   21.9463
   -7.5000   30.0000    7.500014080.9521   21.5730
    0.0000   30.0000    7.500014593.7295   21.6278
    7.5000   30.0000    7.500013811.7324   21.7012
   -7.5000   37.5000    7.500013495.2129   21.6502
    0.0000   37.5000    7.500014009.5049   21.6968
    7.5000   37.5000    7.500013247.9805   21.7680
   -7.5000   45.0000    7.500012350.0820   21.1773
    0.0000   45.0000    7.500012821.7637   21.2202
    7.5000   45.0000    7.500012113.0547   21.2818
   -7.5000  -45.0000   15.0000 9642.1914   22.0912
    0.0000  -45.0000   15.000010022.4150   22.1402
    7.5000  -45.0000   15.0000 9551.4805   22.2093
   -7.5000  -37.5000   15.000010479.7539   21.9568
    0.0000  -37.5000   15.000010870.8115   22.0106
    7.5000  -37.5000   15.000010367.0635   22.0653
   -7.5000  -30.0000   15.000011790.4033   21.8893
    0.0000  -30.0000   15.000012199.8984   21.9473
    7.5000  -30.0000   15.000011643.9414   22.0016
   -7.5000  -22.5000   15.000013088.5801   21.8658
    0.0000  -22.5000   15.000013463.8955   21.9237
    7.5000  -22.5000   15.000012890.3447   21.9938
   -7.5000  -15.0000   15.000014338.7471   21.9009
    0.0000  -15.0000   15.000014714.0244   21.9541
    7.5000  -15.0000   15.000014088.1875   22.0365
   -7.5000   -7.5000   15.000015553.5000   21.9818
    0.0000   -7.5000   15.000015952.2793   22.0308
    7.5000   -7.5000   15.000015138.1953   22.1113
   -7.5000    0.0000   15.000016232.3945   22.0143
    0.0000    0.0000   15.000016646.2031   22.0637
    7.5000    0.0000   15.000015977.4570   22.1324
   -7.5000    7.5000   15.000015614.7246   21.9568
    0.0000    7.5000   15.000016061.8135   22.0106
    7.5000    7.5000   15.000015612.2705   22.0653
   -7.5000   15.0000   15.000015274.3271   21.8893
    0.0000   15.0000   15.000015737.9824   21.9473
    7.5000   15.0000   15.000015236.7715   22.0016
   -7.5000   22.5000   15.000014595.1885   21.8557
    0.0000   22.5000   15.000015034.2656   21.9136
    7.5000   22.5000   15.000014447.8809   21.9837
   -7.5000   30.0000   15.000013666.2754   21.6175
    0.0000   30.0000   15.000014099.9375   21.6700
    7.5000   30.0000   15.000013459.0166   21.7513
   -7.5000   37.5000   15.000013119.9922   21.6973
    0.0000   37.5000   15.000013547.5107   21.7457
    7.5000   37.5000   15.000012859.9648   21.8251
   -7.5000   45.0000   15.000012039.1484   21.2193
    0.0000   45.0000   15.000012436.4473   21.2669
    7.5000   45.0000   15.000011764.4326   21.3331
   -7.5000  -45.0000   22.5000 9267.5625   22.0856
    0.0000  -45.0000   22.5000 9612.8125   22.1482
    7.5000  -45.0000   22.5000 9162.7188   22.2356
   -7.5000  -37.5000   22.500010081.4395   21.9558
    0.0000  -37.5000   22.500010442.3525   22.0182
    7.5000  -37.5000   22.5000 9939.4570   22.0833
   -7.5000  -30.0000   22.500011289.6240   21.8733
    0.0000  -30.0000   22.500011686.8525   21.9371
    7.5000  -30.0000   22.500011147.6865   21.9984
   -7.5000  -22.5000   22.500012488.9033   21.8299
    0.0000  -22.5000   22.500012881.8223   21.8963
    7.5000  -22.5000   22.500012346.1328   21.9780
   -7.5000  -15.0000   22.500013673.2930   21.8582
    0.0000  -15.0000   22.500014055.4209   21.9256
    7.5000  -15.0000   22.500013498.2197   22.0281
   -7.5000   -7.5000   22.500014725.3828   21.9537
    0.0000   -7.5000   22.500015125.3887   22.0190
    7.5000   -7.5000   22.500014506.7793   22.1227
   -7.5000    0.0000   22.500015467.2061   22.0081
    0.0000    0.0000   22.500015841.6143   22.0709
    7.5000    0.0000   22.500015303.2861   22.1577
   -7.5000    7.5000   22.500015184.5928   21.9558
    0.0000    7.5000   22.500015551.3994   22.0182
    7.5000    7.5000   22.500015023.9502   22.0833
   -7.5000   15.0000   22.500014943.6641   21.8733
    0.0000   15.0000   22.500015311.5889   21.9371
    7.5000   15.0000   22.500014655.1387   21.9984
   -7.5000   22.5000   22.500014202.0801   21.8199
    0.0000   22.5000   22.500014537.0537   21.8862
    7.5000   22.5000   22.500013836.6475   21.9679
   -7.5000   30.0000   22.500013200.1543   21.5753
    0.0000   30.0000   22.500013552.9697   21.6419
    7.5000   30.0000   22.500012865.9336   21.7430
   -7.5000   37.5000   22.500012585.4121   21.6695
    0.0000   37.5000   22.500012947.5762   21.7341
    7.5000   37.5000   22.500012288.8467   21.8363
   -7.5000   45.0000   22.500011537.5381   21.2132
    0.0000   45.0000   22.500011870.0430   21.2738
    7.5000   45.0000   22.500011254.2686   21.3575
   -7.5000  -45.0000   30.0000 8758.0420   22.0458
    0.0000  -45.0000   30.0000 9123.0186   22.1164
    7.5000  -45.0000   30.0000 8677.9707   22.2140
   -7.5000  -37.5000   30.0000 9488.7373   21.9276
    0.0000  -37.5000   30.0000 9891.8926   21.9938
    7.5000  -37.5000   30.0000 9400.3594   22.0658
   -7.5000  -30.0000   30.000010602.4424   21.8370
    0.0000  -30.0000   30.000011009.6201   21.9042
    7.5000  -30.0000   30.000010504.4609   21.9708
   -7.5000  -22.5000   30.000011737.9375   21.7734
    0.0000  -22.5000   30.000012119.2549   21.8478
    7.5000  -22.5000   30.000011634.9941   21.9363
   -7.5000  -15.0000   30.000012856.1377   21.7908
    0.0000  -15.0000   30.000013216.5732   21.8707
    7.5000  -15.0000   30.000012706.0732   21.9837
   -7.5000   -7.5000   30.000013858.2217   21.8950
    0.0000   -7.5000   30.000014183.5996   21.9723
    7.5000   -7.5000   30.000013630.1953   22.0882
   -7.5000    0.0000   30.000014676.3428   21.9684
    0.0000    0.0000   30.000014969.3740   22.0391
    7.5000    0.0000   30.000014401.6221   22.1360
   -7.5000    7.5000   30.000014547.1504   21.9276
    0.0000    7.5000   30.000014844.8838   21.9938
    7.5000    7.5000   30.000014183.2051   22.0658
   -7.5000   15.0000   30.000014291.0557   21.8370
    0.0000   15.0000   30.000014595.8135   21.9042
    7.5000   15.0000   30.000013880.3740   21.9708
   -7.5000   22.5000   30.000013478.8662   21.7634
    0.0000   22.5000   30.000013765.4609   21.8377
    7.5000   22.5000   30.000013060.2080   21.9262
   -7.5000   30.0000   30.000012496.1230   21.5088
    0.0000   30.0000   30.000012789.9609   21.5876
    7.5000   30.0000   30.000012151.6260   21.6992
   -7.5000   37.5000   30.000011877.0371   21.6117
    0.0000   37.5000   30.000012194.4590   21.6879
    7.5000   37.5000   30.000011603.5410   21.8024
   -7.5000   45.0000   30.000010845.0869   21.1750
    0.0000   45.0000   30.000011171.0312   21.2431
    7.5000   45.0000   30.000010611.2832   21.3366
   -7.5000  -45.0000   37.5000 8475.6396   22.0174
    0.0000  -45.0000   37.5000 8835.9150   22.0821
    7.5000  -45.0000   37.5000 8432.6475   22.1737
   -7.5000  -37.5000   37.5000 9188.2383   21.9061
    0.0000  -37.5000   37.5000 9592.3398   21.9683
    7.5000  -37.5000   37.5000 9142.0488   22.0387
   -7.5000  -30.0000   37.500010292.3037   21.8194
    0.0000  -30.0000   37.500010721.9404   21.8863
    7.5000  -30.0000   37.500010196.4326   21.9522
   -7.5000  -22.5000   37.500011411.0654   21.7527
    0.0000  -22.5000   37.500011866.2148   21.8285
    7.5000  -22.5000   37.500011264.9316   21.9123
   -7.5000  -15.0000   37.500012499.7295   21.7662
    0.0000  -15.0000   37.500012938.4033   21.8450
    7.5000  -15.0000   37.500012272.6582   21.9480
   -7.5000   -7.5000   37.500013393.8750   21.8676
    0.0000   -7.5000   37.500013817.6455   21.9401
    7.5000   -7.5000   37.500013142.5381   22.0458
   -7.5000    0.0000   37.500014123.5059   21.9410
    0.0000    0.0000   37.500014563.6221   22.0057
    7.5000    0.0000   37.500013882.9434   22.0965
   -7.5000    7.5000   37.500013918.2988   21.9061
    0.0000    7.5000   37.500014375.8389   21.9683
    7.5000    7.5000   37.500013660.0850   22.0387
   -7.5000   15.0000   37.500013628.0645   21.8194
    0.0000   15.0000   37.500014088.6211   21.8863
    7.5000   15.0000   37.500013384.1436   21.9522
   -7.5000   22.5000   37.500012876.6963   21.7427
    0.0000   22.5000   37.500013310.0986   21.8185
    7.5000   22.5000   37.500012616.4307   21.9022
   -7.5000   30.0000   37.500012001.1191   21.4845
    0.0000   30.0000   37.500012396.7422   21.5623
    7.5000   30.0000   37.500011750.3906   21.6639
   -7.5000   37.5000   37.500011478.3857   21.5846
    0.0000   37.5000   37.500011865.3027   21.6562
    7.5000   37.5000   37.500011250.5205   21.7605
   -7.5000   45.0000   37.500010486.1279   21.1486
    0.0000   45.0000   37.500010850.5107   21.2110
    7.5000   45.0000   37.500010273.7920   21.2985
   -7.5000  -45.0000   45.0000 7862.2715   22.0924
    0.0000  -45.0000   45.0000 8193.8779   22.1449
    7.5000  -45.0000   45.0000 7798.3530   22.2232
   -7.5000  -37.5000   45.0000 8529.3545   21.9777
    0.0000  -37.5000   45.0000 8934.3926   22.0326
    7.5000  -37.5000   45.0000 8449.9199   22.0971
   -7.5000  -30.0000   45.0000 9562.5703   21.9021
    0.0000  -30.0000   45.000010000.9092   21.9661
    7.5000  -30.0000   45.0000 9451.1758   22.0288
   -7.5000  -22.5000   45.000010551.0801   21.8492
    0.0000  -22.5000   45.000011002.3379   21.9211
    7.5000  -22.5000   45.000010434.0674   21.9965
   -7.5000  -15.0000   45.000011472.2266   21.8666
    0.0000  -15.0000   45.000011912.0068   21.9364
    7.5000  -15.0000   45.000011318.1455   22.0226
   -7.5000   -7.5000   45.000012247.0527   21.9574
    0.0000   -7.5000   45.000012686.5498   22.0171
    7.5000   -7.5000   45.000012096.7900   22.1039
   -7.5000    0.0000   45.000012928.4863   22.0158
    0.0000    0.0000   45.000013384.6973   22.0684
    7.5000    0.0000   45.000012789.5635   22.1461
   -7.5000    7.5000   45.000012741.9678   21.9777
    0.0000    7.5000   45.000013193.4629   22.0326
    7.5000    7.5000   45.000012612.7627   22.0971
   -7.5000   15.0000   45.000012476.8975   21.9021
    0.0000   15.0000   45.000012917.9746   21.9661
    7.5000   15.0000   45.000012340.7705   22.0288
   -7.5000   22.5000   45.000011791.7744   21.8390
    0.0000   22.5000   45.000012195.8486   21.9110
    7.5000   22.5000   45.000011646.5459   21.9863
   -7.5000   30.0000   45.000011017.2354   21.5817
    0.0000   30.0000   45.000011391.2490   21.6506
    7.5000   30.0000   45.000010860.5439   21.7357
   -7.5000   37.5000   45.000010562.3926   21.6714
    0.0000   37.5000   45.000010927.3828   21.7303
    7.5000   37.5000   45.000010401.5312   21.8160
   -7.5000   45.0000   45.0000 9641.6504   21.2303
    0.0000   45.0000   45.0000 9990.5234   21.2811
    7.5000   45.0000   45.0000 9510.4141   21.3559

---------------------------------------------------------------------
imgreg_4dfp /opt/freesurfer/average/711-2C_as_mni_average_305 /opt/freesurfer/average/711-2B_as_mni_average_305_mask talsrcimg_g11 none talsrcimg_to_711-2C_as_mni_average_305_t4 4355
---------------------------------------------------------------------

freesurfer imgreg_4dfp.c
/opt/freesurfer/average/711-2C_as_mni_average_305.4dfp.img
       256       256       256         1
  1.000000  1.000000  1.000000
orientation T byte_order littleendian
Reading image: /opt/freesurfer/average/711-2C_as_mni_average_305.4dfp.img
dimensions:      256       256       256
mmppix:       1.0000   -1.0000   -1.0000
center:     128.0000 -129.0000 -129.0000
/opt/freesurfer/average/711-2B_as_mni_average_305_mask.4dfp.img
       256       256       256         1
  1.000000  1.000000  1.000000
orientation T byte_order littleendian
Reading mask: /opt/freesurfer/average/711-2B_as_mni_average_305_mask.4dfp.img (2306576 pixels)
talsrcimg_g11.4dfp.img
       256       256       256         1
  1.000000  1.000000  1.000000
orientation T byte_order littleendian
Reading image: talsrcimg_g11.4dfp.img
dimensions:      256       256       256
mmppix:       1.0000   -1.0000   -1.0000
center:     128.0000 -129.0000 -129.0000
rotation matrix determinant  1.000000
image alignment mode   4355 decimal     1103 hex
   -7.5000  -45.0000  -45.0000 1794.9353   30.5194
    0.0000  -45.0000  -45.0000 1795.6716   30.2988
    7.5000  -45.0000  -45.0000 1782.5841   30.6626
   -7.5000  -37.5000  -45.0000 1895.5763   27.1871
    0.0000  -37.5000  -45.0000 1898.8340   26.9347
    7.5000  -37.5000  -45.0000 1885.2161   27.3129
   -7.5000  -30.0000  -45.0000 1999.4758   24.6971
    0.0000  -30.0000  -45.0000 2002.4371   24.5278
    7.5000  -30.0000  -45.0000 1987.5663   24.8875
   -7.5000  -22.5000  -45.0000 2066.4016   22.9571
    0.0000  -22.5000  -45.0000 2070.2065   22.8101
    7.5000  -22.5000  -45.0000 2052.2559   23.1570
   -7.5000  -15.0000  -45.0000 2120.2913   21.6989
    0.0000  -15.0000  -45.0000 2122.2605   21.5997
    7.5000  -15.0000  -45.0000 2097.9609   21.8869
   -7.5000   -7.5000  -45.0000 2159.8069   20.7712
    0.0000   -7.5000  -45.0000 2159.0728   20.7121
    7.5000   -7.5000  -45.0000 2128.9373   21.0282
   -7.5000    0.0000  -45.0000 2169.7200   20.1585
    0.0000    0.0000  -45.0000 2165.7766   20.0940
    7.5000    0.0000  -45.0000 2145.1833   20.4659
   -7.5000    7.5000  -45.0000 2166.8179   19.9751
    0.0000    7.5000  -45.0000 2163.7966   19.9083
    7.5000    7.5000  -45.0000 2142.1262   20.3479
   -7.5000   15.0000  -45.0000 2158.5032   20.1678
    0.0000   15.0000  -45.0000 2151.5293   20.0983
    7.5000   15.0000  -45.0000 2124.4583   20.5512
   -7.5000   22.5000  -45.0000 2129.2363   20.8097
    0.0000   22.5000  -45.0000 2127.7458   20.6896
    7.5000   22.5000  -45.0000 2098.2534   21.1806
   -7.5000   30.0000  -45.0000 2082.5857   21.7873
    0.0000   30.0000  -45.0000 2084.5405   21.6849
    7.5000   30.0000  -45.0000 2058.8862   22.1958
   -7.5000   37.5000  -45.0000 2021.6512   23.1000
    0.0000   37.5000  -45.0000 2020.7085   23.0399
    7.5000   37.5000  -45.0000 1992.7139   23.6132
   -7.5000   45.0000  -45.0000 1942.1803   24.9474
    0.0000   45.0000  -45.0000 1943.4944   24.9411
    7.5000   45.0000  -45.0000 1912.1990   25.5741
   -7.5000  -45.0000  -37.5000 1881.4177   27.9320
    0.0000  -45.0000  -37.5000 1882.2144   27.6577
    7.5000  -45.0000  -37.5000 1866.9567   28.0793
   -7.5000  -37.5000  -37.5000 1988.5620   24.9310
    0.0000  -37.5000  -37.5000 1987.9912   24.7062
    7.5000  -37.5000  -37.5000 1969.1022   25.0668
   -7.5000  -30.0000  -37.5000 2097.9185   22.7343
    0.0000  -30.0000  -37.5000 2098.5903   22.5404
    7.5000  -30.0000  -37.5000 2071.7803   22.8356
   -7.5000  -22.5000  -37.5000 2176.6919   21.1696
    0.0000  -22.5000  -37.5000 2181.1917   21.0221
    7.5000  -22.5000  -37.5000 2156.7354   21.2676
   -7.5000  -15.0000  -37.5000 2229.7957   20.0039
    0.0000  -15.0000  -37.5000 2234.5803   19.8694
    7.5000  -15.0000  -37.5000 2213.6111   20.1129
   -7.5000   -7.5000  -37.5000 2262.7927   19.1735
    0.0000   -7.5000  -37.5000 2262.1638   19.0201
    7.5000   -7.5000  -37.5000 2242.5518   19.2591
   -7.5000    0.0000  -37.5000 2272.3711   18.6324
    0.0000    0.0000  -37.5000 2274.8352   18.5326
    7.5000    0.0000  -37.5000 2256.2188   18.7830
   -7.5000    7.5000  -37.5000 2274.1069   18.4994
    0.0000    7.5000  -37.5000 2274.2927   18.3727
    7.5000    7.5000  -37.5000 2250.6543   18.6925
   -7.5000   15.0000  -37.5000 2262.8252   18.5621
    0.0000   15.0000  -37.5000 2263.3711   18.4868
    7.5000   15.0000  -37.5000 2235.3323   18.8294
   -7.5000   22.5000  -37.5000 2238.1562   19.0635
    0.0000   22.5000  -37.5000 2236.9031   18.9400
    7.5000   22.5000  -37.5000 2206.0391   19.3628
   -7.5000   30.0000  -37.5000 2190.0710   19.9226
    0.0000   30.0000  -37.5000 2190.8818   19.7951
    7.5000   30.0000  -37.5000 2160.7461   20.2059
   -7.5000   37.5000  -37.5000 2125.9487   21.1998
    0.0000   37.5000  -37.5000 2127.2883   21.0986
    7.5000   37.5000  -37.5000 2093.0674   21.5374
   -7.5000   45.0000  -37.5000 2042.7108   22.8988
    0.0000   45.0000  -37.5000 2042.0265   22.8456
    7.5000   45.0000  -37.5000 2008.8822   23.3711
   -7.5000  -45.0000  -30.0000 1994.7543   26.8163
    0.0000  -45.0000  -30.0000 1998.2340   26.6480
    7.5000  -45.0000  -30.0000 1974.1453   26.9608
   -7.5000  -37.5000  -30.0000 2111.2703   23.9427
    0.0000  -37.5000  -30.0000 2116.0981   23.7491
    7.5000  -37.5000  -30.0000 2087.2197   23.9771
   -7.5000  -30.0000  -30.0000 2234.8958   21.7383
    0.0000  -30.0000  -30.0000 2241.7588   21.5806
    7.5000  -30.0000  -30.0000 2209.7324   21.7881
   -7.5000  -22.5000  -30.0000 2325.4973   20.1667
    0.0000  -22.5000  -30.0000 2326.9336   20.0519
    7.5000  -22.5000  -30.0000 2297.1433   20.2687
   -7.5000  -15.0000  -30.0000 2385.0969   19.0631
    0.0000  -15.0000  -30.0000 2387.1145   18.9445
    7.5000  -15.0000  -30.0000 2353.3381   19.1465
   -7.5000   -7.5000  -30.0000 2409.5173   18.2957
    0.0000   -7.5000  -30.0000 2416.1460   18.1720
    7.5000   -7.5000  -30.0000 2378.7993   18.3660
   -7.5000    0.0000  -30.0000 2423.6248   17.7738
    0.0000    0.0000  -30.0000 2428.4700   17.6792
    7.5000    0.0000  -30.0000 2391.0576   17.8661
   -7.5000    7.5000  -30.0000 2424.5676   17.5861
    0.0000    7.5000  -30.0000 2429.8088   17.4876
    7.5000    7.5000  -30.0000 2397.3416   17.7207
   -7.5000   15.0000  -30.0000 2415.0093   17.6472
    0.0000   15.0000  -30.0000 2415.9897   17.5785
    7.5000   15.0000  -30.0000 2384.6553   17.8451
   -7.5000   22.5000  -30.0000 2393.9673   18.1418
    0.0000   22.5000  -30.0000 2394.5322   18.0223
    7.5000   22.5000  -30.0000 2356.3948   18.3648
   -7.5000   30.0000  -30.0000 2344.7866   18.9348
    0.0000   30.0000  -30.0000 2345.7686   18.8370
    7.5000   30.0000  -30.0000 2307.5137   19.2517
   -7.5000   37.5000  -30.0000 2271.5479   20.1851
    0.0000   37.5000  -30.0000 2271.7141   20.0734
    7.5000   37.5000  -30.0000 2235.1638   20.5524
   -7.5000   45.0000  -30.0000 2181.1062   21.8421
    0.0000   45.0000  -30.0000 2177.9324   21.7438
    7.5000   45.0000  -30.0000 2141.1631   22.2388
   -7.5000  -45.0000  -22.5000 2083.5244   25.4892
    0.0000  -45.0000  -22.5000 2093.1223   25.3487
    7.5000  -45.0000  -22.5000 2065.4363   25.6067
   -7.5000  -37.5000  -22.5000 2210.4856   22.7461
    0.0000  -37.5000  -22.5000 2217.0984   22.6113
    7.5000  -37.5000  -22.5000 2187.4900   22.7916
   -7.5000  -30.0000  -22.5000 2340.2017   20.6049
    0.0000  -30.0000  -22.5000 2349.0996   20.5064
    7.5000  -30.0000  -22.5000 2314.2178   20.6513
   -7.5000  -22.5000  -22.5000 2439.2603   18.9871
    0.0000  -22.5000  -22.5000 2441.4263   18.8869
    7.5000  -22.5000  -22.5000 2405.5867   19.0709
   -7.5000  -15.0000  -22.5000 2502.2678   17.8605
    0.0000  -15.0000  -22.5000 2504.9790   17.7518
    7.5000  -15.0000  -22.5000 2462.6157   17.9559
   -7.5000   -7.5000  -22.5000 2533.7791   17.1667
    0.0000   -7.5000  -22.5000 2538.7585   17.0813
    7.5000   -7.5000  -22.5000 2499.6450   17.2637
   -7.5000    0.0000  -22.5000 2554.6113   16.7143
    0.0000    0.0000  -22.5000 2559.6467   16.6678
    7.5000    0.0000  -22.5000 2519.8979   16.8332
   -7.5000    7.5000  -22.5000 2564.2942   16.5612
    0.0000    7.5000  -22.5000 2567.5037   16.4889
    7.5000    7.5000  -22.5000 2529.8689   16.6948
   -7.5000   15.0000  -22.5000 2557.8206   16.6452
    0.0000   15.0000  -22.5000 2561.4441   16.5738
    7.5000   15.0000  -22.5000 2522.0784   16.8228
   -7.5000   22.5000  -22.5000 2534.8552   17.0946
    0.0000   22.5000  -22.5000 2536.9053   16.9968
    7.5000   22.5000  -22.5000 2491.3684   17.3159
   -7.5000   30.0000  -22.5000 2478.2544   17.8969
    0.0000   30.0000  -22.5000 2481.6411   17.7960
    7.5000   30.0000  -22.5000 2432.7197   18.1676
   -7.5000   37.5000  -22.5000 2395.2561   19.0882
    0.0000   37.5000  -22.5000 2395.5886   19.0046
    7.5000   37.5000  -22.5000 2346.8281   19.4166
   -7.5000   45.0000  -22.5000 2296.3323   20.6410
    0.0000   45.0000  -22.5000 2295.0767   20.5985
    7.5000   45.0000  -22.5000 2250.1936   21.0317
   -7.5000  -45.0000  -15.0000 2141.5466   24.1070
    0.0000  -45.0000  -15.0000 2149.7737   23.9933
    7.5000  -45.0000  -15.0000 2124.6030   24.2891
   -7.5000  -37.5000  -15.0000 2279.8052   21.4553
    0.0000  -37.5000  -15.0000 2285.4539   21.3729
    7.5000  -37.5000  -15.0000 2254.2283   21.5821
   -7.5000  -30.0000  -15.0000 2417.6934   19.3821
    0.0000  -30.0000  -15.0000 2423.9907   19.3172
    7.5000  -30.0000  -15.0000 2382.2280   19.4848
   -7.5000  -22.5000  -15.0000 2518.9775   17.8312
    0.0000  -22.5000  -15.0000 2525.5330   17.7699
    7.5000  -22.5000  -15.0000 2482.3401   17.9415
   -7.5000  -15.0000  -15.0000 2586.1404   16.7375
    0.0000  -15.0000  -15.0000 2592.7612   16.6891
    7.5000  -15.0000  -15.0000 2551.9766   16.8623
   -7.5000   -7.5000  -15.0000 2629.8501   16.0215
    0.0000   -7.5000  -15.0000 2634.0793   15.9639
    7.5000   -7.5000  -15.0000 2596.8916   16.1504
   -7.5000    0.0000  -15.0000 2660.3127   15.5905
    0.0000    0.0000  -15.0000 2664.2161   15.5658
    7.5000    0.0000  -15.0000 2622.2881   15.7633
   -7.5000    7.5000  -15.0000 2680.4163   15.4746
    0.0000    7.5000  -15.0000 2679.9668   15.4255
    7.5000    7.5000  -15.0000 2637.4111   15.6458
   -7.5000   15.0000  -15.0000 2673.6655   15.6150
    0.0000   15.0000  -15.0000 2676.3284   15.5588
    7.5000   15.0000  -15.0000 2630.3320   15.7636
   -7.5000   22.5000  -15.0000 2647.2659   16.0842
    0.0000   22.5000  -15.0000 2652.8132   16.0242
    7.5000   22.5000  -15.0000 2599.1096   16.2690
   -7.5000   30.0000  -15.0000 2586.4709   16.8467
    0.0000   30.0000  -15.0000 2591.1228   16.8016
    7.5000   30.0000  -15.0000 2535.1499   17.1084
   -7.5000   37.5000  -15.0000 2493.7622   17.9536
    0.0000   37.5000  -15.0000 2496.8638   17.9271
    7.5000   37.5000  -15.0000 2442.6040   18.2859
   -7.5000   45.0000  -15.0000 2385.5386   19.4483
    0.0000   45.0000  -15.0000 2387.6125   19.4148
    7.5000   45.0000  -15.0000 2337.7976   19.8143
   -7.5000  -45.0000   -7.5000 2203.1326   22.8799
    0.0000  -45.0000   -7.5000 2204.5330   22.7078
    7.5000  -45.0000   -7.5000 2177.1133   22.9880
   -7.5000  -37.5000   -7.5000 2345.3203   20.3267
    0.0000  -37.5000   -7.5000 2345.4775   20.1817
    7.5000  -37.5000   -7.5000 2309.3704   20.4042
   -7.5000  -30.0000   -7.5000 2473.5828   18.2837
    0.0000  -30.0000   -7.5000 2476.6033   18.2232
    7.5000  -30.0000   -7.5000 2441.9221   18.4414
   -7.5000  -22.5000   -7.5000 2578.9160   16.7960
    0.0000  -22.5000   -7.5000 2585.7983   16.7403
    7.5000  -22.5000   -7.5000 2547.8762   16.9567
   -7.5000  -15.0000   -7.5000 2656.2349   15.7231
    0.0000  -15.0000   -7.5000 2667.4321   15.6674
    7.5000  -15.0000   -7.5000 2624.1821   15.9109
   -7.5000   -7.5000   -7.5000 2715.5769   15.0175
    0.0000   -7.5000   -7.5000 2719.8540   14.9382
    7.5000   -7.5000   -7.5000 2680.2732   15.1674
   -7.5000    0.0000   -7.5000 2751.3015   14.5528
    0.0000    0.0000   -7.5000 2760.0901   14.4934
    7.5000    0.0000   -7.5000 2713.0261   14.7356
   -7.5000    7.5000   -7.5000 2778.3438   14.4319
    0.0000    7.5000   -7.5000 2781.5706   14.3978
    7.5000    7.5000   -7.5000 2732.9924   14.6394
   -7.5000   15.0000   -7.5000 2774.0603   14.6326
    0.0000   15.0000   -7.5000 2781.5449   14.5851
    7.5000   15.0000   -7.5000 2728.9802   14.7995
   -7.5000   22.5000   -7.5000 2744.6428   15.0973
    0.0000   22.5000   -7.5000 2752.7046   15.0763
    7.5000   22.5000   -7.5000 2691.4375   15.3068
   -7.5000   30.0000   -7.5000 2675.6340   15.8344
    0.0000   30.0000   -7.5000 2681.9937   15.8300
    7.5000   30.0000   -7.5000 2619.8298   16.1365
   -7.5000   37.5000   -7.5000 2579.4106   16.8919
    0.0000   37.5000   -7.5000 2580.8323   16.8794
    7.5000   37.5000   -7.5000 2529.7163   17.2324
   -7.5000   45.0000   -7.5000 2455.9321   18.3235
    0.0000   45.0000   -7.5000 2457.3179   18.2996
    7.5000   45.0000   -7.5000 2410.3079   18.7079
   -7.5000  -45.0000    0.0000 2254.4905   22.0123
    0.0000  -45.0000    0.0000 2249.8169   21.7442
    7.5000  -45.0000    0.0000 2232.0266   22.1633
   -7.5000  -37.5000    0.0000 2385.3816   19.4355
    0.0000  -37.5000    0.0000 2385.2869   19.2423
    7.5000  -37.5000    0.0000 2359.2798   19.5762
   -7.5000  -30.0000    0.0000 2510.2261   17.4748
    0.0000  -30.0000    0.0000 2516.7891   17.3392
    7.5000  -30.0000    0.0000 2490.2717   17.6438
   -7.5000  -22.5000    0.0000 2623.9094   16.0035
    0.0000  -22.5000    0.0000 2632.2385   15.9071
    7.5000  -22.5000    0.0000 2597.6663   16.2067
   -7.5000  -15.0000    0.0000 2715.2864   14.9600
    0.0000  -15.0000    0.0000 2722.8594   14.8758
    7.5000  -15.0000    0.0000 2682.3350   15.1961
   -7.5000   -7.5000    0.0000 2786.3181   14.2373
    0.0000   -7.5000    0.0000 2791.5576   14.1432
    7.5000   -7.5000    0.0000 2743.2109   14.4407
   -7.5000    0.0000    0.0000 2831.5398   13.7305
    0.0000    0.0000    0.0000 2842.2075   13.6376
    7.5000    0.0000    0.0000 2784.2273   13.9412
   -7.5000    7.5000    0.0000 2867.5940   13.5804
    0.0000    7.5000    0.0000 2874.0798   13.5287
    7.5000    7.5000    0.0000 2811.6226   13.8460
   -7.5000   15.0000    0.0000 2862.6169   13.8351
    0.0000   15.0000    0.0000 2873.6125   13.7747
    7.5000   15.0000    0.0000 2810.0020   14.0603
   -7.5000   22.5000    0.0000 2826.0867   14.2837
    0.0000   22.5000    0.0000 2833.2158   14.2414
    7.5000   22.5000    0.0000 2770.5173   14.5203
   -7.5000   30.0000    0.0000 2747.1152   15.0089
    0.0000   30.0000    0.0000 2752.8735   14.9737
    7.5000   30.0000    0.0000 2695.1301   15.2839
   -7.5000   37.5000    0.0000 2639.2688   16.0912
    0.0000   37.5000    0.0000 2642.2346   16.0593
    7.5000   37.5000    0.0000 2593.3843   16.4008
   -7.5000   45.0000    0.0000 2505.6016   17.5752
    0.0000   45.0000    0.0000 2509.7700   17.5497
    7.5000   45.0000    0.0000 2460.3120   17.9396
   -7.5000  -45.0000    7.5000 2283.3376   21.4533
    0.0000  -45.0000    7.5000 2283.8706   21.1699
    7.5000  -45.0000    7.5000 2264.4734   21.6675
   -7.5000  -37.5000    7.5000 2412.9492   18.9247
    0.0000  -37.5000    7.5000 2416.2493   18.7058
    7.5000  -37.5000    7.5000 2390.9871   19.1706
   -7.5000  -30.0000    7.5000 2547.7261   16.9686
    0.0000  -30.0000    7.5000 2554.8525   16.7952
    7.5000  -30.0000    7.5000 2524.5864   17.2431
   -7.5000  -22.5000    7.5000 2659.6062   15.5131
    0.0000  -22.5000    7.5000 2666.9373   15.3531
    7.5000  -22.5000    7.5000 2633.9717   15.7797
   -7.5000  -15.0000    7.5000 2750.8225   14.4631
    0.0000  -15.0000    7.5000 2755.0762   14.3218
    7.5000  -15.0000    7.5000 2718.6353   14.7312
   -7.5000   -7.5000    7.5000 2835.4155   13.7273
    0.0000   -7.5000    7.5000 2842.7837   13.6104
    7.5000   -7.5000    7.5000 2791.2788   13.9710
   -7.5000    0.0000    7.5000 2898.8401   13.1774
    0.0000    0.0000    7.5000 2908.8440   13.0743
    7.5000    0.0000    7.5000 2838.0178   13.4385
   -7.5000    7.5000    7.5000 2950.5115   12.9345
    0.0000    7.5000    7.5000 2955.9417   12.8610
    7.5000    7.5000    7.5000 2876.6794   13.3007
   -7.5000   15.0000    7.5000 2942.3047   13.2007
    0.0000   15.0000    7.5000 2954.1660   13.1238
    7.5000   15.0000    7.5000 2875.7922   13.5075
   -7.5000   22.5000    7.5000 2889.3550   13.7052
    0.0000   22.5000    7.5000 2894.5356   13.6292
    7.5000   22.5000    7.5000 2830.9817   14.0088
   -7.5000   30.0000    7.5000 2799.0449   14.4732
    0.0000   30.0000    7.5000 2806.8242   14.4364
    7.5000   30.0000    7.5000 2747.2434   14.8143
   -7.5000   37.5000    7.5000 2684.9087   15.6158
    0.0000   37.5000    7.5000 2691.7900   15.5951
    7.5000   37.5000    7.5000 2637.0447   15.9498
   -7.5000   45.0000    7.5000 2545.3228   17.0889
    0.0000   45.0000    7.5000 2546.9382   17.1000
    7.5000   45.0000    7.5000 2498.6282   17.4915
   -7.5000  -45.0000   15.0000 2303.4321   21.1807
    0.0000  -45.0000   15.0000 2314.5032   20.9164
    7.5000  -45.0000   15.0000 2288.0952   21.5096
   -7.5000  -37.5000   15.0000 2425.9597   18.6830
    0.0000  -37.5000   15.0000 2435.6033   18.4115
    7.5000  -37.5000   15.0000 2411.6294   18.9780
   -7.5000  -30.0000   15.0000 2556.5613   16.7461
    0.0000  -30.0000   15.0000 2566.2004   16.4919
    7.5000  -30.0000   15.0000 2540.7625   17.0199
   -7.5000  -22.5000   15.0000 2670.1641   15.3193
    0.0000  -22.5000   15.0000 2677.3962   15.0763
    7.5000  -22.5000   15.0000 2641.5786   15.5840
   -7.5000  -15.0000   15.0000 2763.9434   14.2543
    0.0000  -15.0000   15.0000 2769.4917   14.0281
    7.5000  -15.0000   15.0000 2732.5493   14.5253
   -7.5000   -7.5000   15.0000 2856.8892   13.5320
    0.0000   -7.5000   15.0000 2864.8237   13.3202
    7.5000   -7.5000   15.0000 2810.8269   13.7720
   -7.5000    0.0000   15.0000 2937.8123   12.9856
    0.0000    0.0000   15.0000 2944.4348   12.7956
    7.5000    0.0000   15.0000 2872.8123   13.2539
   -7.5000    7.5000   15.0000 2988.5308   12.5823
    0.0000    7.5000   15.0000 2998.9690   12.4890
    7.5000    7.5000   15.0000 2912.7908   13.0852
   -7.5000   15.0000   15.0000 2986.3821   12.8036
    0.0000   15.0000   15.0000 2992.4731   12.6933
    7.5000   15.0000   15.0000 2908.9915   13.3061
   -7.5000   22.5000   15.0000 2920.5784   13.4630
    0.0000   22.5000   15.0000 2927.1621   13.3730
    7.5000   22.5000   15.0000 2862.2129   13.8235
   -7.5000   30.0000   15.0000 2825.2834   14.3062
    0.0000   30.0000   15.0000 2832.4768   14.2356
    7.5000   30.0000   15.0000 2774.8735   14.6123
   -7.5000   37.5000   15.0000 2701.1448   15.4639
    0.0000   37.5000   15.0000 2708.4614   15.4029
    7.5000   37.5000   15.0000 2652.8433   15.7166
   -7.5000   45.0000   15.0000 2560.3132   16.9468
    0.0000   45.0000   15.0000 2565.7830   16.8919
    7.5000   45.0000   15.0000 2513.7039   17.2301
   -7.5000  -45.0000   22.5000 2307.2620   21.2451
    0.0000  -45.0000   22.5000 2320.3083   20.9303
    7.5000  -45.0000   22.5000 2295.5530   21.4971
   -7.5000  -37.5000   22.5000 2427.3984   18.7658
    0.0000  -37.5000   22.5000 2443.0134   18.4775
    7.5000  -37.5000   22.5000 2415.1680   19.0262
   -7.5000  -30.0000   22.5000 2552.1821   16.7899
    0.0000  -30.0000   22.5000 2570.0349   16.5417
    7.5000  -30.0000   22.5000 2536.9221   17.0797
   -7.5000  -22.5000   22.5000 2663.6755   15.2798
    0.0000  -22.5000   22.5000 2677.8589   15.0308
    7.5000  -22.5000   22.5000 2641.9849   15.5957
   -7.5000  -15.0000   22.5000 2763.9561   14.2097
    0.0000  -15.0000   22.5000 2776.3325   13.9680
    7.5000  -15.0000   22.5000 2737.7051   14.5253
   -7.5000   -7.5000   22.5000 2850.8259   13.4949
    0.0000   -7.5000   22.5000 2870.2217   13.2634
    7.5000   -7.5000   22.5000 2822.5085   13.7932
   -7.5000    0.0000   22.5000 2917.4216   13.0147
    0.0000    0.0000   22.5000 2934.0725   12.8199
    7.5000    0.0000   22.5000 2877.2112   13.3718
   -7.5000    7.5000   22.5000 2983.3015   12.8480
    0.0000    7.5000   22.5000 2989.1340   12.6352
    7.5000    7.5000   22.5000 2920.5874   13.2202
   -7.5000   15.0000   22.5000 2989.1257   13.0869
    0.0000   15.0000   22.5000 2995.4365   12.9032
    7.5000   15.0000   22.5000 2911.0071   13.3661
   -7.5000   22.5000   22.5000 2921.4404   13.5778
    0.0000   22.5000   22.5000 2926.2378   13.4461
    7.5000   22.5000   22.5000 2863.6277   13.8280
   -7.5000   30.0000   22.5000 2819.5500   14.3724
    0.0000   30.0000   22.5000 2827.1812   14.2502
    7.5000   30.0000   22.5000 2772.1860   14.6105
   -7.5000   37.5000   22.5000 2693.9695   15.5229
    0.0000   37.5000   22.5000 2700.2034   15.4411
    7.5000   37.5000   22.5000 2649.2725   15.7479
   -7.5000   45.0000   22.5000 2559.2891   17.0000
    0.0000   45.0000   22.5000 2558.6648   16.9401
    7.5000   45.0000   22.5000 2511.9260   17.2412
   -7.5000  -45.0000   30.0000 2290.2991   21.5823
    0.0000  -45.0000   30.0000 2310.2178   21.3334
    7.5000  -45.0000   30.0000 2280.0525   21.8462
   -7.5000  -37.5000   30.0000 2408.8315   18.9971
    0.0000  -37.5000   30.0000 2431.5344   18.7684
    7.5000  -37.5000   30.0000 2400.7065   19.2777
   -7.5000  -30.0000   30.0000 2532.3611   16.9926
    0.0000  -30.0000   30.0000 2549.6763   16.7088
    7.5000  -30.0000   30.0000 2519.7256   17.2654
   -7.5000  -22.5000   30.0000 2642.3462   15.4954
    0.0000  -22.5000   30.0000 2658.2358   15.1939
    7.5000  -22.5000   30.0000 2632.1104   15.8030
   -7.5000  -15.0000   30.0000 2743.5903   14.5047
    0.0000  -15.0000   30.0000 2759.2681   14.2081
    7.5000  -15.0000   30.0000 2724.5718   14.7560
   -7.5000   -7.5000   30.0000 2828.4363   13.8656
    0.0000   -7.5000   30.0000 2841.0056   13.6120
    7.5000   -7.5000   30.0000 2796.6069   14.1030
   -7.5000    0.0000   30.0000 2895.3525   13.4663
    0.0000    0.0000   30.0000 2899.9753   13.2143
    7.5000    0.0000   30.0000 2853.4998   13.7151
   -7.5000    7.5000   30.0000 2945.4607   13.3805
    0.0000    7.5000   30.0000 2951.3218   13.1777
    7.5000    7.5000   30.0000 2890.6082   13.5827
   -7.5000   15.0000   30.0000 2938.4724   13.6320
    0.0000   15.0000   30.0000 2945.2625   13.4541
    7.5000   15.0000   30.0000 2880.2478   13.7934
   -7.5000   22.5000   30.0000 2870.8052   14.0913
    0.0000   22.5000   30.0000 2878.2981   13.9223
    7.5000   22.5000   30.0000 2823.5813   14.2473
   -7.5000   30.0000   30.0000 2774.7161   14.8176
    0.0000   30.0000   30.0000 2781.0825   14.6818
    7.5000   30.0000   30.0000 2734.7451   14.9957
   -7.5000   37.5000   30.0000 2653.8320   15.8671
    0.0000   37.5000   30.0000 2660.6458   15.7498
    7.5000   37.5000   30.0000 2619.0667   16.0920
   -7.5000   45.0000   30.0000 2524.9326   17.2764
    0.0000   45.0000   30.0000 2529.9714   17.1743
    7.5000   45.0000   30.0000 2488.6138   17.5171
   -7.5000  -45.0000   37.5000 2252.6406   22.0558
    0.0000  -45.0000   37.5000 2275.4707   21.8371
    7.5000  -45.0000   37.5000 2251.1323   22.3315
   -7.5000  -37.5000   37.5000 2376.2393   19.4918
    0.0000  -37.5000   37.5000 2396.1133   19.3001
    7.5000  -37.5000   37.5000 2371.4585   19.7581
   -7.5000  -30.0000   37.5000 2505.5244   17.5480
    0.0000  -30.0000   37.5000 2521.9431   17.3414
    7.5000  -30.0000   37.5000 2486.6030   17.7814
   -7.5000  -22.5000   37.5000 2621.9216   16.1143
    0.0000  -22.5000   37.5000 2645.3533   15.8910
    7.5000  -22.5000   37.5000 2600.4988   16.3261
   -7.5000  -15.0000   37.5000 2721.8501   15.1248
    0.0000  -15.0000   37.5000 2742.2852   14.8902
    7.5000  -15.0000   37.5000 2687.8367   15.3082
   -7.5000   -7.5000   37.5000 2798.9873   14.4428
    0.0000   -7.5000   37.5000 2812.5488   14.1886
    7.5000   -7.5000   37.5000 2759.3889   14.6060
   -7.5000    0.0000   37.5000 2855.7827   14.0164
    0.0000    0.0000   37.5000 2866.3579   13.8176
    7.5000    0.0000   37.5000 2809.0688   14.1917
   -7.5000    7.5000   37.5000 2884.3230   14.0220
    0.0000    7.5000   37.5000 2895.4014   13.8652
    7.5000    7.5000   37.5000 2836.7891   14.1646
   -7.5000   15.0000   37.5000 2860.9363   14.2887
    0.0000   15.0000   37.5000 2874.1948   14.1390
    7.5000   15.0000   37.5000 2819.2983   14.4573
   -7.5000   22.5000   37.5000 2797.5198   14.7805
    0.0000   22.5000   37.5000 2810.2830   14.6245
    7.5000   22.5000   37.5000 2758.2393   14.9468
   -7.5000   30.0000   37.5000 2710.1846   15.5039
    0.0000   30.0000   37.5000 2716.4724   15.3616
    7.5000   30.0000   37.5000 2672.1765   15.6525
   -7.5000   37.5000   37.5000 2600.4429   16.5269
    0.0000   37.5000   37.5000 2608.9175   16.4358
    7.5000   37.5000   37.5000 2565.3052   16.6883
   -7.5000   45.0000   37.5000 2474.6545   17.8824
    0.0000   45.0000   37.5000 2481.3020   17.7875
    7.5000   45.0000   37.5000 2440.9021   18.0688
   -7.5000  -45.0000   45.0000 2212.5249   23.0373
    0.0000  -45.0000   45.0000 2230.7463   22.8654
    7.5000  -45.0000   45.0000 2204.5657   23.2596
   -7.5000  -37.5000   45.0000 2337.5066   20.4008
    0.0000  -37.5000   45.0000 2358.4709   20.3059
    7.5000  -37.5000   45.0000 2323.4500   20.6348
   -7.5000  -30.0000   45.0000 2464.3489   18.4718
    0.0000  -30.0000   45.0000 2488.1772   18.3672
    7.5000  -30.0000   45.0000 2440.6294   18.6688
   -7.5000  -22.5000   45.0000 2572.3201   16.9308
    0.0000  -22.5000   45.0000 2599.7307   16.7893
    7.5000  -22.5000   45.0000 2551.1589   17.1511
   -7.5000  -15.0000   45.0000 2668.4041   15.8338
    0.0000  -15.0000   45.0000 2693.1245   15.6410
    7.5000  -15.0000   45.0000 2639.7610   16.0469
   -7.5000   -7.5000   45.0000 2743.7520   15.1261
    0.0000   -7.5000   45.0000 2763.2563   14.9106
    7.5000   -7.5000   45.0000 2707.3894   15.2987
   -7.5000    0.0000   45.0000 2794.0259   14.7624
    0.0000    0.0000   45.0000 2806.6838   14.5820
    7.5000    0.0000   45.0000 2751.8928   14.9049
   -7.5000    7.5000   45.0000 2805.8096   14.8355
    0.0000    7.5000   45.0000 2819.8445   14.6673
    7.5000    7.5000   45.0000 2770.9631   14.9553
   -7.5000   15.0000   45.0000 2778.3179   15.1260
    0.0000   15.0000   45.0000 2789.7083   14.9648
    7.5000   15.0000   45.0000 2740.8230   15.2845
   -7.5000   22.5000   45.0000 2711.3440   15.6366
    0.0000   22.5000   45.0000 2719.8914   15.5074
    7.5000   22.5000   45.0000 2677.8242   15.8493
   -7.5000   30.0000   45.0000 2623.4858   16.3833
    0.0000   30.0000   45.0000 2631.8149   16.2513
    7.5000   30.0000   45.0000 2592.3157   16.5830
   -7.5000   37.5000   45.0000 2523.3171   17.3772
    0.0000   37.5000   45.0000 2529.2886   17.2817
    7.5000   37.5000   45.0000 2489.3220   17.5918
   -7.5000   45.0000   45.0000 2400.1133   18.7506
    0.0000   45.0000   45.0000 2407.6899   18.6766
    7.5000   45.0000   45.0000 2373.1826   18.9478

---------------------------------------------------------------------
imgreg_4dfp /opt/freesurfer/average/711-2C_as_mni_average_305 /opt/freesurfer/average/711-2B_as_mni_average_305_mask talsrcimg_g11 none talsrcimg_to_711-2C_as_mni_average_305_t4 1283
---------------------------------------------------------------------

freesurfer imgreg_4dfp.c
/opt/freesurfer/average/711-2C_as_mni_average_305.4dfp.img
       256       256       256         1
  1.000000  1.000000  1.000000
orientation T byte_order littleendian
Reading image: /opt/freesurfer/average/711-2C_as_mni_average_305.4dfp.img
dimensions:      256       256       256
mmppix:       1.0000   -1.0000   -1.0000
center:     128.0000 -129.0000 -129.0000
/opt/freesurfer/average/711-2B_as_mni_average_305_mask.4dfp.img
       256       256       256         1
  1.000000  1.000000  1.000000
orientation T byte_order littleendian
Reading mask: /opt/freesurfer/average/711-2B_as_mni_average_305_mask.4dfp.img (2306576 pixels)
talsrcimg_g11.4dfp.img
       256       256       256         1
  1.000000  1.000000  1.000000
orientation T byte_order littleendian
Reading image: talsrcimg_g11.4dfp.img
dimensions:      256       256       256
mmppix:       1.0000   -1.0000   -1.0000
center:     128.0000 -129.0000 -129.0000
rotation matrix determinant  1.000000
fimgreg.f
image alignment mode   1283 decimal      503 hex
parameters
    0.0000    7.5000   15.0000    0.0000    0.0000    0.0000
eta,q 0.94034 12.48040
niter,ni,del,rscale     5    3   12.0000    1.2000
parameter  1  0.559781 ->  0.500000 qaram    1.1500
parameter  2 -0.518992 -> -0.500000 qaram    1.1500
parameter  4  0.736023 ->  0.500000 qaram    1.1500
parameters
   -3.4500   10.9500   17.4453   -3.4500    0.1655    0.2911
eta,q 0.94228 12.38400
  0.0632  0.0682  0.0632  0.0579  0.0616  0.0618
  0.0590  0.0633  0.0625  0.0575  0.0595  0.0591
  0.0592  0.0595  0.0596  0.0581  0.0582  0.0577
  0.0631  0.0581  0.0569  0.0587  0.0576  0.0576
  0.0679  0.0570  0.0589  0.0599  0.0576  0.0580
  0.0722  0.0567  0.0594  0.0616  0.0585  0.0588
  0.0773  0.0574  0.0585  0.0635  0.0617  0.0608
niter,ni,del,rscale     7    3   12.0000    1.2000
parameters
   -2.6610   11.4672   19.7226   -1.4417   -1.5666    0.0527
eta,q 0.94195 12.42078
  0.0696  0.0675  0.0617  0.0663  0.0598  0.0623
  0.0636  0.0630  0.0581  0.0632  0.0581  0.0598
  0.0595  0.0590  0.0565  0.0603  0.0580  0.0584
  0.0577  0.0578  0.0578  0.0588  0.0589  0.0580
  0.0584  0.0588  0.0588  0.0589  0.0593  0.0586
  0.0606  0.0619  0.0580  0.0597  0.0604  0.0605
  0.0651  0.0645  0.0569  0.0608  0.0635  0.0629
niter,ni,del,rscale     6    3   12.0000    1.2000
parameters
   -3.1609   11.6770   17.5217   -2.2859   -0.2746    0.1570
eta,q 0.94191 12.37199
  0.0662  0.0681  0.0574  0.0608  0.0627  0.0619
  0.0605  0.0626  0.0573  0.0589  0.0606  0.0593
  0.0579  0.0588  0.0582  0.0581  0.0591  0.0581
  0.0581  0.0579  0.0579  0.0581  0.0581  0.0581
  0.0591  0.0588  0.0573  0.0585  0.0581  0.0585
  0.0626  0.0616  0.0570  0.0601  0.0587  0.0596
  0.0687  0.0669  0.0595  0.0628  0.0600  0.0612
niter,ni,del,rscale     5    3   12.0000    1.2000
parameters
   -2.8389   11.1520   20.3456   -1.0886   -1.1845    0.0604
eta,q 0.94216 12.46667
  0.0676  0.0647  0.0615  0.0654  0.0606  0.0627
  0.0629  0.0610  0.0578  0.0619  0.0586  0.0600
  0.0591  0.0589  0.0565  0.0593  0.0577  0.0583
  0.0581  0.0582  0.0583  0.0582  0.0583  0.0578
  0.0590  0.0594  0.0586  0.0586  0.0590  0.0584
  0.0613  0.0629  0.0575  0.0598  0.0598  0.0603
  0.0662  0.0669  0.0568  0.0615  0.0627  0.0629
niter,ni,del,rscale     4    3   12.0000    1.2000
parameters
   -3.2327   11.6846   17.4064   -2.5361   -0.1005    0.2267
eta,q 0.94207 12.37416
  0.0668  0.0699  0.0569  0.0602  0.0625  0.0619
  0.0608  0.0637  0.0575  0.0584  0.0604  0.0592
  0.0576  0.0591  0.0584  0.0580  0.0588  0.0580
  0.0578  0.0578  0.0579  0.0581  0.0580  0.0579
  0.0590  0.0587  0.0573  0.0588  0.0580  0.0583
  0.0626  0.0613  0.0573  0.0607  0.0587  0.0594
  0.0687  0.0666  0.0610  0.0634  0.0602  0.0610
niter,ni,del,rscale     3    3   12.0000    1.2000
parameters
   -2.7645   11.2135   20.1333   -1.1273   -1.3326    0.0586
eta,q 0.94212 12.44903
  0.0681  0.0649  0.0617  0.0657  0.0603  0.0625
  0.0632  0.0610  0.0581  0.0623  0.0584  0.0598
  0.0591  0.0587  0.0564  0.0597  0.0577  0.0583
  0.0579  0.0581  0.0582  0.0585  0.0586  0.0579
  0.0590  0.0595  0.0588  0.0589  0.0592  0.0585
  0.0610  0.0630  0.0577  0.0598  0.0600  0.0604
  0.0658  0.0665  0.0568  0.0614  0.0630  0.0630
niter,ni,del,rscale     2    3   12.0000    1.2000
parameters
   -3.2127   11.6471   17.3414   -2.5008   -0.0735    0.2651
eta,q 0.94205 12.37452
  0.0665  0.0694  0.0571  0.0602  0.0627  0.0618
  0.0607  0.0633  0.0574  0.0584  0.0606  0.0592
  0.0577  0.0590  0.0583  0.0580  0.0589  0.0580
  0.0579  0.0578  0.0579  0.0581  0.0580  0.0579
  0.0590  0.0587  0.0573  0.0587  0.0579  0.0582
  0.0627  0.0614  0.0572  0.0605  0.0586  0.0593
  0.0688  0.0667  0.0604  0.0633  0.0600  0.0609
niter,ni,del,rscale     1    3   12.0000    1.2000
parameters
   -2.7397   11.1831   20.0400   -1.1130   -1.3783    0.0608
eta,q 0.94209 12.44028
  0.0681  0.0649  0.0617  0.0656  0.0602  0.0625
  0.0632  0.0609  0.0582  0.0622  0.0583  0.0598
  0.0591  0.0586  0.0563  0.0596  0.0577  0.0583
  0.0579  0.0580  0.0581  0.0585  0.0586  0.0579
  0.0590  0.0594  0.0587  0.0591  0.0592  0.0585
  0.0610  0.0629  0.0577  0.0599  0.0601  0.0605
  0.0658  0.0664  0.0568  0.0614  0.0630  0.0630
registration optimization eta report
parameter search radius
    6.9000    6.9000    6.0000    6.9000    6.0000    6.0000
100000*second partial in parameter space
       19.       16.        4.       10.        9.       14.
  0.0681  0.0649  0.0617  0.0656  0.0602  0.0625
  0.0632  0.0609  0.0582  0.0622  0.0583  0.0598
  0.0591  0.0586  0.0563  0.0596  0.0577  0.0583
  0.0579  0.0580  0.0581  0.0585  0.0586  0.0579
  0.0590  0.0594  0.0587  0.0591  0.0592  0.0585
  0.0610  0.0629  0.0577  0.0599  0.0601  0.0605
  0.0658  0.0664  0.0568  0.0614  0.0630  0.0630
   -2.7397   11.1831   20.0400   -1.1130   -1.3783    0.0608
eta,q 0.94209 12.44028

---------------------------------------------------------------------
imgreg_4dfp /opt/freesurfer/average/711-2C_as_mni_average_305 /opt/freesurfer/average/711-2B_as_mni_average_305_mask talsrcimg_g11 none talsrcimg_to_711-2C_as_mni_average_305_t4 3335
---------------------------------------------------------------------

freesurfer imgreg_4dfp.c
/opt/freesurfer/average/711-2C_as_mni_average_305.4dfp.img
       256       256       256         1
  1.000000  1.000000  1.000000
orientation T byte_order littleendian
Reading image: /opt/freesurfer/average/711-2C_as_mni_average_305.4dfp.img
dimensions:      256       256       256
mmppix:       1.0000   -1.0000   -1.0000
center:     128.0000 -129.0000 -129.0000
/opt/freesurfer/average/711-2B_as_mni_average_305_mask.4dfp.img
       256       256       256         1
  1.000000  1.000000  1.000000
orientation T byte_order littleendian
Reading mask: /opt/freesurfer/average/711-2B_as_mni_average_305_mask.4dfp.img (2306576 pixels)
talsrcimg_g11.4dfp.img
       256       256       256         1
  1.000000  1.000000  1.000000
orientation T byte_order littleendian
Reading image: talsrcimg_g11.4dfp.img
dimensions:      256       256       256
mmppix:       1.0000   -1.0000   -1.0000
center:     128.0000 -129.0000 -129.0000
fimgreg.f
image alignment mode   3335 decimal      D07 hex
parameters
   -2.7397   11.1831   20.0400   -0.0290   -0.0190   -0.0478
   -0.1529    2.4028    0.1062    1.9449   -2.4053   -1.9418
eta,q 0.94726 12.50243
niter,ni,del,rscale     5    3    5.0000    1.2000
parameter  4 10.553552 ->  0.500000 qaram    1.1500
parameter  5  2.779866 ->  0.500000 qaram    1.1500
parameter  6  2.526572 ->  0.500000 qaram    1.1500
parameter 12  0.595060 ->  0.500000 qaram    1.1500
parameters
   -2.9191   12.3582   19.3540   -4.1690   -4.1590   -4.1878
   -0.5796    2.6359    1.2737    0.8477   -1.0001   -6.0818
eta,q 0.96639 12.14030
  0.0541  0.0556  0.0527  0.0406  0.0378  0.0327  0.0368  0.0400  0.0369  0.0367  0.0369  0.0338
  0.0533  0.0544  0.0525  0.0442  0.0398  0.0338  0.0354  0.0377  0.0356  0.0352  0.0356  0.0336
  0.0529  0.0534  0.0524  0.0483  0.0424  0.0364  0.0345  0.0355  0.0347  0.0343  0.0347  0.0337
  0.0527  0.0528  0.0524  0.0524  0.0454  0.0404  0.0343  0.0343  0.0342  0.0342  0.0342  0.0341
  0.0530  0.0524  0.0527  0.0566  0.0484  0.0453  0.0348  0.0348  0.0343  0.0350  0.0342  0.0348
  0.0536  0.0525  0.0531  0.0608  0.0521  0.0502  0.0359  0.0369  0.0347  0.0366  0.0346  0.0359
  0.0546  0.0528  0.0537  0.0653  0.0560  0.0527  0.0374  0.0397  0.0356  0.0389  0.0354  0.0373
niter,ni,del,rscale     7    3    5.0000    1.2000
parameter  3  1.140104 ->  0.500000 qaram    1.1500
parameter  4  0.976646 ->  0.500000 qaram    1.3225
parameter  5  1.206084 ->  0.500000 qaram    1.3225
parameters
   -3.0628   11.3546   17.9740   -8.9300   -8.9200   -6.9025
   -0.7416    1.4286    1.4750    1.9119   -2.5835   -5.9790
eta,q 0.97616 11.93176
  0.0368  0.0340  0.0310  0.0264  0.0230  0.0263  0.0269  0.0278  0.0261  0.0278  0.0247  0.0257
  0.0350  0.0334  0.0310  0.0265  0.0236  0.0251  0.0255  0.0251  0.0250  0.0259  0.0241  0.0247
  0.0339  0.0332  0.0317  0.0280  0.0250  0.0243  0.0246  0.0240  0.0243  0.0246  0.0238  0.0241
  0.0336  0.0336  0.0332  0.0311  0.0268  0.0239  0.0242  0.0242  0.0240  0.0240  0.0240  0.0238
  0.0342  0.0345  0.0351  0.0356  0.0295  0.0260  0.0246  0.0254  0.0242  0.0240  0.0243  0.0240
  0.0355  0.0359  0.0371  0.0410  0.0328  0.0314  0.0256  0.0277  0.0248  0.0247  0.0249  0.0246
  0.0376  0.0375  0.0392  0.0467  0.0362  0.0384  0.0272  0.0309  0.0259  0.0261  0.0257  0.0257
niter,ni,del,rscale     7    3    5.0000    1.2000
parameters
   -2.9600   11.6745   16.7418  -11.6778  -10.8926   -7.8354
   -1.0550    1.6119    1.5956    2.3327   -2.6345   -7.2509
eta,q 0.97661 11.75541
  0.0280  0.0269  0.0241  0.0257  0.0258  0.0265  0.0259  0.0283  0.0253  0.0262  0.0243  0.0246
  0.0258  0.0253  0.0234  0.0244  0.0240  0.0251  0.0245  0.0253  0.0243  0.0246  0.0237  0.0238
  0.0244  0.0243  0.0233  0.0235  0.0232  0.0241  0.0236  0.0237  0.0236  0.0237  0.0235  0.0234
  0.0238  0.0238  0.0238  0.0233  0.0234  0.0231  0.0234  0.0234  0.0234  0.0234  0.0234  0.0234
  0.0241  0.0239  0.0248  0.0249  0.0245  0.0228  0.0239  0.0240  0.0236  0.0236  0.0236  0.0238
  0.0253  0.0245  0.0263  0.0286  0.0262  0.0253  0.0248  0.0252  0.0242  0.0243  0.0238  0.0245
  0.0274  0.0256  0.0283  0.0336  0.0293  0.0309  0.0263  0.0275  0.0252  0.0256  0.0242  0.0255
niter,ni,del,rscale     6    3    5.0000    1.2000
parameters
   -2.8244   11.9824   16.9775  -11.8170  -11.1752   -7.6293
   -1.1393    1.6072    1.6090    2.6918   -3.0964   -7.5688
eta,q 0.97673 11.74143
  0.0269  0.0263  0.0254  0.0270  0.0272  0.0270  0.0259  0.0277  0.0251  0.0259  0.0241  0.0248
  0.0251  0.0248  0.0243  0.0254  0.0251  0.0255  0.0244  0.0249  0.0241  0.0244  0.0235  0.0239
  0.0239  0.0238  0.0236  0.0242  0.0237  0.0243  0.0235  0.0235  0.0235  0.0235  0.0233  0.0234
  0.0234  0.0234  0.0233  0.0233  0.0234  0.0234  0.0233  0.0233  0.0233  0.0233  0.0233  0.0233
  0.0236  0.0234  0.0235  0.0232  0.0241  0.0226  0.0236  0.0239  0.0235  0.0235  0.0235  0.0235
  0.0246  0.0240  0.0239  0.0248  0.0254  0.0237  0.0246  0.0252  0.0241  0.0241  0.0238  0.0241
  0.0263  0.0251  0.0248  0.0281  0.0277  0.0281  0.0259  0.0274  0.0251  0.0254  0.0242  0.0250
niter,ni,del,rscale     5    3    5.0000    1.2000
parameters
   -2.7986   12.0406   16.9843  -11.8406  -11.2277   -7.7075
   -1.1619    1.6429    1.6817    2.7848   -3.1563   -7.6379
eta,q 0.97670 11.73634
  0.0266  0.0257  0.0251  0.0270  0.0273  0.0269  0.0259  0.0278  0.0252  0.0257  0.0242  0.0249
  0.0248  0.0244  0.0241  0.0254  0.0251  0.0254  0.0245  0.0250  0.0242  0.0243  0.0236  0.0240
  0.0237  0.0236  0.0235  0.0241  0.0237  0.0242  0.0236  0.0235  0.0235  0.0235  0.0233  0.0234
  0.0233  0.0233  0.0233  0.0233  0.0233  0.0233  0.0233  0.0233  0.0233  0.0233  0.0233  0.0233
  0.0236  0.0235  0.0235  0.0231  0.0239  0.0226  0.0236  0.0239  0.0235  0.0235  0.0235  0.0235
  0.0246  0.0243  0.0241  0.0246  0.0251  0.0241  0.0245  0.0253  0.0241  0.0243  0.0237  0.0241
  0.0264  0.0255  0.0251  0.0280  0.0273  0.0287  0.0259  0.0274  0.0251  0.0255  0.0241  0.0249
niter,ni,del,rscale     4    3    5.0000    1.2000
parameters
   -2.7941   12.0628   16.9727  -11.8205  -11.2334   -7.7154
   -1.1729    1.6502    1.6994    2.8181   -3.1520   -7.6755
eta,q 0.97670 11.73647
  0.0265  0.0257  0.0251  0.0271  0.0273  0.0269  0.0259  0.0278  0.0251  0.0257  0.0242  0.0250
  0.0248  0.0243  0.0241  0.0254  0.0252  0.0255  0.0245  0.0250  0.0241  0.0242  0.0236  0.0240
  0.0237  0.0235  0.0235  0.0242  0.0237  0.0243  0.0236  0.0235  0.0235  0.0235  0.0233  0.0235
  0.0233  0.0233  0.0233  0.0233  0.0233  0.0233  0.0233  0.0233  0.0233  0.0233  0.0233  0.0233
  0.0236  0.0236  0.0235  0.0231  0.0239  0.0226  0.0236  0.0239  0.0235  0.0235  0.0235  0.0235
  0.0247  0.0243  0.0241  0.0246  0.0252  0.0240  0.0245  0.0253  0.0241  0.0243  0.0237  0.0241
  0.0265  0.0255  0.0251  0.0279  0.0273  0.0285  0.0259  0.0274  0.0251  0.0255  0.0241  0.0249
registration optimization eta report
parameter search radius
    2.4000    2.4000    2.7600    9.5220    9.5220    8.2800
    7.2000    7.2000    7.2000    7.2000    7.2000    8.2800
100000*second partial in parameter space
       56.       40.       24.        5.        4.        7.
        5.        8.        4.        4.        2.        2.
  0.0265  0.0257  0.0251  0.0271  0.0273  0.0269  0.0259  0.0278  0.0251  0.0257  0.0242  0.0250
  0.0248  0.0243  0.0241  0.0254  0.0252  0.0255  0.0245  0.0250  0.0241  0.0242  0.0236  0.0240
  0.0237  0.0235  0.0235  0.0242  0.0237  0.0243  0.0236  0.0235  0.0235  0.0235  0.0233  0.0235
  0.0233  0.0233  0.0233  0.0233  0.0233  0.0233  0.0233  0.0233  0.0233  0.0233  0.0233  0.0233
  0.0236  0.0236  0.0235  0.0231  0.0239  0.0226  0.0236  0.0239  0.0235  0.0235  0.0235  0.0235
  0.0247  0.0243  0.0241  0.0246  0.0252  0.0240  0.0245  0.0253  0.0241  0.0243  0.0237  0.0241
  0.0265  0.0255  0.0251  0.0279  0.0273  0.0285  0.0259  0.0274  0.0251  0.0255  0.0241  0.0249
   -2.7941   12.0628   16.9727  -11.8205  -11.2334   -7.7154
   -1.1729    1.6502    1.6994    2.8181   -3.1520   -7.6755
eta,q 0.97670 11.73647

---------------------------------------------------------------------
imgreg_4dfp /opt/freesurfer/average/711-2C_as_mni_average_305 /opt/freesurfer/average/711-2B_as_mni_average_305_mask talsrcimg_g11 none talsrcimg_to_711-2C_as_mni_average_305_t4 2311
---------------------------------------------------------------------

freesurfer imgreg_4dfp.c
/opt/freesurfer/average/711-2C_as_mni_average_305.4dfp.img
       256       256       256         1
  1.000000  1.000000  1.000000
orientation T byte_order littleendian
Reading image: /opt/freesurfer/average/711-2C_as_mni_average_305.4dfp.img
dimensions:      256       256       256
mmppix:       1.0000   -1.0000   -1.0000
center:     128.0000 -129.0000 -129.0000
/opt/freesurfer/average/711-2B_as_mni_average_305_mask.4dfp.img
       256       256       256         1
  1.000000  1.000000  1.000000
orientation T byte_order littleendian
Reading mask: /opt/freesurfer/average/711-2B_as_mni_average_305_mask.4dfp.img (2306576 pixels)
talsrcimg_g11.4dfp.img
       256       256       256         1
  1.000000  1.000000  1.000000
orientation T byte_order littleendian
Reading image: talsrcimg_g11.4dfp.img
dimensions:      256       256       256
mmppix:       1.0000   -1.0000   -1.0000
center:     128.0000 -129.0000 -129.0000
fimgreg.f
image alignment mode   2311 decimal      907 hex
parameters
   -2.7941   12.0628   16.9727  -11.8205  -11.2334   -7.7154
   -1.1729    1.6502    1.6994    2.8181   -3.1520   -7.6755
eta,q 0.97670 11.73647
niter,ni,del,rscale     5    3    5.0000    0.8000
parameters
   -2.7824   12.0501   16.9486  -10.1227  -11.5904   -5.6725
   -0.8079    2.0127    1.9725    2.7739   -2.4247   -7.8354
eta,q 0.97753 11.83008
  0.0247  0.0243  0.0239  0.0247  0.0241  0.0250  0.0240  0.0258  0.0235  0.0238  0.0235  0.0231
  0.0240  0.0237  0.0235  0.0242  0.0234  0.0243  0.0232  0.0240  0.0229  0.0230  0.0230  0.0227
  0.0235  0.0234  0.0234  0.0237  0.0231  0.0236  0.0227  0.0229  0.0226  0.0226  0.0226  0.0225
  0.0233  0.0233  0.0233  0.0233  0.0230  0.0230  0.0225  0.0225  0.0225  0.0225  0.0225  0.0225
  0.0234  0.0234  0.0234  0.0231  0.0233  0.0226  0.0226  0.0227  0.0225  0.0226  0.0225  0.0226
  0.0239  0.0238  0.0236  0.0231  0.0237  0.0225  0.0229  0.0235  0.0228  0.0230  0.0227  0.0228
  0.0247  0.0243  0.0239  0.0236  0.0243  0.0234  0.0236  0.0248  0.0233  0.0238  0.0230  0.0232
niter,ni,del,rscale     4    3    5.0000    0.7000
parameters
   -2.9665   11.9111   16.7929  -10.2617  -11.6426   -5.7681
   -0.8187    1.7822    1.8871    2.8312   -2.0937   -7.7891
eta,q 0.97755 11.83013
  0.0234  0.0231  0.0230  0.0235  0.0234  0.0239  0.0235  0.0244  0.0231  0.0234  0.0231  0.0230
  0.0228  0.0227  0.0226  0.0231  0.0229  0.0234  0.0229  0.0232  0.0227  0.0229  0.0227  0.0227
  0.0225  0.0225  0.0225  0.0227  0.0225  0.0229  0.0226  0.0226  0.0225  0.0226  0.0225  0.0225
  0.0225  0.0224  0.0224  0.0224  0.0224  0.0224  0.0225  0.0225  0.0224  0.0224  0.0224  0.0225
  0.0227  0.0226  0.0226  0.0225  0.0226  0.0223  0.0226  0.0228  0.0225  0.0225  0.0225  0.0225
  0.0233  0.0229  0.0228  0.0230  0.0229  0.0230  0.0229  0.0236  0.0227  0.0228  0.0226  0.0227
  0.0242  0.0235  0.0233  0.0239  0.0234  0.0247  0.0235  0.0247  0.0231  0.0234  0.0229  0.0229
niter,ni,del,rscale     3    3    5.0000    0.6000
parameters
   -2.9787   11.9360   16.7797  -10.0696  -11.6791   -5.5362
   -0.7554    1.7725    1.8472    2.8469   -1.8681   -7.8485
eta,q 0.97763 11.83825
  0.0234  0.0231  0.0229  0.0234  0.0231  0.0237  0.0231  0.0240  0.0228  0.0231  0.0229  0.0228
  0.0229  0.0227  0.0226  0.0230  0.0227  0.0233  0.0227  0.0231  0.0226  0.0227  0.0226  0.0225
  0.0225  0.0225  0.0225  0.0227  0.0225  0.0228  0.0225  0.0225  0.0224  0.0225  0.0224  0.0224
  0.0224  0.0224  0.0224  0.0224  0.0224  0.0224  0.0224  0.0224  0.0224  0.0224  0.0224  0.0224
  0.0226  0.0225  0.0225  0.0224  0.0225  0.0223  0.0224  0.0226  0.0224  0.0224  0.0224  0.0224
  0.0229  0.0227  0.0227  0.0227  0.0228  0.0226  0.0227  0.0231  0.0226  0.0227  0.0225  0.0226
  0.0234  0.0231  0.0229  0.0233  0.0232  0.0238  0.0231  0.0240  0.0229  0.0231  0.0228  0.0228
niter,ni,del,rscale     2    3    5.0000    0.5000
parameters
   -3.0151   11.9219   16.7597   -9.9465  -11.7318   -5.2655
   -0.7096    1.7806    1.8217    2.8779   -1.6443   -7.9007
eta,q 0.97770 11.84525
  0.0230  0.0228  0.0227  0.0231  0.0229  0.0234  0.0228  0.0236  0.0226  0.0229  0.0227  0.0226
  0.0226  0.0225  0.0225  0.0228  0.0226  0.0230  0.0226  0.0228  0.0224  0.0226  0.0225  0.0224
  0.0224  0.0224  0.0224  0.0225  0.0224  0.0227  0.0224  0.0224  0.0223  0.0224  0.0224  0.0223
  0.0224  0.0224  0.0224  0.0224  0.0224  0.0224  0.0223  0.0223  0.0223  0.0223  0.0223  0.0223
  0.0225  0.0224  0.0224  0.0224  0.0224  0.0222  0.0224  0.0224  0.0223  0.0224  0.0223  0.0223
  0.0227  0.0226  0.0225  0.0226  0.0226  0.0225  0.0225  0.0229  0.0225  0.0225  0.0224  0.0224
  0.0231  0.0228  0.0227  0.0230  0.0229  0.0233  0.0228  0.0235  0.0227  0.0229  0.0226  0.0226
niter,ni,del,rscale     1    3    5.0000    0.4000
parameters
   -3.0535   11.9058   16.7547   -9.8669  -11.8192   -4.9891
   -0.6746    1.7813    1.7822    2.8841   -1.4393   -7.9863
eta,q 0.97775 11.84901
  0.0227  0.0226  0.0225  0.0228  0.0226  0.0231  0.0226  0.0231  0.0225  0.0226  0.0225  0.0224
  0.0225  0.0224  0.0224  0.0226  0.0224  0.0228  0.0224  0.0226  0.0223  0.0224  0.0224  0.0223
  0.0223  0.0223  0.0223  0.0224  0.0223  0.0225  0.0223  0.0223  0.0223  0.0223  0.0223  0.0223
  0.0223  0.0223  0.0223  0.0223  0.0223  0.0223  0.0223  0.0222  0.0222  0.0222  0.0222  0.0223
  0.0224  0.0223  0.0223  0.0223  0.0223  0.0222  0.0223  0.0223  0.0223  0.0223  0.0223  0.0223
  0.0225  0.0224  0.0224  0.0225  0.0225  0.0224  0.0224  0.0226  0.0223  0.0224  0.0223  0.0223
  0.0228  0.0226  0.0226  0.0228  0.0227  0.0229  0.0226  0.0231  0.0225  0.0226  0.0224  0.0225
registration optimization eta report
parameter search radius
    0.8000    0.8000    0.8000    2.4000    2.4000    2.4000
    2.4000    2.4000    2.4000    2.4000    2.4000    2.4000
100000*second partial in parameter space
       72.       45.       39.        8.        6.       13.
        6.       15.        4.        7.        4.        3.
  0.0227  0.0226  0.0225  0.0228  0.0226  0.0231  0.0226  0.0231  0.0225  0.0226  0.0225  0.0224
  0.0225  0.0224  0.0224  0.0226  0.0224  0.0228  0.0224  0.0226  0.0223  0.0224  0.0224  0.0223
  0.0223  0.0223  0.0223  0.0224  0.0223  0.0225  0.0223  0.0223  0.0223  0.0223  0.0223  0.0223
  0.0223  0.0223  0.0223  0.0223  0.0223  0.0223  0.0223  0.0222  0.0222  0.0222  0.0222  0.0223
  0.0224  0.0223  0.0223  0.0223  0.0223  0.0222  0.0223  0.0223  0.0223  0.0223  0.0223  0.0223
  0.0225  0.0224  0.0224  0.0225  0.0225  0.0224  0.0224  0.0226  0.0223  0.0224  0.0223  0.0223
  0.0228  0.0226  0.0226  0.0228  0.0227  0.0229  0.0226  0.0231  0.0225  0.0226  0.0224  0.0225
   -3.0535   11.9058   16.7547   -9.8669  -11.8192   -4.9891
   -0.6746    1.7813    1.7822    2.8841   -1.4393   -7.9863
eta,q 0.97775 11.84901

---------------------------------------------------------------------
imgreg_4dfp /opt/freesurfer/average/711-2C_as_mni_average_305 /opt/freesurfer/average/711-2B_as_mni_average_305_mask talsrcimg_g11 none talsrcimg_to_711-2C_as_mni_average_305_t4 2311
---------------------------------------------------------------------

freesurfer imgreg_4dfp.c
/opt/freesurfer/average/711-2C_as_mni_average_305.4dfp.img
       256       256       256         1
  1.000000  1.000000  1.000000
orientation T byte_order littleendian
Reading image: /opt/freesurfer/average/711-2C_as_mni_average_305.4dfp.img
dimensions:      256       256       256
mmppix:       1.0000   -1.0000   -1.0000
center:     128.0000 -129.0000 -129.0000
/opt/freesurfer/average/711-2B_as_mni_average_305_mask.4dfp.img
       256       256       256         1
  1.000000  1.000000  1.000000
orientation T byte_order littleendian
Reading mask: /opt/freesurfer/average/711-2B_as_mni_average_305_mask.4dfp.img (2306576 pixels)
talsrcimg_g11.4dfp.img
       256       256       256         1
  1.000000  1.000000  1.000000
orientation T byte_order littleendian
Reading image: talsrcimg_g11.4dfp.img
dimensions:      256       256       256
mmppix:       1.0000   -1.0000   -1.0000
center:     128.0000 -129.0000 -129.0000
fimgreg.f
image alignment mode   2311 decimal      907 hex
parameters
   -3.0535   11.9058   16.7547   -9.8669  -11.8192   -4.9891
   -0.6746    1.7813    1.7822    2.8841   -1.4393   -7.9863
eta,q 0.97775 11.84901
niter,ni,del,rscale     5    3    5.0000    0.8000
parameters
   -3.0869   11.9105   16.7961  -10.4649  -11.7739   -5.7808
   -0.7850    1.5732    1.6715    2.8973   -1.8789   -7.8078
eta,q 0.97752 11.82034
  0.0240  0.0234  0.0234  0.0235  0.0236  0.0239  0.0237  0.0249  0.0233  0.0238  0.0230  0.0232
  0.0230  0.0228  0.0228  0.0229  0.0229  0.0234  0.0230  0.0234  0.0228  0.0230  0.0227  0.0228
  0.0224  0.0224  0.0224  0.0225  0.0224  0.0228  0.0226  0.0226  0.0226  0.0226  0.0225  0.0226
  0.0223  0.0223  0.0222  0.0222  0.0223  0.0223  0.0225  0.0225  0.0225  0.0225  0.0225  0.0225
  0.0225  0.0224  0.0224  0.0225  0.0224  0.0225  0.0227  0.0229  0.0226  0.0226  0.0226  0.0225
  0.0231  0.0228  0.0227  0.0233  0.0229  0.0240  0.0231  0.0238  0.0229  0.0230  0.0229  0.0227
  0.0242  0.0234  0.0233  0.0247  0.0236  0.0268  0.0238  0.0252  0.0234  0.0238  0.0232  0.0231
niter,ni,del,rscale     4    3    5.0000    0.7000
parameters
   -2.9852   11.9584   16.8107  -10.2401  -11.6690   -5.8176
   -0.7545    1.6614    1.7581    2.8801   -2.0157   -7.8194
eta,q 0.97755 11.82789
  0.0239  0.0234  0.0231  0.0236  0.0235  0.0239  0.0235  0.0247  0.0231  0.0234  0.0230  0.0230
  0.0232  0.0229  0.0228  0.0232  0.0229  0.0234  0.0229  0.0234  0.0228  0.0229  0.0227  0.0227
  0.0227  0.0226  0.0225  0.0228  0.0226  0.0229  0.0226  0.0226  0.0225  0.0226  0.0225  0.0225
  0.0225  0.0225  0.0225  0.0225  0.0224  0.0224  0.0225  0.0225  0.0225  0.0225  0.0225  0.0224
  0.0226  0.0225  0.0225  0.0224  0.0225  0.0223  0.0226  0.0227  0.0225  0.0226  0.0225  0.0225
  0.0229  0.0228  0.0228  0.0228  0.0229  0.0229  0.0229  0.0233  0.0227  0.0229  0.0227  0.0227
  0.0236  0.0233  0.0231  0.0236  0.0234  0.0246  0.0234  0.0244  0.0231  0.0234  0.0230  0.0230
niter,ni,del,rscale     3    3    5.0000    0.6000
parameters
   -2.9841   11.9480   16.7808  -10.0658  -11.6742   -5.5607
   -0.7213    1.7489    1.8195    2.8721   -1.8683   -7.8485
eta,q 0.97763 11.83801
  0.0234  0.0231  0.0229  0.0234  0.0232  0.0237  0.0231  0.0241  0.0229  0.0231  0.0229  0.0228
  0.0229  0.0227  0.0226  0.0230  0.0228  0.0233  0.0227  0.0231  0.0226  0.0227  0.0226  0.0225
  0.0226  0.0225  0.0225  0.0227  0.0225  0.0228  0.0225  0.0226  0.0224  0.0225  0.0224  0.0224
  0.0225  0.0225  0.0224  0.0225  0.0224  0.0224  0.0224  0.0224  0.0224  0.0224  0.0224  0.0224
  0.0226  0.0225  0.0225  0.0224  0.0225  0.0223  0.0224  0.0226  0.0224  0.0225  0.0224  0.0224
  0.0229  0.0227  0.0227  0.0227  0.0228  0.0226  0.0227  0.0231  0.0226  0.0227  0.0226  0.0226
  0.0234  0.0231  0.0230  0.0234  0.0232  0.0237  0.0231  0.0239  0.0228  0.0231  0.0228  0.0228
niter,ni,del,rscale     2    3    5.0000    0.5000
parameters
   -3.0150   11.9253   16.7548   -9.9396  -11.7270   -5.2774
   -0.7024    1.7800    1.8049    2.8816   -1.6395   -7.9068
eta,q 0.97770 11.84539
  0.0230  0.0228  0.0227  0.0231  0.0229  0.0234  0.0228  0.0236  0.0226  0.0229  0.0227  0.0226
  0.0227  0.0225  0.0225  0.0228  0.0226  0.0230  0.0226  0.0229  0.0225  0.0226  0.0225  0.0224
  0.0224  0.0224  0.0224  0.0225  0.0224  0.0227  0.0224  0.0224  0.0223  0.0224  0.0224  0.0223
  0.0224  0.0224  0.0224  0.0224  0.0224  0.0224  0.0223  0.0223  0.0223  0.0223  0.0223  0.0223
  0.0225  0.0224  0.0224  0.0224  0.0224  0.0222  0.0224  0.0224  0.0223  0.0224  0.0223  0.0223
  0.0227  0.0226  0.0225  0.0226  0.0226  0.0225  0.0225  0.0229  0.0225  0.0225  0.0224  0.0224
  0.0231  0.0228  0.0228  0.0230  0.0229  0.0233  0.0228  0.0235  0.0227  0.0229  0.0226  0.0226
niter,ni,del,rscale     1    3    5.0000    0.4000
parameters
   -3.0522   11.9074   16.7512   -9.8560  -11.8095   -4.9938
   -0.6808    1.7817    1.7812    2.8901   -1.4326   -7.9832
eta,q 0.97775 11.84958
  0.0227  0.0226  0.0226  0.0228  0.0226  0.0231  0.0226  0.0231  0.0225  0.0226  0.0225  0.0224
  0.0225  0.0224  0.0224  0.0226  0.0224  0.0228  0.0224  0.0226  0.0223  0.0224  0.0224  0.0223
  0.0223  0.0223  0.0223  0.0224  0.0223  0.0225  0.0223  0.0223  0.0223  0.0223  0.0223  0.0223
  0.0223  0.0223  0.0223  0.0223  0.0223  0.0223  0.0223  0.0223  0.0223  0.0223  0.0223  0.0223
  0.0224  0.0223  0.0223  0.0223  0.0223  0.0222  0.0223  0.0224  0.0223  0.0223  0.0223  0.0223
  0.0225  0.0224  0.0224  0.0225  0.0225  0.0224  0.0224  0.0226  0.0223  0.0224  0.0223  0.0223
  0.0228  0.0226  0.0226  0.0228  0.0227  0.0229  0.0226  0.0231  0.0225  0.0226  0.0224  0.0225
registration optimization eta report
parameter search radius
    0.8000    0.8000    0.8000    2.4000    2.4000    2.4000
    2.4000    2.4000    2.4000    2.4000    2.4000    2.4000
100000*second partial in parameter space
       71.       46.       39.        8.        6.       13.
        6.       15.        4.        7.        4.        3.
  0.0227  0.0226  0.0226  0.0228  0.0226  0.0231  0.0226  0.0231  0.0225  0.0226  0.0225  0.0224
  0.0225  0.0224  0.0224  0.0226  0.0224  0.0228  0.0224  0.0226  0.0223  0.0224  0.0224  0.0223
  0.0223  0.0223  0.0223  0.0224  0.0223  0.0225  0.0223  0.0223  0.0223  0.0223  0.0223  0.0223
  0.0223  0.0223  0.0223  0.0223  0.0223  0.0223  0.0223  0.0223  0.0223  0.0223  0.0223  0.0223
  0.0224  0.0223  0.0223  0.0223  0.0223  0.0222  0.0223  0.0224  0.0223  0.0223  0.0223  0.0223
  0.0225  0.0224  0.0224  0.0225  0.0225  0.0224  0.0224  0.0226  0.0223  0.0224  0.0223  0.0223
  0.0228  0.0226  0.0226  0.0228  0.0227  0.0229  0.0226  0.0231  0.0225  0.0226  0.0224  0.0225
   -3.0522   11.9074   16.7512   -9.8560  -11.8095   -4.9938
   -0.6808    1.7817    1.7812    2.8901   -1.4326   -7.9832
eta,q 0.97775 11.84958

---------------------------------------------------------------------
compute_vox2vox talsrcimg talsrcimg_to_711-2C_as_mni_average_305_t4 /opt/freesurfer/average/711-2C_as_mni_average_305
---------------------------------------------------------------------

freesurfer compute_vox2vox.c
Reading: talsrcimg.4dfp.ifh
Reading: talsrcimg_to_711-2C_as_mni_average_305_t4
Reading: /opt/freesurfer/average/711-2C_as_mni_average_305.4dfp.ifh
Writing: talsrcimg_to_711-2C_as_mni_average_305_t4_vox2vox.txt

start time Wed Mar 11 02:42:28 CET 2026
end		time Wed Mar 11 02:43:57 CET 2026

mpr2mni305 success

avi2talxfm orig_nu.mgz /opt/freesurfer/average/mni305.cor.mgz talsrcimg_to_711-2C_as_mni_average_305_t4_vox2vox.txt transforms/talairach.auto.xfm
avi2talxfm done
mv -f /out/sourcedata/freesurfer/sub-v2s12x28896_ses-1/mri/talsrcimg_to_711-2C_as_mni_average_305_t4_vox2vox.txt /out/sourcedata/freesurfer/sub-v2s12x28896_ses-1/mri/transforms/talsrcimg_to_711-2C_as_mni_average_305_t4_vox2vox.txt
lta_convert --src orig_nu.mgz --trg /opt/freesurfer/average/mni305.cor.mgz --inxfm transforms/talairach.auto.xfm --outlta transforms/talairach.auto.xfm.lta --subject fsaverage
7.3.2

--src: orig_nu.mgz src image (geometry).
--trg: /opt/freesurfer/average/mni305.cor.mgz trg image (geometry).
--inmni: transforms/talairach.auto.xfm input MNI/XFM transform.
--outlta: transforms/talairach.auto.xfm.lta output LTA.
--s: fsaverage subject name
 LTA read, type : 1
 1.10887  -0.02100   0.00666  -2.23050;
 0.01480   1.04939   0.09511  -21.00417;
-0.02288  -0.03397   1.13066  -34.09731;
 0.00000   0.00000   0.00000   1.00000;
setting subject to fsaverage
Writing  LTA to file transforms/talairach.auto.xfm.lta...
lta_convert successful.
 
 
Started at Wed Mar 11 02:42:27 CET 2026
Ended   at Wed Mar 11 02:43:57 CET 2026
talairach_avi done
