status file for recon-all
Wed Mar 11 00:11:42 CET 2026
#@# MotionCor Wed Mar 11 00:11:44 CET 2026
#@# Talairach Wed Mar 11 00:11:49 CET 2026
#@# Talairach Failure Detection Wed Mar 11 00:14:39 CET 2026
#@# Nu Intensity Correction Wed Mar 11 00:14:39 CET 2026
#@# Intensity Normalization Wed Mar 11 00:17:23 CET 2026
recon-all -s sub-v2s12x28877_ses-1 finished without error at Wed Mar 11 00:18:20 CET 2026



#New# invocation of recon-all 



status file for recon-all
Wed Mar 11 00:24:16 CET 2026
#@# EM Registration Wed Mar 11 00:24:16 CET 2026
recon-all -s sub-v2s12x28877_ses-1 finished without error at Wed Mar 11 00:25:26 CET 2026



#New# invocation of recon-all 



status file for recon-all
Wed Mar 11 00:25:30 CET 2026
#@# CA Normalize Wed Mar 11 00:25:30 CET 2026
#@# CA Reg Wed Mar 11 00:26:22 CET 2026
#@# SubCort Seg Wed Mar 11 01:01:18 CET 2026
#@# CC Seg Wed Mar 11 01:24:02 CET 2026
#@# Merge ASeg Wed Mar 11 01:24:38 CET 2026
#@# Intensity Normalization2 Wed Mar 11 01:24:38 CET 2026
#@# Mask BFS Wed Mar 11 01:25:58 CET 2026
#@# WM Segmentation Wed Mar 11 01:25:58 CET 2026
#@# Fill Wed Mar 11 01:27:27 CET 2026
recon-all -s sub-v2s12x28877_ses-1 finished without error at Wed Mar 11 01:28:05 CET 2026



#New# invocation of recon-all 



status file for recon-all
Wed Mar 11 02:05:05 CET 2026
#@# white curv lh Wed Mar 11 02:05:05 CET 2026
#@# white area lh Wed Mar 11 02:05:05 CET 2026
#@# pial curv lh Wed Mar 11 02:05:05 CET 2026
#@# pial area lh Wed Mar 11 02:05:05 CET 2026
#@# thickness lh Wed Mar 11 02:05:05 CET 2026
#@# area and vertex vol lh Wed Mar 11 02:05:05 CET 2026
#@# white curv rh Wed Mar 11 02:05:05 CET 2026
#@# white area rh Wed Mar 11 02:05:05 CET 2026
#@# pial curv rh Wed Mar 11 02:05:05 CET 2026
#@# pial area rh Wed Mar 11 02:05:05 CET 2026
#@# thickness rh Wed Mar 11 02:05:05 CET 2026
#@# area and vertex vol rh Wed Mar 11 02:05:05 CET 2026
#@# Cortical ribbon mask Wed Mar 11 02:05:05 CET 2026
recon-all -s sub-v2s12x28877_ses-1 finished without error at Wed Mar 11 02:11:40 CET 2026



#New# invocation of recon-all 



status file for recon-all
Wed Mar 11 02:16:56 CET 2026
#@# white curv lh Wed Mar 11 02:16:56 CET 2026
#@# white area lh Wed Mar 11 02:16:56 CET 2026
#@# pial curv lh Wed Mar 11 02:16:56 CET 2026
#@# pial area lh Wed Mar 11 02:16:56 CET 2026
#@# thickness lh Wed Mar 11 02:16:56 CET 2026
#@# area and vertex vol lh Wed Mar 11 02:16:56 CET 2026
#@# white curv rh Wed Mar 11 02:16:57 CET 2026
#@# white area rh Wed Mar 11 02:16:57 CET 2026
#@# pial curv rh Wed Mar 11 02:16:57 CET 2026
#@# pial area rh Wed Mar 11 02:16:57 CET 2026
#@# thickness rh Wed Mar 11 02:16:57 CET 2026
#@# area and vertex vol rh Wed Mar 11 02:16:57 CET 2026
#@# Curvature Stats lh Wed Mar 11 02:16:57 CET 2026
#@# Curvature Stats rh Wed Mar 11 02:16:58 CET 2026
#@# Relabel Hypointensities Wed Mar 11 02:17:00 CET 2026
#@# APas-to-ASeg Wed Mar 11 02:17:12 CET 2026
#@# AParc-to-ASeg aparc Wed Mar 11 02:17:18 CET 2026
#@# AParc-to-ASeg aparc.a2009s Wed Mar 11 02:17:46 CET 2026
#@# AParc-to-ASeg aparc.DKTatlas Wed Mar 11 02:18:13 CET 2026
#@# WMParc Wed Mar 11 02:18:41 CET 2026
#@# ASeg Stats Wed Mar 11 02:20:21 CET 2026
recon-all -s sub-v2s12x28877_ses-1 finished without error at Wed Mar 11 02:20:40 CET 2026
