status file for recon-all
Wed Mar 11 01:28:09 CET 2026
#@# Tessellate lh Wed Mar 11 01:28:09 CET 2026
#@# Smooth1 lh Wed Mar 11 01:28:12 CET 2026
#@# Inflation1 lh Wed Mar 11 01:28:14 CET 2026
#@# QSphere lh Wed Mar 11 01:28:22 CET 2026
#@# Fix Topology lh Wed Mar 11 01:29:10 CET 2026
#@# Smooth2 lh Wed Mar 11 01:33:47 CET 2026
#@# Inflation2 lh Wed Mar 11 01:33:49 CET 2026
#@# Curv .H and .K lh Wed Mar 11 01:33:58 CET 2026
#@# Sphere lh Wed Mar 11 01:34:39 CET 2026
#@# Surf Reg lh Wed Mar 11 01:37:07 CET 2026
#@# Jacobian white lh Wed Mar 11 01:40:00 CET 2026
#@# AvgCurv lh Wed Mar 11 01:40:01 CET 2026
#@# Cortical Parc lh Wed Mar 11 01:40:02 CET 2026
#@# white curv lh Wed Mar 11 01:45:43 CET 2026
#@# white area lh Wed Mar 11 01:45:44 CET 2026
#@# pial curv lh Wed Mar 11 01:45:45 CET 2026
#@# pial area lh Wed Mar 11 01:45:46 CET 2026
#@# thickness lh Wed Mar 11 01:45:47 CET 2026
#@# area and vertex vol lh Wed Mar 11 01:46:08 CET 2026
#@# Curvature Stats lh Wed Mar 11 01:46:09 CET 2026
#@# Cortical Parc 2 lh Wed Mar 11 01:46:11 CET 2026
#@# Cortical Parc 3 lh Wed Mar 11 01:46:21 CET 2026
#@# WM/GM Contrast lh Wed Mar 11 01:46:29 CET 2026
recon-all -s sub-v2s12x28877_ses-1 finished without error at Wed Mar 11 01:46:31 CET 2026



#New# invocation of recon-all 



status file for recon-all
Wed Mar 11 02:11:43 CET 2026
#@# white curv lh Wed Mar 11 02:11:43 CET 2026
#@# white area lh Wed Mar 11 02:11:43 CET 2026
#@# pial curv lh Wed Mar 11 02:11:43 CET 2026
#@# pial area lh Wed Mar 11 02:11:43 CET 2026
#@# thickness lh Wed Mar 11 02:11:43 CET 2026
#@# area and vertex vol lh Wed Mar 11 02:11:43 CET 2026
#@# Parcellation Stats lh Wed Mar 11 02:11:43 CET 2026
#@# Parcellation Stats 2 lh Wed Mar 11 02:12:01 CET 2026
#@# Parcellation Stats 3 lh Wed Mar 11 02:12:09 CET 2026
#@# BA_exvivo Labels lh Wed Mar 11 02:12:18 CET 2026
recon-all -s sub-v2s12x28877_ses-1 finished without error at Wed Mar 11 02:14:16 CET 2026
