status file for recon-all
Wed Mar 11 01:46:33 CET 2026
#@# Tessellate rh Wed Mar 11 01:46:33 CET 2026
#@# Smooth1 rh Wed Mar 11 01:46:35 CET 2026
#@# Inflation1 rh Wed Mar 11 01:46:37 CET 2026
#@# QSphere rh Wed Mar 11 01:46:46 CET 2026
#@# Fix Topology rh Wed Mar 11 01:47:25 CET 2026
#@# Smooth2 rh Wed Mar 11 01:51:54 CET 2026
#@# Inflation2 rh Wed Mar 11 01:51:56 CET 2026
#@# Curv .H and .K rh Wed Mar 11 01:52:06 CET 2026
#@# Sphere rh Wed Mar 11 01:52:49 CET 2026
#@# Surf Reg rh Wed Mar 11 01:54:58 CET 2026
#@# Jacobian white rh Wed Mar 11 01:58:09 CET 2026
#@# AvgCurv rh Wed Mar 11 01:58:10 CET 2026
#@# Cortical Parc rh Wed Mar 11 01:58:10 CET 2026
#@# white curv rh Wed Mar 11 02:04:12 CET 2026
#@# white area rh Wed Mar 11 02:04:13 CET 2026
#@# pial curv rh Wed Mar 11 02:04:14 CET 2026
#@# pial area rh Wed Mar 11 02:04:15 CET 2026
#@# thickness rh Wed Mar 11 02:04:15 CET 2026
#@# area and vertex vol rh Wed Mar 11 02:04:37 CET 2026
#@# Curvature Stats rh Wed Mar 11 02:04:38 CET 2026
#@# Cortical Parc 2 rh Wed Mar 11 02:04:40 CET 2026
#@# Cortical Parc 3 rh Wed Mar 11 02:04:51 CET 2026
#@# WM/GM Contrast rh Wed Mar 11 02:04:58 CET 2026
recon-all -s sub-v2s12x28877_ses-1 finished without error at Wed Mar 11 02:05:01 CET 2026



#New# invocation of recon-all 



status file for recon-all
Wed Mar 11 02:14:17 CET 2026
#@# white curv rh Wed Mar 11 02:14:17 CET 2026
#@# white area rh Wed Mar 11 02:14:17 CET 2026
#@# pial curv rh Wed Mar 11 02:14:17 CET 2026
#@# pial area rh Wed Mar 11 02:14:17 CET 2026
#@# thickness rh Wed Mar 11 02:14:17 CET 2026
#@# area and vertex vol rh Wed Mar 11 02:14:17 CET 2026
#@# Parcellation Stats rh Wed Mar 11 02:14:17 CET 2026
#@# Parcellation Stats 2 rh Wed Mar 11 02:14:35 CET 2026
#@# Parcellation Stats 3 rh Wed Mar 11 02:14:44 CET 2026
#@# BA_exvivo Labels rh Wed Mar 11 02:14:53 CET 2026
recon-all -s sub-v2s12x28877_ses-1 finished without error at Wed Mar 11 02:16:51 CET 2026
