/out/sourcedata/freesurfer/sub-v2s12x28856_ses-1/mri
/opt/freesurfer/bin/talairach_avi
--i orig_nu.mgz --xfm transforms/talairach.auto.xfm
talairach_avi 7.3.2
Linux dna054 5.14.0-427.37.1.el9_4.x86_64 #1 SMP PREEMPT_DYNAMIC Fri Sep 13 12:41:50 EDT 2024 x86_64 x86_64 x86_64 GNU/Linux
Tue Mar 10 22:31:20 CET 2026
mri_convert orig_nu.mgz talsrcimg.img 
reading from orig_nu.mgz...
TR=0.00, TE=0.00, TI=0.00, flip angle=0.00
i_ras = (-1, 0, 0)
j_ras = (0, 0, -1)
k_ras = (0, 1, 0)
writing to talsrcimg.img...
Analyze Output Matrix
-1.00000   0.00000   0.00000   131.37469;
 0.00000   0.00000   1.00000  -129.67200;
 0.00000  -1.00000   0.00000   110.75000;
 0.00000   0.00000   0.00000   1.00000;
--------------------
INFO: set hdr.hist.orient to -1
mpr2mni305 talsrcimg
Tue Mar 10 22:31:20 CET 2026
/opt/freesurfer/bin/mpr2mni305 talsrcimg
mpr2mni305 7.3.2
target=711-2C_as_mni_average_305

---------------------------------------------------------------------
analyzeto4dfp talsrcimg -O0 -y
---------------------------------------------------------------------

freesurfer ifh2hdr.c
Tue Mar 10 22:31:21 2026
Writing: talsrcimg.4dfp.hdr
freesurfer analyzeto4dfp.c
Reading: talsrcimg.hdr
header size 348 bytes
hdr.dime.datatype	offset=70	value=2
hdr.dime.bitpix		offset=72	value=8
hdr.hist.orient		offset=252	value=-1
dimensionality     4
dimensions       256       256       256         1
Reading: talsrcimg.img
Writing: talsrcimg.4dfp.img
Writing: talsrcimg.4dfp.ifh
ifh2hdr talsrcimg -r0to219
ori=2

---------------------------------------------------------------------
gauss_4dfp talsrcimg 1.1
---------------------------------------------------------------------

freesurfer gauss_4dfp.c
Reading: talsrcimg.4dfp.img
Writing: talsrcimg_g11.4dfp.img
image dimensions 256 256 256 padded to 288 288 288
processing volume 1freesurfer ifh2hdr.c
Tue Mar 10 22:31:22 2026
Writing: talsrcimg_g11.4dfp.hdr

Writing: talsrcimg_g11.4dfp.ifh
including: talsrcimg.4dfp.img.rec in talsrcimg_g11.4dfp.img.rec

---------------------------------------------------------------------
imgreg_4dfp /opt/freesurfer/average/711-2C_as_mni_average_305 none talsrcimg_g11 none talsrcimg_to_711-2C_as_mni_average_305_t4 4355
---------------------------------------------------------------------

freesurfer imgreg_4dfp.c
/opt/freesurfer/average/711-2C_as_mni_average_305.4dfp.img
       256       256       256         1
  1.000000  1.000000  1.000000
orientation T byte_order littleendian
Reading image: /opt/freesurfer/average/711-2C_as_mni_average_305.4dfp.img
dimensions:      256       256       256
mmppix:       1.0000   -1.0000   -1.0000
center:     128.0000 -129.0000 -129.0000
talsrcimg_g11.4dfp.img
       256       256       256         1
  1.000000  1.000000  1.000000
orientation T byte_order littleendian
Reading image: talsrcimg_g11.4dfp.img
dimensions:      256       256       256
mmppix:       1.0000   -1.0000   -1.0000
center:     128.0000 -129.0000 -129.0000
t4_read: open error in t4_sub.f l:  41 t4_file(1:l)talsrcimg_to_711-2C_as_mni_average_305_t4 
t4_read: transform initialized to I4
rotation matrix determinant  1.000000
image alignment mode   4355 decimal     1103 hex
   -7.5000  -45.0000  -45.0000 4794.5850   24.9281
    0.0000  -45.0000  -45.0000 5044.3374   24.9720
    7.5000  -45.0000  -45.0000 4883.4331   25.0885
   -7.5000  -37.5000  -45.0000 5297.5117   24.0949
    0.0000  -37.5000  -45.0000 5556.7739   24.1367
    7.5000  -37.5000  -45.0000 5392.9956   24.2349
   -7.5000  -30.0000  -45.0000 5979.8730   23.5303
    0.0000  -30.0000  -45.0000 6254.0181   23.5758
    7.5000  -30.0000  -45.0000 6086.4678   23.6606
   -7.5000  -22.5000  -45.0000 6713.5698   23.1981
    0.0000  -22.5000  -45.0000 7015.5132   23.2461
    7.5000  -22.5000  -45.0000 6806.6382   23.3259
   -7.5000  -15.0000  -45.0000 7489.5381   23.1977
    0.0000  -15.0000  -45.0000 7859.3364   23.2442
    7.5000  -15.0000  -45.0000 7604.4126   23.3321
   -7.5000   -7.5000  -45.0000 8325.1299   23.1923
    0.0000   -7.5000  -45.0000 8760.0078   23.2338
    7.5000   -7.5000  -45.0000 8476.8672   23.3336
   -7.5000    0.0000  -45.0000 9129.5381   23.1760
    0.0000    0.0000  -45.0000 9608.0273   23.2136
    7.5000    0.0000  -45.0000 9291.8535   23.3158
   -7.5000    7.5000  -45.0000 9182.0947   23.1511
    0.0000    7.5000  -45.0000 9676.7578   23.1901
    7.5000    7.5000  -45.0000 9336.1582   23.2835
   -7.5000   15.0000  -45.0000 9099.0596   23.1423
    0.0000   15.0000  -45.0000 9599.8887   23.1864
    7.5000   15.0000  -45.0000 9221.6143   23.2692
   -7.5000   22.5000  -45.0000 8984.7607   23.1662
    0.0000   22.5000  -45.0000 9477.7295   23.2141
    7.5000   22.5000  -45.0000 9103.3486   23.2936
   -7.5000   30.0000  -45.0000 8838.8096   22.8854
    0.0000   30.0000  -45.0000 9280.7393   22.9313
    7.5000   30.0000  -45.0000 8940.3867   23.0181
   -7.5000   37.5000  -45.0000 8942.8604   22.8832
    0.0000   37.5000  -45.0000 9365.7822   22.9242
    7.5000   37.5000  -45.0000 9023.4775   23.0226
   -7.5000   45.0000  -45.0000 8647.2432   22.2865
    0.0000   45.0000  -45.0000 9040.9053   22.3227
    7.5000   45.0000  -45.0000 8699.3750   22.4210
   -7.5000  -45.0000  -37.5000 5128.4766   24.6593
    0.0000  -45.0000  -37.5000 5401.2114   24.6914
    7.5000  -45.0000  -37.5000 5208.1094   24.7664
   -7.5000  -37.5000  -37.5000 5642.5996   23.8660
    0.0000  -37.5000  -37.5000 5925.8555   23.8956
    7.5000  -37.5000  -37.5000 5732.6392   23.9464
   -7.5000  -30.0000  -37.5000 6387.9209   23.3271
    0.0000  -30.0000  -37.5000 6702.2031   23.3554
    7.5000  -30.0000  -37.5000 6482.4751   23.3921
   -7.5000  -22.5000  -37.5000 7175.9800   22.9870
    0.0000  -22.5000  -37.5000 7543.7026   23.0160
    7.5000  -22.5000  -37.5000 7271.3823   23.0558
   -7.5000  -15.0000  -37.5000 7995.5557   22.9652
    0.0000  -15.0000  -37.5000 8419.1855   22.9954
    7.5000  -15.0000  -37.5000 8113.9111   23.0507
   -7.5000   -7.5000  -37.5000 8881.1943   22.9519
    0.0000   -7.5000  -37.5000 9369.4160   22.9814
    7.5000   -7.5000  -37.5000 9034.7666   23.0505
   -7.5000    0.0000  -37.5000 9759.3096   22.9449
    0.0000    0.0000  -37.500010288.2959   22.9734
    7.5000    0.0000  -37.5000 9921.9639   23.0396
   -7.5000    7.5000  -37.5000 9830.5352   22.9416
    0.0000    7.5000  -37.500010369.2705   22.9696
    7.5000    7.5000  -37.5000 9988.1523   23.0189
   -7.5000   15.0000  -37.5000 9708.9658   22.9454
    0.0000   15.0000  -37.500010260.2529   22.9730
    7.5000   15.0000  -37.5000 9846.8955   23.0093
   -7.5000   22.5000  -37.5000 9588.6367   22.9556
    0.0000   22.5000  -37.500010107.7012   22.9846
    7.5000   22.5000  -37.5000 9687.9600   23.0241
   -7.5000   30.0000  -37.5000 9413.0371   22.6561
    0.0000   30.0000  -37.5000 9918.7744   22.6859
    7.5000   30.0000  -37.5000 9495.5234   22.7406
   -7.5000   37.5000  -37.5000 9547.9971   22.6460
    0.0000   37.5000  -37.500010036.5869   22.6751
    7.5000   37.5000  -37.5000 9612.3477   22.7433
   -7.5000   45.0000  -37.5000 9201.9717   22.0643
    0.0000   45.0000  -37.5000 9660.8604   22.0917
    7.5000   45.0000  -37.5000 9259.8223   22.1553
   -7.5000  -45.0000  -30.0000 5577.6211   25.4355
    0.0000  -45.0000  -30.0000 5850.0884   25.4658
    7.5000  -45.0000  -30.0000 5642.3682   25.5132
   -7.5000  -37.5000  -30.0000 6119.3511   24.6382
    0.0000  -37.5000  -30.0000 6412.1519   24.6609
    7.5000  -37.5000  -30.0000 6190.1899   24.6787
   -7.5000  -30.0000  -30.0000 6917.3560   24.1066
    0.0000  -30.0000  -30.0000 7267.8809   24.1202
    7.5000  -30.0000  -30.0000 7002.7915   24.1191
   -7.5000  -22.5000  -30.0000 7749.2910   23.7597
    0.0000  -22.5000  -30.0000 8170.7275   23.7727
    7.5000  -22.5000  -30.0000 7843.5000   23.7770
   -7.5000  -15.0000  -30.0000 8688.6895   23.7262
    0.0000  -15.0000  -30.0000 9174.5986   23.7441
    7.5000  -15.0000  -30.0000 8802.6426   23.7690
   -7.5000   -7.5000  -30.0000 9660.6836   23.6956
    0.0000   -7.5000  -30.000010207.1445   23.7191
    7.5000   -7.5000  -30.0000 9807.8008   23.7628
   -7.5000    0.0000  -30.000010598.9238   23.6798
    0.0000    0.0000  -30.000011192.1211   23.7059
    7.5000    0.0000  -30.000010751.6611   23.7468
   -7.5000    7.5000  -30.000010682.0986   23.6916
    0.0000    7.5000  -30.000011268.5010   23.7126
    7.5000    7.5000  -30.000010815.6680   23.7302
   -7.5000   15.0000  -30.000010578.9648   23.7150
    0.0000   15.0000  -30.000011184.2451   23.7286
    7.5000   15.0000  -30.000010680.3994   23.7281
   -7.5000   22.5000  -30.000010423.2012   23.7250
    0.0000   22.5000  -30.000010996.7881   23.7380
    7.5000   22.5000  -30.000010501.5820   23.7422
   -7.5000   30.0000  -30.000010169.7246   23.4091
    0.0000   30.0000  -30.000010731.5273   23.4268
    7.5000   30.0000  -30.000010266.0625   23.4514
   -7.5000   37.5000  -30.000010266.6553   23.3820
    0.0000   37.5000  -30.000010813.9570   23.4052
    7.5000   37.5000  -30.000010339.3809   23.4483
   -7.5000   45.0000  -30.0000 9901.3232   22.7877
    0.0000   45.0000  -30.000010424.2490   22.8128
    7.5000   45.0000  -30.0000 9933.2705   22.8522
   -7.5000  -45.0000  -22.5000 6082.8726   26.2692
    0.0000  -45.0000  -22.5000 6398.1274   26.3126
    7.5000  -45.0000  -22.5000 6171.0039   26.3733
   -7.5000  -37.5000  -22.5000 6673.2334   25.4391
    0.0000  -37.5000  -22.5000 7012.7715   25.4723
    7.5000  -37.5000  -22.5000 6763.5493   25.5067
   -7.5000  -30.0000  -22.5000 7526.7690   24.8826
    0.0000  -30.0000  -22.5000 7918.5249   24.9056
    7.5000  -30.0000  -22.5000 7620.0151   24.9191
   -7.5000  -22.5000  -22.5000 8451.3027   24.5254
    0.0000  -22.5000  -22.5000 8903.9736   24.5478
    7.5000  -22.5000  -22.5000 8563.9805   24.5601
   -7.5000  -15.0000  -22.5000 9506.8516   24.4966
    0.0000  -15.0000  -22.500010020.9697   24.5231
    7.5000  -15.0000  -22.5000 9637.7646   24.5519
   -7.5000   -7.5000  -22.500010583.1299   24.4688
    0.0000   -7.5000  -22.500011158.5596   24.5017
    7.5000   -7.5000  -22.500010729.1357   24.5506
   -7.5000    0.0000  -22.500011572.9746   24.4520
    0.0000    0.0000  -22.500012208.1465   24.4876
    7.5000    0.0000  -22.500011706.5361   24.5389
   -7.5000    7.5000  -22.500011618.4258   24.4601
    0.0000    7.5000  -22.500012244.8711   24.4900
    7.5000    7.5000  -22.500011724.2783   24.5222
   -7.5000   15.0000  -22.500011512.9033   24.4793
    0.0000   15.0000  -22.500012147.3691   24.5019
    7.5000   15.0000  -22.500011612.5996   24.5153
   -7.5000   22.5000  -22.500011353.7373   24.4880
    0.0000   22.5000  -22.500011977.0859   24.5103
    7.5000   22.5000  -22.500011446.5234   24.5225
   -7.5000   30.0000  -22.500011072.8252   24.1729
    0.0000   30.0000  -22.500011687.3662   24.1992
    7.5000   30.0000  -22.500011177.7539   24.2276
   -7.5000   37.5000  -22.500011117.6172   24.1487
    0.0000   37.5000  -22.500011709.7549   24.1812
    7.5000   37.5000  -22.500011201.2100   24.2294
   -7.5000   45.0000  -22.500010696.6924   23.5485
    0.0000   45.0000  -22.500011274.6650   23.5827
    7.5000   45.0000  -22.500010751.2246   23.6321
   -7.5000  -45.0000  -15.0000 6595.4536   26.8642
    0.0000  -45.0000  -15.0000 6936.9614   26.9215
    7.5000  -45.0000  -15.0000 6701.8667   27.0235
   -7.5000  -37.5000  -15.0000 7200.7930   26.0029
    0.0000  -37.5000  -15.0000 7585.6240   26.0498
    7.5000  -37.5000  -15.0000 7314.4985   26.1317
   -7.5000  -30.0000  -15.0000 8151.5557   25.4218
    0.0000  -30.0000  -15.0000 8580.4365   25.4632
    7.5000  -30.0000  -15.0000 8258.1445   25.5240
   -7.5000  -22.5000  -15.0000 9189.5928   25.0639
    0.0000  -22.5000  -15.0000 9680.0088   25.1064
    7.5000  -22.5000  -15.0000 9306.0723   25.1575
   -7.5000  -15.0000  -15.000010335.8457   25.0461
    0.0000  -15.0000  -15.000010889.7363   25.0908
    7.5000  -15.0000  -15.000010439.5859   25.1504
   -7.5000   -7.5000  -15.000011469.3438   25.0243
    0.0000   -7.5000  -15.000012085.7363   25.0713
    7.5000   -7.5000  -15.000011583.8408   25.1500
   -7.5000    0.0000  -15.000012515.2949   25.0056
    0.0000    0.0000  -15.000013191.1914   25.0523
    7.5000    0.0000  -15.000012634.3408   25.1394
   -7.5000    7.5000  -15.000012543.3418   25.0015
    0.0000    7.5000  -15.000013215.1357   25.0439
    7.5000    7.5000  -15.000012657.7822   25.1202
   -7.5000   15.0000  -15.000012458.8320   25.0109
    0.0000   15.0000  -15.000013123.1465   25.0512
    7.5000   15.0000  -15.000012563.0039   25.1103
   -7.5000   22.5000  -15.000012314.5264   25.0246
    0.0000   22.5000  -15.000012985.5850   25.0670
    7.5000   22.5000  -15.000012381.7822   25.1178
   -7.5000   30.0000  -15.000012015.4805   24.7186
    0.0000   30.0000  -15.000012670.6807   24.7628
    7.5000   30.0000  -15.000012084.1318   24.8217
   -7.5000   37.5000  -15.000011999.8633   24.7004
    0.0000   37.5000  -15.000012660.8828   24.7468
    7.5000   37.5000  -15.000012091.2637   24.8245
   -7.5000   45.0000  -15.000011510.6729   24.0962
    0.0000   45.0000  -15.000012147.8447   24.1412
    7.5000   45.0000  -15.000011574.4502   24.2251
   -7.5000  -45.0000   -7.5000 7098.5249   27.1698
    0.0000  -45.0000   -7.5000 7454.6274   27.2278
    7.5000  -45.0000   -7.5000 7196.6938   27.3609
   -7.5000  -37.5000   -7.5000 7771.2534   26.2875
    0.0000  -37.5000   -7.5000 8171.7549   26.3392
    7.5000  -37.5000   -7.5000 7880.0303   26.4550
   -7.5000  -30.0000   -7.5000 8846.0850   25.6891
    0.0000  -30.0000   -7.5000 9300.3926   25.7417
    7.5000  -30.0000   -7.5000 8947.1768   25.8393
   -7.5000  -22.5000   -7.5000 9992.5400   25.3336
    0.0000  -22.5000   -7.500010515.2617   25.3886
    7.5000  -22.5000   -7.500010078.3809   25.4746
   -7.5000  -15.0000   -7.500011192.9688   25.3282
    0.0000  -15.0000   -7.500011782.6543   25.3826
    7.5000  -15.0000   -7.500011272.5508   25.4736
   -7.5000   -7.5000   -7.500012385.2432   25.3151
    0.0000   -7.5000   -7.500013020.7764   25.3665
    7.5000   -7.5000   -7.500012484.5264   25.4737
   -7.5000    0.0000   -7.500013532.0459   25.2959
    0.0000    0.0000   -7.500014230.7646   25.3440
    7.5000    0.0000   -7.500013630.3242   25.4597
   -7.5000    7.5000   -7.500013574.6777   25.2772
    0.0000    7.5000   -7.500014308.2998   25.3246
    7.5000    7.5000   -7.500013683.5850   25.4336
   -7.5000   15.0000   -7.500013510.0596   25.2747
    0.0000   15.0000   -7.500014212.4717   25.3257
    7.5000   15.0000   -7.500013591.6152   25.4207
   -7.5000   22.5000   -7.500013320.9111   25.2913
    0.0000   22.5000   -7.500014035.4307   25.3461
    7.5000   22.5000   -7.500013359.4795   25.4317
   -7.5000   30.0000   -7.500012972.6768   24.9964
    0.0000   30.0000   -7.500013673.5732   25.0501
    7.5000   30.0000   -7.500013017.7998   25.1400
   -7.5000   37.5000   -7.500012974.2676   24.9868
    0.0000   37.5000   -7.500013660.0947   25.0375
    7.5000   37.5000   -7.500013041.5957   25.1433
   -7.5000   45.0000   -7.500012406.4697   24.3805
    0.0000   45.0000   -7.500013065.7441   24.4269
    7.5000   45.0000   -7.500012458.6982   24.5383
   -7.5000  -45.0000    0.0000 7526.8428   27.2477
    0.0000  -45.0000    0.0000 7909.3467   27.2945
    7.5000  -45.0000    0.0000 7618.3174   27.4180
   -7.5000  -37.5000    0.0000 8317.3877   26.3652
    0.0000  -37.5000    0.0000 8737.6621   26.4106
    7.5000  -37.5000    0.0000 8408.2861   26.5154
   -7.5000  -30.0000    0.0000 9514.7334   25.7634
    0.0000  -30.0000    0.0000 9976.3047   25.8130
    7.5000  -30.0000    0.0000 9592.7910   25.9043
   -7.5000  -22.5000    0.000010749.8750   25.4018
    0.0000  -22.5000    0.000011278.4648   25.4534
    7.5000  -22.5000    0.000010805.0098   25.5395
   -7.5000  -15.0000    0.000012035.2529   25.3941
    0.0000  -15.0000    0.000012603.2422   25.4435
    7.5000  -15.0000    0.000012090.6826   25.5377
   -7.5000   -7.5000    0.000013284.6025   25.3868
    0.0000   -7.5000    0.000013909.7188   25.4307
    7.5000   -7.5000    0.000013356.2070   25.5370
   -7.5000    0.0000    0.000014519.6572   25.3739
    0.0000    0.0000    0.000015223.6357   25.4142
    7.5000    0.0000    0.000014581.1699   25.5229
   -7.5000    7.5000    0.000014579.4844   25.3545
    0.0000    7.5000    0.000015333.5693   25.3969
    7.5000    7.5000    0.000014662.2939   25.4968
   -7.5000   15.0000    0.000014478.4102   25.3476
    0.0000   15.0000    0.000015208.3633   25.3957
    7.5000   15.0000    0.000014524.9775   25.4849
   -7.5000   22.5000    0.000014235.3301   25.3594
    0.0000   22.5000    0.000014956.4707   25.4108
    7.5000   22.5000    0.000014229.0410   25.4966
   -7.5000   30.0000    0.000013892.1006   25.0621
    0.0000   30.0000    0.000014604.0576   25.1109
    7.5000   30.0000    0.000013867.5664   25.2040
   -7.5000   37.5000    0.000013885.1680   25.0583
    0.0000   37.5000    0.000014635.7266   25.1015
    7.5000   37.5000    0.000013850.8271   25.2065
   -7.5000   45.0000    0.000013259.4238   24.4575
    0.0000   45.0000    0.000013945.4795   24.4963
    7.5000   45.0000    0.000013243.8877   24.6011
   -7.5000  -45.0000    7.5000 7409.5176   27.2739
    0.0000  -45.0000    7.5000 7770.1826   27.3079
    7.5000  -45.0000    7.5000 7492.6401   27.3889
   -7.5000  -37.5000    7.5000 8264.5098   26.4086
    0.0000  -37.5000    7.5000 8663.4814   26.4397
    7.5000  -37.5000    7.5000 8330.3301   26.4944
   -7.5000  -30.0000    7.5000 9478.8564   25.8249
    0.0000  -30.0000    7.5000 9931.4814   25.8546
    7.5000  -30.0000    7.5000 9519.4170   25.8943
   -7.5000  -22.5000    7.500010675.8496   25.4562
    0.0000  -22.5000    7.500011183.2549   25.4868
    7.5000  -22.5000    7.500010733.9893   25.5299
   -7.5000  -15.0000    7.500011963.6133   25.4310
    0.0000  -15.0000    7.500012501.4834   25.4628
    7.5000  -15.0000    7.500012010.2910   25.5230
   -7.5000   -7.5000    7.500013231.4160   25.4106
    0.0000   -7.5000    7.500013815.9336   25.4418
    7.5000   -7.5000    7.500013269.3975   25.5167
   -7.5000    0.0000    7.500014432.4355   25.3983
    0.0000    0.0000    7.500015092.2275   25.4285
    7.5000    0.0000    7.500014476.5908   25.5000
   -7.5000    7.5000    7.500014498.8574   25.3967
    0.0000    7.5000    7.500015202.5625   25.4262
    7.5000    7.5000    7.500014527.8604   25.4794
   -7.5000   15.0000    7.500014427.6104   25.4068
    0.0000   15.0000    7.500015102.0068   25.4358
    7.5000   15.0000    7.500014404.3906   25.4751
   -7.5000   22.5000    7.500014198.2490   25.4136
    0.0000   22.5000    7.500014871.7471   25.4441
    7.5000   22.5000    7.500014060.0068   25.4870
   -7.5000   30.0000    7.500013839.2529   25.0985
    0.0000   30.0000    7.500014537.2080   25.1300
    7.5000   30.0000    7.500013694.8330   25.1894
   -7.5000   37.5000    7.500013816.0117   25.0817
    0.0000   37.5000    7.500014529.0312   25.1125
    7.5000   37.5000    7.500013685.7256   25.1864
   -7.5000   45.0000    7.500013131.9434   24.4810
    0.0000   45.0000    7.500013796.3623   24.5101
    7.5000   45.0000    7.500013047.9639   24.5791
   -7.5000  -45.0000   15.0000 7218.9629   27.2812
    0.0000  -45.0000   15.0000 7556.2925   27.3136
    7.5000  -45.0000   15.0000 7313.9014   27.3641
   -7.5000  -37.5000   15.0000 8064.1367   26.4261
    0.0000  -37.5000   15.0000 8451.7656   26.4505
    7.5000  -37.5000   15.0000 8132.1724   26.4691
   -7.5000  -30.0000   15.0000 9234.6074   25.8563
    0.0000  -30.0000   15.0000 9701.2900   25.8709
    7.5000  -30.0000   15.0000 9298.1943   25.8693
   -7.5000  -22.5000   15.000010431.0254   25.4852
    0.0000  -22.5000   15.000010937.5537   25.4993
    7.5000  -22.5000   15.000010496.2773   25.5035
   -7.5000  -15.0000   15.000011732.3145   25.4502
    0.0000  -15.0000   15.000012269.0830   25.4694
    7.5000  -15.0000   15.000011800.3330   25.4959
   -7.5000   -7.5000   15.000013014.8174   25.4176
    0.0000   -7.5000   15.000013607.7617   25.4428
    7.5000   -7.5000   15.000013058.4082   25.4894
   -7.5000    0.0000   15.000014210.8701   25.4002
    0.0000    0.0000   15.000014844.3652   25.4280
    7.5000    0.0000   15.000014235.0332   25.4717
   -7.5000    7.5000   15.000014363.5381   25.4120
    0.0000    7.5000   15.000015014.3936   25.4345
    7.5000    7.5000   15.000014314.9854   25.4530
   -7.5000   15.0000   15.000014342.9346   25.4368
    0.0000   15.0000   15.000015004.3789   25.4514
    7.5000   15.0000   15.000014127.1221   25.4504
   -7.5000   22.5000   15.000014051.8252   25.4425
    0.0000   22.5000   15.000014648.3906   25.4564
    7.5000   22.5000   15.000013774.3975   25.4606
   -7.5000   30.0000   15.000013646.5742   25.1174
    0.0000   30.0000   15.000014241.1865   25.1365
    7.5000   30.0000   15.000013428.6045   25.1627
   -7.5000   37.5000   15.000013595.1191   25.0886
    0.0000   37.5000   15.000014204.5967   25.1135
    7.5000   37.5000   15.000013440.9053   25.1595
   -7.5000   45.0000   15.000012898.5732   24.4828
    0.0000   45.0000   15.000013474.3936   24.5097
    7.5000   45.0000   15.000012796.0215   24.5518
   -7.5000  -45.0000   22.5000 6911.2334   27.2625
    0.0000  -45.0000   22.5000 7267.9697   27.3074
    7.5000  -45.0000   22.5000 7009.0791   27.3704
   -7.5000  -37.5000   22.5000 7786.4067   26.4014
    0.0000  -37.5000   22.5000 8155.2290   26.4358
    7.5000  -37.5000   22.5000 7856.9336   26.4713
   -7.5000  -30.0000   22.5000 8961.2969   25.8240
    0.0000  -30.0000   22.5000 9398.3486   25.8478
    7.5000  -30.0000   22.5000 9037.9697   25.8618
   -7.5000  -22.5000   22.500010132.8389   25.4534
    0.0000  -22.5000   22.500010631.8574   25.4765
    7.5000  -22.5000   22.500010231.1074   25.4893
   -7.5000  -15.0000   22.500011379.5059   25.4233
    0.0000  -15.0000   22.500011922.4668   25.4508
    7.5000  -15.0000   22.500011464.6592   25.4806
   -7.5000   -7.5000   22.500012632.9980   25.3944
    0.0000   -7.5000   22.500013236.3867   25.4284
    7.5000   -7.5000   22.500012699.9854   25.4792
   -7.5000    0.0000   22.500013879.8633   25.3770
    0.0000    0.0000   22.500014544.0391   25.4139
    7.5000    0.0000   22.500013901.0254   25.4670
   -7.5000    7.5000   22.500014101.7480   25.3855
    0.0000    7.5000   22.500014766.9697   25.4165
    7.5000    7.5000   22.500014030.8809   25.4499
   -7.5000   15.0000   22.500013943.3779   25.4055
    0.0000   15.0000   22.500014519.1689   25.4290
    7.5000   15.0000   22.500013816.3955   25.4428
   -7.5000   22.5000   22.500013469.1006   25.4107
    0.0000   22.5000   22.500013880.6992   25.4338
    7.5000   22.5000   22.500013363.6787   25.4464
   -7.5000   30.0000   22.500013144.9219   25.0909
    0.0000   30.0000   22.500013563.1611   25.1181
    7.5000   30.0000   22.500013055.5527   25.1476
   -7.5000   37.5000   22.500013172.0488   25.0657
    0.0000   37.5000   22.500013641.2480   25.0993
    7.5000   37.5000   22.500013073.8896   25.1494
   -7.5000   45.0000   22.500012525.2539   24.4605
    0.0000   45.0000   22.500013024.7910   24.4961
    7.5000   45.0000   22.500012431.9785   24.5473
   -7.5000  -45.0000   30.0000 6521.9644   27.2326
    0.0000  -45.0000   30.0000 6864.8604   27.2907
    7.5000  -45.0000   30.0000 6644.7603   27.3941
   -7.5000  -37.5000   30.0000 7327.4961   26.3597
    0.0000  -37.5000   30.0000 7740.3379   26.4073
    7.5000  -37.5000   30.0000 7430.0132   26.4902
   -7.5000  -30.0000   30.0000 8476.7178   25.7708
    0.0000  -30.0000   30.0000 8964.6211   25.8128
    7.5000  -30.0000   30.0000 8555.6943   25.8744
   -7.5000  -22.5000   30.0000 9636.5518   25.4079
    0.0000  -22.5000   30.000010174.0830   25.4510
    7.5000  -22.5000   30.0000 9728.4609   25.5028
   -7.5000  -15.0000   30.000010868.1475   25.3898
    0.0000  -15.0000   30.000011435.6104   25.4351
    7.5000  -15.0000   30.000010956.2266   25.4955
   -7.5000   -7.5000   30.000012089.7646   25.3675
    0.0000   -7.5000   30.000012693.1807   25.4151
    7.5000   -7.5000   30.000012172.4932   25.4949
   -7.5000    0.0000   30.000013307.5449   25.3486
    0.0000    0.0000   30.000013932.0898   25.3959
    7.5000    0.0000   30.000013361.1729   25.4841
   -7.5000    7.5000   30.000013461.6484   25.3446
    0.0000    7.5000   30.000014160.7305   25.3875
    7.5000    7.5000   30.000013487.5566   25.4649
   -7.5000   15.0000   30.000013326.5771   25.3543
    0.0000   15.0000   30.000013967.7549   25.3951
    7.5000   15.0000   30.000013349.4336   25.4550
   -7.5000   22.5000   30.000012984.6826   25.3654
    0.0000   22.5000   30.000013463.7324   25.4084
    7.5000   22.5000   30.000012982.3477   25.4599
   -7.5000   30.0000   30.000012707.1289   25.0578
    0.0000   30.0000   30.000013170.1709   25.1026
    7.5000   30.0000   30.000012628.5674   25.1623
   -7.5000   37.5000   30.000012753.6270   25.0392
    0.0000   37.5000   30.000013278.9121   25.0862
    7.5000   37.5000   30.000012633.5547   25.1650
   -7.5000   45.0000   30.000012093.8682   24.4331
    0.0000   45.0000   30.000012643.8984   24.4787
    7.5000   45.0000   30.000011995.7324   24.5638
   -7.5000  -45.0000   37.5000 6332.5293   27.2309
    0.0000  -45.0000   37.5000 6690.5225   27.2890
    7.5000  -45.0000   37.5000 6456.0015   27.4224
   -7.5000  -37.5000   37.5000 7177.9731   26.3466
    0.0000  -37.5000   37.5000 7555.3867   26.3984
    7.5000  -37.5000   37.5000 7303.0596   26.5144
   -7.5000  -30.0000   37.5000 8315.2188   25.7468
    0.0000  -30.0000   37.5000 8739.5820   25.7995
    7.5000  -30.0000   37.5000 8453.7676   25.8973
   -7.5000  -22.5000   37.5000 9472.6318   25.3904
    0.0000  -22.5000   37.5000 9949.7695   25.4456
    7.5000  -22.5000   37.5000 9598.8281   25.5317
   -7.5000  -15.0000   37.500010672.5020   25.3849
    0.0000  -15.0000   37.500011239.7930   25.4394
    7.5000  -15.0000   37.500010787.7119   25.5306
   -7.5000   -7.5000   37.500011867.1553   25.3717
    0.0000   -7.5000   37.500012518.6553   25.4232
    7.5000   -7.5000   37.500011967.9062   25.5306
   -7.5000    0.0000   37.500013033.9639   25.3524
    0.0000    0.0000   37.500013805.1006   25.4006
    7.5000    0.0000   37.500013123.4951   25.5165
   -7.5000    7.5000   37.500013193.2764   25.3338
    0.0000    7.5000   37.500014029.8232   25.3813
    7.5000    7.5000   37.500013243.9014   25.4905
   -7.5000   15.0000   37.500013152.0273   25.3314
    0.0000   15.0000   37.500013976.8311   25.3825
    7.5000   15.0000   37.500013151.9922   25.4777
   -7.5000   22.5000   37.500012910.7012   25.3480
    0.0000   22.5000   37.500013678.9395   25.4029
    7.5000   22.5000   37.500012889.5693   25.4888
   -7.5000   30.0000   37.500012578.7500   25.0530
    0.0000   30.0000   37.500013278.5811   25.1069
    7.5000   30.0000   37.500012536.1387   25.1969
   -7.5000   37.5000   37.500012535.9043   25.0433
    0.0000   37.5000   37.500013192.6279   25.0942
    7.5000   37.5000   37.500012482.6318   25.2001
   -7.5000   45.0000   37.500011854.9756   24.4368
    0.0000   45.0000   37.500012449.2529   24.4833
    7.5000   45.0000   37.500011820.8984   24.5950
   -7.5000  -45.0000   45.0000 5867.5376   27.0956
    0.0000  -45.0000   45.0000 6159.8623   27.1420
    7.5000  -45.0000   45.0000 5959.1045   27.2649
   -7.5000  -37.5000   45.0000 6632.9028   26.2174
    0.0000  -37.5000   45.0000 6986.2246   26.2624
    7.5000  -37.5000   45.0000 6732.8843   26.3666
   -7.5000  -30.0000   45.0000 7674.1230   25.6186
    0.0000  -30.0000   45.0000 8104.8506   25.6678
    7.5000  -30.0000   45.0000 7799.1504   25.7585
   -7.5000  -22.5000   45.0000 8746.6846   25.2585
    0.0000  -22.5000   45.0000 9250.2324   25.3097
    7.5000  -22.5000   45.0000 8879.0098   25.3953
   -7.5000  -15.0000   45.0000 9905.5088   25.2507
    0.0000  -15.0000   45.000010465.8008   25.2997
    7.5000  -15.0000   45.000010008.6709   25.3934
   -7.5000   -7.5000   45.000011039.3809   25.2433
    0.0000   -7.5000   45.000011678.7412   25.2869
    7.5000   -7.5000   45.000011118.8252   25.3926
   -7.5000    0.0000   45.000012172.2129   25.2305
    0.0000    0.0000   45.000012856.9502   25.2705
    7.5000    0.0000   45.000012234.1016   25.3786
   -7.5000    7.5000   45.000012307.6904   25.2114
    0.0000    7.5000   45.000012976.5488   25.2535
    7.5000    7.5000   45.000012362.8711   25.3528
   -7.5000   15.0000   45.000012246.5088   25.2047
    0.0000   15.0000   45.000012835.6982   25.2524
    7.5000   15.0000   45.000012278.5459   25.3410
   -7.5000   22.5000   45.000011999.7705   25.2162
    0.0000   22.5000   45.000012534.1738   25.2673
    7.5000   22.5000   45.000012009.9893   25.3525
   -7.5000   30.0000   45.000011690.2520   24.9183
    0.0000   30.0000   45.000012180.8574   24.9669
    7.5000   30.0000   45.000011683.0283   25.0593
   -7.5000   37.5000   45.000011643.7412   24.9144
    0.0000   37.5000   45.000012165.3721   24.9574
    7.5000   37.5000   45.000011654.4814   25.0618
   -7.5000   45.0000   45.000011007.1377   24.3303
    0.0000   45.0000   45.000011505.5850   24.3689
    7.5000   45.0000   45.000011036.2861   24.4731

---------------------------------------------------------------------
imgreg_4dfp /opt/freesurfer/average/711-2C_as_mni_average_305 /opt/freesurfer/average/711-2B_as_mni_average_305_mask talsrcimg_g11 none talsrcimg_to_711-2C_as_mni_average_305_t4 4355
---------------------------------------------------------------------

freesurfer imgreg_4dfp.c
/opt/freesurfer/average/711-2C_as_mni_average_305.4dfp.img
       256       256       256         1
  1.000000  1.000000  1.000000
orientation T byte_order littleendian
Reading image: /opt/freesurfer/average/711-2C_as_mni_average_305.4dfp.img
dimensions:      256       256       256
mmppix:       1.0000   -1.0000   -1.0000
center:     128.0000 -129.0000 -129.0000
/opt/freesurfer/average/711-2B_as_mni_average_305_mask.4dfp.img
       256       256       256         1
  1.000000  1.000000  1.000000
orientation T byte_order littleendian
Reading mask: /opt/freesurfer/average/711-2B_as_mni_average_305_mask.4dfp.img (2306576 pixels)
talsrcimg_g11.4dfp.img
       256       256       256         1
  1.000000  1.000000  1.000000
orientation T byte_order littleendian
Reading image: talsrcimg_g11.4dfp.img
dimensions:      256       256       256
mmppix:       1.0000   -1.0000   -1.0000
center:     128.0000 -129.0000 -129.0000
rotation matrix determinant  1.000000
image alignment mode   4355 decimal     1103 hex
   -7.5000  -37.5000  -45.0000 1583.7483   43.3742
    0.0000  -37.5000  -45.0000 1595.6177   42.7337
    7.5000  -37.5000  -45.0000 1597.3752   42.8196
   -7.5000  -30.0000  -45.0000 1678.5177   38.4117
    0.0000  -30.0000  -45.0000 1686.4930   37.8368
    7.5000  -30.0000  -45.0000 1697.1904   37.8240
   -7.5000  -22.5000  -45.0000 1777.0116   34.3933
    0.0000  -22.5000  -45.0000 1782.6709   33.8288
    7.5000  -22.5000  -45.0000 1790.4753   33.8386
   -7.5000  -15.0000  -45.0000 1863.0211   31.0663
    0.0000  -15.0000  -45.0000 1873.9204   30.6511
    7.5000  -15.0000  -45.0000 1875.0570   30.6972
   -7.5000   -7.5000  -45.0000 1943.3940   28.6120
    0.0000   -7.5000  -45.0000 1958.6860   28.2941
    7.5000   -7.5000  -45.0000 1957.3447   28.4133
   -7.5000    0.0000  -45.0000 1994.7791   27.0418
    0.0000    0.0000  -45.0000 2014.8041   26.7272
    7.5000    0.0000  -45.0000 2008.9828   26.8346
   -7.5000    7.5000  -45.0000 2024.3060   26.0295
    0.0000    7.5000  -45.0000 2046.2820   25.6259
    7.5000    7.5000  -45.0000 2035.2550   25.8019
   -7.5000   15.0000  -45.0000 2034.2109   25.3854
    0.0000   15.0000  -45.0000 2055.8694   25.0452
    7.5000   15.0000  -45.0000 2043.1908   25.2171
   -7.5000   22.5000  -45.0000 2030.6355   25.2516
    0.0000   22.5000  -45.0000 2050.4634   24.8814
    7.5000   22.5000  -45.0000 2040.0259   25.0736
   -7.5000   30.0000  -45.0000 2017.9974   25.5507
    0.0000   30.0000  -45.0000 2033.9824   25.1057
    7.5000   30.0000  -45.0000 2025.5758   25.3632
   -7.5000   37.5000  -45.0000 1986.3823   26.4678
    0.0000   37.5000  -45.0000 1999.0719   25.9623
    7.5000   37.5000  -45.0000 1989.7759   26.1171
   -7.5000   45.0000  -45.0000 1941.3937   27.8428
    0.0000   45.0000  -45.0000 1950.6387   27.2676
    7.5000   45.0000  -45.0000 1945.9919   27.4452
   -7.5000   52.5000  -45.0000 1868.3865   29.4383
    0.0000   52.5000  -45.0000 1884.9453   28.9627
    7.5000   52.5000  -45.0000 1880.5205   29.1129
   -7.5000  -37.5000  -37.5000 1654.4288   40.0454
    0.0000  -37.5000  -37.5000 1665.5198   39.3956
    7.5000  -37.5000  -37.5000 1660.9744   39.3925
   -7.5000  -30.0000  -37.5000 1770.5851   35.4343
    0.0000  -30.0000  -37.5000 1778.6379   34.8279
    7.5000  -30.0000  -37.5000 1774.1797   34.6797
   -7.5000  -22.5000  -37.5000 1880.3063   31.6632
    0.0000  -22.5000  -37.5000 1892.9086   31.2204
    7.5000  -22.5000  -37.5000 1887.5620   31.0927
   -7.5000  -15.0000  -37.5000 1965.3148   28.5551
    0.0000  -15.0000  -37.5000 1979.3914   28.2301
    7.5000  -15.0000  -37.5000 1975.0115   28.1650
   -7.5000   -7.5000  -37.5000 2045.3707   26.2752
    0.0000   -7.5000  -37.5000 2065.1172   25.9649
    7.5000   -7.5000  -37.5000 2059.5605   25.9975
   -7.5000    0.0000  -37.5000 2101.3535   24.7980
    0.0000    0.0000  -37.5000 2116.9622   24.5035
    7.5000    0.0000  -37.5000 2115.1636   24.5177
   -7.5000    7.5000  -37.5000 2136.9077   23.7789
    0.0000    7.5000  -37.5000 2153.9604   23.5013
    7.5000    7.5000  -37.5000 2149.6235   23.5385
   -7.5000   15.0000  -37.5000 2138.2529   23.3116
    0.0000   15.0000  -37.5000 2155.6331   22.9989
    7.5000   15.0000  -37.5000 2149.7625   23.0136
   -7.5000   22.5000  -37.5000 2134.9065   23.2518
    0.0000   22.5000  -37.5000 2149.8005   22.9140
    7.5000   22.5000  -37.5000 2139.2566   22.9843
   -7.5000   30.0000  -37.5000 2125.6841   23.4044
    0.0000   30.0000  -37.5000 2139.9351   23.0324
    7.5000   30.0000  -37.5000 2128.3289   23.1591
   -7.5000   37.5000  -37.5000 2101.1128   24.1675
    0.0000   37.5000  -37.5000 2124.4797   23.7298
    7.5000   37.5000  -37.5000 2105.4351   23.7669
   -7.5000   45.0000  -37.5000 2052.6875   25.2879
    0.0000   45.0000  -37.5000 2071.2205   24.8652
    7.5000   45.0000  -37.5000 2061.0823   24.9079
   -7.5000   52.5000  -37.5000 1973.2404   26.6280
    0.0000   52.5000  -37.5000 1991.5748   26.1703
    7.5000   52.5000  -37.5000 1983.2963   26.2384
   -7.5000  -37.5000  -30.0000 1761.6687   38.2743
    0.0000  -37.5000  -30.0000 1769.1680   37.8250
    7.5000  -37.5000  -30.0000 1761.2966   37.5538
   -7.5000  -30.0000  -30.0000 1882.9088   33.7600
    0.0000  -30.0000  -30.0000 1892.6808   33.2959
    7.5000  -30.0000  -30.0000 1884.2944   33.0311
   -7.5000  -22.5000  -30.0000 1991.4709   30.1139
    0.0000  -22.5000  -30.0000 2005.8167   29.7240
    7.5000  -22.5000  -30.0000 1993.5519   29.4977
   -7.5000  -15.0000  -30.0000 2092.3428   27.2493
    0.0000  -15.0000  -30.0000 2115.2529   26.9114
    7.5000  -15.0000  -30.0000 2102.2412   26.7312
   -7.5000   -7.5000  -30.0000 2184.5420   25.0835
    0.0000   -7.5000  -30.0000 2204.7085   24.7946
    7.5000   -7.5000  -30.0000 2197.3188   24.6964
   -7.5000    0.0000  -30.0000 2250.7627   23.4505
    0.0000    0.0000  -30.0000 2270.2095   23.2313
    7.5000    0.0000  -30.0000 2262.5010   23.1781
   -7.5000    7.5000  -30.0000 2281.9780   22.5222
    0.0000    7.5000  -30.0000 2302.1428   22.2955
    7.5000    7.5000  -30.0000 2295.0022   22.1770
   -7.5000   15.0000  -30.0000 2286.4199   22.1531
    0.0000   15.0000  -30.0000 2307.5093   21.8991
    7.5000   15.0000  -30.0000 2297.2168   21.7969
   -7.5000   22.5000  -30.0000 2278.9053   22.0387
    0.0000   22.5000  -30.0000 2296.6252   21.7467
    7.5000   22.5000  -30.0000 2286.8438   21.6856
   -7.5000   30.0000  -30.0000 2251.3279   22.0368
    0.0000   30.0000  -30.0000 2271.5955   21.7738
    7.5000   30.0000  -30.0000 2262.5635   21.7153
   -7.5000   37.5000  -30.0000 2234.5635   22.5083
    0.0000   37.5000  -30.0000 2253.0391   22.1738
    7.5000   37.5000  -30.0000 2237.3933   22.1847
   -7.5000   45.0000  -30.0000 2195.0403   23.4539
    0.0000   45.0000  -30.0000 2214.8945   23.1437
    7.5000   45.0000  -30.0000 2200.1704   23.1766
   -7.5000   52.5000  -30.0000 2120.3499   24.8153
    0.0000   52.5000  -30.0000 2138.3115   24.4655
    7.5000   52.5000  -30.0000 2126.7532   24.4879
   -7.5000  -37.5000  -22.5000 1848.4263   36.2972
    0.0000  -37.5000  -22.5000 1859.8315   35.8173
    7.5000  -37.5000  -22.5000 1854.5933   35.6067
   -7.5000  -30.0000  -22.5000 1964.5049   31.8945
    0.0000  -30.0000  -22.5000 1978.3965   31.4708
    7.5000  -30.0000  -22.5000 1975.2832   31.1953
   -7.5000  -22.5000  -22.5000 2085.9453   28.3561
    0.0000  -22.5000  -22.5000 2104.9106   28.0189
    7.5000  -22.5000  -22.5000 2096.1729   27.6937
   -7.5000  -15.0000  -22.5000 2205.4131   25.6748
    0.0000  -15.0000  -22.5000 2222.9900   25.2989
    7.5000  -15.0000  -22.5000 2218.1201   25.1374
   -7.5000   -7.5000  -22.5000 2305.8733   23.5578
    0.0000   -7.5000  -22.5000 2321.9778   23.2763
    7.5000   -7.5000  -22.5000 2319.5847   23.1557
   -7.5000    0.0000  -22.5000 2374.8918   22.0074
    0.0000    0.0000  -22.5000 2393.9558   21.7968
    7.5000    0.0000  -22.5000 2384.5432   21.7458
   -7.5000    7.5000  -22.5000 2406.7112   21.1104
    0.0000    7.5000  -22.5000 2425.6704   20.8862
    7.5000    7.5000  -22.5000 2412.7571   20.8177
   -7.5000   15.0000  -22.5000 2410.3872   20.6430
    0.0000   15.0000  -22.5000 2437.4590   20.4173
    7.5000   15.0000  -22.5000 2422.0063   20.3454
   -7.5000   22.5000  -22.5000 2404.5547   20.5073
    0.0000   22.5000  -22.5000 2425.8291   20.1978
    7.5000   22.5000  -22.5000 2415.2900   20.1459
   -7.5000   30.0000  -22.5000 2384.7351   20.4762
    0.0000   30.0000  -22.5000 2406.9714   20.2578
    7.5000   30.0000  -22.5000 2401.9971   20.1893
   -7.5000   37.5000  -22.5000 2367.0994   20.8449
    0.0000   37.5000  -22.5000 2389.3669   20.6105
    7.5000   37.5000  -22.5000 2380.6265   20.6068
   -7.5000   45.0000  -22.5000 2330.2278   21.7232
    0.0000   45.0000  -22.5000 2350.5498   21.4508
    7.5000   45.0000  -22.5000 2342.1406   21.4598
   -7.5000   52.5000  -22.5000 2247.3977   22.9802
    0.0000   52.5000  -22.5000 2267.7888   22.6714
    7.5000   52.5000  -22.5000 2259.1335   22.6705
   -7.5000  -37.5000  -15.0000 1895.8446   34.3206
    0.0000  -37.5000  -15.0000 1910.4026   33.8747
    7.5000  -37.5000  -15.0000 1907.1194   33.7236
   -7.5000  -30.0000  -15.0000 2023.9038   30.0573
    0.0000  -30.0000  -15.0000 2041.6941   29.6666
    7.5000  -30.0000  -15.0000 2035.7118   29.4670
   -7.5000  -22.5000  -15.0000 2156.9573   26.8690
    0.0000  -22.5000  -15.0000 2177.1887   26.4981
    7.5000  -22.5000  -15.0000 2170.3296   26.2857
   -7.5000  -15.0000  -15.0000 2281.4749   24.2523
    0.0000  -15.0000  -15.0000 2300.6719   23.9335
    7.5000  -15.0000  -15.0000 2290.7061   23.7490
   -7.5000   -7.5000  -15.0000 2387.0015   22.1268
    0.0000   -7.5000  -15.0000 2408.0088   21.8701
    7.5000   -7.5000  -15.0000 2400.0854   21.7592
   -7.5000    0.0000  -15.0000 2455.7336   20.6441
    0.0000    0.0000  -15.0000 2478.7773   20.4073
    7.5000    0.0000  -15.0000 2466.4543   20.3568
   -7.5000    7.5000  -15.0000 2490.5989   19.7145
    0.0000    7.5000  -15.0000 2515.2192   19.4672
    7.5000    7.5000  -15.0000 2505.0969   19.4862
   -7.5000   15.0000  -15.0000 2512.5674   19.1468
    0.0000   15.0000  -15.0000 2535.1016   18.8828
    7.5000   15.0000  -15.0000 2527.8801   18.9319
   -7.5000   22.5000  -15.0000 2524.9490   18.9687
    0.0000   22.5000  -15.0000 2545.6592   18.6743
    7.5000   22.5000  -15.0000 2532.9739   18.7149
   -7.5000   30.0000  -15.0000 2513.4780   19.0547
    0.0000   30.0000  -15.0000 2539.7195   18.7741
    7.5000   30.0000  -15.0000 2527.1980   18.7694
   -7.5000   37.5000  -15.0000 2489.9290   19.3956
    0.0000   37.5000  -15.0000 2518.3164   19.1241
    7.5000   37.5000  -15.0000 2504.8652   19.1765
   -7.5000   45.0000  -15.0000 2447.0728   20.1663
    0.0000   45.0000  -15.0000 2477.6038   19.9305
    7.5000   45.0000  -15.0000 2459.1599   19.9900
   -7.5000   52.5000  -15.0000 2356.5264   21.2998
    0.0000   52.5000  -15.0000 2383.0266   21.0756
    7.5000   52.5000  -15.0000 2367.0232   21.1576
   -7.5000  -37.5000   -7.5000 1937.2439   32.9195
    0.0000  -37.5000   -7.5000 1946.1189   32.2803
    7.5000  -37.5000   -7.5000 1943.5769   32.2585
   -7.5000  -30.0000   -7.5000 2074.1868   28.8282
    0.0000  -30.0000   -7.5000 2089.9521   28.2477
    7.5000  -30.0000   -7.5000 2081.1460   28.1731
   -7.5000  -22.5000   -7.5000 2213.9709   25.6703
    0.0000  -22.5000   -7.5000 2236.4050   25.2002
    7.5000  -22.5000   -7.5000 2222.5940   25.0777
   -7.5000  -15.0000   -7.5000 2336.8333   23.0740
    0.0000  -15.0000   -7.5000 2362.4539   22.6945
    7.5000  -15.0000   -7.5000 2345.8472   22.6055
   -7.5000   -7.5000   -7.5000 2444.8237   21.0153
    0.0000   -7.5000   -7.5000 2468.5884   20.7055
    7.5000   -7.5000   -7.5000 2457.6421   20.6358
   -7.5000    0.0000   -7.5000 2524.8308   19.4702
    0.0000    0.0000   -7.5000 2549.9736   19.1698
    7.5000    0.0000   -7.5000 2541.3931   19.1683
   -7.5000    7.5000   -7.5000 2578.2507   18.4750
    0.0000    7.5000   -7.5000 2603.9016   18.2044
    7.5000    7.5000   -7.5000 2599.9539   18.2526
   -7.5000   15.0000   -7.5000 2615.3762   17.8927
    0.0000   15.0000   -7.5000 2637.2515   17.5641
    7.5000   15.0000   -7.5000 2629.7993   17.6896
   -7.5000   22.5000   -7.5000 2639.3083   17.5967
    0.0000   22.5000   -7.5000 2660.0007   17.3108
    7.5000   22.5000   -7.5000 2648.1284   17.4196
   -7.5000   30.0000   -7.5000 2629.9753   17.6601
    0.0000   30.0000   -7.5000 2660.4646   17.4070
    7.5000   30.0000   -7.5000 2639.5828   17.4889
   -7.5000   37.5000   -7.5000 2599.8948   18.0365
    0.0000   37.5000   -7.5000 2633.5596   17.7843
    7.5000   37.5000   -7.5000 2615.9900   17.9050
   -7.5000   45.0000   -7.5000 2551.9641   18.8202
    0.0000   45.0000   -7.5000 2586.9519   18.5880
    7.5000   45.0000   -7.5000 2563.5105   18.7015
   -7.5000   52.5000   -7.5000 2452.9346   19.8511
    0.0000   52.5000   -7.5000 2485.3176   19.6464
    7.5000   52.5000   -7.5000 2466.2249   19.7382
   -7.5000  -37.5000    0.0000 1966.9771   32.0443
    0.0000  -37.5000    0.0000 1979.9539   31.4009
    7.5000  -37.5000    0.0000 1967.7634   31.4246
   -7.5000  -30.0000    0.0000 2113.4631   28.0900
    0.0000  -30.0000    0.0000 2126.8303   27.4027
    7.5000  -30.0000    0.0000 2117.1777   27.4397
   -7.5000  -22.5000    0.0000 2254.8774   24.9027
    0.0000  -22.5000    0.0000 2276.0891   24.3141
    7.5000  -22.5000    0.0000 2259.2708   24.2851
   -7.5000  -15.0000    0.0000 2374.8499   22.2795
    0.0000  -15.0000    0.0000 2397.1970   21.8027
    7.5000  -15.0000    0.0000 2383.1968   21.7876
   -7.5000   -7.5000    0.0000 2481.7773   20.1516
    0.0000   -7.5000    0.0000 2506.4304   19.7561
    7.5000   -7.5000    0.0000 2497.7209   19.7873
   -7.5000    0.0000    0.0000 2583.0515   18.5837
    0.0000    0.0000    0.0000 2609.6294   18.2711
    7.5000    0.0000    0.0000 2599.3633   18.2819
   -7.5000    7.5000    0.0000 2654.8237   17.4961
    0.0000    7.5000    0.0000 2681.1196   17.1984
    7.5000    7.5000    0.0000 2679.9177   17.2313
   -7.5000   15.0000    0.0000 2701.1252   16.8262
    0.0000   15.0000    0.0000 2727.2756   16.5470
    7.5000   15.0000    0.0000 2721.7578   16.6169
   -7.5000   22.5000    0.0000 2730.8689   16.4646
    0.0000   22.5000    0.0000 2755.9773   16.2397
    7.5000   22.5000    0.0000 2743.4194   16.3171
   -7.5000   30.0000    0.0000 2725.5222   16.5053
    0.0000   30.0000    0.0000 2761.0981   16.2930
    7.5000   30.0000    0.0000 2740.8684   16.3931
   -7.5000   37.5000    0.0000 2702.2812   16.9328
    0.0000   37.5000    0.0000 2739.0354   16.6748
    7.5000   37.5000    0.0000 2716.7026   16.8230
   -7.5000   45.0000    0.0000 2647.2700   17.7454
    0.0000   45.0000    0.0000 2679.1194   17.4692
    7.5000   45.0000    0.0000 2657.2598   17.6305
   -7.5000   52.5000    0.0000 2540.6992   18.7237
    0.0000   52.5000    0.0000 2566.7180   18.4740
    7.5000   52.5000    0.0000 2550.1499   18.5801
   -7.5000  -37.5000    7.5000 1990.3300   31.7213
    0.0000  -37.5000    7.5000 2001.4507   30.9454
    7.5000  -37.5000    7.5000 1991.4045   30.9663
   -7.5000  -30.0000    7.5000 2142.2808   27.6792
    0.0000  -30.0000    7.5000 2155.9626   26.9512
    7.5000  -30.0000    7.5000 2139.9121   26.9647
   -7.5000  -22.5000    7.5000 2276.8008   24.3676
    0.0000  -22.5000    7.5000 2294.6472   23.7121
    7.5000  -22.5000    7.5000 2280.9429   23.7434
   -7.5000  -15.0000    7.5000 2396.2170   21.6853
    0.0000  -15.0000    7.5000 2415.5139   21.1500
    7.5000  -15.0000    7.5000 2408.4268   21.2222
   -7.5000   -7.5000    7.5000 2510.0625   19.5546
    0.0000   -7.5000    7.5000 2536.6282   19.1117
    7.5000   -7.5000    7.5000 2529.0935   19.1846
   -7.5000    0.0000    7.5000 2615.2627   17.9478
    0.0000    0.0000    7.5000 2646.1169   17.5532
    7.5000    0.0000    7.5000 2636.6531   17.6269
   -7.5000    7.5000    7.5000 2708.8623   16.7686
    0.0000    7.5000    7.5000 2746.5452   16.4650
    7.5000    7.5000    7.5000 2733.7207   16.4856
   -7.5000   15.0000    7.5000 2778.4077   16.0316
    0.0000   15.0000    7.5000 2808.9272   15.7465
    7.5000   15.0000    7.5000 2797.7874   15.7829
   -7.5000   22.5000    7.5000 2821.2097   15.5983
    0.0000   22.5000    7.5000 2853.8167   15.3440
    7.5000   22.5000    7.5000 2832.9600   15.4163
   -7.5000   30.0000    7.5000 2824.6052   15.6620
    0.0000   30.0000    7.5000 2862.1853   15.3873
    7.5000   30.0000    7.5000 2836.5183   15.4967
   -7.5000   37.5000    7.5000 2799.6309   16.0567
    0.0000   37.5000    7.5000 2832.2708   15.8035
    7.5000   37.5000    7.5000 2806.0010   15.9411
   -7.5000   45.0000    7.5000 2733.9197   16.8071
    0.0000   45.0000    7.5000 2761.4399   16.5396
    7.5000   45.0000    7.5000 2736.9922   16.6989
   -7.5000   52.5000    7.5000 2616.6719   17.8085
    0.0000   52.5000    7.5000 2641.7092   17.5674
    7.5000   52.5000    7.5000 2621.4292   17.7387
   -7.5000  -37.5000   15.0000 1992.4865   31.5099
    0.0000  -37.5000   15.0000 2003.6819   30.6929
    7.5000  -37.5000   15.0000 1999.2911   30.8900
   -7.5000  -30.0000   15.0000 2134.5830   27.3537
    0.0000  -30.0000   15.0000 2156.6497   26.6937
    7.5000  -30.0000   15.0000 2140.8508   26.7270
   -7.5000  -22.5000   15.0000 2263.5305   23.9899
    0.0000  -22.5000   15.0000 2288.7048   23.3587
    7.5000  -22.5000   15.0000 2276.5757   23.4173
   -7.5000  -15.0000   15.0000 2392.8452   21.3556
    0.0000  -15.0000   15.0000 2413.1641   20.7035
    7.5000  -15.0000   15.0000 2411.3992   20.8335
   -7.5000   -7.5000   15.0000 2518.2070   19.2399
    0.0000   -7.5000   15.0000 2541.4077   18.6568
    7.5000   -7.5000   15.0000 2536.6458   18.7648
   -7.5000    0.0000   15.0000 2628.9473   17.5657
    0.0000    0.0000   15.0000 2657.0051   17.1055
    7.5000    0.0000   15.0000 2651.6873   17.1860
   -7.5000    7.5000   15.0000 2736.1689   16.3361
    0.0000    7.5000   15.0000 2768.6716   15.9487
    7.5000    7.5000   15.0000 2754.6431   16.0076
   -7.5000   15.0000   15.0000 2829.0955   15.5119
    0.0000   15.0000   15.0000 2865.0854   15.1394
    7.5000   15.0000   15.0000 2841.0352   15.1881
   -7.5000   22.5000   15.0000 2892.8105   14.9936
    0.0000   22.5000   15.0000 2928.0662   14.6378
    7.5000   22.5000   15.0000 2892.1855   14.7138
   -7.5000   30.0000   15.0000 2902.9658   14.9682
    0.0000   30.0000   15.0000 2940.7754   14.6821
    7.5000   30.0000   15.0000 2898.3076   14.7485
   -7.5000   37.5000   15.0000 2867.2690   15.3970
    0.0000   37.5000   15.0000 2897.5437   15.1378
    7.5000   37.5000   15.0000 2867.5698   15.2902
   -7.5000   45.0000   15.0000 2788.1257   16.1631
    0.0000   45.0000   15.0000 2812.8672   15.8811
    7.5000   45.0000   15.0000 2790.8601   16.0915
   -7.5000   52.5000   15.0000 2668.4985   17.2170
    0.0000   52.5000   15.0000 2691.1833   16.9411
    7.5000   52.5000   15.0000 2669.1218   17.1698
   -7.5000  -37.5000   22.5000 1981.0343   31.8880
    0.0000  -37.5000   22.5000 1996.7644   31.0473
    7.5000  -37.5000   22.5000 1989.3262   31.2356
   -7.5000  -30.0000   22.5000 2133.7568   27.6228
    0.0000  -30.0000   22.5000 2153.0168   26.8164
    7.5000  -30.0000   22.5000 2142.9517   27.0001
   -7.5000  -22.5000   22.5000 2260.4526   24.0721
    0.0000  -22.5000   22.5000 2279.6575   23.3455
    7.5000  -22.5000   22.5000 2276.3640   23.5493
   -7.5000  -15.0000   22.5000 2382.7097   21.3133
    0.0000  -15.0000   22.5000 2399.1409   20.6292
    7.5000  -15.0000   22.5000 2401.2700   20.8389
   -7.5000   -7.5000   22.5000 2507.7817   19.1046
    0.0000   -7.5000   22.5000 2529.8206   18.5352
    7.5000   -7.5000   22.5000 2524.8772   18.6737
   -7.5000    0.0000   22.5000 2627.6714   17.3948
    0.0000    0.0000   22.5000 2652.2166   16.9198
    7.5000    0.0000   22.5000 2644.8728   17.0466
   -7.5000    7.5000   22.5000 2737.4907   16.1464
    0.0000    7.5000   22.5000 2762.0183   15.7103
    7.5000    7.5000   22.5000 2754.5156   15.8519
   -7.5000   15.0000   22.5000 2832.1729   15.2759
    0.0000   15.0000   22.5000 2866.5286   14.8477
    7.5000   15.0000   22.5000 2848.5149   14.9505
   -7.5000   22.5000   22.5000 2907.7856   14.5660
    0.0000   22.5000   22.5000 2945.7112   14.0924
    7.5000   22.5000   22.5000 2906.0356   14.3670
   -7.5000   30.0000   22.5000 2940.7781   14.5344
    0.0000   30.0000   22.5000 2974.0557   14.1380
    7.5000   30.0000   22.5000 2932.8147   14.4746
   -7.5000   37.5000   22.5000 2906.3953   15.0572
    0.0000   37.5000   22.5000 2934.8931   14.7414
    7.5000   37.5000   22.5000 2905.1858   15.0051
   -7.5000   45.0000   22.5000 2825.8062   15.8667
    0.0000   45.0000   22.5000 2851.8306   15.5694
    7.5000   45.0000   22.5000 2828.5825   15.8153
   -7.5000   52.5000   22.5000 2689.6938   16.9305
    0.0000   52.5000   22.5000 2717.5713   16.6505
    7.5000   52.5000   22.5000 2692.2083   16.8491
   -7.5000  -37.5000   30.0000 1954.0557   32.6061
    0.0000  -37.5000   30.0000 1970.2688   31.8248
    7.5000  -37.5000   30.0000 1960.8278   31.8280
   -7.5000  -30.0000   30.0000 2101.9133   28.0455
    0.0000  -30.0000   30.0000 2127.0291   27.4659
    7.5000  -30.0000   30.0000 2113.1543   27.4140
   -7.5000  -22.5000   30.0000 2235.4604   24.4532
    0.0000  -22.5000   30.0000 2259.0071   23.8867
    7.5000  -22.5000   30.0000 2248.4529   23.9347
   -7.5000  -15.0000   30.0000 2361.8218   21.6400
    0.0000  -15.0000   30.0000 2382.2085   21.0894
    7.5000  -15.0000   30.0000 2374.9436   21.2049
   -7.5000   -7.5000   30.0000 2486.1169   19.3317
    0.0000   -7.5000   30.0000 2506.0791   18.8312
    7.5000   -7.5000   30.0000 2501.5874   19.0174
   -7.5000    0.0000   30.0000 2605.9329   17.5813
    0.0000    0.0000   30.0000 2626.1514   17.1003
    7.5000    0.0000   30.0000 2627.7769   17.3141
   -7.5000    7.5000   30.0000 2717.5601   16.3300
    0.0000    7.5000   30.0000 2733.6125   15.8355
    7.5000    7.5000   30.0000 2735.7776   16.0477
   -7.5000   15.0000   30.0000 2810.3745   15.4372
    0.0000   15.0000   30.0000 2840.7231   15.0642
    7.5000   15.0000   30.0000 2826.4192   15.1572
   -7.5000   22.5000   30.0000 2883.6025   14.8497
    0.0000   22.5000   30.0000 2932.6057   14.4864
    7.5000   22.5000   30.0000 2889.8474   14.6933
   -7.5000   30.0000   30.0000 2928.1138   14.7745
    0.0000   30.0000   30.0000 2977.6343   14.4354
    7.5000   30.0000   30.0000 2922.0198   14.6780
   -7.5000   37.5000   30.0000 2908.9292   15.1774
    0.0000   37.5000   30.0000 2944.3708   14.9661
    7.5000   37.5000   30.0000 2904.8215   15.0595
   -7.5000   45.0000   30.0000 2826.7292   15.9749
    0.0000   45.0000   30.0000 2858.0649   15.7375
    7.5000   45.0000   30.0000 2829.2524   15.8647
   -7.5000   52.5000   30.0000 2694.8845   17.0083
    0.0000   52.5000   30.0000 2719.6377   16.7443
    7.5000   52.5000   30.0000 2698.4749   16.8867
   -7.5000  -37.5000   37.5000 1917.7356   33.9974
    0.0000  -37.5000   37.5000 1942.1348   33.3393
    7.5000  -37.5000   37.5000 1932.3214   33.5403
   -7.5000  -30.0000   37.5000 2069.9963   29.2076
    0.0000  -30.0000   37.5000 2088.8962   28.5226
    7.5000  -30.0000   37.5000 2090.1270   28.7002
   -7.5000  -22.5000   37.5000 2207.7583   25.3335
    0.0000  -22.5000   37.5000 2222.8110   24.6795
    7.5000  -22.5000   37.5000 2225.5732   24.8520
   -7.5000  -15.0000   37.5000 2332.3140   22.2502
    0.0000  -15.0000   37.5000 2350.1702   21.6942
    7.5000  -15.0000   37.5000 2350.5137   21.8956
   -7.5000   -7.5000   37.5000 2457.2578   19.9119
    0.0000   -7.5000   37.5000 2477.8997   19.4417
    7.5000   -7.5000   37.5000 2471.8198   19.6312
   -7.5000    0.0000   37.5000 2578.2500   18.1959
    0.0000    0.0000   37.5000 2602.4333   17.7752
    7.5000    0.0000   37.5000 2591.5652   17.9166
   -7.5000    7.5000   37.5000 2691.1787   16.9502
    0.0000    7.5000   37.5000 2718.2791   16.5952
    7.5000    7.5000   37.5000 2700.3303   16.6642
   -7.5000   15.0000   37.5000 2784.6460   16.0754
    0.0000   15.0000   37.5000 2815.1514   15.7601
    7.5000   15.0000   37.5000 2792.4307   15.8263
   -7.5000   22.5000   37.5000 2849.1785   15.5425
    0.0000   22.5000   37.5000 2887.5803   15.2387
    7.5000   22.5000   37.5000 2848.9885   15.3885
   -7.5000   30.0000   37.5000 2884.3015   15.4818
    0.0000   30.0000   37.5000 2917.3298   15.2296
    7.5000   30.0000   37.5000 2875.9402   15.3375
   -7.5000   37.5000   37.5000 2866.9631   15.7497
    0.0000   37.5000   37.5000 2896.7759   15.5368
    7.5000   37.5000   37.5000 2858.5991   15.6489
   -7.5000   45.0000   37.5000 2796.8025   16.4434
    0.0000   45.0000   37.5000 2823.6257   16.1948
    7.5000   45.0000   37.5000 2795.5342   16.3013
   -7.5000   52.5000   37.5000 2673.0820   17.3879
    0.0000   52.5000   37.5000 2697.9385   17.1271
    7.5000   52.5000   37.5000 2672.4902   17.2365
   -7.5000  -37.5000   45.0000 1870.4940   35.7974
    0.0000  -37.5000   45.0000 1885.4884   35.0939
    7.5000  -37.5000   45.0000 1883.8103   35.3097
   -7.5000  -30.0000   45.0000 2020.8669   30.4962
    0.0000  -30.0000   45.0000 2039.0507   29.9312
    7.5000  -30.0000   45.0000 2037.7112   30.0640
   -7.5000  -22.5000   45.0000 2158.2046   26.4219
    0.0000  -22.5000   45.0000 2178.9036   25.9643
    7.5000  -22.5000   45.0000 2175.6975   26.1096
   -7.5000  -15.0000   45.0000 2286.1128   23.2854
    0.0000  -15.0000   45.0000 2310.4883   22.9060
    7.5000  -15.0000   45.0000 2300.3787   23.0648
   -7.5000   -7.5000   45.0000 2414.3152   20.9609
    0.0000   -7.5000   45.0000 2443.0239   20.5863
    7.5000   -7.5000   45.0000 2427.5620   20.7512
   -7.5000    0.0000   45.0000 2539.1357   19.2412
    0.0000    0.0000   45.0000 2567.7310   18.8467
    7.5000    0.0000   45.0000 2545.1450   18.9794
   -7.5000    7.5000   45.0000 2648.4231   17.9106
    0.0000    7.5000   45.0000 2669.0388   17.4944
    7.5000    7.5000   45.0000 2653.9795   17.6670
   -7.5000   15.0000   45.0000 2733.2280   17.0502
    0.0000   15.0000   45.0000 2758.5005   16.6024
    7.5000   15.0000   45.0000 2736.9001   16.8147
   -7.5000   22.5000   45.0000 2789.5090   16.5188
    0.0000   22.5000   45.0000 2811.3218   16.1003
    7.5000   22.5000   45.0000 2786.7214   16.3004
   -7.5000   30.0000   45.0000 2808.7478   16.4153
    0.0000   30.0000   45.0000 2828.9299   16.0404
    7.5000   30.0000   45.0000 2801.4136   16.2443
   -7.5000   37.5000   45.0000 2787.7947   16.6604
    0.0000   37.5000   45.0000 2814.7874   16.3184
    7.5000   37.5000   45.0000 2784.8564   16.4966
   -7.5000   45.0000   45.0000 2728.2891   17.2324
    0.0000   45.0000   45.0000 2756.0215   16.9082
    7.5000   45.0000   45.0000 2731.5437   17.0666
   -7.5000   52.5000   45.0000 2620.8323   18.0480
    0.0000   52.5000   45.0000 2637.9297   17.7824
    7.5000   52.5000   45.0000 2622.8718   17.9235

---------------------------------------------------------------------
imgreg_4dfp /opt/freesurfer/average/711-2C_as_mni_average_305 /opt/freesurfer/average/711-2B_as_mni_average_305_mask talsrcimg_g11 none talsrcimg_to_711-2C_as_mni_average_305_t4 1283
---------------------------------------------------------------------

freesurfer imgreg_4dfp.c
/opt/freesurfer/average/711-2C_as_mni_average_305.4dfp.img
       256       256       256         1
  1.000000  1.000000  1.000000
orientation T byte_order littleendian
Reading image: /opt/freesurfer/average/711-2C_as_mni_average_305.4dfp.img
dimensions:      256       256       256
mmppix:       1.0000   -1.0000   -1.0000
center:     128.0000 -129.0000 -129.0000
/opt/freesurfer/average/711-2B_as_mni_average_305_mask.4dfp.img
       256       256       256         1
  1.000000  1.000000  1.000000
orientation T byte_order littleendian
Reading mask: /opt/freesurfer/average/711-2B_as_mni_average_305_mask.4dfp.img (2306576 pixels)
talsrcimg_g11.4dfp.img
       256       256       256         1
  1.000000  1.000000  1.000000
orientation T byte_order littleendian
Reading image: talsrcimg_g11.4dfp.img
dimensions:      256       256       256
mmppix:       1.0000   -1.0000   -1.0000
center:     128.0000 -129.0000 -129.0000
rotation matrix determinant  1.000000
fimgreg.f
image alignment mode   1283 decimal      503 hex
parameters
    0.0000   30.0000   30.0000    0.0000    0.0000    0.0000
eta,q 0.93429 14.43819
niter,ni,del,rscale     5    3   12.0000    1.2000
parameters
   -0.1620   30.8471   27.1767   -1.5502   -0.4946   -1.7361
eta,q 0.93378 14.02344
  0.0793  0.0776  0.0679  0.0682  0.0692  0.0691
  0.0725  0.0725  0.0685  0.0671  0.0681  0.0676
  0.0686  0.0692  0.0665  0.0669  0.0672  0.0663
  0.0678  0.0675  0.0671  0.0671  0.0668  0.0668
  0.0698  0.0678  0.0719  0.0675  0.0675  0.0689
  0.0737  0.0694  0.0758  0.0687  0.0685  0.0715
  0.0801  0.0732  0.0823  0.0722  0.0703  0.0742
niter,ni,del,rscale     4    3   12.0000    1.2000
parameters
   -0.5940   32.2751   25.8381   -0.9790    0.0782   -1.5738
eta,q 0.93391 14.05350
  0.0752  0.0757  0.0670  0.0703  0.0725  0.0706
  0.0702  0.0727  0.0668  0.0683  0.0689  0.0689
  0.0677  0.0695  0.0664  0.0667  0.0663  0.0672
  0.0662  0.0664  0.0649  0.0660  0.0659  0.0661
  0.0678  0.0647  0.0646  0.0659  0.0671  0.0664
  0.0728  0.0660  0.0693  0.0671  0.0687  0.0682
  0.0779  0.0712  0.0731  0.0691  0.0694  0.0706
niter,ni,del,rscale     3    3   12.0000    1.2000
parameters
   -0.7549   31.7608   25.7298   -0.5936    0.4752   -1.6516
eta,q 0.93364 14.01113
  0.0764  0.0733  0.0689  0.0707  0.0723  0.0711
  0.0705  0.0703  0.0659  0.0681  0.0685  0.0693
  0.0664  0.0679  0.0663  0.0669  0.0662  0.0673
  0.0661  0.0660  0.0662  0.0662  0.0661  0.0663
  0.0682  0.0668  0.0646  0.0662  0.0676  0.0671
  0.0715  0.0708  0.0652  0.0675  0.0689  0.0691
  0.0769  0.0785  0.0705  0.0697  0.0696  0.0717
niter,ni,del,rscale     2    3   12.0000    1.2000
parameters
   -0.9160   31.5396   25.7580   -0.3918    0.6606   -1.7263
eta,q 0.93354 13.99819
  0.0761  0.0737  0.0691  0.0707  0.0721  0.0713
  0.0701  0.0706  0.0660  0.0680  0.0682  0.0695
  0.0664  0.0684  0.0661  0.0671  0.0660  0.0675
  0.0664  0.0663  0.0664  0.0664  0.0663  0.0664
  0.0683  0.0667  0.0650  0.0666  0.0679  0.0671
  0.0712  0.0697  0.0648  0.0679  0.0691  0.0693
  0.0765  0.0769  0.0701  0.0701  0.0700  0.0720
niter,ni,del,rscale     1    3   12.0000    1.2000
parameters
   -0.9799   31.4514   25.7201   -0.3350    0.7513   -1.7476
eta,q 0.93349 13.99148
  0.0763  0.0739  0.0690  0.0707  0.0720  0.0715
  0.0702  0.0708  0.0660  0.0680  0.0681  0.0696
  0.0666  0.0686  0.0659  0.0672  0.0660  0.0676
  0.0665  0.0664  0.0665  0.0665  0.0664  0.0665
  0.0682  0.0667  0.0651  0.0667  0.0681  0.0671
  0.0708  0.0694  0.0648  0.0680  0.0692  0.0693
  0.0760  0.0762  0.0702  0.0705  0.0701  0.0720
registration optimization eta report
parameter search radius
    6.0000    6.0000    6.0000    6.0000    6.0000    6.0000
100000*second partial in parameter space
       27.       23.       11.       11.       13.       14.
  0.0763  0.0739  0.0690  0.0707  0.0720  0.0715
  0.0702  0.0708  0.0660  0.0680  0.0681  0.0696
  0.0666  0.0686  0.0659  0.0672  0.0660  0.0676
  0.0665  0.0664  0.0665  0.0665  0.0664  0.0665
  0.0682  0.0667  0.0651  0.0667  0.0681  0.0671
  0.0708  0.0694  0.0648  0.0680  0.0692  0.0693
  0.0760  0.0762  0.0702  0.0705  0.0701  0.0720
   -0.9799   31.4514   25.7201   -0.3350    0.7513   -1.7476
eta,q 0.93349 13.99148

---------------------------------------------------------------------
imgreg_4dfp /opt/freesurfer/average/711-2C_as_mni_average_305 /opt/freesurfer/average/711-2B_as_mni_average_305_mask talsrcimg_g11 none talsrcimg_to_711-2C_as_mni_average_305_t4 3335
---------------------------------------------------------------------

freesurfer imgreg_4dfp.c
/opt/freesurfer/average/711-2C_as_mni_average_305.4dfp.img
       256       256       256         1
  1.000000  1.000000  1.000000
orientation T byte_order littleendian
Reading image: /opt/freesurfer/average/711-2C_as_mni_average_305.4dfp.img
dimensions:      256       256       256
mmppix:       1.0000   -1.0000   -1.0000
center:     128.0000 -129.0000 -129.0000
/opt/freesurfer/average/711-2B_as_mni_average_305_mask.4dfp.img
       256       256       256         1
  1.000000  1.000000  1.000000
orientation T byte_order littleendian
Reading mask: /opt/freesurfer/average/711-2B_as_mni_average_305_mask.4dfp.img (2306576 pixels)
talsrcimg_g11.4dfp.img
       256       256       256         1
  1.000000  1.000000  1.000000
orientation T byte_order littleendian
Reading image: talsrcimg_g11.4dfp.img
dimensions:      256       256       256
mmppix:       1.0000   -1.0000   -1.0000
center:     128.0000 -129.0000 -129.0000
fimgreg.f
image alignment mode   3335 decimal      D07 hex
parameters
   -0.9799   31.4514   25.7201   -0.0551   -0.0485   -0.0103
    3.0574   -1.2928   -3.0495    0.6245    1.3113   -0.5847
eta,q 0.93654 14.21489
niter,ni,del,rscale     5    3    5.0000    1.2000
parameter  3 -1.605832 -> -0.500000 qaram    1.1500
parameter  4  2.069584 ->  0.500000 qaram    1.1500
parameter  5  2.037632 ->  0.500000 qaram    1.1500
parameter  6  1.906327 ->  0.500000 qaram    1.1500
parameter 10 -0.892151 -> -0.500000 qaram    1.1500
parameter 12 -0.615505 -> -0.500000 qaram    1.1500
parameters
   -1.5390   30.9536   27.1001   -4.1951   -4.1885   -4.1503
    3.8847   -3.6643   -2.6612    4.7645    1.9247    3.5553
eta,q 0.95528 13.86892
  0.0645  0.0642  0.0643  0.0554  0.0518  0.0462  0.0506  0.0501  0.0492  0.0537  0.0480  0.0485
  0.0637  0.0636  0.0640  0.0570  0.0534  0.0477  0.0494  0.0480  0.0482  0.0514  0.0466  0.0473
  0.0633  0.0633  0.0636  0.0593  0.0552  0.0497  0.0486  0.0473  0.0476  0.0493  0.0457  0.0462
  0.0635  0.0633  0.0633  0.0628  0.0575  0.0538  0.0482  0.0482  0.0473  0.0473  0.0454  0.0454
  0.0640  0.0637  0.0630  0.0671  0.0601  0.0589  0.0482  0.0501  0.0475  0.0459  0.0455  0.0448
  0.0649  0.0644  0.0628  0.0713  0.0631  0.0629  0.0488  0.0526  0.0480  0.0453  0.0461  0.0447
  0.0660  0.0654  0.0627  0.0754  0.0668  0.0675  0.0497  0.0553  0.0489  0.0457  0.0472  0.0451
niter,ni,del,rscale     7    3    5.0000    1.2000
parameter  3  0.760469 ->  0.500000 qaram    1.3225
parameter  4  0.701541 ->  0.500000 qaram    1.3225
parameter  5  2.046032 ->  0.500000 qaram    1.3225
parameter  6  0.878387 ->  0.500000 qaram    1.3225
parameter 10  0.504083 ->  0.500000 qaram    1.3225
parameter 12  0.876741 ->  0.500000 qaram    1.3225
parameters
   -1.4300   30.5323   25.5131   -8.9561   -8.9495   -8.9113
    3.8844   -4.6403   -3.1357    0.0035   -0.8422   -1.2057
eta,q 0.96718 13.45830
  0.0485  0.0459  0.0435  0.0412  0.0361  0.0342  0.0364  0.0370  0.0357  0.0344  0.0342  0.0330
  0.0465  0.0451  0.0433  0.0411  0.0375  0.0345  0.0354  0.0351  0.0350  0.0339  0.0338  0.0328
  0.0453  0.0447  0.0437  0.0416  0.0393  0.0353  0.0348  0.0344  0.0345  0.0339  0.0337  0.0331
  0.0447  0.0447  0.0447  0.0434  0.0411  0.0380  0.0346  0.0346  0.0345  0.0344  0.0339  0.0337
  0.0450  0.0451  0.0461  0.0469  0.0431  0.0427  0.0348  0.0353  0.0347  0.0355  0.0343  0.0345
  0.0460  0.0459  0.0480  0.0521  0.0459  0.0482  0.0354  0.0365  0.0353  0.0370  0.0350  0.0354
  0.0479  0.0472  0.0503  0.0575  0.0491  0.0535  0.0364  0.0385  0.0361  0.0392  0.0357  0.0363
niter,ni,del,rscale     7    3    5.0000    1.2000
parameter  2  1.305427 ->  0.500000 qaram    1.1500
parameter  3  1.089367 ->  0.500000 qaram    1.5209
parameters
   -1.0151   29.1523   23.6880   -8.6239  -13.5081  -11.0027
    3.3691   -4.3388   -2.7245    1.5909    0.1501    1.9576
eta,q 0.97383 13.38086
  0.0366  0.0300  0.0263  0.0313  0.0276  0.0300  0.0285  0.0309  0.0284  0.0333  0.0276  0.0296
  0.0348  0.0303  0.0267  0.0296  0.0260  0.0284  0.0273  0.0280  0.0275  0.0296  0.0269  0.0282
  0.0335  0.0312  0.0281  0.0281  0.0253  0.0270  0.0266  0.0266  0.0268  0.0274  0.0266  0.0272
  0.0328  0.0327  0.0305  0.0270  0.0269  0.0254  0.0265  0.0265  0.0265  0.0265  0.0265  0.0265
  0.0328  0.0346  0.0336  0.0268  0.0298  0.0264  0.0269  0.0271  0.0266  0.0267  0.0265  0.0262
  0.0334  0.0368  0.0375  0.0283  0.0326  0.0327  0.0278  0.0282  0.0271  0.0277  0.0267  0.0264
  0.0347  0.0390  0.0418  0.0316  0.0358  0.0409  0.0292  0.0296  0.0281  0.0296  0.0270  0.0272
niter,ni,del,rscale     7    3    5.0000    1.2000
parameters
   -0.9442   29.3367   21.9415   -6.3561  -13.0406  -12.8253
    3.4116   -3.5778   -3.1038    1.9639    2.9932    2.5728
eta,q 0.97456 13.42582
  0.0289  0.0299  0.0262  0.0300  0.0299  0.0292  0.0281  0.0311  0.0271  0.0302  0.0270  0.0275
  0.0275  0.0280  0.0255  0.0282  0.0279  0.0274  0.0266  0.0278  0.0262  0.0273  0.0262  0.0264
  0.0265  0.0268  0.0255  0.0267  0.0261  0.0260  0.0257  0.0259  0.0257  0.0258  0.0258  0.0257
  0.0262  0.0262  0.0261  0.0254  0.0248  0.0247  0.0254  0.0254  0.0255  0.0255  0.0255  0.0254
  0.0264  0.0264  0.0275  0.0247  0.0250  0.0248  0.0258  0.0260  0.0258  0.0260  0.0254  0.0256
  0.0272  0.0274  0.0299  0.0252  0.0270  0.0305  0.0267  0.0269  0.0264  0.0272  0.0255  0.0260
  0.0287  0.0291  0.0332  0.0276  0.0295  0.0388  0.0280  0.0287  0.0274  0.0292  0.0256  0.0270
niter,ni,del,rscale     6    3    5.0000    1.2000
parameters
   -0.9945   29.4063   21.3386   -6.1416  -12.5945  -13.6767
    3.8072   -3.9339   -4.0330    2.4080    3.9047    2.6070
eta,q 0.97448 13.41499
  0.0281  0.0288  0.0274  0.0292  0.0301  0.0300  0.0284  0.0293  0.0269  0.0301  0.0265  0.0274
  0.0266  0.0271  0.0259  0.0278  0.0282  0.0281  0.0269  0.0268  0.0261  0.0273  0.0260  0.0263
  0.0257  0.0259  0.0253  0.0265  0.0265  0.0266  0.0260  0.0257  0.0256  0.0258  0.0257  0.0257
  0.0254  0.0254  0.0254  0.0253  0.0252  0.0252  0.0256  0.0256  0.0256  0.0255  0.0255  0.0255
  0.0258  0.0257  0.0261  0.0248  0.0256  0.0239  0.0258  0.0261  0.0259  0.0260  0.0255  0.0257
  0.0268  0.0268  0.0273  0.0263  0.0275  0.0274  0.0266  0.0275  0.0267  0.0271  0.0257  0.0263
  0.0284  0.0285  0.0293  0.0301  0.0296  0.0359  0.0278  0.0300  0.0278  0.0290  0.0261  0.0274
niter,ni,del,rscale     5    3    5.0000    1.2000
parameters
   -1.0458   29.4771   21.1850   -6.2396  -12.6362  -13.9485
    4.1620   -4.1131   -4.4329    2.6407    4.1631    2.6237
eta,q 0.97435 13.39675
  0.0283  0.0289  0.0283  0.0291  0.0299  0.0304  0.0284  0.0295  0.0272  0.0298  0.0265  0.0274
  0.0268  0.0272  0.0266  0.0277  0.0281  0.0285  0.0270  0.0270  0.0263  0.0272  0.0260  0.0265
  0.0258  0.0260  0.0257  0.0266  0.0265  0.0269  0.0260  0.0259  0.0258  0.0259  0.0257  0.0259
  0.0255  0.0255  0.0255  0.0255  0.0255  0.0255  0.0257  0.0257  0.0257  0.0256  0.0257  0.0257
  0.0259  0.0258  0.0260  0.0251  0.0262  0.0240  0.0259  0.0261  0.0259  0.0261  0.0257  0.0258
  0.0269  0.0269  0.0270  0.0267  0.0281  0.0262  0.0267  0.0274  0.0266  0.0272  0.0259  0.0264
  0.0286  0.0286  0.0287  0.0306  0.0301  0.0342  0.0279  0.0298  0.0276  0.0292  0.0264  0.0275
niter,ni,del,rscale     4    3    5.0000    1.2000
parameters
   -1.0857   29.5646   21.1050   -6.2510  -12.7703  -14.0583
    4.3280   -4.1852   -4.5728    2.8246    4.2867    2.6197
eta,q 0.97429 13.38458
  0.0284  0.0290  0.0285  0.0292  0.0299  0.0305  0.0283  0.0297  0.0274  0.0297  0.0265  0.0275
  0.0269  0.0273  0.0268  0.0278  0.0281  0.0286  0.0269  0.0271  0.0265  0.0272  0.0260  0.0265
  0.0260  0.0261  0.0259  0.0267  0.0266  0.0270  0.0260  0.0260  0.0259  0.0259  0.0258  0.0259
  0.0257  0.0257  0.0257  0.0256  0.0256  0.0257  0.0257  0.0257  0.0257  0.0257  0.0257  0.0257
  0.0260  0.0259  0.0261  0.0252  0.0263  0.0241  0.0260  0.0261  0.0260  0.0262  0.0257  0.0259
  0.0270  0.0270  0.0271  0.0267  0.0283  0.0260  0.0268  0.0273  0.0266  0.0273  0.0260  0.0264
  0.0286  0.0287  0.0286  0.0304  0.0303  0.0337  0.0280  0.0298  0.0275  0.0292  0.0265  0.0275
niter,ni,del,rscale     3    3    5.0000    1.2000
parameters
   -1.1041   29.6447   21.0624   -6.2432  -12.9014  -14.1246
    4.3966   -4.2187   -4.6424    2.9777    4.3627    2.6163
eta,q 0.97425 13.37508
  0.0285  0.0290  0.0286  0.0292  0.0299  0.0306  0.0283  0.0297  0.0275  0.0297  0.0265  0.0275
  0.0270  0.0273  0.0269  0.0279  0.0282  0.0286  0.0269  0.0272  0.0265  0.0272  0.0261  0.0265
  0.0260  0.0262  0.0260  0.0267  0.0267  0.0271  0.0260  0.0260  0.0259  0.0260  0.0258  0.0260
  0.0257  0.0257  0.0257  0.0257  0.0257  0.0257  0.0258  0.0258  0.0257  0.0258  0.0258  0.0258
  0.0260  0.0260  0.0261  0.0253  0.0263  0.0242  0.0261  0.0261  0.0260  0.0262  0.0258  0.0259
  0.0270  0.0270  0.0271  0.0268  0.0283  0.0260  0.0269  0.0274  0.0266  0.0273  0.0260  0.0265
  0.0286  0.0287  0.0286  0.0304  0.0303  0.0336  0.0281  0.0297  0.0275  0.0292  0.0265  0.0276
niter,ni,del,rscale     2    3    5.0000    1.2000
parameters
   -1.1097   29.7143   21.0314   -6.2332  -13.0233  -14.1784
    4.4293   -4.2376   -4.6775    3.1083    4.4161    2.6054
eta,q 0.97421 13.36656
  0.0286  0.0290  0.0286  0.0292  0.0300  0.0306  0.0283  0.0298  0.0275  0.0296  0.0265  0.0275
  0.0270  0.0273  0.0269  0.0279  0.0282  0.0286  0.0269  0.0272  0.0266  0.0272  0.0261  0.0266
  0.0261  0.0262  0.0260  0.0268  0.0267  0.0271  0.0261  0.0260  0.0260  0.0260  0.0259  0.0260
  0.0258  0.0258  0.0257  0.0258  0.0257  0.0258  0.0258  0.0258  0.0258  0.0258  0.0258  0.0258
  0.0261  0.0260  0.0261  0.0253  0.0264  0.0242  0.0261  0.0261  0.0260  0.0262  0.0258  0.0260
  0.0270  0.0271  0.0271  0.0268  0.0284  0.0260  0.0269  0.0274  0.0266  0.0273  0.0260  0.0265
  0.0286  0.0288  0.0286  0.0304  0.0303  0.0336  0.0282  0.0297  0.0275  0.0291  0.0266  0.0276
niter,ni,del,rscale     1    3    5.0000    1.2000
parameters
   -1.1117   29.7754   21.0054   -6.2247  -13.1309  -14.2191
    4.4493   -4.2464   -4.6967    3.2261    4.4473    2.5907
eta,q 0.97419 13.35922
  0.0286  0.0290  0.0286  0.0293  0.0300  0.0306  0.0282  0.0298  0.0275  0.0295  0.0266  0.0275
  0.0271  0.0274  0.0270  0.0279  0.0282  0.0287  0.0269  0.0273  0.0266  0.0272  0.0261  0.0266
  0.0261  0.0262  0.0260  0.0268  0.0267  0.0271  0.0261  0.0261  0.0260  0.0260  0.0259  0.0260
  0.0258  0.0258  0.0258  0.0258  0.0258  0.0258  0.0258  0.0258  0.0258  0.0258  0.0258  0.0258
  0.0261  0.0261  0.0262  0.0254  0.0264  0.0243  0.0261  0.0262  0.0260  0.0262  0.0258  0.0260
  0.0271  0.0271  0.0271  0.0268  0.0284  0.0260  0.0269  0.0274  0.0266  0.0273  0.0261  0.0265
  0.0286  0.0288  0.0286  0.0304  0.0303  0.0335  0.0282  0.0297  0.0275  0.0291  0.0266  0.0276
registration optimization eta report
parameter search radius
    2.4000    2.7600    3.6501    9.5220    9.5220    9.5220
    7.2000    7.2000    7.2000    9.5220    7.2000    9.5220
100000*second partial in parameter space
       49.       41.       21.        5.        5.        7.
        5.        8.        3.        4.        1.        2.
  0.0286  0.0290  0.0286  0.0293  0.0300  0.0306  0.0282  0.0298  0.0275  0.0295  0.0266  0.0275
  0.0271  0.0274  0.0270  0.0279  0.0282  0.0287  0.0269  0.0273  0.0266  0.0272  0.0261  0.0266
  0.0261  0.0262  0.0260  0.0268  0.0267  0.0271  0.0261  0.0261  0.0260  0.0260  0.0259  0.0260
  0.0258  0.0258  0.0258  0.0258  0.0258  0.0258  0.0258  0.0258  0.0258  0.0258  0.0258  0.0258
  0.0261  0.0261  0.0262  0.0254  0.0264  0.0243  0.0261  0.0262  0.0260  0.0262  0.0258  0.0260
  0.0271  0.0271  0.0271  0.0268  0.0284  0.0260  0.0269  0.0274  0.0266  0.0273  0.0261  0.0265
  0.0286  0.0288  0.0286  0.0304  0.0303  0.0335  0.0282  0.0297  0.0275  0.0291  0.0266  0.0276
   -1.1117   29.7754   21.0054   -6.2247  -13.1309  -14.2191
    4.4493   -4.2464   -4.6967    3.2261    4.4473    2.5907
eta,q 0.97419 13.35922

---------------------------------------------------------------------
imgreg_4dfp /opt/freesurfer/average/711-2C_as_mni_average_305 /opt/freesurfer/average/711-2B_as_mni_average_305_mask talsrcimg_g11 none talsrcimg_to_711-2C_as_mni_average_305_t4 2311
---------------------------------------------------------------------

freesurfer imgreg_4dfp.c
/opt/freesurfer/average/711-2C_as_mni_average_305.4dfp.img
       256       256       256         1
  1.000000  1.000000  1.000000
orientation T byte_order littleendian
Reading image: /opt/freesurfer/average/711-2C_as_mni_average_305.4dfp.img
dimensions:      256       256       256
mmppix:       1.0000   -1.0000   -1.0000
center:     128.0000 -129.0000 -129.0000
/opt/freesurfer/average/711-2B_as_mni_average_305_mask.4dfp.img
       256       256       256         1
  1.000000  1.000000  1.000000
orientation T byte_order littleendian
Reading mask: /opt/freesurfer/average/711-2B_as_mni_average_305_mask.4dfp.img (2306576 pixels)
talsrcimg_g11.4dfp.img
       256       256       256         1
  1.000000  1.000000  1.000000
orientation T byte_order littleendian
Reading image: talsrcimg_g11.4dfp.img
dimensions:      256       256       256
mmppix:       1.0000   -1.0000   -1.0000
center:     128.0000 -129.0000 -129.0000
fimgreg.f
image alignment mode   2311 decimal      907 hex
parameters
   -1.1117   29.7754   21.0054   -6.2247  -13.1309  -14.2191
    4.4493   -4.2464   -4.6967    3.2261    4.4473    2.5907
eta,q 0.97419 13.35922
niter,ni,del,rscale     5    3    5.0000    0.8000
parameter  4 -0.542606 -> -0.500000 qaram    1.1500
parameter  6 -0.576470 -> -0.500000 qaram    1.1500
parameters
   -1.1105   29.8664   20.8928   -3.4647  -13.2327  -11.4591
    4.2930   -4.1907   -4.2079    2.6900    4.1246    1.3275
eta,q 0.97556 13.53729
  0.0271  0.0270  0.0263  0.0274  0.0270  0.0277  0.0260  0.0288  0.0258  0.0256  0.0257  0.0248
  0.0264  0.0264  0.0260  0.0268  0.0263  0.0269  0.0252  0.0265  0.0251  0.0249  0.0250  0.0246
  0.0260  0.0260  0.0258  0.0263  0.0257  0.0262  0.0246  0.0250  0.0247  0.0246  0.0246  0.0245
  0.0258  0.0258  0.0258  0.0258  0.0254  0.0254  0.0245  0.0245  0.0245  0.0245  0.0245  0.0245
  0.0260  0.0259  0.0259  0.0255  0.0256  0.0248  0.0247  0.0251  0.0246  0.0247  0.0247  0.0247
  0.0264  0.0262  0.0261  0.0254  0.0263  0.0245  0.0253  0.0265  0.0249  0.0253  0.0252  0.0251
  0.0271  0.0268  0.0264  0.0258  0.0273  0.0254  0.0262  0.0285  0.0254  0.0264  0.0260  0.0257
niter,ni,del,rscale     6    3    5.0000    0.9000
parameters
   -1.1521   29.6182   21.7003   -4.8916  -12.8820  -11.8063
    4.2463   -4.2821   -4.1571    2.7682    3.8841    2.1491
eta,q 0.97563 13.53663
  0.0267  0.0256  0.0270  0.0259  0.0266  0.0273  0.0261  0.0277  0.0256  0.0259  0.0252  0.0253
  0.0254  0.0249  0.0258  0.0250  0.0257  0.0263  0.0251  0.0258  0.0250  0.0250  0.0248  0.0249
  0.0247  0.0245  0.0249  0.0244  0.0248  0.0253  0.0246  0.0247  0.0245  0.0245  0.0245  0.0246
  0.0244  0.0244  0.0244  0.0242  0.0243  0.0242  0.0244  0.0244  0.0244  0.0244  0.0244  0.0244
  0.0247  0.0248  0.0242  0.0249  0.0243  0.0235  0.0246  0.0248  0.0245  0.0245  0.0245  0.0244
  0.0255  0.0254  0.0242  0.0268  0.0250  0.0254  0.0252  0.0260  0.0249  0.0250  0.0248  0.0246
  0.0269  0.0265  0.0245  0.0296  0.0263  0.0302  0.0261  0.0279  0.0256  0.0258  0.0254  0.0249
niter,ni,del,rscale     5    3    5.0000    0.8000
parameters
   -1.1661   29.4573   21.3998   -5.0086  -12.5428  -11.8485
    4.2715   -4.1877   -4.0966    2.3782    3.9702    2.2235
eta,q 0.97569 13.54007
  0.0259  0.0254  0.0248  0.0263  0.0263  0.0271  0.0258  0.0275  0.0253  0.0253  0.0251  0.0249
  0.0251  0.0248  0.0245  0.0255  0.0255  0.0262  0.0250  0.0257  0.0248  0.0247  0.0247  0.0246
  0.0246  0.0244  0.0243  0.0248  0.0248  0.0253  0.0245  0.0247  0.0244  0.0244  0.0244  0.0244
  0.0244  0.0244  0.0244  0.0243  0.0243  0.0243  0.0243  0.0243  0.0243  0.0243  0.0243  0.0243
  0.0245  0.0246  0.0246  0.0244  0.0244  0.0237  0.0245  0.0246  0.0244  0.0245  0.0244  0.0244
  0.0251  0.0251  0.0249  0.0252  0.0250  0.0250  0.0250  0.0256  0.0248  0.0250  0.0246  0.0246
  0.0260  0.0258  0.0254  0.0270  0.0260  0.0285  0.0257  0.0272  0.0253  0.0257  0.0251  0.0249
niter,ni,del,rscale     4    3    5.0000    0.7000
parameters
   -1.1207   29.3451   21.3607   -4.8748  -12.3464  -11.5088
    4.1901   -4.1874   -4.0056    2.1533    3.9936    2.0730
eta,q 0.97589 13.56275
  0.0256  0.0251  0.0249  0.0260  0.0259  0.0267  0.0252  0.0267  0.0249  0.0250  0.0249  0.0246
  0.0249  0.0246  0.0245  0.0253  0.0252  0.0259  0.0246  0.0253  0.0245  0.0245  0.0245  0.0243
  0.0245  0.0244  0.0243  0.0247  0.0246  0.0251  0.0242  0.0244  0.0242  0.0242  0.0242  0.0242
  0.0243  0.0243  0.0243  0.0243  0.0243  0.0243  0.0241  0.0241  0.0241  0.0241  0.0241  0.0241
  0.0244  0.0245  0.0244  0.0243  0.0244  0.0237  0.0243  0.0244  0.0242  0.0243  0.0242  0.0242
  0.0248  0.0248  0.0246  0.0249  0.0249  0.0245  0.0247  0.0253  0.0244  0.0246  0.0244  0.0244
  0.0255  0.0254  0.0249  0.0262  0.0257  0.0270  0.0253  0.0267  0.0249  0.0253  0.0249  0.0247
niter,ni,del,rscale     3    3    5.0000    0.6000
parameters
   -1.1106   29.2655   21.4655   -4.8080  -12.2333  -11.0156
    4.1447   -4.2180   -3.8995    1.9817    3.9454    1.9094
eta,q 0.97614 13.58712
  0.0251  0.0248  0.0247  0.0255  0.0253  0.0262  0.0247  0.0259  0.0245  0.0247  0.0245  0.0243
  0.0246  0.0244  0.0244  0.0249  0.0248  0.0255  0.0243  0.0248  0.0242  0.0242  0.0241  0.0240
  0.0242  0.0242  0.0242  0.0244  0.0243  0.0248  0.0240  0.0241  0.0239  0.0239  0.0239  0.0239
  0.0241  0.0241  0.0241  0.0241  0.0241  0.0241  0.0239  0.0239  0.0239  0.0239  0.0239  0.0239
  0.0242  0.0242  0.0241  0.0241  0.0242  0.0236  0.0240  0.0241  0.0239  0.0240  0.0239  0.0239
  0.0245  0.0245  0.0243  0.0246  0.0246  0.0241  0.0243  0.0249  0.0241  0.0243  0.0241  0.0241
  0.0251  0.0250  0.0245  0.0256  0.0253  0.0260  0.0248  0.0260  0.0244  0.0248  0.0245  0.0243
niter,ni,del,rscale     2    3    5.0000    0.5000
parameters
   -1.1237   29.2068   21.6306   -4.7716  -12.1854  -10.5018
    4.1159   -4.2604   -3.7786    1.8427    3.8518    1.7089
eta,q 0.97636 13.60767
  0.0245  0.0243  0.0244  0.0249  0.0248  0.0257  0.0243  0.0252  0.0241  0.0243  0.0241  0.0239
  0.0242  0.0241  0.0241  0.0244  0.0243  0.0251  0.0239  0.0243  0.0239  0.0239  0.0238  0.0238
  0.0239  0.0239  0.0239  0.0240  0.0240  0.0244  0.0237  0.0238  0.0237  0.0237  0.0237  0.0237
  0.0239  0.0239  0.0239  0.0239  0.0239  0.0239  0.0236  0.0236  0.0236  0.0236  0.0236  0.0236
  0.0239  0.0239  0.0239  0.0239  0.0239  0.0235  0.0237  0.0239  0.0237  0.0237  0.0237  0.0237
  0.0242  0.0241  0.0240  0.0242  0.0242  0.0239  0.0239  0.0244  0.0238  0.0240  0.0239  0.0238
  0.0246  0.0245  0.0241  0.0249  0.0248  0.0252  0.0243  0.0252  0.0241  0.0244  0.0242  0.0240
niter,ni,del,rscale     1    3    5.0000    0.4000
parameters
   -1.1518   29.1699   21.8207   -4.7503  -12.1834   -9.9889
    4.1022   -4.3138   -3.6718    1.7178    3.7230    1.5062
eta,q 0.97656 13.62443
  0.0241  0.0240  0.0241  0.0243  0.0242  0.0251  0.0239  0.0245  0.0238  0.0239  0.0237  0.0236
  0.0238  0.0238  0.0238  0.0240  0.0239  0.0246  0.0236  0.0239  0.0236  0.0236  0.0236  0.0235
  0.0237  0.0237  0.0237  0.0237  0.0237  0.0241  0.0235  0.0235  0.0235  0.0235  0.0235  0.0235
  0.0236  0.0236  0.0236  0.0236  0.0236  0.0236  0.0234  0.0234  0.0234  0.0234  0.0234  0.0234
  0.0237  0.0237  0.0236  0.0237  0.0237  0.0234  0.0235  0.0236  0.0235  0.0235  0.0235  0.0235
  0.0239  0.0238  0.0237  0.0239  0.0239  0.0236  0.0236  0.0240  0.0236  0.0237  0.0236  0.0236
  0.0241  0.0240  0.0238  0.0243  0.0243  0.0246  0.0239  0.0246  0.0237  0.0240  0.0238  0.0237
registration optimization eta report
parameter search radius
    0.8000    0.8000    0.8000    2.7600    2.4000    2.7600
    2.4000    2.4000    2.4000    2.4000    2.4000    2.4000
100000*second partial in parameter space
       72.       57.       43.        9.       11.       16.
        7.       19.        5.        8.        6.        4.
  0.0241  0.0240  0.0241  0.0243  0.0242  0.0251  0.0239  0.0245  0.0238  0.0239  0.0237  0.0236
  0.0238  0.0238  0.0238  0.0240  0.0239  0.0246  0.0236  0.0239  0.0236  0.0236  0.0236  0.0235
  0.0237  0.0237  0.0237  0.0237  0.0237  0.0241  0.0235  0.0235  0.0235  0.0235  0.0235  0.0235
  0.0236  0.0236  0.0236  0.0236  0.0236  0.0236  0.0234  0.0234  0.0234  0.0234  0.0234  0.0234
  0.0237  0.0237  0.0236  0.0237  0.0237  0.0234  0.0235  0.0236  0.0235  0.0235  0.0235  0.0235
  0.0239  0.0238  0.0237  0.0239  0.0239  0.0236  0.0236  0.0240  0.0236  0.0237  0.0236  0.0236
  0.0241  0.0240  0.0238  0.0243  0.0243  0.0246  0.0239  0.0246  0.0237  0.0240  0.0238  0.0237
   -1.1518   29.1699   21.8207   -4.7503  -12.1834   -9.9889
    4.1022   -4.3138   -3.6718    1.7178    3.7230    1.5062
eta,q 0.97656 13.62443

---------------------------------------------------------------------
imgreg_4dfp /opt/freesurfer/average/711-2C_as_mni_average_305 /opt/freesurfer/average/711-2B_as_mni_average_305_mask talsrcimg_g11 none talsrcimg_to_711-2C_as_mni_average_305_t4 2311
---------------------------------------------------------------------

freesurfer imgreg_4dfp.c
/opt/freesurfer/average/711-2C_as_mni_average_305.4dfp.img
       256       256       256         1
  1.000000  1.000000  1.000000
orientation T byte_order littleendian
Reading image: /opt/freesurfer/average/711-2C_as_mni_average_305.4dfp.img
dimensions:      256       256       256
mmppix:       1.0000   -1.0000   -1.0000
center:     128.0000 -129.0000 -129.0000
/opt/freesurfer/average/711-2B_as_mni_average_305_mask.4dfp.img
       256       256       256         1
  1.000000  1.000000  1.000000
orientation T byte_order littleendian
Reading mask: /opt/freesurfer/average/711-2B_as_mni_average_305_mask.4dfp.img (2306576 pixels)
talsrcimg_g11.4dfp.img
       256       256       256         1
  1.000000  1.000000  1.000000
orientation T byte_order littleendian
Reading image: talsrcimg_g11.4dfp.img
dimensions:      256       256       256
mmppix:       1.0000   -1.0000   -1.0000
center:     128.0000 -129.0000 -129.0000
fimgreg.f
image alignment mode   2311 decimal      907 hex
parameters
   -1.1518   29.1699   21.8207   -4.7503  -12.1834   -9.9889
    4.1022   -4.3138   -3.6718    1.7178    3.7230    1.5062
eta,q 0.97656 13.62442
niter,ni,del,rscale     5    3    5.0000    0.8000
parameters
   -1.2242   29.1329   22.0779   -5.2318  -12.4247  -10.4785
    4.1426   -4.3405   -3.7474    1.8389    3.4883    1.9837
eta,q 0.97628 13.60498
  0.0251  0.0248  0.0252  0.0250  0.0253  0.0260  0.0252  0.0269  0.0247  0.0253  0.0245  0.0246
  0.0242  0.0241  0.0243  0.0243  0.0245  0.0253  0.0244  0.0251  0.0242  0.0244  0.0241  0.0242
  0.0236  0.0236  0.0237  0.0237  0.0238  0.0244  0.0239  0.0240  0.0238  0.0239  0.0238  0.0239
  0.0234  0.0234  0.0234  0.0234  0.0235  0.0235  0.0237  0.0237  0.0237  0.0237  0.0237  0.0237
  0.0237  0.0236  0.0235  0.0236  0.0237  0.0234  0.0239  0.0241  0.0239  0.0239  0.0238  0.0237
  0.0244  0.0241  0.0238  0.0245  0.0246  0.0253  0.0244  0.0252  0.0242  0.0243  0.0242  0.0239
  0.0255  0.0250  0.0243  0.0262  0.0259  0.0289  0.0252  0.0269  0.0248  0.0252  0.0248  0.0243
niter,ni,del,rscale     4    3    5.0000    0.7000
parameters
   -1.2235   29.1741   21.8296   -4.9692  -12.3576  -10.6000
    4.1687   -4.2290   -3.7094    1.7834    3.5588    1.9381
eta,q 0.97630 13.60441
  0.0250  0.0248  0.0242  0.0252  0.0253  0.0259  0.0249  0.0266  0.0245  0.0249  0.0245  0.0243
  0.0243  0.0242  0.0238  0.0245  0.0246  0.0252  0.0242  0.0250  0.0241  0.0242  0.0241  0.0240
  0.0239  0.0239  0.0237  0.0240  0.0240  0.0244  0.0238  0.0240  0.0238  0.0238  0.0238  0.0238
  0.0237  0.0237  0.0237  0.0237  0.0237  0.0236  0.0237  0.0237  0.0237  0.0237  0.0237  0.0237
  0.0238  0.0238  0.0239  0.0237  0.0238  0.0234  0.0238  0.0240  0.0238  0.0238  0.0238  0.0238
  0.0243  0.0241  0.0242  0.0241  0.0244  0.0245  0.0242  0.0248  0.0241  0.0242  0.0240  0.0240
  0.0250  0.0247  0.0247  0.0250  0.0253  0.0271  0.0248  0.0262  0.0245  0.0249  0.0245  0.0243
niter,ni,del,rscale     3    3    5.0000    0.6000
parameters
   -1.1844   29.1700   21.8050   -4.8034  -12.2769  -10.3894
    4.1089   -4.2114   -3.6675    1.7390    3.5941    1.7872
eta,q 0.97641 13.61460
  0.0247  0.0245  0.0242  0.0248  0.0250  0.0256  0.0245  0.0258  0.0242  0.0245  0.0242  0.0240
  0.0242  0.0240  0.0239  0.0243  0.0244  0.0250  0.0240  0.0246  0.0239  0.0240  0.0239  0.0238
  0.0238  0.0238  0.0237  0.0239  0.0239  0.0243  0.0237  0.0238  0.0237  0.0237  0.0237  0.0236
  0.0237  0.0237  0.0237  0.0237  0.0237  0.0237  0.0236  0.0236  0.0236  0.0236  0.0236  0.0236
  0.0238  0.0238  0.0238  0.0237  0.0238  0.0234  0.0237  0.0239  0.0237  0.0237  0.0236  0.0236
  0.0241  0.0241  0.0240  0.0240  0.0242  0.0240  0.0240  0.0246  0.0239  0.0240  0.0239  0.0238
  0.0246  0.0245  0.0243  0.0248  0.0249  0.0258  0.0245  0.0257  0.0242  0.0246  0.0242  0.0241
niter,ni,del,rscale     2    3    5.0000    0.5000
parameters
   -1.1783   29.1491   21.8956   -4.7430  -12.2410  -10.0258
    4.0772   -4.2450   -3.6042    1.6683    3.5503    1.5844
eta,q 0.97656 13.62642
  0.0243  0.0241  0.0241  0.0244  0.0245  0.0252  0.0241  0.0251  0.0239  0.0241  0.0239  0.0237
  0.0239  0.0238  0.0238  0.0240  0.0241  0.0246  0.0237  0.0241  0.0237  0.0237  0.0237  0.0236
  0.0237  0.0236  0.0237  0.0237  0.0237  0.0241  0.0235  0.0236  0.0235  0.0235  0.0235  0.0235
  0.0236  0.0236  0.0236  0.0236  0.0236  0.0236  0.0234  0.0234  0.0234  0.0234  0.0234  0.0234
  0.0237  0.0237  0.0236  0.0236  0.0237  0.0233  0.0235  0.0237  0.0235  0.0235  0.0235  0.0235
  0.0239  0.0239  0.0237  0.0239  0.0240  0.0237  0.0237  0.0242  0.0236  0.0238  0.0237  0.0236
  0.0243  0.0242  0.0239  0.0244  0.0245  0.0249  0.0241  0.0251  0.0239  0.0242  0.0240  0.0239
niter,ni,del,rscale     1    3    5.0000    0.4000
parameters
   -1.2019   29.1302   22.0415   -4.7262  -12.2496   -9.6256
    4.0615   -4.3021   -3.5438    1.5850    3.4388    1.3986
eta,q 0.97669 13.63740
  0.0239  0.0238  0.0239  0.0240  0.0241  0.0247  0.0237  0.0244  0.0236  0.0238  0.0236  0.0235
  0.0236  0.0236  0.0237  0.0237  0.0237  0.0243  0.0235  0.0238  0.0235  0.0235  0.0234  0.0234
  0.0235  0.0235  0.0235  0.0235  0.0235  0.0238  0.0234  0.0234  0.0233  0.0234  0.0233  0.0233
  0.0234  0.0234  0.0234  0.0234  0.0234  0.0234  0.0233  0.0233  0.0233  0.0233  0.0233  0.0233
  0.0235  0.0235  0.0234  0.0235  0.0235  0.0233  0.0234  0.0235  0.0233  0.0234  0.0234  0.0233
  0.0237  0.0236  0.0235  0.0236  0.0237  0.0235  0.0235  0.0239  0.0234  0.0236  0.0235  0.0234
  0.0239  0.0238  0.0236  0.0240  0.0241  0.0243  0.0237  0.0245  0.0236  0.0239  0.0237  0.0236
registration optimization eta report
parameter search radius
    0.8000    0.8000    0.8000    2.4000    2.4000    2.4000
    2.4000    2.4000    2.4000    2.4000    2.4000    2.4000
100000*second partial in parameter space
       73.       58.       48.        9.       11.       19.
        7.       19.        5.        9.        6.        4.
  0.0239  0.0238  0.0239  0.0240  0.0241  0.0247  0.0237  0.0244  0.0236  0.0238  0.0236  0.0235
  0.0236  0.0236  0.0237  0.0237  0.0237  0.0243  0.0235  0.0238  0.0235  0.0235  0.0234  0.0234
  0.0235  0.0235  0.0235  0.0235  0.0235  0.0238  0.0234  0.0234  0.0233  0.0234  0.0233  0.0233
  0.0234  0.0234  0.0234  0.0234  0.0234  0.0234  0.0233  0.0233  0.0233  0.0233  0.0233  0.0233
  0.0235  0.0235  0.0234  0.0235  0.0235  0.0233  0.0234  0.0235  0.0233  0.0234  0.0234  0.0233
  0.0237  0.0236  0.0235  0.0236  0.0237  0.0235  0.0235  0.0239  0.0234  0.0236  0.0235  0.0234
  0.0239  0.0238  0.0236  0.0240  0.0241  0.0243  0.0237  0.0245  0.0236  0.0239  0.0237  0.0236
   -1.2019   29.1302   22.0415   -4.7262  -12.2496   -9.6256
    4.0615   -4.3021   -3.5438    1.5850    3.4388    1.3986
eta,q 0.97669 13.63740

---------------------------------------------------------------------
compute_vox2vox talsrcimg talsrcimg_to_711-2C_as_mni_average_305_t4 /opt/freesurfer/average/711-2C_as_mni_average_305
---------------------------------------------------------------------

freesurfer compute_vox2vox.c
Reading: talsrcimg.4dfp.ifh
Reading: talsrcimg_to_711-2C_as_mni_average_305_t4
Reading: /opt/freesurfer/average/711-2C_as_mni_average_305.4dfp.ifh
Writing: talsrcimg_to_711-2C_as_mni_average_305_t4_vox2vox.txt

start time Tue Mar 10 22:31:20 CET 2026
end		time Tue Mar 10 22:32:49 CET 2026

mpr2mni305 success

avi2talxfm orig_nu.mgz /opt/freesurfer/average/mni305.cor.mgz talsrcimg_to_711-2C_as_mni_average_305_t4_vox2vox.txt transforms/talairach.auto.xfm
avi2talxfm done
mv -f /out/sourcedata/freesurfer/sub-v2s12x28856_ses-1/mri/talsrcimg_to_711-2C_as_mni_average_305_t4_vox2vox.txt /out/sourcedata/freesurfer/sub-v2s12x28856_ses-1/mri/transforms/talsrcimg_to_711-2C_as_mni_average_305_t4_vox2vox.txt
lta_convert --src orig_nu.mgz --trg /opt/freesurfer/average/mni305.cor.mgz --inxfm transforms/talairach.auto.xfm --outlta transforms/talairach.auto.xfm.lta --subject fsaverage
7.3.2

--src: orig_nu.mgz src image (geometry).
--trg: /opt/freesurfer/average/mni305.cor.mgz trg image (geometry).
--inmni: transforms/talairach.auto.xfm input MNI/XFM transform.
--outlta: transforms/talairach.auto.xfm.lta output LTA.
--s: fsaverage subject name
 LTA read, type : 1
 1.04595   0.05065  -0.04922  -1.72292;
-0.04046   1.10486  -0.01574  -23.28673;
 0.04297  -0.01791   1.13789  -12.06605;
 0.00000   0.00000   0.00000   1.00000;
setting subject to fsaverage
Writing  LTA to file transforms/talairach.auto.xfm.lta...
lta_convert successful.
 
 
Started at Tue Mar 10 22:31:20 CET 2026
Ended   at Tue Mar 10 22:32:50 CET 2026
talairach_avi done
