/out/sourcedata/freesurfer/sub-v2s12x28870_ses-1/mri
/opt/freesurfer/bin/talairach_avi
--i orig_nu.mgz --xfm transforms/talairach.auto.xfm
talairach_avi 7.3.2
Linux dna006 5.14.0-427.37.1.el9_4.x86_64 #1 SMP PREEMPT_DYNAMIC Fri Sep 13 12:41:50 EDT 2024 x86_64 x86_64 x86_64 GNU/Linux
Tue Mar 10 22:38:01 CET 2026
mri_convert orig_nu.mgz talsrcimg.img 
reading from orig_nu.mgz...
TR=0.00, TE=0.00, TI=0.00, flip angle=0.00
i_ras = (-1, 0, 0)
j_ras = (0, 0, -1)
k_ras = (0, 1, 0)
writing to talsrcimg.img...
Analyze Output Matrix
-1.00000   0.00000   0.00000   126.68720;
 0.00000   0.00000   1.00000  -128.50000;
 0.00000  -1.00000   0.00000   122.62500;
 0.00000   0.00000   0.00000   1.00000;
--------------------
INFO: set hdr.hist.orient to -1
mpr2mni305 talsrcimg
Tue Mar 10 22:38:01 CET 2026
/opt/freesurfer/bin/mpr2mni305 talsrcimg
mpr2mni305 7.3.2
target=711-2C_as_mni_average_305

---------------------------------------------------------------------
analyzeto4dfp talsrcimg -O0 -y
---------------------------------------------------------------------

freesurfer ifh2hdr.c
Tue Mar 10 22:38:02 2026
Writing: talsrcimg.4dfp.hdr
freesurfer analyzeto4dfp.c
Reading: talsrcimg.hdr
header size 348 bytes
hdr.dime.datatype	offset=70	value=2
hdr.dime.bitpix		offset=72	value=8
hdr.hist.orient		offset=252	value=-1
dimensionality     4
dimensions       256       256       256         1
Reading: talsrcimg.img
Writing: talsrcimg.4dfp.img
Writing: talsrcimg.4dfp.ifh
ifh2hdr talsrcimg -r0to229
ori=2

---------------------------------------------------------------------
gauss_4dfp talsrcimg 1.1
---------------------------------------------------------------------

freesurfer gauss_4dfp.c
Reading: talsrcimg.4dfp.img
Writing: talsrcimg_g11.4dfp.img
image dimensions 256 256 256 padded to 288 288 288
processing volume 1freesurfer ifh2hdr.c
Tue Mar 10 22:38:03 2026
Writing: talsrcimg_g11.4dfp.hdr

Writing: talsrcimg_g11.4dfp.ifh
including: talsrcimg.4dfp.img.rec in talsrcimg_g11.4dfp.img.rec

---------------------------------------------------------------------
imgreg_4dfp /opt/freesurfer/average/711-2C_as_mni_average_305 none talsrcimg_g11 none talsrcimg_to_711-2C_as_mni_average_305_t4 4355
---------------------------------------------------------------------

freesurfer imgreg_4dfp.c
/opt/freesurfer/average/711-2C_as_mni_average_305.4dfp.img
       256       256       256         1
  1.000000  1.000000  1.000000
orientation T byte_order littleendian
Reading image: /opt/freesurfer/average/711-2C_as_mni_average_305.4dfp.img
dimensions:      256       256       256
mmppix:       1.0000   -1.0000   -1.0000
center:     128.0000 -129.0000 -129.0000
talsrcimg_g11.4dfp.img
       256       256       256         1
  1.000000  1.000000  1.000000
orientation T byte_order littleendian
Reading image: talsrcimg_g11.4dfp.img
dimensions:      256       256       256
mmppix:       1.0000   -1.0000   -1.0000
center:     128.0000 -129.0000 -129.0000
t4_read: open error in t4_sub.f l:  41 t4_file(1:l)talsrcimg_to_711-2C_as_mni_average_305_t4 
t4_read: transform initialized to I4
rotation matrix determinant  1.000000
image alignment mode   4355 decimal     1103 hex
   -7.5000  -45.0000  -45.0000 5474.5195   24.8855
    0.0000  -45.0000  -45.0000 5705.0054   24.9025
    7.5000  -45.0000  -45.0000 5527.2744   24.8775
   -7.5000  -37.5000  -45.0000 5977.2734   24.3780
    0.0000  -37.5000  -45.0000 6241.6377   24.3927
    7.5000  -37.5000  -45.0000 6051.6562   24.3604
   -7.5000  -30.0000  -45.0000 6769.5752   24.2037
    0.0000  -30.0000  -45.0000 7101.2588   24.2277
    7.5000  -30.0000  -45.0000 6874.1606   24.1959
   -7.5000  -22.5000  -45.0000 7612.2383   24.1452
    0.0000  -22.5000  -45.0000 7995.3306   24.1789
    7.5000  -22.5000  -45.0000 7739.3237   24.1528
   -7.5000  -15.0000  -45.0000 8455.7744   24.1037
    0.0000  -15.0000  -45.0000 8881.3564   24.1390
    7.5000  -15.0000  -45.0000 8584.7363   24.1205
   -7.5000   -7.5000  -45.0000 9277.3145   24.1173
    0.0000   -7.5000  -45.0000 9744.4229   24.1426
    7.5000   -7.5000  -45.0000 9421.2812   24.1249
   -7.5000    0.0000  -45.0000 9930.6006   24.1708
    0.0000    0.0000  -45.000010449.2354   24.1850
    7.5000    0.0000  -45.000010112.0273   24.1597
   -7.5000    7.5000  -45.0000 9836.9199   24.2120
    0.0000    7.5000  -45.000010380.0732   24.2263
    7.5000    7.5000  -45.000010043.6582   24.1946
   -7.5000   15.0000  -45.0000 9728.4219   24.1998
    0.0000   15.0000  -45.000010260.9482   24.2237
    7.5000   15.0000  -45.0000 9904.9971   24.1920
   -7.5000   22.5000  -45.0000 9534.9893   24.1419
    0.0000   22.5000  -45.000010035.9238   24.1756
    7.5000   22.5000  -45.0000 9698.2402   24.1495
   -7.5000   30.0000  -45.0000 9279.1113   23.7825
    0.0000   30.0000  -45.0000 9730.7549   23.8173
    7.5000   30.0000  -45.0000 9454.1416   23.7991
   -7.5000   37.5000  -45.0000 9223.7061   23.7959
    0.0000   37.5000  -45.0000 9656.5400   23.8208
    7.5000   37.5000  -45.0000 9380.3828   23.8034
   -7.5000   45.0000  -45.0000 8804.8594   23.2431
    0.0000   45.0000  -45.0000 9232.8271   23.2568
    7.5000   45.0000  -45.0000 8934.4824   23.2324
   -7.5000  -45.0000  -37.5000 5770.1631   24.7468
    0.0000  -45.0000  -37.5000 6008.3765   24.7535
    7.5000  -45.0000  -37.5000 5865.4282   24.7215
   -7.5000  -37.5000  -37.5000 6315.1636   24.2527
    0.0000  -37.5000  -37.5000 6609.9053   24.2590
    7.5000  -37.5000  -37.5000 6432.7490   24.2215
   -7.5000  -30.0000  -37.5000 7194.6782   24.0866
    0.0000  -30.0000  -37.5000 7560.9185   24.1023
    7.5000  -30.0000  -37.5000 7320.1914   24.0646
   -7.5000  -22.5000  -37.5000 8098.3169   24.0283
    0.0000  -22.5000  -37.5000 8523.6680   24.0537
    7.5000  -22.5000  -37.5000 8247.9189   24.0190
   -7.5000  -15.0000  -37.5000 8981.4590   23.9807
    0.0000  -15.0000  -37.5000 9448.1191   24.0072
    7.5000  -15.0000  -37.5000 9133.2793   23.9775
   -7.5000   -7.5000  -37.5000 9841.5859   23.9891
    0.0000   -7.5000  -37.500010333.4180   24.0047
    7.5000   -7.5000  -37.5000 9988.9326   23.9763
   -7.5000    0.0000  -37.500010535.2148   24.0421
    0.0000    0.0000  -37.500011077.2285   24.0471
    7.5000    0.0000  -37.500010719.3008   24.0145
   -7.5000    7.5000  -37.500010419.1172   24.0884
    0.0000    7.5000  -37.500011018.6055   24.0944
    7.5000    7.5000  -37.500010632.4102   24.0578
   -7.5000   15.0000  -37.500010246.7041   24.0827
    0.0000   15.0000  -37.500010812.3691   24.0985
    7.5000   15.0000  -37.500010420.1777   24.0609
   -7.5000   22.5000  -37.500010022.1025   24.0250
    0.0000   22.5000  -37.500010536.2842   24.0504
    7.5000   22.5000  -37.500010177.8770   24.0157
   -7.5000   30.0000  -37.5000 9774.2744   23.6611
    0.0000   30.0000  -37.500010272.7939   23.6873
    7.5000   30.0000  -37.5000 9925.5488   23.6580
   -7.5000   37.5000  -37.5000 9719.3740   23.6694
    0.0000   37.5000  -37.500010214.0156   23.6848
    7.5000   37.5000  -37.5000 9853.5723   23.6568
   -7.5000   45.0000  -37.5000 9267.6992   23.1194
    0.0000   45.0000  -37.5000 9755.2451   23.1241
    7.5000   45.0000  -37.5000 9392.2285   23.0929
   -7.5000  -45.0000  -30.0000 6230.0356   25.8760
    0.0000  -45.0000  -30.0000 6490.8330   25.8793
    7.5000  -45.0000  -30.0000 6315.4546   25.8413
   -7.5000  -37.5000  -30.0000 6822.6187   25.3521
    0.0000  -37.5000  -30.0000 7140.5537   25.3555
    7.5000  -37.5000  -30.0000 6926.6787   25.3090
   -7.5000  -30.0000  -30.0000 7785.8789   25.1828
    0.0000  -30.0000  -30.0000 8187.9004   25.1970
    7.5000  -30.0000  -30.0000 7920.1631   25.1463
   -7.5000  -22.5000  -30.0000 8806.5410   25.1350
    0.0000  -22.5000  -30.0000 9259.0225   25.1605
    7.5000  -22.5000  -30.0000 8947.5742   25.1120
   -7.5000  -15.0000  -30.0000 9754.8662   25.0924
    0.0000  -15.0000  -30.000010268.9443   25.1190
    7.5000  -15.0000  -30.0000 9896.7314   25.0785
   -7.5000   -7.5000  -30.000010670.4707   25.0950
    0.0000   -7.5000  -30.000011209.5596   25.1098
    7.5000   -7.5000  -30.000010791.3359   25.0742
   -7.5000    0.0000  -30.000011409.6240   25.1384
    0.0000    0.0000  -30.000011983.7959   25.1409
    7.5000    0.0000  -30.000011560.9971   25.1027
   -7.5000    7.5000  -30.000011290.5889   25.1797
    0.0000    7.5000  -30.000011906.5967   25.1831
    7.5000    7.5000  -30.000011472.3604   25.1374
   -7.5000   15.0000  -30.000011103.3027   25.1789
    0.0000   15.0000  -30.000011686.4453   25.1931
    7.5000   15.0000  -30.000011246.9326   25.1424
   -7.5000   22.5000  -30.000010816.8281   25.1290
    0.0000   22.5000  -30.000011369.0781   25.1544
    7.5000   22.5000  -30.000010944.7471   25.1060
   -7.5000   30.0000  -30.000010510.3799   24.7604
    0.0000   30.0000  -30.000011052.6699   24.7866
    7.5000   30.0000  -30.000010640.5508   24.7467
   -7.5000   37.5000  -30.000010402.6455   24.7630
    0.0000   37.5000  -30.000010949.5723   24.7775
    7.5000   37.5000  -30.000010553.3184   24.7424
   -7.5000   45.0000  -30.0000 9875.7598   24.1913
    0.0000   45.0000  -30.000010429.2676   24.1937
    7.5000   45.0000  -30.000010037.7715   24.1570
   -7.5000  -45.0000  -22.5000 6727.4297   26.7301
    0.0000  -45.0000  -22.5000 7026.5737   26.7402
    7.5000  -45.0000  -22.5000 6801.3794   26.7067
   -7.5000  -37.5000  -22.5000 7365.4253   26.1738
    0.0000  -37.5000  -22.5000 7734.7314   26.1818
    7.5000  -37.5000  -22.5000 7479.8662   26.1333
   -7.5000  -30.0000  -22.5000 8407.8008   25.9981
    0.0000  -30.0000  -22.5000 8856.7471   26.0171
    7.5000  -30.0000  -22.5000 8552.7119   25.9590
   -7.5000  -22.5000  -22.5000 9494.0732   25.9640
    0.0000  -22.5000  -22.500010025.9160   25.9960
    7.5000  -22.5000  -22.5000 9654.9814   25.9415
   -7.5000  -15.0000  -22.500010537.7783   25.9356
    0.0000  -15.0000  -22.500011118.5283   25.9703
    7.5000  -15.0000  -22.500010684.7354   25.9300
   -7.5000   -7.5000  -22.500011524.5000   25.9376
    0.0000   -7.5000  -22.500012125.0068   25.9609
    7.5000   -7.5000  -22.500011656.5508   25.9312
   -7.5000    0.0000  -22.500012322.2969   25.9680
    0.0000    0.0000  -22.500012944.6748   25.9774
    7.5000    0.0000  -22.500012477.0059   25.9443
   -7.5000    7.5000  -22.500012188.4229   25.9962
    0.0000    7.5000  -22.500012838.9961   26.0039
    7.5000    7.5000  -22.500012349.1816   25.9564
   -7.5000   15.0000  -22.500011948.0781   25.9939
    0.0000   15.0000  -22.500012585.7656   26.0129
    7.5000   15.0000  -22.500012059.4912   25.9548
   -7.5000   22.5000  -22.500011627.8916   25.9560
    0.0000   22.5000  -22.500012238.5645   25.9880
    7.5000   22.5000  -22.500011727.7109   25.9335
   -7.5000   30.0000  -22.500011239.0771   25.5964
    0.0000   30.0000  -22.500011854.1807   25.6306
    7.5000   30.0000  -22.500011394.1514   25.5908
   -7.5000   37.5000  -22.500011077.9414   25.5984
    0.0000   37.5000  -22.500011691.3955   25.6213
    7.5000   37.5000  -22.500011253.5713   25.5920
   -7.5000   45.0000  -22.500010512.0088   25.0085
    0.0000   45.0000  -22.500011104.2031   25.0175
    7.5000   45.0000  -22.500010684.9717   24.9857
   -7.5000  -45.0000  -15.0000 7198.3218   27.2499
    0.0000  -45.0000  -15.0000 7542.0449   27.2685
    7.5000  -45.0000  -15.0000 7305.3721   27.2432
   -7.5000  -37.5000  -15.0000 7903.3066   26.6751
    0.0000  -37.5000  -15.0000 8307.2314   26.6889
    7.5000  -37.5000  -15.0000 8028.1997   26.6459
   -7.5000  -30.0000  -15.0000 9029.3779   26.4900
    0.0000  -30.0000  -15.0000 9493.2871   26.5154
    7.5000  -30.0000  -15.0000 9156.5146   26.4610
   -7.5000  -22.5000  -15.000010187.6855   26.4573
    0.0000  -22.5000  -15.000010748.9326   26.4973
    7.5000  -22.5000  -15.000010340.4502   26.4481
   -7.5000  -15.0000  -15.000011311.5840   26.4375
    0.0000  -15.0000  -15.000011928.9688   26.4813
    7.5000  -15.0000  -15.000011435.1328   26.4496
   -7.5000   -7.5000  -15.000012350.0010   26.4450
    0.0000   -7.5000  -15.000013022.2910   26.4777
    7.5000   -7.5000  -15.000012480.0039   26.4584
   -7.5000    0.0000  -15.000013200.4014   26.4739
    0.0000    0.0000  -15.000013903.6699   26.4909
    7.5000    0.0000  -15.000013357.2988   26.4662
   -7.5000    7.5000  -15.000013062.6055   26.4949
    0.0000    7.5000  -15.000013755.4004   26.5084
    7.5000    7.5000  -15.000013160.6221   26.4661
   -7.5000   15.0000  -15.000012760.3340   26.4857
    0.0000   15.0000  -15.000013447.4307   26.5111
    7.5000   15.0000  -15.000012827.5020   26.4568
   -7.5000   22.5000  -15.000012392.4707   26.4480
    0.0000   22.5000  -15.000013091.1113   26.4879
    7.5000   22.5000  -15.000012504.5957   26.4387
   -7.5000   30.0000  -15.000011984.9912   26.0954
    0.0000   30.0000  -15.000012692.4512   26.1386
    7.5000   30.0000  -15.000012159.8281   26.1073
   -7.5000   37.5000  -15.000011805.2402   26.1028
    0.0000   37.5000  -15.000012490.1621   26.1350
    7.5000   37.5000  -15.000011986.0908   26.1159
   -7.5000   45.0000  -15.000011180.2168   25.5111
    0.0000   45.0000  -15.000011830.6748   25.5275
    7.5000   45.0000  -15.000011376.4766   25.5036
   -7.5000  -45.0000   -7.5000 7704.8564   27.4769
    0.0000  -45.0000   -7.5000 8096.5093   27.4988
    7.5000  -45.0000   -7.5000 7851.3452   27.4768
   -7.5000  -37.5000   -7.5000 8477.3936   26.9083
    0.0000  -37.5000   -7.5000 8947.2158   26.9258
    7.5000  -37.5000   -7.5000 8643.0527   26.8894
   -7.5000  -30.0000   -7.5000 9702.7275   26.7175
    0.0000  -30.0000   -7.500010217.3184   26.7461
    7.5000  -30.0000   -7.5000 9856.9580   26.7041
   -7.5000  -22.5000   -7.500010937.3848   26.6686
    0.0000  -22.5000   -7.500011531.9980   26.7106
    7.5000  -22.5000   -7.500011095.7783   26.6753
   -7.5000  -15.0000   -7.500012141.4053   26.6382
    0.0000  -15.0000   -7.500012791.3271   26.6834
    7.5000  -15.0000   -7.500012295.3750   26.6624
   -7.5000   -7.5000   -7.500013284.7959   26.6514
    0.0000   -7.5000   -7.500013991.2793   26.6856
    7.5000   -7.5000   -7.500013430.1768   26.6715
   -7.5000    0.0000   -7.500014207.7412   26.6956
    0.0000    0.0000   -7.500015013.7793   26.7150
    7.5000    0.0000   -7.500014371.8926   26.6929
   -7.5000    7.5000   -7.500014056.4209   26.7272
    0.0000    7.5000   -7.500014827.7930   26.7442
    7.5000    7.5000   -7.500014100.5127   26.7084
   -7.5000   15.0000   -7.500013684.6475   26.7132
    0.0000   15.0000   -7.500014411.6367   26.7418
    7.5000   15.0000   -7.500013688.3301   26.6999
   -7.5000   22.5000   -7.500013235.3018   26.6563
    0.0000   22.5000   -7.500014008.3467   26.6982
    7.5000   22.5000   -7.500013326.5010   26.6629
   -7.5000   30.0000   -7.500012854.4736   26.2928
    0.0000   30.0000   -7.500013587.7969   26.3374
    7.5000   30.0000   -7.500012942.4609   26.3167
   -7.5000   37.5000   -7.500012657.9668   26.3058
    0.0000   37.5000   -7.500013380.5664   26.3395
    7.5000   37.5000   -7.500012774.1074   26.3256
   -7.5000   45.0000   -7.500011944.0752   25.7296
    0.0000   45.0000   -7.500012663.7129   25.7482
    7.5000   45.0000   -7.500012104.3545   25.7270
   -7.5000  -45.0000    0.0000 8176.0962   27.5523
    0.0000  -45.0000    0.0000 8615.1338   27.5701
    7.5000  -45.0000    0.0000 8351.2637   27.5438
   -7.5000  -37.5000    0.0000 9008.6787   26.9981
    0.0000  -37.5000    0.0000 9504.9854   27.0133
    7.5000  -37.5000    0.0000 9187.8799   26.9784
   -7.5000  -30.0000    0.000010290.5908   26.8081
    0.0000  -30.0000    0.000010831.9092   26.8332
    7.5000  -30.0000    0.000010449.1045   26.7983
   -7.5000  -22.5000    0.000011585.3506   26.7430
    0.0000  -22.5000    0.000012202.7559   26.7789
    7.5000  -22.5000    0.000011721.5615   26.7500
   -7.5000  -15.0000    0.000012821.3408   26.6958
    0.0000  -15.0000    0.000013497.9180   26.7336
    7.5000  -15.0000    0.000012979.6943   26.7134
   -7.5000   -7.5000    0.000014146.9131   26.7098
    0.0000   -7.5000    0.000014894.9971   26.7368
    7.5000   -7.5000    0.000014313.6045   26.7181
   -7.5000    0.0000    0.000015232.1455   26.7691
    0.0000    0.0000    0.000016181.8926   26.7840
    7.5000    0.0000    0.000015412.3125   26.7572
   -7.5000    7.5000    0.000015047.1289   26.8162
    0.0000    7.5000    0.000015835.4111   26.8308
    7.5000    7.5000    0.000014957.0488   26.7967
   -7.5000   15.0000    0.000014575.5752   26.8038
    0.0000   15.0000    0.000015247.9121   26.8289
    7.5000   15.0000    0.000014428.8574   26.7941
   -7.5000   22.5000    0.000014107.4355   26.7307
    0.0000   22.5000    0.000014799.9922   26.7666
    7.5000   22.5000    0.000014073.1592   26.7377
   -7.5000   30.0000    0.000013705.1807   26.3503
    0.0000   30.0000    0.000014374.5996   26.3876
    7.5000   30.0000    0.000013690.0098   26.3677
   -7.5000   37.5000    0.000013455.8242   26.3641
    0.0000   37.5000    0.000014144.0322   26.3908
    7.5000   37.5000    0.000013479.3350   26.3723
   -7.5000   45.0000    0.000012684.2344   25.8024
    0.0000   45.0000    0.000013376.0615   25.8167
    7.5000   45.0000    0.000012743.5547   25.7908
   -7.5000  -45.0000    7.5000 7976.3833   27.6824
    0.0000  -45.0000    7.5000 8410.0488   27.6899
    7.5000  -45.0000    7.5000 8108.7515   27.6542
   -7.5000  -37.5000    7.5000 8827.6182   27.1299
    0.0000  -37.5000    7.5000 9287.0156   27.1370
    7.5000  -37.5000    7.5000 8943.7168   27.0952
   -7.5000  -30.0000    7.500010114.0479   26.9441
    0.0000  -30.0000    7.500010614.1094   26.9618
    7.5000  -30.0000    7.500010201.9404   26.9197
   -7.5000  -22.5000    7.500011358.3652   26.8790
    0.0000  -22.5000    7.500011891.4854   26.9074
    7.5000  -22.5000    7.500011443.8535   26.8687
   -7.5000  -15.0000    7.500012584.8193   26.8257
    0.0000  -15.0000    7.500013140.2871   26.8554
    7.5000  -15.0000    7.500012679.0322   26.8223
   -7.5000   -7.5000    7.500013967.3076   26.8351
    0.0000   -7.5000    7.500014774.5586   26.8526
    7.5000   -7.5000    7.500014137.8027   26.8210
   -7.5000    0.0000    7.500015277.0400   26.8944
    0.0000    0.0000    7.500016347.3701   26.9000
    7.5000    0.0000    7.500015405.3975   26.8637
   -7.5000    7.5000    7.500015082.9053   26.9462
    0.0000    7.5000    7.500015665.3066   26.9530
    7.5000    7.5000    7.500014801.9785   26.9121
   -7.5000   15.0000    7.500014512.1494   26.9399
    0.0000   15.0000    7.500014848.8633   26.9575
    7.5000   15.0000    7.500014167.9102   26.9155
   -7.5000   22.5000    7.500014049.2090   26.8666
    0.0000   22.5000    7.500014456.0117   26.8950
    7.5000   22.5000    7.500013862.1953   26.8563
   -7.5000   30.0000    7.500013618.6924   26.4786
    0.0000   30.0000    7.500014103.4062   26.5078
    7.5000   30.0000    7.500013509.8887   26.4752
   -7.5000   37.5000    7.500013382.8721   26.4878
    0.0000   37.5000    7.500013891.4062   26.5051
    7.5000   37.5000    7.500013314.4229   26.4739
   -7.5000   45.0000    7.500012603.9150   25.9231
    0.0000   45.0000    7.500013138.2588   25.9285
    7.5000   45.0000    7.500012547.8428   25.8935
   -7.5000  -45.0000   15.0000 7741.5142   27.7866
    0.0000  -45.0000   15.0000 8124.8022   27.7901
    7.5000  -45.0000   15.0000 7827.8389   27.7493
   -7.5000  -37.5000   15.0000 8516.9551   27.2239
    0.0000  -37.5000   15.0000 8935.2959   27.2277
    7.5000  -37.5000   15.0000 8603.9863   27.1777
   -7.5000  -30.0000   15.0000 9711.0410   27.0422
    0.0000  -30.0000   15.000010184.2900   27.0575
    7.5000  -30.0000   15.0000 9808.5254   27.0030
   -7.5000  -22.5000   15.000010901.2998   26.9909
    0.0000  -22.5000   15.000011428.2529   27.0182
    7.5000  -22.5000   15.000010995.8701   26.9662
   -7.5000  -15.0000   15.000012108.4600   26.9451
    0.0000  -15.0000   15.000012682.4541   26.9737
    7.5000  -15.0000   15.000012146.4707   26.9302
   -7.5000   -7.5000   15.000013428.0723   26.9479
    0.0000   -7.5000   15.000014253.6807   26.9638
    7.5000   -7.5000   15.000013573.8760   26.9255
   -7.5000    0.0000   15.000014616.5010   26.9945
    0.0000    0.0000   15.000015574.1367   26.9971
    7.5000    0.0000   15.000014939.6270   26.9562
   -7.5000    7.5000   15.000014617.7773   27.0388
    0.0000    7.5000   15.000014981.3857   27.0425
    7.5000    7.5000   15.000014552.0537   26.9934
   -7.5000   15.0000   15.000014212.2695   27.0380
    0.0000   15.0000   15.000014241.8857   27.0532
    7.5000   15.0000   15.000013902.0352   26.9988
   -7.5000   22.5000   15.000013855.4736   26.9785
    0.0000   22.5000   15.000013974.8701   27.0057
    7.5000   22.5000   15.000013515.6758   26.9538
   -7.5000   30.0000   15.000013442.3584   26.5964
    0.0000   30.0000   15.000013726.4639   26.6246
    7.5000   30.0000   15.000013128.8623   26.5817
   -7.5000   37.5000   15.000013127.4951   26.5992
    0.0000   37.5000   15.000013562.1113   26.6148
    7.5000   37.5000   15.000012894.3027   26.5771
   -7.5000   45.0000   15.000012258.0801   26.0196
    0.0000   45.0000   15.000012775.2686   26.0221
    7.5000   45.0000   15.000012093.1934   25.9827
   -7.5000  -45.0000   22.5000 7294.8110   27.7480
    0.0000  -45.0000   22.5000 7684.3711   27.7585
    7.5000  -45.0000   22.5000 7368.9585   27.7236
   -7.5000  -37.5000   22.5000 8110.3408   27.1705
    0.0000  -37.5000   22.5000 8501.2471   27.1788
    7.5000  -37.5000   22.5000 8179.4136   27.1285
   -7.5000  -30.0000   22.5000 9301.1660   26.9881
    0.0000  -30.0000   22.5000 9729.8447   27.0078
    7.5000  -30.0000   22.5000 9388.6641   26.9475
   -7.5000  -22.5000   22.500010472.2676   26.9527
    0.0000  -22.5000   22.500010933.9990   26.9859
    7.5000  -22.5000   22.500010558.5664   26.9294
   -7.5000  -15.0000   22.500011573.1182   26.9233
    0.0000  -15.0000   22.500012072.9141   26.9592
    7.5000  -15.0000   22.500011661.5928   26.9174
   -7.5000   -7.5000   22.500012675.3340   26.9253
    0.0000   -7.5000   22.500013369.6533   26.9495
    7.5000   -7.5000   22.500012927.3828   26.9187
   -7.5000    0.0000   22.500013659.7246   26.9569
    0.0000    0.0000   22.500014471.3457   26.9666
    7.5000    0.0000   22.500014046.1309   26.9323
   -7.5000    7.5000   22.500013734.2656   26.9861
    0.0000    7.5000   22.500014440.6787   26.9942
    7.5000    7.5000   22.500013963.8828   26.9448
   -7.5000   15.0000   22.500013652.7227   26.9838
    0.0000   15.0000   22.500014306.2686   27.0035
    7.5000   15.0000   22.500013700.8535   26.9432
   -7.5000   22.5000   22.500013392.7852   26.9403
    0.0000   22.5000   22.500014003.2305   26.9735
    7.5000   22.5000   22.500013284.6504   26.9169
   -7.5000   30.0000   22.500012917.6104   26.5748
    0.0000   30.0000   22.500013497.9160   26.6103
    7.5000   30.0000   22.500012739.3682   26.5690
   -7.5000   37.5000   22.500012527.7812   26.5769
    0.0000   37.5000   22.500013077.5771   26.6007
    7.5000   37.5000   22.500012388.3027   26.5703
   -7.5000   45.0000   22.500011625.3184   25.9833
    0.0000   45.0000   22.500012136.5635   25.9927
    7.5000   45.0000   22.500011529.5938   25.9596
   -7.5000  -45.0000   30.0000 6832.1484   27.6283
    0.0000  -45.0000   30.0000 7165.7480   27.6472
    7.5000  -45.0000   30.0000 6925.0405   27.6215
   -7.5000  -37.5000   30.0000 7568.3623   27.0455
    0.0000  -37.5000   30.0000 7941.3945   27.0595
    7.5000  -37.5000   30.0000 7662.7261   27.0158
   -7.5000  -30.0000   30.0000 8626.6582   26.8577
    0.0000  -30.0000   30.0000 9083.6377   26.8835
    7.5000  -30.0000   30.0000 8739.4062   26.8283
   -7.5000  -22.5000   30.0000 9681.4990   26.8246
    0.0000  -22.5000   30.000010240.2822   26.8651
    7.5000  -22.5000   30.0000 9821.2539   26.8152
   -7.5000  -15.0000   30.000010704.2275   26.8045
    0.0000  -15.0000   30.000011421.4951   26.8489
    7.5000  -15.0000   30.000010869.1426   26.8167
   -7.5000   -7.5000   30.000011784.6611   26.8121
    0.0000   -7.5000   30.000012638.8447   26.8453
    7.5000   -7.5000   30.000012025.7305   26.8256
   -7.5000    0.0000   30.000012738.8623   26.8415
    0.0000    0.0000   30.000013597.0225   26.8587
    7.5000    0.0000   30.000012989.3125   26.8336
   -7.5000    7.5000   30.000012706.8047   26.8627
    0.0000    7.5000   30.000013498.6914   26.8764
    7.5000    7.5000   30.000012867.0098   26.8335
   -7.5000   15.0000   30.000012512.2510   26.8534
    0.0000   15.0000   30.000013290.8115   26.8791
    7.5000   15.0000   30.000012676.9600   26.8240
   -7.5000   22.5000   30.000012237.9160   26.8122
    0.0000   22.5000   30.000012969.8877   26.8528
    7.5000   22.5000   30.000012365.8037   26.8028
   -7.5000   30.0000   30.000011844.0029   26.4576
    0.0000   30.0000   30.000012494.6426   26.5014
    7.5000   30.0000   30.000011913.6777   26.4697
   -7.5000   37.5000   30.000011547.2861   26.4651
    0.0000   37.5000   30.000012140.2930   26.4978
    7.5000   37.5000   30.000011624.4424   26.4785
   -7.5000   45.0000   30.000010770.2842   25.8721
    0.0000   45.0000   30.000011304.5020   25.8887
    7.5000   45.0000   30.000010818.5752   25.8645
   -7.5000  -45.0000   37.5000 6459.1704   27.5528
    0.0000  -45.0000   37.5000 6815.7632   27.5748
    7.5000  -45.0000   37.5000 6558.6821   27.5527
   -7.5000  -37.5000   37.5000 7172.7822   26.9823
    0.0000  -37.5000   37.5000 7560.0303   26.9999
    7.5000  -37.5000   37.5000 7287.7378   26.9634
   -7.5000  -30.0000   37.5000 8190.9526   26.7906
    0.0000  -30.0000   37.5000 8657.2656   26.8195
    7.5000  -30.0000   37.5000 8344.9932   26.7775
   -7.5000  -22.5000   37.5000 9224.5469   26.7414
    0.0000  -22.5000   37.5000 9747.6084   26.7837
    7.5000  -22.5000   37.5000 9407.1768   26.7484
   -7.5000  -15.0000   37.500010237.7783   26.7109
    0.0000  -15.0000   37.500010808.0889   26.7563
    7.5000  -15.0000   37.500010434.2461   26.7354
   -7.5000   -7.5000   37.500011214.0498   26.7243
    0.0000   -7.5000   37.500011821.7031   26.7586
    7.5000   -7.5000   37.500011446.5947   26.7446
   -7.5000    0.0000   37.500012073.2129   26.7688
    0.0000    0.0000   37.500012669.5967   26.7882
    7.5000    0.0000   37.500012298.9326   26.7662
   -7.5000    7.5000   37.500011980.7168   26.8005
    0.0000    7.5000   37.500012528.6689   26.8176
    7.5000    7.5000   37.500012166.8828   26.7818
   -7.5000   15.0000   37.500011790.0830   26.7863
    0.0000   15.0000   37.500012328.8428   26.8152
    7.5000   15.0000   37.500011968.3477   26.7732
   -7.5000   22.5000   37.500011506.8369   26.7291
    0.0000   22.5000   37.500012024.6455   26.7714
    7.5000   22.5000   37.500011667.4746   26.7361
   -7.5000   30.0000   37.500011165.4277   26.3652
    0.0000   30.0000   37.500011657.4160   26.4101
    7.5000   30.0000   37.500011287.0557   26.3894
   -7.5000   37.5000   37.500010948.4141   26.3784
    0.0000   37.5000   37.500011453.3184   26.4122
    7.5000   37.5000   37.500011076.8174   26.3984
   -7.5000   45.0000   37.500010251.7812   25.8021
    0.0000   45.0000   37.500010750.3848   25.8208
    7.5000   45.0000   37.500010383.8623   25.7995
   -7.5000  -45.0000   45.0000 5927.0195   27.9258
    0.0000  -45.0000   45.0000 6228.6187   27.9444
    7.5000  -45.0000   45.0000 6020.0591   27.9168
   -7.5000  -37.5000   45.0000 6565.3325   27.3538
    0.0000  -37.5000   45.0000 6920.8496   27.3698
    7.5000  -37.5000   45.0000 6700.7524   27.3336
   -7.5000  -30.0000   45.0000 7498.5415   27.1572
    0.0000  -30.0000   45.0000 7899.6021   27.1837
    7.5000  -30.0000   45.0000 7670.3555   27.1475
   -7.5000  -22.5000   45.0000 8440.5215   27.0889
    0.0000  -22.5000   45.0000 8894.6699   27.1265
    7.5000  -22.5000   45.0000 8613.2637   27.0964
   -7.5000  -15.0000   45.0000 9330.3730   27.0393
    0.0000  -15.0000   45.0000 9830.4473   27.0786
    7.5000  -15.0000   45.0000 9517.9668   27.0573
   -7.5000   -7.5000   45.000010204.0684   27.0540
    0.0000   -7.5000   45.000010728.6797   27.0821
    7.5000   -7.5000   45.000010388.9258   27.0622
   -7.5000    0.0000   45.000010979.9043   27.1163
    0.0000    0.0000   45.000011494.6650   27.1320
    7.5000    0.0000   45.000011161.5908   27.1038
   -7.5000    7.5000   45.000010900.8301   27.1658
    0.0000    7.5000   45.000011390.1611   27.1813
    7.5000    7.5000   45.000011089.8389   27.1459
   -7.5000   15.0000   45.000010719.6211   27.1528
    0.0000   15.0000   45.000011211.9639   27.1792
    7.5000   15.0000   45.000010913.6045   27.1431
   -7.5000   22.5000   45.000010470.6377   27.0763
    0.0000   22.5000   45.000010917.8623   27.1139
    7.5000   22.5000   45.000010641.8887   27.0838
   -7.5000   30.0000   45.000010143.5439   26.6871
    0.0000   30.0000   45.000010567.4248   26.7259
    7.5000   30.0000   45.000010275.3701   26.7048
   -7.5000   37.5000   45.000010012.4658   26.7016
    0.0000   37.5000   45.000010471.8740   26.7292
    7.5000   37.5000   45.000010165.5938   26.7097
   -7.5000   45.0000   45.0000 9395.5693   26.1489
    0.0000   45.0000   45.0000 9831.5352   26.1639
    7.5000   45.0000   45.0000 9544.3828   26.1368

---------------------------------------------------------------------
imgreg_4dfp /opt/freesurfer/average/711-2C_as_mni_average_305 /opt/freesurfer/average/711-2B_as_mni_average_305_mask talsrcimg_g11 none talsrcimg_to_711-2C_as_mni_average_305_t4 4355
---------------------------------------------------------------------

freesurfer imgreg_4dfp.c
/opt/freesurfer/average/711-2C_as_mni_average_305.4dfp.img
       256       256       256         1
  1.000000  1.000000  1.000000
orientation T byte_order littleendian
Reading image: /opt/freesurfer/average/711-2C_as_mni_average_305.4dfp.img
dimensions:      256       256       256
mmppix:       1.0000   -1.0000   -1.0000
center:     128.0000 -129.0000 -129.0000
/opt/freesurfer/average/711-2B_as_mni_average_305_mask.4dfp.img
       256       256       256         1
  1.000000  1.000000  1.000000
orientation T byte_order littleendian
Reading mask: /opt/freesurfer/average/711-2B_as_mni_average_305_mask.4dfp.img (2306576 pixels)
talsrcimg_g11.4dfp.img
       256       256       256         1
  1.000000  1.000000  1.000000
orientation T byte_order littleendian
Reading image: talsrcimg_g11.4dfp.img
dimensions:      256       256       256
mmppix:       1.0000   -1.0000   -1.0000
center:     128.0000 -129.0000 -129.0000
rotation matrix determinant  1.000000
image alignment mode   4355 decimal     1103 hex
   -7.5000  -45.0000  -37.5000 1632.5579   38.7916
    0.0000  -45.0000  -37.5000 1638.4188   38.2691
    7.5000  -45.0000  -37.5000 1635.9226   38.5110
   -7.5000  -37.5000  -37.5000 1760.1118   33.9050
    0.0000  -37.5000  -37.5000 1769.1748   33.4177
    7.5000  -37.5000  -37.5000 1761.4608   33.4980
   -7.5000  -30.0000  -37.5000 1873.6980   29.9850
    0.0000  -30.0000  -37.5000 1890.3917   29.6343
    7.5000  -30.0000  -37.5000 1878.3838   29.5496
   -7.5000  -22.5000  -37.5000 1980.2671   26.9426
    0.0000  -22.5000  -37.5000 1996.3950   26.6198
    7.5000  -22.5000  -37.5000 1992.2993   26.5281
   -7.5000  -15.0000  -37.5000 2074.9307   24.4750
    0.0000  -15.0000  -37.5000 2089.6768   24.2771
    7.5000  -15.0000  -37.5000 2088.1614   24.1608
   -7.5000   -7.5000  -37.5000 2145.3364   22.6750
    0.0000   -7.5000  -37.5000 2161.0930   22.4586
    7.5000   -7.5000  -37.5000 2159.0391   22.3589
   -7.5000    0.0000  -37.5000 2179.0422   21.4688
    0.0000    0.0000  -37.5000 2201.1824   21.2346
    7.5000    0.0000  -37.5000 2196.3342   21.1477
   -7.5000    7.5000  -37.5000 2205.0854   20.8417
    0.0000    7.5000  -37.5000 2230.3164   20.4810
    7.5000    7.5000  -37.5000 2222.6006   20.4357
   -7.5000   15.0000  -37.5000 2206.3164   20.5887
    0.0000   15.0000  -37.5000 2233.7603   20.2131
    7.5000   15.0000  -37.5000 2228.2971   20.1582
   -7.5000   22.5000  -37.5000 2192.6301   20.6719
    0.0000   22.5000  -37.5000 2221.7178   20.2729
    7.5000   22.5000  -37.5000 2217.0869   20.2307
   -7.5000   30.0000  -37.5000 2167.6406   21.1928
    0.0000   30.0000  -37.5000 2198.1731   20.8109
    7.5000   30.0000  -37.5000 2195.1775   20.7339
   -7.5000   37.5000  -37.5000 2133.2644   22.1832
    0.0000   37.5000  -37.5000 2159.7280   21.7671
    7.5000   37.5000  -37.5000 2158.8921   21.7011
   -7.5000   45.0000  -37.5000 2062.5046   23.8332
    0.0000   45.0000  -37.5000 2089.9014   23.2681
    7.5000   45.0000  -37.5000 2091.5142   23.2665
   -7.5000  -45.0000  -30.0000 1732.8203   37.9012
    0.0000  -45.0000  -30.0000 1732.6362   37.3658
    7.5000  -45.0000  -30.0000 1727.7360   37.4842
   -7.5000  -37.5000  -30.0000 1865.2557   33.2293
    0.0000  -37.5000  -30.0000 1871.2755   32.7704
    7.5000  -37.5000  -30.0000 1862.1423   32.6281
   -7.5000  -30.0000  -30.0000 1989.7981   29.4001
    0.0000  -30.0000  -30.0000 2003.0358   29.0619
    7.5000  -30.0000  -30.0000 1990.6284   28.8219
   -7.5000  -22.5000  -30.0000 2109.4067   26.1670
    0.0000  -22.5000  -30.0000 2124.1829   25.8693
    7.5000  -22.5000  -30.0000 2112.7964   25.7179
   -7.5000  -15.0000  -30.0000 2207.4155   23.6741
    0.0000  -15.0000  -30.0000 2225.2317   23.3994
    7.5000  -15.0000  -30.0000 2211.6152   23.2441
   -7.5000   -7.5000  -30.0000 2280.5234   21.9062
    0.0000   -7.5000  -30.0000 2299.1348   21.6523
    7.5000   -7.5000  -30.0000 2284.6726   21.5266
   -7.5000    0.0000  -30.0000 2318.0234   20.7407
    0.0000    0.0000  -30.0000 2341.5466   20.4999
    7.5000    0.0000  -30.0000 2328.0977   20.3774
   -7.5000    7.5000  -30.0000 2351.4365   20.0410
    0.0000    7.5000  -30.0000 2376.7605   19.7393
    7.5000    7.5000  -30.0000 2362.4019   19.6467
   -7.5000   15.0000  -30.0000 2366.9319   19.8497
    0.0000   15.0000  -30.0000 2387.3677   19.4785
    7.5000   15.0000  -30.0000 2381.4080   19.3578
   -7.5000   22.5000  -30.0000 2347.5410   19.8994
    0.0000   22.5000  -30.0000 2378.2480   19.5518
    7.5000   22.5000  -30.0000 2367.9172   19.4389
   -7.5000   30.0000  -30.0000 2322.3069   20.3645
    0.0000   30.0000  -30.0000 2356.3557   20.0007
    7.5000   30.0000  -30.0000 2343.3230   19.8776
   -7.5000   37.5000  -30.0000 2283.5244   21.3407
    0.0000   37.5000  -30.0000 2312.3042   20.9674
    7.5000   37.5000  -30.0000 2302.3872   20.8399
   -7.5000   45.0000  -30.0000 2202.3103   22.8656
    0.0000   45.0000  -30.0000 2234.3247   22.4382
    7.5000   45.0000  -30.0000 2223.6255   22.3784
   -7.5000  -45.0000  -22.5000 1798.9259   36.4968
    0.0000  -45.0000  -22.5000 1806.7092   36.0945
    7.5000  -45.0000  -22.5000 1793.3291   35.9727
   -7.5000  -37.5000  -22.5000 1941.9343   31.8561
    0.0000  -37.5000  -22.5000 1954.1072   31.5310
    7.5000  -37.5000  -22.5000 1937.4774   31.2512
   -7.5000  -30.0000  -22.5000 2075.5950   28.0706
    0.0000  -30.0000  -22.5000 2089.8289   27.8474
    7.5000  -30.0000  -22.5000 2075.6245   27.5631
   -7.5000  -22.5000  -22.5000 2203.3477   25.0743
    0.0000  -22.5000  -22.5000 2221.7793   24.8251
    7.5000  -22.5000  -22.5000 2202.6494   24.5938
   -7.5000  -15.0000  -22.5000 2309.2869   22.6758
    0.0000  -15.0000  -22.5000 2331.9912   22.3809
    7.5000  -15.0000  -22.5000 2309.2078   22.1987
   -7.5000   -7.5000  -22.5000 2391.8240   20.9332
    0.0000   -7.5000  -22.5000 2413.2688   20.5745
    7.5000   -7.5000  -22.5000 2395.1030   20.4417
   -7.5000    0.0000  -22.5000 2437.5188   19.7605
    0.0000    0.0000  -22.5000 2461.6062   19.4168
    7.5000    0.0000  -22.5000 2446.7979   19.3413
   -7.5000    7.5000  -22.5000 2476.9841   19.0635
    0.0000    7.5000  -22.5000 2496.2549   18.7200
    7.5000    7.5000  -22.5000 2480.8022   18.6096
   -7.5000   15.0000  -22.5000 2492.4602   18.7800
    0.0000   15.0000  -22.5000 2520.2356   18.4303
    7.5000   15.0000  -22.5000 2507.2214   18.3253
   -7.5000   22.5000  -22.5000 2477.7803   18.8510
    0.0000   22.5000  -22.5000 2513.0608   18.5224
    7.5000   22.5000  -22.5000 2499.2009   18.4221
   -7.5000   30.0000  -22.5000 2448.2051   19.3187
    0.0000   30.0000  -22.5000 2488.1609   19.0155
    7.5000   30.0000  -22.5000 2477.3003   18.9296
   -7.5000   37.5000  -22.5000 2401.7207   20.2556
    0.0000   37.5000  -22.5000 2442.0647   19.9672
    7.5000   37.5000  -22.5000 2430.5115   19.8933
   -7.5000   45.0000  -22.5000 2318.8186   21.6603
    0.0000   45.0000  -22.5000 2354.7070   21.3133
    7.5000   45.0000  -22.5000 2343.8655   21.2841
   -7.5000  -45.0000  -15.0000 1831.7086   34.9552
    0.0000  -45.0000  -15.0000 1841.5292   34.5941
    7.5000  -45.0000  -15.0000 1836.0986   34.4156
   -7.5000  -37.5000  -15.0000 1986.2830   30.4774
    0.0000  -37.5000  -15.0000 1999.8168   30.0830
    7.5000  -37.5000  -15.0000 1990.2415   29.8303
   -7.5000  -30.0000  -15.0000 2130.9170   26.8305
    0.0000  -30.0000  -15.0000 2145.4944   26.4568
    7.5000  -30.0000  -15.0000 2131.8257   26.2013
   -7.5000  -22.5000  -15.0000 2261.6951   23.8937
    0.0000  -22.5000  -15.0000 2281.2029   23.5250
    7.5000  -22.5000  -15.0000 2260.6545   23.2893
   -7.5000  -15.0000  -15.0000 2374.2759   21.6003
    0.0000  -15.0000  -15.0000 2401.4365   21.2832
    7.5000  -15.0000  -15.0000 2376.4434   21.0435
   -7.5000   -7.5000  -15.0000 2460.1101   19.9285
    0.0000   -7.5000  -15.0000 2491.2317   19.5872
    7.5000   -7.5000  -15.0000 2470.3086   19.3954
   -7.5000    0.0000  -15.0000 2519.4368   18.7396
    0.0000    0.0000  -15.0000 2544.2783   18.3769
    7.5000    0.0000  -15.0000 2529.1555   18.2693
   -7.5000    7.5000  -15.0000 2559.4739   17.9901
    0.0000    7.5000  -15.0000 2582.0251   17.6496
    7.5000    7.5000  -15.0000 2567.9685   17.5482
   -7.5000   15.0000  -15.0000 2576.4983   17.6317
    0.0000   15.0000  -15.0000 2609.0095   17.3194
    7.5000   15.0000  -15.0000 2594.9407   17.2318
   -7.5000   22.5000  -15.0000 2566.5603   17.6764
    0.0000   22.5000  -15.0000 2608.8184   17.4037
    7.5000   22.5000  -15.0000 2595.8020   17.3520
   -7.5000   30.0000  -15.0000 2535.7395   18.1823
    0.0000   30.0000  -15.0000 2586.1367   17.9380
    7.5000   30.0000  -15.0000 2573.2878   17.8896
   -7.5000   37.5000  -15.0000 2486.3081   19.1264
    0.0000   37.5000  -15.0000 2534.5527   18.8652
    7.5000   37.5000  -15.0000 2520.0369   18.8300
   -7.5000   45.0000  -15.0000 2400.1179   20.4518
    0.0000   45.0000  -15.0000 2441.3945   20.1808
    7.5000   45.0000  -15.0000 2434.0078   20.1352
   -7.5000  -45.0000   -7.5000 1863.9681   33.8154
    0.0000  -45.0000   -7.5000 1874.8002   33.3914
    7.5000  -45.0000   -7.5000 1875.0044   33.4189
   -7.5000  -37.5000   -7.5000 2025.2910   29.2619
    0.0000  -37.5000   -7.5000 2044.4207   28.9012
    7.5000  -37.5000   -7.5000 2034.5374   28.7506
   -7.5000  -30.0000   -7.5000 2175.9507   25.7019
    0.0000  -30.0000   -7.5000 2194.8130   25.2696
    7.5000  -30.0000   -7.5000 2184.0508   25.0971
   -7.5000  -22.5000   -7.5000 2309.3384   22.8768
    0.0000  -22.5000   -7.5000 2332.2747   22.4686
    7.5000  -22.5000   -7.5000 2318.3396   22.2792
   -7.5000  -15.0000   -7.5000 2423.6707   20.7046
    0.0000  -15.0000   -7.5000 2450.1287   20.3050
    7.5000  -15.0000   -7.5000 2439.2114   20.1188
   -7.5000   -7.5000   -7.5000 2515.5466   19.0518
    0.0000   -7.5000   -7.5000 2547.1206   18.7032
    7.5000   -7.5000   -7.5000 2539.6487   18.5171
   -7.5000    0.0000   -7.5000 2582.2534   17.8335
    0.0000    0.0000   -7.5000 2616.2981   17.4948
    7.5000    0.0000   -7.5000 2607.3508   17.3359
   -7.5000    7.5000   -7.5000 2631.0210   17.0326
    0.0000    7.5000   -7.5000 2662.1465   16.6922
    7.5000    7.5000   -7.5000 2650.0547   16.5693
   -7.5000   15.0000   -7.5000 2654.1123   16.6193
    0.0000   15.0000   -7.5000 2691.7852   16.2946
    7.5000   15.0000   -7.5000 2674.2832   16.2113
   -7.5000   22.5000   -7.5000 2646.1331   16.6659
    0.0000   22.5000   -7.5000 2693.7234   16.3713
    7.5000   22.5000   -7.5000 2686.1892   16.3176
   -7.5000   30.0000   -7.5000 2620.8286   17.2186
    0.0000   30.0000   -7.5000 2662.7285   16.9472
    7.5000   30.0000   -7.5000 2655.4441   16.9226
   -7.5000   37.5000   -7.5000 2564.7915   18.0953
    0.0000   37.5000   -7.5000 2606.4307   17.8282
    7.5000   37.5000   -7.5000 2599.1399   17.8125
   -7.5000   45.0000   -7.5000 2462.9468   19.3818
    0.0000   45.0000   -7.5000 2508.1523   19.1077
    7.5000   45.0000   -7.5000 2500.9143   19.1206
   -7.5000  -45.0000    0.0000 1902.4755   33.5063
    0.0000  -45.0000    0.0000 1911.6097   32.9679
    7.5000  -45.0000    0.0000 1907.4581   33.0438
   -7.5000  -37.5000    0.0000 2054.9006   28.7712
    0.0000  -37.5000    0.0000 2072.5166   28.3038
    7.5000  -37.5000    0.0000 2066.5991   28.2501
   -7.5000  -30.0000    0.0000 2200.5012   25.2066
    0.0000  -30.0000    0.0000 2217.0557   24.6594
    7.5000  -30.0000    0.0000 2209.7380   24.5880
   -7.5000  -22.5000    0.0000 2330.2778   22.3574
    0.0000  -22.5000    0.0000 2356.7019   21.8649
    7.5000  -22.5000    0.0000 2346.7275   21.7548
   -7.5000  -15.0000    0.0000 2443.5798   20.1696
    0.0000  -15.0000    0.0000 2474.2478   19.7109
    7.5000  -15.0000    0.0000 2469.9207   19.5984
   -7.5000   -7.5000    0.0000 2553.4885   18.5653
    0.0000   -7.5000    0.0000 2590.5664   18.1488
    7.5000   -7.5000    0.0000 2584.7378   18.0065
   -7.5000    0.0000    0.0000 2633.5483   17.3401
    0.0000    0.0000    0.0000 2673.1816   16.9780
    7.5000    0.0000    0.0000 2665.0388   16.8037
   -7.5000    7.5000    0.0000 2688.6868   16.4547
    0.0000    7.5000    0.0000 2723.9407   16.0074
    7.5000    7.5000    0.0000 2712.0247   15.8618
   -7.5000   15.0000    0.0000 2716.8706   15.9600
    0.0000   15.0000    0.0000 2753.9788   15.5226
    7.5000   15.0000    0.0000 2739.2065   15.4216
   -7.5000   22.5000    0.0000 2715.9773   15.9788
    0.0000   22.5000    0.0000 2758.1384   15.6292
    7.5000   22.5000    0.0000 2749.4258   15.5896
   -7.5000   30.0000    0.0000 2681.9253   16.5312
    0.0000   30.0000    0.0000 2717.8884   16.1607
    7.5000   30.0000    0.0000 2718.0603   16.1895
   -7.5000   37.5000    0.0000 2613.7061   17.4196
    0.0000   37.5000    0.0000 2649.9846   17.0576
    7.5000   37.5000    0.0000 2650.6377   17.1566
   -7.5000   45.0000    0.0000 2507.9941   18.7923
    0.0000   45.0000    0.0000 2548.2048   18.3992
    7.5000   45.0000    0.0000 2548.7122   18.5017
   -7.5000  -45.0000    7.5000 1908.6343   33.4816
    0.0000  -45.0000    7.5000 1928.5323   32.8613
    7.5000  -45.0000    7.5000 1910.3104   32.8181
   -7.5000  -37.5000    7.5000 2073.1335   28.8671
    0.0000  -37.5000    7.5000 2090.3611   28.1664
    7.5000  -37.5000    7.5000 2070.7034   28.1328
   -7.5000  -30.0000    7.5000 2231.8843   25.2948
    0.0000  -30.0000    7.5000 2245.7917   24.5874
    7.5000  -30.0000    7.5000 2224.9231   24.4967
   -7.5000  -22.5000    7.5000 2366.7461   22.3764
    0.0000  -22.5000    7.5000 2380.4824   21.6650
    7.5000  -22.5000    7.5000 2366.3481   21.6365
   -7.5000  -15.0000    7.5000 2482.1008   20.1313
    0.0000  -15.0000    7.5000 2495.1680   19.5027
    7.5000  -15.0000    7.5000 2491.4807   19.4838
   -7.5000   -7.5000    7.5000 2599.5649   18.5251
    0.0000   -7.5000    7.5000 2617.7986   17.9390
    7.5000   -7.5000    7.5000 2610.6904   17.8965
   -7.5000    0.0000    7.5000 2695.4573   17.3497
    0.0000    0.0000    7.5000 2722.7292   16.8635
    7.5000    0.0000    7.5000 2705.8354   16.7360
   -7.5000    7.5000    7.5000 2750.6680   16.3523
    0.0000    7.5000    7.5000 2781.9932   15.6673
    7.5000    7.5000    7.5000 2759.3147   15.6236
   -7.5000   15.0000    7.5000 2778.3616   15.6767
    0.0000   15.0000    7.5000 2800.5598   14.9106
    7.5000   15.0000    7.5000 2778.3545   14.9606
   -7.5000   22.5000    7.5000 2781.1516   15.7570
    0.0000   22.5000    7.5000 2802.4338   15.0769
    7.5000   22.5000    7.5000 2798.8379   15.2138
   -7.5000   30.0000    7.5000 2736.9954   16.3505
    0.0000   30.0000    7.5000 2756.6868   15.7901
    7.5000   30.0000    7.5000 2760.4685   15.9182
   -7.5000   37.5000    7.5000 2671.1243   17.2869
    0.0000   37.5000    7.5000 2686.6218   16.7279
    7.5000   37.5000    7.5000 2693.2236   16.9065
   -7.5000   45.0000    7.5000 2566.8755   18.6929
    0.0000   45.0000    7.5000 2585.3257   18.1010
    7.5000   45.0000    7.5000 2588.3706   18.2488
   -7.5000  -45.0000   15.0000 1918.4991   34.1659
    0.0000  -45.0000   15.0000 1925.3088   33.3303
    7.5000  -45.0000   15.0000 1918.1218   33.3579
   -7.5000  -37.5000   15.0000 2071.8328   29.1028
    0.0000  -37.5000   15.0000 2079.7942   28.2608
    7.5000  -37.5000   15.0000 2064.9766   28.3146
   -7.5000  -30.0000   15.0000 2223.6284   25.3370
    0.0000  -30.0000   15.0000 2234.3264   24.5277
    7.5000  -30.0000   15.0000 2217.5225   24.5839
   -7.5000  -22.5000   15.0000 2352.4629   22.4146
    0.0000  -22.5000   15.0000 2366.4666   21.7133
    7.5000  -22.5000   15.0000 2355.8718   21.7084
   -7.5000  -15.0000   15.0000 2470.0247   20.1927
    0.0000  -15.0000   15.0000 2485.9976   19.6182
    7.5000  -15.0000   15.0000 2478.5608   19.5772
   -7.5000   -7.5000   15.0000 2599.0696   18.6035
    0.0000   -7.5000   15.0000 2612.2705   18.0253
    7.5000   -7.5000   15.0000 2599.0149   17.9930
   -7.5000    0.0000   15.0000 2704.2759   17.4016
    0.0000    0.0000   15.0000 2722.8933   16.9391
    7.5000    0.0000   15.0000 2706.7295   16.8672
   -7.5000    7.5000   15.0000 2782.1763   16.4791
    0.0000    7.5000   15.0000 2797.4141   15.7189
    7.5000    7.5000   15.0000 2778.5906   15.9287
   -7.5000   15.0000   15.0000 2821.0786   15.9154
    0.0000   15.0000   15.0000 2808.5986   14.8439
    7.5000   15.0000   15.0000 2809.2141   15.2653
   -7.5000   22.5000   15.0000 2829.0051   15.8921
    0.0000   22.5000   15.0000 2829.5837   15.1076
    7.5000   22.5000   15.0000 2819.3457   15.2950
   -7.5000   30.0000   15.0000 2772.0085   16.5157
    0.0000   30.0000   15.0000 2778.6868   15.9233
    7.5000   30.0000   15.0000 2768.3091   15.9633
   -7.5000   37.5000   15.0000 2686.5884   17.4508
    0.0000   37.5000   15.0000 2701.6667   16.8963
    7.5000   37.5000   15.0000 2691.4045   16.8740
   -7.5000   45.0000   15.0000 2569.6875   18.7589
    0.0000   45.0000   15.0000 2591.7678   18.2174
    7.5000   45.0000   15.0000 2578.6528   18.1610
   -7.5000  -45.0000   22.5000 1885.5980   34.7307
    0.0000  -45.0000   22.5000 1894.0190   34.0850
    7.5000  -45.0000   22.5000 1881.2257   34.0315
   -7.5000  -37.5000   22.5000 2051.1470   29.6556
    0.0000  -37.5000   22.5000 2059.3503   28.9286
    7.5000  -37.5000   22.5000 2048.6738   29.0591
   -7.5000  -30.0000   22.5000 2209.6709   25.8588
    0.0000  -30.0000   22.5000 2216.1289   25.0514
    7.5000  -30.0000   22.5000 2209.3677   25.2669
   -7.5000  -22.5000   22.5000 2345.0332   22.8397
    0.0000  -22.5000   22.5000 2347.9788   22.0905
    7.5000  -22.5000   22.5000 2352.8591   22.2794
   -7.5000  -15.0000   22.5000 2462.2061   20.5533
    0.0000  -15.0000   22.5000 2460.2769   19.8585
    7.5000  -15.0000   22.5000 2472.0859   20.0455
   -7.5000   -7.5000   22.5000 2585.8850   18.9259
    0.0000   -7.5000   22.5000 2592.1628   18.3468
    7.5000   -7.5000   22.5000 2595.1182   18.4553
   -7.5000    0.0000   22.5000 2689.0894   17.6636
    0.0000    0.0000   22.5000 2718.0264   17.3003
    7.5000    0.0000   22.5000 2699.3909   17.2891
   -7.5000    7.5000   22.5000 2784.7363   16.8780
    0.0000    7.5000   22.5000 2812.6968   16.2513
    7.5000    7.5000   22.5000 2782.5410   16.4483
   -7.5000   15.0000   22.5000 2839.2979   16.5401
    0.0000   15.0000   22.5000 2873.1289   16.0256
    7.5000   15.0000   22.5000 2829.6362   16.0104
   -7.5000   22.5000   22.5000 2839.2732   16.5267
    0.0000   22.5000   22.5000 2871.8674   16.1389
    7.5000   22.5000   22.5000 2826.1245   16.0239
   -7.5000   30.0000   22.5000 2769.7603   16.9298
    0.0000   30.0000   22.5000 2796.1941   16.5635
    7.5000   30.0000   22.5000 2760.1738   16.4329
   -7.5000   37.5000   22.5000 2673.8723   17.7549
    0.0000   37.5000   22.5000 2692.2263   17.2920
    7.5000   37.5000   22.5000 2672.1299   17.2003
   -7.5000   45.0000   22.5000 2554.1235   19.0010
    0.0000   45.0000   22.5000 2568.4915   18.4715
    7.5000   45.0000   22.5000 2560.0115   18.3886
   -7.5000  -45.0000   30.0000 1868.8213   36.2903
    0.0000  -45.0000   30.0000 1872.1957   35.5633
    7.5000  -45.0000   30.0000 1869.6852   35.9389
   -7.5000  -37.5000   30.0000 2031.7594   30.7087
    0.0000  -37.5000   30.0000 2037.1151   29.9925
    7.5000  -37.5000   30.0000 2035.6412   30.2421
   -7.5000  -30.0000   30.0000 2181.6506   26.5598
    0.0000  -30.0000   30.0000 2192.8064   25.8672
    7.5000  -30.0000   30.0000 2186.2288   26.0472
   -7.5000  -22.5000   30.0000 2319.6567   23.5003
    0.0000  -22.5000   30.0000 2340.2737   22.9212
    7.5000  -22.5000   30.0000 2324.2676   23.0084
   -7.5000  -15.0000   30.0000 2439.8970   21.3235
    0.0000  -15.0000   30.0000 2467.4189   20.9383
    7.5000  -15.0000   30.0000 2446.2842   20.9540
   -7.5000   -7.5000   30.0000 2567.2124   19.7574
    0.0000   -7.5000   30.0000 2598.6746   19.5026
    7.5000   -7.5000   30.0000 2574.1672   19.4456
   -7.5000    0.0000   30.0000 2670.5950   18.5303
    0.0000    0.0000   30.0000 2701.8315   18.1136
    7.5000    0.0000   30.0000 2681.7473   18.2292
   -7.5000    7.5000   30.0000 2759.1609   17.6877
    0.0000    7.5000   30.0000 2792.9160   17.2155
    7.5000    7.5000   30.0000 2759.3958   17.3015
   -7.5000   15.0000   30.0000 2807.0469   17.3294
    0.0000   15.0000   30.0000 2845.3660   16.9581
    7.5000   15.0000   30.0000 2814.9329   16.9164
   -7.5000   22.5000   30.0000 2798.5488   17.3333
    0.0000   22.5000   30.0000 2834.8945   17.0148
    7.5000   22.5000   30.0000 2799.8208   16.9289
   -7.5000   30.0000   30.0000 2734.4241   17.7140
    0.0000   30.0000   30.0000 2760.6240   17.4229
    7.5000   30.0000   30.0000 2729.5938   17.3195
   -7.5000   37.5000   30.0000 2632.1152   18.4875
    0.0000   37.5000   30.0000 2659.8325   18.1987
    7.5000   37.5000   30.0000 2640.2285   18.1152
   -7.5000   45.0000   30.0000 2515.2979   19.6616
    0.0000   45.0000   30.0000 2538.4282   19.2804
    7.5000   45.0000   30.0000 2519.6128   19.2013
   -7.5000  -45.0000   37.5000 1832.0465   38.1222
    0.0000  -45.0000   37.5000 1839.2118   37.5327
    7.5000  -45.0000   37.5000 1834.3170   37.9003
   -7.5000  -37.5000   37.5000 2007.1383   32.3236
    0.0000  -37.5000   37.5000 2017.4550   31.7872
    7.5000  -37.5000   37.5000 2009.4456   32.0278
   -7.5000  -30.0000   37.5000 2161.3015   27.9985
    0.0000  -30.0000   37.5000 2177.2402   27.5230
    7.5000  -30.0000   37.5000 2166.4104   27.6852
   -7.5000  -22.5000   37.5000 2301.8230   24.8526
    0.0000  -22.5000   37.5000 2325.5981   24.4065
    7.5000  -22.5000   37.5000 2311.1726   24.5441
   -7.5000  -15.0000   37.5000 2424.8430   22.6319
    0.0000  -15.0000   37.5000 2451.6785   22.2051
    7.5000  -15.0000   37.5000 2435.3564   22.3421
   -7.5000   -7.5000   37.5000 2536.9441   20.9004
    0.0000   -7.5000   37.5000 2560.8665   20.4160
    7.5000   -7.5000   37.5000 2549.0774   20.6253
   -7.5000    0.0000   37.5000 2630.1201   19.6071
    0.0000    0.0000   37.5000 2662.1643   19.0206
    7.5000    0.0000   37.5000 2642.0315   19.2608
   -7.5000    7.5000   37.5000 2707.0801   18.7408
    0.0000    7.5000   37.5000 2733.6506   18.1730
    7.5000    7.5000   37.5000 2711.5552   18.3296
   -7.5000   15.0000   37.5000 2748.4202   18.3527
    0.0000   15.0000   37.5000 2773.9353   17.8579
    7.5000   15.0000   37.5000 2759.2925   17.9107
   -7.5000   22.5000   37.5000 2732.7520   18.3180
    0.0000   22.5000   37.5000 2759.0278   17.8911
    7.5000   22.5000   37.5000 2743.4065   17.9605
   -7.5000   30.0000   37.5000 2674.3853   18.7312
    0.0000   30.0000   37.5000 2692.4248   18.3215
    7.5000   30.0000   37.5000 2672.2834   18.3738
   -7.5000   37.5000   37.5000 2576.2324   19.4923
    0.0000   37.5000   37.5000 2601.8579   19.0624
    7.5000   37.5000   37.5000 2586.3315   19.1033
   -7.5000   45.0000   37.5000 2466.7151   20.6016
    0.0000   45.0000   37.5000 2497.7368   20.2474
    7.5000   45.0000   37.5000 2485.4136   20.2207
   -7.5000  -45.0000   45.0000 1788.3790   40.4083
    0.0000  -45.0000   45.0000 1795.2653   39.8412
    7.5000  -45.0000   45.0000 1787.6504   40.2831
   -7.5000  -37.5000   45.0000 1962.2345   34.1881
    0.0000  -37.5000   45.0000 1974.6534   33.7652
    7.5000  -37.5000   45.0000 1963.6578   33.9889
   -7.5000  -30.0000   45.0000 2113.6760   29.5768
    0.0000  -30.0000   45.0000 2133.7729   29.1979
    7.5000  -30.0000   45.0000 2121.5706   29.3501
   -7.5000  -22.5000   45.0000 2259.9189   26.2464
    0.0000  -22.5000   45.0000 2280.5991   25.8224
    7.5000  -22.5000   45.0000 2266.7236   25.9921
   -7.5000  -15.0000   45.0000 2375.7109   23.9175
    0.0000  -15.0000   45.0000 2399.3582   23.3980
    7.5000  -15.0000   45.0000 2383.3987   23.6248
   -7.5000   -7.5000   45.0000 2475.4563   22.1547
    0.0000   -7.5000   45.0000 2505.1243   21.5970
    7.5000   -7.5000   45.0000 2486.7112   21.8382
   -7.5000    0.0000   45.0000 2563.9089   20.8399
    0.0000    0.0000   45.0000 2591.0090   20.2399
    7.5000    0.0000   45.0000 2570.7246   20.5068
   -7.5000    7.5000   45.0000 2632.3652   19.9621
    0.0000    7.5000   45.0000 2651.7959   19.4186
    7.5000    7.5000   45.0000 2634.6055   19.5881
   -7.5000   15.0000   45.0000 2658.2178   19.6121
    0.0000   15.0000   45.0000 2681.4863   19.0831
    7.5000   15.0000   45.0000 2666.7942   19.1794
   -7.5000   22.5000   45.0000 2640.4346   19.5410
    0.0000   22.5000   45.0000 2661.7949   19.0414
    7.5000   22.5000   45.0000 2651.3840   19.1738
   -7.5000   30.0000   45.0000 2583.3022   19.9001
    0.0000   30.0000   45.0000 2599.7522   19.4639
    7.5000   30.0000   45.0000 2583.5347   19.5741
   -7.5000   37.5000   45.0000 2502.5601   20.6318
    0.0000   37.5000   45.0000 2526.5449   20.1900
    7.5000   37.5000   45.0000 2507.4824   20.2936
   -7.5000   45.0000   45.0000 2401.6201   21.7468
    0.0000   45.0000   45.0000 2422.6978   21.3423
    7.5000   45.0000   45.0000 2413.1665   21.4369
   -7.5000  -45.0000   52.5000 1734.5240   42.8987
    0.0000  -45.0000   52.5000 1739.4589   42.3333
    7.5000  -45.0000   52.5000 1733.0950   42.7638
   -7.5000  -37.5000   52.5000 1902.3079   36.1189
    0.0000  -37.5000   52.5000 1917.5593   35.6920
    7.5000  -37.5000   52.5000 1908.8544   36.0056
   -7.5000  -30.0000   52.5000 2059.4622   31.3010
    0.0000  -30.0000   52.5000 2079.2920   30.8733
    7.5000  -30.0000   52.5000 2069.8369   31.1463
   -7.5000  -22.5000   52.5000 2200.2402   27.8499
    0.0000  -22.5000   52.5000 2224.5894   27.4155
    7.5000  -22.5000   52.5000 2204.3223   27.5960
   -7.5000  -15.0000   52.5000 2310.3213   25.3721
    0.0000  -15.0000   52.5000 2340.6277   24.9664
    7.5000  -15.0000   52.5000 2314.8115   25.1384
   -7.5000   -7.5000   52.5000 2408.9377   23.6508
    0.0000   -7.5000   52.5000 2441.3838   23.1066
    7.5000   -7.5000   52.5000 2418.8091   23.3475
   -7.5000    0.0000   52.5000 2487.4963   22.2966
    0.0000    0.0000   52.5000 2515.5999   21.7949
    7.5000    0.0000   52.5000 2489.9087   21.9966
   -7.5000    7.5000   52.5000 2547.8208   21.4371
    0.0000    7.5000   52.5000 2566.5627   20.9539
    7.5000    7.5000   52.5000 2548.3533   21.0848
   -7.5000   15.0000   52.5000 2559.9941   21.0833
    0.0000   15.0000   52.5000 2581.6255   20.5717
    7.5000   15.0000   52.5000 2567.8887   20.6315
   -7.5000   22.5000   52.5000 2539.3196   20.9731
    0.0000   22.5000   52.5000 2561.4622   20.5035
    7.5000   22.5000   52.5000 2548.7573   20.6144
   -7.5000   30.0000   52.5000 2482.0703   21.3135
    0.0000   30.0000   52.5000 2507.3821   20.9259
    7.5000   30.0000   52.5000 2489.7512   21.0332
   -7.5000   37.5000   52.5000 2417.5415   22.0371
    0.0000   37.5000   52.5000 2441.8252   21.6175
    7.5000   37.5000   52.5000 2422.1553   21.7059
   -7.5000   45.0000   52.5000 2319.9773   23.1919
    0.0000   45.0000   52.5000 2342.6851   22.7540
    7.5000   45.0000   52.5000 2333.2476   22.7990

---------------------------------------------------------------------
imgreg_4dfp /opt/freesurfer/average/711-2C_as_mni_average_305 /opt/freesurfer/average/711-2B_as_mni_average_305_mask talsrcimg_g11 none talsrcimg_to_711-2C_as_mni_average_305_t4 1283
---------------------------------------------------------------------

freesurfer imgreg_4dfp.c
/opt/freesurfer/average/711-2C_as_mni_average_305.4dfp.img
       256       256       256         1
  1.000000  1.000000  1.000000
orientation T byte_order littleendian
Reading image: /opt/freesurfer/average/711-2C_as_mni_average_305.4dfp.img
dimensions:      256       256       256
mmppix:       1.0000   -1.0000   -1.0000
center:     128.0000 -129.0000 -129.0000
/opt/freesurfer/average/711-2B_as_mni_average_305_mask.4dfp.img
       256       256       256         1
  1.000000  1.000000  1.000000
orientation T byte_order littleendian
Reading mask: /opt/freesurfer/average/711-2B_as_mni_average_305_mask.4dfp.img (2306576 pixels)
talsrcimg_g11.4dfp.img
       256       256       256         1
  1.000000  1.000000  1.000000
orientation T byte_order littleendian
Reading image: talsrcimg_g11.4dfp.img
dimensions:      256       256       256
mmppix:       1.0000   -1.0000   -1.0000
center:     128.0000 -129.0000 -129.0000
rotation matrix determinant  1.000000
fimgreg.f
image alignment mode   1283 decimal      503 hex
parameters
    0.0000   15.0000   22.5000    0.0000    0.0000    0.0000
eta,q 0.90211 15.92393
niter,ni,del,rscale     5    3   12.0000    1.2000
parameter  2 -0.543758 -> -0.500000 qaram    1.1500
parameter  5 -1.025822 -> -0.500000 qaram    1.1500
parameters
    0.8566   18.4500   23.9673   -0.5531    3.4500   -2.2967
eta,q 0.90344 16.10881
  0.1110  0.1155  0.1156  0.1016  0.1048  0.0975
  0.1039  0.1093  0.1088  0.1005  0.1025  0.0971
  0.0999  0.1042  0.1012  0.0990  0.1007  0.0964
  0.1006  0.1013  0.0984  0.0989  0.0988  0.0966
  0.1032  0.0996  0.0985  0.0996  0.0975  0.0981
  0.1034  0.0992  0.1003  0.1009  0.0961  0.1005
  0.1041  0.1006  0.1045  0.1032  0.0970  0.1026
niter,ni,del,rscale     6    3   12.0000    1.2000
parameters
   -0.8793   19.2710   24.4538   -1.5035    2.9200   -2.2675
eta,q 0.90638 16.25578
  0.1025  0.1065  0.1085  0.0986  0.1006  0.0977
  0.0970  0.1052  0.1007  0.0960  0.0973  0.0960
  0.0945  0.1004  0.0963  0.0940  0.0951  0.0944
  0.0966  0.0946  0.0938  0.0936  0.0936  0.0936
  0.0998  0.0939  0.0946  0.0953  0.0944  0.0942
  0.1096  0.0969  0.0990  0.0991  0.0979  0.0957
  0.1204  0.1061  0.1040  0.1029  0.1048  0.0979
niter,ni,del,rscale     5    3   12.0000    1.2000
parameters
   -0.8076   19.7730   24.4462   -2.3044    2.7741   -1.9941
eta,q 0.90665 16.27308
  0.1090  0.1075  0.1067  0.0979  0.1011  0.0979
  0.1028  0.1050  0.0996  0.0958  0.0974  0.0961
  0.0968  0.0983  0.0952  0.0938  0.0951  0.0944
  0.0936  0.0936  0.0933  0.0933  0.0933  0.0934
  0.0957  0.0940  0.0960  0.0944  0.0939  0.0937
  0.0998  0.0987  0.1004  0.0976  0.0968  0.0953
  0.1102  0.1072  0.1060  0.1019  0.1030  0.0975
niter,ni,del,rscale     4    3   12.0000    1.2000
parameters
   -0.7079   20.1834   24.4108   -2.8596    2.7505   -1.7984
eta,q 0.90683 16.26874
  0.1085  0.1081  0.1064  0.0977  0.1009  0.0978
  0.1024  0.1047  0.0996  0.0962  0.0975  0.0959
  0.0965  0.0978  0.0948  0.0940  0.0951  0.0943
  0.0933  0.0933  0.0932  0.0931  0.0932  0.0932
  0.0949  0.0945  0.0962  0.0939  0.0936  0.0935
  0.0990  0.0996  0.1001  0.0966  0.0962  0.0953
  0.1097  0.1075  0.1060  0.1009  0.1025  0.0976
niter,ni,del,rscale     3    3   12.0000    1.2000
parameters
   -0.6749   20.4499   24.3631   -3.1807    2.7727   -1.6534
eta,q 0.90687 16.26224
  0.1077  0.1082  0.1062  0.0977  0.1009  0.0977
  0.1018  0.1042  0.0996  0.0964  0.0975  0.0959
  0.0963  0.0973  0.0946  0.0942  0.0952  0.0942
  0.0932  0.0932  0.0931  0.0931  0.0931  0.0931
  0.0944  0.0949  0.0963  0.0937  0.0934  0.0935
  0.0987  0.1003  0.1000  0.0959  0.0959  0.0954
  0.1099  0.1081  0.1060  0.1000  0.1024  0.0977
niter,ni,del,rscale     2    3   12.0000    1.2000
parameters
   -0.6764   20.6043   24.3448   -3.3377    2.8080   -1.5987
eta,q 0.90688 16.25966
  0.1072  0.1081  0.1061  0.0977  0.1008  0.0977
  0.1016  0.1038  0.0998  0.0965  0.0976  0.0958
  0.0963  0.0968  0.0946  0.0944  0.0952  0.0941
  0.0931  0.0931  0.0931  0.0931  0.0931  0.0931
  0.0941  0.0952  0.0962  0.0935  0.0933  0.0936
  0.0985  0.1008  0.0998  0.0956  0.0958  0.0955
  0.1100  0.1086  0.1058  0.0995  0.1024  0.0978
niter,ni,del,rscale     1    3   12.0000    1.2000
parameters
   -0.6892   20.6810   24.3362   -3.4017    2.8311   -1.5715
eta,q 0.90688 16.25816
  0.1070  0.1080  0.1061  0.0977  0.1008  0.0977
  0.1015  0.1035  0.0998  0.0966  0.0976  0.0958
  0.0963  0.0965  0.0946  0.0945  0.0952  0.0941
  0.0931  0.0931  0.0931  0.0931  0.0931  0.0931
  0.0940  0.0953  0.0962  0.0934  0.0933  0.0936
  0.0983  0.1011  0.0997  0.0954  0.0958  0.0956
  0.1100  0.1090  0.1057  0.0993  0.1024  0.0979
registration optimization eta report
parameter search radius
    6.0000    6.9000    6.0000    6.0000    6.9000    6.0000
100000*second partial in parameter space
       42.       31.       34.       15.       18.       12.
  0.1070  0.1080  0.1061  0.0977  0.1008  0.0977
  0.1015  0.1035  0.0998  0.0966  0.0976  0.0958
  0.0963  0.0965  0.0946  0.0945  0.0952  0.0941
  0.0931  0.0931  0.0931  0.0931  0.0931  0.0931
  0.0940  0.0953  0.0962  0.0934  0.0933  0.0936
  0.0983  0.1011  0.0997  0.0954  0.0958  0.0956
  0.1100  0.1090  0.1057  0.0993  0.1024  0.0979
   -0.6892   20.6810   24.3362   -3.4017    2.8311   -1.5715
eta,q 0.90688 16.25816

---------------------------------------------------------------------
imgreg_4dfp /opt/freesurfer/average/711-2C_as_mni_average_305 /opt/freesurfer/average/711-2B_as_mni_average_305_mask talsrcimg_g11 none talsrcimg_to_711-2C_as_mni_average_305_t4 3335
---------------------------------------------------------------------

freesurfer imgreg_4dfp.c
/opt/freesurfer/average/711-2C_as_mni_average_305.4dfp.img
       256       256       256         1
  1.000000  1.000000  1.000000
orientation T byte_order littleendian
Reading image: /opt/freesurfer/average/711-2C_as_mni_average_305.4dfp.img
dimensions:      256       256       256
mmppix:       1.0000   -1.0000   -1.0000
center:     128.0000 -129.0000 -129.0000
/opt/freesurfer/average/711-2B_as_mni_average_305_mask.4dfp.img
       256       256       256         1
  1.000000  1.000000  1.000000
orientation T byte_order littleendian
Reading mask: /opt/freesurfer/average/711-2B_as_mni_average_305_mask.4dfp.img (2306576 pixels)
talsrcimg_g11.4dfp.img
       256       256       256         1
  1.000000  1.000000  1.000000
orientation T byte_order littleendian
Reading image: talsrcimg_g11.4dfp.img
dimensions:      256       256       256
mmppix:       1.0000   -1.0000   -1.0000
center:     128.0000 -129.0000 -129.0000
fimgreg.f
image alignment mode   3335 decimal      D07 hex
parameters
   -0.6892   20.6810   24.3362   -0.1596   -0.2218   -0.2980
    3.0305   -4.7659   -2.7391    6.0665    4.9392   -5.9263
eta,q 0.90622 16.25683
niter,ni,del,rscale     5    3    5.0000    1.2000
parameter  3  0.583687 ->  0.500000 qaram    1.1500
parameter  4  2.487510 ->  0.500000 qaram    1.1500
parameter  5  3.916527 ->  0.500000 qaram    1.1500
parameter 12 -1.712109 -> -0.500000 qaram    1.1500
parameters
   -1.6007   19.8298   22.9562   -4.2996   -4.3618   -3.7533
    3.9770   -4.9106   -0.3790    8.2177    3.6761   -1.7863
eta,q 0.92474 15.75440
  0.0944  0.0939  0.0930  0.0810  0.0730  0.0771  0.0797  0.0825  0.0798  0.0823  0.0775  0.0814
  0.0936  0.0933  0.0924  0.0835  0.0768  0.0771  0.0787  0.0793  0.0787  0.0796  0.0772  0.0797
  0.0934  0.0932  0.0925  0.0873  0.0803  0.0776  0.0779  0.0777  0.0779  0.0780  0.0770  0.0782
  0.0938  0.0934  0.0932  0.0924  0.0844  0.0778  0.0774  0.0774  0.0773  0.0772  0.0769  0.0769
  0.0947  0.0940  0.0944  0.0981  0.0891  0.0809  0.0774  0.0781  0.0772  0.0769  0.0771  0.0759
  0.0961  0.0947  0.0960  0.1041  0.0937  0.0874  0.0779  0.0799  0.0774  0.0772  0.0775  0.0751
  0.0978  0.0958  0.0976  0.1098  0.0992  0.0984  0.0788  0.0826  0.0779  0.0784  0.0784  0.0745
niter,ni,del,rscale     7    3    5.0000    1.2000
parameter  3  4.289292 ->  0.500000 qaram    1.3225
parameter  4  0.983596 ->  0.500000 qaram    1.3225
parameter  5  2.299410 ->  0.500000 qaram    1.3225
parameter  6  0.504505 ->  0.500000 qaram    1.1500
parameter 12 -1.410650 -> -0.500000 qaram    1.3225
parameters
   -1.2025   20.5477   21.3692   -9.0606   -9.1228   -7.8933
    3.7806   -4.3884   -1.1040    6.6742    4.4796    2.9747
eta,q 0.93809 15.02545
  0.0785  0.0772  0.0703  0.0666  0.0601  0.0624  0.0646  0.0656  0.0640  0.0647  0.0631  0.0655
  0.0769  0.0761  0.0715  0.0679  0.0623  0.0629  0.0637  0.0642  0.0634  0.0635  0.0629  0.0645
  0.0758  0.0755  0.0731  0.0694  0.0651  0.0632  0.0632  0.0634  0.0630  0.0628  0.0628  0.0635
  0.0753  0.0752  0.0751  0.0719  0.0683  0.0630  0.0631  0.0630  0.0630  0.0630  0.0628  0.0628
  0.0753  0.0751  0.0772  0.0763  0.0714  0.0634  0.0633  0.0632  0.0633  0.0638  0.0628  0.0622
  0.0758  0.0752  0.0792  0.0819  0.0760  0.0657  0.0639  0.0638  0.0637  0.0652  0.0629  0.0618
  0.0769  0.0756  0.0812  0.0886  0.0806  0.0690  0.0648  0.0650  0.0643  0.0670  0.0629  0.0615
niter,ni,del,rscale     7    3    5.0000    1.2000
parameter  3********** ->  0.500000 qaram    1.5209
parameter  4  0.712926 ->  0.500000 qaram    1.5209
parameter  5  3.039959 ->  0.500000 qaram    1.5209
parameter  6  0.791483 ->  0.500000 qaram    1.3225
parameter 10  1.206942 ->  0.500000 qaram    1.1500
parameter 12 -2.341690 ->  0.500000 qaram    1.5209
parameters
   -0.5108   19.3539   19.5442  -14.5357  -14.5980  -12.6543
    4.4127   -4.5113   -0.7860    2.5342    3.4040   -2.5004
eta,q 0.95474 14.44373
  0.0646  0.0618  0.0541  0.0545  0.0477  0.0491  0.0519  0.0526  0.0509  0.0476  0.0485  0.0431
  0.0634  0.0615  0.0563  0.0546  0.0499  0.0495  0.0508  0.0511  0.0502  0.0478  0.0481  0.0448
  0.0624  0.0614  0.0588  0.0554  0.0523  0.0500  0.0500  0.0500  0.0498  0.0485  0.0480  0.0465
  0.0619  0.0617  0.0614  0.0570  0.0548  0.0506  0.0497  0.0496  0.0496  0.0496  0.0480  0.0480
  0.0617  0.0624  0.0639  0.0593  0.0579  0.0514  0.0497  0.0500  0.0497  0.0511  0.0482  0.0491
  0.0620  0.0634  0.0663  0.0631  0.0612  0.0530  0.0503  0.0511  0.0501  0.0528  0.0485  0.0501
  0.0627  0.0646  0.0686  0.0687  0.0648  0.0558  0.0512  0.0529  0.0507  0.0547  0.0489  0.0510
niter,ni,del,rscale     7    3    5.0000    1.2000
parameter  2  2.024230 ->  0.500000 qaram    1.1500
parameter  3  2.752532 ->  0.500000 qaram    1.7490
parameter  5  0.779830 ->  0.500000 qaram    1.7490
parameter 11 -0.647649 -> -0.500000 qaram    1.1500
parameters
   -0.5993   17.9739   17.4453  -15.2567  -20.8944  -12.3732
    4.3267   -4.4194   -0.9253    1.1709    7.5440   -4.4361
eta,q 0.96735 14.21691
  0.0477  0.0414  0.0335  0.0401  0.0337  0.0370  0.0352  0.0363  0.0346  0.0358  0.0339  0.0342
  0.0463  0.0422  0.0359  0.0384  0.0331  0.0355  0.0340  0.0347  0.0337  0.0342  0.0336  0.0333
  0.0455  0.0435  0.0390  0.0372  0.0334  0.0342  0.0332  0.0335  0.0331  0.0331  0.0332  0.0328
  0.0453  0.0453  0.0425  0.0367  0.0368  0.0330  0.0330  0.0330  0.0329  0.0329  0.0329  0.0326
  0.0456  0.0473  0.0466  0.0367  0.0430  0.0328  0.0333  0.0332  0.0332  0.0339  0.0327  0.0330
  0.0466  0.0496  0.0510  0.0379  0.0494  0.0341  0.0341  0.0343  0.0337  0.0359  0.0326  0.0343
  0.0481  0.0518  0.0556  0.0425  0.0553  0.0376  0.0353  0.0364  0.0347  0.0389  0.0328  0.0366
niter,ni,del,rscale     7    3    5.0000    1.2000
parameter  3  0.971425 ->  0.500000 qaram    2.0114
parameters
   -0.3949   18.2322   15.0317  -11.1432  -22.9468  -11.0936
    4.4668   -4.5111   -1.7308    2.4623    5.9641   -5.0511
eta,q 0.97037 14.29392
  0.0357  0.0360  0.0294  0.0354  0.0350  0.0341  0.0318  0.0331  0.0310  0.0342  0.0302  0.0311
  0.0342  0.0342  0.0300  0.0330  0.0326  0.0325  0.0307  0.0314  0.0303  0.0321  0.0299  0.0303
  0.0331  0.0331  0.0310  0.0313  0.0308  0.0311  0.0300  0.0303  0.0298  0.0305  0.0297  0.0298
  0.0327  0.0326  0.0326  0.0302  0.0296  0.0301  0.0297  0.0297  0.0297  0.0297  0.0296  0.0296
  0.0328  0.0328  0.0350  0.0297  0.0298  0.0293  0.0299  0.0299  0.0301  0.0297  0.0298  0.0298
  0.0336  0.0335  0.0383  0.0294  0.0351  0.0292  0.0306  0.0311  0.0307  0.0305  0.0302  0.0304
  0.0349  0.0349  0.0424  0.0311  0.0442  0.0336  0.0316  0.0338  0.0318  0.0321  0.0311  0.0316
niter,ni,del,rscale     7    3    5.0000    1.2000
parameter  3  0.628570 ->  0.500000 qaram    2.3131
parameters
   -0.0746   18.5295   12.2560  -12.9562  -22.3277  -13.3083
    4.4984   -3.5650   -1.0572    3.4973    2.5475   -5.3893
eta,q 0.97138 14.02805
  0.0326  0.0328  0.0285  0.0320  0.0350  0.0310  0.0310  0.0329  0.0308  0.0325  0.0290  0.0301
  0.0312  0.0311  0.0283  0.0302  0.0325  0.0298  0.0299  0.0308  0.0298  0.0306  0.0287  0.0293
  0.0302  0.0300  0.0288  0.0291  0.0303  0.0290  0.0292  0.0296  0.0292  0.0293  0.0286  0.0288
  0.0296  0.0296  0.0296  0.0285  0.0288  0.0286  0.0289  0.0289  0.0288  0.0288  0.0288  0.0286
  0.0297  0.0298  0.0312  0.0282  0.0278  0.0283  0.0292  0.0289  0.0289  0.0290  0.0291  0.0289
  0.0303  0.0304  0.0339  0.0317  0.0288  0.0320  0.0299  0.0296  0.0294  0.0297  0.0294  0.0294
  0.0314  0.0316  0.0377  0.0389  0.0361  0.0417  0.0309  0.0313  0.0302  0.0309  0.0298  0.0303
niter,ni,del,rscale     7    3    5.0000    1.2000
parameters
    0.1446   19.0947   11.6604  -12.9200  -23.0281  -14.5110
    4.3291   -3.1558    0.4783    4.2155    0.9872   -5.2420
eta,q 0.97145 13.89701
  0.0319  0.0323  0.0323  0.0329  0.0338  0.0314  0.0307  0.0324  0.0311  0.0319  0.0293  0.0302
  0.0303  0.0304  0.0297  0.0307  0.0316  0.0301  0.0296  0.0303  0.0300  0.0302  0.0288  0.0293
  0.0291  0.0292  0.0287  0.0292  0.0297  0.0291  0.0289  0.0292  0.0292  0.0290  0.0286  0.0288
  0.0286  0.0286  0.0285  0.0285  0.0284  0.0286  0.0287  0.0287  0.0287  0.0286  0.0286  0.0285
  0.0288  0.0286  0.0296  0.0282  0.0279  0.0280  0.0290  0.0290  0.0287  0.0288  0.0289  0.0287
  0.0296  0.0291  0.0314  0.0293  0.0301  0.0293  0.0298  0.0300  0.0290  0.0296  0.0294  0.0292
  0.0309  0.0301  0.0338  0.0341  0.0382  0.0372  0.0308  0.0315  0.0297  0.0308  0.0299  0.0301
niter,ni,del,rscale     6    3    5.0000    1.2000
parameters
    0.2589   19.4099   11.2710  -12.9187  -23.4576  -15.0289
    3.9574   -2.8635    1.1110    4.7300    0.3971   -5.1305
eta,q 0.97135 13.83326
  0.0316  0.0316  0.0326  0.0331  0.0338  0.0317  0.0305  0.0324  0.0307  0.0317  0.0296  0.0302
  0.0300  0.0300  0.0303  0.0308  0.0317  0.0303  0.0295  0.0302  0.0297  0.0300  0.0290  0.0294
  0.0290  0.0289  0.0290  0.0293  0.0298  0.0292  0.0288  0.0291  0.0290  0.0290  0.0287  0.0288
  0.0285  0.0285  0.0285  0.0285  0.0285  0.0286  0.0287  0.0287  0.0287  0.0287  0.0287  0.0287
  0.0288  0.0287  0.0295  0.0284  0.0279  0.0282  0.0290  0.0291  0.0288  0.0289  0.0289  0.0288
  0.0296  0.0293  0.0314  0.0297  0.0298  0.0289  0.0298  0.0301  0.0293  0.0297  0.0293  0.0293
  0.0311  0.0304  0.0338  0.0341  0.0373  0.0346  0.0309  0.0316  0.0301  0.0309  0.0298  0.0302
niter,ni,del,rscale     5    3    5.0000    1.2000
parameters
    0.3517   19.6109   11.0736  -12.9171  -23.7641  -15.2167
    3.7183   -2.6883    1.3005    5.1050    0.1901   -5.0799
eta,q 0.97125 13.79987
  0.0316  0.0314  0.0330  0.0332  0.0338  0.0318  0.0306  0.0324  0.0306  0.0315  0.0298  0.0303
  0.0301  0.0299  0.0307  0.0310  0.0317  0.0305  0.0296  0.0301  0.0296  0.0300  0.0292  0.0295
  0.0291  0.0290  0.0292  0.0294  0.0300  0.0294  0.0289  0.0291  0.0290  0.0291  0.0288  0.0289
  0.0287  0.0286  0.0287  0.0287  0.0287  0.0287  0.0288  0.0287  0.0288  0.0287  0.0287  0.0288
  0.0289  0.0289  0.0294  0.0285  0.0280  0.0283  0.0290  0.0292  0.0289  0.0290  0.0289  0.0289
  0.0298  0.0296  0.0313  0.0299  0.0297  0.0288  0.0298  0.0303  0.0295  0.0298  0.0293  0.0294
  0.0312  0.0306  0.0336  0.0342  0.0368  0.0337  0.0309  0.0317  0.0304  0.0310  0.0299  0.0303
niter,ni,del,rscale     4    3    5.0000    1.2000
parameters
    0.4114   19.7414   10.9672  -12.9177  -23.9708  -15.3778
    3.5743   -2.5936    1.3280    5.3713    0.1675   -5.0403
eta,q 0.97116 13.77689
  0.0315  0.0313  0.0332  0.0332  0.0338  0.0318  0.0307  0.0323  0.0306  0.0315  0.0300  0.0304
  0.0301  0.0298  0.0309  0.0310  0.0318  0.0305  0.0297  0.0301  0.0297  0.0300  0.0293  0.0295
  0.0291  0.0290  0.0294  0.0295  0.0300  0.0294  0.0290  0.0291  0.0290  0.0291  0.0289  0.0290
  0.0288  0.0287  0.0288  0.0288  0.0288  0.0288  0.0288  0.0288  0.0288  0.0288  0.0288  0.0288
  0.0290  0.0290  0.0294  0.0286  0.0281  0.0284  0.0291  0.0293  0.0290  0.0291  0.0290  0.0290
  0.0299  0.0297  0.0312  0.0300  0.0296  0.0289  0.0298  0.0304  0.0296  0.0299  0.0294  0.0295
  0.0313  0.0307  0.0336  0.0342  0.0365  0.0336  0.0309  0.0318  0.0306  0.0311  0.0299  0.0303
niter,ni,del,rscale     3    3    5.0000    1.2000
parameters
    0.4495   19.8333   10.8876  -12.9051  -24.1203  -15.4822
    3.4873   -2.5396    1.2994    5.5762    0.1941   -5.0192
eta,q 0.97111 13.76188
  0.0315  0.0313  0.0333  0.0333  0.0338  0.0318  0.0308  0.0323  0.0306  0.0315  0.0300  0.0304
  0.0301  0.0299  0.0310  0.0311  0.0318  0.0305  0.0298  0.0301  0.0297  0.0300  0.0294  0.0296
  0.0292  0.0291  0.0295  0.0296  0.0301  0.0295  0.0291  0.0292  0.0291  0.0292  0.0290  0.0291
  0.0288  0.0288  0.0288  0.0288  0.0288  0.0289  0.0289  0.0289  0.0289  0.0289  0.0289  0.0289
  0.0291  0.0291  0.0295  0.0287  0.0282  0.0285  0.0291  0.0294  0.0291  0.0292  0.0290  0.0291
  0.0300  0.0298  0.0312  0.0300  0.0296  0.0289  0.0298  0.0304  0.0297  0.0300  0.0294  0.0296
  0.0314  0.0308  0.0336  0.0342  0.0364  0.0335  0.0309  0.0319  0.0306  0.0311  0.0299  0.0304
niter,ni,del,rscale     2    3    5.0000    1.2000
parameters
    0.4744   19.9038   10.8300  -12.8999  -24.2344  -15.5790
    3.4356   -2.5075    1.2419    5.7277    0.2758   -4.9859
eta,q 0.97106 13.74938
  0.0315  0.0313  0.0334  0.0333  0.0338  0.0318  0.0308  0.0322  0.0306  0.0314  0.0301  0.0305
  0.0301  0.0299  0.0311  0.0311  0.0318  0.0305  0.0298  0.0302  0.0297  0.0300  0.0294  0.0296
  0.0292  0.0291  0.0296  0.0296  0.0301  0.0295  0.0292  0.0292  0.0291  0.0292  0.0291  0.0291
  0.0289  0.0289  0.0289  0.0289  0.0289  0.0289  0.0289  0.0289  0.0289  0.0289  0.0289  0.0289
  0.0292  0.0292  0.0295  0.0288  0.0283  0.0286  0.0292  0.0294  0.0292  0.0292  0.0291  0.0291
  0.0301  0.0299  0.0313  0.0301  0.0296  0.0289  0.0299  0.0305  0.0298  0.0300  0.0295  0.0296
  0.0314  0.0309  0.0336  0.0343  0.0362  0.0334  0.0309  0.0319  0.0307  0.0312  0.0300  0.0304
niter,ni,del,rscale     1    3    5.0000    1.2000
parameters
    0.4927   19.9587   10.7820  -12.8840  -24.3283  -15.6492
    3.4073   -2.4864    1.1776    5.8514    0.3485   -4.9686
eta,q 0.97102 13.74037
  0.0315  0.0312  0.0334  0.0333  0.0338  0.0318  0.0308  0.0322  0.0307  0.0314  0.0301  0.0305
  0.0302  0.0299  0.0312  0.0312  0.0318  0.0306  0.0299  0.0302  0.0298  0.0301  0.0295  0.0297
  0.0292  0.0291  0.0296  0.0297  0.0302  0.0296  0.0292  0.0293  0.0292  0.0292  0.0291  0.0291
  0.0289  0.0289  0.0289  0.0290  0.0290  0.0290  0.0290  0.0290  0.0290  0.0290  0.0290  0.0290
  0.0292  0.0293  0.0295  0.0288  0.0283  0.0287  0.0292  0.0294  0.0292  0.0293  0.0291  0.0292
  0.0301  0.0299  0.0313  0.0301  0.0296  0.0290  0.0299  0.0305  0.0298  0.0300  0.0295  0.0297
  0.0315  0.0309  0.0336  0.0343  0.0362  0.0333  0.0309  0.0319  0.0307  0.0312  0.0300  0.0305
registration optimization eta report
parameter search radius
    2.4000    2.7600    5.5513   10.9503   12.5928    9.5220
    7.2000    7.2000    7.2000    8.2800    8.2800   10.9503
100000*second partial in parameter space
       44.       28.       14.        4.        4.        4.
        4.        6.        3.        3.        2.        1.
  0.0315  0.0312  0.0334  0.0333  0.0338  0.0318  0.0308  0.0322  0.0307  0.0314  0.0301  0.0305
  0.0302  0.0299  0.0312  0.0312  0.0318  0.0306  0.0299  0.0302  0.0298  0.0301  0.0295  0.0297
  0.0292  0.0291  0.0296  0.0297  0.0302  0.0296  0.0292  0.0293  0.0292  0.0292  0.0291  0.0291
  0.0289  0.0289  0.0289  0.0290  0.0290  0.0290  0.0290  0.0290  0.0290  0.0290  0.0290  0.0290
  0.0292  0.0293  0.0295  0.0288  0.0283  0.0287  0.0292  0.0294  0.0292  0.0293  0.0291  0.0292
  0.0301  0.0299  0.0313  0.0301  0.0296  0.0290  0.0299  0.0305  0.0298  0.0300  0.0295  0.0297
  0.0315  0.0309  0.0336  0.0343  0.0362  0.0333  0.0309  0.0319  0.0307  0.0312  0.0300  0.0305
    0.4927   19.9587   10.7820  -12.8840  -24.3283  -15.6492
    3.4073   -2.4864    1.1776    5.8514    0.3485   -4.9686
eta,q 0.97102 13.74037

---------------------------------------------------------------------
imgreg_4dfp /opt/freesurfer/average/711-2C_as_mni_average_305 /opt/freesurfer/average/711-2B_as_mni_average_305_mask talsrcimg_g11 none talsrcimg_to_711-2C_as_mni_average_305_t4 2311
---------------------------------------------------------------------

freesurfer imgreg_4dfp.c
/opt/freesurfer/average/711-2C_as_mni_average_305.4dfp.img
       256       256       256         1
  1.000000  1.000000  1.000000
orientation T byte_order littleendian
Reading image: /opt/freesurfer/average/711-2C_as_mni_average_305.4dfp.img
dimensions:      256       256       256
mmppix:       1.0000   -1.0000   -1.0000
center:     128.0000 -129.0000 -129.0000
/opt/freesurfer/average/711-2B_as_mni_average_305_mask.4dfp.img
       256       256       256         1
  1.000000  1.000000  1.000000
orientation T byte_order littleendian
Reading mask: /opt/freesurfer/average/711-2B_as_mni_average_305_mask.4dfp.img (2306576 pixels)
talsrcimg_g11.4dfp.img
       256       256       256         1
  1.000000  1.000000  1.000000
orientation T byte_order littleendian
Reading image: talsrcimg_g11.4dfp.img
dimensions:      256       256       256
mmppix:       1.0000   -1.0000   -1.0000
center:     128.0000 -129.0000 -129.0000
fimgreg.f
image alignment mode   2311 decimal      907 hex
parameters
    0.4927   19.9587   10.7820  -12.8840  -24.3283  -15.6492
    3.4073   -2.4864    1.1776    5.8514    0.3485   -4.9686
eta,q 0.97102 13.74038
niter,ni,del,rscale     5    3    5.0000    0.8000
parameter  4 -0.523455 -> -0.500000 qaram    1.1500
parameter  5 -1.341894 -> -0.500000 qaram    1.1500
parameter  6 -3.217732 -> -0.500000 qaram    1.1500
parameters
    0.4993   19.8637   10.9456  -10.1240  -21.5683  -12.8892
    3.0505   -1.8358    1.5413    5.4841    1.8153   -6.2361
eta,q 0.97207 14.28883
  0.0302  0.0296  0.0295  0.0301  0.0303  0.0296  0.0289  0.0309  0.0289  0.0287  0.0285  0.0281
  0.0295  0.0292  0.0293  0.0295  0.0298  0.0291  0.0283  0.0290  0.0284  0.0283  0.0282  0.0280
  0.0291  0.0290  0.0291  0.0292  0.0293  0.0287  0.0280  0.0281  0.0281  0.0280  0.0280  0.0279
  0.0290  0.0290  0.0290  0.0290  0.0288  0.0283  0.0279  0.0279  0.0280  0.0280  0.0280  0.0280
  0.0291  0.0291  0.0290  0.0289  0.0285  0.0281  0.0281  0.0281  0.0280  0.0281  0.0280  0.0280
  0.0295  0.0294  0.0291  0.0288  0.0283  0.0278  0.0285  0.0286  0.0282  0.0285  0.0280  0.0282
  0.0301  0.0298  0.0294  0.0289  0.0282  0.0274  0.0293  0.0294  0.0287  0.0290  0.0281  0.0285
niter,ni,del,rscale     7    3    5.0000    1.0000
parameters
    0.4072   19.4444   10.6271  -11.3539  -20.5347  -14.0157
    3.6931   -2.6001    0.9637    4.6127    1.0132   -6.3384
eta,q 0.97206 14.20731
  0.0297  0.0287  0.0282  0.0293  0.0301  0.0295  0.0299  0.0300  0.0291  0.0290  0.0283  0.0284
  0.0287  0.0281  0.0279  0.0286  0.0292  0.0288  0.0291  0.0285  0.0285  0.0284  0.0280  0.0282
  0.0281  0.0279  0.0278  0.0282  0.0285  0.0283  0.0285  0.0280  0.0281  0.0280  0.0279  0.0280
  0.0279  0.0279  0.0279  0.0278  0.0280  0.0279  0.0281  0.0281  0.0280  0.0280  0.0280  0.0279
  0.0282  0.0283  0.0280  0.0278  0.0277  0.0273  0.0281  0.0286  0.0282  0.0283  0.0281  0.0280
  0.0289  0.0288  0.0282  0.0292  0.0279  0.0289  0.0285  0.0295  0.0287  0.0289  0.0282  0.0282
  0.0301  0.0296  0.0285  0.0326  0.0295  0.0339  0.0294  0.0311  0.0297  0.0298  0.0285  0.0285
niter,ni,del,rscale     6    3    5.0000    0.9000
parameters
    0.3604   19.4398   11.1350  -11.4672  -20.4940  -12.0406
    3.7584   -2.4510    1.3376    4.7384    1.3926   -6.6296
eta,q 0.97249 14.33154
  0.0295  0.0290  0.0287  0.0292  0.0295  0.0296  0.0289  0.0303  0.0287  0.0288  0.0279  0.0279
  0.0286  0.0284  0.0284  0.0285  0.0288  0.0288  0.0282  0.0283  0.0281  0.0281  0.0276  0.0277
  0.0281  0.0280  0.0281  0.0281  0.0283  0.0282  0.0277  0.0276  0.0277  0.0277  0.0275  0.0276
  0.0279  0.0279  0.0279  0.0279  0.0279  0.0279  0.0275  0.0275  0.0275  0.0275  0.0275  0.0275
  0.0281  0.0281  0.0279  0.0278  0.0277  0.0275  0.0276  0.0278  0.0276  0.0276  0.0276  0.0276
  0.0287  0.0284  0.0280  0.0282  0.0282  0.0271  0.0281  0.0285  0.0279  0.0280  0.0276  0.0277
  0.0297  0.0290  0.0282  0.0297  0.0301  0.0285  0.0289  0.0297  0.0285  0.0287  0.0277  0.0280
niter,ni,del,rscale     5    3    5.0000    0.8000
parameters
    0.2987   19.2123   10.7337  -11.1657  -19.5265  -12.9279
    3.7509   -2.6181    1.1600    4.4165    1.2856   -6.5869
eta,q 0.97245 14.36866
  0.0287  0.0281  0.0277  0.0288  0.0289  0.0286  0.0287  0.0293  0.0284  0.0284  0.0278  0.0279
  0.0280  0.0277  0.0275  0.0282  0.0283  0.0281  0.0281  0.0281  0.0279  0.0279  0.0276  0.0277
  0.0276  0.0275  0.0274  0.0278  0.0278  0.0278  0.0277  0.0276  0.0276  0.0276  0.0275  0.0276
  0.0275  0.0275  0.0275  0.0274  0.0274  0.0272  0.0276  0.0276  0.0275  0.0275  0.0275  0.0275
  0.0277  0.0277  0.0276  0.0272  0.0271  0.0270  0.0276  0.0278  0.0276  0.0277  0.0276  0.0276
  0.0281  0.0281  0.0278  0.0275  0.0273  0.0284  0.0281  0.0284  0.0280  0.0281  0.0277  0.0277
  0.0289  0.0286  0.0280  0.0289  0.0284  0.0316  0.0288  0.0294  0.0286  0.0287  0.0278  0.0279
niter,ni,del,rscale     4    3    5.0000    0.7000
parameters
    0.2712   19.2093   10.9017  -10.8965  -19.5269  -12.0714
    3.7280   -2.5422    1.2516    4.5265    2.2129   -6.9048
eta,q 0.97277 14.44617
  0.0285  0.0282  0.0278  0.0285  0.0286  0.0286  0.0281  0.0290  0.0279  0.0281  0.0275  0.0274
  0.0280  0.0278  0.0277  0.0281  0.0281  0.0281  0.0277  0.0278  0.0276  0.0276  0.0273  0.0273
  0.0277  0.0276  0.0276  0.0278  0.0278  0.0278  0.0274  0.0273  0.0273  0.0274  0.0273  0.0272
  0.0275  0.0275  0.0275  0.0275  0.0275  0.0275  0.0272  0.0272  0.0272  0.0272  0.0272  0.0272
  0.0277  0.0276  0.0275  0.0274  0.0274  0.0269  0.0273  0.0274  0.0273  0.0273  0.0272  0.0273
  0.0280  0.0279  0.0276  0.0276  0.0277  0.0270  0.0276  0.0279  0.0275  0.0275  0.0273  0.0273
  0.0286  0.0282  0.0277  0.0285  0.0290  0.0284  0.0282  0.0287  0.0279  0.0280  0.0273  0.0275
niter,ni,del,rscale     3    3    5.0000    0.6000
parameters
    0.2297   19.1280   10.5493  -10.4394  -18.8689  -12.2910
    3.6149   -2.6031    0.8784    4.5098    3.0293   -7.1759
eta,q 0.97289 14.51370
  0.0279  0.0277  0.0273  0.0281  0.0281  0.0282  0.0278  0.0284  0.0275  0.0277  0.0274  0.0273
  0.0275  0.0274  0.0272  0.0278  0.0277  0.0279  0.0274  0.0276  0.0273  0.0274  0.0273  0.0272
  0.0273  0.0273  0.0272  0.0275  0.0274  0.0276  0.0272  0.0272  0.0272  0.0272  0.0272  0.0271
  0.0272  0.0272  0.0272  0.0272  0.0271  0.0270  0.0271  0.0271  0.0271  0.0271  0.0271  0.0271
  0.0273  0.0273  0.0273  0.0270  0.0270  0.0267  0.0272  0.0273  0.0272  0.0272  0.0271  0.0271
  0.0276  0.0275  0.0274  0.0272  0.0271  0.0276  0.0275  0.0277  0.0274  0.0274  0.0271  0.0272
  0.0281  0.0278  0.0276  0.0280  0.0278  0.0292  0.0279  0.0285  0.0278  0.0278  0.0272  0.0273
niter,ni,del,rscale     2    3    5.0000    0.5000
parameters
    0.2188   19.1298   10.4861  -10.0883  -18.6160  -12.0131
    3.6355   -2.7357    0.5592    4.5881    3.3490   -7.4034
eta,q 0.97310 14.57019
  0.0277  0.0275  0.0273  0.0279  0.0277  0.0280  0.0275  0.0279  0.0272  0.0274  0.0272  0.0270
  0.0274  0.0273  0.0272  0.0276  0.0275  0.0278  0.0272  0.0273  0.0270  0.0271  0.0270  0.0269
  0.0272  0.0272  0.0271  0.0273  0.0272  0.0275  0.0270  0.0270  0.0269  0.0270  0.0269  0.0269
  0.0271  0.0271  0.0271  0.0271  0.0271  0.0270  0.0269  0.0269  0.0269  0.0269  0.0269  0.0269
  0.0272  0.0272  0.0272  0.0270  0.0270  0.0266  0.0270  0.0270  0.0270  0.0269  0.0269  0.0269
  0.0274  0.0273  0.0272  0.0272  0.0271  0.0270  0.0271  0.0274  0.0271  0.0271  0.0270  0.0270
  0.0277  0.0275  0.0273  0.0278  0.0277  0.0282  0.0274  0.0281  0.0274  0.0274  0.0271  0.0271
niter,ni,del,rscale     1    3    5.0000    0.4000
parameters
    0.2149   19.1120   10.5570   -9.9003  -18.2894  -11.6176
    3.6312   -2.8337    0.4312    4.4923    3.4489   -7.7350
eta,q 0.97332 14.62516
  0.0273  0.0271  0.0271  0.0275  0.0274  0.0278  0.0271  0.0275  0.0269  0.0270  0.0269  0.0268
  0.0271  0.0270  0.0270  0.0273  0.0272  0.0276  0.0269  0.0270  0.0268  0.0268  0.0268  0.0267
  0.0269  0.0269  0.0269  0.0270  0.0270  0.0273  0.0267  0.0268  0.0267  0.0267  0.0267  0.0267
  0.0269  0.0269  0.0269  0.0269  0.0269  0.0268  0.0267  0.0267  0.0267  0.0267  0.0267  0.0267
  0.0269  0.0269  0.0269  0.0269  0.0268  0.0266  0.0267  0.0268  0.0267  0.0267  0.0267  0.0267
  0.0271  0.0270  0.0270  0.0270  0.0269  0.0268  0.0269  0.0271  0.0268  0.0268  0.0268  0.0267
  0.0273  0.0272  0.0270  0.0274  0.0273  0.0277  0.0271  0.0276  0.0270  0.0271  0.0269  0.0268
registration optimization eta report
parameter search radius
    0.8000    0.8000    0.8000    2.7600    2.7600    2.7600
    2.4000    2.4000    2.4000    2.4000    2.4000    2.4000
100000*second partial in parameter space
       64.       39.       27.        7.        6.       12.
        7.       15.        5.        6.        3.        2.
  0.0273  0.0271  0.0271  0.0275  0.0274  0.0278  0.0271  0.0275  0.0269  0.0270  0.0269  0.0268
  0.0271  0.0270  0.0270  0.0273  0.0272  0.0276  0.0269  0.0270  0.0268  0.0268  0.0268  0.0267
  0.0269  0.0269  0.0269  0.0270  0.0270  0.0273  0.0267  0.0268  0.0267  0.0267  0.0267  0.0267
  0.0269  0.0269  0.0269  0.0269  0.0269  0.0268  0.0267  0.0267  0.0267  0.0267  0.0267  0.0267
  0.0269  0.0269  0.0269  0.0269  0.0268  0.0266  0.0267  0.0268  0.0267  0.0267  0.0267  0.0267
  0.0271  0.0270  0.0270  0.0270  0.0269  0.0268  0.0269  0.0271  0.0268  0.0268  0.0268  0.0267
  0.0273  0.0272  0.0270  0.0274  0.0273  0.0277  0.0271  0.0276  0.0270  0.0271  0.0269  0.0268
    0.2149   19.1120   10.5570   -9.9003  -18.2894  -11.6176
    3.6312   -2.8337    0.4312    4.4923    3.4489   -7.7350
eta,q 0.97332 14.62516

---------------------------------------------------------------------
imgreg_4dfp /opt/freesurfer/average/711-2C_as_mni_average_305 /opt/freesurfer/average/711-2B_as_mni_average_305_mask talsrcimg_g11 none talsrcimg_to_711-2C_as_mni_average_305_t4 2311
---------------------------------------------------------------------

freesurfer imgreg_4dfp.c
/opt/freesurfer/average/711-2C_as_mni_average_305.4dfp.img
       256       256       256         1
  1.000000  1.000000  1.000000
orientation T byte_order littleendian
Reading image: /opt/freesurfer/average/711-2C_as_mni_average_305.4dfp.img
dimensions:      256       256       256
mmppix:       1.0000   -1.0000   -1.0000
center:     128.0000 -129.0000 -129.0000
/opt/freesurfer/average/711-2B_as_mni_average_305_mask.4dfp.img
       256       256       256         1
  1.000000  1.000000  1.000000
orientation T byte_order littleendian
Reading mask: /opt/freesurfer/average/711-2B_as_mni_average_305_mask.4dfp.img (2306576 pixels)
talsrcimg_g11.4dfp.img
       256       256       256         1
  1.000000  1.000000  1.000000
orientation T byte_order littleendian
Reading image: talsrcimg_g11.4dfp.img
dimensions:      256       256       256
mmppix:       1.0000   -1.0000   -1.0000
center:     128.0000 -129.0000 -129.0000
fimgreg.f
image alignment mode   2311 decimal      907 hex
parameters
    0.2149   19.1120   10.5570   -9.9003  -18.2894  -11.6176
    3.6312   -2.8337    0.4312    4.4923    3.4489   -7.7350
eta,q 0.97332 14.62516
niter,ni,del,rscale     5    3    5.0000    0.8000
parameters
    0.1886   19.0247   10.9164  -10.7096  -18.9829  -12.1383
    3.9615   -2.9629    0.3546    4.2754    3.3873   -7.0950
eta,q 0.97286 14.50312
  0.0284  0.0277  0.0281  0.0278  0.0278  0.0283  0.0285  0.0293  0.0280  0.0281  0.0274  0.0275
  0.0275  0.0271  0.0273  0.0274  0.0274  0.0279  0.0278  0.0280  0.0275  0.0276  0.0273  0.0273
  0.0269  0.0268  0.0268  0.0270  0.0271  0.0276  0.0274  0.0273  0.0273  0.0273  0.0272  0.0272
  0.0267  0.0267  0.0267  0.0267  0.0268  0.0269  0.0272  0.0271  0.0271  0.0271  0.0272  0.0271
  0.0269  0.0268  0.0267  0.0268  0.0268  0.0267  0.0272  0.0274  0.0272  0.0273  0.0272  0.0271
  0.0275  0.0272  0.0269  0.0278  0.0276  0.0279  0.0275  0.0281  0.0275  0.0276  0.0272  0.0272
  0.0286  0.0279  0.0271  0.0299  0.0295  0.0302  0.0282  0.0296  0.0281  0.0283  0.0275  0.0274
niter,ni,del,rscale     4    3    5.0000    0.7000
parameters
    0.1695   19.0586   10.6122  -10.4797  -18.7841  -12.2261
    3.8575   -2.9321    0.3915    4.3687    3.4231   -7.2351
eta,q 0.97293 14.52450
  0.0282  0.0279  0.0273  0.0281  0.0280  0.0282  0.0280  0.0290  0.0278  0.0279  0.0274  0.0273
  0.0276  0.0275  0.0271  0.0277  0.0276  0.0279  0.0275  0.0279  0.0274  0.0275  0.0272  0.0272
  0.0273  0.0272  0.0271  0.0274  0.0273  0.0276  0.0272  0.0273  0.0272  0.0272  0.0271  0.0271
  0.0271  0.0271  0.0271  0.0271  0.0271  0.0270  0.0271  0.0271  0.0271  0.0271  0.0271  0.0271
  0.0273  0.0272  0.0272  0.0270  0.0269  0.0266  0.0272  0.0272  0.0271  0.0271  0.0271  0.0271
  0.0276  0.0274  0.0274  0.0272  0.0272  0.0274  0.0275  0.0278  0.0274  0.0274  0.0272  0.0272
  0.0283  0.0278  0.0275  0.0282  0.0281  0.0290  0.0281  0.0290  0.0278  0.0279  0.0274  0.0273
niter,ni,del,rscale     3    3    5.0000    0.6000
parameters
    0.1760   19.1008   10.5744  -10.2071  -18.5893  -11.9721
    3.7590   -2.9199    0.3864    4.4609    3.5026   -7.4390
eta,q 0.97312 14.56946
  0.0279  0.0277  0.0274  0.0279  0.0278  0.0280  0.0276  0.0285  0.0274  0.0276  0.0272  0.0271
  0.0275  0.0273  0.0272  0.0276  0.0275  0.0278  0.0272  0.0276  0.0271  0.0272  0.0270  0.0270
  0.0272  0.0271  0.0271  0.0273  0.0272  0.0275  0.0270  0.0271  0.0270  0.0270  0.0269  0.0269
  0.0271  0.0271  0.0271  0.0271  0.0270  0.0270  0.0269  0.0269  0.0269  0.0269  0.0269  0.0269
  0.0272  0.0271  0.0271  0.0270  0.0269  0.0266  0.0270  0.0270  0.0269  0.0269  0.0269  0.0269
  0.0274  0.0273  0.0272  0.0272  0.0271  0.0270  0.0273  0.0275  0.0271  0.0271  0.0270  0.0270
  0.0279  0.0276  0.0273  0.0279  0.0278  0.0283  0.0277  0.0285  0.0274  0.0275  0.0272  0.0271
niter,ni,del,rscale     2    3    5.0000    0.5000
parameters
    0.1857   19.0852   10.6083  -10.0144  -18.3221  -11.6607
    3.6983   -2.9301    0.3527    4.4288    3.5392   -7.6969
eta,q 0.97330 14.61663
  0.0275  0.0273  0.0272  0.0275  0.0274  0.0278  0.0273  0.0279  0.0271  0.0272  0.0270  0.0268
  0.0272  0.0270  0.0270  0.0273  0.0272  0.0276  0.0269  0.0272  0.0269  0.0269  0.0268  0.0268
  0.0270  0.0269  0.0269  0.0271  0.0270  0.0273  0.0268  0.0268  0.0268  0.0268  0.0267  0.0267
  0.0269  0.0269  0.0269  0.0269  0.0269  0.0268  0.0267  0.0267  0.0267  0.0267  0.0267  0.0267
  0.0269  0.0269  0.0269  0.0268  0.0268  0.0265  0.0268  0.0268  0.0267  0.0268  0.0267  0.0267
  0.0272  0.0271  0.0270  0.0270  0.0269  0.0269  0.0270  0.0272  0.0269  0.0269  0.0268  0.0268
  0.0275  0.0273  0.0271  0.0275  0.0274  0.0279  0.0273  0.0280  0.0271  0.0272  0.0270  0.0269
niter,ni,del,rscale     1    3    5.0000    0.4000
parameters
    0.1879   19.0371   10.7126   -9.8845  -18.0398  -11.2669
    3.6693   -2.9588    0.3493    4.2931    3.4969   -7.9934
eta,q 0.97348 14.66361
  0.0271  0.0269  0.0270  0.0272  0.0271  0.0276  0.0269  0.0274  0.0268  0.0269  0.0267  0.0266
  0.0269  0.0268  0.0268  0.0270  0.0269  0.0274  0.0267  0.0269  0.0267  0.0267  0.0266  0.0266
  0.0268  0.0267  0.0267  0.0268  0.0268  0.0270  0.0266  0.0266  0.0266  0.0266  0.0265  0.0265
  0.0267  0.0267  0.0267  0.0267  0.0267  0.0267  0.0265  0.0265  0.0265  0.0265  0.0265  0.0265
  0.0267  0.0267  0.0267  0.0267  0.0267  0.0265  0.0266  0.0266  0.0266  0.0266  0.0265  0.0265
  0.0269  0.0268  0.0268  0.0268  0.0267  0.0267  0.0267  0.0269  0.0266  0.0267  0.0266  0.0266
  0.0271  0.0270  0.0268  0.0272  0.0270  0.0274  0.0270  0.0275  0.0268  0.0269  0.0267  0.0267
registration optimization eta report
parameter search radius
    0.8000    0.8000    0.8000    2.4000    2.4000    2.4000
    2.4000    2.4000    2.4000    2.4000    2.4000    2.4000
100000*second partial in parameter space
       69.       42.       33.        8.        7.       14.
        7.       16.        5.        7.        4.        2.
  0.0271  0.0269  0.0270  0.0272  0.0271  0.0276  0.0269  0.0274  0.0268  0.0269  0.0267  0.0266
  0.0269  0.0268  0.0268  0.0270  0.0269  0.0274  0.0267  0.0269  0.0267  0.0267  0.0266  0.0266
  0.0268  0.0267  0.0267  0.0268  0.0268  0.0270  0.0266  0.0266  0.0266  0.0266  0.0265  0.0265
  0.0267  0.0267  0.0267  0.0267  0.0267  0.0267  0.0265  0.0265  0.0265  0.0265  0.0265  0.0265
  0.0267  0.0267  0.0267  0.0267  0.0267  0.0265  0.0266  0.0266  0.0266  0.0266  0.0265  0.0265
  0.0269  0.0268  0.0268  0.0268  0.0267  0.0267  0.0267  0.0269  0.0266  0.0267  0.0266  0.0266
  0.0271  0.0270  0.0268  0.0272  0.0270  0.0274  0.0270  0.0275  0.0268  0.0269  0.0267  0.0267
    0.1879   19.0371   10.7126   -9.8845  -18.0398  -11.2669
    3.6693   -2.9588    0.3493    4.2931    3.4969   -7.9934
eta,q 0.97348 14.66361

---------------------------------------------------------------------
compute_vox2vox talsrcimg talsrcimg_to_711-2C_as_mni_average_305_t4 /opt/freesurfer/average/711-2C_as_mni_average_305
---------------------------------------------------------------------

freesurfer compute_vox2vox.c
Reading: talsrcimg.4dfp.ifh
Reading: talsrcimg_to_711-2C_as_mni_average_305_t4
Reading: /opt/freesurfer/average/711-2C_as_mni_average_305.4dfp.ifh
Writing: talsrcimg_to_711-2C_as_mni_average_305_t4_vox2vox.txt

start time Tue Mar 10 22:38:01 CET 2026
end		time Tue Mar 10 22:39:28 CET 2026

mpr2mni305 success

avi2talxfm orig_nu.mgz /opt/freesurfer/average/mni305.cor.mgz talsrcimg_to_711-2C_as_mni_average_305_t4_vox2vox.txt transforms/talairach.auto.xfm
avi2talxfm done
mv -f /out/sourcedata/freesurfer/sub-v2s12x28870_ses-1/mri/talsrcimg_to_711-2C_as_mni_average_305_t4_vox2vox.txt /out/sourcedata/freesurfer/sub-v2s12x28870_ses-1/mri/transforms/talsrcimg_to_711-2C_as_mni_average_305_t4_vox2vox.txt
lta_convert --src orig_nu.mgz --trg /opt/freesurfer/average/mni305.cor.mgz --inxfm transforms/talairach.auto.xfm --outlta transforms/talairach.auto.xfm.lta --subject fsaverage
7.3.2

--src: orig_nu.mgz src image (geometry).
--trg: /opt/freesurfer/average/mni305.cor.mgz trg image (geometry).
--inmni: transforms/talairach.auto.xfm input MNI/XFM transform.
--outlta: transforms/talairach.auto.xfm.lta output LTA.
--s: fsaverage subject name
 LTA read, type : 1
 1.10834   0.03917  -0.04580   2.53500;
-0.04390   1.12013   0.11121  -13.94081;
-0.00242  -0.05884   1.21447  -14.78201;
 0.00000   0.00000   0.00000   1.00000;
setting subject to fsaverage
Writing  LTA to file transforms/talairach.auto.xfm.lta...
lta_convert successful.
 
 
Started at Tue Mar 10 22:38:01 CET 2026
Ended   at Tue Mar 10 22:39:28 CET 2026
talairach_avi done
