/out/sourcedata/freesurfer/sub-v2s12x28874_ses-1/mri
/opt/freesurfer/bin/talairach_avi
--i orig_nu.mgz --xfm transforms/talairach.auto.xfm
talairach_avi 7.3.2
Linux dna087 5.14.0-427.37.1.el9_4.x86_64 #1 SMP PREEMPT_DYNAMIC Fri Sep 13 12:41:50 EDT 2024 x86_64 x86_64 x86_64 GNU/Linux
Tue Mar 10 22:56:19 CET 2026
mri_convert orig_nu.mgz talsrcimg.img 
reading from orig_nu.mgz...
TR=0.00, TE=0.00, TI=0.00, flip angle=0.00
i_ras = (-1, 0, 0)
j_ras = (0, 0, -1)
k_ras = (0, 1, 0)
writing to talsrcimg.img...
Analyze Output Matrix
-1.00000   0.00000   0.00000   130.43719;
 0.00000   0.00000   1.00000  -128.50000;
 0.00000  -1.00000   0.00000   113.09300;
 0.00000   0.00000   0.00000   1.00000;
--------------------
INFO: set hdr.hist.orient to -1
mpr2mni305 talsrcimg
Tue Mar 10 22:56:20 CET 2026
/opt/freesurfer/bin/mpr2mni305 talsrcimg
mpr2mni305 7.3.2
target=711-2C_as_mni_average_305

---------------------------------------------------------------------
analyzeto4dfp talsrcimg -O0 -y
---------------------------------------------------------------------

freesurfer ifh2hdr.c
Tue Mar 10 22:56:20 2026
Writing: talsrcimg.4dfp.hdr
freesurfer analyzeto4dfp.c
Reading: talsrcimg.hdr
header size 348 bytes
hdr.dime.datatype	offset=70	value=2
hdr.dime.bitpix		offset=72	value=8
hdr.hist.orient		offset=252	value=-1
dimensionality     4
dimensions       256       256       256         1
Reading: talsrcimg.img
Writing: talsrcimg.4dfp.img
Writing: talsrcimg.4dfp.ifh
ifh2hdr talsrcimg -r0to232
ori=2

---------------------------------------------------------------------
gauss_4dfp talsrcimg 1.1
---------------------------------------------------------------------

freesurfer gauss_4dfp.c
Reading: talsrcimg.4dfp.img
Writing: talsrcimg_g11.4dfp.img
image dimensions 256 256 256 padded to 288 288 288
processing volume 1freesurfer ifh2hdr.c
Tue Mar 10 22:56:21 2026
Writing: talsrcimg_g11.4dfp.hdr

Writing: talsrcimg_g11.4dfp.ifh
including: talsrcimg.4dfp.img.rec in talsrcimg_g11.4dfp.img.rec

---------------------------------------------------------------------
imgreg_4dfp /opt/freesurfer/average/711-2C_as_mni_average_305 none talsrcimg_g11 none talsrcimg_to_711-2C_as_mni_average_305_t4 4355
---------------------------------------------------------------------

freesurfer imgreg_4dfp.c
/opt/freesurfer/average/711-2C_as_mni_average_305.4dfp.img
       256       256       256         1
  1.000000  1.000000  1.000000
orientation T byte_order littleendian
Reading image: /opt/freesurfer/average/711-2C_as_mni_average_305.4dfp.img
dimensions:      256       256       256
mmppix:       1.0000   -1.0000   -1.0000
center:     128.0000 -129.0000 -129.0000
talsrcimg_g11.4dfp.img
       256       256       256         1
  1.000000  1.000000  1.000000
orientation T byte_order littleendian
Reading image: talsrcimg_g11.4dfp.img
dimensions:      256       256       256
mmppix:       1.0000   -1.0000   -1.0000
center:     128.0000 -129.0000 -129.0000
t4_read: open error in t4_sub.f l:  41 t4_file(1:l)talsrcimg_to_711-2C_as_mni_average_305_t4 
t4_read: transform initialized to I4
rotation matrix determinant  1.000000
image alignment mode   4355 decimal     1103 hex
   -7.5000  -45.0000  -45.0000 5458.6030   17.5366
    0.0000  -45.0000  -45.0000 5715.2856   17.4899
    7.5000  -45.0000  -45.0000 5505.5952   17.4408
   -7.5000  -37.5000  -45.0000 5966.5708   16.9073
    0.0000  -37.5000  -45.0000 6246.6616   16.8512
    7.5000  -37.5000  -45.0000 6007.9116   16.7981
   -7.5000  -30.0000  -45.0000 6726.7524   16.4532
    0.0000  -30.0000  -45.0000 7029.1470   16.3912
    7.5000  -30.0000  -45.0000 6756.2422   16.3398
   -7.5000  -22.5000  -45.0000 7506.4648   16.1362
    0.0000  -22.5000  -45.0000 7850.2212   16.0823
    7.5000  -22.5000  -45.0000 7549.9756   16.0412
   -7.5000  -15.0000  -45.0000 8315.7100   15.9560
    0.0000  -15.0000  -45.0000 8714.0645   15.9174
    7.5000  -15.0000  -45.0000 8366.5771   15.8872
   -7.5000   -7.5000  -45.0000 9148.8008   15.9344
    0.0000   -7.5000  -45.0000 9607.8955   15.9051
    7.5000   -7.5000  -45.0000 9206.3115   15.8763
   -7.5000    0.0000  -45.0000 9938.9639   15.9417
    0.0000    0.0000  -45.000010432.7236   15.9082
    7.5000    0.0000  -45.000010012.8857   15.8720
   -7.5000    7.5000  -45.000010009.7881   15.9635
    0.0000    7.5000  -45.000010526.0586   15.9154
    7.5000    7.5000  -45.000010071.7617   15.8700
   -7.5000   15.0000  -45.0000 9970.3926   15.9763
    0.0000   15.0000  -45.000010486.7441   15.9177
    7.5000   15.0000  -45.000010008.8828   15.8700
   -7.5000   22.5000  -45.0000 9739.5947   15.9684
    0.0000   22.5000  -45.000010255.8008   15.9151
    7.5000   22.5000  -45.0000 9769.5957   15.8750
   -7.5000   30.0000  -45.0000 9455.4043   15.7379
    0.0000   30.0000  -45.0000 9957.3281   15.6998
    7.5000   30.0000  -45.0000 9477.0479   15.6699
   -7.5000   37.5000  -45.0000 9405.3545   15.7220
    0.0000   37.5000  -45.0000 9889.4346   15.6931
    7.5000   37.5000  -45.0000 9423.0918   15.6647
   -7.5000   45.0000  -45.0000 8905.2158   15.3299
    0.0000   45.0000  -45.0000 9366.1611   15.2976
    7.5000   45.0000  -45.0000 8923.2695   15.2629
   -7.5000  -45.0000  -37.5000 5749.9082   17.2221
    0.0000  -45.0000  -37.5000 6028.7202   17.1860
    7.5000  -45.0000  -37.5000 5801.7588   17.1405
   -7.5000  -37.5000  -37.5000 6271.6680   16.6108
    0.0000  -37.5000  -37.5000 6566.0576   16.5663
    7.5000  -37.5000  -37.5000 6315.2798   16.5119
   -7.5000  -30.0000  -37.5000 7063.4907   16.1793
    0.0000  -30.0000  -37.5000 7391.6206   16.1263
    7.5000  -30.0000  -37.5000 7098.7397   16.0705
   -7.5000  -22.5000  -37.5000 7850.5117   15.8762
    0.0000  -22.5000  -37.5000 8225.7812   15.8276
    7.5000  -22.5000  -37.5000 7900.9731   15.7840
   -7.5000  -15.0000  -37.5000 8682.0469   15.7009
    0.0000  -15.0000  -37.5000 9118.8916   15.6655
    7.5000  -15.0000  -37.5000 8755.5000   15.6367
   -7.5000   -7.5000  -37.5000 9587.3379   15.6714
    0.0000   -7.5000  -37.500010068.8408   15.6465
    7.5000   -7.5000  -37.5000 9665.0010   15.6214
   -7.5000    0.0000  -37.500010442.2344   15.6714
    0.0000    0.0000  -37.500010961.6406   15.6453
    7.5000    0.0000  -37.500010512.9980   15.6115
   -7.5000    7.5000  -37.500010521.5752   15.6986
    0.0000    7.5000  -37.500011052.5928   15.6595
    7.5000    7.5000  -37.500010579.9326   15.6126
   -7.5000   15.0000  -37.500010415.6709   15.7189
    0.0000   15.0000  -37.500010946.1885   15.6684
    7.5000   15.0000  -37.500010475.4199   15.6164
   -7.5000   22.5000  -37.500010162.5713   15.7137
    0.0000   22.5000  -37.500010718.1533   15.6656
    7.5000   22.5000  -37.500010240.4590   15.6230
   -7.5000   30.0000  -37.5000 9875.4053   15.4863
    0.0000   30.0000  -37.500010412.8398   15.4514
    7.5000   30.0000  -37.5000 9928.9922   15.4229
   -7.5000   37.5000  -37.5000 9840.6621   15.4624
    0.0000   37.5000  -37.500010356.3633   15.4379
    7.5000   37.5000  -37.5000 9873.3027   15.4131
   -7.5000   45.0000  -37.5000 9323.2988   15.0699
    0.0000   45.0000  -37.5000 9824.6240   15.0448
    7.5000   45.0000  -37.5000 9366.4990   15.0123
   -7.5000  -45.0000  -30.0000 6153.6460   17.7411
    0.0000  -45.0000  -30.0000 6473.2153   17.7039
    7.5000  -45.0000  -30.0000 6223.3257   17.6579
   -7.5000  -37.5000  -30.0000 6696.5830   17.1199
    0.0000  -37.5000  -30.0000 7028.7334   17.0790
    7.5000  -37.5000  -30.0000 6758.0083   17.0217
   -7.5000  -30.0000  -30.0000 7524.2827   16.6868
    0.0000  -30.0000  -30.0000 7905.0552   16.6363
    7.5000  -30.0000  -30.0000 7581.5674   16.5769
   -7.5000  -22.5000  -30.0000 8372.5938   16.3783
    0.0000  -22.5000  -30.0000 8791.2559   16.3265
    7.5000  -22.5000  -30.0000 8442.5713   16.2815
   -7.5000  -15.0000  -30.0000 9278.3574   16.1980
    0.0000  -15.0000  -30.0000 9756.3975   16.1546
    7.5000  -15.0000  -30.0000 9366.5889   16.1266
   -7.5000   -7.5000  -30.000010282.9678   16.1652
    0.0000   -7.5000  -30.000010796.9502   16.1330
    7.5000   -7.5000  -30.000010365.0596   16.1086
   -7.5000    0.0000  -30.000011206.9629   16.1596
    0.0000    0.0000  -30.000011772.9883   16.1313
    7.5000    0.0000  -30.000011290.7676   16.0966
   -7.5000    7.5000  -30.000011295.0996   16.1895
    0.0000    7.5000  -30.000011869.6201   16.1526
    7.5000    7.5000  -30.000011359.6084   16.1030
   -7.5000   15.0000  -30.000011150.2979   16.2171
    0.0000   15.0000  -30.000011708.6689   16.1686
    7.5000   15.0000  -30.000011212.1416   16.1134
   -7.5000   22.5000  -30.000010895.3818   16.2106
    0.0000   22.5000  -30.000011497.5215   16.1594
    7.5000   22.5000  -30.000010974.9033   16.1154
   -7.5000   30.0000  -30.000010560.0527   15.9782
    0.0000   30.0000  -30.000011126.2578   15.9353
    7.5000   30.0000  -30.000010613.9873   15.9076
   -7.5000   37.5000  -30.000010488.1211   15.9512
    0.0000   37.5000  -30.000011060.0674   15.9194
    7.5000   37.5000  -30.000010539.0225   15.8954
   -7.5000   45.0000  -30.0000 9971.4639   15.5508
    0.0000   45.0000  -30.000010508.3105   15.5236
    7.5000   45.0000  -30.000010030.5957   15.4902
   -7.5000  -45.0000  -22.5000 6561.5742   18.1606
    0.0000  -45.0000  -22.5000 6920.3984   18.1140
    7.5000  -45.0000  -22.5000 6639.1191   18.0669
   -7.5000  -37.5000  -22.5000 7151.3506   17.5354
    0.0000  -37.5000  -22.5000 7513.0342   17.4861
    7.5000  -37.5000  -22.5000 7201.5210   17.4302
   -7.5000  -30.0000  -22.5000 8041.7471   17.0992
    0.0000  -30.0000  -22.5000 8438.4805   17.0394
    7.5000  -30.0000  -22.5000 8084.8008   16.9843
   -7.5000  -22.5000  -22.5000 8972.0156   16.7823
    0.0000  -22.5000  -22.5000 9416.1699   16.7198
    7.5000  -22.5000  -22.5000 9033.9639   16.6788
   -7.5000  -15.0000  -22.5000 9964.9756   16.5949
    0.0000  -15.0000  -22.500010472.8223   16.5403
    7.5000  -15.0000  -22.500010041.6787   16.5139
   -7.5000   -7.5000  -22.500011051.3242   16.5649
    0.0000   -7.5000  -22.500011622.6855   16.5229
    7.5000   -7.5000  -22.500011136.4326   16.4976
   -7.5000    0.0000  -22.500012066.7832   16.5617
    0.0000    0.0000  -22.500012697.2041   16.5254
    7.5000    0.0000  -22.500012143.4316   16.4896
   -7.5000    7.5000  -22.500012158.9629   16.5916
    0.0000    7.5000  -22.500012787.2607   16.5473
    7.5000    7.5000  -22.500012211.1650   16.4992
   -7.5000   15.0000  -22.500011981.0156   16.6216
    0.0000   15.0000  -22.500012592.6689   16.5645
    7.5000   15.0000  -22.500012041.9209   16.5132
   -7.5000   22.5000  -22.500011692.6338   16.6110
    0.0000   22.5000  -22.500012320.2324   16.5492
    7.5000   22.5000  -22.500011769.3223   16.5091
   -7.5000   30.0000  -22.500011274.0957   16.3722
    0.0000   30.0000  -22.500011882.0186   16.3183
    7.5000   30.0000  -22.500011338.2402   16.2922
   -7.5000   37.5000  -22.500011184.1592   16.3481
    0.0000   37.5000  -22.500011778.6826   16.3066
    7.5000   37.5000  -22.500011229.9492   16.2817
   -7.5000   45.0000  -22.500010665.4092   15.9497
    0.0000   45.0000  -22.500011241.3994   15.9148
    7.5000   45.0000  -22.500010733.8662   15.8803
   -7.5000  -45.0000  -15.0000 6978.0249   18.4674
    0.0000  -45.0000  -15.0000 7356.1484   18.4091
    7.5000  -45.0000  -15.0000 7043.6934   18.3588
   -7.5000  -37.5000  -15.0000 7618.1270   17.8367
    0.0000  -37.5000  -15.0000 8000.0244   17.7725
    7.5000  -37.5000  -15.0000 7656.0952   17.7182
   -7.5000  -30.0000  -15.0000 8592.2295   17.3958
    0.0000  -30.0000  -15.0000 9006.4385   17.3225
    7.5000  -30.0000  -15.0000 8621.6045   17.2725
   -7.5000  -22.5000  -15.0000 9636.8926   17.0763
    0.0000  -22.5000  -15.000010107.0225   17.0052
    7.5000  -22.5000  -15.0000 9688.0264   16.9676
   -7.5000  -15.0000  -15.000010722.3994   16.8862
    0.0000  -15.0000  -15.000011252.6738   16.8270
    7.5000  -15.0000  -15.000010788.0879   16.8000
   -7.5000   -7.5000  -15.000011862.2324   16.8581
    0.0000   -7.5000  -15.000012449.6035   16.8113
    7.5000   -7.5000  -15.000011943.3643   16.7829
   -7.5000    0.0000  -15.000012972.7305   16.8570
    0.0000    0.0000  -15.000013629.9717   16.8120
    7.5000    0.0000  -15.000013039.9316   16.7739
   -7.5000    7.5000  -15.000013051.2812   16.8831
    0.0000    7.5000  -15.000013718.6855   16.8265
    7.5000    7.5000  -15.000013111.9824   16.7803
   -7.5000   15.0000  -15.000012874.5049   16.9120
    0.0000   15.0000  -15.000013541.8594   16.8426
    7.5000   15.0000  -15.000012943.4941   16.7962
   -7.5000   22.5000  -15.000012536.2861   16.9023
    0.0000   22.5000  -15.000013210.1670   16.8320
    7.5000   22.5000  -15.000012626.2627   16.7953
   -7.5000   30.0000  -15.000012072.0293   16.6621
    0.0000   30.0000  -15.000012693.7451   16.6036
    7.5000   30.0000  -15.000012126.2754   16.5769
   -7.5000   37.5000  -15.000011964.4414   16.6399
    0.0000   37.5000  -15.000012573.8848   16.5937
    7.5000   37.5000  -15.000012014.3535   16.5656
   -7.5000   45.0000  -15.000011416.2451   16.2439
    0.0000   45.0000  -15.000012019.5801   16.2006
    7.5000   45.0000  -15.000011493.3271   16.1639
   -7.5000  -45.0000   -7.5000 7447.5347   18.6907
    0.0000  -45.0000   -7.5000 7827.9287   18.6339
    7.5000  -45.0000   -7.5000 7500.5234   18.5821
   -7.5000  -37.5000   -7.5000 8143.0444   18.0447
    0.0000  -37.5000   -7.5000 8552.0576   17.9775
    7.5000  -37.5000   -7.5000 8200.1113   17.9240
   -7.5000  -30.0000   -7.5000 9213.1045   17.5864
    0.0000  -30.0000   -7.5000 9669.4482   17.5121
    7.5000  -30.0000   -7.5000 9279.5244   17.4631
   -7.5000  -22.5000   -7.500010380.4531   17.2635
    0.0000  -22.5000   -7.500010903.1250   17.1972
    7.5000  -22.5000   -7.500010465.4707   17.1589
   -7.5000  -15.0000   -7.500011579.2402   17.0778
    0.0000  -15.0000   -7.500012149.1162   17.0280
    7.5000  -15.0000   -7.500011672.5869   16.9985
   -7.5000   -7.5000   -7.500012795.0957   17.0563
    0.0000   -7.5000   -7.500013404.9014   17.0174
    7.5000   -7.5000   -7.500012908.7744   16.9868
   -7.5000    0.0000   -7.500013999.9717   17.0605
    0.0000    0.0000   -7.500014679.2275   17.0180
    7.5000    0.0000   -7.500014109.3691   16.9793
   -7.5000    7.5000   -7.500014119.4785   17.0800
    0.0000    7.5000   -7.500014788.4160   17.0219
    7.5000    7.5000   -7.500014193.9512   16.9763
   -7.5000   15.0000   -7.500013922.4258   17.0974
    0.0000   15.0000   -7.500014660.2559   17.0272
    7.5000   15.0000   -7.500014012.9902   16.9817
   -7.5000   22.5000   -7.500013562.8545   17.0859
    0.0000   22.5000   -7.500014277.5752   17.0203
    7.5000   22.5000   -7.500013644.0840   16.9829
   -7.5000   30.0000   -7.500013061.3379   16.8507
    0.0000   30.0000   -7.500013723.3066   16.8016
    7.5000   30.0000   -7.500013108.8467   16.7724
   -7.5000   37.5000   -7.500012953.3711   16.8350
    0.0000   37.5000   -7.500013615.0840   16.7967
    7.5000   37.5000   -7.500013013.6611   16.7665
   -7.5000   45.0000   -7.500012360.1963   16.4431
    0.0000   45.0000   -7.500013004.0654   16.4022
    7.5000   45.0000   -7.500012434.7568   16.3649
   -7.5000  -45.0000    0.0000 7879.1455   18.7542
    0.0000  -45.0000    0.0000 8262.3408   18.7100
    7.5000  -45.0000    0.0000 7932.9771   18.6596
   -7.5000  -37.5000    0.0000 8635.7939   18.1003
    0.0000  -37.5000    0.0000 9065.6484   18.0436
    7.5000  -37.5000    0.0000 8725.8623   17.9889
   -7.5000  -30.0000    0.0000 9818.4736   17.6320
    0.0000  -30.0000    0.000010298.2100   17.5677
    7.5000  -30.0000    0.0000 9904.4932   17.5146
   -7.5000  -22.5000    0.000011090.8174   17.3076
    0.0000  -22.5000    0.000011635.2148   17.2524
    7.5000  -22.5000    0.000011179.9023   17.2099
   -7.5000  -15.0000    0.000012380.4775   17.1256
    0.0000  -15.0000    0.000012987.7900   17.0881
    7.5000  -15.0000    0.000012485.4980   17.0569
   -7.5000   -7.5000    0.000013685.3906   17.1052
    0.0000   -7.5000    0.000014356.7168   17.0787
    7.5000   -7.5000    0.000013801.6533   17.0490
   -7.5000    0.0000    0.000014956.0059   17.1118
    0.0000    0.0000    0.000015726.7021   17.0802
    7.5000    0.0000    0.000015073.4453   17.0428
   -7.5000    7.5000    0.000015152.5703   17.1313
    0.0000    7.5000    0.000015929.9014   17.0824
    7.5000    7.5000    0.000015243.7979   17.0355
   -7.5000   15.0000    0.000014977.5527   17.1420
    0.0000   15.0000    0.000015805.3779   17.0811
    7.5000   15.0000    0.000015083.1963   17.0317
   -7.5000   22.5000    0.000014614.8262   17.1294
    0.0000   22.5000    0.000015374.3750   17.0747
    7.5000   22.5000    0.000014685.2109   17.0333
   -7.5000   30.0000    0.000014092.7705   16.8983
    0.0000   30.0000    0.000014785.1221   16.8613
    7.5000   30.0000    0.000014121.1475   16.8305
   -7.5000   37.5000    0.000013997.6904   16.8837
    0.0000   37.5000    0.000014694.5781   16.8576
    7.5000   37.5000    0.000014043.3164   16.8283
   -7.5000   45.0000    0.000013309.4307   16.4938
    0.0000   45.0000    0.000013974.9199   16.4634
    7.5000   45.0000    0.000013397.5566   16.4273
   -7.5000  -45.0000    7.5000 7683.9502   18.7709
    0.0000  -45.0000    7.5000 8092.1309   18.7352
    7.5000  -45.0000    7.5000 7774.9146   18.6868
   -7.5000  -37.5000    7.5000 8467.6426   18.1196
    0.0000  -37.5000    7.5000 8911.7920   18.0745
    7.5000  -37.5000    7.5000 8559.7197   18.0166
   -7.5000  -30.0000    7.5000 9665.7139   17.6556
    0.0000  -30.0000    7.500010147.0625   17.6012
    7.5000  -30.0000    7.5000 9746.5615   17.5420
   -7.5000  -22.5000    7.500010909.1533   17.3296
    0.0000  -22.5000    7.500011447.6660   17.2798
    7.5000  -22.5000    7.500011002.6074   17.2339
   -7.5000  -15.0000    7.500012184.4893   17.1440
    0.0000  -15.0000    7.500012763.1133   17.1084
    7.5000  -15.0000    7.500012290.1680   17.0782
   -7.5000   -7.5000    7.500013478.0010   17.1172
    0.0000   -7.5000    7.500014159.9248   17.0930
    7.5000   -7.5000    7.500013612.3457   17.0664
   -7.5000    0.0000    7.500014781.8643   17.1207
    0.0000    0.0000    7.500015517.8252   17.0951
    7.5000    0.0000    7.500014903.8906   17.0591
   -7.5000    7.5000    7.500015049.4414   17.1483
    0.0000    7.5000    7.500015836.7559   17.1086
    7.5000    7.5000    7.500015146.3818   17.0585
   -7.5000   15.0000    7.500014953.4092   17.1653
    0.0000   15.0000    7.500015797.4209   17.1134
    7.5000   15.0000    7.500015063.3232   17.0581
   -7.5000   22.5000    7.500014589.7285   17.1509
    0.0000   22.5000    7.500015364.3311   17.1017
    7.5000   22.5000    7.500014675.5898   17.0567
   -7.5000   30.0000    7.500014048.7197   16.9164
    0.0000   30.0000    7.500014731.7070   16.8812
    7.5000   30.0000    7.500014083.4355   16.8514
   -7.5000   37.5000    7.500014000.1348   16.8955
    0.0000   37.5000    7.500014689.0410   16.8717
    7.5000   37.5000    7.500014040.6826   16.8454
   -7.5000   45.0000    7.500013359.1260   16.5024
    0.0000   45.0000    7.500014056.7441   16.4777
    7.5000   45.0000    7.500013431.0225   16.4430
   -7.5000  -45.0000   15.0000 7464.1621   18.7654
    0.0000  -45.0000   15.0000 7855.2412   18.7281
    7.5000  -45.0000   15.0000 7557.5391   18.6803
   -7.5000  -37.5000   15.0000 8238.8320   18.1219
    0.0000  -37.5000   15.0000 8649.0527   18.0803
    7.5000  -37.5000   15.0000 8319.2754   18.0207
   -7.5000  -30.0000   15.0000 9393.3213   17.6698
    0.0000  -30.0000   15.0000 9854.7168   17.6177
    7.5000  -30.0000   15.0000 9469.6387   17.5560
   -7.5000  -22.5000   15.000010561.1650   17.3433
    0.0000  -22.5000   15.000011096.7412   17.2899
    7.5000  -22.5000   15.000010665.7490   17.2433
   -7.5000  -15.0000   15.000011771.9355   17.1511
    0.0000  -15.0000   15.000012371.3047   17.1066
    7.5000  -15.0000   15.000011903.7451   17.0779
   -7.5000   -7.5000   15.000013046.6885   17.1173
    0.0000   -7.5000   15.000013737.4639   17.0848
    7.5000   -7.5000   15.000013216.4160   17.0597
   -7.5000    0.0000   15.000014337.3467   17.1154
    0.0000    0.0000   15.000015104.6797   17.0871
    7.5000    0.0000   15.000014491.1436   17.0510
   -7.5000    7.5000   15.000014702.4355   17.1503
    0.0000    7.5000   15.000015563.9482   17.1127
    7.5000    7.5000   15.000014842.1562   17.0611
   -7.5000   15.0000   15.000014799.6758   17.1792
    0.0000   15.0000   15.000015769.8613   17.1291
    7.5000   15.0000   15.000014922.0449   17.0716
   -7.5000   22.5000   15.000014582.9570   17.1644
    0.0000   22.5000   15.000015473.3975   17.1115
    7.5000   22.5000   15.000014630.4131   17.0659
   -7.5000   30.0000   15.000014065.0420   16.9234
    0.0000   30.0000   15.000014818.5908   16.8794
    7.5000   30.0000   15.000014005.1777   16.8510
   -7.5000   37.5000   15.000013990.8545   16.8956
    0.0000   37.5000   15.000014759.7197   16.8636
    7.5000   37.5000   15.000013898.3779   16.8388
   -7.5000   45.0000   15.000013323.1602   16.4973
    0.0000   45.0000   15.000014101.2012   16.4700
    7.5000   45.0000   15.000013275.8438   16.4352
   -7.5000  -45.0000   22.5000 7088.2119   18.7391
    0.0000  -45.0000   22.5000 7481.1997   18.6911
    7.5000  -45.0000   22.5000 7176.2412   18.6423
   -7.5000  -37.5000   22.5000 7861.8652   18.1008
    0.0000  -37.5000   22.5000 8272.7871   18.0499
    7.5000  -37.5000   22.5000 7946.6992   17.9922
   -7.5000  -30.0000   22.5000 8985.9531   17.6565
    0.0000  -30.0000   22.5000 9447.9531   17.5947
    7.5000  -30.0000   22.5000 9099.8076   17.5376
   -7.5000  -22.5000   22.500010157.5420   17.3313
    0.0000  -22.5000   22.500010678.2861   17.2668
    7.5000  -22.5000   22.500010303.5986   17.2240
   -7.5000  -15.0000   22.500011362.4658   17.1363
    0.0000  -15.0000   22.500011936.9492   17.0799
    7.5000  -15.0000   22.500011530.3896   17.0521
   -7.5000   -7.5000   22.500012604.6084   17.1023
    0.0000   -7.5000   22.500013263.8076   17.0590
    7.5000   -7.5000   22.500012774.6289   17.0326
   -7.5000    0.0000   22.500013821.9189   17.0982
    0.0000    0.0000   22.500014601.9121   17.0609
    7.5000    0.0000   22.500014004.3740   17.0237
   -7.5000    7.5000   22.500014202.4482   17.1317
    0.0000    7.5000   22.500015163.1777   17.0860
    7.5000    7.5000   22.500014352.0039   17.0363
   -7.5000   15.0000   22.500014508.6504   17.1658
    0.0000   15.0000   22.500015747.5361   17.1068
    7.5000   15.0000   22.500014601.8887   17.0537
   -7.5000   22.5000   22.500014558.2607   17.1526
    0.0000   22.5000   22.500015855.9160   17.0889
    7.5000   22.5000   22.500014525.6475   17.0471
   -7.5000   30.0000   22.500014138.9648   16.9088
    0.0000   30.0000   22.500015230.3574   16.8530
    7.5000   30.0000   22.500013950.3105   16.8256
   -7.5000   37.5000   22.500013875.7344   16.8809
    0.0000   37.5000   22.500014884.9727   16.8381
    7.5000   37.5000   22.500013699.2422   16.8120
   -7.5000   45.0000   22.500013097.3340   16.4807
    0.0000   45.0000   22.500013987.2490   16.4447
    7.5000   45.0000   22.500012965.6562   16.4089
   -7.5000  -45.0000   30.0000 6644.1348   18.7229
    0.0000  -45.0000   30.0000 6976.9980   18.6637
    7.5000  -45.0000   30.0000 6728.2529   18.6127
   -7.5000  -37.5000   30.0000 7391.2871   18.0831
    0.0000  -37.5000   30.0000 7759.9058   18.0181
    7.5000  -37.5000   30.0000 7486.0581   17.9630
   -7.5000  -30.0000   30.0000 8484.3027   17.6358
    0.0000  -30.0000   30.0000 8916.0459   17.5615
    7.5000  -30.0000   30.0000 8595.8682   17.5108
   -7.5000  -22.5000   30.0000 9616.5381   17.3118
    0.0000  -22.5000   30.000010129.1328   17.2396
    7.5000  -22.5000   30.0000 9747.1113   17.2015
   -7.5000  -15.0000   30.000010783.6846   17.1192
    0.0000  -15.0000   30.000011388.4102   17.0591
    7.5000  -15.0000   30.000010926.8828   17.0317
   -7.5000   -7.5000   30.000011994.5693   17.0910
    0.0000   -7.5000   30.000012756.9150   17.0436
    7.5000   -7.5000   30.000012136.9541   17.0146
   -7.5000    0.0000   30.000013203.0713   17.0900
    0.0000    0.0000   30.000014125.4033   17.0444
    7.5000    0.0000   30.000013346.0693   17.0058
   -7.5000    7.5000   30.000013589.9463   17.1163
    0.0000    7.5000   30.000014607.6123   17.0589
    7.5000    7.5000   30.000013683.4004   17.0120
   -7.5000   15.0000   30.000013875.1016   17.1453
    0.0000   15.0000   30.000015105.3848   17.0749
    7.5000   15.0000   30.000013933.6260   17.0279
   -7.5000   22.5000   30.000013948.5684   17.1335
    0.0000   22.5000   30.000015178.1875   17.0622
    7.5000   22.5000   30.000013908.4131   17.0250
   -7.5000   30.0000   30.000013429.3145   16.8920
    0.0000   30.0000   30.000014457.3623   16.8326
    7.5000   30.0000   30.000013355.1680   16.8055
   -7.5000   37.5000   30.000013197.8379   16.8697
    0.0000   37.5000   30.000014107.8477   16.8229
    7.5000   37.5000   30.000013157.5449   16.7943
   -7.5000   45.0000   30.000012454.1748   16.4728
    0.0000   45.0000   30.000013311.8164   16.4289
    7.5000   45.0000   30.000012432.3301   16.3916
   -7.5000  -45.0000   37.5000 6400.6997   18.7393
    0.0000  -45.0000   37.5000 6754.7251   18.6823
    7.5000  -45.0000   37.5000 6506.5479   18.6304
   -7.5000  -37.5000   37.5000 7164.4072   18.0911
    0.0000  -37.5000   37.5000 7573.6377   18.0238
    7.5000  -37.5000   37.5000 7259.9985   17.9702
   -7.5000  -30.0000   37.5000 8264.2354   17.6313
    0.0000  -30.0000   37.5000 8778.0508   17.5569
    7.5000  -30.0000   37.5000 8361.2705   17.5078
   -7.5000  -22.5000   37.5000 9398.6162   17.3075
    0.0000  -22.5000   37.500010011.6416   17.2410
    7.5000  -22.5000   37.5000 9513.8066   17.2026
   -7.5000  -15.0000   37.500010606.8955   17.1212
    0.0000  -15.0000   37.500011261.7363   17.0713
    7.5000  -15.0000   37.500010705.3086   17.0418
   -7.5000   -7.5000   37.500011833.8174   17.0997
    0.0000   -7.5000   37.500012553.4883   17.0608
    7.5000   -7.5000   37.500011925.2334   17.0301
   -7.5000    0.0000   37.500013031.3066   17.1039
    0.0000    0.0000   37.500013815.7891   17.0614
    7.5000    0.0000   37.500013107.1035   17.0226
   -7.5000    7.5000   37.500013338.1133   17.1235
    0.0000    7.5000   37.500014171.9844   17.0652
    7.5000    7.5000   37.500013392.0986   17.0195
   -7.5000   15.0000   37.500013421.4355   17.1408
    0.0000   15.0000   37.500014383.5059   17.0705
    7.5000   15.0000   37.500013531.0039   17.0249
   -7.5000   22.5000   37.500013239.7012   17.1293
    0.0000   22.5000   37.500014078.9717   17.0636
    7.5000   22.5000   37.500013394.5078   17.0261
   -7.5000   30.0000   37.500012683.1270   16.8940
    0.0000   30.0000   37.500013345.8545   16.8447
    7.5000   30.0000   37.500012825.6084   16.8155
   -7.5000   37.5000   37.500012571.1641   16.8783
    0.0000   37.5000   37.500013226.6621   16.8399
    7.5000   37.5000   37.500012656.4951   16.8096
   -7.5000   45.0000   37.500012029.8223   16.4862
    0.0000   45.0000   37.500012699.6318   16.4452
    7.5000   45.0000   37.500012055.2910   16.4078
   -7.5000  -45.0000   45.0000 5903.1787   18.8724
    0.0000  -45.0000   45.0000 6264.7729   18.8275
    7.5000  -45.0000   45.0000 6018.8960   18.7763
   -7.5000  -37.5000   45.0000 6652.4956   18.2059
    0.0000  -37.5000   45.0000 7058.9722   18.1485
    7.5000  -37.5000   45.0000 6743.9824   18.0932
   -7.5000  -30.0000   45.0000 7711.4990   17.7287
    0.0000  -30.0000   45.0000 8203.3359   17.6637
    7.5000  -30.0000   45.0000 7809.9980   17.6102
   -7.5000  -22.5000   45.0000 8785.4180   17.3984
    0.0000  -22.5000   45.0000 9311.1338   17.3426
    7.5000  -22.5000   45.0000 8884.0586   17.2999
   -7.5000  -15.0000   45.0000 9911.9092   17.2134
    0.0000  -15.0000   45.000010452.2393   17.1756
    7.5000  -15.0000   45.0000 9995.7383   17.1440
   -7.5000   -7.5000   45.000011027.6924   17.1931
    0.0000   -7.5000   45.000011617.0801   17.1663
    7.5000   -7.5000   45.000011123.9785   17.1362
   -7.5000    0.0000   45.000012081.6875   17.2001
    0.0000    0.0000   45.000012738.8975   17.1681
    7.5000    0.0000   45.000012195.0391   17.1302
   -7.5000    7.5000   45.000012300.2158   17.2197
    0.0000    7.5000   45.000012999.7686   17.1703
    7.5000    7.5000   45.000012435.0098   17.1229
   -7.5000   15.0000   45.000012280.7041   17.2302
    0.0000   15.0000   45.000013024.9756   17.1687
    7.5000   15.0000   45.000012476.4238   17.1189
   -7.5000   22.5000   45.000012037.7695   17.2172
    0.0000   22.5000   45.000012676.9697   17.1620
    7.5000   22.5000   45.000012250.9521   17.1202
   -7.5000   30.0000   45.000011609.7568   16.9835
    0.0000   30.0000   45.000012164.9668   16.9461
    7.5000   30.0000   45.000011771.9062   16.9149
   -7.5000   37.5000   45.000011609.8623   16.9690
    0.0000   37.5000   45.000012193.3809   16.9426
    7.5000   37.5000   45.000011712.2227   16.9128
   -7.5000   45.0000   45.000011156.2061   16.5864
    0.0000   45.0000   45.000011741.0234   16.5556
    7.5000   45.0000   45.000011209.2451   16.5191

---------------------------------------------------------------------
imgreg_4dfp /opt/freesurfer/average/711-2C_as_mni_average_305 /opt/freesurfer/average/711-2B_as_mni_average_305_mask talsrcimg_g11 none talsrcimg_to_711-2C_as_mni_average_305_t4 4355
---------------------------------------------------------------------

freesurfer imgreg_4dfp.c
/opt/freesurfer/average/711-2C_as_mni_average_305.4dfp.img
       256       256       256         1
  1.000000  1.000000  1.000000
orientation T byte_order littleendian
Reading image: /opt/freesurfer/average/711-2C_as_mni_average_305.4dfp.img
dimensions:      256       256       256
mmppix:       1.0000   -1.0000   -1.0000
center:     128.0000 -129.0000 -129.0000
/opt/freesurfer/average/711-2B_as_mni_average_305_mask.4dfp.img
       256       256       256         1
  1.000000  1.000000  1.000000
orientation T byte_order littleendian
Reading mask: /opt/freesurfer/average/711-2B_as_mni_average_305_mask.4dfp.img (2306576 pixels)
talsrcimg_g11.4dfp.img
       256       256       256         1
  1.000000  1.000000  1.000000
orientation T byte_order littleendian
Reading image: talsrcimg_g11.4dfp.img
dimensions:      256       256       256
mmppix:       1.0000   -1.0000   -1.0000
center:     128.0000 -129.0000 -129.0000
rotation matrix determinant  1.000000
image alignment mode   4355 decimal     1103 hex
   -7.5000  -37.5000  -45.0000 1845.1750   27.9204
    0.0000  -37.5000  -45.0000 1855.0516   27.5388
    7.5000  -37.5000  -45.0000 1841.3591   27.7213
   -7.5000  -30.0000  -45.0000 1933.1071   25.0660
    0.0000  -30.0000  -45.0000 1943.1034   24.7657
    7.5000  -30.0000  -45.0000 1929.4955   24.8671
   -7.5000  -22.5000  -45.0000 2013.5946   22.7910
    0.0000  -22.5000  -45.0000 2021.5226   22.5250
    7.5000  -22.5000  -45.0000 2012.0847   22.6067
   -7.5000  -15.0000  -45.0000 2077.3513   21.0731
    0.0000  -15.0000  -45.0000 2088.4150   20.8618
    7.5000  -15.0000  -45.0000 2076.5286   20.9326
   -7.5000   -7.5000  -45.0000 2117.6606   19.8466
    0.0000   -7.5000  -45.0000 2135.5542   19.7093
    7.5000   -7.5000  -45.0000 2120.2632   19.7205
   -7.5000    0.0000  -45.0000 2145.3511   19.0800
    0.0000    0.0000  -45.0000 2159.9746   18.9222
    7.5000    0.0000  -45.0000 2146.5371   18.9074
   -7.5000    7.5000  -45.0000 2166.4902   18.4705
    0.0000    7.5000  -45.0000 2183.0005   18.3098
    7.5000    7.5000  -45.0000 2168.2856   18.2988
   -7.5000   15.0000  -45.0000 2184.8555   18.1696
    0.0000   15.0000  -45.0000 2198.8308   18.0112
    7.5000   15.0000  -45.0000 2182.7268   17.9742
   -7.5000   22.5000  -45.0000 2179.5327   18.1457
    0.0000   22.5000  -45.0000 2193.8682   18.0052
    7.5000   22.5000  -45.0000 2175.8962   17.9623
   -7.5000   30.0000  -45.0000 2162.6025   18.3630
    0.0000   30.0000  -45.0000 2178.1716   18.2453
    7.5000   30.0000  -45.0000 2158.8606   18.1693
   -7.5000   37.5000  -45.0000 2135.0095   18.8299
    0.0000   37.5000  -45.0000 2147.3892   18.6914
    7.5000   37.5000  -45.0000 2131.9421   18.5779
   -7.5000   45.0000  -45.0000 2088.3262   19.5851
    0.0000   45.0000  -45.0000 2102.7295   19.3681
    7.5000   45.0000  -45.0000 2085.1589   19.3200
   -7.5000   52.5000  -45.0000 2021.6278   20.6025
    0.0000   52.5000  -45.0000 2030.0245   20.3132
    7.5000   52.5000  -45.0000 2012.1912   20.2636
   -7.5000  -37.5000  -37.5000 1913.4027   26.3395
    0.0000  -37.5000  -37.5000 1923.1632   26.0936
    7.5000  -37.5000  -37.5000 1907.9805   26.1641
   -7.5000  -30.0000  -37.5000 2005.0416   23.5015
    0.0000  -30.0000  -37.5000 2011.2281   23.2932
    7.5000  -30.0000  -37.5000 1999.7120   23.3358
   -7.5000  -22.5000  -37.5000 2086.7407   21.2664
    0.0000  -22.5000  -37.5000 2095.7466   21.1065
    7.5000  -22.5000  -37.5000 2083.3132   21.1376
   -7.5000  -15.0000  -37.5000 2151.4866   19.5811
    0.0000  -15.0000  -37.5000 2166.9768   19.4748
    7.5000  -15.0000  -37.5000 2154.2544   19.4825
   -7.5000   -7.5000  -37.5000 2206.6243   18.4767
    0.0000   -7.5000  -37.5000 2221.6270   18.3693
    7.5000   -7.5000  -37.5000 2208.8552   18.3911
   -7.5000    0.0000  -37.5000 2238.0549   17.6993
    0.0000    0.0000  -37.5000 2254.2068   17.6087
    7.5000    0.0000  -37.5000 2242.6899   17.5985
   -7.5000    7.5000  -37.5000 2264.4377   17.0985
    0.0000    7.5000  -37.5000 2281.1067   17.0371
    7.5000    7.5000  -37.5000 2266.1675   16.9894
   -7.5000   15.0000  -37.5000 2281.4697   16.7706
    0.0000   15.0000  -37.5000 2293.8638   16.6660
    7.5000   15.0000  -37.5000 2281.4333   16.6192
   -7.5000   22.5000  -37.5000 2280.2156   16.6684
    0.0000   22.5000  -37.5000 2297.7241   16.5365
    7.5000   22.5000  -37.5000 2284.7039   16.4851
   -7.5000   30.0000  -37.5000 2275.4792   16.7922
    0.0000   30.0000  -37.5000 2299.5935   16.6486
    7.5000   30.0000  -37.5000 2276.3977   16.5887
   -7.5000   37.5000  -37.5000 2254.3887   17.1778
    0.0000   37.5000  -37.5000 2272.9221   17.0414
    7.5000   37.5000  -37.5000 2250.4944   16.9740
   -7.5000   45.0000  -37.5000 2208.9087   17.8827
    0.0000   45.0000  -37.5000 2227.2974   17.7200
    7.5000   45.0000  -37.5000 2206.0286   17.6200
   -7.5000   52.5000  -37.5000 2135.6157   18.7917
    0.0000   52.5000  -37.5000 2149.5991   18.5777
    7.5000   52.5000  -37.5000 2129.6702   18.4937
   -7.5000  -37.5000  -30.0000 2000.2656   25.8246
    0.0000  -37.5000  -30.0000 2018.1482   25.6528
    7.5000  -37.5000  -30.0000 2007.8756   25.7066
   -7.5000  -30.0000  -30.0000 2093.3672   23.0238
    0.0000  -30.0000  -30.0000 2111.0488   22.8557
    7.5000  -30.0000  -30.0000 2102.1140   22.8285
   -7.5000  -22.5000  -30.0000 2181.3757   20.7539
    0.0000  -22.5000  -30.0000 2204.5308   20.6374
    7.5000  -22.5000  -30.0000 2189.2378   20.5878
   -7.5000  -15.0000  -30.0000 2266.3601   19.0451
    0.0000  -15.0000  -30.0000 2289.4019   18.9259
    7.5000  -15.0000  -30.0000 2273.7058   18.9150
   -7.5000   -7.5000  -30.0000 2338.3452   17.8757
    0.0000   -7.5000  -30.0000 2352.9226   17.7363
    7.5000   -7.5000  -30.0000 2338.6558   17.7780
   -7.5000    0.0000  -30.0000 2380.5308   16.9727
    0.0000    0.0000  -30.0000 2397.6094   16.8579
    7.5000    0.0000  -30.0000 2379.5996   16.8615
   -7.5000    7.5000  -30.0000 2413.2708   16.3566
    0.0000    7.5000  -30.0000 2432.7085   16.2414
    7.5000    7.5000  -30.0000 2410.3811   16.2910
   -7.5000   15.0000  -30.0000 2426.8381   16.0108
    0.0000   15.0000  -30.0000 2444.1626   15.8892
    7.5000   15.0000  -30.0000 2424.0513   15.8883
   -7.5000   22.5000  -30.0000 2433.9514   15.8769
    0.0000   22.5000  -30.0000 2458.6619   15.7260
    7.5000   22.5000  -30.0000 2436.3040   15.7009
   -7.5000   30.0000  -30.0000 2435.3896   15.9959
    0.0000   30.0000  -30.0000 2457.8049   15.7891
    7.5000   30.0000  -30.0000 2435.1887   15.7627
   -7.5000   37.5000  -30.0000 2410.5698   16.3275
    0.0000   37.5000  -30.0000 2433.8191   16.1312
    7.5000   37.5000  -30.0000 2409.8252   16.0917
   -7.5000   45.0000  -30.0000 2366.6348   17.0071
    0.0000   45.0000  -30.0000 2384.9541   16.8235
    7.5000   45.0000  -30.0000 2365.0127   16.7524
   -7.5000   52.5000  -30.0000 2285.7349   17.8461
    0.0000   52.5000  -30.0000 2304.8401   17.6793
    7.5000   52.5000  -30.0000 2283.7720   17.5771
   -7.5000  -37.5000  -22.5000 2064.1609   25.0384
    0.0000  -37.5000  -22.5000 2082.5684   24.7871
    7.5000  -37.5000  -22.5000 2069.8538   24.8053
   -7.5000  -30.0000  -22.5000 2165.2693   22.2386
    0.0000  -30.0000  -22.5000 2187.2251   22.0516
    7.5000  -30.0000  -22.5000 2171.4272   22.0004
   -7.5000  -22.5000  -22.5000 2270.8911   20.0543
    0.0000  -22.5000  -22.5000 2291.8103   19.8643
    7.5000  -22.5000  -22.5000 2276.5457   19.8440
   -7.5000  -15.0000  -22.5000 2369.9539   18.3807
    0.0000  -15.0000  -22.5000 2388.8848   18.1815
    7.5000  -15.0000  -22.5000 2372.7244   18.1843
   -7.5000   -7.5000  -22.5000 2447.4036   17.0935
    0.0000   -7.5000  -22.5000 2469.4146   16.9067
    7.5000   -7.5000  -22.5000 2451.3804   16.9359
   -7.5000    0.0000  -22.5000 2501.5051   16.1604
    0.0000    0.0000  -22.5000 2525.5544   15.9708
    7.5000    0.0000  -22.5000 2504.2734   16.0149
   -7.5000    7.5000  -22.5000 2545.0000   15.5196
    0.0000    7.5000  -22.5000 2566.0842   15.3362
    7.5000    7.5000  -22.5000 2538.5605   15.3994
   -7.5000   15.0000  -22.5000 2557.2603   15.1734
    0.0000   15.0000  -22.5000 2575.8059   14.9799
    7.5000   15.0000  -22.5000 2550.4211   15.0363
   -7.5000   22.5000  -22.5000 2569.0093   15.0205
    0.0000   22.5000  -22.5000 2588.4209   14.8189
    7.5000   22.5000  -22.5000 2564.4404   14.8559
   -7.5000   30.0000  -22.5000 2565.2593   15.0886
    0.0000   30.0000  -22.5000 2585.5627   14.8508
    7.5000   30.0000  -22.5000 2564.1497   14.8626
   -7.5000   37.5000  -22.5000 2537.9412   15.3591
    0.0000   37.5000  -22.5000 2564.4373   15.1677
    7.5000   37.5000  -22.5000 2539.0911   15.1655
   -7.5000   45.0000  -22.5000 2492.3091   15.9226
    0.0000   45.0000  -22.5000 2520.7520   15.7655
    7.5000   45.0000  -22.5000 2497.2405   15.7545
   -7.5000   52.5000  -22.5000 2407.6104   16.6844
    0.0000   52.5000  -22.5000 2434.3054   16.5292
    7.5000   52.5000  -22.5000 2410.1536   16.5088
   -7.5000  -37.5000  -15.0000 2102.3279   24.2343
    0.0000  -37.5000  -15.0000 2119.6743   23.9477
    7.5000  -37.5000  -15.0000 2106.0278   24.0037
   -7.5000  -30.0000  -15.0000 2214.2993   21.5038
    0.0000  -30.0000  -15.0000 2235.1006   21.2174
    7.5000  -30.0000  -15.0000 2220.5283   21.2828
   -7.5000  -22.5000  -15.0000 2332.4277   19.3508
    0.0000  -22.5000  -15.0000 2352.8374   19.0624
    7.5000  -22.5000  -15.0000 2335.2432   19.1150
   -7.5000  -15.0000  -15.0000 2439.9055   17.6247
    0.0000  -15.0000  -15.0000 2460.2605   17.3754
    7.5000  -15.0000  -15.0000 2439.7646   17.4113
   -7.5000   -7.5000  -15.0000 2530.7126   16.2806
    0.0000   -7.5000  -15.0000 2551.3306   16.0380
    7.5000   -7.5000  -15.0000 2532.4436   16.1073
   -7.5000    0.0000  -15.0000 2596.1636   15.3545
    0.0000    0.0000  -15.0000 2616.0720   15.1009
    7.5000    0.0000  -15.0000 2597.4753   15.1502
   -7.5000    7.5000  -15.0000 2633.3489   14.7235
    0.0000    7.5000  -15.0000 2653.4546   14.4866
    7.5000    7.5000  -15.0000 2631.1816   14.5339
   -7.5000   15.0000  -15.0000 2653.1743   14.3346
    0.0000   15.0000  -15.0000 2671.6553   14.1111
    7.5000   15.0000  -15.0000 2650.0847   14.1932
   -7.5000   22.5000  -15.0000 2663.5356   14.1550
    0.0000   22.5000  -15.0000 2682.2463   13.9599
    7.5000   22.5000  -15.0000 2661.3940   14.0191
   -7.5000   30.0000  -15.0000 2660.5598   14.1637
    0.0000   30.0000  -15.0000 2677.9734   13.9565
    7.5000   30.0000  -15.0000 2659.0640   14.0100
   -7.5000   37.5000  -15.0000 2631.3342   14.4000
    0.0000   37.5000  -15.0000 2658.1614   14.1915
    7.5000   37.5000  -15.0000 2638.7981   14.2381
   -7.5000   45.0000  -15.0000 2590.9004   14.9212
    0.0000   45.0000  -15.0000 2622.7126   14.7391
    7.5000   45.0000  -15.0000 2599.3313   14.7648
   -7.5000   52.5000  -15.0000 2507.7737   15.6230
    0.0000   52.5000  -15.0000 2536.2651   15.4401
    7.5000   52.5000  -15.0000 2513.6140   15.4704
   -7.5000  -37.5000   -7.5000 2135.4612   23.6286
    0.0000  -37.5000   -7.5000 2149.8064   23.3410
    7.5000  -37.5000   -7.5000 2142.2876   23.4249
   -7.5000  -30.0000   -7.5000 2254.5088   20.8737
    0.0000  -30.0000   -7.5000 2273.1453   20.5954
    7.5000  -30.0000   -7.5000 2263.8743   20.6924
   -7.5000  -22.5000   -7.5000 2379.2903   18.7178
    0.0000  -22.5000   -7.5000 2399.7788   18.4468
    7.5000  -22.5000   -7.5000 2386.3416   18.5336
   -7.5000  -15.0000   -7.5000 2493.8376   16.9889
    0.0000  -15.0000   -7.5000 2513.4832   16.7269
    7.5000  -15.0000   -7.5000 2497.0012   16.8230
   -7.5000   -7.5000   -7.5000 2586.2385   15.6316
    0.0000   -7.5000   -7.5000 2602.7761   15.3625
    7.5000   -7.5000   -7.5000 2589.4978   15.4361
   -7.5000    0.0000   -7.5000 2657.1670   14.6093
    0.0000    0.0000   -7.5000 2672.6323   14.3705
    7.5000    0.0000   -7.5000 2658.9036   14.3956
   -7.5000    7.5000   -7.5000 2705.2095   13.9680
    0.0000    7.5000   -7.5000 2719.3850   13.7334
    7.5000    7.5000   -7.5000 2703.5808   13.7521
   -7.5000   15.0000   -7.5000 2727.6711   13.5332
    0.0000   15.0000   -7.5000 2749.3997   13.3129
    7.5000   15.0000   -7.5000 2725.9980   13.3425
   -7.5000   22.5000   -7.5000 2739.3423   13.3561
    0.0000   22.5000   -7.5000 2760.6909   13.1404
    7.5000   22.5000   -7.5000 2739.3127   13.1918
   -7.5000   30.0000   -7.5000 2741.1914   13.3381
    0.0000   30.0000   -7.5000 2758.3396   13.1145
    7.5000   30.0000   -7.5000 2738.8296   13.1854
   -7.5000   37.5000   -7.5000 2721.3674   13.5628
    0.0000   37.5000   -7.5000 2744.4753   13.3331
    7.5000   37.5000   -7.5000 2726.9368   13.4084
   -7.5000   45.0000   -7.5000 2681.9241   14.0572
    0.0000   45.0000   -7.5000 2706.0088   13.8360
    7.5000   45.0000   -7.5000 2688.4355   13.8951
   -7.5000   52.5000   -7.5000 2596.7344   14.7059
    0.0000   52.5000   -7.5000 2617.4709   14.4998
    7.5000   52.5000   -7.5000 2599.7229   14.5179
   -7.5000  -37.5000    0.0000 2154.8088   23.3269
    0.0000  -37.5000    0.0000 2171.9565   23.0422
    7.5000  -37.5000    0.0000 2164.2998   23.1598
   -7.5000  -30.0000    0.0000 2278.0085   20.5441
    0.0000  -30.0000    0.0000 2294.6433   20.2357
    7.5000  -30.0000    0.0000 2291.0417   20.4074
   -7.5000  -22.5000    0.0000 2402.4312   18.3970
    0.0000  -22.5000    0.0000 2424.7849   18.1067
    7.5000  -22.5000    0.0000 2418.1553   18.1834
   -7.5000  -15.0000    0.0000 2512.9009   16.6056
    0.0000  -15.0000    0.0000 2537.0334   16.3470
    7.5000  -15.0000    0.0000 2524.1416   16.3834
   -7.5000   -7.5000    0.0000 2609.6743   15.1413
    0.0000   -7.5000    0.0000 2630.8230   14.8919
    7.5000   -7.5000    0.0000 2620.5459   14.9344
   -7.5000    0.0000    0.0000 2687.9478   14.0812
    0.0000    0.0000    0.0000 2708.6499   13.8588
    7.5000    0.0000    0.0000 2695.5103   13.8888
   -7.5000    7.5000    0.0000 2748.7769   13.3981
    0.0000    7.5000    0.0000 2765.0574   13.1697
    7.5000    7.5000    0.0000 2748.2969   13.1708
   -7.5000   15.0000    0.0000 2780.7236   12.9623
    0.0000   15.0000    0.0000 2797.5376   12.7351
    7.5000   15.0000    0.0000 2779.0959   12.7223
   -7.5000   22.5000    0.0000 2802.0647   12.7094
    0.0000   22.5000    0.0000 2818.9502   12.4679
    7.5000   22.5000    0.0000 2796.9600   12.4990
   -7.5000   30.0000    0.0000 2808.6648   12.7091
    0.0000   30.0000    0.0000 2823.6714   12.4365
    7.5000   30.0000    0.0000 2799.0615   12.5144
   -7.5000   37.5000    0.0000 2796.8667   12.9428
    0.0000   37.5000    0.0000 2815.6956   12.6843
    7.5000   37.5000    0.0000 2795.1116   12.7525
   -7.5000   45.0000    0.0000 2752.2847   13.4217
    0.0000   45.0000    0.0000 2772.4163   13.1720
    7.5000   45.0000    0.0000 2760.4768   13.2258
   -7.5000   52.5000    0.0000 2665.0752   14.0253
    0.0000   52.5000    0.0000 2685.7478   13.7923
    7.5000   52.5000    0.0000 2671.8691   13.8420
   -7.5000  -37.5000    7.5000 2147.6211   23.2732
    0.0000  -37.5000    7.5000 2175.6167   22.9785
    7.5000  -37.5000    7.5000 2164.0020   23.0437
   -7.5000  -30.0000    7.5000 2279.8911   20.4942
    0.0000  -30.0000    7.5000 2309.9185   20.1511
    7.5000  -30.0000    7.5000 2293.2109   20.2165
   -7.5000  -22.5000    7.5000 2409.6260   18.2631
    0.0000  -22.5000    7.5000 2437.2263   17.8967
    7.5000  -22.5000    7.5000 2421.4929   17.9783
   -7.5000  -15.0000    7.5000 2522.5081   16.4149
    0.0000  -15.0000    7.5000 2546.3442   16.0686
    7.5000  -15.0000    7.5000 2530.4758   16.1132
   -7.5000   -7.5000    7.5000 2624.0308   14.9268
    0.0000   -7.5000    7.5000 2646.2437   14.6117
    7.5000   -7.5000    7.5000 2633.0449   14.6479
   -7.5000    0.0000    7.5000 2711.0044   13.8363
    0.0000    0.0000    7.5000 2725.5869   13.5629
    7.5000    0.0000    7.5000 2715.4509   13.5650
   -7.5000    7.5000    7.5000 2780.7041   13.0859
    0.0000    7.5000    7.5000 2796.7817   12.8349
    7.5000    7.5000    7.5000 2779.7852   12.8150
   -7.5000   15.0000    7.5000 2821.3594   12.6190
    0.0000   15.0000    7.5000 2832.4177   12.3811
    7.5000   15.0000    7.5000 2817.0088   12.3547
   -7.5000   22.5000    7.5000 2844.8464   12.2974
    0.0000   22.5000    7.5000 2853.5735   12.0404
    7.5000   22.5000    7.5000 2839.8794   12.0810
   -7.5000   30.0000    7.5000 2856.7227   12.2633
    0.0000   30.0000    7.5000 2869.0310   11.9563
    7.5000   30.0000    7.5000 2843.7549   12.0643
   -7.5000   37.5000    7.5000 2857.7185   12.5203
    0.0000   37.5000    7.5000 2868.3953   12.2240
    7.5000   37.5000    7.5000 2846.4585   12.3174
   -7.5000   45.0000    7.5000 2816.6013   12.9703
    0.0000   45.0000    7.5000 2835.0977   12.7067
    7.5000   45.0000    7.5000 2820.2488   12.7848
   -7.5000   52.5000    7.5000 2726.8018   13.5485
    0.0000   52.5000    7.5000 2747.8296   13.2878
    7.5000   52.5000    7.5000 2734.2292   13.3869
   -7.5000  -37.5000   15.0000 2147.2856   23.6516
    0.0000  -37.5000   15.0000 2161.7871   23.1604
    7.5000  -37.5000   15.0000 2155.9131   23.2027
   -7.5000  -30.0000   15.0000 2270.2471   20.6731
    0.0000  -30.0000   15.0000 2287.8970   20.1921
    7.5000  -30.0000   15.0000 2278.0198   20.2185
   -7.5000  -22.5000   15.0000 2387.9814   18.2406
    0.0000  -22.5000   15.0000 2412.2976   17.8043
    7.5000  -22.5000   15.0000 2395.9556   17.8288
   -7.5000  -15.0000   15.0000 2499.0320   16.3174
    0.0000  -15.0000   15.0000 2524.3376   15.9631
    7.5000  -15.0000   15.0000 2508.0872   15.9723
   -7.5000   -7.5000   15.0000 2610.0940   14.8148
    0.0000   -7.5000   15.0000 2634.6379   14.5427
    7.5000   -7.5000   15.0000 2614.5559   14.4993
   -7.5000    0.0000   15.0000 2703.4741   13.6931
    0.0000    0.0000   15.0000 2722.4160   13.4680
    7.5000    0.0000   15.0000 2701.5425   13.4034
   -7.5000    7.5000   15.0000 2784.6936   12.9954
    0.0000    7.5000   15.0000 2805.1450   12.7972
    7.5000    7.5000   15.0000 2780.4424   12.6991
   -7.5000   15.0000   15.0000 2839.6265   12.5828
    0.0000   15.0000   15.0000 2861.6887   12.4170
    7.5000   15.0000   15.0000 2829.8916   12.2681
   -7.5000   22.5000   15.0000 2885.6299   12.3148
    0.0000   22.5000   15.0000 2902.5642   12.0964
    7.5000   22.5000   15.0000 2870.2402   12.0118
   -7.5000   30.0000   15.0000 2899.5488   12.1237
    0.0000   30.0000   15.0000 2912.0459   11.8638
    7.5000   30.0000   15.0000 2878.8413   11.8735
   -7.5000   37.5000   15.0000 2900.0693   12.2754
    0.0000   37.5000   15.0000 2916.1870   12.0338
    7.5000   37.5000   15.0000 2874.3284   12.0519
   -7.5000   45.0000   15.0000 2857.4915   12.6493
    0.0000   45.0000   15.0000 2883.8679   12.4529
    7.5000   45.0000   15.0000 2847.6289   12.4442
   -7.5000   52.5000   15.0000 2767.5303   13.1992
    0.0000   52.5000   15.0000 2800.6479   13.0043
    7.5000   52.5000   15.0000 2764.0173   12.9894
   -7.5000  -37.5000   22.5000 2123.6077   24.2346
    0.0000  -37.5000   22.5000 2142.3118   23.7513
    7.5000  -37.5000   22.5000 2124.2344   23.7516
   -7.5000  -30.0000   22.5000 2244.7524   21.0798
    0.0000  -30.0000   22.5000 2269.0491   20.6402
    7.5000  -30.0000   22.5000 2250.6843   20.6505
   -7.5000  -22.5000   22.5000 2364.0715   18.5031
    0.0000  -22.5000   22.5000 2386.8037   18.0951
    7.5000  -22.5000   22.5000 2372.7109   18.1507
   -7.5000  -15.0000   22.5000 2480.7910   16.4929
    0.0000  -15.0000   22.5000 2498.3169   16.1491
    7.5000  -15.0000   22.5000 2484.1311   16.1891
   -7.5000   -7.5000   22.5000 2590.0693   14.9682
    0.0000   -7.5000   22.5000 2601.7188   14.6671
    7.5000   -7.5000   22.5000 2587.7825   14.6374
   -7.5000    0.0000   22.5000 2685.4700   13.8572
    0.0000    0.0000   22.5000 2696.6895   13.6514
    7.5000    0.0000   22.5000 2680.6328   13.5530
   -7.5000    7.5000   22.5000 2779.7896   13.1614
    0.0000    7.5000   22.5000 2800.7659   13.0362
    7.5000    7.5000   22.5000 2769.4219   12.8569
   -7.5000   15.0000   22.5000 2861.9121   12.7971
    0.0000   15.0000   22.5000 2902.2256   12.7680
    7.5000   15.0000   22.5000 2844.1812   12.4603
   -7.5000   22.5000   22.5000 2927.7285   12.5528
    0.0000   22.5000   22.5000 2976.8835   12.5759
    7.5000   22.5000   22.5000 2903.3022   12.1933
   -7.5000   30.0000   22.5000 2952.2913   12.3445
    0.0000   30.0000   22.5000 2991.6421   12.2249
    7.5000   30.0000   22.5000 2917.1433   11.9966
   -7.5000   37.5000   22.5000 2935.8528   12.2527
    0.0000   37.5000   22.5000 2960.4485   12.1110
    7.5000   37.5000   22.5000 2903.9363   11.9923
   -7.5000   45.0000   22.5000 2884.3247   12.4787
    0.0000   45.0000   22.5000 2909.4270   12.3072
    7.5000   45.0000   22.5000 2868.0625   12.2704
   -7.5000   52.5000   22.5000 2787.9375   12.9647
    0.0000   52.5000   22.5000 2811.5691   12.7489
    7.5000   52.5000   22.5000 2785.5349   12.7693
   -7.5000  -37.5000   30.0000 2086.0276   25.1087
    0.0000  -37.5000   30.0000 2100.6934   24.5546
    7.5000  -37.5000   30.0000 2087.5879   24.6279
   -7.5000  -30.0000   30.0000 2206.5281   21.7852
    0.0000  -30.0000   30.0000 2224.9800   21.3339
    7.5000  -30.0000   30.0000 2214.2781   21.3958
   -7.5000  -22.5000   30.0000 2323.0330   19.1110
    0.0000  -22.5000   30.0000 2344.5337   18.7358
    7.5000  -22.5000   30.0000 2329.7161   18.7657
   -7.5000  -15.0000   30.0000 2441.7610   17.0494
    0.0000  -15.0000   30.0000 2454.2659   16.7570
    7.5000  -15.0000   30.0000 2440.6978   16.7760
   -7.5000   -7.5000   30.0000 2554.4910   15.5508
    0.0000   -7.5000   30.0000 2567.6604   15.3659
    7.5000   -7.5000   30.0000 2545.6855   15.2566
   -7.5000    0.0000   30.0000 2658.1423   14.4016
    0.0000    0.0000   30.0000 2682.7791   14.3334
    7.5000    0.0000   30.0000 2650.6184   14.1489
   -7.5000    7.5000   30.0000 2763.4629   13.5983
    0.0000    7.5000   30.0000 2791.3740   13.5717
    7.5000    7.5000   30.0000 2750.5146   13.3460
   -7.5000   15.0000   30.0000 2858.1118   13.1238
    0.0000   15.0000   30.0000 2896.1245   13.1078
    7.5000   15.0000   30.0000 2840.5679   12.8661
   -7.5000   22.5000   30.0000 2936.1187   12.8131
    0.0000   22.5000   30.0000 2981.7576   12.8032
    7.5000   22.5000   30.0000 2916.3054   12.5449
   -7.5000   30.0000   30.0000 2961.6416   12.4932
    0.0000   30.0000   30.0000 3004.4502   12.3899
    7.5000   30.0000   30.0000 2934.6240   12.2290
   -7.5000   37.5000   30.0000 2948.6763   12.3346
    0.0000   37.5000   30.0000 2971.9946   12.1739
    7.5000   37.5000   30.0000 2920.7393   12.1658
   -7.5000   45.0000   30.0000 2892.7310   12.5503
    0.0000   45.0000   30.0000 2914.4060   12.3802
    7.5000   45.0000   30.0000 2871.2507   12.4627
   -7.5000   52.5000   30.0000 2776.4829   13.0907
    0.0000   52.5000   30.0000 2800.1099   12.9015
    7.5000   52.5000   30.0000 2776.3401   12.9493
   -7.5000  -37.5000   37.5000 2037.3292   26.3768
    0.0000  -37.5000   37.5000 2052.8748   26.0032
    7.5000  -37.5000   37.5000 2037.7361   25.9253
   -7.5000  -30.0000   37.5000 2167.7627   22.9041
    0.0000  -30.0000   37.5000 2195.0752   22.6462
    7.5000  -30.0000   37.5000 2170.2727   22.5502
   -7.5000  -22.5000   37.5000 2281.7578   20.1293
    0.0000  -22.5000   37.5000 2309.7473   19.9309
    7.5000  -22.5000   37.5000 2283.0781   19.8420
   -7.5000  -15.0000   37.5000 2400.8308   17.9854
    0.0000  -15.0000   37.5000 2417.1418   17.7956
    7.5000  -15.0000   37.5000 2394.6360   17.7348
   -7.5000   -7.5000   37.5000 2516.4043   16.3134
    0.0000   -7.5000   37.5000 2529.4387   16.1636
    7.5000   -7.5000   37.5000 2509.1340   16.0715
   -7.5000    0.0000   37.5000 2625.2102   15.0549
    0.0000    0.0000   37.5000 2636.4324   14.8931
    7.5000    0.0000   37.5000 2616.8103   14.8240
   -7.5000    7.5000   37.5000 2734.4558   14.1119
    0.0000    7.5000   37.5000 2744.6995   13.9501
    7.5000    7.5000   37.5000 2724.7505   13.8829
   -7.5000   15.0000   37.5000 2823.2415   13.4573
    0.0000   15.0000   37.5000 2846.9480   13.2976
    7.5000   15.0000   37.5000 2812.6516   13.2240
   -7.5000   22.5000   37.5000 2896.6782   12.9424
    0.0000   22.5000   37.5000 2931.6819   12.7837
    7.5000   22.5000   37.5000 2886.6443   12.7880
   -7.5000   30.0000   37.5000 2918.8699   12.5240
    0.0000   30.0000   37.5000 2948.4556   12.2553
    7.5000   30.0000   37.5000 2905.2830   12.4517
   -7.5000   37.5000   37.5000 2918.1504   12.4294
    0.0000   37.5000   37.5000 2932.0459   12.1726
    7.5000   37.5000   37.5000 2896.6592   12.3729
   -7.5000   45.0000   37.5000 2876.7412   12.7992
    0.0000   45.0000   37.5000 2894.4680   12.5918
    7.5000   45.0000   37.5000 2857.0759   12.7028
   -7.5000   52.5000   37.5000 2762.9893   13.4494
    0.0000   52.5000   37.5000 2783.0359   13.2462
    7.5000   52.5000   37.5000 2764.8105   13.2835
   -7.5000  -37.5000   45.0000 1978.7213   28.1208
    0.0000  -37.5000   45.0000 1997.2545   27.9214
    7.5000  -37.5000   45.0000 1976.9652   27.7744
   -7.5000  -30.0000   45.0000 2119.3274   24.4470
    0.0000  -30.0000   45.0000 2141.8176   24.2269
    7.5000  -30.0000   45.0000 2114.8547   24.0721
   -7.5000  -22.5000   45.0000 2231.3660   21.3254
    0.0000  -22.5000   45.0000 2249.8684   21.0807
    7.5000  -22.5000   45.0000 2230.8003   21.0878
   -7.5000  -15.0000   45.0000 2350.5383   18.9677
    0.0000  -15.0000   45.0000 2362.5371   18.6973
    7.5000  -15.0000   45.0000 2346.2327   18.7254
   -7.5000   -7.5000   45.0000 2468.2820   17.0957
    0.0000   -7.5000   45.0000 2475.7349   16.8132
    7.5000   -7.5000   45.0000 2461.4211   16.8761
   -7.5000    0.0000   45.0000 2572.7441   15.6623
    0.0000    0.0000   45.0000 2578.8816   15.4078
    7.5000    0.0000   45.0000 2569.1155   15.4523
   -7.5000    7.5000   45.0000 2677.5259   14.5806
    0.0000    7.5000   45.0000 2684.3367   14.3468
    7.5000    7.5000   45.0000 2674.9934   14.3902
   -7.5000   15.0000   45.0000 2766.8379   13.7726
    0.0000   15.0000   45.0000 2780.0981   13.5518
    7.5000   15.0000   45.0000 2763.7844   13.6159
   -7.5000   22.5000   45.0000 2834.0168   13.1745
    0.0000   22.5000   45.0000 2857.1570   12.9181
    7.5000   22.5000   45.0000 2830.9617   13.1061
   -7.5000   30.0000   45.0000 2863.2878   12.8225
    0.0000   30.0000   45.0000 2878.5598   12.4992
    7.5000   30.0000   45.0000 2853.7454   12.7813
   -7.5000   37.5000   45.0000 2866.7483   12.8390
    0.0000   37.5000   45.0000 2887.9126   12.5979
    7.5000   37.5000   45.0000 2852.2036   12.7707
   -7.5000   45.0000   45.0000 2837.2471   13.2430
    0.0000   45.0000   45.0000 2857.9302   13.0524
    7.5000   45.0000   45.0000 2817.7490   13.1413
   -7.5000   52.5000   45.0000 2734.8044   13.8919
    0.0000   52.5000   45.0000 2753.1204   13.6585
    7.5000   52.5000   45.0000 2730.3921   13.7093

---------------------------------------------------------------------
imgreg_4dfp /opt/freesurfer/average/711-2C_as_mni_average_305 /opt/freesurfer/average/711-2B_as_mni_average_305_mask talsrcimg_g11 none talsrcimg_to_711-2C_as_mni_average_305_t4 1283
---------------------------------------------------------------------

freesurfer imgreg_4dfp.c
/opt/freesurfer/average/711-2C_as_mni_average_305.4dfp.img
       256       256       256         1
  1.000000  1.000000  1.000000
orientation T byte_order littleendian
Reading image: /opt/freesurfer/average/711-2C_as_mni_average_305.4dfp.img
dimensions:      256       256       256
mmppix:       1.0000   -1.0000   -1.0000
center:     128.0000 -129.0000 -129.0000
/opt/freesurfer/average/711-2B_as_mni_average_305_mask.4dfp.img
       256       256       256         1
  1.000000  1.000000  1.000000
orientation T byte_order littleendian
Reading mask: /opt/freesurfer/average/711-2B_as_mni_average_305_mask.4dfp.img (2306576 pixels)
talsrcimg_g11.4dfp.img
       256       256       256         1
  1.000000  1.000000  1.000000
orientation T byte_order littleendian
Reading image: talsrcimg_g11.4dfp.img
dimensions:      256       256       256
mmppix:       1.0000   -1.0000   -1.0000
center:     128.0000 -129.0000 -129.0000
rotation matrix determinant  1.000000
fimgreg.f
image alignment mode   1283 decimal      503 hex
parameters
    0.0000   30.0000   30.0000    0.0000    0.0000    0.0000
eta,q 0.94293 12.47521
niter,ni,del,rscale     5    3   12.0000    1.2000
parameter  4  1.982167 ->  0.500000 qaram    1.1500
parameters
   -0.6749   29.0653   27.0829   -3.4500    0.7344    0.6284
eta,q 0.95393 12.55878
  0.0638  0.0613  0.0526  0.0437  0.0552  0.0537
  0.0581  0.0564  0.0508  0.0455  0.0505  0.0500
  0.0543  0.0531  0.0509  0.0472  0.0473  0.0472
  0.0532  0.0529  0.0525  0.0505  0.0459  0.0460
  0.0561  0.0568  0.0561  0.0537  0.0463  0.0466
  0.0619  0.0618  0.0625  0.0575  0.0482  0.0484
  0.0701  0.0668  0.0704  0.0615  0.0515  0.0510
niter,ni,del,rscale     5    3   12.0000    1.2000
parameter  4  1.065065 ->  0.500000 qaram    1.3225
parameters
   -0.9947   29.0864   26.7944   -7.4175    1.3669    0.0830
eta,q 0.95781 12.63253
  0.0614  0.0582  0.0554  0.0418  0.0550  0.0469
  0.0526  0.0509  0.0488  0.0420  0.0488  0.0447
  0.0470  0.0465  0.0464  0.0436  0.0441  0.0428
  0.0461  0.0461  0.0461  0.0460  0.0422  0.0422
  0.0480  0.0484  0.0473  0.0486  0.0429  0.0434
  0.0554  0.0522  0.0506  0.0527  0.0454  0.0459
  0.0650  0.0565  0.0569  0.0571  0.0507  0.0490
niter,ni,del,rscale     5    3   12.0000    1.2000
parameters
   -1.3363   30.1292   25.9786  -11.1900    1.7029   -0.5226
eta,q 0.96121 12.70756
  0.0592  0.0578  0.0517  0.0428  0.0508  0.0445
  0.0500  0.0502  0.0437  0.0396  0.0453  0.0412
  0.0436  0.0444  0.0414  0.0395  0.0405  0.0392
  0.0422  0.0421  0.0426  0.0418  0.0389  0.0388
  0.0449  0.0435  0.0454  0.0453  0.0392  0.0404
  0.0530  0.0459  0.0498  0.0490  0.0428  0.0435
  0.0636  0.0491  0.0561  0.0531  0.0490  0.0467
niter,ni,del,rscale     4    3   12.0000    1.2000
parameters
   -1.4886   31.2608   25.5920  -11.6972    1.7722   -0.3124
eta,q 0.96227 12.64574
  0.0598  0.0542  0.0524  0.0474  0.0495  0.0458
  0.0491  0.0476  0.0426  0.0425  0.0436  0.0421
  0.0409  0.0420  0.0380  0.0388  0.0392  0.0391
  0.0388  0.0388  0.0384  0.0380  0.0378  0.0378
  0.0416  0.0388  0.0422  0.0412  0.0388  0.0385
  0.0503  0.0415  0.0471  0.0449  0.0431  0.0413
  0.0623  0.0462  0.0539  0.0487  0.0491  0.0449
niter,ni,del,rscale     3    3   12.0000    1.2000
parameters
   -1.5778   31.4084   25.5624  -11.8340    1.8114   -0.2733
eta,q 0.96236 12.63459
  0.0590  0.0506  0.0543  0.0483  0.0493  0.0454
  0.0488  0.0443  0.0438  0.0433  0.0435  0.0416
  0.0402  0.0395  0.0382  0.0390  0.0391  0.0389
  0.0377  0.0377  0.0377  0.0377  0.0377  0.0376
  0.0404  0.0389  0.0410  0.0405  0.0387  0.0387
  0.0488  0.0435  0.0458  0.0443  0.0431  0.0416
  0.0610  0.0495  0.0524  0.0482  0.0492  0.0451
niter,ni,del,rscale     2    3   12.0000    1.2000
parameters
   -1.6088   31.4499   25.5479  -11.8820    1.8325   -0.2643
eta,q 0.96238 12.63155
  0.0593  0.0503  0.0543  0.0485  0.0492  0.0453
  0.0491  0.0439  0.0438  0.0435  0.0434  0.0415
  0.0404  0.0393  0.0382  0.0390  0.0391  0.0388
  0.0376  0.0376  0.0376  0.0376  0.0376  0.0376
  0.0401  0.0390  0.0409  0.0403  0.0387  0.0387
  0.0484  0.0438  0.0457  0.0442  0.0432  0.0417
  0.0605  0.0500  0.0523  0.0480  0.0492  0.0451
registration optimization eta report
parameter search radius
    6.0000    6.0000    6.0000    7.9350    6.0000    6.0000
100000*second partial in parameter space
       62.       35.       43.       16.       32.       21.
  0.0593  0.0503  0.0543  0.0485  0.0492  0.0453
  0.0491  0.0439  0.0438  0.0435  0.0434  0.0415
  0.0404  0.0393  0.0382  0.0390  0.0391  0.0388
  0.0376  0.0376  0.0376  0.0376  0.0376  0.0376
  0.0401  0.0390  0.0409  0.0403  0.0387  0.0387
  0.0484  0.0438  0.0457  0.0442  0.0432  0.0417
  0.0605  0.0500  0.0523  0.0480  0.0492  0.0451
   -1.6088   31.4499   25.5479  -11.8820    1.8325   -0.2643
eta,q 0.96238 12.63155

---------------------------------------------------------------------
imgreg_4dfp /opt/freesurfer/average/711-2C_as_mni_average_305 /opt/freesurfer/average/711-2B_as_mni_average_305_mask talsrcimg_g11 none talsrcimg_to_711-2C_as_mni_average_305_t4 3335
---------------------------------------------------------------------

freesurfer imgreg_4dfp.c
/opt/freesurfer/average/711-2C_as_mni_average_305.4dfp.img
       256       256       256         1
  1.000000  1.000000  1.000000
orientation T byte_order littleendian
Reading image: /opt/freesurfer/average/711-2C_as_mni_average_305.4dfp.img
dimensions:      256       256       256
mmppix:       1.0000   -1.0000   -1.0000
center:     128.0000 -129.0000 -129.0000
/opt/freesurfer/average/711-2B_as_mni_average_305_mask.4dfp.img
       256       256       256         1
  1.000000  1.000000  1.000000
orientation T byte_order littleendian
Reading mask: /opt/freesurfer/average/711-2B_as_mni_average_305_mask.4dfp.img (2306576 pixels)
talsrcimg_g11.4dfp.img
       256       256       256         1
  1.000000  1.000000  1.000000
orientation T byte_order littleendian
Reading image: talsrcimg_g11.4dfp.img
dimensions:      256       256       256
mmppix:       1.0000   -1.0000   -1.0000
center:     128.0000 -129.0000 -129.0000
fimgreg.f
image alignment mode   3335 decimal      D07 hex
parameters
   -1.6088   31.4499   25.5479   -0.0522   -2.1467   -2.1927
    1.1098   -3.0343   -0.4611   20.6038    3.1978  -20.5791
eta,q 0.96310 12.64757
niter,ni,del,rscale     5    3    5.0000    1.2000
parameter  4  1.090011 ->  0.500000 qaram    1.1500
parameter  5  1.990971 ->  0.500000 qaram    1.1500
parameters
   -1.5424   31.8884   25.3356   -4.1922   -6.2867   -3.1560
    1.8410   -2.9611    1.2144   19.2450    3.2661  -22.1231
eta,q 0.97089 12.43614
  0.0411  0.0402  0.0389  0.0325  0.0276  0.0329  0.0333  0.0352  0.0323  0.0315  0.0302  0.0301
  0.0389  0.0386  0.0376  0.0330  0.0288  0.0312  0.0315  0.0319  0.0310  0.0300  0.0296  0.0294
  0.0374  0.0375  0.0369  0.0344  0.0307  0.0301  0.0302  0.0300  0.0301  0.0293  0.0293  0.0291
  0.0369  0.0369  0.0368  0.0368  0.0333  0.0292  0.0296  0.0295  0.0295  0.0294  0.0292  0.0292
  0.0373  0.0369  0.0373  0.0402  0.0364  0.0294  0.0297  0.0301  0.0294  0.0302  0.0293  0.0297
  0.0385  0.0374  0.0383  0.0443  0.0396  0.0321  0.0305  0.0318  0.0297  0.0317  0.0296  0.0304
  0.0407  0.0384  0.0396  0.0488  0.0428  0.0377  0.0321  0.0349  0.0306  0.0340  0.0302  0.0313
niter,ni,del,rscale     6    3    5.0000    1.2000
parameter  5  0.832648 ->  0.500000 qaram    1.3225
parameters
   -1.2748   32.2127   25.1795   -8.3286  -11.0477   -2.7029
    1.6038   -3.1390    0.5837   19.2430    2.3044  -23.8821
eta,q 0.97395 12.09273
  0.0342  0.0329  0.0305  0.0289  0.0260  0.0304  0.0290  0.0310  0.0280  0.0293  0.0268  0.0269
  0.0317  0.0311  0.0295  0.0283  0.0261  0.0285  0.0274  0.0283  0.0269  0.0276  0.0264  0.0263
  0.0300  0.0297  0.0291  0.0283  0.0268  0.0270  0.0264  0.0267  0.0263  0.0265  0.0262  0.0261
  0.0291  0.0290  0.0290  0.0290  0.0282  0.0263  0.0262  0.0261  0.0261  0.0261  0.0261  0.0261
  0.0292  0.0291  0.0292  0.0309  0.0307  0.0259  0.0266  0.0268  0.0265  0.0265  0.0263  0.0265
  0.0303  0.0299  0.0299  0.0342  0.0340  0.0270  0.0277  0.0287  0.0274  0.0276  0.0268  0.0273
  0.0324  0.0313  0.0309  0.0385  0.0377  0.0301  0.0293  0.0315  0.0287  0.0294  0.0274  0.0283
niter,ni,del,rscale     6    3    5.0000    1.2000
parameters
   -1.1363   32.5516   25.4637   -8.5579  -13.9806   -2.2859
    1.6347   -2.9746    0.3186   19.7067    2.3676  -24.1225
eta,q 0.97458 11.95340
  0.0305  0.0298  0.0281  0.0290  0.0275  0.0297  0.0287  0.0307  0.0277  0.0288  0.0264  0.0268
  0.0282  0.0279  0.0270  0.0274  0.0260  0.0278  0.0269  0.0279  0.0264  0.0271  0.0259  0.0260
  0.0267  0.0266  0.0263  0.0264  0.0255  0.0264  0.0258  0.0261  0.0256  0.0260  0.0255  0.0256
  0.0261  0.0260  0.0260  0.0260  0.0260  0.0256  0.0254  0.0254  0.0254  0.0254  0.0254  0.0254
  0.0263  0.0261  0.0260  0.0261  0.0271  0.0252  0.0259  0.0259  0.0258  0.0256  0.0255  0.0256
  0.0275  0.0268  0.0265  0.0273  0.0296  0.0263  0.0270  0.0276  0.0267  0.0265  0.0258  0.0262
  0.0296  0.0281  0.0272  0.0297  0.0334  0.0296  0.0286  0.0302  0.0280  0.0281  0.0264  0.0271
niter,ni,del,rscale     5    3    5.0000    1.2000
parameters
   -1.1391   32.8028   25.6349   -8.4338  -14.4897   -2.1385
    1.6792   -2.9723    0.2372   19.9388    2.3760  -24.2534
eta,q 0.97471 11.93895
  0.0294  0.0290  0.0273  0.0287  0.0289  0.0294  0.0286  0.0302  0.0277  0.0284  0.0262  0.0267
  0.0272  0.0271  0.0263  0.0270  0.0269  0.0276  0.0268  0.0275  0.0264  0.0268  0.0257  0.0259
  0.0258  0.0259  0.0257  0.0258  0.0256  0.0262  0.0257  0.0259  0.0255  0.0258  0.0254  0.0255
  0.0254  0.0254  0.0254  0.0254  0.0254  0.0253  0.0253  0.0253  0.0253  0.0253  0.0253  0.0253
  0.0259  0.0256  0.0255  0.0254  0.0260  0.0250  0.0257  0.0258  0.0256  0.0256  0.0254  0.0255
  0.0272  0.0264  0.0259  0.0265  0.0272  0.0264  0.0268  0.0276  0.0265  0.0265  0.0257  0.0260
  0.0294  0.0277  0.0268  0.0288  0.0299  0.0300  0.0284  0.0302  0.0278  0.0281  0.0263  0.0269
niter,ni,del,rscale     4    3    5.0000    1.2000
parameters
   -1.1365   32.8908   25.6515   -8.4110  -14.6306   -2.1329
    1.6913   -2.9685    0.2143   20.0432    2.3619  -24.3395
eta,q 0.97471 11.93379
  0.0293  0.0285  0.0270  0.0285  0.0291  0.0293  0.0285  0.0302  0.0277  0.0283  0.0262  0.0267
  0.0271  0.0267  0.0260  0.0268  0.0271  0.0275  0.0268  0.0275  0.0264  0.0267  0.0257  0.0259
  0.0257  0.0257  0.0255  0.0257  0.0257  0.0261  0.0256  0.0259  0.0255  0.0257  0.0254  0.0255
  0.0253  0.0253  0.0253  0.0253  0.0253  0.0253  0.0253  0.0253  0.0253  0.0253  0.0253  0.0253
  0.0257  0.0256  0.0255  0.0254  0.0258  0.0250  0.0257  0.0258  0.0256  0.0256  0.0254  0.0254
  0.0271  0.0266  0.0260  0.0265  0.0270  0.0265  0.0268  0.0275  0.0264  0.0266  0.0257  0.0260
  0.0292  0.0279  0.0269  0.0288  0.0294  0.0302  0.0284  0.0302  0.0277  0.0281  0.0263  0.0268
niter,ni,del,rscale     3    3    5.0000    1.2000
parameters
   -1.1334   32.9200   25.6447   -8.4064  -14.6735   -2.1370
    1.6914   -2.9627    0.2146   20.0873    2.3616  -24.3731
eta,q 0.97471 11.93216
  0.0292  0.0283  0.0269  0.0285  0.0291  0.0293  0.0285  0.0302  0.0277  0.0282  0.0262  0.0268
  0.0271  0.0266  0.0260  0.0268  0.0271  0.0275  0.0268  0.0275  0.0264  0.0266  0.0257  0.0260
  0.0257  0.0256  0.0255  0.0257  0.0257  0.0261  0.0256  0.0259  0.0255  0.0257  0.0254  0.0255
  0.0253  0.0253  0.0253  0.0253  0.0253  0.0253  0.0253  0.0253  0.0253  0.0253  0.0253  0.0253
  0.0257  0.0257  0.0255  0.0254  0.0258  0.0250  0.0257  0.0258  0.0256  0.0256  0.0254  0.0254
  0.0271  0.0266  0.0260  0.0265  0.0269  0.0265  0.0268  0.0275  0.0264  0.0266  0.0257  0.0260
  0.0292  0.0281  0.0270  0.0289  0.0293  0.0303  0.0284  0.0302  0.0277  0.0281  0.0262  0.0268
niter,ni,del,rscale     2    3    5.0000    1.2000
parameters
   -1.1314   32.9320   25.6406   -8.4051  -14.6901   -2.1410
    1.6905   -2.9611    0.2097   20.1099    2.3587  -24.3958
eta,q 0.97471 11.93167
  0.0292  0.0283  0.0269  0.0285  0.0291  0.0293  0.0285  0.0302  0.0277  0.0282  0.0262  0.0268
  0.0271  0.0266  0.0260  0.0268  0.0271  0.0275  0.0268  0.0275  0.0264  0.0266  0.0257  0.0260
  0.0257  0.0256  0.0255  0.0257  0.0257  0.0261  0.0256  0.0259  0.0255  0.0257  0.0254  0.0255
  0.0253  0.0253  0.0253  0.0253  0.0253  0.0253  0.0253  0.0253  0.0253  0.0253  0.0253  0.0253
  0.0257  0.0257  0.0255  0.0254  0.0258  0.0250  0.0257  0.0258  0.0256  0.0256  0.0254  0.0254
  0.0271  0.0267  0.0260  0.0265  0.0269  0.0265  0.0268  0.0275  0.0264  0.0266  0.0257  0.0260
  0.0292  0.0281  0.0269  0.0289  0.0293  0.0303  0.0284  0.0302  0.0277  0.0282  0.0262  0.0268
registration optimization eta report
parameter search radius
    2.4000    2.4000    2.4000    8.2800    9.5220    7.2000
    7.2000    7.2000    7.2000    7.2000    7.2000    7.2000
100000*second partial in parameter space
       68.       50.       29.        5.        4.        9.
        6.        9.        5.        5.        2.        3.
  0.0292  0.0283  0.0269  0.0285  0.0291  0.0293  0.0285  0.0302  0.0277  0.0282  0.0262  0.0268
  0.0271  0.0266  0.0260  0.0268  0.0271  0.0275  0.0268  0.0275  0.0264  0.0266  0.0257  0.0260
  0.0257  0.0256  0.0255  0.0257  0.0257  0.0261  0.0256  0.0259  0.0255  0.0257  0.0254  0.0255
  0.0253  0.0253  0.0253  0.0253  0.0253  0.0253  0.0253  0.0253  0.0253  0.0253  0.0253  0.0253
  0.0257  0.0257  0.0255  0.0254  0.0258  0.0250  0.0257  0.0258  0.0256  0.0256  0.0254  0.0254
  0.0271  0.0267  0.0260  0.0265  0.0269  0.0265  0.0268  0.0275  0.0264  0.0266  0.0257  0.0260
  0.0292  0.0281  0.0269  0.0289  0.0293  0.0303  0.0284  0.0302  0.0277  0.0282  0.0262  0.0268
   -1.1314   32.9320   25.6406   -8.4051  -14.6901   -2.1410
    1.6905   -2.9611    0.2097   20.1099    2.3587  -24.3958
eta,q 0.97471 11.93167

---------------------------------------------------------------------
imgreg_4dfp /opt/freesurfer/average/711-2C_as_mni_average_305 /opt/freesurfer/average/711-2B_as_mni_average_305_mask talsrcimg_g11 none talsrcimg_to_711-2C_as_mni_average_305_t4 2311
---------------------------------------------------------------------

freesurfer imgreg_4dfp.c
/opt/freesurfer/average/711-2C_as_mni_average_305.4dfp.img
       256       256       256         1
  1.000000  1.000000  1.000000
orientation T byte_order littleendian
Reading image: /opt/freesurfer/average/711-2C_as_mni_average_305.4dfp.img
dimensions:      256       256       256
mmppix:       1.0000   -1.0000   -1.0000
center:     128.0000 -129.0000 -129.0000
/opt/freesurfer/average/711-2B_as_mni_average_305_mask.4dfp.img
       256       256       256         1
  1.000000  1.000000  1.000000
orientation T byte_order littleendian
Reading mask: /opt/freesurfer/average/711-2B_as_mni_average_305_mask.4dfp.img (2306576 pixels)
talsrcimg_g11.4dfp.img
       256       256       256         1
  1.000000  1.000000  1.000000
orientation T byte_order littleendian
Reading image: talsrcimg_g11.4dfp.img
dimensions:      256       256       256
mmppix:       1.0000   -1.0000   -1.0000
center:     128.0000 -129.0000 -129.0000
fimgreg.f
image alignment mode   2311 decimal      907 hex
parameters
   -1.1314   32.9320   25.6406   -8.4051  -14.6901   -2.1410
    1.6905   -2.9611    0.2097   20.1099    2.3587  -24.3958
eta,q 0.97471 11.93167
niter,ni,del,rscale     5    3    5.0000    0.8000
parameters
   -1.1343   32.8926   25.6308   -7.8310  -14.7096   -1.3152
    1.6119   -3.0290    0.1781   20.2605    2.1706  -24.3695
eta,q 0.97496 11.99454
  0.0271  0.0266  0.0260  0.0265  0.0263  0.0274  0.0265  0.0273  0.0262  0.0265  0.0254  0.0257
  0.0261  0.0258  0.0256  0.0259  0.0257  0.0265  0.0257  0.0260  0.0255  0.0258  0.0252  0.0253
  0.0255  0.0254  0.0254  0.0255  0.0253  0.0258  0.0252  0.0252  0.0251  0.0253  0.0251  0.0251
  0.0253  0.0253  0.0253  0.0253  0.0253  0.0253  0.0250  0.0250  0.0250  0.0250  0.0250  0.0250
  0.0255  0.0255  0.0254  0.0253  0.0254  0.0250  0.0252  0.0253  0.0252  0.0252  0.0251  0.0251
  0.0261  0.0259  0.0256  0.0255  0.0258  0.0253  0.0258  0.0261  0.0256  0.0256  0.0253  0.0253
  0.0271  0.0267  0.0260  0.0261  0.0262  0.0266  0.0266  0.0274  0.0262  0.0264  0.0255  0.0257
niter,ni,del,rscale     4    3    5.0000    0.7000
parameters
   -1.1056   32.8404   25.7174   -7.7972  -14.8914   -1.1451
    1.5814   -3.0318    0.1807   20.2029    2.1141  -24.2961
eta,q 0.97500 11.99172
  0.0265  0.0260  0.0258  0.0258  0.0258  0.0266  0.0262  0.0268  0.0259  0.0261  0.0253  0.0255
  0.0257  0.0255  0.0254  0.0254  0.0253  0.0260  0.0255  0.0257  0.0254  0.0255  0.0251  0.0252
  0.0252  0.0251  0.0251  0.0252  0.0251  0.0254  0.0251  0.0252  0.0251  0.0251  0.0250  0.0250
  0.0250  0.0250  0.0250  0.0250  0.0250  0.0250  0.0250  0.0250  0.0250  0.0250  0.0250  0.0250
  0.0252  0.0252  0.0251  0.0251  0.0252  0.0249  0.0251  0.0252  0.0251  0.0251  0.0250  0.0250
  0.0256  0.0256  0.0253  0.0253  0.0255  0.0255  0.0255  0.0258  0.0254  0.0255  0.0252  0.0252
  0.0264  0.0261  0.0256  0.0259  0.0259  0.0267  0.0262  0.0267  0.0259  0.0262  0.0253  0.0255
niter,ni,del,rscale     3    3    5.0000    0.6000
parameters
   -1.1056   32.8472   25.7497   -7.6728  -15.0435   -0.9323
    1.5704   -3.0555    0.1719   20.2027    2.0713  -24.3014
eta,q 0.97505 11.99672
  0.0260  0.0258  0.0255  0.0256  0.0256  0.0263  0.0258  0.0262  0.0256  0.0258  0.0252  0.0253
  0.0254  0.0253  0.0252  0.0253  0.0252  0.0257  0.0253  0.0255  0.0252  0.0253  0.0251  0.0251
  0.0251  0.0251  0.0250  0.0251  0.0250  0.0253  0.0251  0.0251  0.0250  0.0251  0.0250  0.0250
  0.0250  0.0250  0.0250  0.0250  0.0250  0.0250  0.0250  0.0250  0.0250  0.0249  0.0249  0.0250
  0.0251  0.0251  0.0250  0.0250  0.0251  0.0249  0.0251  0.0251  0.0250  0.0250  0.0250  0.0250
  0.0254  0.0253  0.0252  0.0252  0.0253  0.0253  0.0254  0.0255  0.0252  0.0253  0.0251  0.0251
  0.0260  0.0257  0.0254  0.0255  0.0256  0.0262  0.0258  0.0263  0.0256  0.0258  0.0252  0.0253
niter,ni,del,rscale     2    3    5.0000    0.5000
parameters
   -1.1027   32.8515   25.7814   -7.5752  -15.1784   -0.7278
    1.5672   -3.0750    0.1730   20.1859    2.0231  -24.3124
eta,q 0.97508 12.00023
  0.0257  0.0255  0.0253  0.0253  0.0253  0.0259  0.0255  0.0258  0.0254  0.0255  0.0251  0.0252
  0.0253  0.0252  0.0251  0.0251  0.0251  0.0255  0.0252  0.0253  0.0251  0.0252  0.0250  0.0250
  0.0250  0.0250  0.0250  0.0250  0.0250  0.0252  0.0250  0.0250  0.0250  0.0250  0.0249  0.0249
  0.0250  0.0250  0.0250  0.0250  0.0249  0.0249  0.0249  0.0249  0.0249  0.0249  0.0249  0.0249
  0.0250  0.0250  0.0250  0.0250  0.0250  0.0249  0.0250  0.0250  0.0250  0.0250  0.0249  0.0249
  0.0253  0.0252  0.0251  0.0251  0.0252  0.0252  0.0252  0.0253  0.0251  0.0252  0.0250  0.0250
  0.0257  0.0255  0.0253  0.0253  0.0254  0.0258  0.0255  0.0258  0.0254  0.0255  0.0251  0.0252
niter,ni,del,rscale     1    3    5.0000    0.4000
parameters
   -1.1031   32.8565   25.8117   -7.4688  -15.3301   -0.5374
    1.5584   -3.1028    0.1854   20.1722    1.9689  -24.3440
eta,q 0.97511 12.00288
  0.0254  0.0253  0.0252  0.0252  0.0252  0.0256  0.0253  0.0255  0.0252  0.0253  0.0250  0.0250
  0.0251  0.0251  0.0250  0.0250  0.0250  0.0253  0.0251  0.0251  0.0250  0.0251  0.0249  0.0250
  0.0250  0.0250  0.0249  0.0250  0.0249  0.0251  0.0249  0.0249  0.0249  0.0249  0.0249  0.0249
  0.0249  0.0249  0.0249  0.0249  0.0249  0.0249  0.0249  0.0249  0.0249  0.0249  0.0249  0.0249
  0.0250  0.0250  0.0249  0.0249  0.0250  0.0249  0.0249  0.0250  0.0249  0.0249  0.0249  0.0249
  0.0251  0.0251  0.0250  0.0250  0.0251  0.0251  0.0251  0.0252  0.0250  0.0251  0.0249  0.0250
  0.0254  0.0253  0.0251  0.0251  0.0252  0.0255  0.0253  0.0255  0.0252  0.0253  0.0250  0.0250
registration optimization eta report
parameter search radius
    0.8000    0.8000    0.8000    2.4000    2.4000    2.4000
    2.4000    2.4000    2.4000    2.4000    2.4000    2.4000
100000*second partial in parameter space
       71.       53.       35.        4.        5.       11.
        7.       10.        5.        7.        2.        3.
  0.0254  0.0253  0.0252  0.0252  0.0252  0.0256  0.0253  0.0255  0.0252  0.0253  0.0250  0.0250
  0.0251  0.0251  0.0250  0.0250  0.0250  0.0253  0.0251  0.0251  0.0250  0.0251  0.0249  0.0250
  0.0250  0.0250  0.0249  0.0250  0.0249  0.0251  0.0249  0.0249  0.0249  0.0249  0.0249  0.0249
  0.0249  0.0249  0.0249  0.0249  0.0249  0.0249  0.0249  0.0249  0.0249  0.0249  0.0249  0.0249
  0.0250  0.0250  0.0249  0.0249  0.0250  0.0249  0.0249  0.0250  0.0249  0.0249  0.0249  0.0249
  0.0251  0.0251  0.0250  0.0250  0.0251  0.0251  0.0251  0.0252  0.0250  0.0251  0.0249  0.0250
  0.0254  0.0253  0.0251  0.0251  0.0252  0.0255  0.0253  0.0255  0.0252  0.0253  0.0250  0.0250
   -1.1031   32.8565   25.8117   -7.4688  -15.3301   -0.5374
    1.5584   -3.1028    0.1854   20.1722    1.9689  -24.3440
eta,q 0.97511 12.00288

---------------------------------------------------------------------
imgreg_4dfp /opt/freesurfer/average/711-2C_as_mni_average_305 /opt/freesurfer/average/711-2B_as_mni_average_305_mask talsrcimg_g11 none talsrcimg_to_711-2C_as_mni_average_305_t4 2311
---------------------------------------------------------------------

freesurfer imgreg_4dfp.c
/opt/freesurfer/average/711-2C_as_mni_average_305.4dfp.img
       256       256       256         1
  1.000000  1.000000  1.000000
orientation T byte_order littleendian
Reading image: /opt/freesurfer/average/711-2C_as_mni_average_305.4dfp.img
dimensions:      256       256       256
mmppix:       1.0000   -1.0000   -1.0000
center:     128.0000 -129.0000 -129.0000
/opt/freesurfer/average/711-2B_as_mni_average_305_mask.4dfp.img
       256       256       256         1
  1.000000  1.000000  1.000000
orientation T byte_order littleendian
Reading mask: /opt/freesurfer/average/711-2B_as_mni_average_305_mask.4dfp.img (2306576 pixels)
talsrcimg_g11.4dfp.img
       256       256       256         1
  1.000000  1.000000  1.000000
orientation T byte_order littleendian
Reading image: talsrcimg_g11.4dfp.img
dimensions:      256       256       256
mmppix:       1.0000   -1.0000   -1.0000
center:     128.0000 -129.0000 -129.0000
fimgreg.f
image alignment mode   2311 decimal      907 hex
parameters
   -1.1031   32.8565   25.8117   -7.4688  -15.3301   -0.5373
    1.5584   -3.1028    0.1854   20.1722    1.9689  -24.3440
eta,q 0.97511 12.00288
niter,ni,del,rscale     5    3    5.0000    0.8000
parameters
   -1.1080   32.8836   25.8954   -7.8912  -15.0547   -1.1424
    1.5903   -2.9977    0.1867   20.1454    2.1116  -24.2307
eta,q 0.97499 11.97507
  0.0267  0.0263  0.0259  0.0258  0.0262  0.0266  0.0266  0.0274  0.0261  0.0264  0.0255  0.0257
  0.0257  0.0255  0.0253  0.0253  0.0254  0.0259  0.0257  0.0261  0.0255  0.0257  0.0252  0.0253
  0.0251  0.0250  0.0250  0.0250  0.0250  0.0253  0.0252  0.0253  0.0251  0.0252  0.0251  0.0251
  0.0249  0.0249  0.0249  0.0249  0.0249  0.0249  0.0250  0.0250  0.0250  0.0250  0.0250  0.0250
  0.0251  0.0250  0.0250  0.0250  0.0250  0.0252  0.0252  0.0252  0.0251  0.0252  0.0250  0.0251
  0.0257  0.0255  0.0252  0.0254  0.0254  0.0263  0.0257  0.0260  0.0255  0.0256  0.0252  0.0253
  0.0267  0.0262  0.0257  0.0263  0.0258  0.0284  0.0265  0.0272  0.0261  0.0265  0.0254  0.0256
niter,ni,del,rscale     4    3    5.0000    0.7000
parameters
   -1.1100   32.8689   25.7777   -7.7602  -14.9745   -1.1003
    1.5772   -3.0315    0.1816   20.1690    2.1073  -24.2828
eta,q 0.97501 11.98899
  0.0264  0.0260  0.0255  0.0258  0.0259  0.0266  0.0262  0.0267  0.0259  0.0261  0.0253  0.0255
  0.0256  0.0254  0.0252  0.0254  0.0253  0.0259  0.0255  0.0257  0.0254  0.0255  0.0251  0.0252
  0.0252  0.0251  0.0250  0.0251  0.0251  0.0254  0.0251  0.0251  0.0251  0.0251  0.0250  0.0250
  0.0250  0.0250  0.0250  0.0250  0.0250  0.0250  0.0250  0.0250  0.0250  0.0250  0.0250  0.0250
  0.0252  0.0251  0.0251  0.0250  0.0251  0.0249  0.0251  0.0252  0.0251  0.0251  0.0250  0.0250
  0.0256  0.0255  0.0254  0.0252  0.0254  0.0255  0.0255  0.0258  0.0254  0.0255  0.0251  0.0252
  0.0264  0.0261  0.0257  0.0258  0.0257  0.0268  0.0262  0.0268  0.0259  0.0261  0.0253  0.0255
niter,ni,del,rscale     3    3    5.0000    0.6000
parameters
   -1.1069   32.8513   25.7649   -7.6670  -15.0625   -0.9254
    1.5706   -3.0533    0.1752   20.2007    2.0754  -24.3111
eta,q 0.97505 11.99612
  0.0260  0.0257  0.0254  0.0255  0.0256  0.0262  0.0258  0.0262  0.0256  0.0258  0.0252  0.0253
  0.0254  0.0253  0.0252  0.0253  0.0252  0.0257  0.0253  0.0255  0.0252  0.0253  0.0250  0.0251
  0.0251  0.0251  0.0250  0.0251  0.0250  0.0253  0.0251  0.0251  0.0250  0.0251  0.0250  0.0250
  0.0250  0.0250  0.0250  0.0250  0.0250  0.0250  0.0250  0.0250  0.0249  0.0249  0.0249  0.0250
  0.0251  0.0251  0.0250  0.0250  0.0251  0.0249  0.0250  0.0251  0.0250  0.0250  0.0250  0.0250
  0.0254  0.0253  0.0252  0.0252  0.0253  0.0253  0.0253  0.0255  0.0252  0.0253  0.0251  0.0251
  0.0260  0.0258  0.0255  0.0255  0.0256  0.0262  0.0258  0.0262  0.0256  0.0258  0.0252  0.0253
niter,ni,del,rscale     2    3    5.0000    0.5000
parameters
   -1.1026   32.8518   25.7842   -7.5665  -15.1874   -0.7232
    1.5670   -3.0796    0.1775   20.1904    2.0173  -24.3314
eta,q 0.97509 12.00054
  0.0257  0.0255  0.0253  0.0253  0.0253  0.0259  0.0255  0.0258  0.0254  0.0255  0.0251  0.0252
  0.0253  0.0252  0.0251  0.0251  0.0251  0.0255  0.0252  0.0253  0.0251  0.0252  0.0250  0.0250
  0.0250  0.0250  0.0250  0.0250  0.0250  0.0252  0.0250  0.0250  0.0249  0.0250  0.0249  0.0249
  0.0250  0.0249  0.0249  0.0250  0.0249  0.0249  0.0249  0.0249  0.0249  0.0249  0.0249  0.0249
  0.0250  0.0250  0.0250  0.0250  0.0250  0.0249  0.0250  0.0250  0.0250  0.0250  0.0249  0.0249
  0.0253  0.0252  0.0251  0.0251  0.0252  0.0252  0.0252  0.0253  0.0251  0.0252  0.0250  0.0250
  0.0257  0.0255  0.0253  0.0253  0.0254  0.0258  0.0255  0.0258  0.0254  0.0255  0.0251  0.0252
niter,ni,del,rscale     1    3    5.0000    0.4000
parameters
   -1.1033   32.8567   25.8113   -7.4570  -15.3310   -0.5391
    1.5603   -3.1025    0.1836   20.1787    1.9689  -24.3468
eta,q 0.97511 12.00349
  0.0254  0.0253  0.0252  0.0252  0.0252  0.0256  0.0253  0.0255  0.0252  0.0253  0.0250  0.0250
  0.0251  0.0251  0.0250  0.0250  0.0250  0.0253  0.0251  0.0251  0.0250  0.0251  0.0249  0.0250
  0.0250  0.0249  0.0249  0.0250  0.0249  0.0251  0.0249  0.0249  0.0249  0.0249  0.0249  0.0249
  0.0249  0.0249  0.0249  0.0249  0.0249  0.0249  0.0249  0.0249  0.0249  0.0249  0.0249  0.0249
  0.0250  0.0250  0.0249  0.0249  0.0250  0.0249  0.0249  0.0250  0.0249  0.0249  0.0249  0.0249
  0.0251  0.0251  0.0250  0.0250  0.0251  0.0251  0.0251  0.0252  0.0250  0.0251  0.0249  0.0250
  0.0254  0.0252  0.0251  0.0251  0.0252  0.0255  0.0253  0.0255  0.0252  0.0253  0.0250  0.0250
registration optimization eta report
parameter search radius
    0.8000    0.8000    0.8000    2.4000    2.4000    2.4000
    2.4000    2.4000    2.4000    2.4000    2.4000    2.4000
100000*second partial in parameter space
       71.       53.       35.        4.        5.       11.
        7.       10.        5.        7.        2.        3.
  0.0254  0.0253  0.0252  0.0252  0.0252  0.0256  0.0253  0.0255  0.0252  0.0253  0.0250  0.0250
  0.0251  0.0251  0.0250  0.0250  0.0250  0.0253  0.0251  0.0251  0.0250  0.0251  0.0249  0.0250
  0.0250  0.0249  0.0249  0.0250  0.0249  0.0251  0.0249  0.0249  0.0249  0.0249  0.0249  0.0249
  0.0249  0.0249  0.0249  0.0249  0.0249  0.0249  0.0249  0.0249  0.0249  0.0249  0.0249  0.0249
  0.0250  0.0250  0.0249  0.0249  0.0250  0.0249  0.0249  0.0250  0.0249  0.0249  0.0249  0.0249
  0.0251  0.0251  0.0250  0.0250  0.0251  0.0251  0.0251  0.0252  0.0250  0.0251  0.0249  0.0250
  0.0254  0.0252  0.0251  0.0251  0.0252  0.0255  0.0253  0.0255  0.0252  0.0253  0.0250  0.0250
   -1.1033   32.8567   25.8113   -7.4570  -15.3310   -0.5391
    1.5603   -3.1025    0.1836   20.1787    1.9689  -24.3468
eta,q 0.97511 12.00349

---------------------------------------------------------------------
compute_vox2vox talsrcimg talsrcimg_to_711-2C_as_mni_average_305_t4 /opt/freesurfer/average/711-2C_as_mni_average_305
---------------------------------------------------------------------

freesurfer compute_vox2vox.c
Reading: talsrcimg.4dfp.ifh
Reading: talsrcimg_to_711-2C_as_mni_average_305_t4
Reading: /opt/freesurfer/average/711-2C_as_mni_average_305.4dfp.ifh
Writing: talsrcimg_to_711-2C_as_mni_average_305_t4_vox2vox.txt

start time Tue Mar 10 22:56:20 CET 2026
end		time Tue Mar 10 22:56:34 CET 2026

mpr2mni305 success

avi2talxfm orig_nu.mgz /opt/freesurfer/average/mni305.cor.mgz talsrcimg_to_711-2C_as_mni_average_305_t4_vox2vox.txt transforms/talairach.auto.xfm
avi2talxfm done
mv -f /out/sourcedata/freesurfer/sub-v2s12x28874_ses-1/mri/talsrcimg_to_711-2C_as_mni_average_305_t4_vox2vox.txt /out/sourcedata/freesurfer/sub-v2s12x28874_ses-1/mri/transforms/talsrcimg_to_711-2C_as_mni_average_305_t4_vox2vox.txt
lta_convert --src orig_nu.mgz --trg /opt/freesurfer/average/mni305.cor.mgz --inxfm transforms/talairach.auto.xfm --outlta transforms/talairach.auto.xfm.lta --subject fsaverage
7.3.2

--src: orig_nu.mgz src image (geometry).
--trg: /opt/freesurfer/average/mni305.cor.mgz trg image (geometry).
--inmni: transforms/talairach.auto.xfm input MNI/XFM transform.
--outlta: transforms/talairach.auto.xfm.lta output LTA.
--s: fsaverage subject name
 LTA read, type : 1
 1.07984   0.03564  -0.00965  -1.09911;
-0.02074   0.94931   0.27336  -29.65477;
 0.00260  -0.22632   1.11594  -13.18729;
 0.00000   0.00000   0.00000   1.00000;
setting subject to fsaverage
Writing  LTA to file transforms/talairach.auto.xfm.lta...
lta_convert successful.
 
 
Started at Tue Mar 10 22:56:19 CET 2026
Ended   at Tue Mar 10 22:56:34 CET 2026
talairach_avi done
