/out/sourcedata/freesurfer/sub-v2s12x28867_ses-1/mri
/opt/freesurfer/bin/talairach_avi
--i orig_nu.mgz --xfm transforms/talairach.auto.xfm
talairach_avi 7.3.2
Linux dna040 5.14.0-427.37.1.el9_4.x86_64 #1 SMP PREEMPT_DYNAMIC Fri Sep 13 12:41:50 EDT 2024 x86_64 x86_64 x86_64 GNU/Linux
Tue Mar 10 22:36:43 CET 2026
mri_convert orig_nu.mgz talsrcimg.img 
reading from orig_nu.mgz...
TR=0.00, TE=0.00, TI=0.00, flip angle=0.00
i_ras = (-1, 0, 0)
j_ras = (0, 0, -1)
k_ras = (0, 1, 0)
writing to talsrcimg.img...
Analyze Output Matrix
-1.00000   0.00000   0.00000   134.65601;
 0.00000   0.00000   1.00000  -128.38800;
 0.00000  -1.00000   0.00000   151.06200;
 0.00000   0.00000   0.00000   1.00000;
--------------------
INFO: set hdr.hist.orient to -1
mpr2mni305 talsrcimg
Tue Mar 10 22:36:43 CET 2026
/opt/freesurfer/bin/mpr2mni305 talsrcimg
mpr2mni305 7.3.2
target=711-2C_as_mni_average_305

---------------------------------------------------------------------
analyzeto4dfp talsrcimg -O0 -y
---------------------------------------------------------------------

freesurfer ifh2hdr.c
Tue Mar 10 22:36:44 2026
Writing: talsrcimg.4dfp.hdr
freesurfer analyzeto4dfp.c
Reading: talsrcimg.hdr
header size 348 bytes
hdr.dime.datatype	offset=70	value=2
hdr.dime.bitpix		offset=72	value=8
hdr.hist.orient		offset=252	value=-1
dimensionality     4
dimensions       256       256       256         1
Reading: talsrcimg.img
Writing: talsrcimg.4dfp.img
Writing: talsrcimg.4dfp.ifh
ifh2hdr talsrcimg -r0to230
ori=2

---------------------------------------------------------------------
gauss_4dfp talsrcimg 1.1
---------------------------------------------------------------------

freesurfer gauss_4dfp.c
Reading: talsrcimg.4dfp.img
Writing: talsrcimg_g11.4dfp.img
image dimensions 256 256 256 padded to 288 288 288
processing volume 1freesurfer ifh2hdr.c
Tue Mar 10 22:36:45 2026
Writing: talsrcimg_g11.4dfp.hdr

Writing: talsrcimg_g11.4dfp.ifh
including: talsrcimg.4dfp.img.rec in talsrcimg_g11.4dfp.img.rec

---------------------------------------------------------------------
imgreg_4dfp /opt/freesurfer/average/711-2C_as_mni_average_305 none talsrcimg_g11 none talsrcimg_to_711-2C_as_mni_average_305_t4 4355
---------------------------------------------------------------------

freesurfer imgreg_4dfp.c
/opt/freesurfer/average/711-2C_as_mni_average_305.4dfp.img
       256       256       256         1
  1.000000  1.000000  1.000000
orientation T byte_order littleendian
Reading image: /opt/freesurfer/average/711-2C_as_mni_average_305.4dfp.img
dimensions:      256       256       256
mmppix:       1.0000   -1.0000   -1.0000
center:     128.0000 -129.0000 -129.0000
talsrcimg_g11.4dfp.img
       256       256       256         1
  1.000000  1.000000  1.000000
orientation T byte_order littleendian
Reading image: talsrcimg_g11.4dfp.img
dimensions:      256       256       256
mmppix:       1.0000   -1.0000   -1.0000
center:     128.0000 -129.0000 -129.0000
t4_read: open error in t4_sub.f l:  41 t4_file(1:l)talsrcimg_to_711-2C_as_mni_average_305_t4 
t4_read: transform initialized to I4
rotation matrix determinant  1.000000
image alignment mode   4355 decimal     1103 hex
   -7.5000  -45.0000  -45.0000 6985.0586   16.3164
    0.0000  -45.0000  -45.0000 7297.5884   16.2861
    7.5000  -45.0000  -45.0000 6996.2383   16.2311
   -7.5000  -37.5000  -45.0000 7457.8525   16.3835
    0.0000  -37.5000  -45.0000 7806.6958   16.3557
    7.5000  -37.5000  -45.0000 7482.3813   16.2989
   -7.5000  -30.0000  -45.0000 8236.5830   16.3999
    0.0000  -30.0000  -45.0000 8637.7383   16.3789
    7.5000  -30.0000  -45.0000 8281.9873   16.3301
   -7.5000  -22.5000  -45.0000 9044.1787   16.3495
    0.0000  -22.5000  -45.0000 9473.4453   16.3325
    7.5000  -22.5000  -45.0000 9072.9912   16.2929
   -7.5000  -15.0000  -45.0000 9794.3223   16.2875
    0.0000  -15.0000  -45.000010276.8154   16.2686
    7.5000  -15.0000  -45.0000 9822.3145   16.2307
   -7.5000   -7.5000  -45.000010462.2070   16.2709
    0.0000   -7.5000  -45.000010983.2305   16.2453
    7.5000   -7.5000  -45.000010487.2852   16.1999
   -7.5000    0.0000  -45.000011064.3926   16.3164
    0.0000    0.0000  -45.000011633.3115   16.2861
    7.5000    0.0000  -45.000011102.7861   16.2311
   -7.5000    7.5000  -45.000010862.8877   16.3835
    0.0000    7.5000  -45.000011394.0986   16.3557
    7.5000    7.5000  -45.000010910.7402   16.2989
   -7.5000   15.0000  -45.000010388.2100   16.3999
    0.0000   15.0000  -45.000010899.4932   16.3789
    7.5000   15.0000  -45.000010451.6270   16.3301
   -7.5000   22.5000  -45.0000 9693.8467   16.3472
    0.0000   22.5000  -45.000010173.4121   16.3302
    7.5000   22.5000  -45.0000 9752.1494   16.2907
   -7.5000   30.0000  -45.0000 9022.9258   16.0705
    0.0000   30.0000  -45.0000 9473.4023   16.0518
    7.5000   30.0000  -45.0000 9076.7568   16.0144
   -7.5000   37.5000  -45.0000 8724.1250   16.0541
    0.0000   37.5000  -45.0000 9155.2715   16.0288
    7.5000   37.5000  -45.0000 8738.2246   15.9840
   -7.5000   45.0000  -45.0000 8087.4204   15.6901
    0.0000   45.0000  -45.0000 8493.3213   15.6610
    7.5000   45.0000  -45.0000 8082.2627   15.6081
   -7.5000  -45.0000  -37.5000 7443.1997   16.1353
    0.0000  -45.0000  -37.5000 7791.4668   16.1115
    7.5000  -45.0000  -37.5000 7452.4194   16.0634
   -7.5000  -37.5000  -37.5000 7956.0107   16.2015
    0.0000  -37.5000  -37.5000 8336.5107   16.1789
    7.5000  -37.5000  -37.5000 7979.8291   16.1300
   -7.5000  -30.0000  -37.5000 8806.7334   16.2193
    0.0000  -30.0000  -37.5000 9238.8867   16.2013
    7.5000  -30.0000  -37.5000 8850.6602   16.1573
   -7.5000  -22.5000  -37.5000 9672.7012   16.1710
    0.0000  -22.5000  -37.500010126.4238   16.1565
    7.5000  -22.5000  -37.5000 9690.5967   16.1180
   -7.5000  -15.0000  -37.500010440.5293   16.1100
    0.0000  -15.0000  -37.500010949.5518   16.0945
    7.5000  -15.0000  -37.500010455.0830   16.0566
   -7.5000   -7.5000  -37.500011125.1494   16.0920
    0.0000   -7.5000  -37.500011666.3135   16.0718
    7.5000   -7.5000  -37.500011138.9922   16.0292
   -7.5000    0.0000  -37.500011742.5771   16.1353
    0.0000    0.0000  -37.500012321.2168   16.1115
    7.5000    0.0000  -37.500011783.1064   16.0634
   -7.5000    7.5000  -37.500011488.7998   16.2015
    0.0000    7.5000  -37.500012057.5234   16.1789
    7.5000    7.5000  -37.500011555.5459   16.1300
   -7.5000   15.0000  -37.500011005.2207   16.2193
    0.0000   15.0000  -37.500011533.2568   16.2013
    7.5000   15.0000  -37.500011044.9111   16.1573
   -7.5000   22.5000  -37.500010295.7129   16.1688
    0.0000   22.5000  -37.500010794.4023   16.1543
    7.5000   22.5000  -37.500010327.7549   16.1158
   -7.5000   30.0000  -37.5000 9590.6299   15.8953
    0.0000   30.0000  -37.500010051.4199   15.8800
    7.5000   30.0000  -37.5000 9612.8408   15.8426
   -7.5000   37.5000  -37.5000 9239.5693   15.8776
    0.0000   37.5000  -37.5000 9696.1377   15.8576
    7.5000   37.5000  -37.5000 9230.5371   15.8156
   -7.5000   45.0000  -37.5000 8532.5771   15.5160
    0.0000   45.0000  -37.5000 8957.8057   15.4932
    7.5000   45.0000  -37.5000 8516.9316   15.4469
   -7.5000  -45.0000  -30.0000 8068.5742   16.6985
    0.0000  -45.0000  -30.0000 8450.0869   16.6862
    7.5000  -45.0000  -30.0000 8092.2891   16.6484
   -7.5000  -37.5000  -30.0000 8670.2676   16.7746
    0.0000  -37.5000  -30.0000 9085.3682   16.7597
    7.5000  -37.5000  -30.0000 8673.8027   16.7167
   -7.5000  -30.0000  -30.0000 9605.6553   16.8053
    0.0000  -30.0000  -30.000010059.3711   16.7888
    7.5000  -30.0000  -30.0000 9586.7412   16.7445
   -7.5000  -22.5000  -30.000010510.1836   16.7592
    0.0000  -22.5000  -30.000011002.1172   16.7437
    7.5000  -22.5000  -30.000010489.8887   16.7039
   -7.5000  -15.0000  -30.000011312.3525   16.6890
    0.0000  -15.0000  -30.000011853.4473   16.6759
    7.5000  -15.0000  -30.000011319.2715   16.6409
   -7.5000   -7.5000  -30.000012051.3789   16.6590
    0.0000   -7.5000  -30.000012664.2090   16.6472
    7.5000   -7.5000  -30.000012088.5850   16.6132
   -7.5000    0.0000  -30.000012724.2695   16.6985
    0.0000    0.0000  -30.000013349.7754   16.6861
    7.5000    0.0000  -30.000012780.7217   16.6484
   -7.5000    7.5000  -30.000012439.1611   16.7746
    0.0000    7.5000  -30.000013040.4854   16.7597
    7.5000    7.5000  -30.000012479.8545   16.7167
   -7.5000   15.0000  -30.000011862.5039   16.8053
    0.0000   15.0000  -30.000012430.9648   16.7888
    7.5000   15.0000  -30.000011881.9170   16.7445
   -7.5000   22.5000  -30.000011095.2080   16.7551
    0.0000   22.5000  -30.000011609.1875   16.7397
    7.5000   22.5000  -30.000011111.9912   16.6999
   -7.5000   30.0000  -30.000010307.5459   16.4682
    0.0000   30.0000  -30.000010807.6436   16.4552
    7.5000   30.0000  -30.000010336.1670   16.4207
   -7.5000   37.5000  -30.0000 9889.0801   16.4385
    0.0000   37.5000  -30.000010381.0439   16.4269
    7.5000   37.5000  -30.0000 9918.1309   16.3934
   -7.5000   45.0000  -30.0000 9120.9023   16.0694
    0.0000   45.0000  -30.0000 9575.5498   16.0575
    7.5000   45.0000  -30.0000 9140.3926   16.0212
   -7.5000  -45.0000  -22.5000 8792.9727   17.2558
    0.0000  -45.0000  -22.5000 9217.7061   17.2482
    7.5000  -45.0000  -22.5000 8813.3008   17.2174
   -7.5000  -37.5000  -22.5000 9458.2412   17.3392
    0.0000  -37.5000  -22.5000 9922.7412   17.3276
    7.5000  -37.5000  -22.5000 9460.2109   17.2867
   -7.5000  -30.0000  -22.500010449.3340   17.3811
    0.0000  -30.0000  -22.500010956.6230   17.3633
    7.5000  -30.0000  -22.500010449.2207   17.3186
   -7.5000  -22.5000  -22.500011417.4375   17.3383
    0.0000  -22.5000  -22.500011980.4443   17.3185
    7.5000  -22.5000  -22.500011424.3018   17.2802
   -7.5000  -15.0000  -22.500012301.0625   17.2618
    0.0000  -15.0000  -22.500012883.6787   17.2459
    7.5000  -15.0000  -22.500012308.7852   17.2167
   -7.5000   -7.5000  -22.500013136.3174   17.2210
    0.0000   -7.5000  -22.500013791.3418   17.2113
    7.5000   -7.5000  -22.500013138.6621   17.1856
   -7.5000    0.0000  -22.500013855.6748   17.2558
    0.0000    0.0000  -22.500014530.8145   17.2482
    7.5000    0.0000  -22.500013864.1865   17.2174
   -7.5000    7.5000  -22.500013500.7900   17.3392
    0.0000    7.5000  -22.500014143.6729   17.3276
    7.5000    7.5000  -22.500013511.9932   17.2867
   -7.5000   15.0000  -22.500012823.5635   17.3811
    0.0000   15.0000  -22.500013408.0449   17.3633
    7.5000   15.0000  -22.500012828.5215   17.3186
   -7.5000   22.5000  -22.500011959.0215   17.3329
    0.0000   22.5000  -22.500012516.4229   17.3132
    7.5000   22.5000  -22.500011997.4111   17.2749
   -7.5000   30.0000  -22.500011102.3945   17.0360
    0.0000   30.0000  -22.500011664.9775   17.0203
    7.5000   30.0000  -22.500011182.4258   16.9915
   -7.5000   37.5000  -22.500010673.1924   16.9957
    0.0000   37.5000  -22.500011203.7861   16.9861
    7.5000   37.5000  -22.500010723.8926   16.9608
   -7.5000   45.0000  -22.5000 9793.0723   16.6181
    0.0000   45.0000  -22.500010280.0215   16.6109
    7.5000   45.0000  -22.5000 9853.1514   16.5812
   -7.5000  -45.0000  -15.0000 9530.3115   17.6489
    0.0000  -45.0000  -15.0000 9995.4043   17.6361
    7.5000  -45.0000  -15.0000 9562.0537   17.6021
   -7.5000  -37.5000  -15.000010245.9316   17.7319
    0.0000  -37.5000  -15.000010745.7529   17.7168
    7.5000  -37.5000  -15.000010279.2070   17.6723
   -7.5000  -30.0000  -15.000011324.9307   17.7745
    0.0000  -30.0000  -15.000011856.9209   17.7548
    7.5000  -30.0000  -15.000011353.5928   17.7096
   -7.5000  -22.5000  -15.000012388.4688   17.7332
    0.0000  -22.5000  -15.000012982.7402   17.7109
    7.5000  -22.5000  -15.000012407.4414   17.6752
   -7.5000  -15.0000  -15.000013333.5137   17.6575
    0.0000  -15.0000  -15.000013945.7949   17.6374
    7.5000  -15.0000  -15.000013347.4316   17.6114
   -7.5000   -7.5000  -15.000014224.8379   17.6157
    0.0000   -7.5000  -15.000014884.8438   17.6007
    7.5000   -7.5000  -15.000014203.8857   17.5756
   -7.5000    0.0000  -15.000014975.7744   17.6489
    0.0000    0.0000  -15.000015711.9736   17.6361
    7.5000    0.0000  -15.000014993.3945   17.6021
   -7.5000    7.5000  -15.000014585.3984   17.7319
    0.0000    7.5000  -15.000015285.4707   17.7168
    7.5000    7.5000  -15.000014594.4590   17.6723
   -7.5000   15.0000  -15.000013842.5244   17.7745
    0.0000   15.0000  -15.000014501.7803   17.7548
    7.5000   15.0000  -15.000013845.6738   17.7096
   -7.5000   22.5000  -15.000012887.4150   17.7269
    0.0000   22.5000  -15.000013507.4492   17.7046
    7.5000   22.5000  -15.000012939.3184   17.6689
   -7.5000   30.0000  -15.000011933.0547   17.4290
    0.0000   30.0000  -15.000012532.2070   17.4092
    7.5000   30.0000  -15.000012035.1064   17.3835
   -7.5000   37.5000  -15.000011446.0908   17.3877
    0.0000   37.5000  -15.000012005.7832   17.3729
    7.5000   37.5000  -15.000011542.5479   17.3481
   -7.5000   45.0000  -15.000010518.9609   17.0070
    0.0000   45.0000  -15.000011015.8867   16.9947
    7.5000   45.0000  -15.000010591.2744   16.9619
   -7.5000  -45.0000   -7.500010308.7607   17.8468
    0.0000  -45.0000   -7.500010814.8184   17.8225
    7.5000  -45.0000   -7.500010351.1553   17.7766
   -7.5000  -37.5000   -7.500011070.7197   17.9238
    0.0000  -37.5000   -7.500011621.1416   17.9011
    7.5000  -37.5000   -7.500011115.6162   17.8490
   -7.5000  -30.0000   -7.500012263.0635   17.9547
    0.0000  -30.0000   -7.500012856.1191   17.9344
    7.5000  -30.0000   -7.500012307.0137   17.8876
   -7.5000  -22.5000   -7.500013446.1279   17.9087
    0.0000  -22.5000   -7.500014106.3438   17.8884
    7.5000  -22.5000   -7.500013481.6719   17.8526
   -7.5000  -15.0000   -7.500014458.3477   17.8385
    0.0000  -15.0000   -7.500015155.4072   17.8169
    7.5000  -15.0000   -7.500014496.6289   17.7869
   -7.5000   -7.5000   -7.500015387.2812   17.8075
    0.0000   -7.5000   -7.500016135.7725   17.7842
    7.5000   -7.5000   -7.500015383.2285   17.7495
   -7.5000    0.0000   -7.500016225.3105   17.8468
    0.0000    0.0000   -7.500016992.7715   17.8225
    7.5000    0.0000   -7.500016199.8574   17.7766
   -7.5000    7.5000   -7.500015796.4111   17.9238
    0.0000    7.5000   -7.500016544.1758   17.9011
    7.5000    7.5000   -7.500015797.4512   17.8490
   -7.5000   15.0000   -7.500014966.1123   17.9547
    0.0000   15.0000   -7.500015673.9570   17.9344
    7.5000   15.0000   -7.500014976.4873   17.8876
   -7.5000   22.5000   -7.500013910.5986   17.9004
    0.0000   22.5000   -7.500014598.3037   17.8802
    7.5000   22.5000   -7.500013965.0674   17.8444
   -7.5000   30.0000   -7.500012888.0107   17.6072
    0.0000   30.0000   -7.500013520.5889   17.5859
    7.5000   30.0000   -7.500012973.7412   17.5563
   -7.5000   37.5000   -7.500012327.5996   17.5766
    0.0000   37.5000   -7.500012917.3809   17.5536
    7.5000   37.5000   -7.500012427.4355   17.5193
   -7.5000   45.0000   -7.500011302.3564   17.2009
    0.0000   45.0000   -7.500011850.6826   17.1775
    7.5000   45.0000   -7.500011407.1445   17.1333
   -7.5000  -45.0000    0.000011021.0146   17.8960
    0.0000  -45.0000    0.000011550.0605   17.8647
    7.5000  -45.0000    0.000011042.7783   17.8090
   -7.5000  -37.5000    0.000011831.8418   17.9678
    0.0000  -37.5000    0.000012385.1768   17.9398
    7.5000  -37.5000    0.000011864.2412   17.8824
   -7.5000  -30.0000    0.000013121.2568   17.9867
    0.0000  -30.0000    0.000013749.4043   17.9658
    7.5000  -30.0000    0.000013149.9219   17.9171
   -7.5000  -22.5000    0.000014455.7578   17.9345
    0.0000  -22.5000    0.000015139.8887   17.9171
    7.5000  -22.5000    0.000014452.6279   17.8780
   -7.5000  -15.0000    0.000015590.6318   17.8686
    0.0000  -15.0000    0.000016344.7529   17.8485
    7.5000  -15.0000    0.000015600.8311   17.8109
   -7.5000   -7.5000    0.000016573.4590   17.8491
    0.0000   -7.5000    0.000017403.3906   17.8221
    7.5000   -7.5000    0.000016578.9883   17.7764
   -7.5000    0.0000    0.000017470.1680   17.8960
    0.0000    0.0000    0.000018312.6504   17.8647
    7.5000    0.0000    0.000017426.9902   17.8090
   -7.5000    7.5000    0.000016978.2637   17.9678
    0.0000    7.5000    0.000017779.5938   17.9398
    7.5000    7.5000    0.000016964.1152   17.8824
   -7.5000   15.0000    0.000016066.0918   17.9867
    0.0000   15.0000    0.000016852.4668   17.9658
    7.5000   15.0000    0.000016066.2041   17.9171
   -7.5000   22.5000    0.000014948.4043   17.9262
    0.0000   22.5000    0.000015671.4346   17.9089
    7.5000   22.5000    0.000014979.0684   17.8697
   -7.5000   30.0000    0.000013804.0508   17.6374
    0.0000   30.0000    0.000014483.1914   17.6175
    7.5000   30.0000    0.000013884.1758   17.5804
   -7.5000   37.5000    0.000013204.0010   17.6181
    0.0000   37.5000    0.000013842.7959   17.5915
    7.5000   37.5000    0.000013278.3242   17.5464
   -7.5000   45.0000    0.000012089.8262   17.2497
    0.0000   45.0000    0.000012709.2148   17.2195
    7.5000   45.0000    0.000012189.9268   17.1658
   -7.5000  -45.0000    7.500010909.6660   17.9194
    0.0000  -45.0000    7.500011398.3955   17.8941
    7.5000  -45.0000    7.500010876.7061   17.8414
   -7.5000  -37.5000    7.500011690.5928   17.9931
    0.0000  -37.5000    7.500012224.6025   17.9687
    7.5000  -37.5000    7.500011677.2197   17.9147
   -7.5000  -30.0000    7.500012936.1719   18.0138
    0.0000  -30.0000    7.500013560.0859   17.9940
    7.5000  -30.0000    7.500012917.9229   17.9451
   -7.5000  -22.5000    7.500014293.9375   17.9607
    0.0000  -22.5000    7.500014960.1406   17.9449
    7.5000  -22.5000    7.500014212.8389   17.9024
   -7.5000  -15.0000    7.500015556.4502   17.8927
    0.0000  -15.0000    7.500016320.7100   17.8762
    7.5000  -15.0000    7.500015463.0537   17.8350
   -7.5000   -7.5000    7.500016692.9707   17.8720
    0.0000   -7.5000    7.500017576.0254   17.8506
    7.5000   -7.5000    7.500016580.7734   17.8044
   -7.5000    0.0000    7.500017533.5078   17.9194
    0.0000    0.0000    7.500018476.8848   17.8941
    7.5000    0.0000    7.500017386.7129   17.8414
   -7.5000    7.5000    7.500016951.2578   17.9931
    0.0000    7.5000    7.500017830.5586   17.9687
    7.5000    7.5000    7.500016837.2363   17.9147
   -7.5000   15.0000    7.500016027.9062   18.0138
    0.0000   15.0000    7.500016837.4707   17.9940
    7.5000   15.0000    7.500015913.6230   17.9451
   -7.5000   22.5000    7.500014911.8672   17.9524
    0.0000   22.5000    7.500015655.4014   17.9367
    7.5000   22.5000    7.500014814.1953   17.8942
   -7.5000   30.0000    7.500013810.5547   17.6611
    0.0000   30.0000    7.500014497.8770   17.6449
    7.5000   30.0000    7.500013738.8379   17.6042
   -7.5000   37.5000    7.500013178.6201   17.6407
    0.0000   37.5000    7.500013821.5967   17.6195
    7.5000   37.5000    7.500013107.2295   17.5740
   -7.5000   45.0000    7.500012087.1230   17.2723
    0.0000   45.0000    7.500012685.4170   17.2478
    7.5000   45.0000    7.500012033.0010   17.1971
   -7.5000  -45.0000   15.000010576.5479   17.9279
    0.0000  -45.0000   15.000011063.8145   17.9146
    7.5000  -45.0000   15.000010561.1865   17.8741
   -7.5000  -37.5000   15.000011320.3457   18.0094
    0.0000  -37.5000   15.000011853.9756   17.9935
    7.5000  -37.5000   15.000011348.2559   17.9473
   -7.5000  -30.0000   15.000012541.8066   18.0424
    0.0000  -30.0000   15.000013143.1104   18.0247
    7.5000  -30.0000   15.000012550.7373   17.9772
   -7.5000  -22.5000   15.000013854.8975   17.9929
    0.0000  -22.5000   15.000014503.5479   17.9764
    7.5000  -22.5000   15.000013837.7080   17.9336
   -7.5000  -15.0000   15.000015199.3008   17.9177
    0.0000  -15.0000   15.000016067.8369   17.9036
    7.5000  -15.0000   15.000015193.8408   17.8661
   -7.5000   -7.5000   15.000016636.3340   17.8855
    0.0000   -7.5000   15.000017747.4648   17.8729
    7.5000   -7.5000   15.000016450.9414   17.8364
   -7.5000    0.0000   15.000017660.6875   17.9279
    0.0000    0.0000   15.000018820.0332   17.9146
    7.5000    0.0000   15.000017287.4453   17.8741
   -7.5000    7.5000   15.000017033.3320   18.0094
    0.0000    7.5000   15.000018001.6152   17.9935
    7.5000    7.5000   15.000016608.9023   17.9473
   -7.5000   15.0000   15.000016025.5957   18.0424
    0.0000   15.0000   15.000016802.1289   18.0247
    7.5000   15.0000   15.000015582.2197   17.9772
   -7.5000   22.5000   15.000014834.2617   17.9846
    0.0000   22.5000   15.000015523.4326   17.9681
    7.5000   22.5000   15.000014460.6650   17.9253
   -7.5000   30.0000   15.000013684.8018   17.6858
    0.0000   30.0000   15.000014316.3945   17.6719
    7.5000   30.0000   15.000013386.0215   17.6348
   -7.5000   37.5000   15.000013017.1016   17.6540
    0.0000   37.5000   15.000013634.6455   17.6415
    7.5000   37.5000   15.000012793.6357   17.6055
   -7.5000   45.0000   15.000011882.1465   17.2804
    0.0000   45.0000   15.000012463.9629   17.2676
    7.5000   45.0000   15.000011718.1279   17.2286
   -7.5000  -45.0000   22.500010176.5166   17.9131
    0.0000  -45.0000   22.500010670.4971   17.9052
    7.5000  -45.0000   22.500010237.3174   17.8732
   -7.5000  -37.5000   22.500010888.4922   17.9997
    0.0000  -37.5000   22.500011436.1943   17.9876
    7.5000  -37.5000   22.500010988.5723   17.9451
   -7.5000  -30.0000   22.500012067.9268   18.0432
    0.0000  -30.0000   22.500012675.7080   18.0247
    7.5000  -30.0000   22.500012133.7188   17.9783
   -7.5000  -22.5000   22.500013413.8418   17.9987
    0.0000  -22.5000   22.500014098.3652   17.9782
    7.5000  -22.5000   22.500013403.0107   17.9384
   -7.5000  -15.0000   22.500014799.1123   17.9193
    0.0000  -15.0000   22.500015655.3770   17.9028
    7.5000  -15.0000   22.500014692.1396   17.8725
   -7.5000   -7.5000   22.500016179.0850   17.8769
    0.0000   -7.5000   22.500017125.5938   17.8669
    7.5000   -7.5000   22.500015788.9619   17.8402
   -7.5000    0.0000   22.500017343.1250   17.9130
    0.0000    0.0000   22.500018215.1211   17.9052
    7.5000    0.0000   22.500016570.9961   17.8732
   -7.5000    7.5000   22.500016805.6641   17.9997
    0.0000    7.5000   22.500017615.7070   17.9876
    7.5000    7.5000   22.500015952.1289   17.9451
   -7.5000   15.0000   22.500015670.6572   18.0432
    0.0000   15.0000   22.500016369.8633   18.0247
    7.5000   15.0000   22.500014957.5059   17.9783
   -7.5000   22.5000   22.500014331.3691   17.9904
    0.0000   22.5000   22.500014978.1992   17.9699
    7.5000   22.5000   22.500013845.4570   17.9302
   -7.5000   30.0000   22.500013098.4395   17.6874
    0.0000   30.0000   22.500013730.6133   17.6711
    7.5000   30.0000   22.500012792.3105   17.6412
   -7.5000   37.5000   22.500012475.3994   17.6456
    0.0000   37.5000   22.500013145.3438   17.6356
    7.5000   37.5000   22.500012294.1670   17.6093
   -7.5000   45.0000   22.500011424.3691   17.2661
    0.0000   45.0000   22.500012037.5098   17.2586
    7.5000   45.0000   22.500011296.0781   17.2277
   -7.5000  -45.0000   30.0000 9617.5078   17.8948
    0.0000  -45.0000   30.000010105.3516   17.8819
    7.5000  -45.0000   30.0000 9672.7920   17.8473
   -7.5000  -37.5000   30.000010337.6172   17.9790
    0.0000  -37.5000   30.000010871.0557   17.9637
    7.5000  -37.5000   30.000010387.9902   17.9185
   -7.5000  -30.0000   30.000011525.2988   18.0222
    0.0000  -30.0000   30.000012096.1787   18.0023
    7.5000  -30.0000   30.000011519.6387   17.9564
   -7.5000  -22.5000   30.000012813.9707   17.9803
    0.0000  -22.5000   30.000013449.8047   17.9577
    7.5000  -22.5000   30.000012712.6973   17.9215
   -7.5000  -15.0000   30.000013998.0605   17.9035
    0.0000  -15.0000   30.000014713.2002   17.8832
    7.5000  -15.0000   30.000013831.5615   17.8569
   -7.5000   -7.5000   30.000015065.7510   17.8611
    0.0000   -7.5000   30.000015793.4971   17.8460
    7.5000   -7.5000   30.000014798.4346   17.8205
   -7.5000    0.0000   30.000016006.7354   17.8948
    0.0000    0.0000   30.000016704.3066   17.8819
    7.5000    0.0000   30.000015605.9902   17.8473
   -7.5000    7.5000   30.000015525.7568   17.9790
    0.0000    7.5000   30.000016235.8271   17.9637
    7.5000    7.5000   30.000015124.5654   17.9185
   -7.5000   15.0000   30.000014567.2930   18.0222
    0.0000   15.0000   30.000015252.1611   18.0023
    7.5000   15.0000   30.000014235.6768   17.9564
   -7.5000   22.5000   30.000013398.9482   17.9720
    0.0000   22.5000   30.000014066.1572   17.9494
    7.5000   22.5000   30.000013184.9561   17.9133
   -7.5000   30.0000   30.000012305.4824   17.6718
    0.0000   30.0000   30.000012926.0098   17.6518
    7.5000   30.0000   30.000012158.9453   17.6258
   -7.5000   37.5000   30.000011777.2080   17.6300
    0.0000   37.5000   30.000012407.3369   17.6150
    7.5000   37.5000   30.000011691.7080   17.5899
   -7.5000   45.0000   30.000010802.1855   17.2485
    0.0000   45.0000   30.000011380.1797   17.2361
    7.5000   45.0000   30.000010724.8506   17.2028
   -7.5000  -45.0000   37.5000 9332.9424   17.8959
    0.0000  -45.0000   37.5000 9787.9717   17.8714
    7.5000  -45.0000   37.5000 9347.3535   17.8253
   -7.5000  -37.5000   37.500010020.1064   17.9731
    0.0000  -37.5000   37.500010515.5205   17.9502
    7.5000  -37.5000   37.500010058.6533   17.8978
   -7.5000  -30.0000   37.500011104.4658   18.0042
    0.0000  -30.0000   37.500011654.3213   17.9837
    7.5000  -30.0000   37.500011168.6680   17.9367
   -7.5000  -22.5000   37.500012247.6777   17.9580
    0.0000  -22.5000   37.500012858.5977   17.9376
    7.5000  -22.5000   37.500012297.0371   17.9016
   -7.5000  -15.0000   37.500013281.9111   17.8876
    0.0000  -15.0000   37.500013955.6133   17.8659
    7.5000  -15.0000   37.500013335.6162   17.8357
   -7.5000   -7.5000   37.500014230.8867   17.8565
    0.0000   -7.5000   37.500014876.4199   17.8330
    7.5000   -7.5000   37.500014225.1572   17.7981
   -7.5000    0.0000   37.500015088.4111   17.8959
    0.0000    0.0000   37.500015745.4854   17.8714
    7.5000    0.0000   37.500015068.9717   17.8253
   -7.5000    7.5000   37.500014658.5303   17.9731
    0.0000    7.5000   37.500015340.3506   17.9502
    7.5000    7.5000   37.500014638.5967   17.8978
   -7.5000   15.0000   37.500013837.0791   18.0042
    0.0000   15.0000   37.500014457.9062   17.9837
    7.5000   15.0000   37.500013795.9414   17.9367
   -7.5000   22.5000   37.500012829.4365   17.9497
    0.0000   22.5000   37.500013430.1562   17.9294
    7.5000   22.5000   37.500012826.4346   17.8934
   -7.5000   30.0000   37.500011842.8896   17.6561
    0.0000   30.0000   37.500012402.9814   17.6347
    7.5000   30.0000   37.500011843.4170   17.6049
   -7.5000   37.5000   37.500011373.6475   17.6254
    0.0000   37.5000   37.500011918.1855   17.6023
    7.5000   37.5000   37.500011367.2148   17.5678
   -7.5000   45.0000   37.500010411.5029   17.2496
    0.0000   45.0000   37.500010904.3965   17.2260
    7.5000   45.0000   37.500010390.3926   17.1815
   -7.5000  -45.0000   45.0000 8568.5400   18.0459
    0.0000  -45.0000   45.0000 8994.8984   18.0131
    7.5000  -45.0000   45.0000 8650.3760   17.9560
   -7.5000  -37.5000   45.0000 9189.2666   18.1194
    0.0000  -37.5000   45.0000 9646.2959   18.0899
    7.5000  -37.5000   45.0000 9308.3975   18.0312
   -7.5000  -30.0000   45.000010163.6270   18.1392
    0.0000  -30.0000   45.000010703.4258   18.1173
    7.5000  -30.0000   45.000010324.5625   18.0677
   -7.5000  -22.5000   45.000011214.8828   18.0863
    0.0000  -22.5000   45.000011807.2061   18.0682
    7.5000  -22.5000   45.000011370.3818   18.0284
   -7.5000  -15.0000   45.000012147.7295   18.0189
    0.0000  -15.0000   45.000012770.6748   17.9981
    7.5000  -15.0000   45.000012259.3135   17.9597
   -7.5000   -7.5000   45.000013007.4922   17.9984
    0.0000   -7.5000   45.000013605.3340   17.9703
    7.5000   -7.5000   45.000013067.6807   17.9235
   -7.5000    0.0000   45.000013792.9863   18.0458
    0.0000    0.0000   45.000014384.7227   18.0131
    7.5000    0.0000   45.000013846.7373   17.9560
   -7.5000    7.5000   45.000013373.2617   18.1194
    0.0000    7.5000   45.000013969.8457   18.0899
    7.5000    7.5000   45.000013424.7109   18.0312
   -7.5000   15.0000   45.000012647.2207   18.1392
    0.0000   15.0000   45.000013207.0361   18.1173
    7.5000   15.0000   45.000012667.7861   18.0677
   -7.5000   22.5000   45.000011805.1143   18.0779
    0.0000   22.5000   45.000012315.4258   18.0598
    7.5000   22.5000   45.000011807.9834   18.0200
   -7.5000   30.0000   45.000010943.1592   17.7841
    0.0000   30.0000   45.000011421.0762   17.7636
    7.5000   30.0000   45.000010956.4404   17.7257
   -7.5000   37.5000   45.000010515.5674   17.7639
    0.0000   37.5000   45.000010977.3369   17.7362
    7.5000   37.5000   45.000010499.4424   17.6900
   -7.5000   45.0000   45.0000 9600.0674   17.4020
    0.0000   45.0000   45.000010033.5947   17.3704
    7.5000   45.0000   45.0000 9580.8018   17.3153

---------------------------------------------------------------------
imgreg_4dfp /opt/freesurfer/average/711-2C_as_mni_average_305 /opt/freesurfer/average/711-2B_as_mni_average_305_mask talsrcimg_g11 none talsrcimg_to_711-2C_as_mni_average_305_t4 4355
---------------------------------------------------------------------

freesurfer imgreg_4dfp.c
/opt/freesurfer/average/711-2C_as_mni_average_305.4dfp.img
       256       256       256         1
  1.000000  1.000000  1.000000
orientation T byte_order littleendian
Reading image: /opt/freesurfer/average/711-2C_as_mni_average_305.4dfp.img
dimensions:      256       256       256
mmppix:       1.0000   -1.0000   -1.0000
center:     128.0000 -129.0000 -129.0000
/opt/freesurfer/average/711-2B_as_mni_average_305_mask.4dfp.img
       256       256       256         1
  1.000000  1.000000  1.000000
orientation T byte_order littleendian
Reading mask: /opt/freesurfer/average/711-2B_as_mni_average_305_mask.4dfp.img (2306576 pixels)
talsrcimg_g11.4dfp.img
       256       256       256         1
  1.000000  1.000000  1.000000
orientation T byte_order littleendian
Reading image: talsrcimg_g11.4dfp.img
dimensions:      256       256       256
mmppix:       1.0000   -1.0000   -1.0000
center:     128.0000 -129.0000 -129.0000
rotation matrix determinant  1.000000
image alignment mode   4355 decimal     1103 hex
   -7.5000  -45.0000  -30.0000 2209.7122   21.1979
    0.0000  -45.0000  -30.0000 2216.0493   21.0569
    7.5000  -45.0000  -30.0000 2199.7437   21.0732
   -7.5000  -37.5000  -30.0000 2294.4221   19.5522
    0.0000  -37.5000  -30.0000 2302.8137   19.4194
    7.5000  -37.5000  -30.0000 2282.8423   19.3933
   -7.5000  -30.0000  -30.0000 2368.0928   18.0443
    0.0000  -30.0000  -30.0000 2376.3298   17.9617
    7.5000  -30.0000  -30.0000 2355.8145   17.9485
   -7.5000  -22.5000  -30.0000 2430.8499   16.9334
    0.0000  -22.5000  -30.0000 2434.9050   16.8217
    7.5000  -22.5000  -30.0000 2415.4136   16.8807
   -7.5000  -15.0000  -30.0000 2462.6648   16.2332
    0.0000  -15.0000  -30.0000 2472.7788   16.1376
    7.5000  -15.0000  -30.0000 2451.6299   16.1960
   -7.5000   -7.5000  -30.0000 2472.2014   15.8643
    0.0000   -7.5000  -30.0000 2487.2671   15.7507
    7.5000   -7.5000  -30.0000 2462.7029   15.8381
   -7.5000    0.0000  -30.0000 2468.5923   15.7532
    0.0000    0.0000  -30.0000 2483.6643   15.5998
    7.5000    0.0000  -30.0000 2468.1619   15.6879
   -7.5000    7.5000  -30.0000 2463.0813   15.8339
    0.0000    7.5000  -30.0000 2478.6680   15.6261
    7.5000    7.5000  -30.0000 2465.9111   15.7300
   -7.5000   15.0000  -30.0000 2439.0405   16.2349
    0.0000   15.0000  -30.0000 2462.9785   16.0454
    7.5000   15.0000  -30.0000 2442.8105   16.1437
   -7.5000   22.5000  -30.0000 2403.3430   16.9570
    0.0000   22.5000  -30.0000 2419.7329   16.7705
    7.5000   22.5000  -30.0000 2404.1221   16.8809
   -7.5000   30.0000  -30.0000 2343.1138   17.9936
    0.0000   30.0000  -30.0000 2360.2019   17.8244
    7.5000   30.0000  -30.0000 2339.7654   17.9413
   -7.5000   37.5000  -30.0000 2260.9836   19.3680
    0.0000   37.5000  -30.0000 2279.1311   19.2135
    7.5000   37.5000  -30.0000 2260.9456   19.3406
   -7.5000   45.0000  -30.0000 2156.2253   21.1801
    0.0000   45.0000  -30.0000 2175.8831   21.0240
    7.5000   45.0000  -30.0000 2155.5356   21.1632
   -7.5000  -45.0000  -22.5000 2311.1965   20.2263
    0.0000  -45.0000  -22.5000 2317.8064   20.0859
    7.5000  -45.0000  -22.5000 2296.3950   20.0906
   -7.5000  -37.5000  -22.5000 2399.8979   18.6399
    0.0000  -37.5000  -22.5000 2411.6387   18.4905
    7.5000  -37.5000  -22.5000 2384.7883   18.5007
   -7.5000  -30.0000  -22.5000 2477.5720   17.2059
    0.0000  -30.0000  -22.5000 2489.6792   17.0646
    7.5000  -30.0000  -22.5000 2463.5188   17.0919
   -7.5000  -22.5000  -22.5000 2543.2822   16.0549
    0.0000  -22.5000  -22.5000 2556.2961   15.9239
    7.5000  -22.5000  -22.5000 2527.0603   15.9780
   -7.5000  -15.0000  -22.5000 2582.4795   15.3458
    0.0000  -15.0000  -22.5000 2597.5598   15.1720
    7.5000  -15.0000  -22.5000 2574.1272   15.2852
   -7.5000   -7.5000  -22.5000 2605.1941   14.9908
    0.0000   -7.5000  -22.5000 2623.2961   14.8200
    7.5000   -7.5000  -22.5000 2599.9634   14.9182
   -7.5000    0.0000  -22.5000 2606.5305   14.8603
    0.0000    0.0000  -22.5000 2623.7549   14.6469
    7.5000    0.0000  -22.5000 2602.0056   14.7560
   -7.5000    7.5000  -22.5000 2600.3687   14.9556
    0.0000    7.5000  -22.5000 2619.2917   14.7490
    7.5000    7.5000  -22.5000 2600.2295   14.8314
   -7.5000   15.0000  -22.5000 2571.1499   15.3532
    0.0000   15.0000  -22.5000 2595.1128   15.1279
    7.5000   15.0000  -22.5000 2575.7742   15.2542
   -7.5000   22.5000  -22.5000 2527.5793   16.0163
    0.0000   22.5000  -22.5000 2551.1426   15.8017
    7.5000   22.5000  -22.5000 2530.3496   15.9113
   -7.5000   30.0000  -22.5000 2462.2842   16.9675
    0.0000   30.0000  -22.5000 2485.9255   16.7759
    7.5000   30.0000  -22.5000 2465.8218   16.8872
   -7.5000   37.5000  -22.5000 2381.0632   18.2393
    0.0000   37.5000  -22.5000 2407.0845   18.0773
    7.5000   37.5000  -22.5000 2379.3301   18.2285
   -7.5000   45.0000  -22.5000 2267.9614   19.9385
    0.0000   45.0000  -22.5000 2292.2566   19.7728
    7.5000   45.0000  -22.5000 2267.7366   19.9262
   -7.5000  -45.0000  -15.0000 2375.6746   19.2837
    0.0000  -45.0000  -15.0000 2384.3076   19.1193
    7.5000  -45.0000  -15.0000 2364.3457   19.1728
   -7.5000  -37.5000  -15.0000 2463.1406   17.6990
    0.0000  -37.5000  -15.0000 2474.7568   17.5274
    7.5000  -37.5000  -15.0000 2451.6853   17.5883
   -7.5000  -30.0000  -15.0000 2545.7129   16.2942
    0.0000  -30.0000  -15.0000 2556.1670   16.1328
    7.5000  -30.0000  -15.0000 2535.0024   16.2063
   -7.5000  -22.5000  -15.0000 2619.6780   15.2252
    0.0000  -22.5000  -15.0000 2632.9753   15.0286
    7.5000  -22.5000  -15.0000 2612.6145   15.1230
   -7.5000  -15.0000  -15.0000 2664.1155   14.4951
    0.0000  -15.0000  -15.0000 2680.4146   14.2953
    7.5000  -15.0000  -15.0000 2662.4419   14.3705
   -7.5000   -7.5000  -15.0000 2698.0610   14.0692
    0.0000   -7.5000  -15.0000 2716.1140   13.8824
    7.5000   -7.5000  -15.0000 2694.4229   13.9696
   -7.5000    0.0000  -15.0000 2704.9458   13.8944
    0.0000    0.0000  -15.0000 2727.8643   13.7012
    7.5000    0.0000  -15.0000 2705.9429   13.7960
   -7.5000    7.5000  -15.0000 2702.7664   14.0180
    0.0000    7.5000  -15.0000 2724.5935   13.8133
    7.5000    7.5000  -15.0000 2706.8696   13.9275
   -7.5000   15.0000  -15.0000 2673.8809   14.4235
    0.0000   15.0000  -15.0000 2704.2766   14.2201
    7.5000   15.0000  -15.0000 2679.1572   14.3444
   -7.5000   22.5000  -15.0000 2628.9800   15.0692
    0.0000   22.5000  -15.0000 2659.5737   14.8394
    7.5000   22.5000  -15.0000 2636.3174   14.9981
   -7.5000   30.0000  -15.0000 2556.0117   15.9509
    0.0000   30.0000  -15.0000 2582.8184   15.7336
    7.5000   30.0000  -15.0000 2562.7734   15.8845
   -7.5000   37.5000  -15.0000 2466.2383   17.1046
    0.0000   37.5000  -15.0000 2491.8594   16.8975
    7.5000   37.5000  -15.0000 2469.0872   17.0848
   -7.5000   45.0000  -15.0000 2351.4331   18.7174
    0.0000   45.0000  -15.0000 2380.2092   18.5021
    7.5000   45.0000  -15.0000 2356.7000   18.7023
   -7.5000  -45.0000   -7.5000 2421.8049   18.4210
    0.0000  -45.0000   -7.5000 2433.4062   18.2436
    7.5000  -45.0000   -7.5000 2411.8992   18.2905
   -7.5000  -37.5000   -7.5000 2509.7732   16.8205
    0.0000  -37.5000   -7.5000 2523.4668   16.6583
    7.5000  -37.5000   -7.5000 2501.4927   16.7125
   -7.5000  -30.0000   -7.5000 2596.9014   15.4774
    0.0000  -30.0000   -7.5000 2607.8669   15.3131
    7.5000  -30.0000   -7.5000 2592.4373   15.3557
   -7.5000  -22.5000   -7.5000 2678.6677   14.4115
    0.0000  -22.5000   -7.5000 2698.7395   14.2562
    7.5000  -22.5000   -7.5000 2679.1426   14.2797
   -7.5000  -15.0000   -7.5000 2734.9150   13.6507
    0.0000  -15.0000   -7.5000 2753.4846   13.5056
    7.5000  -15.0000   -7.5000 2737.0005   13.5687
   -7.5000   -7.5000   -7.5000 2775.9053   13.2070
    0.0000   -7.5000   -7.5000 2792.3928   13.0509
    7.5000   -7.5000   -7.5000 2771.9268   13.1473
   -7.5000    0.0000   -7.5000 2791.7246   13.0002
    0.0000    0.0000   -7.5000 2811.8176   12.8360
    7.5000    0.0000   -7.5000 2791.4412   12.9560
   -7.5000    7.5000   -7.5000 2790.4246   13.1458
    0.0000    7.5000   -7.5000 2817.9172   12.9548
    7.5000    7.5000   -7.5000 2801.4426   13.1089
   -7.5000   15.0000   -7.5000 2766.1377   13.5368
    0.0000   15.0000   -7.5000 2797.9133   13.3386
    7.5000   15.0000   -7.5000 2777.2231   13.5011
   -7.5000   22.5000   -7.5000 2714.7532   14.1577
    0.0000   22.5000   -7.5000 2747.6411   13.9456
    7.5000   22.5000   -7.5000 2722.7129   14.1063
   -7.5000   30.0000   -7.5000 2640.4670   15.0055
    0.0000   30.0000   -7.5000 2666.6504   14.7879
    7.5000   30.0000   -7.5000 2645.8772   14.9489
   -7.5000   37.5000   -7.5000 2540.7251   16.1049
    0.0000   37.5000   -7.5000 2562.7739   15.9014
    7.5000   37.5000   -7.5000 2546.3574   16.0754
   -7.5000   45.0000   -7.5000 2412.1992   17.6779
    0.0000   45.0000   -7.5000 2440.7625   17.4660
    7.5000   45.0000   -7.5000 2420.3120   17.6562
   -7.5000  -45.0000    0.0000 2448.3418   17.7990
    0.0000  -45.0000    0.0000 2462.0442   17.6006
    7.5000  -45.0000    0.0000 2438.7109   17.6267
   -7.5000  -37.5000    0.0000 2536.4792   16.2174
    0.0000  -37.5000    0.0000 2549.1484   16.0248
    7.5000  -37.5000    0.0000 2532.4790   16.0946
   -7.5000  -30.0000    0.0000 2629.7878   14.8657
    0.0000  -30.0000    0.0000 2642.6882   14.6847
    7.5000  -30.0000    0.0000 2625.2488   14.7547
   -7.5000  -22.5000    0.0000 2720.8633   13.7940
    0.0000  -22.5000    0.0000 2741.8633   13.6476
    7.5000  -22.5000    0.0000 2719.5361   13.7119
   -7.5000  -15.0000    0.0000 2786.9197   13.0529
    0.0000  -15.0000    0.0000 2807.6106   12.9015
    7.5000  -15.0000    0.0000 2790.4116   12.9893
   -7.5000   -7.5000    0.0000 2835.2981   12.5846
    0.0000   -7.5000    0.0000 2858.9041   12.4474
    7.5000   -7.5000    0.0000 2837.1262   12.5637
   -7.5000    0.0000    0.0000 2859.7080   12.3763
    0.0000    0.0000    0.0000 2885.5444   12.2013
    7.5000    0.0000    0.0000 2860.0364   12.3882
   -7.5000    7.5000    0.0000 2866.5618   12.4892
    0.0000    7.5000    0.0000 2892.1536   12.2972
    7.5000    7.5000    0.0000 2871.6467   12.5090
   -7.5000   15.0000    0.0000 2839.9685   12.8630
    0.0000   15.0000    0.0000 2872.2004   12.6622
    7.5000   15.0000    0.0000 2853.3391   12.8603
   -7.5000   22.5000    0.0000 2784.0144   13.4700
    0.0000   22.5000    0.0000 2815.8389   13.2597
    7.5000   22.5000    0.0000 2799.0574   13.4408
   -7.5000   30.0000    0.0000 2698.9639   14.2816
    0.0000   30.0000    0.0000 2727.9583   14.0921
    7.5000   30.0000    0.0000 2710.0337   14.2955
   -7.5000   37.5000    0.0000 2595.1887   15.4139
    0.0000   37.5000    0.0000 2620.4492   15.2294
    7.5000   37.5000    0.0000 2601.1562   15.4583
   -7.5000   45.0000    0.0000 2462.1477   16.9563
    0.0000   45.0000    0.0000 2490.0508   16.7528
    7.5000   45.0000    0.0000 2467.5576   16.9903
   -7.5000  -45.0000    7.5000 2478.2642   17.4204
    0.0000  -45.0000    7.5000 2492.9124   17.1682
    7.5000  -45.0000    7.5000 2468.9817   17.3171
   -7.5000  -37.5000    7.5000 2565.5696   15.8491
    0.0000  -37.5000    7.5000 2583.0339   15.6106
    7.5000  -37.5000    7.5000 2563.4639   15.7476
   -7.5000  -30.0000    7.5000 2656.4282   14.5010
    0.0000  -30.0000    7.5000 2676.7117   14.2960
    7.5000  -30.0000    7.5000 2654.8560   14.4063
   -7.5000  -22.5000    7.5000 2746.6707   13.4520
    0.0000  -22.5000    7.5000 2770.8103   13.2536
    7.5000  -22.5000    7.5000 2747.9199   13.3276
   -7.5000  -15.0000    7.5000 2821.8853   12.7212
    0.0000  -15.0000    7.5000 2848.4399   12.5443
    7.5000  -15.0000    7.5000 2828.5793   12.6004
   -7.5000   -7.5000    7.5000 2883.6755   12.3199
    0.0000   -7.5000    7.5000 2913.8594   12.1707
    7.5000   -7.5000    7.5000 2887.7346   12.2254
   -7.5000    0.0000    7.5000 2919.6035   12.1007
    0.0000    0.0000    7.5000 2951.6743   11.9168
    7.5000    0.0000    7.5000 2918.8220   12.0588
   -7.5000    7.5000    7.5000 2929.9377   12.1255
    0.0000    7.5000    7.5000 2959.6733   11.9483
    7.5000    7.5000    7.5000 2923.7117   12.1611
   -7.5000   15.0000    7.5000 2904.1777   12.4297
    0.0000   15.0000    7.5000 2931.3599   12.2479
    7.5000   15.0000    7.5000 2908.2302   12.4605
   -7.5000   22.5000    7.5000 2844.2881   13.0102
    0.0000   22.5000    7.5000 2875.2698   12.7938
    7.5000   22.5000    7.5000 2853.1770   13.0054
   -7.5000   30.0000    7.5000 2754.5830   13.8890
    0.0000   30.0000    7.5000 2783.8213   13.6726
    7.5000   30.0000    7.5000 2760.7864   13.8835
   -7.5000   37.5000    7.5000 2641.3560   15.0594
    0.0000   37.5000    7.5000 2666.3286   14.8648
    7.5000   37.5000    7.5000 2640.6780   15.0707
   -7.5000   45.0000    7.5000 2504.8909   16.6408
    0.0000   45.0000    7.5000 2532.8850   16.3992
    7.5000   45.0000    7.5000 2507.3276   16.6164
   -7.5000  -45.0000   15.0000 2481.4092   17.1996
    0.0000  -45.0000   15.0000 2494.6589   16.9409
    7.5000  -45.0000   15.0000 2475.9165   17.1398
   -7.5000  -37.5000   15.0000 2566.3389   15.5974
    0.0000  -37.5000   15.0000 2584.9058   15.3860
    7.5000  -37.5000   15.0000 2570.2737   15.5445
   -7.5000  -30.0000   15.0000 2657.6890   14.2805
    0.0000  -30.0000   15.0000 2680.6738   14.0694
    7.5000  -30.0000   15.0000 2664.4863   14.1916
   -7.5000  -22.5000   15.0000 2752.3430   13.2425
    0.0000  -22.5000   15.0000 2776.3054   13.0409
    7.5000  -22.5000   15.0000 2763.8101   13.1515
   -7.5000  -15.0000   15.0000 2832.0896   12.5595
    0.0000  -15.0000   15.0000 2861.9321   12.3853
    7.5000  -15.0000   15.0000 2852.8870   12.4925
   -7.5000   -7.5000   15.0000 2910.6489   12.3043
    0.0000   -7.5000   15.0000 2947.2664   12.1739
    7.5000   -7.5000   15.0000 2924.5645   12.1873
   -7.5000    0.0000   15.0000 2973.9724   12.1800
    0.0000    0.0000   15.0000 3019.8887   12.0378
    7.5000    0.0000   15.0000 2972.9534   11.9897
   -7.5000    7.5000   15.0000 2985.3191   12.0632
    0.0000    7.5000   15.0000 3024.8066   11.9250
    7.5000    7.5000   15.0000 2970.2776   11.9698
   -7.5000   15.0000   15.0000 2946.0754   12.3045
    0.0000   15.0000   15.0000 2967.9431   12.1149
    7.5000   15.0000   15.0000 2933.1597   12.2129
   -7.5000   22.5000   15.0000 2874.4719   12.8532
    0.0000   22.5000   15.0000 2900.7542   12.6263
    7.5000   22.5000   15.0000 2873.3955   12.7343
   -7.5000   30.0000   15.0000 2779.6907   13.7217
    0.0000   30.0000   15.0000 2808.2925   13.4956
    7.5000   30.0000   15.0000 2779.7307   13.6257
   -7.5000   37.5000   15.0000 2661.4644   14.9206
    0.0000   37.5000   15.0000 2687.7004   14.7059
    7.5000   37.5000   15.0000 2662.2871   14.8421
   -7.5000   45.0000   15.0000 2519.1997   16.4830
    0.0000   45.0000   15.0000 2542.9978   16.2665
    7.5000   45.0000   15.0000 2519.5562   16.3767
   -7.5000  -45.0000   22.5000 2481.8613   17.2102
    0.0000  -45.0000   22.5000 2494.5186   16.9619
    7.5000  -45.0000   22.5000 2479.9980   17.2493
   -7.5000  -37.5000   22.5000 2564.1294   15.5874
    0.0000  -37.5000   22.5000 2581.9302   15.3685
    7.5000  -37.5000   22.5000 2583.1580   15.6396
   -7.5000  -30.0000   22.5000 2652.2207   14.3212
    0.0000  -30.0000   22.5000 2670.5366   14.1061
    7.5000  -30.0000   22.5000 2677.0430   14.2657
   -7.5000  -22.5000   22.5000 2752.6582   13.3492
    0.0000  -22.5000   22.5000 2776.8931   13.1622
    7.5000  -22.5000   22.5000 2775.6196   13.2301
   -7.5000  -15.0000   22.5000 2854.6377   12.7486
    0.0000  -15.0000   22.5000 2878.5164   12.5937
    7.5000  -15.0000   22.5000 2864.5630   12.5816
   -7.5000   -7.5000   22.5000 2934.1318   12.4747
    0.0000   -7.5000   22.5000 2962.3601   12.3592
    7.5000   -7.5000   22.5000 2927.7217   12.2506
   -7.5000    0.0000   22.5000 2992.9519   12.3302
    0.0000    0.0000   22.5000 3026.0896   12.1519
    7.5000    0.0000   22.5000 2964.4395   12.0227
   -7.5000    7.5000   22.5000 2999.3115   12.3135
    0.0000    7.5000   22.5000 3037.2798   12.1105
    7.5000    7.5000   22.5000 2966.0579   12.0232
   -7.5000   15.0000   22.5000 2953.6887   12.4712
    0.0000   15.0000   22.5000 2982.2981   12.2878
    7.5000   15.0000   22.5000 2931.1523   12.2708
   -7.5000   22.5000   22.5000 2877.7141   12.9004
    0.0000   22.5000   22.5000 2902.1304   12.7198
    7.5000   22.5000   22.5000 2869.6775   12.7574
   -7.5000   30.0000   22.5000 2771.2627   13.7252
    0.0000   30.0000   22.5000 2799.3423   13.5454
    7.5000   30.0000   22.5000 2772.9111   13.6060
   -7.5000   37.5000   22.5000 2654.3420   14.8871
    0.0000   37.5000   22.5000 2681.3477   14.7011
    7.5000   37.5000   22.5000 2660.7930   14.8049
   -7.5000   45.0000   22.5000 2514.8171   16.4283
    0.0000   45.0000   22.5000 2539.8477   16.2113
    7.5000   45.0000   22.5000 2520.9382   16.3503
   -7.5000  -45.0000   30.0000 2470.5142   17.5264
    0.0000  -45.0000   30.0000 2486.0054   17.3082
    7.5000  -45.0000   30.0000 2477.0632   17.5791
   -7.5000  -37.5000   30.0000 2562.9485   16.0422
    0.0000  -37.5000   30.0000 2580.4893   15.7989
    7.5000  -37.5000   30.0000 2575.4800   15.9431
   -7.5000  -30.0000   30.0000 2655.6836   14.8330
    0.0000  -30.0000   30.0000 2674.6411   14.5980
    7.5000  -30.0000   30.0000 2669.0762   14.6580
   -7.5000  -22.5000   30.0000 2760.1301   13.8474
    0.0000  -22.5000   30.0000 2778.9878   13.6108
    7.5000  -22.5000   30.0000 2768.3845   13.6243
   -7.5000  -15.0000   30.0000 2849.5776   13.1515
    0.0000  -15.0000   30.0000 2867.8923   12.9797
    7.5000  -15.0000   30.0000 2848.4236   12.9189
   -7.5000   -7.5000   30.0000 2909.1125   12.7762
    0.0000   -7.5000   30.0000 2932.2878   12.6112
    7.5000   -7.5000   30.0000 2906.3816   12.5354
   -7.5000    0.0000   30.0000 2954.0034   12.5667
    0.0000    0.0000   30.0000 2979.4368   12.3336
    7.5000    0.0000   30.0000 2938.1694   12.3273
   -7.5000    7.5000   30.0000 2966.4919   12.6099
    0.0000    7.5000   30.0000 2999.7957   12.3749
    7.5000    7.5000   30.0000 2949.2083   12.4050
   -7.5000   15.0000   30.0000 2925.9646   12.8779
    0.0000   15.0000   30.0000 2951.9487   12.6997
    7.5000   15.0000   30.0000 2911.0583   12.7178
   -7.5000   22.5000   30.0000 2845.6079   13.3554
    0.0000   22.5000   30.0000 2870.9180   13.1669
    7.5000   22.5000   30.0000 2839.8606   13.2063
   -7.5000   30.0000   30.0000 2736.6553   14.1502
    0.0000   30.0000   30.0000 2762.3728   13.9654
    7.5000   30.0000   30.0000 2736.6221   14.0361
   -7.5000   37.5000   30.0000 2625.6514   15.2064
    0.0000   37.5000   30.0000 2651.7273   15.0070
    7.5000   37.5000   30.0000 2631.8894   15.1080
   -7.5000   45.0000   30.0000 2490.5649   16.6357
    0.0000   45.0000   30.0000 2514.5784   16.4162
    7.5000   45.0000   30.0000 2494.0708   16.5407
   -7.5000  -45.0000   37.5000 2451.8164   18.2716
    0.0000  -45.0000   37.5000 2464.4104   18.0447
    7.5000  -45.0000   37.5000 2448.7515   18.2966
   -7.5000  -37.5000   37.5000 2551.9624   16.6862
    0.0000  -37.5000   37.5000 2570.0793   16.4433
    7.5000  -37.5000   37.5000 2555.7993   16.6231
   -7.5000  -30.0000   37.5000 2640.2048   15.3696
    0.0000  -30.0000   37.5000 2662.2539   15.1164
    7.5000  -30.0000   37.5000 2651.5708   15.2584
   -7.5000  -22.5000   37.5000 2735.4827   14.3083
    0.0000  -22.5000   37.5000 2759.2881   14.0534
    7.5000  -22.5000   37.5000 2749.1089   14.1519
   -7.5000  -15.0000   37.5000 2819.4915   13.5641
    0.0000  -15.0000   37.5000 2841.5493   13.3250
    7.5000  -15.0000   37.5000 2832.2468   13.4065
   -7.5000   -7.5000   37.5000 2876.6428   13.1400
    0.0000   -7.5000   37.5000 2896.2346   12.8714
    7.5000   -7.5000   37.5000 2880.4146   12.9716
   -7.5000    0.0000   37.5000 2905.6250   12.9927
    0.0000    0.0000   37.5000 2934.0354   12.6972
    7.5000    0.0000   37.5000 2905.2874   12.8378
   -7.5000    7.5000   37.5000 2910.8245   13.1156
    0.0000    7.5000   37.5000 2943.0796   12.8829
    7.5000    7.5000   37.5000 2913.2632   12.9569
   -7.5000   15.0000   37.5000 2873.8457   13.4245
    0.0000   15.0000   37.5000 2897.4812   13.2329
    7.5000   15.0000   37.5000 2870.7183   13.3099
   -7.5000   22.5000   37.5000 2792.6401   13.9650
    0.0000   22.5000   37.5000 2818.8059   13.7521
    7.5000   22.5000   37.5000 2797.1775   13.8720
   -7.5000   30.0000   37.5000 2686.9163   14.7585
    0.0000   30.0000   37.5000 2714.6287   14.5728
    7.5000   30.0000   37.5000 2693.5007   14.7111
   -7.5000   37.5000   37.5000 2580.1267   15.8007
    0.0000   37.5000   37.5000 2604.6509   15.6054
    7.5000   37.5000   37.5000 2586.9497   15.7323
   -7.5000   45.0000   37.5000 2446.5859   17.1690
    0.0000   45.0000   37.5000 2466.9441   16.8923
    7.5000   45.0000   37.5000 2453.0923   17.0100
   -7.5000  -45.0000   45.0000 2400.8088   19.0047
    0.0000  -45.0000   45.0000 2419.1431   18.7381
    7.5000  -45.0000   45.0000 2404.1685   19.0783
   -7.5000  -37.5000   45.0000 2507.5996   17.3230
    0.0000  -37.5000   45.0000 2528.6057   17.0347
    7.5000  -37.5000   45.0000 2516.1785   17.3370
   -7.5000  -30.0000   45.0000 2601.6616   15.9604
    0.0000  -30.0000   45.0000 2626.9062   15.6868
    7.5000  -30.0000   45.0000 2616.2544   15.9515
   -7.5000  -22.5000   45.0000 2700.5618   14.8445
    0.0000  -22.5000   45.0000 2726.0088   14.5734
    7.5000  -22.5000   45.0000 2714.3486   14.7615
   -7.5000  -15.0000   45.0000 2779.2593   14.0600
    0.0000  -15.0000   45.0000 2802.6072   13.7945
    7.5000  -15.0000   45.0000 2788.8220   13.9581
   -7.5000   -7.5000   45.0000 2828.6008   13.6588
    0.0000   -7.5000   45.0000 2849.8486   13.3863
    7.5000   -7.5000   45.0000 2832.0017   13.5465
   -7.5000    0.0000   45.0000 2847.3970   13.5990
    0.0000    0.0000   45.0000 2872.0422   13.3082
    7.5000    0.0000   45.0000 2849.2500   13.4965
   -7.5000    7.5000   45.0000 2836.2522   13.7603
    0.0000    7.5000   45.0000 2866.2271   13.5130
    7.5000    7.5000   45.0000 2841.3149   13.6514
   -7.5000   15.0000   45.0000 2792.7153   14.1156
    0.0000   15.0000   45.0000 2822.1023   13.9037
    7.5000   15.0000   45.0000 2795.6367   14.0182
   -7.5000   22.5000   45.0000 2720.4475   14.7092
    0.0000   22.5000   45.0000 2743.8091   14.4774
    7.5000   22.5000   45.0000 2724.7773   14.5981
   -7.5000   30.0000   45.0000 2626.6284   15.5179
    0.0000   30.0000   45.0000 2648.6130   15.2863
    7.5000   30.0000   45.0000 2634.1023   15.4340
   -7.5000   37.5000   45.0000 2520.9172   16.5743
    0.0000   37.5000   45.0000 2542.5452   16.3657
    7.5000   37.5000   45.0000 2525.7715   16.4961
   -7.5000   45.0000   45.0000 2381.4548   17.9250
    0.0000   45.0000   45.0000 2403.0950   17.6634
    7.5000   45.0000   45.0000 2392.4851   17.7622
   -7.5000  -45.0000   52.5000 2347.0305   19.8657
    0.0000  -45.0000   52.5000 2369.9829   19.5848
    7.5000  -45.0000   52.5000 2354.3000   19.9783
   -7.5000  -37.5000   52.5000 2457.7952   18.1069
    0.0000  -37.5000   52.5000 2484.6130   17.8418
    7.5000  -37.5000   52.5000 2465.0869   18.1888
   -7.5000  -30.0000   52.5000 2555.2134   16.6561
    0.0000  -30.0000   52.5000 2584.0144   16.4152
    7.5000  -30.0000   52.5000 2563.0752   16.7335
   -7.5000  -22.5000   52.5000 2646.9902   15.5039
    0.0000  -22.5000   52.5000 2673.5984   15.2331
    7.5000  -22.5000   52.5000 2656.6045   15.4998
   -7.5000  -15.0000   52.5000 2717.4189   14.7205
    0.0000  -15.0000   52.5000 2746.2800   14.4558
    7.5000  -15.0000   52.5000 2727.3958   14.6573
   -7.5000   -7.5000   52.5000 2767.4812   14.3724
    0.0000   -7.5000   52.5000 2791.9336   14.0741
    7.5000   -7.5000   52.5000 2770.9077   14.2997
   -7.5000    0.0000   52.5000 2779.1763   14.3510
    0.0000    0.0000   52.5000 2802.4016   14.0383
    7.5000    0.0000   52.5000 2781.6875   14.2805
   -7.5000    7.5000   52.5000 2760.9006   14.5494
    0.0000    7.5000   52.5000 2785.7085   14.2681
    7.5000    7.5000   52.5000 2762.7566   14.4747
   -7.5000   15.0000   52.5000 2712.0388   14.9324
    0.0000   15.0000   52.5000 2737.1379   14.6849
    7.5000   15.0000   52.5000 2715.4849   14.8426
   -7.5000   22.5000   52.5000 2644.3977   15.5481
    0.0000   22.5000   52.5000 2665.9888   15.2744
    7.5000   22.5000   52.5000 2651.3845   15.4408
   -7.5000   30.0000   52.5000 2554.3921   16.3548
    0.0000   30.0000   52.5000 2576.7195   16.1052
    7.5000   30.0000   52.5000 2561.6321   16.2613
   -7.5000   37.5000   52.5000 2447.9185   17.4344
    0.0000   37.5000   52.5000 2469.7925   17.2131
    7.5000   37.5000   52.5000 2453.2935   17.3546
   -7.5000   45.0000   52.5000 2309.5269   18.8059
    0.0000   45.0000   52.5000 2331.3967   18.5656
    7.5000   45.0000   52.5000 2320.4065   18.7173
   -7.5000  -45.0000   60.0000 2276.1260   20.7243
    0.0000  -45.0000   60.0000 2300.8047   20.5517
    7.5000  -45.0000   60.0000 2277.7073   20.9294
   -7.5000  -37.5000   60.0000 2383.5103   18.9228
    0.0000  -37.5000   60.0000 2414.3706   18.7297
    7.5000  -37.5000   60.0000 2383.5801   19.1109
   -7.5000  -30.0000   60.0000 2477.5447   17.4798
    0.0000  -30.0000   60.0000 2502.9653   17.2434
    7.5000  -30.0000   60.0000 2477.6045   17.5813
   -7.5000  -22.5000   60.0000 2555.1921   16.3158
    0.0000  -22.5000   60.0000 2585.2908   16.0620
    7.5000  -22.5000   60.0000 2561.9111   16.3299
   -7.5000  -15.0000   60.0000 2618.9673   15.5321
    0.0000  -15.0000   60.0000 2649.4541   15.2568
    7.5000  -15.0000   60.0000 2632.2651   15.4757
   -7.5000   -7.5000   60.0000 2663.8103   15.1724
    0.0000   -7.5000   60.0000 2689.7854   14.9039
    7.5000   -7.5000   60.0000 2666.7273   15.1448
   -7.5000    0.0000   60.0000 2671.3723   15.1944
    0.0000    0.0000   60.0000 2691.2366   14.9068
    7.5000    0.0000   60.0000 2670.1331   15.1350
   -7.5000    7.5000   60.0000 2649.4590   15.4018
    0.0000    7.5000   60.0000 2669.0798   15.1095
    7.5000    7.5000   60.0000 2650.1819   15.3302
   -7.5000   15.0000   60.0000 2600.5781   15.8062
    0.0000   15.0000   60.0000 2628.3337   15.5281
    7.5000   15.0000   60.0000 2607.0979   15.7218
   -7.5000   22.5000   60.0000 2535.8911   16.4497
    0.0000   22.5000   60.0000 2563.7703   16.1557
    7.5000   22.5000   60.0000 2544.5234   16.3462
   -7.5000   30.0000   60.0000 2451.9304   17.2718
    0.0000   30.0000   60.0000 2475.3628   16.9907
    7.5000   30.0000   60.0000 2460.3945   17.1334
   -7.5000   37.5000   60.0000 2347.5000   18.3480
    0.0000   37.5000   60.0000 2371.7261   18.1095
    7.5000   37.5000   60.0000 2356.8804   18.1948
   -7.5000   45.0000   60.0000 2213.7747   19.7750
    0.0000   45.0000   60.0000 2232.5823   19.5942
    7.5000   45.0000   60.0000 2225.1631   19.6695

---------------------------------------------------------------------
imgreg_4dfp /opt/freesurfer/average/711-2C_as_mni_average_305 /opt/freesurfer/average/711-2B_as_mni_average_305_mask talsrcimg_g11 none talsrcimg_to_711-2C_as_mni_average_305_t4 1283
---------------------------------------------------------------------

freesurfer imgreg_4dfp.c
/opt/freesurfer/average/711-2C_as_mni_average_305.4dfp.img
       256       256       256         1
  1.000000  1.000000  1.000000
orientation T byte_order littleendian
Reading image: /opt/freesurfer/average/711-2C_as_mni_average_305.4dfp.img
dimensions:      256       256       256
mmppix:       1.0000   -1.0000   -1.0000
center:     128.0000 -129.0000 -129.0000
/opt/freesurfer/average/711-2B_as_mni_average_305_mask.4dfp.img
       256       256       256         1
  1.000000  1.000000  1.000000
orientation T byte_order littleendian
Reading mask: /opt/freesurfer/average/711-2B_as_mni_average_305_mask.4dfp.img (2306576 pixels)
talsrcimg_g11.4dfp.img
       256       256       256         1
  1.000000  1.000000  1.000000
orientation T byte_order littleendian
Reading image: talsrcimg_g11.4dfp.img
dimensions:      256       256       256
mmppix:       1.0000   -1.0000   -1.0000
center:     128.0000 -129.0000 -129.0000
rotation matrix determinant  1.000000
fimgreg.f
image alignment mode   1283 decimal      503 hex
parameters
    0.0000    7.5000   22.5000    0.0000    0.0000    0.0000
eta,q 0.95388 12.09409
niter,ni,del,rscale     5    3   12.0000    1.2000
parameter  6  1.240123 ->  0.500000 qaram    1.1500
parameters
   -2.3020    5.5841   19.9459    0.1623   -1.2753   -3.4500
eta,q 0.95978 12.00726
  0.0535  0.0492  0.0481  0.0488  0.0495  0.0401
  0.0481  0.0468  0.0444  0.0474  0.0461  0.0400
  0.0467  0.0460  0.0438  0.0451  0.0439  0.0412
  0.0496  0.0465  0.0460  0.0438  0.0438  0.0436
  0.0556  0.0486  0.0500  0.0445  0.0463  0.0469
  0.0596  0.0539  0.0545  0.0463  0.0516  0.0500
  0.0643  0.0604  0.0584  0.0489  0.0576  0.0528
niter,ni,del,rscale     5    3   12.0000    1.2000
parameters
   -1.6466    4.9603   20.3193    0.1659   -1.3396   -4.7617
eta,q 0.96065 12.03269
  0.0602  0.0483  0.0540  0.0455  0.0491  0.0442
  0.0512  0.0431  0.0470  0.0425  0.0444  0.0414
  0.0439  0.0392  0.0418  0.0404  0.0412  0.0396
  0.0402  0.0401  0.0395  0.0395  0.0395  0.0396
  0.0416  0.0422  0.0411  0.0406  0.0405  0.0417
  0.0469  0.0461  0.0454  0.0426  0.0444  0.0454
  0.0530  0.0521  0.0505  0.0454  0.0500  0.0487
niter,ni,del,rscale     4    3   12.0000    1.2000
parameters
   -1.6437    4.8156   20.4084    0.2523   -1.3946   -4.9270
eta,q 0.96071 12.03700
  0.0558  0.0498  0.0526  0.0453  0.0487  0.0462
  0.0475  0.0441  0.0460  0.0422  0.0438  0.0429
  0.0415  0.0398  0.0409  0.0400  0.0407  0.0405
  0.0393  0.0393  0.0392  0.0393  0.0393  0.0393
  0.0425  0.0413  0.0413  0.0401  0.0402  0.0402
  0.0481  0.0449  0.0459  0.0420  0.0439  0.0434
  0.0550  0.0504  0.0514  0.0448  0.0493  0.0470
niter,ni,del,rscale     3    3   12.0000    1.2000
parameters
   -1.6413    4.7712   20.4284    0.2913   -1.4104   -4.9553
eta,q 0.96072 12.03847
  0.0556  0.0501  0.0524  0.0451  0.0487  0.0465
  0.0475  0.0444  0.0457  0.0421  0.0438  0.0431
  0.0415  0.0400  0.0407  0.0400  0.0407  0.0406
  0.0393  0.0393  0.0393  0.0393  0.0393  0.0393
  0.0424  0.0411  0.0415  0.0401  0.0402  0.0401
  0.0480  0.0446  0.0461  0.0421  0.0437  0.0431
  0.0549  0.0501  0.0516  0.0448  0.0491  0.0468
registration optimization eta report
parameter search radius
    6.0000    6.0000    6.0000    6.0000    6.0000    6.9000
100000*second partial in parameter space
       43.       30.       35.       15.       27.       15.
  0.0556  0.0501  0.0524  0.0451  0.0487  0.0465
  0.0475  0.0444  0.0457  0.0421  0.0438  0.0431
  0.0415  0.0400  0.0407  0.0400  0.0407  0.0406
  0.0393  0.0393  0.0393  0.0393  0.0393  0.0393
  0.0424  0.0411  0.0415  0.0401  0.0402  0.0401
  0.0480  0.0446  0.0461  0.0421  0.0437  0.0431
  0.0549  0.0501  0.0516  0.0448  0.0491  0.0468
   -1.6413    4.7712   20.4284    0.2913   -1.4104   -4.9553
eta,q 0.96072 12.03847

---------------------------------------------------------------------
imgreg_4dfp /opt/freesurfer/average/711-2C_as_mni_average_305 /opt/freesurfer/average/711-2B_as_mni_average_305_mask talsrcimg_g11 none talsrcimg_to_711-2C_as_mni_average_305_t4 3335
---------------------------------------------------------------------

freesurfer imgreg_4dfp.c
/opt/freesurfer/average/711-2C_as_mni_average_305.4dfp.img
       256       256       256         1
  1.000000  1.000000  1.000000
orientation T byte_order littleendian
Reading image: /opt/freesurfer/average/711-2C_as_mni_average_305.4dfp.img
dimensions:      256       256       256
mmppix:       1.0000   -1.0000   -1.0000
center:     128.0000 -129.0000 -129.0000
/opt/freesurfer/average/711-2B_as_mni_average_305_mask.4dfp.img
       256       256       256         1
  1.000000  1.000000  1.000000
orientation T byte_order littleendian
Reading mask: /opt/freesurfer/average/711-2B_as_mni_average_305_mask.4dfp.img (2306576 pixels)
talsrcimg_g11.4dfp.img
       256       256       256         1
  1.000000  1.000000  1.000000
orientation T byte_order littleendian
Reading image: talsrcimg_g11.4dfp.img
dimensions:      256       256       256
mmppix:       1.0000   -1.0000   -1.0000
center:     128.0000 -129.0000 -129.0000
fimgreg.f
image alignment mode   3335 decimal      D07 hex
parameters
   -1.6413    4.7712   20.4284   -0.4039   -0.3761   -0.0316
    8.6503    2.4082   -8.6353   -0.7192   -2.4614    0.5083
eta,q 0.96256 12.11880
niter,ni,del,rscale     5    3    5.0000    1.2000
parameter  4  0.757094 ->  0.500000 qaram    1.1500
parameter  5  3.395674 ->  0.500000 qaram    1.1500
parameter 12  0.801424 ->  0.500000 qaram    1.1500
parameters
   -1.4449    4.8280   19.9679   -4.5439   -4.5161   -3.2823
    7.1693    3.4170   -5.8082   -1.6564   -1.6067   -3.6317
eta,q 0.97012 11.91871
  0.0417  0.0397  0.0390  0.0356  0.0295  0.0325  0.0324  0.0374  0.0338  0.0334  0.0320  0.0300
  0.0395  0.0385  0.0379  0.0355  0.0312  0.0316  0.0315  0.0339  0.0326  0.0318  0.0313  0.0299
  0.0381  0.0377  0.0374  0.0359  0.0333  0.0310  0.0310  0.0319  0.0316  0.0308  0.0308  0.0301
  0.0374  0.0374  0.0374  0.0373  0.0356  0.0317  0.0312  0.0310  0.0310  0.0307  0.0307  0.0306
  0.0377  0.0377  0.0381  0.0399  0.0382  0.0347  0.0317  0.0312  0.0308  0.0316  0.0307  0.0315
  0.0387  0.0384  0.0393  0.0432  0.0409  0.0401  0.0327  0.0323  0.0308  0.0331  0.0310  0.0325
  0.0405  0.0395  0.0408  0.0467  0.0439  0.0455  0.0339  0.0344  0.0314  0.0352  0.0315  0.0338
niter,ni,del,rscale     7    3    5.0000    1.2000
parameter  3  0.625602 ->  0.500000 qaram    1.1500
parameter  5  1.009431 ->  0.500000 qaram    1.3225
parameters
   -0.6578    4.4320   18.5879   -5.2649   -9.2771   -3.1936
    6.7972    3.5642   -5.4195   -0.9851   -1.1297   -6.7608
eta,q 0.97375 11.77803
  0.0346  0.0313  0.0290  0.0311  0.0262  0.0304  0.0289  0.0319  0.0286  0.0305  0.0278  0.0269
  0.0325  0.0301  0.0288  0.0300  0.0264  0.0291  0.0275  0.0285  0.0276  0.0283  0.0270  0.0263
  0.0309  0.0295  0.0289  0.0292  0.0273  0.0279  0.0267  0.0269  0.0269  0.0270  0.0267  0.0263
  0.0299  0.0295  0.0294  0.0288  0.0289  0.0266  0.0266  0.0266  0.0266  0.0266  0.0265  0.0266
  0.0295  0.0302  0.0303  0.0288  0.0312  0.0259  0.0270  0.0271  0.0267  0.0267  0.0266  0.0271
  0.0299  0.0313  0.0316  0.0302  0.0340  0.0272  0.0280  0.0286  0.0273  0.0276  0.0269  0.0280
  0.0309  0.0329  0.0331  0.0329  0.0371  0.0320  0.0293  0.0311  0.0282  0.0292  0.0274  0.0291
niter,ni,del,rscale     7    3    5.0000    1.2000
parameters
   -0.6716    4.9909   18.7613   -4.3261  -13.0014   -2.6492
    6.4962    3.4795   -5.4085   -0.4723   -1.0180   -7.9865
eta,q 0.97519 11.67299
  0.0293  0.0301  0.0287  0.0292  0.0269  0.0293  0.0274  0.0300  0.0270  0.0286  0.0263  0.0261
  0.0276  0.0283  0.0272  0.0278  0.0256  0.0279  0.0259  0.0267  0.0258  0.0264  0.0254  0.0252
  0.0266  0.0270  0.0263  0.0268  0.0252  0.0266  0.0251  0.0251  0.0251  0.0252  0.0250  0.0248
  0.0262  0.0262  0.0261  0.0261  0.0259  0.0252  0.0249  0.0249  0.0249  0.0249  0.0249  0.0249
  0.0266  0.0261  0.0263  0.0257  0.0276  0.0244  0.0253  0.0255  0.0251  0.0253  0.0250  0.0253
  0.0276  0.0266  0.0269  0.0263  0.0301  0.0254  0.0263  0.0272  0.0259  0.0261  0.0255  0.0260
  0.0295  0.0277  0.0280  0.0285  0.0333  0.0296  0.0278  0.0299  0.0269  0.0274  0.0262  0.0269
niter,ni,del,rscale     6    3    5.0000    1.2000
parameters
   -0.6573    5.4787   18.8536   -4.0376  -13.7893   -2.6902
    6.3967    3.4622   -5.4000    0.1743   -1.0118   -8.5108
eta,q 0.97530 11.63884
  0.0281  0.0286  0.0274  0.0279  0.0282  0.0288  0.0274  0.0299  0.0267  0.0283  0.0262  0.0263
  0.0263  0.0268  0.0259  0.0265  0.0263  0.0273  0.0258  0.0266  0.0256  0.0262  0.0253  0.0253
  0.0252  0.0255  0.0250  0.0255  0.0250  0.0260  0.0249  0.0249  0.0249  0.0250  0.0248  0.0248
  0.0248  0.0248  0.0247  0.0247  0.0247  0.0247  0.0247  0.0247  0.0247  0.0247  0.0247  0.0247
  0.0251  0.0248  0.0250  0.0245  0.0254  0.0243  0.0251  0.0253  0.0249  0.0250  0.0249  0.0251
  0.0262  0.0253  0.0258  0.0256  0.0272  0.0259  0.0260  0.0269  0.0256  0.0259  0.0254  0.0257
  0.0281  0.0264  0.0270  0.0281  0.0297  0.0305  0.0275  0.0295  0.0267  0.0269  0.0261  0.0266
niter,ni,del,rscale     5    3    5.0000    1.2000
parameters
   -0.6434    5.7052   18.7724   -3.9640  -14.0904   -2.7801
    6.3667    3.4946   -5.3426    0.6389   -0.9748   -8.7767
eta,q 0.97525 11.62424
  0.0280  0.0277  0.0270  0.0278  0.0285  0.0288  0.0275  0.0299  0.0267  0.0280  0.0262  0.0264
  0.0262  0.0261  0.0257  0.0264  0.0266  0.0273  0.0259  0.0266  0.0256  0.0260  0.0253  0.0254
  0.0251  0.0251  0.0249  0.0254  0.0252  0.0260  0.0250  0.0250  0.0249  0.0250  0.0248  0.0249
  0.0247  0.0247  0.0247  0.0247  0.0247  0.0247  0.0247  0.0247  0.0247  0.0247  0.0248  0.0248
  0.0250  0.0249  0.0251  0.0245  0.0251  0.0243  0.0251  0.0254  0.0250  0.0251  0.0249  0.0251
  0.0261  0.0256  0.0259  0.0257  0.0268  0.0260  0.0260  0.0269  0.0256  0.0259  0.0254  0.0257
  0.0280  0.0267  0.0272  0.0284  0.0291  0.0306  0.0274  0.0294  0.0266  0.0269  0.0261  0.0265
niter,ni,del,rscale     4    3    5.0000    1.2000
parameters
   -0.6355    5.8624   18.6832   -3.9246  -14.2827   -2.8637
    6.3470    3.5044   -5.2970    0.9986   -0.9482   -8.9523
eta,q 0.97519 11.61424
  0.0280  0.0275  0.0270  0.0278  0.0285  0.0288  0.0275  0.0299  0.0267  0.0278  0.0263  0.0265
  0.0262  0.0260  0.0257  0.0265  0.0266  0.0274  0.0260  0.0266  0.0256  0.0259  0.0253  0.0255
  0.0251  0.0251  0.0249  0.0255  0.0252  0.0261  0.0250  0.0250  0.0250  0.0250  0.0249  0.0249
  0.0248  0.0247  0.0248  0.0247  0.0247  0.0247  0.0248  0.0248  0.0248  0.0248  0.0248  0.0248
  0.0251  0.0250  0.0251  0.0246  0.0252  0.0244  0.0252  0.0254  0.0250  0.0252  0.0250  0.0251
  0.0262  0.0257  0.0260  0.0258  0.0267  0.0260  0.0261  0.0270  0.0256  0.0259  0.0254  0.0257
  0.0280  0.0268  0.0273  0.0284  0.0290  0.0306  0.0275  0.0295  0.0266  0.0269  0.0261  0.0265
niter,ni,del,rscale     3    3    5.0000    1.2000
parameters
   -0.6356    5.9939   18.6043   -3.9095  -14.4606   -2.9452
    6.3312    3.5121   -5.2675    1.3186   -0.9109   -9.0975
eta,q 0.97513 11.60432
  0.0280  0.0274  0.0271  0.0278  0.0285  0.0288  0.0276  0.0299  0.0267  0.0276  0.0263  0.0265
  0.0263  0.0260  0.0258  0.0265  0.0267  0.0274  0.0260  0.0267  0.0257  0.0259  0.0254  0.0255
  0.0252  0.0251  0.0250  0.0255  0.0253  0.0261  0.0251  0.0251  0.0250  0.0250  0.0250  0.0250
  0.0248  0.0248  0.0248  0.0248  0.0248  0.0248  0.0248  0.0248  0.0248  0.0248  0.0249  0.0249
  0.0251  0.0250  0.0252  0.0246  0.0252  0.0244  0.0252  0.0255  0.0251  0.0252  0.0251  0.0251
  0.0262  0.0257  0.0260  0.0259  0.0267  0.0260  0.0261  0.0270  0.0257  0.0259  0.0255  0.0257
  0.0281  0.0268  0.0273  0.0285  0.0289  0.0306  0.0275  0.0295  0.0266  0.0269  0.0262  0.0265
niter,ni,del,rscale     2    3    5.0000    1.2000
parameters
   -0.6299    6.1163   18.5271   -3.9046  -14.6415   -3.0268
    6.3191    3.5146   -5.2503    1.6409   -0.8806   -9.2220
eta,q 0.97508 11.59381
  0.0281  0.0274  0.0271  0.0278  0.0285  0.0288  0.0276  0.0299  0.0267  0.0276  0.0263  0.0266
  0.0263  0.0260  0.0258  0.0265  0.0267  0.0274  0.0261  0.0267  0.0257  0.0259  0.0254  0.0256
  0.0252  0.0251  0.0250  0.0256  0.0253  0.0262  0.0251  0.0251  0.0251  0.0251  0.0250  0.0251
  0.0249  0.0249  0.0249  0.0249  0.0249  0.0249  0.0249  0.0249  0.0249  0.0249  0.0249  0.0249
  0.0252  0.0251  0.0252  0.0247  0.0253  0.0245  0.0253  0.0255  0.0251  0.0253  0.0251  0.0252
  0.0263  0.0258  0.0260  0.0259  0.0267  0.0260  0.0262  0.0270  0.0257  0.0259  0.0255  0.0258
  0.0281  0.0268  0.0273  0.0285  0.0289  0.0306  0.0275  0.0295  0.0267  0.0268  0.0262  0.0265
niter,ni,del,rscale     1    3    5.0000    1.2000
parameters
   -0.6288    6.2489   18.4501   -3.9062  -14.8551   -3.1128
    6.3125    3.5120   -5.2414    1.9993   -0.8612   -9.3531
eta,q 0.97501 11.58153
  0.0281  0.0274  0.0271  0.0278  0.0285  0.0288  0.0277  0.0298  0.0267  0.0275  0.0263  0.0266
  0.0263  0.0260  0.0258  0.0266  0.0267  0.0274  0.0261  0.0267  0.0257  0.0259  0.0255  0.0256
  0.0253  0.0252  0.0251  0.0257  0.0253  0.0262  0.0252  0.0252  0.0251  0.0251  0.0251  0.0251
  0.0249  0.0249  0.0249  0.0249  0.0249  0.0249  0.0250  0.0250  0.0250  0.0250  0.0250  0.0250
  0.0252  0.0251  0.0253  0.0248  0.0253  0.0245  0.0253  0.0256  0.0252  0.0253  0.0252  0.0252
  0.0263  0.0258  0.0261  0.0260  0.0268  0.0261  0.0262  0.0271  0.0258  0.0259  0.0256  0.0258
  0.0281  0.0268  0.0273  0.0286  0.0289  0.0306  0.0276  0.0295  0.0267  0.0268  0.0262  0.0266
registration optimization eta report
parameter search radius
    2.4000    2.4000    2.7600    8.2800    9.5220    7.2000
    7.2000    7.2000    7.2000    7.2000    7.2000    8.2800
100000*second partial in parameter space
       55.       38.       30.        5.        4.        9.
        5.        9.        3.        4.        3.        2.
  0.0281  0.0274  0.0271  0.0278  0.0285  0.0288  0.0277  0.0298  0.0267  0.0275  0.0263  0.0266
  0.0263  0.0260  0.0258  0.0266  0.0267  0.0274  0.0261  0.0267  0.0257  0.0259  0.0255  0.0256
  0.0253  0.0252  0.0251  0.0257  0.0253  0.0262  0.0252  0.0252  0.0251  0.0251  0.0251  0.0251
  0.0249  0.0249  0.0249  0.0249  0.0249  0.0249  0.0250  0.0250  0.0250  0.0250  0.0250  0.0250
  0.0252  0.0251  0.0253  0.0248  0.0253  0.0245  0.0253  0.0256  0.0252  0.0253  0.0252  0.0252
  0.0263  0.0258  0.0261  0.0260  0.0268  0.0261  0.0262  0.0271  0.0258  0.0259  0.0256  0.0258
  0.0281  0.0268  0.0273  0.0286  0.0289  0.0306  0.0276  0.0295  0.0267  0.0268  0.0262  0.0266
   -0.6288    6.2489   18.4501   -3.9062  -14.8551   -3.1128
    6.3125    3.5120   -5.2414    1.9993   -0.8612   -9.3531
eta,q 0.97501 11.58153

---------------------------------------------------------------------
imgreg_4dfp /opt/freesurfer/average/711-2C_as_mni_average_305 /opt/freesurfer/average/711-2B_as_mni_average_305_mask talsrcimg_g11 none talsrcimg_to_711-2C_as_mni_average_305_t4 2311
---------------------------------------------------------------------

freesurfer imgreg_4dfp.c
/opt/freesurfer/average/711-2C_as_mni_average_305.4dfp.img
       256       256       256         1
  1.000000  1.000000  1.000000
orientation T byte_order littleendian
Reading image: /opt/freesurfer/average/711-2C_as_mni_average_305.4dfp.img
dimensions:      256       256       256
mmppix:       1.0000   -1.0000   -1.0000
center:     128.0000 -129.0000 -129.0000
/opt/freesurfer/average/711-2B_as_mni_average_305_mask.4dfp.img
       256       256       256         1
  1.000000  1.000000  1.000000
orientation T byte_order littleendian
Reading mask: /opt/freesurfer/average/711-2B_as_mni_average_305_mask.4dfp.img (2306576 pixels)
talsrcimg_g11.4dfp.img
       256       256       256         1
  1.000000  1.000000  1.000000
orientation T byte_order littleendian
Reading image: talsrcimg_g11.4dfp.img
dimensions:      256       256       256
mmppix:       1.0000   -1.0000   -1.0000
center:     128.0000 -129.0000 -129.0000
fimgreg.f
image alignment mode   2311 decimal      907 hex
parameters
   -0.6288    6.2489   18.4501   -3.9062  -14.8551   -3.1128
    6.3125    3.5120   -5.2414    1.9993   -0.8612   -9.3531
eta,q 0.97501 11.58153
niter,ni,del,rscale     5    3    5.0000    0.8000
parameters
   -0.6106    6.3720   18.3061   -2.6663  -15.0729   -2.2561
    6.1597    3.6305   -5.0012    1.8316   -0.5629   -9.6286
eta,q 0.97554 11.62501
  0.0264  0.0261  0.0256  0.0263  0.0257  0.0273  0.0257  0.0273  0.0253  0.0255  0.0254  0.0250
  0.0256  0.0255  0.0252  0.0258  0.0251  0.0265  0.0250  0.0257  0.0249  0.0248  0.0249  0.0247
  0.0252  0.0251  0.0250  0.0254  0.0248  0.0256  0.0246  0.0247  0.0246  0.0245  0.0246  0.0245
  0.0250  0.0250  0.0250  0.0250  0.0248  0.0248  0.0245  0.0245  0.0245  0.0245  0.0245  0.0245
  0.0251  0.0250  0.0251  0.0247  0.0249  0.0244  0.0247  0.0248  0.0245  0.0247  0.0245  0.0246
  0.0256  0.0253  0.0254  0.0249  0.0252  0.0249  0.0251  0.0256  0.0248  0.0250  0.0248  0.0248
  0.0263  0.0258  0.0259  0.0256  0.0259  0.0265  0.0258  0.0270  0.0252  0.0255  0.0252  0.0251
niter,ni,del,rscale     4    3    5.0000    0.7000
parameters
   -0.7139    6.2880   18.5113   -2.7094  -14.9686   -1.8861
    6.1718    3.4132   -5.1107    1.4413   -0.4955   -9.5401
eta,q 0.97568 11.63373
  0.0255  0.0251  0.0254  0.0255  0.0253  0.0267  0.0254  0.0263  0.0249  0.0251  0.0250  0.0248
  0.0249  0.0247  0.0250  0.0251  0.0248  0.0259  0.0248  0.0251  0.0246  0.0246  0.0246  0.0246
  0.0245  0.0245  0.0246  0.0247  0.0245  0.0251  0.0245  0.0245  0.0244  0.0244  0.0244  0.0244
  0.0245  0.0245  0.0244  0.0244  0.0244  0.0244  0.0244  0.0244  0.0243  0.0243  0.0243  0.0243
  0.0247  0.0246  0.0245  0.0245  0.0245  0.0244  0.0245  0.0247  0.0244  0.0245  0.0244  0.0244
  0.0251  0.0248  0.0247  0.0249  0.0247  0.0249  0.0248  0.0255  0.0246  0.0249  0.0246  0.0245
  0.0259  0.0253  0.0250  0.0257  0.0252  0.0264  0.0253  0.0266  0.0250  0.0253  0.0250  0.0248
niter,ni,del,rscale     3    3    5.0000    0.6000
parameters
   -0.7474    6.0873   18.6907   -2.6678  -14.6809   -1.5613
    6.1727    3.3562   -5.1698    0.8269   -0.4941   -9.2910
eta,q 0.97580 11.65209
  0.0252  0.0247  0.0251  0.0251  0.0250  0.0261  0.0250  0.0258  0.0247  0.0247  0.0248  0.0247
  0.0247  0.0244  0.0247  0.0248  0.0246  0.0254  0.0246  0.0249  0.0244  0.0244  0.0244  0.0244
  0.0244  0.0243  0.0244  0.0245  0.0244  0.0248  0.0243  0.0244  0.0243  0.0242  0.0243  0.0243
  0.0243  0.0243  0.0243  0.0243  0.0243  0.0243  0.0242  0.0242  0.0242  0.0242  0.0242  0.0242
  0.0244  0.0245  0.0243  0.0243  0.0243  0.0243  0.0243  0.0245  0.0243  0.0244  0.0243  0.0242
  0.0248  0.0247  0.0244  0.0246  0.0245  0.0248  0.0246  0.0250  0.0245  0.0247  0.0245  0.0243
  0.0253  0.0251  0.0247  0.0252  0.0248  0.0258  0.0250  0.0259  0.0247  0.0251  0.0247  0.0245
niter,ni,del,rscale     2    3    5.0000    0.5000
parameters
   -0.7606    5.8285   18.8675   -2.6199  -14.3001   -1.2908
    6.1558    3.3353   -5.2529    0.2006   -0.4954   -8.9707
eta,q 0.97592 11.67428
  0.0248  0.0244  0.0248  0.0248  0.0247  0.0256  0.0246  0.0253  0.0244  0.0244  0.0245  0.0244
  0.0245  0.0242  0.0245  0.0245  0.0244  0.0250  0.0243  0.0246  0.0243  0.0242  0.0242  0.0243
  0.0243  0.0242  0.0243  0.0243  0.0242  0.0245  0.0242  0.0242  0.0241  0.0241  0.0241  0.0241
  0.0242  0.0242  0.0242  0.0241  0.0241  0.0241  0.0241  0.0241  0.0241  0.0241  0.0241  0.0241
  0.0243  0.0243  0.0241  0.0242  0.0241  0.0242  0.0242  0.0243  0.0242  0.0243  0.0241  0.0241
  0.0245  0.0245  0.0243  0.0244  0.0243  0.0245  0.0244  0.0247  0.0243  0.0245  0.0243  0.0242
  0.0249  0.0248  0.0245  0.0249  0.0245  0.0253  0.0246  0.0253  0.0245  0.0249  0.0245  0.0243
niter,ni,del,rscale     1    3    5.0000    0.4000
parameters
   -0.7689    5.5764   19.0172   -2.6110  -14.0124   -1.0912
    6.1384    3.3080   -5.3019   -0.2819   -0.5170   -8.7055
eta,q 0.97600 11.69151
  0.0245  0.0242  0.0245  0.0245  0.0244  0.0251  0.0244  0.0248  0.0243  0.0243  0.0243  0.0243
  0.0243  0.0241  0.0243  0.0243  0.0242  0.0246  0.0242  0.0243  0.0241  0.0241  0.0241  0.0241
  0.0241  0.0241  0.0241  0.0241  0.0241  0.0242  0.0241  0.0241  0.0241  0.0240  0.0240  0.0240
  0.0241  0.0241  0.0240  0.0240  0.0240  0.0240  0.0240  0.0240  0.0240  0.0240  0.0240  0.0240
  0.0241  0.0242  0.0240  0.0241  0.0240  0.0241  0.0241  0.0241  0.0240  0.0241  0.0240  0.0240
  0.0243  0.0243  0.0241  0.0242  0.0241  0.0244  0.0242  0.0244  0.0241  0.0243  0.0241  0.0241
  0.0245  0.0245  0.0242  0.0245  0.0243  0.0248  0.0244  0.0248  0.0243  0.0245  0.0243  0.0242
registration optimization eta report
parameter search radius
    0.8000    0.8000    0.8000    2.4000    2.4000    2.4000
    2.4000    2.4000    2.4000    2.4000    2.4000    2.4000
100000*second partial in parameter space
       69.       44.       47.        8.        5.       16.
        6.       14.        4.        7.        5.        4.
  0.0245  0.0242  0.0245  0.0245  0.0244  0.0251  0.0244  0.0248  0.0243  0.0243  0.0243  0.0243
  0.0243  0.0241  0.0243  0.0243  0.0242  0.0246  0.0242  0.0243  0.0241  0.0241  0.0241  0.0241
  0.0241  0.0241  0.0241  0.0241  0.0241  0.0242  0.0241  0.0241  0.0241  0.0240  0.0240  0.0240
  0.0241  0.0241  0.0240  0.0240  0.0240  0.0240  0.0240  0.0240  0.0240  0.0240  0.0240  0.0240
  0.0241  0.0242  0.0240  0.0241  0.0240  0.0241  0.0241  0.0241  0.0240  0.0241  0.0240  0.0240
  0.0243  0.0243  0.0241  0.0242  0.0241  0.0244  0.0242  0.0244  0.0241  0.0243  0.0241  0.0241
  0.0245  0.0245  0.0242  0.0245  0.0243  0.0248  0.0244  0.0248  0.0243  0.0245  0.0243  0.0242
   -0.7689    5.5764   19.0172   -2.6110  -14.0124   -1.0912
    6.1384    3.3080   -5.3019   -0.2819   -0.5170   -8.7055
eta,q 0.97600 11.69151

---------------------------------------------------------------------
imgreg_4dfp /opt/freesurfer/average/711-2C_as_mni_average_305 /opt/freesurfer/average/711-2B_as_mni_average_305_mask talsrcimg_g11 none talsrcimg_to_711-2C_as_mni_average_305_t4 2311
---------------------------------------------------------------------

freesurfer imgreg_4dfp.c
/opt/freesurfer/average/711-2C_as_mni_average_305.4dfp.img
       256       256       256         1
  1.000000  1.000000  1.000000
orientation T byte_order littleendian
Reading image: /opt/freesurfer/average/711-2C_as_mni_average_305.4dfp.img
dimensions:      256       256       256
mmppix:       1.0000   -1.0000   -1.0000
center:     128.0000 -129.0000 -129.0000
/opt/freesurfer/average/711-2B_as_mni_average_305_mask.4dfp.img
       256       256       256         1
  1.000000  1.000000  1.000000
orientation T byte_order littleendian
Reading mask: /opt/freesurfer/average/711-2B_as_mni_average_305_mask.4dfp.img (2306576 pixels)
talsrcimg_g11.4dfp.img
       256       256       256         1
  1.000000  1.000000  1.000000
orientation T byte_order littleendian
Reading image: talsrcimg_g11.4dfp.img
dimensions:      256       256       256
mmppix:       1.0000   -1.0000   -1.0000
center:     128.0000 -129.0000 -129.0000
fimgreg.f
image alignment mode   2311 decimal      907 hex
parameters
   -0.7689    5.5764   19.0172   -2.6110  -14.0124   -1.0912
    6.1384    3.3080   -5.3019   -0.2819   -0.5170   -8.7055
eta,q 0.97600 11.69151
niter,ni,del,rscale     5    3    5.0000    0.8000
parameters
   -0.7733    5.4572   19.0872   -3.2385  -14.0301   -1.5662
    6.2614    3.2761   -5.4445   -0.2060   -0.6885   -8.6566
eta,q 0.97590 11.67315
  0.0258  0.0250  0.0253  0.0252  0.0253  0.0264  0.0255  0.0268  0.0250  0.0257  0.0249  0.0249
  0.0248  0.0244  0.0246  0.0246  0.0246  0.0255  0.0247  0.0251  0.0245  0.0247  0.0244  0.0244
  0.0242  0.0240  0.0242  0.0242  0.0242  0.0246  0.0243  0.0243  0.0242  0.0242  0.0242  0.0242
  0.0240  0.0240  0.0240  0.0240  0.0240  0.0240  0.0241  0.0241  0.0241  0.0241  0.0241  0.0241
  0.0242  0.0242  0.0241  0.0242  0.0241  0.0244  0.0242  0.0245  0.0242  0.0243  0.0242  0.0242
  0.0248  0.0247  0.0244  0.0250  0.0246  0.0256  0.0247  0.0253  0.0246  0.0248  0.0245  0.0244
  0.0258  0.0254  0.0251  0.0263  0.0254  0.0286  0.0254  0.0267  0.0251  0.0255  0.0250  0.0248
niter,ni,del,rscale     4    3    5.0000    0.7000
parameters
   -0.7135    5.4948   18.9943   -3.0401  -13.9302   -1.5083
    6.2160    3.3695   -5.3424   -0.2177   -0.6903   -8.6769
eta,q 0.97594 11.68158
  0.0255  0.0251  0.0248  0.0252  0.0250  0.0263  0.0251  0.0263  0.0248  0.0253  0.0248  0.0246
  0.0247  0.0245  0.0244  0.0248  0.0245  0.0255  0.0245  0.0250  0.0244  0.0245  0.0244  0.0243
  0.0243  0.0242  0.0242  0.0244  0.0242  0.0247  0.0242  0.0243  0.0241  0.0241  0.0241  0.0241
  0.0241  0.0241  0.0241  0.0241  0.0241  0.0241  0.0241  0.0241  0.0241  0.0241  0.0241  0.0241
  0.0242  0.0242  0.0242  0.0241  0.0241  0.0242  0.0242  0.0243  0.0241  0.0242  0.0242  0.0241
  0.0246  0.0245  0.0246  0.0244  0.0244  0.0249  0.0245  0.0250  0.0244  0.0246  0.0244  0.0243
  0.0253  0.0250  0.0251  0.0252  0.0250  0.0267  0.0251  0.0260  0.0248  0.0252  0.0247  0.0246
niter,ni,del,rscale     3    3    5.0000    0.6000
parameters
   -0.7249    5.4788   19.0015   -2.8684  -13.8970   -1.3023
    6.1851    3.3837   -5.3119   -0.2969   -0.6297   -8.6405
eta,q 0.97599 11.69034
  0.0250  0.0247  0.0247  0.0250  0.0247  0.0259  0.0248  0.0257  0.0246  0.0249  0.0246  0.0245
  0.0245  0.0243  0.0244  0.0246  0.0244  0.0252  0.0243  0.0247  0.0243  0.0244  0.0243  0.0242
  0.0242  0.0241  0.0241  0.0243  0.0241  0.0245  0.0241  0.0242  0.0241  0.0241  0.0241  0.0241
  0.0241  0.0241  0.0241  0.0241  0.0240  0.0240  0.0240  0.0240  0.0240  0.0240  0.0240  0.0240
  0.0242  0.0241  0.0241  0.0241  0.0241  0.0241  0.0241  0.0242  0.0241  0.0242  0.0241  0.0241
  0.0245  0.0244  0.0243  0.0243  0.0243  0.0246  0.0244  0.0248  0.0243  0.0245  0.0243  0.0242
  0.0250  0.0248  0.0247  0.0249  0.0247  0.0258  0.0248  0.0256  0.0246  0.0249  0.0245  0.0244
niter,ni,del,rscale     2    3    5.0000    0.5000
parameters
   -0.7424    5.4378   19.0494   -2.7805  -13.8910   -1.1265
    6.1611    3.3469   -5.3432   -0.4265   -0.5852   -8.5936
eta,q 0.97601 11.69497
  0.0247  0.0245  0.0245  0.0247  0.0245  0.0255  0.0245  0.0252  0.0244  0.0246  0.0244  0.0243
  0.0243  0.0242  0.0243  0.0244  0.0242  0.0249  0.0242  0.0245  0.0242  0.0242  0.0242  0.0241
  0.0241  0.0240  0.0241  0.0241  0.0241  0.0243  0.0240  0.0241  0.0240  0.0240  0.0240  0.0240
  0.0240  0.0240  0.0240  0.0240  0.0240  0.0240  0.0240  0.0240  0.0240  0.0240  0.0240  0.0240
  0.0241  0.0241  0.0240  0.0240  0.0240  0.0241  0.0241  0.0242  0.0240  0.0241  0.0240  0.0240
  0.0243  0.0243  0.0242  0.0242  0.0242  0.0245  0.0242  0.0246  0.0242  0.0243  0.0242  0.0241
  0.0247  0.0245  0.0244  0.0247  0.0245  0.0253  0.0245  0.0252  0.0244  0.0247  0.0244  0.0243
niter,ni,del,rscale     1    3    5.0000    0.4000
parameters
   -0.7565    5.3912   19.1114   -2.7216  -13.8714   -1.0005
    6.1566    3.3117   -5.3646   -0.5542   -0.5801   -8.5353
eta,q 0.97603 11.69875
  0.0244  0.0243  0.0243  0.0244  0.0243  0.0250  0.0243  0.0247  0.0242  0.0244  0.0242  0.0242
  0.0242  0.0241  0.0242  0.0242  0.0241  0.0245  0.0241  0.0243  0.0241  0.0241  0.0241  0.0241
  0.0240  0.0240  0.0240  0.0241  0.0240  0.0241  0.0240  0.0240  0.0240  0.0240  0.0240  0.0240
  0.0240  0.0240  0.0240  0.0240  0.0240  0.0240  0.0240  0.0240  0.0240  0.0240  0.0240  0.0240
  0.0240  0.0240  0.0240  0.0240  0.0240  0.0241  0.0240  0.0241  0.0240  0.0240  0.0240  0.0240
  0.0242  0.0241  0.0241  0.0241  0.0241  0.0244  0.0241  0.0243  0.0241  0.0242  0.0241  0.0241
  0.0244  0.0243  0.0242  0.0244  0.0243  0.0248  0.0243  0.0248  0.0242  0.0244  0.0242  0.0242
registration optimization eta report
parameter search radius
    0.8000    0.8000    0.8000    2.4000    2.4000    2.4000
    2.4000    2.4000    2.4000    2.4000    2.4000    2.4000
100000*second partial in parameter space
       69.       48.       48.        8.        5.       16.
        6.       13.        5.        7.        5.        4.
  0.0244  0.0243  0.0243  0.0244  0.0243  0.0250  0.0243  0.0247  0.0242  0.0244  0.0242  0.0242
  0.0242  0.0241  0.0242  0.0242  0.0241  0.0245  0.0241  0.0243  0.0241  0.0241  0.0241  0.0241
  0.0240  0.0240  0.0240  0.0241  0.0240  0.0241  0.0240  0.0240  0.0240  0.0240  0.0240  0.0240
  0.0240  0.0240  0.0240  0.0240  0.0240  0.0240  0.0240  0.0240  0.0240  0.0240  0.0240  0.0240
  0.0240  0.0240  0.0240  0.0240  0.0240  0.0241  0.0240  0.0241  0.0240  0.0240  0.0240  0.0240
  0.0242  0.0241  0.0241  0.0241  0.0241  0.0244  0.0241  0.0243  0.0241  0.0242  0.0241  0.0241
  0.0244  0.0243  0.0242  0.0244  0.0243  0.0248  0.0243  0.0248  0.0242  0.0244  0.0242  0.0242
   -0.7565    5.3912   19.1114   -2.7216  -13.8714   -1.0005
    6.1566    3.3117   -5.3646   -0.5542   -0.5801   -8.5353
eta,q 0.97603 11.69875

---------------------------------------------------------------------
compute_vox2vox talsrcimg talsrcimg_to_711-2C_as_mni_average_305_t4 /opt/freesurfer/average/711-2C_as_mni_average_305
---------------------------------------------------------------------

freesurfer compute_vox2vox.c
Reading: talsrcimg.4dfp.ifh
Reading: talsrcimg_to_711-2C_as_mni_average_305_t4
Reading: /opt/freesurfer/average/711-2C_as_mni_average_305.4dfp.ifh
Writing: talsrcimg_to_711-2C_as_mni_average_305_t4_vox2vox.txt

start time Tue Mar 10 22:36:43 CET 2026
end		time Tue Mar 10 22:38:12 CET 2026

mpr2mni305 success

avi2talxfm orig_nu.mgz /opt/freesurfer/average/mni305.cor.mgz talsrcimg_to_711-2C_as_mni_average_305_t4_vox2vox.txt transforms/talairach.auto.xfm
avi2talxfm done
mv -f /out/sourcedata/freesurfer/sub-v2s12x28867_ses-1/mri/talsrcimg_to_711-2C_as_mni_average_305_t4_vox2vox.txt /out/sourcedata/freesurfer/sub-v2s12x28867_ses-1/mri/transforms/talsrcimg_to_711-2C_as_mni_average_305_t4_vox2vox.txt
lta_convert --src orig_nu.mgz --trg /opt/freesurfer/average/mni305.cor.mgz --inxfm transforms/talairach.auto.xfm --outlta transforms/talairach.auto.xfm.lta --subject fsaverage
7.3.2

--src: orig_nu.mgz src image (geometry).
--trg: /opt/freesurfer/average/mni305.cor.mgz trg image (geometry).
--inmni: transforms/talairach.auto.xfm input MNI/XFM transform.
--outlta: transforms/talairach.auto.xfm.lta output LTA.
--s: fsaverage subject name
 LTA read, type : 1
 1.02355  -0.03467  -0.07660  -2.26281;
 0.01150   1.01028   0.09930  -22.69813;
 0.06383   0.00434   1.15692  -32.15515;
 0.00000   0.00000   0.00000   1.00000;
setting subject to fsaverage
Writing  LTA to file transforms/talairach.auto.xfm.lta...
lta_convert successful.
 
 
Started at Tue Mar 10 22:36:43 CET 2026
Ended   at Tue Mar 10 22:38:12 CET 2026
talairach_avi done
