/out/sourcedata/freesurfer/sub-v2s12x28868_ses-1/mri
/opt/freesurfer/bin/talairach_avi
--i orig_nu.mgz --xfm transforms/talairach.auto.xfm
talairach_avi 7.3.2
Linux dna070 5.14.0-427.37.1.el9_4.x86_64 #1 SMP PREEMPT_DYNAMIC Fri Sep 13 12:41:50 EDT 2024 x86_64 x86_64 x86_64 GNU/Linux
Tue Mar 10 22:36:35 CET 2026
mri_convert orig_nu.mgz talsrcimg.img 
reading from orig_nu.mgz...
TR=0.00, TE=0.00, TI=0.00, flip angle=0.00
i_ras = (-1, 0, 0)
j_ras = (0, 0, -1)
k_ras = (0, 1, 0)
writing to talsrcimg.img...
Analyze Output Matrix
-1.00000   0.00000   0.00000   129.38260;
 0.00000   0.00000   1.00000  -128.50000;
 0.00000  -1.00000   0.00000   143.32800;
 0.00000   0.00000   0.00000   1.00000;
--------------------
INFO: set hdr.hist.orient to -1
mpr2mni305 talsrcimg
Tue Mar 10 22:36:36 CET 2026
/opt/freesurfer/bin/mpr2mni305 talsrcimg
mpr2mni305 7.3.2
target=711-2C_as_mni_average_305

---------------------------------------------------------------------
analyzeto4dfp talsrcimg -O0 -y
---------------------------------------------------------------------

freesurfer ifh2hdr.c
Tue Mar 10 22:36:36 2026
Writing: talsrcimg.4dfp.hdr
freesurfer analyzeto4dfp.c
Reading: talsrcimg.hdr
header size 348 bytes
hdr.dime.datatype	offset=70	value=2
hdr.dime.bitpix		offset=72	value=8
hdr.hist.orient		offset=252	value=-1
dimensionality     4
dimensions       256       256       256         1
Reading: talsrcimg.img
Writing: talsrcimg.4dfp.img
Writing: talsrcimg.4dfp.ifh
ifh2hdr talsrcimg -r0to224
ori=2

---------------------------------------------------------------------
gauss_4dfp talsrcimg 1.1
---------------------------------------------------------------------

freesurfer gauss_4dfp.c
Reading: talsrcimg.4dfp.img
Writing: talsrcimg_g11.4dfp.img
image dimensions 256 256 256 padded to 288 288 288
processing volume 1freesurfer ifh2hdr.c
Tue Mar 10 22:36:37 2026
Writing: talsrcimg_g11.4dfp.hdr

Writing: talsrcimg_g11.4dfp.ifh
including: talsrcimg.4dfp.img.rec in talsrcimg_g11.4dfp.img.rec

---------------------------------------------------------------------
imgreg_4dfp /opt/freesurfer/average/711-2C_as_mni_average_305 none talsrcimg_g11 none talsrcimg_to_711-2C_as_mni_average_305_t4 4355
---------------------------------------------------------------------

freesurfer imgreg_4dfp.c
/opt/freesurfer/average/711-2C_as_mni_average_305.4dfp.img
       256       256       256         1
  1.000000  1.000000  1.000000
orientation T byte_order littleendian
Reading image: /opt/freesurfer/average/711-2C_as_mni_average_305.4dfp.img
dimensions:      256       256       256
mmppix:       1.0000   -1.0000   -1.0000
center:     128.0000 -129.0000 -129.0000
talsrcimg_g11.4dfp.img
       256       256       256         1
  1.000000  1.000000  1.000000
orientation T byte_order littleendian
Reading image: talsrcimg_g11.4dfp.img
dimensions:      256       256       256
mmppix:       1.0000   -1.0000   -1.0000
center:     128.0000 -129.0000 -129.0000
t4_read: open error in t4_sub.f l:  41 t4_file(1:l)talsrcimg_to_711-2C_as_mni_average_305_t4 
t4_read: transform initialized to I4
rotation matrix determinant  1.000000
image alignment mode   4355 decimal     1103 hex
   -7.5000  -45.0000  -45.0000 6085.3818   22.4161
    0.0000  -45.0000  -45.0000 6386.2202   22.3542
    7.5000  -45.0000  -45.0000 6250.4272   22.3629
   -7.5000  -37.5000  -45.0000 6563.1294   22.3113
    0.0000  -37.5000  -45.0000 6888.6680   22.2561
    7.5000  -37.5000  -45.0000 6724.6294   22.2680
   -7.5000  -30.0000  -45.0000 7322.3867   22.2535
    0.0000  -30.0000  -45.0000 7691.9180   22.1878
    7.5000  -30.0000  -45.0000 7506.6919   22.2077
   -7.5000  -22.5000  -45.0000 8063.1235   22.2429
    0.0000  -22.5000  -45.0000 8500.5000   22.1594
    7.5000  -22.5000  -45.0000 8280.7188   22.1852
   -7.5000  -15.0000  -45.0000 8781.8916   22.2810
    0.0000  -15.0000  -45.0000 9253.0420   22.1884
    7.5000  -15.0000  -45.0000 9004.1152   22.2107
   -7.5000   -7.5000  -45.0000 9411.7695   22.3335
    0.0000   -7.5000  -45.0000 9949.6367   22.2535
    7.5000   -7.5000  -45.0000 9697.3232   22.2671
   -7.5000    0.0000  -45.0000 9966.2617   22.3532
    0.0000    0.0000  -45.000010558.0029   22.2927
    7.5000    0.0000  -45.000010258.2324   22.3018
   -7.5000    7.5000  -45.0000 9851.1318   22.3113
    0.0000    7.5000  -45.000010412.0293   22.2561
    7.5000    7.5000  -45.000010099.0713   22.2680
   -7.5000   15.0000  -45.0000 9670.5723   22.2535
    0.0000   15.0000  -45.000010231.1133   22.1878
    7.5000   15.0000  -45.0000 9911.2852   22.2077
   -7.5000   22.5000  -45.0000 9390.7168   22.2398
    0.0000   22.5000  -45.0000 9909.0605   22.1563
    7.5000   22.5000  -45.0000 9624.1797   22.1821
   -7.5000   30.0000  -45.0000 8759.7979   21.9841
    0.0000   30.0000  -45.0000 9240.7432   21.8927
    7.5000   30.0000  -45.0000 8991.0039   21.9147
   -7.5000   37.5000  -45.0000 8414.5195   22.0359
    0.0000   37.5000  -45.0000 8876.1113   21.9569
    7.5000   37.5000  -45.0000 8640.2148   21.9703
   -7.5000   45.0000  -45.0000 7776.4580   21.4953
    0.0000   45.0000  -45.0000 8199.3379   21.4371
    7.5000   45.0000  -45.0000 7960.7925   21.4459
   -7.5000  -45.0000  -37.5000 6443.1064   22.1638
    0.0000  -45.0000  -37.5000 6796.1602   22.0964
    7.5000  -45.0000  -37.5000 6635.9990   22.0964
   -7.5000  -37.5000  -37.5000 6949.8359   22.0415
    0.0000  -37.5000  -37.5000 7358.1401   21.9826
    7.5000  -37.5000  -37.5000 7154.7144   21.9905
   -7.5000  -30.0000  -37.5000 7768.3398   21.9724
    0.0000  -30.0000  -37.5000 8234.0928   21.9080
    7.5000  -30.0000  -37.5000 7995.3540   21.9273
   -7.5000  -22.5000  -37.5000 8584.6182   21.9721
    0.0000  -22.5000  -37.5000 9092.4248   21.8931
    7.5000  -22.5000  -37.5000 8825.4697   21.9160
   -7.5000  -15.0000  -37.5000 9381.5186   22.0297
    0.0000  -15.0000  -37.5000 9893.3447   21.9403
    7.5000  -15.0000  -37.5000 9607.5986   21.9559
   -7.5000   -7.5000  -37.500010046.5928   22.0906
    0.0000   -7.5000  -37.500010607.0586   22.0087
    7.5000   -7.5000  -37.500010304.9092   22.0132
   -7.5000    0.0000  -37.500010581.0850   22.1021
    0.0000    0.0000  -37.500011228.1543   22.0360
    7.5000    0.0000  -37.500010884.7705   22.0366
   -7.5000    7.5000  -37.500010392.3086   22.0415
    0.0000    7.5000  -37.500011030.0186   21.9826
    7.5000    7.5000  -37.500010703.0840   21.9905
   -7.5000   15.0000  -37.500010187.3672   21.9724
    0.0000   15.0000  -37.500010802.5146   21.9080
    7.5000   15.0000  -37.500010508.2314   21.9273
   -7.5000   22.5000  -37.5000 9897.4395   21.9691
    0.0000   22.5000  -37.500010467.2715   21.8901
    7.5000   22.5000  -37.500010158.0576   21.9130
   -7.5000   30.0000  -37.5000 9243.5342   21.7361
    0.0000   30.0000  -37.5000 9781.7354   21.6479
    7.5000   30.0000  -37.5000 9485.3691   21.6633
   -7.5000   37.5000  -37.5000 8873.2695   21.7962
    0.0000   37.5000  -37.5000 9417.1855   21.7154
    7.5000   37.5000  -37.5000 9112.5967   21.7199
   -7.5000   45.0000  -37.5000 8173.9126   21.2539
    0.0000   45.0000  -37.5000 8679.2432   21.1903
    7.5000   45.0000  -37.5000 8395.3184   21.1908
   -7.5000  -45.0000  -30.0000 6948.5659   22.9847
    0.0000  -45.0000  -30.0000 7340.5767   22.8965
    7.5000  -45.0000  -30.0000 7165.6372   22.8802
   -7.5000  -37.5000  -30.0000 7542.0781   22.8325
    0.0000  -37.5000  -30.0000 7981.5015   22.7492
    7.5000  -37.5000  -30.0000 7772.9214   22.7463
   -7.5000  -30.0000  -30.0000 8456.0518   22.7415
    0.0000  -30.0000  -30.0000 8961.7490   22.6569
    7.5000  -30.0000  -30.0000 8695.5254   22.6683
   -7.5000  -22.5000  -30.0000 9354.2705   22.7488
    0.0000  -22.5000  -30.0000 9904.8457   22.6585
    7.5000  -22.5000  -30.0000 9595.4385   22.6704
   -7.5000  -15.0000  -30.000010167.9951   22.8316
    0.0000  -15.0000  -30.000010769.3594   22.7360
    7.5000  -15.0000  -30.000010404.0811   22.7360
   -7.5000   -7.5000  -30.000010865.1367   22.9118
    0.0000   -7.5000  -30.000011502.3193   22.8185
    7.5000   -7.5000  -30.000011099.6084   22.8058
   -7.5000    0.0000  -30.000011440.2812   22.9202
    0.0000    0.0000  -30.000012115.4365   22.8334
    7.5000    0.0000  -30.000011712.9023   22.8181
   -7.5000    7.5000  -30.000011227.5195   22.8325
    0.0000    7.5000  -30.000011923.7021   22.7492
    7.5000    7.5000  -30.000011553.5537   22.7463
   -7.5000   15.0000  -30.000010998.0000   22.7415
    0.0000   15.0000  -30.000011678.9434   22.6569
    7.5000   15.0000  -30.000011330.8701   22.6683
   -7.5000   22.5000  -30.000010631.6992   22.7434
    0.0000   22.5000  -30.000011288.6416   22.6530
    7.5000   22.5000  -30.000010907.9736   22.6649
   -7.5000   30.0000  -30.0000 9910.9619   22.5295
    0.0000   30.0000  -30.000010536.2461   22.4352
    7.5000   30.0000  -30.000010176.3994   22.4352
   -7.5000   37.5000  -30.0000 9487.0859   22.6086
    0.0000   37.5000  -30.000010114.3037   22.5166
    7.5000   37.5000  -30.0000 9752.5889   22.5040
   -7.5000   45.0000  -30.0000 8701.9268   22.0567
    0.0000   45.0000  -30.0000 9287.6777   21.9732
    7.5000   45.0000  -30.0000 8950.5137   21.9585
   -7.5000  -45.0000  -22.5000 7611.0947   23.8273
    0.0000  -45.0000  -22.5000 8027.0610   23.7231
    7.5000  -45.0000  -22.5000 7811.4448   23.6995
   -7.5000  -37.5000  -22.5000 8282.6641   23.6641
    0.0000  -37.5000  -22.5000 8755.0293   23.5587
    7.5000  -37.5000  -22.5000 8493.3945   23.5492
   -7.5000  -30.0000  -22.5000 9272.2266   23.5606
    0.0000  -30.0000  -22.5000 9810.7490   23.4536
    7.5000  -30.0000  -22.5000 9492.0752   23.4585
   -7.5000  -22.5000  -22.500010232.8750   23.5632
    0.0000  -22.5000  -22.500010836.7598   23.4576
    7.5000  -22.5000  -22.500010461.8896   23.4626
   -7.5000  -15.0000  -22.500011095.8135   23.6506
    0.0000  -15.0000  -22.500011770.9297   23.5476
    7.5000  -15.0000  -22.500011330.0957   23.5405
   -7.5000   -7.5000  -22.500011829.5762   23.7434
    0.0000   -7.5000  -22.500012540.4004   23.6419
    7.5000   -7.5000  -22.500012088.4453   23.6219
   -7.5000    0.0000  -22.500012460.0195   23.7595
    0.0000    0.0000  -22.500013186.8281   23.6571
    7.5000    0.0000  -22.500012756.0928   23.6347
   -7.5000    7.5000  -22.500012257.6699   23.6641
    0.0000    7.5000  -22.500013013.4668   23.5587
    7.5000    7.5000  -22.500012568.7783   23.5492
   -7.5000   15.0000  -22.500012003.5889   23.5606
    0.0000   15.0000  -22.500012774.8232   23.4536
    7.5000   15.0000  -22.500012295.9883   23.4585
   -7.5000   22.5000  -22.500011535.7324   23.5559
    0.0000   22.5000  -22.500012255.5361   23.4504
    7.5000   22.5000  -22.500011765.0605   23.4554
   -7.5000   30.0000  -22.500010708.0654   23.3413
    0.0000   30.0000  -22.500011398.0996   23.2396
    7.5000   30.0000  -22.500010961.3926   23.2326
   -7.5000   37.5000  -22.500010218.8496   23.4328
    0.0000   37.5000  -22.500010892.1602   23.3327
    7.5000   37.5000  -22.500010497.3936   23.3129
   -7.5000   45.0000  -22.5000 9357.6992   22.8815
    0.0000   45.0000  -22.5000 9973.5645   22.7830
    7.5000   45.0000  -22.5000 9606.7041   22.7614
   -7.5000  -45.0000  -15.0000 8284.6494   24.4017
    0.0000  -45.0000  -15.0000 8740.8799   24.3034
    7.5000  -45.0000  -15.0000 8502.8623   24.2886
   -7.5000  -37.5000  -15.0000 9041.6787   24.2556
    0.0000  -37.5000  -15.0000 9547.0654   24.1518
    7.5000  -37.5000  -15.0000 9231.7393   24.1463
   -7.5000  -30.0000  -15.000010122.2207   24.1592
    0.0000  -30.0000  -15.000010695.1973   24.0477
    7.5000  -30.0000  -15.000010318.5117   24.0532
   -7.5000  -22.5000  -15.000011144.5273   24.1472
    0.0000  -22.5000  -15.000011790.8057   24.0351
    7.5000  -22.5000  -15.000011362.2949   24.0438
   -7.5000  -15.0000  -15.000012049.6240   24.2144
    0.0000  -15.0000  -15.000012763.0254   24.1088
    7.5000  -15.0000  -15.000012284.0283   24.1103
   -7.5000   -7.5000  -15.000012833.2363   24.3030
    0.0000   -7.5000  -15.000013602.3721   24.2054
    7.5000   -7.5000  -15.000013113.1982   24.1956
   -7.5000    0.0000  -15.000013559.1240   24.3323
    0.0000    0.0000  -15.000014334.1787   24.2359
    7.5000    0.0000  -15.000013820.5186   24.2222
   -7.5000    7.5000  -15.000013344.1104   24.2556
    0.0000    7.5000  -15.000014168.8467   24.1518
    7.5000    7.5000  -15.000013591.2168   24.1463
   -7.5000   15.0000  -15.000013066.2891   24.1592
    0.0000   15.0000  -15.000013897.7686   24.0477
    7.5000   15.0000  -15.000013284.0225   24.0532
   -7.5000   22.5000  -15.000012478.6973   24.1386
    0.0000   22.5000  -15.000013281.7236   24.0266
    7.5000   22.5000  -15.000012681.3389   24.0353
   -7.5000   30.0000  -15.000011554.8271   23.9010
    0.0000   30.0000  -15.000012324.5703   23.7968
    7.5000   30.0000  -15.000011824.7207   23.7983
   -7.5000   37.5000  -15.000011032.6699   23.9885
    0.0000   37.5000  -15.000011785.7881   23.8921
    7.5000   37.5000  -15.000011337.0215   23.8824
   -7.5000   45.0000  -15.000010120.8916   23.4474
    0.0000   45.0000  -15.000010800.0977   23.3545
    7.5000   45.0000  -15.000010376.8789   23.3413
   -7.5000  -45.0000   -7.5000 9012.7148   24.6223
    0.0000  -45.0000   -7.5000 9538.3271   24.5445
    7.5000  -45.0000   -7.5000 9253.5234   24.5459
   -7.5000  -37.5000   -7.5000 9830.3809   24.5029
    0.0000  -37.5000   -7.500010390.6953   24.4243
    7.5000  -37.5000   -7.500010029.8789   24.4294
   -7.5000  -30.0000   -7.500010993.0527   24.4296
    0.0000  -30.0000   -7.500011603.1836   24.3377
    7.5000  -30.0000   -7.500011181.4512   24.3506
   -7.5000  -22.5000   -7.500012130.8232   24.4121
    0.0000  -22.5000   -7.500012824.2559   24.3081
    7.5000  -22.5000   -7.500012339.6846   24.3268
   -7.5000  -15.0000   -7.500013123.3730   24.4556
    0.0000  -15.0000   -7.500013893.6621   24.3510
    7.5000  -15.0000   -7.500013357.2578   24.3666
   -7.5000   -7.5000   -7.500013978.7939   24.5235
    0.0000   -7.5000   -7.500014795.9033   24.4337
    7.5000   -7.5000   -7.500014245.0020   24.4404
   -7.5000    0.0000   -7.500014759.2168   24.5535
    0.0000    0.0000   -7.500015624.3154   24.4774
    7.5000    0.0000   -7.500014999.9268   24.4796
   -7.5000    7.5000   -7.500014543.7314   24.5029
    0.0000    7.5000   -7.500015429.1270   24.4243
    7.5000    7.5000   -7.500014703.1221   24.4294
   -7.5000   15.0000   -7.500014233.8047   24.4296
    0.0000   15.0000   -7.500015161.1963   24.3377
    7.5000   15.0000   -7.500014418.2715   24.3506
   -7.5000   22.5000   -7.500013561.5273   24.4008
    0.0000   22.5000   -7.500014439.8984   24.2968
    7.5000   22.5000   -7.500013740.9473   24.3155
   -7.5000   30.0000   -7.500012572.8848   24.1384
    0.0000   30.0000   -7.500013404.1436   24.0352
    7.5000   30.0000   -7.500012784.9385   24.0506
   -7.5000   37.5000   -7.500011988.7871   24.2055
    0.0000   37.5000   -7.500012812.6016   24.1168
    7.5000   37.5000   -7.500012242.4873   24.1234
   -7.5000   45.0000   -7.500010981.7217   23.6649
    0.0000   45.0000   -7.500011747.6191   23.5916
    7.5000   45.0000   -7.500011218.0684   23.5937
   -7.5000  -45.0000    0.0000 9642.4238   24.6084
    0.0000  -45.0000    0.000010213.9775   24.5422
    7.5000  -45.0000    0.0000 9875.0107   24.5515
   -7.5000  -37.5000    0.000010478.7227   24.4958
    0.0000  -37.5000    0.000011086.2266   24.4369
    7.5000  -37.5000    0.000010701.0537   24.4497
   -7.5000  -30.0000    0.000011731.1582   24.4347
    0.0000  -30.0000    0.000012372.4863   24.3639
    7.5000  -30.0000    0.000011952.2930   24.3850
   -7.5000  -22.5000    0.000012964.3291   24.4245
    0.0000  -22.5000    0.000013678.6875   24.3336
    7.5000  -22.5000    0.000013196.3613   24.3607
   -7.5000  -15.0000    0.000014123.6738   24.4656
    0.0000  -15.0000    0.000014914.8867   24.3645
    7.5000  -15.0000    0.000014380.3828   24.3880
   -7.5000   -7.5000    0.000015103.1553   24.5206
    0.0000   -7.5000    0.000015973.8389   24.4339
    7.5000   -7.5000    0.000015358.4150   24.4482
   -7.5000    0.0000    0.000015931.1055   24.5407
    0.0000    0.0000    0.000016887.7090   24.4760
    7.5000    0.0000    0.000016113.9609   24.4857
   -7.5000    7.5000    0.000015683.2861   24.4958
    0.0000    7.5000    0.000016573.1035   24.4369
    7.5000    7.5000    0.000015739.8545   24.4497
   -7.5000   15.0000    0.000015382.6768   24.4347
    0.0000   15.0000    0.000016279.6270   24.3639
    7.5000   15.0000    0.000015448.4102   24.3850
   -7.5000   22.5000    0.000014657.1006   24.4133
    0.0000   22.5000    0.000015487.8262   24.3223
    7.5000   22.5000    0.000014712.9043   24.3495
   -7.5000   30.0000    0.000013580.1855   24.1490
    0.0000   30.0000    0.000014380.1074   24.0492
    7.5000   30.0000    0.000013666.5879   24.0723
   -7.5000   37.5000    0.000012909.7891   24.2033
    0.0000   37.5000    0.000013719.7041   24.1176
    7.5000   37.5000    0.000013060.9668   24.1318
   -7.5000   45.0000    0.000011776.2471   23.6544
    0.0000   45.0000    0.000012568.1074   23.5920
    7.5000   45.0000    0.000011970.1592   23.6014
   -7.5000  -45.0000    7.5000 9448.2012   24.6155
    0.0000  -45.0000    7.500010018.1318   24.5410
    7.5000  -45.0000    7.5000 9692.3379   24.5409
   -7.5000  -37.5000    7.500010294.3623   24.4805
    0.0000  -37.5000    7.500010861.4463   24.4153
    7.5000  -37.5000    7.500010506.6064   24.4238
   -7.5000  -30.0000    7.500011539.6426   24.4048
    0.0000  -30.0000    7.500012118.3994   24.3333
    7.5000  -30.0000    7.500011733.3242   24.3543
   -7.5000  -22.5000    7.500012758.7324   24.4052
    0.0000  -22.5000    7.500013410.9307   24.3175
    7.5000  -22.5000    7.500012977.0293   24.3424
   -7.5000  -15.0000    7.500013968.3594   24.4689
    0.0000  -15.0000    7.500014713.5801   24.3699
    7.5000  -15.0000    7.500014225.3096   24.3868
   -7.5000   -7.5000    7.500015131.1250   24.5356
    0.0000   -7.5000    7.500016012.6660   24.4449
    7.5000   -7.5000    7.500015338.2920   24.4498
   -7.5000    0.0000    7.500016031.8516   24.5476
    0.0000    0.0000    7.500016829.4473   24.4744
    7.5000    0.0000    7.500015988.3955   24.4749
   -7.5000    7.5000    7.500015775.6543   24.4805
    0.0000    7.5000    7.500016324.2803   24.4153
    7.5000    7.5000    7.500015515.2520   24.4238
   -7.5000   15.0000    7.500015469.6240   24.4048
    0.0000   15.0000    7.500015982.7734   24.3333
    7.5000   15.0000    7.500015225.0361   24.3543
   -7.5000   22.5000    7.500014678.9873   24.3939
    0.0000   22.5000    7.500015204.0293   24.3063
    7.5000   22.5000    7.500014497.8213   24.3312
   -7.5000   30.0000    7.500013585.0420   24.1523
    0.0000   30.0000    7.500014110.1475   24.0545
    7.5000   30.0000    7.500013461.0488   24.0712
   -7.5000   37.5000    7.500012915.7520   24.2181
    0.0000   37.5000    7.500013511.2344   24.1286
    7.5000   37.5000    7.500012871.2979   24.1334
   -7.5000   45.0000    7.500011779.4932   23.6610
    0.0000   45.0000    7.500012430.4775   23.5905
    7.5000   45.0000    7.500011811.1055   23.5910
   -7.5000  -45.0000   15.0000 9180.7959   24.6769
    0.0000  -45.0000   15.0000 9714.6689   24.5822
    7.5000  -45.0000   15.0000 9427.1357   24.5647
   -7.5000  -37.5000   15.0000 9945.4248   24.5134
    0.0000  -37.5000   15.000010487.7686   24.4241
    7.5000  -37.5000   15.000010173.9854   24.4209
   -7.5000  -30.0000   15.000011096.2061   24.4157
    0.0000  -30.0000   15.000011688.1953   24.3250
    7.5000  -30.0000   15.000011339.2617   24.3373
   -7.5000  -22.5000   15.000012287.4531   24.4237
    0.0000  -22.5000   15.000012946.9619   24.3268
    7.5000  -22.5000   15.000012552.6729   24.3395
   -7.5000  -15.0000   15.000013517.1787   24.5125
    0.0000  -15.0000   15.000014314.9150   24.4100
    7.5000  -15.0000   15.000013828.2344   24.4100
   -7.5000   -7.5000   15.000014841.6709   24.5987
    0.0000   -7.5000   15.000015839.7168   24.4985
    7.5000   -7.5000   15.000015139.8799   24.4849
   -7.5000    0.0000   15.000015949.9023   24.6077
    0.0000    0.0000   15.000016528.1270   24.5145
    7.5000    0.0000   15.000015846.1680   24.4981
   -7.5000    7.5000   15.000015692.5400   24.5134
    0.0000    7.5000   15.000015790.5732   24.4241
    7.5000    7.5000   15.000015240.6807   24.4209
   -7.5000   15.0000   15.000015362.6641   24.4157
    0.0000   15.0000   15.000015443.0654   24.3250
    7.5000   15.0000   15.000014921.0771   24.3373
   -7.5000   22.5000   15.000014541.1748   24.4124
    0.0000   22.5000   15.000014797.5781   24.3155
    7.5000   22.5000   15.000014222.7998   24.3283
   -7.5000   30.0000   15.000013461.7266   24.1953
    0.0000   30.0000   15.000013858.3291   24.0941
    7.5000   30.0000   15.000013261.3379   24.0941
   -7.5000   37.5000   15.000012742.2568   24.2803
    0.0000   37.5000   15.000013276.6299   24.1815
    7.5000   37.5000   15.000012675.2803   24.1680
   -7.5000   45.0000   15.000011555.6123   23.7190
    0.0000   45.0000   15.000012175.4932   23.6292
    7.5000   45.0000   15.000011563.5615   23.6133
   -7.5000  -45.0000   22.5000 8820.6074   24.7347
    0.0000  -45.0000   22.5000 9320.3691   24.6266
    7.5000  -45.0000   22.5000 9008.3584   24.6021
   -7.5000  -37.5000   22.5000 9576.2490   24.5653
    0.0000  -37.5000   22.500010094.7119   24.4559
    7.5000  -37.5000   22.5000 9775.2070   24.4460
   -7.5000  -30.0000   22.500010669.4189   24.4579
    0.0000  -30.0000   22.500011230.6504   24.3469
    7.5000  -30.0000   22.500010926.1719   24.3519
   -7.5000  -22.5000   22.500011844.0547   24.4606
    0.0000  -22.5000   22.500012456.8760   24.3510
    7.5000  -22.5000   22.500012108.9834   24.3562
   -7.5000  -15.0000   22.500013012.1865   24.5514
    0.0000  -15.0000   22.500013722.2822   24.4444
    7.5000  -15.0000   22.500013349.5771   24.4370
   -7.5000   -7.5000   22.500014120.7178   24.6476
    0.0000   -7.5000   22.500014893.7246   24.5423
    7.5000   -7.5000   22.500014584.3457   24.5215
   -7.5000    0.0000   22.500015069.9053   24.6643
    0.0000    0.0000   22.500015652.9023   24.5581
    7.5000    0.0000   22.500015366.6426   24.5348
   -7.5000    7.5000   22.500014996.3828   24.5653
    0.0000    7.5000   22.500015363.1582   24.4559
    7.5000    7.5000   22.500014998.9482   24.4460
   -7.5000   15.0000   22.500014732.2363   24.4579
    0.0000   15.0000   22.500015181.1816   24.3469
    7.5000   15.0000   22.500014648.5801   24.3519
   -7.5000   22.5000   22.500013859.4453   24.4493
    0.0000   22.5000   22.500014448.5752   24.3398
    7.5000   22.5000   22.500013805.9268   24.3450
   -7.5000   30.0000   22.500012764.3711   24.2336
    0.0000   30.0000   22.500013389.0742   24.1281
    7.5000   30.0000   22.500012761.2959   24.1208
   -7.5000   37.5000   22.500012078.6133   24.3286
    0.0000   37.5000   22.500012701.6201   24.2247
    7.5000   37.5000   22.500012113.4688   24.2041
   -7.5000   45.0000   22.500011003.0742   23.7736
    0.0000   45.0000   22.500011595.2607   23.6711
    7.5000   45.0000   22.500011058.7578   23.6487
   -7.5000  -45.0000   30.0000 8339.9268   24.7418
    0.0000  -45.0000   30.0000 8794.0947   24.6422
    7.5000  -45.0000   30.0000 8517.8730   24.6272
   -7.5000  -37.5000   30.0000 9026.2754   24.5938
    0.0000  -37.5000   30.0000 9495.9902   24.4886
    7.5000  -37.5000   30.0000 9222.6006   24.4829
   -7.5000  -30.0000   30.000010071.5166   24.4961
    0.0000  -30.0000   30.000010604.8379   24.3830
    7.5000  -30.0000   30.000010300.3691   24.3886
   -7.5000  -22.5000   30.000011174.4922   24.4840
    0.0000  -22.5000   30.000011770.1436   24.3703
    7.5000  -22.5000   30.000011459.3232   24.3791
   -7.5000  -15.0000   30.000012226.8447   24.5520
    0.0000  -15.0000   30.000012977.4189   24.4449
    7.5000  -15.0000   30.000012672.8564   24.4464
   -7.5000   -7.5000   30.000013207.9902   24.6418
    0.0000   -7.5000   30.000014037.2646   24.5427
    7.5000   -7.5000   30.000013757.7148   24.5328
   -7.5000    0.0000   30.000014092.4980   24.6714
    0.0000    0.0000   30.000014880.6289   24.5737
    7.5000    0.0000   30.000014499.3242   24.5598
   -7.5000    7.5000   30.000014006.3008   24.5938
    0.0000    7.5000   30.000014773.0625   24.4886
    7.5000    7.5000   30.000014245.1143   24.4829
   -7.5000   15.0000   30.000013752.2324   24.4961
    0.0000   15.0000   30.000014496.6514   24.3830
    7.5000   15.0000   30.000013914.0146   24.3886
   -7.5000   22.5000   30.000012911.3037   24.4727
    0.0000   22.5000   30.000013578.8398   24.3590
    7.5000   22.5000   30.000013024.5977   24.3679
   -7.5000   30.0000   30.000011897.2324   24.2343
    0.0000   30.0000   30.000012492.1123   24.1286
    7.5000   30.0000   30.000012022.7168   24.1301
   -7.5000   37.5000   30.000011295.6543   24.3229
    0.0000   37.5000   30.000011855.0947   24.2251
    7.5000   37.5000   30.000011400.0156   24.2153
   -7.5000   45.0000   30.000010335.5098   23.7804
    0.0000   45.0000   30.000010854.2793   23.6862
    7.5000   45.0000   30.000010426.1455   23.6729
   -7.5000  -45.0000   37.5000 8018.3506   24.6908
    0.0000  -45.0000   37.5000 8501.3477   24.6129
    7.5000  -45.0000   37.5000 8241.1660   24.6144
   -7.5000  -37.5000   37.5000 8710.1631   24.5712
    0.0000  -37.5000   37.5000 9243.3145   24.4924
    7.5000  -37.5000   37.5000 8959.2266   24.4976
   -7.5000  -30.0000   37.5000 9763.8799   24.4980
    0.0000  -30.0000   37.500010390.1143   24.4058
    7.5000  -30.0000   37.500010040.6943   24.4187
   -7.5000  -22.5000   37.500010786.4082   24.4806
    0.0000  -22.5000   37.500011528.6904   24.3761
    7.5000  -22.5000   37.500011145.5586   24.3948
   -7.5000  -15.0000   37.500011725.1758   24.5240
    0.0000  -15.0000   37.500012569.0957   24.4191
    7.5000  -15.0000   37.500012204.5957   24.4346
   -7.5000   -7.5000   37.500012612.8730   24.5918
    0.0000   -7.5000   37.500013446.5244   24.5017
    7.5000   -7.5000   37.500013097.2695   24.5085
   -7.5000    0.0000   37.500013418.9365   24.6217
    0.0000    0.0000   37.500014205.4873   24.5456
    7.5000    0.0000   37.500013798.4951   24.5478
   -7.5000    7.5000   37.500013334.6191   24.5712
    0.0000    7.5000   37.500014071.8652   24.4924
    7.5000    7.5000   37.500013630.8711   24.4976
   -7.5000   15.0000   37.500013092.5137   24.4980
    0.0000   15.0000   37.500013756.4971   24.4058
    7.5000   15.0000   37.500013320.9717   24.4187
   -7.5000   22.5000   37.500012318.9805   24.4693
    0.0000   22.5000   37.500012931.8623   24.3649
    7.5000   22.5000   37.500012513.4277   24.3835
   -7.5000   30.0000   37.500011380.4678   24.2066
    0.0000   30.0000   37.500011947.7715   24.1030
    7.5000   30.0000   37.500011550.6514   24.1183
   -7.5000   37.5000   37.500010841.9023   24.2735
    0.0000   37.5000   37.500011385.6611   24.1846
    7.5000   37.5000   37.500010993.8975   24.1913
   -7.5000   45.0000   37.5000 9931.5703   23.7325
    0.0000   45.0000   37.500010427.7188   23.6591
    7.5000   45.0000   37.500010086.3691   23.6613
   -7.5000  -45.0000   45.0000 7371.7456   24.7592
    0.0000  -45.0000   45.0000 7865.2534   24.6925
    7.5000  -45.0000   45.0000 7643.9146   24.7029
   -7.5000  -37.5000   45.0000 8032.4961   24.6451
    0.0000  -37.5000   45.0000 8571.2764   24.5858
    7.5000  -37.5000   45.0000 8305.2373   24.5997
   -7.5000  -30.0000   45.0000 8987.9941   24.5836
    0.0000  -30.0000   45.0000 9576.8584   24.5118
    7.5000  -30.0000   45.0000 9258.9473   24.5338
   -7.5000  -22.5000   45.0000 9909.4238   24.5733
    0.0000  -22.5000   45.000010543.4824   24.4808
    7.5000  -22.5000   45.000010218.4736   24.5086
   -7.5000  -15.0000   45.000010744.2998   24.6146
    0.0000  -15.0000   45.000011420.5039   24.5119
    7.5000  -15.0000   45.000011112.7891   24.5358
   -7.5000   -7.5000   45.000011513.8584   24.6700
    0.0000   -7.5000   45.000012190.0752   24.5821
    7.5000   -7.5000   45.000011893.4141   24.5971
   -7.5000    0.0000   45.000012226.3320   24.6902
    0.0000    0.0000   45.000012909.0469   24.6250
    7.5000    0.0000   45.000012579.7666   24.6358
   -7.5000    7.5000   45.000012116.1582   24.6451
    0.0000    7.5000   45.000012769.3975   24.5858
    7.5000    7.5000   45.000012441.3721   24.5997
   -7.5000   15.0000   45.000011901.4697   24.5836
    0.0000   15.0000   45.000012484.3750   24.5118
    7.5000   15.0000   45.000012144.2568   24.5338
   -7.5000   22.5000   45.000011240.4912   24.5619
    0.0000   22.5000   45.000011758.8301   24.4695
    7.5000   22.5000   45.000011428.3096   24.4972
   -7.5000   30.0000   45.000010405.0986   24.2940
    0.0000   30.0000   45.000010900.2070   24.1926
    7.5000   30.0000   45.000010589.4209   24.2162
   -7.5000   37.5000   45.0000 9940.8984   24.3486
    0.0000   37.5000   45.000010428.7900   24.2619
    7.5000   37.5000   45.000010124.0029   24.2767
   -7.5000   45.0000   45.0000 9108.3750   23.8093
    0.0000   45.0000   45.0000 9559.1182   23.7464
    7.5000   45.0000   45.0000 9272.8945   23.7569

---------------------------------------------------------------------
imgreg_4dfp /opt/freesurfer/average/711-2C_as_mni_average_305 /opt/freesurfer/average/711-2B_as_mni_average_305_mask talsrcimg_g11 none talsrcimg_to_711-2C_as_mni_average_305_t4 4355
---------------------------------------------------------------------

freesurfer imgreg_4dfp.c
/opt/freesurfer/average/711-2C_as_mni_average_305.4dfp.img
       256       256       256         1
  1.000000  1.000000  1.000000
orientation T byte_order littleendian
Reading image: /opt/freesurfer/average/711-2C_as_mni_average_305.4dfp.img
dimensions:      256       256       256
mmppix:       1.0000   -1.0000   -1.0000
center:     128.0000 -129.0000 -129.0000
/opt/freesurfer/average/711-2B_as_mni_average_305_mask.4dfp.img
       256       256       256         1
  1.000000  1.000000  1.000000
orientation T byte_order littleendian
Reading mask: /opt/freesurfer/average/711-2B_as_mni_average_305_mask.4dfp.img (2306576 pixels)
talsrcimg_g11.4dfp.img
       256       256       256         1
  1.000000  1.000000  1.000000
orientation T byte_order littleendian
Reading image: talsrcimg_g11.4dfp.img
dimensions:      256       256       256
mmppix:       1.0000   -1.0000   -1.0000
center:     128.0000 -129.0000 -129.0000
rotation matrix determinant  1.000000
image alignment mode   4355 decimal     1103 hex
   -7.5000  -45.0000  -45.0000 1782.9042   34.5268
    0.0000  -45.0000  -45.0000 1792.8752   33.7471
    7.5000  -45.0000  -45.0000 1796.8959   33.4372
   -7.5000  -37.5000  -45.0000 1866.6885   31.1180
    0.0000  -37.5000  -45.0000 1882.2612   30.4115
    7.5000  -37.5000  -45.0000 1882.9077   30.2527
   -7.5000  -30.0000  -45.0000 1956.2823   28.4826
    0.0000  -30.0000  -45.0000 1975.4515   27.8948
    7.5000  -30.0000  -45.0000 1979.2089   27.7553
   -7.5000  -22.5000  -45.0000 2017.6951   26.7120
    0.0000  -22.5000  -45.0000 2041.7546   26.1711
    7.5000  -22.5000  -45.0000 2048.7971   26.0191
   -7.5000  -15.0000  -45.0000 2059.8015   25.3979
    0.0000  -15.0000  -45.0000 2084.8210   24.8932
    7.5000  -15.0000  -45.0000 2087.7063   24.6985
   -7.5000   -7.5000  -45.0000 2085.3811   24.4238
    0.0000   -7.5000  -45.0000 2110.3315   23.8415
    7.5000   -7.5000  -45.0000 2116.3186   23.6847
   -7.5000    0.0000  -45.0000 2092.3838   23.9807
    0.0000    0.0000  -45.0000 2120.9993   23.3765
    7.5000    0.0000  -45.0000 2125.5093   23.2877
   -7.5000    7.5000  -45.0000 2097.0046   24.0568
    0.0000    7.5000  -45.0000 2121.6145   23.4714
    7.5000    7.5000  -45.0000 2126.1145   23.4106
   -7.5000   15.0000  -45.0000 2088.1084   24.4200
    0.0000   15.0000  -45.0000 2118.4307   23.8027
    7.5000   15.0000  -45.0000 2120.7747   23.7339
   -7.5000   22.5000  -45.0000 2061.4077   25.2987
    0.0000   22.5000  -45.0000 2092.0122   24.6039
    7.5000   22.5000  -45.0000 2097.5837   24.4583
   -7.5000   30.0000  -45.0000 2014.1108   26.5680
    0.0000   30.0000  -45.0000 2041.1237   25.7957
    7.5000   30.0000  -45.0000 2046.3024   25.6201
   -7.5000   37.5000  -45.0000 1949.9202   28.3102
    0.0000   37.5000  -45.0000 1980.1981   27.5798
    7.5000   37.5000  -45.0000 1986.0402   27.3658
   -7.5000   45.0000  -45.0000 1869.1483   30.7087
    0.0000   45.0000  -45.0000 1899.2739   29.9734
    7.5000   45.0000  -45.0000 1904.7191   29.8001
   -7.5000  -45.0000  -37.5000 1856.7040   32.0024
    0.0000  -45.0000  -37.5000 1873.8905   31.2363
    7.5000  -45.0000  -37.5000 1874.5887   31.0208
   -7.5000  -37.5000  -37.5000 1948.6871   28.8224
    0.0000  -37.5000  -37.5000 1974.5826   28.2069
    7.5000  -37.5000  -37.5000 1967.5243   27.9409
   -7.5000  -30.0000  -37.5000 2045.9003   26.3693
    0.0000  -30.0000  -37.5000 2073.7668   25.8639
    7.5000  -30.0000  -37.5000 2068.8296   25.6454
   -7.5000  -22.5000  -37.5000 2117.6030   24.6841
    0.0000  -22.5000  -37.5000 2146.8967   24.3128
    7.5000  -22.5000  -37.5000 2149.5884   24.0542
   -7.5000  -15.0000  -37.5000 2166.7983   23.4608
    0.0000  -15.0000  -37.5000 2186.6006   23.0260
    7.5000  -15.0000  -37.5000 2195.2842   22.8396
   -7.5000   -7.5000  -37.5000 2188.2888   22.5485
    0.0000   -7.5000  -37.5000 2209.2458   22.1519
    7.5000   -7.5000  -37.5000 2219.8606   21.9493
   -7.5000    0.0000  -37.5000 2194.9639   22.0870
    0.0000    0.0000  -37.5000 2218.0005   21.6190
    7.5000    0.0000  -37.5000 2229.2087   21.5029
   -7.5000    7.5000  -37.5000 2183.6387   22.0713
    0.0000    7.5000  -37.5000 2215.7844   21.6108
    7.5000    7.5000  -37.5000 2225.2397   21.5247
   -7.5000   15.0000  -37.5000 2175.4587   22.2145
    0.0000   15.0000  -37.5000 2207.4238   21.7903
    7.5000   15.0000  -37.5000 2212.8237   21.7001
   -7.5000   22.5000  -37.5000 2153.0361   23.0334
    0.0000   22.5000  -37.5000 2186.9692   22.4647
    7.5000   22.5000  -37.5000 2194.4128   22.3280
   -7.5000   30.0000  -37.5000 2110.2063   24.1983
    0.0000   30.0000  -37.5000 2142.6987   23.5666
    7.5000   30.0000  -37.5000 2150.1208   23.4613
   -7.5000   37.5000  -37.5000 2052.4004   25.9280
    0.0000   37.5000  -37.5000 2086.4475   25.2250
    7.5000   37.5000  -37.5000 2091.2346   25.0623
   -7.5000   45.0000  -37.5000 1968.7802   28.1981
    0.0000   45.0000  -37.5000 1998.0142   27.4189
    7.5000   45.0000  -37.5000 2005.1759   27.2917
   -7.5000  -45.0000  -30.0000 1965.3521   30.9296
    0.0000  -45.0000  -30.0000 1986.7787   30.2016
    7.5000  -45.0000  -30.0000 1993.6111   29.8925
   -7.5000  -37.5000  -30.0000 2072.0640   27.8868
    0.0000  -37.5000  -30.0000 2093.9265   27.3272
    7.5000  -37.5000  -30.0000 2097.2659   26.9192
   -7.5000  -30.0000  -30.0000 2175.7068   25.4483
    0.0000  -30.0000  -30.0000 2201.9331   24.9439
    7.5000  -30.0000  -30.0000 2203.9221   24.6705
   -7.5000  -22.5000  -30.0000 2257.4832   23.6935
    0.0000  -22.5000  -30.0000 2285.8167   23.2534
    7.5000  -22.5000  -30.0000 2285.8801   23.0105
   -7.5000  -15.0000  -30.0000 2304.0994   22.4993
    0.0000  -15.0000  -30.0000 2334.8025   22.1048
    7.5000  -15.0000  -30.0000 2336.9141   21.8836
   -7.5000   -7.5000  -30.0000 2327.8643   21.6519
    0.0000   -7.5000  -30.0000 2357.5154   21.2723
    7.5000   -7.5000  -30.0000 2361.5483   21.0394
   -7.5000    0.0000  -30.0000 2338.4065   21.1094
    0.0000    0.0000  -30.0000 2363.9370   20.7381
    7.5000    0.0000  -30.0000 2366.5508   20.5663
   -7.5000    7.5000  -30.0000 2338.8831   21.0466
    0.0000    7.5000  -30.0000 2370.2603   20.6307
    7.5000    7.5000  -30.0000 2377.3635   20.4871
   -7.5000   15.0000  -30.0000 2322.7622   21.2000
    0.0000   15.0000  -30.0000 2357.2915   20.7732
    7.5000   15.0000  -30.0000 2367.8135   20.7164
   -7.5000   22.5000  -30.0000 2298.2539   21.9153
    0.0000   22.5000  -30.0000 2336.6694   21.4145
    7.5000   22.5000  -30.0000 2344.9768   21.3302
   -7.5000   30.0000  -30.0000 2251.3125   23.1005
    0.0000   30.0000  -30.0000 2289.4614   22.4940
    7.5000   30.0000  -30.0000 2298.6147   22.3889
   -7.5000   37.5000  -30.0000 2188.5200   24.7807
    0.0000   37.5000  -30.0000 2224.3025   24.1269
    7.5000   37.5000  -30.0000 2229.1584   23.9459
   -7.5000   45.0000  -30.0000 2103.1614   27.0309
    0.0000   45.0000  -30.0000 2133.5464   26.2899
    7.5000   45.0000  -30.0000 2133.1392   26.1418
   -7.5000  -45.0000  -22.5000 2060.7009   29.6103
    0.0000  -45.0000  -22.5000 2084.0547   28.8871
    7.5000  -45.0000  -22.5000 2083.3738   28.4287
   -7.5000  -37.5000  -22.5000 2179.0242   26.6162
    0.0000  -37.5000  -22.5000 2198.4504   26.0605
    7.5000  -37.5000  -22.5000 2196.0081   25.6340
   -7.5000  -30.0000  -22.5000 2285.3391   24.3080
    0.0000  -30.0000  -22.5000 2309.7695   23.8630
    7.5000  -30.0000  -22.5000 2306.1907   23.5396
   -7.5000  -22.5000  -22.5000 2366.4380   22.5115
    0.0000  -22.5000  -22.5000 2398.7949   22.0577
    7.5000  -22.5000  -22.5000 2393.9199   21.8429
   -7.5000  -15.0000  -22.5000 2422.6504   21.3266
    0.0000  -15.0000  -22.5000 2462.1162   20.8768
    7.5000  -15.0000  -22.5000 2455.5535   20.6424
   -7.5000   -7.5000  -22.5000 2452.3164   20.5276
    0.0000   -7.5000  -22.5000 2489.3501   20.0965
    7.5000   -7.5000  -22.5000 2490.9871   19.9015
   -7.5000    0.0000  -22.5000 2465.9089   19.9821
    0.0000    0.0000  -22.5000 2493.0193   19.6202
    7.5000    0.0000  -22.5000 2503.1672   19.4380
   -7.5000    7.5000  -22.5000 2476.6594   19.8573
    0.0000    7.5000  -22.5000 2506.1584   19.4782
    7.5000    7.5000  -22.5000 2512.3259   19.3354
   -7.5000   15.0000  -22.5000 2461.1025   20.0352
    0.0000   15.0000  -22.5000 2500.8557   19.6268
    7.5000   15.0000  -22.5000 2504.2305   19.5613
   -7.5000   22.5000  -22.5000 2430.8516   20.6871
    0.0000   22.5000  -22.5000 2476.0308   20.2303
    7.5000   22.5000  -22.5000 2480.3513   20.1426
   -7.5000   30.0000  -22.5000 2377.6113   21.8141
    0.0000   30.0000  -22.5000 2423.9446   21.3256
    7.5000   30.0000  -22.5000 2431.5576   21.1924
   -7.5000   37.5000  -22.5000 2305.1677   23.4444
    0.0000   37.5000  -22.5000 2347.0566   22.9129
    7.5000   37.5000  -22.5000 2359.8579   22.8210
   -7.5000   45.0000  -22.5000 2208.0020   25.4822
    0.0000   45.0000  -22.5000 2243.9163   24.9238
    7.5000   45.0000  -22.5000 2252.0596   24.8711
   -7.5000  -45.0000  -15.0000 2121.9700   28.2115
    0.0000  -45.0000  -15.0000 2145.6177   27.3918
    7.5000  -45.0000  -15.0000 2144.7004   27.0121
   -7.5000  -37.5000  -15.0000 2243.3557   25.3357
    0.0000  -37.5000  -15.0000 2272.2317   24.7311
    7.5000  -37.5000  -15.0000 2263.5959   24.3388
   -7.5000  -30.0000  -15.0000 2351.7163   23.0733
    0.0000  -30.0000  -15.0000 2386.5061   22.5153
    7.5000  -30.0000  -15.0000 2375.4487   22.2211
   -7.5000  -22.5000  -15.0000 2442.3625   21.3350
    0.0000  -22.5000  -15.0000 2480.1919   20.8751
    7.5000  -22.5000  -15.0000 2469.1758   20.6181
   -7.5000  -15.0000  -15.0000 2500.8677   20.1464
    0.0000  -15.0000  -15.0000 2536.6824   19.6719
    7.5000  -15.0000  -15.0000 2531.4902   19.4441
   -7.5000   -7.5000  -15.0000 2539.6367   19.3100
    0.0000   -7.5000  -15.0000 2576.2395   18.8847
    7.5000   -7.5000  -15.0000 2578.1973   18.7158
   -7.5000    0.0000  -15.0000 2565.9561   18.7856
    0.0000    0.0000  -15.0000 2592.4238   18.4198
    7.5000    0.0000  -15.0000 2597.3745   18.2810
   -7.5000    7.5000  -15.0000 2578.0227   18.6025
    0.0000    7.5000  -15.0000 2611.2820   18.2511
    7.5000    7.5000  -15.0000 2613.0588   18.1287
   -7.5000   15.0000  -15.0000 2562.5039   18.8395
    0.0000   15.0000  -15.0000 2604.9055   18.4537
    7.5000   15.0000  -15.0000 2606.7764   18.3741
   -7.5000   22.5000  -15.0000 2529.3337   19.4466
    0.0000   22.5000  -15.0000 2580.7280   19.0398
    7.5000   22.5000  -15.0000 2583.0454   18.9432
   -7.5000   30.0000  -15.0000 2468.0657   20.4897
    0.0000   30.0000  -15.0000 2524.0422   20.0524
    7.5000   30.0000  -15.0000 2534.0935   19.9934
   -7.5000   37.5000  -15.0000 2392.8887   22.0198
    0.0000   37.5000  -15.0000 2441.6982   21.5419
    7.5000   37.5000  -15.0000 2454.4915   21.4865
   -7.5000   45.0000  -15.0000 2301.4712   23.9613
    0.0000   45.0000  -15.0000 2341.2764   23.4482
    7.5000   45.0000  -15.0000 2352.3667   23.3710
   -7.5000  -45.0000   -7.5000 2172.2729   26.8419
    0.0000  -45.0000   -7.5000 2206.2974   25.9820
    7.5000  -45.0000   -7.5000 2200.6101   25.7145
   -7.5000  -37.5000   -7.5000 2296.9375   24.1020
    0.0000  -37.5000   -7.5000 2334.5571   23.4211
    7.5000  -37.5000   -7.5000 2324.0725   23.1320
   -7.5000  -30.0000   -7.5000 2408.4553   21.8967
    0.0000  -30.0000   -7.5000 2444.8120   21.2872
    7.5000  -30.0000   -7.5000 2435.9387   21.0325
   -7.5000  -22.5000   -7.5000 2504.1475   20.2353
    0.0000  -22.5000   -7.5000 2543.3391   19.6899
    7.5000  -22.5000   -7.5000 2535.7854   19.4750
   -7.5000  -15.0000   -7.5000 2565.8779   19.0691
    0.0000  -15.0000   -7.5000 2608.7368   18.5745
    7.5000  -15.0000   -7.5000 2604.6658   18.3533
   -7.5000   -7.5000   -7.5000 2608.8796   18.2015
    0.0000   -7.5000   -7.5000 2651.2422   17.7221
    7.5000   -7.5000   -7.5000 2653.1221   17.5464
   -7.5000    0.0000   -7.5000 2637.8196   17.5864
    0.0000    0.0000   -7.5000 2679.0352   17.1979
    7.5000    0.0000   -7.5000 2682.1104   17.0940
   -7.5000    7.5000   -7.5000 2655.9692   17.3814
    0.0000    7.5000   -7.5000 2702.6873   17.0520
    7.5000    7.5000   -7.5000 2700.4954   16.9478
   -7.5000   15.0000   -7.5000 2644.6094   17.6692
    0.0000   15.0000   -7.5000 2700.0999   17.2923
    7.5000   15.0000   -7.5000 2701.6697   17.1842
   -7.5000   22.5000   -7.5000 2620.4536   18.2779
    0.0000   22.5000   -7.5000 2674.7065   17.8564
    7.5000   22.5000   -7.5000 2678.5237   17.7793
   -7.5000   30.0000   -7.5000 2560.3408   19.2621
    0.0000   30.0000   -7.5000 2614.6897   18.7902
    7.5000   30.0000   -7.5000 2621.7249   18.7704
   -7.5000   37.5000   -7.5000 2478.7578   20.6210
    0.0000   37.5000   -7.5000 2527.2380   20.1814
    7.5000   37.5000   -7.5000 2536.5896   20.1239
   -7.5000   45.0000   -7.5000 2375.4673   22.5110
    0.0000   45.0000   -7.5000 2416.0259   22.0088
    7.5000   45.0000   -7.5000 2422.9158   21.9194
   -7.5000  -45.0000    0.0000 2216.2234   25.8936
    0.0000  -45.0000    0.0000 2248.0452   24.9609
    7.5000  -45.0000    0.0000 2247.0479   24.8459
   -7.5000  -37.5000    0.0000 2332.7825   23.1812
    0.0000  -37.5000    0.0000 2366.2827   22.3617
    7.5000  -37.5000    0.0000 2365.0811   22.2187
   -7.5000  -30.0000    0.0000 2440.2852   20.9929
    0.0000  -30.0000    0.0000 2472.8611   20.3081
    7.5000  -30.0000    0.0000 2473.8110   20.1824
   -7.5000  -22.5000    0.0000 2539.5557   19.3599
    0.0000  -22.5000    0.0000 2578.4241   18.7603
    7.5000  -22.5000    0.0000 2576.0127   18.6294
   -7.5000  -15.0000    0.0000 2615.3032   18.2540
    0.0000  -15.0000    0.0000 2661.1973   17.6762
    7.5000  -15.0000    0.0000 2660.0105   17.5261
   -7.5000   -7.5000    0.0000 2663.2859   17.3649
    0.0000   -7.5000    0.0000 2713.6895   16.8300
    7.5000   -7.5000    0.0000 2712.5017   16.6652
   -7.5000    0.0000    0.0000 2692.2400   16.7070
    0.0000    0.0000    0.0000 2745.7000   16.2259
    7.5000    0.0000    0.0000 2747.9924   16.0777
   -7.5000    7.5000    0.0000 2722.3357   16.4743
    0.0000    7.5000    0.0000 2776.5913   16.0002
    7.5000    7.5000    0.0000 2773.5610   15.9060
   -7.5000   15.0000    0.0000 2725.0110   16.7570
    0.0000   15.0000    0.0000 2774.2654   16.2808
    7.5000   15.0000    0.0000 2776.9182   16.1859
   -7.5000   22.5000    0.0000 2696.7244   17.3430
    0.0000   22.5000    0.0000 2745.4758   16.8256
    7.5000   22.5000    0.0000 2753.2424   16.8117
   -7.5000   30.0000    0.0000 2629.5283   18.2749
    0.0000   30.0000    0.0000 2678.0454   17.7190
    7.5000   30.0000    0.0000 2683.7290   17.7449
   -7.5000   37.5000    0.0000 2538.9263   19.6515
    0.0000   37.5000    0.0000 2586.5808   19.1415
    7.5000   37.5000    0.0000 2591.1338   19.1380
   -7.5000   45.0000    0.0000 2428.7913   21.5373
    0.0000   45.0000    0.0000 2469.2163   21.0094
    7.5000   45.0000    0.0000 2473.9014   21.0056
   -7.5000  -45.0000    7.5000 2238.4556   25.3362
    0.0000  -45.0000    7.5000 2276.3999   24.3961
    7.5000  -45.0000    7.5000 2281.4648   24.4447
   -7.5000  -37.5000    7.5000 2365.3328   22.6546
    0.0000  -37.5000    7.5000 2394.6714   21.7141
    7.5000  -37.5000    7.5000 2397.1978   21.7708
   -7.5000  -30.0000    7.5000 2482.0264   20.5360
    0.0000  -30.0000    7.5000 2504.1606   19.6364
    7.5000  -30.0000    7.5000 2507.6389   19.6777
   -7.5000  -22.5000    7.5000 2576.8564   18.9001
    0.0000  -22.5000    7.5000 2605.5103   18.0585
    7.5000  -22.5000    7.5000 2609.9543   18.1040
   -7.5000  -15.0000    7.5000 2653.5532   17.7505
    0.0000  -15.0000    7.5000 2686.9661   17.0069
    7.5000  -15.0000    7.5000 2694.5894   16.9828
   -7.5000   -7.5000    7.5000 2721.0708   16.9510
    0.0000   -7.5000    7.5000 2755.8047   16.2969
    7.5000   -7.5000    7.5000 2759.1675   16.1888
   -7.5000    0.0000    7.5000 2752.6658   16.2863
    0.0000    0.0000    7.5000 2795.2854   15.5898
    7.5000    0.0000    7.5000 2798.9385   15.4701
   -7.5000    7.5000    7.5000 2793.4543   15.9909
    0.0000    7.5000    7.5000 2830.0310   15.1930
    7.5000    7.5000    7.5000 2825.7476   15.1611
   -7.5000   15.0000    7.5000 2797.9226   16.2127
    0.0000   15.0000    7.5000 2826.3611   15.4693
    7.5000   15.0000    7.5000 2829.9368   15.4760
   -7.5000   22.5000    7.5000 2764.9165   16.8364
    0.0000   22.5000    7.5000 2795.2935   16.0624
    7.5000   22.5000    7.5000 2805.1931   16.1390
   -7.5000   30.0000    7.5000 2698.2004   17.8157
    0.0000   30.0000    7.5000 2722.3867   17.0669
    7.5000   30.0000    7.5000 2731.7649   17.1459
   -7.5000   37.5000    7.5000 2609.2463   19.3120
    0.0000   37.5000    7.5000 2630.1050   18.5779
    7.5000   37.5000    7.5000 2638.1575   18.6275
   -7.5000   45.0000    7.5000 2487.5920   21.1816
    0.0000   45.0000    7.5000 2509.6829   20.4692
    7.5000   45.0000    7.5000 2514.0681   20.4884
   -7.5000  -45.0000   15.0000 2261.7476   25.1889
    0.0000  -45.0000   15.0000 2298.2180   24.2589
    7.5000  -45.0000   15.0000 2303.7036   24.3562
   -7.5000  -37.5000   15.0000 2373.4434   22.3372
    0.0000  -37.5000   15.0000 2404.8640   21.4274
    7.5000  -37.5000   15.0000 2411.0037   21.5491
   -7.5000  -30.0000   15.0000 2477.5139   20.1906
    0.0000  -30.0000   15.0000 2510.7834   19.3518
    7.5000  -30.0000   15.0000 2516.6069   19.4517
   -7.5000  -22.5000   15.0000 2576.1958   18.5719
    0.0000  -22.5000   15.0000 2613.2627   17.7884
    7.5000  -22.5000   15.0000 2617.5488   17.8764
   -7.5000  -15.0000   15.0000 2659.6018   17.4096
    0.0000  -15.0000   15.0000 2697.6560   16.6921
    7.5000  -15.0000   15.0000 2703.1023   16.7286
   -7.5000   -7.5000   15.0000 2740.4260   16.6562
    0.0000   -7.5000   15.0000 2768.2803   15.9555
    7.5000   -7.5000   15.0000 2771.3318   15.9579
   -7.5000    0.0000   15.0000 2795.6184   16.1823
    0.0000    0.0000   15.0000 2825.6077   15.4495
    7.5000    0.0000   15.0000 2820.6548   15.3804
   -7.5000    7.5000   15.0000 2844.4597   15.8657
    0.0000    7.5000   15.0000 2853.1697   14.8102
    7.5000    7.5000   15.0000 2847.8936   14.9518
   -7.5000   15.0000   15.0000 2851.6113   16.0189
    0.0000   15.0000   15.0000 2854.5300   14.9944
    7.5000   15.0000   15.0000 2863.2559   15.2242
   -7.5000   22.5000   15.0000 2813.2625   16.6857
    0.0000   22.5000   15.0000 2830.2729   15.8922
    7.5000   22.5000   15.0000 2839.0974   16.0144
   -7.5000   30.0000   15.0000 2737.9167   17.7259
    0.0000   30.0000   15.0000 2763.1912   17.0511
    7.5000   30.0000   15.0000 2763.6184   17.0781
   -7.5000   37.5000   15.0000 2635.2446   19.1437
    0.0000   37.5000   15.0000 2660.8286   18.5232
    7.5000   37.5000   15.0000 2657.1147   18.4804
   -7.5000   45.0000   15.0000 2504.0388   21.0007
    0.0000   45.0000   15.0000 2530.8335   20.3647
    7.5000   45.0000   15.0000 2523.4810   20.2679
   -7.5000  -45.0000   22.5000 2253.2356   25.2914
    0.0000  -45.0000   22.5000 2290.3638   24.4104
    7.5000  -45.0000   22.5000 2288.9497   24.4881
   -7.5000  -37.5000   22.5000 2367.2275   22.4226
    0.0000  -37.5000   22.5000 2404.4414   21.5882
    7.5000  -37.5000   22.5000 2407.6042   21.7357
   -7.5000  -30.0000   22.5000 2469.2783   20.2283
    0.0000  -30.0000   22.5000 2509.6255   19.4042
    7.5000  -30.0000   22.5000 2515.9500   19.5768
   -7.5000  -22.5000   22.5000 2573.6155   18.6030
    0.0000  -22.5000   22.5000 2606.9407   17.7616
    7.5000  -22.5000   22.5000 2613.3354   17.9305
   -7.5000  -15.0000   22.5000 2665.9282   17.4665
    0.0000  -15.0000   22.5000 2687.8582   16.6226
    7.5000  -15.0000   22.5000 2696.5291   16.7718
   -7.5000   -7.5000   22.5000 2751.6265   16.7466
    0.0000   -7.5000   22.5000 2756.9563   15.9260
    7.5000   -7.5000   22.5000 2768.3062   16.0388
   -7.5000    0.0000   22.5000 2802.1528   16.2243
    0.0000    0.0000   22.5000 2813.2673   15.4213
    7.5000    0.0000   22.5000 2821.5452   15.6007
   -7.5000    7.5000   22.5000 2859.5190   16.0384
    0.0000    7.5000   22.5000 2865.0818   15.1293
    7.5000    7.5000   22.5000 2859.2915   15.3672
   -7.5000   15.0000   22.5000 2859.4221   16.1990
    0.0000   15.0000   22.5000 2883.3367   15.4668
    7.5000   15.0000   22.5000 2867.4287   15.5564
   -7.5000   22.5000   22.5000 2809.3188   16.7599
    0.0000   22.5000   22.5000 2856.4795   16.2087
    7.5000   22.5000   22.5000 2830.9272   16.1911
   -7.5000   30.0000   22.5000 2726.1499   17.7524
    0.0000   30.0000   22.5000 2772.9316   17.2192
    7.5000   30.0000   22.5000 2757.3960   17.1230
   -7.5000   37.5000   22.5000 2619.8352   19.1862
    0.0000   37.5000   22.5000 2661.3916   18.6404
    7.5000   37.5000   22.5000 2649.7908   18.5208
   -7.5000   45.0000   22.5000 2496.8726   20.9931
    0.0000   45.0000   22.5000 2527.7737   20.4190
    7.5000   45.0000   22.5000 2518.9185   20.3121
   -7.5000  -45.0000   30.0000 2234.8027   25.8522
    0.0000  -45.0000   30.0000 2265.1724   24.8987
    7.5000  -45.0000   30.0000 2268.9182   25.0712
   -7.5000  -37.5000   30.0000 2345.6699   22.8002
    0.0000  -37.5000   30.0000 2370.8374   21.9349
    7.5000  -37.5000   30.0000 2380.9661   22.1611
   -7.5000  -30.0000   30.0000 2457.0850   20.5631
    0.0000  -30.0000   30.0000 2482.0034   19.7380
    7.5000  -30.0000   30.0000 2490.8428   19.9824
   -7.5000  -22.5000   30.0000 2570.1985   18.9931
    0.0000  -22.5000   30.0000 2590.2495   18.2084
    7.5000  -22.5000   30.0000 2599.1606   18.4589
   -7.5000  -15.0000   30.0000 2666.5352   17.9197
    0.0000  -15.0000   30.0000 2691.6948   17.1902
    7.5000  -15.0000   30.0000 2691.4668   17.3907
   -7.5000   -7.5000   30.0000 2742.5354   17.1796
    0.0000   -7.5000   30.0000 2776.0774   16.5333
    7.5000   -7.5000   30.0000 2766.6587   16.6693
   -7.5000    0.0000   30.0000 2800.2637   16.7002
    0.0000    0.0000   30.0000 2822.3987   15.9732
    7.5000    0.0000   30.0000 2818.7615   16.1705
   -7.5000    7.5000   30.0000 2852.0227   16.5764
    0.0000    7.5000   30.0000 2877.9324   15.9924
    7.5000    7.5000   30.0000 2852.0835   16.0345
   -7.5000   15.0000   30.0000 2855.5090   16.8447
    0.0000   15.0000   30.0000 2878.7512   16.3076
    7.5000   15.0000   30.0000 2853.6548   16.2746
   -7.5000   22.5000   30.0000 2798.1289   17.3541
    0.0000   22.5000   30.0000 2823.6846   16.8603
    7.5000   22.5000   30.0000 2804.3149   16.8538
   -7.5000   30.0000   30.0000 2707.1323   18.2855
    0.0000   30.0000   30.0000 2740.4763   17.7627
    7.5000   30.0000   30.0000 2730.0076   17.7494
   -7.5000   37.5000   30.0000 2598.3064   19.6243
    0.0000   37.5000   30.0000 2632.9824   19.0924
    7.5000   37.5000   30.0000 2620.1624   19.0334
   -7.5000   45.0000   30.0000 2474.2419   21.3548
    0.0000   45.0000   30.0000 2508.4531   20.7837
    7.5000   45.0000   30.0000 2494.7205   20.7124
   -7.5000  -45.0000   37.5000 2204.8333   26.7073
    0.0000  -45.0000   37.5000 2228.8345   25.8539
    7.5000  -45.0000   37.5000 2235.2310   26.0111
   -7.5000  -37.5000   37.5000 2323.1902   23.6288
    0.0000  -37.5000   37.5000 2351.7847   22.9142
    7.5000  -37.5000   37.5000 2359.6863   23.1776
   -7.5000  -30.0000   37.5000 2445.3503   21.4100
    0.0000  -30.0000   37.5000 2478.9084   20.8257
    7.5000  -30.0000   37.5000 2478.1602   21.1148
   -7.5000  -22.5000   37.5000 2553.3574   19.7727
    0.0000  -22.5000   37.5000 2597.5835   19.2186
    7.5000  -22.5000   37.5000 2590.9866   19.4859
   -7.5000  -15.0000   37.5000 2646.3892   18.5706
    0.0000  -15.0000   37.5000 2694.1074   18.0325
    7.5000  -15.0000   37.5000 2683.6628   18.2102
   -7.5000   -7.5000   37.5000 2725.1987   17.7667
    0.0000   -7.5000   37.5000 2760.5630   17.0861
    7.5000   -7.5000   37.5000 2756.9651   17.3060
   -7.5000    0.0000   37.5000 2783.7317   17.3382
    0.0000    0.0000   37.5000 2812.9307   16.6491
    7.5000    0.0000   37.5000 2798.2473   16.7837
   -7.5000    7.5000   37.5000 2824.1499   17.3544
    0.0000    7.5000   37.5000 2845.5476   16.7561
    7.5000    7.5000   37.5000 2830.3159   16.8176
   -7.5000   15.0000   37.5000 2815.2180   17.6920
    0.0000   15.0000   37.5000 2831.5454   17.0939
    7.5000   15.0000   37.5000 2819.0168   17.1261
   -7.5000   22.5000   37.5000 2756.2908   18.2308
    0.0000   22.5000   37.5000 2777.6716   17.6513
    7.5000   22.5000   37.5000 2763.2427   17.7053
   -7.5000   30.0000   37.5000 2668.2585   19.1113
    0.0000   30.0000   37.5000 2694.5249   18.5325
    7.5000   30.0000   37.5000 2684.7524   18.5493
   -7.5000   37.5000   37.5000 2565.1594   20.4121
    0.0000   37.5000   37.5000 2591.3159   19.8711
    7.5000   37.5000   37.5000 2578.8401   19.8384
   -7.5000   45.0000   37.5000 2440.0889   22.0546
    0.0000   45.0000   37.5000 2466.2341   21.5414
    7.5000   45.0000   37.5000 2462.6785   21.4731
   -7.5000  -45.0000   45.0000 2167.3037   27.7845
    0.0000  -45.0000   45.0000 2204.1523   27.2777
    7.5000  -45.0000   45.0000 2211.5159   27.5217
   -7.5000  -37.5000   45.0000 2291.3350   24.7287
    0.0000  -37.5000   45.0000 2327.7029   24.2585
    7.5000  -37.5000   45.0000 2333.1101   24.4928
   -7.5000  -30.0000   45.0000 2406.7073   22.4368
    0.0000  -30.0000   45.0000 2444.9583   21.9878
    7.5000  -30.0000   45.0000 2439.8660   22.2196
   -7.5000  -22.5000   45.0000 2510.2698   20.6375
    0.0000  -22.5000   45.0000 2553.6726   20.1860
    7.5000  -22.5000   45.0000 2546.6848   20.3593
   -7.5000  -15.0000   45.0000 2598.8330   19.3014
    0.0000  -15.0000   45.0000 2641.7871   18.7003
    7.5000  -15.0000   45.0000 2642.0986   18.9995
   -7.5000   -7.5000   45.0000 2678.9922   18.4765
    0.0000   -7.5000   45.0000 2720.1816   17.7898
    7.5000   -7.5000   45.0000 2713.6462   18.0428
   -7.5000    0.0000   45.0000 2735.2847   18.1129
    0.0000    0.0000   45.0000 2766.5337   17.4917
    7.5000    0.0000   45.0000 2754.6707   17.6499
   -7.5000    7.5000   45.0000 2758.4373   18.1911
    0.0000    7.5000   45.0000 2783.6377   17.6262
    7.5000    7.5000   45.0000 2772.7388   17.7189
   -7.5000   15.0000   45.0000 2739.4978   18.5421
    0.0000   15.0000   45.0000 2753.6252   17.9856
    7.5000   15.0000   45.0000 2744.5356   18.0968
   -7.5000   22.5000   45.0000 2682.7764   19.0998
    0.0000   22.5000   45.0000 2700.5540   18.5386
    7.5000   22.5000   45.0000 2689.8506   18.6931
   -7.5000   30.0000   45.0000 2600.5540   19.9901
    0.0000   30.0000   45.0000 2627.1057   19.4375
    7.5000   30.0000   45.0000 2615.6880   19.5498
   -7.5000   37.5000   45.0000 2503.4744   21.3241
    0.0000   37.5000   45.0000 2532.3843   20.7775
    7.5000   37.5000   45.0000 2523.5156   20.8599
   -7.5000   45.0000   45.0000 2377.3083   23.0088
    0.0000   45.0000   45.0000 2402.9761   22.4861
    7.5000   45.0000   45.0000 2397.2246   22.5001

---------------------------------------------------------------------
imgreg_4dfp /opt/freesurfer/average/711-2C_as_mni_average_305 /opt/freesurfer/average/711-2B_as_mni_average_305_mask talsrcimg_g11 none talsrcimg_to_711-2C_as_mni_average_305_t4 1283
---------------------------------------------------------------------

freesurfer imgreg_4dfp.c
/opt/freesurfer/average/711-2C_as_mni_average_305.4dfp.img
       256       256       256         1
  1.000000  1.000000  1.000000
orientation T byte_order littleendian
Reading image: /opt/freesurfer/average/711-2C_as_mni_average_305.4dfp.img
dimensions:      256       256       256
mmppix:       1.0000   -1.0000   -1.0000
center:     128.0000 -129.0000 -129.0000
/opt/freesurfer/average/711-2B_as_mni_average_305_mask.4dfp.img
       256       256       256         1
  1.000000  1.000000  1.000000
orientation T byte_order littleendian
Reading mask: /opt/freesurfer/average/711-2B_as_mni_average_305_mask.4dfp.img (2306576 pixels)
talsrcimg_g11.4dfp.img
       256       256       256         1
  1.000000  1.000000  1.000000
orientation T byte_order littleendian
Reading image: talsrcimg_g11.4dfp.img
dimensions:      256       256       256
mmppix:       1.0000   -1.0000   -1.0000
center:     128.0000 -129.0000 -129.0000
rotation matrix determinant  1.000000
fimgreg.f
image alignment mode   1283 decimal      503 hex
parameters
    0.0000   15.0000   22.5000    0.0000    0.0000    0.0000
eta,q 0.90897 15.56086
niter,ni,del,rscale     5    3   12.0000    1.2000
parameter  1  0.288360 -> -0.500000 qaram    1.1500
parameter  4 -0.635092 -> -0.500000 qaram    1.1500
parameter  6  1.448942 ->  0.500000 qaram    1.1500
parameters
    3.4500   13.0952   25.2086    3.4500    0.6336   -3.4500
eta,q 0.91097 15.71615
  0.0987  0.0994  0.1064  0.0983  0.0960  0.0887
  0.1000  0.0976  0.1009  0.0973  0.0935  0.0887
  0.1010  0.0960  0.0959  0.0960  0.0930  0.0900
  0.1009  0.0953  0.0957  0.0944  0.0923  0.0922
  0.1001  0.0991  0.0947  0.0927  0.0912  0.0944
  0.0949  0.1052  0.0941  0.0925  0.0912  0.0967
  0.0974  0.1065  0.0952  0.0943  0.0956  0.0993
niter,ni,del,rscale     7    3   12.0000    1.2000
parameter  5 -1.743002 -> -0.500000 qaram    1.1500
parameter  6  0.561426 ->  0.500000 qaram    1.3225
parameters
    1.3604   11.4373   26.9610    2.1695    4.0836   -7.4175
eta,q 0.91289 15.67001
  0.0917  0.1003  0.0995  0.0944  0.0957  0.0880
  0.0939  0.0955  0.0939  0.0922  0.0938  0.0874
  0.0941  0.0935  0.0946  0.0906  0.0921  0.0869
  0.0890  0.0938  0.0934  0.0903  0.0904  0.0880
  0.0891  0.0987  0.0901  0.0910  0.0887  0.0907
  0.1002  0.1060  0.0914  0.0954  0.0878  0.0941
  0.1111  0.1090  0.0945  0.1008  0.0874  0.0966
niter,ni,del,rscale     7    3   12.0000    1.2000
parameters
   -1.8101   11.7550   27.0852    1.2064    4.0067   -7.6394
eta,q 0.91542 15.77618
  0.0867  0.0967  0.0932  0.0871  0.0889  0.0911
  0.0835  0.0929  0.0918  0.0858  0.0852  0.0881
  0.0862  0.0878  0.0886  0.0847  0.0837  0.0852
  0.0871  0.0850  0.0848  0.0848  0.0846  0.0846
  0.0879  0.0850  0.0869  0.0847  0.0849  0.0859
  0.0945  0.0891  0.0912  0.0864  0.0861  0.0884
  0.1037  0.0964  0.0933  0.0905  0.0883  0.0918
niter,ni,del,rscale     6    3   12.0000    1.2000
parameters
   -1.2166   11.9450   27.6387    0.5284    3.5705   -7.6745
eta,q 0.91530 15.86553
  0.0977  0.0941  0.0932  0.0867  0.0873  0.0914
  0.0895  0.0913  0.0934  0.0857  0.0839  0.0882
  0.0840  0.0881  0.0902  0.0847  0.0840  0.0857
  0.0846  0.0853  0.0852  0.0848  0.0848  0.0847
  0.0868  0.0847  0.0863  0.0846  0.0845  0.0857
  0.0878  0.0888  0.0902  0.0853  0.0856  0.0883
  0.0922  0.0951  0.0929  0.0890  0.0872  0.0915
niter,ni,del,rscale     5    3   12.0000    1.2000
parameters
   -1.1337   11.9203   27.7492    0.1398    3.4782   -7.6917
eta,q 0.91532 15.88821
  0.0964  0.0929  0.0940  0.0867  0.0876  0.0914
  0.0889  0.0904  0.0939  0.0861  0.0839  0.0883
  0.0840  0.0874  0.0887  0.0849  0.0837  0.0858
  0.0847  0.0847  0.0848  0.0848  0.0847  0.0847
  0.0857  0.0850  0.0878  0.0849  0.0845  0.0855
  0.0892  0.0893  0.0914  0.0852  0.0853  0.0883
  0.0948  0.0947  0.0950  0.0882  0.0866  0.0916
niter,ni,del,rscale     4    3   12.0000    1.2000
parameters
   -1.1098   11.9159   27.7935    0.0096    3.4686   -7.7057
eta,q 0.91530 15.89566
  0.0964  0.0926  0.0943  0.0866  0.0876  0.0915
  0.0888  0.0903  0.0941  0.0863  0.0839  0.0883
  0.0841  0.0875  0.0884  0.0851  0.0837  0.0858
  0.0847  0.0847  0.0847  0.0847  0.0847  0.0847
  0.0857  0.0851  0.0880  0.0849  0.0846  0.0854
  0.0897  0.0892  0.0917  0.0851  0.0853  0.0883
  0.0950  0.0941  0.0957  0.0877  0.0865  0.0917
niter,ni,del,rscale     3    3   12.0000    1.2000
parameters
   -1.1028   11.9047   27.8141    0.0109    3.4688   -7.7144
eta,q 0.91527 15.89819
  0.0964  0.0924  0.0945  0.0866  0.0877  0.0915
  0.0888  0.0902  0.0941  0.0863  0.0839  0.0883
  0.0842  0.0875  0.0884  0.0852  0.0837  0.0858
  0.0847  0.0847  0.0847  0.0847  0.0847  0.0847
  0.0857  0.0851  0.0881  0.0849  0.0846  0.0854
  0.0899  0.0892  0.0918  0.0850  0.0853  0.0883
  0.0951  0.0940  0.0959  0.0875  0.0865  0.0917
registration optimization eta report
parameter search radius
    6.9000    6.0000    6.0000    6.9000    6.9000    7.9350
100000*second partial in parameter space
       25.       22.       25.        5.        6.       11.
  0.0964  0.0924  0.0945  0.0866  0.0877  0.0915
  0.0888  0.0902  0.0941  0.0863  0.0839  0.0883
  0.0842  0.0875  0.0884  0.0852  0.0837  0.0858
  0.0847  0.0847  0.0847  0.0847  0.0847  0.0847
  0.0857  0.0851  0.0881  0.0849  0.0846  0.0854
  0.0899  0.0892  0.0918  0.0850  0.0853  0.0883
  0.0951  0.0940  0.0959  0.0875  0.0865  0.0917
   -1.1028   11.9047   27.8141    0.0109    3.4688   -7.7144
eta,q 0.91527 15.89819

---------------------------------------------------------------------
imgreg_4dfp /opt/freesurfer/average/711-2C_as_mni_average_305 /opt/freesurfer/average/711-2B_as_mni_average_305_mask talsrcimg_g11 none talsrcimg_to_711-2C_as_mni_average_305_t4 3335
---------------------------------------------------------------------

freesurfer imgreg_4dfp.c
/opt/freesurfer/average/711-2C_as_mni_average_305.4dfp.img
       256       256       256         1
  1.000000  1.000000  1.000000
orientation T byte_order littleendian
Reading image: /opt/freesurfer/average/711-2C_as_mni_average_305.4dfp.img
dimensions:      256       256       256
mmppix:       1.0000   -1.0000   -1.0000
center:     128.0000 -129.0000 -129.0000
/opt/freesurfer/average/711-2B_as_mni_average_305_mask.4dfp.img
       256       256       256         1
  1.000000  1.000000  1.000000
orientation T byte_order littleendian
Reading mask: /opt/freesurfer/average/711-2B_as_mni_average_305_mask.4dfp.img (2306576 pixels)
talsrcimg_g11.4dfp.img
       256       256       256         1
  1.000000  1.000000  1.000000
orientation T byte_order littleendian
Reading image: talsrcimg_g11.4dfp.img
dimensions:      256       256       256
mmppix:       1.0000   -1.0000   -1.0000
center:     128.0000 -129.0000 -129.0000
fimgreg.f
image alignment mode   3335 decimal      D07 hex
parameters
   -1.1028   11.9047   27.8141   -1.0866   -0.9049   -0.1832
   13.4223   -5.9984  -13.3989    0.7933    6.0506    0.0191
eta,q 0.91531 15.89620
niter,ni,del,rscale     5    3    5.0000    1.2000
parameter  3  0.745428 ->  0.500000 qaram    1.1500
parameter  4  6.079658 ->  0.500000 qaram    1.1500
parameter  5  1.944993 ->  0.500000 qaram    1.1500
parameter  7  0.506654 ->  0.500000 qaram    1.1500
parameter  9 -0.837003 -> -0.500000 qaram    1.1500
parameter 11  0.899529 ->  0.500000 qaram    1.1500
parameter 12 -1.484318 -> -0.500000 qaram    1.1500
parameters
   -1.2781   12.1811   26.4341   -5.2266   -5.0449   -2.1992
    9.2823   -7.9420   -9.2589    3.4328    1.9106    4.1591
eta,q 0.92982 15.45968
  0.0861  0.0864  0.0840  0.0735  0.0714  0.0739  0.0738  0.0752  0.0760  0.0769  0.0711  0.0734
  0.0853  0.0854  0.0843  0.0766  0.0730  0.0738  0.0733  0.0732  0.0747  0.0745  0.0711  0.0725
  0.0848  0.0848  0.0845  0.0804  0.0749  0.0737  0.0733  0.0726  0.0736  0.0728  0.0713  0.0718
  0.0847  0.0847  0.0847  0.0844  0.0776  0.0735  0.0738  0.0733  0.0727  0.0719  0.0716  0.0711
  0.0850  0.0848  0.0851  0.0887  0.0805  0.0727  0.0746  0.0745  0.0721  0.0716  0.0721  0.0705
  0.0856  0.0851  0.0861  0.0931  0.0838  0.0752  0.0759  0.0764  0.0719  0.0718  0.0726  0.0701
  0.0866  0.0856  0.0874  0.0973  0.0878  0.0812  0.0776  0.0787  0.0719  0.0726  0.0735  0.0699
niter,ni,del,rscale     7    3    5.0000    1.2000
parameter  2 -0.577965 -> -0.500000 qaram    1.1500
parameter  3  5.257826 ->  0.500000 qaram    1.3225
parameter  4  1.146836 ->  0.500000 qaram    1.3225
parameter  5  1.235092 ->  0.500000 qaram    1.3225
parameter  6  0.994309 ->  0.500000 qaram    1.1500
parameter 10  0.982978 ->  0.500000 qaram    1.1500
parameters
   -1.9155   13.5611   24.8471   -9.9876   -9.8059   -6.3392
    5.8473  -11.5009  -10.7141   -0.7072   -1.5232    0.4668
eta,q 0.94292 15.04710
  0.0714  0.0732  0.0655  0.0601  0.0585  0.0581  0.0601  0.0596  0.0596  0.0574  0.0578  0.0571
  0.0705  0.0718  0.0663  0.0616  0.0595  0.0594  0.0595  0.0585  0.0589  0.0574  0.0572  0.0571
  0.0701  0.0707  0.0677  0.0635  0.0605  0.0603  0.0594  0.0587  0.0585  0.0578  0.0571  0.0571
  0.0702  0.0700  0.0696  0.0667  0.0621  0.0597  0.0597  0.0594  0.0585  0.0585  0.0575  0.0571
  0.0709  0.0697  0.0717  0.0717  0.0642  0.0598  0.0605  0.0604  0.0590  0.0594  0.0581  0.0573
  0.0723  0.0696  0.0734  0.0775  0.0671  0.0613  0.0617  0.0618  0.0597  0.0605  0.0589  0.0576
  0.0740  0.0698  0.0747  0.0841  0.0704  0.0637  0.0633  0.0634  0.0607  0.0618  0.0600  0.0581
niter,ni,del,rscale     7    3    5.0000    1.2000
parameter  2  0.743555 ->  0.500000 qaram    1.3225
parameter  3  6.646060 ->  0.500000 qaram    1.5209
parameter  4  0.694866 ->  0.500000 qaram    1.5209
parameter  5  1.808320 ->  0.500000 qaram    1.5209
parameter  6  1.136639 ->  0.500000 qaram    1.3225
parameter  7 -1.423848 -> -0.500000 qaram    1.3225
parameter  8 -1.643882 -> -0.500000 qaram    1.1500
parameter  9 -0.778045 -> -0.500000 qaram    1.3225
parameter 10  0.737581 ->  0.500000 qaram    1.3225
parameter 11 -1.191669 -> -0.500000 qaram    1.3225
parameters
   -0.7493   11.9741   23.0221  -15.4627  -15.2810  -11.1002
   10.6083   -7.3609   -5.9531   -5.4682    3.2378   -0.0030
eta,q 0.96787 14.90293
  0.0615  0.0556  0.0477  0.0478  0.0430  0.0421  0.0491  0.0482  0.0430  0.0338  0.0377  0.0335
  0.0597  0.0554  0.0497  0.0480  0.0441  0.0425  0.0469  0.0451  0.0408  0.0334  0.0359  0.0329
  0.0582  0.0557  0.0523  0.0484  0.0459  0.0436  0.0447  0.0427  0.0387  0.0340  0.0345  0.0324
  0.0571  0.0563  0.0555  0.0504  0.0480  0.0446  0.0427  0.0402  0.0369  0.0355  0.0335  0.0321
  0.0564  0.0574  0.0588  0.0552  0.0505  0.0461  0.0411  0.0380  0.0358  0.0380  0.0326  0.0322
  0.0564  0.0587  0.0618  0.0617  0.0532  0.0481  0.0400  0.0366  0.0354  0.0414  0.0320  0.0328
  0.0573  0.0602  0.0645  0.0686  0.0569  0.0510  0.0398  0.0360  0.0357  0.0450  0.0317  0.0342
niter,ni,del,rscale     7    3    5.0000    1.2000
parameter  3  1.055847 ->  0.500000 qaram    1.7490
parameters
    0.0435   11.6774   20.9232  -15.9044  -16.6599   -7.0485
    9.0242   -7.3508   -7.9672   -4.8775    6.4897   -0.7202
eta,q 0.97310 14.87754
  0.0377  0.0356  0.0279  0.0342  0.0350  0.0361  0.0308  0.0337  0.0293  0.0341  0.0308  0.0284
  0.0351  0.0335  0.0288  0.0321  0.0324  0.0338  0.0288  0.0301  0.0278  0.0299  0.0293  0.0276
  0.0332  0.0321  0.0301  0.0304  0.0304  0.0316  0.0276  0.0281  0.0272  0.0278  0.0280  0.0271
  0.0321  0.0318  0.0318  0.0291  0.0293  0.0295  0.0274  0.0273  0.0273  0.0271  0.0272  0.0269
  0.0318  0.0326  0.0343  0.0286  0.0307  0.0276  0.0285  0.0281  0.0282  0.0276  0.0269  0.0271
  0.0322  0.0346  0.0377  0.0305  0.0343  0.0277  0.0309  0.0304  0.0297  0.0293  0.0271  0.0278
  0.0333  0.0375  0.0422  0.0376  0.0399  0.0307  0.0345  0.0334  0.0318  0.0322  0.0280  0.0293
niter,ni,del,rscale     7    3    5.0000    1.2000
parameter  3  0.538269 ->  0.500000 qaram    2.0114
parameters
    0.1853   12.0479   18.5096  -14.9377  -17.0851   -7.5932
    9.2995   -7.3487   -8.6311   -2.2754    7.7484   -2.1955
eta,q 0.97483 14.91579
  0.0307  0.0325  0.0260  0.0314  0.0325  0.0309  0.0302  0.0308  0.0281  0.0349  0.0267  0.0262
  0.0287  0.0297  0.0253  0.0288  0.0295  0.0286  0.0279  0.0270  0.0264  0.0290  0.0260  0.0255
  0.0274  0.0279  0.0254  0.0268  0.0269  0.0267  0.0262  0.0256  0.0255  0.0262  0.0255  0.0252
  0.0269  0.0269  0.0268  0.0252  0.0249  0.0251  0.0253  0.0253  0.0253  0.0253  0.0253  0.0252
  0.0272  0.0269  0.0294  0.0241  0.0249  0.0239  0.0256  0.0259  0.0258  0.0253  0.0253  0.0256
  0.0282  0.0281  0.0339  0.0245  0.0293  0.0260  0.0272  0.0275  0.0271  0.0260  0.0256  0.0262
  0.0299  0.0305  0.0402  0.0316  0.0355  0.0368  0.0300  0.0304  0.0290  0.0272  0.0261  0.0272
niter,ni,del,rscale     7    3    5.0000    1.2000
parameters
    0.4503   12.8605   17.5634  -15.1557  -17.6541   -7.9710
    9.2890   -6.8700   -9.0797    0.2958    8.4328   -3.3742
eta,q 0.97484 14.85395
  0.0288  0.0311  0.0280  0.0302  0.0318  0.0304  0.0295  0.0303  0.0279  0.0331  0.0261  0.0261
  0.0270  0.0284  0.0261  0.0279  0.0291  0.0283  0.0274  0.0270  0.0263  0.0281  0.0256  0.0255
  0.0258  0.0264  0.0251  0.0262  0.0267  0.0265  0.0259  0.0259  0.0255  0.0260  0.0254  0.0252
  0.0252  0.0251  0.0248  0.0248  0.0249  0.0251  0.0253  0.0253  0.0253  0.0253  0.0252  0.0252
  0.0253  0.0248  0.0258  0.0237  0.0249  0.0236  0.0257  0.0255  0.0257  0.0252  0.0252  0.0255
  0.0261  0.0254  0.0286  0.0253  0.0292  0.0252  0.0272  0.0265  0.0268  0.0256  0.0254  0.0260
  0.0275  0.0272  0.0334  0.0338  0.0351  0.0356  0.0298  0.0292  0.0283  0.0269  0.0259  0.0269
niter,ni,del,rscale     6    3    5.0000    1.2000
parameters
    0.6808   13.7205   16.8844  -15.2730  -18.6806   -8.5235
    9.1671   -6.4123   -9.5258    2.7415    8.8847   -4.0735
eta,q 0.97492 14.75288
  0.0285  0.0308  0.0283  0.0299  0.0308  0.0298  0.0291  0.0297  0.0279  0.0317  0.0258  0.0260
  0.0269  0.0283  0.0262  0.0277  0.0283  0.0280  0.0272  0.0271  0.0263  0.0279  0.0254  0.0255
  0.0257  0.0263  0.0251  0.0260  0.0263  0.0264  0.0259  0.0261  0.0255  0.0262  0.0252  0.0252
  0.0252  0.0251  0.0248  0.0248  0.0249  0.0252  0.0254  0.0254  0.0254  0.0253  0.0251  0.0251
  0.0253  0.0248  0.0254  0.0238  0.0250  0.0236  0.0259  0.0254  0.0258  0.0251  0.0251  0.0253
  0.0261  0.0253  0.0277  0.0250  0.0293  0.0256  0.0272  0.0264  0.0268  0.0255  0.0252  0.0257
  0.0275  0.0270  0.0320  0.0330  0.0354  0.0353  0.0294  0.0290  0.0282  0.0270  0.0258  0.0265
niter,ni,del,rscale     5    3    5.0000    1.2000
parameters
    0.8635   14.4137   16.3377  -15.3115  -19.5447   -9.2048
    8.9884   -5.9802   -9.6873    4.3226    8.8326   -4.5427
eta,q 0.97484 14.65755
  0.0283  0.0307  0.0283  0.0297  0.0307  0.0293  0.0288  0.0293  0.0281  0.0304  0.0257  0.0261
  0.0267  0.0282  0.0263  0.0276  0.0281  0.0276  0.0270  0.0272  0.0265  0.0276  0.0254  0.0256
  0.0256  0.0262  0.0252  0.0260  0.0262  0.0262  0.0258  0.0260  0.0256  0.0261  0.0252  0.0253
  0.0251  0.0251  0.0248  0.0249  0.0249  0.0251  0.0254  0.0253  0.0253  0.0253  0.0252  0.0252
  0.0252  0.0248  0.0252  0.0239  0.0248  0.0236  0.0259  0.0253  0.0257  0.0252  0.0251  0.0253
  0.0261  0.0256  0.0273  0.0250  0.0285  0.0258  0.0271  0.0262  0.0267  0.0258  0.0253  0.0257
  0.0275  0.0275  0.0312  0.0323  0.0348  0.0347  0.0290  0.0289  0.0283  0.0279  0.0259  0.0264
niter,ni,del,rscale     4    3    5.0000    1.2000
parameters
    1.0096   14.8489   16.0322  -15.3292  -20.0230   -9.6835
    8.7771   -5.7029   -9.6555    5.1555    8.4690   -4.8005
eta,q 0.97469 14.59821
  0.0282  0.0304  0.0288  0.0297  0.0309  0.0293  0.0287  0.0291  0.0284  0.0299  0.0258  0.0263
  0.0267  0.0279  0.0267  0.0276  0.0284  0.0276  0.0270  0.0272  0.0267  0.0274  0.0255  0.0258
  0.0256  0.0261  0.0256  0.0261  0.0264  0.0262  0.0258  0.0260  0.0257  0.0260  0.0254  0.0254
  0.0252  0.0251  0.0251  0.0251  0.0251  0.0252  0.0254  0.0254  0.0254  0.0253  0.0253  0.0253
  0.0253  0.0252  0.0253  0.0243  0.0249  0.0238  0.0259  0.0254  0.0257  0.0254  0.0253  0.0255
  0.0262  0.0262  0.0270  0.0252  0.0278  0.0257  0.0272  0.0264  0.0267  0.0263  0.0255  0.0258
  0.0276  0.0282  0.0305  0.0320  0.0339  0.0336  0.0290  0.0291  0.0283  0.0287  0.0260  0.0265
niter,ni,del,rscale     3    3    5.0000    1.2000
parameters
    1.1095   15.0938   15.8752  -15.3154  -20.2701   -9.9306
    8.6089   -5.5140   -9.5292    5.5944    8.1213   -4.9764
eta,q 0.97459 14.56761
  0.0282  0.0301  0.0291  0.0298  0.0312  0.0295  0.0288  0.0291  0.0285  0.0296  0.0259  0.0264
  0.0267  0.0277  0.0270  0.0277  0.0286  0.0277  0.0271  0.0271  0.0268  0.0273  0.0256  0.0259
  0.0257  0.0260  0.0258  0.0262  0.0266  0.0264  0.0258  0.0261  0.0258  0.0260  0.0254  0.0255
  0.0253  0.0253  0.0253  0.0253  0.0253  0.0254  0.0254  0.0254  0.0254  0.0254  0.0254  0.0254
  0.0255  0.0256  0.0255  0.0246  0.0250  0.0240  0.0260  0.0255  0.0257  0.0256  0.0254  0.0255
  0.0264  0.0268  0.0269  0.0254  0.0276  0.0256  0.0272  0.0265  0.0268  0.0265  0.0256  0.0259
  0.0278  0.0289  0.0301  0.0319  0.0334  0.0327  0.0290  0.0292  0.0283  0.0291  0.0261  0.0265
niter,ni,del,rscale     2    3    5.0000    1.2000
parameters
    1.1721   15.2240   15.7877  -15.2995  -20.3951  -10.0530
    8.4923   -5.3960   -9.4103    5.8338    7.9015   -5.0760
eta,q 0.97454 14.55237
  0.0282  0.0299  0.0292  0.0299  0.0313  0.0295  0.0289  0.0292  0.0285  0.0295  0.0260  0.0265
  0.0267  0.0275  0.0272  0.0277  0.0287  0.0278  0.0271  0.0271  0.0269  0.0273  0.0257  0.0260
  0.0258  0.0260  0.0260  0.0263  0.0267  0.0264  0.0259  0.0261  0.0259  0.0260  0.0255  0.0256
  0.0254  0.0254  0.0254  0.0254  0.0254  0.0254  0.0255  0.0255  0.0255  0.0255  0.0255  0.0255
  0.0257  0.0258  0.0256  0.0248  0.0251  0.0241  0.0260  0.0256  0.0258  0.0256  0.0255  0.0256
  0.0265  0.0271  0.0270  0.0255  0.0276  0.0255  0.0273  0.0266  0.0268  0.0267  0.0256  0.0260
  0.0280  0.0292  0.0300  0.0318  0.0331  0.0323  0.0290  0.0293  0.0283  0.0294  0.0261  0.0266
niter,ni,del,rscale     1    3    5.0000    1.2000
parameters
    1.2103   15.2913   15.7370  -15.2857  -20.4562  -10.1319
    8.4142   -5.3276   -9.3335    5.9632    7.7316   -5.1295
eta,q 0.97451 14.54414
  0.0282  0.0298  0.0293  0.0299  0.0314  0.0296  0.0289  0.0292  0.0285  0.0294  0.0260  0.0265
  0.0268  0.0275  0.0272  0.0278  0.0288  0.0278  0.0272  0.0271  0.0269  0.0273  0.0257  0.0260
  0.0258  0.0260  0.0261  0.0263  0.0268  0.0265  0.0259  0.0261  0.0259  0.0260  0.0255  0.0256
  0.0255  0.0255  0.0255  0.0255  0.0255  0.0255  0.0255  0.0255  0.0255  0.0255  0.0255  0.0255
  0.0257  0.0259  0.0256  0.0249  0.0252  0.0242  0.0260  0.0256  0.0258  0.0257  0.0255  0.0256
  0.0266  0.0272  0.0270  0.0256  0.0275  0.0255  0.0273  0.0267  0.0268  0.0268  0.0257  0.0260
  0.0281  0.0294  0.0299  0.0318  0.0330  0.0322  0.0290  0.0294  0.0284  0.0295  0.0261  0.0266
registration optimization eta report
parameter search radius
    2.4000    3.1740    4.8273   10.9503   10.9503    9.5220
    9.5220    8.2800    9.5220    9.5220    9.5220    8.2800
100000*second partial in parameter space
       47.       41.       18.        5.        6.        6.
        4.        6.        3.        4.        1.        2.
  0.0282  0.0298  0.0293  0.0299  0.0314  0.0296  0.0289  0.0292  0.0285  0.0294  0.0260  0.0265
  0.0268  0.0275  0.0272  0.0278  0.0288  0.0278  0.0272  0.0271  0.0269  0.0273  0.0257  0.0260
  0.0258  0.0260  0.0261  0.0263  0.0268  0.0265  0.0259  0.0261  0.0259  0.0260  0.0255  0.0256
  0.0255  0.0255  0.0255  0.0255  0.0255  0.0255  0.0255  0.0255  0.0255  0.0255  0.0255  0.0255
  0.0257  0.0259  0.0256  0.0249  0.0252  0.0242  0.0260  0.0256  0.0258  0.0257  0.0255  0.0256
  0.0266  0.0272  0.0270  0.0256  0.0275  0.0255  0.0273  0.0267  0.0268  0.0268  0.0257  0.0260
  0.0281  0.0294  0.0299  0.0318  0.0330  0.0322  0.0290  0.0294  0.0284  0.0295  0.0261  0.0266
    1.2103   15.2913   15.7370  -15.2857  -20.4562  -10.1319
    8.4142   -5.3276   -9.3335    5.9632    7.7316   -5.1295
eta,q 0.97451 14.54414

---------------------------------------------------------------------
imgreg_4dfp /opt/freesurfer/average/711-2C_as_mni_average_305 /opt/freesurfer/average/711-2B_as_mni_average_305_mask talsrcimg_g11 none talsrcimg_to_711-2C_as_mni_average_305_t4 2311
---------------------------------------------------------------------

freesurfer imgreg_4dfp.c
/opt/freesurfer/average/711-2C_as_mni_average_305.4dfp.img
       256       256       256         1
  1.000000  1.000000  1.000000
orientation T byte_order littleendian
Reading image: /opt/freesurfer/average/711-2C_as_mni_average_305.4dfp.img
dimensions:      256       256       256
mmppix:       1.0000   -1.0000   -1.0000
center:     128.0000 -129.0000 -129.0000
/opt/freesurfer/average/711-2B_as_mni_average_305_mask.4dfp.img
       256       256       256         1
  1.000000  1.000000  1.000000
orientation T byte_order littleendian
Reading mask: /opt/freesurfer/average/711-2B_as_mni_average_305_mask.4dfp.img (2306576 pixels)
talsrcimg_g11.4dfp.img
       256       256       256         1
  1.000000  1.000000  1.000000
orientation T byte_order littleendian
Reading image: talsrcimg_g11.4dfp.img
dimensions:      256       256       256
mmppix:       1.0000   -1.0000   -1.0000
center:     128.0000 -129.0000 -129.0000
fimgreg.f
image alignment mode   2311 decimal      907 hex
parameters
    1.2103   15.2913   15.7370  -15.2857  -20.4562  -10.1319
    8.4142   -5.3276   -9.3335    5.9632    7.7316   -5.1295
eta,q 0.97451 14.54414
niter,ni,del,rscale     5    3    5.0000    0.8000
parameter  4 -1.423794 -> -0.500000 qaram    1.1500
parameter  6 -1.959392 -> -0.500000 qaram    1.1500
parameters
    1.2409   15.3110   16.2360  -12.5257  -18.5842   -7.3719
    8.2551   -5.7831   -9.4258    4.7982    6.7013   -7.2232
eta,q 0.97665 14.94120
  0.0268  0.0266  0.0261  0.0266  0.0270  0.0268  0.0246  0.0254  0.0245  0.0244  0.0237  0.0235
  0.0261  0.0260  0.0258  0.0261  0.0262  0.0260  0.0240  0.0241  0.0239  0.0238  0.0235  0.0234
  0.0257  0.0256  0.0256  0.0257  0.0255  0.0253  0.0236  0.0236  0.0236  0.0235  0.0235  0.0234
  0.0255  0.0255  0.0255  0.0254  0.0251  0.0247  0.0235  0.0235  0.0235  0.0235  0.0234  0.0234
  0.0256  0.0256  0.0254  0.0252  0.0247  0.0240  0.0236  0.0238  0.0236  0.0239  0.0235  0.0237
  0.0260  0.0260  0.0255  0.0250  0.0248  0.0233  0.0241  0.0247  0.0240  0.0248  0.0237  0.0240
  0.0267  0.0265  0.0257  0.0249  0.0254  0.0235  0.0248  0.0264  0.0245  0.0265  0.0241  0.0246
niter,ni,del,rscale     6    3    5.0000    0.9000
parameters
    1.0852   14.7921   15.9536  -13.0263  -18.1736   -7.6653
    8.8928   -5.4587   -8.8902    5.1688    7.6104   -6.8186
eta,q 0.97665 14.94770
  0.0248  0.0240  0.0237  0.0251  0.0256  0.0264  0.0252  0.0264  0.0248  0.0255  0.0238  0.0240
  0.0239  0.0235  0.0234  0.0244  0.0247  0.0254  0.0243  0.0244  0.0240  0.0242  0.0236  0.0236
  0.0235  0.0232  0.0232  0.0238  0.0239  0.0245  0.0237  0.0237  0.0236  0.0236  0.0235  0.0234
  0.0234  0.0233  0.0232  0.0232  0.0234  0.0233  0.0235  0.0234  0.0234  0.0234  0.0234  0.0234
  0.0236  0.0238  0.0234  0.0228  0.0231  0.0223  0.0235  0.0235  0.0235  0.0235  0.0233  0.0234
  0.0243  0.0247  0.0237  0.0239  0.0236  0.0242  0.0238  0.0241  0.0238  0.0239  0.0234  0.0235
  0.0255  0.0261  0.0242  0.0274  0.0255  0.0293  0.0245  0.0257  0.0243  0.0250  0.0237  0.0238
niter,ni,del,rscale     5    3    5.0000    0.8000
parameters
    1.0088   14.7889   15.7558  -12.4353  -17.9450   -7.7262
    8.9550   -5.8327   -9.0682    5.1406    7.5295   -6.8241
eta,q 0.97683 14.99807
  0.0246  0.0246  0.0238  0.0251  0.0250  0.0260  0.0244  0.0251  0.0241  0.0247  0.0235  0.0236
  0.0239  0.0239  0.0235  0.0245  0.0242  0.0251  0.0237  0.0238  0.0235  0.0238  0.0234  0.0234
  0.0235  0.0235  0.0234  0.0239  0.0236  0.0242  0.0233  0.0233  0.0232  0.0233  0.0232  0.0232
  0.0233  0.0233  0.0233  0.0233  0.0232  0.0231  0.0232  0.0232  0.0232  0.0232  0.0232  0.0232
  0.0235  0.0235  0.0235  0.0229  0.0230  0.0224  0.0233  0.0234  0.0233  0.0233  0.0232  0.0232
  0.0240  0.0239  0.0237  0.0232  0.0235  0.0238  0.0236  0.0243  0.0236  0.0238  0.0233  0.0234
  0.0248  0.0247  0.0241  0.0250  0.0251  0.0277  0.0243  0.0259  0.0242  0.0247  0.0237  0.0236
niter,ni,del,rscale     4    3    5.0000    0.7000
parameters
    0.9946   14.7724   15.7357  -12.1062  -17.7021   -7.3233
    9.0470   -5.8677   -9.0192    5.0177    7.1697   -6.9955
eta,q 0.97722 15.04148
  0.0242  0.0241  0.0236  0.0247  0.0246  0.0256  0.0238  0.0249  0.0236  0.0241  0.0232  0.0232
  0.0236  0.0236  0.0234  0.0242  0.0240  0.0249  0.0233  0.0236  0.0231  0.0233  0.0230  0.0229
  0.0233  0.0233  0.0232  0.0237  0.0235  0.0240  0.0229  0.0229  0.0228  0.0229  0.0228  0.0228
  0.0232  0.0232  0.0232  0.0232  0.0231  0.0230  0.0228  0.0228  0.0228  0.0228  0.0228  0.0228
  0.0233  0.0233  0.0232  0.0228  0.0229  0.0223  0.0228  0.0230  0.0229  0.0229  0.0228  0.0228
  0.0237  0.0236  0.0234  0.0232  0.0234  0.0230  0.0232  0.0237  0.0231  0.0234  0.0230  0.0230
  0.0243  0.0242  0.0236  0.0249  0.0246  0.0260  0.0238  0.0250  0.0235  0.0243  0.0234  0.0233
niter,ni,del,rscale     3    3    5.0000    0.6000
parameters
    0.9576   14.7183   15.8237  -11.8373  -17.5281   -6.8862
    9.0670   -5.8924   -8.9234    4.8704    6.8806   -7.0691
eta,q 0.97758 15.07552
  0.0236  0.0235  0.0233  0.0241  0.0239  0.0250  0.0232  0.0243  0.0231  0.0236  0.0228  0.0228
  0.0231  0.0231  0.0230  0.0237  0.0234  0.0244  0.0228  0.0231  0.0227  0.0229  0.0226  0.0226
  0.0229  0.0228  0.0228  0.0232  0.0230  0.0236  0.0225  0.0226  0.0225  0.0225  0.0225  0.0224
  0.0228  0.0228  0.0228  0.0228  0.0227  0.0227  0.0224  0.0224  0.0224  0.0224  0.0224  0.0224
  0.0229  0.0229  0.0228  0.0225  0.0226  0.0221  0.0225  0.0227  0.0225  0.0226  0.0225  0.0225
  0.0232  0.0232  0.0229  0.0229  0.0230  0.0227  0.0228  0.0233  0.0227  0.0230  0.0227  0.0226
  0.0238  0.0237  0.0231  0.0243  0.0240  0.0251  0.0233  0.0243  0.0230  0.0238  0.0230  0.0228
niter,ni,del,rscale     2    3    5.0000    0.5000
parameters
    0.9050   14.6449   15.9722  -11.5841  -17.3811   -6.4443
    9.0672   -5.9495   -8.8673    4.6529    6.6409   -7.0603
eta,q 0.97790 15.10418
  0.0230  0.0229  0.0229  0.0236  0.0233  0.0245  0.0227  0.0236  0.0226  0.0230  0.0224  0.0225
  0.0227  0.0226  0.0226  0.0232  0.0229  0.0238  0.0224  0.0227  0.0223  0.0225  0.0222  0.0222
  0.0225  0.0225  0.0225  0.0228  0.0226  0.0231  0.0222  0.0222  0.0222  0.0222  0.0221  0.0221
  0.0224  0.0224  0.0224  0.0224  0.0224  0.0223  0.0221  0.0221  0.0221  0.0221  0.0221  0.0221
  0.0225  0.0225  0.0224  0.0223  0.0223  0.0219  0.0222  0.0223  0.0222  0.0223  0.0222  0.0221
  0.0228  0.0227  0.0225  0.0226  0.0226  0.0224  0.0224  0.0228  0.0223  0.0227  0.0223  0.0223
  0.0232  0.0231  0.0227  0.0236  0.0233  0.0242  0.0228  0.0237  0.0226  0.0233  0.0226  0.0225
niter,ni,del,rscale     1    3    5.0000    0.4000
parameters
    0.8381   14.5471   16.1548  -11.3898  -17.2377   -6.0191
    9.0737   -6.0303   -8.8296    4.3606    6.4794   -7.0124
eta,q 0.97816 15.12774
  0.0225  0.0224  0.0225  0.0230  0.0227  0.0238  0.0223  0.0229  0.0222  0.0224  0.0221  0.0221
  0.0223  0.0222  0.0223  0.0226  0.0224  0.0232  0.0221  0.0223  0.0220  0.0221  0.0220  0.0220
  0.0221  0.0221  0.0222  0.0223  0.0222  0.0226  0.0219  0.0219  0.0219  0.0219  0.0219  0.0219
  0.0221  0.0221  0.0221  0.0221  0.0221  0.0220  0.0219  0.0219  0.0219  0.0219  0.0218  0.0218
  0.0222  0.0222  0.0221  0.0220  0.0220  0.0218  0.0219  0.0220  0.0219  0.0220  0.0219  0.0219
  0.0224  0.0223  0.0221  0.0223  0.0222  0.0221  0.0221  0.0224  0.0220  0.0223  0.0220  0.0220
  0.0227  0.0226  0.0222  0.0230  0.0227  0.0233  0.0223  0.0230  0.0222  0.0228  0.0222  0.0221
registration optimization eta report
parameter search radius
    0.8000    0.8000    0.8000    2.7600    2.4000    2.7600
    2.4000    2.4000    2.4000    2.4000    2.4000    2.4000
100000*second partial in parameter space
       79.       66.       44.       12.       11.       20.
        8.       20.        6.       13.        5.        5.
  0.0225  0.0224  0.0225  0.0230  0.0227  0.0238  0.0223  0.0229  0.0222  0.0224  0.0221  0.0221
  0.0223  0.0222  0.0223  0.0226  0.0224  0.0232  0.0221  0.0223  0.0220  0.0221  0.0220  0.0220
  0.0221  0.0221  0.0222  0.0223  0.0222  0.0226  0.0219  0.0219  0.0219  0.0219  0.0219  0.0219
  0.0221  0.0221  0.0221  0.0221  0.0221  0.0220  0.0219  0.0219  0.0219  0.0219  0.0218  0.0218
  0.0222  0.0222  0.0221  0.0220  0.0220  0.0218  0.0219  0.0220  0.0219  0.0220  0.0219  0.0219
  0.0224  0.0223  0.0221  0.0223  0.0222  0.0221  0.0221  0.0224  0.0220  0.0223  0.0220  0.0220
  0.0227  0.0226  0.0222  0.0230  0.0227  0.0233  0.0223  0.0230  0.0222  0.0228  0.0222  0.0221
    0.8381   14.5471   16.1548  -11.3898  -17.2377   -6.0191
    9.0737   -6.0303   -8.8296    4.3606    6.4794   -7.0124
eta,q 0.97816 15.12774

---------------------------------------------------------------------
imgreg_4dfp /opt/freesurfer/average/711-2C_as_mni_average_305 /opt/freesurfer/average/711-2B_as_mni_average_305_mask talsrcimg_g11 none talsrcimg_to_711-2C_as_mni_average_305_t4 2311
---------------------------------------------------------------------

freesurfer imgreg_4dfp.c
/opt/freesurfer/average/711-2C_as_mni_average_305.4dfp.img
       256       256       256         1
  1.000000  1.000000  1.000000
orientation T byte_order littleendian
Reading image: /opt/freesurfer/average/711-2C_as_mni_average_305.4dfp.img
dimensions:      256       256       256
mmppix:       1.0000   -1.0000   -1.0000
center:     128.0000 -129.0000 -129.0000
/opt/freesurfer/average/711-2B_as_mni_average_305_mask.4dfp.img
       256       256       256         1
  1.000000  1.000000  1.000000
orientation T byte_order littleendian
Reading mask: /opt/freesurfer/average/711-2B_as_mni_average_305_mask.4dfp.img (2306576 pixels)
talsrcimg_g11.4dfp.img
       256       256       256         1
  1.000000  1.000000  1.000000
orientation T byte_order littleendian
Reading image: talsrcimg_g11.4dfp.img
dimensions:      256       256       256
mmppix:       1.0000   -1.0000   -1.0000
center:     128.0000 -129.0000 -129.0000
fimgreg.f
image alignment mode   2311 decimal      907 hex
parameters
    0.8381   14.5471   16.1548  -11.3899  -17.2377   -6.0191
    9.0737   -6.0303   -8.8296    4.3606    6.4794   -7.0124
eta,q 0.97816 15.12774
niter,ni,del,rscale     5    3    5.0000    0.8000
parameters
    0.7446   14.3550   16.3897  -12.2852  -17.8152   -6.4383
    9.1637   -5.9027   -8.8497    4.1229    6.5550   -6.5230
eta,q 0.97762 15.06626
  0.0238  0.0232  0.0237  0.0234  0.0237  0.0251  0.0237  0.0257  0.0234  0.0242  0.0230  0.0232
  0.0227  0.0224  0.0227  0.0228  0.0230  0.0242  0.0230  0.0235  0.0228  0.0231  0.0227  0.0227
  0.0220  0.0219  0.0221  0.0223  0.0224  0.0232  0.0226  0.0226  0.0225  0.0225  0.0225  0.0225
  0.0218  0.0218  0.0218  0.0218  0.0220  0.0221  0.0224  0.0224  0.0224  0.0224  0.0224  0.0224
  0.0222  0.0221  0.0219  0.0220  0.0221  0.0219  0.0225  0.0227  0.0225  0.0226  0.0224  0.0224
  0.0230  0.0229  0.0222  0.0236  0.0233  0.0240  0.0229  0.0235  0.0228  0.0233  0.0226  0.0226
  0.0244  0.0241  0.0228  0.0269  0.0257  0.0281  0.0237  0.0252  0.0234  0.0246  0.0230  0.0229
niter,ni,del,rscale     4    3    5.0000    0.7000
parameters
    0.8230   14.4792   16.2149  -11.8615  -17.7133   -6.4392
    9.0816   -5.8981   -8.8368    4.1982    6.4377   -6.6393
eta,q 0.97779 15.08445
  0.0237  0.0236  0.0229  0.0238  0.0239  0.0247  0.0233  0.0249  0.0231  0.0240  0.0228  0.0227
  0.0230  0.0230  0.0225  0.0233  0.0232  0.0240  0.0227  0.0232  0.0226  0.0230  0.0225  0.0224
  0.0226  0.0226  0.0224  0.0228  0.0226  0.0232  0.0223  0.0224  0.0223  0.0224  0.0223  0.0222
  0.0224  0.0224  0.0224  0.0224  0.0222  0.0222  0.0222  0.0222  0.0222  0.0222  0.0222  0.0222
  0.0225  0.0224  0.0225  0.0221  0.0221  0.0218  0.0223  0.0225  0.0223  0.0223  0.0223  0.0223
  0.0228  0.0227  0.0228  0.0224  0.0227  0.0229  0.0227  0.0233  0.0226  0.0229  0.0225  0.0225
  0.0235  0.0233  0.0232  0.0238  0.0241  0.0259  0.0234  0.0248  0.0230  0.0239  0.0229  0.0228
niter,ni,del,rscale     3    3    5.0000    0.6000
parameters
    0.8263   14.5012   16.2159  -11.6321  -17.5438   -6.2021
    9.0538   -5.9048   -8.7921    4.1821    6.3079   -6.7573
eta,q 0.97801 15.10522
  0.0232  0.0231  0.0228  0.0234  0.0235  0.0244  0.0229  0.0243  0.0227  0.0234  0.0225  0.0225
  0.0227  0.0226  0.0224  0.0230  0.0229  0.0237  0.0224  0.0228  0.0223  0.0226  0.0222  0.0222
  0.0223  0.0223  0.0223  0.0226  0.0225  0.0229  0.0221  0.0221  0.0221  0.0221  0.0220  0.0220
  0.0222  0.0222  0.0222  0.0222  0.0221  0.0221  0.0220  0.0220  0.0220  0.0220  0.0220  0.0220
  0.0223  0.0223  0.0223  0.0220  0.0221  0.0217  0.0221  0.0223  0.0221  0.0221  0.0221  0.0221
  0.0226  0.0225  0.0224  0.0224  0.0225  0.0224  0.0224  0.0230  0.0223  0.0226  0.0222  0.0222
  0.0232  0.0230  0.0227  0.0235  0.0235  0.0246  0.0229  0.0241  0.0226  0.0234  0.0226  0.0225
niter,ni,del,rscale     2    3    5.0000    0.5000
parameters
    0.7996   14.4559   16.2929  -11.4534  -17.3916   -5.9078
    9.0544   -5.9483   -8.7672    4.0545    6.2276   -6.7879
eta,q 0.97820 15.12458
  0.0227  0.0226  0.0225  0.0230  0.0229  0.0239  0.0225  0.0235  0.0223  0.0228  0.0222  0.0222
  0.0223  0.0222  0.0222  0.0226  0.0225  0.0233  0.0221  0.0224  0.0220  0.0222  0.0220  0.0220
  0.0221  0.0221  0.0221  0.0223  0.0222  0.0226  0.0219  0.0219  0.0218  0.0219  0.0218  0.0218
  0.0220  0.0220  0.0220  0.0220  0.0220  0.0219  0.0218  0.0218  0.0218  0.0218  0.0218  0.0218
  0.0221  0.0221  0.0220  0.0219  0.0219  0.0217  0.0219  0.0221  0.0219  0.0219  0.0218  0.0219
  0.0224  0.0223  0.0221  0.0222  0.0222  0.0222  0.0221  0.0226  0.0220  0.0224  0.0220  0.0220
  0.0228  0.0227  0.0224  0.0230  0.0229  0.0238  0.0225  0.0235  0.0223  0.0230  0.0223  0.0222
niter,ni,del,rscale     1    3    5.0000    0.4000
parameters
    0.7581   14.3800   16.4020  -11.3302  -17.2425   -5.6153
    9.0656   -6.0302   -8.7555    3.8612    6.1945   -6.7681
eta,q 0.97836 15.14145
  0.0223  0.0221  0.0222  0.0225  0.0225  0.0233  0.0221  0.0228  0.0220  0.0223  0.0220  0.0219
  0.0220  0.0219  0.0220  0.0222  0.0222  0.0228  0.0219  0.0221  0.0218  0.0219  0.0218  0.0218
  0.0218  0.0218  0.0219  0.0220  0.0219  0.0222  0.0217  0.0217  0.0217  0.0217  0.0217  0.0217
  0.0218  0.0218  0.0218  0.0218  0.0218  0.0218  0.0217  0.0217  0.0216  0.0216  0.0216  0.0216
  0.0219  0.0219  0.0218  0.0218  0.0218  0.0216  0.0217  0.0218  0.0217  0.0218  0.0217  0.0217
  0.0221  0.0220  0.0219  0.0220  0.0219  0.0220  0.0218  0.0223  0.0218  0.0221  0.0218  0.0218
  0.0224  0.0223  0.0220  0.0225  0.0224  0.0230  0.0221  0.0229  0.0220  0.0226  0.0220  0.0219
registration optimization eta report
parameter search radius
    0.8000    0.8000    0.8000    2.4000    2.4000    2.4000
    2.4000    2.4000    2.4000    2.4000    2.4000    2.4000
100000*second partial in parameter space
       84.       67.       51.       13.       12.       25.
        8.       21.        6.       14.        6.        5.
  0.0223  0.0221  0.0222  0.0225  0.0225  0.0233  0.0221  0.0228  0.0220  0.0223  0.0220  0.0219
  0.0220  0.0219  0.0220  0.0222  0.0222  0.0228  0.0219  0.0221  0.0218  0.0219  0.0218  0.0218
  0.0218  0.0218  0.0219  0.0220  0.0219  0.0222  0.0217  0.0217  0.0217  0.0217  0.0217  0.0217
  0.0218  0.0218  0.0218  0.0218  0.0218  0.0218  0.0217  0.0217  0.0216  0.0216  0.0216  0.0216
  0.0219  0.0219  0.0218  0.0218  0.0218  0.0216  0.0217  0.0218  0.0217  0.0218  0.0217  0.0217
  0.0221  0.0220  0.0219  0.0220  0.0219  0.0220  0.0218  0.0223  0.0218  0.0221  0.0218  0.0218
  0.0224  0.0223  0.0220  0.0225  0.0224  0.0230  0.0221  0.0229  0.0220  0.0226  0.0220  0.0219
    0.7581   14.3800   16.4020  -11.3302  -17.2425   -5.6153
    9.0656   -6.0302   -8.7555    3.8612    6.1945   -6.7681
eta,q 0.97836 15.14145

---------------------------------------------------------------------
compute_vox2vox talsrcimg talsrcimg_to_711-2C_as_mni_average_305_t4 /opt/freesurfer/average/711-2C_as_mni_average_305
---------------------------------------------------------------------

freesurfer compute_vox2vox.c
Reading: talsrcimg.4dfp.ifh
Reading: talsrcimg_to_711-2C_as_mni_average_305_t4
Reading: /opt/freesurfer/average/711-2C_as_mni_average_305.4dfp.ifh
Writing: talsrcimg_to_711-2C_as_mni_average_305_t4_vox2vox.txt

start time Tue Mar 10 22:36:36 CET 2026
end		time Tue Mar 10 22:36:51 CET 2026

mpr2mni305 success

avi2talxfm orig_nu.mgz /opt/freesurfer/average/mni305.cor.mgz talsrcimg_to_711-2C_as_mni_average_305_t4_vox2vox.txt transforms/talairach.auto.xfm
avi2talxfm done
mv -f /out/sourcedata/freesurfer/sub-v2s12x28868_ses-1/mri/talsrcimg_to_711-2C_as_mni_average_305_t4_vox2vox.txt /out/sourcedata/freesurfer/sub-v2s12x28868_ses-1/mri/transforms/talsrcimg_to_711-2C_as_mni_average_305_t4_vox2vox.txt
lta_convert --src orig_nu.mgz --trg /opt/freesurfer/average/mni305.cor.mgz --inxfm transforms/talairach.auto.xfm --outlta transforms/talairach.auto.xfm.lta --subject fsaverage
7.3.2

--src: orig_nu.mgz src image (geometry).
--trg: /opt/freesurfer/average/mni305.cor.mgz trg image (geometry).
--inmni: transforms/talairach.auto.xfm input MNI/XFM transform.
--outlta: transforms/talairach.auto.xfm.lta output LTA.
--s: fsaverage subject name
 LTA read, type : 1
 1.11108   0.07571  -0.11552   0.84493;
-0.06428   1.05158   0.09304  -20.31993;
 0.12055  -0.04105   1.19179  -33.69847;
 0.00000   0.00000   0.00000   1.00000;
setting subject to fsaverage
Writing  LTA to file transforms/talairach.auto.xfm.lta...
lta_convert successful.
 
 
Started at Tue Mar 10 22:36:35 CET 2026
Ended   at Tue Mar 10 22:36:51 CET 2026
talairach_avi done
