/out/sourcedata/freesurfer/sub-v2s12x28909_ses-1/mri
/opt/freesurfer/bin/talairach_avi
--i orig_nu.mgz --xfm transforms/talairach.auto.xfm
talairach_avi 7.3.2
Linux dna003 5.14.0-427.37.1.el9_4.x86_64 #1 SMP PREEMPT_DYNAMIC Fri Sep 13 12:41:50 EDT 2024 x86_64 x86_64 x86_64 GNU/Linux
Wed Mar 11 03:00:43 CET 2026
mri_convert orig_nu.mgz talsrcimg.img 
reading from orig_nu.mgz...
TR=0.00, TE=0.00, TI=0.00, flip angle=0.00
i_ras = (-1, 0, 0)
j_ras = (0, 0, -1)
k_ras = (0, 1, 0)
writing to talsrcimg.img...
Analyze Output Matrix
-1.00000   0.00000   0.00000   127.62470;
 0.00000   0.00000   1.00000  -123.81200;
 0.00000  -1.00000   0.00000   126.80400;
 0.00000   0.00000   0.00000   1.00000;
--------------------
INFO: set hdr.hist.orient to -1
mpr2mni305 talsrcimg
Wed Mar 11 03:00:44 CET 2026
/opt/freesurfer/bin/mpr2mni305 talsrcimg
mpr2mni305 7.3.2
target=711-2C_as_mni_average_305

---------------------------------------------------------------------
analyzeto4dfp talsrcimg -O0 -y
---------------------------------------------------------------------

freesurfer ifh2hdr.c
Wed Mar 11 03:00:44 2026
Writing: talsrcimg.4dfp.hdr
freesurfer analyzeto4dfp.c
Reading: talsrcimg.hdr
header size 348 bytes
hdr.dime.datatype	offset=70	value=2
hdr.dime.bitpix		offset=72	value=8
hdr.hist.orient		offset=252	value=-1
dimensionality     4
dimensions       256       256       256         1
Reading: talsrcimg.img
Writing: talsrcimg.4dfp.img
Writing: talsrcimg.4dfp.ifh
ifh2hdr talsrcimg -r0to225
ori=2

---------------------------------------------------------------------
gauss_4dfp talsrcimg 1.1
---------------------------------------------------------------------

freesurfer gauss_4dfp.c
Reading: talsrcimg.4dfp.img
Writing: talsrcimg_g11.4dfp.img
image dimensions 256 256 256 padded to 288 288 288
processing volume 1freesurfer ifh2hdr.c
Wed Mar 11 03:00:46 2026
Writing: talsrcimg_g11.4dfp.hdr

Writing: talsrcimg_g11.4dfp.ifh
including: talsrcimg.4dfp.img.rec in talsrcimg_g11.4dfp.img.rec

---------------------------------------------------------------------
imgreg_4dfp /opt/freesurfer/average/711-2C_as_mni_average_305 none talsrcimg_g11 none talsrcimg_to_711-2C_as_mni_average_305_t4 4355
---------------------------------------------------------------------

freesurfer imgreg_4dfp.c
/opt/freesurfer/average/711-2C_as_mni_average_305.4dfp.img
       256       256       256         1
  1.000000  1.000000  1.000000
orientation T byte_order littleendian
Reading image: /opt/freesurfer/average/711-2C_as_mni_average_305.4dfp.img
dimensions:      256       256       256
mmppix:       1.0000   -1.0000   -1.0000
center:     128.0000 -129.0000 -129.0000
talsrcimg_g11.4dfp.img
       256       256       256         1
  1.000000  1.000000  1.000000
orientation T byte_order littleendian
Reading image: talsrcimg_g11.4dfp.img
dimensions:      256       256       256
mmppix:       1.0000   -1.0000   -1.0000
center:     128.0000 -129.0000 -129.0000
t4_read: open error in t4_sub.f l:  41 t4_file(1:l)talsrcimg_to_711-2C_as_mni_average_305_t4 
t4_read: transform initialized to I4
rotation matrix determinant  1.000000
image alignment mode   4355 decimal     1103 hex
   -7.5000  -45.0000  -45.0000 5743.7153   25.1316
    0.0000  -45.0000  -45.0000 5995.1562   25.0943
    7.5000  -45.0000  -45.0000 5762.0176   24.9982
   -7.5000  -37.5000  -45.0000 6243.2583   25.0753
    0.0000  -37.5000  -45.0000 6534.4268   25.0512
    7.5000  -37.5000  -45.0000 6274.6133   24.9653
   -7.5000  -30.0000  -45.0000 7004.6294   25.0828
    0.0000  -30.0000  -45.0000 7332.4028   25.0788
    7.5000  -30.0000  -45.0000 7031.9395   25.0068
   -7.5000  -22.5000  -45.0000 7741.9448   25.0772
    0.0000  -22.5000  -45.0000 8090.4517   25.0816
    7.5000  -22.5000  -45.0000 7757.3188   25.0128
   -7.5000  -15.0000  -45.0000 8401.5674   25.0558
    0.0000  -15.0000  -45.0000 8773.4746   25.0491
    7.5000  -15.0000  -45.0000 8389.7725   24.9700
   -7.5000   -7.5000  -45.0000 9019.5176   25.0407
    0.0000   -7.5000  -45.0000 9411.4336   25.0127
    7.5000   -7.5000  -45.0000 8992.1016   24.9206
   -7.5000    0.0000  -45.0000 9565.0771   25.0449
    0.0000    0.0000  -45.000010015.6895   25.0077
    7.5000    0.0000  -45.0000 9545.0879   24.9120
   -7.5000    7.5000  -45.0000 9404.2764   25.0634
    0.0000    7.5000  -45.0000 9812.4912   25.0391
    7.5000    7.5000  -45.0000 9388.6895   24.9531
   -7.5000   15.0000  -45.0000 9202.8389   25.0806
    0.0000   15.0000  -45.0000 9549.1484   25.0767
    7.5000   15.0000  -45.0000 9162.9502   25.0046
   -7.5000   22.5000  -45.0000 8932.4395   25.0737
    0.0000   22.5000  -45.0000 9250.4609   25.0782
    7.5000   22.5000  -45.0000 8853.4365   25.0094
   -7.5000   30.0000  -45.0000 8464.1572   24.7220
    0.0000   30.0000  -45.0000 8746.5918   24.7153
    7.5000   30.0000  -45.0000 8396.7520   24.6372
   -7.5000   37.5000  -45.0000 8204.7129   24.7070
    0.0000   37.5000  -45.0000 8466.1328   24.6794
    7.5000   37.5000  -45.0000 8130.8110   24.5885
   -7.5000   45.0000  -45.0000 7583.4766   24.0836
    0.0000   45.0000  -45.0000 7833.2656   24.0479
    7.5000   45.0000  -45.0000 7507.7080   23.9559
   -7.5000  -45.0000  -37.5000 6159.8662   24.6550
    0.0000  -45.0000  -37.5000 6425.4551   24.6133
    7.5000  -45.0000  -37.5000 6169.4648   24.5293
   -7.5000  -37.5000  -37.5000 6670.3350   24.6245
    0.0000  -37.5000  -37.5000 6972.6191   24.5909
    7.5000  -37.5000  -37.5000 6684.8550   24.5104
   -7.5000  -30.0000  -37.5000 7484.6343   24.6676
    0.0000  -30.0000  -37.5000 7815.7090   24.6538
    7.5000  -30.0000  -37.5000 7493.4849   24.5772
   -7.5000  -22.5000  -37.5000 8298.6787   24.6740
    0.0000  -22.5000  -37.5000 8644.8828   24.6727
    7.5000  -22.5000  -37.5000 8296.1123   24.5961
   -7.5000  -15.0000  -37.5000 8987.2188   24.6332
    0.0000  -15.0000  -37.5000 9381.5381   24.6260
    7.5000  -15.0000  -37.5000 8967.3242   24.5448
   -7.5000   -7.5000  -37.5000 9589.7705   24.5832
    0.0000   -7.5000  -37.500010031.5215   24.5556
    7.5000   -7.5000  -37.5000 9576.5664   24.4711
   -7.5000    0.0000  -37.500010127.3145   24.5714
    0.0000    0.0000  -37.500010598.0361   24.5297
    7.5000    0.0000  -37.500010114.5781   24.4461
   -7.5000    7.5000  -37.500010008.1328   24.6130
    0.0000    7.5000  -37.500010452.4824   24.5792
    7.5000    7.5000  -37.5000 9956.9844   24.4986
   -7.5000   15.0000  -37.5000 9803.5859   24.6655
    0.0000   15.0000  -37.500010193.1621   24.6517
    7.5000   15.0000  -37.5000 9722.1025   24.5751
   -7.5000   22.5000  -37.5000 9484.1094   24.6706
    0.0000   22.5000  -37.5000 9824.0820   24.6694
    7.5000   22.5000  -37.5000 9400.5039   24.5927
   -7.5000   30.0000  -37.5000 8986.1699   24.3050
    0.0000   30.0000  -37.5000 9291.4473   24.2978
    7.5000   30.0000  -37.5000 8925.5527   24.2177
   -7.5000   37.5000  -37.5000 8666.4229   24.2556
    0.0000   37.5000  -37.5000 8957.8320   24.2283
    7.5000   37.5000  -37.5000 8621.2480   24.1450
   -7.5000   45.0000  -37.5000 7984.9365   23.6283
    0.0000   45.0000  -37.5000 8265.5420   23.5883
    7.5000   45.0000  -37.5000 7943.6528   23.5079
   -7.5000  -45.0000  -30.0000 6681.0386   25.3540
    0.0000  -45.0000  -30.0000 6967.9189   25.3147
    7.5000  -45.0000  -30.0000 6663.7725   25.2521
   -7.5000  -37.5000  -30.0000 7256.9492   25.3390
    0.0000  -37.5000  -30.0000 7593.4517   25.3065
    7.5000  -37.5000  -30.0000 7244.6929   25.2394
   -7.5000  -30.0000  -30.0000 8129.1216   25.3949
    0.0000  -30.0000  -30.0000 8495.4443   25.3776
    7.5000  -30.0000  -30.0000 8133.1543   25.3060
   -7.5000  -22.5000  -30.0000 9014.9453   25.3976
    0.0000  -22.5000  -30.0000 9397.8721   25.3884
    7.5000  -22.5000  -30.0000 8999.6533   25.3170
   -7.5000  -15.0000  -30.0000 9765.7998   25.3412
    0.0000  -15.0000  -30.000010192.5068   25.3273
    7.5000  -15.0000  -30.0000 9748.1436   25.2589
   -7.5000   -7.5000  -30.000010417.6670   25.2783
    0.0000   -7.5000  -30.000010886.4619   25.2496
    7.5000   -7.5000  -30.000010406.5820   25.1856
   -7.5000    0.0000  -30.000011006.8711   25.2691
    0.0000    0.0000  -30.000011498.5303   25.2298
    7.5000    0.0000  -30.000010960.8125   25.1673
   -7.5000    7.5000  -30.000010855.5186   25.3272
    0.0000    7.5000  -30.000011325.1230   25.2945
    7.5000    7.5000  -30.000010769.9170   25.2274
   -7.5000   15.0000  -30.000010579.4268   25.3928
    0.0000   15.0000  -30.000011026.0293   25.3754
    7.5000   15.0000  -30.000010472.3799   25.3038
   -7.5000   22.5000  -30.000010206.3115   25.3915
    0.0000   22.5000  -30.000010625.6514   25.3823
    7.5000   22.5000  -30.000010106.8643   25.3109
   -7.5000   30.0000  -30.0000 9696.9482   25.0059
    0.0000   30.0000  -30.000010108.2266   24.9922
    7.5000   30.0000  -30.0000 9645.3887   24.9246
   -7.5000   37.5000  -30.0000 9338.0205   24.9438
    0.0000   37.5000  -30.0000 9719.0303   24.9155
    7.5000   37.5000  -30.0000 9302.3604   24.8523
   -7.5000   45.0000  -30.0000 8578.0146   24.3171
    0.0000   45.0000  -30.0000 8921.4336   24.2793
    7.5000   45.0000  -30.0000 8548.2090   24.2191
   -7.5000  -45.0000  -22.5000 7269.4487   26.0075
    0.0000  -45.0000  -22.5000 7600.6084   25.9751
    7.5000  -45.0000  -22.5000 7286.7373   25.9234
   -7.5000  -37.5000  -22.5000 7947.3457   25.9826
    0.0000  -37.5000  -22.5000 8303.5078   25.9592
    7.5000  -37.5000  -22.5000 7945.1191   25.9037
   -7.5000  -30.0000  -22.5000 8878.8740   26.0197
    0.0000  -30.0000  -22.5000 9271.0771   26.0035
    7.5000  -30.0000  -22.5000 8865.2158   25.9454
   -7.5000  -22.5000  -22.5000 9807.0801   26.0129
    0.0000  -22.5000  -22.500010241.8975   25.9939
    7.5000  -22.5000  -22.5000 9775.0078   25.9375
   -7.5000  -15.0000  -22.500010603.8389   25.9636
    0.0000  -15.0000  -22.500011109.3516   25.9369
    7.5000  -15.0000  -22.500010587.7715   25.8832
   -7.5000   -7.5000  -22.500011307.6650   25.9190
    0.0000   -7.5000  -22.500011909.0645   25.8860
    7.5000   -7.5000  -22.500011301.5938   25.8346
   -7.5000    0.0000  -22.500011956.8574   25.9213
    0.0000    0.0000  -22.500012547.0225   25.8888
    7.5000    0.0000  -22.500011903.0625   25.8370
   -7.5000    7.5000  -22.500011758.9248   25.9706
    0.0000    7.5000  -22.500012302.4355   25.9471
    7.5000    7.5000  -22.500011677.4756   25.8915
   -7.5000   15.0000  -22.500011407.0801   26.0176
    0.0000   15.0000  -22.500011929.0322   26.0013
    7.5000   15.0000  -22.500011324.6055   25.9432
   -7.5000   22.5000  -22.500010992.0635   26.0049
    0.0000   22.5000  -22.500011480.0977   25.9859
    7.5000   22.5000  -22.500010920.1982   25.9295
   -7.5000   30.0000  -22.500010432.1943   25.6240
    0.0000   30.0000  -22.500010906.4209   25.5977
    7.5000   30.0000  -22.500010411.6611   25.5447
   -7.5000   37.5000  -22.500010045.3525   25.5799
    0.0000   37.5000  -22.500010499.6768   25.5474
    7.5000   37.5000  -22.500010033.1611   25.4966
   -7.5000   45.0000  -22.5000 9212.2920   24.9635
    0.0000   45.0000  -22.5000 9622.8691   24.9322
    7.5000   45.0000  -22.5000 9227.8818   24.8823
   -7.5000  -45.0000  -15.0000 7967.6885   26.6339
    0.0000  -45.0000  -15.0000 8330.7500   26.6028
    7.5000  -45.0000  -15.0000 7964.6802   26.5425
   -7.5000  -37.5000  -15.0000 8698.0254   26.5790
    0.0000  -37.5000  -15.0000 9094.9922   26.5614
    7.5000  -37.5000  -15.0000 8691.7627   26.5052
   -7.5000  -30.0000  -15.0000 9699.6992   26.5849
    0.0000  -30.0000  -15.000010130.0723   26.5714
    7.5000  -30.0000  -15.0000 9678.3584   26.5217
   -7.5000  -22.5000  -15.000010693.3516   26.5763
    0.0000  -22.5000  -15.000011160.4424   26.5534
    7.5000  -22.5000  -15.000010639.1367   26.5066
   -7.5000  -15.0000  -15.000011577.4893   26.5530
    0.0000  -15.0000  -15.000012089.4277   26.5177
    7.5000  -15.0000  -15.000011513.4873   26.4663
   -7.5000   -7.5000  -15.000012371.3447   26.5382
    0.0000   -7.5000  -15.000012956.5273   26.4991
    7.5000   -7.5000  -15.000012292.1377   26.4408
   -7.5000    0.0000  -15.000013099.2480   26.5457
    0.0000    0.0000  -15.000013701.6084   26.5145
    7.5000    0.0000  -15.000012978.0293   26.4543
   -7.5000    7.5000  -15.000012811.1621   26.5668
    0.0000    7.5000  -15.000013398.3975   26.5491
    7.5000    7.5000  -15.000012689.4766   26.4927
   -7.5000   15.0000  -15.000012347.0713   26.5827
    0.0000   15.0000  -15.000012930.3555   26.5693
    7.5000   15.0000  -15.000012249.4258   26.5195
   -7.5000   22.5000  -15.000011858.9404   26.5669
    0.0000   22.5000  -15.000012421.9951   26.5440
    7.5000   22.5000  -15.000011785.1768   26.4972
   -7.5000   30.0000  -15.000011281.6562   26.2093
    0.0000   30.0000  -15.000011797.4814   26.1745
    7.5000   30.0000  -15.000011242.3477   26.1238
   -7.5000   37.5000  -15.000010880.2334   26.1947
    0.0000   37.5000  -15.000011366.3809   26.1561
    7.5000   37.5000  -15.000010855.2402   26.0986
   -7.5000   45.0000  -15.0000 9957.2842   25.5803
    0.0000   45.0000  -15.000010386.4121   25.5502
    7.5000   45.0000  -15.0000 9954.7471   25.4922
   -7.5000  -45.0000   -7.5000 8727.9482   26.9709
    0.0000  -45.0000   -7.5000 9126.2305   26.9325
    7.5000  -45.0000   -7.5000 8734.2383   26.8476
   -7.5000  -37.5000   -7.5000 9507.0889   26.8998
    0.0000  -37.5000   -7.5000 9941.4248   26.8764
    7.5000  -37.5000   -7.5000 9504.0615   26.8027
   -7.5000  -30.0000   -7.500010597.9531   26.8903
    0.0000  -30.0000   -7.500011049.0625   26.8774
    7.5000  -30.0000   -7.500010568.9062   26.8179
   -7.5000  -22.5000   -7.500011658.7178   26.8811
    0.0000  -22.5000   -7.500012166.6816   26.8648
    7.5000  -22.5000   -7.500011613.6064   26.8083
   -7.5000  -15.0000   -7.500012626.7051   26.8713
    0.0000  -15.0000   -7.500013178.4004   26.8418
    7.5000  -15.0000   -7.500012551.8115   26.7740
   -7.5000   -7.5000   -7.500013492.5771   26.8723
    0.0000   -7.5000   -7.500014108.5791   26.8315
    7.5000   -7.5000   -7.500013387.1650   26.7499
   -7.5000    0.0000   -7.500014283.9629   26.8815
    0.0000    0.0000   -7.500014928.6445   26.8432
    7.5000    0.0000   -7.500014110.7158   26.7586
   -7.5000    7.5000   -7.500013981.7148   26.8875
    0.0000    7.5000   -7.500014613.6895   26.8639
    7.5000    7.5000   -7.500013785.4980   26.7901
   -7.5000   15.0000   -7.500013445.5264   26.8881
    0.0000   15.0000   -7.500014077.2461   26.8752
    7.5000   15.0000   -7.500013307.1270   26.8157
   -7.5000   22.5000   -7.500012885.3486   26.8687
    0.0000   22.5000   -7.500013499.8711   26.8524
    7.5000   22.5000   -7.500012753.5312   26.7959
   -7.5000   30.0000   -7.500012244.5352   26.5229
    0.0000   30.0000   -7.500012808.5781   26.4937
    7.5000   30.0000   -7.500012140.0840   26.4268
   -7.5000   37.5000   -7.500011818.3896   26.5238
    0.0000   37.5000   -7.500012375.2334   26.4835
    7.5000   37.5000   -7.500011758.7930   26.4030
   -7.5000   45.0000   -7.500010790.2578   25.9087
    0.0000   45.0000   -7.500011267.4463   25.8718
    7.5000   45.0000   -7.500010767.3516   25.7903
   -7.5000  -45.0000    0.0000 9433.3076   27.0280
    0.0000  -45.0000    0.0000 9862.6924   26.9810
    7.5000  -45.0000    0.0000 9434.3799   26.8797
   -7.5000  -37.5000    0.000010291.9443   26.9697
    0.0000  -37.5000    0.000010744.5635   26.9361
    7.5000  -37.5000    0.000010269.2002   26.8467
   -7.5000  -30.0000    0.000011472.7773   26.9764
    0.0000  -30.0000    0.000011948.8271   26.9634
    7.5000  -30.0000    0.000011404.3223   26.8880
   -7.5000  -22.5000    0.000012581.4980   26.9690
    0.0000  -22.5000    0.000013132.0459   26.9643
    7.5000  -22.5000    0.000012522.8252   26.8909
   -7.5000  -15.0000    0.000013600.2021   26.9470
    0.0000  -15.0000    0.000014193.6396   26.9312
    7.5000  -15.0000    0.000013503.9912   26.8459
   -7.5000   -7.5000    0.000014536.9707   26.9331
    0.0000   -7.5000    0.000015162.1016   26.8958
    7.5000   -7.5000    0.000014356.9248   26.7973
   -7.5000    0.0000    0.000015392.4639   26.9384
    0.0000    0.0000    0.000016040.9971   26.8914
    7.5000    0.0000    0.000015131.5068   26.7907
   -7.5000    7.5000    0.000015112.3135   26.9574
    0.0000    7.5000    0.000015784.8545   26.9236
    7.5000    7.5000    0.000014834.7959   26.8341
   -7.5000   15.0000    0.000014565.3877   26.9741
    0.0000   15.0000    0.000015228.7051   26.9611
    7.5000   15.0000    0.000014321.1865   26.8857
   -7.5000   22.5000    0.000013921.6191   26.9566
    0.0000   22.5000    0.000014559.4375   26.9519
    7.5000   22.5000    0.000013683.9814   26.8785
   -7.5000   30.0000    0.000013154.8740   26.5983
    0.0000   30.0000    0.000013768.2656   26.5826
    7.5000   30.0000    0.000012978.6436   26.4985
   -7.5000   37.5000    0.000012704.6465   26.5846
    0.0000   37.5000    0.000013301.7588   26.5477
    7.5000   37.5000    0.000012580.3311   26.4505
   -7.5000   45.0000    0.000011634.1592   25.9655
    0.0000   45.0000    0.000012167.9990   25.9202
    7.5000   45.0000    0.000011548.1436   25.8231
   -7.5000  -45.0000    7.5000 9418.6357   26.9937
    0.0000  -45.0000    7.5000 9863.8730   26.9448
    7.5000  -45.0000    7.5000 9429.2686   26.8547
   -7.5000  -37.5000    7.500010288.7979   26.9637
    0.0000  -37.5000    7.500010722.3496   26.9247
    7.5000  -37.5000    7.500010240.7158   26.8383
   -7.5000  -30.0000    7.500011457.5801   27.0053
    0.0000  -30.0000    7.500011944.5566   26.9895
    7.5000  -30.0000    7.500011382.9092   26.9077
   -7.5000  -22.5000    7.500012583.8613   27.0042
    0.0000  -22.5000    7.500013119.8047   27.0023
    7.5000  -22.5000    7.500012491.7451   26.9209
   -7.5000  -15.0000    7.500013616.9111   26.9568
    0.0000  -15.0000    7.500014197.9141   26.9475
    7.5000  -15.0000    7.500013455.0537   26.8616
   -7.5000   -7.5000    7.500014557.5898   26.9086
    0.0000   -7.5000    7.500015112.5361   26.8757
    7.5000   -7.5000    7.500014265.4512   26.7859
   -7.5000    0.0000    7.500015419.2744   26.9041
    0.0000    0.0000    7.500015961.2158   26.8553
    7.5000    0.0000    7.500015006.5732   26.7656
   -7.5000    7.5000    7.500015154.1475   26.9513
    0.0000    7.5000    7.500015724.3770   26.9122
    7.5000    7.5000    7.500014736.7871   26.8256
   -7.5000   15.0000    7.500014608.5137   27.0031
    0.0000   15.0000    7.500015229.5039   26.9873
    7.5000   15.0000    7.500014260.1553   26.9054
   -7.5000   22.5000    7.500013957.1729   26.9917
    0.0000   22.5000    7.500014553.4580   26.9899
    7.5000   22.5000    7.500013659.3916   26.9085
   -7.5000   30.0000    7.500013175.9385   26.6079
    0.0000   30.0000    7.500013714.2402   26.5988
    7.5000   30.0000    7.500012903.3584   26.5140
   -7.5000   37.5000    7.500012710.8525   26.5603
    0.0000   37.5000    7.500013248.7432   26.5279
    7.5000   37.5000    7.500012484.6572   26.4392
   -7.5000   45.0000    7.500011688.1309   25.9325
    0.0000   45.0000    7.500012171.2871   25.8855
    7.5000   45.0000    7.500011502.0430   25.7989
   -7.5000  -45.0000   15.0000 9252.1475   26.9630
    0.0000  -45.0000   15.0000 9689.7217   26.9206
    7.5000  -45.0000   15.0000 9231.6367   26.8540
   -7.5000  -37.5000   15.000010114.5771   26.9490
    0.0000  -37.5000   15.000010533.7939   26.9138
    7.5000  -37.5000   15.000010047.4482   26.8425
   -7.5000  -30.0000   15.000011301.7490   27.0074
    0.0000  -30.0000   15.000011738.5938   26.9885
    7.5000  -30.0000   15.000011185.7549   26.9127
   -7.5000  -22.5000   15.000012449.2969   27.0073
    0.0000  -22.5000   15.000012904.8398   26.9973
    7.5000  -22.5000   15.000012289.4355   26.9219
   -7.5000  -15.0000   15.000013533.3359   26.9455
    0.0000  -15.0000   15.000014033.2119   26.9307
    7.5000  -15.0000   15.000013307.4111   26.8586
   -7.5000   -7.5000   15.000014534.1572   26.8804
    0.0000   -7.5000   15.000014990.2891   26.8496
    7.5000   -7.5000   15.000014119.3955   26.7819
   -7.5000    0.0000   15.000015353.1309   26.8735
    0.0000    0.0000   15.000015722.0195   26.8312
    7.5000    0.0000   15.000014787.6865   26.7647
   -7.5000    7.5000   15.000015018.3838   26.9365
    0.0000    7.5000   15.000015430.4785   26.9012
    7.5000    7.5000   15.000014468.6914   26.8299
   -7.5000   15.0000   15.000014484.9482   27.0052
    0.0000   15.0000   15.000014946.6270   26.9862
    7.5000   15.0000   15.000014021.0059   26.9104
   -7.5000   22.5000   15.000013836.2051   26.9949
    0.0000   22.5000   15.000014296.9092   26.9849
    7.5000   22.5000   15.000013419.4287   26.9095
   -7.5000   30.0000   15.000013045.9736   26.5968
    0.0000   30.0000   15.000013498.6748   26.5822
    7.5000   30.0000   15.000012659.2119   26.5110
   -7.5000   37.5000   15.000012583.2881   26.5325
    0.0000   37.5000   15.000013044.9854   26.5021
    7.5000   37.5000   15.000012234.0713   26.4353
   -7.5000   45.0000   15.000011608.8809   25.9029
    0.0000   45.0000   15.000012044.2715   25.8622
    7.5000   45.0000   15.000011306.0439   25.7981
   -7.5000  -45.0000   22.5000 9012.9609   26.9671
    0.0000  -45.0000   22.5000 9416.9766   26.9335
    7.5000  -45.0000   22.5000 8973.0986   26.8798
   -7.5000  -37.5000   22.5000 9795.8867   26.9408
    0.0000  -37.5000   22.500010204.6123   26.9165
    7.5000  -37.5000   22.5000 9740.3711   26.8590
   -7.5000  -30.0000   22.500010932.4492   26.9796
    0.0000  -30.0000   22.500011346.3281   26.9627
    7.5000  -30.0000   22.500010839.4883   26.9026
   -7.5000  -22.5000   22.500012170.1738   26.9736
    0.0000  -22.5000   22.500012576.7627   26.9539
    7.5000  -22.5000   22.500011984.8838   26.8956
   -7.5000  -15.0000   22.500013514.5215   26.9232
    0.0000  -15.0000   22.500013900.4326   26.8956
    7.5000  -15.0000   22.500013098.1943   26.8401
   -7.5000   -7.5000   22.500014720.7549   26.8764
    0.0000   -7.5000   22.500014951.9922   26.8423
    7.5000   -7.5000   22.500014022.9658   26.7889
   -7.5000    0.0000   22.500015274.9160   26.8778
    0.0000    0.0000   22.500015478.1406   26.8441
    7.5000    0.0000   22.500014629.9600   26.7904
   -7.5000    7.5000   22.500014792.2207   26.9284
    0.0000    7.5000   22.500015066.4580   26.9040
    7.5000    7.5000   22.500014243.1357   26.8463
   -7.5000   15.0000   22.500014251.5459   26.9774
    0.0000   15.0000   22.500014595.1709   26.9605
    7.5000   15.0000   22.500013758.3857   26.9003
   -7.5000   22.5000   22.500013652.4463   26.9612
    0.0000   22.5000   22.500014029.2314   26.9415
    7.5000   22.5000   22.500013176.7607   26.8832
   -7.5000   30.0000   22.500012868.9268   26.5748
    0.0000   30.0000   22.500013285.8857   26.5476
    7.5000   30.0000   22.500012433.8516   26.4927
   -7.5000   37.5000   22.500012380.3682   26.5286
    0.0000   37.5000   22.500012811.7090   26.4949
    7.5000   37.5000   22.500011966.7314   26.4422
   -7.5000   45.0000   22.500011372.7578   25.9071
    0.0000   45.0000   22.500011759.8818   25.8746
    7.5000   45.0000   22.500011022.9854   25.8228
   -7.5000  -45.0000   30.0000 8640.5088   26.9952
    0.0000  -45.0000   30.0000 9046.3262   26.9637
    7.5000  -45.0000   30.0000 8588.3652   26.9026
   -7.5000  -37.5000   30.0000 9400.1963   26.9397
    0.0000  -37.5000   30.0000 9787.3154   26.9218
    7.5000  -37.5000   30.0000 9323.7041   26.8649
   -7.5000  -30.0000   30.000010542.6201   26.9456
    0.0000  -30.0000   30.000010884.1582   26.9320
    7.5000  -30.0000   30.000010390.3701   26.8816
   -7.5000  -22.5000   30.000011777.5664   26.9368
    0.0000  -22.5000   30.000012108.4551   26.9136
    7.5000  -22.5000   30.000011517.6396   26.8662
   -7.5000  -15.0000   30.000013079.0303   26.9131
    0.0000  -15.0000   30.000013490.7090   26.8773
    7.5000  -15.0000   30.000012632.5938   26.8253
   -7.5000   -7.5000   30.000014146.3398   26.8981
    0.0000   -7.5000   30.000014558.3936   26.8585
    7.5000   -7.5000   30.000013668.5137   26.7994
   -7.5000    0.0000   30.000014648.8633   26.9059
    0.0000    0.0000   30.000015079.5410   26.8742
    7.5000    0.0000   30.000014350.5947   26.8132
   -7.5000    7.5000   30.000014262.5332   26.9273
    0.0000    7.5000   30.000014700.2344   26.9093
    7.5000    7.5000   30.000013926.5088   26.8522
   -7.5000   15.0000   30.000013771.6719   26.9434
    0.0000   15.0000   30.000014198.6182   26.9298
    7.5000   15.0000   30.000013372.0049   26.8794
   -7.5000   22.5000   30.000013147.2383   26.9244
    0.0000   22.5000   30.000013551.6875   26.9012
    7.5000   22.5000   30.000012740.2197   26.8539
   -7.5000   30.0000   30.000012342.9648   26.5648
    0.0000   30.0000   30.000012729.3945   26.5295
    7.5000   30.0000   30.000011937.8389   26.4781
   -7.5000   37.5000   30.000011874.5264   26.5500
    0.0000   37.5000   30.000012278.7773   26.5109
    7.5000   37.5000   30.000011492.6533   26.4526
   -7.5000   45.0000   30.000010919.3779   25.9341
    0.0000   45.0000   30.000011299.5986   25.9037
    7.5000   45.0000   30.000010560.8369   25.8448
   -7.5000  -45.0000   37.5000 8568.1240   27.0261
    0.0000  -45.0000   37.5000 8913.5186   26.9877
    7.5000  -45.0000   37.5000 8472.7559   26.9026
   -7.5000  -37.5000   37.5000 9349.7803   26.9549
    0.0000  -37.5000   37.5000 9730.5703   26.9315
    7.5000  -37.5000   37.5000 9207.6836   26.8576
   -7.5000  -30.0000   37.500010405.5928   26.9454
    0.0000  -30.0000   37.500010839.5488   26.9325
    7.5000  -30.0000   37.500010257.6895   26.8729
   -7.5000  -22.5000   37.500011511.7207   26.9361
    0.0000  -22.5000   37.500012016.6621   26.9198
    7.5000  -22.5000   37.500011336.1934   26.8632
   -7.5000  -15.0000   37.500012605.3369   26.9263
    0.0000  -15.0000   37.500013273.5996   26.8967
    7.5000  -15.0000   37.500012398.2109   26.8288
   -7.5000   -7.5000   37.500013516.3711   26.9273
    0.0000   -7.5000   37.500014279.1016   26.8864
    7.5000   -7.5000   37.500013396.8447   26.8046
   -7.5000    0.0000   37.500014206.3359   26.9366
    0.0000    0.0000   37.500015004.8330   26.8982
    7.5000    0.0000   37.500014144.9629   26.8134
   -7.5000    7.5000   37.500014036.0586   26.9427
    0.0000    7.5000   37.500014725.6982   26.9190
    7.5000    7.5000   37.500013818.9756   26.8450
   -7.5000   15.0000   37.500013621.2939   26.9432
    0.0000   15.0000   37.500014184.3281   26.9303
    7.5000   15.0000   37.500013303.3027   26.8707
   -7.5000   22.5000   37.500012959.3770   26.9237
    0.0000   22.5000   37.500013446.8506   26.9074
    7.5000   22.5000   37.500012644.8164   26.8508
   -7.5000   30.0000   37.500012133.5352   26.5778
    0.0000   30.0000   37.500012537.1582   26.5486
    7.5000   30.0000   37.500011816.5879   26.4816
   -7.5000   37.5000   37.500011677.2627   26.5789
    0.0000   37.5000   37.500012086.0840   26.5384
    7.5000   37.5000   37.500011380.0098   26.4577
   -7.5000   45.0000   37.500010760.5859   25.9638
    0.0000   45.0000   37.500011119.8164   25.9268
    7.5000   45.0000   37.500010466.1992   25.8450
   -7.5000  -45.0000   45.0000 8007.1064   26.8624
    0.0000  -45.0000   45.0000 8366.7568   26.8156
    7.5000  -45.0000   45.0000 7892.6509   26.7149
   -7.5000  -37.5000   45.0000 8722.0742   26.8044
    0.0000  -37.5000   45.0000 9128.1035   26.7710
    7.5000  -37.5000   45.0000 8616.5752   26.6821
   -7.5000  -30.0000   45.0000 9698.5117   26.8109
    0.0000  -30.0000   45.000010144.5332   26.7980
    7.5000  -30.0000   45.0000 9620.3086   26.7231
   -7.5000  -22.5000   45.000010698.3379   26.8034
    0.0000  -22.5000   45.000011182.5537   26.7989
    7.5000  -22.5000   45.000010605.3662   26.7259
   -7.5000  -15.0000   45.000011633.0859   26.7815
    0.0000  -15.0000   45.000012183.3213   26.7659
    7.5000  -15.0000   45.000011590.7393   26.6812
   -7.5000   -7.5000   45.000012434.5156   26.7678
    0.0000   -7.5000   45.000012984.5967   26.7308
    7.5000   -7.5000   45.000012490.0723   26.6330
   -7.5000    0.0000   45.000013125.6348   26.7733
    0.0000    0.0000   45.000013686.5811   26.7266
    7.5000    0.0000   45.000013151.8203   26.6264
   -7.5000    7.5000   45.000012954.9902   26.7922
    0.0000    7.5000   45.000013488.0859   26.7586
    7.5000    7.5000   45.000012875.2754   26.6695
   -7.5000   15.0000   45.000012626.8203   26.8087
    0.0000   15.0000   45.000013102.5742   26.7958
    7.5000   15.0000   45.000012442.8047   26.7208
   -7.5000   22.5000   45.000012060.7100   26.7910
    0.0000   22.5000   45.000012512.4756   26.7864
    7.5000   22.5000   45.000011854.7979   26.7135
   -7.5000   30.0000   45.000011294.0713   26.4326
    0.0000   30.0000   45.000011718.2363   26.4172
    7.5000   30.0000   45.000011092.3828   26.3336
   -7.5000   37.5000   45.000010892.4922   26.4191
    0.0000   37.5000   45.000011304.2373   26.3826
    7.5000   37.5000   45.000010677.2744   26.2860
   -7.5000   45.0000   45.000010022.6553   25.8181
    0.0000   45.0000   45.000010417.5068   25.7730
    7.5000   45.0000   45.0000 9828.7080   25.6764

---------------------------------------------------------------------
imgreg_4dfp /opt/freesurfer/average/711-2C_as_mni_average_305 /opt/freesurfer/average/711-2B_as_mni_average_305_mask talsrcimg_g11 none talsrcimg_to_711-2C_as_mni_average_305_t4 4355
---------------------------------------------------------------------

freesurfer imgreg_4dfp.c
/opt/freesurfer/average/711-2C_as_mni_average_305.4dfp.img
       256       256       256         1
  1.000000  1.000000  1.000000
orientation T byte_order littleendian
Reading image: /opt/freesurfer/average/711-2C_as_mni_average_305.4dfp.img
dimensions:      256       256       256
mmppix:       1.0000   -1.0000   -1.0000
center:     128.0000 -129.0000 -129.0000
/opt/freesurfer/average/711-2B_as_mni_average_305_mask.4dfp.img
       256       256       256         1
  1.000000  1.000000  1.000000
orientation T byte_order littleendian
Reading mask: /opt/freesurfer/average/711-2B_as_mni_average_305_mask.4dfp.img (2306576 pixels)
talsrcimg_g11.4dfp.img
       256       256       256         1
  1.000000  1.000000  1.000000
orientation T byte_order littleendian
Reading image: talsrcimg_g11.4dfp.img
dimensions:      256       256       256
mmppix:       1.0000   -1.0000   -1.0000
center:     128.0000 -129.0000 -129.0000
rotation matrix determinant  1.000000
image alignment mode   4355 decimal     1103 hex
   -7.5000  -45.0000  -45.0000 1692.8199   40.3663
    0.0000  -45.0000  -45.0000 1705.5721   39.8976
    7.5000  -45.0000  -45.0000 1704.9673   40.0903
   -7.5000  -37.5000  -45.0000 1795.3270   36.0661
    0.0000  -37.5000  -45.0000 1814.4099   35.6778
    7.5000  -37.5000  -45.0000 1806.1912   35.8369
   -7.5000  -30.0000  -45.0000 1884.3634   33.0033
    0.0000  -30.0000  -45.0000 1903.1028   32.6635
    7.5000  -30.0000  -45.0000 1892.2362   32.8636
   -7.5000  -22.5000  -45.0000 1935.1199   30.8202
    0.0000  -22.5000  -45.0000 1954.0475   30.5512
    7.5000  -22.5000  -45.0000 1947.4768   30.7181
   -7.5000  -15.0000  -45.0000 1973.7737   29.1603
    0.0000  -15.0000  -45.0000 1990.7726   28.8271
    7.5000  -15.0000  -45.0000 1978.5110   29.0659
   -7.5000   -7.5000  -45.0000 2006.1990   28.0368
    0.0000   -7.5000  -45.0000 2025.5634   27.6793
    7.5000   -7.5000  -45.0000 2007.8455   27.8804
   -7.5000    0.0000  -45.0000 2015.7584   27.3810
    0.0000    0.0000  -45.0000 2036.0846   26.9807
    7.5000    0.0000  -45.0000 2014.2909   27.3422
   -7.5000    7.5000  -45.0000 1998.4677   27.5220
    0.0000    7.5000  -45.0000 2019.8336   27.0961
    7.5000    7.5000  -45.0000 2000.4100   27.4695
   -7.5000   15.0000  -45.0000 1967.0096   28.3648
    0.0000   15.0000  -45.0000 1980.2728   27.8879
    7.5000   15.0000  -45.0000 1966.0586   28.1928
   -7.5000   22.5000  -45.0000 1928.4678   29.5510
    0.0000   22.5000  -45.0000 1946.3799   29.1649
    7.5000   22.5000  -45.0000 1925.6469   29.4630
   -7.5000   30.0000  -45.0000 1873.7440   31.1753
    0.0000   30.0000  -45.0000 1893.2545   30.7985
    7.5000   30.0000  -45.0000 1874.6404   31.1013
   -7.5000   37.5000  -45.0000 1807.0916   33.4419
    0.0000   37.5000  -45.0000 1823.5247   33.0636
    7.5000   37.5000  -45.0000 1808.9197   33.3801
   -7.5000   45.0000  -45.0000 1725.5289   36.6672
    0.0000   45.0000  -45.0000 1743.4132   36.3487
    7.5000   45.0000  -45.0000 1723.5924   36.6100
   -7.5000  -45.0000  -37.5000 1799.8313   36.9434
    0.0000  -45.0000  -37.5000 1808.4353   36.5131
    7.5000  -45.0000  -37.5000 1800.8896   36.6497
   -7.5000  -37.5000  -37.5000 1887.5725   32.9549
    0.0000  -37.5000  -37.5000 1903.9463   32.6429
    7.5000  -37.5000  -37.5000 1896.7699   32.8192
   -7.5000  -30.0000  -37.5000 1982.9110   30.2353
    0.0000  -30.0000  -37.5000 1996.2100   29.9718
    7.5000  -30.0000  -37.5000 1987.6279   30.0666
   -7.5000  -22.5000  -37.5000 2053.7114   28.2588
    0.0000  -22.5000  -37.5000 2061.7000   28.0452
    7.5000  -22.5000  -37.5000 2056.4475   28.0870
   -7.5000  -15.0000  -37.5000 2087.2913   26.6780
    0.0000  -15.0000  -37.5000 2102.4932   26.4430
    7.5000  -15.0000  -37.5000 2090.3450   26.5797
   -7.5000   -7.5000  -37.5000 2113.4812   25.5886
    0.0000   -7.5000  -37.5000 2130.0244   25.2698
    7.5000   -7.5000  -37.5000 2115.6191   25.4669
   -7.5000    0.0000  -37.5000 2113.0405   25.0711
    0.0000    0.0000  -37.5000 2129.7119   24.7243
    7.5000    0.0000  -37.5000 2116.3843   24.9958
   -7.5000    7.5000  -37.5000 2114.5813   25.2286
    0.0000    7.5000  -37.5000 2130.2886   24.8273
    7.5000    7.5000  -37.5000 2109.3196   25.0712
   -7.5000   15.0000  -37.5000 2092.4819   25.9565
    0.0000   15.0000  -37.5000 2107.2139   25.5605
    7.5000   15.0000  -37.5000 2080.5737   25.8039
   -7.5000   22.5000  -37.5000 2047.9761   26.9044
    0.0000   22.5000  -37.5000 2058.9673   26.5524
    7.5000   22.5000  -37.5000 2038.8470   26.8366
   -7.5000   30.0000  -37.5000 1984.7029   28.2231
    0.0000   30.0000  -37.5000 1996.5153   27.8072
    7.5000   30.0000  -37.5000 1975.8658   28.1855
   -7.5000   37.5000  -37.5000 1907.0426   30.2181
    0.0000   37.5000  -37.5000 1920.3606   29.8002
    7.5000   37.5000  -37.5000 1902.0302   30.2427
   -7.5000   45.0000  -37.5000 1815.4781   33.1360
    0.0000   45.0000  -37.5000 1829.6338   32.7020
    7.5000   45.0000  -37.5000 1810.8153   33.0897
   -7.5000  -45.0000  -30.0000 1911.0591   34.8248
    0.0000  -45.0000  -30.0000 1923.9816   34.3592
    7.5000  -45.0000  -30.0000 1905.4515   34.5641
   -7.5000  -37.5000  -30.0000 2020.0804   31.2231
    0.0000  -37.5000  -30.0000 2037.4585   30.8722
    7.5000  -37.5000  -30.0000 2016.1594   31.0009
   -7.5000  -30.0000  -30.0000 2122.0127   28.6349
    0.0000  -30.0000  -30.0000 2133.2488   28.3951
    7.5000  -30.0000  -30.0000 2121.7708   28.5127
   -7.5000  -22.5000  -30.0000 2197.0100   26.7455
    0.0000  -22.5000  -30.0000 2206.3928   26.5961
    7.5000  -22.5000  -30.0000 2195.1267   26.6081
   -7.5000  -15.0000  -30.0000 2236.2749   25.2441
    0.0000  -15.0000  -30.0000 2249.5879   25.0805
    7.5000  -15.0000  -30.0000 2235.6848   25.1673
   -7.5000   -7.5000  -30.0000 2259.6082   24.1902
    0.0000   -7.5000  -30.0000 2266.7720   23.9780
    7.5000   -7.5000  -30.0000 2261.0845   24.1993
   -7.5000    0.0000  -30.0000 2259.7605   23.7676
    0.0000    0.0000  -30.0000 2270.3000   23.5386
    7.5000    0.0000  -30.0000 2256.0938   23.7181
   -7.5000    7.5000  -30.0000 2260.3730   23.7841
    0.0000    7.5000  -30.0000 2268.5557   23.4881
    7.5000    7.5000  -30.0000 2246.5454   23.7295
   -7.5000   15.0000  -30.0000 2238.2954   24.3448
    0.0000   15.0000  -30.0000 2249.6453   24.0190
    7.5000   15.0000  -30.0000 2219.9138   24.2939
   -7.5000   22.5000  -30.0000 2195.8413   25.2672
    0.0000   22.5000  -30.0000 2207.3196   24.9670
    7.5000   22.5000  -30.0000 2185.1963   25.2915
   -7.5000   30.0000  -30.0000 2135.0405   26.5670
    0.0000   30.0000  -30.0000 2151.8987   26.2647
    7.5000   30.0000  -30.0000 2122.6392   26.6491
   -7.5000   37.5000  -30.0000 2050.6152   28.4499
    0.0000   37.5000  -30.0000 2068.9387   28.1481
    7.5000   37.5000  -30.0000 2041.6332   28.5878
   -7.5000   45.0000  -30.0000 1948.3969   31.1950
    0.0000   45.0000  -30.0000 1962.9861   30.7296
    7.5000   45.0000  -30.0000 1936.5173   31.2280
   -7.5000  -45.0000  -22.5000 2015.5068   32.5659
    0.0000  -45.0000  -22.5000 2025.4894   32.2735
    7.5000  -45.0000  -22.5000 2012.1425   32.4346
   -7.5000  -37.5000  -22.5000 2146.4458   29.2604
    0.0000  -37.5000  -22.5000 2155.2058   29.0453
    7.5000  -37.5000  -22.5000 2143.0652   29.1566
   -7.5000  -30.0000  -22.5000 2246.9639   26.7974
    0.0000  -30.0000  -22.5000 2254.1941   26.6352
    7.5000  -30.0000  -22.5000 2240.8337   26.6996
   -7.5000  -22.5000  -22.5000 2325.9182   24.9352
    0.0000  -22.5000  -22.5000 2339.7371   24.7937
    7.5000  -22.5000  -22.5000 2314.0801   24.8372
   -7.5000  -15.0000  -22.5000 2362.8022   23.5700
    0.0000  -15.0000  -22.5000 2380.2349   23.4450
    7.5000  -15.0000  -22.5000 2354.5425   23.5406
   -7.5000   -7.5000  -22.5000 2381.9915   22.7015
    0.0000   -7.5000  -22.5000 2405.4304   22.5926
    7.5000   -7.5000  -22.5000 2378.0303   22.7285
   -7.5000    0.0000  -22.5000 2387.9807   22.2769
    0.0000    0.0000  -22.5000 2405.2217   22.1183
    7.5000    0.0000  -22.5000 2381.4817   22.2986
   -7.5000    7.5000  -22.5000 2386.6843   22.2508
    0.0000    7.5000  -22.5000 2401.5444   22.0737
    7.5000    7.5000  -22.5000 2381.1885   22.2859
   -7.5000   15.0000  -22.5000 2366.1450   22.6956
    0.0000   15.0000  -22.5000 2376.8481   22.4893
    7.5000   15.0000  -22.5000 2354.3616   22.7453
   -7.5000   22.5000  -22.5000 2327.8752   23.5288
    0.0000   22.5000  -22.5000 2334.5259   23.2861
    7.5000   22.5000  -22.5000 2315.9368   23.5709
   -7.5000   30.0000  -22.5000 2259.3672   24.7833
    0.0000   30.0000  -22.5000 2272.0627   24.4476
    7.5000   30.0000  -22.5000 2247.2727   24.8250
   -7.5000   37.5000  -22.5000 2174.0461   26.5714
    0.0000   37.5000  -22.5000 2189.0623   26.3008
    7.5000   37.5000  -22.5000 2158.0708   26.6799
   -7.5000   45.0000  -22.5000 2068.2288   29.1668
    0.0000   45.0000  -22.5000 2082.2214   28.8235
    7.5000   45.0000  -22.5000 2053.4536   29.2124
   -7.5000  -45.0000  -15.0000 2090.3196   30.7804
    0.0000  -45.0000  -15.0000 2098.6890   30.4986
    7.5000  -45.0000  -15.0000 2089.5193   30.5838
   -7.5000  -37.5000  -15.0000 2226.6472   27.6382
    0.0000  -37.5000  -15.0000 2239.0325   27.4198
    7.5000  -37.5000  -15.0000 2224.6846   27.4306
   -7.5000  -30.0000  -15.0000 2326.9277   25.0797
    0.0000  -30.0000  -15.0000 2344.8325   24.9523
    7.5000  -30.0000  -15.0000 2326.5554   25.0011
   -7.5000  -22.5000  -15.0000 2415.5730   23.2330
    0.0000  -22.5000  -15.0000 2429.4971   23.0559
    7.5000  -22.5000  -15.0000 2406.7666   23.1422
   -7.5000  -15.0000  -15.0000 2460.9106   21.9888
    0.0000  -15.0000  -15.0000 2476.8096   21.8781
    7.5000  -15.0000  -15.0000 2451.4817   21.9493
   -7.5000   -7.5000  -15.0000 2485.5747   21.2432
    0.0000   -7.5000  -15.0000 2501.9800   21.1307
    7.5000   -7.5000  -15.0000 2477.1609   21.2021
   -7.5000    0.0000  -15.0000 2499.1062   20.8890
    0.0000    0.0000  -15.0000 2512.4417   20.7283
    7.5000    0.0000  -15.0000 2490.5393   20.8453
   -7.5000    7.5000  -15.0000 2497.1453   20.8222
    0.0000    7.5000  -15.0000 2512.7346   20.6973
    7.5000    7.5000  -15.0000 2488.6868   20.8328
   -7.5000   15.0000  -15.0000 2472.8333   21.1432
    0.0000   15.0000  -15.0000 2490.6257   20.9986
    7.5000   15.0000  -15.0000 2463.9087   21.1903
   -7.5000   22.5000  -15.0000 2432.6638   21.8372
    0.0000   22.5000  -15.0000 2448.4800   21.6753
    7.5000   22.5000  -15.0000 2420.0088   21.9424
   -7.5000   30.0000  -15.0000 2365.0122   23.0369
    0.0000   30.0000  -15.0000 2373.8794   22.7926
    7.5000   30.0000  -15.0000 2352.7537   23.1316
   -7.5000   37.5000  -15.0000 2275.8542   24.7281
    0.0000   37.5000  -15.0000 2281.6111   24.4714
    7.5000   37.5000  -15.0000 2261.7056   24.8329
   -7.5000   45.0000  -15.0000 2159.2358   27.1443
    0.0000   45.0000  -15.0000 2167.7249   26.8138
    7.5000   45.0000  -15.0000 2142.1104   27.1890
   -7.5000  -45.0000   -7.5000 2144.0493   29.2078
    0.0000  -45.0000   -7.5000 2160.3311   28.8613
    7.5000  -45.0000   -7.5000 2149.7048   28.9387
   -7.5000  -37.5000   -7.5000 2287.6897   26.0867
    0.0000  -37.5000   -7.5000 2306.6174   25.8558
    7.5000  -37.5000   -7.5000 2288.6511   25.8741
   -7.5000  -30.0000   -7.5000 2399.1855   23.7242
    0.0000  -30.0000   -7.5000 2414.0974   23.4743
    7.5000  -30.0000   -7.5000 2397.6511   23.5046
   -7.5000  -22.5000   -7.5000 2479.6682   21.8423
    0.0000  -22.5000   -7.5000 2498.5684   21.6282
    7.5000  -22.5000   -7.5000 2480.4312   21.6597
   -7.5000  -15.0000   -7.5000 2539.3938   20.6139
    0.0000  -15.0000   -7.5000 2553.2073   20.4505
    7.5000  -15.0000   -7.5000 2533.2576   20.5149
   -7.5000   -7.5000   -7.5000 2578.3000   19.8462
    0.0000   -7.5000   -7.5000 2589.2166   19.7439
    7.5000   -7.5000   -7.5000 2567.2412   19.7567
   -7.5000    0.0000   -7.5000 2603.9631   19.5195
    0.0000    0.0000   -7.5000 2611.9958   19.3746
    7.5000    0.0000   -7.5000 2587.3806   19.3767
   -7.5000    7.5000   -7.5000 2604.1282   19.4738
    0.0000    7.5000   -7.5000 2618.4138   19.3902
    7.5000    7.5000   -7.5000 2588.1755   19.4393
   -7.5000   15.0000   -7.5000 2579.7791   19.7322
    0.0000   15.0000   -7.5000 2597.5176   19.6667
    7.5000   15.0000   -7.5000 2569.2493   19.7930
   -7.5000   22.5000   -7.5000 2537.2998   20.3747
    0.0000   22.5000   -7.5000 2552.0908   20.2757
    7.5000   22.5000   -7.5000 2521.2422   20.4655
   -7.5000   30.0000   -7.5000 2465.1523   21.4530
    0.0000   30.0000   -7.5000 2474.7227   21.3016
    7.5000   30.0000   -7.5000 2445.7310   21.5539
   -7.5000   37.5000   -7.5000 2367.4656   23.0585
    0.0000   37.5000   -7.5000 2377.9573   22.8341
    7.5000   37.5000   -7.5000 2351.0874   23.1436
   -7.5000   45.0000   -7.5000 2239.6128   25.2941
    0.0000   45.0000   -7.5000 2245.6843   25.0109
    7.5000   45.0000   -7.5000 2227.3254   25.3405
   -7.5000  -45.0000    0.0000 2190.7183   28.0575
    0.0000  -45.0000    0.0000 2211.7222   27.6381
    7.5000  -45.0000    0.0000 2190.3613   27.7269
   -7.5000  -37.5000    0.0000 2334.7092   24.9677
    0.0000  -37.5000    0.0000 2354.3843   24.6198
    7.5000  -37.5000    0.0000 2330.5183   24.6814
   -7.5000  -30.0000    0.0000 2446.3953   22.5973
    0.0000  -30.0000    0.0000 2462.5173   22.2638
    7.5000  -30.0000    0.0000 2438.7991   22.3168
   -7.5000  -22.5000    0.0000 2536.0242   20.8162
    0.0000  -22.5000    0.0000 2553.8025   20.5547
    7.5000  -22.5000    0.0000 2532.1074   20.6030
   -7.5000  -15.0000    0.0000 2602.8071   19.4899
    0.0000  -15.0000    0.0000 2613.3889   19.3042
    7.5000  -15.0000    0.0000 2596.3179   19.3632
   -7.5000   -7.5000    0.0000 2648.0659   18.6774
    0.0000   -7.5000    0.0000 2659.8931   18.5306
    7.5000   -7.5000    0.0000 2637.9294   18.5231
   -7.5000    0.0000    0.0000 2685.7607   18.2560
    0.0000    0.0000    0.0000 2696.0515   18.1381
    7.5000    0.0000    0.0000 2668.3330   18.1089
   -7.5000    7.5000    0.0000 2703.0596   18.2688
    0.0000    7.5000    0.0000 2717.7407   18.1694
    7.5000    7.5000    0.0000 2682.6309   18.1759
   -7.5000   15.0000    0.0000 2681.5745   18.5707
    0.0000   15.0000    0.0000 2698.9180   18.4856
    7.5000   15.0000    0.0000 2663.8687   18.5702
   -7.5000   22.5000    0.0000 2638.1160   19.2136
    0.0000   22.5000    0.0000 2647.1235   19.1462
    7.5000   22.5000    0.0000 2610.9895   19.2763
   -7.5000   30.0000    0.0000 2549.3921   20.2134
    0.0000   30.0000    0.0000 2562.4373   20.1186
    7.5000   30.0000    0.0000 2527.8015   20.2805
   -7.5000   37.5000    0.0000 2443.0461   21.6776
    0.0000   37.5000    0.0000 2460.2812   21.5191
    7.5000   37.5000    0.0000 2426.6082   21.7144
   -7.5000   45.0000    0.0000 2311.8647   23.8270
    0.0000   45.0000    0.0000 2325.9985   23.6429
    7.5000   45.0000    0.0000 2293.8237   23.8360
   -7.5000  -45.0000    7.5000 2224.5059   27.1539
    0.0000  -45.0000    7.5000 2243.4766   26.7236
    7.5000  -45.0000    7.5000 2218.3069   26.8989
   -7.5000  -37.5000    7.5000 2363.9783   24.1001
    0.0000  -37.5000    7.5000 2380.0754   23.6957
    7.5000  -37.5000    7.5000 2356.6125   23.8705
   -7.5000  -30.0000    7.5000 2481.4155   21.7729
    0.0000  -30.0000    7.5000 2495.5515   21.4151
    7.5000  -30.0000    7.5000 2471.9194   21.5126
   -7.5000  -22.5000    7.5000 2579.9871   19.9828
    0.0000  -22.5000    7.5000 2598.5759   19.6573
    7.5000  -22.5000    7.5000 2573.3743   19.7503
   -7.5000  -15.0000    7.5000 2664.5403   18.5940
    0.0000  -15.0000    7.5000 2681.9114   18.3588
    7.5000  -15.0000    7.5000 2656.3545   18.4022
   -7.5000   -7.5000    7.5000 2724.0354   17.6803
    0.0000   -7.5000    7.5000 2736.0391   17.4495
    7.5000   -7.5000    7.5000 2704.3774   17.4552
   -7.5000    0.0000    7.5000 2771.8843   17.1573
    0.0000    0.0000    7.5000 2775.6436   17.0009
    7.5000    0.0000    7.5000 2739.6885   17.0400
   -7.5000    7.5000    7.5000 2795.1714   17.2047
    0.0000    7.5000    7.5000 2801.8284   17.0706
    7.5000    7.5000    7.5000 2764.4277   17.1028
   -7.5000   15.0000    7.5000 2776.0835   17.5579
    0.0000   15.0000    7.5000 2787.3970   17.4491
    7.5000   15.0000    7.5000 2747.8503   17.5013
   -7.5000   22.5000    7.5000 2721.7644   18.1885
    0.0000   22.5000    7.5000 2731.7991   18.1370
    7.5000   22.5000    7.5000 2693.2161   18.2695
   -7.5000   30.0000    7.5000 2631.7910   19.2068
    0.0000   30.0000    7.5000 2640.9412   19.1121
    7.5000   30.0000    7.5000 2605.4917   19.3065
   -7.5000   37.5000    7.5000 2515.3882   20.6943
    0.0000   37.5000    7.5000 2530.3181   20.5568
    7.5000   37.5000    7.5000 2493.6482   20.7777
   -7.5000   45.0000    7.5000 2379.9214   22.7831
    0.0000   45.0000    7.5000 2390.8970   22.6358
    7.5000   45.0000    7.5000 2357.6990   22.8305
   -7.5000  -45.0000   15.0000 2221.7808   26.5185
    0.0000  -45.0000   15.0000 2240.3406   26.0871
    7.5000  -45.0000   15.0000 2217.6260   26.3646
   -7.5000  -37.5000   15.0000 2369.3550   23.5637
    0.0000  -37.5000   15.0000 2383.6462   23.0915
    7.5000  -37.5000   15.0000 2360.0576   23.3018
   -7.5000  -30.0000   15.0000 2493.2314   21.2511
    0.0000  -30.0000   15.0000 2506.8293   20.8283
    7.5000  -30.0000   15.0000 2481.9126   21.0086
   -7.5000  -22.5000   15.0000 2601.3818   19.4673
    0.0000  -22.5000   15.0000 2611.8574   19.0452
    7.5000  -22.5000   15.0000 2592.0286   19.2027
   -7.5000  -15.0000   15.0000 2706.0325   18.0684
    0.0000  -15.0000   15.0000 2718.0291   17.6967
    7.5000  -15.0000   15.0000 2692.6946   17.8017
   -7.5000   -7.5000   15.0000 2786.9036   17.0026
    0.0000   -7.5000   15.0000 2799.9314   16.6519
    7.5000   -7.5000   15.0000 2759.9272   16.7851
   -7.5000    0.0000   15.0000 2840.2090   16.3562
    0.0000    0.0000   15.0000 2842.9160   16.0496
    7.5000    0.0000   15.0000 2799.8953   16.2437
   -7.5000    7.5000   15.0000 2867.7173   16.3666
    0.0000    7.5000   15.0000 2864.5645   16.1139
    7.5000    7.5000   15.0000 2823.3857   16.2345
   -7.5000   15.0000   15.0000 2837.5562   16.7447
    0.0000   15.0000   15.0000 2840.7310   16.5690
    7.5000   15.0000   15.0000 2800.9714   16.6878
   -7.5000   22.5000   15.0000 2774.8679   17.4004
    0.0000   22.5000   15.0000 2784.5122   17.2616
    7.5000   22.5000   15.0000 2743.3411   17.5118
   -7.5000   30.0000   15.0000 2678.1594   18.4435
    0.0000   30.0000   15.0000 2690.6902   18.3263
    7.5000   30.0000   15.0000 2649.5659   18.6127
   -7.5000   37.5000   15.0000 2557.3396   19.9747
    0.0000   37.5000   15.0000 2571.4592   19.8283
    7.5000   37.5000   15.0000 2534.0745   20.1125
   -7.5000   45.0000   15.0000 2424.2686   22.0397
    0.0000   45.0000   15.0000 2432.5947   21.8454
    7.5000   45.0000   15.0000 2394.2705   22.1652
   -7.5000  -45.0000   22.5000 2216.5066   26.3345
    0.0000  -45.0000   22.5000 2223.5330   25.7923
    7.5000  -45.0000   22.5000 2211.6399   26.1618
   -7.5000  -37.5000   22.5000 2360.5225   23.2803
    0.0000  -37.5000   22.5000 2368.6921   22.7494
    7.5000  -37.5000   22.5000 2355.8599   23.1381
   -7.5000  -30.0000   22.5000 2489.5635   21.0220
    0.0000  -30.0000   22.5000 2499.7986   20.5038
    7.5000  -30.0000   22.5000 2482.6704   20.8684
   -7.5000  -22.5000   22.5000 2611.8469   19.2473
    0.0000  -22.5000   22.5000 2618.0010   18.7462
    7.5000  -22.5000   22.5000 2601.3638   19.0564
   -7.5000  -15.0000   22.5000 2726.0168   17.9198
    0.0000  -15.0000   22.5000 2733.6372   17.4203
    7.5000  -15.0000   22.5000 2707.1709   17.6280
   -7.5000   -7.5000   22.5000 2838.7913   16.8645
    0.0000   -7.5000   22.5000 2845.4280   16.3001
    7.5000   -7.5000   22.5000 2799.4282   16.5710
   -7.5000    0.0000   22.5000 2906.7415   15.9860
    0.0000    0.0000   22.5000 2893.7339   15.4773
    7.5000    0.0000   22.5000 2844.4038   15.8776
   -7.5000    7.5000   22.5000 2930.5176   15.8031
    0.0000    7.5000   22.5000 2909.8906   15.4477
    7.5000    7.5000   22.5000 2861.6375   15.8047
   -7.5000   15.0000   22.5000 2875.3914   16.2181
    0.0000   15.0000   22.5000 2866.6089   16.0506
    7.5000   15.0000   22.5000 2829.1802   16.3149
   -7.5000   22.5000   22.5000 2804.8054   16.9630
    0.0000   22.5000   22.5000 2809.4407   16.8209
    7.5000   22.5000   22.5000 2772.3679   17.0815
   -7.5000   30.0000   22.5000 2703.8770   18.0411
    0.0000   30.0000   22.5000 2717.9983   17.8898
    7.5000   30.0000   22.5000 2680.4541   18.1686
   -7.5000   37.5000   22.5000 2585.3091   19.5607
    0.0000   37.5000   22.5000 2595.9949   19.3768
    7.5000   37.5000   22.5000 2556.8691   19.7034
   -7.5000   45.0000   22.5000 2450.9346   21.6443
    0.0000   45.0000   22.5000 2453.1731   21.4364
    7.5000   45.0000   22.5000 2416.0732   21.7663
   -7.5000  -45.0000   30.0000 2195.7417   26.5637
    0.0000  -45.0000   30.0000 2206.3435   26.1525
    7.5000  -45.0000   30.0000 2190.4937   26.5322
   -7.5000  -37.5000   30.0000 2337.9790   23.4035
    0.0000  -37.5000   30.0000 2346.0984   22.9279
    7.5000  -37.5000   30.0000 2332.2861   23.4220
   -7.5000  -30.0000   30.0000 2476.6172   21.0760
    0.0000  -30.0000   30.0000 2474.2024   20.5323
    7.5000  -30.0000   30.0000 2463.3010   21.0155
   -7.5000  -22.5000   30.0000 2609.1453   19.3283
    0.0000  -22.5000   30.0000 2604.0117   18.7609
    7.5000  -22.5000   30.0000 2590.0955   19.1736
   -7.5000  -15.0000   30.0000 2724.5559   17.9808
    0.0000  -15.0000   30.0000 2722.1106   17.4804
    7.5000  -15.0000   30.0000 2702.6970   17.7461
   -7.5000   -7.5000   30.0000 2838.1160   16.9425
    0.0000   -7.5000   30.0000 2834.7471   16.5298
    7.5000   -7.5000   30.0000 2794.0325   16.6970
   -7.5000    0.0000   30.0000 2901.7104   15.9789
    0.0000    0.0000   30.0000 2906.7434   15.6989
    7.5000    0.0000   30.0000 2849.9282   16.0432
   -7.5000    7.5000   30.0000 2910.9534   15.6282
    0.0000    7.5000   30.0000 2912.3616   15.4563
    7.5000    7.5000   30.0000 2858.9089   15.8646
   -7.5000   15.0000   30.0000 2872.1594   16.0311
    0.0000   15.0000   30.0000 2868.0706   15.8718
    7.5000   15.0000   30.0000 2828.9324   16.1852
   -7.5000   22.5000   30.0000 2802.6038   16.8575
    0.0000   22.5000   30.0000 2802.5166   16.6519
    7.5000   22.5000   30.0000 2770.2280   16.9107
   -7.5000   30.0000   30.0000 2705.3540   17.9602
    0.0000   30.0000   30.0000 2709.2212   17.7731
    7.5000   30.0000   30.0000 2669.4736   18.0089
   -7.5000   37.5000   30.0000 2587.5730   19.5215
    0.0000   37.5000   30.0000 2589.5107   19.3637
    7.5000   37.5000   30.0000 2550.5710   19.6011
   -7.5000   45.0000   30.0000 2453.7283   21.6140
    0.0000   45.0000   30.0000 2453.9124   21.4827
    7.5000   45.0000   30.0000 2411.1716   21.7237
   -7.5000  -45.0000   37.5000 2173.1555   27.1782
    0.0000  -45.0000   37.5000 2179.8694   26.8012
    7.5000  -45.0000   37.5000 2164.4863   27.2631
   -7.5000  -37.5000   37.5000 2321.6477   23.8866
    0.0000  -37.5000   37.5000 2330.0513   23.5154
    7.5000  -37.5000   37.5000 2305.6709   23.9831
   -7.5000  -30.0000   37.5000 2454.7458   21.4708
    0.0000  -30.0000   37.5000 2456.9216   21.1263
    7.5000  -30.0000   37.5000 2432.8591   21.5357
   -7.5000  -22.5000   37.5000 2577.4775   19.5424
    0.0000  -22.5000   37.5000 2584.9302   19.3197
    7.5000  -22.5000   37.5000 2560.2751   19.6688
   -7.5000  -15.0000   37.5000 2686.7046   18.1303
    0.0000  -15.0000   37.5000 2699.4473   18.0036
    7.5000  -15.0000   37.5000 2669.6865   18.2669
   -7.5000   -7.5000   37.5000 2787.0618   17.1108
    0.0000   -7.5000   37.5000 2802.5793   17.0825
    7.5000   -7.5000   37.5000 2758.0725   17.2802
   -7.5000    0.0000   37.5000 2848.5168   16.2826
    0.0000    0.0000   37.5000 2865.3645   16.2805
    7.5000    0.0000   37.5000 2816.0271   16.5779
   -7.5000    7.5000   37.5000 2890.1160   16.1982
    0.0000    7.5000   37.5000 2896.0029   16.1198
    7.5000    7.5000   37.5000 2834.9575   16.3629
   -7.5000   15.0000   37.5000 2865.2249   16.5516
    0.0000   15.0000   37.5000 2861.2244   16.4825
    7.5000   15.0000   37.5000 2805.8384   16.6265
   -7.5000   22.5000   37.5000 2791.2258   17.2650
    0.0000   22.5000   37.5000 2790.4429   17.1469
    7.5000   22.5000   37.5000 2743.1013   17.3125
   -7.5000   30.0000   37.5000 2692.0400   18.3353
    0.0000   30.0000   37.5000 2689.8687   18.1469
    7.5000   30.0000   37.5000 2647.1382   18.3327
   -7.5000   37.5000   37.5000 2574.7114   19.8388
    0.0000   37.5000   37.5000 2573.4089   19.5841
    7.5000   37.5000   37.5000 2530.9714   19.8202
   -7.5000   45.0000   37.5000 2436.6663   21.7862
    0.0000   45.0000   37.5000 2434.0808   21.5163
    7.5000   45.0000   37.5000 2393.4143   21.8203
   -7.5000  -45.0000   45.0000 2138.8076   28.0420
    0.0000  -45.0000   45.0000 2146.0935   27.8258
    7.5000  -45.0000   45.0000 2128.1123   28.3204
   -7.5000  -37.5000   45.0000 2290.3555   24.6211
    0.0000  -37.5000   45.0000 2295.0713   24.4292
    7.5000  -37.5000   45.0000 2263.5059   24.8697
   -7.5000  -30.0000   45.0000 2413.7449   22.0280
    0.0000  -30.0000   45.0000 2416.1812   21.9262
    7.5000  -30.0000   45.0000 2385.4363   22.3759
   -7.5000  -22.5000   45.0000 2529.5598   20.1397
    0.0000  -22.5000   45.0000 2539.3972   20.0348
    7.5000  -22.5000   45.0000 2514.0422   20.5306
   -7.5000  -15.0000   45.0000 2641.8911   18.7157
    0.0000  -15.0000   45.0000 2648.0469   18.5815
    7.5000  -15.0000   45.0000 2623.2715   19.0506
   -7.5000   -7.5000   45.0000 2739.6350   17.5965
    0.0000   -7.5000   45.0000 2743.1311   17.4921
    7.5000   -7.5000   45.0000 2713.9229   18.0113
   -7.5000    0.0000   45.0000 2799.4590   16.9707
    0.0000    0.0000   45.0000 2798.7751   16.8000
    7.5000    0.0000   45.0000 2761.1519   17.2957
   -7.5000    7.5000   45.0000 2827.2551   16.9572
    0.0000    7.5000   45.0000 2830.2612   16.7730
    7.5000    7.5000   45.0000 2780.1226   17.0483
   -7.5000   15.0000   45.0000 2815.1262   17.3096
    0.0000   15.0000   45.0000 2810.0562   17.1492
    7.5000   15.0000   45.0000 2756.7000   17.3227
   -7.5000   22.5000   45.0000 2750.7776   18.0075
    0.0000   22.5000   45.0000 2747.6777   17.8941
    7.5000   22.5000   45.0000 2692.8521   18.0108
   -7.5000   30.0000   45.0000 2648.1575   19.0105
    0.0000   30.0000   45.0000 2645.9739   18.8768
    7.5000   30.0000   45.0000 2601.7656   19.0192
   -7.5000   37.5000   45.0000 2532.0850   20.3502
    0.0000   37.5000   45.0000 2532.3965   20.2117
    7.5000   37.5000   45.0000 2491.9016   20.3644
   -7.5000   45.0000   45.0000 2401.2068   22.2439
    0.0000   45.0000   45.0000 2402.9487   22.0147
    7.5000   45.0000   45.0000 2363.3950   22.2014

---------------------------------------------------------------------
imgreg_4dfp /opt/freesurfer/average/711-2C_as_mni_average_305 /opt/freesurfer/average/711-2B_as_mni_average_305_mask talsrcimg_g11 none talsrcimg_to_711-2C_as_mni_average_305_t4 1283
---------------------------------------------------------------------

freesurfer imgreg_4dfp.c
/opt/freesurfer/average/711-2C_as_mni_average_305.4dfp.img
       256       256       256         1
  1.000000  1.000000  1.000000
orientation T byte_order littleendian
Reading image: /opt/freesurfer/average/711-2C_as_mni_average_305.4dfp.img
dimensions:      256       256       256
mmppix:       1.0000   -1.0000   -1.0000
center:     128.0000 -129.0000 -129.0000
/opt/freesurfer/average/711-2B_as_mni_average_305_mask.4dfp.img
       256       256       256         1
  1.000000  1.000000  1.000000
orientation T byte_order littleendian
Reading mask: /opt/freesurfer/average/711-2B_as_mni_average_305_mask.4dfp.img (2306576 pixels)
talsrcimg_g11.4dfp.img
       256       256       256         1
  1.000000  1.000000  1.000000
orientation T byte_order littleendian
Reading image: talsrcimg_g11.4dfp.img
dimensions:      256       256       256
mmppix:       1.0000   -1.0000   -1.0000
center:     128.0000 -129.0000 -129.0000
rotation matrix determinant  1.000000
fimgreg.f
image alignment mode   1283 decimal      503 hex
parameters
   -7.5000    7.5000   22.5000    0.0000    0.0000    0.0000
eta,q 0.91736 15.72903
niter,ni,del,rscale     5    3   12.0000    1.2000
parameter  1 -0.525019 -> -0.500000 qaram    1.1500
parameter  4  1.011521 ->  0.500000 qaram    1.1500
parameters
   -4.0500    5.1406   24.2905   -3.4500    1.2770   -0.3485
eta,q 0.92322 15.31597
  0.1028  0.0833  0.0945  0.0763  0.0863  0.0807
  0.0940  0.0815  0.0874  0.0766  0.0821  0.0784
  0.0871  0.0805  0.0818  0.0779  0.0787  0.0773
  0.0820  0.0810  0.0809  0.0794  0.0768  0.0767
  0.0801  0.0846  0.0792  0.0817  0.0772  0.0769
  0.0807  0.0900  0.0820  0.0847  0.0788  0.0789
  0.0816  0.0949  0.0829  0.0885  0.0805  0.0823
niter,ni,del,rscale     6    3   12.0000    1.2000
parameters
   -4.8450    4.2010   24.3416   -4.5454    1.5063   -1.2845
eta,q 0.92542 15.43774
  0.0876  0.0794  0.0821  0.0787  0.0832  0.0776
  0.0798  0.0773  0.0786  0.0764  0.0790  0.0757
  0.0746  0.0754  0.0770  0.0750  0.0758  0.0747
  0.0768  0.0752  0.0748  0.0748  0.0747  0.0748
  0.0819  0.0776  0.0782  0.0766  0.0762  0.0757
  0.0854  0.0797  0.0798  0.0785  0.0788  0.0775
  0.0900  0.0820  0.0806  0.0819  0.0814  0.0800
niter,ni,del,rscale     5    3   12.0000    1.2000
parameters
   -5.0484    4.5010   24.1530   -5.0150    1.6205   -1.3289
eta,q 0.92557 15.45130
  0.0915  0.0823  0.0812  0.0791  0.0827  0.0786
  0.0820  0.0785  0.0778  0.0767  0.0787  0.0762
  0.0751  0.0755  0.0759  0.0750  0.0754  0.0749
  0.0746  0.0743  0.0744  0.0743  0.0744  0.0744
  0.0803  0.0762  0.0781  0.0754  0.0761  0.0750
  0.0851  0.0786  0.0794  0.0775  0.0788  0.0764
  0.0906  0.0800  0.0803  0.0808  0.0815  0.0786
niter,ni,del,rscale     4    3   12.0000    1.2000
parameters
   -5.0920    4.7527   24.0965   -5.1488    1.7026   -1.2650
eta,q 0.92544 15.43971
  0.0922  0.0827  0.0816  0.0798  0.0826  0.0786
  0.0825  0.0785  0.0775  0.0770  0.0787  0.0763
  0.0756  0.0753  0.0758  0.0752  0.0754  0.0751
  0.0744  0.0744  0.0745  0.0745  0.0745  0.0746
  0.0799  0.0764  0.0778  0.0751  0.0763  0.0750
  0.0846  0.0788  0.0795  0.0772  0.0790  0.0762
  0.0900  0.0803  0.0799  0.0803  0.0815  0.0785
niter,ni,del,rscale     3    3   12.0000    1.2000
parameters
   -5.0934    4.8284   24.0744   -5.1663    1.7430   -1.2305
eta,q 0.92537 15.43482
  0.0921  0.0823  0.0817  0.0800  0.0825  0.0786
  0.0825  0.0781  0.0775  0.0771  0.0786  0.0763
  0.0756  0.0750  0.0758  0.0753  0.0753  0.0752
  0.0746  0.0746  0.0746  0.0746  0.0746  0.0746
  0.0799  0.0768  0.0777  0.0751  0.0764  0.0750
  0.0843  0.0791  0.0795  0.0771  0.0791  0.0762
  0.0895  0.0806  0.0798  0.0802  0.0816  0.0786
niter,ni,del,rscale     2    3   12.0000    1.2000
parameters
   -5.0875    4.8436   24.0655   -5.1653    1.7556   -1.2184
eta,q 0.92535 15.43340
  0.0920  0.0822  0.0817  0.0800  0.0825  0.0786
  0.0824  0.0779  0.0774  0.0771  0.0786  0.0763
  0.0756  0.0750  0.0758  0.0753  0.0753  0.0752
  0.0746  0.0746  0.0746  0.0746  0.0746  0.0746
  0.0799  0.0769  0.0777  0.0751  0.0765  0.0750
  0.0842  0.0792  0.0795  0.0771  0.0792  0.0763
  0.0893  0.0806  0.0797  0.0802  0.0816  0.0786
registration optimization eta report
parameter search radius
    6.9000    6.0000    6.0000    6.9000    6.0000    6.0000
100000*second partial in parameter space
       32.       18.       14.       12.       20.       11.
  0.0920  0.0822  0.0817  0.0800  0.0825  0.0786
  0.0824  0.0779  0.0774  0.0771  0.0786  0.0763
  0.0756  0.0750  0.0758  0.0753  0.0753  0.0752
  0.0746  0.0746  0.0746  0.0746  0.0746  0.0746
  0.0799  0.0769  0.0777  0.0751  0.0765  0.0750
  0.0842  0.0792  0.0795  0.0771  0.0792  0.0763
  0.0893  0.0806  0.0797  0.0802  0.0816  0.0786
   -5.0875    4.8436   24.0655   -5.1653    1.7556   -1.2184
eta,q 0.92535 15.43340

---------------------------------------------------------------------
imgreg_4dfp /opt/freesurfer/average/711-2C_as_mni_average_305 /opt/freesurfer/average/711-2B_as_mni_average_305_mask talsrcimg_g11 none talsrcimg_to_711-2C_as_mni_average_305_t4 3335
---------------------------------------------------------------------

freesurfer imgreg_4dfp.c
/opt/freesurfer/average/711-2C_as_mni_average_305.4dfp.img
       256       256       256         1
  1.000000  1.000000  1.000000
orientation T byte_order littleendian
Reading image: /opt/freesurfer/average/711-2C_as_mni_average_305.4dfp.img
dimensions:      256       256       256
mmppix:       1.0000   -1.0000   -1.0000
center:     128.0000 -129.0000 -129.0000
/opt/freesurfer/average/711-2B_as_mni_average_305_mask.4dfp.img
       256       256       256         1
  1.000000  1.000000  1.000000
orientation T byte_order littleendian
Reading mask: /opt/freesurfer/average/711-2B_as_mni_average_305_mask.4dfp.img (2306576 pixels)
talsrcimg_g11.4dfp.img
       256       256       256         1
  1.000000  1.000000  1.000000
orientation T byte_order littleendian
Reading image: talsrcimg_g11.4dfp.img
dimensions:      256       256       256
mmppix:       1.0000   -1.0000   -1.0000
center:     128.0000 -129.0000 -129.0000
fimgreg.f
image alignment mode   3335 decimal      D07 hex
parameters
   -5.0875    4.8436   24.0655   -0.0695   -0.4345   -0.4528
    2.3935   -2.8591   -2.1253    9.0659    3.0636   -8.9988
eta,q 0.92432 15.43117
niter,ni,del,rscale     5    3    5.0000    1.2000
parameter  3 -1.722824 -> -0.500000 qaram    1.1500
parameter  4  3.430421 ->  0.500000 qaram    1.1500
parameter  5 -2.945366 ->  0.500000 qaram    1.1500
parameter  6  4.033428 ->  0.500000 qaram    1.1500
parameters
   -5.1892    5.6349   25.4455   -4.2095   -4.5745   -4.5928
   -0.4199   -6.1586   -0.4176    9.4228    4.5366   -7.0069
eta,q 0.95681 15.44474
  0.0776  0.0767  0.0774  0.0641  0.0515  0.0423  0.0467  0.0469  0.0469  0.0505  0.0481  0.0486
  0.0765  0.0761  0.0766  0.0668  0.0571  0.0449  0.0459  0.0443  0.0454  0.0476  0.0460  0.0466
  0.0759  0.0758  0.0761  0.0704  0.0628  0.0505  0.0457  0.0439  0.0444  0.0449  0.0445  0.0448
  0.0757  0.0757  0.0757  0.0749  0.0676  0.0587  0.0461  0.0457  0.0438  0.0437  0.0437  0.0436
  0.0760  0.0756  0.0752  0.0797  0.0714  0.0665  0.0471  0.0490  0.0438  0.0443  0.0436  0.0432
  0.0767  0.0757  0.0748  0.0847  0.0752  0.0732  0.0484  0.0527  0.0442  0.0464  0.0443  0.0438
  0.0779  0.0758  0.0746  0.0893  0.0789  0.0794  0.0499  0.0564  0.0449  0.0496  0.0456  0.0453
niter,ni,del,rscale     7    3    5.0000    1.2000
parameter  2  0.555226 ->  0.500000 qaram    1.1500
parameter  4  0.879427 ->  0.500000 qaram    1.3225
parameter  5  1.291630 ->  0.500000 qaram    1.3225
parameters
   -4.4306    4.2549   26.3730   -8.9705   -9.3355   -7.3649
    1.8005   -7.4805   -0.2286    7.6070    6.6815   -5.3259
eta,q 0.97070 15.44330
  0.0506  0.0425  0.0522  0.0359  0.0286  0.0344  0.0353  0.0338  0.0320  0.0320  0.0314  0.0322
  0.0473  0.0417  0.0476  0.0361  0.0294  0.0325  0.0332  0.0308  0.0308  0.0303  0.0305  0.0308
  0.0447  0.0418  0.0440  0.0374  0.0318  0.0304  0.0315  0.0298  0.0301  0.0296  0.0299  0.0299
  0.0432  0.0427  0.0417  0.0408  0.0363  0.0299  0.0304  0.0300  0.0298  0.0298  0.0296  0.0294
  0.0427  0.0444  0.0408  0.0462  0.0426  0.0343  0.0300  0.0314  0.0299  0.0309  0.0294  0.0293
  0.0433  0.0466  0.0416  0.0528  0.0495  0.0442  0.0304  0.0341  0.0306  0.0333  0.0295  0.0296
  0.0449  0.0492  0.0439  0.0599  0.0552  0.0541  0.0317  0.0380  0.0319  0.0368  0.0300  0.0304
niter,ni,del,rscale     7    3    5.0000    1.2000
parameter  2 -0.521200 -> -0.500000 qaram    1.3225
parameter  5  0.578762 ->  0.500000 qaram    1.5209
parameters
   -4.5485    5.8419   25.9590  -12.4392  -14.8106   -8.1387
    2.1236   -8.0817    0.0246    7.3282    7.3378   -8.2173
eta,q 0.97377 14.83862
  0.0328  0.0381  0.0303  0.0291  0.0270  0.0306  0.0297  0.0301  0.0287  0.0294  0.0272  0.0268
  0.0308  0.0345  0.0288  0.0282  0.0262  0.0289  0.0281  0.0278  0.0276  0.0277  0.0268  0.0263
  0.0296  0.0315  0.0281  0.0279  0.0263  0.0275  0.0270  0.0268  0.0268  0.0268  0.0266  0.0262
  0.0293  0.0293  0.0280  0.0280  0.0279  0.0261  0.0265  0.0265  0.0265  0.0265  0.0265  0.0265
  0.0298  0.0281  0.0287  0.0294  0.0316  0.0254  0.0268  0.0272  0.0267  0.0269  0.0265  0.0270
  0.0313  0.0281  0.0302  0.0331  0.0375  0.0282  0.0277  0.0288  0.0273  0.0280  0.0266  0.0278
  0.0336  0.0293  0.0325  0.0388  0.0435  0.0363  0.0292  0.0315  0.0284  0.0298  0.0269  0.0287
niter,ni,del,rscale     7    3    5.0000    1.2000
parameters
   -4.5063    6.8509   26.2274  -12.3303  -17.0752   -8.1924
    2.1376   -8.0396   -0.1544    8.8582    6.9743   -8.7109
eta,q 0.97432 14.69440
  0.0299  0.0345  0.0282  0.0290  0.0298  0.0304  0.0286  0.0300  0.0278  0.0299  0.0262  0.0268
  0.0279  0.0308  0.0270  0.0272  0.0277  0.0286  0.0272  0.0276  0.0267  0.0279  0.0259  0.0262
  0.0267  0.0279  0.0262  0.0261  0.0261  0.0271  0.0262  0.0263  0.0261  0.0266  0.0257  0.0258
  0.0262  0.0262  0.0257  0.0257  0.0257  0.0258  0.0258  0.0258  0.0258  0.0258  0.0257  0.0257
  0.0266  0.0257  0.0258  0.0256  0.0269  0.0247  0.0261  0.0262  0.0261  0.0257  0.0258  0.0259
  0.0277  0.0264  0.0263  0.0265  0.0311  0.0262  0.0271  0.0275  0.0268  0.0263  0.0260  0.0264
  0.0297  0.0281  0.0275  0.0294  0.0378  0.0330  0.0287  0.0299  0.0280  0.0275  0.0264  0.0272
niter,ni,del,rscale     6    3    5.0000    1.2000
parameters
   -4.5054    7.3699   25.9360  -12.1678  -18.1184   -8.5710
    2.3271   -8.0701   -0.3043   10.2234    7.4115   -8.8411
eta,q 0.97427 14.62536
  0.0291  0.0320  0.0272  0.0287  0.0301  0.0299  0.0287  0.0297  0.0277  0.0293  0.0264  0.0269
  0.0272  0.0289  0.0263  0.0269  0.0281  0.0282  0.0273  0.0274  0.0267  0.0277  0.0260  0.0263
  0.0261  0.0267  0.0257  0.0259  0.0264  0.0269  0.0263  0.0262  0.0260  0.0265  0.0258  0.0259
  0.0257  0.0257  0.0256  0.0256  0.0256  0.0257  0.0259  0.0259  0.0259  0.0259  0.0257  0.0257
  0.0261  0.0258  0.0259  0.0255  0.0259  0.0247  0.0261  0.0263  0.0261  0.0258  0.0258  0.0259
  0.0272  0.0269  0.0268  0.0263  0.0284  0.0265  0.0270  0.0275  0.0268  0.0263  0.0259  0.0263
  0.0291  0.0288  0.0282  0.0289  0.0341  0.0336  0.0285  0.0298  0.0279  0.0275  0.0263  0.0270
niter,ni,del,rscale     5    3    5.0000    1.2000
parameters
   -4.5261    7.8477   25.5799  -12.4243  -19.0341   -9.0265
    2.4978   -8.1649   -0.6323   11.5587    7.7296   -8.7102
eta,q 0.97426 14.52450
  0.0290  0.0317  0.0272  0.0284  0.0298  0.0296  0.0286  0.0295  0.0277  0.0292  0.0265  0.0269
  0.0272  0.0287  0.0263  0.0267  0.0279  0.0280  0.0272  0.0274  0.0267  0.0277  0.0261  0.0263
  0.0261  0.0267  0.0258  0.0259  0.0264  0.0268  0.0263  0.0263  0.0261  0.0266  0.0258  0.0259
  0.0257  0.0257  0.0257  0.0257  0.0257  0.0258  0.0259  0.0259  0.0259  0.0259  0.0257  0.0257
  0.0261  0.0259  0.0260  0.0257  0.0259  0.0250  0.0262  0.0263  0.0262  0.0258  0.0258  0.0259
  0.0273  0.0269  0.0269  0.0266  0.0280  0.0266  0.0270  0.0275  0.0270  0.0263  0.0260  0.0263
  0.0291  0.0289  0.0284  0.0291  0.0330  0.0332  0.0284  0.0297  0.0280  0.0276  0.0264  0.0269
niter,ni,del,rscale     4    3    5.0000    1.2000
parameters
   -4.5504    8.3236   25.2482  -12.7127  -19.9760   -9.4823
    2.6407   -8.2065   -0.7209   12.6603    7.6336   -8.5100
eta,q 0.97427 14.40924
  0.0289  0.0317  0.0272  0.0283  0.0296  0.0293  0.0284  0.0293  0.0280  0.0292  0.0264  0.0268
  0.0272  0.0288  0.0264  0.0267  0.0277  0.0278  0.0271  0.0274  0.0268  0.0278  0.0260  0.0263
  0.0261  0.0267  0.0258  0.0258  0.0263  0.0267  0.0262  0.0263  0.0261  0.0266  0.0258  0.0259
  0.0257  0.0257  0.0257  0.0257  0.0257  0.0257  0.0259  0.0259  0.0259  0.0259  0.0257  0.0257
  0.0261  0.0258  0.0260  0.0258  0.0260  0.0251  0.0261  0.0262  0.0262  0.0258  0.0258  0.0258
  0.0273  0.0269  0.0269  0.0266  0.0279  0.0266  0.0270  0.0274  0.0269  0.0264  0.0261  0.0262
  0.0291  0.0290  0.0283  0.0290  0.0325  0.0325  0.0283  0.0295  0.0280  0.0279  0.0264  0.0267
niter,ni,del,rscale     3    3    5.0000    1.2000
parameters
   -4.5630    8.7141   25.0219  -12.9137  -20.7010   -9.7990
    2.6971   -8.1966   -0.6191   13.3792    7.3316   -8.4170
eta,q 0.97426 14.31993
  0.0289  0.0316  0.0273  0.0284  0.0297  0.0292  0.0283  0.0293  0.0281  0.0292  0.0264  0.0267
  0.0272  0.0287  0.0265  0.0267  0.0278  0.0277  0.0270  0.0274  0.0269  0.0277  0.0260  0.0262
  0.0261  0.0267  0.0259  0.0258  0.0263  0.0266  0.0262  0.0262  0.0261  0.0265  0.0258  0.0259
  0.0257  0.0257  0.0257  0.0257  0.0257  0.0257  0.0258  0.0258  0.0258  0.0258  0.0257  0.0257
  0.0261  0.0259  0.0259  0.0259  0.0260  0.0251  0.0261  0.0262  0.0261  0.0259  0.0259  0.0258
  0.0272  0.0271  0.0268  0.0267  0.0277  0.0264  0.0270  0.0273  0.0268  0.0267  0.0261  0.0262
  0.0290  0.0293  0.0281  0.0288  0.0321  0.0317  0.0282  0.0294  0.0280  0.0283  0.0265  0.0267
niter,ni,del,rscale     2    3    5.0000    1.2000
parameters
   -4.5578    8.9706   24.9020  -13.0100  -21.1320   -9.9790
    2.6997   -8.1679   -0.5004   13.7923    7.0681   -8.4114
eta,q 0.97422 14.26867
  0.0290  0.0313  0.0274  0.0285  0.0300  0.0292  0.0283  0.0293  0.0282  0.0291  0.0265  0.0267
  0.0272  0.0285  0.0266  0.0268  0.0280  0.0277  0.0270  0.0274  0.0270  0.0276  0.0261  0.0262
  0.0261  0.0266  0.0260  0.0259  0.0265  0.0266  0.0261  0.0262  0.0261  0.0264  0.0258  0.0259
  0.0257  0.0257  0.0257  0.0257  0.0257  0.0258  0.0258  0.0258  0.0258  0.0258  0.0258  0.0258
  0.0261  0.0261  0.0259  0.0260  0.0260  0.0252  0.0261  0.0262  0.0261  0.0260  0.0259  0.0259
  0.0272  0.0275  0.0267  0.0267  0.0275  0.0263  0.0270  0.0273  0.0268  0.0269  0.0262  0.0262
  0.0290  0.0297  0.0279  0.0287  0.0317  0.0312  0.0283  0.0293  0.0281  0.0286  0.0265  0.0267
niter,ni,del,rscale     1    3    5.0000    1.2000
parameters
   -4.5437    9.1136   24.8465  -13.0609  -21.3518  -10.0629
    2.6717   -8.1436   -0.4187   14.0085    6.9061   -8.4502
eta,q 0.97419 14.24309
  0.0291  0.0310  0.0275  0.0286  0.0302  0.0292  0.0282  0.0294  0.0282  0.0290  0.0265  0.0267
  0.0273  0.0283  0.0267  0.0269  0.0281  0.0277  0.0270  0.0274  0.0270  0.0275  0.0261  0.0262
  0.0262  0.0264  0.0261  0.0259  0.0266  0.0267  0.0261  0.0262  0.0261  0.0263  0.0259  0.0259
  0.0258  0.0258  0.0258  0.0258  0.0258  0.0258  0.0258  0.0258  0.0258  0.0258  0.0258  0.0258
  0.0261  0.0263  0.0259  0.0261  0.0260  0.0253  0.0261  0.0262  0.0261  0.0261  0.0260  0.0259
  0.0272  0.0277  0.0266  0.0268  0.0274  0.0263  0.0270  0.0274  0.0269  0.0271  0.0262  0.0262
  0.0290  0.0301  0.0279  0.0287  0.0315  0.0309  0.0283  0.0293  0.0281  0.0287  0.0265  0.0267
registration optimization eta report
parameter search radius
    2.4000    3.1740    2.7600    9.5220   10.9503    8.2800
    7.2000    7.2000    7.2000    7.2000    7.2000    7.2000
100000*second partial in parameter space
       56.       47.       25.        3.        4.        6.
        5.        7.        5.        6.        1.        2.
  0.0291  0.0310  0.0275  0.0286  0.0302  0.0292  0.0282  0.0294  0.0282  0.0290  0.0265  0.0267
  0.0273  0.0283  0.0267  0.0269  0.0281  0.0277  0.0270  0.0274  0.0270  0.0275  0.0261  0.0262
  0.0262  0.0264  0.0261  0.0259  0.0266  0.0267  0.0261  0.0262  0.0261  0.0263  0.0259  0.0259
  0.0258  0.0258  0.0258  0.0258  0.0258  0.0258  0.0258  0.0258  0.0258  0.0258  0.0258  0.0258
  0.0261  0.0263  0.0259  0.0261  0.0260  0.0253  0.0261  0.0262  0.0261  0.0261  0.0260  0.0259
  0.0272  0.0277  0.0266  0.0268  0.0274  0.0263  0.0270  0.0274  0.0269  0.0271  0.0262  0.0262
  0.0290  0.0301  0.0279  0.0287  0.0315  0.0309  0.0283  0.0293  0.0281  0.0287  0.0265  0.0267
   -4.5437    9.1136   24.8465  -13.0609  -21.3518  -10.0629
    2.6717   -8.1436   -0.4187   14.0085    6.9061   -8.4502
eta,q 0.97419 14.24309

---------------------------------------------------------------------
imgreg_4dfp /opt/freesurfer/average/711-2C_as_mni_average_305 /opt/freesurfer/average/711-2B_as_mni_average_305_mask talsrcimg_g11 none talsrcimg_to_711-2C_as_mni_average_305_t4 2311
---------------------------------------------------------------------

freesurfer imgreg_4dfp.c
/opt/freesurfer/average/711-2C_as_mni_average_305.4dfp.img
       256       256       256         1
  1.000000  1.000000  1.000000
orientation T byte_order littleendian
Reading image: /opt/freesurfer/average/711-2C_as_mni_average_305.4dfp.img
dimensions:      256       256       256
mmppix:       1.0000   -1.0000   -1.0000
center:     128.0000 -129.0000 -129.0000
/opt/freesurfer/average/711-2B_as_mni_average_305_mask.4dfp.img
       256       256       256         1
  1.000000  1.000000  1.000000
orientation T byte_order littleendian
Reading mask: /opt/freesurfer/average/711-2B_as_mni_average_305_mask.4dfp.img (2306576 pixels)
talsrcimg_g11.4dfp.img
       256       256       256         1
  1.000000  1.000000  1.000000
orientation T byte_order littleendian
Reading image: talsrcimg_g11.4dfp.img
dimensions:      256       256       256
mmppix:       1.0000   -1.0000   -1.0000
center:     128.0000 -129.0000 -129.0000
fimgreg.f
image alignment mode   2311 decimal      907 hex
parameters
   -4.5437    9.1136   24.8465  -13.0609  -21.3518  -10.0629
    2.6717   -8.1436   -0.4187   14.0085    6.9061   -8.4502
eta,q 0.97419 14.24309
niter,ni,del,rscale     5    3    5.0000    0.8000
parameter  6 -0.544904 -> -0.500000 qaram    1.1500
parameters
   -4.5316    9.1319   25.0005  -13.4210  -20.1862   -7.3029
    2.7117   -8.4593   -0.4465   13.3484    6.6557  -10.4848
eta,q 0.97480 14.44293
  0.0273  0.0271  0.0266  0.0263  0.0271  0.0274  0.0265  0.0269  0.0264  0.0265  0.0255  0.0254
  0.0265  0.0264  0.0262  0.0259  0.0265  0.0268  0.0259  0.0259  0.0258  0.0258  0.0254  0.0252
  0.0260  0.0260  0.0260  0.0258  0.0260  0.0262  0.0255  0.0255  0.0254  0.0254  0.0253  0.0252
  0.0258  0.0258  0.0258  0.0258  0.0258  0.0257  0.0253  0.0253  0.0253  0.0253  0.0253  0.0253
  0.0260  0.0260  0.0258  0.0259  0.0257  0.0254  0.0255  0.0256  0.0254  0.0256  0.0253  0.0255
  0.0265  0.0264  0.0260  0.0261  0.0259  0.0253  0.0259  0.0262  0.0258  0.0263  0.0254  0.0258
  0.0273  0.0271  0.0264  0.0264  0.0262  0.0258  0.0265  0.0273  0.0264  0.0275  0.0256  0.0263
niter,ni,del,rscale     5    3    5.0000    0.8000
parameters
   -4.5213    8.6982   24.8779  -11.7304  -19.3512   -8.2231
    2.8913   -8.2603   -0.1667   13.5913    7.8993   -9.9663
eta,q 0.97479 14.60220
  0.0267  0.0258  0.0258  0.0260  0.0262  0.0270  0.0266  0.0272  0.0264  0.0269  0.0257  0.0258
  0.0259  0.0253  0.0254  0.0256  0.0256  0.0263  0.0259  0.0261  0.0258  0.0261  0.0255  0.0255
  0.0254  0.0251  0.0251  0.0253  0.0252  0.0256  0.0255  0.0255  0.0254  0.0255  0.0253  0.0253
  0.0252  0.0252  0.0251  0.0251  0.0250  0.0250  0.0253  0.0253  0.0253  0.0253  0.0253  0.0252
  0.0254  0.0256  0.0253  0.0250  0.0250  0.0251  0.0254  0.0254  0.0253  0.0254  0.0252  0.0252
  0.0258  0.0262  0.0256  0.0251  0.0252  0.0268  0.0258  0.0259  0.0256  0.0258  0.0253  0.0254
  0.0266  0.0271  0.0260  0.0252  0.0256  0.0309  0.0264  0.0269  0.0262  0.0266  0.0254  0.0256
niter,ni,del,rscale     4    3    5.0000    0.7000
parameters
   -4.5679    8.6283   24.7986  -11.8785  -19.2117   -8.0590
    2.9416   -8.3964   -0.4402   13.4647    8.0453   -9.9175
eta,q 0.97483 14.61194
  0.0263  0.0261  0.0258  0.0256  0.0259  0.0271  0.0261  0.0265  0.0259  0.0263  0.0254  0.0255
  0.0257  0.0256  0.0254  0.0254  0.0255  0.0264  0.0256  0.0258  0.0255  0.0257  0.0253  0.0253
  0.0253  0.0253  0.0253  0.0253  0.0253  0.0258  0.0253  0.0253  0.0252  0.0253  0.0252  0.0252
  0.0252  0.0252  0.0252  0.0252  0.0252  0.0252  0.0252  0.0252  0.0252  0.0252  0.0252  0.0252
  0.0254  0.0254  0.0253  0.0252  0.0253  0.0249  0.0253  0.0253  0.0253  0.0253  0.0252  0.0252
  0.0258  0.0257  0.0255  0.0254  0.0255  0.0256  0.0256  0.0258  0.0256  0.0257  0.0253  0.0253
  0.0264  0.0263  0.0259  0.0257  0.0258  0.0275  0.0261  0.0267  0.0261  0.0265  0.0254  0.0255
niter,ni,del,rscale     3    3    5.0000    0.6000
parameters
   -4.5840    8.5953   24.7894  -11.7362  -19.1390   -7.7026
    3.0298   -8.4500   -0.4805   13.3520    8.0093  -10.1408
eta,q 0.97494 14.64424
  0.0260  0.0259  0.0256  0.0255  0.0257  0.0268  0.0258  0.0261  0.0256  0.0259  0.0253  0.0253
  0.0255  0.0255  0.0254  0.0253  0.0254  0.0262  0.0254  0.0256  0.0253  0.0254  0.0252  0.0252
  0.0252  0.0252  0.0252  0.0252  0.0252  0.0257  0.0252  0.0252  0.0251  0.0252  0.0251  0.0251
  0.0252  0.0252  0.0252  0.0252  0.0252  0.0252  0.0251  0.0251  0.0251  0.0251  0.0251  0.0251
  0.0253  0.0253  0.0252  0.0252  0.0252  0.0249  0.0251  0.0251  0.0251  0.0252  0.0251  0.0251
  0.0256  0.0255  0.0254  0.0252  0.0254  0.0254  0.0253  0.0255  0.0253  0.0255  0.0251  0.0252
  0.0260  0.0259  0.0256  0.0254  0.0256  0.0267  0.0257  0.0263  0.0257  0.0260  0.0253  0.0254
niter,ni,del,rscale     2    3    5.0000    0.5000
parameters
   -4.5858    8.5369   24.7846  -11.4963  -19.0038   -7.3743
    3.0570   -8.4977   -0.4559   13.2147    7.8856  -10.3941
eta,q 0.97503 14.68489
  0.0256  0.0255  0.0254  0.0253  0.0254  0.0264  0.0255  0.0258  0.0254  0.0255  0.0251  0.0251
  0.0253  0.0252  0.0252  0.0252  0.0252  0.0259  0.0252  0.0253  0.0251  0.0252  0.0250  0.0250
  0.0251  0.0251  0.0251  0.0251  0.0251  0.0255  0.0250  0.0251  0.0250  0.0250  0.0250  0.0250
  0.0251  0.0251  0.0251  0.0251  0.0250  0.0250  0.0250  0.0250  0.0250  0.0250  0.0250  0.0250
  0.0251  0.0251  0.0251  0.0251  0.0251  0.0249  0.0250  0.0250  0.0250  0.0250  0.0250  0.0250
  0.0253  0.0253  0.0252  0.0251  0.0252  0.0253  0.0252  0.0253  0.0251  0.0253  0.0250  0.0251
  0.0256  0.0256  0.0254  0.0252  0.0253  0.0263  0.0254  0.0259  0.0254  0.0257  0.0252  0.0252
niter,ni,del,rscale     1    3    5.0000    0.4000
parameters
   -4.5827    8.4687   24.8119  -11.2974  -18.8787   -7.0491
    3.0513   -8.5332   -0.4206   13.0428    7.7424  -10.5702
eta,q 0.97511 14.71918
  0.0254  0.0252  0.0252  0.0251  0.0252  0.0260  0.0252  0.0254  0.0251  0.0252  0.0250  0.0250
  0.0251  0.0251  0.0251  0.0251  0.0251  0.0256  0.0250  0.0251  0.0250  0.0250  0.0249  0.0249
  0.0250  0.0250  0.0250  0.0250  0.0250  0.0253  0.0249  0.0250  0.0249  0.0249  0.0249  0.0249
  0.0250  0.0250  0.0250  0.0250  0.0250  0.0250  0.0249  0.0249  0.0249  0.0249  0.0249  0.0249
  0.0250  0.0250  0.0250  0.0250  0.0250  0.0248  0.0249  0.0250  0.0249  0.0249  0.0249  0.0249
  0.0251  0.0251  0.0251  0.0250  0.0250  0.0251  0.0250  0.0251  0.0250  0.0251  0.0249  0.0250
  0.0253  0.0253  0.0252  0.0251  0.0251  0.0258  0.0252  0.0255  0.0251  0.0253  0.0250  0.0250
registration optimization eta report
parameter search radius
    0.8000    0.8000    0.8000    2.4000    2.4000    2.7600
    2.4000    2.4000    2.4000    2.4000    2.4000    2.4000
100000*second partial in parameter space
       59.       49.       39.        3.        4.       13.
        6.       10.        4.        7.        2.        2.
  0.0254  0.0252  0.0252  0.0251  0.0252  0.0260  0.0252  0.0254  0.0251  0.0252  0.0250  0.0250
  0.0251  0.0251  0.0251  0.0251  0.0251  0.0256  0.0250  0.0251  0.0250  0.0250  0.0249  0.0249
  0.0250  0.0250  0.0250  0.0250  0.0250  0.0253  0.0249  0.0250  0.0249  0.0249  0.0249  0.0249
  0.0250  0.0250  0.0250  0.0250  0.0250  0.0250  0.0249  0.0249  0.0249  0.0249  0.0249  0.0249
  0.0250  0.0250  0.0250  0.0250  0.0250  0.0248  0.0249  0.0250  0.0249  0.0249  0.0249  0.0249
  0.0251  0.0251  0.0251  0.0250  0.0250  0.0251  0.0250  0.0251  0.0250  0.0251  0.0249  0.0250
  0.0253  0.0253  0.0252  0.0251  0.0251  0.0258  0.0252  0.0255  0.0251  0.0253  0.0250  0.0250
   -4.5827    8.4687   24.8119  -11.2974  -18.8787   -7.0491
    3.0513   -8.5332   -0.4206   13.0428    7.7424  -10.5702
eta,q 0.97511 14.71918

---------------------------------------------------------------------
imgreg_4dfp /opt/freesurfer/average/711-2C_as_mni_average_305 /opt/freesurfer/average/711-2B_as_mni_average_305_mask talsrcimg_g11 none talsrcimg_to_711-2C_as_mni_average_305_t4 2311
---------------------------------------------------------------------

freesurfer imgreg_4dfp.c
/opt/freesurfer/average/711-2C_as_mni_average_305.4dfp.img
       256       256       256         1
  1.000000  1.000000  1.000000
orientation T byte_order littleendian
Reading image: /opt/freesurfer/average/711-2C_as_mni_average_305.4dfp.img
dimensions:      256       256       256
mmppix:       1.0000   -1.0000   -1.0000
center:     128.0000 -129.0000 -129.0000
/opt/freesurfer/average/711-2B_as_mni_average_305_mask.4dfp.img
       256       256       256         1
  1.000000  1.000000  1.000000
orientation T byte_order littleendian
Reading mask: /opt/freesurfer/average/711-2B_as_mni_average_305_mask.4dfp.img (2306576 pixels)
talsrcimg_g11.4dfp.img
       256       256       256         1
  1.000000  1.000000  1.000000
orientation T byte_order littleendian
Reading image: talsrcimg_g11.4dfp.img
dimensions:      256       256       256
mmppix:       1.0000   -1.0000   -1.0000
center:     128.0000 -129.0000 -129.0000
fimgreg.f
image alignment mode   2311 decimal      907 hex
parameters
   -4.5827    8.4687   24.8119  -11.2974  -18.8787   -7.0491
    3.0513   -8.5332   -0.4206   13.0428    7.7424  -10.5702
eta,q 0.97511 14.71916
niter,ni,del,rscale     5    3    5.0000    0.8000
parameters
   -4.5667    8.3993   24.9578  -11.7348  -18.9552   -7.7127
    2.9305   -8.4449   -0.4490   13.0166    7.7101  -10.0748
eta,q 0.97492 14.65795
  0.0265  0.0260  0.0262  0.0255  0.0258  0.0267  0.0262  0.0271  0.0261  0.0265  0.0254  0.0257
  0.0256  0.0254  0.0255  0.0252  0.0253  0.0261  0.0256  0.0260  0.0255  0.0258  0.0253  0.0254
  0.0251  0.0250  0.0250  0.0250  0.0250  0.0254  0.0252  0.0254  0.0252  0.0253  0.0251  0.0252
  0.0249  0.0249  0.0249  0.0249  0.0249  0.0249  0.0251  0.0251  0.0251  0.0251  0.0251  0.0251
  0.0251  0.0251  0.0250  0.0249  0.0250  0.0250  0.0252  0.0252  0.0252  0.0252  0.0251  0.0251
  0.0256  0.0255  0.0253  0.0252  0.0253  0.0264  0.0257  0.0258  0.0255  0.0257  0.0252  0.0252
  0.0264  0.0262  0.0257  0.0259  0.0259  0.0294  0.0264  0.0270  0.0261  0.0266  0.0255  0.0255
niter,ni,del,rscale     4    3    5.0000    0.7000
parameters
   -4.5849    8.4480   24.8845  -11.6707  -18.8619   -7.5702
    2.9888   -8.4852   -0.4372   13.0298    7.8066  -10.1804
eta,q 0.97497 14.67460
  0.0262  0.0261  0.0257  0.0255  0.0258  0.0267  0.0260  0.0265  0.0258  0.0262  0.0253  0.0254
  0.0256  0.0256  0.0253  0.0253  0.0254  0.0262  0.0255  0.0257  0.0254  0.0256  0.0252  0.0252
  0.0252  0.0252  0.0251  0.0251  0.0252  0.0256  0.0252  0.0252  0.0251  0.0252  0.0251  0.0251
  0.0251  0.0251  0.0251  0.0251  0.0251  0.0251  0.0250  0.0250  0.0250  0.0250  0.0250  0.0250
  0.0252  0.0252  0.0252  0.0251  0.0251  0.0249  0.0251  0.0251  0.0251  0.0251  0.0250  0.0251
  0.0256  0.0255  0.0254  0.0252  0.0253  0.0255  0.0254  0.0257  0.0254  0.0255  0.0251  0.0252
  0.0262  0.0260  0.0258  0.0255  0.0257  0.0270  0.0259  0.0266  0.0258  0.0262  0.0253  0.0254
niter,ni,del,rscale     3    3    5.0000    0.6000
parameters
   -4.5869    8.4340   24.8623  -11.5011  -18.8118   -7.3152
    3.0140   -8.5182   -0.4411   12.9830    7.7596  -10.3736
eta,q 0.97505 14.70082
  0.0259  0.0257  0.0255  0.0254  0.0255  0.0265  0.0257  0.0261  0.0255  0.0258  0.0252  0.0252
  0.0254  0.0253  0.0252  0.0252  0.0252  0.0260  0.0253  0.0255  0.0252  0.0253  0.0251  0.0251
  0.0251  0.0251  0.0251  0.0251  0.0251  0.0255  0.0250  0.0251  0.0250  0.0251  0.0250  0.0250
  0.0250  0.0250  0.0250  0.0250  0.0250  0.0250  0.0250  0.0250  0.0250  0.0250  0.0250  0.0250
  0.0251  0.0251  0.0251  0.0250  0.0251  0.0248  0.0250  0.0251  0.0250  0.0250  0.0250  0.0250
  0.0254  0.0254  0.0253  0.0251  0.0252  0.0253  0.0253  0.0255  0.0252  0.0253  0.0250  0.0251
  0.0259  0.0257  0.0255  0.0253  0.0255  0.0265  0.0257  0.0262  0.0255  0.0259  0.0252  0.0253
niter,ni,del,rscale     2    3    5.0000    0.5000
parameters
   -4.5871    8.3948   24.8736  -11.3026  -18.7212   -7.0573
    3.0123   -8.5383   -0.4253   12.8720    7.6756  -10.5119
eta,q 0.97511 14.72996
  0.0256  0.0254  0.0254  0.0252  0.0253  0.0261  0.0254  0.0258  0.0253  0.0254  0.0251  0.0251
  0.0252  0.0251  0.0251  0.0251  0.0251  0.0257  0.0251  0.0253  0.0251  0.0251  0.0250  0.0250
  0.0250  0.0250  0.0250  0.0250  0.0250  0.0253  0.0250  0.0250  0.0249  0.0249  0.0249  0.0249
  0.0250  0.0250  0.0250  0.0250  0.0249  0.0249  0.0249  0.0249  0.0249  0.0249  0.0249  0.0249
  0.0250  0.0250  0.0250  0.0250  0.0250  0.0248  0.0249  0.0250  0.0249  0.0250  0.0249  0.0249
  0.0252  0.0252  0.0251  0.0250  0.0251  0.0252  0.0251  0.0253  0.0250  0.0252  0.0250  0.0250
  0.0255  0.0255  0.0253  0.0252  0.0253  0.0260  0.0254  0.0258  0.0253  0.0255  0.0251  0.0251
niter,ni,del,rscale     1    3    5.0000    0.4000
parameters
   -4.5861    8.3307   24.9154  -11.1367  -18.6020   -6.7954
    2.9942   -8.5551   -0.4039   12.6856    7.6054  -10.6085
eta,q 0.97517 14.75769
  0.0253  0.0252  0.0252  0.0251  0.0251  0.0258  0.0251  0.0254  0.0251  0.0252  0.0249  0.0250
  0.0251  0.0250  0.0250  0.0250  0.0250  0.0255  0.0250  0.0251  0.0249  0.0250  0.0249  0.0249
  0.0249  0.0249  0.0249  0.0249  0.0249  0.0251  0.0249  0.0249  0.0249  0.0249  0.0248  0.0248
  0.0249  0.0249  0.0249  0.0249  0.0249  0.0249  0.0248  0.0248  0.0248  0.0248  0.0248  0.0248
  0.0249  0.0249  0.0249  0.0249  0.0249  0.0248  0.0249  0.0249  0.0249  0.0249  0.0248  0.0248
  0.0251  0.0251  0.0250  0.0249  0.0250  0.0250  0.0250  0.0251  0.0249  0.0250  0.0249  0.0249
  0.0253  0.0253  0.0251  0.0250  0.0251  0.0256  0.0252  0.0255  0.0251  0.0253  0.0250  0.0250
registration optimization eta report
parameter search radius
    0.8000    0.8000    0.8000    2.4000    2.4000    2.4000
    2.4000    2.4000    2.4000    2.4000    2.4000    2.4000
100000*second partial in parameter space
       60.       49.       41.        3.        4.       15.
        6.       11.        4.        7.        2.        3.
  0.0253  0.0252  0.0252  0.0251  0.0251  0.0258  0.0251  0.0254  0.0251  0.0252  0.0249  0.0250
  0.0251  0.0250  0.0250  0.0250  0.0250  0.0255  0.0250  0.0251  0.0249  0.0250  0.0249  0.0249
  0.0249  0.0249  0.0249  0.0249  0.0249  0.0251  0.0249  0.0249  0.0249  0.0249  0.0248  0.0248
  0.0249  0.0249  0.0249  0.0249  0.0249  0.0249  0.0248  0.0248  0.0248  0.0248  0.0248  0.0248
  0.0249  0.0249  0.0249  0.0249  0.0249  0.0248  0.0249  0.0249  0.0249  0.0249  0.0248  0.0248
  0.0251  0.0251  0.0250  0.0249  0.0250  0.0250  0.0250  0.0251  0.0249  0.0250  0.0249  0.0249
  0.0253  0.0253  0.0251  0.0250  0.0251  0.0256  0.0252  0.0255  0.0251  0.0253  0.0250  0.0250
   -4.5861    8.3307   24.9154  -11.1367  -18.6020   -6.7954
    2.9942   -8.5551   -0.4039   12.6856    7.6054  -10.6085
eta,q 0.97517 14.75769

---------------------------------------------------------------------
compute_vox2vox talsrcimg talsrcimg_to_711-2C_as_mni_average_305_t4 /opt/freesurfer/average/711-2C_as_mni_average_305
---------------------------------------------------------------------

freesurfer compute_vox2vox.c
Reading: talsrcimg.4dfp.ifh
Reading: talsrcimg_to_711-2C_as_mni_average_305_t4
Reading: /opt/freesurfer/average/711-2C_as_mni_average_305.4dfp.ifh
Writing: talsrcimg_to_711-2C_as_mni_average_305_t4_vox2vox.txt

start time Wed Mar 11 03:00:44 CET 2026
end		time Wed Mar 11 03:02:11 CET 2026

mpr2mni305 success

avi2talxfm orig_nu.mgz /opt/freesurfer/average/mni305.cor.mgz talsrcimg_to_711-2C_as_mni_average_305_t4_vox2vox.txt transforms/talairach.auto.xfm
avi2talxfm done
mv -f /out/sourcedata/freesurfer/sub-v2s12x28909_ses-1/mri/talsrcimg_to_711-2C_as_mni_average_305_t4_vox2vox.txt /out/sourcedata/freesurfer/sub-v2s12x28909_ses-1/mri/transforms/talsrcimg_to_711-2C_as_mni_average_305_t4_vox2vox.txt
lta_convert --src orig_nu.mgz --trg /opt/freesurfer/average/mni305.cor.mgz --inxfm transforms/talairach.auto.xfm --outlta transforms/talairach.auto.xfm.lta --subject fsaverage
7.3.2

--src: orig_nu.mgz src image (geometry).
--trg: /opt/freesurfer/average/mni305.cor.mgz trg image (geometry).
--inmni: transforms/talairach.auto.xfm input MNI/XFM transform.
--outlta: transforms/talairach.auto.xfm.lta output LTA.
--s: fsaverage subject name
 LTA read, type : 1
 1.11611   0.10615  -0.02722   3.73121;
-0.08887   1.04576   0.13956  -32.82101;
 0.01939  -0.16245   1.20665  -2.55891;
 0.00000   0.00000   0.00000   1.00000;
setting subject to fsaverage
Writing  LTA to file transforms/talairach.auto.xfm.lta...
lta_convert successful.
 
 
Started at Wed Mar 11 03:00:43 CET 2026
Ended   at Wed Mar 11 03:02:12 CET 2026
talairach_avi done
