/out/sourcedata/freesurfer/sub-v2s12x28866_ses-1/mri
/opt/freesurfer/bin/talairach_avi
--i orig_nu.mgz --xfm transforms/talairach.auto.xfm
talairach_avi 7.3.2
Linux dna026 5.14.0-427.37.1.el9_4.x86_64 #1 SMP PREEMPT_DYNAMIC Fri Sep 13 12:41:50 EDT 2024 x86_64 x86_64 x86_64 GNU/Linux
Tue Mar 10 22:33:34 CET 2026
mri_convert orig_nu.mgz talsrcimg.img 
reading from orig_nu.mgz...
TR=0.00, TE=0.00, TI=0.00, flip angle=0.00
i_ras = (-1, 0, 0)
j_ras = (0, 0, -1)
k_ras = (0, 1, 0)
writing to talsrcimg.img...
Analyze Output Matrix
-1.00000   0.00000   0.00000   133.24969;
 0.00000   0.00000   1.00000  -128.50000;
 0.00000  -1.00000   0.00000   116.84300;
 0.00000   0.00000   0.00000   1.00000;
--------------------
INFO: set hdr.hist.orient to -1
mpr2mni305 talsrcimg
Tue Mar 10 22:33:35 CET 2026
/opt/freesurfer/bin/mpr2mni305 talsrcimg
mpr2mni305 7.3.2
target=711-2C_as_mni_average_305

---------------------------------------------------------------------
analyzeto4dfp talsrcimg -O0 -y
---------------------------------------------------------------------

freesurfer ifh2hdr.c
Tue Mar 10 22:33:35 2026
Writing: talsrcimg.4dfp.hdr
freesurfer analyzeto4dfp.c
Reading: talsrcimg.hdr
header size 348 bytes
hdr.dime.datatype	offset=70	value=2
hdr.dime.bitpix		offset=72	value=8
hdr.hist.orient		offset=252	value=-1
dimensionality     4
dimensions       256       256       256         1
Reading: talsrcimg.img
Writing: talsrcimg.4dfp.img
Writing: talsrcimg.4dfp.ifh
ifh2hdr talsrcimg -r0to227
ori=2

---------------------------------------------------------------------
gauss_4dfp talsrcimg 1.1
---------------------------------------------------------------------

freesurfer gauss_4dfp.c
Reading: talsrcimg.4dfp.img
Writing: talsrcimg_g11.4dfp.img
image dimensions 256 256 256 padded to 288 288 288
processing volume 1freesurfer ifh2hdr.c
Tue Mar 10 22:33:37 2026
Writing: talsrcimg_g11.4dfp.hdr

Writing: talsrcimg_g11.4dfp.ifh
including: talsrcimg.4dfp.img.rec in talsrcimg_g11.4dfp.img.rec

---------------------------------------------------------------------
imgreg_4dfp /opt/freesurfer/average/711-2C_as_mni_average_305 none talsrcimg_g11 none talsrcimg_to_711-2C_as_mni_average_305_t4 4355
---------------------------------------------------------------------

freesurfer imgreg_4dfp.c
/opt/freesurfer/average/711-2C_as_mni_average_305.4dfp.img
       256       256       256         1
  1.000000  1.000000  1.000000
orientation T byte_order littleendian
Reading image: /opt/freesurfer/average/711-2C_as_mni_average_305.4dfp.img
dimensions:      256       256       256
mmppix:       1.0000   -1.0000   -1.0000
center:     128.0000 -129.0000 -129.0000
talsrcimg_g11.4dfp.img
       256       256       256         1
  1.000000  1.000000  1.000000
orientation T byte_order littleendian
Reading image: talsrcimg_g11.4dfp.img
dimensions:      256       256       256
mmppix:       1.0000   -1.0000   -1.0000
center:     128.0000 -129.0000 -129.0000
t4_read: open error in t4_sub.f l:  41 t4_file(1:l)talsrcimg_to_711-2C_as_mni_average_305_t4 
t4_read: transform initialized to I4
rotation matrix determinant  1.000000
image alignment mode   4355 decimal     1103 hex
   -7.5000  -45.0000  -45.0000 6110.4868   19.1192
    0.0000  -45.0000  -45.0000 6423.1836   19.1384
    7.5000  -45.0000  -45.0000 6174.8452   19.1339
   -7.5000  -37.5000  -45.0000 6593.8203   18.5913
    0.0000  -37.5000  -45.0000 6939.9175   18.6157
    7.5000  -37.5000  -45.0000 6647.5332   18.6216
   -7.5000  -30.0000  -45.0000 7323.0557   18.2179
    0.0000  -30.0000  -45.0000 7717.4312   18.2438
    7.5000  -30.0000  -45.0000 7399.3413   18.2582
   -7.5000  -22.5000  -45.0000 8084.1392   18.0068
    0.0000  -22.5000  -45.0000 8528.0479   18.0276
    7.5000  -22.5000  -45.0000 8179.5903   18.0391
   -7.5000  -15.0000  -45.0000 8900.2002   18.0111
    0.0000  -15.0000  -45.0000 9381.6211   18.0247
    7.5000  -15.0000  -45.0000 9023.4170   18.0247
   -7.5000   -7.5000  -45.0000 9736.8398   18.0289
    0.0000   -7.5000  -45.000010257.4990   18.0397
    7.5000   -7.5000  -45.0000 9875.5176   18.0313
   -7.5000    0.0000  -45.000010533.5410   18.0287
    0.0000    0.0000  -45.000011099.9375   18.0425
    7.5000    0.0000  -45.000010685.3438   18.0362
   -7.5000    7.5000  -45.000010484.0088   18.0072
    0.0000    7.5000  -45.000011039.4023   18.0282
    7.5000    7.5000  -45.000010629.1436   18.0325
   -7.5000   15.0000  -45.000010259.9414   17.9857
    0.0000   15.0000  -45.000010796.4648   18.0109
    7.5000   15.0000  -45.000010369.1494   18.0249
   -7.5000   22.5000  -45.0000 9946.5332   17.9856
    0.0000   22.5000  -45.000010469.1963   18.0065
    7.5000   22.5000  -45.000010029.6172   18.0181
   -7.5000   30.0000  -45.0000 9493.3760   17.7697
    0.0000   30.0000  -45.000010013.6699   17.7831
    7.5000   30.0000  -45.0000 9585.4775   17.7831
   -7.5000   37.5000  -45.0000 9257.5127   17.7887
    0.0000   37.5000  -45.0000 9796.2881   17.7993
    7.5000   37.5000  -45.0000 9404.9316   17.7910
   -7.5000   45.0000  -45.0000 8660.6758   17.3368
    0.0000   45.0000  -45.0000 9186.1514   17.3501
    7.5000   45.0000  -45.0000 8849.0469   17.3440
   -7.5000  -45.0000  -37.5000 6417.7700   18.9411
    0.0000  -45.0000  -37.5000 6764.0605   18.9527
    7.5000  -45.0000  -37.5000 6492.7188   18.9558
   -7.5000  -37.5000  -37.5000 6908.1763   18.4248
    0.0000  -37.5000  -37.5000 7280.3804   18.4388
    7.5000  -37.5000  -37.5000 6992.4722   18.4562
   -7.5000  -30.0000  -37.5000 7650.4873   18.0591
    0.0000  -30.0000  -37.5000 8058.1826   18.0741
    7.5000  -30.0000  -37.5000 7771.4185   18.1010
   -7.5000  -22.5000  -37.5000 8447.1406   17.8533
    0.0000  -22.5000  -37.5000 8894.5986   17.8672
    7.5000  -22.5000  -37.5000 8579.1689   17.8875
   -7.5000  -15.0000  -37.5000 9345.5859   17.8563
    0.0000  -15.0000  -37.5000 9810.7402   17.8674
    7.5000  -15.0000  -37.5000 9477.0576   17.8718
   -7.5000   -7.5000  -37.500010232.1250   17.8711
    0.0000   -7.5000  -37.500010733.1768   17.8792
    7.5000   -7.5000  -37.500010365.0850   17.8747
   -7.5000    0.0000  -37.500011086.2139   17.8704
    0.0000    0.0000  -37.500011653.5303   17.8782
    7.5000    0.0000  -37.500011221.8086   17.8783
   -7.5000    7.5000  -37.500011036.7080   17.8502
    0.0000    7.5000  -37.500011606.5303   17.8614
    7.5000    7.5000  -37.500011156.7510   17.8764
   -7.5000   15.0000  -37.500010755.2578   17.8309
    0.0000   15.0000  -37.500011322.8809   17.8454
    7.5000   15.0000  -37.500010854.8574   17.8714
   -7.5000   22.5000  -37.500010394.4053   17.8324
    0.0000   22.5000  -37.500010944.5166   17.8465
    7.5000   22.5000  -37.500010481.0781   17.8668
   -7.5000   30.0000  -37.5000 9906.1543   17.6170
    0.0000   30.0000  -37.500010456.1533   17.6279
    7.5000   30.0000  -37.500010010.3545   17.6323
   -7.5000   37.5000  -37.5000 9708.0410   17.6330
    0.0000   37.5000  -37.500010272.7852   17.6409
    7.5000   37.5000  -37.5000 9859.8936   17.6365
   -7.5000   45.0000  -37.5000 9122.3867   17.1845
    0.0000   45.0000  -37.5000 9693.3779   17.1921
    7.5000   45.0000  -37.5000 9337.2529   17.1922
   -7.5000  -45.0000  -30.0000 6825.2700   19.5925
    0.0000  -45.0000  -30.0000 7213.0132   19.6012
    7.5000  -45.0000  -30.0000 6913.1313   19.6204
   -7.5000  -37.5000  -30.0000 7324.7817   19.0664
    0.0000  -37.5000  -30.0000 7719.3291   19.0709
    7.5000  -37.5000  -30.0000 7429.7563   19.0998
   -7.5000  -30.0000  -30.0000 8123.2573   18.7046
    0.0000  -30.0000  -30.0000 8562.7998   18.7075
    7.5000  -30.0000  -30.0000 8266.4062   18.7402
   -7.5000  -22.5000  -30.0000 9004.3232   18.5030
    0.0000  -22.5000  -30.0000 9498.5430   18.5098
    7.5000  -22.5000  -30.0000 9169.3057   18.5349
   -7.5000  -15.0000  -30.0000 9984.8955   18.5032
    0.0000  -15.0000  -30.000010499.1562   18.5138
    7.5000  -15.0000  -30.000010143.0127   18.5262
   -7.5000   -7.5000  -30.000010951.7871   18.5043
    0.0000   -7.5000  -30.000011514.9053   18.5136
    7.5000   -7.5000  -30.000011090.0615   18.5216
   -7.5000    0.0000  -30.000011866.7725   18.4934
    0.0000    0.0000  -30.000012485.4355   18.4985
    7.5000    0.0000  -30.000011989.2773   18.5128
   -7.5000    7.5000  -30.000011814.3242   18.4763
    0.0000    7.5000  -30.000012429.3105   18.4783
    7.5000    7.5000  -30.000011934.0186   18.5038
   -7.5000   15.0000  -30.000011519.7666   18.4693
    0.0000   15.0000  -30.000012148.3438   18.4721
    7.5000   15.0000  -30.000011633.2217   18.5038
   -7.5000   22.5000  -30.000011089.0156   18.4796
    0.0000   22.5000  -30.000011699.6123   18.4866
    7.5000   22.5000  -30.000011202.3525   18.5116
   -7.5000   30.0000  -30.000010539.3330   18.2571
    0.0000   30.0000  -30.000011133.5479   18.2675
    7.5000   30.0000  -30.000010659.4189   18.2796
   -7.5000   37.5000  -30.000010336.7920   18.2595
    0.0000   37.5000  -30.000010936.7383   18.2686
    7.5000   37.5000  -30.000010495.7617   18.2765
   -7.5000   45.0000  -30.0000 9746.0742   17.7967
    0.0000   45.0000  -30.000010314.1064   17.8016
    7.5000   45.0000  -30.0000 9943.9893   17.8153
   -7.5000  -45.0000  -22.5000 7261.4951   20.2323
    0.0000  -45.0000  -22.5000 7685.1479   20.2471
    7.5000  -45.0000  -22.5000 7377.6470   20.2756
   -7.5000  -37.5000  -22.5000 7822.9946   19.7017
    0.0000  -37.5000  -22.5000 8249.8564   19.7071
    7.5000  -37.5000  -22.5000 7949.1875   19.7355
   -7.5000  -30.0000  -22.5000 8714.3438   19.3461
    0.0000  -30.0000  -22.5000 9186.1318   19.3470
    7.5000  -30.0000  -22.5000 8860.8770   19.3723
   -7.5000  -22.5000  -22.5000 9685.2900   19.1402
    0.0000  -22.5000  -22.500010212.4014   19.1471
    7.5000  -22.5000  -22.5000 9864.6445   19.1680
   -7.5000  -15.0000  -22.500010734.7393   19.1301
    0.0000  -15.0000  -22.500011312.8643   19.1435
    7.5000  -15.0000  -22.500010898.6357   19.1601
   -7.5000   -7.5000  -22.500011785.7402   19.1162
    0.0000   -7.5000  -22.500012400.6748   19.1304
    7.5000   -7.5000  -22.500011934.1592   19.1485
   -7.5000    0.0000  -22.500012755.4980   19.1000
    0.0000    0.0000  -22.500013429.7451   19.1093
    7.5000    0.0000  -22.500012894.7861   19.1317
   -7.5000    7.5000  -22.500012684.4219   19.0941
    0.0000    7.5000  -22.500013364.6865   19.0968
    7.5000    7.5000  -22.500012827.2559   19.1217
   -7.5000   15.0000  -22.500012362.1172   19.1024
    0.0000   15.0000  -22.500013053.3770   19.1034
    7.5000   15.0000  -22.500012500.7324   19.1281
   -7.5000   22.5000  -22.500011881.4033   19.1148
    0.0000   22.5000  -22.500012541.8145   19.1217
    7.5000   22.5000  -22.500011990.3232   19.1425
   -7.5000   30.0000  -22.500011278.2480   18.8785
    0.0000   30.0000  -22.500011899.8516   18.8917
    7.5000   30.0000  -22.500011399.7549   18.9081
   -7.5000   37.5000  -22.500011060.6406   18.8662
    0.0000   37.5000  -22.500011658.2275   18.8801
    7.5000   37.5000  -22.500011210.8779   18.8980
   -7.5000   45.0000  -22.500010450.8496   18.3942
    0.0000   45.0000  -22.500011020.8799   18.4032
    7.5000   45.0000  -22.500010639.4385   18.4247
   -7.5000  -45.0000  -15.0000 7702.9292   20.6871
    0.0000  -45.0000  -15.0000 8134.0430   20.7131
    7.5000  -45.0000  -15.0000 7838.8745   20.7373
   -7.5000  -37.5000  -15.0000 8336.3115   20.1534
    0.0000  -37.5000  -15.0000 8767.0205   20.1720
    7.5000  -37.5000  -15.0000 8462.2617   20.1905
   -7.5000  -30.0000  -15.0000 9320.7725   19.7956
    0.0000  -30.0000  -15.0000 9796.8115   19.8098
    7.5000  -30.0000  -15.0000 9463.1533   19.8228
   -7.5000  -22.5000  -15.000010378.0713   19.5797
    0.0000  -22.5000  -15.000010944.4385   19.5959
    7.5000  -22.5000  -15.000010549.3105   19.6085
   -7.5000  -15.0000  -15.000011493.3486   19.5614
    0.0000  -15.0000  -15.000012150.3613   19.5802
    7.5000  -15.0000  -15.000011670.9307   19.5940
   -7.5000   -7.5000  -15.000012631.8506   19.5442
    0.0000   -7.5000  -15.000013322.1553   19.5639
    7.5000   -7.5000  -15.000012793.1641   19.5812
   -7.5000    0.0000  -15.000013663.9551   19.5309
    0.0000    0.0000  -15.000014404.8379   19.5492
    7.5000    0.0000  -15.000013824.5830   19.5680
   -7.5000    7.5000  -15.000013544.9043   19.5335
    0.0000    7.5000  -15.000014297.4082   19.5484
    7.5000    7.5000  -15.000013718.3701   19.5642
   -7.5000   15.0000  -15.000013190.1592   19.5466
    0.0000   15.0000  -15.000013916.4512   19.5605
    7.5000   15.0000  -15.000013343.7656   19.5734
   -7.5000   22.5000  -15.000012670.4131   19.5527
    0.0000   22.5000  -15.000013354.8311   19.5690
    7.5000   22.5000  -15.000012806.6543   19.5816
   -7.5000   30.0000  -15.000012052.6543   19.3067
    0.0000   30.0000  -15.000012722.7334   19.3253
    7.5000   30.0000  -15.000012207.7979   19.3390
   -7.5000   37.5000  -15.000011825.7568   19.2913
    0.0000   37.5000  -15.000012465.5352   19.3107
    7.5000   37.5000  -15.000012012.4111   19.3278
   -7.5000   45.0000  -15.000011169.8623   18.8206
    0.0000   45.0000  -15.000011773.4775   18.8382
    7.5000   45.0000  -15.000011383.1104   18.8564
   -7.5000  -45.0000   -7.5000 8233.4346   20.9195
    0.0000  -45.0000   -7.5000 8642.3555   20.9487
    7.5000  -45.0000   -7.5000 8347.3398   20.9562
   -7.5000  -37.5000   -7.5000 8897.9980   20.3724
    0.0000  -37.5000   -7.5000 9334.3643   20.4018
    7.5000  -37.5000   -7.5000 9029.8350   20.4096
   -7.5000  -30.0000   -7.5000 9955.2070   19.9947
    0.0000  -30.0000   -7.500010458.9980   20.0232
    7.5000  -30.0000   -7.500010101.3779   20.0316
   -7.5000  -22.5000   -7.500011077.3701   19.7690
    0.0000  -22.5000   -7.500011678.1416   19.7937
    7.5000  -22.5000   -7.500011252.4199   19.8020
   -7.5000  -15.0000   -7.500012253.1035   19.7568
    0.0000  -15.0000   -7.500012946.2861   19.7766
    7.5000  -15.0000   -7.500012467.7510   19.7818
   -7.5000   -7.5000   -7.500013493.2109   19.7550
    0.0000   -7.5000   -7.500014246.4775   19.7737
    7.5000   -7.5000   -7.500013702.7139   19.7773
   -7.5000    0.0000   -7.500014644.0449   19.7499
    0.0000    0.0000   -7.500015478.9453   19.7714
    7.5000    0.0000   -7.500014884.0986   19.7757
   -7.5000    7.5000   -7.500014520.8867   19.7454
    0.0000    7.5000   -7.500015331.7295   19.7708
    7.5000    7.5000   -7.500014766.5811   19.7768
   -7.5000   15.0000   -7.500014165.6826   19.7440
    0.0000   15.0000   -7.500014903.4062   19.7717
    7.5000   15.0000   -7.500014332.1934   19.7801
   -7.5000   22.5000   -7.500013604.9326   19.7396
    0.0000   22.5000   -7.500014293.5635   19.7644
    7.5000   22.5000   -7.500013732.4600   19.7728
   -7.5000   30.0000   -7.500012944.9307   19.4991
    0.0000   30.0000   -7.500013634.5127   19.5186
    7.5000   30.0000   -7.500013107.2520   19.5238
   -7.5000   37.5000   -7.500012702.0225   19.4988
    0.0000   37.5000   -7.500013403.1660   19.5173
    7.5000   37.5000   -7.500012895.0098   19.5208
   -7.5000   45.0000   -7.500012006.1943   19.0352
    0.0000   45.0000   -7.500012648.6182   19.0559
    7.5000   45.0000   -7.500012223.0645   19.0600
   -7.5000  -45.0000    0.0000 8659.3379   20.9794
    0.0000  -45.0000    0.0000 9078.5654   21.0017
    7.5000  -45.0000    0.0000 8785.2979   20.9980
   -7.5000  -37.5000    0.0000 9360.9570   20.4175
    0.0000  -37.5000    0.0000 9831.0469   20.4454
    7.5000  -37.5000    0.0000 9533.0625   20.4527
   -7.5000  -30.0000    0.000010478.0303   20.0203
    0.0000  -30.0000    0.000010994.5732   20.0495
    7.5000  -30.0000    0.000010647.0928   20.0658
   -7.5000  -22.5000    0.000011647.2021   19.7910
    0.0000  -22.5000    0.000012236.2617   19.8146
    7.5000  -22.5000    0.000011819.9189   19.8275
   -7.5000  -15.0000    0.000012904.6367   19.7898
    0.0000  -15.0000    0.000013571.4248   19.8056
    7.5000  -15.0000    0.000013083.7324   19.8061
   -7.5000   -7.5000    0.000014215.6953   19.8044
    0.0000   -7.5000    0.000015011.8691   19.8172
    7.5000   -7.5000    0.000014435.5264   19.8090
   -7.5000    0.0000    0.000015518.9072   19.8048
    0.0000    0.0000    0.000016430.7910   19.8211
    7.5000    0.0000    0.000015814.9141   19.8153
   -7.5000    7.5000    0.000015532.9727   19.7876
    0.0000    7.5000    0.000016420.0156   19.8117
    7.5000    7.5000    0.000015816.3955   19.8173
   -7.5000   15.0000    0.000015155.2480   19.7696
    0.0000   15.0000    0.000015932.3818   19.7981
    7.5000   15.0000    0.000015329.3486   19.8139
   -7.5000   22.5000    0.000014576.6973   19.7617
    0.0000   22.5000    0.000015264.5615   19.7854
    7.5000   22.5000    0.000014632.2158   19.7983
   -7.5000   30.0000    0.000013861.4824   19.5323
    0.0000   30.0000    0.000014577.4062   19.5479
    7.5000   30.0000    0.000013930.5986   19.5483
   -7.5000   37.5000    0.000013583.4990   19.5481
    0.0000   37.5000    0.000014321.5039   19.5607
    7.5000   37.5000    0.000013717.1348   19.5526
   -7.5000   45.0000    0.000012823.7109   19.0896
    0.0000   45.0000    0.000013484.0977   19.1053
    7.5000   45.0000    0.000012977.4531   19.0997
   -7.5000  -45.0000    7.5000 8379.8301   21.0116
    0.0000  -45.0000    7.5000 8790.6514   21.0253
    7.5000  -45.0000    7.5000 8515.5156   21.0296
   -7.5000  -37.5000    7.5000 9110.7695   20.4443
    0.0000  -37.5000    7.5000 9575.9717   20.4606
    7.5000  -37.5000    7.5000 9286.7412   20.4805
   -7.5000  -30.0000    7.500010218.7842   20.0434
    0.0000  -30.0000    7.500010758.7656   20.0606
    7.5000  -30.0000    7.500010405.8037   20.0906
   -7.5000  -22.5000    7.500011374.2676   19.8176
    0.0000  -22.5000    7.500011987.0537   19.8334
    7.5000  -22.5000    7.500011558.5684   19.8559
   -7.5000  -15.0000    7.500012590.6895   19.8207
    0.0000  -15.0000    7.500013278.9961   19.8332
    7.5000  -15.0000    7.500012782.5566   19.8383
   -7.5000   -7.5000    7.500013815.7539   19.8356
    0.0000   -7.5000    7.500014620.1113   19.8450
    7.5000   -7.5000    7.500014051.2559   19.8406
   -7.5000    0.0000    7.500015128.1084   19.8337
    0.0000    0.0000    7.500016118.2139   19.8431
    7.5000    0.0000    7.500015471.7168   19.8440
   -7.5000    7.5000    7.500015402.7158   19.8119
    0.0000    7.5000    7.500016455.3359   19.8251
    7.5000    7.5000    7.500015735.8076   19.8423
   -7.5000   15.0000    7.500015201.1680   19.7920
    0.0000   15.0000    7.500016222.1631   19.8088
    7.5000   15.0000    7.500015334.9375   19.8377
   -7.5000   22.5000    7.500014618.0791   19.7883
    0.0000   22.5000    7.500015482.4609   19.8042
    7.5000   22.5000    7.500014527.2842   19.8267
   -7.5000   30.0000    7.500013857.6738   19.5627
    0.0000   30.0000    7.500014679.9688   19.5750
    7.5000   30.0000    7.500013771.7988   19.5801
   -7.5000   37.5000    7.500013546.9346   19.5789
    0.0000   37.5000    7.500014410.6826   19.5881
    7.5000   37.5000    7.500013556.4238   19.5838
   -7.5000   45.0000    7.500012770.1924   19.1174
    0.0000   45.0000    7.500013579.9238   19.1264
    7.5000   45.0000    7.500012847.6025   19.1273
   -7.5000  -45.0000   15.0000 8039.1016   21.0250
    0.0000  -45.0000   15.0000 8455.5352   21.0344
    7.5000  -45.0000   15.0000 8174.3291   21.0551
   -7.5000  -37.5000   15.0000 8750.7949   20.4614
    0.0000  -37.5000   15.0000 9211.4941   20.4662
    7.5000  -37.5000   15.0000 8903.2061   20.4973
   -7.5000  -30.0000   15.0000 9821.4062   20.0730
    0.0000  -30.0000   15.000010354.1035   20.0761
    7.5000  -30.0000   15.0000 9998.2314   20.1113
   -7.5000  -22.5000   15.000010951.0332   19.8559
    0.0000  -22.5000   15.000011527.7676   19.8633
    7.5000  -22.5000   15.000011147.8203   19.8903
   -7.5000  -15.0000   15.000012115.2275   19.8556
    0.0000  -15.0000   15.000012755.2959   19.8670
    7.5000  -15.0000   15.000012344.4512   19.8804
   -7.5000   -7.5000   15.000013322.2246   19.8572
    0.0000   -7.5000   15.000014039.1641   19.8671
    7.5000   -7.5000   15.000013528.4980   19.8758
   -7.5000    0.0000   15.000014671.7109   19.8464
    0.0000    0.0000   15.000015558.2539   19.8519
    7.5000    0.0000   15.000014898.4473   19.8672
   -7.5000    7.5000   15.000015086.4082   19.8284
    0.0000    7.5000   15.000016496.5000   19.8307
    7.5000    7.5000   15.000015389.1904   19.8580
   -7.5000   15.0000   15.000015198.3008   19.8206
    0.0000   15.0000   15.000016834.2422   19.8236
    7.5000   15.0000   15.000015360.2334   19.8578
   -7.5000   22.5000   15.000014641.2773   19.8264
    0.0000   22.5000   15.000016009.4531   19.8340
    7.5000   22.5000   15.000014590.1162   19.8609
   -7.5000   30.0000   15.000013818.0342   19.5972
    0.0000   30.0000   15.000015011.0703   19.6085
    7.5000   30.0000   15.000013699.8486   19.6216
   -7.5000   37.5000   15.000013420.5479   19.6002
    0.0000   37.5000   15.000014533.3604   19.6100
    7.5000   37.5000   15.000013389.7256   19.6186
   -7.5000   45.0000   15.000012554.2754   19.1296
    0.0000   45.0000   15.000013525.8418   19.1349
    7.5000   45.0000   15.000012620.9316   19.1497
   -7.5000  -45.0000   22.5000 7595.3945   21.0031
    0.0000  -45.0000   22.5000 7989.1421   21.0184
    7.5000  -45.0000   22.5000 7721.9385   21.0480
   -7.5000  -37.5000   22.5000 8334.9463   20.4522
    0.0000  -37.5000   22.5000 8766.8906   20.4579
    7.5000  -37.5000   22.5000 8462.1006   20.4874
   -7.5000  -30.0000   22.5000 9418.7363   20.0832
    0.0000  -30.0000   22.5000 9916.8984   20.0841
    7.5000  -30.0000   22.5000 9553.6660   20.1104
   -7.5000  -22.5000   22.500010550.7227   19.8696
    0.0000  -22.5000   22.500011109.2510   19.8767
    7.5000  -22.5000   22.500010700.6143   19.8984
   -7.5000  -15.0000   22.500011703.6865   19.8590
    0.0000  -15.0000   22.500012381.4229   19.8729
    7.5000  -15.0000   22.500011856.3389   19.8902
   -7.5000   -7.5000   22.500012935.8760   19.8445
    0.0000   -7.5000   22.500013734.3428   19.8592
    7.5000   -7.5000   22.500013040.7686   19.8780
   -7.5000    0.0000   22.500014263.1396   19.8276
    0.0000    0.0000   22.500015249.8896   19.8372
    7.5000    0.0000   22.500014351.0928   19.8605
   -7.5000    7.5000   22.500014542.5078   19.8215
    0.0000    7.5000   22.500015982.9697   19.8243
    7.5000    7.5000   22.500014770.5029   19.8501
   -7.5000   15.0000   22.500014490.9951   19.8302
    0.0000   15.0000   22.500016102.2803   19.8313
    7.5000   15.0000   22.500014755.3623   19.8569
   -7.5000   22.5000   22.500013975.2422   19.8401
    0.0000   22.5000   22.500015439.1152   19.8473
    7.5000   22.5000   22.500014169.0879   19.8689
   -7.5000   30.0000   22.500013246.6416   19.6006
    0.0000   30.0000   22.500014520.1631   19.6143
    7.5000   30.0000   22.500013351.0293   19.6314
   -7.5000   37.5000   22.500012837.6094   19.5877
    0.0000   37.5000   22.500013921.9297   19.6022
    7.5000   37.5000   22.500012912.3066   19.6208
   -7.5000   45.0000   22.500011918.3799   19.1115
    0.0000   45.0000   22.500012799.1201   19.1208
    7.5000   45.0000   22.500012014.3213   19.1432
   -7.5000  -45.0000   30.0000 7057.1274   20.9781
    0.0000  -45.0000   30.0000 7456.5107   21.0045
    7.5000  -45.0000   30.0000 7151.3472   21.0291
   -7.5000  -37.5000   30.0000 7757.1475   20.4368
    0.0000  -37.5000   30.0000 8206.0830   20.4556
    7.5000  -37.5000   30.0000 7845.3892   20.4744
   -7.5000  -30.0000   30.0000 8807.0273   20.0738
    0.0000  -30.0000   30.0000 9336.3076   20.0882
    7.5000  -30.0000   30.0000 8888.8047   20.1014
   -7.5000  -22.5000   30.0000 9936.5889   19.8548
    0.0000  -22.5000   30.000010546.9014   19.8713
    7.5000  -22.5000   30.000010021.6709   19.8840
   -7.5000  -15.0000   30.000011109.5791   19.8363
    0.0000  -15.0000   30.000011826.3643   19.8554
    7.5000  -15.0000   30.000011198.3662   19.8694
   -7.5000   -7.5000   30.000012277.0186   19.8188
    0.0000   -7.5000   30.000013065.7041   19.8389
    7.5000   -7.5000   30.000012379.8105   19.8565
   -7.5000    0.0000   30.000013432.4609   19.8053
    0.0000    0.0000   30.000014312.5947   19.8238
    7.5000    0.0000   30.000013571.1855   19.8430
   -7.5000    7.5000   30.000013490.2041   19.8080
    0.0000    7.5000   30.000014475.8594   19.8231
    7.5000    7.5000   30.000013704.4189   19.8391
   -7.5000   15.0000   30.000013242.5381   19.8212
    0.0000   15.0000   30.000014115.7080   19.8354
    7.5000   15.0000   30.000013420.9473   19.8485
   -7.5000   22.5000   30.000012756.4629   19.8253
    0.0000   22.5000   30.000013493.0928   19.8419
    7.5000   22.5000   30.000012862.0771   19.8547
   -7.5000   30.0000   30.000012178.6162   19.5781
    0.0000   30.0000   30.000012889.5693   19.5969
    7.5000   30.0000   30.000012264.3018   19.6108
   -7.5000   37.5000   30.000011876.6104   19.5623
    0.0000   37.5000   30.000012593.9180   19.5821
    7.5000   37.5000   30.000011987.6172   19.5995
   -7.5000   45.0000   30.000011083.1992   19.0900
    0.0000   45.0000   30.000011759.9395   19.1079
    7.5000   45.0000   30.000011207.3086   19.1264
   -7.5000  -45.0000   37.5000 6716.7959   20.9830
    0.0000  -45.0000   37.5000 7132.2329   21.0124
    7.5000  -45.0000   37.5000 6796.9873   21.0200
   -7.5000  -37.5000   37.5000 7425.3657   20.4336
    0.0000  -37.5000   37.5000 7891.3208   20.4633
    7.5000  -37.5000   37.5000 7521.8052   20.4712
   -7.5000  -30.0000   37.5000 8481.5449   20.0544
    0.0000  -30.0000   37.5000 8999.8223   20.0831
    7.5000  -30.0000   37.5000 8567.5049   20.0916
   -7.5000  -22.5000   37.5000 9573.1367   19.8278
    0.0000  -22.5000   37.500010131.7998   19.8527
    7.5000  -22.5000   37.5000 9648.5391   19.8611
   -7.5000  -15.0000   37.500010631.2490   19.8156
    0.0000  -15.0000   37.500011233.8418   19.8355
    7.5000  -15.0000   37.500010714.0693   19.8408
   -7.5000   -7.5000   37.500011636.2100   19.8138
    0.0000   -7.5000   37.500012296.9082   19.8327
    7.5000   -7.5000   37.500011761.8730   19.8363
   -7.5000    0.0000   37.500012586.4590   19.8087
    0.0000    0.0000   37.500013305.1396   19.8303
    7.5000    0.0000   37.500012792.0361   19.8347
   -7.5000    7.5000   37.500012531.1514   19.8041
    0.0000    7.5000   37.500013256.9443   19.8297
    7.5000    7.5000   37.500012764.1904   19.8359
   -7.5000   15.0000   37.500012264.8291   19.8027
    0.0000   15.0000   37.500012889.0186   19.8306
    7.5000   15.0000   37.500012452.0576   19.8391
   -7.5000   22.5000   37.500011836.0498   19.7984
    0.0000   22.5000   37.500012435.4805   19.8234
    7.5000   22.5000   37.500012001.7773   19.8319
   -7.5000   30.0000   37.500011374.9648   19.5577
    0.0000   30.0000   37.500011980.6240   19.5773
    7.5000   30.0000   37.500011525.1045   19.5826
   -7.5000   37.5000   37.500011216.3379   19.5574
    0.0000   37.5000   37.500011823.6377   19.5760
    7.5000   37.5000   37.500011330.8457   19.5796
   -7.5000   45.0000   37.500010538.2979   19.0933
    0.0000   45.0000   37.500011112.9219   19.1141
    7.5000   45.0000   37.500010642.3047   19.1184
   -7.5000  -45.0000   45.0000 6207.0391   21.3468
    0.0000  -45.0000   45.0000 6573.1787   21.3710
    7.5000  -45.0000   45.0000 6263.9990   21.3678
   -7.5000  -37.5000   45.0000 6864.9712   20.7618
    0.0000  -37.5000   45.0000 7257.2500   20.7918
    7.5000  -37.5000   45.0000 6944.6260   20.8004
   -7.5000  -30.0000   45.0000 7780.8599   20.3488
    0.0000  -30.0000   45.0000 8193.1719   20.3804
    7.5000  -30.0000   45.0000 7858.8125   20.3983
   -7.5000  -22.5000   45.0000 8703.7881   20.1107
    0.0000  -22.5000   45.0000 9147.3193   20.1364
    7.5000  -22.5000   45.0000 8802.0859   20.1502
   -7.5000  -15.0000   45.0000 9644.3848   20.1094
    0.0000  -15.0000   45.000010152.5947   20.1269
    7.5000  -15.0000   45.0000 9770.3037   20.1274
   -7.5000   -7.5000   45.000010533.5566   20.1242
    0.0000   -7.5000   45.000011109.8359   20.1384
    7.5000   -7.5000   45.000010704.5244   20.1300
   -7.5000    0.0000   45.000011386.6592   20.1244
    0.0000    0.0000   45.000012016.5205   20.1421
    7.5000    0.0000   45.000011623.0010   20.1367
   -7.5000    7.5000   45.000011378.6875   20.1066
    0.0000    7.5000   45.000011999.9268   20.1326
    7.5000    7.5000   45.000011587.0469   20.1394
   -7.5000   15.0000   45.000011164.3252   20.0883
    0.0000   15.0000   45.000011735.8779   20.1190
    7.5000   15.0000   45.000011321.7734   20.1363
   -7.5000   22.5000   45.000010841.1055   20.0804
    0.0000   22.5000   45.000011396.3467   20.1062
    7.5000   22.5000   45.000010967.1191   20.1201
   -7.5000   30.0000   45.000010432.1084   19.8459
    0.0000   30.0000   45.000010977.8174   19.8631
    7.5000   30.0000   45.000010532.6465   19.8636
   -7.5000   37.5000   45.000010327.8643   19.8621
    0.0000   37.5000   45.000010886.4746   19.8761
    7.5000   37.5000   45.000010426.3965   19.8678
   -7.5000   45.0000   45.0000 9741.3066   19.4064
    0.0000   45.0000   45.000010268.8857   19.4235
    7.5000   45.0000   45.0000 9854.2334   19.4183

---------------------------------------------------------------------
imgreg_4dfp /opt/freesurfer/average/711-2C_as_mni_average_305 /opt/freesurfer/average/711-2B_as_mni_average_305_mask talsrcimg_g11 none talsrcimg_to_711-2C_as_mni_average_305_t4 4355
---------------------------------------------------------------------

freesurfer imgreg_4dfp.c
/opt/freesurfer/average/711-2C_as_mni_average_305.4dfp.img
       256       256       256         1
  1.000000  1.000000  1.000000
orientation T byte_order littleendian
Reading image: /opt/freesurfer/average/711-2C_as_mni_average_305.4dfp.img
dimensions:      256       256       256
mmppix:       1.0000   -1.0000   -1.0000
center:     128.0000 -129.0000 -129.0000
/opt/freesurfer/average/711-2B_as_mni_average_305_mask.4dfp.img
       256       256       256         1
  1.000000  1.000000  1.000000
orientation T byte_order littleendian
Reading mask: /opt/freesurfer/average/711-2B_as_mni_average_305_mask.4dfp.img (2306576 pixels)
talsrcimg_g11.4dfp.img
       256       256       256         1
  1.000000  1.000000  1.000000
orientation T byte_order littleendian
Reading image: talsrcimg_g11.4dfp.img
dimensions:      256       256       256
mmppix:       1.0000   -1.0000   -1.0000
center:     128.0000 -129.0000 -129.0000
rotation matrix determinant  1.000000
image alignment mode   4355 decimal     1103 hex
   -7.5000  -30.0000  -30.0000 2124.9387   22.8823
    0.0000  -30.0000  -30.0000 2143.9016   22.5125
    7.5000  -30.0000  -30.0000 2137.2192   22.4035
   -7.5000  -22.5000  -30.0000 2208.0073   21.0143
    0.0000  -22.5000  -30.0000 2229.8928   20.6468
    7.5000  -22.5000  -30.0000 2218.5056   20.5919
   -7.5000  -15.0000  -30.0000 2277.2805   19.6479
    0.0000  -15.0000  -30.0000 2289.7339   19.2609
    7.5000  -15.0000  -30.0000 2280.7952   19.2760
   -7.5000   -7.5000  -30.0000 2327.1387   18.7175
    0.0000   -7.5000  -30.0000 2332.2717   18.3184
    7.5000   -7.5000  -30.0000 2321.1252   18.3114
   -7.5000    0.0000  -30.0000 2366.8896   18.1538
    0.0000    0.0000  -30.0000 2367.0308   17.7043
    7.5000    0.0000  -30.0000 2350.7627   17.7158
   -7.5000    7.5000  -30.0000 2386.0305   17.8178
    0.0000    7.5000  -30.0000 2390.1443   17.3385
    7.5000    7.5000  -30.0000 2376.5337   17.3702
   -7.5000   15.0000  -30.0000 2397.1829   17.6168
    0.0000   15.0000  -30.0000 2402.0996   17.2102
    7.5000   15.0000  -30.0000 2393.4182   17.2213
   -7.5000   22.5000  -30.0000 2406.8630   17.6849
    0.0000   22.5000  -30.0000 2413.3276   17.2634
    7.5000   22.5000  -30.0000 2405.9253   17.2766
   -7.5000   30.0000  -30.0000 2392.4863   17.9308
    0.0000   30.0000  -30.0000 2408.8828   17.5499
    7.5000   30.0000  -30.0000 2401.3960   17.6070
   -7.5000   37.5000  -30.0000 2370.5840   18.6497
    0.0000   37.5000  -30.0000 2391.3044   18.2151
    7.5000   37.5000  -30.0000 2385.4109   18.2346
   -7.5000   45.0000  -30.0000 2325.9023   19.6180
    0.0000   45.0000  -30.0000 2351.0225   19.2014
    7.5000   45.0000  -30.0000 2346.7253   19.2250
   -7.5000   52.5000  -30.0000 2234.5225   20.7967
    0.0000   52.5000  -30.0000 2263.6501   20.4261
    7.5000   52.5000  -30.0000 2261.5999   20.4380
   -7.5000   60.0000  -30.0000 2103.9609   22.0844
    0.0000   60.0000  -30.0000 2126.5527   21.7671
    7.5000   60.0000  -30.0000 2120.1011   21.8573
   -7.5000  -30.0000  -22.5000 2201.7705   22.2631
    0.0000  -30.0000  -22.5000 2228.8962   21.7935
    7.5000  -30.0000  -22.5000 2219.5396   21.7160
   -7.5000  -22.5000  -22.5000 2293.0869   20.3930
    0.0000  -22.5000  -22.5000 2316.0901   19.9574
    7.5000  -22.5000  -22.5000 2304.3735   19.9255
   -7.5000  -15.0000  -22.5000 2379.3904   18.9163
    0.0000  -15.0000  -22.5000 2393.5027   18.5101
    7.5000  -15.0000  -22.5000 2380.9187   18.4865
   -7.5000   -7.5000  -22.5000 2440.1594   17.8992
    0.0000   -7.5000  -22.5000 2449.2839   17.4926
    7.5000   -7.5000  -22.5000 2439.6892   17.4543
   -7.5000    0.0000  -22.5000 2484.6877   17.1960
    0.0000    0.0000  -22.5000 2485.6172   16.7478
    7.5000    0.0000  -22.5000 2475.9905   16.7055
   -7.5000    7.5000  -22.5000 2509.6562   16.8347
    0.0000    7.5000  -22.5000 2515.3601   16.3703
    7.5000    7.5000  -22.5000 2505.5635   16.3650
   -7.5000   15.0000  -22.5000 2523.9954   16.6159
    0.0000   15.0000  -22.5000 2534.6189   16.2142
    7.5000   15.0000  -22.5000 2520.5325   16.2094
   -7.5000   22.5000  -22.5000 2527.4722   16.6678
    0.0000   22.5000  -22.5000 2542.1797   16.3228
    7.5000   22.5000  -22.5000 2531.3901   16.3223
   -7.5000   30.0000  -22.5000 2515.1169   16.9835
    0.0000   30.0000  -22.5000 2539.6230   16.6546
    7.5000   30.0000  -22.5000 2529.8645   16.6888
   -7.5000   37.5000  -22.5000 2492.4756   17.6382
    0.0000   37.5000  -22.5000 2521.9580   17.2597
    7.5000   37.5000  -22.5000 2512.7114   17.2954
   -7.5000   45.0000  -22.5000 2441.9370   18.5807
    0.0000   45.0000  -22.5000 2475.5186   18.1724
    7.5000   45.0000  -22.5000 2469.4282   18.2231
   -7.5000   52.5000  -22.5000 2346.8140   19.7040
    0.0000   52.5000  -22.5000 2379.9666   19.2897
    7.5000   52.5000  -22.5000 2381.4929   19.3327
   -7.5000   60.0000  -22.5000 2207.0442   20.8976
    0.0000   60.0000  -22.5000 2239.2854   20.5469
    7.5000   60.0000  -22.5000 2230.7202   20.6170
   -7.5000  -30.0000  -15.0000 2252.3740   21.6391
    0.0000  -30.0000  -15.0000 2274.7156   21.1559
    7.5000  -30.0000  -15.0000 2266.8674   21.1142
   -7.5000  -22.5000  -15.0000 2351.5701   19.7573
    0.0000  -22.5000  -15.0000 2372.6672   19.2900
    7.5000  -22.5000  -15.0000 2365.4426   19.2333
   -7.5000  -15.0000  -15.0000 2442.8970   18.1827
    0.0000  -15.0000  -15.0000 2459.9077   17.7559
    7.5000  -15.0000  -15.0000 2450.7417   17.7080
   -7.5000   -7.5000  -15.0000 2516.2761   17.0606
    0.0000   -7.5000  -15.0000 2527.1436   16.6665
    7.5000   -7.5000  -15.0000 2519.7104   16.5927
   -7.5000    0.0000  -15.0000 2561.2029   16.3126
    0.0000    0.0000  -15.0000 2568.1882   15.9396
    7.5000    0.0000  -15.0000 2560.6636   15.8435
   -7.5000    7.5000  -15.0000 2583.3601   15.8919
    0.0000    7.5000  -15.0000 2591.7776   15.4560
    7.5000    7.5000  -15.0000 2586.8833   15.4103
   -7.5000   15.0000  -15.0000 2598.1133   15.6679
    0.0000   15.0000  -15.0000 2613.3660   15.2585
    7.5000   15.0000  -15.0000 2607.2354   15.2355
   -7.5000   22.5000  -15.0000 2607.6790   15.7195
    0.0000   22.5000  -15.0000 2625.1558   15.3460
    7.5000   22.5000  -15.0000 2620.4089   15.3459
   -7.5000   30.0000  -15.0000 2604.6763   16.0517
    0.0000   30.0000  -15.0000 2630.7334   15.6951
    7.5000   30.0000  -15.0000 2626.9663   15.7375
   -7.5000   37.5000  -15.0000 2586.4282   16.7032
    0.0000   37.5000  -15.0000 2616.1914   16.3015
    7.5000   37.5000  -15.0000 2609.3137   16.3536
   -7.5000   45.0000  -15.0000 2535.4243   17.5857
    0.0000   45.0000  -15.0000 2567.8801   17.1687
    7.5000   45.0000  -15.0000 2564.8853   17.2061
   -7.5000   52.5000  -15.0000 2437.6467   18.6390
    0.0000   52.5000  -15.0000 2462.9170   18.2292
    7.5000   52.5000  -15.0000 2467.4995   18.2743
   -7.5000   60.0000  -15.0000 2292.0579   19.7456
    0.0000   60.0000  -15.0000 2314.6995   19.3707
    7.5000   60.0000  -15.0000 2315.5432   19.4285
   -7.5000  -30.0000   -7.5000 2282.3743   21.0188
    0.0000  -30.0000   -7.5000 2301.5330   20.5348
    7.5000  -30.0000   -7.5000 2294.1042   20.4850
   -7.5000  -22.5000   -7.5000 2389.8853   19.0715
    0.0000  -22.5000   -7.5000 2411.6960   18.6612
    7.5000  -22.5000   -7.5000 2402.7622   18.5830
   -7.5000  -15.0000   -7.5000 2481.4587   17.4708
    0.0000  -15.0000   -7.5000 2500.2625   17.1237
    7.5000  -15.0000   -7.5000 2492.2195   17.0631
   -7.5000   -7.5000   -7.5000 2564.9758   16.3580
    0.0000   -7.5000   -7.5000 2576.6414   15.9817
    7.5000   -7.5000   -7.5000 2572.8835   15.9089
   -7.5000    0.0000   -7.5000 2615.0581   15.6120
    0.0000    0.0000   -7.5000 2626.3491   15.2267
    7.5000    0.0000   -7.5000 2624.5017   15.1463
   -7.5000    7.5000   -7.5000 2650.0081   15.1146
    0.0000    7.5000   -7.5000 2654.6682   14.7028
    7.5000    7.5000   -7.5000 2657.1851   14.6520
   -7.5000   15.0000   -7.5000 2668.5137   14.8538
    0.0000   15.0000   -7.5000 2672.6982   14.4100
    7.5000   15.0000   -7.5000 2671.9551   14.4164
   -7.5000   22.5000   -7.5000 2686.2078   14.9016
    0.0000   22.5000   -7.5000 2693.5125   14.4555
    7.5000   22.5000   -7.5000 2686.8901   14.4780
   -7.5000   30.0000   -7.5000 2687.2673   15.2838
    0.0000   30.0000   -7.5000 2707.2258   14.8459
    7.5000   30.0000   -7.5000 2698.1340   14.8558
   -7.5000   37.5000   -7.5000 2667.2341   15.9063
    0.0000   37.5000   -7.5000 2695.9780   15.4660
    7.5000   37.5000   -7.5000 2682.5420   15.4630
   -7.5000   45.0000   -7.5000 2619.6841   16.7200
    0.0000   45.0000   -7.5000 2647.3650   16.2979
    7.5000   45.0000   -7.5000 2636.6807   16.2997
   -7.5000   52.5000   -7.5000 2516.9033   17.7030
    0.0000   52.5000   -7.5000 2535.4080   17.3091
    7.5000   52.5000   -7.5000 2533.2283   17.3210
   -7.5000   60.0000   -7.5000 2358.3298   18.7861
    0.0000   60.0000   -7.5000 2378.3252   18.4130
    7.5000   60.0000   -7.5000 2376.1873   18.4517
   -7.5000  -30.0000    0.0000 2292.3601   20.7137
    0.0000  -30.0000    0.0000 2313.7793   20.2206
    7.5000  -30.0000    0.0000 2301.2297   20.2026
   -7.5000  -22.5000    0.0000 2400.8928   18.6993
    0.0000  -22.5000    0.0000 2417.2075   18.2632
    7.5000  -22.5000    0.0000 2404.8025   18.2022
   -7.5000  -15.0000    0.0000 2501.8210   17.1448
    0.0000  -15.0000    0.0000 2510.7380   16.6978
    7.5000  -15.0000    0.0000 2498.7271   16.6721
   -7.5000   -7.5000    0.0000 2598.8621   15.9529
    0.0000   -7.5000    0.0000 2597.9116   15.5205
    7.5000   -7.5000    0.0000 2590.5564   15.4684
   -7.5000    0.0000    0.0000 2663.2119   15.2325
    0.0000    0.0000    0.0000 2662.0115   14.7919
    7.5000    0.0000    0.0000 2654.1177   14.7297
   -7.5000    7.5000    0.0000 2713.8708   14.7296
    0.0000    7.5000    0.0000 2705.0737   14.3097
    7.5000    7.5000    0.0000 2708.0503   14.2403
   -7.5000   15.0000    0.0000 2732.4790   14.3997
    0.0000   15.0000    0.0000 2723.8225   13.9259
    7.5000   15.0000    0.0000 2720.5908   13.9059
   -7.5000   22.5000    0.0000 2757.1614   14.3743
    0.0000   22.5000    0.0000 2750.9912   13.8715
    7.5000   22.5000    0.0000 2732.0144   13.9067
   -7.5000   30.0000    0.0000 2757.6240   14.7779
    0.0000   30.0000    0.0000 2764.6843   14.2939
    7.5000   30.0000    0.0000 2744.8254   14.2929
   -7.5000   37.5000    0.0000 2734.7358   15.3564
    0.0000   37.5000    0.0000 2752.5850   14.8839
    7.5000   37.5000    0.0000 2736.6106   14.8673
   -7.5000   45.0000    0.0000 2682.2122   16.1524
    0.0000   45.0000    0.0000 2698.9253   15.6844
    7.5000   45.0000    0.0000 2687.5349   15.6767
   -7.5000   52.5000    0.0000 2575.9707   17.1415
    0.0000   52.5000    0.0000 2588.0342   16.6881
    7.5000   52.5000    0.0000 2582.2312   16.6996
   -7.5000   60.0000    0.0000 2410.5034   18.2126
    0.0000   60.0000    0.0000 2427.1958   17.8088
    7.5000   60.0000    0.0000 2417.0830   17.8870
   -7.5000  -30.0000    7.5000 2310.1062   20.8547
    0.0000  -30.0000    7.5000 2317.1140   20.3047
    7.5000  -30.0000    7.5000 2315.6565   20.2971
   -7.5000  -22.5000    7.5000 2418.4519   18.7372
    0.0000  -22.5000    7.5000 2425.1938   18.2879
    7.5000  -22.5000    7.5000 2419.6870   18.2460
   -7.5000  -15.0000    7.5000 2518.9155   17.1036
    0.0000  -15.0000    7.5000 2524.4578   16.6890
    7.5000  -15.0000    7.5000 2514.8557   16.6279
   -7.5000   -7.5000    7.5000 2615.6553   15.8453
    0.0000   -7.5000    7.5000 2618.6697   15.4724
    7.5000   -7.5000    7.5000 2605.6780   15.3868
   -7.5000    0.0000    7.5000 2693.7651   15.0616
    0.0000    0.0000    7.5000 2697.6418   14.7388
    7.5000    0.0000    7.5000 2683.6228   14.6020
   -7.5000    7.5000    7.5000 2761.0259   14.6339
    0.0000    7.5000    7.5000 2759.9409   14.3956
    7.5000    7.5000    7.5000 2746.9297   14.1675
   -7.5000   15.0000    7.5000 2790.6892   14.4348
    0.0000   15.0000    7.5000 2801.6560   14.1354
    7.5000   15.0000    7.5000 2778.0642   13.9447
   -7.5000   22.5000    7.5000 2818.4189   14.2722
    0.0000   22.5000    7.5000 2821.1865   13.8628
    7.5000   22.5000    7.5000 2784.6807   13.7658
   -7.5000   30.0000    7.5000 2820.0811   14.5275
    0.0000   30.0000    7.5000 2832.3076   14.1471
    7.5000   30.0000    7.5000 2792.5833   14.0243
   -7.5000   37.5000    7.5000 2789.8015   15.0322
    0.0000   37.5000    7.5000 2815.7415   14.6813
    7.5000   37.5000    7.5000 2783.7039   14.5881
   -7.5000   45.0000    7.5000 2733.9368   15.8057
    0.0000   45.0000    7.5000 2765.9775   15.4434
    7.5000   45.0000    7.5000 2743.2600   15.3760
   -7.5000   52.5000    7.5000 2623.2227   16.7905
    0.0000   52.5000    7.5000 2656.2209   16.4758
    7.5000   52.5000    7.5000 2638.3000   16.4483
   -7.5000   60.0000    7.5000 2454.1748   17.9177
    0.0000   60.0000    7.5000 2484.0708   17.6212
    7.5000   60.0000    7.5000 2465.0549   17.6427
   -7.5000  -30.0000   15.0000 2284.1270   21.1452
    0.0000  -30.0000   15.0000 2292.9250   20.6055
    7.5000  -30.0000   15.0000 2285.3101   20.6055
   -7.5000  -22.5000   15.0000 2394.4663   18.9875
    0.0000  -22.5000   15.0000 2397.4785   18.4910
    7.5000  -22.5000   15.0000 2391.7285   18.5304
   -7.5000  -15.0000   15.0000 2498.5095   17.2582
    0.0000  -15.0000   15.0000 2496.3582   16.8217
    7.5000  -15.0000   15.0000 2497.1470   16.8429
   -7.5000   -7.5000   15.0000 2604.4197   16.0218
    0.0000   -7.5000   15.0000 2599.7815   15.6719
    7.5000   -7.5000   15.0000 2595.7842   15.5967
   -7.5000    0.0000   15.0000 2699.8887   15.2802
    0.0000    0.0000   15.0000 2699.7876   15.0338
    7.5000    0.0000   15.0000 2683.5713   14.8365
   -7.5000    7.5000   15.0000 2785.4712   14.9872
    0.0000    7.5000   15.0000 2796.6182   14.8821
    7.5000    7.5000   15.0000 2769.6475   14.5309
   -7.5000   15.0000   15.0000 2855.2012   14.8943
    0.0000   15.0000   15.0000 2905.4531   14.9796
    7.5000   15.0000   15.0000 2839.5591   14.4112
   -7.5000   22.5000   15.0000 2884.1445   14.6394
    0.0000   22.5000   15.0000 2948.5298   14.6333
    7.5000   22.5000   15.0000 2857.6204   14.1830
   -7.5000   30.0000   15.0000 2871.0037   14.5868
    0.0000   30.0000   15.0000 2925.9189   14.4586
    7.5000   30.0000   15.0000 2841.7087   14.1853
   -7.5000   37.5000   15.0000 2817.5671   14.9810
    0.0000   37.5000   15.0000 2862.9910   14.7973
    7.5000   37.5000   15.0000 2814.4058   14.6161
   -7.5000   45.0000   15.0000 2750.5469   15.6716
    0.0000   45.0000   15.0000 2790.9797   15.4238
    7.5000   45.0000   15.0000 2766.4414   15.3261
   -7.5000   52.5000   15.0000 2636.0139   16.6337
    0.0000   52.5000   15.0000 2674.4915   16.3724
    7.5000   52.5000   15.0000 2660.2712   16.3300
   -7.5000   60.0000   15.0000 2461.4683   17.7732
    0.0000   60.0000   15.0000 2496.4351   17.5019
    7.5000   60.0000   15.0000 2483.6292   17.5228
   -7.5000  -30.0000   22.5000 2279.2344   22.0391
    0.0000  -30.0000   22.5000 2270.3142   21.4424
    7.5000  -30.0000   22.5000 2263.3760   21.3918
   -7.5000  -22.5000   22.5000 2387.6265   19.6801
    0.0000  -22.5000   22.5000 2379.4822   19.1786
    7.5000  -22.5000   22.5000 2373.1658   19.1703
   -7.5000  -15.0000   22.5000 2489.3127   17.8562
    0.0000  -15.0000   22.5000 2487.4775   17.4650
    7.5000  -15.0000   22.5000 2472.9844   17.4214
   -7.5000   -7.5000   22.5000 2599.2756   16.6897
    0.0000   -7.5000   22.5000 2607.9880   16.4327
    7.5000   -7.5000   22.5000 2583.4209   16.2891
   -7.5000    0.0000   22.5000 2707.6489   15.9579
    0.0000    0.0000   22.5000 2735.3364   15.8218
    7.5000    0.0000   22.5000 2696.5923   15.5286
   -7.5000    7.5000   22.5000 2799.8667   15.6029
    0.0000    7.5000   22.5000 2847.8335   15.5912
    7.5000    7.5000   22.5000 2802.2124   15.1673
   -7.5000   15.0000   22.5000 2875.0935   15.2696
    0.0000   15.0000   22.5000 2950.5078   15.5166
    7.5000   15.0000   22.5000 2879.8809   14.9858
   -7.5000   22.5000   22.5000 2907.6201   14.9784
    0.0000   22.5000   22.5000 2987.2778   15.0444
    7.5000   22.5000   22.5000 2905.2273   14.7358
   -7.5000   30.0000   22.5000 2891.5139   14.9189
    0.0000   30.0000   22.5000 2958.7026   14.8488
    7.5000   30.0000   22.5000 2889.6187   14.6989
   -7.5000   37.5000   22.5000 2832.9824   15.2153
    0.0000   37.5000   22.5000 2878.8135   15.0753
    7.5000   37.5000   22.5000 2844.3318   14.9604
   -7.5000   45.0000   22.5000 2747.7432   15.8247
    0.0000   45.0000   22.5000 2778.7505   15.5576
    7.5000   45.0000   22.5000 2762.1689   15.5189
   -7.5000   52.5000   22.5000 2628.1274   16.7423
    0.0000   52.5000   22.5000 2650.7292   16.3984
    7.5000   52.5000   22.5000 2641.8738   16.3889
   -7.5000   60.0000   22.5000 2459.5779   17.9289
    0.0000   60.0000   22.5000 2480.7786   17.5176
    7.5000   60.0000   22.5000 2470.7837   17.5460
   -7.5000  -30.0000   30.0000 2249.3022   23.1906
    0.0000  -30.0000   30.0000 2251.9866   22.7957
    7.5000  -30.0000   30.0000 2222.1306   22.5490
   -7.5000  -22.5000   30.0000 2370.2756   20.8394
    0.0000  -22.5000   30.0000 2381.0757   20.5344
    7.5000  -22.5000   30.0000 2349.4165   20.3617
   -7.5000  -15.0000   30.0000 2495.3713   19.1114
    0.0000  -15.0000   30.0000 2512.4207   18.8750
    7.5000  -15.0000   30.0000 2472.4714   18.7177
   -7.5000   -7.5000   30.0000 2610.7510   17.8038
    0.0000   -7.5000   30.0000 2631.6343   17.6388
    7.5000   -7.5000   30.0000 2590.9602   17.4501
   -7.5000    0.0000   30.0000 2713.5066   16.8518
    0.0000    0.0000   30.0000 2732.3486   16.6998
    7.5000    0.0000   30.0000 2702.5693   16.4992
   -7.5000    7.5000   30.0000 2798.0452   16.2315
    0.0000    7.5000   30.0000 2820.6914   16.1477
    7.5000    7.5000   30.0000 2799.7563   15.8622
   -7.5000   15.0000   30.0000 2854.0051   15.7626
    0.0000   15.0000   30.0000 2885.2515   15.6379
    7.5000   15.0000   30.0000 2853.8889   15.4216
   -7.5000   22.5000   30.0000 2886.7393   15.4391
    0.0000   22.5000   30.0000 2919.4746   15.1185
    7.5000   22.5000   30.0000 2881.5093   15.0959
   -7.5000   30.0000   30.0000 2884.7075   15.4754
    0.0000   30.0000   30.0000 2922.4268   15.1905
    7.5000   30.0000   30.0000 2884.3652   15.1601
   -7.5000   37.5000   30.0000 2832.8936   15.8474
    0.0000   37.5000   30.0000 2868.2354   15.5938
    7.5000   37.5000   30.0000 2838.4663   15.5638
   -7.5000   45.0000   30.0000 2737.3042   16.5366
    0.0000   45.0000   30.0000 2772.8242   16.2971
    7.5000   45.0000   30.0000 2752.3979   16.2807
   -7.5000   52.5000   30.0000 2609.4407   17.4178
    0.0000   52.5000   30.0000 2637.7222   17.1277
    7.5000   52.5000   30.0000 2622.9666   17.1220
   -7.5000   60.0000   30.0000 2437.5239   18.4677
    0.0000   60.0000   30.0000 2457.6521   18.1010
    7.5000   60.0000   30.0000 2445.6042   18.1096
   -7.5000  -30.0000   37.5000 2230.2937   25.0560
    0.0000  -30.0000   37.5000 2243.3013   24.8116
    7.5000  -30.0000   37.5000 2209.5771   24.6577
   -7.5000  -22.5000   37.5000 2361.3599   22.4879
    0.0000  -22.5000   37.5000 2377.9458   22.2095
    7.5000  -22.5000   37.5000 2344.2703   22.1058
   -7.5000  -15.0000   37.5000 2476.2327   20.4020
    0.0000  -15.0000   37.5000 2489.6497   20.1203
    7.5000  -15.0000   37.5000 2454.7344   20.0237
   -7.5000   -7.5000   37.5000 2578.6353   18.7455
    0.0000   -7.5000   37.5000 2588.6963   18.5086
    7.5000   -7.5000   37.5000 2566.2612   18.4557
   -7.5000    0.0000   37.5000 2671.1372   17.5956
    0.0000    0.0000   37.5000 2682.3059   17.3340
    7.5000    0.0000   37.5000 2672.0315   17.2964
   -7.5000    7.5000   37.5000 2758.5986   16.7984
    0.0000    7.5000   37.5000 2768.2698   16.5307
    7.5000    7.5000   37.5000 2758.9001   16.4421
   -7.5000   15.0000   37.5000 2808.8259   16.2477
    0.0000   15.0000   37.5000 2826.3945   15.8713
    7.5000   15.0000   37.5000 2808.4568   15.8908
   -7.5000   22.5000   37.5000 2838.4644   15.9470
    0.0000   22.5000   37.5000 2865.2068   15.5869
    7.5000   22.5000   37.5000 2838.5918   15.6169
   -7.5000   30.0000   37.5000 2837.0657   16.0819
    0.0000   30.0000   37.5000 2870.4382   15.8020
    7.5000   30.0000   37.5000 2842.0688   15.7716
   -7.5000   37.5000   37.5000 2796.7019   16.5849
    0.0000   37.5000   37.5000 2824.7671   16.3098
    7.5000   37.5000   37.5000 2797.8206   16.2316
   -7.5000   45.0000   37.5000 2702.4634   17.3519
    0.0000   45.0000   37.5000 2729.7781   17.0306
    7.5000   45.0000   37.5000 2713.1865   16.9834
   -7.5000   52.5000   37.5000 2573.4363   18.2646
    0.0000   52.5000   37.5000 2600.9902   17.9796
    7.5000   52.5000   37.5000 2593.5913   17.9382
   -7.5000   60.0000   37.5000 2410.2131   19.3187
    0.0000   60.0000   37.5000 2435.6707   19.0248
    7.5000   60.0000   37.5000 2420.5020   18.9655
   -7.5000  -30.0000   45.0000 2176.6526   26.8658
    0.0000  -30.0000   45.0000 2186.2300   26.4256
    7.5000  -30.0000   45.0000 2169.8447   26.5847
   -7.5000  -22.5000   45.0000 2290.8052   23.8282
    0.0000  -22.5000   45.0000 2305.2595   23.3544
    7.5000  -22.5000   45.0000 2290.3704   23.5746
   -7.5000  -15.0000   45.0000 2408.2490   21.4744
    0.0000  -15.0000   45.0000 2417.5403   21.0507
    7.5000  -15.0000   45.0000 2403.8831   21.2279
   -7.5000   -7.5000   45.0000 2515.4666   19.6904
    0.0000   -7.5000   45.0000 2526.4641   19.3344
    7.5000   -7.5000   45.0000 2520.7446   19.4776
   -7.5000    0.0000   45.0000 2612.2776   18.3573
    0.0000    0.0000   45.0000 2622.3516   18.0610
    7.5000    0.0000   45.0000 2614.2336   18.1558
   -7.5000    7.5000   45.0000 2699.0566   17.5045
    0.0000    7.5000   45.0000 2705.6433   17.1004
    7.5000    7.5000   45.0000 2696.1797   17.1772
   -7.5000   15.0000   45.0000 2742.1816   16.9045
    0.0000   15.0000   45.0000 2761.5854   16.5061
    7.5000   15.0000   45.0000 2739.9661   16.6048
   -7.5000   22.5000   45.0000 2774.6025   16.6657
    0.0000   22.5000   45.0000 2792.7759   16.3336
    7.5000   22.5000   45.0000 2770.4351   16.4075
   -7.5000   30.0000   45.0000 2763.9553   16.8944
    0.0000   30.0000   45.0000 2791.6582   16.6098
    7.5000   30.0000   45.0000 2767.4443   16.5859
   -7.5000   37.5000   45.0000 2723.7883   17.4613
    0.0000   37.5000   45.0000 2752.5237   17.1888
    7.5000   37.5000   45.0000 2725.4226   17.1489
   -7.5000   45.0000   45.0000 2638.8647   18.3249
    0.0000   45.0000   45.0000 2664.3325   17.9829
    7.5000   45.0000   45.0000 2652.8364   17.9341
   -7.5000   52.5000   45.0000 2517.4182   19.2067
    0.0000   52.5000   45.0000 2541.6616   18.9084
    7.5000   52.5000   45.0000 2540.0901   18.8568
   -7.5000   60.0000   45.0000 2359.8101   20.1786
    0.0000   60.0000   45.0000 2378.8831   19.9104
    7.5000   60.0000   45.0000 2373.5227   19.9066
   -7.5000  -30.0000   52.5000 2107.1892   28.4668
    0.0000  -30.0000   52.5000 2113.6177   27.8624
    7.5000  -30.0000   52.5000 2102.9460   28.2722
   -7.5000  -22.5000   52.5000 2221.0417   25.2030
    0.0000  -22.5000   52.5000 2235.6714   24.6170
    7.5000  -22.5000   52.5000 2226.5713   25.0047
   -7.5000  -15.0000   52.5000 2344.3618   22.6400
    0.0000  -15.0000   52.5000 2359.2578   22.1291
    7.5000  -15.0000   52.5000 2349.1638   22.4669
   -7.5000   -7.5000   52.5000 2452.9729   20.7331
    0.0000   -7.5000   52.5000 2466.0227   20.3025
    7.5000   -7.5000   52.5000 2459.7590   20.6013
   -7.5000    0.0000   52.5000 2548.3760   19.3454
    0.0000    0.0000   52.5000 2558.3386   18.9473
    7.5000    0.0000   52.5000 2552.8210   19.1638
   -7.5000    7.5000   52.5000 2628.9441   18.4074
    0.0000    7.5000   52.5000 2641.6470   17.9862
    7.5000    7.5000   52.5000 2625.5063   18.1592
   -7.5000   15.0000   52.5000 2676.1423   17.8242
    0.0000   15.0000   52.5000 2691.8560   17.4355
    7.5000   15.0000   52.5000 2670.5979   17.5890
   -7.5000   22.5000   52.5000 2698.7825   17.6500
    0.0000   22.5000   52.5000 2711.0938   17.3163
    7.5000   22.5000   52.5000 2691.0803   17.4474
   -7.5000   30.0000   52.5000 2679.9209   17.9206
    0.0000   30.0000   52.5000 2697.7542   17.6216
    7.5000   30.0000   52.5000 2678.9902   17.6922
   -7.5000   37.5000   52.5000 2641.2913   18.5157
    0.0000   37.5000   52.5000 2663.4502   18.2106
    7.5000   37.5000   52.5000 2642.7646   18.2439
   -7.5000   45.0000   52.5000 2567.0225   19.3848
    0.0000   45.0000   52.5000 2587.5164   19.0484
    7.5000   45.0000   52.5000 2579.4741   19.1032
   -7.5000   52.5000   52.5000 2458.2866   20.1993
    0.0000   52.5000   52.5000 2475.5476   19.8879
    7.5000   52.5000   52.5000 2470.4319   19.9612
   -7.5000   60.0000   52.5000 2299.1294   21.1601
    0.0000   60.0000   52.5000 2319.5837   20.8895
    7.5000   60.0000   52.5000 2312.1519   20.9595
   -7.5000  -30.0000   60.0000 2022.7347   30.1909
    0.0000  -30.0000   60.0000 2029.5546   29.5837
    7.5000  -30.0000   60.0000 2017.5552   30.0707
   -7.5000  -22.5000   60.0000 2137.0425   26.6709
    0.0000  -22.5000   60.0000 2149.8689   26.0378
    7.5000  -22.5000   60.0000 2141.2754   26.5046
   -7.5000  -15.0000   60.0000 2257.2512   23.9445
    0.0000  -15.0000   60.0000 2272.6545   23.3390
    7.5000  -15.0000   60.0000 2260.9712   23.7604
   -7.5000   -7.5000   60.0000 2368.1597   21.9207
    0.0000   -7.5000   60.0000 2384.1689   21.4500
    7.5000   -7.5000   60.0000 2373.6680   21.7862
   -7.5000    0.0000   60.0000 2457.9832   20.4740
    0.0000    0.0000   60.0000 2469.7231   19.9936
    7.5000    0.0000   60.0000 2459.8484   20.3093
   -7.5000    7.5000   60.0000 2534.0559   19.5043
    0.0000    7.5000   60.0000 2547.4094   19.0571
    7.5000    7.5000   60.0000 2526.8872   19.3093
   -7.5000   15.0000   60.0000 2579.1953   18.9066
    0.0000   15.0000   60.0000 2590.7898   18.5235
    7.5000   15.0000   60.0000 2566.9192   18.6963
   -7.5000   22.5000   60.0000 2590.4487   18.8376
    0.0000   22.5000   60.0000 2600.9629   18.4646
    7.5000   22.5000   60.0000 2583.3079   18.6312
   -7.5000   30.0000   60.0000 2564.2803   19.0775
    0.0000   30.0000   60.0000 2579.3564   18.7876
    7.5000   30.0000   60.0000 2566.7000   18.8953
   -7.5000   37.5000   60.0000 2523.3679   19.6880
    0.0000   37.5000   60.0000 2543.4131   19.3990
    7.5000   37.5000   60.0000 2529.0879   19.5074
   -7.5000   45.0000   60.0000 2460.4429   20.4956
    0.0000   45.0000   60.0000 2485.0640   20.1606
    7.5000   45.0000   60.0000 2471.0425   20.3068
   -7.5000   52.5000   60.0000 2356.3308   21.3464
    0.0000   52.5000   60.0000 2375.7817   20.9783
    7.5000   52.5000   60.0000 2366.8860   21.1571
   -7.5000   60.0000   60.0000 2196.8032   22.2363
    0.0000   60.0000   60.0000 2218.5415   21.9555
    7.5000   60.0000   60.0000 2210.1067   22.0491

---------------------------------------------------------------------
imgreg_4dfp /opt/freesurfer/average/711-2C_as_mni_average_305 /opt/freesurfer/average/711-2B_as_mni_average_305_mask talsrcimg_g11 none talsrcimg_to_711-2C_as_mni_average_305_t4 1283
---------------------------------------------------------------------

freesurfer imgreg_4dfp.c
/opt/freesurfer/average/711-2C_as_mni_average_305.4dfp.img
       256       256       256         1
  1.000000  1.000000  1.000000
orientation T byte_order littleendian
Reading image: /opt/freesurfer/average/711-2C_as_mni_average_305.4dfp.img
dimensions:      256       256       256
mmppix:       1.0000   -1.0000   -1.0000
center:     128.0000 -129.0000 -129.0000
/opt/freesurfer/average/711-2B_as_mni_average_305_mask.4dfp.img
       256       256       256         1
  1.000000  1.000000  1.000000
orientation T byte_order littleendian
Reading mask: /opt/freesurfer/average/711-2B_as_mni_average_305_mask.4dfp.img (2306576 pixels)
talsrcimg_g11.4dfp.img
       256       256       256         1
  1.000000  1.000000  1.000000
orientation T byte_order littleendian
Reading image: talsrcimg_g11.4dfp.img
dimensions:      256       256       256
mmppix:       1.0000   -1.0000   -1.0000
center:     128.0000 -129.0000 -129.0000
rotation matrix determinant  1.000000
fimgreg.f
image alignment mode   1283 decimal      503 hex
parameters
    0.0000   22.5000   22.5000    0.0000    0.0000    0.0000
eta,q 0.93651 15.09731
niter,ni,del,rscale     5    3   12.0000    1.2000
parameter  3  0.912078 ->  0.500000 qaram    1.1500
parameters
    0.2338   22.4528   19.0500   -0.5500    1.3584   -2.8312
eta,q 0.94074 15.02984
  0.0804  0.0715  0.0610  0.0648  0.0726  0.0602
  0.0719  0.0683  0.0605  0.0628  0.0671  0.0594
  0.0673  0.0670  0.0623  0.0610  0.0635  0.0594
  0.0662  0.0660  0.0660  0.0614  0.0611  0.0600
  0.0672  0.0663  0.0710  0.0621  0.0599  0.0616
  0.0701  0.0691  0.0786  0.0633  0.0614  0.0645
  0.0784  0.0715  0.0845  0.0667  0.0659  0.0682
niter,ni,del,rscale     5    3   12.0000    1.2000
parameters
   -0.3832   22.4879   19.6982    0.3615    1.5221   -2.8168
eta,q 0.94036 15.06133
  0.0774  0.0692  0.0918  0.0651  0.0678  0.0636
  0.0673  0.0634  0.0700  0.0621  0.0637  0.0615
  0.0612  0.0608  0.0581  0.0607  0.0610  0.0601
  0.0593  0.0592  0.0592  0.0601  0.0596  0.0596
  0.0637  0.0598  0.0630  0.0592  0.0606  0.0604
  0.0739  0.0643  0.0682  0.0601  0.0633  0.0616
  0.0864  0.0686  0.0763  0.0629  0.0670  0.0634
niter,ni,del,rscale     4    3   12.0000    1.2000
parameters
   -0.5078   22.2820   19.9367    0.7242    1.6020   -2.6665
eta,q 0.94004 15.09900
  0.0796  0.0676  0.0880  0.0643  0.0676  0.0639
  0.0690  0.0636  0.0666  0.0616  0.0637  0.0620
  0.0629  0.0616  0.0581  0.0612  0.0612  0.0605
  0.0596  0.0597  0.0599  0.0602  0.0599  0.0599
  0.0617  0.0608  0.0639  0.0596  0.0608  0.0606
  0.0701  0.0653  0.0699  0.0608  0.0636  0.0618
  0.0820  0.0685  0.0786  0.0638  0.0672  0.0635
niter,ni,del,rscale     3    3   12.0000    1.2000
parameters
   -0.5649   22.1577   20.0228    0.9101    1.6605   -2.5805
eta,q 0.93985 15.11586
  0.0795  0.0678  0.0865  0.0639  0.0675  0.0640
  0.0691  0.0642  0.0656  0.0617  0.0637  0.0622
  0.0632  0.0621  0.0584  0.0614  0.0614  0.0606
  0.0600  0.0600  0.0601  0.0602  0.0601  0.0601
  0.0616  0.0607  0.0642  0.0597  0.0610  0.0608
  0.0694  0.0653  0.0705  0.0610  0.0636  0.0620
  0.0811  0.0685  0.0794  0.0641  0.0673  0.0637
niter,ni,del,rscale     2    3   12.0000    1.2000
parameters
   -0.6000   22.0763   20.0603    1.0610    1.6951   -2.5255
eta,q 0.93975 15.12633
  0.0796  0.0681  0.0860  0.0638  0.0675  0.0640
  0.0692  0.0644  0.0653  0.0618  0.0638  0.0622
  0.0634  0.0624  0.0585  0.0615  0.0615  0.0607
  0.0601  0.0602  0.0602  0.0603  0.0602  0.0602
  0.0616  0.0607  0.0643  0.0598  0.0610  0.0608
  0.0693  0.0654  0.0708  0.0611  0.0637  0.0620
  0.0808  0.0686  0.0796  0.0642  0.0674  0.0639
niter,ni,del,rscale     1    3   12.0000    1.2000
parameters
   -0.6197   21.9964   20.0892    1.1906    1.7124   -2.4760
eta,q 0.93969 15.13649
  0.0797  0.0682  0.0858  0.0637  0.0674  0.0640
  0.0693  0.0645  0.0654  0.0619  0.0638  0.0623
  0.0635  0.0625  0.0587  0.0616  0.0616  0.0608
  0.0602  0.0603  0.0603  0.0604  0.0603  0.0603
  0.0617  0.0607  0.0643  0.0599  0.0611  0.0609
  0.0692  0.0654  0.0708  0.0612  0.0638  0.0621
  0.0807  0.0688  0.0797  0.0643  0.0675  0.0639
registration optimization eta report
parameter search radius
    6.0000    6.0000    6.9000    6.0000    6.0000    6.0000
100000*second partial in parameter space
       55.       22.       49.       10.       19.       10.
  0.0797  0.0682  0.0858  0.0637  0.0674  0.0640
  0.0693  0.0645  0.0654  0.0619  0.0638  0.0623
  0.0635  0.0625  0.0587  0.0616  0.0616  0.0608
  0.0602  0.0603  0.0603  0.0604  0.0603  0.0603
  0.0617  0.0607  0.0643  0.0599  0.0611  0.0609
  0.0692  0.0654  0.0708  0.0612  0.0638  0.0621
  0.0807  0.0688  0.0797  0.0643  0.0675  0.0639
   -0.6197   21.9964   20.0892    1.1906    1.7124   -2.4760
eta,q 0.93969 15.13649

---------------------------------------------------------------------
imgreg_4dfp /opt/freesurfer/average/711-2C_as_mni_average_305 /opt/freesurfer/average/711-2B_as_mni_average_305_mask talsrcimg_g11 none talsrcimg_to_711-2C_as_mni_average_305_t4 3335
---------------------------------------------------------------------

freesurfer imgreg_4dfp.c
/opt/freesurfer/average/711-2C_as_mni_average_305.4dfp.img
       256       256       256         1
  1.000000  1.000000  1.000000
orientation T byte_order littleendian
Reading image: /opt/freesurfer/average/711-2C_as_mni_average_305.4dfp.img
dimensions:      256       256       256
mmppix:       1.0000   -1.0000   -1.0000
center:     128.0000 -129.0000 -129.0000
/opt/freesurfer/average/711-2B_as_mni_average_305_mask.4dfp.img
       256       256       256         1
  1.000000  1.000000  1.000000
orientation T byte_order littleendian
Reading mask: /opt/freesurfer/average/711-2B_as_mni_average_305_mask.4dfp.img (2306576 pixels)
talsrcimg_g11.4dfp.img
       256       256       256         1
  1.000000  1.000000  1.000000
orientation T byte_order littleendian
Reading image: talsrcimg_g11.4dfp.img
dimensions:      256       256       256
mmppix:       1.0000   -1.0000   -1.0000
center:     128.0000 -129.0000 -129.0000
fimgreg.f
image alignment mode   3335 decimal      D07 hex
parameters
   -0.6197   21.9964   20.0892   -0.1380   -0.1122   -0.0662
    4.2571   -3.0746   -4.3181   -1.9468    2.9883    2.0769
eta,q 0.94078 15.09929
niter,ni,del,rscale     5    3    5.0000    1.2000
parameter  4  0.624237 ->  0.500000 qaram    1.1500
parameter  5  2.426451 ->  0.500000 qaram    1.1500
parameter  6  0.646302 ->  0.500000 qaram    1.1500
parameter 11  0.563838 ->  0.500000 qaram    1.1500
parameters
   -0.2818   20.9103   19.9326   -4.2780   -4.2522   -4.2062
    5.5042   -2.1658   -4.0132   -0.7724   -1.1517   -0.6758
eta,q 0.95455 15.03938
  0.0643  0.0594  0.0620  0.0566  0.0481  0.0473  0.0500  0.0504  0.0477  0.0505  0.0457  0.0461
  0.0618  0.0588  0.0598  0.0568  0.0495  0.0465  0.0483  0.0484  0.0469  0.0485  0.0457  0.0456
  0.0601  0.0587  0.0588  0.0573  0.0525  0.0466  0.0470  0.0470  0.0463  0.0469  0.0457  0.0455
  0.0592  0.0591  0.0587  0.0586  0.0569  0.0501  0.0463  0.0462  0.0461  0.0461  0.0459  0.0457
  0.0593  0.0599  0.0593  0.0613  0.0620  0.0564  0.0463  0.0461  0.0462  0.0460  0.0463  0.0464
  0.0602  0.0608  0.0607  0.0661  0.0666  0.0670  0.0469  0.0468  0.0467  0.0468  0.0469  0.0478
  0.0621  0.0619  0.0627  0.0729  0.0707  0.0756  0.0482  0.0490  0.0475  0.0485  0.0479  0.0498
niter,ni,del,rscale     7    3    5.0000    1.2000
parameter  2 -1.180359 -> -0.500000 qaram    1.1500
parameter  3  0.710266 ->  0.500000 qaram    1.1500
parameter  5  0.702386 ->  0.500000 qaram    1.3225
parameter 10 -0.801859 -> -0.500000 qaram    1.1500
parameters
   -0.4440   22.2903   18.5526   -3.2072   -9.0132   -6.5286
    5.9834   -1.4136   -4.2799    3.3676    2.7374   -2.4199
eta,q 0.96057 14.79491
  0.0475  0.0525  0.0424  0.0444  0.0402  0.0424  0.0437  0.0442  0.0419  0.0450  0.0401  0.0399
  0.0463  0.0498  0.0421  0.0434  0.0397  0.0417  0.0424  0.0423  0.0413  0.0432  0.0399  0.0396
  0.0456  0.0474  0.0424  0.0427  0.0400  0.0410  0.0414  0.0413  0.0409  0.0419  0.0398  0.0394
  0.0455  0.0454  0.0432  0.0422  0.0420  0.0396  0.0408  0.0408  0.0408  0.0408  0.0396  0.0395
  0.0458  0.0440  0.0445  0.0418  0.0459  0.0409  0.0410  0.0409  0.0409  0.0399  0.0395  0.0396
  0.0467  0.0430  0.0461  0.0420  0.0510  0.0459  0.0419  0.0415  0.0414  0.0396  0.0395  0.0400
  0.0480  0.0426  0.0481  0.0440  0.0556  0.0566  0.0432  0.0430  0.0421  0.0398  0.0397  0.0408
niter,ni,del,rscale     7    3    5.0000    1.2000
parameter  2 -2.000704 -> -0.500000 qaram    1.3225
parameter 12  1.329942 ->  0.500000 qaram    1.1500
parameters
   -0.3658   23.8773   17.3484   -1.6590  -12.5102   -8.0512
    6.0004   -1.5952   -4.2823    5.4182    1.6192   -6.5599
eta,q 0.96547 14.58032
  0.0421  0.0500  0.0352  0.0375  0.0357  0.0381  0.0376  0.0389  0.0366  0.0397  0.0353  0.0344
  0.0407  0.0464  0.0346  0.0364  0.0349  0.0369  0.0363  0.0372  0.0358  0.0375  0.0352  0.0345
  0.0398  0.0428  0.0346  0.0354  0.0342  0.0358  0.0355  0.0359  0.0354  0.0360  0.0351  0.0347
  0.0394  0.0394  0.0349  0.0345  0.0341  0.0342  0.0352  0.0352  0.0352  0.0352  0.0350  0.0350
  0.0397  0.0365  0.0356  0.0340  0.0363  0.0346  0.0354  0.0354  0.0353  0.0349  0.0349  0.0354
  0.0404  0.0344  0.0366  0.0343  0.0408  0.0383  0.0363  0.0368  0.0358  0.0354  0.0351  0.0358
  0.0418  0.0332  0.0380  0.0364  0.0468  0.0472  0.0376  0.0400  0.0367  0.0368  0.0360  0.0363
niter,ni,del,rscale     7    3    5.0000    1.2000
parameter  2 -1.303398 -> -0.500000 qaram    1.5209
parameter 12  0.698781 ->  0.500000 qaram    1.3225
parameters
   -0.3046   25.7024   17.2743   -1.0723  -14.7410   -7.2688
    5.7340   -1.6087   -4.7159    6.6054    0.7551  -11.3209
eta,q 0.97049 14.51224
  0.0375  0.0462  0.0315  0.0330  0.0331  0.0350  0.0325  0.0346  0.0319  0.0349  0.0305  0.0297
  0.0359  0.0420  0.0307  0.0319  0.0317  0.0333  0.0311  0.0322  0.0308  0.0324  0.0303  0.0295
  0.0349  0.0381  0.0304  0.0311  0.0307  0.0319  0.0302  0.0307  0.0301  0.0307  0.0301  0.0296
  0.0345  0.0345  0.0303  0.0303  0.0302  0.0305  0.0299  0.0299  0.0299  0.0299  0.0299  0.0300
  0.0348  0.0317  0.0305  0.0299  0.0313  0.0288  0.0303  0.0302  0.0303  0.0302  0.0299  0.0305
  0.0357  0.0300  0.0309  0.0306  0.0347  0.0302  0.0314  0.0317  0.0311  0.0311  0.0303  0.0312
  0.0372  0.0295  0.0316  0.0331  0.0403  0.0351  0.0329  0.0351  0.0324  0.0326  0.0312  0.0319
niter,ni,del,rscale     7    3    5.0000    1.2000
parameters
   -0.2334   27.3268   17.0569   -1.6337  -16.3528   -7.5182
    5.5358   -1.4989   -5.0805    8.3664    0.6102  -12.1685
eta,q 0.97149 14.36744
  0.0331  0.0411  0.0294  0.0308  0.0322  0.0331  0.0314  0.0332  0.0307  0.0341  0.0293  0.0299
  0.0312  0.0363  0.0284  0.0296  0.0304  0.0313  0.0299  0.0306  0.0295  0.0311  0.0289  0.0290
  0.0300  0.0323  0.0280  0.0287  0.0290  0.0299  0.0289  0.0292  0.0288  0.0294  0.0287  0.0286
  0.0295  0.0295  0.0280  0.0280  0.0281  0.0284  0.0286  0.0286  0.0286  0.0286  0.0285  0.0285
  0.0298  0.0281  0.0283  0.0279  0.0288  0.0270  0.0290  0.0289  0.0289  0.0287  0.0285  0.0288
  0.0309  0.0284  0.0288  0.0293  0.0324  0.0292  0.0301  0.0302  0.0298  0.0294  0.0288  0.0295
  0.0327  0.0305  0.0298  0.0329  0.0385  0.0367  0.0317  0.0331  0.0312  0.0305  0.0295  0.0303
niter,ni,del,rscale     6    3    5.0000    1.2000
parameters
   -0.1694   27.8312   16.5713   -1.3960  -17.1002   -8.0446
    5.5937   -1.4271   -5.2698    9.7458    1.0446  -12.0848
eta,q 0.97119 14.31424
  0.0318  0.0360  0.0294  0.0310  0.0325  0.0329  0.0316  0.0331  0.0308  0.0329  0.0297  0.0304
  0.0300  0.0324  0.0286  0.0299  0.0307  0.0312  0.0301  0.0306  0.0296  0.0306  0.0293  0.0295
  0.0289  0.0298  0.0283  0.0291  0.0293  0.0299  0.0292  0.0294  0.0289  0.0293  0.0290  0.0289
  0.0285  0.0285  0.0284  0.0283  0.0282  0.0284  0.0288  0.0288  0.0288  0.0288  0.0288  0.0288
  0.0288  0.0286  0.0287  0.0279  0.0282  0.0273  0.0291  0.0291  0.0291  0.0290  0.0288  0.0290
  0.0298  0.0301  0.0294  0.0287  0.0306  0.0296  0.0300  0.0304  0.0298  0.0297  0.0290  0.0295
  0.0314  0.0329  0.0303  0.0317  0.0358  0.0376  0.0315  0.0331  0.0310  0.0306  0.0297  0.0302
niter,ni,del,rscale     5    3    5.0000    1.2000
parameters
   -0.1503   28.3108   16.1160   -1.5063  -17.9307   -8.7626
    5.6431   -1.4095   -5.4639   11.1962    1.0256  -11.6329
eta,q 0.97080 14.21340
  0.0318  0.0356  0.0297  0.0310  0.0322  0.0326  0.0317  0.0330  0.0310  0.0325  0.0299  0.0308
  0.0302  0.0322  0.0289  0.0300  0.0307  0.0311  0.0303  0.0309  0.0299  0.0308  0.0296  0.0300
  0.0291  0.0299  0.0286  0.0293  0.0294  0.0301  0.0295  0.0298  0.0293  0.0297  0.0293  0.0294
  0.0288  0.0288  0.0287  0.0286  0.0286  0.0288  0.0292  0.0292  0.0292  0.0292  0.0292  0.0292
  0.0291  0.0289  0.0290  0.0283  0.0286  0.0279  0.0295  0.0295  0.0295  0.0293  0.0292  0.0293
  0.0301  0.0302  0.0296  0.0291  0.0307  0.0302  0.0303  0.0306  0.0302  0.0298  0.0294  0.0298
  0.0317  0.0328  0.0305  0.0322  0.0354  0.0376  0.0316  0.0332  0.0311  0.0307  0.0301  0.0305
niter,ni,del,rscale     4    3    5.0000    1.2000
parameters
   -0.1508   28.9087   15.3881   -1.7420  -19.1507   -9.9225
    5.5604   -1.2974   -5.1941   13.0765    0.0502  -11.2253
eta,q 0.97059 14.03809
  0.0320  0.0358  0.0297  0.0309  0.0318  0.0320  0.0316  0.0329  0.0316  0.0330  0.0300  0.0310
  0.0304  0.0327  0.0290  0.0301  0.0304  0.0308  0.0304  0.0311  0.0305  0.0315  0.0296  0.0302
  0.0295  0.0304  0.0288  0.0294  0.0294  0.0300  0.0297  0.0300  0.0298  0.0303  0.0294  0.0296
  0.0292  0.0292  0.0290  0.0288  0.0289  0.0290  0.0295  0.0295  0.0295  0.0295  0.0294  0.0294
  0.0295  0.0291  0.0294  0.0286  0.0290  0.0286  0.0298  0.0298  0.0297  0.0294  0.0295  0.0296
  0.0304  0.0303  0.0300  0.0293  0.0310  0.0309  0.0305  0.0307  0.0303  0.0299  0.0298  0.0300
  0.0319  0.0327  0.0309  0.0322  0.0356  0.0378  0.0316  0.0329  0.0313  0.0309  0.0304  0.0307
niter,ni,del,rscale     3    3    5.0000    1.2000
parameters
   -0.1369   29.6164   14.5264   -2.1140  -20.2924  -11.2781
    5.3317   -1.1020   -4.7408   14.6348   -0.4538  -11.6815
eta,q 0.97054 13.84935
  0.0320  0.0366  0.0297  0.0308  0.0318  0.0316  0.0314  0.0328  0.0319  0.0335  0.0302  0.0308
  0.0306  0.0333  0.0291  0.0299  0.0304  0.0305  0.0303  0.0310  0.0306  0.0317  0.0298  0.0300
  0.0297  0.0308  0.0290  0.0294  0.0294  0.0299  0.0297  0.0300  0.0298  0.0302  0.0295  0.0295
  0.0294  0.0294  0.0292  0.0290  0.0290  0.0291  0.0295  0.0295  0.0295  0.0295  0.0295  0.0295
  0.0297  0.0293  0.0296  0.0288  0.0291  0.0289  0.0298  0.0298  0.0297  0.0296  0.0296  0.0297
  0.0306  0.0304  0.0302  0.0294  0.0308  0.0309  0.0305  0.0307  0.0303  0.0303  0.0299  0.0303
  0.0319  0.0327  0.0310  0.0320  0.0351  0.0371  0.0316  0.0326  0.0314  0.0313  0.0304  0.0310
niter,ni,del,rscale     2    3    5.0000    1.2000
parameters
   -0.0692   30.1345   14.0622   -2.3489  -20.9320  -12.0720
    5.1338   -0.9604   -4.7040   15.5934   -0.5234  -12.1266
eta,q 0.97037 13.75393
  0.0321  0.0364  0.0303  0.0309  0.0323  0.0318  0.0315  0.0328  0.0317  0.0333  0.0304  0.0310
  0.0307  0.0329  0.0296  0.0301  0.0309  0.0307  0.0304  0.0310  0.0306  0.0314  0.0300  0.0302
  0.0298  0.0306  0.0293  0.0296  0.0298  0.0300  0.0298  0.0301  0.0299  0.0301  0.0297  0.0297
  0.0295  0.0295  0.0294  0.0293  0.0293  0.0294  0.0296  0.0296  0.0296  0.0296  0.0297  0.0296
  0.0297  0.0297  0.0297  0.0292  0.0293  0.0288  0.0299  0.0299  0.0299  0.0299  0.0297  0.0299
  0.0305  0.0310  0.0303  0.0297  0.0306  0.0305  0.0306  0.0308  0.0306  0.0306  0.0300  0.0304
  0.0318  0.0333  0.0310  0.0317  0.0344  0.0348  0.0316  0.0326  0.0317  0.0318  0.0305  0.0312
niter,ni,del,rscale     1    3    5.0000    1.2000
parameters
   -0.0175   30.4410   13.8025   -2.4439  -21.2940  -12.4832
    5.0408   -0.8773   -4.7645   16.2007   -0.4922  -12.3674
eta,q 0.97022 13.71159
  0.0322  0.0358  0.0307  0.0312  0.0326  0.0320  0.0316  0.0328  0.0318  0.0331  0.0306  0.0312
  0.0308  0.0325  0.0300  0.0303  0.0312  0.0308  0.0306  0.0311  0.0306  0.0313  0.0302  0.0304
  0.0299  0.0304  0.0297  0.0299  0.0302  0.0302  0.0300  0.0302  0.0300  0.0302  0.0299  0.0299
  0.0296  0.0296  0.0296  0.0296  0.0296  0.0297  0.0298  0.0298  0.0298  0.0298  0.0298  0.0298
  0.0299  0.0301  0.0299  0.0295  0.0296  0.0290  0.0300  0.0301  0.0300  0.0301  0.0299  0.0300
  0.0307  0.0315  0.0304  0.0299  0.0306  0.0303  0.0307  0.0310  0.0307  0.0309  0.0301  0.0305
  0.0320  0.0338  0.0311  0.0317  0.0341  0.0338  0.0317  0.0327  0.0318  0.0321  0.0306  0.0313
registration optimization eta report
parameter search radius
    2.4000    3.6501    2.7600    8.2800    9.5220    8.2800
    7.2000    7.2000    7.2000    8.2800    8.2800    9.5220
100000*second partial in parameter space
       43.       39.       16.        3.        4.        5.
        4.        6.        4.        4.        1.        2.
  0.0322  0.0358  0.0307  0.0312  0.0326  0.0320  0.0316  0.0328  0.0318  0.0331  0.0306  0.0312
  0.0308  0.0325  0.0300  0.0303  0.0312  0.0308  0.0306  0.0311  0.0306  0.0313  0.0302  0.0304
  0.0299  0.0304  0.0297  0.0299  0.0302  0.0302  0.0300  0.0302  0.0300  0.0302  0.0299  0.0299
  0.0296  0.0296  0.0296  0.0296  0.0296  0.0297  0.0298  0.0298  0.0298  0.0298  0.0298  0.0298
  0.0299  0.0301  0.0299  0.0295  0.0296  0.0290  0.0300  0.0301  0.0300  0.0301  0.0299  0.0300
  0.0307  0.0315  0.0304  0.0299  0.0306  0.0303  0.0307  0.0310  0.0307  0.0309  0.0301  0.0305
  0.0320  0.0338  0.0311  0.0317  0.0341  0.0338  0.0317  0.0327  0.0318  0.0321  0.0306  0.0313
   -0.0175   30.4410   13.8025   -2.4439  -21.2940  -12.4832
    5.0408   -0.8773   -4.7645   16.2007   -0.4922  -12.3674
eta,q 0.97022 13.71159

---------------------------------------------------------------------
imgreg_4dfp /opt/freesurfer/average/711-2C_as_mni_average_305 /opt/freesurfer/average/711-2B_as_mni_average_305_mask talsrcimg_g11 none talsrcimg_to_711-2C_as_mni_average_305_t4 2311
---------------------------------------------------------------------

freesurfer imgreg_4dfp.c
/opt/freesurfer/average/711-2C_as_mni_average_305.4dfp.img
       256       256       256         1
  1.000000  1.000000  1.000000
orientation T byte_order littleendian
Reading image: /opt/freesurfer/average/711-2C_as_mni_average_305.4dfp.img
dimensions:      256       256       256
mmppix:       1.0000   -1.0000   -1.0000
center:     128.0000 -129.0000 -129.0000
/opt/freesurfer/average/711-2B_as_mni_average_305_mask.4dfp.img
       256       256       256         1
  1.000000  1.000000  1.000000
orientation T byte_order littleendian
Reading mask: /opt/freesurfer/average/711-2B_as_mni_average_305_mask.4dfp.img (2306576 pixels)
talsrcimg_g11.4dfp.img
       256       256       256         1
  1.000000  1.000000  1.000000
orientation T byte_order littleendian
Reading image: talsrcimg_g11.4dfp.img
dimensions:      256       256       256
mmppix:       1.0000   -1.0000   -1.0000
center:     128.0000 -129.0000 -129.0000
fimgreg.f
image alignment mode   2311 decimal      907 hex
parameters
   -0.0175   30.4410   13.8025   -2.4439  -21.2940  -12.4832
    5.0408   -0.8773   -4.7645   16.2007   -0.4922  -12.3674
eta,q 0.97022 13.71159
niter,ni,del,rscale     5    3    5.0000    0.8000
parameter  6 -0.797316 -> -0.500000 qaram    1.1500
parameters
   -0.0149   30.4643   13.6311   -0.5852  -19.3735   -9.7232
    5.0106   -1.1524   -4.7242   16.1344   -0.6141  -12.8924
eta,q 0.97134 14.15168
  0.0309  0.0308  0.0301  0.0303  0.0308  0.0306  0.0298  0.0306  0.0297  0.0298  0.0291  0.0290
  0.0303  0.0302  0.0299  0.0300  0.0303  0.0303  0.0292  0.0295  0.0291  0.0291  0.0289  0.0288
  0.0299  0.0299  0.0298  0.0299  0.0299  0.0300  0.0288  0.0288  0.0288  0.0287  0.0287  0.0287
  0.0298  0.0298  0.0298  0.0298  0.0297  0.0296  0.0287  0.0287  0.0287  0.0287  0.0287  0.0287
  0.0299  0.0299  0.0299  0.0297  0.0296  0.0290  0.0288  0.0290  0.0288  0.0288  0.0287  0.0287
  0.0303  0.0302  0.0300  0.0297  0.0296  0.0287  0.0292  0.0298  0.0291  0.0292  0.0289  0.0289
  0.0309  0.0307  0.0303  0.0298  0.0298  0.0294  0.0298  0.0311  0.0297  0.0299  0.0292  0.0291
niter,ni,del,rscale     5    3    5.0000    0.8000
parameters
    0.0240   30.3666   14.2769   -0.7082  -19.5188  -10.1571
    4.9618   -0.7880   -4.6586   16.1329   -0.1110  -12.3746
eta,q 0.97127 14.11294
  0.0300  0.0296  0.0301  0.0293  0.0294  0.0303  0.0298  0.0307  0.0298  0.0298  0.0292  0.0292
  0.0293  0.0290  0.0294  0.0290  0.0290  0.0299  0.0292  0.0297  0.0292  0.0292  0.0290  0.0290
  0.0288  0.0287  0.0289  0.0288  0.0287  0.0293  0.0289  0.0290  0.0288  0.0288  0.0288  0.0288
  0.0287  0.0287  0.0287  0.0286  0.0286  0.0286  0.0288  0.0288  0.0287  0.0287  0.0287  0.0287
  0.0288  0.0288  0.0286  0.0285  0.0285  0.0284  0.0289  0.0289  0.0289  0.0289  0.0288  0.0288
  0.0292  0.0292  0.0286  0.0288  0.0288  0.0297  0.0292  0.0293  0.0292  0.0292  0.0288  0.0289
  0.0299  0.0299  0.0288  0.0297  0.0298  0.0321  0.0299  0.0302  0.0297  0.0298  0.0290  0.0291
niter,ni,del,rscale     4    3    5.0000    0.7000
parameters
    0.0850   30.2941   14.1473   -0.1045  -19.3063  -10.1458
    4.9144   -0.8025   -4.7668   16.1024   -0.0819  -12.2535
eta,q 0.97136 14.16639
  0.0297  0.0295  0.0291  0.0293  0.0293  0.0302  0.0295  0.0301  0.0294  0.0294  0.0290  0.0290
  0.0292  0.0290  0.0289  0.0291  0.0290  0.0299  0.0290  0.0293  0.0290  0.0290  0.0288  0.0288
  0.0289  0.0288  0.0287  0.0289  0.0288  0.0293  0.0288  0.0288  0.0287  0.0287  0.0287  0.0287
  0.0287  0.0287  0.0287  0.0287  0.0287  0.0286  0.0286  0.0286  0.0286  0.0286  0.0286  0.0286
  0.0288  0.0288  0.0288  0.0286  0.0286  0.0284  0.0287  0.0288  0.0288  0.0287  0.0287  0.0287
  0.0291  0.0291  0.0290  0.0287  0.0288  0.0292  0.0290  0.0293  0.0290  0.0290  0.0288  0.0288
  0.0296  0.0296  0.0293  0.0292  0.0294  0.0310  0.0295  0.0301  0.0295  0.0294  0.0290  0.0289
niter,ni,del,rscale     3    3    5.0000    0.6000
parameters
    0.1247   30.2732   14.1878    0.1004  -19.1502   -9.7314
    4.8844   -0.8408   -4.7929   16.0287   -0.1747  -12.1768
eta,q 0.97154 14.21159
  0.0294  0.0292  0.0290  0.0291  0.0291  0.0301  0.0291  0.0296  0.0291  0.0291  0.0287  0.0287
  0.0290  0.0289  0.0288  0.0290  0.0289  0.0297  0.0288  0.0290  0.0287  0.0287  0.0286  0.0286
  0.0287  0.0287  0.0287  0.0288  0.0287  0.0292  0.0286  0.0286  0.0285  0.0285  0.0285  0.0285
  0.0286  0.0286  0.0286  0.0286  0.0286  0.0286  0.0285  0.0285  0.0285  0.0285  0.0285  0.0285
  0.0287  0.0287  0.0287  0.0286  0.0286  0.0283  0.0285  0.0286  0.0285  0.0285  0.0285  0.0285
  0.0289  0.0289  0.0288  0.0287  0.0287  0.0288  0.0288  0.0290  0.0287  0.0287  0.0286  0.0286
  0.0293  0.0293  0.0290  0.0292  0.0291  0.0301  0.0292  0.0297  0.0291  0.0291  0.0287  0.0287
niter,ni,del,rscale     2    3    5.0000    0.5000
parameters
    0.1497   30.2365   14.3874    0.4404  -18.9775   -9.1390
    4.8094   -0.8757   -4.7981   15.8713   -0.2579  -12.0686
eta,q 0.97178 14.27256
  0.0290  0.0289  0.0289  0.0289  0.0288  0.0298  0.0287  0.0292  0.0287  0.0287  0.0284  0.0284
  0.0287  0.0286  0.0287  0.0287  0.0286  0.0295  0.0284  0.0286  0.0284  0.0284  0.0283  0.0283
  0.0285  0.0285  0.0285  0.0286  0.0285  0.0289  0.0283  0.0283  0.0283  0.0283  0.0282  0.0283
  0.0285  0.0285  0.0285  0.0284  0.0284  0.0284  0.0282  0.0282  0.0282  0.0282  0.0282  0.0282
  0.0285  0.0285  0.0285  0.0284  0.0284  0.0281  0.0283  0.0283  0.0283  0.0283  0.0282  0.0282
  0.0287  0.0287  0.0285  0.0285  0.0285  0.0285  0.0285  0.0287  0.0284  0.0285  0.0283  0.0283
  0.0290  0.0289  0.0286  0.0288  0.0288  0.0294  0.0288  0.0292  0.0287  0.0287  0.0285  0.0284
niter,ni,del,rscale     1    3    5.0000    0.4000
parameters
    0.1830   30.1653   14.7463    0.7541  -18.8479   -8.4326
    4.7493   -0.8851   -4.7883   15.5550   -0.2737  -12.0281
eta,q 0.97206 14.33047
  0.0286  0.0285  0.0286  0.0285  0.0284  0.0295  0.0283  0.0287  0.0283  0.0282  0.0281  0.0281
  0.0284  0.0283  0.0284  0.0284  0.0283  0.0291  0.0281  0.0283  0.0281  0.0280  0.0280  0.0280
  0.0283  0.0282  0.0283  0.0283  0.0282  0.0286  0.0280  0.0280  0.0280  0.0280  0.0280  0.0280
  0.0282  0.0282  0.0282  0.0282  0.0282  0.0282  0.0279  0.0279  0.0279  0.0279  0.0279  0.0279
  0.0283  0.0283  0.0282  0.0281  0.0281  0.0279  0.0280  0.0280  0.0280  0.0280  0.0280  0.0280
  0.0284  0.0284  0.0282  0.0282  0.0282  0.0281  0.0281  0.0283  0.0281  0.0282  0.0280  0.0280
  0.0286  0.0286  0.0282  0.0284  0.0284  0.0288  0.0283  0.0287  0.0283  0.0284  0.0281  0.0281
registration optimization eta report
parameter search radius
    0.8000    0.8000    0.8000    2.4000    2.4000    2.7600
    2.4000    2.4000    2.4000    2.4000    2.4000    2.4000
100000*second partial in parameter space
       56.       47.       34.        5.        5.       13.
        6.       12.        6.        6.        3.        2.
  0.0286  0.0285  0.0286  0.0285  0.0284  0.0295  0.0283  0.0287  0.0283  0.0282  0.0281  0.0281
  0.0284  0.0283  0.0284  0.0284  0.0283  0.0291  0.0281  0.0283  0.0281  0.0280  0.0280  0.0280
  0.0283  0.0282  0.0283  0.0283  0.0282  0.0286  0.0280  0.0280  0.0280  0.0280  0.0280  0.0280
  0.0282  0.0282  0.0282  0.0282  0.0282  0.0282  0.0279  0.0279  0.0279  0.0279  0.0279  0.0279
  0.0283  0.0283  0.0282  0.0281  0.0281  0.0279  0.0280  0.0280  0.0280  0.0280  0.0280  0.0280
  0.0284  0.0284  0.0282  0.0282  0.0282  0.0281  0.0281  0.0283  0.0281  0.0282  0.0280  0.0280
  0.0286  0.0286  0.0282  0.0284  0.0284  0.0288  0.0283  0.0287  0.0283  0.0284  0.0281  0.0281
    0.1830   30.1653   14.7463    0.7541  -18.8479   -8.4326
    4.7493   -0.8851   -4.7883   15.5550   -0.2737  -12.0281
eta,q 0.97206 14.33047

---------------------------------------------------------------------
imgreg_4dfp /opt/freesurfer/average/711-2C_as_mni_average_305 /opt/freesurfer/average/711-2B_as_mni_average_305_mask talsrcimg_g11 none talsrcimg_to_711-2C_as_mni_average_305_t4 2311
---------------------------------------------------------------------

freesurfer imgreg_4dfp.c
/opt/freesurfer/average/711-2C_as_mni_average_305.4dfp.img
       256       256       256         1
  1.000000  1.000000  1.000000
orientation T byte_order littleendian
Reading image: /opt/freesurfer/average/711-2C_as_mni_average_305.4dfp.img
dimensions:      256       256       256
mmppix:       1.0000   -1.0000   -1.0000
center:     128.0000 -129.0000 -129.0000
/opt/freesurfer/average/711-2B_as_mni_average_305_mask.4dfp.img
       256       256       256         1
  1.000000  1.000000  1.000000
orientation T byte_order littleendian
Reading mask: /opt/freesurfer/average/711-2B_as_mni_average_305_mask.4dfp.img (2306576 pixels)
talsrcimg_g11.4dfp.img
       256       256       256         1
  1.000000  1.000000  1.000000
orientation T byte_order littleendian
Reading image: talsrcimg_g11.4dfp.img
dimensions:      256       256       256
mmppix:       1.0000   -1.0000   -1.0000
center:     128.0000 -129.0000 -129.0000
fimgreg.f
image alignment mode   2311 decimal      907 hex
parameters
    0.1830   30.1653   14.7463    0.7541  -18.8479   -8.4326
    4.7493   -0.8851   -4.7883   15.5550   -0.2737  -12.0281
eta,q 0.97206 14.33048
niter,ni,del,rscale     5    3    5.0000    0.8000
parameters
    0.1666   30.0174   15.2476   -0.0528  -19.4543   -8.6208
    4.7557   -0.7286   -4.7393   15.3193   -0.1392  -11.5929
eta,q 0.97194 14.23547
  0.0295  0.0290  0.0296  0.0287  0.0287  0.0301  0.0291  0.0303  0.0292  0.0293  0.0286  0.0286
  0.0286  0.0284  0.0288  0.0284  0.0284  0.0296  0.0286  0.0291  0.0285  0.0286  0.0283  0.0283
  0.0281  0.0280  0.0282  0.0281  0.0281  0.0289  0.0282  0.0284  0.0282  0.0282  0.0281  0.0281
  0.0279  0.0279  0.0279  0.0279  0.0279  0.0280  0.0281  0.0281  0.0281  0.0281  0.0281  0.0281
  0.0281  0.0281  0.0279  0.0280  0.0280  0.0279  0.0282  0.0282  0.0282  0.0282  0.0281  0.0281
  0.0286  0.0287  0.0280  0.0287  0.0285  0.0292  0.0285  0.0289  0.0285  0.0287  0.0282  0.0282
  0.0296  0.0295  0.0283  0.0303  0.0297  0.0314  0.0292  0.0300  0.0291  0.0297  0.0285  0.0284
niter,ni,del,rscale     4    3    5.0000    0.7000
parameters
    0.1741   30.0140   15.1386    0.2831  -19.2082   -8.5531
    4.7370   -0.7901   -4.7966   15.2908   -0.1686  -11.6422
eta,q 0.97204 14.27567
  0.0291  0.0290  0.0286  0.0288  0.0288  0.0299  0.0288  0.0296  0.0288  0.0290  0.0284  0.0283
  0.0285  0.0285  0.0283  0.0285  0.0285  0.0294  0.0284  0.0287  0.0283  0.0285  0.0281  0.0281
  0.0282  0.0282  0.0281  0.0283  0.0282  0.0287  0.0281  0.0282  0.0280  0.0281  0.0280  0.0280
  0.0281  0.0281  0.0281  0.0281  0.0280  0.0280  0.0280  0.0280  0.0280  0.0280  0.0280  0.0280
  0.0282  0.0282  0.0282  0.0279  0.0280  0.0278  0.0280  0.0282  0.0281  0.0281  0.0280  0.0280
  0.0285  0.0285  0.0284  0.0281  0.0282  0.0287  0.0283  0.0287  0.0284  0.0284  0.0281  0.0281
  0.0291  0.0290  0.0287  0.0288  0.0288  0.0304  0.0289  0.0297  0.0289  0.0291  0.0284  0.0283
niter,ni,del,rscale     3    3    5.0000    0.6000
parameters
    0.1866   29.9990   15.1784    0.5176  -19.0591   -8.2636
    4.7152   -0.8205   -4.8250   15.1925   -0.2218  -11.7241
eta,q 0.97218 14.31285
  0.0287  0.0286  0.0285  0.0286  0.0285  0.0297  0.0285  0.0292  0.0285  0.0286  0.0282  0.0281
  0.0283  0.0283  0.0282  0.0284  0.0283  0.0292  0.0281  0.0284  0.0281  0.0282  0.0280  0.0279
  0.0281  0.0280  0.0280  0.0282  0.0281  0.0286  0.0279  0.0280  0.0279  0.0279  0.0279  0.0278
  0.0280  0.0280  0.0280  0.0280  0.0279  0.0279  0.0278  0.0278  0.0278  0.0278  0.0278  0.0278
  0.0280  0.0280  0.0280  0.0279  0.0279  0.0277  0.0279  0.0280  0.0279  0.0279  0.0279  0.0279
  0.0283  0.0283  0.0282  0.0281  0.0281  0.0283  0.0281  0.0285  0.0281  0.0282  0.0280  0.0280
  0.0287  0.0287  0.0284  0.0286  0.0286  0.0297  0.0285  0.0292  0.0285  0.0288  0.0282  0.0281
niter,ni,del,rscale     2    3    5.0000    0.5000
parameters
    0.2024   29.9574   15.3453    0.7411  -18.9196   -7.8811
    4.6995   -0.8538   -4.8656   14.9707   -0.2673  -11.8176
eta,q 0.97235 14.35127
  0.0284  0.0283  0.0283  0.0283  0.0282  0.0294  0.0281  0.0287  0.0281  0.0282  0.0279  0.0279
  0.0281  0.0280  0.0281  0.0281  0.0280  0.0289  0.0279  0.0281  0.0279  0.0279  0.0278  0.0277
  0.0279  0.0279  0.0279  0.0279  0.0279  0.0283  0.0277  0.0278  0.0277  0.0277  0.0277  0.0277
  0.0278  0.0278  0.0278  0.0278  0.0278  0.0278  0.0277  0.0277  0.0277  0.0276  0.0277  0.0277
  0.0279  0.0279  0.0278  0.0278  0.0278  0.0276  0.0277  0.0278  0.0277  0.0278  0.0277  0.0277
  0.0280  0.0281  0.0279  0.0279  0.0279  0.0280  0.0279  0.0282  0.0279  0.0280  0.0278  0.0278
  0.0284  0.0284  0.0281  0.0283  0.0282  0.0291  0.0282  0.0288  0.0282  0.0284  0.0279  0.0279
niter,ni,del,rscale     1    3    5.0000    0.4000
parameters
    0.2068   29.8774   15.5656    0.9262  -18.7548   -7.4889
    4.7332   -0.8994   -4.8970   14.6748   -0.3061  -11.9467
eta,q 0.97250 14.38978
  0.0280  0.0279  0.0281  0.0280  0.0279  0.0290  0.0279  0.0282  0.0278  0.0279  0.0277  0.0276
  0.0278  0.0278  0.0279  0.0279  0.0278  0.0285  0.0277  0.0278  0.0277  0.0276  0.0276  0.0276
  0.0277  0.0277  0.0277  0.0277  0.0277  0.0280  0.0276  0.0276  0.0275  0.0275  0.0275  0.0275
  0.0277  0.0277  0.0276  0.0276  0.0276  0.0276  0.0275  0.0275  0.0275  0.0275  0.0275  0.0275
  0.0277  0.0277  0.0276  0.0276  0.0276  0.0275  0.0275  0.0276  0.0276  0.0276  0.0275  0.0275
  0.0278  0.0278  0.0277  0.0277  0.0277  0.0278  0.0277  0.0279  0.0277  0.0278  0.0276  0.0276
  0.0280  0.0281  0.0278  0.0280  0.0279  0.0285  0.0279  0.0283  0.0279  0.0281  0.0277  0.0277
registration optimization eta report
parameter search radius
    0.8000    0.8000    0.8000    2.4000    2.4000    2.4000
    2.4000    2.4000    2.4000    2.4000    2.4000    2.4000
100000*second partial in parameter space
       61.       53.       42.        7.        5.       19.
        6.       13.        6.        8.        3.        2.
  0.0280  0.0279  0.0281  0.0280  0.0279  0.0290  0.0279  0.0282  0.0278  0.0279  0.0277  0.0276
  0.0278  0.0278  0.0279  0.0279  0.0278  0.0285  0.0277  0.0278  0.0277  0.0276  0.0276  0.0276
  0.0277  0.0277  0.0277  0.0277  0.0277  0.0280  0.0276  0.0276  0.0275  0.0275  0.0275  0.0275
  0.0277  0.0277  0.0276  0.0276  0.0276  0.0276  0.0275  0.0275  0.0275  0.0275  0.0275  0.0275
  0.0277  0.0277  0.0276  0.0276  0.0276  0.0275  0.0275  0.0276  0.0276  0.0276  0.0275  0.0275
  0.0278  0.0278  0.0277  0.0277  0.0277  0.0278  0.0277  0.0279  0.0277  0.0278  0.0276  0.0276
  0.0280  0.0281  0.0278  0.0280  0.0279  0.0285  0.0279  0.0283  0.0279  0.0281  0.0277  0.0277
    0.2068   29.8774   15.5656    0.9262  -18.7548   -7.4889
    4.7332   -0.8994   -4.8970   14.6748   -0.3061  -11.9467
eta,q 0.97250 14.38978

---------------------------------------------------------------------
compute_vox2vox talsrcimg talsrcimg_to_711-2C_as_mni_average_305_t4 /opt/freesurfer/average/711-2C_as_mni_average_305
---------------------------------------------------------------------

freesurfer compute_vox2vox.c
Reading: talsrcimg.4dfp.ifh
Reading: talsrcimg_to_711-2C_as_mni_average_305_t4
Reading: /opt/freesurfer/average/711-2C_as_mni_average_305.4dfp.ifh
Writing: talsrcimg_to_711-2C_as_mni_average_305_t4_vox2vox.txt

start time Tue Mar 10 22:33:35 CET 2026
end		time Tue Mar 10 22:35:04 CET 2026

mpr2mni305 success

avi2talxfm orig_nu.mgz /opt/freesurfer/average/mni305.cor.mgz talsrcimg_to_711-2C_as_mni_average_305_t4_vox2vox.txt transforms/talairach.auto.xfm
avi2talxfm done
mv -f /out/sourcedata/freesurfer/sub-v2s12x28866_ses-1/mri/talsrcimg_to_711-2C_as_mni_average_305_t4_vox2vox.txt /out/sourcedata/freesurfer/sub-v2s12x28866_ses-1/mri/transforms/talsrcimg_to_711-2C_as_mni_average_305_t4_vox2vox.txt
lta_convert --src orig_nu.mgz --trg /opt/freesurfer/average/mni305.cor.mgz --inxfm transforms/talairach.auto.xfm --outlta transforms/talairach.auto.xfm.lta --subject fsaverage
7.3.2

--src: orig_nu.mgz src image (geometry).
--trg: /opt/freesurfer/average/mni305.cor.mgz trg image (geometry).
--inmni: transforms/talairach.auto.xfm input MNI/XFM transform.
--outlta: transforms/talairach.auto.xfm.lta output LTA.
--s: fsaverage subject name
 LTA read, type : 1
 0.98822   0.01831  -0.05488  -3.70744;
 0.01071   1.05651   0.15473  -19.70657;
 0.05763  -0.18973   1.19959  -18.65564;
 0.00000   0.00000   0.00000   1.00000;
setting subject to fsaverage
Writing  LTA to file transforms/talairach.auto.xfm.lta...
lta_convert successful.
 
 
Started at Tue Mar 10 22:33:34 CET 2026
Ended   at Tue Mar 10 22:35:05 CET 2026
talairach_avi done
