status file for recon-all
Tue Mar 10 22:34:49 CET 2026
#@# MotionCor Tue Mar 10 22:34:50 CET 2026
#@# Talairach Tue Mar 10 22:34:58 CET 2026
#@# Talairach Failure Detection Tue Mar 10 22:39:22 CET 2026
#@# Nu Intensity Correction Tue Mar 10 22:39:22 CET 2026
#@# Intensity Normalization Tue Mar 10 22:42:34 CET 2026
recon-all -s sub-v2s12x28869_ses-1 finished without error at Tue Mar 10 22:44:06 CET 2026



#New# invocation of recon-all 



status file for recon-all
Tue Mar 10 22:51:10 CET 2026
#@# EM Registration Tue Mar 10 22:51:10 CET 2026
recon-all -s sub-v2s12x28869_ses-1 finished without error at Tue Mar 10 22:52:42 CET 2026



#New# invocation of recon-all 



status file for recon-all
Tue Mar 10 22:52:45 CET 2026
#@# CA Normalize Tue Mar 10 22:52:45 CET 2026
#@# CA Reg Tue Mar 10 22:54:06 CET 2026
#@# SubCort Seg Tue Mar 10 23:35:01 CET 2026
#@# CC Seg Wed Mar 11 00:02:07 CET 2026
#@# Merge ASeg Wed Mar 11 00:03:24 CET 2026
#@# Intensity Normalization2 Wed Mar 11 00:03:24 CET 2026
#@# Mask BFS Wed Mar 11 00:05:38 CET 2026
#@# WM Segmentation Wed Mar 11 00:05:39 CET 2026
#@# Fill Wed Mar 11 00:07:29 CET 2026
recon-all -s sub-v2s12x28869_ses-1 finished without error at Wed Mar 11 00:08:30 CET 2026



#New# invocation of recon-all 



status file for recon-all
Wed Mar 11 00:45:55 CET 2026
#@# white curv lh Wed Mar 11 00:45:55 CET 2026
#@# white area lh Wed Mar 11 00:45:55 CET 2026
#@# pial curv lh Wed Mar 11 00:45:55 CET 2026
#@# pial area lh Wed Mar 11 00:45:55 CET 2026
#@# thickness lh Wed Mar 11 00:45:55 CET 2026
#@# area and vertex vol lh Wed Mar 11 00:45:55 CET 2026
#@# white curv rh Wed Mar 11 00:45:55 CET 2026
#@# white area rh Wed Mar 11 00:45:55 CET 2026
#@# pial curv rh Wed Mar 11 00:45:55 CET 2026
#@# pial area rh Wed Mar 11 00:45:55 CET 2026
#@# thickness rh Wed Mar 11 00:45:55 CET 2026
#@# area and vertex vol rh Wed Mar 11 00:45:55 CET 2026
#@# Cortical ribbon mask Wed Mar 11 00:45:55 CET 2026
recon-all -s sub-v2s12x28869_ses-1 finished without error at Wed Mar 11 00:50:16 CET 2026



#New# invocation of recon-all 



status file for recon-all
Wed Mar 11 00:56:16 CET 2026
#@# white curv lh Wed Mar 11 00:56:16 CET 2026
#@# white area lh Wed Mar 11 00:56:16 CET 2026
#@# pial curv lh Wed Mar 11 00:56:16 CET 2026
#@# pial area lh Wed Mar 11 00:56:16 CET 2026
#@# thickness lh Wed Mar 11 00:56:16 CET 2026
#@# area and vertex vol lh Wed Mar 11 00:56:17 CET 2026
#@# white curv rh Wed Mar 11 00:56:17 CET 2026
#@# white area rh Wed Mar 11 00:56:17 CET 2026
#@# pial curv rh Wed Mar 11 00:56:17 CET 2026
#@# pial area rh Wed Mar 11 00:56:17 CET 2026
#@# thickness rh Wed Mar 11 00:56:17 CET 2026
#@# area and vertex vol rh Wed Mar 11 00:56:17 CET 2026
#@# Curvature Stats lh Wed Mar 11 00:56:17 CET 2026
#@# Curvature Stats rh Wed Mar 11 00:56:19 CET 2026
#@# Relabel Hypointensities Wed Mar 11 00:56:21 CET 2026
#@# APas-to-ASeg Wed Mar 11 00:56:36 CET 2026
#@# AParc-to-ASeg aparc Wed Mar 11 00:56:43 CET 2026
#@# AParc-to-ASeg aparc.a2009s Wed Mar 11 00:57:32 CET 2026
#@# AParc-to-ASeg aparc.DKTatlas Wed Mar 11 00:58:20 CET 2026
#@# WMParc Wed Mar 11 00:59:09 CET 2026
#@# ASeg Stats Wed Mar 11 01:02:39 CET 2026
recon-all -s sub-v2s12x28869_ses-1 finished without error at Wed Mar 11 01:03:10 CET 2026
