status file for recon-all
Wed Mar 11 00:27:17 CET 2026
#@# Tessellate rh Wed Mar 11 00:27:17 CET 2026
#@# Smooth1 rh Wed Mar 11 00:27:20 CET 2026
#@# Inflation1 rh Wed Mar 11 00:27:23 CET 2026
#@# QSphere rh Wed Mar 11 00:27:32 CET 2026
#@# Fix Topology rh Wed Mar 11 00:28:35 CET 2026
#@# Smooth2 rh Wed Mar 11 00:33:09 CET 2026
#@# Inflation2 rh Wed Mar 11 00:33:11 CET 2026
#@# Curv .H and .K rh Wed Mar 11 00:33:22 CET 2026
#@# Sphere rh Wed Mar 11 00:34:09 CET 2026
#@# Surf Reg rh Wed Mar 11 00:36:09 CET 2026
#@# Jacobian white rh Wed Mar 11 00:39:25 CET 2026
#@# AvgCurv rh Wed Mar 11 00:39:26 CET 2026
#@# Cortical Parc rh Wed Mar 11 00:39:27 CET 2026
#@# white curv rh Wed Mar 11 00:44:50 CET 2026
#@# white area rh Wed Mar 11 00:44:52 CET 2026
#@# pial curv rh Wed Mar 11 00:44:52 CET 2026
#@# pial area rh Wed Mar 11 00:44:54 CET 2026
#@# thickness rh Wed Mar 11 00:44:55 CET 2026
#@# area and vertex vol rh Wed Mar 11 00:45:24 CET 2026
#@# Curvature Stats rh Wed Mar 11 00:45:25 CET 2026
#@# Cortical Parc 2 rh Wed Mar 11 00:45:27 CET 2026
#@# Cortical Parc 3 rh Wed Mar 11 00:45:40 CET 2026
#@# WM/GM Contrast rh Wed Mar 11 00:45:49 CET 2026
recon-all -s sub-v2s12x28869_ses-1 finished without error at Wed Mar 11 00:45:52 CET 2026



#New# invocation of recon-all 



status file for recon-all
Wed Mar 11 00:53:15 CET 2026
#@# white curv rh Wed Mar 11 00:53:15 CET 2026
#@# white area rh Wed Mar 11 00:53:15 CET 2026
#@# pial curv rh Wed Mar 11 00:53:15 CET 2026
#@# pial area rh Wed Mar 11 00:53:15 CET 2026
#@# thickness rh Wed Mar 11 00:53:15 CET 2026
#@# area and vertex vol rh Wed Mar 11 00:53:15 CET 2026
#@# Parcellation Stats rh Wed Mar 11 00:53:15 CET 2026
#@# Parcellation Stats 2 rh Wed Mar 11 00:53:33 CET 2026
#@# Parcellation Stats 3 rh Wed Mar 11 00:53:43 CET 2026
#@# BA_exvivo Labels rh Wed Mar 11 00:53:52 CET 2026
recon-all -s sub-v2s12x28869_ses-1 finished without error at Wed Mar 11 00:56:11 CET 2026
