/out/sourcedata/freesurfer/sub-v2s12x28903_ses-1/mri
/opt/freesurfer/bin/talairach_avi
--i orig_nu.mgz --xfm transforms/talairach.auto.xfm
talairach_avi 7.3.2
Linux dna086 5.14.0-427.37.1.el9_4.x86_64 #1 SMP PREEMPT_DYNAMIC Fri Sep 13 12:41:50 EDT 2024 x86_64 x86_64 x86_64 GNU/Linux
Wed Mar 11 02:49:29 CET 2026
mri_convert orig_nu.mgz talsrcimg.img 
reading from orig_nu.mgz...
TR=0.00, TE=0.00, TI=0.00, flip angle=0.00
i_ras = (-1, 0, 0)
j_ras = (0, 0, -1)
k_ras = (0, 1, 0)
writing to talsrcimg.img...
Analyze Output Matrix
-1.00000   0.00000   0.00000   134.96881;
 0.00000   0.00000   1.00000  -114.43800;
 0.00000  -1.00000   0.00000   156.84399;
 0.00000   0.00000   0.00000   1.00000;
--------------------
INFO: set hdr.hist.orient to -1
mpr2mni305 talsrcimg
Wed Mar 11 02:49:29 CET 2026
/opt/freesurfer/bin/mpr2mni305 talsrcimg
mpr2mni305 7.3.2
target=711-2C_as_mni_average_305

---------------------------------------------------------------------
analyzeto4dfp talsrcimg -O0 -y
---------------------------------------------------------------------

freesurfer ifh2hdr.c
Wed Mar 11 02:49:29 2026
Writing: talsrcimg.4dfp.hdr
freesurfer analyzeto4dfp.c
Reading: talsrcimg.hdr
header size 348 bytes
hdr.dime.datatype	offset=70	value=2
hdr.dime.bitpix		offset=72	value=8
hdr.hist.orient		offset=252	value=-1
dimensionality     4
dimensions       256       256       256         1
Reading: talsrcimg.img
Writing: talsrcimg.4dfp.img
Writing: talsrcimg.4dfp.ifh
ifh2hdr talsrcimg -r0to240
ori=2

---------------------------------------------------------------------
gauss_4dfp talsrcimg 1.1
---------------------------------------------------------------------

freesurfer gauss_4dfp.c
Reading: talsrcimg.4dfp.img
Writing: talsrcimg_g11.4dfp.img
image dimensions 256 256 256 padded to 288 288 288
processing volume 1freesurfer ifh2hdr.c
Wed Mar 11 02:49:30 2026
Writing: talsrcimg_g11.4dfp.hdr

Writing: talsrcimg_g11.4dfp.ifh
including: talsrcimg.4dfp.img.rec in talsrcimg_g11.4dfp.img.rec

---------------------------------------------------------------------
imgreg_4dfp /opt/freesurfer/average/711-2C_as_mni_average_305 none talsrcimg_g11 none talsrcimg_to_711-2C_as_mni_average_305_t4 4355
---------------------------------------------------------------------

freesurfer imgreg_4dfp.c
/opt/freesurfer/average/711-2C_as_mni_average_305.4dfp.img
       256       256       256         1
  1.000000  1.000000  1.000000
orientation T byte_order littleendian
Reading image: /opt/freesurfer/average/711-2C_as_mni_average_305.4dfp.img
dimensions:      256       256       256
mmppix:       1.0000   -1.0000   -1.0000
center:     128.0000 -129.0000 -129.0000
talsrcimg_g11.4dfp.img
       256       256       256         1
  1.000000  1.000000  1.000000
orientation T byte_order littleendian
Reading image: talsrcimg_g11.4dfp.img
dimensions:      256       256       256
mmppix:       1.0000   -1.0000   -1.0000
center:     128.0000 -129.0000 -129.0000
t4_read: open error in t4_sub.f l:  41 t4_file(1:l)talsrcimg_to_711-2C_as_mni_average_305_t4 
t4_read: transform initialized to I4
rotation matrix determinant  1.000000
image alignment mode   4355 decimal     1103 hex
   -7.5000  -45.0000  -45.0000 7393.4893   19.7718
    0.0000  -45.0000  -45.0000 7682.0508   19.7714
    7.5000  -45.0000  -45.0000 7315.8545   19.7517
   -7.5000  -37.5000  -45.0000 7970.8169   19.6677
    0.0000  -37.5000  -45.0000 8276.7314   19.6666
    7.5000  -37.5000  -45.0000 7858.2358   19.6371
   -7.5000  -30.0000  -45.0000 8759.4873   19.6279
    0.0000  -30.0000  -45.0000 9099.4961   19.6187
    7.5000  -30.0000  -45.0000 8628.5234   19.5708
   -7.5000  -22.5000  -45.0000 9435.6865   19.7015
    0.0000  -22.5000  -45.0000 9785.8125   19.6846
    7.5000  -22.5000  -45.0000 9263.1074   19.6269
   -7.5000  -15.0000  -45.000010003.2871   19.8076
    0.0000  -15.0000  -45.000010376.6250   19.7924
    7.5000  -15.0000  -45.0000 9824.4268   19.7419
   -7.5000   -7.5000  -45.000010561.0996   19.8376
    0.0000   -7.5000  -45.000010964.4521   19.8308
    7.5000   -7.5000  -45.000010390.6338   19.7999
   -7.5000    0.0000  -45.000011040.8105   19.7714
    0.0000    0.0000  -45.000011487.8682   19.7710
    7.5000    0.0000  -45.000010908.6094   19.7513
   -7.5000    7.5000  -45.000010749.1484   19.6677
    0.0000    7.5000  -45.000011227.1338   19.6666
    7.5000    7.5000  -45.000010655.9141   19.6371
   -7.5000   15.0000  -45.000010343.7939   19.6279
    0.0000   15.0000  -45.000010819.5186   19.6187
    7.5000   15.0000  -45.000010273.4941   19.5708
   -7.5000   22.5000  -45.0000 9684.0312   19.6988
    0.0000   22.5000  -45.000010093.8428   19.6819
    7.5000   22.5000  -45.0000 9575.4922   19.6242
   -7.5000   30.0000  -45.0000 8930.0938   19.5436
    0.0000   30.0000  -45.0000 9284.6592   19.5287
    7.5000   30.0000  -45.0000 8798.7979   19.4788
   -7.5000   37.5000  -45.0000 8495.7402   19.5732
    0.0000   37.5000  -45.0000 8807.2148   19.5665
    7.5000   37.5000  -45.0000 8346.3945   19.5361
   -7.5000   45.0000  -45.0000 7737.8296   19.0126
    0.0000   45.0000  -45.0000 8032.3599   19.0122
    7.5000   45.0000  -45.0000 7616.6982   18.9933
   -7.5000  -45.0000  -37.5000 7963.5635   19.5679
    0.0000  -45.0000  -37.5000 8251.0371   19.5701
    7.5000  -45.0000  -37.5000 7858.1611   19.5436
   -7.5000  -37.5000  -37.5000 8576.1328   19.4524
    0.0000  -37.5000  -37.5000 8898.2148   19.4576
    7.5000  -37.5000  -37.5000 8443.7617   19.4236
   -7.5000  -30.0000  -37.5000 9411.9326   19.4040
    0.0000  -30.0000  -37.5000 9761.8496   19.4043
    7.5000  -30.0000  -37.5000 9246.4707   19.3570
   -7.5000  -22.5000  -37.500010123.4062   19.4822
    0.0000  -22.5000  -37.500010475.7568   19.4742
    7.5000  -22.5000  -37.5000 9920.1758   19.4194
   -7.5000  -15.0000  -37.500010691.2578   19.5991
    0.0000  -15.0000  -37.500011070.8955   19.5897
    7.5000  -15.0000  -37.500010494.6650   19.5394
   -7.5000   -7.5000  -37.500011219.7637   19.6358
    0.0000   -7.5000  -37.500011620.8242   19.6320
    7.5000   -7.5000  -37.500011030.8428   19.5965
   -7.5000    0.0000  -37.500011684.7842   19.5675
    0.0000    0.0000  -37.500012151.3037   19.5698
    7.5000    0.0000  -37.500011553.8633   19.5433
   -7.5000    7.5000  -37.500011414.6543   19.4524
    0.0000    7.5000  -37.500011913.4629   19.4576
    7.5000    7.5000  -37.500011301.2461   19.4236
   -7.5000   15.0000  -37.500010997.4141   19.4040
    0.0000   15.0000  -37.500011470.6465   19.4043
    7.5000   15.0000  -37.500010895.0762   19.3570
   -7.5000   22.5000  -37.500010264.6279   19.4795
    0.0000   22.5000  -37.500010676.1201   19.4715
    7.5000   22.5000  -37.500010140.5791   19.4168
   -7.5000   30.0000  -37.5000 9434.4990   19.3379
    0.0000   30.0000  -37.5000 9797.4785   19.3287
    7.5000   30.0000  -37.5000 9299.5566   19.2790
   -7.5000   37.5000  -37.5000 8938.5615   19.3742
    0.0000   37.5000  -37.5000 9259.5732   19.3703
    7.5000   37.5000  -37.5000 8792.2705   19.3353
   -7.5000   45.0000  -37.5000 8092.2095   18.8165
    0.0000   45.0000  -37.5000 8389.0283   18.8187
    7.5000   45.0000  -37.5000 7970.6577   18.7932
   -7.5000  -45.0000  -30.0000 8705.3750   20.3972
    0.0000  -45.0000  -30.0000 9053.3350   20.4265
    7.5000  -45.0000  -30.0000 8603.3711   20.4049
   -7.5000  -37.5000  -30.0000 9366.1650   20.2688
    0.0000  -37.5000  -30.0000 9714.3984   20.3014
    7.5000  -37.5000  -30.0000 9214.2090   20.2776
   -7.5000  -30.0000  -30.000010263.7646   20.2127
    0.0000  -30.0000  -30.000010651.7871   20.2434
    7.5000  -30.0000  -30.000010093.7451   20.2135
   -7.5000  -22.5000  -30.000011024.3848   20.2994
    0.0000  -22.5000  -30.000011420.5049   20.3239
    7.5000  -22.5000  -30.000010819.3535   20.2869
   -7.5000  -15.0000  -30.000011642.5264   20.4305
    0.0000  -15.0000  -30.000012042.7217   20.4536
    7.5000  -15.0000  -30.000011413.3945   20.4154
   -7.5000   -7.5000  -30.000012189.0820   20.4717
    0.0000   -7.5000  -30.000012635.4570   20.4978
    7.5000   -7.5000  -30.000011970.3936   20.4686
   -7.5000    0.0000  -30.000012690.0166   20.3968
    0.0000    0.0000  -30.000013190.1963   20.4262
    7.5000    0.0000  -30.000012499.9551   20.4045
   -7.5000    7.5000  -30.000012380.8652   20.2688
    0.0000    7.5000  -30.000012903.0762   20.3014
    7.5000    7.5000  -30.000012221.9150   20.2776
   -7.5000   15.0000  -30.000011886.1104   20.2127
    0.0000   15.0000  -30.000012397.1240   20.2434
    7.5000   15.0000  -30.000011758.4053   20.2135
   -7.5000   22.5000  -30.000011060.6338   20.2945
    0.0000   22.5000  -30.000011502.2617   20.3190
    7.5000   22.5000  -30.000010937.7852   20.2820
   -7.5000   30.0000  -30.000010132.0068   20.1601
    0.0000   30.0000  -30.000010536.9062   20.1830
    7.5000   30.0000  -30.000010024.3379   20.1452
   -7.5000   37.5000  -30.0000 9559.0293   20.2008
    0.0000   37.5000  -30.0000 9935.9814   20.2266
    7.5000   37.5000  -30.0000 9461.6416   20.1978
   -7.5000   45.0000  -30.0000 8632.5234   19.6284
    0.0000   45.0000  -30.0000 8978.6348   19.6566
    7.5000   45.0000  -30.0000 8544.9111   19.6358
   -7.5000  -45.0000  -22.5000 9489.1494   21.1631
    0.0000  -45.0000  -22.5000 9851.0732   21.2179
    7.5000  -45.0000  -22.5000 9315.9785   21.2088
   -7.5000  -37.5000  -22.500010189.1426   21.0328
    0.0000  -37.5000  -22.500010562.7607   21.0872
    7.5000  -37.5000  -22.5000 9999.6621   21.0806
   -7.5000  -30.0000  -22.500011159.1934   20.9763
    0.0000  -30.0000  -22.500011554.6553   21.0285
    7.5000  -30.0000  -22.500010946.6035   21.0196
   -7.5000  -22.5000  -22.500011973.0420   21.0660
    0.0000  -22.5000  -22.500012380.2939   21.1150
    7.5000  -22.5000  -22.500011727.7139   21.0971
   -7.5000  -15.0000  -22.500012654.7969   21.2013
    0.0000  -15.0000  -22.500013078.9443   21.2516
    7.5000  -15.0000  -22.500012385.6162   21.2274
   -7.5000   -7.5000  -22.500013225.1484   21.2415
    0.0000   -7.5000  -22.500013704.3105   21.2952
    7.5000   -7.5000  -22.500012992.2500   21.2775
   -7.5000    0.0000  -22.500013748.7285   21.1627
    0.0000    0.0000  -22.500014261.0684   21.2175
    7.5000    0.0000  -22.500013516.0225   21.2085
   -7.5000    7.5000  -22.500013356.3574   21.0328
    0.0000    7.5000  -22.500013893.8613   21.0872
    7.5000    7.5000  -22.500013158.4111   21.0806
   -7.5000   15.0000  -22.500012781.7422   20.9763
    0.0000   15.0000  -22.500013306.3242   21.0285
    7.5000   15.0000  -22.500012603.8525   21.0196
   -7.5000   22.5000  -22.500011876.6221   21.0595
    0.0000   22.5000  -22.500012359.8115   21.1084
    7.5000   22.5000  -22.500011729.1299   21.0906
   -7.5000   30.0000  -22.500010864.0225   20.9240
    0.0000   30.0000  -22.500011311.2646   20.9736
    7.5000   30.0000  -22.500010759.9404   20.9497
   -7.5000   37.5000  -22.500010227.2891   20.9637
    0.0000   37.5000  -22.500010645.7119   21.0166
    7.5000   37.5000  -22.500010133.6289   20.9992
   -7.5000   45.0000  -22.5000 9201.9756   20.3808
    0.0000   45.0000  -22.5000 9590.4385   20.4335
    7.5000   45.0000  -22.5000 9118.9619   20.4248
   -7.5000  -45.0000  -15.000010272.6104   21.7160
    0.0000  -45.0000  -15.000010663.3096   21.7697
    7.5000  -45.0000  -15.000010065.3701   21.7694
   -7.5000  -37.5000  -15.000011005.6172   21.5953
    0.0000  -37.5000  -15.000011405.1006   21.6448
    7.5000  -37.5000  -15.000010790.2461   21.6453
   -7.5000  -30.0000  -15.000012042.4795   21.5463
    0.0000  -30.0000  -15.000012469.4492   21.5904
    7.5000  -30.0000  -15.000011807.9424   21.5854
   -7.5000  -22.5000  -15.000012921.3154   21.6330
    0.0000  -22.5000  -15.000013371.5732   21.6749
    7.5000  -22.5000  -15.000012626.1318   21.6591
   -7.5000  -15.0000  -15.000013667.2041   21.7601
    0.0000  -15.0000  -15.000014114.5586   21.8062
    7.5000  -15.0000  -15.000013336.7305   21.7853
   -7.5000   -7.5000  -15.000014256.8994   21.7936
    0.0000   -7.5000  -15.000014777.6543   21.8462
    7.5000   -7.5000  -15.000013969.4717   21.8354
   -7.5000    0.0000  -15.000014826.5801   21.7156
    0.0000    0.0000  -15.000015387.6299   21.7694
    7.5000    0.0000  -15.000014522.9580   21.7690
   -7.5000    7.5000  -15.000014406.9092   21.5953
    0.0000    7.5000  -15.000014969.7119   21.6448
    7.5000    7.5000  -15.000014090.3721   21.6453
   -7.5000   15.0000  -15.000013729.0205   21.5463
    0.0000   15.0000  -15.000014265.1260   21.5904
    7.5000   15.0000  -15.000013447.7920   21.5854
   -7.5000   22.5000  -15.000012748.9443   21.6254
    0.0000   22.5000  -15.000013236.0098   21.6672
    7.5000   22.5000  -15.000012518.1934   21.6514
   -7.5000   30.0000  -15.000011651.4922   21.4785
    0.0000   30.0000  -15.000012124.5078   21.5240
    7.5000   30.0000  -15.000011497.6455   21.5034
   -7.5000   37.5000  -15.000010932.4141   21.5116
    0.0000   37.5000  -15.000011378.3672   21.5634
    7.5000   37.5000  -15.000010810.6582   21.5528
   -7.5000   45.0000  -15.0000 9775.8643   20.9259
    0.0000   45.0000  -15.000010196.2725   20.9776
    7.5000   45.0000  -15.0000 9701.7412   20.9773
   -7.5000  -45.0000   -7.500011096.6436   21.9422
    0.0000  -45.0000   -7.500011503.0713   21.9677
    7.5000  -45.0000   -7.500010859.8398   21.9608
   -7.5000  -37.5000   -7.500011871.5215   21.8327
    0.0000  -37.5000   -7.500012308.1240   21.8539
    7.5000  -37.5000   -7.500011637.8867   21.8406
   -7.5000  -30.0000   -7.500013013.8906   21.7919
    0.0000  -30.0000   -7.500013503.2041   21.8044
    7.5000  -30.0000   -7.500012729.3418   21.7762
   -7.5000  -22.5000   -7.500013971.6973   21.8722
    0.0000  -22.5000   -7.500014453.8896   21.8801
    7.5000  -22.5000   -7.500013579.4014   21.8402
   -7.5000  -15.0000   -7.500014664.5918   21.9861
    0.0000  -15.0000   -7.500015188.3867   21.9990
    7.5000  -15.0000   -7.500014291.2754   21.9620
   -7.5000   -7.5000   -7.500015277.5195   22.0146
    0.0000   -7.5000   -7.500015855.7051   22.0366
    7.5000   -7.5000   -7.500014948.1631   22.0177
   -7.5000    0.0000   -7.500015911.3926   21.9418
    0.0000    0.0000   -7.500016508.9922   21.9673
    7.5000    0.0000   -7.500015507.1318   21.9604
   -7.5000    7.5000   -7.500015474.7295   21.8327
    0.0000    7.5000   -7.500016050.1318   21.8539
    7.5000    7.5000   -7.500015062.8350   21.8406
   -7.5000   15.0000   -7.500014694.9521   21.7919
    0.0000   15.0000   -7.500015229.2109   21.8044
    7.5000   15.0000   -7.500014302.4922   21.7762
   -7.5000   22.5000   -7.500013645.0693   21.8621
    0.0000   22.5000   -7.500014133.2129   21.8700
    7.5000   22.5000   -7.500013304.3379   21.8301
   -7.5000   30.0000   -7.500012463.7744   21.7009
    0.0000   30.0000   -7.500012958.0693   21.7137
    7.5000   30.0000   -7.500012220.7168   21.6772
   -7.5000   37.5000   -7.500011642.9766   21.7291
    0.0000   37.5000   -7.500012138.5879   21.7508
    7.5000   37.5000   -7.500011484.2119   21.7322
   -7.5000   45.0000   -7.500010374.0400   21.1478
    0.0000   45.0000   -7.500010838.0068   21.1723
    7.5000   45.0000   -7.500010285.6680   21.1657
   -7.5000  -45.0000    0.000011788.4883   21.9241
    0.0000  -45.0000    0.000012260.4199   21.9230
    7.5000  -45.0000    0.000011622.0566   21.9006
   -7.5000  -37.5000    0.000012598.9629   21.8102
    0.0000  -37.5000    0.000013083.5430   21.8085
    7.5000  -37.5000    0.000012396.8486   21.7755
   -7.5000  -30.0000    0.000013824.5010   21.7665
    0.0000  -30.0000    0.000014346.7070   21.7559
    7.5000  -30.0000    0.000013531.9600   21.7029
   -7.5000  -22.5000    0.000014901.1680   21.8469
    0.0000  -22.5000    0.000015427.6006   21.8278
    7.5000  -22.5000    0.000014489.7910   21.7639
   -7.5000  -15.0000    0.000015559.4844   21.9629
    0.0000  -15.0000    0.000016137.9316   21.9457
    7.5000  -15.0000    0.000015197.1230   21.8895
   -7.5000   -7.5000    0.000016138.5850   21.9958
    0.0000   -7.5000    0.000016767.3535   21.9878
    7.5000   -7.5000    0.000015832.4688   21.9531
   -7.5000    0.0000    0.000016798.0410   21.9237
    0.0000    0.0000    0.000017441.5664   21.9227
    7.5000    0.0000    0.000016408.1719   21.9002
   -7.5000    7.5000    0.000016359.2822   21.8102
    0.0000    7.5000    0.000016965.0938   21.8085
    7.5000    7.5000    0.000015963.4561   21.7755
   -7.5000   15.0000    0.000015484.9375   21.7665
    0.0000   15.0000    0.000016054.9404   21.7559
    7.5000   15.0000    0.000015094.3027   21.7029
   -7.5000   22.5000    0.000014335.6611   21.8368
    0.0000   22.5000    0.000014883.9951   21.8177
    7.5000   22.5000    0.000013996.4590   21.7539
   -7.5000   30.0000    0.000013129.0391   21.6787
    0.0000   30.0000    0.000013675.7725   21.6617
    7.5000   30.0000    0.000012885.4707   21.6062
   -7.5000   37.5000    0.000012299.4951   21.7112
    0.0000   37.5000    0.000012841.4395   21.7032
    7.5000   37.5000    0.000012122.3545   21.6690
   -7.5000   45.0000    0.000010946.7568   21.1320
    0.0000   45.0000    0.000011449.9600   21.1309
    7.5000   45.0000    0.000010825.6670   21.1093
   -7.5000  -45.0000    7.500011547.4365   21.8856
    0.0000  -45.0000    7.500012088.5635   21.8880
    7.5000  -45.0000    7.500011464.9795   21.8585
   -7.5000  -37.5000    7.500012278.3896   21.7564
    0.0000  -37.5000    7.500012852.1084   21.7621
    7.5000  -37.5000    7.500012182.8877   21.7242
   -7.5000  -30.0000    7.500013503.5439   21.7024
    0.0000  -30.0000    7.500014095.8379   21.7027
    7.5000  -30.0000    7.500013329.8486   21.6499
   -7.5000  -22.5000    7.500014690.2930   21.7901
    0.0000  -22.5000    7.500015299.1641   21.7811
    7.5000  -22.5000    7.500014345.6387   21.7199
   -7.5000  -15.0000    7.500015337.9736   21.9209
    0.0000  -15.0000    7.500015938.6748   21.9104
    7.5000  -15.0000    7.500015071.9365   21.8541
   -7.5000   -7.5000    7.500015831.8545   21.9618
    0.0000   -7.5000    7.500016461.6641   21.9575
    7.5000   -7.5000    7.500015660.7070   21.9178
   -7.5000    0.0000    7.500016463.9785   21.8852
    0.0000    0.0000    7.500017138.3125   21.8877
    7.5000    0.0000    7.500016239.3623   21.8581
   -7.5000    7.5000    7.500015996.1934   21.7564
    0.0000    7.5000    7.500016672.3242   21.7621
    7.5000    7.5000    7.500015782.5420   21.7242
   -7.5000   15.0000    7.500015099.9697   21.7024
    0.0000   15.0000    7.500015743.9785   21.7027
    7.5000   15.0000    7.500014858.2822   21.6499
   -7.5000   22.5000    7.500014040.6738   21.7801
    0.0000   22.5000    7.500014614.1289   21.7711
    7.5000   22.5000    7.500013727.8955   21.7099
   -7.5000   30.0000    7.500012916.7061   21.6372
    0.0000   30.0000    7.500013437.6006   21.6268
    7.5000   30.0000    7.500012621.7881   21.5713
   -7.5000   37.5000    7.500012136.1045   21.6776
    0.0000   37.5000    7.500012628.5303   21.6733
    7.5000   37.5000    7.500011859.7354   21.6341
   -7.5000   45.0000    7.500010797.1982   21.0948
    0.0000   45.0000    7.500011267.3340   21.0972
    7.5000   45.0000    7.500010588.2529   21.0687
   -7.5000  -45.0000   15.000011155.9639   21.9029
    0.0000  -45.0000   15.000011658.1592   21.9344
    7.5000  -45.0000   15.000011115.7354   21.9112
   -7.5000  -37.5000   15.000011803.9258   21.7650
    0.0000  -37.5000   15.000012350.8330   21.8001
    7.5000  -37.5000   15.000011809.9434   21.7745
   -7.5000  -30.0000   15.000012943.4375   21.7048
    0.0000  -30.0000   15.000013549.5635   21.7378
    7.5000  -30.0000   15.000012909.6289   21.7056
   -7.5000  -22.5000   15.000014016.2021   21.7979
    0.0000  -22.5000   15.000014582.6865   21.8242
    7.5000  -22.5000   15.000013840.5117   21.7844
   -7.5000  -15.0000   15.000014662.2773   21.9386
    0.0000  -15.0000   15.000015233.9385   21.9635
    7.5000  -15.0000   15.000014522.2715   21.9224
   -7.5000   -7.5000   15.000015261.6338   21.9829
    0.0000   -7.5000   15.000015922.0215   22.0109
    7.5000   -7.5000   15.000015142.7764   21.9796
   -7.5000    0.0000   15.000015891.3135   21.9025
    0.0000    0.0000   15.000016593.0684   21.9340
    7.5000    0.0000   15.000015757.4541   21.9108
   -7.5000    7.5000   15.000015466.5410   21.7650
    0.0000    7.5000   15.000016105.1064   21.8001
    7.5000    7.5000   15.000015309.1738   21.7745
   -7.5000   15.0000   15.000014581.8906   21.7048
    0.0000   15.0000   15.000015117.7529   21.7378
    7.5000   15.0000   15.000014349.5752   21.7056
   -7.5000   22.5000   15.000013547.5537   21.7878
    0.0000   22.5000   15.000013996.3682   21.8141
    7.5000   22.5000   15.000013270.7139   21.7744
   -7.5000   30.0000   15.000012493.9561   21.6547
    0.0000   30.0000   15.000012889.1211   21.6793
    7.5000   30.0000   15.000012200.8164   21.6387
   -7.5000   37.5000   15.000011741.7744   21.6984
    0.0000   37.5000   15.000012145.7773   21.7261
    7.5000   37.5000   15.000011479.5391   21.6951
   -7.5000   45.0000   15.000010445.6719   21.1115
    0.0000   45.0000   15.000010834.8887   21.1419
    7.5000   45.0000   15.000010228.3711   21.1195
   -7.5000  -45.0000   22.500010665.0918   21.9690
    0.0000  -45.0000   22.500011152.3945   22.0258
    7.5000  -45.0000   22.500010608.8223   22.0165
   -7.5000  -37.5000   22.500011266.1797   21.8337
    0.0000  -37.5000   22.500011805.9609   21.8902
    7.5000  -37.5000   22.500011274.3311   21.8834
   -7.5000  -30.0000   22.500012313.0615   21.7751
    0.0000  -30.0000   22.500012876.2148   21.8293
    7.5000  -30.0000   22.500012285.4541   21.8201
   -7.5000  -22.5000   22.500013233.1250   21.8682
    0.0000  -22.5000   22.500013763.5469   21.9190
    7.5000  -22.5000   22.500013123.0664   21.9005
   -7.5000  -15.0000   22.500014024.7090   22.0087
    0.0000  -15.0000   22.500014465.6582   22.0608
    7.5000  -15.0000   22.500013843.2852   22.0357
   -7.5000   -7.5000   22.500014853.0830   22.0504
    0.0000   -7.5000   22.500015282.4482   22.1061
    7.5000   -7.5000   22.500014547.0635   22.0878
   -7.5000    0.0000   22.500015559.8057   21.9686
    0.0000    0.0000   22.500015931.3418   22.0255
    7.5000    0.0000   22.500015164.0938   22.0161
   -7.5000    7.5000   22.500015002.4199   21.8337
    0.0000    7.5000   22.500015399.8271   21.8902
    7.5000    7.5000   22.500014664.6797   21.8834
   -7.5000   15.0000   22.500013965.1963   21.7751
    0.0000   15.0000   22.500014354.3652   21.8293
    7.5000   15.0000   22.500013664.0957   21.8201
   -7.5000   22.5000   22.500012887.7891   21.8582
    0.0000   22.5000   22.500013243.1348   21.9089
    7.5000   22.5000   22.500012598.1787   21.8904
   -7.5000   30.0000   22.500011864.6885   21.7238
    0.0000   30.0000   22.500012194.1299   21.7753
    7.5000   30.0000   22.500011592.4697   21.7506
   -7.5000   37.5000   22.500011139.0010   21.7650
    0.0000   37.5000   22.500011478.2178   21.8200
    7.5000   37.5000   22.500010907.6172   21.8019
   -7.5000   45.0000   22.5000 9915.3604   21.1752
    0.0000   45.0000   22.500010232.3359   21.2300
    7.5000   45.0000   22.5000 9709.4287   21.2210
   -7.5000  -45.0000   30.000010054.5781   22.0154
    0.0000  -45.0000   30.000010466.8975   22.0699
    7.5000  -45.0000   30.0000 9945.3975   22.0696
   -7.5000  -37.5000   30.000010673.6621   21.8930
    0.0000  -37.5000   30.000011107.0674   21.9432
    7.5000  -37.5000   30.000010563.0479   21.9438
   -7.5000  -30.0000   30.000011679.6514   21.8434
    0.0000  -30.0000   30.000012090.4414   21.8881
    7.5000  -30.0000   30.000011513.7871   21.8830
   -7.5000  -22.5000   30.000012535.6641   21.9312
    0.0000  -22.5000   30.000012890.0400   21.9737
    7.5000  -22.5000   30.000012318.5107   21.9577
   -7.5000  -15.0000   30.000013264.1592   22.0600
    0.0000  -15.0000   30.000013615.9463   22.1068
    7.5000  -15.0000   30.000013012.5029   22.0857
   -7.5000   -7.5000   30.000013978.9521   22.0940
    0.0000   -7.5000   30.000014348.0557   22.1473
    7.5000   -7.5000   30.000013684.0469   22.1364
   -7.5000    0.0000   30.000014594.9414   22.0150
    0.0000    0.0000   30.000014956.2168   22.0695
    7.5000    0.0000   30.000014258.0889   22.0692
   -7.5000    7.5000   30.000014118.6621   21.8930
    0.0000    7.5000   30.000014497.3340   21.9432
    7.5000    7.5000   30.000013794.7861   21.9438
   -7.5000   15.0000   30.000013118.0566   21.8434
    0.0000   15.0000   30.000013456.4395   21.8881
    7.5000   15.0000   30.000012798.2285   21.8830
   -7.5000   22.5000   30.000012113.8779   21.9211
    0.0000   22.5000   30.000012426.2285   21.9636
    7.5000   22.5000   30.000011822.9551   21.9476
   -7.5000   30.0000   30.000011151.3828   21.7745
    0.0000   30.0000   30.000011440.4541   21.8207
    7.5000   30.0000   30.000010864.3984   21.7998
   -7.5000   37.5000   30.000010425.9492   21.8081
    0.0000   37.5000   30.000010735.6182   21.8607
    7.5000   37.5000   30.000010198.3359   21.8499
   -7.5000   45.0000   30.0000 9278.1855   21.2199
    0.0000   45.0000   30.0000 9561.8779   21.2724
    7.5000   45.0000   30.0000 9072.4121   21.2721
   -7.5000  -45.0000   37.5000 9711.7656   22.0060
    0.0000  -45.0000   37.500010133.8389   22.0318
    7.5000  -45.0000   37.5000 9612.8799   22.0253
   -7.5000  -37.5000   37.500010312.6553   21.8963
    0.0000  -37.5000   37.500010762.4512   21.9178
    7.5000  -37.5000   37.500010208.5068   21.9050
   -7.5000  -30.0000   37.500011237.8633   21.8553
    0.0000  -30.0000   37.500011701.9141   21.8681
    7.5000  -30.0000   37.500011115.8994   21.8403
   -7.5000  -22.5000   37.500011990.8477   21.9356
    0.0000  -22.5000   37.500012454.6738   21.9438
    7.5000  -22.5000   37.500011860.9238   21.9043
   -7.5000  -15.0000   37.500012640.6992   22.0497
    0.0000  -15.0000   37.500013128.9209   22.0628
    7.5000  -15.0000   37.500012514.7627   22.0263
   -7.5000   -7.5000   37.500013315.1436   22.0784
    0.0000   -7.5000   37.500013802.4512   22.1006
    7.5000   -7.5000   37.500013152.6924   22.0823
   -7.5000    0.0000   37.500013914.7383   22.0056
    0.0000    0.0000   37.500014413.0049   22.0314
    7.5000    0.0000   37.500013713.0273   22.0249
   -7.5000    7.5000   37.500013532.7021   21.8963
    0.0000    7.5000   37.500014004.6475   21.9178
    7.5000    7.5000   37.500013312.7129   21.9050
   -7.5000   15.0000   37.500012620.3818   21.8553
    0.0000   15.0000   37.500013027.6025   21.8681
    7.5000   15.0000   37.500012390.8770   21.8403
   -7.5000   22.5000   37.500011678.2021   21.9255
    0.0000   22.5000   37.500012067.6172   21.9337
    7.5000   22.5000   37.500011467.0508   21.8942
   -7.5000   30.0000   37.500010735.5830   21.7643
    0.0000   30.0000   37.500011080.0186   21.7772
    7.5000   30.0000   37.500010516.8486   21.7413
   -7.5000   37.5000   37.500010013.5322   21.7927
    0.0000   37.5000   37.500010364.6582   21.8146
    7.5000   37.5000   37.5000 9832.2998   21.7965
   -7.5000   45.0000   37.5000 8890.9971   21.2109
    0.0000   45.0000   37.5000 9228.3867   21.2357
    7.5000   45.0000   37.5000 8742.3262   21.2295
   -7.5000  -45.0000   45.0000 8934.0000   22.0681
    0.0000  -45.0000   45.0000 9350.9941   22.0656
    7.5000  -45.0000   45.0000 8849.0127   22.0423
   -7.5000  -37.5000   45.0000 9466.7119   21.9522
    0.0000  -37.5000   45.0000 9895.3730   21.9489
    7.5000  -37.5000   45.0000 9388.8408   21.9147
   -7.5000  -30.0000   45.000010296.8574   21.9066
    0.0000  -30.0000   45.000010735.3379   21.8942
    7.5000  -30.0000   45.000010202.5576   21.8397
   -7.5000  -22.5000   45.000010981.0068   21.9872
    0.0000  -22.5000   45.000011432.1748   21.9662
    7.5000  -22.5000   45.000010907.6494   21.9010
   -7.5000  -15.0000   45.000011556.0781   22.1051
    0.0000  -15.0000   45.000012028.7285   22.0862
    7.5000  -15.0000   45.000011511.7354   22.0289
   -7.5000   -7.5000   45.000012150.2539   22.1398
    0.0000   -7.5000   45.000012623.1162   22.1303
    7.5000   -7.5000   45.000012085.0049   22.0949
   -7.5000    0.0000   45.000012704.6465   22.0677
    0.0000    0.0000   45.000013182.9053   22.0652
    7.5000    0.0000   45.000012615.0010   22.0419
   -7.5000    7.5000   45.000012390.7598   21.9522
    0.0000    7.5000   45.000012846.7979   21.9489
    7.5000    7.5000   45.000012265.2246   21.9147
   -7.5000   15.0000   45.000011584.4512   21.9066
    0.0000   15.0000   45.000011983.9961   21.8942
    7.5000   15.0000   45.000011419.4971   21.8397
   -7.5000   22.5000   45.000010746.1416   21.9770
    0.0000   22.5000   45.000011103.1436   21.9560
    7.5000   22.5000   45.000010570.2246   21.8908
   -7.5000   30.0000   45.0000 9850.6533   21.8171
    0.0000   30.0000   45.000010197.9648   21.7985
    7.5000   30.0000   45.0000 9682.4033   21.7419
   -7.5000   37.5000   45.0000 9219.5762   21.8514
    0.0000   37.5000   45.0000 9561.3105   21.8420
    7.5000   37.5000   45.0000 9074.2676   21.8070
   -7.5000   45.0000   45.0000 8209.2920   21.2804
    0.0000   45.0000   45.0000 8522.8428   21.2779
    7.5000   45.0000   45.0000 8087.6211   21.2555

---------------------------------------------------------------------
imgreg_4dfp /opt/freesurfer/average/711-2C_as_mni_average_305 /opt/freesurfer/average/711-2B_as_mni_average_305_mask talsrcimg_g11 none talsrcimg_to_711-2C_as_mni_average_305_t4 4355
---------------------------------------------------------------------

freesurfer imgreg_4dfp.c
/opt/freesurfer/average/711-2C_as_mni_average_305.4dfp.img
       256       256       256         1
  1.000000  1.000000  1.000000
orientation T byte_order littleendian
Reading image: /opt/freesurfer/average/711-2C_as_mni_average_305.4dfp.img
dimensions:      256       256       256
mmppix:       1.0000   -1.0000   -1.0000
center:     128.0000 -129.0000 -129.0000
/opt/freesurfer/average/711-2B_as_mni_average_305_mask.4dfp.img
       256       256       256         1
  1.000000  1.000000  1.000000
orientation T byte_order littleendian
Reading mask: /opt/freesurfer/average/711-2B_as_mni_average_305_mask.4dfp.img (2306576 pixels)
talsrcimg_g11.4dfp.img
       256       256       256         1
  1.000000  1.000000  1.000000
orientation T byte_order littleendian
Reading image: talsrcimg_g11.4dfp.img
dimensions:      256       256       256
mmppix:       1.0000   -1.0000   -1.0000
center:     128.0000 -129.0000 -129.0000
rotation matrix determinant  1.000000
image alignment mode   4355 decimal     1103 hex
   -7.5000  -45.0000  -45.0000 1970.7916   23.5463
    0.0000  -45.0000  -45.0000 1959.6145   23.4266
    7.5000  -45.0000  -45.0000 1938.5253   23.8339
   -7.5000  -37.5000  -45.0000 2077.9272   21.6488
    0.0000  -37.5000  -45.0000 2067.6104   21.5788
    7.5000  -37.5000  -45.0000 2036.8767   21.7489
   -7.5000  -30.0000  -45.0000 2147.0452   20.3177
    0.0000  -30.0000  -45.0000 2136.3535   20.2512
    7.5000  -30.0000  -45.0000 2102.1006   20.4391
   -7.5000  -22.5000  -45.0000 2181.4341   19.4337
    0.0000  -22.5000  -45.0000 2171.1580   19.3252
    7.5000  -22.5000  -45.0000 2135.2339   19.5746
   -7.5000  -15.0000  -45.0000 2194.3386   18.7611
    0.0000  -15.0000  -45.0000 2189.5459   18.6946
    7.5000  -15.0000  -45.0000 2156.9155   19.0327
   -7.5000   -7.5000  -45.0000 2210.1221   18.5111
    0.0000   -7.5000  -45.0000 2202.2708   18.5277
    7.5000   -7.5000  -45.0000 2163.8066   18.9118
   -7.5000    0.0000  -45.0000 2195.2966   18.7989
    0.0000    0.0000  -45.0000 2187.1270   18.8190
    7.5000    0.0000  -45.0000 2144.7461   19.2542
   -7.5000    7.5000  -45.0000 2157.7061   19.4260
    0.0000    7.5000  -45.0000 2151.6594   19.4190
    7.5000    7.5000  -45.0000 2110.6531   19.8771
   -7.5000   15.0000  -45.0000 2106.3367   20.4401
    0.0000   15.0000  -45.0000 2101.8665   20.4017
    7.5000   15.0000  -45.0000 2064.4810   20.8536
   -7.5000   22.5000  -45.0000 2043.8966   21.9141
    0.0000   22.5000  -45.0000 2035.3884   21.8262
    7.5000   22.5000  -45.0000 1992.7826   22.3700
   -7.5000   30.0000  -45.0000 1959.9683   23.9092
    0.0000   30.0000  -45.0000 1953.0677   23.8562
    7.5000   30.0000  -45.0000 1906.6455   24.4702
   -7.5000   37.5000  -45.0000 1857.7737   26.6148
    0.0000   37.5000  -45.0000 1849.5122   26.5668
    7.5000   37.5000  -45.0000 1809.2521   27.2869
   -7.5000   45.0000  -45.0000 1746.0013   30.2879
    0.0000   45.0000  -45.0000 1742.3441   30.3632
    7.5000   45.0000  -45.0000 1706.7870   31.1510
   -7.5000  -45.0000  -37.5000 2072.9114   21.6587
    0.0000  -45.0000  -37.5000 2061.6072   21.5192
    7.5000  -45.0000  -37.5000 2035.0884   21.8326
   -7.5000  -37.5000  -37.5000 2186.0728   19.8579
    0.0000  -37.5000  -37.5000 2181.4121   19.7479
    7.5000  -37.5000  -37.5000 2145.0269   19.9495
   -7.5000  -30.0000  -37.5000 2257.4150   18.6447
    0.0000  -30.0000  -37.5000 2251.3506   18.5229
    7.5000  -30.0000  -37.5000 2213.4624   18.6948
   -7.5000  -22.5000  -37.5000 2297.7229   17.8273
    0.0000  -22.5000  -37.5000 2287.8896   17.7157
    7.5000  -22.5000  -37.5000 2252.1787   17.8922
   -7.5000  -15.0000  -37.5000 2309.3059   17.2770
    0.0000  -15.0000  -37.5000 2302.6819   17.1713
    7.5000  -15.0000  -37.5000 2267.3477   17.4154
   -7.5000   -7.5000  -37.5000 2311.7773   17.0378
    0.0000   -7.5000  -37.5000 2306.8572   17.0119
    7.5000   -7.5000  -37.5000 2271.3999   17.2817
   -7.5000    0.0000  -37.5000 2291.7903   17.1918
    0.0000    0.0000  -37.5000 2292.4741   17.1648
    7.5000    0.0000  -37.5000 2255.4661   17.4967
   -7.5000    7.5000  -37.5000 2265.2844   17.7558
    0.0000    7.5000  -37.5000 2267.5999   17.7034
    7.5000    7.5000  -37.5000 2226.7246   18.0865
   -7.5000   15.0000  -37.5000 2217.4927   18.7020
    0.0000   15.0000  -37.5000 2219.4053   18.6757
    7.5000   15.0000  -37.5000 2180.3391   19.0558
   -7.5000   22.5000  -37.5000 2147.8450   20.1571
    0.0000   22.5000  -37.5000 2145.7302   20.0560
    7.5000   22.5000  -37.5000 2108.3020   20.5106
   -7.5000   30.0000  -37.5000 2057.4785   21.9939
    0.0000   30.0000  -37.5000 2052.9543   21.9311
    7.5000   30.0000  -37.5000 2010.7855   22.4003
   -7.5000   37.5000  -37.5000 1944.1078   24.4090
    0.0000   37.5000  -37.5000 1939.3535   24.3432
    7.5000   37.5000  -37.5000 1900.5088   24.9478
   -7.5000   45.0000  -37.5000 1821.7755   27.7589
    0.0000   45.0000  -37.5000 1816.8732   27.7354
    7.5000   45.0000  -37.5000 1782.5258   28.4329
   -7.5000  -45.0000  -30.0000 2201.5449   20.6732
    0.0000  -45.0000  -30.0000 2196.0894   20.5457
    7.5000  -45.0000  -30.0000 2166.1992   20.8419
   -7.5000  -37.5000  -30.0000 2323.8572   18.8943
    0.0000  -37.5000  -30.0000 2317.3140   18.7814
    7.5000  -37.5000  -30.0000 2277.1938   19.0124
   -7.5000  -30.0000  -30.0000 2397.2224   17.7171
    0.0000  -30.0000  -30.0000 2394.8789   17.6118
    7.5000  -30.0000  -30.0000 2357.3042   17.8014
   -7.5000  -22.5000  -30.0000 2443.5430   16.9755
    0.0000  -22.5000  -30.0000 2439.0198   16.8646
    7.5000  -22.5000  -30.0000 2402.4958   17.0470
   -7.5000  -15.0000  -30.0000 2460.8738   16.4682
    0.0000  -15.0000  -30.0000 2456.4910   16.3991
    7.5000  -15.0000  -30.0000 2419.1750   16.6302
   -7.5000   -7.5000  -30.0000 2466.5439   16.2607
    0.0000   -7.5000  -30.0000 2466.8271   16.2067
    7.5000   -7.5000  -30.0000 2430.7700   16.4649
   -7.5000    0.0000  -30.0000 2447.9744   16.4104
    0.0000    0.0000  -30.0000 2452.7568   16.3671
    7.5000    0.0000  -30.0000 2415.0076   16.6403
   -7.5000    7.5000  -30.0000 2423.0486   16.9160
    0.0000    7.5000  -30.0000 2425.2295   16.8860
    7.5000    7.5000  -30.0000 2381.4983   17.1707
   -7.5000   15.0000  -30.0000 2368.2366   17.8700
    0.0000   15.0000  -30.0000 2368.7344   17.8250
    7.5000   15.0000  -30.0000 2326.7832   18.1728
   -7.5000   22.5000  -30.0000 2287.9985   19.2396
    0.0000   22.5000  -30.0000 2287.9963   19.2072
    7.5000   22.5000  -30.0000 2245.3086   19.5865
   -7.5000   30.0000  -30.0000 2182.7588   21.0265
    0.0000   30.0000  -30.0000 2182.5732   21.0168
    7.5000   30.0000  -30.0000 2138.0093   21.4307
   -7.5000   37.5000  -30.0000 2058.9304   23.3789
    0.0000   37.5000  -30.0000 2060.4517   23.3585
    7.5000   37.5000  -30.0000 2022.0530   23.8615
   -7.5000   45.0000  -30.0000 1926.6707   26.3945
    0.0000   45.0000  -30.0000 1927.0884   26.4467
    7.5000   45.0000  -30.0000 1893.1244   27.0171
   -7.5000  -45.0000  -22.5000 2303.7729   19.5789
    0.0000  -45.0000  -22.5000 2298.8157   19.4283
    7.5000  -45.0000  -22.5000 2256.7812   19.7294
   -7.5000  -37.5000  -22.5000 2427.8101   17.9044
    0.0000  -37.5000  -22.5000 2422.8584   17.7627
    7.5000  -37.5000  -22.5000 2380.8591   17.9858
   -7.5000  -30.0000  -22.5000 2509.7200   16.7279
    0.0000  -30.0000  -22.5000 2504.4460   16.6281
    7.5000  -30.0000  -22.5000 2469.1548   16.8228
   -7.5000  -22.5000  -22.5000 2564.4668   16.0142
    0.0000  -22.5000  -22.5000 2559.7039   15.9498
    7.5000  -22.5000  -22.5000 2519.9363   16.1281
   -7.5000  -15.0000  -22.5000 2593.4980   15.5425
    0.0000  -15.0000  -22.5000 2584.4309   15.5129
    7.5000  -15.0000  -22.5000 2547.1958   15.7391
   -7.5000   -7.5000  -22.5000 2605.2715   15.3556
    0.0000   -7.5000  -22.5000 2607.3096   15.2987
    7.5000   -7.5000  -22.5000 2567.3496   15.5673
   -7.5000    0.0000  -22.5000 2593.6980   15.5031
    0.0000    0.0000  -22.5000 2592.8069   15.4507
    7.5000    0.0000  -22.5000 2547.9729   15.7356
   -7.5000    7.5000  -22.5000 2555.7329   16.0332
    0.0000    7.5000  -22.5000 2556.2615   16.0046
    7.5000    7.5000  -22.5000 2507.6277   16.3007
   -7.5000   15.0000  -22.5000 2490.2485   16.9783
    0.0000   15.0000  -22.5000 2492.4722   16.9274
    7.5000   15.0000  -22.5000 2445.4307   17.2455
   -7.5000   22.5000  -22.5000 2400.4102   18.2515
    0.0000   22.5000  -22.5000 2402.1650   18.2291
    7.5000   22.5000  -22.5000 2354.0276   18.5655
   -7.5000   30.0000  -22.5000 2284.0078   19.9439
    0.0000   30.0000  -22.5000 2286.8728   19.9190
    7.5000   30.0000  -22.5000 2242.7405   20.3204
   -7.5000   37.5000  -22.5000 2151.9712   22.1602
    0.0000   37.5000  -22.5000 2152.1157   22.1614
    7.5000   37.5000  -22.5000 2116.5037   22.6402
   -7.5000   45.0000  -22.5000 2007.3434   25.1254
    0.0000   45.0000  -22.5000 2009.0167   25.1105
    7.5000   45.0000  -22.5000 1972.4968   25.6365
   -7.5000  -45.0000  -15.0000 2376.1477   18.5099
    0.0000  -45.0000  -15.0000 2366.4912   18.4039
    7.5000  -45.0000  -15.0000 2319.1343   18.6971
   -7.5000  -37.5000  -15.0000 2502.2175   16.8455
    0.0000  -37.5000  -15.0000 2493.9092   16.7664
    7.5000  -37.5000  -15.0000 2455.1348   17.0185
   -7.5000  -30.0000  -15.0000 2591.2625   15.7580
    0.0000  -30.0000  -15.0000 2587.0674   15.6558
    7.5000  -30.0000  -15.0000 2548.3875   15.8737
   -7.5000  -22.5000  -15.0000 2650.3274   15.0505
    0.0000  -22.5000  -15.0000 2649.5273   14.9835
    7.5000  -22.5000  -15.0000 2607.9045   15.1874
   -7.5000  -15.0000  -15.0000 2697.4546   14.6146
    0.0000  -15.0000  -15.0000 2690.5325   14.5971
    7.5000  -15.0000  -15.0000 2645.1680   14.8074
   -7.5000   -7.5000  -15.0000 2716.7917   14.4313
    0.0000   -7.5000  -15.0000 2715.7271   14.3886
    7.5000   -7.5000  -15.0000 2665.6829   14.6702
   -7.5000    0.0000  -15.0000 2704.0916   14.6190
    0.0000    0.0000  -15.0000 2703.2915   14.5397
    7.5000    0.0000  -15.0000 2650.5869   14.8377
   -7.5000    7.5000  -15.0000 2669.6240   15.1767
    0.0000    7.5000  -15.0000 2665.8425   15.1204
    7.5000    7.5000  -15.0000 2607.0037   15.4187
   -7.5000   15.0000  -15.0000 2590.7668   16.0927
    0.0000   15.0000  -15.0000 2592.6221   16.0317
    7.5000   15.0000  -15.0000 2533.2642   16.3110
   -7.5000   22.5000  -15.0000 2487.4243   17.2964
    0.0000   22.5000  -15.0000 2486.8420   17.2362
    7.5000   22.5000  -15.0000 2436.2688   17.5502
   -7.5000   30.0000  -15.0000 2364.5513   18.8978
    0.0000   30.0000  -15.0000 2366.5273   18.8757
    7.5000   30.0000  -15.0000 2320.7732   19.2331
   -7.5000   37.5000  -15.0000 2223.1311   21.0186
    0.0000   37.5000  -15.0000 2224.9463   21.0372
    7.5000   37.5000  -15.0000 2181.7124   21.4848
   -7.5000   45.0000  -15.0000 2068.5132   23.8297
    0.0000   45.0000  -15.0000 2068.0803   23.7996
    7.5000   45.0000  -15.0000 2028.1511   24.3675
   -7.5000  -45.0000   -7.5000 2423.1472   17.5416
    0.0000  -45.0000   -7.5000 2416.2771   17.4709
    7.5000  -45.0000   -7.5000 2371.5361   17.8382
   -7.5000  -37.5000   -7.5000 2561.6741   15.9323
    0.0000  -37.5000   -7.5000 2553.9153   15.8510
    7.5000  -37.5000   -7.5000 2511.5854   16.1450
   -7.5000  -30.0000   -7.5000 2661.4238   14.8335
    0.0000  -30.0000   -7.5000 2660.3743   14.7417
    7.5000  -30.0000   -7.5000 2616.4287   14.9722
   -7.5000  -22.5000   -7.5000 2738.4832   14.1938
    0.0000  -22.5000   -7.5000 2732.1980   14.0812
    7.5000  -22.5000   -7.5000 2683.6440   14.2768
   -7.5000  -15.0000   -7.5000 2785.4949   13.7255
    0.0000  -15.0000   -7.5000 2780.7642   13.6741
    7.5000  -15.0000   -7.5000 2723.0986   13.9049
   -7.5000   -7.5000   -7.5000 2810.2383   13.5423
    0.0000   -7.5000   -7.5000 2807.0256   13.4955
    7.5000   -7.5000   -7.5000 2749.0698   13.7905
   -7.5000    0.0000   -7.5000 2803.8589   13.7198
    0.0000    0.0000   -7.5000 2798.6292   13.6644
    7.5000    0.0000   -7.5000 2739.2126   13.9686
   -7.5000    7.5000   -7.5000 2761.2622   14.3102
    0.0000    7.5000   -7.5000 2759.6133   14.2522
    7.5000    7.5000   -7.5000 2694.3445   14.5351
   -7.5000   15.0000   -7.5000 2672.5193   15.2080
    0.0000   15.0000   -7.5000 2674.0171   15.1234
    7.5000   15.0000   -7.5000 2613.2275   15.3967
   -7.5000   22.5000   -7.5000 2560.3242   16.3878
    0.0000   22.5000   -7.5000 2562.1367   16.2905
    7.5000   22.5000   -7.5000 2511.4165   16.6010
   -7.5000   30.0000   -7.5000 2426.0193   17.9770
    0.0000   30.0000   -7.5000 2426.8154   17.8842
    7.5000   30.0000   -7.5000 2378.6082   18.2664
   -7.5000   37.5000   -7.5000 2279.9541   20.0642
    0.0000   37.5000   -7.5000 2279.1294   19.9884
    7.5000   37.5000   -7.5000 2232.3352   20.4408
   -7.5000   45.0000   -7.5000 2112.7754   22.7065
    0.0000   45.0000   -7.5000 2109.4495   22.6285
    7.5000   45.0000   -7.5000 2070.2942   23.1479
   -7.5000  -45.0000    0.0000 2454.4939   16.8019
    0.0000  -45.0000    0.0000 2456.6145   16.7769
    7.5000  -45.0000    0.0000 2415.1577   17.2132
   -7.5000  -37.5000    0.0000 2600.9236   15.2130
    0.0000  -37.5000    0.0000 2599.6995   15.1376
    7.5000  -37.5000    0.0000 2556.5518   15.5082
   -7.5000  -30.0000    0.0000 2714.2854   14.1099
    0.0000  -30.0000    0.0000 2713.3984   14.0220
    7.5000  -30.0000    0.0000 2667.3911   14.3242
   -7.5000  -22.5000    0.0000 2802.3936   13.4900
    0.0000  -22.5000    0.0000 2800.3286   13.3977
    7.5000  -22.5000    0.0000 2745.1194   13.6315
   -7.5000  -15.0000    0.0000 2865.0596   13.0501
    0.0000  -15.0000    0.0000 2860.8000   12.9899
    7.5000  -15.0000    0.0000 2787.8755   13.2808
   -7.5000   -7.5000    0.0000 2896.3584   12.8293
    0.0000   -7.5000    0.0000 2896.9773   12.7895
    7.5000   -7.5000    0.0000 2818.7715   13.1409
   -7.5000    0.0000    0.0000 2888.6987   13.0097
    0.0000    0.0000    0.0000 2889.7749   12.9735
    7.5000    0.0000    0.0000 2814.5344   13.3086
   -7.5000    7.5000    0.0000 2832.5256   13.5893
    0.0000    7.5000    0.0000 2834.7290   13.5229
    7.5000    7.5000    0.0000 2770.2446   13.8464
   -7.5000   15.0000    0.0000 2734.5276   14.5127
    0.0000   15.0000    0.0000 2739.2554   14.4442
    7.5000   15.0000    0.0000 2681.2585   14.7474
   -7.5000   22.5000    0.0000 2607.6389   15.7388
    0.0000   22.5000    0.0000 2615.1953   15.6760
    7.5000   22.5000    0.0000 2560.1367   16.0240
   -7.5000   30.0000    0.0000 2465.9453   17.3216
    0.0000   30.0000    0.0000 2470.8181   17.2892
    7.5000   30.0000    0.0000 2420.3765   17.6488
   -7.5000   37.5000    0.0000 2317.8171   19.3129
    0.0000   37.5000    0.0000 2317.8301   19.2867
    7.5000   37.5000    0.0000 2273.2861   19.6966
   -7.5000   45.0000    0.0000 2143.8811   21.8049
    0.0000   45.0000    0.0000 2144.3760   21.7797
    7.5000   45.0000    0.0000 2100.8147   22.3086
   -7.5000  -45.0000    7.5000 2480.4341   16.3282
    0.0000  -45.0000    7.5000 2486.4583   16.3749
    7.5000  -45.0000    7.5000 2447.9500   16.8835
   -7.5000  -37.5000    7.5000 2621.8501   14.7295
    0.0000  -37.5000    7.5000 2629.1946   14.7109
    7.5000  -37.5000    7.5000 2582.0637   15.1461
   -7.5000  -30.0000    7.5000 2743.3777   13.6117
    0.0000  -30.0000    7.5000 2750.9614   13.5800
    7.5000  -30.0000    7.5000 2700.6885   13.9345
   -7.5000  -22.5000    7.5000 2852.4958   12.9993
    0.0000  -22.5000    7.5000 2855.0701   12.9520
    7.5000  -22.5000    7.5000 2798.4150   13.2242
   -7.5000  -15.0000    7.5000 2932.9626   12.6269
    0.0000  -15.0000    7.5000 2929.3110   12.5831
    7.5000  -15.0000    7.5000 2851.9285   12.8888
   -7.5000   -7.5000    7.5000 2967.7122   12.3202
    0.0000   -7.5000    7.5000 2971.1929   12.3618
    7.5000   -7.5000    7.5000 2879.8394   12.7560
   -7.5000    0.0000    7.5000 2949.5840   12.5469
    0.0000    0.0000    7.5000 2957.0869   12.5544
    7.5000    0.0000    7.5000 2872.3474   12.9485
   -7.5000    7.5000    7.5000 2878.8594   13.1404
    0.0000    7.5000    7.5000 2889.0674   13.1629
    7.5000    7.5000    7.5000 2820.8184   13.5075
   -7.5000   15.0000    7.5000 2777.3342   14.0729
    0.0000   15.0000    7.5000 2789.3577   14.1194
    7.5000   15.0000    7.5000 2725.7319   14.4095
   -7.5000   22.5000    7.5000 2643.2952   15.3256
    0.0000   22.5000    7.5000 2652.9119   15.3744
    7.5000   22.5000    7.5000 2594.4119   15.6567
   -7.5000   30.0000    7.5000 2497.2244   16.9060
    0.0000   30.0000    7.5000 2499.4224   16.9530
    7.5000   30.0000    7.5000 2451.8782   17.2644
   -7.5000   37.5000    7.5000 2341.4763   18.8893
    0.0000   37.5000    7.5000 2339.7351   18.9290
    7.5000   37.5000    7.5000 2296.0417   19.3177
   -7.5000   45.0000    7.5000 2164.0242   21.3423
    0.0000   45.0000    7.5000 2163.7441   21.3899
    7.5000   45.0000    7.5000 2125.0903   21.8496
   -7.5000  -45.0000   15.0000 2481.6790   16.2047
    0.0000  -45.0000   15.0000 2491.2278   16.2024
    7.5000  -45.0000   15.0000 2458.8225   16.7306
   -7.5000  -37.5000   15.0000 2619.8682   14.5730
    0.0000  -37.5000   15.0000 2629.3792   14.5374
    7.5000  -37.5000   15.0000 2592.4248   15.0610
   -7.5000  -30.0000   15.0000 2748.7754   13.4205
    0.0000  -30.0000   15.0000 2756.0217   13.3744
    7.5000  -30.0000   15.0000 2712.7493   13.8507
   -7.5000  -22.5000   15.0000 2859.1890   12.7729
    0.0000  -22.5000   15.0000 2872.2549   12.7241
    7.5000  -22.5000   15.0000 2816.7080   13.1179
   -7.5000  -15.0000   15.0000 2938.1077   12.3557
    0.0000  -15.0000   15.0000 2951.7473   12.3260
    7.5000  -15.0000   15.0000 2875.6387   12.7311
   -7.5000   -7.5000   15.0000 2990.0032   12.2066
    0.0000   -7.5000   15.0000 3000.8655   12.2044
    7.5000   -7.5000   15.0000 2905.4587   12.6503
   -7.5000    0.0000   15.0000 2975.9241   12.4455
    0.0000    0.0000   15.0000 2980.4648   12.5241
    7.5000    0.0000   15.0000 2897.3506   12.8751
   -7.5000    7.5000   15.0000 2894.2705   13.0451
    0.0000    7.5000   15.0000 2900.4072   13.0911
    7.5000    7.5000   15.0000 2839.9580   13.4104
   -7.5000   15.0000   15.0000 2779.0159   13.9120
    0.0000   15.0000   15.0000 2791.7595   13.9519
    7.5000   15.0000   15.0000 2735.4451   14.2667
   -7.5000   22.5000   15.0000 2640.6562   15.1534
    0.0000   22.5000   15.0000 2654.3977   15.1940
    7.5000   22.5000   15.0000 2603.2861   15.5064
   -7.5000   30.0000   15.0000 2495.1763   16.7661
    0.0000   30.0000   15.0000 2497.1929   16.7967
    7.5000   30.0000   15.0000 2454.9089   17.1536
   -7.5000   37.5000   15.0000 2338.2771   18.7678
    0.0000   37.5000   15.0000 2339.8083   18.7872
    7.5000   37.5000   15.0000 2300.3779   19.1746
   -7.5000   45.0000   15.0000 2164.8396   21.2580
    0.0000   45.0000   15.0000 2165.6997   21.2565
    7.5000   45.0000   15.0000 2129.2700   21.7392
   -7.5000  -45.0000   22.5000 2480.1099   16.3505
    0.0000  -45.0000   22.5000 2487.9272   16.3020
    7.5000  -45.0000   22.5000 2455.6853   16.8510
   -7.5000  -37.5000   22.5000 2614.5784   14.7082
    0.0000  -37.5000   22.5000 2625.4060   14.6589
    7.5000  -37.5000   22.5000 2599.5933   15.2130
   -7.5000  -30.0000   22.5000 2741.0496   13.5864
    0.0000  -30.0000   22.5000 2757.7600   13.5296
    7.5000  -30.0000   22.5000 2723.3450   14.0365
   -7.5000  -22.5000   22.5000 2844.8677   12.9670
    0.0000  -22.5000   22.5000 2872.0137   12.8803
    7.5000  -22.5000   22.5000 2817.5500   13.3193
   -7.5000  -15.0000   22.5000 2924.8594   12.6466
    0.0000  -15.0000   22.5000 2933.5903   12.5154
    7.5000  -15.0000   22.5000 2873.5945   12.9600
   -7.5000   -7.5000   22.5000 2975.0479   12.6470
    0.0000   -7.5000   22.5000 2980.9338   12.5213
    7.5000   -7.5000   22.5000 2905.0012   12.9161
   -7.5000    0.0000   22.5000 2951.6511   12.9405
    0.0000    0.0000   22.5000 2954.0610   12.8051
    7.5000    0.0000   22.5000 2885.1375   13.1626
   -7.5000    7.5000   22.5000 2862.6704   13.4533
    0.0000    7.5000   22.5000 2869.8633   13.3381
    7.5000    7.5000   22.5000 2816.8862   13.6581
   -7.5000   15.0000   22.5000 2749.6660   14.2154
    0.0000   15.0000   22.5000 2758.6924   14.1366
    7.5000   15.0000   22.5000 2711.6353   14.4727
   -7.5000   22.5000   22.5000 2617.0444   15.3216
    0.0000   22.5000   22.5000 2625.5564   15.2620
    7.5000   22.5000   22.5000 2584.5554   15.6263
   -7.5000   30.0000   22.5000 2476.8767   16.7930
    0.0000   30.0000   22.5000 2480.2927   16.7843
    7.5000   30.0000   22.5000 2439.9807   17.1544
   -7.5000   37.5000   22.5000 2315.5374   18.7105
    0.0000   37.5000   22.5000 2320.0500   18.6981
    7.5000   37.5000   22.5000 2287.0483   19.0969
   -7.5000   45.0000   22.5000 2143.0071   21.2158
    0.0000   45.0000   22.5000 2147.8953   21.2008
    7.5000   45.0000   22.5000 2114.3032   21.6925
   -7.5000  -45.0000   30.0000 2461.8032   16.8012
    0.0000  -45.0000   30.0000 2469.2234   16.7057
    7.5000  -45.0000   30.0000 2437.5991   17.2043
   -7.5000  -37.5000   30.0000 2597.8413   15.2735
    0.0000  -37.5000   30.0000 2610.7488   15.1369
    7.5000  -37.5000   30.0000 2580.4209   15.6204
   -7.5000  -30.0000   30.0000 2719.8525   14.2113
    0.0000  -30.0000   30.0000 2734.3530   14.0605
    7.5000  -30.0000   30.0000 2699.3140   14.4938
   -7.5000  -22.5000   30.0000 2811.4182   13.5654
    0.0000  -22.5000   30.0000 2828.1582   13.3453
    7.5000  -22.5000   30.0000 2790.4167   13.8117
   -7.5000  -15.0000   30.0000 2875.7810   13.1973
    0.0000  -15.0000   30.0000 2884.9368   13.0176
    7.5000  -15.0000   30.0000 2841.3608   13.4349
   -7.5000   -7.5000   30.0000 2904.8320   13.1719
    0.0000   -7.5000   30.0000 2915.1477   13.0282
    7.5000   -7.5000   30.0000 2866.2080   13.3844
   -7.5000    0.0000   30.0000 2881.0764   13.4128
    0.0000    0.0000   30.0000 2886.2354   13.2702
    7.5000    0.0000   30.0000 2839.6909   13.5745
   -7.5000    7.5000   30.0000 2798.5569   13.9748
    0.0000    7.5000   30.0000 2805.7781   13.8291
    7.5000    7.5000   30.0000 2766.4707   14.1026
   -7.5000   15.0000   30.0000 2686.4314   14.7580
    0.0000   15.0000   30.0000 2693.7400   14.6305
    7.5000   15.0000   30.0000 2659.6218   14.9085
   -7.5000   22.5000   30.0000 2562.9075   15.8351
    0.0000   22.5000   30.0000 2573.5710   15.7027
    7.5000   22.5000   30.0000 2542.1616   16.0045
   -7.5000   30.0000   30.0000 2430.3801   17.2033
    0.0000   30.0000   30.0000 2434.6328   17.1239
    7.5000   30.0000   30.0000 2404.0476   17.4550
   -7.5000   37.5000   30.0000 2274.1938   19.0232
    0.0000   37.5000   30.0000 2281.0312   18.9580
    7.5000   37.5000   30.0000 2251.3174   19.3317
   -7.5000   45.0000   30.0000 2105.5820   21.4612
    0.0000   45.0000   30.0000 2112.5708   21.4253
    7.5000   45.0000   30.0000 2083.4050   21.8199
   -7.5000  -45.0000   37.5000 2438.9258   17.5916
    0.0000  -45.0000   37.5000 2448.7463   17.4594
    7.5000  -45.0000   37.5000 2411.4451   17.8763
   -7.5000  -37.5000   37.5000 2568.8450   16.0484
    0.0000  -37.5000   37.5000 2586.4319   15.9085
    7.5000  -37.5000   37.5000 2546.7708   16.2574
   -7.5000  -30.0000   37.5000 2680.8845   14.9132
    0.0000  -30.0000   37.5000 2699.4426   14.7623
    7.5000  -30.0000   37.5000 2662.5107   15.1522
   -7.5000  -22.5000   37.5000 2761.8337   14.1961
    0.0000  -22.5000   37.5000 2782.7834   14.0472
    7.5000  -22.5000   37.5000 2741.1150   14.4201
   -7.5000  -15.0000   37.5000 2809.1675   13.8228
    0.0000  -15.0000   37.5000 2823.6545   13.7279
    7.5000  -15.0000   37.5000 2784.5618   14.0568
   -7.5000   -7.5000   37.5000 2823.2698   13.8248
    0.0000   -7.5000   37.5000 2834.2349   13.6978
    7.5000   -7.5000   37.5000 2796.9146   14.0212
   -7.5000    0.0000   37.5000 2786.7927   14.0414
    0.0000    0.0000   37.5000 2802.6753   13.9010
    7.5000    0.0000   37.5000 2761.6794   14.2219
   -7.5000    7.5000   37.5000 2714.2673   14.6033
    0.0000    7.5000   37.5000 2726.2463   14.4578
    7.5000    7.5000   37.5000 2694.2732   14.7235
   -7.5000   15.0000   37.5000 2612.5171   15.3967
    0.0000   15.0000   37.5000 2621.4124   15.2723
    7.5000   15.0000   37.5000 2595.2200   15.5137
   -7.5000   22.5000   37.5000 2496.1548   16.4887
    0.0000   22.5000   37.5000 2509.0881   16.3813
    7.5000   22.5000   37.5000 2480.8357   16.5828
   -7.5000   30.0000   37.5000 2368.9829   17.8389
    0.0000   30.0000   37.5000 2373.6743   17.7480
    7.5000   30.0000   37.5000 2349.3218   17.9916
   -7.5000   37.5000   37.5000 2218.6243   19.6154
    0.0000   37.5000   37.5000 2228.6187   19.5615
    7.5000   37.5000   37.5000 2198.6912   19.8488
   -7.5000   45.0000   37.5000 2056.9714   21.9808
    0.0000   45.0000   37.5000 2069.2739   21.9751
    7.5000   45.0000   37.5000 2037.2891   22.3770
   -7.5000  -45.0000   45.0000 2392.4094   18.4666
    0.0000  -45.0000   45.0000 2413.4971   18.3638
    7.5000  -45.0000   45.0000 2369.5508   18.6566
   -7.5000  -37.5000   45.0000 2517.8403   16.8475
    0.0000  -37.5000   45.0000 2538.9355   16.7215
    7.5000  -37.5000   45.0000 2498.9375   17.0801
   -7.5000  -30.0000   45.0000 2617.1555   15.7104
    0.0000  -30.0000   45.0000 2641.4341   15.5717
    7.5000  -30.0000   45.0000 2603.6453   15.8845
   -7.5000  -22.5000   45.0000 2690.9065   15.0091
    0.0000  -22.5000   45.0000 2712.4534   14.8790
    7.5000  -22.5000   45.0000 2674.2534   15.1862
   -7.5000  -15.0000   45.0000 2720.0239   14.6685
    0.0000  -15.0000   45.0000 2737.3413   14.5749
    7.5000  -15.0000   45.0000 2708.2842   14.8568
   -7.5000   -7.5000   45.0000 2723.5068   14.6499
    0.0000   -7.5000   45.0000 2737.7832   14.5155
    7.5000   -7.5000   45.0000 2710.3633   14.8194
   -7.5000    0.0000   45.0000 2688.7815   14.8357
    0.0000    0.0000   45.0000 2703.9102   14.6797
    7.5000    0.0000   45.0000 2676.5281   15.0019
   -7.5000    7.5000   45.0000 2618.4746   15.3700
    0.0000    7.5000   45.0000 2631.7302   15.2101
    7.5000    7.5000   45.0000 2604.5461   15.4905
   -7.5000   15.0000   45.0000 2525.5557   16.1898
    0.0000   15.0000   45.0000 2537.6626   16.0291
    7.5000   15.0000   45.0000 2511.4243   16.2729
   -7.5000   22.5000   45.0000 2420.0815   17.2860
    0.0000   22.5000   45.0000 2427.7593   17.1505
    7.5000   22.5000   45.0000 2403.6577   17.3675
   -7.5000   30.0000   45.0000 2290.5325   18.6999
    0.0000   30.0000   45.0000 2302.6602   18.5689
    7.5000   30.0000   45.0000 2273.6335   18.8037
   -7.5000   37.5000   45.0000 2154.4912   20.5306
    0.0000   37.5000   45.0000 2165.3972   20.4468
    7.5000   37.5000   45.0000 2133.3264   20.7177
   -7.5000   45.0000   45.0000 1999.0883   22.9202
    0.0000   45.0000   45.0000 2006.6261   22.8458
    7.5000   45.0000   45.0000 1983.7476   23.2383

---------------------------------------------------------------------
imgreg_4dfp /opt/freesurfer/average/711-2C_as_mni_average_305 /opt/freesurfer/average/711-2B_as_mni_average_305_mask talsrcimg_g11 none talsrcimg_to_711-2C_as_mni_average_305_t4 1283
---------------------------------------------------------------------

freesurfer imgreg_4dfp.c
/opt/freesurfer/average/711-2C_as_mni_average_305.4dfp.img
       256       256       256         1
  1.000000  1.000000  1.000000
orientation T byte_order littleendian
Reading image: /opt/freesurfer/average/711-2C_as_mni_average_305.4dfp.img
dimensions:      256       256       256
mmppix:       1.0000   -1.0000   -1.0000
center:     128.0000 -129.0000 -129.0000
/opt/freesurfer/average/711-2B_as_mni_average_305_mask.4dfp.img
       256       256       256         1
  1.000000  1.000000  1.000000
orientation T byte_order littleendian
Reading mask: /opt/freesurfer/average/711-2B_as_mni_average_305_mask.4dfp.img (2306576 pixels)
talsrcimg_g11.4dfp.img
       256       256       256         1
  1.000000  1.000000  1.000000
orientation T byte_order littleendian
Reading image: talsrcimg_g11.4dfp.img
dimensions:      256       256       256
mmppix:       1.0000   -1.0000   -1.0000
center:     128.0000 -129.0000 -129.0000
rotation matrix determinant  1.000000
fimgreg.f
image alignment mode   1283 decimal      503 hex
parameters
    0.0000   -7.5000   15.0000    0.0000    0.0000    0.0000
eta,q 0.94370 12.15583
niter,ni,del,rscale     5    3   12.0000    1.2000
parameter  1  0.883125 ->  0.500000 qaram    1.1500
parameters
   -3.4500   -6.1391   16.1967    1.7219   -2.2347   -2.7157
eta,q 0.95024 12.01464
  0.0529  0.0680  0.0575  0.0639  0.0538  0.0508
  0.0519  0.0632  0.0550  0.0597  0.0514  0.0500
  0.0543  0.0570  0.0524  0.0543  0.0502  0.0497
  0.0582  0.0520  0.0514  0.0516  0.0514  0.0502
  0.0625  0.0516  0.0520  0.0515  0.0549  0.0526
  0.0678  0.0547  0.0513  0.0529  0.0595  0.0566
  0.0762  0.0597  0.0546  0.0555  0.0648  0.0611
niter,ni,del,rscale     5    3   12.0000    1.2000
parameters
   -3.4790   -6.4041   15.6385    1.7529   -2.2260   -2.9659
eta,q 0.95054 11.97416
  0.0673  0.0608  0.0537  0.0577  0.0559  0.0535
  0.0577  0.0540  0.0508  0.0525  0.0530  0.0510
  0.0507  0.0503  0.0492  0.0490  0.0508  0.0499
  0.0498  0.0497  0.0497  0.0494  0.0494  0.0494
  0.0527  0.0513  0.0506  0.0510  0.0500  0.0495
  0.0581  0.0565  0.0515  0.0535  0.0525  0.0512
  0.0668  0.0620  0.0557  0.0561  0.0565  0.0548
niter,ni,del,rscale     4    3   12.0000    1.2000
parameters
   -3.3787   -6.5124   15.6224    1.7729   -2.2699   -2.9269
eta,q 0.95047 11.97161
  0.0675  0.0610  0.0548  0.0577  0.0558  0.0539
  0.0579  0.0544  0.0512  0.0525  0.0528  0.0514
  0.0507  0.0503  0.0495  0.0492  0.0508  0.0501
  0.0495  0.0495  0.0495  0.0495  0.0495  0.0495
  0.0519  0.0506  0.0508  0.0512  0.0501  0.0495
  0.0571  0.0557  0.0513  0.0536  0.0526  0.0509
  0.0661  0.0614  0.0544  0.0561  0.0564  0.0542
niter,ni,del,rscale     3    3   12.0000    1.2000
parameters
   -3.3511   -6.5384   15.6146    1.7924   -2.3037   -2.9112
eta,q 0.95043 11.97119
  0.0671  0.0613  0.0548  0.0576  0.0558  0.0539
  0.0575  0.0546  0.0512  0.0525  0.0528  0.0514
  0.0506  0.0503  0.0495  0.0492  0.0508  0.0501
  0.0495  0.0495  0.0496  0.0495  0.0496  0.0496
  0.0520  0.0505  0.0508  0.0512  0.0501  0.0495
  0.0573  0.0554  0.0513  0.0536  0.0526  0.0510
  0.0663  0.0611  0.0543  0.0561  0.0564  0.0543
registration optimization eta report
parameter search radius
    6.9000    6.0000    6.0000    6.0000    6.0000    6.0000
100000*second partial in parameter space
       36.       33.       14.       21.       18.       13.
  0.0671  0.0613  0.0548  0.0576  0.0558  0.0539
  0.0575  0.0546  0.0512  0.0525  0.0528  0.0514
  0.0506  0.0503  0.0495  0.0492  0.0508  0.0501
  0.0495  0.0495  0.0496  0.0495  0.0496  0.0496
  0.0520  0.0505  0.0508  0.0512  0.0501  0.0495
  0.0573  0.0554  0.0513  0.0536  0.0526  0.0510
  0.0663  0.0611  0.0543  0.0561  0.0564  0.0543
   -3.3511   -6.5384   15.6146    1.7924   -2.3037   -2.9112
eta,q 0.95043 11.97119

---------------------------------------------------------------------
imgreg_4dfp /opt/freesurfer/average/711-2C_as_mni_average_305 /opt/freesurfer/average/711-2B_as_mni_average_305_mask talsrcimg_g11 none talsrcimg_to_711-2C_as_mni_average_305_t4 3335
---------------------------------------------------------------------

freesurfer imgreg_4dfp.c
/opt/freesurfer/average/711-2C_as_mni_average_305.4dfp.img
       256       256       256         1
  1.000000  1.000000  1.000000
orientation T byte_order littleendian
Reading image: /opt/freesurfer/average/711-2C_as_mni_average_305.4dfp.img
dimensions:      256       256       256
mmppix:       1.0000   -1.0000   -1.0000
center:     128.0000 -129.0000 -129.0000
/opt/freesurfer/average/711-2B_as_mni_average_305_mask.4dfp.img
       256       256       256         1
  1.000000  1.000000  1.000000
orientation T byte_order littleendian
Reading mask: /opt/freesurfer/average/711-2B_as_mni_average_305_mask.4dfp.img (2306576 pixels)
talsrcimg_g11.4dfp.img
       256       256       256         1
  1.000000  1.000000  1.000000
orientation T byte_order littleendian
Reading image: talsrcimg_g11.4dfp.img
dimensions:      256       256       256
mmppix:       1.0000   -1.0000   -1.0000
center:     128.0000 -129.0000 -129.0000
fimgreg.f
image alignment mode   3335 decimal      D07 hex
parameters
   -3.3511   -6.5384   15.6146   -0.2098   -0.1843   -0.1297
    5.2019    3.8537   -5.0747   -3.3278   -4.0197    3.1252
eta,q 0.95265 12.07177
niter,ni,del,rscale     5    3    5.0000    1.2000
parameter  4  1.471840 ->  0.500000 qaram    1.1500
parameter  5  2.628778 ->  0.500000 qaram    1.1500
parameter  6  1.638076 ->  0.500000 qaram    1.1500
parameter 12  0.950222 ->  0.500000 qaram    1.1500
parameters
   -2.9851   -6.0418   15.9842   -4.3498   -4.3243   -4.2697
    6.7031    7.3487   -2.8887   -5.6795   -2.9725   -1.0148
eta,q 0.96914 11.63349
  0.0507  0.0493  0.0490  0.0413  0.0354  0.0326  0.0369  0.0416  0.0363  0.0339  0.0346  0.0306
  0.0491  0.0483  0.0482  0.0424  0.0374  0.0336  0.0355  0.0386  0.0346  0.0325  0.0334  0.0308
  0.0480  0.0476  0.0476  0.0443  0.0398  0.0354  0.0345  0.0359  0.0333  0.0320  0.0325  0.0312
  0.0473  0.0472  0.0472  0.0471  0.0429  0.0380  0.0340  0.0340  0.0326  0.0323  0.0320  0.0319
  0.0473  0.0472  0.0471  0.0507  0.0462  0.0418  0.0340  0.0328  0.0323  0.0339  0.0319  0.0329
  0.0479  0.0474  0.0475  0.0548  0.0496  0.0457  0.0344  0.0327  0.0326  0.0364  0.0325  0.0343
  0.0492  0.0481  0.0483  0.0591  0.0537  0.0490  0.0352  0.0343  0.0335  0.0392  0.0335  0.0359
niter,ni,del,rscale     7    3    5.0000    1.2000
parameter  3  0.590401 ->  0.500000 qaram    1.1500
parameter  4  0.501695 ->  0.500000 qaram    1.3225
parameter  5  1.115745 ->  0.500000 qaram    1.3225
parameters
   -3.2048   -6.9626   14.6042   -9.1108   -9.0853   -6.1330
    5.7038    6.2934   -3.0055   -5.0462   -3.4763   -4.0690
eta,q 0.97404 11.28027
  0.0338  0.0314  0.0302  0.0296  0.0251  0.0295  0.0281  0.0295  0.0280  0.0299  0.0271  0.0265
  0.0321  0.0307  0.0296  0.0288  0.0255  0.0283  0.0270  0.0274  0.0270  0.0282  0.0265  0.0261
  0.0311  0.0305  0.0297  0.0286  0.0268  0.0269  0.0265  0.0263  0.0264  0.0269  0.0262  0.0260
  0.0309  0.0308  0.0305  0.0296  0.0287  0.0258  0.0264  0.0264  0.0262  0.0262  0.0261  0.0261
  0.0315  0.0317  0.0317  0.0320  0.0313  0.0276  0.0269  0.0273  0.0265  0.0262  0.0263  0.0266
  0.0330  0.0331  0.0331  0.0354  0.0347  0.0316  0.0280  0.0292  0.0271  0.0271  0.0268  0.0274
  0.0352  0.0349  0.0347  0.0398  0.0382  0.0371  0.0294  0.0320  0.0282  0.0290  0.0274  0.0286
niter,ni,del,rscale     7    3    5.0000    1.2000
parameters
   -3.1065   -6.8177   14.6306   -8.2950  -12.8152   -6.0180
    5.2505    6.2863   -3.1941   -4.5376   -3.6606   -4.0388
eta,q 0.97499 11.17317
  0.0292  0.0288  0.0282  0.0299  0.0267  0.0293  0.0272  0.0295  0.0267  0.0283  0.0262  0.0262
  0.0275  0.0272  0.0270  0.0281  0.0255  0.0278  0.0259  0.0272  0.0258  0.0266  0.0255  0.0256
  0.0264  0.0263  0.0263  0.0268  0.0251  0.0264  0.0252  0.0256  0.0252  0.0255  0.0251  0.0251
  0.0260  0.0259  0.0260  0.0259  0.0258  0.0251  0.0250  0.0250  0.0250  0.0250  0.0250  0.0250
  0.0262  0.0262  0.0261  0.0256  0.0275  0.0248  0.0255  0.0256  0.0253  0.0252  0.0252  0.0252
  0.0271  0.0269  0.0269  0.0266  0.0298  0.0267  0.0264  0.0271  0.0259  0.0260  0.0257  0.0256
  0.0288  0.0281  0.0282  0.0293  0.0333  0.0303  0.0278  0.0295  0.0269  0.0275  0.0263  0.0262
niter,ni,del,rscale     6    3    5.0000    1.2000
parameters
   -3.0911   -6.5169   14.8005   -7.7398  -13.3115   -6.0203
    5.2676    6.2696   -3.3019   -4.1909   -3.5837   -4.0104
eta,q 0.97514 11.17292
  0.0282  0.0281  0.0274  0.0288  0.0282  0.0292  0.0274  0.0294  0.0266  0.0279  0.0262  0.0261
  0.0265  0.0265  0.0263  0.0270  0.0267  0.0276  0.0260  0.0270  0.0257  0.0263  0.0255  0.0254
  0.0254  0.0255  0.0254  0.0258  0.0254  0.0262  0.0251  0.0254  0.0251  0.0252  0.0250  0.0250
  0.0250  0.0250  0.0250  0.0250  0.0248  0.0249  0.0249  0.0249  0.0249  0.0249  0.0249  0.0249
  0.0253  0.0251  0.0251  0.0247  0.0254  0.0248  0.0252  0.0254  0.0251  0.0251  0.0250  0.0250
  0.0264  0.0258  0.0258  0.0259  0.0270  0.0266  0.0261  0.0270  0.0257  0.0259  0.0255  0.0254
  0.0281  0.0268  0.0270  0.0285  0.0292  0.0304  0.0273  0.0295  0.0267  0.0273  0.0261  0.0261
niter,ni,del,rscale     5    3    5.0000    1.2000
parameters
   -3.0733   -6.4360   14.8069   -7.6478  -13.4053   -6.0675
    5.2915    6.2713   -3.3996   -4.0930   -3.5236   -4.0174
eta,q 0.97513 11.17118
  0.0281  0.0274  0.0271  0.0285  0.0284  0.0291  0.0274  0.0294  0.0266  0.0277  0.0262  0.0261
  0.0264  0.0260  0.0260  0.0268  0.0268  0.0276  0.0260  0.0270  0.0257  0.0261  0.0255  0.0254
  0.0253  0.0252  0.0253  0.0257  0.0255  0.0262  0.0251  0.0254  0.0251  0.0252  0.0250  0.0250
  0.0249  0.0249  0.0249  0.0249  0.0248  0.0249  0.0249  0.0249  0.0249  0.0249  0.0249  0.0249
  0.0252  0.0251  0.0250  0.0248  0.0252  0.0248  0.0252  0.0254  0.0251  0.0252  0.0250  0.0250
  0.0263  0.0259  0.0259  0.0261  0.0267  0.0266  0.0261  0.0270  0.0257  0.0260  0.0255  0.0254
  0.0280  0.0270  0.0272  0.0290  0.0288  0.0305  0.0273  0.0294  0.0267  0.0275  0.0262  0.0261
niter,ni,del,rscale     4    3    5.0000    1.2000
parameters
   -3.0688   -6.4097   14.7982   -7.6098  -13.4293   -6.0854
    5.3201    6.2700   -3.4569   -4.0537   -3.4764   -4.0048
eta,q 0.97512 11.17143
  0.0281  0.0273  0.0271  0.0285  0.0285  0.0292  0.0274  0.0294  0.0266  0.0276  0.0262  0.0261
  0.0264  0.0260  0.0260  0.0268  0.0269  0.0276  0.0260  0.0271  0.0257  0.0261  0.0255  0.0255
  0.0253  0.0251  0.0253  0.0257  0.0256  0.0262  0.0251  0.0255  0.0251  0.0251  0.0250  0.0250
  0.0249  0.0249  0.0249  0.0249  0.0249  0.0249  0.0249  0.0249  0.0249  0.0249  0.0249  0.0249
  0.0252  0.0252  0.0251  0.0248  0.0252  0.0248  0.0252  0.0254  0.0251  0.0252  0.0251  0.0250
  0.0263  0.0260  0.0259  0.0262  0.0267  0.0266  0.0261  0.0270  0.0257  0.0261  0.0255  0.0254
  0.0281  0.0271  0.0273  0.0291  0.0288  0.0304  0.0273  0.0295  0.0266  0.0275  0.0262  0.0261
niter,ni,del,rscale     3    3    5.0000    1.2000
parameters
   -3.0701   -6.4003   14.7914   -7.5940  -13.4423   -6.0976
    5.3357    6.2629   -3.4854   -4.0365   -3.4434   -3.9919
eta,q 0.97511 11.17130
  0.0281  0.0273  0.0271  0.0285  0.0285  0.0292  0.0274  0.0294  0.0266  0.0276  0.0262  0.0261
  0.0263  0.0259  0.0260  0.0268  0.0269  0.0276  0.0260  0.0271  0.0257  0.0261  0.0255  0.0255
  0.0253  0.0251  0.0253  0.0257  0.0256  0.0262  0.0251  0.0255  0.0251  0.0251  0.0250  0.0250
  0.0249  0.0249  0.0249  0.0249  0.0249  0.0249  0.0249  0.0249  0.0249  0.0249  0.0249  0.0249
  0.0252  0.0252  0.0251  0.0248  0.0252  0.0248  0.0252  0.0254  0.0251  0.0252  0.0251  0.0250
  0.0263  0.0260  0.0259  0.0262  0.0267  0.0266  0.0261  0.0270  0.0257  0.0261  0.0255  0.0255
  0.0281  0.0272  0.0272  0.0291  0.0288  0.0304  0.0273  0.0295  0.0266  0.0275  0.0262  0.0261
registration optimization eta report
parameter search radius
    2.4000    2.4000    2.7600    9.5220    9.5220    8.2800
    7.2000    7.2000    7.2000    7.2000    7.2000    8.2800
100000*second partial in parameter space
       55.       40.       30.        4.        4.        7.
        5.        9.        3.        5.        3.        2.
  0.0281  0.0273  0.0271  0.0285  0.0285  0.0292  0.0274  0.0294  0.0266  0.0276  0.0262  0.0261
  0.0263  0.0259  0.0260  0.0268  0.0269  0.0276  0.0260  0.0271  0.0257  0.0261  0.0255  0.0255
  0.0253  0.0251  0.0253  0.0257  0.0256  0.0262  0.0251  0.0255  0.0251  0.0251  0.0250  0.0250
  0.0249  0.0249  0.0249  0.0249  0.0249  0.0249  0.0249  0.0249  0.0249  0.0249  0.0249  0.0249
  0.0252  0.0252  0.0251  0.0248  0.0252  0.0248  0.0252  0.0254  0.0251  0.0252  0.0251  0.0250
  0.0263  0.0260  0.0259  0.0262  0.0267  0.0266  0.0261  0.0270  0.0257  0.0261  0.0255  0.0255
  0.0281  0.0272  0.0272  0.0291  0.0288  0.0304  0.0273  0.0295  0.0266  0.0275  0.0262  0.0261
   -3.0701   -6.4003   14.7914   -7.5940  -13.4423   -6.0976
    5.3357    6.2629   -3.4854   -4.0365   -3.4434   -3.9919
eta,q 0.97511 11.17130

---------------------------------------------------------------------
imgreg_4dfp /opt/freesurfer/average/711-2C_as_mni_average_305 /opt/freesurfer/average/711-2B_as_mni_average_305_mask talsrcimg_g11 none talsrcimg_to_711-2C_as_mni_average_305_t4 2311
---------------------------------------------------------------------

freesurfer imgreg_4dfp.c
/opt/freesurfer/average/711-2C_as_mni_average_305.4dfp.img
       256       256       256         1
  1.000000  1.000000  1.000000
orientation T byte_order littleendian
Reading image: /opt/freesurfer/average/711-2C_as_mni_average_305.4dfp.img
dimensions:      256       256       256
mmppix:       1.0000   -1.0000   -1.0000
center:     128.0000 -129.0000 -129.0000
/opt/freesurfer/average/711-2B_as_mni_average_305_mask.4dfp.img
       256       256       256         1
  1.000000  1.000000  1.000000
orientation T byte_order littleendian
Reading mask: /opt/freesurfer/average/711-2B_as_mni_average_305_mask.4dfp.img (2306576 pixels)
talsrcimg_g11.4dfp.img
       256       256       256         1
  1.000000  1.000000  1.000000
orientation T byte_order littleendian
Reading image: talsrcimg_g11.4dfp.img
dimensions:      256       256       256
mmppix:       1.0000   -1.0000   -1.0000
center:     128.0000 -129.0000 -129.0000
fimgreg.f
image alignment mode   2311 decimal      907 hex
parameters
   -3.0701   -6.4003   14.7914   -7.5940  -13.4423   -6.0976
    5.3357    6.2629   -3.4854   -4.0365   -3.4434   -3.9919
eta,q 0.97511 11.17130
niter,ni,del,rscale     5    3    5.0000    0.8000
parameters
   -3.0586   -6.4322   14.9098   -6.2487  -13.1120   -5.0345
    5.4192    6.5709   -3.1526   -3.9770   -2.7070   -3.9021
eta,q 0.97559 11.26156
  0.0263  0.0259  0.0258  0.0262  0.0260  0.0271  0.0257  0.0270  0.0254  0.0258  0.0254  0.0249
  0.0256  0.0253  0.0254  0.0257  0.0254  0.0263  0.0250  0.0258  0.0249  0.0250  0.0250  0.0246
  0.0251  0.0250  0.0251  0.0252  0.0249  0.0254  0.0246  0.0250  0.0246  0.0246  0.0246  0.0245
  0.0249  0.0249  0.0249  0.0249  0.0247  0.0247  0.0245  0.0245  0.0244  0.0244  0.0244  0.0244
  0.0250  0.0250  0.0249  0.0247  0.0248  0.0245  0.0246  0.0245  0.0245  0.0246  0.0244  0.0245
  0.0255  0.0254  0.0252  0.0248  0.0251  0.0249  0.0250  0.0253  0.0247  0.0250  0.0246  0.0246
  0.0263  0.0260  0.0256  0.0254  0.0258  0.0259  0.0256  0.0266  0.0252  0.0257  0.0250  0.0249
niter,ni,del,rscale     4    3    5.0000    0.7000
parameters
   -3.1853   -6.5504   14.7441   -6.4048  -12.7760   -4.9010
    5.5183    6.5696   -3.3157   -3.9531   -2.4203   -3.8039
eta,q 0.97564 11.27907
  0.0254  0.0251  0.0250  0.0253  0.0255  0.0264  0.0253  0.0262  0.0250  0.0254  0.0250  0.0247
  0.0248  0.0247  0.0246  0.0249  0.0249  0.0256  0.0248  0.0254  0.0246  0.0248  0.0247  0.0245
  0.0245  0.0244  0.0244  0.0246  0.0246  0.0249  0.0245  0.0247  0.0244  0.0245  0.0245  0.0244
  0.0244  0.0244  0.0244  0.0244  0.0244  0.0244  0.0244  0.0244  0.0244  0.0244  0.0244  0.0244
  0.0246  0.0246  0.0245  0.0245  0.0244  0.0244  0.0245  0.0245  0.0245  0.0244  0.0244  0.0244
  0.0251  0.0249  0.0249  0.0249  0.0247  0.0252  0.0248  0.0252  0.0247  0.0248  0.0246  0.0245
  0.0259  0.0254  0.0254  0.0256  0.0252  0.0264  0.0252  0.0264  0.0251  0.0254  0.0249  0.0247
niter,ni,del,rscale     3    3    5.0000    0.6000
parameters
   -3.2262   -6.5786   14.6980   -6.3329  -12.6990   -4.8061
    5.5959    6.5906   -3.3805   -3.9201   -2.2683   -3.7390
eta,q 0.97567 11.28854
  0.0252  0.0250  0.0249  0.0251  0.0251  0.0260  0.0251  0.0258  0.0248  0.0251  0.0248  0.0246
  0.0247  0.0246  0.0246  0.0248  0.0247  0.0253  0.0247  0.0251  0.0245  0.0247  0.0246  0.0245
  0.0244  0.0244  0.0244  0.0245  0.0245  0.0247  0.0244  0.0246  0.0244  0.0244  0.0244  0.0244
  0.0244  0.0244  0.0244  0.0244  0.0244  0.0243  0.0243  0.0243  0.0243  0.0243  0.0243  0.0243
  0.0245  0.0244  0.0244  0.0244  0.0244  0.0244  0.0244  0.0245  0.0244  0.0244  0.0244  0.0244
  0.0248  0.0247  0.0247  0.0247  0.0246  0.0250  0.0246  0.0250  0.0246  0.0247  0.0245  0.0244
  0.0253  0.0250  0.0250  0.0252  0.0251  0.0260  0.0250  0.0259  0.0248  0.0251  0.0248  0.0246
niter,ni,del,rscale     2    3    5.0000    0.5000
parameters
   -3.2402   -6.5909   14.6824   -6.2632  -12.6336   -4.7062
    5.6231    6.6375   -3.4029   -3.8767   -2.2009   -3.7431
eta,q 0.97568 11.29639
  0.0250  0.0248  0.0248  0.0249  0.0248  0.0256  0.0248  0.0254  0.0246  0.0249  0.0247  0.0245
  0.0246  0.0245  0.0245  0.0246  0.0246  0.0251  0.0245  0.0249  0.0245  0.0246  0.0245  0.0244
  0.0244  0.0244  0.0244  0.0244  0.0244  0.0246  0.0244  0.0245  0.0243  0.0244  0.0244  0.0243
  0.0243  0.0243  0.0243  0.0243  0.0243  0.0243  0.0243  0.0243  0.0243  0.0243  0.0243  0.0243
  0.0244  0.0244  0.0244  0.0244  0.0244  0.0244  0.0244  0.0244  0.0244  0.0244  0.0243  0.0243
  0.0246  0.0245  0.0245  0.0246  0.0245  0.0248  0.0245  0.0248  0.0245  0.0245  0.0245  0.0244
  0.0250  0.0248  0.0248  0.0249  0.0248  0.0256  0.0248  0.0254  0.0247  0.0249  0.0246  0.0245
niter,ni,del,rscale     1    3    5.0000    0.4000
parameters
   -3.2463   -6.6009   14.6676   -6.2147  -12.5803   -4.6153
    5.6307    6.6896   -3.3865   -3.8609   -2.1842   -3.7551
eta,q 0.97570 11.30210
  0.0247  0.0246  0.0246  0.0247  0.0246  0.0252  0.0246  0.0251  0.0245  0.0247  0.0245  0.0244
  0.0245  0.0244  0.0244  0.0245  0.0245  0.0248  0.0244  0.0247  0.0244  0.0245  0.0244  0.0244
  0.0244  0.0243  0.0243  0.0244  0.0244  0.0245  0.0243  0.0244  0.0243  0.0243  0.0243  0.0243
  0.0243  0.0243  0.0243  0.0243  0.0243  0.0243  0.0243  0.0243  0.0243  0.0243  0.0243  0.0243
  0.0244  0.0243  0.0243  0.0243  0.0243  0.0243  0.0243  0.0244  0.0243  0.0243  0.0243  0.0243
  0.0245  0.0244  0.0245  0.0245  0.0244  0.0246  0.0244  0.0246  0.0244  0.0244  0.0244  0.0244
  0.0247  0.0246  0.0246  0.0247  0.0246  0.0252  0.0246  0.0250  0.0245  0.0247  0.0245  0.0244
registration optimization eta report
parameter search radius
    0.8000    0.8000    0.8000    2.4000    2.4000    2.4000
    2.4000    2.4000    2.4000    2.4000    2.4000    2.4000
100000*second partial in parameter space
       66.       47.       46.        7.        6.       15.
        6.       13.        4.        6.        4.        2.
  0.0247  0.0246  0.0246  0.0247  0.0246  0.0252  0.0246  0.0251  0.0245  0.0247  0.0245  0.0244
  0.0245  0.0244  0.0244  0.0245  0.0245  0.0248  0.0244  0.0247  0.0244  0.0245  0.0244  0.0244
  0.0244  0.0243  0.0243  0.0244  0.0244  0.0245  0.0243  0.0244  0.0243  0.0243  0.0243  0.0243
  0.0243  0.0243  0.0243  0.0243  0.0243  0.0243  0.0243  0.0243  0.0243  0.0243  0.0243  0.0243
  0.0244  0.0243  0.0243  0.0243  0.0243  0.0243  0.0243  0.0244  0.0243  0.0243  0.0243  0.0243
  0.0245  0.0244  0.0245  0.0245  0.0244  0.0246  0.0244  0.0246  0.0244  0.0244  0.0244  0.0244
  0.0247  0.0246  0.0246  0.0247  0.0246  0.0252  0.0246  0.0250  0.0245  0.0247  0.0245  0.0244
   -3.2463   -6.6009   14.6676   -6.2147  -12.5803   -4.6153
    5.6307    6.6896   -3.3865   -3.8609   -2.1842   -3.7551
eta,q 0.97570 11.30210

---------------------------------------------------------------------
imgreg_4dfp /opt/freesurfer/average/711-2C_as_mni_average_305 /opt/freesurfer/average/711-2B_as_mni_average_305_mask talsrcimg_g11 none talsrcimg_to_711-2C_as_mni_average_305_t4 2311
---------------------------------------------------------------------

freesurfer imgreg_4dfp.c
/opt/freesurfer/average/711-2C_as_mni_average_305.4dfp.img
       256       256       256         1
  1.000000  1.000000  1.000000
orientation T byte_order littleendian
Reading image: /opt/freesurfer/average/711-2C_as_mni_average_305.4dfp.img
dimensions:      256       256       256
mmppix:       1.0000   -1.0000   -1.0000
center:     128.0000 -129.0000 -129.0000
/opt/freesurfer/average/711-2B_as_mni_average_305_mask.4dfp.img
       256       256       256         1
  1.000000  1.000000  1.000000
orientation T byte_order littleendian
Reading mask: /opt/freesurfer/average/711-2B_as_mni_average_305_mask.4dfp.img (2306576 pixels)
talsrcimg_g11.4dfp.img
       256       256       256         1
  1.000000  1.000000  1.000000
orientation T byte_order littleendian
Reading image: talsrcimg_g11.4dfp.img
dimensions:      256       256       256
mmppix:       1.0000   -1.0000   -1.0000
center:     128.0000 -129.0000 -129.0000
fimgreg.f
image alignment mode   2311 decimal      907 hex
parameters
   -3.2463   -6.6009   14.6676   -6.2147  -12.5803   -4.6153
    5.6307    6.6896   -3.3865   -3.8609   -2.1842   -3.7551
eta,q 0.97570 11.30210
niter,ni,del,rscale     5    3    5.0000    0.8000
parameters
   -3.2530   -6.5664   14.6552   -6.6585  -12.7490   -4.9775
    5.6654    6.4071   -3.5842   -3.9557   -2.2326   -3.7431
eta,q 0.97561 11.27160
  0.0260  0.0255  0.0254  0.0254  0.0255  0.0266  0.0256  0.0266  0.0252  0.0257  0.0251  0.0249
  0.0251  0.0248  0.0248  0.0249  0.0249  0.0257  0.0249  0.0255  0.0247  0.0250  0.0248  0.0246
  0.0245  0.0244  0.0244  0.0245  0.0245  0.0248  0.0245  0.0247  0.0245  0.0245  0.0245  0.0245
  0.0243  0.0243  0.0243  0.0243  0.0243  0.0243  0.0244  0.0244  0.0244  0.0244  0.0244  0.0244
  0.0245  0.0244  0.0244  0.0245  0.0245  0.0247  0.0245  0.0247  0.0245  0.0245  0.0245  0.0244
  0.0251  0.0248  0.0248  0.0251  0.0249  0.0260  0.0249  0.0257  0.0248  0.0250  0.0248  0.0246
  0.0260  0.0254  0.0254  0.0261  0.0257  0.0277  0.0255  0.0273  0.0253  0.0258  0.0252  0.0249
niter,ni,del,rscale     4    3    5.0000    0.7000
parameters
   -3.2480   -6.5513   14.6859   -6.4154  -12.7754   -4.9311
    5.6496    6.4460   -3.5311   -3.9096   -2.1943   -3.6992
eta,q 0.97564 11.28000
  0.0256  0.0253  0.0252  0.0254  0.0253  0.0264  0.0253  0.0263  0.0250  0.0254  0.0250  0.0247
  0.0250  0.0248  0.0248  0.0250  0.0248  0.0256  0.0248  0.0254  0.0247  0.0248  0.0247  0.0245
  0.0245  0.0245  0.0245  0.0246  0.0245  0.0249  0.0245  0.0247  0.0244  0.0245  0.0244  0.0244
  0.0244  0.0244  0.0244  0.0244  0.0244  0.0244  0.0244  0.0244  0.0244  0.0244  0.0244  0.0244
  0.0245  0.0245  0.0245  0.0244  0.0245  0.0244  0.0245  0.0245  0.0244  0.0244  0.0244  0.0244
  0.0249  0.0248  0.0247  0.0247  0.0248  0.0253  0.0248  0.0252  0.0246  0.0248  0.0246  0.0245
  0.0256  0.0252  0.0252  0.0253  0.0254  0.0266  0.0253  0.0264  0.0250  0.0254  0.0250  0.0247
niter,ni,del,rscale     3    3    5.0000    0.6000
parameters
   -3.2511   -6.5626   14.6892   -6.3019  -12.7170   -4.8297
    5.6455    6.5233   -3.5033   -3.8832   -2.1550   -3.6912
eta,q 0.97567 11.28899
  0.0253  0.0250  0.0250  0.0252  0.0251  0.0260  0.0250  0.0259  0.0248  0.0251  0.0248  0.0246
  0.0248  0.0246  0.0246  0.0248  0.0247  0.0253  0.0246  0.0251  0.0246  0.0247  0.0246  0.0245
  0.0245  0.0244  0.0244  0.0245  0.0245  0.0247  0.0244  0.0246  0.0244  0.0244  0.0244  0.0244
  0.0244  0.0244  0.0244  0.0244  0.0244  0.0243  0.0243  0.0243  0.0243  0.0243  0.0243  0.0243
  0.0245  0.0244  0.0244  0.0244  0.0244  0.0244  0.0244  0.0244  0.0244  0.0244  0.0244  0.0244
  0.0248  0.0247  0.0246  0.0246  0.0246  0.0250  0.0247  0.0250  0.0246  0.0247  0.0245  0.0245
  0.0253  0.0250  0.0250  0.0252  0.0251  0.0261  0.0250  0.0258  0.0248  0.0251  0.0248  0.0246
niter,ni,del,rscale     2    3    5.0000    0.5000
parameters
   -3.2507   -6.5826   14.6791   -6.2303  -12.6508   -4.7246
    5.6443    6.6000   -3.4557   -3.8656   -2.1464   -3.7040
eta,q 0.97569 11.29660
  0.0250  0.0248  0.0248  0.0249  0.0248  0.0256  0.0248  0.0254  0.0247  0.0249  0.0247  0.0245
  0.0246  0.0245  0.0245  0.0246  0.0246  0.0251  0.0245  0.0249  0.0245  0.0246  0.0245  0.0244
  0.0244  0.0244  0.0244  0.0244  0.0244  0.0246  0.0244  0.0245  0.0244  0.0244  0.0244  0.0243
  0.0243  0.0243  0.0243  0.0243  0.0243  0.0243  0.0243  0.0243  0.0243  0.0243  0.0243  0.0243
  0.0244  0.0244  0.0244  0.0244  0.0244  0.0244  0.0244  0.0244  0.0243  0.0244  0.0243  0.0243
  0.0246  0.0246  0.0245  0.0246  0.0245  0.0248  0.0245  0.0248  0.0245  0.0245  0.0245  0.0244
  0.0250  0.0248  0.0248  0.0249  0.0248  0.0256  0.0248  0.0254  0.0246  0.0249  0.0247  0.0245
niter,ni,del,rscale     1    3    5.0000    0.4000
parameters
   -3.2521   -6.5961   14.6722   -6.1941  -12.5989   -4.6199
    5.6428    6.6703   -3.4325   -3.8441   -2.1366   -3.7553
eta,q 0.97570 11.30222
  0.0247  0.0246  0.0246  0.0247  0.0247  0.0252  0.0246  0.0251  0.0245  0.0247  0.0245  0.0244
  0.0245  0.0244  0.0244  0.0245  0.0245  0.0248  0.0244  0.0247  0.0244  0.0245  0.0244  0.0244
  0.0244  0.0243  0.0243  0.0244  0.0244  0.0245  0.0243  0.0244  0.0243  0.0244  0.0243  0.0243
  0.0243  0.0243  0.0243  0.0243  0.0243  0.0243  0.0243  0.0243  0.0243  0.0243  0.0243  0.0243
  0.0244  0.0243  0.0243  0.0243  0.0243  0.0243  0.0243  0.0244  0.0243  0.0243  0.0243  0.0243
  0.0245  0.0244  0.0244  0.0245  0.0244  0.0246  0.0244  0.0246  0.0244  0.0244  0.0244  0.0244
  0.0247  0.0246  0.0246  0.0247  0.0246  0.0252  0.0246  0.0250  0.0245  0.0247  0.0245  0.0244
registration optimization eta report
parameter search radius
    0.8000    0.8000    0.8000    2.4000    2.4000    2.4000
    2.4000    2.4000    2.4000    2.4000    2.4000    2.4000
100000*second partial in parameter space
       66.       46.       45.        7.        6.       15.
        6.       13.        4.        6.        4.        2.
  0.0247  0.0246  0.0246  0.0247  0.0247  0.0252  0.0246  0.0251  0.0245  0.0247  0.0245  0.0244
  0.0245  0.0244  0.0244  0.0245  0.0245  0.0248  0.0244  0.0247  0.0244  0.0245  0.0244  0.0244
  0.0244  0.0243  0.0243  0.0244  0.0244  0.0245  0.0243  0.0244  0.0243  0.0244  0.0243  0.0243
  0.0243  0.0243  0.0243  0.0243  0.0243  0.0243  0.0243  0.0243  0.0243  0.0243  0.0243  0.0243
  0.0244  0.0243  0.0243  0.0243  0.0243  0.0243  0.0243  0.0244  0.0243  0.0243  0.0243  0.0243
  0.0245  0.0244  0.0244  0.0245  0.0244  0.0246  0.0244  0.0246  0.0244  0.0244  0.0244  0.0244
  0.0247  0.0246  0.0246  0.0247  0.0246  0.0252  0.0246  0.0250  0.0245  0.0247  0.0245  0.0244
   -3.2521   -6.5961   14.6722   -6.1941  -12.5989   -4.6199
    5.6428    6.6703   -3.4325   -3.8441   -2.1366   -3.7553
eta,q 0.97570 11.30222

---------------------------------------------------------------------
compute_vox2vox talsrcimg talsrcimg_to_711-2C_as_mni_average_305_t4 /opt/freesurfer/average/711-2C_as_mni_average_305
---------------------------------------------------------------------

freesurfer compute_vox2vox.c
Reading: talsrcimg.4dfp.ifh
Reading: talsrcimg_to_711-2C_as_mni_average_305_t4
Reading: /opt/freesurfer/average/711-2C_as_mni_average_305.4dfp.ifh
Writing: talsrcimg_to_711-2C_as_mni_average_305_t4_vox2vox.txt

start time Wed Mar 11 02:49:29 CET 2026
end		time Wed Mar 11 02:49:43 CET 2026

mpr2mni305 success

avi2talxfm orig_nu.mgz /opt/freesurfer/average/mni305.cor.mgz talsrcimg_to_711-2C_as_mni_average_305_t4_vox2vox.txt transforms/talairach.auto.xfm
avi2talxfm done
mv -f /out/sourcedata/freesurfer/sub-v2s12x28903_ses-1/mri/talsrcimg_to_711-2C_as_mni_average_305_t4_vox2vox.txt /out/sourcedata/freesurfer/sub-v2s12x28903_ses-1/mri/transforms/talsrcimg_to_711-2C_as_mni_average_305_t4_vox2vox.txt
lta_convert --src orig_nu.mgz --trg /opt/freesurfer/average/mni305.cor.mgz --inxfm transforms/talairach.auto.xfm --outlta transforms/talairach.auto.xfm.lta --subject fsaverage
7.3.2

--src: orig_nu.mgz src image (geometry).
--trg: /opt/freesurfer/average/mni305.cor.mgz trg image (geometry).
--inmni: transforms/talairach.auto.xfm input MNI/XFM transform.
--outlta: transforms/talairach.auto.xfm.lta output LTA.
--s: fsaverage subject name
 LTA read, type : 1
 1.06165  -0.07714  -0.07186   0.82068;
 0.02547   1.04841   0.04340  -31.59232;
 0.04281   0.04308   1.14324  -25.62405;
 0.00000   0.00000   0.00000   1.00000;
setting subject to fsaverage
Writing  LTA to file transforms/talairach.auto.xfm.lta...
lta_convert successful.
 
 
Started at Wed Mar 11 02:49:29 CET 2026
Ended   at Wed Mar 11 02:49:43 CET 2026
talairach_avi done
