status file for recon-all
Wed Mar 11 02:46:07 CET 2026
#@# MotionCor Wed Mar 11 02:46:08 CET 2026
#@# Talairach Wed Mar 11 02:46:16 CET 2026
#@# Talairach Failure Detection Wed Mar 11 02:50:42 CET 2026
#@# Nu Intensity Correction Wed Mar 11 02:50:42 CET 2026
#@# Intensity Normalization Wed Mar 11 02:53:58 CET 2026
recon-all -s sub-v2s12x28901_ses-1 finished without error at Wed Mar 11 02:55:28 CET 2026



#New# invocation of recon-all 



status file for recon-all
Wed Mar 11 03:02:53 CET 2026
#@# EM Registration Wed Mar 11 03:02:53 CET 2026
recon-all -s sub-v2s12x28901_ses-1 finished without error at Wed Mar 11 03:04:54 CET 2026



#New# invocation of recon-all 



status file for recon-all
Wed Mar 11 03:04:55 CET 2026
#@# CA Normalize Wed Mar 11 03:04:55 CET 2026
#@# CA Reg Wed Mar 11 03:06:19 CET 2026
#@# SubCort Seg Wed Mar 11 03:55:31 CET 2026
#@# CC Seg Wed Mar 11 04:24:46 CET 2026
#@# Merge ASeg Wed Mar 11 04:25:23 CET 2026
#@# Intensity Normalization2 Wed Mar 11 04:25:23 CET 2026
#@# Mask BFS Wed Mar 11 04:27:40 CET 2026
#@# WM Segmentation Wed Mar 11 04:27:40 CET 2026
#@# Fill Wed Mar 11 04:29:37 CET 2026
recon-all -s sub-v2s12x28901_ses-1 finished without error at Wed Mar 11 04:30:41 CET 2026



#New# invocation of recon-all 



status file for recon-all
Wed Mar 11 05:23:22 CET 2026
#@# white curv lh Wed Mar 11 05:23:22 CET 2026
#@# white area lh Wed Mar 11 05:23:22 CET 2026
#@# pial curv lh Wed Mar 11 05:23:22 CET 2026
#@# pial area lh Wed Mar 11 05:23:22 CET 2026
#@# thickness lh Wed Mar 11 05:23:22 CET 2026
#@# area and vertex vol lh Wed Mar 11 05:23:22 CET 2026
#@# white curv rh Wed Mar 11 05:23:22 CET 2026
#@# white area rh Wed Mar 11 05:23:22 CET 2026
#@# pial curv rh Wed Mar 11 05:23:22 CET 2026
#@# pial area rh Wed Mar 11 05:23:22 CET 2026
#@# thickness rh Wed Mar 11 05:23:22 CET 2026
#@# area and vertex vol rh Wed Mar 11 05:23:22 CET 2026
#@# Cortical ribbon mask Wed Mar 11 05:23:22 CET 2026
recon-all -s sub-v2s12x28901_ses-1 finished without error at Wed Mar 11 05:27:27 CET 2026



#New# invocation of recon-all 



status file for recon-all
Wed Mar 11 05:34:15 CET 2026
#@# white curv lh Wed Mar 11 05:34:15 CET 2026
#@# white area lh Wed Mar 11 05:34:15 CET 2026
#@# pial curv lh Wed Mar 11 05:34:15 CET 2026
#@# pial area lh Wed Mar 11 05:34:15 CET 2026
#@# thickness lh Wed Mar 11 05:34:15 CET 2026
#@# area and vertex vol lh Wed Mar 11 05:34:15 CET 2026
#@# white curv rh Wed Mar 11 05:34:15 CET 2026
#@# white area rh Wed Mar 11 05:34:15 CET 2026
#@# pial curv rh Wed Mar 11 05:34:15 CET 2026
#@# pial area rh Wed Mar 11 05:34:15 CET 2026
#@# thickness rh Wed Mar 11 05:34:15 CET 2026
#@# area and vertex vol rh Wed Mar 11 05:34:15 CET 2026
#@# Curvature Stats lh Wed Mar 11 05:34:15 CET 2026
#@# Curvature Stats rh Wed Mar 11 05:34:18 CET 2026
#@# Relabel Hypointensities Wed Mar 11 05:34:21 CET 2026
#@# APas-to-ASeg Wed Mar 11 05:34:37 CET 2026
#@# AParc-to-ASeg aparc Wed Mar 11 05:34:46 CET 2026
#@# AParc-to-ASeg aparc.a2009s Wed Mar 11 05:35:27 CET 2026
#@# AParc-to-ASeg aparc.DKTatlas Wed Mar 11 05:36:11 CET 2026
#@# WMParc Wed Mar 11 05:36:53 CET 2026
#@# ASeg Stats Wed Mar 11 05:40:30 CET 2026
recon-all -s sub-v2s12x28901_ses-1 finished without error at Wed Mar 11 05:41:05 CET 2026
