status file for recon-all
Wed Mar 11 04:57:59 CET 2026
#@# Tessellate rh Wed Mar 11 04:57:59 CET 2026
#@# Smooth1 rh Wed Mar 11 04:58:03 CET 2026
#@# Inflation1 rh Wed Mar 11 04:58:06 CET 2026
#@# QSphere rh Wed Mar 11 04:58:18 CET 2026
#@# Fix Topology rh Wed Mar 11 04:59:39 CET 2026
#@# Smooth2 rh Wed Mar 11 05:05:45 CET 2026
#@# Inflation2 rh Wed Mar 11 05:05:48 CET 2026
#@# Curv .H and .K rh Wed Mar 11 05:06:00 CET 2026
#@# Sphere rh Wed Mar 11 05:06:45 CET 2026
#@# Surf Reg rh Wed Mar 11 05:10:09 CET 2026
#@# Jacobian white rh Wed Mar 11 05:15:12 CET 2026
#@# AvgCurv rh Wed Mar 11 05:15:13 CET 2026
#@# Cortical Parc rh Wed Mar 11 05:15:13 CET 2026
#@# white curv rh Wed Mar 11 05:22:11 CET 2026
#@# white area rh Wed Mar 11 05:22:13 CET 2026
#@# pial curv rh Wed Mar 11 05:22:14 CET 2026
#@# pial area rh Wed Mar 11 05:22:16 CET 2026
#@# thickness rh Wed Mar 11 05:22:16 CET 2026
#@# area and vertex vol rh Wed Mar 11 05:22:46 CET 2026
#@# Curvature Stats rh Wed Mar 11 05:22:48 CET 2026
#@# Cortical Parc 2 rh Wed Mar 11 05:22:50 CET 2026
#@# Cortical Parc 3 rh Wed Mar 11 05:23:04 CET 2026
#@# WM/GM Contrast rh Wed Mar 11 05:23:14 CET 2026
recon-all -s sub-v2s12x28901_ses-1 finished without error at Wed Mar 11 05:23:17 CET 2026



#New# invocation of recon-all 



status file for recon-all
Wed Mar 11 05:30:52 CET 2026
#@# white curv rh Wed Mar 11 05:30:52 CET 2026
#@# white area rh Wed Mar 11 05:30:52 CET 2026
#@# pial curv rh Wed Mar 11 05:30:52 CET 2026
#@# pial area rh Wed Mar 11 05:30:52 CET 2026
#@# thickness rh Wed Mar 11 05:30:52 CET 2026
#@# area and vertex vol rh Wed Mar 11 05:30:52 CET 2026
#@# Parcellation Stats rh Wed Mar 11 05:30:52 CET 2026
#@# Parcellation Stats 2 rh Wed Mar 11 05:31:10 CET 2026
#@# Parcellation Stats 3 rh Wed Mar 11 05:31:19 CET 2026
#@# BA_exvivo Labels rh Wed Mar 11 05:31:28 CET 2026
recon-all -s sub-v2s12x28901_ses-1 finished without error at Wed Mar 11 05:34:09 CET 2026
