status file for recon-all
Wed Mar 11 00:39:28 CET 2026
#@# Tessellate rh Wed Mar 11 00:39:28 CET 2026
#@# Smooth1 rh Wed Mar 11 00:39:32 CET 2026
#@# Inflation1 rh Wed Mar 11 00:39:35 CET 2026
#@# QSphere rh Wed Mar 11 00:39:49 CET 2026
#@# Fix Topology rh Wed Mar 11 00:41:09 CET 2026
#@# Smooth2 rh Wed Mar 11 00:47:55 CET 2026
#@# Inflation2 rh Wed Mar 11 00:47:59 CET 2026
#@# Curv .H and .K rh Wed Mar 11 00:48:14 CET 2026
#@# Sphere rh Wed Mar 11 00:49:05 CET 2026
#@# Surf Reg rh Wed Mar 11 00:51:25 CET 2026
#@# Jacobian white rh Wed Mar 11 00:55:53 CET 2026
#@# AvgCurv rh Wed Mar 11 00:55:54 CET 2026
#@# Cortical Parc rh Wed Mar 11 00:55:55 CET 2026
#@# white curv rh Wed Mar 11 01:03:21 CET 2026
#@# white area rh Wed Mar 11 01:03:23 CET 2026
#@# pial curv rh Wed Mar 11 01:03:24 CET 2026
#@# pial area rh Wed Mar 11 01:03:26 CET 2026
#@# thickness rh Wed Mar 11 01:03:26 CET 2026
#@# area and vertex vol rh Wed Mar 11 01:04:00 CET 2026
#@# Curvature Stats rh Wed Mar 11 01:04:01 CET 2026
#@# Cortical Parc 2 rh Wed Mar 11 01:04:04 CET 2026
#@# Cortical Parc 3 rh Wed Mar 11 01:04:19 CET 2026
#@# WM/GM Contrast rh Wed Mar 11 01:04:30 CET 2026
recon-all -s sub-v2s12x28867_ses-1 finished without error at Wed Mar 11 01:04:33 CET 2026



#New# invocation of recon-all 



status file for recon-all
Wed Mar 11 01:16:37 CET 2026
#@# white curv rh Wed Mar 11 01:16:37 CET 2026
#@# white area rh Wed Mar 11 01:16:37 CET 2026
#@# pial curv rh Wed Mar 11 01:16:37 CET 2026
#@# pial area rh Wed Mar 11 01:16:37 CET 2026
#@# thickness rh Wed Mar 11 01:16:37 CET 2026
#@# area and vertex vol rh Wed Mar 11 01:16:37 CET 2026
#@# Parcellation Stats rh Wed Mar 11 01:16:37 CET 2026
#@# Parcellation Stats 2 rh Wed Mar 11 01:16:59 CET 2026
#@# Parcellation Stats 3 rh Wed Mar 11 01:17:11 CET 2026
#@# BA_exvivo Labels rh Wed Mar 11 01:17:22 CET 2026
recon-all -s sub-v2s12x28867_ses-1 finished without error at Wed Mar 11 01:20:17 CET 2026
