status file for recon-all
Tue Mar 10 22:33:38 CET 2026
#@# MotionCor Tue Mar 10 22:33:40 CET 2026
#@# Talairach Tue Mar 10 22:33:47 CET 2026
#@# Talairach Failure Detection Tue Mar 10 22:38:15 CET 2026
#@# Nu Intensity Correction Tue Mar 10 22:38:15 CET 2026
#@# Intensity Normalization Tue Mar 10 22:41:31 CET 2026
recon-all -s sub-v2s12x28867_ses-1 finished without error at Tue Mar 10 22:43:04 CET 2026



#New# invocation of recon-all 



status file for recon-all
Tue Mar 10 22:50:40 CET 2026
#@# EM Registration Tue Mar 10 22:50:40 CET 2026
recon-all -s sub-v2s12x28867_ses-1 finished without error at Tue Mar 10 22:52:42 CET 2026



#New# invocation of recon-all 



status file for recon-all
Tue Mar 10 22:52:45 CET 2026
#@# CA Normalize Tue Mar 10 22:52:45 CET 2026
#@# CA Reg Tue Mar 10 22:54:05 CET 2026
#@# SubCort Seg Tue Mar 10 23:37:38 CET 2026
#@# CC Seg Wed Mar 11 00:09:19 CET 2026
#@# Merge ASeg Wed Mar 11 00:09:52 CET 2026
#@# Intensity Normalization2 Wed Mar 11 00:09:52 CET 2026
#@# Mask BFS Wed Mar 11 00:12:09 CET 2026
#@# WM Segmentation Wed Mar 11 00:12:09 CET 2026
#@# Fill Wed Mar 11 00:14:10 CET 2026
recon-all -s sub-v2s12x28867_ses-1 finished without error at Wed Mar 11 00:15:16 CET 2026



#New# invocation of recon-all 



status file for recon-all
Wed Mar 11 01:04:36 CET 2026
#@# white curv lh Wed Mar 11 01:04:36 CET 2026
#@# white area lh Wed Mar 11 01:04:36 CET 2026
#@# pial curv lh Wed Mar 11 01:04:36 CET 2026
#@# pial area lh Wed Mar 11 01:04:36 CET 2026
#@# thickness lh Wed Mar 11 01:04:36 CET 2026
#@# area and vertex vol lh Wed Mar 11 01:04:37 CET 2026
#@# white curv rh Wed Mar 11 01:04:37 CET 2026
#@# white area rh Wed Mar 11 01:04:37 CET 2026
#@# pial curv rh Wed Mar 11 01:04:37 CET 2026
#@# pial area rh Wed Mar 11 01:04:37 CET 2026
#@# thickness rh Wed Mar 11 01:04:37 CET 2026
#@# area and vertex vol rh Wed Mar 11 01:04:37 CET 2026
#@# Cortical ribbon mask Wed Mar 11 01:04:37 CET 2026
recon-all -s sub-v2s12x28867_ses-1 finished without error at Wed Mar 11 01:12:56 CET 2026



#New# invocation of recon-all 



status file for recon-all
Wed Mar 11 01:20:22 CET 2026
#@# white curv lh Wed Mar 11 01:20:22 CET 2026
#@# white area lh Wed Mar 11 01:20:22 CET 2026
#@# pial curv lh Wed Mar 11 01:20:22 CET 2026
#@# pial area lh Wed Mar 11 01:20:22 CET 2026
#@# thickness lh Wed Mar 11 01:20:22 CET 2026
#@# area and vertex vol lh Wed Mar 11 01:20:22 CET 2026
#@# white curv rh Wed Mar 11 01:20:22 CET 2026
#@# white area rh Wed Mar 11 01:20:22 CET 2026
#@# pial curv rh Wed Mar 11 01:20:22 CET 2026
#@# pial area rh Wed Mar 11 01:20:22 CET 2026
#@# thickness rh Wed Mar 11 01:20:22 CET 2026
#@# area and vertex vol rh Wed Mar 11 01:20:22 CET 2026
#@# Curvature Stats lh Wed Mar 11 01:20:22 CET 2026
#@# Curvature Stats rh Wed Mar 11 01:20:25 CET 2026
#@# Relabel Hypointensities Wed Mar 11 01:20:27 CET 2026
#@# APas-to-ASeg Wed Mar 11 01:20:43 CET 2026
#@# AParc-to-ASeg aparc Wed Mar 11 01:20:52 CET 2026
#@# AParc-to-ASeg aparc.a2009s Wed Mar 11 01:21:37 CET 2026
#@# AParc-to-ASeg aparc.DKTatlas Wed Mar 11 01:22:22 CET 2026
#@# WMParc Wed Mar 11 01:23:02 CET 2026
#@# ASeg Stats Wed Mar 11 01:27:17 CET 2026
recon-all -s sub-v2s12x28867_ses-1 finished without error at Wed Mar 11 01:27:55 CET 2026
