/out/sourcedata/freesurfer/sub-v2s12x28900_ses-1/mri
/opt/freesurfer/bin/talairach_avi
--i orig_nu.mgz --xfm transforms/talairach.auto.xfm
talairach_avi 7.3.2
Linux dna054 5.14.0-427.37.1.el9_4.x86_64 #1 SMP PREEMPT_DYNAMIC Fri Sep 13 12:41:50 EDT 2024 x86_64 x86_64 x86_64 GNU/Linux
Wed Mar 11 02:49:22 CET 2026
mri_convert orig_nu.mgz talsrcimg.img 
reading from orig_nu.mgz...
TR=0.00, TE=0.00, TI=0.00, flip angle=0.00
i_ras = (-1, 0, 0)
j_ras = (0, 0, -1)
k_ras = (0, 1, 0)
writing to talsrcimg.img...
Analyze Output Matrix
-1.00000   0.00000   0.00000   131.84351;
 0.00000   0.00000   1.00000  -124.98399;
 0.00000  -1.00000   0.00000   151.64799;
 0.00000   0.00000   0.00000   1.00000;
--------------------
INFO: set hdr.hist.orient to -1
mpr2mni305 talsrcimg
Wed Mar 11 02:49:22 CET 2026
/opt/freesurfer/bin/mpr2mni305 talsrcimg
mpr2mni305 7.3.2
target=711-2C_as_mni_average_305

---------------------------------------------------------------------
analyzeto4dfp talsrcimg -O0 -y
---------------------------------------------------------------------

freesurfer ifh2hdr.c
Wed Mar 11 02:49:22 2026
Writing: talsrcimg.4dfp.hdr
freesurfer analyzeto4dfp.c
Reading: talsrcimg.hdr
header size 348 bytes
hdr.dime.datatype	offset=70	value=2
hdr.dime.bitpix		offset=72	value=8
hdr.hist.orient		offset=252	value=-1
dimensionality     4
dimensions       256       256       256         1
Reading: talsrcimg.img
Writing: talsrcimg.4dfp.img
Writing: talsrcimg.4dfp.ifh
ifh2hdr talsrcimg -r0to227
ori=2

---------------------------------------------------------------------
gauss_4dfp talsrcimg 1.1
---------------------------------------------------------------------

freesurfer gauss_4dfp.c
Reading: talsrcimg.4dfp.img
Writing: talsrcimg_g11.4dfp.img
image dimensions 256 256 256 padded to 288 288 288
processing volume 1freesurfer ifh2hdr.c
Wed Mar 11 02:49:24 2026
Writing: talsrcimg_g11.4dfp.hdr

Writing: talsrcimg_g11.4dfp.ifh
including: talsrcimg.4dfp.img.rec in talsrcimg_g11.4dfp.img.rec

---------------------------------------------------------------------
imgreg_4dfp /opt/freesurfer/average/711-2C_as_mni_average_305 none talsrcimg_g11 none talsrcimg_to_711-2C_as_mni_average_305_t4 4355
---------------------------------------------------------------------

freesurfer imgreg_4dfp.c
/opt/freesurfer/average/711-2C_as_mni_average_305.4dfp.img
       256       256       256         1
  1.000000  1.000000  1.000000
orientation T byte_order littleendian
Reading image: /opt/freesurfer/average/711-2C_as_mni_average_305.4dfp.img
dimensions:      256       256       256
mmppix:       1.0000   -1.0000   -1.0000
center:     128.0000 -129.0000 -129.0000
talsrcimg_g11.4dfp.img
       256       256       256         1
  1.000000  1.000000  1.000000
orientation T byte_order littleendian
Reading image: talsrcimg_g11.4dfp.img
dimensions:      256       256       256
mmppix:       1.0000   -1.0000   -1.0000
center:     128.0000 -129.0000 -129.0000
t4_read: open error in t4_sub.f l:  41 t4_file(1:l)talsrcimg_to_711-2C_as_mni_average_305_t4 
t4_read: transform initialized to I4
rotation matrix determinant  1.000000
image alignment mode   4355 decimal     1103 hex
   -7.5000  -45.0000  -45.0000 6420.6812   21.1406
    0.0000  -45.0000  -45.0000 6656.8960   21.1029
    7.5000  -45.0000  -45.0000 6399.4727   21.0813
   -7.5000  -37.5000  -45.0000 6934.0518   20.9190
    0.0000  -37.5000  -45.0000 7202.3076   20.8820
    7.5000  -37.5000  -45.0000 6900.3936   20.8481
   -7.5000  -30.0000  -45.0000 7774.0317   20.9107
    0.0000  -30.0000  -45.0000 8093.4614   20.8708
    7.5000  -30.0000  -45.0000 7752.4365   20.8275
   -7.5000  -22.5000  -45.0000 8583.0527   20.8802
    0.0000  -22.5000  -45.0000 8963.0000   20.8367
    7.5000  -22.5000  -45.0000 8582.2305   20.7989
   -7.5000  -15.0000  -45.0000 9344.7441   20.8485
    0.0000  -15.0000  -45.0000 9786.1260   20.8036
    7.5000  -15.0000  -45.0000 9361.3965   20.7785
   -7.5000   -7.5000  -45.000010045.4229   20.8458
    0.0000   -7.5000  -45.000010519.2988   20.8042
    7.5000   -7.5000  -45.000010088.2949   20.7866
   -7.5000    0.0000  -45.000010660.8848   20.8742
    0.0000    0.0000  -45.000011165.8105   20.8368
    7.5000    0.0000  -45.000010679.5342   20.8159
   -7.5000    7.5000  -45.000010531.7021   20.9074
    0.0000    7.5000  -45.000011012.7129   20.8703
    7.5000    7.5000  -45.000010528.2568   20.8365
   -7.5000   15.0000  -45.000010269.2822   20.9107
    0.0000   15.0000  -45.000010743.9756   20.8708
    7.5000   15.0000  -45.000010275.6934   20.8275
   -7.5000   22.5000  -45.0000 9905.3457   20.8773
    0.0000   22.5000  -45.000010379.4092   20.8338
    7.5000   22.5000  -45.0000 9957.6992   20.7960
   -7.5000   30.0000  -45.0000 9402.4678   20.5706
    0.0000   30.0000  -45.0000 9849.0908   20.5264
    7.5000   30.0000  -45.0000 9451.5205   20.5016
   -7.5000   37.5000  -45.0000 9161.2451   20.5680
    0.0000   37.5000  -45.0000 9564.8613   20.5270
    7.5000   37.5000  -45.0000 9178.1201   20.5096
   -7.5000   45.0000  -45.0000 8506.3154   20.0731
    0.0000   45.0000  -45.0000 8900.4971   20.0370
    7.5000   45.0000  -45.0000 8510.7637   20.0170
   -7.5000  -45.0000  -37.5000 6815.1782   20.8564
    0.0000  -45.0000  -37.5000 7079.0229   20.8169
    7.5000  -45.0000  -37.5000 6784.3013   20.7849
   -7.5000  -37.5000  -37.5000 7356.3628   20.6391
    0.0000  -37.5000  -37.5000 7659.7739   20.5992
    7.5000  -37.5000  -37.5000 7322.2104   20.5603
   -7.5000  -30.0000  -37.5000 8235.8975   20.6439
    0.0000  -30.0000  -37.5000 8604.4014   20.6005
    7.5000  -30.0000  -37.5000 8217.8438   20.5505
   -7.5000  -22.5000  -37.5000 9120.0859   20.6284
    0.0000  -22.5000  -37.5000 9539.9775   20.5814
    7.5000  -22.5000  -37.5000 9121.5273   20.5300
   -7.5000  -15.0000  -37.5000 9949.8428   20.5997
    0.0000  -15.0000  -37.500010421.4463   20.5520
    7.5000  -15.0000  -37.5000 9958.1631   20.5078
   -7.5000   -7.5000  -37.500010704.9639   20.5848
    0.0000   -7.5000  -37.500011187.5371   20.5417
    7.5000   -7.5000  -37.500010697.3057   20.5070
   -7.5000    0.0000  -37.500011312.1836   20.5976
    0.0000    0.0000  -37.500011867.2832   20.5585
    7.5000    0.0000  -37.500011303.3633   20.5278
   -7.5000    7.5000  -37.500011127.1914   20.6278
    0.0000    7.5000  -37.500011666.7754   20.5879
    7.5000    7.5000  -37.500011130.1553   20.5491
   -7.5000   15.0000  -37.500010826.8252   20.6439
    0.0000   15.0000  -37.500011355.6006   20.6005
    7.5000   15.0000  -37.500010848.8770   20.5505
   -7.5000   22.5000  -37.500010461.0762   20.6256
    0.0000   22.5000  -37.500010982.6680   20.5786
    7.5000   22.5000  -37.500010499.2578   20.5272
   -7.5000   30.0000  -37.5000 9996.3477   20.3251
    0.0000   30.0000  -37.500010457.7930   20.2781
    7.5000   30.0000  -37.5000 9986.0840   20.2345
   -7.5000   37.5000  -37.5000 9731.1475   20.3105
    0.0000   37.5000  -37.500010168.2080   20.2680
    7.5000   37.5000  -37.5000 9700.6836   20.2337
   -7.5000   45.0000  -37.5000 9018.4238   19.8070
    0.0000   45.0000  -37.5000 9416.6572   19.7695
    7.5000   45.0000  -37.5000 8967.6289   19.7400
   -7.5000  -45.0000  -30.0000 7283.0928   21.5006
    0.0000  -45.0000  -30.0000 7578.1460   21.4657
    7.5000  -45.0000  -30.0000 7272.2466   21.4349
   -7.5000  -37.5000  -30.0000 7906.0454   21.2757
    0.0000  -37.5000  -30.0000 8250.9561   21.2411
    7.5000  -37.5000  -30.0000 7887.7461   21.2032
   -7.5000  -30.0000  -30.0000 8875.0723   21.2991
    0.0000  -30.0000  -30.0000 9296.5537   21.2609
    7.5000  -30.0000  -30.0000 8869.4248   21.2117
   -7.5000  -22.5000  -30.0000 9854.2627   21.3066
    0.0000  -22.5000  -30.000010303.0166   21.2630
    7.5000  -22.5000  -30.0000 9842.2588   21.2120
   -7.5000  -15.0000  -30.000010730.1133   21.2842
    0.0000  -15.0000  -30.000011230.6855   21.2385
    7.5000  -15.0000  -30.000010709.9863   21.1943
   -7.5000   -7.5000  -30.000011507.2646   21.2499
    0.0000   -7.5000  -30.000012042.1328   21.2096
    7.5000   -7.5000  -30.000011483.1514   21.1751
   -7.5000    0.0000  -30.000012161.3242   21.2375
    0.0000    0.0000  -30.000012783.5342   21.2027
    7.5000    0.0000  -30.000012172.6719   21.1730
   -7.5000    7.5000  -30.000011950.2773   21.2643
    0.0000    7.5000  -30.000012557.0586   21.2296
    7.5000    7.5000  -30.000011979.5605   21.1917
   -7.5000   15.0000  -30.000011629.1641   21.2991
    0.0000   15.0000  -30.000012197.3311   21.2609
    7.5000   15.0000  -30.000011639.7783   21.2117
   -7.5000   22.5000  -30.000011232.2480   21.3015
    0.0000   22.5000  -30.000011774.2021   21.2579
    7.5000   22.5000  -30.000011246.9629   21.2069
   -7.5000   30.0000  -30.000010709.4189   21.0026
    0.0000   30.0000  -30.000011207.8545   20.9575
    7.5000   30.0000  -30.000010704.1875   20.9138
   -7.5000   37.5000  -30.000010390.8916   20.9688
    0.0000   37.5000  -30.000010885.0391   20.9290
    7.5000   37.5000  -30.000010397.6357   20.8949
   -7.5000   45.0000  -30.0000 9610.5244   20.4374
    0.0000   45.0000  -30.000010060.0811   20.4039
    7.5000   45.0000  -30.0000 9582.9346   20.3754
   -7.5000  -45.0000  -22.5000 7867.3750   22.2278
    0.0000  -45.0000  -22.5000 8187.4321   22.2002
    7.5000  -45.0000  -22.5000 7852.5557   22.1823
   -7.5000  -37.5000  -22.5000 8549.6904   21.9897
    0.0000  -37.5000  -22.5000 8925.7578   21.9648
    7.5000  -37.5000  -22.5000 8531.7061   21.9345
   -7.5000  -30.0000  -22.5000 9613.9033   22.0091
    0.0000  -30.0000  -22.500010055.3936   21.9821
    7.5000  -30.0000  -22.5000 9608.1396   21.9442
   -7.5000  -22.5000  -22.500010660.6338   22.0198
    0.0000  -22.5000  -22.500011161.2305   21.9855
    7.5000  -22.5000  -22.500010643.5459   21.9541
   -7.5000  -15.0000  -22.500011605.0732   22.0049
    0.0000  -15.0000  -22.500012154.5811   21.9663
    7.5000  -15.0000  -22.500011602.0020   21.9460
   -7.5000   -7.5000  -22.500012474.9980   21.9730
    0.0000   -7.5000  -22.500013046.7900   21.9385
    7.5000   -7.5000  -22.500012454.4258   21.9240
   -7.5000    0.0000  -22.500013253.3447   21.9566
    0.0000    0.0000  -22.500013868.5879   21.9286
    7.5000    0.0000  -22.500013231.0586   21.9106
   -7.5000    7.5000  -22.500012991.6152   21.9779
    0.0000    7.5000  -22.500013600.0449   21.9528
    7.5000    7.5000  -22.500012984.2305   21.9226
   -7.5000   15.0000  -22.500012586.1475   22.0091
    0.0000   15.0000  -22.500013179.5352   21.9821
    7.5000   15.0000  -22.500012582.5996   21.9442
   -7.5000   22.5000  -22.500012093.3291   22.0130
    0.0000   22.5000  -22.500012662.9697   21.9788
    7.5000   22.5000  -22.500012114.5781   21.9473
   -7.5000   30.0000  -22.500011541.0703   21.7171
    0.0000   30.0000  -22.500012081.6191   21.6789
    7.5000   30.0000  -22.500011553.9893   21.6590
   -7.5000   37.5000  -22.500011195.2012   21.6855
    0.0000   37.5000  -22.500011742.3535   21.6515
    7.5000   37.5000  -22.500011221.6123   21.6372
   -7.5000   45.0000  -22.500010330.4775   21.1453
    0.0000   45.0000  -22.500010839.4854   21.1183
    7.5000   45.0000  -22.500010343.3496   21.1010
   -7.5000  -45.0000  -15.0000 8461.6514   22.7567
    0.0000  -45.0000  -15.0000 8834.6035   22.7317
    7.5000  -45.0000  -15.0000 8454.5156   22.7249
   -7.5000  -37.5000  -15.0000 9207.9980   22.5158
    0.0000  -37.5000  -15.0000 9626.1533   22.4964
    7.5000  -37.5000  -15.0000 9194.7637   22.4719
   -7.5000  -30.0000  -15.000010360.7373   22.5166
    0.0000  -30.0000  -15.000010831.2002   22.4974
    7.5000  -30.0000  -15.000010352.4453   22.4686
   -7.5000  -22.5000  -15.000011470.0479   22.5053
    0.0000  -22.5000  -15.000011995.7666   22.4787
    7.5000  -22.5000  -15.000011461.6299   22.4647
   -7.5000  -15.0000  -15.000012495.9932   22.4862
    0.0000  -15.0000  -15.000013067.9092   22.4526
    7.5000  -15.0000  -15.000012491.1025   22.4551
   -7.5000   -7.5000  -15.000013461.1807   22.4725
    0.0000   -7.5000  -15.000014042.0625   22.4401
    7.5000   -7.5000  -15.000013415.4219   22.4448
   -7.5000    0.0000  -15.000014294.9766   22.4787
    0.0000    0.0000  -15.000014924.3564   22.4530
    7.5000    0.0000  -15.000014249.9707   22.4455
   -7.5000    7.5000  -15.000013998.0654   22.5037
    0.0000    7.5000  -15.000014624.8535   22.4842
    7.5000    7.5000  -15.000013957.8896   22.4596
   -7.5000   15.0000  -15.000013523.6211   22.5166
    0.0000   15.0000  -15.000014134.8428   22.4974
    7.5000   15.0000  -15.000013496.2324   22.4686
   -7.5000   22.5000  -15.000012990.4883   22.4974
    0.0000   22.5000  -15.000013576.2119   22.4707
    7.5000   22.5000  -15.000013001.6338   22.4568
   -7.5000   30.0000  -15.000012371.7773   22.1952
    0.0000   30.0000  -15.000012951.4932   22.1620
    7.5000   30.0000  -15.000012411.4600   22.1645
   -7.5000   37.5000  -15.000012002.7969   22.1816
    0.0000   37.5000  -15.000012593.1338   22.1497
    7.5000   37.5000  -15.000012061.0264   22.1543
   -7.5000   45.0000  -15.000011082.9795   21.6612
    0.0000   45.0000  -15.000011623.0889   21.6364
    7.5000   45.0000  -15.000011120.7422   21.6292
   -7.5000  -45.0000   -7.5000 9093.7148   22.9826
    0.0000  -45.0000   -7.5000 9512.0830   22.9517
    7.5000  -45.0000   -7.5000 9106.4150   22.9420
   -7.5000  -37.5000   -7.5000 9895.9775   22.7498
    0.0000  -37.5000   -7.500010369.3652   22.7231
    7.5000  -37.5000   -7.5000 9922.1631   22.6950
   -7.5000  -30.0000   -7.500011131.8105   22.7397
    0.0000  -30.0000   -7.500011668.9717   22.7124
    7.5000  -30.0000   -7.500011138.9102   22.6777
   -7.5000  -22.5000   -7.500012358.5527   22.7056
    0.0000  -22.5000   -7.500012963.6250   22.6724
    7.5000  -22.5000   -7.500012350.9473   22.6514
   -7.5000  -15.0000   -7.500013477.6074   22.6729
    0.0000  -15.0000   -7.500014111.0400   22.6346
    7.5000  -15.0000   -7.500013448.3770   22.6314
   -7.5000   -7.5000   -7.500014486.8174   22.6706
    0.0000   -7.5000   -7.500015140.9795   22.6337
    7.5000   -7.5000   -7.500014433.2549   22.6350
   -7.5000    0.0000   -7.500015391.6768   22.7012
    0.0000    0.0000   -7.500016075.8994   22.6700
    7.5000    0.0000   -7.500015307.0908   22.6601
   -7.5000    7.5000   -7.500015061.7656   22.7375
    0.0000    7.5000   -7.500015742.3516   22.7108
    7.5000    7.5000   -7.500014955.7988   22.6827
   -7.5000   15.0000   -7.500014557.2520   22.7397
    0.0000   15.0000   -7.500015225.9824   22.7124
    7.5000   15.0000   -7.500014509.9287   22.6777
   -7.5000   22.5000   -7.500013998.5771   22.6952
    0.0000   22.5000   -7.500014637.3086   22.6619
    7.5000   22.5000   -7.500013975.0732   22.6409
   -7.5000   30.0000   -7.500013314.3340   22.3788
    0.0000   30.0000   -7.500013936.8652   22.3411
    7.5000   30.0000   -7.500013333.6309   22.3379
   -7.5000   37.5000   -7.500012907.8457   22.3766
    0.0000   37.5000   -7.500013528.2715   22.3402
    7.5000   37.5000   -7.500012958.0225   22.3415
   -7.5000   45.0000   -7.500011908.2305   21.8797
    0.0000   45.0000   -7.500012488.8789   21.8496
    7.5000   45.0000   -7.500011963.4258   21.8401
   -7.5000  -45.0000    0.0000 9651.1084   22.9975
    0.0000  -45.0000    0.000010099.2158   22.9580
    7.5000  -45.0000    0.0000 9678.2744   22.9341
   -7.5000  -37.5000    0.000010527.7725   22.7703
    0.0000  -37.5000    0.000011020.7773   22.7316
    7.5000  -37.5000    0.000010538.8164   22.6942
   -7.5000  -30.0000    0.000011868.6494   22.7627
    0.0000  -30.0000    0.000012435.2207   22.7210
    7.5000  -30.0000    0.000011827.0146   22.6730
   -7.5000  -22.5000    0.000013196.8877   22.7240
    0.0000  -22.5000    0.000013815.4160   22.6782
    7.5000  -22.5000    0.000013144.9277   22.6361
   -7.5000  -15.0000    0.000014448.0996   22.6831
    0.0000  -15.0000    0.000015125.1465   22.6357
    7.5000  -15.0000    0.000014395.4287   22.6075
   -7.5000   -7.5000    0.000015509.7246   22.6795
    0.0000   -7.5000    0.000016242.4014   22.6356
    7.5000   -7.5000    0.000015445.9229   22.6159
   -7.5000    0.0000    0.000016398.8652   22.7157
    0.0000    0.0000    0.000017146.1074   22.6764
    7.5000    0.0000    0.000016304.3809   22.6534
   -7.5000    7.5000    0.000016030.1465   22.7580
    0.0000    7.5000    0.000016752.2285   22.7193
    7.5000    7.5000    0.000015904.9434   22.6819
   -7.5000   15.0000    0.000015538.1475   22.7627
    0.0000   15.0000    0.000016247.3330   22.7210
    7.5000   15.0000    0.000015473.6211   22.6730
   -7.5000   22.5000    0.000014927.7305   22.7135
    0.0000   22.5000    0.000015631.0156   22.6678
    7.5000   22.5000    0.000014881.8330   22.6256
   -7.5000   30.0000    0.000014154.5088   22.3895
    0.0000   30.0000    0.000014814.2197   22.3428
    7.5000   30.0000    0.000014133.2725   22.3149
   -7.5000   37.5000    0.000013749.7568   22.3860
    0.0000   37.5000    0.000014378.8291   22.3427
    7.5000   37.5000    0.000013745.9629   22.3232
   -7.5000   45.0000    0.000012696.7998   21.8953
    0.0000   45.0000    0.000013310.5459   21.8574
    7.5000   45.0000    0.000012734.3643   21.8352
   -7.5000  -45.0000    7.5000 9518.4150   23.0077
    0.0000  -45.0000    7.5000 9974.4219   22.9650
    7.5000  -45.0000    7.5000 9531.8252   22.9297
   -7.5000  -37.5000    7.500010405.8340   22.7747
    0.0000  -37.5000    7.500010885.1738   22.7320
    7.5000  -37.5000    7.500010386.4170   22.6887
   -7.5000  -30.0000    7.500011711.5166   22.7823
    0.0000  -30.0000    7.500012242.7139   22.7358
    7.5000  -30.0000    7.500011655.0918   22.6799
   -7.5000  -22.5000    7.500013004.3447   22.7643
    0.0000  -22.5000    7.500013628.4980   22.7135
    7.5000  -22.5000    7.500012956.0166   22.6564
   -7.5000  -15.0000    7.500014285.0947   22.7298
    0.0000  -15.0000    7.500014955.6973   22.6778
    7.5000  -15.0000    7.500014227.6934   22.6290
   -7.5000   -7.5000    7.500015433.4473   22.7114
    0.0000   -7.5000    7.500016202.4541   22.6643
    7.5000   -7.5000    7.500015384.8838   22.6263
   -7.5000    0.0000    7.500016301.9873   22.7262
    0.0000    0.0000    7.500017065.0449   22.6839
    7.5000    0.0000    7.500016237.0010   22.6501
   -7.5000    7.5000    7.500015838.8359   22.7625
    0.0000    7.5000    7.500016545.2637   22.7197
    7.5000    7.5000    7.500015780.8633   22.6764
   -7.5000   15.0000    7.500015338.8887   22.7823
    0.0000   15.0000    7.500016063.3418   22.7358
    7.5000   15.0000    7.500015335.0820   22.6799
   -7.5000   22.5000    7.500014747.3223   22.7538
    0.0000   22.5000    7.500015466.7969   22.7031
    7.5000   22.5000    7.500014748.7305   22.6459
   -7.5000   30.0000    7.500014040.1104   22.4356
    0.0000   30.0000    7.500014677.3984   22.3843
    7.5000   30.0000    7.500013982.0713   22.3361
   -7.5000   37.5000    7.500013654.6055   22.4175
    0.0000   37.5000    7.500014273.6465   22.3710
    7.5000   37.5000    7.500013589.2139   22.3334
   -7.5000   45.0000    7.500012657.2305   21.9054
    0.0000   45.0000    7.500013259.1396   21.8647
    7.5000   45.0000    7.500012623.6807   21.8321
   -7.5000  -45.0000   15.0000 9209.2051   23.0416
    0.0000  -45.0000   15.0000 9651.6777   23.0043
    7.5000  -45.0000   15.0000 9204.4990   22.9714
   -7.5000  -37.5000   15.000010054.8271   22.7997
    0.0000  -37.5000   15.000010541.7227   22.7626
    7.5000  -37.5000   15.000010057.6436   22.7222
   -7.5000  -30.0000   15.000011326.7246   22.8240
    0.0000  -30.0000   15.000011887.2227   22.7832
    7.5000  -30.0000   15.000011360.2520   22.7305
   -7.5000  -22.5000   15.000012575.0303   22.8329
    0.0000  -22.5000   15.000013194.3076   22.7862
    7.5000  -22.5000   15.000012632.4736   22.7318
   -7.5000  -15.0000   15.000013781.1211   22.8104
    0.0000  -15.0000   15.000014468.0557   22.7615
    7.5000  -15.0000   15.000013836.2305   22.7143
   -7.5000   -7.5000   15.000015061.5342   22.7743
    0.0000   -7.5000   15.000015884.8174   22.7312
    7.5000   -7.5000   15.000015125.5430   22.6944
   -7.5000    0.0000   15.000016210.0322   22.7603
    0.0000    0.0000   15.000017085.5605   22.7231
    7.5000    0.0000   15.000016295.1875   22.6913
   -7.5000    7.5000   15.000015852.7217   22.7875
    0.0000    7.5000   15.000016601.7266   22.7503
    7.5000    7.5000   15.000015892.2285   22.7099
   -7.5000   15.0000   15.000015290.0527   22.8240
    0.0000   15.0000   15.000015978.0811   22.7832
    7.5000   15.0000   15.000015300.1436   22.7305
   -7.5000   22.5000   15.000014667.2256   22.8224
    0.0000   22.5000   15.000015348.7705   22.7757
    7.5000   22.5000   15.000014620.2598   22.7213
   -7.5000   30.0000   15.000013915.6289   22.5152
    0.0000   30.0000   15.000014561.7246   22.4669
    7.5000   30.0000   15.000013787.0215   22.4204
   -7.5000   37.5000   15.000013476.7109   22.4796
    0.0000   37.5000   15.000014136.2930   22.4370
    7.5000   37.5000   15.000013330.3271   22.4007
   -7.5000   45.0000   15.000012453.2822   21.9383
    0.0000   45.0000   15.000013093.2363   21.9024
    7.5000   45.0000   15.000012327.7539   21.8718
   -7.5000  -45.0000   22.5000 8851.8984   23.0714
    0.0000  -45.0000   22.5000 9295.6260   23.0428
    7.5000  -45.0000   22.5000 8884.9883   23.0241
   -7.5000  -37.5000   22.5000 9647.6416   22.8243
    0.0000  -37.5000   22.500010119.9639   22.7984
    7.5000  -37.5000   22.5000 9721.2129   22.7671
   -7.5000  -30.0000   22.500010857.9033   22.8444
    0.0000  -30.0000   22.500011400.3555   22.8164
    7.5000  -30.0000   22.500010988.4121   22.7771
   -7.5000  -22.5000   22.500012053.3604   22.8554
    0.0000  -22.5000   22.500012649.4023   22.8199
    7.5000  -22.5000   22.500012197.5410   22.7873
   -7.5000  -15.0000   22.500013215.7344   22.8399
    0.0000  -15.0000   22.500013859.3486   22.7998
    7.5000  -15.0000   22.500013370.6621   22.7789
   -7.5000   -7.5000   22.500014416.4385   22.8068
    0.0000   -7.5000   22.500015365.8457   22.7710
    7.5000   -7.5000   22.500014577.4326   22.7560
   -7.5000    0.0000   22.500015753.1016   22.7899
    0.0000    0.0000   22.500016915.8105   22.7608
    7.5000    0.0000   22.500015804.6143   22.7422
   -7.5000    7.5000   22.500015707.3779   22.8121
    0.0000    7.5000   22.500016616.1074   22.7861
    7.5000    7.5000   22.500015519.4385   22.7547
   -7.5000   15.0000   22.500015144.2900   22.8444
    0.0000   15.0000   22.500015841.2012   22.8164
    7.5000   15.0000   22.500014862.0537   22.7771
   -7.5000   22.5000   22.500014332.5674   22.8449
    0.0000   22.5000   22.500014934.8516   22.8094
    7.5000   22.5000   22.500014074.1943   22.7768
   -7.5000   30.0000   22.500013442.0566   22.5444
    0.0000   30.0000   22.500014012.7354   22.5048
    7.5000   30.0000   22.500013235.9883   22.4841
   -7.5000   37.5000   22.500012968.9912   22.5116
    0.0000   37.5000   22.500013512.5889   22.4763
    7.5000   37.5000   22.500012797.1846   22.4615
   -7.5000   45.0000   22.500011984.1650   21.9669
    0.0000   45.0000   22.500012537.0537   21.9388
    7.5000   45.0000   22.500011856.9824   21.9208
   -7.5000  -45.0000   30.0000 8361.3613   23.0712
    0.0000  -45.0000   30.0000 8801.1445   23.0458
    7.5000  -45.0000   30.0000 8420.8184   23.0389
   -7.5000  -37.5000   30.0000 9135.1641   22.8270
    0.0000  -37.5000   30.0000 9626.5234   22.8073
    7.5000  -37.5000   30.0000 9218.3164   22.7824
   -7.5000  -30.0000   30.000010294.6582   22.8278
    0.0000  -30.0000   30.000010846.1836   22.8084
    7.5000  -30.0000   30.000010388.2246   22.7792
   -7.5000  -22.5000   30.000011432.4580   22.8164
    0.0000  -22.5000   30.000012052.9922   22.7894
    7.5000  -22.5000   30.000011547.4844   22.7753
   -7.5000  -15.0000   30.000012564.0107   22.7970
    0.0000  -15.0000   30.000013246.1602   22.7629
    7.5000  -15.0000   30.000012673.2090   22.7655
   -7.5000   -7.5000   30.000013679.2852   22.7830
    0.0000   -7.5000   30.000014529.7051   22.7502
    7.5000   -7.5000   30.000013781.3467   22.7550
   -7.5000    0.0000   30.000014731.9170   22.7894
    0.0000    0.0000   30.000015560.1533   22.7633
    7.5000    0.0000   30.000014737.5430   22.7557
   -7.5000    7.5000   30.000014592.5459   22.8147
    0.0000    7.5000   30.000015227.9883   22.7949
    7.5000    7.5000   30.000014442.3574   22.7700
   -7.5000   15.0000   30.000014179.6748   22.8278
    0.0000   15.0000   30.000014789.3809   22.8084
    7.5000   15.0000   30.000014002.0156   22.7792
   -7.5000   22.5000   30.000013483.9473   22.8059
    0.0000   22.5000   30.000014115.1064   22.7789
    7.5000   22.5000   30.000013323.4727   22.7648
   -7.5000   30.0000   30.000012640.2354   22.5020
    0.0000   30.0000   30.000013243.0898   22.4683
    7.5000   30.0000   30.000012533.5576   22.4709
   -7.5000   37.5000   30.000012219.9414   22.4882
    0.0000   37.5000   30.000012791.7949   22.4558
    7.5000   37.5000   30.000012129.4375   22.4605
   -7.5000   45.0000   30.000011346.8252   21.9663
    0.0000   45.0000   30.000011896.6230   21.9412
    7.5000   45.0000   30.000011273.7939   21.9339
   -7.5000  -45.0000   37.5000 8123.4614   23.0497
    0.0000  -45.0000   37.5000 8563.7471   23.0188
    7.5000  -45.0000   37.5000 8167.5962   23.0091
   -7.5000  -37.5000   37.5000 8895.5332   22.8158
    0.0000  -37.5000   37.5000 9378.0137   22.7891
    7.5000  -37.5000   37.5000 8941.0459   22.7610
   -7.5000  -30.0000   37.500010006.0176   22.8055
    0.0000  -30.0000   37.500010518.9463   22.7781
    7.5000  -30.0000   37.500010052.1865   22.7434
   -7.5000  -22.5000   37.500011095.9453   22.7714
    0.0000  -22.5000   37.500011651.9902   22.7379
    7.5000  -22.5000   37.500011164.2939   22.7170
   -7.5000  -15.0000   37.500012139.2539   22.7387
    0.0000  -15.0000   37.500012756.7529   22.7002
    7.5000  -15.0000   37.500012264.0869   22.6970
   -7.5000   -7.5000   37.500013123.2275   22.7366
    0.0000   -7.5000   37.500013834.5723   22.6996
    7.5000   -7.5000   37.500013280.2793   22.7009
   -7.5000    0.0000   37.500014053.6992   22.7673
    0.0000    0.0000   37.500014665.3232   22.7359
    7.5000    0.0000   37.500014114.4150   22.7261
   -7.5000    7.5000   37.500013867.2031   22.8035
    0.0000    7.5000   37.500014428.6543   22.7767
    7.5000    7.5000   37.500013842.4922   22.7486
   -7.5000   15.0000   37.500013533.6777   22.8055
    0.0000   15.0000   37.500014149.4639   22.7781
    7.5000   15.0000   37.500013517.4473   22.7434
   -7.5000   22.5000   37.500012956.4570   22.7609
    0.0000   22.5000   37.500013598.2734   22.7275
    7.5000   22.5000   37.500012958.9131   22.7065
   -7.5000   30.0000   37.500012186.2627   22.4444
    0.0000   30.0000   37.500012787.5137   22.4064
    7.5000   30.0000   37.500012219.2188   22.4033
   -7.5000   37.5000   37.500011798.0732   22.4423
    0.0000   37.5000   37.500012370.8184   22.4058
    7.5000   37.5000   37.500011830.5371   22.4071
   -7.5000   45.0000   37.500010962.8047   21.9450
    0.0000   45.0000   37.500011474.3232   21.9148
    7.5000   45.0000   37.500010959.9199   21.9054
   -7.5000  -45.0000   45.0000 7552.7935   23.2289
    0.0000  -45.0000   45.0000 7951.0425   23.1899
    7.5000  -45.0000   45.0000 7595.4932   23.1650
   -7.5000  -37.5000   45.0000 8261.0479   22.9951
    0.0000  -37.5000   45.0000 8688.8994   22.9566
    7.5000  -37.5000   45.0000 8295.4512   22.9181
   -7.5000  -30.0000   45.0000 9281.3672   22.9866
    0.0000  -30.0000   45.0000 9755.2451   22.9447
    7.5000  -30.0000   45.0000 9313.2148   22.8953
   -7.5000  -22.5000   45.000010278.9502   22.9469
    0.0000  -22.5000   45.000010790.7559   22.9006
    7.5000  -22.5000   45.000010327.5371   22.8567
   -7.5000  -15.0000   45.000011244.4307   22.9055
    0.0000  -15.0000   45.000011811.0879   22.8578
    7.5000  -15.0000   45.000011349.5918   22.8279
   -7.5000   -7.5000   45.000012144.5479   22.9024
    0.0000   -7.5000   45.000012735.3682   22.8587
    7.5000   -7.5000   45.000012254.9541   22.8377
   -7.5000    0.0000   45.000012947.0312   22.9395
    0.0000    0.0000   45.000013469.0371   22.9007
    7.5000    0.0000   45.000013004.9180   22.8767
   -7.5000    7.5000   45.000012736.1162   22.9825
    0.0000    7.5000   45.000013263.2461   22.9439
    7.5000    7.5000   45.000012781.5215   22.9055
   -7.5000   15.0000   45.000012425.3652   22.9866
    0.0000   15.0000   45.000012989.4893   22.9447
    7.5000   15.0000   45.000012466.4121   22.8953
   -7.5000   22.5000   45.000011952.1260   22.9363
    0.0000   22.5000   45.000012489.3711   22.8899
    7.5000   22.5000   45.000011967.5234   22.8461
   -7.5000   30.0000   45.000011296.7100   22.6071
    0.0000   30.0000   45.000011780.9863   22.5600
    7.5000   30.0000   45.000011314.7520   22.5305
   -7.5000   37.5000   45.000010940.2002   22.6040
    0.0000   37.5000   45.000011433.5742   22.5609
    7.5000   37.5000   45.000010963.1553   22.5402
   -7.5000   45.0000   45.000010153.0459   22.1211
    0.0000   45.0000   45.000010615.4521   22.0836
    7.5000   45.0000   45.000010159.2842   22.0605

---------------------------------------------------------------------
imgreg_4dfp /opt/freesurfer/average/711-2C_as_mni_average_305 /opt/freesurfer/average/711-2B_as_mni_average_305_mask talsrcimg_g11 none talsrcimg_to_711-2C_as_mni_average_305_t4 4355
---------------------------------------------------------------------

freesurfer imgreg_4dfp.c
/opt/freesurfer/average/711-2C_as_mni_average_305.4dfp.img
       256       256       256         1
  1.000000  1.000000  1.000000
orientation T byte_order littleendian
Reading image: /opt/freesurfer/average/711-2C_as_mni_average_305.4dfp.img
dimensions:      256       256       256
mmppix:       1.0000   -1.0000   -1.0000
center:     128.0000 -129.0000 -129.0000
/opt/freesurfer/average/711-2B_as_mni_average_305_mask.4dfp.img
       256       256       256         1
  1.000000  1.000000  1.000000
orientation T byte_order littleendian
Reading mask: /opt/freesurfer/average/711-2B_as_mni_average_305_mask.4dfp.img (2306576 pixels)
talsrcimg_g11.4dfp.img
       256       256       256         1
  1.000000  1.000000  1.000000
orientation T byte_order littleendian
Reading image: talsrcimg_g11.4dfp.img
dimensions:      256       256       256
mmppix:       1.0000   -1.0000   -1.0000
center:     128.0000 -129.0000 -129.0000
rotation matrix determinant  1.000000
image alignment mode   4355 decimal     1103 hex
   -7.5000  -45.0000  -45.0000 1872.8859   31.5725
    0.0000  -45.0000  -45.0000 1870.9441   31.2324
    7.5000  -45.0000  -45.0000 1850.0624   31.6412
   -7.5000  -37.5000  -45.0000 1967.2640   28.4192
    0.0000  -37.5000  -45.0000 1965.9315   28.1233
    7.5000  -37.5000  -45.0000 1943.9553   28.4273
   -7.5000  -30.0000  -45.0000 2057.8921   25.9399
    0.0000  -30.0000  -45.0000 2059.4543   25.7370
    7.5000  -30.0000  -45.0000 2035.4794   25.9804
   -7.5000  -22.5000  -45.0000 2119.1685   24.0493
    0.0000  -22.5000  -45.0000 2125.4272   23.8709
    7.5000  -22.5000  -45.0000 2100.3049   24.0667
   -7.5000  -15.0000  -45.0000 2163.6277   22.6425
    0.0000  -15.0000  -45.0000 2173.7747   22.5097
    7.5000  -15.0000  -45.0000 2147.6079   22.6647
   -7.5000   -7.5000  -45.0000 2188.1689   21.7977
    0.0000   -7.5000  -45.0000 2194.6353   21.6312
    7.5000   -7.5000  -45.0000 2180.0779   21.7933
   -7.5000    0.0000  -45.0000 2195.3760   21.3904
    0.0000    0.0000  -45.0000 2200.4824   21.1440
    7.5000    0.0000  -45.0000 2187.3245   21.3762
   -7.5000    7.5000  -45.0000 2192.2644   21.3336
    0.0000    7.5000  -45.0000 2203.2266   21.1093
    7.5000    7.5000  -45.0000 2183.0945   21.3079
   -7.5000   15.0000  -45.0000 2171.8586   21.5850
    0.0000   15.0000  -45.0000 2181.8584   21.3649
    7.5000   15.0000  -45.0000 2162.0122   21.5941
   -7.5000   22.5000  -45.0000 2132.9548   22.2753
    0.0000   22.5000  -45.0000 2146.3948   21.9723
    7.5000   22.5000  -45.0000 2131.4346   22.1486
   -7.5000   30.0000  -45.0000 2082.2278   23.3179
    0.0000   30.0000  -45.0000 2099.0640   22.9237
    7.5000   30.0000  -45.0000 2085.2927   23.0898
   -7.5000   37.5000  -45.0000 2025.1896   24.7739
    0.0000   37.5000  -45.0000 2038.4056   24.3865
    7.5000   37.5000  -45.0000 2024.6208   24.6071
   -7.5000   45.0000  -45.0000 1938.3864   26.8804
    0.0000   45.0000  -45.0000 1960.6295   26.4652
    7.5000   45.0000  -45.0000 1942.7314   26.7214
   -7.5000  -45.0000  -37.5000 1945.5566   29.2069
    0.0000  -45.0000  -37.5000 1941.5155   28.9720
    7.5000  -45.0000  -37.5000 1921.8121   29.2698
   -7.5000  -37.5000  -37.5000 2048.0723   26.2333
    0.0000  -37.5000  -37.5000 2047.3729   26.0335
    7.5000  -37.5000  -37.5000 2026.1548   26.2847
   -7.5000  -30.0000  -37.5000 2143.7573   23.9332
    0.0000  -30.0000  -37.5000 2145.7454   23.7570
    7.5000  -30.0000  -37.5000 2124.2871   23.8947
   -7.5000  -22.5000  -37.5000 2214.8455   22.1884
    0.0000  -22.5000  -37.5000 2219.0425   22.0566
    7.5000  -22.5000  -37.5000 2202.9243   22.1945
   -7.5000  -15.0000  -37.5000 2267.3259   20.8993
    0.0000  -15.0000  -37.5000 2272.5791   20.8205
    7.5000  -15.0000  -37.5000 2254.5391   20.8992
   -7.5000   -7.5000  -37.5000 2291.8459   20.0806
    0.0000   -7.5000  -37.5000 2297.8120   20.0051
    7.5000   -7.5000  -37.5000 2280.0439   20.0680
   -7.5000    0.0000  -37.5000 2291.0505   19.6381
    0.0000    0.0000  -37.5000 2301.6187   19.4936
    7.5000    0.0000  -37.5000 2281.0725   19.6217
   -7.5000    7.5000  -37.5000 2285.9998   19.4911
    0.0000    7.5000  -37.5000 2301.1375   19.3149
    7.5000    7.5000  -37.5000 2282.7063   19.4808
   -7.5000   15.0000  -37.5000 2271.4053   19.6883
    0.0000   15.0000  -37.5000 2288.8062   19.4780
    7.5000   15.0000  -37.5000 2268.9185   19.6305
   -7.5000   22.5000  -37.5000 2244.4907   20.3110
    0.0000   22.5000  -37.5000 2262.9832   20.0790
    7.5000   22.5000  -37.5000 2243.7664   20.1707
   -7.5000   30.0000  -37.5000 2201.6521   21.2569
    0.0000   30.0000  -37.5000 2217.6616   21.0058
    7.5000   30.0000  -37.5000 2198.0625   21.1291
   -7.5000   37.5000  -37.5000 2134.4829   22.6417
    0.0000   37.5000  -37.5000 2152.9216   22.3444
    7.5000   37.5000  -37.5000 2136.3240   22.4770
   -7.5000   45.0000  -37.5000 2047.6072   24.5102
    0.0000   45.0000  -37.5000 2060.4585   24.1406
    7.5000   45.0000  -37.5000 2046.9877   24.3653
   -7.5000  -45.0000  -30.0000 2051.6028   28.2708
    0.0000  -45.0000  -30.0000 2051.8604   28.1439
    7.5000  -45.0000  -30.0000 2039.5428   28.4132
   -7.5000  -37.5000  -30.0000 2172.1287   25.3894
    0.0000  -37.5000  -30.0000 2174.4358   25.2139
    7.5000  -37.5000  -30.0000 2152.4302   25.3178
   -7.5000  -30.0000  -30.0000 2276.6091   23.0633
    0.0000  -30.0000  -30.0000 2280.1516   22.9470
    7.5000  -30.0000  -30.0000 2257.1016   22.9726
   -7.5000  -22.5000  -30.0000 2365.9653   21.3160
    0.0000  -22.5000  -30.0000 2362.2527   21.2189
    7.5000  -22.5000  -30.0000 2345.6060   21.2979
   -7.5000  -15.0000  -30.0000 2415.6377   20.0883
    0.0000  -15.0000  -30.0000 2418.2534   19.9964
    7.5000  -15.0000  -30.0000 2395.4912   20.0782
   -7.5000   -7.5000  -30.0000 2436.3115   19.2705
    0.0000   -7.5000  -30.0000 2446.0171   19.1843
    7.5000   -7.5000  -30.0000 2419.8501   19.2671
   -7.5000    0.0000  -30.0000 2436.0901   18.7527
    0.0000    0.0000  -30.0000 2454.6704   18.6715
    7.5000    0.0000  -30.0000 2431.1440   18.7617
   -7.5000    7.5000  -30.0000 2438.5842   18.5908
    0.0000    7.5000  -30.0000 2456.5042   18.4212
    7.5000    7.5000  -30.0000 2437.3062   18.5420
   -7.5000   15.0000  -30.0000 2424.5698   18.7442
    0.0000   15.0000  -30.0000 2445.2097   18.5661
    7.5000   15.0000  -30.0000 2425.1355   18.6918
   -7.5000   22.5000  -30.0000 2400.8877   19.3677
    0.0000   22.5000  -30.0000 2422.2488   19.1361
    7.5000   22.5000  -30.0000 2404.5066   19.2151
   -7.5000   30.0000  -30.0000 2354.5146   20.2478
    0.0000   30.0000  -30.0000 2374.0977   20.0083
    7.5000   30.0000  -30.0000 2359.7371   20.1324
   -7.5000   37.5000  -30.0000 2279.7036   21.5522
    0.0000   37.5000  -30.0000 2303.7317   21.3331
    7.5000   37.5000  -30.0000 2290.1919   21.4198
   -7.5000   45.0000  -30.0000 2188.5754   23.2900
    0.0000   45.0000  -30.0000 2207.5767   23.0690
    7.5000   45.0000  -30.0000 2189.6531   23.2643
   -7.5000  -45.0000  -22.5000 2142.1531   27.3172
    0.0000  -45.0000  -22.5000 2142.9453   27.1535
    7.5000  -45.0000  -22.5000 2128.4128   27.3505
   -7.5000  -37.5000  -22.5000 2271.1101   24.4014
    0.0000  -37.5000  -22.5000 2274.8354   24.2969
    7.5000  -37.5000  -22.5000 2251.3792   24.3371
   -7.5000  -30.0000  -22.5000 2388.6541   22.1946
    0.0000  -30.0000  -22.5000 2390.9895   22.0924
    7.5000  -30.0000  -22.5000 2369.2852   22.1196
   -7.5000  -22.5000  -22.5000 2478.4648   20.4064
    0.0000  -22.5000  -22.5000 2482.0010   20.3047
    7.5000  -22.5000  -22.5000 2453.5171   20.3512
   -7.5000  -15.0000  -22.5000 2534.6296   19.1488
    0.0000  -15.0000  -22.5000 2537.5222   19.0152
    7.5000  -15.0000  -22.5000 2513.4441   19.1196
   -7.5000   -7.5000  -22.5000 2568.3706   18.3188
    0.0000   -7.5000  -22.5000 2577.0291   18.1832
    7.5000   -7.5000  -22.5000 2547.6045   18.3164
   -7.5000    0.0000  -22.5000 2583.7480   17.8029
    0.0000    0.0000  -22.5000 2593.9846   17.6834
    7.5000    0.0000  -22.5000 2568.0186   17.7891
   -7.5000    7.5000  -22.5000 2584.7966   17.6341
    0.0000    7.5000  -22.5000 2595.2507   17.4204
    7.5000    7.5000  -22.5000 2578.3064   17.5476
   -7.5000   15.0000  -22.5000 2568.0005   17.7777
    0.0000   15.0000  -22.5000 2586.0635   17.5555
    7.5000   15.0000  -22.5000 2569.3455   17.6765
   -7.5000   22.5000  -22.5000 2535.6973   18.3152
    0.0000   22.5000  -22.5000 2556.3762   18.0770
    7.5000   22.5000  -22.5000 2542.0554   18.1871
   -7.5000   30.0000  -22.5000 2487.5552   19.1786
    0.0000   30.0000  -22.5000 2510.5586   18.9665
    7.5000   30.0000  -22.5000 2495.8350   19.0428
   -7.5000   37.5000  -22.5000 2412.0850   20.4038
    0.0000   37.5000  -22.5000 2440.9016   20.1778
    7.5000   37.5000  -22.5000 2422.9211   20.2545
   -7.5000   45.0000  -22.5000 2307.8801   22.0484
    0.0000   45.0000  -22.5000 2333.4734   21.8470
    7.5000   45.0000  -22.5000 2311.9280   21.9689
   -7.5000  -45.0000  -15.0000 2200.6611   26.3455
    0.0000  -45.0000  -15.0000 2205.1985   26.2138
    7.5000  -45.0000  -15.0000 2187.5002   26.4429
   -7.5000  -37.5000  -15.0000 2339.6584   23.5425
    0.0000  -37.5000  -15.0000 2345.0518   23.3582
    7.5000  -37.5000  -15.0000 2320.5808   23.5230
   -7.5000  -30.0000  -15.0000 2456.5630   21.2773
    0.0000  -30.0000  -15.0000 2460.9485   21.1020
    7.5000  -30.0000  -15.0000 2436.9521   21.1703
   -7.5000  -22.5000  -15.0000 2544.1953   19.4812
    0.0000  -22.5000  -15.0000 2552.7053   19.3651
    7.5000  -22.5000  -15.0000 2523.3962   19.3967
   -7.5000  -15.0000  -15.0000 2606.2234   18.2056
    0.0000  -15.0000  -15.0000 2612.4578   18.0455
    7.5000  -15.0000  -15.0000 2590.4382   18.1195
   -7.5000   -7.5000  -15.0000 2655.5503   17.3286
    0.0000   -7.5000  -15.0000 2664.1733   17.1375
    7.5000   -7.5000  -15.0000 2640.4102   17.2890
   -7.5000    0.0000  -15.0000 2681.0410   16.8259
    0.0000    0.0000  -15.0000 2697.2981   16.6131
    7.5000    0.0000  -15.0000 2673.1672   16.7483
   -7.5000    7.5000  -15.0000 2690.4341   16.6000
    0.0000    7.5000  -15.0000 2703.0769   16.3794
    7.5000    7.5000  -15.0000 2685.5850   16.5068
   -7.5000   15.0000  -15.0000 2677.7334   16.7236
    0.0000   15.0000  -15.0000 2699.1135   16.5140
    7.5000   15.0000  -15.0000 2678.7617   16.6158
   -7.5000   22.5000  -15.0000 2643.4038   17.2229
    0.0000   22.5000  -15.0000 2669.5007   16.9966
    7.5000   22.5000  -15.0000 2652.8718   17.1208
   -7.5000   30.0000  -15.0000 2581.7461   18.0512
    0.0000   30.0000  -15.0000 2615.8982   17.7957
    7.5000   30.0000  -15.0000 2599.8279   17.9462
   -7.5000   37.5000  -15.0000 2502.7534   19.2260
    0.0000   37.5000  -15.0000 2537.7263   18.9820
    7.5000   37.5000  -15.0000 2521.7759   19.1323
   -7.5000   45.0000  -15.0000 2398.4866   20.8171
    0.0000   45.0000  -15.0000 2428.3799   20.5775
    7.5000   45.0000  -15.0000 2410.0981   20.7784
   -7.5000  -45.0000   -7.5000 2243.0020   25.3827
    0.0000  -45.0000   -7.5000 2248.0740   25.2458
    7.5000  -45.0000   -7.5000 2229.3608   25.4552
   -7.5000  -37.5000   -7.5000 2380.4058   22.6287
    0.0000  -37.5000   -7.5000 2389.7883   22.4323
    7.5000  -37.5000   -7.5000 2367.1350   22.5999
   -7.5000  -30.0000   -7.5000 2499.3762   20.3472
    0.0000  -30.0000   -7.5000 2508.8101   20.1565
    7.5000  -30.0000   -7.5000 2484.5798   20.2905
   -7.5000  -22.5000   -7.5000 2599.1917   18.5888
    0.0000  -22.5000   -7.5000 2610.9714   18.4085
    7.5000  -22.5000   -7.5000 2582.0979   18.5312
   -7.5000  -15.0000   -7.5000 2667.9910   17.2500
    0.0000  -15.0000   -7.5000 2683.5125   17.0876
    7.5000  -15.0000   -7.5000 2655.2261   17.1577
   -7.5000   -7.5000   -7.5000 2723.1155   16.3444
    0.0000   -7.5000   -7.5000 2736.5452   16.1211
    7.5000   -7.5000   -7.5000 2715.9026   16.2319
   -7.5000    0.0000   -7.5000 2762.1921   15.7778
    0.0000    0.0000   -7.5000 2781.7629   15.5698
    7.5000    0.0000   -7.5000 2755.8367   15.7092
   -7.5000    7.5000   -7.5000 2778.0525   15.5371
    0.0000    7.5000   -7.5000 2799.5659   15.3324
    7.5000    7.5000   -7.5000 2769.0657   15.4816
   -7.5000   15.0000   -7.5000 2766.1831   15.6777
    0.0000   15.0000   -7.5000 2796.1719   15.4774
    7.5000   15.0000   -7.5000 2772.2144   15.5971
   -7.5000   22.5000   -7.5000 2738.7168   16.1769
    0.0000   22.5000   -7.5000 2770.7681   15.9560
    7.5000   22.5000   -7.5000 2752.3672   16.1118
   -7.5000   30.0000   -7.5000 2675.6624   16.9371
    0.0000   30.0000   -7.5000 2712.0242   16.6780
    7.5000   30.0000   -7.5000 2696.8831   16.8621
   -7.5000   37.5000   -7.5000 2584.7476   18.0620
    0.0000   37.5000   -7.5000 2619.1707   17.7969
    7.5000   37.5000   -7.5000 2606.6003   17.9796
   -7.5000   45.0000   -7.5000 2467.3801   19.6435
    0.0000   45.0000   -7.5000 2501.4417   19.3721
    7.5000   45.0000   -7.5000 2483.1460   19.5525
   -7.5000  -45.0000    0.0000 2262.0466   24.7551
    0.0000  -45.0000    0.0000 2268.1665   24.5955
    7.5000  -45.0000    0.0000 2250.1946   24.8622
   -7.5000  -37.5000    0.0000 2396.9978   21.9718
    0.0000  -37.5000    0.0000 2407.3855   21.7648
    7.5000  -37.5000    0.0000 2382.4377   21.9676
   -7.5000  -30.0000    0.0000 2518.7029   19.7375
    0.0000  -30.0000    0.0000 2531.1782   19.4686
    7.5000  -30.0000    0.0000 2501.3452   19.6658
   -7.5000  -22.5000    0.0000 2632.7886   17.9163
    0.0000  -22.5000    0.0000 2646.5320   17.6999
    7.5000  -22.5000    0.0000 2616.7241   17.8487
   -7.5000  -15.0000    0.0000 2717.8740   16.5591
    0.0000  -15.0000    0.0000 2736.1360   16.3455
    7.5000  -15.0000    0.0000 2707.7439   16.4847
   -7.5000   -7.5000    0.0000 2777.8691   15.5670
    0.0000   -7.5000    0.0000 2797.4128   15.3658
    7.5000   -7.5000    0.0000 2776.5876   15.4987
   -7.5000    0.0000    0.0000 2822.3066   14.9330
    0.0000    0.0000    0.0000 2846.5933   14.6822
    7.5000    0.0000    0.0000 2819.3611   14.8708
   -7.5000    7.5000    0.0000 2844.9158   14.6067
    0.0000    7.5000    0.0000 2871.9580   14.4020
    7.5000    7.5000    0.0000 2839.9985   14.6054
   -7.5000   15.0000    0.0000 2840.9800   14.7802
    0.0000   15.0000    0.0000 2869.9121   14.5631
    7.5000   15.0000    0.0000 2848.2390   14.7352
   -7.5000   22.5000    0.0000 2806.5583   15.2976
    0.0000   22.5000    0.0000 2843.4453   15.0563
    7.5000   22.5000    0.0000 2821.1245   15.2442
   -7.5000   30.0000    0.0000 2738.2451   16.0588
    0.0000   30.0000    0.0000 2776.6943   15.8062
    7.5000   30.0000    0.0000 2759.4250   15.9917
   -7.5000   37.5000    0.0000 2645.7363   17.1850
    0.0000   37.5000    0.0000 2675.3713   16.8897
    7.5000   37.5000    0.0000 2659.4712   17.1244
   -7.5000   45.0000    0.0000 2521.6411   18.7268
    0.0000   45.0000    0.0000 2553.3115   18.4341
    7.5000   45.0000    0.0000 2534.7429   18.6702
   -7.5000  -45.0000    7.5000 2273.9893   24.5575
    0.0000  -45.0000    7.5000 2287.9780   24.4157
    7.5000  -45.0000    7.5000 2263.9927   24.7231
   -7.5000  -37.5000    7.5000 2411.1086   21.7031
    0.0000  -37.5000    7.5000 2425.2542   21.4842
    7.5000  -37.5000    7.5000 2397.3115   21.7606
   -7.5000  -30.0000    7.5000 2531.0015   19.4051
    0.0000  -30.0000    7.5000 2546.8235   19.1427
    7.5000  -30.0000    7.5000 2517.6050   19.4066
   -7.5000  -22.5000    7.5000 2645.6387   17.5567
    0.0000  -22.5000    7.5000 2661.6455   17.3128
    7.5000  -22.5000    7.5000 2634.2339   17.5413
   -7.5000  -15.0000    7.5000 2743.2625   16.1590
    0.0000  -15.0000    7.5000 2765.4707   15.9226
    7.5000  -15.0000    7.5000 2737.0342   16.1012
   -7.5000   -7.5000    7.5000 2822.0361   15.1538
    0.0000   -7.5000    7.5000 2846.7832   14.9310
    7.5000   -7.5000    7.5000 2824.2078   15.0944
   -7.5000    0.0000    7.5000 2866.0801   14.4143
    0.0000    0.0000    7.5000 2897.1511   14.1856
    7.5000    0.0000    7.5000 2874.5217   14.4115
   -7.5000    7.5000    7.5000 2896.8943   13.9947
    0.0000    7.5000    7.5000 2933.1646   13.7238
    7.5000    7.5000    7.5000 2899.1787   14.0501
   -7.5000   15.0000    7.5000 2892.3333   14.1726
    0.0000   15.0000    7.5000 2924.3486   13.9172
    7.5000   15.0000    7.5000 2902.6912   14.2196
   -7.5000   22.5000    7.5000 2859.6287   14.7180
    0.0000   22.5000    7.5000 2893.4773   14.4524
    7.5000   22.5000    7.5000 2879.5396   14.7140
   -7.5000   30.0000    7.5000 2790.9814   15.5352
    0.0000   30.0000    7.5000 2826.4421   15.2255
    7.5000   30.0000    7.5000 2811.0627   15.4912
   -7.5000   37.5000    7.5000 2696.3215   16.6496
    0.0000   37.5000    7.5000 2726.5059   16.3285
    7.5000   37.5000    7.5000 2710.5408   16.6207
   -7.5000   45.0000    7.5000 2564.6960   18.2192
    0.0000   45.0000    7.5000 2596.7527   17.8911
    7.5000   45.0000    7.5000 2581.7180   18.2057
   -7.5000  -45.0000   15.0000 2265.3918   24.6441
    0.0000  -45.0000   15.0000 2276.2939   24.3878
    7.5000  -45.0000   15.0000 2258.8696   24.7644
   -7.5000  -37.5000   15.0000 2402.0115   21.6866
    0.0000  -37.5000   15.0000 2413.3245   21.4557
    7.5000  -37.5000   15.0000 2390.9209   21.7535
   -7.5000  -30.0000   15.0000 2526.2029   19.3397
    0.0000  -30.0000   15.0000 2541.5225   19.1014
    7.5000  -30.0000   15.0000 2518.3806   19.4125
   -7.5000  -22.5000   15.0000 2640.5320   17.4437
    0.0000  -22.5000   15.0000 2658.0339   17.2401
    7.5000  -22.5000   15.0000 2637.8604   17.5280
   -7.5000  -15.0000   15.0000 2740.8262   16.0123
    0.0000  -15.0000   15.0000 2762.2061   15.7725
    7.5000  -15.0000   15.0000 2742.1306   16.0281
   -7.5000   -7.5000   15.0000 2838.1921   14.9715
    0.0000   -7.5000   15.0000 2864.6306   14.7459
    7.5000   -7.5000   15.0000 2846.6753   14.9497
   -7.5000    0.0000   15.0000 2913.1631   14.3707
    0.0000    0.0000   15.0000 2945.5896   14.1455
    7.5000    0.0000   15.0000 2920.8799   14.3353
   -7.5000    7.5000   15.0000 2951.0869   14.0051
    0.0000    7.5000   15.0000 2987.3184   13.6484
    7.5000    7.5000   15.0000 2960.7427   14.0246
   -7.5000   15.0000   15.0000 2939.8091   14.0434
    0.0000   15.0000   15.0000 2975.7231   13.7201
    7.5000   15.0000   15.0000 2954.0496   14.0330
   -7.5000   22.5000   15.0000 2899.7385   14.4834
    0.0000   22.5000   15.0000 2931.6428   14.1810
    7.5000   22.5000   15.0000 2921.5359   14.3833
   -7.5000   30.0000   15.0000 2823.6609   15.2831
    0.0000   30.0000   15.0000 2860.4502   14.9327
    7.5000   30.0000   15.0000 2846.1548   15.1439
   -7.5000   37.5000   15.0000 2722.6086   16.4226
    0.0000   37.5000   15.0000 2757.2346   16.1070
    7.5000   37.5000   15.0000 2736.7573   16.3511
   -7.5000   45.0000   15.0000 2588.4509   18.0173
    0.0000   45.0000   15.0000 2621.9133   17.7127
    7.5000   45.0000   15.0000 2602.5278   17.9484
   -7.5000  -45.0000   22.5000 2255.9673   25.0136
    0.0000  -45.0000   22.5000 2271.4744   24.7784
    7.5000  -45.0000   22.5000 2247.2297   25.2258
   -7.5000  -37.5000   22.5000 2387.9111   21.9007
    0.0000  -37.5000   22.5000 2402.4644   21.6245
    7.5000  -37.5000   22.5000 2379.6934   22.0776
   -7.5000  -30.0000   22.5000 2506.5400   19.4714
    0.0000  -30.0000   22.5000 2525.8477   19.1881
    7.5000  -30.0000   22.5000 2510.2896   19.6207
   -7.5000  -22.5000   22.5000 2618.2253   17.6006
    0.0000  -22.5000   22.5000 2637.2434   17.3073
    7.5000  -22.5000   22.5000 2629.5212   17.6809
   -7.5000  -15.0000   22.5000 2725.4495   16.1676
    0.0000  -15.0000   22.5000 2745.6011   15.8807
    7.5000  -15.0000   22.5000 2740.1143   16.1717
   -7.5000   -7.5000   22.5000 2837.0747   15.1374
    0.0000   -7.5000   22.5000 2861.3164   14.9037
    7.5000   -7.5000   22.5000 2847.7148   15.1148
   -7.5000    0.0000   22.5000 2937.3206   14.6135
    0.0000    0.0000   22.5000 2976.5698   14.4964
    7.5000    0.0000   22.5000 2938.6826   14.5235
   -7.5000    7.5000   22.5000 2992.9590   14.3596
    0.0000    7.5000   22.5000 3059.6045   14.2229
    7.5000    7.5000   22.5000 2986.2188   14.2015
   -7.5000   15.0000   22.5000 2969.1611   14.3094
    0.0000   15.0000   22.5000 3021.9180   14.0269
    7.5000   15.0000   22.5000 2970.0742   14.1132
   -7.5000   22.5000   22.5000 2912.5044   14.5477
    0.0000   22.5000   22.5000 2943.8186   14.2133
    7.5000   22.5000   22.5000 2923.2593   14.3819
   -7.5000   30.0000   22.5000 2829.1826   15.2447
    0.0000   30.0000   22.5000 2858.5156   14.8913
    7.5000   30.0000   22.5000 2849.0098   15.0670
   -7.5000   37.5000   22.5000 2725.3376   16.3558
    0.0000   37.5000   22.5000 2749.9675   16.0029
    7.5000   37.5000   22.5000 2742.2231   16.1814
   -7.5000   45.0000   22.5000 2590.8215   17.9057
    0.0000   45.0000   22.5000 2616.8604   17.5718
    7.5000   45.0000   22.5000 2604.6660   17.7487
   -7.5000  -45.0000   30.0000 2235.7065   25.6491
    0.0000  -45.0000   30.0000 2250.7844   25.3258
    7.5000  -45.0000   30.0000 2230.0896   25.8342
   -7.5000  -37.5000   30.0000 2363.3269   22.4279
    0.0000  -37.5000   30.0000 2380.6104   22.0871
    7.5000  -37.5000   30.0000 2362.8862   22.5639
   -7.5000  -30.0000   30.0000 2483.0999   20.0018
    0.0000  -30.0000   30.0000 2499.8667   19.6732
    7.5000  -30.0000   30.0000 2486.9109   20.0592
   -7.5000  -22.5000   30.0000 2598.0400   18.0698
    0.0000  -22.5000   30.0000 2617.3501   17.7850
    7.5000  -22.5000   30.0000 2609.2205   18.0996
   -7.5000  -15.0000   30.0000 2705.9805   16.6259
    0.0000  -15.0000   30.0000 2731.0144   16.3467
    7.5000  -15.0000   30.0000 2721.7095   16.6205
   -7.5000   -7.5000   30.0000 2810.8860   15.6188
    0.0000   -7.5000   30.0000 2835.2085   15.3482
    7.5000   -7.5000   30.0000 2823.5833   15.5264
   -7.5000    0.0000   30.0000 2900.6807   14.9790
    0.0000    0.0000   30.0000 2933.0730   14.7545
    7.5000    0.0000   30.0000 2909.4814   14.8350
   -7.5000    7.5000   30.0000 2954.1150   14.6223
    0.0000    7.5000   30.0000 2994.1748   14.3070
    7.5000    7.5000   30.0000 2950.2185   14.4299
   -7.5000   15.0000   30.0000 2953.1433   14.6404
    0.0000   15.0000   30.0000 2995.1831   14.3079
    7.5000   15.0000   30.0000 2951.7925   14.3995
   -7.5000   22.5000   30.0000 2898.7891   14.9670
    0.0000   22.5000   30.0000 2934.7656   14.7098
    7.5000   22.5000   30.0000 2901.6218   14.7791
   -7.5000   30.0000   30.0000 2811.4663   15.6444
    0.0000   30.0000   30.0000 2844.0930   15.4218
    7.5000   30.0000   30.0000 2821.9619   15.4790
   -7.5000   37.5000   30.0000 2705.2959   16.6988
    0.0000   37.5000   30.0000 2729.0151   16.4179
    7.5000   37.5000   30.0000 2715.3000   16.5195
   -7.5000   45.0000   30.0000 2578.0059   18.2078
    0.0000   45.0000   30.0000 2603.9805   17.8747
    7.5000   45.0000   30.0000 2590.3721   18.0103
   -7.5000  -45.0000   37.5000 2203.6528   26.6616
    0.0000  -45.0000   37.5000 2216.2612   26.3532
    7.5000  -45.0000   37.5000 2196.9363   26.7649
   -7.5000  -37.5000   37.5000 2332.9407   23.3237
    0.0000  -37.5000   37.5000 2348.8760   22.9712
    7.5000  -37.5000   37.5000 2328.7676   23.3955
   -7.5000  -30.0000   37.5000 2447.8252   20.7378
    0.0000  -30.0000   37.5000 2467.0806   20.3823
    7.5000  -30.0000   37.5000 2447.1914   20.7622
   -7.5000  -22.5000   37.5000 2559.6418   18.7184
    0.0000  -22.5000   37.5000 2581.4924   18.3781
    7.5000  -22.5000   37.5000 2569.9414   18.7363
   -7.5000  -15.0000   37.5000 2668.0977   17.2080
    0.0000  -15.0000   37.5000 2692.9575   16.8656
    7.5000  -15.0000   37.5000 2684.9695   17.1846
   -7.5000   -7.5000   37.5000 2768.1240   16.1804
    0.0000   -7.5000   37.5000 2795.9443   15.8674
    7.5000   -7.5000   37.5000 2787.4814   16.1129
   -7.5000    0.0000   37.5000 2845.7139   15.5051
    0.0000    0.0000   37.5000 2878.1340   15.1780
    7.5000    0.0000   37.5000 2862.9346   15.3871
   -7.5000    7.5000   37.5000 2903.1553   15.1752
    0.0000    7.5000   37.5000 2933.9041   14.7381
    7.5000    7.5000   37.5000 2907.6550   14.9848
   -7.5000   15.0000   37.5000 2910.1289   15.2526
    0.0000   15.0000   37.5000 2952.5518   14.9161
    7.5000   15.0000   37.5000 2917.5835   15.0446
   -7.5000   22.5000   37.5000 2863.0225   15.6119
    0.0000   22.5000   37.5000 2903.6096   15.3859
    7.5000   22.5000   37.5000 2869.8225   15.4620
   -7.5000   30.0000   37.5000 2770.3328   16.2789
    0.0000   30.0000   37.5000 2805.9287   16.0421
    7.5000   30.0000   37.5000 2788.6208   16.1531
   -7.5000   37.5000   37.5000 2658.3286   17.3188
    0.0000   37.5000   37.5000 2691.0881   17.0726
    7.5000   37.5000   37.5000 2681.9226   17.1975
   -7.5000   45.0000   37.5000 2540.2856   18.7824
    0.0000   45.0000   37.5000 2566.1992   18.4876
    7.5000   45.0000   37.5000 2555.3894   18.6415
   -7.5000  -45.0000   45.0000 2150.8787   27.8390
    0.0000  -45.0000   45.0000 2165.6135   27.4952
    7.5000  -45.0000   45.0000 2146.1404   27.9191
   -7.5000  -37.5000   45.0000 2283.8979   24.3732
    0.0000  -37.5000   45.0000 2301.8743   23.9819
    7.5000  -37.5000   45.0000 2278.3875   24.3607
   -7.5000  -30.0000   45.0000 2400.9771   21.6421
    0.0000  -30.0000   45.0000 2420.0486   21.2624
    7.5000  -30.0000   45.0000 2397.0774   21.6279
   -7.5000  -22.5000   45.0000 2513.3052   19.5711
    0.0000  -22.5000   45.0000 2539.4065   19.1958
    7.5000  -22.5000   45.0000 2519.6594   19.5430
   -7.5000  -15.0000   45.0000 2624.6987   18.0447
    0.0000  -15.0000   45.0000 2650.8320   17.6759
    7.5000  -15.0000   45.0000 2634.3064   18.0020
   -7.5000   -7.5000   45.0000 2720.1821   16.9701
    0.0000   -7.5000   45.0000 2748.8679   16.6053
    7.5000   -7.5000   45.0000 2733.6626   16.9026
   -7.5000    0.0000   45.0000 2790.4077   16.3111
    0.0000    0.0000   45.0000 2823.7998   15.8285
    7.5000    0.0000   45.0000 2807.3054   16.1674
   -7.5000    7.5000   45.0000 2833.7212   15.9613
    0.0000    7.5000   45.0000 2866.7139   15.5307
    7.5000    7.5000   45.0000 2846.9834   15.8051
   -7.5000   15.0000   45.0000 2840.8542   16.0418
    0.0000   15.0000   45.0000 2881.5654   15.6845
    7.5000   15.0000   45.0000 2854.1306   15.8984
   -7.5000   22.5000   45.0000 2799.6667   16.4471
    0.0000   22.5000   45.0000 2837.1006   16.1781
    7.5000   22.5000   45.0000 2809.9243   16.3223
   -7.5000   30.0000   45.0000 2719.5171   17.1685
    0.0000   30.0000   45.0000 2746.0012   16.8712
    7.5000   30.0000   45.0000 2732.6206   17.0078
   -7.5000   37.5000   45.0000 2613.0723   18.1686
    0.0000   37.5000   45.0000 2644.1780   17.8866
    7.5000   37.5000   45.0000 2630.1597   18.0375
   -7.5000   45.0000   45.0000 2493.4385   19.6080
    0.0000   45.0000   45.0000 2521.2947   19.3489
    7.5000   45.0000   45.0000 2509.6997   19.4855

---------------------------------------------------------------------
imgreg_4dfp /opt/freesurfer/average/711-2C_as_mni_average_305 /opt/freesurfer/average/711-2B_as_mni_average_305_mask talsrcimg_g11 none talsrcimg_to_711-2C_as_mni_average_305_t4 1283
---------------------------------------------------------------------

freesurfer imgreg_4dfp.c
/opt/freesurfer/average/711-2C_as_mni_average_305.4dfp.img
       256       256       256         1
  1.000000  1.000000  1.000000
orientation T byte_order littleendian
Reading image: /opt/freesurfer/average/711-2C_as_mni_average_305.4dfp.img
dimensions:      256       256       256
mmppix:       1.0000   -1.0000   -1.0000
center:     128.0000 -129.0000 -129.0000
/opt/freesurfer/average/711-2B_as_mni_average_305_mask.4dfp.img
       256       256       256         1
  1.000000  1.000000  1.000000
orientation T byte_order littleendian
Reading mask: /opt/freesurfer/average/711-2B_as_mni_average_305_mask.4dfp.img (2306576 pixels)
talsrcimg_g11.4dfp.img
       256       256       256         1
  1.000000  1.000000  1.000000
orientation T byte_order littleendian
Reading image: talsrcimg_g11.4dfp.img
dimensions:      256       256       256
mmppix:       1.0000   -1.0000   -1.0000
center:     128.0000 -129.0000 -129.0000
rotation matrix determinant  1.000000
fimgreg.f
image alignment mode   1283 decimal      503 hex
parameters
    0.0000    7.5000   22.5000    0.0000    0.0000    0.0000
eta,q 0.95852 14.22751
niter,ni,del,rscale     5    3   12.0000    1.2000
parameter  4  0.956548 ->  0.500000 qaram    1.1500
parameter  6  1.036877 ->  0.500000 qaram    1.1500
parameters
   -0.2455    9.3529   22.5707   -3.4500   -2.4587   -3.4500
eta,q 0.96434 14.21196
  0.0595  0.0613  0.0591  0.0403  0.0410  0.0360
  0.0499  0.0535  0.0490  0.0400  0.0389  0.0355
  0.0454  0.0479  0.0442  0.0410  0.0394  0.0367
  0.0446  0.0443  0.0431  0.0432  0.0402  0.0392
  0.0471  0.0431  0.0466  0.0465  0.0420  0.0424
  0.0538  0.0441  0.0512  0.0501  0.0471  0.0455
  0.0603  0.0486  0.0558  0.0537  0.0545  0.0491
niter,ni,del,rscale     6    3   12.0000    1.2000
parameters
   -0.1037   10.2085   22.3642   -4.6078   -2.3656   -4.3555
eta,q 0.96489 14.18420
  0.0571  0.0569  0.0532  0.0416  0.0442  0.0411
  0.0464  0.0467  0.0419  0.0379  0.0394  0.0377
  0.0377  0.0388  0.0366  0.0356  0.0363  0.0355
  0.0357  0.0357  0.0356  0.0354  0.0353  0.0353
  0.0388  0.0364  0.0402  0.0378  0.0363  0.0371
  0.0454  0.0406  0.0460  0.0424  0.0387  0.0407
  0.0545  0.0472  0.0528  0.0468  0.0438  0.0447
niter,ni,del,rscale     5    3   12.0000    1.2000
parameters
   -0.1128   10.5198   22.1954   -4.7837   -2.4044   -4.3986
eta,q 0.96484 14.17264
  0.0560  0.0534  0.0529  0.0435  0.0437  0.0427
  0.0452  0.0434  0.0421  0.0396  0.0390  0.0391
  0.0368  0.0368  0.0367  0.0364  0.0358  0.0363
  0.0351  0.0351  0.0352  0.0351  0.0352  0.0352
  0.0386  0.0371  0.0392  0.0362  0.0366  0.0360
  0.0457  0.0420  0.0453  0.0400  0.0389  0.0391
  0.0553  0.0490  0.0529  0.0447  0.0438  0.0432
niter,ni,del,rscale     4    3   12.0000    1.2000
parameters
   -0.0944   10.5862   22.1622   -4.8379   -2.4264   -4.3879
eta,q 0.96483 14.17045
  0.0562  0.0519  0.0538  0.0437  0.0437  0.0428
  0.0454  0.0420  0.0427  0.0399  0.0390  0.0392
  0.0368  0.0363  0.0371  0.0366  0.0359  0.0364
  0.0352  0.0352  0.0352  0.0352  0.0352  0.0352
  0.0387  0.0375  0.0387  0.0360  0.0366  0.0360
  0.0456  0.0429  0.0447  0.0397  0.0389  0.0390
  0.0550  0.0498  0.0525  0.0444  0.0437  0.0431
niter,ni,del,rscale     3    3   12.0000    1.2000
parameters
   -0.0856   10.6076   22.1547   -4.8557   -2.4348   -4.3814
eta,q 0.96483 14.16966
  0.0562  0.0516  0.0539  0.0437  0.0438  0.0428
  0.0453  0.0418  0.0428  0.0400  0.0390  0.0393
  0.0368  0.0362  0.0371  0.0367  0.0359  0.0364
  0.0352  0.0352  0.0352  0.0352  0.0352  0.0352
  0.0388  0.0376  0.0386  0.0360  0.0366  0.0360
  0.0457  0.0431  0.0446  0.0397  0.0389  0.0390
  0.0551  0.0499  0.0524  0.0443  0.0437  0.0431
registration optimization eta report
parameter search radius
    6.0000    6.0000    6.0000    6.9000    6.0000    6.9000
100000*second partial in parameter space
       56.       43.       49.       18.       23.       16.
  0.0562  0.0516  0.0539  0.0437  0.0438  0.0428
  0.0453  0.0418  0.0428  0.0400  0.0390  0.0393
  0.0368  0.0362  0.0371  0.0367  0.0359  0.0364
  0.0352  0.0352  0.0352  0.0352  0.0352  0.0352
  0.0388  0.0376  0.0386  0.0360  0.0366  0.0360
  0.0457  0.0431  0.0446  0.0397  0.0389  0.0390
  0.0551  0.0499  0.0524  0.0443  0.0437  0.0431
   -0.0856   10.6076   22.1547   -4.8557   -2.4348   -4.3814
eta,q 0.96483 14.16966

---------------------------------------------------------------------
imgreg_4dfp /opt/freesurfer/average/711-2C_as_mni_average_305 /opt/freesurfer/average/711-2B_as_mni_average_305_mask talsrcimg_g11 none talsrcimg_to_711-2C_as_mni_average_305_t4 3335
---------------------------------------------------------------------

freesurfer imgreg_4dfp.c
/opt/freesurfer/average/711-2C_as_mni_average_305.4dfp.img
       256       256       256         1
  1.000000  1.000000  1.000000
orientation T byte_order littleendian
Reading image: /opt/freesurfer/average/711-2C_as_mni_average_305.4dfp.img
dimensions:      256       256       256
mmppix:       1.0000   -1.0000   -1.0000
center:     128.0000 -129.0000 -129.0000
/opt/freesurfer/average/711-2B_as_mni_average_305_mask.4dfp.img
       256       256       256         1
  1.000000  1.000000  1.000000
orientation T byte_order littleendian
Reading mask: /opt/freesurfer/average/711-2B_as_mni_average_305_mask.4dfp.img (2306576 pixels)
talsrcimg_g11.4dfp.img
       256       256       256         1
  1.000000  1.000000  1.000000
orientation T byte_order littleendian
Reading image: talsrcimg_g11.4dfp.img
dimensions:      256       256       256
mmppix:       1.0000   -1.0000   -1.0000
center:     128.0000 -129.0000 -129.0000
fimgreg.f
image alignment mode   3335 decimal      D07 hex
parameters
   -0.0856   10.6076   22.1547   -0.3823   -0.6226   -0.4489
    7.2536    4.8673   -7.6326    8.1166   -4.2482   -8.4570
eta,q 0.96605 14.15929
niter,ni,del,rscale     5    3    5.0000    1.2000
parameter  4  1.069281 ->  0.500000 qaram    1.1500
parameter  5  1.021151 ->  0.500000 qaram    1.1500
parameters
   -0.0430   10.1136   21.9389   -4.5223   -4.7626   -2.4908
    7.8366    4.8511   -5.9947    4.8800   -4.0162   -7.0891
eta,q 0.97392 14.02764
  0.0381  0.0356  0.0369  0.0296  0.0266  0.0304  0.0315  0.0338  0.0297  0.0275  0.0283  0.0290
  0.0359  0.0343  0.0349  0.0296  0.0264  0.0287  0.0293  0.0303  0.0284  0.0263  0.0271  0.0274
  0.0344  0.0338  0.0339  0.0310  0.0275  0.0273  0.0278  0.0279  0.0275  0.0262  0.0263  0.0265
  0.0339  0.0339  0.0338  0.0337  0.0298  0.0266  0.0271  0.0271  0.0271  0.0270  0.0261  0.0261
  0.0344  0.0347  0.0345  0.0373  0.0331  0.0290  0.0273  0.0279  0.0270  0.0286  0.0263  0.0261
  0.0357  0.0359  0.0360  0.0411  0.0367  0.0349  0.0285  0.0303  0.0273  0.0308  0.0270  0.0265
  0.0378  0.0375  0.0379  0.0456  0.0402  0.0424  0.0303  0.0339  0.0281  0.0336  0.0280  0.0273
niter,ni,del,rscale     6    3    5.0000    1.2000
parameters
    0.0367   10.7790   21.6384   -5.9700   -7.2106   -2.6074
    7.5177    4.6640   -5.7518    4.2818   -4.2277   -8.2427
eta,q 0.97437 13.84842
  0.0305  0.0307  0.0273  0.0291  0.0281  0.0297  0.0290  0.0313  0.0277  0.0284  0.0269  0.0267
  0.0282  0.0286  0.0264  0.0278  0.0267  0.0284  0.0272  0.0281  0.0267  0.0265  0.0261  0.0259
  0.0267  0.0270  0.0259  0.0264  0.0258  0.0270  0.0261  0.0263  0.0260  0.0258  0.0258  0.0256
  0.0261  0.0261  0.0258  0.0258  0.0260  0.0257  0.0258  0.0258  0.0258  0.0258  0.0257  0.0257
  0.0264  0.0258  0.0262  0.0269  0.0277  0.0247  0.0264  0.0265  0.0260  0.0264  0.0259  0.0261
  0.0278  0.0263  0.0270  0.0297  0.0306  0.0264  0.0276  0.0286  0.0265  0.0275  0.0263  0.0267
  0.0300  0.0274  0.0284  0.0336  0.0340  0.0324  0.0295  0.0319  0.0274  0.0291  0.0270  0.0274
niter,ni,del,rscale     5    3    5.0000    1.2000
parameters
    0.0880   11.3409   21.6498   -5.8659   -8.4151   -2.8328
    7.3111    4.7091   -5.4704    4.7100   -4.2801   -9.0340
eta,q 0.97438 13.77814
  0.0294  0.0295  0.0270  0.0295  0.0288  0.0294  0.0289  0.0314  0.0277  0.0292  0.0269  0.0268
  0.0274  0.0277  0.0262  0.0281  0.0273  0.0281  0.0271  0.0281  0.0266  0.0269  0.0261  0.0259
  0.0261  0.0264  0.0257  0.0267  0.0260  0.0267  0.0260  0.0262  0.0259  0.0258  0.0257  0.0256
  0.0256  0.0256  0.0255  0.0255  0.0254  0.0255  0.0256  0.0256  0.0256  0.0256  0.0257  0.0257
  0.0260  0.0255  0.0256  0.0253  0.0264  0.0246  0.0261  0.0262  0.0258  0.0261  0.0258  0.0260
  0.0272  0.0260  0.0261  0.0271  0.0288  0.0263  0.0274  0.0281  0.0264  0.0269  0.0262  0.0265
  0.0291  0.0271  0.0271  0.0302  0.0320  0.0323  0.0292  0.0312  0.0274  0.0280  0.0268  0.0272
niter,ni,del,rscale     4    3    5.0000    1.2000
parameters
    0.1187   11.7352   21.6427   -5.5928   -9.0531   -2.9956
    7.1638    4.7632   -5.2605    5.2168   -4.3311   -9.4428
eta,q 0.97434 13.74938
  0.0292  0.0288  0.0270  0.0295  0.0291  0.0294  0.0289  0.0313  0.0276  0.0292  0.0269  0.0269
  0.0273  0.0273  0.0262  0.0281  0.0277  0.0281  0.0271  0.0281  0.0266  0.0269  0.0262  0.0260
  0.0260  0.0262  0.0257  0.0268  0.0263  0.0268  0.0260  0.0262  0.0259  0.0258  0.0258  0.0257
  0.0256  0.0256  0.0255  0.0255  0.0255  0.0255  0.0256  0.0256  0.0256  0.0256  0.0257  0.0257
  0.0260  0.0256  0.0257  0.0253  0.0260  0.0247  0.0261  0.0262  0.0258  0.0261  0.0259  0.0259
  0.0271  0.0262  0.0261  0.0269  0.0281  0.0262  0.0273  0.0281  0.0264  0.0268  0.0263  0.0264
  0.0290  0.0273  0.0270  0.0299  0.0311  0.0321  0.0292  0.0311  0.0274  0.0278  0.0269  0.0270
niter,ni,del,rscale     3    3    5.0000    1.2000
parameters
    0.1311   11.9998   21.5888   -5.4474   -9.4088   -3.0971
    7.0773    4.8009   -5.0818    5.6539   -4.4064   -9.6903
eta,q 0.97427 13.73307
  0.0291  0.0284  0.0269  0.0294  0.0293  0.0294  0.0290  0.0313  0.0276  0.0290  0.0270  0.0270
  0.0272  0.0270  0.0262  0.0281  0.0279  0.0282  0.0272  0.0282  0.0266  0.0268  0.0262  0.0261
  0.0261  0.0261  0.0258  0.0268  0.0266  0.0269  0.0261  0.0263  0.0259  0.0258  0.0258  0.0258
  0.0257  0.0257  0.0256  0.0256  0.0256  0.0256  0.0257  0.0257  0.0257  0.0257  0.0257  0.0257
  0.0260  0.0257  0.0258  0.0255  0.0259  0.0248  0.0261  0.0263  0.0259  0.0261  0.0259  0.0260
  0.0272  0.0263  0.0262  0.0271  0.0278  0.0261  0.0273  0.0282  0.0265  0.0269  0.0263  0.0264
  0.0291  0.0275  0.0271  0.0301  0.0307  0.0320  0.0292  0.0311  0.0274  0.0278  0.0270  0.0270
niter,ni,del,rscale     2    3    5.0000    1.2000
parameters
    0.1295   12.1898   21.5227   -5.3920   -9.6481   -3.1600
    7.0159    4.8264   -4.9208    6.0231   -4.5166   -9.8600
eta,q 0.97421 13.72124
  0.0291  0.0282  0.0270  0.0294  0.0294  0.0295  0.0290  0.0313  0.0276  0.0288  0.0270  0.0271
  0.0273  0.0269  0.0262  0.0281  0.0280  0.0283  0.0273  0.0282  0.0266  0.0268  0.0263  0.0262
  0.0261  0.0261  0.0258  0.0269  0.0267  0.0270  0.0262  0.0263  0.0260  0.0258  0.0259  0.0258
  0.0257  0.0257  0.0257  0.0257  0.0257  0.0257  0.0258  0.0258  0.0258  0.0258  0.0258  0.0258
  0.0261  0.0258  0.0259  0.0256  0.0259  0.0249  0.0262  0.0264  0.0260  0.0262  0.0260  0.0260
  0.0273  0.0264  0.0263  0.0273  0.0277  0.0261  0.0274  0.0282  0.0265  0.0269  0.0264  0.0264
  0.0292  0.0276  0.0272  0.0302  0.0306  0.0319  0.0292  0.0312  0.0275  0.0278  0.0270  0.0271
niter,ni,del,rscale     1    3    5.0000    1.2000
parameters
    0.1235   12.3444   21.4517   -5.3817   -9.8499   -3.2209
    6.9669    4.8510   -4.7746    6.3335   -4.6351   -9.9933
eta,q 0.97413 13.70925
  0.0292  0.0281  0.0270  0.0294  0.0294  0.0295  0.0291  0.0313  0.0277  0.0287  0.0271  0.0272
  0.0273  0.0269  0.0263  0.0282  0.0281  0.0283  0.0274  0.0283  0.0267  0.0268  0.0263  0.0263
  0.0262  0.0261  0.0259  0.0269  0.0268  0.0270  0.0262  0.0264  0.0261  0.0259  0.0260  0.0259
  0.0258  0.0258  0.0258  0.0258  0.0258  0.0258  0.0258  0.0258  0.0258  0.0259  0.0259  0.0259
  0.0262  0.0259  0.0259  0.0257  0.0260  0.0250  0.0262  0.0264  0.0260  0.0263  0.0261  0.0261
  0.0273  0.0265  0.0264  0.0274  0.0277  0.0261  0.0274  0.0283  0.0266  0.0269  0.0265  0.0265
  0.0292  0.0276  0.0272  0.0303  0.0305  0.0319  0.0292  0.0312  0.0275  0.0278  0.0271  0.0271
registration optimization eta report
parameter search radius
    2.4000    2.4000    2.4000    8.2800    8.2800    7.2000
    7.2000    7.2000    7.2000    7.2000    7.2000    7.2000
100000*second partial in parameter space
       59.       36.       23.        6.        6.       10.
        6.       10.        3.        5.        2.        2.
  0.0292  0.0281  0.0270  0.0294  0.0294  0.0295  0.0291  0.0313  0.0277  0.0287  0.0271  0.0272
  0.0273  0.0269  0.0263  0.0282  0.0281  0.0283  0.0274  0.0283  0.0267  0.0268  0.0263  0.0263
  0.0262  0.0261  0.0259  0.0269  0.0268  0.0270  0.0262  0.0264  0.0261  0.0259  0.0260  0.0259
  0.0258  0.0258  0.0258  0.0258  0.0258  0.0258  0.0258  0.0258  0.0258  0.0259  0.0259  0.0259
  0.0262  0.0259  0.0259  0.0257  0.0260  0.0250  0.0262  0.0264  0.0260  0.0263  0.0261  0.0261
  0.0273  0.0265  0.0264  0.0274  0.0277  0.0261  0.0274  0.0283  0.0266  0.0269  0.0265  0.0265
  0.0292  0.0276  0.0272  0.0303  0.0305  0.0319  0.0292  0.0312  0.0275  0.0278  0.0271  0.0271
    0.1235   12.3444   21.4517   -5.3817   -9.8499   -3.2209
    6.9669    4.8510   -4.7746    6.3335   -4.6351   -9.9933
eta,q 0.97413 13.70925

---------------------------------------------------------------------
imgreg_4dfp /opt/freesurfer/average/711-2C_as_mni_average_305 /opt/freesurfer/average/711-2B_as_mni_average_305_mask talsrcimg_g11 none talsrcimg_to_711-2C_as_mni_average_305_t4 2311
---------------------------------------------------------------------

freesurfer imgreg_4dfp.c
/opt/freesurfer/average/711-2C_as_mni_average_305.4dfp.img
       256       256       256         1
  1.000000  1.000000  1.000000
orientation T byte_order littleendian
Reading image: /opt/freesurfer/average/711-2C_as_mni_average_305.4dfp.img
dimensions:      256       256       256
mmppix:       1.0000   -1.0000   -1.0000
center:     128.0000 -129.0000 -129.0000
/opt/freesurfer/average/711-2B_as_mni_average_305_mask.4dfp.img
       256       256       256         1
  1.000000  1.000000  1.000000
orientation T byte_order littleendian
Reading mask: /opt/freesurfer/average/711-2B_as_mni_average_305_mask.4dfp.img (2306576 pixels)
talsrcimg_g11.4dfp.img
       256       256       256         1
  1.000000  1.000000  1.000000
orientation T byte_order littleendian
Reading image: talsrcimg_g11.4dfp.img
dimensions:      256       256       256
mmppix:       1.0000   -1.0000   -1.0000
center:     128.0000 -129.0000 -129.0000
fimgreg.f
image alignment mode   2311 decimal      907 hex
parameters
    0.1235   12.3444   21.4517   -5.3817   -9.8499   -3.2209
    6.9669    4.8510   -4.7746    6.3335   -4.6351   -9.9933
eta,q 0.97413 13.70925
niter,ni,del,rscale     5    3    5.0000    0.8000
parameters
    0.1226   12.5158   21.3966   -4.2962   -9.5233   -1.9680
    6.6364    5.0756   -4.6264    7.0512   -4.4376   -9.8156
eta,q 0.97476 13.80239
  0.0274  0.0270  0.0264  0.0279  0.0275  0.0280  0.0269  0.0290  0.0263  0.0272  0.0263  0.0261
  0.0265  0.0264  0.0261  0.0272  0.0267  0.0272  0.0259  0.0270  0.0257  0.0261  0.0257  0.0256
  0.0260  0.0260  0.0259  0.0265  0.0261  0.0263  0.0253  0.0257  0.0253  0.0254  0.0253  0.0253
  0.0259  0.0259  0.0259  0.0259  0.0256  0.0256  0.0252  0.0252  0.0252  0.0252  0.0252  0.0252
  0.0260  0.0259  0.0259  0.0256  0.0257  0.0252  0.0255  0.0256  0.0253  0.0253  0.0253  0.0253
  0.0265  0.0261  0.0261  0.0259  0.0262  0.0252  0.0263  0.0266  0.0256  0.0256  0.0256  0.0256
  0.0274  0.0266  0.0264  0.0269  0.0273  0.0268  0.0274  0.0283  0.0262  0.0261  0.0261  0.0259
niter,ni,del,rscale     4    3    5.0000    0.7000
parameters
    0.1174   12.2934   21.4648   -4.4260   -9.0862   -1.8244
    6.7391    5.0326   -4.6536    6.6250   -4.3579   -9.6111
eta,q 0.97490 13.82124
  0.0266  0.0258  0.0258  0.0268  0.0268  0.0272  0.0266  0.0278  0.0259  0.0260  0.0259  0.0258
  0.0258  0.0254  0.0255  0.0261  0.0262  0.0264  0.0258  0.0263  0.0254  0.0254  0.0254  0.0254
  0.0254  0.0252  0.0253  0.0255  0.0256  0.0257  0.0253  0.0254  0.0252  0.0251  0.0252  0.0252
  0.0252  0.0252  0.0252  0.0252  0.0252  0.0252  0.0251  0.0251  0.0251  0.0251  0.0251  0.0251
  0.0254  0.0254  0.0252  0.0254  0.0252  0.0249  0.0253  0.0255  0.0252  0.0254  0.0252  0.0252
  0.0259  0.0258  0.0254  0.0260  0.0256  0.0253  0.0257  0.0264  0.0255  0.0257  0.0254  0.0254
  0.0266  0.0263  0.0257  0.0271  0.0264  0.0276  0.0265  0.0278  0.0259  0.0262  0.0258  0.0256
niter,ni,del,rscale     3    3    5.0000    0.6000
parameters
    0.1126   12.0512   21.5397   -4.4171   -8.7224   -1.4319
    6.7278    5.0108   -4.7507    6.2817   -4.2499   -9.3474
eta,q 0.97509 13.84754
  0.0261  0.0255  0.0256  0.0264  0.0263  0.0267  0.0260  0.0271  0.0255  0.0256  0.0256  0.0255
  0.0256  0.0252  0.0253  0.0258  0.0258  0.0260  0.0254  0.0259  0.0252  0.0251  0.0252  0.0252
  0.0252  0.0251  0.0252  0.0253  0.0253  0.0255  0.0251  0.0251  0.0250  0.0249  0.0250  0.0250
  0.0251  0.0251  0.0251  0.0251  0.0251  0.0250  0.0249  0.0249  0.0249  0.0249  0.0249  0.0249
  0.0252  0.0253  0.0251  0.0252  0.0251  0.0248  0.0251  0.0252  0.0250  0.0251  0.0250  0.0250
  0.0256  0.0255  0.0252  0.0256  0.0254  0.0250  0.0254  0.0260  0.0252  0.0254  0.0252  0.0251
  0.0261  0.0260  0.0255  0.0265  0.0260  0.0265  0.0260  0.0271  0.0255  0.0258  0.0255  0.0253
niter,ni,del,rscale     2    3    5.0000    0.5000
parameters
    0.1265   11.8052   21.5842   -4.4965   -8.3924   -1.0842
    6.7556    4.9681   -4.8838    5.9434   -4.1430   -9.0590
eta,q 0.97525 13.86788
  0.0257  0.0251  0.0253  0.0258  0.0259  0.0261  0.0256  0.0264  0.0251  0.0253  0.0252  0.0252
  0.0253  0.0250  0.0251  0.0253  0.0254  0.0256  0.0251  0.0255  0.0249  0.0249  0.0250  0.0250
  0.0250  0.0249  0.0249  0.0250  0.0251  0.0252  0.0249  0.0249  0.0248  0.0248  0.0248  0.0248
  0.0249  0.0249  0.0249  0.0249  0.0249  0.0249  0.0248  0.0248  0.0248  0.0248  0.0247  0.0247
  0.0250  0.0250  0.0249  0.0250  0.0249  0.0247  0.0249  0.0250  0.0248  0.0249  0.0248  0.0248
  0.0252  0.0253  0.0250  0.0253  0.0251  0.0249  0.0251  0.0256  0.0250  0.0252  0.0249  0.0249
  0.0256  0.0256  0.0252  0.0260  0.0256  0.0259  0.0256  0.0264  0.0252  0.0255  0.0252  0.0251
niter,ni,del,rscale     1    3    5.0000    0.4000
parameters
    0.1377   11.5832   21.5837   -4.6319   -8.1125   -0.7309
    6.7963    4.9176   -5.0079    5.7040   -4.0661   -8.8258
eta,q 0.97537 13.88355
  0.0253  0.0249  0.0250  0.0253  0.0254  0.0257  0.0252  0.0257  0.0249  0.0250  0.0250  0.0250
  0.0250  0.0248  0.0249  0.0250  0.0251  0.0253  0.0249  0.0251  0.0247  0.0248  0.0248  0.0248
  0.0248  0.0247  0.0248  0.0248  0.0249  0.0250  0.0247  0.0247  0.0247  0.0246  0.0247  0.0247
  0.0247  0.0247  0.0247  0.0247  0.0247  0.0247  0.0246  0.0246  0.0246  0.0246  0.0246  0.0246
  0.0248  0.0248  0.0248  0.0248  0.0247  0.0246  0.0247  0.0248  0.0247  0.0247  0.0247  0.0246
  0.0250  0.0250  0.0248  0.0251  0.0249  0.0247  0.0249  0.0252  0.0248  0.0249  0.0248  0.0247
  0.0252  0.0252  0.0250  0.0255  0.0252  0.0254  0.0252  0.0258  0.0249  0.0252  0.0249  0.0248
registration optimization eta report
parameter search radius
    0.8000    0.8000    0.8000    2.4000    2.4000    2.4000
    2.4000    2.4000    2.4000    2.4000    2.4000    2.4000
100000*second partial in parameter space
       79.       47.       40.       12.       10.       15.
        9.       20.        5.        8.        5.        5.
  0.0253  0.0249  0.0250  0.0253  0.0254  0.0257  0.0252  0.0257  0.0249  0.0250  0.0250  0.0250
  0.0250  0.0248  0.0249  0.0250  0.0251  0.0253  0.0249  0.0251  0.0247  0.0248  0.0248  0.0248
  0.0248  0.0247  0.0248  0.0248  0.0249  0.0250  0.0247  0.0247  0.0247  0.0246  0.0247  0.0247
  0.0247  0.0247  0.0247  0.0247  0.0247  0.0247  0.0246  0.0246  0.0246  0.0246  0.0246  0.0246
  0.0248  0.0248  0.0248  0.0248  0.0247  0.0246  0.0247  0.0248  0.0247  0.0247  0.0247  0.0246
  0.0250  0.0250  0.0248  0.0251  0.0249  0.0247  0.0249  0.0252  0.0248  0.0249  0.0248  0.0247
  0.0252  0.0252  0.0250  0.0255  0.0252  0.0254  0.0252  0.0258  0.0249  0.0252  0.0249  0.0248
    0.1377   11.5832   21.5837   -4.6319   -8.1125   -0.7309
    6.7963    4.9176   -5.0079    5.7040   -4.0661   -8.8258
eta,q 0.97537 13.88355

---------------------------------------------------------------------
imgreg_4dfp /opt/freesurfer/average/711-2C_as_mni_average_305 /opt/freesurfer/average/711-2B_as_mni_average_305_mask talsrcimg_g11 none talsrcimg_to_711-2C_as_mni_average_305_t4 2311
---------------------------------------------------------------------

freesurfer imgreg_4dfp.c
/opt/freesurfer/average/711-2C_as_mni_average_305.4dfp.img
       256       256       256         1
  1.000000  1.000000  1.000000
orientation T byte_order littleendian
Reading image: /opt/freesurfer/average/711-2C_as_mni_average_305.4dfp.img
dimensions:      256       256       256
mmppix:       1.0000   -1.0000   -1.0000
center:     128.0000 -129.0000 -129.0000
/opt/freesurfer/average/711-2B_as_mni_average_305_mask.4dfp.img
       256       256       256         1
  1.000000  1.000000  1.000000
orientation T byte_order littleendian
Reading mask: /opt/freesurfer/average/711-2B_as_mni_average_305_mask.4dfp.img (2306576 pixels)
talsrcimg_g11.4dfp.img
       256       256       256         1
  1.000000  1.000000  1.000000
orientation T byte_order littleendian
Reading image: talsrcimg_g11.4dfp.img
dimensions:      256       256       256
mmppix:       1.0000   -1.0000   -1.0000
center:     128.0000 -129.0000 -129.0000
fimgreg.f
image alignment mode   2311 decimal      907 hex
parameters
    0.1377   11.5832   21.5837   -4.6319   -8.1125   -0.7309
    6.7963    4.9176   -5.0079    5.7040   -4.0661   -8.8258
eta,q 0.97537 13.88356
niter,ni,del,rscale     5    3    5.0000    0.8000
parameters
    0.1353   11.4049   21.5158   -5.1539   -8.2390   -1.5633
    7.0194    4.8921   -5.1646    5.3104   -4.1208   -8.8074
eta,q 0.97512 13.85323
  0.0267  0.0256  0.0257  0.0265  0.0265  0.0270  0.0270  0.0284  0.0258  0.0262  0.0258  0.0258
  0.0255  0.0250  0.0251  0.0256  0.0257  0.0261  0.0259  0.0265  0.0253  0.0253  0.0252  0.0252
  0.0249  0.0247  0.0247  0.0248  0.0250  0.0253  0.0252  0.0253  0.0250  0.0249  0.0249  0.0249
  0.0246  0.0246  0.0246  0.0246  0.0246  0.0246  0.0249  0.0249  0.0249  0.0249  0.0249  0.0249
  0.0249  0.0249  0.0248  0.0250  0.0248  0.0247  0.0251  0.0254  0.0251  0.0253  0.0250  0.0250
  0.0255  0.0254  0.0252  0.0261  0.0256  0.0272  0.0257  0.0266  0.0254  0.0258  0.0253  0.0253
  0.0267  0.0262  0.0259  0.0277  0.0270  0.0314  0.0266  0.0284  0.0259  0.0265  0.0258  0.0257
niter,ni,del,rscale     4    3    5.0000    0.7000
parameters
    0.1295   11.5649   21.6095   -4.7691   -8.3185   -1.6182
    7.0069    4.8873   -5.1855    5.3329   -4.1379   -8.8801
eta,q 0.97516 13.85440
  0.0263  0.0260  0.0256  0.0267  0.0263  0.0268  0.0263  0.0276  0.0256  0.0261  0.0256  0.0255
  0.0255  0.0254  0.0252  0.0260  0.0256  0.0261  0.0255  0.0261  0.0252  0.0253  0.0251  0.0251
  0.0250  0.0251  0.0250  0.0253  0.0251  0.0254  0.0250  0.0251  0.0249  0.0249  0.0249  0.0249
  0.0249  0.0249  0.0249  0.0249  0.0248  0.0248  0.0248  0.0248  0.0248  0.0248  0.0248  0.0248
  0.0251  0.0249  0.0249  0.0249  0.0250  0.0246  0.0250  0.0252  0.0249  0.0251  0.0250  0.0249
  0.0255  0.0252  0.0251  0.0253  0.0256  0.0252  0.0255  0.0261  0.0252  0.0254  0.0252  0.0252
  0.0263  0.0256  0.0254  0.0263  0.0266  0.0279  0.0263  0.0276  0.0256  0.0260  0.0256  0.0255
niter,ni,del,rscale     3    3    5.0000    0.6000
parameters
    0.1235   11.5747   21.7091   -4.5768   -8.2823   -1.3316
    6.9645    4.8959   -5.1697    5.3327   -4.0733   -8.8401
eta,q 0.97526 13.86618
  0.0259  0.0255  0.0254  0.0262  0.0260  0.0265  0.0258  0.0269  0.0253  0.0257  0.0254  0.0253
  0.0253  0.0252  0.0251  0.0256  0.0255  0.0258  0.0252  0.0257  0.0250  0.0251  0.0250  0.0250
  0.0250  0.0249  0.0249  0.0251  0.0250  0.0253  0.0249  0.0250  0.0248  0.0248  0.0248  0.0248
  0.0248  0.0248  0.0248  0.0248  0.0248  0.0248  0.0247  0.0247  0.0247  0.0247  0.0247  0.0247
  0.0250  0.0249  0.0249  0.0249  0.0249  0.0246  0.0249  0.0250  0.0248  0.0249  0.0248  0.0248
  0.0253  0.0251  0.0250  0.0253  0.0253  0.0249  0.0253  0.0257  0.0250  0.0252  0.0250  0.0250
  0.0259  0.0255  0.0253  0.0261  0.0261  0.0265  0.0259  0.0269  0.0253  0.0256  0.0253  0.0252
niter,ni,del,rscale     2    3    5.0000    0.5000
parameters
    0.1345   11.5074   21.7206   -4.5859   -8.1783   -1.0311
    6.9506    4.8833   -5.1872    5.2892   -4.0219   -8.7516
eta,q 0.97534 13.87608
  0.0255  0.0252  0.0251  0.0257  0.0256  0.0260  0.0255  0.0263  0.0251  0.0253  0.0251  0.0251
  0.0251  0.0249  0.0249  0.0252  0.0252  0.0255  0.0250  0.0254  0.0248  0.0249  0.0249  0.0248
  0.0248  0.0248  0.0248  0.0249  0.0249  0.0251  0.0247  0.0248  0.0247  0.0247  0.0247  0.0247
  0.0247  0.0247  0.0247  0.0247  0.0247  0.0247  0.0247  0.0247  0.0247  0.0247  0.0247  0.0247
  0.0248  0.0248  0.0248  0.0248  0.0248  0.0246  0.0248  0.0249  0.0247  0.0248  0.0247  0.0247
  0.0251  0.0250  0.0249  0.0252  0.0251  0.0248  0.0250  0.0254  0.0249  0.0250  0.0249  0.0248
  0.0255  0.0253  0.0251  0.0258  0.0256  0.0259  0.0255  0.0263  0.0251  0.0253  0.0251  0.0250
niter,ni,del,rscale     1    3    5.0000    0.4000
parameters
    0.1426   11.4220   21.6804   -4.6812   -8.0580   -0.7236
    6.9350    4.8551   -5.2164    5.2848   -4.0043   -8.6538
eta,q 0.97541 13.88485
  0.0252  0.0249  0.0249  0.0253  0.0253  0.0256  0.0251  0.0257  0.0249  0.0251  0.0249  0.0249
  0.0249  0.0248  0.0248  0.0249  0.0250  0.0252  0.0248  0.0251  0.0247  0.0248  0.0247  0.0247
  0.0247  0.0247  0.0247  0.0247  0.0248  0.0249  0.0246  0.0247  0.0246  0.0246  0.0246  0.0246
  0.0247  0.0247  0.0247  0.0247  0.0247  0.0246  0.0246  0.0246  0.0246  0.0246  0.0246  0.0246
  0.0247  0.0247  0.0247  0.0247  0.0247  0.0245  0.0246  0.0247  0.0246  0.0247  0.0246  0.0246
  0.0249  0.0249  0.0248  0.0250  0.0249  0.0247  0.0248  0.0251  0.0247  0.0248  0.0247  0.0247
  0.0252  0.0250  0.0250  0.0254  0.0252  0.0254  0.0251  0.0257  0.0249  0.0250  0.0249  0.0248
registration optimization eta report
parameter search radius
    0.8000    0.8000    0.8000    2.4000    2.4000    2.4000
    2.4000    2.4000    2.4000    2.4000    2.4000    2.4000
100000*second partial in parameter space
       79.       50.       42.       12.       10.       15.
        9.       19.        5.        8.        5.        4.
  0.0252  0.0249  0.0249  0.0253  0.0253  0.0256  0.0251  0.0257  0.0249  0.0251  0.0249  0.0249
  0.0249  0.0248  0.0248  0.0249  0.0250  0.0252  0.0248  0.0251  0.0247  0.0248  0.0247  0.0247
  0.0247  0.0247  0.0247  0.0247  0.0248  0.0249  0.0246  0.0247  0.0246  0.0246  0.0246  0.0246
  0.0247  0.0247  0.0247  0.0247  0.0247  0.0246  0.0246  0.0246  0.0246  0.0246  0.0246  0.0246
  0.0247  0.0247  0.0247  0.0247  0.0247  0.0245  0.0246  0.0247  0.0246  0.0247  0.0246  0.0246
  0.0249  0.0249  0.0248  0.0250  0.0249  0.0247  0.0248  0.0251  0.0247  0.0248  0.0247  0.0247
  0.0252  0.0250  0.0250  0.0254  0.0252  0.0254  0.0251  0.0257  0.0249  0.0250  0.0249  0.0248
    0.1426   11.4220   21.6804   -4.6812   -8.0580   -0.7236
    6.9350    4.8551   -5.2164    5.2848   -4.0043   -8.6538
eta,q 0.97541 13.88485

---------------------------------------------------------------------
compute_vox2vox talsrcimg talsrcimg_to_711-2C_as_mni_average_305_t4 /opt/freesurfer/average/711-2C_as_mni_average_305
---------------------------------------------------------------------

freesurfer compute_vox2vox.c
Reading: talsrcimg.4dfp.ifh
Reading: talsrcimg_to_711-2C_as_mni_average_305_t4
Reading: /opt/freesurfer/average/711-2C_as_mni_average_305.4dfp.ifh
Writing: talsrcimg_to_711-2C_as_mni_average_305_t4_vox2vox.txt

start time Wed Mar 11 02:49:22 CET 2026
end		time Wed Mar 11 02:50:49 CET 2026

mpr2mni305 success

avi2talxfm orig_nu.mgz /opt/freesurfer/average/mni305.cor.mgz talsrcimg_to_711-2C_as_mni_average_305_t4_vox2vox.txt transforms/talairach.auto.xfm
avi2talxfm done
mv -f /out/sourcedata/freesurfer/sub-v2s12x28900_ses-1/mri/talsrcimg_to_711-2C_as_mni_average_305_t4_vox2vox.txt /out/sourcedata/freesurfer/sub-v2s12x28900_ses-1/mri/transforms/talsrcimg_to_711-2C_as_mni_average_305_t4_vox2vox.txt
lta_convert --src orig_nu.mgz --trg /opt/freesurfer/average/mni305.cor.mgz --inxfm transforms/talairach.auto.xfm --outlta transforms/talairach.auto.xfm.lta --subject fsaverage
7.3.2

--src: orig_nu.mgz src image (geometry).
--trg: /opt/freesurfer/average/mni305.cor.mgz trg image (geometry).
--inmni: transforms/talairach.auto.xfm input MNI/XFM transform.
--outlta: transforms/talairach.auto.xfm.lta output LTA.
--s: fsaverage subject name
 LTA read, type : 1
 1.04261  -0.04657  -0.08303   0.86539;
 0.04698   1.00017   0.09059  -28.92742;
 0.05645  -0.06013   1.07772  -35.40163;
 0.00000   0.00000   0.00000   1.00000;
setting subject to fsaverage
Writing  LTA to file transforms/talairach.auto.xfm.lta...
lta_convert successful.
 
 
Started at Wed Mar 11 02:49:22 CET 2026
Ended   at Wed Mar 11 02:50:49 CET 2026
talairach_avi done
