status file for recon-all
Tue Mar 10 23:58:22 CET 2026
#@# Tessellate rh Tue Mar 10 23:58:22 CET 2026
#@# Smooth1 rh Tue Mar 10 23:58:25 CET 2026
#@# Inflation1 rh Tue Mar 10 23:58:28 CET 2026
#@# QSphere rh Tue Mar 10 23:58:39 CET 2026
#@# Fix Topology rh Tue Mar 10 23:59:52 CET 2026
#@# Smooth2 rh Wed Mar 11 00:08:08 CET 2026
#@# Inflation2 rh Wed Mar 11 00:08:11 CET 2026
#@# Curv .H and .K rh Wed Mar 11 00:08:24 CET 2026
#@# Sphere rh Wed Mar 11 00:09:11 CET 2026
#@# Surf Reg rh Wed Mar 11 00:14:59 CET 2026
#@# Jacobian white rh Wed Mar 11 00:20:35 CET 2026
#@# AvgCurv rh Wed Mar 11 00:20:36 CET 2026
#@# Cortical Parc rh Wed Mar 11 00:20:37 CET 2026
#@# white curv rh Wed Mar 11 00:29:46 CET 2026
#@# white area rh Wed Mar 11 00:29:48 CET 2026
#@# pial curv rh Wed Mar 11 00:29:49 CET 2026
#@# pial area rh Wed Mar 11 00:29:51 CET 2026
#@# thickness rh Wed Mar 11 00:29:51 CET 2026
#@# area and vertex vol rh Wed Mar 11 00:30:22 CET 2026
#@# Curvature Stats rh Wed Mar 11 00:30:24 CET 2026
#@# Cortical Parc 2 rh Wed Mar 11 00:30:26 CET 2026
#@# Cortical Parc 3 rh Wed Mar 11 00:30:40 CET 2026
#@# WM/GM Contrast rh Wed Mar 11 00:30:51 CET 2026
recon-all -s sub-v2s12x28852_ses-1 finished without error at Wed Mar 11 00:30:54 CET 2026



#New# invocation of recon-all 



status file for recon-all
Wed Mar 11 00:40:07 CET 2026
#@# white curv rh Wed Mar 11 00:40:07 CET 2026
#@# white area rh Wed Mar 11 00:40:07 CET 2026
#@# pial curv rh Wed Mar 11 00:40:07 CET 2026
#@# pial area rh Wed Mar 11 00:40:07 CET 2026
#@# thickness rh Wed Mar 11 00:40:07 CET 2026
#@# area and vertex vol rh Wed Mar 11 00:40:07 CET 2026
#@# Parcellation Stats rh Wed Mar 11 00:40:07 CET 2026
#@# Parcellation Stats 2 rh Wed Mar 11 00:40:26 CET 2026
#@# Parcellation Stats 3 rh Wed Mar 11 00:40:36 CET 2026
#@# BA_exvivo Labels rh Wed Mar 11 00:40:45 CET 2026
recon-all -s sub-v2s12x28852_ses-1 finished without error at Wed Mar 11 00:43:30 CET 2026
