status file for recon-all
Wed Mar 11 03:32:10 CET 2026
#@# Tessellate lh Wed Mar 11 03:32:10 CET 2026
#@# Smooth1 lh Wed Mar 11 03:32:14 CET 2026
#@# Inflation1 lh Wed Mar 11 03:32:17 CET 2026
#@# QSphere lh Wed Mar 11 03:32:27 CET 2026
#@# Fix Topology lh Wed Mar 11 03:33:28 CET 2026
#@# Smooth2 lh Wed Mar 11 03:38:38 CET 2026
#@# Inflation2 lh Wed Mar 11 03:38:41 CET 2026
#@# Curv .H and .K lh Wed Mar 11 03:38:54 CET 2026
#@# Sphere lh Wed Mar 11 03:39:43 CET 2026
#@# Surf Reg lh Wed Mar 11 03:42:47 CET 2026
#@# Jacobian white lh Wed Mar 11 03:45:54 CET 2026
#@# AvgCurv lh Wed Mar 11 03:45:55 CET 2026
#@# Cortical Parc lh Wed Mar 11 03:45:56 CET 2026
#@# white curv lh Wed Mar 11 03:52:17 CET 2026
#@# white area lh Wed Mar 11 03:52:18 CET 2026
#@# pial curv lh Wed Mar 11 03:52:19 CET 2026
#@# pial area lh Wed Mar 11 03:52:21 CET 2026
#@# thickness lh Wed Mar 11 03:52:22 CET 2026
#@# area and vertex vol lh Wed Mar 11 03:52:54 CET 2026
#@# Curvature Stats lh Wed Mar 11 03:52:55 CET 2026
#@# Cortical Parc 2 lh Wed Mar 11 03:52:58 CET 2026
#@# Cortical Parc 3 lh Wed Mar 11 03:53:11 CET 2026
#@# WM/GM Contrast lh Wed Mar 11 03:53:21 CET 2026
recon-all -s sub-v2s12x28888_ses-1 finished without error at Wed Mar 11 03:53:24 CET 2026



#New# invocation of recon-all 



status file for recon-all
Wed Mar 11 04:23:25 CET 2026
#@# white curv lh Wed Mar 11 04:23:25 CET 2026
#@# white area lh Wed Mar 11 04:23:25 CET 2026
#@# pial curv lh Wed Mar 11 04:23:25 CET 2026
#@# pial area lh Wed Mar 11 04:23:25 CET 2026
#@# thickness lh Wed Mar 11 04:23:25 CET 2026
#@# area and vertex vol lh Wed Mar 11 04:23:25 CET 2026
#@# Parcellation Stats lh Wed Mar 11 04:23:25 CET 2026
#@# Parcellation Stats 2 lh Wed Mar 11 04:23:45 CET 2026
#@# Parcellation Stats 3 lh Wed Mar 11 04:23:55 CET 2026
#@# BA_exvivo Labels lh Wed Mar 11 04:24:05 CET 2026
recon-all -s sub-v2s12x28888_ses-1 finished without error at Wed Mar 11 04:26:40 CET 2026
