status file for recon-all
Wed Mar 11 03:53:27 CET 2026
#@# Tessellate rh Wed Mar 11 03:53:27 CET 2026
#@# Smooth1 rh Wed Mar 11 03:53:30 CET 2026
#@# Inflation1 rh Wed Mar 11 03:53:33 CET 2026
#@# QSphere rh Wed Mar 11 03:53:44 CET 2026
#@# Fix Topology rh Wed Mar 11 03:54:58 CET 2026
#@# Smooth2 rh Wed Mar 11 04:00:24 CET 2026
#@# Inflation2 rh Wed Mar 11 04:00:27 CET 2026
#@# Curv .H and .K rh Wed Mar 11 04:00:39 CET 2026
#@# Sphere rh Wed Mar 11 04:01:29 CET 2026
#@# Surf Reg rh Wed Mar 11 04:04:37 CET 2026
#@# Jacobian white rh Wed Mar 11 04:07:59 CET 2026
#@# AvgCurv rh Wed Mar 11 04:08:00 CET 2026
#@# Cortical Parc rh Wed Mar 11 04:08:01 CET 2026
#@# white curv rh Wed Mar 11 04:14:16 CET 2026
#@# white area rh Wed Mar 11 04:14:18 CET 2026
#@# pial curv rh Wed Mar 11 04:14:18 CET 2026
#@# pial area rh Wed Mar 11 04:14:20 CET 2026
#@# thickness rh Wed Mar 11 04:14:21 CET 2026
#@# area and vertex vol rh Wed Mar 11 04:14:53 CET 2026
#@# Curvature Stats rh Wed Mar 11 04:14:54 CET 2026
#@# Cortical Parc 2 rh Wed Mar 11 04:14:56 CET 2026
#@# Cortical Parc 3 rh Wed Mar 11 04:15:10 CET 2026
#@# WM/GM Contrast rh Wed Mar 11 04:15:20 CET 2026
recon-all -s sub-v2s12x28888_ses-1 finished without error at Wed Mar 11 04:15:23 CET 2026



#New# invocation of recon-all 



status file for recon-all
Wed Mar 11 04:26:43 CET 2026
#@# white curv rh Wed Mar 11 04:26:43 CET 2026
#@# white area rh Wed Mar 11 04:26:43 CET 2026
#@# pial curv rh Wed Mar 11 04:26:43 CET 2026
#@# pial area rh Wed Mar 11 04:26:43 CET 2026
#@# thickness rh Wed Mar 11 04:26:43 CET 2026
#@# area and vertex vol rh Wed Mar 11 04:26:43 CET 2026
#@# Parcellation Stats rh Wed Mar 11 04:26:43 CET 2026
#@# Parcellation Stats 2 rh Wed Mar 11 04:27:03 CET 2026
#@# Parcellation Stats 3 rh Wed Mar 11 04:27:13 CET 2026
#@# BA_exvivo Labels rh Wed Mar 11 04:27:23 CET 2026
recon-all -s sub-v2s12x28888_ses-1 finished without error at Wed Mar 11 04:30:02 CET 2026
