/out/sourcedata/freesurfer/sub-v2s12x28858_ses-1/mri
/opt/freesurfer/bin/talairach_avi
--i orig_nu.mgz --xfm transforms/talairach.auto.xfm
talairach_avi 7.3.2
Linux dna057 5.14.0-427.37.1.el9_4.x86_64 #1 SMP PREEMPT_DYNAMIC Fri Sep 13 12:41:50 EDT 2024 x86_64 x86_64 x86_64 GNU/Linux
Tue Mar 10 22:32:01 CET 2026
mri_convert orig_nu.mgz talsrcimg.img 
reading from orig_nu.mgz...
TR=0.00, TE=0.00, TI=0.00, flip angle=0.00
i_ras = (-1, 0, 0)
j_ras = (0, 0, -1)
k_ras = (0, 1, 0)
writing to talsrcimg.img...
Analyze Output Matrix
-1.00000   0.00000   0.00000   129.50000;
 0.00000   0.00000   1.00000  -128.50000;
 0.00000  -1.00000   0.00000   112.62500;
 0.00000   0.00000   0.00000   1.00000;
--------------------
INFO: set hdr.hist.orient to -1
mpr2mni305 talsrcimg
Tue Mar 10 22:32:02 CET 2026
/opt/freesurfer/bin/mpr2mni305 talsrcimg
mpr2mni305 7.3.2
target=711-2C_as_mni_average_305

---------------------------------------------------------------------
analyzeto4dfp talsrcimg -O0 -y
---------------------------------------------------------------------

freesurfer ifh2hdr.c
Tue Mar 10 22:32:02 2026
Writing: talsrcimg.4dfp.hdr
freesurfer analyzeto4dfp.c
Reading: talsrcimg.hdr
header size 348 bytes
hdr.dime.datatype	offset=70	value=2
hdr.dime.bitpix		offset=72	value=8
hdr.hist.orient		offset=252	value=-1
dimensionality     4
dimensions       256       256       256         1
Reading: talsrcimg.img
Writing: talsrcimg.4dfp.img
Writing: talsrcimg.4dfp.ifh
ifh2hdr talsrcimg -r0to232
ori=2

---------------------------------------------------------------------
gauss_4dfp talsrcimg 1.1
---------------------------------------------------------------------

freesurfer gauss_4dfp.c
Reading: talsrcimg.4dfp.img
Writing: talsrcimg_g11.4dfp.img
image dimensions 256 256 256 padded to 288 288 288
processing volume 1freesurfer ifh2hdr.c
Tue Mar 10 22:32:04 2026
Writing: talsrcimg_g11.4dfp.hdr

Writing: talsrcimg_g11.4dfp.ifh
including: talsrcimg.4dfp.img.rec in talsrcimg_g11.4dfp.img.rec

---------------------------------------------------------------------
imgreg_4dfp /opt/freesurfer/average/711-2C_as_mni_average_305 none talsrcimg_g11 none talsrcimg_to_711-2C_as_mni_average_305_t4 4355
---------------------------------------------------------------------

freesurfer imgreg_4dfp.c
/opt/freesurfer/average/711-2C_as_mni_average_305.4dfp.img
       256       256       256         1
  1.000000  1.000000  1.000000
orientation T byte_order littleendian
Reading image: /opt/freesurfer/average/711-2C_as_mni_average_305.4dfp.img
dimensions:      256       256       256
mmppix:       1.0000   -1.0000   -1.0000
center:     128.0000 -129.0000 -129.0000
talsrcimg_g11.4dfp.img
       256       256       256         1
  1.000000  1.000000  1.000000
orientation T byte_order littleendian
Reading image: talsrcimg_g11.4dfp.img
dimensions:      256       256       256
mmppix:       1.0000   -1.0000   -1.0000
center:     128.0000 -129.0000 -129.0000
t4_read: open error in t4_sub.f l:  41 t4_file(1:l)talsrcimg_to_711-2C_as_mni_average_305_t4 
t4_read: transform initialized to I4
rotation matrix determinant  1.000000
image alignment mode   4355 decimal     1103 hex
   -7.5000  -45.0000  -45.0000 4116.9648   22.7129
    0.0000  -45.0000  -45.0000 4362.2534   22.6944
    7.5000  -45.0000  -45.0000 4215.0200   22.6856
   -7.5000  -37.5000  -45.0000 4641.7627   21.6947
    0.0000  -37.5000  -45.0000 4899.1382   21.6852
    7.5000  -37.5000  -45.0000 4738.5063   21.6787
   -7.5000  -30.0000  -45.0000 5419.8066   20.8706
    0.0000  -30.0000  -45.0000 5677.5283   20.8595
    7.5000  -30.0000  -45.0000 5459.7319   20.8484
   -7.5000  -22.5000  -45.0000 6216.8403   20.2593
    0.0000  -22.5000  -45.0000 6518.5767   20.2465
    7.5000  -22.5000  -45.0000 6261.7017   20.2372
   -7.5000  -15.0000  -45.0000 6987.6934   19.8494
    0.0000  -15.0000  -45.0000 7359.7676   19.8368
    7.5000  -15.0000  -45.0000 7082.7568   19.8350
   -7.5000   -7.5000  -45.0000 7799.8325   19.8385
    0.0000   -7.5000  -45.0000 8251.9854   19.8297
    7.5000   -7.5000  -45.0000 7940.0161   19.8331
   -7.5000    0.0000  -45.0000 8636.9492   19.9348
    0.0000    0.0000  -45.0000 9118.8047   19.9286
    7.5000    0.0000  -45.0000 8769.1807   19.9319
   -7.5000    7.5000  -45.0000 8899.0234   19.9499
    0.0000    7.5000  -45.0000 9377.4697   19.9427
    7.5000    7.5000  -45.0000 9016.9814   19.9397
   -7.5000   15.0000  -45.0000 9045.9512   19.8836
    0.0000   15.0000  -45.0000 9514.9600   19.8733
    7.5000   15.0000  -45.0000 9145.5361   19.8646
   -7.5000   22.5000  -45.0000 9023.5000   19.7916
    0.0000   22.5000  -45.0000 9520.6533   19.7786
    7.5000   22.5000  -45.0000 9139.2012   19.7709
   -7.5000   30.0000  -45.0000 8931.8721   19.4999
    0.0000   30.0000  -45.0000 9435.5469   19.4874
    7.5000   30.0000  -45.0000 9058.0283   19.4858
   -7.5000   37.5000  -45.0000 9098.3125   19.5727
    0.0000   37.5000  -45.0000 9637.3193   19.5641
    7.5000   37.5000  -45.0000 9241.6543   19.5674
   -7.5000   45.0000  -45.0000 8932.3008   19.1697
    0.0000   45.0000  -45.0000 9458.5039   19.1638
    7.5000   45.0000  -45.0000 9079.5557   19.1669
   -7.5000  -45.0000  -37.5000 4423.9844   22.3373
    0.0000  -45.0000  -37.5000 4671.4600   22.3163
    7.5000  -45.0000  -37.5000 4525.8848   22.3024
   -7.5000  -37.5000  -37.5000 4999.4580   21.3436
    0.0000  -37.5000  -37.5000 5235.4731   21.3320
    7.5000  -37.5000  -37.5000 5053.6392   21.3257
   -7.5000  -30.0000  -37.5000 5805.3135   20.5396
    0.0000  -30.0000  -37.5000 6054.8945   20.5264
    7.5000  -30.0000  -37.5000 5815.7632   20.5177
   -7.5000  -22.5000  -37.5000 6618.2412   19.9482
    0.0000  -22.5000  -37.5000 6931.3716   19.9322
    7.5000  -22.5000  -37.5000 6648.3853   19.9222
   -7.5000  -15.0000  -37.5000 7438.1030   19.5588
    0.0000  -15.0000  -37.5000 7833.8916   19.5430
    7.5000  -15.0000  -37.5000 7522.9614   19.5367
   -7.5000   -7.5000  -37.5000 8328.1035   19.5553
    0.0000   -7.5000  -37.5000 8792.3564   19.5419
    7.5000   -7.5000  -37.5000 8452.6953   19.5375
   -7.5000    0.0000  -37.5000 9248.0391   19.6477
    0.0000    0.0000  -37.5000 9773.9941   19.6367
    7.5000    0.0000  -37.5000 9385.5381   19.6339
   -7.5000    7.5000  -37.5000 9536.2109   19.6525
    0.0000    7.5000  -37.500010056.8896   19.6421
    7.5000    7.5000  -37.5000 9653.8125   19.6387
   -7.5000   15.0000  -37.5000 9658.1338   19.5812
    0.0000   15.0000  -37.500010195.8711   19.5683
    7.5000   15.0000  -37.5000 9771.6348   19.5617
   -7.5000   22.5000  -37.5000 9632.5195   19.4945
    0.0000   22.5000  -37.500010173.6416   19.4787
    7.5000   22.5000  -37.5000 9741.8154   19.4709
   -7.5000   30.0000  -37.5000 9499.6885   19.2156
    0.0000   30.0000  -37.500010057.3643   19.2000
    7.5000   30.0000  -37.5000 9634.5527   19.1939
   -7.5000   37.5000  -37.5000 9645.1104   19.2933
    0.0000   37.5000  -37.500010203.8906   19.2801
    7.5000   37.5000  -37.5000 9805.6113   19.2757
   -7.5000   45.0000  -37.5000 9429.7217   18.8936
    0.0000   45.0000  -37.5000 9986.3799   18.8831
    7.5000   45.0000  -37.5000 9592.2383   18.8803
   -7.5000  -45.0000  -30.0000 4831.0254   23.2353
    0.0000  -45.0000  -30.0000 5090.8481   23.2043
    7.5000  -45.0000  -30.0000 4927.3774   23.2026
   -7.5000  -37.5000  -30.0000 5450.4570   22.1961
    0.0000  -37.5000  -30.0000 5719.9810   22.1703
    7.5000  -37.5000  -30.0000 5498.3501   22.1780
   -7.5000  -30.0000  -30.0000 6297.1870   21.3543
    0.0000  -30.0000  -30.0000 6618.4087   21.3303
    7.5000  -30.0000  -30.0000 6340.3398   21.3395
   -7.5000  -22.5000  -30.0000 7199.5098   20.7474
    0.0000  -22.5000  -30.0000 7578.1963   20.7268
    7.5000  -22.5000  -30.0000 7271.5059   20.7353
   -7.5000  -15.0000  -30.0000 8127.8545   20.3587
    0.0000  -15.0000  -30.0000 8553.1484   20.3401
    7.5000  -15.0000  -30.0000 8241.2217   20.3488
   -7.5000   -7.5000  -30.0000 9132.7705   20.3633
    0.0000   -7.5000  -30.0000 9603.9463   20.3420
    7.5000   -7.5000  -30.0000 9255.3887   20.3458
   -7.5000    0.0000  -30.000010147.3447   20.4542
    0.0000    0.0000  -30.000010691.5225   20.4296
    7.5000    0.0000  -30.000010285.8086   20.4329
   -7.5000    7.5000  -30.000010437.5078   20.4443
    0.0000    7.5000  -30.000010992.3975   20.4192
    7.5000    7.5000  -30.000010554.5977   20.4260
   -7.5000   15.0000  -30.000010529.0127   20.3607
    0.0000   15.0000  -30.000011124.5078   20.3370
    7.5000   15.0000  -30.000010646.3174   20.3459
   -7.5000   22.5000  -30.000010490.0381   20.2751
    0.0000   22.5000  -30.000011110.3359   20.2551
    7.5000   22.5000  -30.000010619.7949   20.2650
   -7.5000   30.0000  -30.000010340.6914   20.0035
    0.0000   30.0000  -30.000010983.5840   19.9852
    7.5000   30.0000  -30.000010502.9785   19.9936
   -7.5000   37.5000  -30.000010508.6484   20.0924
    0.0000   37.5000  -30.000011129.3301   20.0713
    7.5000   37.5000  -30.000010675.5898   20.0751
   -7.5000   45.0000  -30.000010233.8613   19.6836
    0.0000   45.0000  -30.000010846.8066   19.6600
    7.5000   45.0000  -30.000010426.2432   19.6632
   -7.5000  -45.0000  -22.5000 5263.3911   24.0198
    0.0000  -45.0000  -22.5000 5535.0869   23.9811
    7.5000  -45.0000  -22.5000 5343.4258   23.9985
   -7.5000  -37.5000  -22.5000 5919.0483   22.9477
    0.0000  -37.5000  -22.5000 6223.8794   22.9080
    7.5000  -37.5000  -22.5000 5976.7705   22.9303
   -7.5000  -30.0000  -22.5000 6830.1182   22.0751
    0.0000  -30.0000  -22.5000 7189.4805   22.0407
    7.5000  -30.0000  -22.5000 6889.0439   22.0666
   -7.5000  -22.5000  -22.5000 7812.0386   21.4522
    0.0000  -22.5000  -22.5000 8245.6279   21.4297
    7.5000  -22.5000  -22.5000 7915.4868   21.4594
   -7.5000  -15.0000  -22.5000 8831.5020   21.0569
    0.0000  -15.0000  -22.5000 9311.9346   21.0398
    7.5000  -15.0000  -22.5000 8954.3574   21.0699
   -7.5000   -7.5000  -22.5000 9947.7148   21.0642
    0.0000   -7.5000  -22.500010483.0703   21.0402
    7.5000   -7.5000  -22.500010056.5400   21.0619
   -7.5000    0.0000  -22.500011051.4307   21.1564
    0.0000    0.0000  -22.500011656.1143   21.1226
    7.5000    0.0000  -22.500011181.8027   21.1389
   -7.5000    7.5000  -22.500011354.5752   21.1415
    0.0000    7.5000  -22.500011962.9365   21.1034
    7.5000    7.5000  -22.500011456.4893   21.1217
   -7.5000   15.0000  -22.500011445.1035   21.0509
    0.0000   15.0000  -22.500012084.8076   21.0177
    7.5000   15.0000  -22.500011550.7891   21.0414
   -7.5000   22.5000  -22.500011394.5420   20.9633
    0.0000   22.5000  -22.500012047.4609   20.9412
    7.5000   22.5000  -22.500011529.9473   20.9710
   -7.5000   30.0000  -22.500011228.8740   20.6927
    0.0000   30.0000  -22.500011914.3604   20.6758
    7.5000   30.0000  -22.500011392.1758   20.7051
   -7.5000   37.5000  -22.500011402.5430   20.7871
    0.0000   37.5000  -22.500012078.8369   20.7634
    7.5000   37.5000  -22.500011562.0615   20.7848
   -7.5000   45.0000  -22.500011059.4785   20.3747
    0.0000   45.0000  -22.500011716.0127   20.3421
    7.5000   45.0000  -22.500011242.0566   20.3578
   -7.5000  -45.0000  -15.0000 5677.3931   24.5760
    0.0000  -45.0000  -15.0000 5967.8042   24.5408
    7.5000  -45.0000  -15.0000 5731.7578   24.5672
   -7.5000  -37.5000  -15.0000 6370.9185   23.4919
    0.0000  -37.5000  -15.0000 6702.6123   23.4538
    7.5000  -37.5000  -15.0000 6421.8188   23.4793
   -7.5000  -30.0000  -15.0000 7364.6206   22.6058
    0.0000  -30.0000  -15.0000 7746.7959   22.5736
    7.5000  -30.0000  -15.0000 7419.0269   22.6009
   -7.5000  -22.5000  -15.0000 8423.0283   21.9651
    0.0000  -22.5000  -15.0000 8883.1885   21.9471
    7.5000  -22.5000  -15.0000 8545.3262   21.9814
   -7.5000  -15.0000  -15.0000 9531.1465   21.5499
    0.0000  -15.0000  -15.000010053.7197   21.5373
    7.5000  -15.0000  -15.0000 9676.6455   21.5759
   -7.5000   -7.5000  -15.000010735.2891   21.5495
    0.0000   -7.5000  -15.000011314.4570   21.5309
    7.5000   -7.5000  -15.000010854.2158   21.5634
   -7.5000    0.0000  -15.000011917.5420   21.6468
    0.0000    0.0000  -15.000012553.7520   21.6175
    7.5000    0.0000  -15.000012036.1836   21.6423
   -7.5000    7.5000  -15.000012224.1416   21.6437
    0.0000    7.5000  -15.000012873.3174   21.6084
    7.5000    7.5000  -15.000012353.1230   21.6298
   -7.5000   15.0000  -15.000012340.1924   21.5587
    0.0000   15.0000  -15.000013017.0859   21.5285
    7.5000   15.0000  -15.000012472.0059   21.5534
   -7.5000   22.5000  -15.000012287.5703   21.4637
    0.0000   22.5000  -15.000012985.4395   21.4456
    7.5000   22.5000  -15.000012446.1914   21.4794
   -7.5000   30.0000  -15.000012093.9062   21.1801
    0.0000   30.0000  -15.000012816.1094   21.1677
    7.5000   30.0000  -15.000012248.5566   21.2052
   -7.5000   37.5000  -15.000012251.4424   21.2691
    0.0000   37.5000  -15.000012960.2861   21.2507
    7.5000   37.5000  -15.000012386.8242   21.2828
   -7.5000   45.0000  -15.000011886.9727   20.8596
    0.0000   45.0000  -15.000012563.4834   20.8313
    7.5000   45.0000  -15.000012023.7266   20.8552
   -7.5000  -45.0000   -7.5000 6084.1143   24.8633
    0.0000  -45.0000   -7.5000 6414.9243   24.8383
    7.5000  -45.0000   -7.5000 6155.5356   24.8506
   -7.5000  -37.5000   -7.5000 6829.2417   23.7753
    0.0000  -37.5000   -7.5000 7194.0415   23.7529
    7.5000  -37.5000   -7.5000 6907.0986   23.7637
   -7.5000  -30.0000   -7.5000 7928.2549   22.8879
    0.0000  -30.0000   -7.5000 8337.5713   22.8672
    7.5000  -30.0000   -7.5000 8013.2148   22.8758
   -7.5000  -22.5000   -7.5000 9111.5195   22.2327
    0.0000  -22.5000   -7.5000 9592.7666   22.2185
    7.5000  -22.5000   -7.5000 9246.7285   22.2327
   -7.5000  -15.0000   -7.500010339.2549   21.7952
    0.0000  -15.0000   -7.500010880.2461   21.7838
    7.5000  -15.0000   -7.500010445.5703   21.8054
   -7.5000   -7.5000   -7.500011639.7012   21.7839
    0.0000   -7.5000   -7.500012237.2705   21.7727
    7.5000   -7.5000   -7.500011714.2393   21.7953
   -7.5000    0.0000   -7.500012909.8506   21.8864
    0.0000    0.0000   -7.500013566.5918   21.8714
    7.5000    0.0000   -7.500013002.3770   21.8892
   -7.5000    7.5000   -7.500013226.4551   21.9000
    0.0000    7.5000   -7.500013919.2119   21.8805
    7.5000    7.5000   -7.500013324.8125   21.8912
   -7.5000   15.0000   -7.500013341.5742   21.8264
    0.0000   15.0000   -7.500014065.1191   21.8073
    7.5000   15.0000   -7.500013475.9287   21.8159
   -7.5000   22.5000   -7.500013295.8428   21.7219
    0.0000   22.5000   -7.500014030.5186   21.7073
    7.5000   22.5000   -7.500013413.9941   21.7219
   -7.5000   30.0000   -7.500013049.2832   21.4206
    0.0000   30.0000   -7.500013782.2715   21.4094
    7.5000   30.0000   -7.500013149.5205   21.4305
   -7.5000   37.5000   -7.500013150.8330   21.4999
    0.0000   37.5000   -7.500013897.5840   21.4888
    7.5000   37.5000   -7.500013266.8584   21.5111
   -7.5000   45.0000   -7.500012751.8730   21.0944
    0.0000   45.0000   -7.500013517.6357   21.0799
    7.5000   45.0000   -7.500012879.1504   21.0971
   -7.5000  -45.0000    0.0000 6493.1304   24.9347
    0.0000  -45.0000    0.0000 6841.9565   24.9152
    7.5000  -45.0000    0.0000 6554.8657   24.9051
   -7.5000  -37.5000    0.0000 7290.9512   23.8386
    0.0000  -37.5000    0.0000 7674.1948   23.8282
    7.5000  -37.5000    0.0000 7370.5820   23.8210
   -7.5000  -30.0000    0.0000 8476.8105   22.9490
    0.0000  -30.0000    0.0000 8923.0586   22.9362
    7.5000  -30.0000    0.0000 8583.2324   22.9244
   -7.5000  -22.5000    0.0000 9804.6025   22.2871
    0.0000  -22.5000    0.000010315.6211   22.2723
    7.5000  -22.5000    0.0000 9914.5566   22.2620
   -7.5000  -15.0000    0.000011150.5977   21.8424
    0.0000  -15.0000    0.000011703.3174   21.8282
    7.5000  -15.0000    0.000011215.1582   21.8258
   -7.5000   -7.5000    0.000012544.0801   21.8305
    0.0000   -7.5000    0.000013157.8232   21.8210
    7.5000   -7.5000    0.000012599.7432   21.8240
   -7.5000    0.0000    0.000013881.6260   21.9357
    0.0000    0.0000    0.000014566.3604   21.9294
    7.5000    0.0000    0.000013930.8311   21.9324
   -7.5000    7.5000    0.000014194.7559   21.9532
    0.0000    7.5000    0.000014942.1318   21.9453
    7.5000    7.5000    0.000014267.8252   21.9420
   -7.5000   15.0000    0.000014352.5273   21.8816
    0.0000   15.0000    0.000015133.1201   21.8699
    7.5000   15.0000    0.000014470.3555   21.8605
   -7.5000   22.5000    0.000014363.1367   21.7740
    0.0000   22.5000    0.000015179.9844   21.7590
    7.5000   22.5000    0.000014437.2061   21.7506
   -7.5000   30.0000    0.000014053.9219   21.4677
    0.0000   30.0000    0.000014833.9912   21.4536
    7.5000   30.0000    0.000014053.5127   21.4514
   -7.5000   37.5000    0.000014071.0908   21.5464
    0.0000   37.5000    0.000014893.9912   21.5371
    7.5000   37.5000    0.000014131.5088   21.5400
   -7.5000   45.0000    0.000013650.3047   21.1435
    0.0000   45.0000    0.000014489.0361   21.1374
    7.5000   45.0000    0.000013753.3340   21.1403
   -7.5000  -45.0000    7.5000 6354.4141   24.9509
    0.0000  -45.0000    7.5000 6691.1680   24.9276
    7.5000  -45.0000    7.5000 6412.3989   24.9121
   -7.5000  -37.5000    7.5000 7176.8960   23.8429
    0.0000  -37.5000    7.5000 7559.4199   23.8301
    7.5000  -37.5000    7.5000 7255.2358   23.8230
   -7.5000  -30.0000    7.5000 8392.1875   22.9461
    0.0000  -30.0000    7.5000 8848.9453   22.9315
    7.5000  -30.0000    7.5000 8497.7412   22.9218
   -7.5000  -22.5000    7.5000 9738.1406   22.2864
    0.0000  -22.5000    7.500010267.5088   22.2686
    7.5000  -22.5000    7.5000 9812.2959   22.2574
   -7.5000  -15.0000    7.500011052.2158   21.8520
    0.0000  -15.0000    7.500011621.2822   21.8344
    7.5000  -15.0000    7.500011118.6084   21.8273
   -7.5000   -7.5000    7.500012404.8857   21.8483
    0.0000   -7.5000    7.500013022.1582   21.8333
    7.5000   -7.5000    7.500012485.4316   21.8283
   -7.5000    0.0000    7.500013740.9590   21.9514
    0.0000    0.0000    7.500014404.2334   21.9393
    7.5000    0.0000    7.500013804.6543   21.9360
   -7.5000    7.5000    7.500014062.9268   21.9569
    0.0000    7.5000    7.500014797.8477   21.9454
    7.5000    7.5000    7.500014173.2021   21.9415
   -7.5000   15.0000    7.500014370.9062   21.8772
    0.0000   15.0000    7.500015210.3057   21.8629
    7.5000   15.0000    7.500014553.3760   21.8554
   -7.5000   22.5000    7.500014427.4414   21.7732
    0.0000   22.5000    7.500015429.7021   21.7557
    7.5000   22.5000    7.500014502.3643   21.7470
   -7.5000   30.0000    7.500013984.6553   21.4771
    0.0000   30.0000    7.500014869.3340   21.4597
    7.5000   30.0000    7.500013949.7588   21.4529
   -7.5000   37.5000    7.500014037.5186   21.5640
    0.0000   37.5000    7.500014891.8594   21.5492
    7.5000   37.5000    7.500014028.5176   21.5442
   -7.5000   45.0000    7.500013645.3486   21.1586
    0.0000   45.0000    7.500014517.6934   21.1469
    7.5000   45.0000    7.500013701.2959   21.1438
   -7.5000  -45.0000   15.0000 6090.9590   24.9509
    0.0000  -45.0000   15.0000 6458.0996   24.9176
    7.5000  -45.0000   15.0000 6178.6177   24.9158
   -7.5000  -37.5000   15.0000 6917.8325   23.8349
    0.0000  -37.5000   15.0000 7318.7837   23.8073
    7.5000  -37.5000   15.0000 7004.6543   23.8155
   -7.5000  -30.0000   15.0000 8165.3721   22.9310
    0.0000  -30.0000   15.0000 8593.6123   22.9052
    7.5000  -30.0000   15.0000 8241.1943   22.9151
   -7.5000  -22.5000   15.0000 9507.7852   22.2793
    0.0000  -22.5000   15.0000 9996.2275   22.2572
    7.5000  -22.5000   15.0000 9585.6748   22.2664
   -7.5000  -15.0000   15.000010814.3789   21.8619
    0.0000  -15.0000   15.000011344.3096   21.8420
    7.5000  -15.0000   15.000010899.9541   21.8513
   -7.5000   -7.5000   15.000012115.4043   21.8669
    0.0000   -7.5000   15.000012725.7783   21.8439
    7.5000   -7.5000   15.000012240.9941   21.8481
   -7.5000    0.0000   15.000013368.7139   21.9644
    0.0000    0.0000   15.000014075.8594   21.9381
    7.5000    0.0000   15.000013491.6562   21.9416
   -7.5000    7.5000   15.000013678.0264   21.9538
    0.0000    7.5000   15.000014500.8965   21.9268
    7.5000    7.5000   15.000013859.8613   21.9342
   -7.5000   15.0000   15.000013970.5137   21.8640
    0.0000   15.0000   15.000014968.3271   21.8386
    7.5000   15.0000   15.000014205.0127   21.8482
   -7.5000   22.5000   15.000013964.6250   21.7674
    0.0000   22.5000   15.000015020.0283   21.7458
    7.5000   22.5000   15.000014110.4268   21.7565
   -7.5000   30.0000   15.000013532.7920   21.4868
    0.0000   30.0000   15.000014296.7344   21.4672
    7.5000   30.0000   15.000013529.3711   21.4762
   -7.5000   37.5000   15.000013647.8955   21.5823
    0.0000   37.5000   15.000014381.9619   21.5596
    7.5000   37.5000   15.000013582.5439   21.5637
   -7.5000   45.0000   15.000013343.3486   21.1711
    0.0000   45.0000   15.000014148.7432   21.1458
    7.5000   45.0000   15.000013300.7891   21.1492
   -7.5000  -45.0000   22.5000 5876.0283   24.9344
    0.0000  -45.0000   22.5000 6197.5942   24.8943
    7.5000  -45.0000   22.5000 5949.3940   24.9123
   -7.5000  -37.5000   22.5000 6657.3096   23.8216
    0.0000  -37.5000   22.5000 7046.6816   23.7803
    7.5000  -37.5000   22.5000 6734.0415   23.8034
   -7.5000  -30.0000   22.5000 7819.4658   22.9158
    0.0000  -30.0000   22.5000 8283.8350   22.8800
    7.5000  -30.0000   22.5000 7914.2495   22.9068
   -7.5000  -22.5000   22.5000 9092.8564   22.2691
    0.0000  -22.5000   22.5000 9627.0986   22.2458
    7.5000  -22.5000   22.5000 9212.0830   22.2765
   -7.5000  -15.0000   22.500010356.8721   21.8587
    0.0000  -15.0000   22.500010952.0439   21.8410
    7.5000  -15.0000   22.500010498.0898   21.8723
   -7.5000   -7.5000   22.500011661.0830   21.8663
    0.0000   -7.5000   22.500012311.3828   21.8414
    7.5000   -7.5000   22.500011826.0625   21.8639
   -7.5000    0.0000   22.500012876.6592   21.9621
    0.0000    0.0000   22.500013593.3896   21.9269
    7.5000    0.0000   22.500013074.8906   21.9439
   -7.5000    7.5000   22.500013175.6777   21.9466
    0.0000    7.5000   22.500013884.2158   21.9070
    7.5000    7.5000   22.500013373.7803   21.9260
   -7.5000   15.0000   22.500013324.7520   21.8525
    0.0000   15.0000   22.500014126.2061   21.8181
    7.5000   15.0000   22.500013559.3174   21.8426
   -7.5000   22.5000   22.500013346.6641   21.7583
    0.0000   22.5000   22.500014248.4229   21.7354
    7.5000   22.5000   22.500013517.3359   21.7662
   -7.5000   30.0000   22.500013144.4844   21.4837
    0.0000   30.0000   22.500013926.2510   21.4661
    7.5000   30.0000   22.500013217.9863   21.4966
   -7.5000   37.5000   22.500013351.6592   21.5817
    0.0000   37.5000   22.500014103.1104   21.5571
    7.5000   37.5000   22.500013310.7012   21.5793
   -7.5000   45.0000   22.500013030.9170   21.1689
    0.0000   45.0000   22.500013820.1582   21.1350
    7.5000   45.0000   22.500012958.2227   21.1514
   -7.5000  -45.0000   30.0000 5499.2207   24.9132
    0.0000  -45.0000   30.0000 5818.3457   24.8776
    7.5000  -45.0000   30.0000 5577.6836   24.9044
   -7.5000  -37.5000   30.0000 6279.4761   23.8143
    0.0000  -37.5000   30.0000 6635.0220   23.7757
    7.5000  -37.5000   30.0000 6365.8130   23.8015
   -7.5000  -30.0000   30.0000 7407.9663   22.9160
    0.0000  -30.0000   30.0000 7823.7070   22.8834
    7.5000  -30.0000   30.0000 7521.0703   22.9110
   -7.5000  -22.5000   30.0000 8620.6465   22.2666
    0.0000  -22.5000   30.0000 9094.2275   22.2483
    7.5000  -22.5000   30.0000 8779.8516   22.2831
   -7.5000  -15.0000   30.0000 9806.7344   21.8456
    0.0000  -15.0000   30.000010333.1699   21.8329
    7.5000  -15.0000   30.0000 9980.5596   21.8720
   -7.5000   -7.5000   30.000011031.3848   21.8453
    0.0000   -7.5000   30.000011624.6357   21.8264
    7.5000   -7.5000   30.000011208.6738   21.8593
   -7.5000    0.0000   30.000012196.6787   21.9439
    0.0000    0.0000   30.000012871.7734   21.9142
    7.5000    0.0000   30.000012374.4551   21.9393
   -7.5000    7.5000   30.000012419.5596   21.9407
    0.0000    7.5000   30.000013165.4648   21.9049
    7.5000    7.5000   30.000012603.7510   21.9266
   -7.5000   15.0000   30.000012550.2773   21.8545
    0.0000   15.0000   30.000013398.1152   21.8239
    7.5000   15.0000   30.000012742.6504   21.8492
   -7.5000   22.5000   30.000012584.6826   21.7560
    0.0000   22.5000   30.000013460.4102   21.7376
    7.5000   22.5000   30.000012725.5557   21.7718
   -7.5000   30.0000   30.000012460.2480   21.4708
    0.0000   30.0000   30.000013345.4023   21.4582
    7.5000   30.0000   30.000012565.7578   21.4963
   -7.5000   37.5000   30.000012690.7725   21.5610
    0.0000   37.5000   30.000013640.7734   21.5423
    7.5000   37.5000   30.000012815.3213   21.5748
   -7.5000   45.0000   30.000012338.1289   21.1514
    0.0000   45.0000   30.000013238.5664   21.1228
    7.5000   45.0000   30.000012452.4062   21.1469
   -7.5000  -45.0000   37.5000 5328.0674   24.9210
    0.0000  -45.0000   37.5000 5617.1201   24.8961
    7.5000  -45.0000   37.5000 5407.2158   24.9084
   -7.5000  -37.5000   37.5000 6077.0898   23.8302
    0.0000  -37.5000   37.5000 6422.2500   23.8077
    7.5000  -37.5000   37.5000 6146.6021   23.8185
   -7.5000  -30.0000   37.5000 7137.1802   22.9405
    0.0000  -30.0000   37.5000 7585.4165   22.9198
    7.5000  -30.0000   37.5000 7236.2612   22.9282
   -7.5000  -22.5000   37.5000 8293.8701   22.2837
    0.0000  -22.5000   37.5000 8801.0605   22.2696
    7.5000  -22.5000   37.5000 8422.2549   22.2837
   -7.5000  -15.0000   37.5000 9445.4639   21.8451
    0.0000  -15.0000   37.5000 9989.7266   21.8338
    7.5000  -15.0000   37.5000 9584.3145   21.8554
   -7.5000   -7.5000   37.500010657.1094   21.8338
    0.0000   -7.5000   37.500011243.8721   21.8225
    7.5000   -7.5000   37.500010818.1475   21.8452
   -7.5000    0.0000   37.500011789.5361   21.9364
    0.0000    0.0000   37.500012425.1260   21.9214
    7.5000    0.0000   37.500011972.6162   21.9393
   -7.5000    7.5000   37.500012070.6689   21.9500
    0.0000    7.5000   37.500012669.9404   21.9306
    7.5000    7.5000   37.500012235.3691   21.9412
   -7.5000   15.0000   37.500012225.1025   21.8763
    0.0000   15.0000   37.500012797.5410   21.8572
    7.5000   15.0000   37.500012358.3252   21.8656
   -7.5000   22.5000   37.500012217.7295   21.7717
    0.0000   22.5000   37.500012737.3418   21.7571
    7.5000   22.5000   37.500012318.7070   21.7715
   -7.5000   30.0000   37.500012041.3203   21.4703
    0.0000   30.0000   37.500012536.0869   21.4591
    7.5000   30.0000   37.500012135.9238   21.4802
   -7.5000   37.5000   37.500012231.7441   21.5497
    0.0000   37.5000   37.500012784.2568   21.5386
    7.5000   37.5000   37.500012330.5674   21.5609
   -7.5000   45.0000   37.500011893.8750   21.1442
    0.0000   45.0000   37.500012487.4844   21.1297
    7.5000   45.0000   37.500012008.7109   21.1469
   -7.5000  -45.0000   45.0000 4855.6812   24.8030
    0.0000  -45.0000   45.0000 5123.3267   24.7836
    7.5000  -45.0000   45.0000 4925.4644   24.7733
   -7.5000  -37.5000   45.0000 5542.3394   23.7116
    0.0000  -37.5000   45.0000 5863.5601   23.7013
    7.5000  -37.5000   45.0000 5618.3613   23.6938
   -7.5000  -30.0000   45.0000 6530.7056   22.8258
    0.0000  -30.0000   45.0000 6911.6895   22.8131
    7.5000  -30.0000   45.0000 6599.8267   22.8009
   -7.5000  -22.5000   45.0000 7589.0029   22.1670
    0.0000  -22.5000   45.0000 8017.6079   22.1524
    7.5000  -22.5000   45.0000 7667.3848   22.1417
   -7.5000  -15.0000   45.0000 8640.5986   21.7244
    0.0000  -15.0000   45.0000 9102.2031   21.7104
    7.5000  -15.0000   45.0000 8740.1133   21.7076
   -7.5000   -7.5000   45.0000 9720.2100   21.7124
    0.0000   -7.5000   45.000010242.0537   21.7031
    7.5000   -7.5000   45.0000 9858.7705   21.7059
   -7.5000    0.0000   45.000010739.3340   21.8168
    0.0000    0.0000   45.000011277.4609   21.8106
    7.5000    0.0000   45.000010892.6357   21.8134
   -7.5000    7.5000   45.000010957.8369   21.8341
    0.0000    7.5000   45.000011475.7637   21.8262
    7.5000    7.5000   45.000011094.1699   21.8226
   -7.5000   15.0000   45.000011070.2305   21.7629
    0.0000   15.0000   45.000011565.8457   21.7512
    7.5000   15.0000   45.000011169.1416   21.7415
   -7.5000   22.5000   45.000011037.3525   21.6560
    0.0000   22.5000   45.000011487.0361   21.6411
    7.5000   22.5000   45.000011110.2588   21.6323
   -7.5000   30.0000   45.000010850.8203   21.3497
    0.0000   30.0000   45.000011298.8535   21.3359
    7.5000   30.0000   45.000010930.8604   21.3333
   -7.5000   37.5000   45.000011008.5557   21.4280
    0.0000   37.5000   45.000011505.2188   21.4188
    7.5000   37.5000   45.000011119.9092   21.4215
   -7.5000   45.0000   45.000010719.0859   21.0385
    0.0000   45.0000   45.000011230.4658   21.0324
    7.5000   45.0000   45.000010819.3096   21.0351

---------------------------------------------------------------------
imgreg_4dfp /opt/freesurfer/average/711-2C_as_mni_average_305 /opt/freesurfer/average/711-2B_as_mni_average_305_mask talsrcimg_g11 none talsrcimg_to_711-2C_as_mni_average_305_t4 4355
---------------------------------------------------------------------

freesurfer imgreg_4dfp.c
/opt/freesurfer/average/711-2C_as_mni_average_305.4dfp.img
       256       256       256         1
  1.000000  1.000000  1.000000
orientation T byte_order littleendian
Reading image: /opt/freesurfer/average/711-2C_as_mni_average_305.4dfp.img
dimensions:      256       256       256
mmppix:       1.0000   -1.0000   -1.0000
center:     128.0000 -129.0000 -129.0000
/opt/freesurfer/average/711-2B_as_mni_average_305_mask.4dfp.img
       256       256       256         1
  1.000000  1.000000  1.000000
orientation T byte_order littleendian
Reading mask: /opt/freesurfer/average/711-2B_as_mni_average_305_mask.4dfp.img (2306576 pixels)
talsrcimg_g11.4dfp.img
       256       256       256         1
  1.000000  1.000000  1.000000
orientation T byte_order littleendian
Reading image: talsrcimg_g11.4dfp.img
dimensions:      256       256       256
mmppix:       1.0000   -1.0000   -1.0000
center:     128.0000 -129.0000 -129.0000
rotation matrix determinant  1.000000
image alignment mode   4355 decimal     1103 hex
   -7.5000  -22.5000  -37.5000 1749.8765   31.5754
    0.0000  -22.5000  -37.5000 1754.7501   31.0176
    7.5000  -22.5000  -37.5000 1737.9163   30.8622
   -7.5000  -15.0000  -37.5000 1863.5339   27.7761
    0.0000  -15.0000  -37.5000 1878.8478   27.3247
    7.5000  -15.0000  -37.5000 1865.3866   27.2568
   -7.5000   -7.5000  -37.5000 1959.3649   25.1251
    0.0000   -7.5000  -37.5000 1982.8197   24.7507
    7.5000   -7.5000  -37.5000 1967.5255   24.6123
   -7.5000    0.0000  -37.5000 2046.6731   23.1565
    0.0000    0.0000  -37.5000 2069.5840   22.8370
    7.5000    0.0000  -37.5000 2055.9402   22.7274
   -7.5000    7.5000  -37.5000 2127.8105   21.4580
    0.0000    7.5000  -37.5000 2148.6064   21.2415
    7.5000    7.5000  -37.5000 2134.2507   21.1481
   -7.5000   15.0000  -37.5000 2181.0408   20.1072
    0.0000   15.0000  -37.5000 2200.5527   19.8846
    7.5000   15.0000  -37.5000 2185.4468   19.8170
   -7.5000   22.5000  -37.5000 2210.8330   19.1823
    0.0000   22.5000  -37.5000 2228.1382   18.9709
    7.5000   22.5000  -37.5000 2214.1716   18.9168
   -7.5000   30.0000  -37.5000 2214.1272   18.8187
    0.0000   30.0000  -37.5000 2230.6948   18.5366
    7.5000   30.0000  -37.5000 2223.0588   18.5043
   -7.5000   37.5000  -37.5000 2195.0757   18.7983
    0.0000   37.5000  -37.5000 2214.2661   18.5370
    7.5000   37.5000  -37.5000 2208.5217   18.5329
   -7.5000   45.0000  -37.5000 2177.9075   19.1261
    0.0000   45.0000  -37.5000 2197.8281   18.8788
    7.5000   45.0000  -37.5000 2188.3008   18.9068
   -7.5000   52.5000  -37.5000 2126.1328   19.6598
    0.0000   52.5000  -37.5000 2149.0391   19.3955
    7.5000   52.5000  -37.5000 2136.9312   19.3881
   -7.5000   60.0000  -37.5000 2042.2209   20.2770
    0.0000   60.0000  -37.5000 2061.9480   20.0032
    7.5000   60.0000  -37.5000 2053.6538   19.9823
   -7.5000   67.5000  -37.5000 1922.4580   20.9822
    0.0000   67.5000  -37.5000 1941.9788   20.6322
    7.5000   67.5000  -37.5000 1934.7555   20.6530
   -7.5000  -22.5000  -30.0000 1859.0074   30.1643
    0.0000  -22.5000  -30.0000 1876.5789   29.8106
    7.5000  -22.5000  -30.0000 1864.0282   29.6713
   -7.5000  -15.0000  -30.0000 1985.7050   26.5089
    0.0000  -15.0000  -30.0000 2004.8840   26.1456
    7.5000  -15.0000  -30.0000 1995.4298   26.0526
   -7.5000   -7.5000  -30.0000 2092.6755   24.0395
    0.0000   -7.5000  -30.0000 2106.9116   23.6378
    7.5000   -7.5000  -30.0000 2102.1138   23.5265
   -7.5000    0.0000  -30.0000 2186.9907   22.0969
    0.0000    0.0000  -30.0000 2205.5381   21.7547
    7.5000    0.0000  -30.0000 2196.7776   21.6566
   -7.5000    7.5000  -30.0000 2274.0510   20.4727
    0.0000    7.5000  -30.0000 2290.2974   20.1569
    7.5000    7.5000  -30.0000 2273.1353   20.1062
   -7.5000   15.0000  -30.0000 2325.9570   19.1188
    0.0000   15.0000  -30.0000 2347.9722   18.8256
    7.5000   15.0000  -30.0000 2326.5596   18.8129
   -7.5000   22.5000  -30.0000 2357.4165   18.1949
    0.0000   22.5000  -30.0000 2384.5732   17.9279
    7.5000   22.5000  -30.0000 2364.1914   17.9286
   -7.5000   30.0000  -30.0000 2366.8894   17.7734
    0.0000   30.0000  -30.0000 2392.0698   17.4804
    7.5000   30.0000  -30.0000 2381.4983   17.5099
   -7.5000   37.5000  -30.0000 2356.0688   17.8239
    0.0000   37.5000  -30.0000 2375.5676   17.5292
    7.5000   37.5000  -30.0000 2373.5645   17.5461
   -7.5000   45.0000  -30.0000 2332.5984   18.1411
    0.0000   45.0000  -30.0000 2357.3040   17.8671
    7.5000   45.0000  -30.0000 2354.3696   17.8836
   -7.5000   52.5000  -30.0000 2282.5815   18.6099
    0.0000   52.5000  -30.0000 2309.2676   18.2831
    7.5000   52.5000  -30.0000 2304.3777   18.3305
   -7.5000   60.0000  -30.0000 2191.1340   19.2051
    0.0000   60.0000  -30.0000 2216.5591   18.8985
    7.5000   60.0000  -30.0000 2212.6133   18.9160
   -7.5000   67.5000  -30.0000 2066.4729   19.9082
    0.0000   67.5000  -30.0000 2091.3723   19.6077
    7.5000   67.5000  -30.0000 2080.3364   19.6481
   -7.5000  -22.5000  -22.5000 1943.6460   28.7931
    0.0000  -22.5000  -22.5000 1967.5342   28.3769
    7.5000  -22.5000  -22.5000 1962.4402   28.2555
   -7.5000  -15.0000  -22.5000 2081.1184   25.4102
    0.0000  -15.0000  -22.5000 2105.0022   24.9486
    7.5000  -15.0000  -22.5000 2098.7793   24.8136
   -7.5000   -7.5000  -22.5000 2195.6467   22.9359
    0.0000   -7.5000  -22.5000 2221.5557   22.5236
    7.5000   -7.5000  -22.5000 2211.5303   22.3728
   -7.5000    0.0000  -22.5000 2296.1572   20.9975
    0.0000    0.0000  -22.5000 2324.6292   20.6162
    7.5000    0.0000  -22.5000 2311.0281   20.4860
   -7.5000    7.5000  -22.5000 2391.2170   19.3254
    0.0000    7.5000  -22.5000 2413.2195   18.9752
    7.5000    7.5000  -22.5000 2394.0535   18.9514
   -7.5000   15.0000  -22.5000 2450.9956   18.0250
    0.0000   15.0000  -22.5000 2475.8909   17.7108
    7.5000   15.0000  -22.5000 2456.0903   17.7014
   -7.5000   22.5000  -22.5000 2486.1663   17.1713
    0.0000   22.5000  -22.5000 2513.9529   16.8954
    7.5000   22.5000  -22.5000 2500.4651   16.9274
   -7.5000   30.0000  -22.5000 2504.8760   16.7247
    0.0000   30.0000  -22.5000 2533.7200   16.4148
    7.5000   30.0000  -22.5000 2520.5767   16.4919
   -7.5000   37.5000  -22.5000 2505.3733   16.7724
    0.0000   37.5000  -22.5000 2530.2351   16.4084
    7.5000   37.5000  -22.5000 2526.5293   16.4993
   -7.5000   45.0000  -22.5000 2478.8164   17.0854
    0.0000   45.0000  -22.5000 2506.4211   16.7483
    7.5000   45.0000  -22.5000 2502.5764   16.8059
   -7.5000   52.5000  -22.5000 2420.6729   17.5295
    0.0000   52.5000  -22.5000 2454.7241   17.2120
    7.5000   52.5000  -22.5000 2447.4492   17.2955
   -7.5000   60.0000  -22.5000 2314.4395   18.1927
    0.0000   60.0000  -22.5000 2348.1287   17.8555
    7.5000   60.0000  -22.5000 2343.6665   17.9343
   -7.5000   67.5000  -22.5000 2180.2422   18.8368
    0.0000   67.5000  -22.5000 2210.9766   18.5535
    7.5000   67.5000  -22.5000 2205.4966   18.6323
   -7.5000  -22.5000  -15.0000 1997.3287   27.5900
    0.0000  -22.5000  -15.0000 2018.3911   27.0541
    7.5000  -22.5000  -15.0000 2015.0089   26.9784
   -7.5000  -15.0000  -15.0000 2140.7092   24.2297
    0.0000  -15.0000  -15.0000 2167.8052   23.7331
    7.5000  -15.0000  -15.0000 2158.7942   23.6553
   -7.5000   -7.5000  -15.0000 2264.5667   21.7850
    0.0000   -7.5000  -15.0000 2291.8091   21.3086
    7.5000   -7.5000  -15.0000 2278.8550   21.1994
   -7.5000    0.0000  -15.0000 2371.0251   19.8662
    0.0000    0.0000  -15.0000 2398.0396   19.5254
    7.5000    0.0000  -15.0000 2384.0859   19.4045
   -7.5000    7.5000  -15.0000 2468.2732   18.2740
    0.0000    7.5000  -15.0000 2490.7043   17.9538
    7.5000    7.5000  -15.0000 2478.9009   17.9065
   -7.5000   15.0000  -15.0000 2537.8418   17.0045
    0.0000   15.0000  -15.0000 2562.4927   16.6795
    7.5000   15.0000  -15.0000 2551.7371   16.6841
   -7.5000   22.5000  -15.0000 2579.3123   16.1779
    0.0000   22.5000  -15.0000 2608.9180   15.8787
    7.5000   22.5000  -15.0000 2605.4158   15.9288
   -7.5000   30.0000  -15.0000 2602.6321   15.6996
    0.0000   30.0000  -15.0000 2635.3315   15.4441
    7.5000   30.0000  -15.0000 2624.8718   15.5216
   -7.5000   37.5000  -15.0000 2610.2666   15.6892
    0.0000   37.5000  -15.0000 2643.3442   15.4211
    7.5000   37.5000  -15.0000 2635.2754   15.4817
   -7.5000   45.0000  -15.0000 2587.3459   15.9894
    0.0000   45.0000  -15.0000 2624.4646   15.7105
    7.5000   45.0000  -15.0000 2614.4001   15.7828
   -7.5000   52.5000  -15.0000 2530.0356   16.4975
    0.0000   52.5000  -15.0000 2567.7415   16.2071
    7.5000   52.5000  -15.0000 2555.3525   16.2814
   -7.5000   60.0000  -15.0000 2411.6650   17.1604
    0.0000   60.0000  -15.0000 2449.3687   16.8493
    7.5000   60.0000  -15.0000 2441.5344   16.9207
   -7.5000   67.5000  -15.0000 2262.8152   17.8462
    0.0000   67.5000  -15.0000 2298.9558   17.5460
    7.5000   67.5000  -15.0000 2292.8757   17.6310
   -7.5000  -22.5000   -7.5000 2039.1245   26.3663
    0.0000  -22.5000   -7.5000 2059.4150   25.8353
    7.5000  -22.5000   -7.5000 2055.8872   25.8282
   -7.5000  -15.0000   -7.5000 2192.4417   23.1538
    0.0000  -15.0000   -7.5000 2217.1572   22.6443
    7.5000  -15.0000   -7.5000 2205.1106   22.5367
   -7.5000   -7.5000   -7.5000 2323.0149   20.8117
    0.0000   -7.5000   -7.5000 2347.7004   20.3055
    7.5000   -7.5000   -7.5000 2329.2949   20.1590
   -7.5000    0.0000   -7.5000 2425.4243   18.9197
    0.0000    0.0000   -7.5000 2450.6934   18.4888
    7.5000    0.0000   -7.5000 2438.9070   18.3747
   -7.5000    7.5000   -7.5000 2527.2092   17.3334
    0.0000    7.5000   -7.5000 2552.6838   16.9797
    7.5000    7.5000   -7.5000 2543.0376   16.8889
   -7.5000   15.0000   -7.5000 2606.2908   16.0858
    0.0000   15.0000   -7.5000 2635.2188   15.8035
    7.5000   15.0000   -7.5000 2627.9055   15.7483
   -7.5000   22.5000   -7.5000 2659.9302   15.2462
    0.0000   22.5000   -7.5000 2689.8015   14.9499
    7.5000   22.5000   -7.5000 2684.3792   14.9258
   -7.5000   30.0000   -7.5000 2687.3411   14.7458
    0.0000   30.0000   -7.5000 2723.7461   14.4839
    7.5000   30.0000   -7.5000 2715.6982   14.5112
   -7.5000   37.5000   -7.5000 2695.6968   14.6697
    0.0000   37.5000   -7.5000 2734.0859   14.4155
    7.5000   37.5000   -7.5000 2728.8416   14.4785
   -7.5000   45.0000   -7.5000 2680.5859   14.9592
    0.0000   45.0000   -7.5000 2721.3489   14.6839
    7.5000   45.0000   -7.5000 2711.1340   14.7905
   -7.5000   52.5000   -7.5000 2626.2004   15.5373
    0.0000   52.5000   -7.5000 2661.5554   15.2216
    7.5000   52.5000   -7.5000 2647.7964   15.3378
   -7.5000   60.0000   -7.5000 2502.4956   16.2302
    0.0000   60.0000   -7.5000 2534.1362   15.9066
    7.5000   60.0000   -7.5000 2526.9705   15.9785
   -7.5000   67.5000   -7.5000 2335.1392   16.9008
    0.0000   67.5000   -7.5000 2369.7888   16.6244
    7.5000   67.5000   -7.5000 2363.2883   16.6743
   -7.5000  -22.5000    0.0000 2074.8936   25.5494
    0.0000  -22.5000    0.0000 2095.1033   25.0139
    7.5000  -22.5000    0.0000 2082.0947   25.0644
   -7.5000  -15.0000    0.0000 2229.5920   22.3351
    0.0000  -15.0000    0.0000 2251.7476   21.7870
    7.5000  -15.0000    0.0000 2236.4756   21.7764
   -7.5000   -7.5000    0.0000 2358.1797   19.9868
    0.0000   -7.5000    0.0000 2380.5171   19.4951
    7.5000   -7.5000    0.0000 2363.7034   19.3753
   -7.5000    0.0000    0.0000 2465.8687   18.1305
    0.0000    0.0000    0.0000 2493.8401   17.7045
    7.5000    0.0000    0.0000 2480.6296   17.6093
   -7.5000    7.5000    0.0000 2570.3364   16.5759
    0.0000    7.5000    0.0000 2602.7788   16.2219
    7.5000    7.5000    0.0000 2590.3181   16.1463
   -7.5000   15.0000    0.0000 2657.3044   15.3463
    0.0000   15.0000    0.0000 2694.3823   15.0318
    7.5000   15.0000    0.0000 2682.4614   14.9971
   -7.5000   22.5000    0.0000 2730.0698   14.5263
    0.0000   22.5000    0.0000 2771.4319   14.2191
    7.5000   22.5000    0.0000 2754.6072   14.1651
   -7.5000   30.0000    0.0000 2767.7537   14.0007
    0.0000   30.0000    0.0000 2807.8303   13.6841
    7.5000   30.0000    0.0000 2794.2656   13.6972
   -7.5000   37.5000    0.0000 2780.6821   13.8859
    0.0000   37.5000    0.0000 2822.7944   13.5795
    7.5000   37.5000    0.0000 2814.7744   13.6142
   -7.5000   45.0000    0.0000 2767.4482   14.1706
    0.0000   45.0000    0.0000 2804.9336   13.8888
    7.5000   45.0000    0.0000 2796.5925   13.9454
   -7.5000   52.5000    0.0000 2706.9346   14.7573
    0.0000   52.5000    0.0000 2740.2612   14.4473
    7.5000   52.5000    0.0000 2724.9434   14.5191
   -7.5000   60.0000    0.0000 2570.1855   15.4585
    0.0000   60.0000    0.0000 2599.9690   15.1498
    7.5000   60.0000    0.0000 2590.8086   15.2169
   -7.5000   67.5000    0.0000 2395.0759   16.1428
    0.0000   67.5000    0.0000 2420.3030   15.8640
    7.5000   67.5000    0.0000 2415.7161   15.9457
   -7.5000  -22.5000    7.5000 2100.5615   25.1515
    0.0000  -22.5000    7.5000 2126.6035   24.6223
    7.5000  -22.5000    7.5000 2107.6064   24.6539
   -7.5000  -15.0000    7.5000 2250.2410   21.8696
    0.0000  -15.0000    7.5000 2279.4561   21.3315
    7.5000  -15.0000    7.5000 2257.9026   21.2732
   -7.5000   -7.5000    7.5000 2375.0146   19.4245
    0.0000   -7.5000    7.5000 2400.7666   18.9519
    7.5000   -7.5000    7.5000 2385.0088   18.9129
   -7.5000    0.0000    7.5000 2486.9294   17.5817
    0.0000    0.0000    7.5000 2515.4849   17.1477
    7.5000    0.0000    7.5000 2504.0193   17.0909
   -7.5000    7.5000    7.5000 2599.5598   16.0490
    0.0000    7.5000    7.5000 2632.3936   15.6780
    7.5000    7.5000    7.5000 2621.0635   15.6366
   -7.5000   15.0000    7.5000 2703.1460   14.8371
    0.0000   15.0000    7.5000 2743.2197   14.5178
    7.5000   15.0000    7.5000 2733.0649   14.5023
   -7.5000   22.5000    7.5000 2794.1240   14.0066
    0.0000   22.5000    7.5000 2835.6353   13.7072
    7.5000   22.5000    7.5000 2822.6250   13.6628
   -7.5000   30.0000    7.5000 2843.4043   13.4122
    0.0000   30.0000    7.5000 2886.8101   13.0680
    7.5000   30.0000    7.5000 2866.6223   13.0447
   -7.5000   37.5000    7.5000 2857.6580   13.2623
    0.0000   37.5000    7.5000 2900.5693   12.9406
    7.5000   37.5000    7.5000 2884.7246   12.9525
   -7.5000   45.0000    7.5000 2842.7747   13.6427
    0.0000   45.0000    7.5000 2881.7197   13.3481
    7.5000   45.0000    7.5000 2869.3604   13.3961
   -7.5000   52.5000    7.5000 2767.8884   14.2588
    0.0000   52.5000    7.5000 2801.2400   13.9391
    7.5000   52.5000    7.5000 2785.2529   14.0353
   -7.5000   60.0000    7.5000 2619.5474   14.9381
    0.0000   60.0000    7.5000 2653.2634   14.6199
    7.5000   60.0000    7.5000 2639.3608   14.7536
   -7.5000   67.5000    7.5000 2437.9634   15.6330
    0.0000   67.5000    7.5000 2465.6611   15.3143
    7.5000   67.5000    7.5000 2454.7627   15.4657
   -7.5000  -22.5000   15.0000 2115.3140   25.2311
    0.0000  -22.5000   15.0000 2132.2339   24.4209
    7.5000  -22.5000   15.0000 2121.0652   24.5943
   -7.5000  -15.0000   15.0000 2272.6296   21.8382
    0.0000  -15.0000   15.0000 2287.7317   21.1396
    7.5000  -15.0000   15.0000 2279.3196   21.2198
   -7.5000   -7.5000   15.0000 2391.1851   19.3243
    0.0000   -7.5000   15.0000 2411.5894   18.7582
    7.5000   -7.5000   15.0000 2408.6448   18.8059
   -7.5000    0.0000   15.0000 2495.6125   17.4080
    0.0000    0.0000   15.0000 2520.4446   16.9277
    7.5000    0.0000   15.0000 2517.9500   16.9248
   -7.5000    7.5000   15.0000 2606.2498   15.8015
    0.0000    7.5000   15.0000 2636.2729   15.4359
    7.5000    7.5000   15.0000 2629.5024   15.4142
   -7.5000   15.0000   15.0000 2717.1931   14.5421
    0.0000   15.0000   15.0000 2753.7717   14.2601
    7.5000   15.0000   15.0000 2746.9602   14.2322
   -7.5000   22.5000   15.0000 2815.8296   13.6753
    0.0000   22.5000   15.0000 2858.5352   13.4398
    7.5000   22.5000   15.0000 2847.1990   13.3649
   -7.5000   30.0000   15.0000 2866.4172   13.0198
    0.0000   30.0000   15.0000 2909.7988   12.6856
    7.5000   30.0000   15.0000 2889.6973   12.7222
   -7.5000   37.5000   15.0000 2897.0994   12.9618
    0.0000   37.5000   15.0000 2939.3591   12.4909
    7.5000   37.5000   15.0000 2909.5537   12.6583
   -7.5000   45.0000   15.0000 2883.2583   13.4166
    0.0000   45.0000   15.0000 2924.3540   13.0719
    7.5000   45.0000   15.0000 2895.2131   13.1470
   -7.5000   52.5000   15.0000 2796.2954   14.0486
    0.0000   52.5000   15.0000 2830.1531   13.7857
    7.5000   52.5000   15.0000 2816.8503   13.8126
   -7.5000   60.0000   15.0000 2643.1299   14.7290
    0.0000   60.0000   15.0000 2676.1963   14.4565
    7.5000   60.0000   15.0000 2667.7695   14.5286
   -7.5000   67.5000   15.0000 2453.4409   15.4218
    0.0000   67.5000   15.0000 2488.1892   15.1329
    7.5000   67.5000   15.0000 2480.3569   15.2405
   -7.5000  -22.5000   22.5000 2095.5190   25.2437
    0.0000  -22.5000   22.5000 2119.6204   24.5434
    7.5000  -22.5000   22.5000 2101.2917   24.6711
   -7.5000  -15.0000   22.5000 2254.9839   21.8009
    0.0000  -15.0000   22.5000 2275.7107   21.1713
    7.5000  -15.0000   22.5000 2262.7795   21.3215
   -7.5000   -7.5000   22.5000 2384.0388   19.3369
    0.0000   -7.5000   22.5000 2406.3284   18.8021
    7.5000   -7.5000   22.5000 2403.2048   18.9065
   -7.5000    0.0000   22.5000 2490.1433   17.4413
    0.0000    0.0000   22.5000 2514.4624   16.9384
    7.5000    0.0000   22.5000 2518.3354   16.9873
   -7.5000    7.5000   22.5000 2605.2512   15.8842
    0.0000    7.5000   22.5000 2625.7002   15.4183
    7.5000    7.5000   22.5000 2632.9268   15.4898
   -7.5000   15.0000   22.5000 2723.2380   14.6211
    0.0000   15.0000   22.5000 2734.8489   14.2289
    7.5000   15.0000   22.5000 2749.1172   14.2774
   -7.5000   22.5000   22.5000 2824.0181   13.7178
    0.0000   22.5000   22.5000 2843.2073   13.4586
    7.5000   22.5000   22.5000 2843.0303   13.3862
   -7.5000   30.0000   22.5000 2883.1575   13.2081
    0.0000   30.0000   22.5000 2923.8318   12.9774
    7.5000   30.0000   22.5000 2902.9346   12.9208
   -7.5000   37.5000   22.5000 2917.4121   13.1729
    0.0000   37.5000   22.5000 2965.0823   12.9041
    7.5000   37.5000   22.5000 2929.5938   12.9091
   -7.5000   45.0000   22.5000 2900.0571   13.5797
    0.0000   45.0000   22.5000 2943.3887   13.3053
    7.5000   45.0000   22.5000 2906.2800   13.2968
   -7.5000   52.5000   22.5000 2805.3225   14.1946
    0.0000   52.5000   22.5000 2842.3193   13.9689
    7.5000   52.5000   22.5000 2816.4060   13.9349
   -7.5000   60.0000   22.5000 2644.1716   14.8507
    0.0000   60.0000   22.5000 2675.0139   14.6071
    7.5000   60.0000   22.5000 2664.5657   14.6129
   -7.5000   67.5000   22.5000 2447.8418   15.4822
    0.0000   67.5000   22.5000 2483.9546   15.2227
    7.5000   67.5000   22.5000 2480.0208   15.3019
   -7.5000  -22.5000   30.0000 2076.9946   25.8471
    0.0000  -22.5000   30.0000 2094.7124   25.1148
    7.5000  -22.5000   30.0000 2091.8079   25.3835
   -7.5000  -15.0000   30.0000 2236.0652   22.2298
    0.0000  -15.0000   30.0000 2248.6418   21.5020
    7.5000  -15.0000   30.0000 2250.2668   21.8134
   -7.5000   -7.5000   30.0000 2365.7163   19.6726
    0.0000   -7.5000   30.0000 2382.1187   19.0653
    7.5000   -7.5000   30.0000 2384.8989   19.2667
   -7.5000    0.0000   30.0000 2470.7700   17.7519
    0.0000    0.0000   30.0000 2494.5835   17.2116
    7.5000    0.0000   30.0000 2498.6326   17.3241
   -7.5000    7.5000   30.0000 2582.5549   16.1980
    0.0000    7.5000   30.0000 2611.5371   15.8035
    7.5000    7.5000   30.0000 2611.8230   15.8252
   -7.5000   15.0000   30.0000 2699.6667   14.9823
    0.0000   15.0000   30.0000 2726.1189   14.6997
    7.5000   15.0000   30.0000 2723.5283   14.6659
   -7.5000   22.5000   30.0000 2806.3428   14.1723
    0.0000   22.5000   30.0000 2833.9622   13.9119
    7.5000   22.5000   30.0000 2823.2283   13.8562
   -7.5000   30.0000   30.0000 2870.7422   13.7509
    0.0000   30.0000   30.0000 2911.0234   13.4999
    7.5000   30.0000   30.0000 2884.0835   13.4792
   -7.5000   37.5000   30.0000 2895.1724   13.7788
    0.0000   37.5000   30.0000 2943.2991   13.5849
    7.5000   37.5000   30.0000 2913.1785   13.5283
   -7.5000   45.0000   30.0000 2861.3604   14.0738
    0.0000   45.0000   30.0000 2908.7563   13.9434
    7.5000   45.0000   30.0000 2877.3330   13.8748
   -7.5000   52.5000   30.0000 2762.4155   14.5526
    0.0000   52.5000   30.0000 2797.0818   14.3742
    7.5000   52.5000   30.0000 2774.6174   14.3839
   -7.5000   60.0000   30.0000 2603.5029   15.1406
    0.0000   60.0000   30.0000 2631.7749   14.9006
    7.5000   60.0000   30.0000 2619.9321   14.9259
   -7.5000   67.5000   30.0000 2416.7515   15.7381
    0.0000   67.5000   30.0000 2447.4229   15.4485
    7.5000   67.5000   30.0000 2440.1519   15.4993
   -7.5000  -22.5000   37.5000 2038.3311   26.6051
    0.0000  -22.5000   37.5000 2060.4360   26.0270
    7.5000  -22.5000   37.5000 2054.2192   26.2290
   -7.5000  -15.0000   37.5000 2201.1143   22.9541
    0.0000  -15.0000   37.5000 2219.7144   22.3726
    7.5000  -15.0000   37.5000 2215.2483   22.5540
   -7.5000   -7.5000   37.5000 2341.3467   20.4230
    0.0000   -7.5000   37.5000 2361.5491   19.8912
    7.5000   -7.5000   37.5000 2358.5269   20.0421
   -7.5000    0.0000   37.5000 2458.1030   18.5724
    0.0000    0.0000   37.5000 2482.0439   18.0473
    7.5000    0.0000   37.5000 2478.0681   18.1773
   -7.5000    7.5000   37.5000 2578.4153   17.0656
    0.0000    7.5000   37.5000 2592.2932   16.5680
    7.5000    7.5000   37.5000 2595.3840   16.6832
   -7.5000   15.0000   37.5000 2692.1040   15.8258
    0.0000   15.0000   37.5000 2701.4150   15.3712
    7.5000   15.0000   37.5000 2703.1448   15.4837
   -7.5000   22.5000   37.5000 2781.0640   14.9744
    0.0000   22.5000   37.5000 2798.5173   14.5478
    7.5000   22.5000   37.5000 2788.9937   14.6551
   -7.5000   30.0000   37.5000 2834.3789   14.5159
    0.0000   30.0000   37.5000 2854.5674   14.1419
    7.5000   30.0000   37.5000 2837.5044   14.2125
   -7.5000   37.5000   37.5000 2844.4685   14.5262
    0.0000   37.5000   37.5000 2872.1699   14.1806
    7.5000   37.5000   37.5000 2851.6118   14.1857
   -7.5000   45.0000   37.5000 2801.1172   14.7978
    0.0000   45.0000   37.5000 2838.2258   14.5334
    7.5000   45.0000   37.5000 2818.0474   14.5126
   -7.5000   52.5000   37.5000 2702.8481   15.2674
    0.0000   52.5000   37.5000 2730.9788   15.0328
    7.5000   52.5000   37.5000 2715.1292   15.0549
   -7.5000   60.0000   37.5000 2548.4285   15.8040
    0.0000   60.0000   37.5000 2576.4878   15.5958
    7.5000   60.0000   37.5000 2568.8142   15.6412
   -7.5000   67.5000   37.5000 2370.2078   16.2974
    0.0000   67.5000   37.5000 2392.4805   16.0608
    7.5000   67.5000   37.5000 2384.3274   16.1053
   -7.5000  -22.5000   45.0000 2008.8435   27.9774
    0.0000  -22.5000   45.0000 2025.7676   27.3606
    7.5000  -22.5000   45.0000 2018.5193   27.4909
   -7.5000  -15.0000   45.0000 2166.6787   24.2014
    0.0000  -15.0000   45.0000 2181.5608   23.5737
    7.5000  -15.0000   45.0000 2178.0938   23.7678
   -7.5000   -7.5000   45.0000 2298.0095   21.5381
    0.0000   -7.5000   45.0000 2320.1748   20.9272
    7.5000   -7.5000   45.0000 2317.5518   21.1197
   -7.5000    0.0000   45.0000 2414.8674   19.5240
    0.0000    0.0000   45.0000 2438.0913   18.9364
    7.5000    0.0000   45.0000 2437.1162   19.1333
   -7.5000    7.5000   45.0000 2535.6001   17.9467
    0.0000    7.5000   45.0000 2544.5823   17.3664
    7.5000    7.5000   45.0000 2551.4521   17.5820
   -7.5000   15.0000   45.0000 2642.5559   16.6853
    0.0000   15.0000   45.0000 2655.5190   16.1906
    7.5000   15.0000   45.0000 2649.2366   16.3368
   -7.5000   22.5000   45.0000 2722.7969   15.8403
    0.0000   22.5000   45.0000 2738.7217   15.3457
    7.5000   22.5000   45.0000 2724.8352   15.5261
   -7.5000   30.0000   45.0000 2764.4929   15.3734
    0.0000   30.0000   45.0000 2777.9329   14.9582
    7.5000   30.0000   45.0000 2763.0266   15.0644
   -7.5000   37.5000   45.0000 2765.0500   15.3452
    0.0000   37.5000   45.0000 2788.6023   14.9679
    7.5000   37.5000   45.0000 2772.9414   15.0227
   -7.5000   45.0000   45.0000 2719.7175   15.6240
    0.0000   45.0000   45.0000 2746.6218   15.3079
    7.5000   45.0000   45.0000 2730.7908   15.3321
   -7.5000   52.5000   45.0000 2625.0544   16.1057
    0.0000   52.5000   45.0000 2645.3787   15.8306
    7.5000   52.5000   45.0000 2636.2156   15.8834
   -7.5000   60.0000   45.0000 2477.6636   16.6151
    0.0000   60.0000   45.0000 2499.7571   16.3647
    7.5000   60.0000   45.0000 2488.0862   16.4450
   -7.5000   67.5000   45.0000 2303.8286   17.0921
    0.0000   67.5000   45.0000 2325.8884   16.8554
    7.5000   67.5000   45.0000 2315.9678   16.9433
   -7.5000  -22.5000   52.5000 1966.2878   29.3206
    0.0000  -22.5000   52.5000 1982.5385   28.6842
    7.5000  -22.5000   52.5000 1974.4688   28.7577
   -7.5000  -15.0000   52.5000 2121.2661   25.4176
    0.0000  -15.0000   52.5000 2137.4829   24.7758
    7.5000  -15.0000   52.5000 2133.9485   24.9503
   -7.5000   -7.5000   52.5000 2250.5303   22.6539
    0.0000   -7.5000   52.5000 2274.8225   22.0285
    7.5000   -7.5000   52.5000 2272.3428   22.1924
   -7.5000    0.0000   52.5000 2368.4727   20.6218
    0.0000    0.0000   52.5000 2390.6643   19.9965
    7.5000    0.0000   52.5000 2391.3499   20.1727
   -7.5000    7.5000   52.5000 2479.8350   18.9741
    0.0000    7.5000   52.5000 2496.8298   18.3955
    7.5000    7.5000   52.5000 2497.3435   18.6161
   -7.5000   15.0000   52.5000 2578.3572   17.7247
    0.0000   15.0000   52.5000 2591.2073   17.1689
    7.5000   15.0000   52.5000 2590.9675   17.4102
   -7.5000   22.5000   52.5000 2653.2593   16.8656
    0.0000   22.5000   52.5000 2664.3992   16.3562
    7.5000   22.5000   52.5000 2654.8357   16.5556
   -7.5000   30.0000   52.5000 2681.2546   16.4136
    0.0000   30.0000   52.5000 2689.9287   15.9779
    7.5000   30.0000   52.5000 2680.3782   16.0968
   -7.5000   37.5000   52.5000 2674.2393   16.3851
    0.0000   37.5000   52.5000 2688.6003   15.9817
    7.5000   37.5000   52.5000 2678.7378   16.0546
   -7.5000   45.0000   52.5000 2638.8601   16.6274
    0.0000   45.0000   52.5000 2657.5085   16.2876
    7.5000   45.0000   52.5000 2645.9883   16.3483
   -7.5000   52.5000   52.5000 2543.5051   17.0927
    0.0000   52.5000   52.5000 2569.2668   16.7620
    7.5000   52.5000   52.5000 2554.6926   16.8636
   -7.5000   60.0000   52.5000 2401.8828   17.6104
    0.0000   60.0000   52.5000 2425.3428   17.3015
    7.5000   60.0000   52.5000 2409.7173   17.3910
   -7.5000   67.5000   52.5000 2233.7512   18.0047
    0.0000   67.5000   52.5000 2254.0208   17.7496
    7.5000   67.5000   52.5000 2246.0334   17.8323

---------------------------------------------------------------------
imgreg_4dfp /opt/freesurfer/average/711-2C_as_mni_average_305 /opt/freesurfer/average/711-2B_as_mni_average_305_mask talsrcimg_g11 none talsrcimg_to_711-2C_as_mni_average_305_t4 1283
---------------------------------------------------------------------

freesurfer imgreg_4dfp.c
/opt/freesurfer/average/711-2C_as_mni_average_305.4dfp.img
       256       256       256         1
  1.000000  1.000000  1.000000
orientation T byte_order littleendian
Reading image: /opt/freesurfer/average/711-2C_as_mni_average_305.4dfp.img
dimensions:      256       256       256
mmppix:       1.0000   -1.0000   -1.0000
center:     128.0000 -129.0000 -129.0000
/opt/freesurfer/average/711-2B_as_mni_average_305_mask.4dfp.img
       256       256       256         1
  1.000000  1.000000  1.000000
orientation T byte_order littleendian
Reading mask: /opt/freesurfer/average/711-2B_as_mni_average_305_mask.4dfp.img (2306576 pixels)
talsrcimg_g11.4dfp.img
       256       256       256         1
  1.000000  1.000000  1.000000
orientation T byte_order littleendian
Reading image: talsrcimg_g11.4dfp.img
dimensions:      256       256       256
mmppix:       1.0000   -1.0000   -1.0000
center:     128.0000 -129.0000 -129.0000
rotation matrix determinant  1.000000
fimgreg.f
image alignment mode   1283 decimal      503 hex
parameters
    0.0000   37.5000   22.5000    0.0000    0.0000    0.0000
eta,q 0.92866 12.90458
niter,ni,del,rscale     5    3   12.0000    1.2000
parameter  3 -0.726204 -> -0.500000 qaram    1.1500
parameter  6  3.136420 ->  0.500000 qaram    1.1500
parameters
    0.8511   37.8078   25.9500    2.8220   -1.5084   -3.4500
eta,q 0.93368 13.17229
  0.0849  0.0800  0.0807  0.0765  0.0724  0.0655
  0.0790  0.0729  0.0794  0.0731  0.0709  0.0659
  0.0735  0.0689  0.0761  0.0708  0.0703  0.0676
  0.0710  0.0705  0.0712  0.0712  0.0708  0.0702
  0.0710  0.0726  0.0708  0.0711  0.0719  0.0729
  0.0741  0.0734  0.0704  0.0702  0.0730  0.0749
  0.0792  0.0759  0.0714  0.0705  0.0755  0.0769
niter,ni,del,rscale     6    3   12.0000    1.2000
parameters
    1.9025   37.9705   24.8533    2.7629   -3.1717   -5.2990
eta,q 0.93649 13.07505
  0.0821  0.0761  0.0755  0.0691  0.0686  0.0678
  0.0739  0.0708  0.0696  0.0679  0.0653  0.0651
  0.0689  0.0675  0.0649  0.0669  0.0644  0.0635
  0.0663  0.0659  0.0658  0.0651  0.0651  0.0644
  0.0661  0.0667  0.0693  0.0651  0.0676  0.0670
  0.0685  0.0702  0.0760  0.0676  0.0713  0.0702
  0.0738  0.0752  0.0832  0.0702  0.0752  0.0732
niter,ni,del,rscale     5    3   12.0000    1.2000
parameters
    2.3730   37.5030   24.7560    3.0452   -3.5486   -5.4095
eta,q 0.93713 13.08011
  0.0799  0.0726  0.0771  0.0689  0.0703  0.0698
  0.0734  0.0671  0.0723  0.0664  0.0662  0.0668
  0.0673  0.0637  0.0646  0.0645  0.0635  0.0642
  0.0635  0.0632  0.0631  0.0630  0.0629  0.0629
  0.0642  0.0656  0.0661  0.0633  0.0642  0.0641
  0.0693  0.0698  0.0715  0.0656  0.0678  0.0670
  0.0767  0.0752  0.0784  0.0683  0.0723  0.0704
niter,ni,del,rscale     4    3   12.0000    1.2000
parameters
    2.5540   37.3607   24.7386    3.1669   -3.7054   -5.3881
eta,q 0.93723 13.08248
  0.0787  0.0731  0.0775  0.0684  0.0707  0.0699
  0.0719  0.0678  0.0728  0.0658  0.0665  0.0669
  0.0661  0.0638  0.0649  0.0640  0.0636  0.0642
  0.0629  0.0628  0.0628  0.0628  0.0628  0.0628
  0.0646  0.0647  0.0659  0.0634  0.0639  0.0638
  0.0702  0.0688  0.0713  0.0657  0.0671  0.0666
  0.0776  0.0737  0.0783  0.0680  0.0716  0.0701
niter,ni,del,rscale     3    3   12.0000    1.2000
parameters
    2.6278   37.3173   24.7291    3.1881   -3.7695   -5.3699
eta,q 0.93726 13.08276
  0.0783  0.0732  0.0775  0.0682  0.0709  0.0698
  0.0714  0.0680  0.0729  0.0656  0.0667  0.0669
  0.0657  0.0639  0.0650  0.0638  0.0636  0.0641
  0.0628  0.0628  0.0627  0.0627  0.0627  0.0627
  0.0648  0.0644  0.0659  0.0635  0.0638  0.0638
  0.0706  0.0685  0.0713  0.0658  0.0669  0.0666
  0.0780  0.0732  0.0784  0.0680  0.0713  0.0700
niter,ni,del,rscale     2    3   12.0000    1.2000
parameters
    2.6595   37.3060   24.7243    3.1870   -3.7979   -5.3626
eta,q 0.93727 13.08269
  0.0781  0.0733  0.0776  0.0681  0.0710  0.0698
  0.0713  0.0680  0.0729  0.0655  0.0667  0.0668
  0.0655  0.0639  0.0650  0.0638  0.0637  0.0641
  0.0627  0.0627  0.0627  0.0627  0.0627  0.0627
  0.0649  0.0643  0.0659  0.0635  0.0637  0.0638
  0.0708  0.0684  0.0712  0.0658  0.0668  0.0666
  0.0782  0.0731  0.0785  0.0680  0.0712  0.0700
registration optimization eta report
parameter search radius
    6.0000    6.0000    6.9000    6.0000    6.0000    6.9000
100000*second partial in parameter space
       41.       29.       31.       14.       23.       14.
  0.0781  0.0733  0.0776  0.0681  0.0710  0.0698
  0.0713  0.0680  0.0729  0.0655  0.0667  0.0668
  0.0655  0.0639  0.0650  0.0638  0.0637  0.0641
  0.0627  0.0627  0.0627  0.0627  0.0627  0.0627
  0.0649  0.0643  0.0659  0.0635  0.0637  0.0638
  0.0708  0.0684  0.0712  0.0658  0.0668  0.0666
  0.0782  0.0731  0.0785  0.0680  0.0712  0.0700
    2.6595   37.3060   24.7243    3.1870   -3.7979   -5.3626
eta,q 0.93727 13.08269

---------------------------------------------------------------------
imgreg_4dfp /opt/freesurfer/average/711-2C_as_mni_average_305 /opt/freesurfer/average/711-2B_as_mni_average_305_mask talsrcimg_g11 none talsrcimg_to_711-2C_as_mni_average_305_t4 3335
---------------------------------------------------------------------

freesurfer imgreg_4dfp.c
/opt/freesurfer/average/711-2C_as_mni_average_305.4dfp.img
       256       256       256         1
  1.000000  1.000000  1.000000
orientation T byte_order littleendian
Reading image: /opt/freesurfer/average/711-2C_as_mni_average_305.4dfp.img
dimensions:      256       256       256
mmppix:       1.0000   -1.0000   -1.0000
center:     128.0000 -129.0000 -129.0000
/opt/freesurfer/average/711-2B_as_mni_average_305_mask.4dfp.img
       256       256       256         1
  1.000000  1.000000  1.000000
orientation T byte_order littleendian
Reading mask: /opt/freesurfer/average/711-2B_as_mni_average_305_mask.4dfp.img (2306576 pixels)
talsrcimg_g11.4dfp.img
       256       256       256         1
  1.000000  1.000000  1.000000
orientation T byte_order littleendian
Reading image: talsrcimg_g11.4dfp.img
dimensions:      256       256       256
mmppix:       1.0000   -1.0000   -1.0000
center:     128.0000 -129.0000 -129.0000
fimgreg.f
image alignment mode   3335 decimal      D07 hex
parameters
    2.6595   37.3060   24.7243   -0.6563   -0.6261   -0.3739
    9.6981    6.0649   -9.3254   -6.1533   -6.6237    5.5473
eta,q 0.93573 13.11917
niter,ni,del,rscale     5    3    5.0000    1.2000
parameter  4  1.101617 ->  0.500000 qaram    1.1500
parameter  5  2.506915 ->  0.500000 qaram    1.1500
parameter 11  0.777354 ->  0.500000 qaram    1.1500
parameter 12 -0.734794 -> -0.500000 qaram    1.1500
parameters
    2.4218   37.2837   25.1562   -4.7963   -4.7661   -3.8679
    7.8388    4.7432   -7.8630   -5.4895  -10.7637    9.6873
eta,q 0.94580 12.81444
  0.0661  0.0658  0.0670  0.0601  0.0530  0.0563  0.0560  0.0568  0.0575  0.0589  0.0548  0.0573
  0.0651  0.0649  0.0658  0.0608  0.0552  0.0555  0.0553  0.0557  0.0563  0.0567  0.0548  0.0563
  0.0644  0.0644  0.0648  0.0622  0.0579  0.0552  0.0550  0.0552  0.0555  0.0554  0.0549  0.0555
  0.0643  0.0643  0.0643  0.0642  0.0612  0.0559  0.0551  0.0550  0.0551  0.0550  0.0550  0.0548
  0.0646  0.0645  0.0643  0.0671  0.0648  0.0593  0.0556  0.0555  0.0550  0.0553  0.0552  0.0544
  0.0656  0.0650  0.0648  0.0708  0.0689  0.0638  0.0565  0.0569  0.0554  0.0561  0.0555  0.0542
  0.0672  0.0658  0.0656  0.0753  0.0733  0.0694  0.0577  0.0595  0.0561  0.0575  0.0558  0.0544
niter,ni,del,rscale     7    3    5.0000    1.2000
parameter  3  2.225942 ->  0.500000 qaram    1.1500
parameter  5  1.417344 ->  0.500000 qaram    1.3225
parameters
    1.7420   38.2389   23.7762   -8.6679   -9.5271   -7.4265
    7.0578    4.4293   -7.0241   -4.5017  -11.4441   12.7398
eta,q 0.95234 12.38011
  0.0550  0.0568  0.0503  0.0513  0.0459  0.0475  0.0493  0.0501  0.0499  0.0509  0.0484  0.0494
  0.0543  0.0556  0.0511  0.0510  0.0473  0.0480  0.0485  0.0489  0.0490  0.0496  0.0481  0.0489
  0.0541  0.0547  0.0522  0.0510  0.0490  0.0478  0.0481  0.0482  0.0483  0.0486  0.0479  0.0483
  0.0542  0.0540  0.0537  0.0514  0.0509  0.0477  0.0480  0.0480  0.0480  0.0479  0.0479  0.0479
  0.0548  0.0537  0.0555  0.0526  0.0538  0.0490  0.0483  0.0483  0.0480  0.0479  0.0480  0.0477
  0.0558  0.0538  0.0573  0.0549  0.0572  0.0522  0.0490  0.0492  0.0484  0.0486  0.0483  0.0478
  0.0572  0.0544  0.0592  0.0586  0.0615  0.0554  0.0500  0.0505  0.0492  0.0498  0.0485  0.0482
niter,ni,del,rscale     7    3    5.0000    1.2000
parameter  3  8.035251 ->  0.500000 qaram    1.3225
parameter  5  0.971352 ->  0.500000 qaram    1.5209
parameter  6  0.765394 ->  0.500000 qaram    1.1500
parameter 12 -5.534192 ->  0.500000 qaram    1.3225
parameters
    1.8773   37.8069   22.1892   -8.7444  -15.0022  -11.5665
    6.3503    3.8415   -7.4619   -7.2456   -9.4912    7.9788
eta,q 0.96082 12.03231
  0.0498  0.0487  0.0425  0.0460  0.0417  0.0405  0.0425  0.0435  0.0423  0.0416  0.0420  0.0377
  0.0487  0.0480  0.0439  0.0453  0.0421  0.0410  0.0417  0.0422  0.0416  0.0411  0.0414  0.0389
  0.0480  0.0476  0.0457  0.0447  0.0429  0.0417  0.0412  0.0413  0.0412  0.0409  0.0411  0.0399
  0.0477  0.0476  0.0476  0.0444  0.0444  0.0422  0.0412  0.0411  0.0411  0.0411  0.0409  0.0409
  0.0478  0.0480  0.0495  0.0444  0.0465  0.0434  0.0415  0.0417  0.0414  0.0418  0.0409  0.0417
  0.0483  0.0488  0.0514  0.0449  0.0490  0.0457  0.0422  0.0428  0.0419  0.0429  0.0410  0.0426
  0.0494  0.0498  0.0533  0.0465  0.0525  0.0492  0.0431  0.0443  0.0426  0.0443  0.0413  0.0435
niter,ni,del,rscale     7    3    5.0000    1.2000
parameter  2  1.075843 ->  0.500000 qaram    1.1500
parameter  3  4.754743 ->  0.500000 qaram    1.5209
parameter  5  0.631635 ->  0.500000 qaram    1.7490
parameters
    1.6962   36.4269   20.3641   -6.2832  -21.2987  -13.6940
    6.7073    4.2447   -7.0881   -9.2786   -8.3882    5.4024
eta,q 0.97007 12.00117
  0.0411  0.0377  0.0296  0.0349  0.0317  0.0329  0.0325  0.0337  0.0319  0.0315  0.0313  0.0310
  0.0400  0.0378  0.0319  0.0339  0.0305  0.0314  0.0313  0.0320  0.0309  0.0305  0.0305  0.0304
  0.0393  0.0383  0.0347  0.0332  0.0306  0.0302  0.0304  0.0307  0.0303  0.0300  0.0301  0.0300
  0.0392  0.0392  0.0379  0.0326  0.0324  0.0304  0.0301  0.0301  0.0301  0.0301  0.0299  0.0299
  0.0395  0.0404  0.0413  0.0324  0.0358  0.0318  0.0303  0.0303  0.0302  0.0310  0.0300  0.0305
  0.0404  0.0418  0.0448  0.0325  0.0396  0.0347  0.0310  0.0314  0.0307  0.0328  0.0302  0.0320
  0.0417  0.0434  0.0481  0.0333  0.0432  0.0395  0.0321  0.0331  0.0316  0.0351  0.0307  0.0342
niter,ni,del,rscale     7    3    5.0000    1.2000
parameter  3  0.751948 ->  0.500000 qaram    1.7490
parameter  4 -0.910790 -> -0.500000 qaram    1.3225
parameters
    1.6376   37.1435   18.2653   -1.5222  -20.4198  -12.8353
    6.7704    4.4357   -7.5236   -7.4610   -8.4125    3.1580
eta,q 0.97380 12.23976
  0.0322  0.0338  0.0280  0.0309  0.0349  0.0316  0.0288  0.0308  0.0282  0.0301  0.0278  0.0273
  0.0309  0.0320  0.0282  0.0299  0.0321  0.0298  0.0276  0.0283  0.0272  0.0285  0.0268  0.0266
  0.0302  0.0307  0.0288  0.0290  0.0296  0.0284  0.0268  0.0270  0.0266  0.0273  0.0263  0.0262
  0.0299  0.0299  0.0298  0.0284  0.0274  0.0270  0.0265  0.0265  0.0265  0.0265  0.0262  0.0262
  0.0302  0.0298  0.0313  0.0277  0.0265  0.0253  0.0267  0.0267  0.0268  0.0262  0.0264  0.0267
  0.0311  0.0302  0.0339  0.0273  0.0294  0.0260  0.0275  0.0280  0.0275  0.0267  0.0269  0.0278
  0.0324  0.0312  0.0377  0.0276  0.0346  0.0319  0.0288  0.0304  0.0286  0.0278  0.0277  0.0297
niter,ni,del,rscale     7    3    5.0000    1.2000
parameters
    1.4662   37.7285   16.2809   -2.7748  -19.5107  -13.4956
    7.0801    4.3052   -7.7731   -6.1616   -8.5235    1.3939
eta,q 0.97488 12.20825
  0.0286  0.0302  0.0261  0.0279  0.0329  0.0293  0.0276  0.0293  0.0269  0.0284  0.0266  0.0262
  0.0272  0.0283  0.0249  0.0268  0.0301  0.0277  0.0264  0.0269  0.0259  0.0268  0.0255  0.0255
  0.0264  0.0269  0.0251  0.0258  0.0275  0.0264  0.0256  0.0256  0.0254  0.0258  0.0252  0.0251
  0.0262  0.0262  0.0260  0.0249  0.0252  0.0248  0.0252  0.0252  0.0252  0.0252  0.0252  0.0252
  0.0267  0.0261  0.0277  0.0251  0.0242  0.0240  0.0254  0.0256  0.0255  0.0252  0.0253  0.0255
  0.0277  0.0266  0.0304  0.0274  0.0270  0.0270  0.0261  0.0271  0.0261  0.0258  0.0257  0.0263
  0.0294  0.0279  0.0347  0.0317  0.0326  0.0342  0.0273  0.0296  0.0271  0.0267  0.0265  0.0276
niter,ni,del,rscale     6    3    5.0000    1.2000
parameters
    1.4211   38.2457   15.9854   -2.8834  -19.5317  -13.7112
    7.0611    4.2796   -7.8654   -5.3160   -8.4674    0.7559
eta,q 0.97496 12.18807
  0.0277  0.0289  0.0288  0.0280  0.0323  0.0294  0.0273  0.0292  0.0267  0.0278  0.0266  0.0265
  0.0263  0.0271  0.0259  0.0268  0.0295  0.0277  0.0261  0.0268  0.0258  0.0263  0.0255  0.0257
  0.0254  0.0258  0.0247  0.0259  0.0270  0.0264  0.0253  0.0255  0.0252  0.0255  0.0251  0.0252
  0.0251  0.0251  0.0250  0.0249  0.0249  0.0249  0.0251  0.0251  0.0251  0.0251  0.0251  0.0250
  0.0255  0.0250  0.0258  0.0245  0.0245  0.0237  0.0253  0.0254  0.0253  0.0252  0.0252  0.0253
  0.0264  0.0256  0.0272  0.0259  0.0283  0.0258  0.0261  0.0268  0.0259  0.0258  0.0256  0.0259
  0.0279  0.0269  0.0294  0.0294  0.0340  0.0326  0.0273  0.0293  0.0268  0.0267  0.0264  0.0271
niter,ni,del,rscale     5    3    5.0000    1.2000
parameters
    1.4225   38.4757   15.7930   -2.8221  -19.6314  -13.8963
    7.0661    4.2948   -7.9633   -4.8492   -8.3976    0.6329
eta,q 0.97491 12.17624
  0.0277  0.0282  0.0290  0.0281  0.0321  0.0294  0.0273  0.0293  0.0267  0.0275  0.0266  0.0267
  0.0262  0.0266  0.0261  0.0269  0.0294  0.0277  0.0261  0.0268  0.0258  0.0262  0.0256  0.0259
  0.0253  0.0256  0.0248  0.0259  0.0270  0.0265  0.0253  0.0255  0.0252  0.0254  0.0252  0.0253
  0.0250  0.0250  0.0250  0.0249  0.0249  0.0249  0.0251  0.0251  0.0251  0.0251  0.0251  0.0251
  0.0254  0.0251  0.0259  0.0245  0.0246  0.0238  0.0253  0.0254  0.0253  0.0253  0.0252  0.0253
  0.0263  0.0259  0.0271  0.0258  0.0283  0.0258  0.0261  0.0268  0.0258  0.0259  0.0257  0.0258
  0.0277  0.0274  0.0292  0.0291  0.0340  0.0324  0.0273  0.0292  0.0267  0.0268  0.0265  0.0269
niter,ni,del,rscale     4    3    5.0000    1.2000
parameters
    1.4225   38.6277   15.6624   -2.7714  -19.7482  -14.0608
    7.0982    4.2983   -8.0421   -4.5340   -8.3222    0.6346
eta,q 0.97484 12.16459
  0.0278  0.0280  0.0292  0.0281  0.0320  0.0294  0.0274  0.0293  0.0267  0.0274  0.0267  0.0268
  0.0263  0.0265  0.0263  0.0269  0.0294  0.0278  0.0262  0.0269  0.0258  0.0261  0.0257  0.0260
  0.0254  0.0255  0.0250  0.0260  0.0270  0.0265  0.0254  0.0256  0.0253  0.0254  0.0252  0.0254
  0.0251  0.0251  0.0251  0.0250  0.0250  0.0250  0.0252  0.0252  0.0252  0.0252  0.0252  0.0252
  0.0254  0.0252  0.0259  0.0246  0.0247  0.0239  0.0254  0.0255  0.0254  0.0254  0.0253  0.0253
  0.0263  0.0261  0.0271  0.0259  0.0283  0.0258  0.0261  0.0269  0.0259  0.0260  0.0258  0.0259
  0.0277  0.0275  0.0291  0.0292  0.0339  0.0323  0.0273  0.0293  0.0267  0.0269  0.0266  0.0269
niter,ni,del,rscale     3    3    5.0000    1.2000
parameters
    1.4194   38.7407   15.5556   -2.7170  -19.8590  -14.2087
    7.1365    4.2914   -8.1282   -4.2782   -8.2360    0.6894
eta,q 0.97476 12.15454
  0.0278  0.0280  0.0293  0.0282  0.0320  0.0294  0.0274  0.0293  0.0268  0.0274  0.0268  0.0269
  0.0263  0.0265  0.0264  0.0270  0.0294  0.0278  0.0262  0.0269  0.0259  0.0262  0.0258  0.0261
  0.0254  0.0256  0.0251  0.0261  0.0270  0.0266  0.0255  0.0257  0.0254  0.0254  0.0253  0.0255
  0.0252  0.0252  0.0252  0.0251  0.0251  0.0251  0.0252  0.0252  0.0252  0.0252  0.0252  0.0252
  0.0255  0.0253  0.0260  0.0247  0.0248  0.0240  0.0255  0.0256  0.0255  0.0255  0.0254  0.0254
  0.0264  0.0262  0.0272  0.0260  0.0284  0.0258  0.0262  0.0269  0.0260  0.0261  0.0258  0.0259
  0.0278  0.0277  0.0291  0.0292  0.0339  0.0323  0.0274  0.0293  0.0268  0.0270  0.0266  0.0270
niter,ni,del,rscale     2    3    5.0000    1.2000
parameters
    1.4141   38.8376   15.4593   -2.6664  -19.9696  -14.3501
    7.1716    4.2779   -8.2046   -4.0496   -8.1668    0.7405
eta,q 0.97469 12.14471
  0.0279  0.0280  0.0293  0.0282  0.0320  0.0294  0.0275  0.0293  0.0269  0.0274  0.0269  0.0270
  0.0264  0.0266  0.0265  0.0271  0.0294  0.0278  0.0263  0.0270  0.0260  0.0262  0.0259  0.0262
  0.0255  0.0256  0.0252  0.0262  0.0271  0.0266  0.0256  0.0257  0.0254  0.0255  0.0254  0.0256
  0.0252  0.0252  0.0252  0.0252  0.0252  0.0252  0.0253  0.0253  0.0253  0.0253  0.0253  0.0253
  0.0255  0.0254  0.0260  0.0248  0.0249  0.0241  0.0255  0.0257  0.0255  0.0256  0.0255  0.0255
  0.0264  0.0263  0.0273  0.0260  0.0284  0.0258  0.0263  0.0270  0.0261  0.0261  0.0259  0.0260
  0.0279  0.0277  0.0291  0.0293  0.0338  0.0322  0.0274  0.0294  0.0269  0.0271  0.0267  0.0271
niter,ni,del,rscale     1    3    5.0000    1.2000
parameters
    1.4071   38.9281   15.3671   -2.6261  -20.0771  -14.4852
    7.2073    4.2688   -8.2627   -3.8321   -8.1125    0.8110
eta,q 0.97460 12.13499
  0.0279  0.0281  0.0294  0.0283  0.0320  0.0294  0.0275  0.0294  0.0269  0.0274  0.0269  0.0271
  0.0265  0.0266  0.0265  0.0271  0.0294  0.0279  0.0264  0.0270  0.0260  0.0263  0.0259  0.0263
  0.0256  0.0257  0.0253  0.0262  0.0272  0.0267  0.0256  0.0258  0.0255  0.0256  0.0255  0.0256
  0.0253  0.0253  0.0253  0.0253  0.0253  0.0253  0.0254  0.0254  0.0254  0.0254  0.0254  0.0254
  0.0256  0.0255  0.0261  0.0249  0.0250  0.0242  0.0256  0.0257  0.0256  0.0256  0.0256  0.0256
  0.0265  0.0263  0.0273  0.0261  0.0284  0.0258  0.0263  0.0270  0.0261  0.0262  0.0260  0.0261
  0.0279  0.0278  0.0291  0.0293  0.0338  0.0322  0.0275  0.0294  0.0269  0.0271  0.0268  0.0272
registration optimization eta report
parameter search radius
    2.4000    2.7600    4.1976    9.5220   12.5928    8.2800
    7.2000    7.2000    7.2000    7.2000    8.2800    9.5220
100000*second partial in parameter space
       45.       34.       23.        4.        5.        8.
        4.        8.        3.        4.        2.        2.
  0.0279  0.0281  0.0294  0.0283  0.0320  0.0294  0.0275  0.0294  0.0269  0.0274  0.0269  0.0271
  0.0265  0.0266  0.0265  0.0271  0.0294  0.0279  0.0264  0.0270  0.0260  0.0263  0.0259  0.0263
  0.0256  0.0257  0.0253  0.0262  0.0272  0.0267  0.0256  0.0258  0.0255  0.0256  0.0255  0.0256
  0.0253  0.0253  0.0253  0.0253  0.0253  0.0253  0.0254  0.0254  0.0254  0.0254  0.0254  0.0254
  0.0256  0.0255  0.0261  0.0249  0.0250  0.0242  0.0256  0.0257  0.0256  0.0256  0.0256  0.0256
  0.0265  0.0263  0.0273  0.0261  0.0284  0.0258  0.0263  0.0270  0.0261  0.0262  0.0260  0.0261
  0.0279  0.0278  0.0291  0.0293  0.0338  0.0322  0.0275  0.0294  0.0269  0.0271  0.0268  0.0272
    1.4071   38.9281   15.3671   -2.6261  -20.0771  -14.4852
    7.2073    4.2688   -8.2627   -3.8321   -8.1125    0.8110
eta,q 0.97460 12.13499

---------------------------------------------------------------------
imgreg_4dfp /opt/freesurfer/average/711-2C_as_mni_average_305 /opt/freesurfer/average/711-2B_as_mni_average_305_mask talsrcimg_g11 none talsrcimg_to_711-2C_as_mni_average_305_t4 2311
---------------------------------------------------------------------

freesurfer imgreg_4dfp.c
/opt/freesurfer/average/711-2C_as_mni_average_305.4dfp.img
       256       256       256         1
  1.000000  1.000000  1.000000
orientation T byte_order littleendian
Reading image: /opt/freesurfer/average/711-2C_as_mni_average_305.4dfp.img
dimensions:      256       256       256
mmppix:       1.0000   -1.0000   -1.0000
center:     128.0000 -129.0000 -129.0000
/opt/freesurfer/average/711-2B_as_mni_average_305_mask.4dfp.img
       256       256       256         1
  1.000000  1.000000  1.000000
orientation T byte_order littleendian
Reading mask: /opt/freesurfer/average/711-2B_as_mni_average_305_mask.4dfp.img (2306576 pixels)
talsrcimg_g11.4dfp.img
       256       256       256         1
  1.000000  1.000000  1.000000
orientation T byte_order littleendian
Reading image: talsrcimg_g11.4dfp.img
dimensions:      256       256       256
mmppix:       1.0000   -1.0000   -1.0000
center:     128.0000 -129.0000 -129.0000
fimgreg.f
image alignment mode   2311 decimal      907 hex
parameters
    1.4071   38.9281   15.3671   -2.6261  -20.0771  -14.4852
    7.2073    4.2688   -8.2627   -3.8321   -8.1125    0.8110
eta,q 0.97460 12.13500
niter,ni,del,rscale     5    3    5.0000    0.8000
parameter  3  0.500216 ->  0.500000 qaram    1.1500
parameter  5 -0.511487 -> -0.500000 qaram    1.1500
parameters
    1.3942   39.0631   14.4471   -0.6110  -17.3171  -14.3355
    7.3081    4.4420   -7.7972   -2.9711   -8.1193    0.0338
eta,q 0.97572 12.31730
  0.0265  0.0264  0.0254  0.0267  0.0271  0.0269  0.0257  0.0275  0.0257  0.0261  0.0254  0.0248
  0.0259  0.0259  0.0252  0.0262  0.0263  0.0261  0.0250  0.0258  0.0250  0.0252  0.0247  0.0245
  0.0255  0.0256  0.0253  0.0257  0.0255  0.0253  0.0245  0.0248  0.0246  0.0246  0.0244  0.0243
  0.0254  0.0254  0.0254  0.0252  0.0249  0.0244  0.0243  0.0243  0.0243  0.0243  0.0243  0.0243
  0.0255  0.0254  0.0256  0.0249  0.0245  0.0241  0.0245  0.0246  0.0244  0.0243  0.0244  0.0244
  0.0259  0.0257  0.0260  0.0250  0.0245  0.0251  0.0249  0.0256  0.0247  0.0246  0.0248  0.0247
  0.0266  0.0261  0.0263  0.0255  0.0250  0.0274  0.0257  0.0271  0.0253  0.0251  0.0253  0.0253
niter,ni,del,rscale     6    3    5.0000    0.9000
parameters
    1.2991   38.8050   14.8346   -1.4143  -17.9851  -13.6412
    7.2778    4.3839   -7.7748   -3.7502   -8.3320    0.1420
eta,q 0.97605 12.30109
  0.0261  0.0254  0.0265  0.0256  0.0265  0.0273  0.0255  0.0274  0.0252  0.0250  0.0251  0.0247
  0.0250  0.0247  0.0253  0.0250  0.0256  0.0264  0.0247  0.0255  0.0246  0.0243  0.0244  0.0243
  0.0244  0.0243  0.0246  0.0245  0.0248  0.0255  0.0242  0.0244  0.0241  0.0240  0.0240  0.0241
  0.0243  0.0243  0.0243  0.0242  0.0243  0.0244  0.0240  0.0240  0.0240  0.0240  0.0240  0.0240
  0.0246  0.0246  0.0243  0.0246  0.0246  0.0238  0.0242  0.0244  0.0241  0.0243  0.0242  0.0240
  0.0253  0.0253  0.0246  0.0255  0.0260  0.0245  0.0247  0.0256  0.0246  0.0249  0.0246  0.0243
  0.0265  0.0263  0.0252  0.0271  0.0283  0.0269  0.0256  0.0275  0.0252  0.0258  0.0252  0.0247
niter,ni,del,rscale     5    3    5.0000    0.8000
parameters
    1.3419   38.7485   15.1152   -1.3852  -17.8775  -13.0695
    7.1839    4.4062   -7.6375   -4.0277   -8.4200   -0.0671
eta,q 0.97635 12.32520
  0.0256  0.0250  0.0257  0.0254  0.0262  0.0266  0.0249  0.0267  0.0247  0.0248  0.0247  0.0242
  0.0247  0.0244  0.0248  0.0248  0.0253  0.0258  0.0242  0.0250  0.0242  0.0240  0.0241  0.0239
  0.0242  0.0241  0.0242  0.0243  0.0245  0.0249  0.0238  0.0240  0.0238  0.0237  0.0237  0.0237
  0.0239  0.0240  0.0239  0.0239  0.0239  0.0239  0.0237  0.0237  0.0237  0.0237  0.0236  0.0236
  0.0241  0.0241  0.0240  0.0240  0.0239  0.0235  0.0238  0.0240  0.0238  0.0239  0.0238  0.0237
  0.0246  0.0245  0.0243  0.0245  0.0247  0.0242  0.0243  0.0250  0.0241  0.0243  0.0242  0.0240
  0.0254  0.0252  0.0248  0.0256  0.0264  0.0263  0.0250  0.0266  0.0246  0.0250  0.0247  0.0244
niter,ni,del,rscale     4    3    5.0000    0.7000
parameters
    1.3566   38.6009   15.4046   -1.3424  -17.5679  -12.4580
    7.1085    4.4174   -7.4786   -4.3236   -8.4790   -0.2513
eta,q 0.97668 12.35835
  0.0249  0.0244  0.0251  0.0248  0.0256  0.0261  0.0243  0.0258  0.0242  0.0242  0.0242  0.0238
  0.0242  0.0239  0.0244  0.0243  0.0248  0.0253  0.0238  0.0245  0.0238  0.0236  0.0237  0.0235
  0.0238  0.0237  0.0239  0.0239  0.0241  0.0245  0.0234  0.0236  0.0235  0.0234  0.0234  0.0234
  0.0236  0.0236  0.0236  0.0236  0.0236  0.0236  0.0233  0.0233  0.0233  0.0233  0.0233  0.0233
  0.0238  0.0238  0.0237  0.0237  0.0236  0.0233  0.0235  0.0236  0.0234  0.0235  0.0234  0.0234
  0.0242  0.0242  0.0239  0.0241  0.0241  0.0239  0.0238  0.0245  0.0237  0.0239  0.0237  0.0236
  0.0249  0.0248  0.0243  0.0250  0.0254  0.0255  0.0244  0.0258  0.0241  0.0245  0.0242  0.0239
niter,ni,del,rscale     3    3    5.0000    0.6000
parameters
    1.3578   38.4122   15.7407   -1.3745  -17.2472  -11.8404
    7.0511    4.4249   -7.3089   -4.6138   -8.5410   -0.3818
eta,q 0.97698 12.38860
  0.0243  0.0238  0.0246  0.0242  0.0249  0.0255  0.0238  0.0250  0.0238  0.0238  0.0237  0.0234
  0.0237  0.0235  0.0240  0.0238  0.0242  0.0248  0.0234  0.0239  0.0234  0.0233  0.0233  0.0232
  0.0234  0.0233  0.0235  0.0235  0.0236  0.0240  0.0231  0.0233  0.0231  0.0231  0.0231  0.0231
  0.0233  0.0233  0.0233  0.0233  0.0233  0.0232  0.0230  0.0230  0.0230  0.0230  0.0230  0.0230
  0.0234  0.0235  0.0233  0.0233  0.0232  0.0230  0.0231  0.0233  0.0231  0.0232  0.0231  0.0231
  0.0237  0.0238  0.0234  0.0237  0.0237  0.0235  0.0234  0.0240  0.0233  0.0235  0.0234  0.0232
  0.0243  0.0242  0.0237  0.0244  0.0246  0.0247  0.0239  0.0250  0.0236  0.0240  0.0237  0.0235
niter,ni,del,rscale     2    3    5.0000    0.5000
parameters
    1.3673   38.2292   16.0784   -1.4499  -16.9992  -11.3225
    6.9715    4.4476   -7.1583   -4.8716   -8.6091   -0.4287
eta,q 0.97720 12.41017
  0.0237  0.0233  0.0240  0.0237  0.0242  0.0249  0.0234  0.0243  0.0233  0.0234  0.0233  0.0231
  0.0233  0.0231  0.0236  0.0233  0.0236  0.0242  0.0230  0.0235  0.0231  0.0230  0.0230  0.0229
  0.0231  0.0230  0.0232  0.0231  0.0232  0.0235  0.0229  0.0230  0.0229  0.0228  0.0228  0.0228
  0.0230  0.0230  0.0230  0.0229  0.0229  0.0229  0.0228  0.0228  0.0228  0.0228  0.0228  0.0228
  0.0231  0.0231  0.0229  0.0230  0.0229  0.0228  0.0229  0.0230  0.0228  0.0229  0.0229  0.0228
  0.0233  0.0234  0.0230  0.0233  0.0233  0.0232  0.0231  0.0235  0.0230  0.0232  0.0231  0.0229
  0.0237  0.0237  0.0233  0.0238  0.0240  0.0241  0.0234  0.0243  0.0233  0.0236  0.0233  0.0231
niter,ni,del,rscale     1    3    5.0000    0.4000
parameters
    1.3835   38.0794   16.3478   -1.5547  -16.8072  -10.9422
    6.9043    4.4739   -7.0283   -5.0989   -8.6776   -0.4996
eta,q 0.97733 12.42260
  0.0233  0.0230  0.0235  0.0232  0.0236  0.0243  0.0230  0.0237  0.0230  0.0230  0.0230  0.0229
  0.0230  0.0229  0.0232  0.0230  0.0232  0.0237  0.0228  0.0231  0.0228  0.0228  0.0228  0.0228
  0.0229  0.0228  0.0229  0.0228  0.0229  0.0231  0.0227  0.0228  0.0227  0.0227  0.0227  0.0227
  0.0228  0.0228  0.0228  0.0227  0.0227  0.0227  0.0227  0.0227  0.0227  0.0227  0.0227  0.0227
  0.0228  0.0229  0.0227  0.0228  0.0228  0.0227  0.0227  0.0228  0.0227  0.0228  0.0227  0.0227
  0.0230  0.0230  0.0228  0.0230  0.0230  0.0230  0.0229  0.0231  0.0228  0.0229  0.0229  0.0228
  0.0232  0.0233  0.0230  0.0234  0.0235  0.0236  0.0231  0.0236  0.0230  0.0232  0.0230  0.0229
registration optimization eta report
parameter search radius
    0.8000    0.8000    0.9200    2.4000    2.7600    2.4000
    2.4000    2.4000    2.4000    2.4000    2.4000    2.4000
100000*second partial in parameter space
       71.       55.       52.       10.       10.       21.
        7.       17.        6.        8.        6.        4.
  0.0233  0.0230  0.0235  0.0232  0.0236  0.0243  0.0230  0.0237  0.0230  0.0230  0.0230  0.0229
  0.0230  0.0229  0.0232  0.0230  0.0232  0.0237  0.0228  0.0231  0.0228  0.0228  0.0228  0.0228
  0.0229  0.0228  0.0229  0.0228  0.0229  0.0231  0.0227  0.0228  0.0227  0.0227  0.0227  0.0227
  0.0228  0.0228  0.0228  0.0227  0.0227  0.0227  0.0227  0.0227  0.0227  0.0227  0.0227  0.0227
  0.0228  0.0229  0.0227  0.0228  0.0228  0.0227  0.0227  0.0228  0.0227  0.0228  0.0227  0.0227
  0.0230  0.0230  0.0228  0.0230  0.0230  0.0230  0.0229  0.0231  0.0228  0.0229  0.0229  0.0228
  0.0232  0.0233  0.0230  0.0234  0.0235  0.0236  0.0231  0.0236  0.0230  0.0232  0.0230  0.0229
    1.3835   38.0794   16.3478   -1.5547  -16.8072  -10.9422
    6.9043    4.4739   -7.0283   -5.0989   -8.6776   -0.4996
eta,q 0.97733 12.42260

---------------------------------------------------------------------
imgreg_4dfp /opt/freesurfer/average/711-2C_as_mni_average_305 /opt/freesurfer/average/711-2B_as_mni_average_305_mask talsrcimg_g11 none talsrcimg_to_711-2C_as_mni_average_305_t4 2311
---------------------------------------------------------------------

freesurfer imgreg_4dfp.c
/opt/freesurfer/average/711-2C_as_mni_average_305.4dfp.img
       256       256       256         1
  1.000000  1.000000  1.000000
orientation T byte_order littleendian
Reading image: /opt/freesurfer/average/711-2C_as_mni_average_305.4dfp.img
dimensions:      256       256       256
mmppix:       1.0000   -1.0000   -1.0000
center:     128.0000 -129.0000 -129.0000
/opt/freesurfer/average/711-2B_as_mni_average_305_mask.4dfp.img
       256       256       256         1
  1.000000  1.000000  1.000000
orientation T byte_order littleendian
Reading mask: /opt/freesurfer/average/711-2B_as_mni_average_305_mask.4dfp.img (2306576 pixels)
talsrcimg_g11.4dfp.img
       256       256       256         1
  1.000000  1.000000  1.000000
orientation T byte_order littleendian
Reading image: talsrcimg_g11.4dfp.img
dimensions:      256       256       256
mmppix:       1.0000   -1.0000   -1.0000
center:     128.0000 -129.0000 -129.0000
fimgreg.f
image alignment mode   2311 decimal      907 hex
parameters
    1.3835   38.0794   16.3478   -1.5547  -16.8072  -10.9421
    6.9043    4.4739   -7.0283   -5.0989   -8.6776   -0.4996
eta,q 0.97733 12.42261
niter,ni,del,rscale     5    3    5.0000    0.8000
parameters
    1.4053   37.9326   16.5187   -2.1783  -17.1257  -11.4577
    6.8888    4.5294   -7.1091   -5.4353   -8.7548   -0.2987
eta,q 0.97712 12.39214
  0.0246  0.0238  0.0243  0.0240  0.0245  0.0258  0.0242  0.0259  0.0240  0.0243  0.0239  0.0236
  0.0235  0.0232  0.0235  0.0234  0.0237  0.0248  0.0235  0.0243  0.0234  0.0234  0.0233  0.0232
  0.0229  0.0228  0.0229  0.0229  0.0231  0.0236  0.0231  0.0233  0.0230  0.0230  0.0230  0.0230
  0.0227  0.0227  0.0227  0.0226  0.0227  0.0227  0.0229  0.0229  0.0229  0.0229  0.0229  0.0229
  0.0229  0.0229  0.0227  0.0229  0.0228  0.0230  0.0231  0.0232  0.0230  0.0231  0.0230  0.0229
  0.0235  0.0235  0.0231  0.0238  0.0237  0.0248  0.0235  0.0242  0.0234  0.0237  0.0234  0.0231
  0.0245  0.0244  0.0238  0.0254  0.0255  0.0290  0.0243  0.0258  0.0240  0.0246  0.0239  0.0235
niter,ni,del,rscale     4    3    5.0000    0.7000
parameters
    1.4464   37.9756   16.2816   -1.9188  -16.9973  -11.4967
    6.8740    4.5516   -7.0668   -5.2890   -8.7240   -0.2855
eta,q 0.97719 12.40067
  0.0242  0.0239  0.0235  0.0242  0.0244  0.0255  0.0239  0.0253  0.0237  0.0242  0.0237  0.0234
  0.0235  0.0234  0.0231  0.0237  0.0238  0.0247  0.0233  0.0240  0.0232  0.0234  0.0232  0.0231
  0.0230  0.0230  0.0229  0.0232  0.0232  0.0236  0.0229  0.0231  0.0229  0.0229  0.0229  0.0229
  0.0229  0.0229  0.0229  0.0228  0.0228  0.0228  0.0228  0.0228  0.0228  0.0228  0.0228  0.0228
  0.0230  0.0230  0.0231  0.0228  0.0228  0.0228  0.0229  0.0231  0.0229  0.0229  0.0229  0.0229
  0.0234  0.0233  0.0235  0.0232  0.0234  0.0239  0.0233  0.0239  0.0232  0.0233  0.0232  0.0231
  0.0241  0.0238  0.0241  0.0241  0.0245  0.0265  0.0239  0.0253  0.0237  0.0239  0.0236  0.0234
niter,ni,del,rscale     3    3    5.0000    0.6000
parameters
    1.4298   37.9992   16.2614   -1.7723  -16.8764  -11.2909
    6.8747    4.5351   -7.0322   -5.2095   -8.7142   -0.3528
eta,q 0.97727 12.41158
  0.0237  0.0236  0.0235  0.0239  0.0241  0.0252  0.0236  0.0247  0.0234  0.0238  0.0235  0.0232
  0.0232  0.0232  0.0231  0.0234  0.0235  0.0244  0.0231  0.0236  0.0231  0.0232  0.0230  0.0229
  0.0229  0.0229  0.0229  0.0230  0.0231  0.0235  0.0228  0.0229  0.0228  0.0228  0.0228  0.0228
  0.0228  0.0228  0.0228  0.0228  0.0228  0.0228  0.0227  0.0227  0.0227  0.0227  0.0227  0.0227
  0.0229  0.0229  0.0229  0.0228  0.0228  0.0228  0.0228  0.0230  0.0228  0.0228  0.0228  0.0228
  0.0233  0.0231  0.0231  0.0232  0.0232  0.0235  0.0231  0.0237  0.0230  0.0231  0.0231  0.0229
  0.0238  0.0235  0.0235  0.0239  0.0241  0.0252  0.0236  0.0247  0.0234  0.0236  0.0234  0.0232
niter,ni,del,rscale     2    3    5.0000    0.5000
parameters
    1.4209   37.9825   16.3584   -1.7255  -16.7643  -11.0230
    6.8720    4.5268   -6.9915   -5.2218   -8.7203   -0.4438
eta,q 0.97734 12.42060
  0.0234  0.0232  0.0234  0.0235  0.0237  0.0247  0.0232  0.0241  0.0232  0.0234  0.0232  0.0230
  0.0230  0.0230  0.0230  0.0231  0.0232  0.0240  0.0229  0.0233  0.0229  0.0230  0.0229  0.0228
  0.0228  0.0228  0.0228  0.0229  0.0229  0.0232  0.0227  0.0228  0.0227  0.0227  0.0227  0.0227
  0.0227  0.0227  0.0227  0.0227  0.0227  0.0227  0.0227  0.0227  0.0227  0.0227  0.0227  0.0227
  0.0228  0.0228  0.0228  0.0228  0.0227  0.0227  0.0227  0.0228  0.0227  0.0227  0.0227  0.0227
  0.0230  0.0230  0.0229  0.0230  0.0230  0.0232  0.0229  0.0233  0.0229  0.0230  0.0229  0.0228
  0.0234  0.0233  0.0231  0.0235  0.0236  0.0243  0.0233  0.0241  0.0232  0.0234  0.0232  0.0230
niter,ni,del,rscale     1    3    5.0000    0.4000
parameters
    1.4187   37.9378   16.4862   -1.7265  -16.6608  -10.7840
    6.8451    4.5270   -6.9376   -5.2842   -8.7482   -0.5026
eta,q 0.97738 12.42778
  0.0231  0.0230  0.0231  0.0232  0.0233  0.0241  0.0230  0.0236  0.0230  0.0231  0.0230  0.0228
  0.0229  0.0228  0.0229  0.0229  0.0230  0.0235  0.0228  0.0231  0.0228  0.0228  0.0228  0.0227
  0.0227  0.0227  0.0227  0.0227  0.0228  0.0230  0.0227  0.0227  0.0227  0.0227  0.0227  0.0226
  0.0227  0.0227  0.0227  0.0227  0.0227  0.0226  0.0226  0.0226  0.0226  0.0226  0.0226  0.0226
  0.0227  0.0227  0.0227  0.0227  0.0227  0.0227  0.0227  0.0227  0.0227  0.0227  0.0227  0.0227
  0.0229  0.0228  0.0227  0.0229  0.0229  0.0230  0.0228  0.0231  0.0228  0.0228  0.0228  0.0227
  0.0231  0.0231  0.0229  0.0232  0.0232  0.0237  0.0230  0.0236  0.0229  0.0231  0.0230  0.0229
registration optimization eta report
parameter search radius
    0.8000    0.8000    0.8000    2.4000    2.4000    2.4000
    2.4000    2.4000    2.4000    2.4000    2.4000    2.4000
100000*second partial in parameter space
       71.       56.       55.        9.       11.       22.
        7.       17.        6.        8.        6.        4.
  0.0231  0.0230  0.0231  0.0232  0.0233  0.0241  0.0230  0.0236  0.0230  0.0231  0.0230  0.0228
  0.0229  0.0228  0.0229  0.0229  0.0230  0.0235  0.0228  0.0231  0.0228  0.0228  0.0228  0.0227
  0.0227  0.0227  0.0227  0.0227  0.0228  0.0230  0.0227  0.0227  0.0227  0.0227  0.0227  0.0226
  0.0227  0.0227  0.0227  0.0227  0.0227  0.0226  0.0226  0.0226  0.0226  0.0226  0.0226  0.0226
  0.0227  0.0227  0.0227  0.0227  0.0227  0.0227  0.0227  0.0227  0.0227  0.0227  0.0227  0.0227
  0.0229  0.0228  0.0227  0.0229  0.0229  0.0230  0.0228  0.0231  0.0228  0.0228  0.0228  0.0227
  0.0231  0.0231  0.0229  0.0232  0.0232  0.0237  0.0230  0.0236  0.0229  0.0231  0.0230  0.0229
    1.4187   37.9378   16.4862   -1.7265  -16.6608  -10.7840
    6.8451    4.5270   -6.9376   -5.2842   -8.7482   -0.5026
eta,q 0.97738 12.42778

---------------------------------------------------------------------
compute_vox2vox talsrcimg talsrcimg_to_711-2C_as_mni_average_305_t4 /opt/freesurfer/average/711-2C_as_mni_average_305
---------------------------------------------------------------------

freesurfer compute_vox2vox.c
Reading: talsrcimg.4dfp.ifh
Reading: talsrcimg_to_711-2C_as_mni_average_305_t4
Reading: /opt/freesurfer/average/711-2C_as_mni_average_305.4dfp.ifh
Writing: talsrcimg_to_711-2C_as_mni_average_305_t4_vox2vox.txt

start time Tue Mar 10 22:32:02 CET 2026
end		time Tue Mar 10 22:33:34 CET 2026

mpr2mni305 success

avi2talxfm orig_nu.mgz /opt/freesurfer/average/mni305.cor.mgz talsrcimg_to_711-2C_as_mni_average_305_t4_vox2vox.txt transforms/talairach.auto.xfm
avi2talxfm done
mv -f /out/sourcedata/freesurfer/sub-v2s12x28858_ses-1/mri/talsrcimg_to_711-2C_as_mni_average_305_t4_vox2vox.txt /out/sourcedata/freesurfer/sub-v2s12x28858_ses-1/mri/transforms/talsrcimg_to_711-2C_as_mni_average_305_t4_vox2vox.txt
lta_convert --src orig_nu.mgz --trg /opt/freesurfer/average/mni305.cor.mgz --inxfm transforms/talairach.auto.xfm --outlta transforms/talairach.auto.xfm.lta --subject fsaverage
7.3.2

--src: orig_nu.mgz src image (geometry).
--trg: /opt/freesurfer/average/mni305.cor.mgz trg image (geometry).
--inmni: transforms/talairach.auto.xfm input MNI/XFM transform.
--outlta: transforms/talairach.auto.xfm.lta output LTA.
--s: fsaverage subject name
 LTA read, type : 1
 1.00672  -0.05600  -0.08303   0.75393;
 0.09922   1.11576  -0.00142  -18.99651;
 0.09010   0.06608   1.19291  -26.95187;
 0.00000   0.00000   0.00000   1.00000;
setting subject to fsaverage
Writing  LTA to file transforms/talairach.auto.xfm.lta...
lta_convert successful.
 
 
Started at Tue Mar 10 22:32:01 CET 2026
Ended   at Tue Mar 10 22:33:34 CET 2026
talairach_avi done
