/out/sourcedata/freesurfer/sub-v2s12x28905_ses-1/mri
/opt/freesurfer/bin/talairach_avi
--i orig_nu.mgz --xfm transforms/talairach.auto.xfm
talairach_avi 7.3.2
Linux dna058 5.14.0-427.37.1.el9_4.x86_64 #1 SMP PREEMPT_DYNAMIC Fri Sep 13 12:41:50 EDT 2024 x86_64 x86_64 x86_64 GNU/Linux
Wed Mar 11 02:53:50 CET 2026
mri_convert orig_nu.mgz talsrcimg.img 
reading from orig_nu.mgz...
TR=0.00, TE=0.00, TI=0.00, flip angle=0.00
i_ras = (-1, 0, 0)
j_ras = (0, 0, -1)
k_ras = (0, 1, 0)
writing to talsrcimg.img...
Analyze Output Matrix
-1.00000   0.00000   0.00000   132.31219;
 0.00000   0.00000   1.00000  -122.25000;
 0.00000  -1.00000   0.00000   149.65601;
 0.00000   0.00000   0.00000   1.00000;
--------------------
INFO: set hdr.hist.orient to -1
mpr2mni305 talsrcimg
Wed Mar 11 02:53:50 CET 2026
/opt/freesurfer/bin/mpr2mni305 talsrcimg
mpr2mni305 7.3.2
target=711-2C_as_mni_average_305

---------------------------------------------------------------------
analyzeto4dfp talsrcimg -O0 -y
---------------------------------------------------------------------

freesurfer ifh2hdr.c
Wed Mar 11 02:53:50 2026
Writing: talsrcimg.4dfp.hdr
freesurfer analyzeto4dfp.c
Reading: talsrcimg.hdr
header size 348 bytes
hdr.dime.datatype	offset=70	value=2
hdr.dime.bitpix		offset=72	value=8
hdr.hist.orient		offset=252	value=-1
dimensionality     4
dimensions       256       256       256         1
Reading: talsrcimg.img
Writing: talsrcimg.4dfp.img
Writing: talsrcimg.4dfp.ifh
ifh2hdr talsrcimg -r0to224
ori=2

---------------------------------------------------------------------
gauss_4dfp talsrcimg 1.1
---------------------------------------------------------------------

freesurfer gauss_4dfp.c
Reading: talsrcimg.4dfp.img
Writing: talsrcimg_g11.4dfp.img
image dimensions 256 256 256 padded to 288 288 288
processing volume 1freesurfer ifh2hdr.c
Wed Mar 11 02:53:52 2026
Writing: talsrcimg_g11.4dfp.hdr

Writing: talsrcimg_g11.4dfp.ifh
including: talsrcimg.4dfp.img.rec in talsrcimg_g11.4dfp.img.rec

---------------------------------------------------------------------
imgreg_4dfp /opt/freesurfer/average/711-2C_as_mni_average_305 none talsrcimg_g11 none talsrcimg_to_711-2C_as_mni_average_305_t4 4355
---------------------------------------------------------------------

freesurfer imgreg_4dfp.c
/opt/freesurfer/average/711-2C_as_mni_average_305.4dfp.img
       256       256       256         1
  1.000000  1.000000  1.000000
orientation T byte_order littleendian
Reading image: /opt/freesurfer/average/711-2C_as_mni_average_305.4dfp.img
dimensions:      256       256       256
mmppix:       1.0000   -1.0000   -1.0000
center:     128.0000 -129.0000 -129.0000
talsrcimg_g11.4dfp.img
       256       256       256         1
  1.000000  1.000000  1.000000
orientation T byte_order littleendian
Reading image: talsrcimg_g11.4dfp.img
dimensions:      256       256       256
mmppix:       1.0000   -1.0000   -1.0000
center:     128.0000 -129.0000 -129.0000
t4_read: open error in t4_sub.f l:  41 t4_file(1:l)talsrcimg_to_711-2C_as_mni_average_305_t4 
t4_read: transform initialized to I4
rotation matrix determinant  1.000000
image alignment mode   4355 decimal     1103 hex
   -7.5000  -45.0000  -45.0000 6469.7104   20.8956
    0.0000  -45.0000  -45.0000 6734.5483   20.9357
    7.5000  -45.0000  -45.0000 6438.2671   20.9274
   -7.5000  -37.5000  -45.0000 6980.7783   20.8865
    0.0000  -37.5000  -45.0000 7276.0703   20.9199
    7.5000  -37.5000  -45.0000 6956.1797   20.9084
   -7.5000  -30.0000  -45.0000 7792.8496   20.8921
    0.0000  -30.0000  -45.0000 8116.0220   20.9231
    7.5000  -30.0000  -45.0000 7759.2139   20.9110
   -7.5000  -22.5000  -45.0000 8579.1074   20.9000
    0.0000  -22.5000  -45.0000 8903.1260   20.9373
    7.5000  -22.5000  -45.0000 8501.8906   20.9291
   -7.5000  -15.0000  -45.0000 9264.2402   20.8939
    0.0000  -15.0000  -45.0000 9628.6562   20.9416
    7.5000  -15.0000  -45.0000 9174.2773   20.9388
   -7.5000   -7.5000  -45.0000 9873.6143   20.8835
    0.0000   -7.5000  -45.000010273.9268   20.9316
    7.5000   -7.5000  -45.0000 9771.4082   20.9281
   -7.5000    0.0000  -45.000010472.5908   20.8837
    0.0000    0.0000  -45.000010883.8262   20.9238
    7.5000    0.0000  -45.000010347.8604   20.9155
   -7.5000    7.5000  -45.000010250.1133   20.8863
    0.0000    7.5000  -45.000010646.5234   20.9197
    7.5000    7.5000  -45.000010131.4551   20.9082
   -7.5000   15.0000  -45.0000 9915.2598   20.8921
    0.0000   15.0000  -45.000010339.6113   20.9231
    7.5000   15.0000  -45.0000 9853.5234   20.9110
   -7.5000   22.5000  -45.0000 9496.3799   20.8971
    0.0000   22.5000  -45.0000 9930.9521   20.9344
    7.5000   22.5000  -45.0000 9462.6562   20.9262
   -7.5000   30.0000  -45.0000 8928.6436   20.6155
    0.0000   30.0000  -45.0000 9319.4307   20.6626
    7.5000   30.0000  -45.0000 8882.2119   20.6598
   -7.5000   37.5000  -45.0000 8584.2812   20.6052
    0.0000   37.5000  -45.0000 8964.0186   20.6526
    7.5000   37.5000  -45.0000 8514.6553   20.6492
   -7.5000   45.0000  -45.0000 7892.1367   20.0822
    0.0000   45.0000  -45.0000 8234.5771   20.1208
    7.5000   45.0000  -45.0000 7819.9688   20.1128
   -7.5000  -45.0000  -37.5000 6925.7871   20.6924
    0.0000  -45.0000  -37.5000 7219.9966   20.7355
    7.5000  -45.0000  -37.5000 6905.6621   20.7435
   -7.5000  -37.5000  -37.5000 7499.2529   20.6802
    0.0000  -37.5000  -37.5000 7811.2354   20.7172
    7.5000  -37.5000  -37.5000 7447.9556   20.7236
   -7.5000  -30.0000  -37.5000 8385.0518   20.6818
    0.0000  -30.0000  -37.5000 8730.0439   20.7126
    7.5000  -30.0000  -37.5000 8303.7627   20.7173
   -7.5000  -22.5000  -37.5000 9230.9727   20.6907
    0.0000  -22.5000  -37.5000 9595.9531   20.7219
    7.5000  -22.5000  -37.5000 9119.4863   20.7259
   -7.5000  -15.0000  -37.5000 9958.3584   20.6887
    0.0000  -15.0000  -37.500010353.3232   20.7282
    7.5000  -15.0000  -37.5000 9837.2773   20.7354
   -7.5000   -7.5000  -37.500010597.5752   20.6807
    0.0000   -7.5000  -37.500011021.8398   20.7258
    7.5000   -7.5000  -37.500010468.2373   20.7352
   -7.5000    0.0000  -37.500011175.6416   20.6809
    0.0000    0.0000  -37.500011614.6562   20.7238
    7.5000    0.0000  -37.500011038.6953   20.7318
   -7.5000    7.5000  -37.500010913.8369   20.6799
    0.0000    7.5000  -37.500011341.1357   20.7170
    7.5000    7.5000  -37.500010788.8877   20.7234
   -7.5000   15.0000  -37.500010549.1797   20.6818
    0.0000   15.0000  -37.500011006.4912   20.7126
    7.5000   15.0000  -37.500010459.3457   20.7173
   -7.5000   22.5000  -37.500010110.7012   20.6878
    0.0000   22.5000  -37.500010579.4854   20.7191
    7.5000   22.5000  -37.500010042.2559   20.7230
   -7.5000   30.0000  -37.5000 9492.2246   20.4130
    0.0000   30.0000  -37.5000 9921.2471   20.4519
    7.5000   30.0000  -37.5000 9408.2432   20.4591
   -7.5000   37.5000  -37.5000 9124.2334   20.4051
    0.0000   37.5000  -37.5000 9539.0400   20.4496
    7.5000   37.5000  -37.5000 9034.2764   20.4589
   -7.5000   45.0000  -37.5000 8356.5664   19.8871
    0.0000   45.0000  -37.5000 8755.4639   19.9285
    7.5000   45.0000  -37.5000 8281.7314   19.9361
   -7.5000  -45.0000  -30.0000 7576.1782   21.5037
    0.0000  -45.0000  -30.0000 7904.2085   21.5475
    7.5000  -45.0000  -30.0000 7533.3545   21.5766
   -7.5000  -37.5000  -30.0000 8218.5703   21.4935
    0.0000  -37.5000  -30.0000 8565.9082   21.5321
    7.5000  -37.5000  -30.0000 8134.5889   21.5615
   -7.5000  -30.0000  -30.0000 9156.0938   21.4886
    0.0000  -30.0000  -30.0000 9530.1572   21.5197
    7.5000  -30.0000  -30.0000 9034.9873   21.5462
   -7.5000  -22.5000  -30.000010061.9697   21.4868
    0.0000  -22.5000  -30.000010451.6504   21.5159
    7.5000  -22.5000  -30.0000 9927.1758   21.5383
   -7.5000  -15.0000  -30.000010844.1934   21.4810
    0.0000  -15.0000  -30.000011265.9229   21.5167
    7.5000  -15.0000  -30.000010735.7637   21.5408
   -7.5000   -7.5000  -30.000011545.9941   21.4813
    0.0000   -7.5000  -30.000012030.4307   21.5242
    7.5000   -7.5000  -30.000011429.1191   21.5520
   -7.5000    0.0000  -30.000012143.3564   21.4917
    0.0000    0.0000  -30.000012615.3730   21.5355
    7.5000    0.0000  -30.000012007.8066   21.5645
   -7.5000    7.5000  -30.000011797.7354   21.4933
    0.0000    7.5000  -30.000012281.9912   21.5319
    7.5000    7.5000  -30.000011695.6533   21.5613
   -7.5000   15.0000  -30.000011384.1670   21.4886
    0.0000   15.0000  -30.000011883.6270   21.5197
    7.5000   15.0000  -30.000011295.8213   21.5462
   -7.5000   22.5000  -30.000010921.9854   21.4817
    0.0000   22.5000  -30.000011417.4385   21.5107
    7.5000   22.5000  -30.000010838.1445   21.5332
   -7.5000   30.0000  -30.000010238.7715   21.1967
    0.0000   30.0000  -30.000010716.1299   21.2320
    7.5000   30.0000  -30.000010164.2471   21.2558
   -7.5000   37.5000  -30.0000 9834.4727   21.1970
    0.0000   37.5000  -30.000010287.7705   21.2394
    7.5000   37.5000  -30.0000 9759.1094   21.2668
   -7.5000   45.0000  -30.0000 8993.8398   20.6821
    0.0000   45.0000  -30.0000 9421.4492   20.7241
    7.5000   45.0000  -30.0000 8928.5879   20.7521
   -7.5000  -45.0000  -22.5000 8240.4561   22.2152
    0.0000  -45.0000  -22.5000 8577.3291   22.2552
    7.5000  -45.0000  -22.5000 8175.5127   22.2880
   -7.5000  -37.5000  -22.5000 8931.2627   22.2084
    0.0000  -37.5000  -22.5000 9291.3457   22.2431
    7.5000  -37.5000  -22.5000 8834.6943   22.2771
   -7.5000  -30.0000  -22.5000 9953.8906   22.2015
    0.0000  -30.0000  -22.500010329.6396   22.2319
    7.5000  -30.0000  -22.5000 9798.4219   22.2627
   -7.5000  -22.5000  -22.500010900.4092   22.1897
    0.0000  -22.5000  -22.500011319.8584   22.2227
    7.5000  -22.5000  -22.500010737.6611   22.2501
   -7.5000  -15.0000  -22.500011732.5654   22.1780
    0.0000  -15.0000  -22.500012184.1738   22.2186
    7.5000  -15.0000  -22.500011596.2256   22.2476
   -7.5000   -7.5000  -22.500012496.5615   22.1845
    0.0000   -7.5000  -22.500013006.5947   22.2277
    7.5000   -7.5000  -22.500012373.1768   22.2591
   -7.5000    0.0000  -22.500013161.0117   22.2028
    0.0000    0.0000  -22.500013674.8770   22.2428
    7.5000    0.0000  -22.500012995.0684   22.2757
   -7.5000    7.5000  -22.500012769.5059   22.2082
    0.0000    7.5000  -22.500013284.9053   22.2428
    7.5000    7.5000  -22.500012634.2812   22.2769
   -7.5000   15.0000  -22.500012277.4805   22.2015
    0.0000   15.0000  -22.500012791.0869   22.2319
    7.5000   15.0000  -22.500012157.6855   22.2627
   -7.5000   22.5000  -22.500011758.9238   22.1828
    0.0000   22.5000  -22.500012259.4033   22.2159
    7.5000   22.5000  -22.500011635.4980   22.2433
   -7.5000   30.0000  -22.500010996.1865   21.8879
    0.0000   30.0000  -22.500011502.9268   21.9279
    7.5000   30.0000  -22.500010934.1748   21.9566
   -7.5000   37.5000  -22.500010534.9834   21.8943
    0.0000   37.5000  -22.500011011.0020   21.9370
    7.5000   37.5000  -22.500010462.1562   21.9679
   -7.5000   45.0000  -22.5000 9631.4219   21.3824
    0.0000   45.0000  -22.500010066.3320   21.4210
    7.5000   45.0000  -22.5000 9572.1055   21.4526
   -7.5000  -45.0000  -15.0000 8916.2021   22.7269
    0.0000  -45.0000  -15.0000 9284.5215   22.7671
    7.5000  -45.0000  -15.0000 8854.1660   22.7876
   -7.5000  -37.5000  -15.0000 9640.8291   22.7197
    0.0000  -37.5000  -15.000010050.0732   22.7525
    7.5000  -37.5000  -15.0000 9545.5381   22.7723
   -7.5000  -30.0000  -15.000010738.5098   22.7173
    0.0000  -30.0000  -15.000011180.2754   22.7480
    7.5000  -30.0000  -15.000010606.3242   22.7634
   -7.5000  -22.5000  -15.000011748.6904   22.7085
    0.0000  -22.5000  -15.000012238.1211   22.7476
    7.5000  -22.5000  -15.000011605.4492   22.7623
   -7.5000  -15.0000  -15.000012618.3193   22.6963
    0.0000  -15.0000  -15.000013131.8057   22.7461
    7.5000  -15.0000  -15.000012479.1328   22.7646
   -7.5000   -7.5000  -15.000013474.6494   22.7000
    0.0000   -7.5000  -15.000013982.9463   22.7486
    7.5000   -7.5000  -15.000013278.6328   22.7687
   -7.5000    0.0000  -15.000014217.2969   22.7143
    0.0000    0.0000  -15.000014757.1514   22.7544
    7.5000    0.0000  -15.000013982.9951   22.7750
   -7.5000    7.5000  -15.000013808.6816   22.7195
    0.0000    7.5000  -15.000014357.8066   22.7523
    7.5000    7.5000  -15.000013612.1611   22.7720
   -7.5000   15.0000  -15.000013250.4219   22.7173
    0.0000   15.0000  -15.000013780.0107   22.7480
    7.5000   15.0000  -15.000013059.2314   22.7634
   -7.5000   22.5000  -15.000012606.2500   22.7005
    0.0000   22.5000  -15.000013140.0537   22.7396
    7.5000   22.5000  -15.000012412.3896   22.7543
   -7.5000   30.0000  -15.000011795.6611   22.4026
    0.0000   30.0000  -15.000012316.4209   22.4517
    7.5000   30.0000  -15.000011643.8574   22.4700
   -7.5000   37.5000  -15.000011275.7178   22.4062
    0.0000   37.5000  -15.000011788.3633   22.4542
    7.5000   37.5000  -15.000011166.0332   22.4740
   -7.5000   45.0000  -15.000010296.8213   21.8882
    0.0000   45.0000  -15.000010772.4580   21.9268
    7.5000   45.0000  -15.000010229.1055   21.9467
   -7.5000  -45.0000   -7.5000 9692.5342   23.0036
    0.0000  -45.0000   -7.500010093.6074   23.0468
    7.5000  -45.0000   -7.5000 9594.5166   23.0465
   -7.5000  -37.5000   -7.500010461.9189   22.9930
    0.0000  -37.5000   -7.500010899.1416   23.0286
    7.5000  -37.5000   -7.500010347.4775   23.0254
   -7.5000  -30.0000   -7.500011602.1807   22.9975
    0.0000  -30.0000   -7.500012103.1758   23.0318
    7.5000  -30.0000   -7.500011501.7578   23.0263
   -7.5000  -22.5000   -7.500012719.9746   23.0019
    0.0000  -22.5000   -7.500013259.4111   23.0461
    7.5000  -22.5000   -7.500012599.3135   23.0439
   -7.5000  -15.0000   -7.500013635.6631   22.9941
    0.0000  -15.0000   -7.500014229.3018   23.0502
    7.5000  -15.0000   -7.500013515.9893   23.0537
   -7.5000   -7.5000   -7.500014540.0273   22.9877
    0.0000   -7.5000   -7.500015113.4209   23.0416
    7.5000   -7.5000   -7.500014333.5107   23.0446
   -7.5000    0.0000   -7.500015316.5557   22.9908
    0.0000    0.0000   -7.500015947.8945   23.0339
    7.5000    0.0000   -7.500015076.5654   23.0337
   -7.5000    7.5000   -7.500014930.5645   22.9928
    0.0000    7.5000   -7.500015560.6816   23.0284
    7.5000    7.5000   -7.500014690.8789   23.0252
   -7.5000   15.0000   -7.500014310.2959   22.9975
    0.0000   15.0000   -7.500014946.6270   23.0318
    7.5000   15.0000   -7.500014076.7959   23.0263
   -7.5000   22.5000   -7.500013570.8379   22.9913
    0.0000   22.5000   -7.500014175.6650   23.0354
    7.5000   22.5000   -7.500013336.7842   23.0332
   -7.5000   30.0000   -7.500012680.6357   22.6959
    0.0000   30.0000   -7.500013241.6045   22.7512
    7.5000   30.0000   -7.500012459.6426   22.7547
   -7.5000   37.5000   -7.500012121.4336   22.6896
    0.0000   37.5000   -7.500012681.9473   22.7428
    7.5000   37.5000   -7.500011954.4766   22.7458
   -7.5000   45.0000   -7.500011051.0889   22.1588
    0.0000   45.0000   -7.500011570.1299   22.2004
    7.5000   45.0000   -7.500010946.4990   22.2001
   -7.5000  -45.0000    0.000010434.3691   23.0776
    0.0000  -45.0000    0.000010893.1396   23.1228
    7.5000  -45.0000    0.000010343.2715   23.1134
   -7.5000  -37.5000    0.000011228.2803   23.0649
    0.0000  -37.5000    0.000011729.2520   23.1030
    7.5000  -37.5000    0.000011160.8818   23.0906
   -7.5000  -30.0000    0.000012427.3311   23.0720
    0.0000  -30.0000    0.000013011.3662   23.1074
    7.5000  -30.0000    0.000012392.0859   23.0947
   -7.5000  -22.5000    0.000013625.8848   23.0848
    0.0000  -22.5000    0.000014226.6816   23.1268
    7.5000  -22.5000    0.000013516.8389   23.1183
   -7.5000  -15.0000    0.000014623.4600   23.0811
    0.0000  -15.0000    0.000015272.9590   23.1342
    7.5000  -15.0000    0.000014488.2822   23.1310
   -7.5000   -7.5000    0.000015546.6963   23.0683
    0.0000   -7.5000    0.000016192.0840   23.1218
    7.5000   -7.5000    0.000015368.5117   23.1176
   -7.5000    0.0000    0.000016344.1113   23.0647
    0.0000    0.0000    0.000017023.4434   23.1098
    7.5000    0.0000    0.000016100.4541   23.1005
   -7.5000    7.5000    0.000015902.1797   23.0647
    0.0000    7.5000    0.000016583.0547   23.1028
    7.5000    7.5000    0.000015641.5342   23.0904
   -7.5000   15.0000    0.000015261.5068   23.0720
    0.0000   15.0000    0.000015927.8145   23.1074
    7.5000   15.0000    0.000014999.3252   23.0947
   -7.5000   22.5000    0.000014436.6084   23.0742
    0.0000   22.5000    0.000015054.5996   23.1162
    7.5000   22.5000    0.000014181.9033   23.1076
   -7.5000   30.0000    0.000013461.3740   22.7824
    0.0000   30.0000    0.000014053.7402   22.8348
    7.5000   30.0000    0.000013204.4443   22.8317
   -7.5000   37.5000    0.000012858.2480   22.7697
    0.0000   37.5000    0.000013454.5889   22.8225
    7.5000   37.5000    0.000012640.7168   22.8184
   -7.5000   45.0000    0.000011727.9355   22.2318
    0.0000   45.0000    0.000012295.3701   22.2752
    7.5000   45.0000    0.000011600.0859   22.2662
   -7.5000  -45.0000    7.500010341.7207   23.0944
    0.0000  -45.0000    7.500010823.5625   23.1423
    7.5000  -45.0000    7.500010300.8672   23.1512
   -7.5000  -37.5000    7.500011136.9590   23.0810
    0.0000  -37.5000    7.500011666.1133   23.1221
    7.5000  -37.5000    7.500011108.6826   23.1291
   -7.5000  -30.0000    7.500012309.1104   23.0830
    0.0000  -30.0000    7.500012880.6748   23.1171
    7.5000  -30.0000    7.500012290.8037   23.1220
   -7.5000  -22.5000    7.500013444.7812   23.0929
    0.0000  -22.5000    7.500014026.0176   23.1273
    7.5000  -22.5000    7.500013388.6904   23.1314
   -7.5000  -15.0000    7.500014471.1211   23.0905
    0.0000  -15.0000    7.500015043.4785   23.1342
    7.5000  -15.0000    7.500014382.6172   23.1421
   -7.5000   -7.5000    7.500015397.6660   23.0815
    0.0000   -7.5000    7.500016011.5391   23.1315
    7.5000   -7.5000    7.500015238.4775   23.1419
   -7.5000    0.0000    7.500016131.5762   23.0816
    0.0000    0.0000    7.500016771.9121   23.1293
    7.5000    0.0000    7.500015947.2979   23.1382
   -7.5000    7.5000    7.500015656.4863   23.0808
    0.0000    7.5000    7.500016275.8594   23.1218
    7.5000    7.5000    7.500015482.7188   23.1289
   -7.5000   15.0000    7.500014992.9180   23.0830
    0.0000   15.0000    7.500015615.7871   23.1171
    7.5000   15.0000    7.500014840.4492   23.1220
   -7.5000   22.5000    7.500014127.5840   23.0822
    0.0000   22.5000    7.500014732.9980   23.1166
    7.5000   22.5000    7.500013971.3525   23.1208
   -7.5000   30.0000    7.500013156.9717   22.7917
    0.0000   30.0000    7.500013725.5723   22.8348
    7.5000   30.0000    7.500012983.9150   22.8426
   -7.5000   37.5000    7.500012581.1035   22.7827
    0.0000   37.5000    7.500013150.7227   22.8322
    7.5000   37.5000    7.500012384.2393   22.8424
   -7.5000   45.0000    7.500011525.2969   22.2480
    0.0000   45.0000    7.500012081.8096   22.2940
    7.5000   45.0000    7.500011379.2559   22.3026
   -7.5000  -45.0000   15.000010120.3213   23.0883
    0.0000  -45.0000   15.000010589.7598   23.1354
    7.5000  -45.0000   15.000010105.9629   23.1666
   -7.5000  -37.5000   15.000010886.5420   23.0774
    0.0000  -37.5000   15.000011415.7695   23.1188
    7.5000  -37.5000   15.000010901.5000   23.1504
   -7.5000  -30.0000   15.000012028.3066   23.0722
    0.0000  -30.0000   15.000012584.2061   23.1056
    7.5000  -30.0000   15.000012002.9443   23.1340
   -7.5000  -22.5000   15.000013103.3105   23.0703
    0.0000  -22.5000   15.000013671.0127   23.1015
    7.5000  -22.5000   15.000013104.6797   23.1256
   -7.5000  -15.0000   15.000014140.6582   23.0640
    0.0000  -15.0000   15.000014780.0439   23.1023
    7.5000  -15.0000   15.000014108.8164   23.1283
   -7.5000   -7.5000   15.000015046.1123   23.0642
    0.0000   -7.5000   15.000015676.6904   23.1103
    7.5000   -7.5000   15.000014959.5205   23.1402
   -7.5000    0.0000   15.000015637.5186   23.0755
    0.0000    0.0000   15.000016211.8086   23.1224
    7.5000    0.0000   15.000015578.0400   23.1536
   -7.5000    7.5000   15.000015162.5732   23.0772
    0.0000    7.5000   15.000015709.3496   23.1186
    7.5000    7.5000   15.000015101.7549   23.1502
   -7.5000   15.0000   15.000014516.6807   23.0722
    0.0000   15.0000   15.000015087.7012   23.1056
    7.5000   15.0000   15.000014476.6436   23.1340
   -7.5000   22.5000   15.000013681.5332   23.0597
    0.0000   22.5000   15.000014233.4277   23.0908
    7.5000   22.5000   15.000013616.3135   23.1149
   -7.5000   30.0000   15.000012735.0488   22.7655
    0.0000   30.0000   15.000013256.0898   22.8034
    7.5000   30.0000   15.000012626.9766   22.8289
   -7.5000   37.5000   15.000012197.1465   22.7657
    0.0000   37.5000   15.000012708.4590   22.8113
    7.5000   37.5000   15.000012069.4873   22.8407
   -7.5000   45.0000   15.000011183.9229   22.2421
    0.0000   45.0000   15.000011686.7920   22.2874
    7.5000   45.0000   15.000011055.6562   22.3174
   -7.5000  -45.0000   22.5000 9802.9434   23.0604
    0.0000  -45.0000   22.500010264.7920   23.1020
    7.5000  -45.0000   22.5000 9741.6523   23.1361
   -7.5000  -37.5000   22.500010539.2598   23.0534
    0.0000  -37.5000   22.500011054.4414   23.0894
    7.5000  -37.5000   22.500010518.3721   23.1247
   -7.5000  -30.0000   22.500011644.3232   23.0462
    0.0000  -30.0000   22.500012167.6504   23.0778
    7.5000  -30.0000   22.500011618.4453   23.1097
   -7.5000  -22.5000   22.500012661.4717   23.0340
    0.0000  -22.5000   22.500013223.8281   23.0683
    7.5000  -22.5000   22.500012664.5342   23.0967
   -7.5000  -15.0000   22.500013621.9004   23.0219
    0.0000  -15.0000   22.500014209.4277   23.0640
    7.5000  -15.0000   22.500013614.7109   23.0941
   -7.5000   -7.5000   22.500014433.0234   23.0286
    0.0000   -7.5000   22.500014917.1680   23.0735
    7.5000   -7.5000   22.500014462.4863   23.1061
   -7.5000    0.0000   22.500014958.4512   23.0476
    0.0000    0.0000   22.500015403.2168   23.0892
    7.5000    0.0000   22.500015061.5371   23.1233
   -7.5000    7.5000   22.500014556.4258   23.0531
    0.0000    7.5000   22.500015012.4570   23.0891
    7.5000    7.5000   22.500014618.4121   23.1244
   -7.5000   15.0000   22.500013987.9043   23.0462
    0.0000   15.0000   22.500014476.8691   23.0778
    7.5000   15.0000   22.500013993.2090   23.1097
   -7.5000   22.5000   22.500013189.9258   23.0234
    0.0000   22.5000   22.500013671.4619   23.0576
    7.5000   22.5000   22.500013137.2314   23.0861
   -7.5000   30.0000   22.500012307.8809   22.7239
    0.0000   30.0000   22.500012730.2402   22.7655
    7.5000   30.0000   22.500012184.2070   22.7952
   -7.5000   37.5000   22.500011802.1982   22.7305
    0.0000   37.5000   22.500012233.4512   22.7749
    7.5000   37.5000   22.500011652.2617   22.8070
   -7.5000   45.0000   22.500010816.8916   22.2152
    0.0000   45.0000   22.500011225.9307   22.2553
    7.5000   45.0000   22.500010649.9600   22.2882
   -7.5000  -45.0000   30.0000 9323.9375   23.0397
    0.0000  -45.0000   30.0000 9768.3496   23.0804
    7.5000  -45.0000   30.0000 9285.2705   23.1012
   -7.5000  -37.5000   30.000010035.0303   23.0324
    0.0000  -37.5000   30.000010510.1592   23.0656
    7.5000  -37.5000   30.000010013.6240   23.0856
   -7.5000  -30.0000   30.000011073.4688   23.0299
    0.0000  -30.0000   30.000011587.6152   23.0610
    7.5000  -30.0000   30.000011080.3633   23.0766
   -7.5000  -22.5000   30.000012044.8545   23.0210
    0.0000  -22.5000   30.000012594.2412   23.0607
    7.5000  -22.5000   30.000012071.2070   23.0756
   -7.5000  -15.0000   30.000012901.8760   23.0086
    0.0000  -15.0000   30.000013470.3994   23.0591
    7.5000  -15.0000   30.000012923.3008   23.0779
   -7.5000   -7.5000   30.000013739.6484   23.0124
    0.0000   -7.5000   30.000014295.1914   23.0617
    7.5000   -7.5000   30.000013690.4678   23.0821
   -7.5000    0.0000   30.000014505.9131   23.0269
    0.0000    0.0000   30.000015052.5742   23.0675
    7.5000    0.0000   30.000014418.7764   23.0884
   -7.5000    7.5000   30.000014187.8857   23.0321
    0.0000    7.5000   30.000014696.5693   23.0654
    7.5000    7.5000   30.000014075.4814   23.0854
   -7.5000   15.0000   30.000013590.8691   23.0299
    0.0000   15.0000   30.000014045.0557   23.0610
    7.5000   15.0000   30.000013436.8223   23.0766
   -7.5000   22.5000   30.000012702.7090   23.0104
    0.0000   22.5000   30.000013128.8350   23.0500
    7.5000   22.5000   30.000012555.1357   23.0650
   -7.5000   30.0000   30.000011768.0723   22.7109
    0.0000   30.0000   30.000012169.7930   22.7607
    7.5000   30.0000   30.000011608.7354   22.7793
   -7.5000   37.5000   30.000011255.0049   22.7146
    0.0000   37.5000   30.000011637.6660   22.7633
    7.5000   37.5000   30.000011097.4150   22.7834
   -7.5000   45.0000   30.000010280.4941   22.1953
    0.0000   45.0000   30.000010636.5859   22.2345
    7.5000   45.0000   30.000010144.9717   22.2546
   -7.5000  -45.0000   37.5000 9069.7305   23.0522
    0.0000  -45.0000   37.5000 9512.2129   23.0955
    7.5000  -45.0000   37.5000 9065.5586   23.0952
   -7.5000  -37.5000   37.5000 9798.2275   23.0415
    0.0000  -37.5000   37.500010291.8496   23.0772
    7.5000  -37.5000   37.5000 9791.5312   23.0740
   -7.5000  -30.0000   37.500010849.1104   23.0460
    0.0000  -30.0000   37.500011391.9453   23.0805
    7.5000  -30.0000   37.500010827.2676   23.0749
   -7.5000  -22.5000   37.500011861.5410   23.0505
    0.0000  -22.5000   37.500012421.1611   23.0948
    7.5000  -22.5000   37.500011816.3369   23.0926
   -7.5000  -15.0000   37.500012755.1963   23.0427
    0.0000  -15.0000   37.500013325.1680   23.0989
    7.5000  -15.0000   37.500012702.9248   23.1024
   -7.5000   -7.5000   37.500013578.2305   23.0362
    0.0000   -7.5000   37.500014123.6768   23.0903
    7.5000   -7.5000   37.500013501.5410   23.0933
   -7.5000    0.0000   37.500014300.9668   23.0393
    0.0000    0.0000   37.500014879.1387   23.0826
    7.5000    0.0000   37.500014206.1348   23.0823
   -7.5000    7.5000   37.500013986.4961   23.0413
    0.0000    7.5000   37.500014556.7627   23.0770
    7.5000    7.5000   37.500013869.1260   23.0738
   -7.5000   15.0000   37.500013388.9043   23.0460
    0.0000   15.0000   37.500013925.0645   23.0805
    7.5000   15.0000   37.500013250.8037   23.0749
   -7.5000   22.5000   37.500012493.6973   23.0399
    0.0000   22.5000   37.500012995.2539   23.0841
    7.5000   22.5000   37.500012377.5547   23.0819
   -7.5000   30.0000   37.500011558.2285   22.7445
    0.0000   30.0000   37.500012015.2549   22.8000
    7.5000   30.0000   37.500011432.9180   22.8034
   -7.5000   37.5000   37.500011031.2598   22.7381
    0.0000   37.5000   37.500011460.1377   22.7914
    7.5000   37.5000   37.500010905.3682   22.7945
   -7.5000   45.0000   37.500010057.6621   22.2073
    0.0000   45.0000   37.500010436.0117   22.2490
    7.5000   45.0000   37.5000 9935.9785   22.2487
   -7.5000  -45.0000   45.0000 8411.6768   22.9321
    0.0000  -45.0000   45.0000 8824.5352   22.9769
    7.5000  -45.0000   45.0000 8374.0010   22.9676
   -7.5000  -37.5000   45.0000 9094.5244   22.9195
    0.0000  -37.5000   45.0000 9559.9512   22.9573
    7.5000  -37.5000   45.0000 9052.0928   22.9450
   -7.5000  -30.0000   45.000010077.6455   22.9266
    0.0000  -30.0000   45.000010579.3398   22.9618
    7.5000  -30.0000   45.000010035.4980   22.9491
   -7.5000  -22.5000   45.000011005.0879   22.9394
    0.0000  -22.5000   45.000011513.2139   22.9811
    7.5000  -22.5000   45.000010941.9287   22.9726
   -7.5000  -15.0000   45.000011830.7061   22.9356
    0.0000  -15.0000   45.000012341.7783   22.9884
    7.5000  -15.0000   45.000011771.9307   22.9853
   -7.5000   -7.5000   45.000012554.1973   22.9228
    0.0000   -7.5000   45.000013092.6250   22.9760
    7.5000   -7.5000   45.000012532.5645   22.9719
   -7.5000    0.0000   45.000013190.3604   22.9192
    0.0000    0.0000   45.000013765.7900   22.9640
    7.5000    0.0000   45.000013199.4219   22.9547
   -7.5000    7.5000   45.000012840.0527   22.9192
    0.0000    7.5000   45.000013406.7256   22.9571
    7.5000    7.5000   45.000012832.0342   22.9448
   -7.5000   15.0000   45.000012294.3369   22.9266
    0.0000   15.0000   45.000012840.0547   22.9618
    7.5000   15.0000   45.000012290.9941   22.9491
   -7.5000   22.5000   45.000011535.6582   22.9287
    0.0000   22.5000   45.000012029.4893   22.9705
    7.5000   22.5000   45.000011498.4717   22.9620
   -7.5000   30.0000   45.000010712.2002   22.6368
    0.0000   30.0000   45.000011143.9336   22.6889
    7.5000   30.0000   45.000010643.1650   22.6858
   -7.5000   37.5000   45.000010239.5059   22.6242
    0.0000   37.5000   45.000010623.8418   22.6766
    7.5000   37.5000   45.000010135.7998   22.6726
   -7.5000   45.0000   45.0000 9334.2520   22.1015
    0.0000   45.0000   45.0000 9701.9346   22.1447
    7.5000   45.0000   45.0000 9231.8232   22.1358

---------------------------------------------------------------------
imgreg_4dfp /opt/freesurfer/average/711-2C_as_mni_average_305 /opt/freesurfer/average/711-2B_as_mni_average_305_mask talsrcimg_g11 none talsrcimg_to_711-2C_as_mni_average_305_t4 4355
---------------------------------------------------------------------

freesurfer imgreg_4dfp.c
/opt/freesurfer/average/711-2C_as_mni_average_305.4dfp.img
       256       256       256         1
  1.000000  1.000000  1.000000
orientation T byte_order littleendian
Reading image: /opt/freesurfer/average/711-2C_as_mni_average_305.4dfp.img
dimensions:      256       256       256
mmppix:       1.0000   -1.0000   -1.0000
center:     128.0000 -129.0000 -129.0000
/opt/freesurfer/average/711-2B_as_mni_average_305_mask.4dfp.img
       256       256       256         1
  1.000000  1.000000  1.000000
orientation T byte_order littleendian
Reading mask: /opt/freesurfer/average/711-2B_as_mni_average_305_mask.4dfp.img (2306576 pixels)
talsrcimg_g11.4dfp.img
       256       256       256         1
  1.000000  1.000000  1.000000
orientation T byte_order littleendian
Reading image: talsrcimg_g11.4dfp.img
dimensions:      256       256       256
mmppix:       1.0000   -1.0000   -1.0000
center:     128.0000 -129.0000 -129.0000
rotation matrix determinant  1.000000
image alignment mode   4355 decimal     1103 hex
   -7.5000  -45.0000  -45.0000 1826.1022   29.1625
    0.0000  -45.0000  -45.0000 1835.1777   28.9179
    7.5000  -45.0000  -45.0000 1815.9509   29.2078
   -7.5000  -37.5000  -45.0000 1913.7057   26.4378
    0.0000  -37.5000  -45.0000 1922.1991   26.2726
    7.5000  -37.5000  -45.0000 1903.9711   26.5856
   -7.5000  -30.0000  -45.0000 1987.2629   24.5394
    0.0000  -30.0000  -45.0000 1993.1770   24.3856
    7.5000  -30.0000  -45.0000 1978.5353   24.6544
   -7.5000  -22.5000  -45.0000 2038.7373   23.2670
    0.0000  -22.5000  -45.0000 2039.0557   23.0976
    7.5000  -22.5000  -45.0000 2022.2985   23.3099
   -7.5000  -15.0000  -45.0000 2063.9023   22.2804
    0.0000  -15.0000  -45.0000 2064.5620   22.1682
    7.5000  -15.0000  -45.0000 2043.2063   22.3851
   -7.5000   -7.5000  -45.0000 2066.0088   21.6760
    0.0000   -7.5000  -45.0000 2068.7356   21.5535
    7.5000   -7.5000  -45.0000 2048.9187   21.7862
   -7.5000    0.0000  -45.0000 2064.8167   21.4442
    0.0000    0.0000  -45.0000 2069.3555   21.3317
    7.5000    0.0000  -45.0000 2048.9116   21.6514
   -7.5000    7.5000  -45.0000 2057.9827   21.5587
    0.0000    7.5000  -45.0000 2058.5613   21.4671
    7.5000    7.5000  -45.0000 2031.2881   21.8824
   -7.5000   15.0000  -45.0000 2022.8873   22.2839
    0.0000   15.0000  -45.0000 2031.0066   22.1958
    7.5000   15.0000  -45.0000 2006.9148   22.4920
   -7.5000   22.5000  -45.0000 1977.7626   23.4647
    0.0000   22.5000  -45.0000 1986.9066   23.2774
    7.5000   22.5000  -45.0000 1966.8331   23.7270
   -7.5000   30.0000  -45.0000 1924.0215   25.0137
    0.0000   30.0000  -45.0000 1931.0304   24.9043
    7.5000   30.0000  -45.0000 1908.8687   25.2956
   -7.5000   37.5000  -45.0000 1849.1366   27.0523
    0.0000   37.5000  -45.0000 1860.2220   26.9087
    7.5000   37.5000  -45.0000 1831.6344   27.3771
   -7.5000   45.0000  -45.0000 1756.6176   29.8358
    0.0000   45.0000  -45.0000 1768.0068   29.7743
    7.5000   45.0000  -45.0000 1740.7252   30.2785
   -7.5000  -45.0000  -37.5000 1921.8049   26.5101
    0.0000  -45.0000  -37.5000 1928.8871   26.3186
    7.5000  -45.0000  -37.5000 1912.4277   26.6832
   -7.5000  -37.5000  -37.5000 2019.1232   24.1782
    0.0000  -37.5000  -37.5000 2023.1981   23.9579
    7.5000  -37.5000  -37.5000 1999.1785   24.2553
   -7.5000  -30.0000  -37.5000 2099.7788   22.4448
    0.0000  -30.0000  -37.5000 2104.0266   22.2656
    7.5000  -30.0000  -37.5000 2077.3416   22.4729
   -7.5000  -22.5000  -37.5000 2155.8450   21.1623
    0.0000  -22.5000  -37.5000 2159.1855   20.9882
    7.5000  -22.5000  -37.5000 2133.5723   21.1480
   -7.5000  -15.0000  -37.5000 2179.5989   20.2695
    0.0000  -15.0000  -37.5000 2186.7427   20.1459
    7.5000  -15.0000  -37.5000 2159.7327   20.2884
   -7.5000   -7.5000  -37.5000 2179.0098   19.7798
    0.0000   -7.5000  -37.5000 2183.6387   19.6545
    7.5000   -7.5000  -37.5000 2162.2539   19.8102
   -7.5000    0.0000  -37.5000 2171.9978   19.5911
    0.0000    0.0000  -37.5000 2180.5288   19.4878
    7.5000    0.0000  -37.5000 2155.2710   19.7211
   -7.5000    7.5000  -37.5000 2157.2358   19.6941
    0.0000    7.5000  -37.5000 2162.0923   19.6530
    7.5000    7.5000  -37.5000 2138.5466   19.9372
   -7.5000   15.0000  -37.5000 2124.9827   20.3274
    0.0000   15.0000  -37.5000 2139.8557   20.2027
    7.5000   15.0000  -37.5000 2115.7881   20.4707
   -7.5000   22.5000  -37.5000 2086.7244   21.3060
    0.0000   22.5000  -37.5000 2098.6152   21.1726
    7.5000   22.5000  -37.5000 2075.8718   21.4407
   -7.5000   30.0000  -37.5000 2031.0850   22.6672
    0.0000   30.0000  -37.5000 2040.1914   22.4967
    7.5000   30.0000  -37.5000 2014.0521   22.8196
   -7.5000   37.5000  -37.5000 1952.3953   24.5205
    0.0000   37.5000  -37.5000 1962.3073   24.3860
    7.5000   37.5000  -37.5000 1930.0519   24.8510
   -7.5000   45.0000  -37.5000 1849.5518   27.0864
    0.0000   45.0000  -37.5000 1864.9753   27.0385
    7.5000   45.0000  -37.5000 1831.1099   27.5775
   -7.5000  -45.0000  -30.0000 2052.4319   25.2136
    0.0000  -45.0000  -30.0000 2054.8403   25.0798
    7.5000  -45.0000  -30.0000 2032.2439   25.4458
   -7.5000  -37.5000  -30.0000 2161.8640   22.9347
    0.0000  -37.5000  -30.0000 2162.9932   22.7958
    7.5000  -37.5000  -30.0000 2134.4319   23.0825
   -7.5000  -30.0000  -30.0000 2243.1931   21.2234
    0.0000  -30.0000  -30.0000 2247.9287   21.1276
    7.5000  -30.0000  -30.0000 2213.0437   21.3469
   -7.5000  -22.5000  -30.0000 2301.5581   20.0037
    0.0000  -22.5000  -30.0000 2302.3850   19.8472
    7.5000  -22.5000  -30.0000 2272.9509   20.0183
   -7.5000  -15.0000  -30.0000 2330.3616   19.1308
    0.0000  -15.0000  -30.0000 2332.9807   18.9821
    7.5000  -15.0000  -30.0000 2308.7446   19.1542
   -7.5000   -7.5000  -30.0000 2331.8931   18.6885
    0.0000   -7.5000  -30.0000 2342.9319   18.6129
    7.5000   -7.5000  -30.0000 2315.8823   18.7525
   -7.5000    0.0000  -30.0000 2317.8025   18.5678
    0.0000    0.0000  -30.0000 2328.9670   18.4584
    7.5000    0.0000  -30.0000 2306.2100   18.6258
   -7.5000    7.5000  -30.0000 2295.8198   18.6567
    0.0000    7.5000  -30.0000 2308.2554   18.6154
    7.5000    7.5000  -30.0000 2290.0369   18.7778
   -7.5000   15.0000  -30.0000 2274.7817   19.1368
    0.0000   15.0000  -30.0000 2289.7566   19.0426
    7.5000   15.0000  -30.0000 2260.8621   19.2571
   -7.5000   22.5000  -30.0000 2236.3181   19.9993
    0.0000   22.5000  -30.0000 2250.9011   19.8947
    7.5000   22.5000  -30.0000 2223.5696   20.1431
   -7.5000   30.0000  -30.0000 2172.0073   21.3509
    0.0000   30.0000  -30.0000 2184.8181   21.2036
    7.5000   30.0000  -30.0000 2159.9524   21.5300
   -7.5000   37.5000  -30.0000 2088.3740   23.1608
    0.0000   37.5000  -30.0000 2102.0149   23.0127
    7.5000   37.5000  -30.0000 2074.9404   23.4103
   -7.5000   45.0000  -30.0000 1975.8903   25.6325
    0.0000   45.0000  -30.0000 1994.6295   25.4934
    7.5000   45.0000  -30.0000 1962.6644   26.0212
   -7.5000  -45.0000  -22.5000 2149.7615   23.9416
    0.0000  -45.0000  -22.5000 2154.7864   23.8214
    7.5000  -45.0000  -22.5000 2128.8071   24.1400
   -7.5000  -37.5000  -22.5000 2269.4629   21.6614
    0.0000  -37.5000  -22.5000 2271.4321   21.5012
    7.5000  -37.5000  -22.5000 2240.5063   21.7648
   -7.5000  -30.0000  -22.5000 2364.3274   19.9606
    0.0000  -30.0000  -22.5000 2364.1699   19.8088
    7.5000  -30.0000  -22.5000 2324.4519   20.0337
   -7.5000  -22.5000  -22.5000 2422.6770   18.7539
    0.0000  -22.5000  -22.5000 2422.9949   18.6299
    7.5000  -22.5000  -22.5000 2385.2949   18.7840
   -7.5000  -15.0000  -22.5000 2452.1804   17.9201
    0.0000  -15.0000  -22.5000 2456.9453   17.8465
    7.5000  -15.0000  -22.5000 2423.1243   18.0009
   -7.5000   -7.5000  -22.5000 2464.7383   17.4714
    0.0000   -7.5000  -22.5000 2477.4597   17.3761
    7.5000   -7.5000  -22.5000 2444.0757   17.5125
   -7.5000    0.0000  -22.5000 2459.0947   17.3633
    0.0000    0.0000  -22.5000 2469.6873   17.2265
    7.5000    0.0000  -22.5000 2442.1895   17.3901
   -7.5000    7.5000  -22.5000 2442.2847   17.5039
    0.0000    7.5000  -22.5000 2454.8342   17.4340
    7.5000    7.5000  -22.5000 2430.5554   17.5646
   -7.5000   15.0000  -22.5000 2415.3901   17.9547
    0.0000   15.0000  -22.5000 2426.9624   17.8560
    7.5000   15.0000  -22.5000 2400.1758   18.0533
   -7.5000   22.5000  -22.5000 2370.6165   18.7673
    0.0000   22.5000  -22.5000 2384.3074   18.6343
    7.5000   22.5000  -22.5000 2357.0691   18.8458
   -7.5000   30.0000  -22.5000 2296.6323   20.0052
    0.0000   30.0000  -22.5000 2311.5771   19.8500
    7.5000   30.0000  -22.5000 2289.8928   20.1186
   -7.5000   37.5000  -22.5000 2203.9131   21.6987
    0.0000   37.5000  -22.5000 2216.0940   21.6122
    7.5000   37.5000  -22.5000 2192.7964   21.8958
   -7.5000   45.0000  -22.5000 2087.2954   24.0829
    0.0000   45.0000  -22.5000 2101.2622   23.9496
    7.5000   45.0000  -22.5000 2073.2510   24.3308
   -7.5000  -45.0000  -15.0000 2216.5833   22.6286
    0.0000  -45.0000  -15.0000 2216.8311   22.5340
    7.5000  -45.0000  -15.0000 2196.5376   22.8968
   -7.5000  -37.5000  -15.0000 2344.1653   20.4027
    0.0000  -37.5000  -15.0000 2345.2234   20.2864
    7.5000  -37.5000  -15.0000 2310.7554   20.5457
   -7.5000  -30.0000  -15.0000 2441.7900   18.7419
    0.0000  -30.0000  -15.0000 2444.5869   18.6190
    7.5000  -30.0000  -15.0000 2407.0940   18.7898
   -7.5000  -22.5000  -15.0000 2507.5769   17.5435
    0.0000  -22.5000  -15.0000 2514.3064   17.4248
    7.5000  -22.5000  -15.0000 2481.4580   17.5578
   -7.5000  -15.0000  -15.0000 2541.9062   16.7511
    0.0000  -15.0000  -15.0000 2550.4026   16.6426
    7.5000  -15.0000  -15.0000 2521.7971   16.7634
   -7.5000   -7.5000  -15.0000 2570.4922   16.2791
    0.0000   -7.5000  -15.0000 2578.8113   16.1800
    7.5000   -7.5000  -15.0000 2542.9392   16.3156
   -7.5000    0.0000  -15.0000 2578.0410   16.1400
    0.0000    0.0000  -15.0000 2588.7913   16.0028
    7.5000    0.0000  -15.0000 2555.2649   16.1424
   -7.5000    7.5000  -15.0000 2567.4922   16.3147
    0.0000    7.5000  -15.0000 2585.6099   16.1829
    7.5000    7.5000  -15.0000 2554.8293   16.3178
   -7.5000   15.0000  -15.0000 2536.7075   16.7913
    0.0000   15.0000  -15.0000 2554.6777   16.6675
    7.5000   15.0000  -15.0000 2521.7810   16.8208
   -7.5000   22.5000  -15.0000 2484.1814   17.5759
    0.0000   22.5000  -15.0000 2500.8892   17.4542
    7.5000   22.5000  -15.0000 2464.2476   17.6044
   -7.5000   30.0000  -15.0000 2399.5034   18.7369
    0.0000   30.0000  -15.0000 2418.3376   18.6227
    7.5000   30.0000  -15.0000 2382.8198   18.7881
   -7.5000   37.5000  -15.0000 2293.8540   20.3163
    0.0000   37.5000  -15.0000 2312.4304   20.2286
    7.5000   37.5000  -15.0000 2281.2166   20.4400
   -7.5000   45.0000  -15.0000 2166.0564   22.5244
    0.0000   45.0000  -15.0000 2186.9607   22.4265
    7.5000   45.0000  -15.0000 2158.2664   22.6885
   -7.5000  -45.0000   -7.5000 2269.6619   21.4656
    0.0000  -45.0000   -7.5000 2273.4470   21.4007
    7.5000  -45.0000   -7.5000 2240.3142   21.7777
   -7.5000  -37.5000   -7.5000 2395.4858   19.2744
    0.0000  -37.5000   -7.5000 2396.5154   19.1489
    7.5000  -37.5000   -7.5000 2357.1685   19.4396
   -7.5000  -30.0000   -7.5000 2502.5095   17.6143
    0.0000  -30.0000   -7.5000 2508.7878   17.4700
    7.5000  -30.0000   -7.5000 2474.2363   17.6786
   -7.5000  -22.5000   -7.5000 2583.8228   16.4358
    0.0000  -22.5000   -7.5000 2596.4292   16.2957
    7.5000  -22.5000   -7.5000 2566.1763   16.4702
   -7.5000  -15.0000   -7.5000 2630.0366   15.6174
    0.0000  -15.0000   -7.5000 2644.1960   15.5138
    7.5000  -15.0000   -7.5000 2618.5034   15.6519
   -7.5000   -7.5000   -7.5000 2669.9465   15.1523
    0.0000   -7.5000   -7.5000 2681.2981   15.0455
    7.5000   -7.5000   -7.5000 2645.1184   15.1878
   -7.5000    0.0000   -7.5000 2685.1819   14.9809
    0.0000    0.0000   -7.5000 2700.0356   14.8458
    7.5000    0.0000   -7.5000 2664.0320   14.9931
   -7.5000    7.5000   -7.5000 2681.3140   15.1748
    0.0000    7.5000   -7.5000 2701.2039   15.0412
    7.5000    7.5000   -7.5000 2662.7883   15.1675
   -7.5000   15.0000   -7.5000 2648.6050   15.6727
    0.0000   15.0000   -7.5000 2670.0103   15.5497
    7.5000   15.0000   -7.5000 2630.2278   15.6758
   -7.5000   22.5000   -7.5000 2584.1587   16.4406
    0.0000   22.5000   -7.5000 2609.3481   16.3189
    7.5000   22.5000   -7.5000 2567.0383   16.4638
   -7.5000   30.0000   -7.5000 2489.0100   17.5395
    0.0000   30.0000   -7.5000 2507.1855   17.4332
    7.5000   30.0000   -7.5000 2473.9890   17.5881
   -7.5000   37.5000   -7.5000 2376.2166   19.1022
    0.0000   37.5000   -7.5000 2396.0698   18.9730
    7.5000   37.5000   -7.5000 2364.9778   19.1771
   -7.5000   45.0000   -7.5000 2242.2383   21.1505
    0.0000   45.0000   -7.5000 2262.0649   21.0488
    7.5000   45.0000   -7.5000 2233.5752   21.3193
   -7.5000  -45.0000    0.0000 2308.3013   20.6297
    0.0000  -45.0000    0.0000 2312.5920   20.5230
    7.5000  -45.0000    0.0000 2272.0500   20.8711
   -7.5000  -37.5000    0.0000 2431.1873   18.3906
    0.0000  -37.5000    0.0000 2437.6206   18.2663
    7.5000  -37.5000    0.0000 2397.0537   18.6266
   -7.5000  -30.0000    0.0000 2545.8660   16.7031
    0.0000  -30.0000    0.0000 2557.6313   16.5908
    7.5000  -30.0000    0.0000 2523.3386   16.9120
   -7.5000  -22.5000    0.0000 2649.1077   15.5096
    0.0000  -22.5000    0.0000 2662.7656   15.3590
    7.5000  -22.5000    0.0000 2625.7275   15.6106
   -7.5000  -15.0000    0.0000 2719.6907   14.7148
    0.0000  -15.0000    0.0000 2734.6819   14.5740
    7.5000  -15.0000    0.0000 2701.6233   14.7452
   -7.5000   -7.5000    0.0000 2765.3862   14.2213
    0.0000   -7.5000    0.0000 2781.6157   14.1072
    7.5000   -7.5000    0.0000 2744.0684   14.2598
   -7.5000    0.0000    0.0000 2791.5320   14.0438
    0.0000    0.0000    0.0000 2807.9236   13.9254
    7.5000    0.0000    0.0000 2761.8940   14.0700
   -7.5000    7.5000    0.0000 2784.2007   14.2275
    0.0000    7.5000    0.0000 2806.1882   14.1010
    7.5000    7.5000    0.0000 2762.0891   14.2362
   -7.5000   15.0000    0.0000 2745.1108   14.7070
    0.0000   15.0000    0.0000 2764.2205   14.5993
    7.5000   15.0000    0.0000 2724.0535   14.7259
   -7.5000   22.5000    0.0000 2673.0708   15.5008
    0.0000   22.5000    0.0000 2693.9734   15.3709
    7.5000   22.5000    0.0000 2657.5977   15.4996
   -7.5000   30.0000    0.0000 2567.4277   16.5993
    0.0000   30.0000    0.0000 2588.9543   16.4667
    7.5000   30.0000    0.0000 2553.5032   16.6056
   -7.5000   37.5000    0.0000 2441.1885   18.1083
    0.0000   37.5000    0.0000 2463.7441   18.0039
    7.5000   37.5000    0.0000 2429.7739   18.1885
   -7.5000   45.0000    0.0000 2295.9097   20.1134
    0.0000   45.0000    0.0000 2315.1892   19.9911
    7.5000   45.0000    0.0000 2287.7078   20.2264
   -7.5000  -45.0000    7.5000 2329.4807   20.0118
    0.0000  -45.0000    7.5000 2335.7463   19.9518
    7.5000  -45.0000    7.5000 2301.6282   20.3642
   -7.5000  -37.5000    7.5000 2455.3806   17.8085
    0.0000  -37.5000    7.5000 2467.2751   17.7045
    7.5000  -37.5000    7.5000 2432.3425   18.1287
   -7.5000  -30.0000    7.5000 2574.9458   16.1290
    0.0000  -30.0000    7.5000 2587.8333   15.9942
    7.5000  -30.0000    7.5000 2553.8347   16.3822
   -7.5000  -22.5000    7.5000 2691.7419   14.8788
    0.0000  -22.5000    7.5000 2702.5728   14.7322
    7.5000  -22.5000    7.5000 2661.7312   15.0694
   -7.5000  -15.0000    7.5000 2784.6599   14.0223
    0.0000  -15.0000    7.5000 2798.8064   13.8537
    7.5000  -15.0000    7.5000 2760.6277   14.1238
   -7.5000   -7.5000    7.5000 2855.3035   13.5382
    0.0000   -7.5000    7.5000 2874.4382   13.3733
    7.5000   -7.5000    7.5000 2823.6086   13.6000
   -7.5000    0.0000    7.5000 2891.4609   13.3028
    0.0000    0.0000    7.5000 2915.5698   13.1784
    7.5000    0.0000    7.5000 2858.0303   13.3906
   -7.5000    7.5000    7.5000 2883.2532   13.5008
    0.0000    7.5000    7.5000 2904.5908   13.3988
    7.5000    7.5000    7.5000 2857.9949   13.5505
   -7.5000   15.0000    7.5000 2828.6111   13.9772
    0.0000   15.0000    7.5000 2851.5000   13.8657
    7.5000   15.0000    7.5000 2812.8398   14.0111
   -7.5000   22.5000    7.5000 2743.6279   14.7719
    0.0000   22.5000    7.5000 2768.2671   14.6232
    7.5000   22.5000    7.5000 2732.9031   14.7792
   -7.5000   30.0000    7.5000 2627.0615   15.9043
    0.0000   30.0000    7.5000 2649.3335   15.7567
    7.5000   30.0000    7.5000 2615.6924   15.9368
   -7.5000   37.5000    7.5000 2488.5056   17.3889
    0.0000   37.5000    7.5000 2512.7393   17.2894
    7.5000   37.5000    7.5000 2475.5850   17.5185
   -7.5000   45.0000    7.5000 2339.8306   19.3482
    0.0000   45.0000    7.5000 2359.9236   19.2694
    7.5000   45.0000    7.5000 2329.2065   19.4930
   -7.5000  -45.0000   15.0000 2338.9272   19.7481
    0.0000  -45.0000   15.0000 2346.9146   19.6831
    7.5000  -45.0000   15.0000 2314.9336   20.2049
   -7.5000  -37.5000   15.0000 2464.7776   17.5591
    0.0000  -37.5000   15.0000 2478.8003   17.4287
    7.5000  -37.5000   15.0000 2451.7334   17.9110
   -7.5000  -30.0000   15.0000 2589.1855   15.8497
    0.0000  -30.0000   15.0000 2601.6707   15.7084
    7.5000  -30.0000   15.0000 2569.0664   16.1157
   -7.5000  -22.5000   15.0000 2704.7852   14.5563
    0.0000  -22.5000   15.0000 2719.6121   14.3985
    7.5000  -22.5000   15.0000 2681.8071   14.7878
   -7.5000  -15.0000   15.0000 2816.5337   13.6245
    0.0000  -15.0000   15.0000 2831.6001   13.4621
    7.5000  -15.0000   15.0000 2788.0154   13.8334
   -7.5000   -7.5000   15.0000 2911.3572   13.1054
    0.0000   -7.5000   15.0000 2939.1252   12.9206
    7.5000   -7.5000   15.0000 2877.3589   13.2499
   -7.5000    0.0000   15.0000 2965.2476   12.7751
    0.0000    0.0000   15.0000 3000.3975   12.6396
    7.5000    0.0000   15.0000 2922.9526   12.9972
   -7.5000    7.5000   15.0000 2949.7405   12.9727
    0.0000    7.5000   15.0000 2980.0325   12.8283
    7.5000    7.5000   15.0000 2916.9631   13.1329
   -7.5000   15.0000   15.0000 2879.1248   13.5336
    0.0000   15.0000   15.0000 2910.2087   13.3878
    7.5000   15.0000   15.0000 2868.1592   13.6199
   -7.5000   22.5000   15.0000 2787.1074   14.3110
    0.0000   22.5000   15.0000 2812.5945   14.1852
    7.5000   22.5000   15.0000 2777.6663   14.4098
   -7.5000   30.0000   15.0000 2659.0605   15.4278
    0.0000   30.0000   15.0000 2686.5374   15.3135
    7.5000   30.0000   15.0000 2652.0264   15.5425
   -7.5000   37.5000   15.0000 2517.5405   16.9496
    0.0000   37.5000   15.0000 2536.7793   16.8829
    7.5000   37.5000   15.0000 2509.4678   17.1173
   -7.5000   45.0000   15.0000 2356.2356   18.8970
    0.0000   45.0000   15.0000 2380.4985   18.8448
    7.5000   45.0000   15.0000 2349.5977   19.1474
   -7.5000  -45.0000   22.5000 2336.7620   19.7769
    0.0000  -45.0000   22.5000 2343.5320   19.6748
    7.5000  -45.0000   22.5000 2313.8599   20.1271
   -7.5000  -37.5000   22.5000 2463.6941   17.5159
    0.0000  -37.5000   22.5000 2477.2417   17.3817
    7.5000  -37.5000   22.5000 2443.5063   17.8021
   -7.5000  -30.0000   22.5000 2588.1558   15.7765
    0.0000  -30.0000   22.5000 2604.1113   15.5884
    7.5000  -30.0000   22.5000 2569.1885   15.9976
   -7.5000  -22.5000   22.5000 2701.8521   14.4677
    0.0000  -22.5000   22.5000 2720.7202   14.2367
    7.5000  -22.5000   22.5000 2686.1997   14.6897
   -7.5000  -15.0000   22.5000 2808.6960   13.5301
    0.0000  -15.0000   22.5000 2827.3435   13.2926
    7.5000  -15.0000   22.5000 2792.5923   13.7405
   -7.5000   -7.5000   22.5000 2909.7698   12.9328
    0.0000   -7.5000   22.5000 2941.9431   12.7149
    7.5000   -7.5000   22.5000 2890.8103   13.1099
   -7.5000    0.0000   22.5000 2972.2673   12.6084
    0.0000    0.0000   22.5000 3005.0588   12.3296
    7.5000    0.0000   22.5000 2933.0059   12.8494
   -7.5000    7.5000   22.5000 2975.6179   12.7735
    0.0000    7.5000   22.5000 3001.6719   12.5386
    7.5000    7.5000   22.5000 2937.5549   13.0001
   -7.5000   15.0000   22.5000 2901.8403   13.3868
    0.0000   15.0000   22.5000 2925.8247   13.2112
    7.5000   15.0000   22.5000 2884.0354   13.4821
   -7.5000   22.5000   22.5000 2796.0754   14.2031
    0.0000   22.5000   22.5000 2821.6301   14.0431
    7.5000   22.5000   22.5000 2788.6382   14.2618
   -7.5000   30.0000   22.5000 2664.5544   15.3172
    0.0000   30.0000   22.5000 2688.9878   15.1780
    7.5000   30.0000   22.5000 2658.2014   15.3938
   -7.5000   37.5000   22.5000 2520.1743   16.8394
    0.0000   37.5000   22.5000 2543.7407   16.7165
    7.5000   37.5000   22.5000 2518.3533   16.9265
   -7.5000   45.0000   22.5000 2366.1104   18.7730
    0.0000   45.0000   22.5000 2384.7617   18.6545
    7.5000   45.0000   22.5000 2356.6821   18.8711
   -7.5000  -45.0000   30.0000 2318.8474   20.0577
    0.0000  -45.0000   30.0000 2324.3840   19.9551
    7.5000  -45.0000   30.0000 2291.6863   20.3138
   -7.5000  -37.5000   30.0000 2445.4795   17.7426
    0.0000  -37.5000   30.0000 2454.9744   17.5682
    7.5000  -37.5000   30.0000 2424.2739   17.9404
   -7.5000  -30.0000   30.0000 2565.1931   15.9498
    0.0000  -30.0000   30.0000 2580.1719   15.7226
    7.5000  -30.0000   30.0000 2552.3828   16.1298
   -7.5000  -22.5000   30.0000 2679.0132   14.6141
    0.0000  -22.5000   30.0000 2702.5640   14.3840
    7.5000  -22.5000   30.0000 2677.2661   14.8001
   -7.5000  -15.0000   30.0000 2779.6602   13.7016
    0.0000  -15.0000   30.0000 2809.9988   13.4829
    7.5000  -15.0000   30.0000 2782.1819   13.8791
   -7.5000   -7.5000   30.0000 2872.7336   13.1498
    0.0000   -7.5000   30.0000 2908.1365   12.9116
    7.5000   -7.5000   30.0000 2861.8865   13.3075
   -7.5000    0.0000   30.0000 2934.9722   12.9876
    0.0000    0.0000   30.0000 2966.4478   12.7316
    7.5000    0.0000   30.0000 2910.1985   13.0861
   -7.5000    7.5000   30.0000 2942.4089   13.1764
    0.0000    7.5000   30.0000 2973.1113   12.9595
    7.5000    7.5000   30.0000 2918.3777   13.2337
   -7.5000   15.0000   30.0000 2880.9163   13.6228
    0.0000   15.0000   30.0000 2906.8501   13.4208
    7.5000   15.0000   30.0000 2862.6294   13.6468
   -7.5000   22.5000   30.0000 2773.7192   14.3682
    0.0000   22.5000   30.0000 2799.1089   14.1617
    7.5000   22.5000   30.0000 2767.6692   14.3601
   -7.5000   30.0000   30.0000 2641.7712   15.4401
    0.0000   30.0000   30.0000 2666.2383   15.2573
    7.5000   30.0000   30.0000 2641.1460   15.4429
   -7.5000   37.5000   30.0000 2510.8552   16.8764
    0.0000   37.5000   30.0000 2527.8369   16.7242
    7.5000   37.5000   30.0000 2506.2778   16.8918
   -7.5000   45.0000   30.0000 2352.2537   18.7336
    0.0000   45.0000   30.0000 2371.6484   18.5796
    7.5000   45.0000   30.0000 2348.3679   18.7730
   -7.5000  -45.0000   37.5000 2287.4451   20.5675
    0.0000  -45.0000   37.5000 2292.4131   20.4269
    7.5000  -45.0000   37.5000 2264.4307   20.7857
   -7.5000  -37.5000   37.5000 2421.6406   18.2687
    0.0000  -37.5000   37.5000 2436.0425   18.1127
    7.5000  -37.5000   37.5000 2400.4797   18.4417
   -7.5000  -30.0000   37.5000 2539.5420   16.5338
    0.0000  -30.0000   37.5000 2561.9993   16.3447
    7.5000  -30.0000   37.5000 2526.3179   16.6511
   -7.5000  -22.5000   37.5000 2656.3838   15.2681
    0.0000  -22.5000   37.5000 2683.1641   15.0729
    7.5000  -22.5000   37.5000 2648.3108   15.3634
   -7.5000  -15.0000   37.5000 2751.4817   14.3478
    0.0000  -15.0000   37.5000 2779.1619   14.1626
    7.5000  -15.0000   37.5000 2748.4863   14.4564
   -7.5000   -7.5000   37.5000 2823.3557   13.8628
    0.0000   -7.5000   37.5000 2854.5156   13.6139
    7.5000   -7.5000   37.5000 2816.0271   13.9601
   -7.5000    0.0000   37.5000 2867.2146   13.6462
    0.0000    0.0000   37.5000 2893.8171   13.4370
    7.5000    0.0000   37.5000 2857.4407   13.7193
   -7.5000    7.5000   37.5000 2871.1904   13.8190
    0.0000    7.5000   37.5000 2901.2944   13.5969
    7.5000    7.5000   37.5000 2862.0056   13.8210
   -7.5000   15.0000   37.5000 2818.5674   14.2631
    0.0000   15.0000   37.5000 2844.0698   14.0459
    7.5000   15.0000   37.5000 2811.6475   14.2041
   -7.5000   22.5000   37.5000 2725.8022   14.9518
    0.0000   22.5000   37.5000 2752.6880   14.7826
    7.5000   22.5000   37.5000 2724.1025   14.8736
   -7.5000   30.0000   37.5000 2606.9526   15.9302
    0.0000   30.0000   37.5000 2631.1196   15.7591
    7.5000   30.0000   37.5000 2600.7632   15.8859
   -7.5000   37.5000   37.5000 2475.9768   17.2564
    0.0000   37.5000   37.5000 2497.5037   17.1085
    7.5000   37.5000   37.5000 2473.2415   17.2583
   -7.5000   45.0000   37.5000 2322.4275   19.0398
    0.0000   45.0000   37.5000 2341.1582   18.8599
    7.5000   45.0000   37.5000 2320.3169   19.0431
   -7.5000  -45.0000   45.0000 2246.4236   21.5077
    0.0000  -45.0000   45.0000 2259.7939   21.4093
    7.5000  -45.0000   45.0000 2227.0894   21.6629
   -7.5000  -37.5000   45.0000 2381.9841   19.2181
    0.0000  -37.5000   45.0000 2399.7937   19.0892
    7.5000  -37.5000   45.0000 2362.0928   19.3441
   -7.5000  -30.0000   45.0000 2494.5815   17.5060
    0.0000  -30.0000   45.0000 2521.0889   17.3287
    7.5000  -30.0000   45.0000 2482.9631   17.5870
   -7.5000  -22.5000   45.0000 2602.1421   16.1877
    0.0000  -22.5000   45.0000 2628.9775   15.9924
    7.5000  -22.5000   45.0000 2593.1497   16.2706
   -7.5000  -15.0000   45.0000 2692.1450   15.2770
    0.0000  -15.0000   45.0000 2718.8137   15.0824
    7.5000  -15.0000   45.0000 2687.1453   15.3712
   -7.5000   -7.5000   45.0000 2751.8777   14.7502
    0.0000   -7.5000   45.0000 2781.5151   14.5782
    7.5000   -7.5000   45.0000 2752.6257   14.8619
   -7.5000    0.0000   45.0000 2780.0198   14.5142
    0.0000    0.0000   45.0000 2805.6736   14.3636
    7.5000    0.0000   45.0000 2785.5405   14.6214
   -7.5000    7.5000   45.0000 2770.3430   14.6446
    0.0000    7.5000   45.0000 2798.5745   14.4637
    7.5000    7.5000   45.0000 2773.1125   14.7015
   -7.5000   15.0000   45.0000 2723.0542   15.0382
    0.0000   15.0000   45.0000 2748.4558   14.8501
    7.5000   15.0000   45.0000 2726.1870   15.0340
   -7.5000   22.5000   45.0000 2644.8242   15.7159
    0.0000   22.5000   45.0000 2668.0376   15.5058
    7.5000   22.5000   45.0000 2643.9446   15.6715
   -7.5000   30.0000   45.0000 2535.3843   16.6866
    0.0000   30.0000   45.0000 2557.9548   16.5172
    7.5000   30.0000   45.0000 2536.9919   16.6385
   -7.5000   37.5000   45.0000 2413.4956   17.9758
    0.0000   37.5000   45.0000 2429.5044   17.8359
    7.5000   37.5000   45.0000 2412.1060   17.9453
   -7.5000   45.0000   45.0000 2272.4233   19.6101
    0.0000   45.0000   45.0000 2292.9519   19.4860
    7.5000   45.0000   45.0000 2267.3291   19.6316

---------------------------------------------------------------------
imgreg_4dfp /opt/freesurfer/average/711-2C_as_mni_average_305 /opt/freesurfer/average/711-2B_as_mni_average_305_mask talsrcimg_g11 none talsrcimg_to_711-2C_as_mni_average_305_t4 1283
---------------------------------------------------------------------

freesurfer imgreg_4dfp.c
/opt/freesurfer/average/711-2C_as_mni_average_305.4dfp.img
       256       256       256         1
  1.000000  1.000000  1.000000
orientation T byte_order littleendian
Reading image: /opt/freesurfer/average/711-2C_as_mni_average_305.4dfp.img
dimensions:      256       256       256
mmppix:       1.0000   -1.0000   -1.0000
center:     128.0000 -129.0000 -129.0000
/opt/freesurfer/average/711-2B_as_mni_average_305_mask.4dfp.img
       256       256       256         1
  1.000000  1.000000  1.000000
orientation T byte_order littleendian
Reading mask: /opt/freesurfer/average/711-2B_as_mni_average_305_mask.4dfp.img (2306576 pixels)
talsrcimg_g11.4dfp.img
       256       256       256         1
  1.000000  1.000000  1.000000
orientation T byte_order littleendian
Reading image: talsrcimg_g11.4dfp.img
dimensions:      256       256       256
mmppix:       1.0000   -1.0000   -1.0000
center:     128.0000 -129.0000 -129.0000
rotation matrix determinant  1.000000
fimgreg.f
image alignment mode   1283 decimal      503 hex
parameters
    0.0000    0.0000   22.5000    0.0000    0.0000    0.0000
eta,q 0.94491 12.33539
niter,ni,del,rscale     5    3   12.0000    1.2000
parameter  5  0.646090 ->  0.500000 qaram    1.1500
parameter  6  0.778447 ->  0.500000 qaram    1.1500
parameters
   -1.1005    2.0283   20.9681   -0.8171   -3.4500   -3.4500
eta,q 0.94849 12.11601
  0.0650  0.0738  0.0557  0.0589  0.0549  0.0521
  0.0595  0.0664  0.0552  0.0574  0.0540  0.0514
  0.0569  0.0607  0.0552  0.0563  0.0541  0.0522
  0.0571  0.0564  0.0550  0.0559  0.0557  0.0539
  0.0610  0.0550  0.0544  0.0564  0.0583  0.0566
  0.0658  0.0570  0.0565  0.0589  0.0612  0.0600
  0.0720  0.0602  0.0608  0.0615  0.0644  0.0634
niter,ni,del,rscale     6    3   12.0000    1.2000
parameters
   -1.0144    2.1122   20.4996   -0.5615   -3.5194   -3.8056
eta,q 0.94891 12.11991
  0.0640  0.0625  0.0538  0.0562  0.0577  0.0575
  0.0574  0.0561  0.0505  0.0542  0.0545  0.0540
  0.0525  0.0521  0.0497  0.0524  0.0522  0.0516
  0.0515  0.0515  0.0516  0.0512  0.0512  0.0512
  0.0533  0.0539  0.0513  0.0511  0.0521  0.0525
  0.0575  0.0577  0.0513  0.0529  0.0546  0.0551
  0.0626  0.0600  0.0545  0.0562  0.0581  0.0587
niter,ni,del,rscale     5    3   12.0000    1.2000
parameters
   -1.0761    2.0438   20.7800   -0.4412   -3.6318   -3.7876
eta,q 0.94878 12.11673
  0.0633  0.0616  0.0546  0.0560  0.0576  0.0584
  0.0567  0.0553  0.0510  0.0542  0.0544  0.0547
  0.0520  0.0515  0.0495  0.0524  0.0521  0.0520
  0.0511  0.0511  0.0510  0.0512  0.0512  0.0512
  0.0532  0.0537  0.0512  0.0512  0.0522  0.0523
  0.0577  0.0576  0.0507  0.0531  0.0546  0.0546
  0.0630  0.0600  0.0533  0.0565  0.0581  0.0582
niter,ni,del,rscale     4    3   12.0000    1.2000
parameters
   -1.0250    2.0064   20.7304   -0.4340   -3.6489   -3.7890
eta,q 0.94883 12.11763
  0.0636  0.0620  0.0542  0.0559  0.0577  0.0583
  0.0570  0.0556  0.0507  0.0541  0.0545  0.0546
  0.0522  0.0517  0.0497  0.0523  0.0521  0.0520
  0.0512  0.0512  0.0512  0.0512  0.0512  0.0512
  0.0530  0.0539  0.0510  0.0512  0.0521  0.0522
  0.0573  0.0577  0.0508  0.0533  0.0545  0.0546
  0.0626  0.0602  0.0539  0.0568  0.0579  0.0582
registration optimization eta report
parameter search radius
    6.0000    6.0000    6.0000    6.0000    6.9000    6.9000
100000*second partial in parameter space
       33.       26.       10.       14.       14.       15.
  0.0636  0.0620  0.0542  0.0559  0.0577  0.0583
  0.0570  0.0556  0.0507  0.0541  0.0545  0.0546
  0.0522  0.0517  0.0497  0.0523  0.0521  0.0520
  0.0512  0.0512  0.0512  0.0512  0.0512  0.0512
  0.0530  0.0539  0.0510  0.0512  0.0521  0.0522
  0.0573  0.0577  0.0508  0.0533  0.0545  0.0546
  0.0626  0.0602  0.0539  0.0568  0.0579  0.0582
   -1.0250    2.0064   20.7304   -0.4340   -3.6489   -3.7890
eta,q 0.94883 12.11763

---------------------------------------------------------------------
imgreg_4dfp /opt/freesurfer/average/711-2C_as_mni_average_305 /opt/freesurfer/average/711-2B_as_mni_average_305_mask talsrcimg_g11 none talsrcimg_to_711-2C_as_mni_average_305_t4 3335
---------------------------------------------------------------------

freesurfer imgreg_4dfp.c
/opt/freesurfer/average/711-2C_as_mni_average_305.4dfp.img
       256       256       256         1
  1.000000  1.000000  1.000000
orientation T byte_order littleendian
Reading image: /opt/freesurfer/average/711-2C_as_mni_average_305.4dfp.img
dimensions:      256       256       256
mmppix:       1.0000   -1.0000   -1.0000
center:     128.0000 -129.0000 -129.0000
/opt/freesurfer/average/711-2B_as_mni_average_305_mask.4dfp.img
       256       256       256         1
  1.000000  1.000000  1.000000
orientation T byte_order littleendian
Reading mask: /opt/freesurfer/average/711-2B_as_mni_average_305_mask.4dfp.img (2306576 pixels)
talsrcimg_g11.4dfp.img
       256       256       256         1
  1.000000  1.000000  1.000000
orientation T byte_order littleendian
Reading image: talsrcimg_g11.4dfp.img
dimensions:      256       256       256
mmppix:       1.0000   -1.0000   -1.0000
center:     128.0000 -129.0000 -129.0000
fimgreg.f
image alignment mode   3335 decimal      D07 hex
parameters
   -1.0250    2.0064   20.7304   -0.4209   -0.2183   -0.2056
    6.5600    6.4002   -6.5949    0.3353   -6.3642   -0.7559
eta,q 0.95250 12.25025
niter,ni,del,rscale     5    3    5.0000    1.2000
parameter  4  1.548015 ->  0.500000 qaram    1.1500
parameter  5  6.184163 ->  0.500000 qaram    1.1500
parameter  6  3.776591 ->  0.500000 qaram    1.1500
parameters
   -1.3043    2.9494   20.2496   -4.5609   -4.3583   -4.3456
    5.8849    4.4955   -5.8572   -1.5028   -5.4049   -0.8073
eta,q 0.97122 11.86529
  0.0497  0.0493  0.0484  0.0411  0.0340  0.0256  0.0324  0.0322  0.0318  0.0312  0.0313  0.0309
  0.0484  0.0484  0.0477  0.0424  0.0364  0.0283  0.0308  0.0300  0.0304  0.0296  0.0300  0.0298
  0.0476  0.0478  0.0473  0.0444  0.0396  0.0335  0.0299  0.0291  0.0295  0.0289  0.0292  0.0291
  0.0475  0.0475  0.0473  0.0472  0.0428  0.0372  0.0297  0.0297  0.0291  0.0291  0.0288  0.0288
  0.0481  0.0473  0.0479  0.0509  0.0459  0.0425  0.0303  0.0313  0.0292  0.0304  0.0289  0.0290
  0.0493  0.0473  0.0488  0.0551  0.0494  0.0480  0.0316  0.0339  0.0298  0.0324  0.0294  0.0298
  0.0510  0.0476  0.0497  0.0596  0.0531  0.0532  0.0336  0.0373  0.0308  0.0348  0.0302  0.0310
niter,ni,del,rscale     7    3    5.0000    1.2000
parameter  4  0.530926 ->  0.500000 qaram    1.3225
parameter  5  0.856504 ->  0.500000 qaram    1.3225
parameters
   -1.4309    3.1181   21.0390   -9.3219   -9.1193   -7.8115
    7.1933    4.4930   -5.2524   -2.3360   -5.5563    1.7412
eta,q 0.97709 11.63387
  0.0321  0.0319  0.0329  0.0282  0.0248  0.0259  0.0270  0.0278  0.0256  0.0257  0.0245  0.0256
  0.0302  0.0303  0.0312  0.0274  0.0244  0.0245  0.0253  0.0253  0.0244  0.0240  0.0237  0.0245
  0.0291  0.0292  0.0297  0.0273  0.0250  0.0232  0.0241  0.0238  0.0236  0.0232  0.0233  0.0237
  0.0288  0.0288  0.0288  0.0285  0.0272  0.0245  0.0234  0.0232  0.0232  0.0232  0.0231  0.0231
  0.0293  0.0290  0.0285  0.0312  0.0306  0.0282  0.0233  0.0237  0.0233  0.0238  0.0234  0.0229
  0.0307  0.0298  0.0289  0.0352  0.0340  0.0330  0.0239  0.0252  0.0239  0.0251  0.0238  0.0231
  0.0329  0.0311  0.0297  0.0402  0.0378  0.0398  0.0252  0.0279  0.0250  0.0270  0.0246  0.0236
niter,ni,del,rscale     7    3    5.0000    1.2000
parameters
   -1.3029    3.4826   20.1600   -7.4001  -10.8499   -9.3721
    7.0345    4.5799   -5.3195   -2.4253   -5.5341    1.5788
eta,q 0.97736 11.58793
  0.0264  0.0266  0.0235  0.0281  0.0251  0.0263  0.0254  0.0275  0.0245  0.0252  0.0240  0.0239
  0.0246  0.0247  0.0228  0.0259  0.0236  0.0248  0.0240  0.0251  0.0235  0.0237  0.0232  0.0232
  0.0234  0.0235  0.0226  0.0241  0.0224  0.0233  0.0230  0.0234  0.0229  0.0229  0.0228  0.0228
  0.0229  0.0229  0.0228  0.0225  0.0219  0.0220  0.0226  0.0227  0.0226  0.0226  0.0226  0.0226
  0.0231  0.0230  0.0237  0.0217  0.0230  0.0233  0.0230  0.0231  0.0229  0.0230  0.0228  0.0228
  0.0241  0.0236  0.0251  0.0227  0.0259  0.0282  0.0241  0.0247  0.0235  0.0238  0.0232  0.0233
  0.0258  0.0249  0.0269  0.0256  0.0293  0.0323  0.0258  0.0275  0.0246  0.0253  0.0240  0.0240
niter,ni,del,rscale     6    3    5.0000    1.2000
parameters
   -1.3408    3.6711   19.9953   -6.7772  -11.0526   -9.9029
    6.9624    4.6064   -5.4225   -2.1902   -5.3822    1.4667
eta,q 0.97725 11.58365
  0.0259  0.0255  0.0241  0.0273  0.0264  0.0271  0.0256  0.0275  0.0246  0.0255  0.0241  0.0240
  0.0241  0.0240  0.0232  0.0255  0.0248  0.0254  0.0242  0.0251  0.0236  0.0239  0.0234  0.0233
  0.0230  0.0230  0.0227  0.0240  0.0234  0.0240  0.0232  0.0235  0.0230  0.0230  0.0229  0.0229
  0.0226  0.0226  0.0226  0.0226  0.0224  0.0225  0.0227  0.0228  0.0228  0.0228  0.0227  0.0227
  0.0230  0.0228  0.0230  0.0223  0.0226  0.0221  0.0231  0.0232  0.0230  0.0230  0.0229  0.0229
  0.0242  0.0235  0.0236  0.0238  0.0245  0.0255  0.0242  0.0249  0.0236  0.0237  0.0233  0.0233
  0.0261  0.0247  0.0245  0.0271  0.0275  0.0301  0.0258  0.0277  0.0247  0.0251  0.0240  0.0241
niter,ni,del,rscale     5    3    5.0000    1.2000
parameters
   -1.3600    3.7378   19.8840   -6.6641  -11.0557  -10.0758
    6.9874    4.5929   -5.4912   -2.0952   -5.3057    1.3750
eta,q 0.97720 11.58027
  0.0260  0.0253  0.0242  0.0271  0.0267  0.0274  0.0258  0.0275  0.0247  0.0254  0.0241  0.0240
  0.0243  0.0239  0.0233  0.0254  0.0251  0.0256  0.0243  0.0251  0.0237  0.0238  0.0234  0.0234
  0.0232  0.0231  0.0228  0.0240  0.0237  0.0242  0.0232  0.0235  0.0230  0.0231  0.0230  0.0230
  0.0227  0.0227  0.0227  0.0227  0.0227  0.0227  0.0228  0.0228  0.0228  0.0228  0.0228  0.0228
  0.0231  0.0230  0.0230  0.0226  0.0228  0.0221  0.0231  0.0233  0.0230  0.0231  0.0229  0.0229
  0.0243  0.0238  0.0236  0.0243  0.0245  0.0246  0.0242  0.0250  0.0237  0.0238  0.0234  0.0234
  0.0262  0.0250  0.0244  0.0279  0.0274  0.0296  0.0258  0.0278  0.0248  0.0252  0.0241  0.0241
niter,ni,del,rscale     4    3    5.0000    1.2000
parameters
   -1.3653    3.7686   19.8306   -6.6476  -11.0541  -10.1318
    7.0053    4.5819   -5.5185   -2.0423   -5.2751    1.3142
eta,q 0.97718 11.57807
  0.0261  0.0253  0.0243  0.0271  0.0268  0.0275  0.0258  0.0275  0.0247  0.0253  0.0241  0.0241
  0.0244  0.0239  0.0234  0.0254  0.0252  0.0257  0.0243  0.0252  0.0237  0.0238  0.0234  0.0234
  0.0232  0.0231  0.0229  0.0240  0.0238  0.0243  0.0232  0.0235  0.0230  0.0231  0.0230  0.0230
  0.0228  0.0228  0.0228  0.0228  0.0228  0.0228  0.0228  0.0228  0.0228  0.0228  0.0228  0.0228
  0.0232  0.0231  0.0231  0.0228  0.0229  0.0221  0.0231  0.0233  0.0230  0.0231  0.0230  0.0229
  0.0243  0.0239  0.0236  0.0245  0.0246  0.0244  0.0242  0.0250  0.0237  0.0239  0.0234  0.0234
  0.0262  0.0251  0.0244  0.0280  0.0275  0.0294  0.0258  0.0278  0.0247  0.0252  0.0241  0.0242
niter,ni,del,rscale     3    3    5.0000    1.2000
parameters
   -1.3682    3.7857   19.8090   -6.6435  -11.0568  -10.1504
    7.0143    4.5783   -5.5354   -2.0175   -5.2577    1.2909
eta,q 0.97717 11.57720
  0.0262  0.0253  0.0244  0.0271  0.0268  0.0275  0.0258  0.0275  0.0247  0.0253  0.0241  0.0241
  0.0244  0.0239  0.0234  0.0254  0.0252  0.0257  0.0243  0.0252  0.0237  0.0238  0.0234  0.0234
  0.0233  0.0231  0.0229  0.0240  0.0239  0.0243  0.0233  0.0236  0.0231  0.0231  0.0230  0.0230
  0.0228  0.0228  0.0228  0.0228  0.0228  0.0228  0.0228  0.0228  0.0228  0.0228  0.0228  0.0228
  0.0232  0.0231  0.0231  0.0228  0.0229  0.0221  0.0232  0.0233  0.0230  0.0231  0.0230  0.0230
  0.0244  0.0239  0.0236  0.0245  0.0246  0.0243  0.0242  0.0250  0.0237  0.0239  0.0234  0.0234
  0.0263  0.0252  0.0243  0.0280  0.0275  0.0293  0.0258  0.0278  0.0248  0.0252  0.0241  0.0241
registration optimization eta report
parameter search radius
    2.4000    2.4000    2.4000    9.5220    9.5220    8.2800
    7.2000    7.2000    7.2000    7.2000    7.2000    7.2000
100000*second partial in parameter space
       59.       42.       27.        5.        5.        8.
        6.        9.        4.        5.        3.        2.
  0.0262  0.0253  0.0244  0.0271  0.0268  0.0275  0.0258  0.0275  0.0247  0.0253  0.0241  0.0241
  0.0244  0.0239  0.0234  0.0254  0.0252  0.0257  0.0243  0.0252  0.0237  0.0238  0.0234  0.0234
  0.0233  0.0231  0.0229  0.0240  0.0239  0.0243  0.0233  0.0236  0.0231  0.0231  0.0230  0.0230
  0.0228  0.0228  0.0228  0.0228  0.0228  0.0228  0.0228  0.0228  0.0228  0.0228  0.0228  0.0228
  0.0232  0.0231  0.0231  0.0228  0.0229  0.0221  0.0232  0.0233  0.0230  0.0231  0.0230  0.0230
  0.0244  0.0239  0.0236  0.0245  0.0246  0.0243  0.0242  0.0250  0.0237  0.0239  0.0234  0.0234
  0.0263  0.0252  0.0243  0.0280  0.0275  0.0293  0.0258  0.0278  0.0248  0.0252  0.0241  0.0241
   -1.3682    3.7857   19.8090   -6.6435  -11.0568  -10.1504
    7.0143    4.5783   -5.5354   -2.0175   -5.2577    1.2909
eta,q 0.97717 11.57720

---------------------------------------------------------------------
imgreg_4dfp /opt/freesurfer/average/711-2C_as_mni_average_305 /opt/freesurfer/average/711-2B_as_mni_average_305_mask talsrcimg_g11 none talsrcimg_to_711-2C_as_mni_average_305_t4 2311
---------------------------------------------------------------------

freesurfer imgreg_4dfp.c
/opt/freesurfer/average/711-2C_as_mni_average_305.4dfp.img
       256       256       256         1
  1.000000  1.000000  1.000000
orientation T byte_order littleendian
Reading image: /opt/freesurfer/average/711-2C_as_mni_average_305.4dfp.img
dimensions:      256       256       256
mmppix:       1.0000   -1.0000   -1.0000
center:     128.0000 -129.0000 -129.0000
/opt/freesurfer/average/711-2B_as_mni_average_305_mask.4dfp.img
       256       256       256         1
  1.000000  1.000000  1.000000
orientation T byte_order littleendian
Reading mask: /opt/freesurfer/average/711-2B_as_mni_average_305_mask.4dfp.img (2306576 pixels)
talsrcimg_g11.4dfp.img
       256       256       256         1
  1.000000  1.000000  1.000000
orientation T byte_order littleendian
Reading image: talsrcimg_g11.4dfp.img
dimensions:      256       256       256
mmppix:       1.0000   -1.0000   -1.0000
center:     128.0000 -129.0000 -129.0000
fimgreg.f
image alignment mode   2311 decimal      907 hex
parameters
   -1.3682    3.7857   19.8090   -6.6435  -11.0568  -10.1504
    7.0143    4.5783   -5.5354   -2.0175   -5.2577    1.2909
eta,q 0.97717 11.57720
niter,ni,del,rscale     5    3    5.0000    0.8000
parameters
   -1.3447    3.7777   19.7100   -5.2491  -10.1882   -8.8607
    6.6047    4.6525   -5.6308   -2.0622   -5.6321    0.8674
eta,q 0.97801 11.69218
  0.0244  0.0239  0.0234  0.0247  0.0243  0.0251  0.0234  0.0252  0.0229  0.0233  0.0228  0.0225
  0.0236  0.0233  0.0231  0.0240  0.0236  0.0242  0.0226  0.0237  0.0224  0.0225  0.0223  0.0222
  0.0230  0.0229  0.0229  0.0234  0.0230  0.0234  0.0221  0.0225  0.0221  0.0221  0.0220  0.0220
  0.0228  0.0228  0.0228  0.0228  0.0226  0.0225  0.0220  0.0220  0.0220  0.0220  0.0220  0.0220
  0.0230  0.0229  0.0230  0.0226  0.0225  0.0220  0.0223  0.0223  0.0221  0.0221  0.0222  0.0221
  0.0235  0.0233  0.0232  0.0228  0.0228  0.0223  0.0230  0.0234  0.0225  0.0226  0.0226  0.0224
  0.0244  0.0239  0.0236  0.0235  0.0235  0.0237  0.0239  0.0251  0.0230  0.0233  0.0231  0.0228
niter,ni,del,rscale     4    3    5.0000    0.7000
parameters
   -1.4207    3.7651   20.1619   -5.5135  -10.1369   -8.4311
    6.7162    4.6914   -5.5887   -2.0552   -5.7698    1.0457
eta,q 0.97823 11.70658
  0.0232  0.0229  0.0233  0.0231  0.0231  0.0243  0.0231  0.0243  0.0226  0.0228  0.0225  0.0224
  0.0225  0.0224  0.0227  0.0225  0.0226  0.0235  0.0224  0.0230  0.0221  0.0222  0.0221  0.0220
  0.0221  0.0221  0.0222  0.0221  0.0221  0.0227  0.0220  0.0221  0.0219  0.0219  0.0218  0.0219
  0.0220  0.0220  0.0220  0.0219  0.0219  0.0219  0.0218  0.0218  0.0218  0.0218  0.0218  0.0218
  0.0222  0.0221  0.0219  0.0221  0.0220  0.0217  0.0219  0.0221  0.0219  0.0219  0.0219  0.0218
  0.0227  0.0224  0.0220  0.0227  0.0224  0.0223  0.0223  0.0229  0.0221  0.0222  0.0222  0.0220
  0.0235  0.0229  0.0223  0.0236  0.0232  0.0240  0.0230  0.0243  0.0225  0.0228  0.0226  0.0223
niter,ni,del,rscale     3    3    5.0000    0.6000
parameters
   -1.4153    3.7117   20.3047   -5.5898  -10.0904   -8.1534
    6.7311    4.7365   -5.5602   -2.1847   -5.7875    1.1298
eta,q 0.97832 11.71335
  0.0228  0.0224  0.0225  0.0228  0.0227  0.0238  0.0226  0.0237  0.0223  0.0224  0.0223  0.0221
  0.0222  0.0220  0.0221  0.0223  0.0222  0.0230  0.0221  0.0226  0.0219  0.0220  0.0219  0.0219
  0.0219  0.0218  0.0219  0.0219  0.0219  0.0223  0.0218  0.0219  0.0217  0.0217  0.0217  0.0217
  0.0218  0.0218  0.0218  0.0218  0.0218  0.0218  0.0217  0.0217  0.0217  0.0217  0.0217  0.0217
  0.0219  0.0219  0.0218  0.0219  0.0218  0.0217  0.0218  0.0219  0.0217  0.0218  0.0218  0.0217
  0.0222  0.0221  0.0219  0.0223  0.0221  0.0222  0.0221  0.0225  0.0219  0.0220  0.0220  0.0218
  0.0228  0.0225  0.0222  0.0230  0.0227  0.0236  0.0226  0.0236  0.0222  0.0225  0.0223  0.0221
niter,ni,del,rscale     2    3    5.0000    0.5000
parameters
   -1.3980    3.6640   20.3986   -5.6239  -10.0549   -7.9187
    6.7305    4.7699   -5.5667   -2.2723   -5.7448    1.1882
eta,q 0.97838 11.71864
  0.0224  0.0221  0.0222  0.0224  0.0223  0.0233  0.0223  0.0231  0.0220  0.0221  0.0221  0.0219
  0.0220  0.0219  0.0219  0.0221  0.0220  0.0227  0.0219  0.0223  0.0218  0.0218  0.0218  0.0218
  0.0218  0.0217  0.0218  0.0218  0.0218  0.0221  0.0217  0.0218  0.0217  0.0217  0.0217  0.0217
  0.0217  0.0217  0.0217  0.0217  0.0217  0.0217  0.0216  0.0216  0.0216  0.0216  0.0216  0.0216
  0.0218  0.0217  0.0217  0.0218  0.0217  0.0216  0.0217  0.0218  0.0217  0.0217  0.0217  0.0216
  0.0220  0.0219  0.0218  0.0220  0.0219  0.0221  0.0219  0.0223  0.0218  0.0219  0.0218  0.0217
  0.0224  0.0222  0.0220  0.0225  0.0224  0.0231  0.0223  0.0230  0.0220  0.0222  0.0221  0.0219
niter,ni,del,rscale     1    3    5.0000    0.4000
parameters
   -1.3836    3.6374   20.4802   -5.6506  -10.0219   -7.7365
    6.7349    4.7809   -5.5847   -2.3363   -5.7099    1.1924
eta,q 0.97841 11.72241
  0.0221  0.0219  0.0220  0.0221  0.0221  0.0228  0.0220  0.0225  0.0218  0.0219  0.0219  0.0218
  0.0219  0.0217  0.0218  0.0219  0.0218  0.0223  0.0218  0.0220  0.0217  0.0217  0.0217  0.0217
  0.0217  0.0216  0.0217  0.0217  0.0217  0.0219  0.0217  0.0217  0.0216  0.0216  0.0216  0.0216
  0.0216  0.0216  0.0216  0.0216  0.0216  0.0216  0.0216  0.0216  0.0216  0.0216  0.0216  0.0216
  0.0217  0.0217  0.0216  0.0217  0.0216  0.0216  0.0216  0.0217  0.0216  0.0216  0.0216  0.0216
  0.0218  0.0218  0.0217  0.0219  0.0218  0.0219  0.0218  0.0220  0.0217  0.0218  0.0217  0.0217
  0.0221  0.0220  0.0219  0.0222  0.0221  0.0226  0.0220  0.0225  0.0218  0.0220  0.0219  0.0218
registration optimization eta report
parameter search radius
    0.8000    0.8000    0.8000    2.4000    2.4000    2.4000
    2.4000    2.4000    2.4000    2.4000    2.4000    2.4000
100000*second partial in parameter space
       74.       49.       48.        9.        8.       19.
        8.       16.        4.        6.        5.        3.
  0.0221  0.0219  0.0220  0.0221  0.0221  0.0228  0.0220  0.0225  0.0218  0.0219  0.0219  0.0218
  0.0219  0.0217  0.0218  0.0219  0.0218  0.0223  0.0218  0.0220  0.0217  0.0217  0.0217  0.0217
  0.0217  0.0216  0.0217  0.0217  0.0217  0.0219  0.0217  0.0217  0.0216  0.0216  0.0216  0.0216
  0.0216  0.0216  0.0216  0.0216  0.0216  0.0216  0.0216  0.0216  0.0216  0.0216  0.0216  0.0216
  0.0217  0.0217  0.0216  0.0217  0.0216  0.0216  0.0216  0.0217  0.0216  0.0216  0.0216  0.0216
  0.0218  0.0218  0.0217  0.0219  0.0218  0.0219  0.0218  0.0220  0.0217  0.0218  0.0217  0.0217
  0.0221  0.0220  0.0219  0.0222  0.0221  0.0226  0.0220  0.0225  0.0218  0.0220  0.0219  0.0218
   -1.3836    3.6374   20.4802   -5.6506  -10.0219   -7.7365
    6.7349    4.7809   -5.5847   -2.3363   -5.7099    1.1924
eta,q 0.97841 11.72241

---------------------------------------------------------------------
imgreg_4dfp /opt/freesurfer/average/711-2C_as_mni_average_305 /opt/freesurfer/average/711-2B_as_mni_average_305_mask talsrcimg_g11 none talsrcimg_to_711-2C_as_mni_average_305_t4 2311
---------------------------------------------------------------------

freesurfer imgreg_4dfp.c
/opt/freesurfer/average/711-2C_as_mni_average_305.4dfp.img
       256       256       256         1
  1.000000  1.000000  1.000000
orientation T byte_order littleendian
Reading image: /opt/freesurfer/average/711-2C_as_mni_average_305.4dfp.img
dimensions:      256       256       256
mmppix:       1.0000   -1.0000   -1.0000
center:     128.0000 -129.0000 -129.0000
/opt/freesurfer/average/711-2B_as_mni_average_305_mask.4dfp.img
       256       256       256         1
  1.000000  1.000000  1.000000
orientation T byte_order littleendian
Reading mask: /opt/freesurfer/average/711-2B_as_mni_average_305_mask.4dfp.img (2306576 pixels)
talsrcimg_g11.4dfp.img
       256       256       256         1
  1.000000  1.000000  1.000000
orientation T byte_order littleendian
Reading image: talsrcimg_g11.4dfp.img
dimensions:      256       256       256
mmppix:       1.0000   -1.0000   -1.0000
center:     128.0000 -129.0000 -129.0000
fimgreg.f
image alignment mode   2311 decimal      907 hex
parameters
   -1.3836    3.6374   20.4802   -5.6506  -10.0219   -7.7365
    6.7349    4.7809   -5.5847   -2.3363   -5.7099    1.1924
eta,q 0.97841 11.72241
niter,ni,del,rscale     5    3    5.0000    0.8000
parameters
   -1.3752    3.6248   20.4914   -6.0311  -10.3270   -8.3348
    6.8509    4.7266   -5.4934   -2.2968   -5.7323    1.4089
eta,q 0.97823 11.69099
  0.0235  0.0228  0.0229  0.0231  0.0230  0.0242  0.0234  0.0247  0.0228  0.0231  0.0227  0.0225
  0.0225  0.0221  0.0222  0.0224  0.0223  0.0232  0.0226  0.0232  0.0222  0.0223  0.0222  0.0222
  0.0218  0.0217  0.0218  0.0218  0.0218  0.0223  0.0220  0.0222  0.0219  0.0219  0.0219  0.0219
  0.0216  0.0216  0.0216  0.0216  0.0216  0.0216  0.0218  0.0218  0.0218  0.0218  0.0218  0.0218
  0.0218  0.0217  0.0217  0.0219  0.0218  0.0220  0.0219  0.0222  0.0219  0.0219  0.0219  0.0218
  0.0224  0.0222  0.0221  0.0227  0.0224  0.0238  0.0224  0.0232  0.0222  0.0223  0.0222  0.0220
  0.0235  0.0229  0.0229  0.0239  0.0236  0.0269  0.0233  0.0249  0.0227  0.0231  0.0227  0.0224
niter,ni,del,rscale     4    3    5.0000    0.7000
parameters
   -1.3689    3.6339   20.3276   -5.7371  -10.1992   -8.3716
    6.7460    4.7525   -5.5025   -2.3206   -5.8009    1.3190
eta,q 0.97826 11.70162
  0.0232  0.0227  0.0224  0.0233  0.0230  0.0241  0.0229  0.0242  0.0225  0.0227  0.0225  0.0223
  0.0224  0.0222  0.0220  0.0226  0.0224  0.0232  0.0223  0.0230  0.0221  0.0222  0.0221  0.0220
  0.0219  0.0219  0.0218  0.0221  0.0220  0.0224  0.0219  0.0221  0.0218  0.0218  0.0218  0.0218
  0.0218  0.0218  0.0218  0.0218  0.0217  0.0217  0.0217  0.0217  0.0217  0.0217  0.0217  0.0217
  0.0219  0.0219  0.0219  0.0218  0.0218  0.0217  0.0219  0.0220  0.0218  0.0218  0.0219  0.0218
  0.0224  0.0222  0.0223  0.0222  0.0222  0.0227  0.0224  0.0229  0.0221  0.0222  0.0221  0.0220
  0.0232  0.0227  0.0228  0.0230  0.0230  0.0248  0.0231  0.0242  0.0225  0.0228  0.0225  0.0223
niter,ni,del,rscale     3    3    5.0000    0.6000
parameters
   -1.3851    3.6390   20.3289   -5.6251  -10.0911   -8.1643
    6.7163    4.7691   -5.5315   -2.3008   -5.7981    1.2441
eta,q 0.97832 11.71265
  0.0228  0.0224  0.0224  0.0229  0.0227  0.0237  0.0226  0.0236  0.0222  0.0224  0.0223  0.0221
  0.0222  0.0221  0.0220  0.0223  0.0222  0.0230  0.0221  0.0226  0.0219  0.0220  0.0219  0.0219
  0.0218  0.0218  0.0218  0.0219  0.0219  0.0223  0.0218  0.0219  0.0217  0.0218  0.0217  0.0217
  0.0217  0.0217  0.0217  0.0217  0.0217  0.0217  0.0217  0.0217  0.0217  0.0217  0.0217  0.0217
  0.0219  0.0218  0.0218  0.0218  0.0218  0.0217  0.0218  0.0219  0.0217  0.0218  0.0218  0.0217
  0.0222  0.0220  0.0220  0.0222  0.0221  0.0223  0.0221  0.0226  0.0219  0.0220  0.0220  0.0219
  0.0228  0.0224  0.0223  0.0228  0.0227  0.0237  0.0227  0.0236  0.0223  0.0224  0.0223  0.0221
niter,ni,del,rscale     2    3    5.0000    0.5000
parameters
   -1.3869    3.6403   20.3991   -5.6225  -10.0490   -7.9286
    6.7167    4.7796   -5.5648   -2.3146   -5.7478    1.2076
eta,q 0.97838 11.71879
  0.0224  0.0222  0.0222  0.0225  0.0224  0.0233  0.0223  0.0230  0.0220  0.0222  0.0221  0.0219
  0.0220  0.0219  0.0219  0.0221  0.0220  0.0227  0.0219  0.0223  0.0218  0.0219  0.0218  0.0218
  0.0218  0.0217  0.0218  0.0218  0.0218  0.0221  0.0217  0.0218  0.0217  0.0217  0.0217  0.0217
  0.0217  0.0217  0.0217  0.0217  0.0217  0.0217  0.0216  0.0216  0.0216  0.0216  0.0216  0.0216
  0.0218  0.0217  0.0217  0.0218  0.0217  0.0216  0.0217  0.0218  0.0217  0.0217  0.0217  0.0217
  0.0220  0.0219  0.0218  0.0220  0.0219  0.0221  0.0219  0.0223  0.0218  0.0219  0.0218  0.0218
  0.0224  0.0222  0.0221  0.0225  0.0224  0.0231  0.0223  0.0230  0.0220  0.0222  0.0220  0.0219
niter,ni,del,rscale     1    3    5.0000    0.4000
parameters
   -1.3826    3.6277   20.4778   -5.6488  -10.0163   -7.7372
    6.7381    4.7825   -5.5771   -2.3457   -5.7147    1.2055
eta,q 0.97841 11.72266
  0.0221  0.0219  0.0220  0.0221  0.0221  0.0228  0.0220  0.0225  0.0219  0.0219  0.0219  0.0218
  0.0218  0.0218  0.0218  0.0219  0.0218  0.0223  0.0218  0.0220  0.0217  0.0217  0.0217  0.0217
  0.0217  0.0217  0.0217  0.0217  0.0217  0.0219  0.0217  0.0217  0.0216  0.0216  0.0216  0.0216
  0.0216  0.0216  0.0216  0.0216  0.0216  0.0216  0.0216  0.0216  0.0216  0.0216  0.0216  0.0216
  0.0217  0.0217  0.0216  0.0217  0.0217  0.0216  0.0216  0.0217  0.0216  0.0216  0.0216  0.0216
  0.0218  0.0218  0.0217  0.0219  0.0218  0.0219  0.0218  0.0220  0.0217  0.0217  0.0217  0.0217
  0.0221  0.0219  0.0219  0.0222  0.0221  0.0226  0.0220  0.0225  0.0219  0.0219  0.0219  0.0218
registration optimization eta report
parameter search radius
    0.8000    0.8000    0.8000    2.4000    2.4000    2.4000
    2.4000    2.4000    2.4000    2.4000    2.4000    2.4000
100000*second partial in parameter space
       75.       50.       48.        9.        8.       18.
        8.       16.        5.        6.        5.        3.
  0.0221  0.0219  0.0220  0.0221  0.0221  0.0228  0.0220  0.0225  0.0219  0.0219  0.0219  0.0218
  0.0218  0.0218  0.0218  0.0219  0.0218  0.0223  0.0218  0.0220  0.0217  0.0217  0.0217  0.0217
  0.0217  0.0217  0.0217  0.0217  0.0217  0.0219  0.0217  0.0217  0.0216  0.0216  0.0216  0.0216
  0.0216  0.0216  0.0216  0.0216  0.0216  0.0216  0.0216  0.0216  0.0216  0.0216  0.0216  0.0216
  0.0217  0.0217  0.0216  0.0217  0.0217  0.0216  0.0216  0.0217  0.0216  0.0216  0.0216  0.0216
  0.0218  0.0218  0.0217  0.0219  0.0218  0.0219  0.0218  0.0220  0.0217  0.0217  0.0217  0.0217
  0.0221  0.0219  0.0219  0.0222  0.0221  0.0226  0.0220  0.0225  0.0219  0.0219  0.0219  0.0218
   -1.3826    3.6277   20.4778   -5.6488  -10.0163   -7.7372
    6.7381    4.7825   -5.5771   -2.3457   -5.7147    1.2055
eta,q 0.97841 11.72266

---------------------------------------------------------------------
compute_vox2vox talsrcimg talsrcimg_to_711-2C_as_mni_average_305_t4 /opt/freesurfer/average/711-2C_as_mni_average_305
---------------------------------------------------------------------

freesurfer compute_vox2vox.c
Reading: talsrcimg.4dfp.ifh
Reading: talsrcimg_to_711-2C_as_mni_average_305_t4
Reading: /opt/freesurfer/average/711-2C_as_mni_average_305.4dfp.ifh
Writing: talsrcimg_to_711-2C_as_mni_average_305_t4_vox2vox.txt

start time Wed Mar 11 02:53:50 CET 2026
end		time Wed Mar 11 02:55:17 CET 2026

mpr2mni305 success

avi2talxfm orig_nu.mgz /opt/freesurfer/average/mni305.cor.mgz talsrcimg_to_711-2C_as_mni_average_305_t4_vox2vox.txt transforms/talairach.auto.xfm
avi2talxfm done
mv -f /out/sourcedata/freesurfer/sub-v2s12x28905_ses-1/mri/talsrcimg_to_711-2C_as_mni_average_305_t4_vox2vox.txt /out/sourcedata/freesurfer/sub-v2s12x28905_ses-1/mri/transforms/talsrcimg_to_711-2C_as_mni_average_305_t4_vox2vox.txt
lta_convert --src orig_nu.mgz --trg /opt/freesurfer/average/mni305.cor.mgz --inxfm transforms/talairach.auto.xfm --outlta transforms/talairach.auto.xfm.lta --subject fsaverage
7.3.2

--src: orig_nu.mgz src image (geometry).
--trg: /opt/freesurfer/average/mni305.cor.mgz trg image (geometry).
--inmni: transforms/talairach.auto.xfm input MNI/XFM transform.
--outlta: transforms/talairach.auto.xfm.lta output LTA.
--s: fsaverage subject name
 LTA read, type : 1
 1.05184  -0.05651  -0.07801   1.34672;
 0.06428   1.08004  -0.01928  -28.98283;
 0.06687   0.02465   1.10598  -27.63286;
 0.00000   0.00000   0.00000   1.00000;
setting subject to fsaverage
Writing  LTA to file transforms/talairach.auto.xfm.lta...
lta_convert successful.
 
 
Started at Wed Mar 11 02:53:50 CET 2026
Ended   at Wed Mar 11 02:55:17 CET 2026
talairach_avi done
