status file for recon-all
Wed Mar 11 04:49:21 CET 2026
#@# Tessellate rh Wed Mar 11 04:49:21 CET 2026
#@# Smooth1 rh Wed Mar 11 04:49:24 CET 2026
#@# Inflation1 rh Wed Mar 11 04:49:27 CET 2026
#@# QSphere rh Wed Mar 11 04:49:40 CET 2026
#@# Fix Topology rh Wed Mar 11 04:50:58 CET 2026
#@# Smooth2 rh Wed Mar 11 04:57:00 CET 2026
#@# Inflation2 rh Wed Mar 11 04:57:03 CET 2026
#@# Curv .H and .K rh Wed Mar 11 04:57:17 CET 2026
#@# Sphere rh Wed Mar 11 04:58:03 CET 2026
#@# Surf Reg rh Wed Mar 11 05:00:18 CET 2026
#@# Jacobian white rh Wed Mar 11 05:04:21 CET 2026
#@# AvgCurv rh Wed Mar 11 05:04:21 CET 2026
#@# Cortical Parc rh Wed Mar 11 05:04:22 CET 2026
#@# white curv rh Wed Mar 11 05:10:59 CET 2026
#@# white area rh Wed Mar 11 05:11:01 CET 2026
#@# pial curv rh Wed Mar 11 05:11:02 CET 2026
#@# pial area rh Wed Mar 11 05:11:03 CET 2026
#@# thickness rh Wed Mar 11 05:11:04 CET 2026
#@# area and vertex vol rh Wed Mar 11 05:11:33 CET 2026
#@# Curvature Stats rh Wed Mar 11 05:11:34 CET 2026
#@# Cortical Parc 2 rh Wed Mar 11 05:11:37 CET 2026
#@# Cortical Parc 3 rh Wed Mar 11 05:11:50 CET 2026
#@# WM/GM Contrast rh Wed Mar 11 05:12:00 CET 2026
recon-all -s sub-v2s12x28896_ses-1 finished without error at Wed Mar 11 05:12:03 CET 2026



#New# invocation of recon-all 



status file for recon-all
Wed Mar 11 05:20:29 CET 2026
#@# white curv rh Wed Mar 11 05:20:29 CET 2026
#@# white area rh Wed Mar 11 05:20:29 CET 2026
#@# pial curv rh Wed Mar 11 05:20:29 CET 2026
#@# pial area rh Wed Mar 11 05:20:29 CET 2026
#@# thickness rh Wed Mar 11 05:20:29 CET 2026
#@# area and vertex vol rh Wed Mar 11 05:20:29 CET 2026
#@# Parcellation Stats rh Wed Mar 11 05:20:29 CET 2026
#@# Parcellation Stats 2 rh Wed Mar 11 05:20:48 CET 2026
#@# Parcellation Stats 3 rh Wed Mar 11 05:20:57 CET 2026
#@# BA_exvivo Labels rh Wed Mar 11 05:21:06 CET 2026
recon-all -s sub-v2s12x28896_ses-1 finished without error at Wed Mar 11 05:23:38 CET 2026
