/out/sourcedata/freesurfer/sub-v2s12x28879_ses-1/mri
/opt/freesurfer/bin/talairach_avi
--i orig_nu.mgz --xfm transforms/talairach.auto.xfm
talairach_avi 7.3.2
Linux dna054 5.14.0-427.37.1.el9_4.x86_64 #1 SMP PREEMPT_DYNAMIC Fri Sep 13 12:41:50 EDT 2024 x86_64 x86_64 x86_64 GNU/Linux
Wed Mar 11 00:37:30 CET 2026
mri_convert orig_nu.mgz talsrcimg.img 
reading from orig_nu.mgz...
TR=0.00, TE=0.00, TI=0.00, flip angle=0.00
i_ras = (-1, 0, 0)
j_ras = (0, 0, -1)
k_ras = (0, 1, 0)
writing to talsrcimg.img...
Analyze Output Matrix
-1.00000   0.00000   0.00000   129.96851;
 0.00000   0.00000   1.00000  -128.50000;
 0.00000  -1.00000   0.00000   143.56200;
 0.00000   0.00000   0.00000   1.00000;
--------------------
INFO: set hdr.hist.orient to -1
mpr2mni305 talsrcimg
Wed Mar 11 00:37:31 CET 2026
/opt/freesurfer/bin/mpr2mni305 talsrcimg
mpr2mni305 7.3.2
target=711-2C_as_mni_average_305

---------------------------------------------------------------------
analyzeto4dfp talsrcimg -O0 -y
---------------------------------------------------------------------

freesurfer ifh2hdr.c
Wed Mar 11 00:37:31 2026
Writing: talsrcimg.4dfp.hdr
freesurfer analyzeto4dfp.c
Reading: talsrcimg.hdr
header size 348 bytes
hdr.dime.datatype	offset=70	value=2
hdr.dime.bitpix		offset=72	value=8
hdr.hist.orient		offset=252	value=-1
dimensionality     4
dimensions       256       256       256         1
Reading: talsrcimg.img
Writing: talsrcimg.4dfp.img
Writing: talsrcimg.4dfp.ifh
ifh2hdr talsrcimg -r0to227
ori=2

---------------------------------------------------------------------
gauss_4dfp talsrcimg 1.1
---------------------------------------------------------------------

freesurfer gauss_4dfp.c
Reading: talsrcimg.4dfp.img
Writing: talsrcimg_g11.4dfp.img
image dimensions 256 256 256 padded to 288 288 288
processing volume 1freesurfer ifh2hdr.c
Wed Mar 11 00:37:33 2026
Writing: talsrcimg_g11.4dfp.hdr

Writing: talsrcimg_g11.4dfp.ifh
including: talsrcimg.4dfp.img.rec in talsrcimg_g11.4dfp.img.rec

---------------------------------------------------------------------
imgreg_4dfp /opt/freesurfer/average/711-2C_as_mni_average_305 none talsrcimg_g11 none talsrcimg_to_711-2C_as_mni_average_305_t4 4355
---------------------------------------------------------------------

freesurfer imgreg_4dfp.c
/opt/freesurfer/average/711-2C_as_mni_average_305.4dfp.img
       256       256       256         1
  1.000000  1.000000  1.000000
orientation T byte_order littleendian
Reading image: /opt/freesurfer/average/711-2C_as_mni_average_305.4dfp.img
dimensions:      256       256       256
mmppix:       1.0000   -1.0000   -1.0000
center:     128.0000 -129.0000 -129.0000
talsrcimg_g11.4dfp.img
       256       256       256         1
  1.000000  1.000000  1.000000
orientation T byte_order littleendian
Reading image: talsrcimg_g11.4dfp.img
dimensions:      256       256       256
mmppix:       1.0000   -1.0000   -1.0000
center:     128.0000 -129.0000 -129.0000
t4_read: open error in t4_sub.f l:  41 t4_file(1:l)talsrcimg_to_711-2C_as_mni_average_305_t4 
t4_read: transform initialized to I4
rotation matrix determinant  1.000000
image alignment mode   4355 decimal     1103 hex
   -7.5000  -45.0000  -45.0000 5327.3926   21.8061
    0.0000  -45.0000  -45.0000 5575.3525   21.8132
    7.5000  -45.0000  -45.0000 5361.0205   21.7736
   -7.5000  -37.5000  -45.0000 5837.9600   21.3600
    0.0000  -37.5000  -45.0000 6119.1943   21.3633
    7.5000  -37.5000  -45.0000 5888.9741   21.3207
   -7.5000  -30.0000  -45.0000 6573.9443   21.0996
    0.0000  -30.0000  -45.0000 6908.6606   21.1052
    7.5000  -30.0000  -45.0000 6662.8501   21.0600
   -7.5000  -22.5000  -45.0000 7356.9517   20.9942
    0.0000  -22.5000  -45.0000 7736.9404   21.0025
    7.5000  -22.5000  -45.0000 7465.7095   20.9626
   -7.5000  -15.0000  -45.0000 8198.8506   20.9532
    0.0000  -15.0000  -45.0000 8638.7725   20.9605
    7.5000  -15.0000  -45.0000 8306.3242   20.9269
   -7.5000   -7.5000  -45.0000 9063.3340   20.9227
    0.0000   -7.5000  -45.0000 9548.2236   20.9282
    7.5000   -7.5000  -45.0000 9156.7393   20.8947
   -7.5000    0.0000  -45.0000 9858.2842   20.9264
    0.0000    0.0000  -45.000010378.9033   20.9304
    7.5000    0.0000  -45.0000 9915.1836   20.8927
   -7.5000    7.5000  -45.0000 9797.3574   20.9630
    0.0000    7.5000  -45.000010330.2607   20.9659
    7.5000    7.5000  -45.0000 9868.2285   20.9234
   -7.5000   15.0000  -45.0000 9649.7852   20.9987
    0.0000   15.0000  -45.000010178.5586   21.0041
    7.5000   15.0000  -45.0000 9738.2471   20.9594
   -7.5000   22.5000  -45.0000 9482.4902   20.9896
    0.0000   22.5000  -45.0000 9996.4727   20.9980
    7.5000   22.5000  -45.0000 9572.2656   20.9581
   -7.5000   30.0000  -45.0000 9289.6562   20.6740
    0.0000   30.0000  -45.0000 9774.8037   20.6811
    7.5000   30.0000  -45.0000 9405.5586   20.6481
   -7.5000   37.5000  -45.0000 9416.7227   20.6439
    0.0000   37.5000  -45.0000 9920.3164   20.6493
    7.5000   37.5000  -45.0000 9521.2012   20.6163
   -7.5000   45.0000  -45.0000 8980.0391   20.1233
    0.0000   45.0000  -45.0000 9445.6729   20.1271
    7.5000   45.0000  -45.0000 9024.2256   20.0909
   -7.5000  -45.0000  -37.5000 5681.1284   21.4633
    0.0000  -45.0000  -37.5000 5950.8623   21.4593
    7.5000  -45.0000  -37.5000 5720.2383   21.4364
   -7.5000  -37.5000  -37.5000 6199.6694   21.0104
    0.0000  -37.5000  -37.5000 6520.4575   21.0063
    7.5000  -37.5000  -37.5000 6274.5454   20.9841
   -7.5000  -30.0000  -37.5000 7002.4531   20.7439
    0.0000  -30.0000  -37.5000 7396.4565   20.7479
    7.5000  -30.0000  -37.5000 7103.0557   20.7218
   -7.5000  -22.5000  -37.5000 7867.2158   20.6483
    0.0000  -22.5000  -37.5000 8307.3271   20.6565
    7.5000  -22.5000  -37.5000 7984.1753   20.6294
   -7.5000  -15.0000  -37.5000 8783.7598   20.6302
    0.0000  -15.0000  -37.5000 9270.8730   20.6345
    7.5000  -15.0000  -37.5000 8912.7314   20.6079
   -7.5000   -7.5000  -37.5000 9693.2637   20.6147
    0.0000   -7.5000  -37.500010239.2734   20.6128
    7.5000   -7.5000  -37.5000 9821.1729   20.5882
   -7.5000    0.0000  -37.500010513.8809   20.6123
    0.0000    0.0000  -37.500011092.9941   20.6065
    7.5000    0.0000  -37.500010636.0791   20.5849
   -7.5000    7.5000  -37.500010432.3447   20.6271
    0.0000    7.5000  -37.500011029.8223   20.6231
    7.5000    7.5000  -37.500010563.0693   20.6008
   -7.5000   15.0000  -37.500010232.4199   20.6459
    0.0000   15.0000  -37.500010843.2832   20.6498
    7.5000   15.0000  -37.500010390.8867   20.6241
   -7.5000   22.5000  -37.500010017.6592   20.6438
    0.0000   22.5000  -37.500010606.1211   20.6521
    7.5000   22.5000  -37.500010201.2412   20.6250
   -7.5000   30.0000  -37.5000 9793.8262   20.3553
    0.0000   30.0000  -37.500010357.2168   20.3595
    7.5000   30.0000  -37.5000 9960.8916   20.3333
   -7.5000   37.5000  -37.5000 9946.9141   20.3399
    0.0000   37.5000  -37.500010509.2422   20.3381
    7.5000   37.5000  -37.500010061.9248   20.3138
   -7.5000   45.0000  -37.5000 9470.4961   19.8212
    0.0000   45.0000  -37.5000 9980.0234   19.8156
    7.5000   45.0000  -37.5000 9523.0576   19.7948
   -7.5000  -45.0000  -30.0000 6135.7314   22.0422
    0.0000  -45.0000  -30.0000 6430.1104   22.0291
    7.5000  -45.0000  -30.0000 6195.0630   22.0223
   -7.5000  -37.5000  -30.0000 6681.4141   21.5592
    0.0000  -37.5000  -30.0000 7039.9473   21.5466
    7.5000  -37.5000  -30.0000 6790.8496   21.5450
   -7.5000  -30.0000  -30.0000 7564.4609   21.2756
    0.0000  -30.0000  -30.0000 7989.3652   21.2736
    7.5000  -30.0000  -30.0000 7716.9346   21.2677
   -7.5000  -22.5000  -30.0000 8528.1709   21.1918
    0.0000  -22.5000  -30.0000 9014.3096   21.1963
    7.5000  -22.5000  -30.0000 8700.3809   21.1827
   -7.5000  -15.0000  -30.0000 9552.9941   21.2000
    0.0000  -15.0000  -30.000010055.4922   21.2015
    7.5000  -15.0000  -30.0000 9682.5322   21.1822
   -7.5000   -7.5000  -30.000010516.6660   21.1962
    0.0000   -7.5000  -30.000011080.4824   21.1897
    7.5000   -7.5000  -30.000010621.0273   21.1745
   -7.5000    0.0000  -30.000011384.8779   21.1825
    0.0000    0.0000  -30.000011993.4277   21.1689
    7.5000    0.0000  -30.000011486.6455   21.1627
   -7.5000    7.5000  -30.000011285.2480   21.1724
    0.0000    7.5000  -30.000011879.4551   21.1603
    7.5000    7.5000  -30.000011418.7236   21.1581
   -7.5000   15.0000  -30.000011051.3457   21.1764
    0.0000   15.0000  -30.000011688.1201   21.1743
    7.5000   15.0000  -30.000011242.2188   21.1687
   -7.5000   22.5000  -30.000010808.9521   21.1851
    0.0000   22.5000  -30.000011409.7559   21.1895
    7.5000   22.5000  -30.000010992.2744   21.1760
   -7.5000   30.0000  -30.000010529.3691   20.9195
    0.0000   30.0000  -30.000011100.2305   20.9210
    7.5000   30.0000  -30.000010688.1523   20.9019
   -7.5000   37.5000  -30.000010641.7441   20.9158
    0.0000   37.5000  -30.000011227.7939   20.9093
    7.5000   37.5000  -30.000010775.2129   20.8943
   -7.5000   45.0000  -30.000010079.6768   20.3844
    0.0000   45.0000  -30.000010622.4277   20.3714
    7.5000   45.0000  -30.000010193.5850   20.3654
   -7.5000  -45.0000  -22.5000 6700.6025   22.7866
    0.0000  -45.0000  -22.5000 7047.2764   22.7787
    7.5000  -45.0000  -22.5000 6781.4746   22.7716
   -7.5000  -37.5000  -22.5000 7317.5420   22.2774
    0.0000  -37.5000  -22.5000 7705.4360   22.2670
    7.5000  -37.5000  -22.5000 7420.0859   22.2667
   -7.5000  -30.0000  -22.5000 8297.0771   21.9802
    0.0000  -30.0000  -22.5000 8743.1357   21.9761
    7.5000  -30.0000  -22.5000 8415.4717   21.9732
   -7.5000  -22.5000  -22.5000 9359.3232   21.9019
    0.0000  -22.5000  -22.5000 9868.0068   21.9040
    7.5000  -22.5000  -22.5000 9500.7148   21.8927
   -7.5000  -15.0000  -22.500010442.8271   21.9201
    0.0000  -15.0000  -22.500010991.4775   21.9230
    7.5000  -15.0000  -22.500010576.1406   21.9047
   -7.5000   -7.5000  -22.500011490.9033   21.9185
    0.0000   -7.5000  -22.500012096.3223   21.9169
    7.5000   -7.5000  -22.500011607.1846   21.9021
   -7.5000    0.0000  -22.500012401.4111   21.8984
    0.0000    0.0000  -22.500013031.4795   21.8900
    7.5000    0.0000  -22.500012524.1035   21.8834
   -7.5000    7.5000  -22.500012302.4453   21.8776
    0.0000    7.5000  -22.500012921.2588   21.8675
    7.5000    7.5000  -22.500012459.0693   21.8660
   -7.5000   15.0000  -22.500012081.1797   21.8778
    0.0000   15.0000  -22.500012741.0625   21.8738
    7.5000   15.0000  -22.500012271.2197   21.8710
   -7.5000   22.5000  -22.500011768.7334   21.8934
    0.0000   22.5000  -22.500012403.1904   21.8956
    7.5000   22.5000  -22.500011957.9834   21.8843
   -7.5000   30.0000  -22.500011406.9854   21.6334
    0.0000   30.0000  -22.500012019.1377   21.6363
    7.5000   30.0000  -22.500011579.3545   21.6182
   -7.5000   37.5000  -22.500011489.7305   21.6318
    0.0000   37.5000  -22.500012108.2129   21.6302
    7.5000   37.5000  -22.500011641.7861   21.6156
   -7.5000   45.0000  -22.500010845.8193   21.0893
    0.0000   45.0000  -22.500011411.2412   21.0811
    7.5000   45.0000  -22.500010976.8018   21.0748
   -7.5000  -45.0000  -15.0000 7270.6138   23.3784
    0.0000  -45.0000  -15.0000 7655.6260   23.3823
    7.5000  -45.0000  -15.0000 7342.8862   23.3583
   -7.5000  -37.5000  -15.0000 7962.2002   22.8711
    0.0000  -37.5000  -15.0000 8390.2256   22.8669
    7.5000  -37.5000  -15.0000 8066.2827   22.8481
   -7.5000  -30.0000  -15.0000 9046.3281   22.5737
    0.0000  -30.0000  -15.0000 9523.4004   22.5699
    7.5000  -30.0000  -15.0000 9161.9258   22.5506
   -7.5000  -22.5000  -15.000010185.6807   22.4859
    0.0000  -22.5000  -15.000010736.6016   22.4881
    7.5000  -22.5000  -15.000010323.5537   22.4650
   -7.5000  -15.0000  -15.000011351.1338   22.4868
    0.0000  -15.0000  -15.000011940.5801   22.4945
    7.5000  -15.0000  -15.000011487.6143   22.4685
   -7.5000   -7.5000  -15.000012474.7158   22.4766
    0.0000   -7.5000  -15.000013123.8848   22.4845
    7.5000   -7.5000  -15.000012617.6113   22.4597
   -7.5000    0.0000  -15.000013452.7969   22.4638
    0.0000    0.0000  -15.000014145.9043   22.4657
    7.5000    0.0000  -15.000013614.1455   22.4431
   -7.5000    7.5000  -15.000013360.2881   22.4584
    0.0000    7.5000  -15.000014044.6270   22.4542
    7.5000    7.5000  -15.000013543.3271   22.4342
   -7.5000   15.0000  -15.000013114.1807   22.4686
    0.0000   15.0000  -15.000013830.5889   22.4649
    7.5000   15.0000  -15.000013326.5186   22.4458
   -7.5000   22.5000  -15.000012712.5166   22.4762
    0.0000   22.5000  -15.000013404.7754   22.4784
    7.5000   22.5000  -15.000012916.0645   22.4554
   -7.5000   30.0000  -15.000012309.4668   22.1958
    0.0000   30.0000  -15.000012993.4043   22.2033
    7.5000   30.0000  -15.000012502.3438   22.1777
   -7.5000   37.5000  -15.000012369.9814   22.1857
    0.0000   37.5000  -15.000013051.3887   22.1935
    7.5000   37.5000  -15.000012560.1689   22.1691
   -7.5000   45.0000  -15.000011677.6738   21.6468
    0.0000   45.0000  -15.000012285.1641   21.6486
    7.5000   45.0000  -15.000011819.7158   21.6268
   -7.5000  -45.0000   -7.5000 7876.4551   23.7003
    0.0000  -45.0000   -7.5000 8300.4990   23.7109
    7.5000  -45.0000   -7.5000 7973.8691   23.6688
   -7.5000  -37.5000   -7.5000 8690.3994   23.2153
    0.0000  -37.5000   -7.5000 9152.6729   23.2171
    7.5000  -37.5000   -7.5000 8800.9795   23.1752
   -7.5000  -30.0000   -7.5000 9873.1836   22.9303
    0.0000  -30.0000   -7.500010399.9814   22.9302
    7.5000  -30.0000   -7.5000 9998.5781   22.8875
   -7.5000  -22.5000   -7.500011092.8770   22.8251
    0.0000  -22.5000   -7.500011685.9785   22.8292
    7.5000  -22.5000   -7.500011250.5908   22.7896
   -7.5000  -15.0000   -7.500012317.2588   22.7944
    0.0000  -15.0000   -7.500012982.3545   22.8033
    7.5000  -15.0000   -7.500012501.5381   22.7674
   -7.5000   -7.5000   -7.500013489.2188   22.7692
    0.0000   -7.5000   -7.500014231.8105   22.7797
    7.5000   -7.5000   -7.500013719.4990   22.7434
   -7.5000    0.0000   -7.500014588.5938   22.7692
    0.0000    0.0000   -7.500015391.0273   22.7765
    7.5000    0.0000   -7.500014822.3057   22.7365
   -7.5000    7.5000   -7.500014508.7451   22.7945
    0.0000    7.5000   -7.500015311.6201   22.7960
    7.5000    7.5000   -7.500014766.2217   22.7535
   -7.5000   15.0000   -7.500014193.5547   22.8235
    0.0000   15.0000   -7.500015029.6309   22.8234
    7.5000   15.0000   -7.500014469.4209   22.7811
   -7.5000   22.5000   -7.500013717.0693   22.8128
    0.0000   22.5000   -7.500014520.1699   22.8169
    7.5000   22.5000   -7.500013969.1943   22.7774
   -7.5000   30.0000   -7.500013288.7188   22.4988
    0.0000   30.0000   -7.500014053.6924   22.5075
    7.5000   30.0000   -7.500013509.6484   22.4721
   -7.5000   37.5000   -7.500013332.8477   22.4739
    0.0000   37.5000   -7.500014100.8750   22.4843
    7.5000   37.5000   -7.500013552.8135   22.4485
   -7.5000   45.0000   -7.500012561.2422   21.9452
    0.0000   45.0000   -7.500013250.9395   21.9523
    7.5000   45.0000   -7.500012745.6621   21.9137
   -7.5000  -45.0000    0.0000 8438.4688   23.7544
    0.0000  -45.0000    0.0000 8908.6260   23.7621
    7.5000  -45.0000    0.0000 8589.0547   23.7188
   -7.5000  -37.5000    0.0000 9350.5186   23.2788
    0.0000  -37.5000    0.0000 9859.9131   23.2823
    7.5000  -37.5000    0.0000 9502.5049   23.2366
   -7.5000  -30.0000    0.000010610.8672   22.9999
    0.0000  -30.0000    0.000011187.3262   23.0052
    7.5000  -30.0000    0.000010790.2168   22.9569
   -7.5000  -22.5000    0.000011897.4922   22.8877
    0.0000  -22.5000    0.000012539.8398   22.8955
    7.5000  -22.5000    0.000012115.2627   22.8524
   -7.5000  -15.0000    0.000013154.0664   22.8462
    0.0000  -15.0000    0.000013903.1230   22.8530
    7.5000  -15.0000    0.000013437.2100   22.8159
   -7.5000   -7.5000    0.000014421.2334   22.8163
    0.0000   -7.5000    0.000015259.7598   22.8217
    7.5000   -7.5000    0.000014735.7275   22.7845
   -7.5000    0.0000    0.000015646.3125   22.8206
    0.0000    0.0000    0.000016553.8262   22.8249
    7.5000    0.0000    0.000015949.7852   22.7837
   -7.5000    7.5000    0.000015552.7012   22.8572
    0.0000    7.5000    0.000016532.3379   22.8603
    7.5000    7.5000    0.000015916.4922   22.8146
   -7.5000   15.0000    0.000015159.9014   22.8927
    0.0000   15.0000    0.000016100.7910   22.8978
    7.5000   15.0000    0.000015553.0205   22.8501
   -7.5000   22.5000    0.000014623.5732   22.8754
    0.0000   22.5000    0.000015468.4121   22.8832
    7.5000   22.5000    0.000014985.9365   22.8402
   -7.5000   30.0000    0.000014156.2939   22.5505
    0.0000   30.0000    0.000014978.0283   22.5573
    7.5000   30.0000    0.000014469.7461   22.5206
   -7.5000   37.5000    0.000014175.3408   22.5210
    0.0000   37.5000    0.000015023.7646   22.5264
    7.5000   37.5000    0.000014480.7402   22.4896
   -7.5000   45.0000    0.000013338.4922   21.9964
    0.0000   45.0000    0.000014102.8896   22.0006
    7.5000   45.0000    0.000013608.4775   21.9608
   -7.5000  -45.0000    7.5000 8304.4639   23.7089
    0.0000  -45.0000    7.5000 8793.1250   23.7039
    7.5000  -45.0000    7.5000 8473.4395   23.6788
   -7.5000  -37.5000    7.5000 9201.9590   23.2152
    0.0000  -37.5000    7.5000 9740.4912   23.2100
    7.5000  -37.5000    7.5000 9401.8027   23.1859
   -7.5000  -30.0000    7.500010463.1562   22.9247
    0.0000  -30.0000    7.500011053.9287   22.9284
    7.5000  -30.0000    7.500010702.2412   22.9001
   -7.5000  -22.5000    7.500011772.3164   22.8205
    0.0000  -22.5000    7.500012409.9814   22.8289
    7.5000  -22.5000    7.500012039.6729   22.7994
   -7.5000  -15.0000    7.500013033.9805   22.8006
    0.0000  -15.0000    7.500013744.7168   22.8049
    7.5000  -15.0000    7.500013340.1289   22.7757
   -7.5000   -7.5000    7.500014264.8994   22.7832
    0.0000   -7.5000    7.500015077.4697   22.7807
    7.5000   -7.5000    7.500014586.5400   22.7537
   -7.5000    0.0000    7.500015536.2100   22.7805
    0.0000    0.0000    7.500016478.7227   22.7736
    7.5000    0.0000    7.500015892.4326   22.7498
   -7.5000    7.5000    7.500015425.3271   22.7969
    0.0000    7.5000    7.500016513.8965   22.7919
    7.5000    7.5000    7.500015974.5068   22.7676
   -7.5000   15.0000    7.500014956.2109   22.8178
    0.0000   15.0000    7.500015931.5879   22.8213
    7.5000   15.0000    7.500015566.1729   22.7935
   -7.5000   22.5000    7.500014409.1543   22.8082
    0.0000   22.5000    7.500015262.7061   22.8167
    7.5000   22.5000    7.500014929.6484   22.7872
   -7.5000   30.0000    7.500013963.4082   22.5055
    0.0000   30.0000    7.500014807.5156   22.5097
    7.5000   30.0000    7.500014396.5283   22.4810
   -7.5000   37.5000    7.500013961.5820   22.4884
    0.0000   37.5000    7.500014820.4473   22.4859
    7.5000   37.5000    7.500014357.0820   22.4592
   -7.5000   45.0000    7.500013123.0205   21.9578
    0.0000   45.0000    7.500013901.8271   21.9512
    7.5000   45.0000    7.500013468.6094   21.9282
   -7.5000  -45.0000   15.0000 8086.2998   23.6575
    0.0000  -45.0000   15.0000 8563.3857   23.6434
    7.5000  -45.0000   15.0000 8267.4844   23.6362
   -7.5000  -37.5000   15.0000 8988.2510   23.1393
    0.0000  -37.5000   15.0000 9491.4854   23.1259
    7.5000  -37.5000   15.0000 9181.8369   23.1242
   -7.5000  -30.0000   15.000010209.9766   22.8352
    0.0000  -30.0000   15.000010783.6270   22.8331
    7.5000  -30.0000   15.000010460.3164   22.8268
   -7.5000  -22.5000   15.000011457.3262   22.7454
    0.0000  -22.5000   15.000012113.0625   22.7502
    7.5000  -22.5000   15.000011783.0762   22.7357
   -7.5000  -15.0000   15.000012697.0918   22.7543
    0.0000  -15.0000   15.000013417.4043   22.7558
    7.5000  -15.0000   15.000013046.4082   22.7352
   -7.5000   -7.5000   15.000013955.7998   22.7501
    0.0000   -7.5000   15.000014749.2803   22.7431
    7.5000   -7.5000   15.000014311.7910   22.7267
   -7.5000    0.0000   15.000015203.1016   22.7352
    0.0000    0.0000   15.000016253.5186   22.7207
    7.5000    0.0000   15.000015778.1094   22.7140
   -7.5000    7.5000   15.000015166.5059   22.7244
    0.0000    7.5000   15.000016329.8438   22.7114
    7.5000    7.5000   15.000015885.3633   22.7091
   -7.5000   15.0000   15.000014739.0654   22.7287
    0.0000   15.0000   15.000015692.3008   22.7266
    7.5000   15.0000   15.000015386.0771   22.7206
   -7.5000   22.5000   15.000014241.6816   22.7331
    0.0000   22.5000   15.000015074.6807   22.7380
    7.5000   22.5000   15.000014728.8027   22.7235
   -7.5000   30.0000   15.000013821.4561   22.4598
    0.0000   30.0000   15.000014697.0127   22.4613
    7.5000   30.0000   15.000014221.9346   22.4409
   -7.5000   37.5000   15.000013797.4248   22.4557
    0.0000   37.5000   15.000014714.4238   22.4487
    7.5000   37.5000   15.000014153.6729   22.4326
   -7.5000   45.0000   15.000012901.7578   21.9141
    0.0000   45.0000   15.000013746.7607   21.9001
    7.5000   45.0000   15.000013207.6650   21.8937
   -7.5000  -45.0000   22.5000 7690.4658   23.6543
    0.0000  -45.0000   22.5000 8180.6133   23.6462
    7.5000  -45.0000   22.5000 7928.8926   23.6388
   -7.5000  -37.5000   22.5000 8594.6211   23.1258
    0.0000  -37.5000   22.5000 9120.4521   23.1150
    7.5000  -37.5000   22.5000 8831.7598   23.1146
   -7.5000  -30.0000   22.5000 9807.4014   22.8172
    0.0000  -30.0000   22.500010402.9180   22.8130
    7.5000  -30.0000   22.500010089.4766   22.8099
   -7.5000  -22.5000   22.500011065.7842   22.7359
    0.0000  -22.5000   22.500011706.0508   22.7382
    7.5000  -22.5000   22.500011365.6816   22.7264
   -7.5000  -15.0000   22.500012304.6025   22.7549
    0.0000  -15.0000   22.500012986.0527   22.7579
    7.5000  -15.0000   22.500012593.8672   22.7389
   -7.5000   -7.5000   22.500013477.2461   22.7532
    0.0000   -7.5000   22.500014242.4121   22.7516
    7.5000   -7.5000   22.500013808.0957   22.7362
   -7.5000    0.0000   22.500014638.9355   22.7323
    0.0000    0.0000   22.500015607.2842   22.7236
    7.5000    0.0000   22.500014982.5215   22.7168
   -7.5000    7.5000   22.500014676.6631   22.7107
    0.0000    7.5000   22.500015807.2773   22.7003
    7.5000    7.5000   22.500014879.1445   22.6987
   -7.5000   15.0000   22.500014477.3486   22.7109
    0.0000   15.0000   22.500015492.3975   22.7068
    7.5000   15.0000   22.500014534.4893   22.7039
   -7.5000   22.5000   22.500014048.4873   22.7237
    0.0000   22.5000   22.500014951.8184   22.7259
    7.5000   22.5000   22.500014067.2217   22.7142
   -7.5000   30.0000   22.500013581.2842   22.4604
    0.0000   30.0000   22.500014436.6963   22.4634
    7.5000   30.0000   22.500013626.0986   22.4446
   -7.5000   37.5000   22.500013441.5820   22.4587
    0.0000   37.5000   22.500014280.4717   22.4571
    7.5000   37.5000   22.500013539.5986   22.4420
   -7.5000   45.0000   22.500012491.8389   21.9114
    0.0000   45.0000   22.500013237.3730   21.9029
    7.5000   45.0000   22.500012651.9688   21.8964
   -7.5000  -45.0000   30.0000 7285.2163   23.7013
    0.0000  -45.0000   30.0000 7741.3789   23.7053
    7.5000  -45.0000   30.0000 7528.8535   23.6810
   -7.5000  -37.5000   30.0000 8117.9243   23.1869
    0.0000  -37.5000   30.0000 8610.5254   23.1827
    7.5000  -37.5000   30.0000 8358.1943   23.1637
   -7.5000  -30.0000   30.0000 9263.6094   22.8854
    0.0000  -30.0000   30.0000 9812.3369   22.8816
    7.5000  -30.0000   30.0000 9514.7314   22.8620
   -7.5000  -22.5000   30.000010480.0625   22.7964
    0.0000  -22.5000   30.000011076.6348   22.7987
    7.5000  -22.5000   30.000010709.0117   22.7753
   -7.5000  -15.0000   30.000011656.0762   22.7974
    0.0000  -15.0000   30.000012334.2793   22.8052
    7.5000  -15.0000   30.000011882.1611   22.7788
   -7.5000   -7.5000   30.000012830.8721   22.7870
    0.0000   -7.5000   30.000013602.6992   22.7951
    7.5000   -7.5000   30.000013028.1973   22.7700
   -7.5000    0.0000   30.000013936.3887   22.7740
    0.0000    0.0000   30.000014814.3369   22.7760
    7.5000    0.0000   30.000014048.1074   22.7530
   -7.5000    7.5000   30.000013915.3613   22.7685
    0.0000    7.5000   30.000014782.8174   22.7643
    7.5000    7.5000   30.000013921.2373   22.7440
   -7.5000   15.0000   30.000013708.8135   22.7789
    0.0000   15.0000   30.000014582.0332   22.7752
    7.5000   15.0000   30.000013728.3555   22.7558
   -7.5000   22.5000   30.000013331.7588   22.7842
    0.0000   22.5000   30.000014206.9902   22.7864
    7.5000   22.5000   30.000013445.1592   22.7631
   -7.5000   30.0000   30.000012818.6826   22.5024
    0.0000   30.0000   30.000013648.1865   22.5100
    7.5000   30.0000   30.000012958.7920   22.4840
   -7.5000   37.5000   30.000012620.6250   22.4921
    0.0000   37.5000   30.000013435.9756   22.5001
    7.5000   37.5000   30.000012810.1094   22.4753
   -7.5000   45.0000   30.000011738.5117   21.9515
    0.0000   45.0000   30.000012465.8311   21.9534
    7.5000   45.0000   30.000011926.4570   21.9313
   -7.5000  -45.0000   37.5000 7056.1440   23.7609
    0.0000  -45.0000   37.5000 7505.2900   23.7716
    7.5000  -45.0000   37.5000 7274.9517   23.7292
   -7.5000  -37.5000   37.5000 7874.6777   23.2743
    0.0000  -37.5000   37.5000 8357.1113   23.2760
    7.5000  -37.5000   37.5000 8087.1255   23.2340
   -7.5000  -30.0000   37.5000 8990.6689   22.9885
    0.0000  -30.0000   37.5000 9537.4170   22.9883
    7.5000  -30.0000   37.5000 9236.1875   22.9454
   -7.5000  -22.5000   37.500010175.3301   22.8832
    0.0000  -22.5000   37.500010780.5703   22.8872
    7.5000  -22.5000   37.500010404.2539   22.8474
   -7.5000  -15.0000   37.500011300.2646   22.8526
    0.0000  -15.0000   37.500011970.8408   22.8614
    7.5000  -15.0000   37.500011570.0967   22.8252
   -7.5000   -7.5000   37.500012406.4102   22.8272
    0.0000   -7.5000   37.500013112.3809   22.8377
    7.5000   -7.5000   37.500012660.2070   22.8012
   -7.5000    0.0000   37.500013459.6328   22.8270
    0.0000    0.0000   37.500014161.5088   22.8343
    7.5000    0.0000   37.500013630.1172   22.7941
   -7.5000    7.5000   37.500013407.4004   22.8522
    0.0000    7.5000   37.500014056.9385   22.8537
    7.5000    7.5000   37.500013542.3662   22.8110
   -7.5000   15.0000   37.500013169.0596   22.8814
    0.0000   15.0000   37.500013810.9502   22.8811
    7.5000   15.0000   37.500013357.7197   22.8386
   -7.5000   22.5000   37.500012843.7666   22.8709
    0.0000   22.5000   37.500013516.7715   22.8749
    7.5000   22.5000   37.500013075.2617   22.8351
   -7.5000   30.0000   37.500012430.8047   22.5568
    0.0000   30.0000   37.500013090.9697   22.5655
    7.5000   30.0000   37.500012652.5186   22.5298
   -7.5000   37.5000   37.500012278.6338   22.5318
    0.0000   37.5000   37.500012930.7812   22.5421
    7.5000   37.5000   37.500012491.6670   22.5061
   -7.5000   45.0000   37.500011481.5029   22.0026
    0.0000   45.0000   37.500012065.3027   22.0097
    7.5000   45.0000   37.500011632.8555   21.9709
   -7.5000  -45.0000   45.0000 6521.3530   23.7178
    0.0000  -45.0000   45.0000 6907.3057   23.7269
    7.5000  -45.0000   45.0000 6711.0796   23.6842
   -7.5000  -37.5000   45.0000 7260.0298   23.2399
    0.0000  -37.5000   45.0000 7694.5215   23.2448
    7.5000  -37.5000   45.0000 7469.3867   23.1999
   -7.5000  -30.0000   45.0000 8283.7656   22.9598
    0.0000  -30.0000   45.0000 8764.5068   22.9666
    7.5000  -30.0000   45.0000 8534.0742   22.9193
   -7.5000  -22.5000   45.0000 9345.9551   22.8478
    0.0000  -22.5000   45.0000 9850.9717   22.8570
    7.5000  -22.5000   45.0000 9611.1660   22.8147
   -7.5000  -15.0000   45.000010374.9814   22.8068
    0.0000  -15.0000   45.000010918.5674   22.8148
    7.5000  -15.0000   45.000010629.9707   22.7783
   -7.5000   -7.5000   45.000011371.2832   22.7769
    0.0000   -7.5000   45.000011957.4492   22.7835
    7.5000   -7.5000   45.000011591.4580   22.7468
   -7.5000    0.0000   45.000012303.1025   22.7809
    0.0000    0.0000   45.000012871.2041   22.7864
    7.5000    0.0000   45.000012445.5908   22.7458
   -7.5000    7.5000   45.000012255.1523   22.8170
    0.0000    7.5000   45.000012769.8828   22.8214
    7.5000    7.5000   45.000012367.0732   22.7765
   -7.5000   15.0000   45.000012047.9648   22.8523
    0.0000   15.0000   45.000012577.6230   22.8589
    7.5000   15.0000   45.000012209.2178   22.8121
   -7.5000   22.5000   45.000011778.3857   22.8354
    0.0000   22.5000   45.000012316.2139   22.8446
    7.5000   22.5000   45.000011947.9658   22.8024
   -7.5000   30.0000   45.000011428.1309   22.5096
    0.0000   30.0000   45.000011970.6357   22.5176
    7.5000   30.0000   45.000011584.4150   22.4816
   -7.5000   37.5000   45.000011358.9844   22.4801
    0.0000   37.5000   45.000011886.6426   22.4867
    7.5000   37.5000   45.000011478.2441   22.4505
   -7.5000   45.0000   45.000010639.3535   21.9681
    0.0000   45.0000   45.000011127.3584   21.9734
    7.5000   45.0000   45.000010715.1543   21.9342

---------------------------------------------------------------------
imgreg_4dfp /opt/freesurfer/average/711-2C_as_mni_average_305 /opt/freesurfer/average/711-2B_as_mni_average_305_mask talsrcimg_g11 none talsrcimg_to_711-2C_as_mni_average_305_t4 4355
---------------------------------------------------------------------

freesurfer imgreg_4dfp.c
/opt/freesurfer/average/711-2C_as_mni_average_305.4dfp.img
       256       256       256         1
  1.000000  1.000000  1.000000
orientation T byte_order littleendian
Reading image: /opt/freesurfer/average/711-2C_as_mni_average_305.4dfp.img
dimensions:      256       256       256
mmppix:       1.0000   -1.0000   -1.0000
center:     128.0000 -129.0000 -129.0000
/opt/freesurfer/average/711-2B_as_mni_average_305_mask.4dfp.img
       256       256       256         1
  1.000000  1.000000  1.000000
orientation T byte_order littleendian
Reading mask: /opt/freesurfer/average/711-2B_as_mni_average_305_mask.4dfp.img (2306576 pixels)
talsrcimg_g11.4dfp.img
       256       256       256         1
  1.000000  1.000000  1.000000
orientation T byte_order littleendian
Reading image: talsrcimg_g11.4dfp.img
dimensions:      256       256       256
mmppix:       1.0000   -1.0000   -1.0000
center:     128.0000 -129.0000 -129.0000
rotation matrix determinant  1.000000
image alignment mode   4355 decimal     1103 hex
   -7.5000  -45.0000  -45.0000 1588.2129   41.6079
    0.0000  -45.0000  -45.0000 1586.3988   40.7559
    7.5000  -45.0000  -45.0000 1574.3931   40.7345
   -7.5000  -37.5000  -45.0000 1704.8906   36.3573
    0.0000  -37.5000  -45.0000 1703.2255   35.6373
    7.5000  -37.5000  -45.0000 1695.7089   35.5678
   -7.5000  -30.0000  -45.0000 1803.6349   32.0732
    0.0000  -30.0000  -45.0000 1808.0728   31.5714
    7.5000  -30.0000  -45.0000 1808.0922   31.5441
   -7.5000  -22.5000  -45.0000 1897.0369   28.7850
    0.0000  -22.5000  -45.0000 1901.4279   28.3221
    7.5000  -22.5000  -45.0000 1899.9711   28.3420
   -7.5000  -15.0000  -45.0000 1988.2415   26.2705
    0.0000  -15.0000  -45.0000 1997.2847   25.8730
    7.5000  -15.0000  -45.0000 1990.3698   25.8692
   -7.5000   -7.5000  -45.0000 2065.0923   24.4379
    0.0000   -7.5000  -45.0000 2070.3948   24.1196
    7.5000   -7.5000  -45.0000 2059.7346   24.0726
   -7.5000    0.0000  -45.0000 2112.8091   23.1795
    0.0000    0.0000  -45.0000 2121.5212   22.8711
    7.5000    0.0000  -45.0000 2106.6868   22.7746
   -7.5000    7.5000  -45.0000 2135.3630   22.3749
    0.0000    7.5000  -45.0000 2144.2769   22.0401
    7.5000    7.5000  -45.0000 2129.2656   21.9547
   -7.5000   15.0000  -45.0000 2134.9551   21.9324
    0.0000   15.0000  -45.0000 2143.1702   21.6328
    7.5000   15.0000  -45.0000 2133.2754   21.5986
   -7.5000   22.5000  -45.0000 2126.5728   21.9206
    0.0000   22.5000  -45.0000 2133.2493   21.6938
    7.5000   22.5000  -45.0000 2122.1606   21.6580
   -7.5000   30.0000  -45.0000 2106.3018   22.3260
    0.0000   30.0000  -45.0000 2106.1824   22.0403
    7.5000   30.0000  -45.0000 2100.9270   22.0994
   -7.5000   37.5000  -45.0000 2063.2915   23.1883
    0.0000   37.5000  -45.0000 2073.0112   22.8198
    7.5000   37.5000  -45.0000 2065.9907   22.8625
   -7.5000   45.0000  -45.0000 2010.6797   24.5925
    0.0000   45.0000  -45.0000 2022.6754   24.1299
    7.5000   45.0000  -45.0000 2013.5474   24.1778
   -7.5000  -45.0000  -37.5000 1660.8397   38.3067
    0.0000  -45.0000  -37.5000 1659.9532   37.7120
    7.5000  -45.0000  -37.5000 1649.2722   37.6099
   -7.5000  -37.5000  -37.5000 1776.7783   33.2411
    0.0000  -37.5000  -37.5000 1780.2687   32.8025
    7.5000  -37.5000  -37.5000 1773.1074   32.6351
   -7.5000  -30.0000  -37.5000 1887.1870   29.3656
    0.0000  -30.0000  -37.5000 1899.4792   29.0127
    7.5000  -30.0000  -37.5000 1891.7064   28.9505
   -7.5000  -22.5000  -37.5000 1991.9429   26.3232
    0.0000  -22.5000  -37.5000 2003.0929   26.0031
    7.5000  -22.5000  -37.5000 1992.2513   26.0070
   -7.5000  -15.0000  -37.5000 2088.9731   24.1195
    0.0000  -15.0000  -37.5000 2102.7400   23.8305
    7.5000  -15.0000  -37.5000 2091.1382   23.7472
   -7.5000   -7.5000  -37.5000 2165.6082   22.4924
    0.0000   -7.5000  -37.5000 2181.8923   22.2232
    7.5000   -7.5000  -37.5000 2168.2234   22.1534
   -7.5000    0.0000  -37.5000 2214.2693   21.2670
    0.0000    0.0000  -37.5000 2229.7754   20.9771
    7.5000    0.0000  -37.5000 2220.9114   20.9167
   -7.5000    7.5000  -37.5000 2235.8545   20.4592
    0.0000    7.5000  -37.5000 2253.2703   20.1709
    7.5000    7.5000  -37.5000 2243.3884   20.0836
   -7.5000   15.0000  -37.5000 2237.6448   20.0644
    0.0000   15.0000  -37.5000 2253.2966   19.7971
    7.5000   15.0000  -37.5000 2245.6458   19.7584
   -7.5000   22.5000  -37.5000 2222.6458   20.0538
    0.0000   22.5000  -37.5000 2239.0381   19.8542
    7.5000   22.5000  -37.5000 2237.4880   19.7763
   -7.5000   30.0000  -37.5000 2200.1160   20.3159
    0.0000   30.0000  -37.5000 2215.0220   20.0841
    7.5000   30.0000  -37.5000 2212.3262   20.0571
   -7.5000   37.5000  -37.5000 2169.3838   21.0126
    0.0000   37.5000  -37.5000 2190.2158   20.7582
    7.5000   37.5000  -37.5000 2178.0022   20.7395
   -7.5000   45.0000  -37.5000 2120.5483   22.3445
    0.0000   45.0000  -37.5000 2140.0664   21.9818
    7.5000   45.0000  -37.5000 2131.4177   21.9454
   -7.5000  -45.0000  -30.0000 1749.8729   36.4161
    0.0000  -45.0000  -30.0000 1759.0862   35.9995
    7.5000  -45.0000  -30.0000 1755.4623   35.9686
   -7.5000  -37.5000  -30.0000 1869.8203   31.4702
    0.0000  -37.5000  -30.0000 1886.2349   31.1406
    7.5000  -37.5000  -30.0000 1887.9740   31.1160
   -7.5000  -30.0000  -30.0000 1991.3094   27.8151
    0.0000  -30.0000  -30.0000 2012.5813   27.4659
    7.5000  -30.0000  -30.0000 2012.6356   27.4270
   -7.5000  -22.5000  -30.0000 2110.4939   24.9790
    0.0000  -22.5000  -30.0000 2131.0852   24.6611
    7.5000  -22.5000  -30.0000 2127.6294   24.6574
   -7.5000  -15.0000  -30.0000 2225.9075   22.8775
    0.0000  -15.0000  -30.0000 2240.7393   22.5683
    7.5000  -15.0000  -30.0000 2227.7944   22.5338
   -7.5000   -7.5000  -30.0000 2305.0188   21.3087
    0.0000   -7.5000  -30.0000 2321.5635   21.0248
    7.5000   -7.5000  -30.0000 2301.4055   21.0121
   -7.5000    0.0000  -30.0000 2354.7991   20.1551
    0.0000    0.0000  -30.0000 2374.9849   19.8569
    7.5000    0.0000  -30.0000 2356.4368   19.8719
   -7.5000    7.5000  -30.0000 2381.3079   19.3437
    0.0000    7.5000  -30.0000 2400.4021   19.0098
    7.5000    7.5000  -30.0000 2390.0596   19.0252
   -7.5000   15.0000  -30.0000 2387.0549   18.9238
    0.0000   15.0000  -30.0000 2407.2888   18.6204
    7.5000   15.0000  -30.0000 2404.4663   18.6262
   -7.5000   22.5000  -30.0000 2373.5847   18.9483
    0.0000   22.5000  -30.0000 2394.5503   18.6592
    7.5000   22.5000  -30.0000 2395.1699   18.6628
   -7.5000   30.0000  -30.0000 2348.6086   19.2072
    0.0000   30.0000  -30.0000 2368.7881   18.9115
    7.5000   30.0000  -30.0000 2374.5024   18.9115
   -7.5000   37.5000  -30.0000 2320.1765   19.8891
    0.0000   37.5000  -30.0000 2341.6240   19.5355
    7.5000   37.5000  -30.0000 2338.6580   19.5740
   -7.5000   45.0000  -30.0000 2266.6460   21.1137
    0.0000   45.0000  -30.0000 2287.4558   20.7646
    7.5000   45.0000  -30.0000 2287.1165   20.7271
   -7.5000  -45.0000  -22.5000 1821.4504   34.4172
    0.0000  -45.0000  -22.5000 1834.3960   33.9354
    7.5000  -45.0000  -22.5000 1838.3472   33.9381
   -7.5000  -37.5000  -22.5000 1951.9923   29.6806
    0.0000  -37.5000  -22.5000 1971.4910   29.3624
    7.5000  -37.5000  -22.5000 1977.7371   29.2828
   -7.5000  -30.0000  -22.5000 2084.8147   26.3077
    0.0000  -30.0000  -22.5000 2108.4658   25.9291
    7.5000  -30.0000  -22.5000 2106.4780   25.8139
   -7.5000  -22.5000  -22.5000 2210.1855   23.6645
    0.0000  -22.5000  -22.5000 2231.4014   23.2875
    7.5000  -22.5000  -22.5000 2229.4475   23.2053
   -7.5000  -15.0000  -22.5000 2327.5728   21.5482
    0.0000  -15.0000  -22.5000 2344.7666   21.2096
    7.5000  -15.0000  -22.5000 2335.4050   21.1878
   -7.5000   -7.5000  -22.5000 2413.2229   19.9908
    0.0000   -7.5000  -22.5000 2434.6604   19.7327
    7.5000   -7.5000  -22.5000 2418.4746   19.7624
   -7.5000    0.0000  -22.5000 2469.2341   18.8959
    0.0000    0.0000  -22.5000 2486.5056   18.6051
    7.5000    0.0000  -22.5000 2476.6462   18.6981
   -7.5000    7.5000  -22.5000 2505.9700   18.1618
    0.0000    7.5000  -22.5000 2521.6523   17.7722
    7.5000    7.5000  -22.5000 2518.4502   17.9129
   -7.5000   15.0000  -22.5000 2521.6753   17.7214
    0.0000   15.0000  -22.5000 2539.4773   17.3755
    7.5000   15.0000  -22.5000 2541.6152   17.4708
   -7.5000   22.5000  -22.5000 2517.9314   17.7572
    0.0000   22.5000  -22.5000 2537.1318   17.3850
    7.5000   22.5000  -22.5000 2541.1526   17.4454
   -7.5000   30.0000  -22.5000 2486.5159   17.9932
    0.0000   30.0000  -22.5000 2517.2327   17.6543
    7.5000   30.0000  -22.5000 2517.0869   17.6776
   -7.5000   37.5000  -22.5000 2452.7390   18.6907
    0.0000   37.5000  -22.5000 2485.5237   18.3356
    7.5000   37.5000  -22.5000 2479.8562   18.3555
   -7.5000   45.0000  -22.5000 2390.1208   19.8429
    0.0000   45.0000  -22.5000 2422.0369   19.4950
    7.5000   45.0000  -22.5000 2415.6692   19.4804
   -7.5000  -45.0000  -15.0000 1869.9420   32.8129
    0.0000  -45.0000  -15.0000 1883.1880   32.2243
    7.5000  -45.0000  -15.0000 1884.0051   32.2339
   -7.5000  -37.5000  -15.0000 2007.1660   28.2363
    0.0000  -37.5000  -15.0000 2028.8988   27.8058
    7.5000  -37.5000  -15.0000 2030.0623   27.7860
   -7.5000  -30.0000  -15.0000 2148.5618   24.9449
    0.0000  -30.0000  -15.0000 2173.1895   24.4904
    7.5000  -30.0000  -15.0000 2167.2827   24.4960
   -7.5000  -22.5000  -15.0000 2279.1716   22.3441
    0.0000  -22.5000  -15.0000 2302.1426   21.9390
    7.5000  -22.5000  -15.0000 2294.4216   21.9884
   -7.5000  -15.0000  -15.0000 2400.2249   20.3155
    0.0000  -15.0000  -15.0000 2418.5352   19.9697
    7.5000  -15.0000  -15.0000 2406.4019   20.0082
   -7.5000   -7.5000  -15.0000 2493.3354   18.8195
    0.0000   -7.5000  -15.0000 2512.8875   18.5209
    7.5000   -7.5000  -15.0000 2503.2161   18.5573
   -7.5000    0.0000  -15.0000 2561.0801   17.7613
    0.0000    0.0000  -15.0000 2575.3818   17.4205
    7.5000    0.0000  -15.0000 2571.8420   17.5137
   -7.5000    7.5000  -15.0000 2607.3882   17.0870
    0.0000    7.5000  -15.0000 2622.3269   16.7140
    7.5000    7.5000  -15.0000 2623.4475   16.8100
   -7.5000   15.0000  -15.0000 2623.8508   16.6529
    0.0000   15.0000  -15.0000 2647.6362   16.3205
    7.5000   15.0000  -15.0000 2649.8457   16.3914
   -7.5000   22.5000  -15.0000 2625.1443   16.5788
    0.0000   22.5000  -15.0000 2652.5312   16.2539
    7.5000   22.5000  -15.0000 2653.7603   16.3185
   -7.5000   30.0000  -15.0000 2597.6404   16.8112
    0.0000   30.0000  -15.0000 2638.0271   16.4865
    7.5000   30.0000  -15.0000 2632.1199   16.5179
   -7.5000   37.5000  -15.0000 2556.1917   17.5545
    0.0000   37.5000  -15.0000 2597.1165   17.1891
    7.5000   37.5000  -15.0000 2591.1909   17.2263
   -7.5000   45.0000  -15.0000 2484.3125   18.7214
    0.0000   45.0000  -15.0000 2526.0828   18.3264
    7.5000   45.0000  -15.0000 2520.4629   18.3675
   -7.5000  -45.0000   -7.5000 1912.7223   31.5624
    0.0000  -45.0000   -7.5000 1931.2301   31.0440
    7.5000  -45.0000   -7.5000 1930.2976   30.9726
   -7.5000  -37.5000   -7.5000 2062.2493   27.2148
    0.0000  -37.5000   -7.5000 2083.9097   26.7237
    7.5000  -37.5000   -7.5000 2081.8521   26.6666
   -7.5000  -30.0000   -7.5000 2207.2097   23.9472
    0.0000  -30.0000   -7.5000 2233.3655   23.4613
    7.5000  -30.0000   -7.5000 2225.7617   23.4549
   -7.5000  -22.5000   -7.5000 2335.1040   21.3126
    0.0000  -22.5000   -7.5000 2361.2231   20.9162
    7.5000  -22.5000   -7.5000 2350.8572   20.9082
   -7.5000  -15.0000   -7.5000 2455.3098   19.2549
    0.0000  -15.0000   -7.5000 2475.8003   18.9138
    7.5000  -15.0000   -7.5000 2468.8364   18.9666
   -7.5000   -7.5000   -7.5000 2557.5854   17.7925
    0.0000   -7.5000   -7.5000 2579.4504   17.4495
    7.5000   -7.5000   -7.5000 2573.6450   17.5192
   -7.5000    0.0000   -7.5000 2637.7979   16.7360
    0.0000    0.0000   -7.5000 2657.6160   16.4304
    7.5000    0.0000   -7.5000 2655.1360   16.4696
   -7.5000    7.5000   -7.5000 2692.8191   16.0695
    0.0000    7.5000   -7.5000 2717.0483   15.7491
    7.5000    7.5000   -7.5000 2720.5508   15.8009
   -7.5000   15.0000   -7.5000 2717.6750   15.6947
    0.0000   15.0000   -7.5000 2744.7061   15.3916
    7.5000   15.0000   -7.5000 2749.5916   15.3994
   -7.5000   22.5000   -7.5000 2723.9143   15.5673
    0.0000   22.5000   -7.5000 2752.1875   15.2468
    7.5000   22.5000   -7.5000 2755.2568   15.3014
   -7.5000   30.0000   -7.5000 2706.6765   15.8277
    0.0000   30.0000   -7.5000 2738.0203   15.4575
    7.5000   30.0000   -7.5000 2735.6467   15.5195
   -7.5000   37.5000   -7.5000 2657.7844   16.5884
    0.0000   37.5000   -7.5000 2695.4048   16.1811
    7.5000   37.5000   -7.5000 2693.5781   16.2221
   -7.5000   45.0000   -7.5000 2571.9824   17.7376
    0.0000   45.0000   -7.5000 2612.5820   17.3097
    7.5000   45.0000   -7.5000 2609.7920   17.3103
   -7.5000  -45.0000    0.0000 1941.2476   30.8063
    0.0000  -45.0000    0.0000 1965.3875   30.1936
    7.5000  -45.0000    0.0000 1963.1451   30.2416
   -7.5000  -37.5000    0.0000 2101.8162   26.4663
    0.0000  -37.5000    0.0000 2125.6230   25.9118
    7.5000  -37.5000    0.0000 2122.8093   25.9489
   -7.5000  -30.0000    0.0000 2243.1953   23.1544
    0.0000  -30.0000    0.0000 2270.8113   22.6710
    7.5000  -30.0000    0.0000 2265.6482   22.6410
   -7.5000  -22.5000    0.0000 2369.0518   20.5207
    0.0000  -22.5000    0.0000 2394.7495   20.0918
    7.5000  -22.5000    0.0000 2392.4346   20.0946
   -7.5000  -15.0000    0.0000 2488.0015   18.4972
    0.0000  -15.0000    0.0000 2515.3083   18.1332
    7.5000  -15.0000    0.0000 2514.5737   18.1117
   -7.5000   -7.5000    0.0000 2595.7957   16.9867
    0.0000   -7.5000    0.0000 2625.2544   16.6576
    7.5000   -7.5000    0.0000 2623.5745   16.6965
   -7.5000    0.0000    0.0000 2688.8530   15.9425
    0.0000    0.0000    0.0000 2722.6667   15.6023
    7.5000    0.0000    0.0000 2717.2356   15.6791
   -7.5000    7.5000    0.0000 2756.5059   15.3022
    0.0000    7.5000    0.0000 2789.4209   14.9557
    7.5000    7.5000    0.0000 2791.6255   15.0005
   -7.5000   15.0000    0.0000 2797.4109   14.8840
    0.0000   15.0000    0.0000 2827.5645   14.5461
    7.5000   15.0000    0.0000 2837.5085   14.5939
   -7.5000   22.5000    0.0000 2808.1182   14.7721
    0.0000   22.5000    0.0000 2834.9265   14.4173
    7.5000   22.5000    0.0000 2845.5725   14.4854
   -7.5000   30.0000    0.0000 2786.7786   15.0479
    0.0000   30.0000    0.0000 2817.7771   14.6695
    7.5000   30.0000    0.0000 2821.8286   14.7278
   -7.5000   37.5000    0.0000 2728.4382   15.8242
    0.0000   37.5000    0.0000 2766.7581   15.4032
    7.5000   37.5000    0.0000 2768.9087   15.4547
   -7.5000   45.0000    0.0000 2635.5635   16.9673
    0.0000   45.0000    0.0000 2678.9861   16.5421
    7.5000   45.0000    0.0000 2682.6223   16.5951
   -7.5000  -45.0000    7.5000 1948.3090   30.2983
    0.0000  -45.0000    7.5000 1978.9835   29.5862
    7.5000  -45.0000    7.5000 1982.5708   29.6839
   -7.5000  -37.5000    7.5000 2108.3718   25.9203
    0.0000  -37.5000    7.5000 2142.1890   25.3426
    7.5000  -37.5000    7.5000 2143.2500   25.4476
   -7.5000  -30.0000    7.5000 2252.2056   22.5217
    0.0000  -30.0000    7.5000 2282.8101   22.0018
    7.5000  -30.0000    7.5000 2287.5269   22.0996
   -7.5000  -22.5000    7.5000 2386.6177   19.9443
    0.0000  -22.5000    7.5000 2415.4248   19.4223
    7.5000  -22.5000    7.5000 2423.9595   19.5372
   -7.5000  -15.0000    7.5000 2511.1929   17.9686
    0.0000  -15.0000    7.5000 2540.3186   17.4874
    7.5000  -15.0000    7.5000 2551.6108   17.5516
   -7.5000   -7.5000    7.5000 2625.9353   16.4600
    0.0000   -7.5000    7.5000 2657.8728   16.0398
    7.5000   -7.5000    7.5000 2665.0156   16.1047
   -7.5000    0.0000    7.5000 2730.4475   15.3984
    0.0000    0.0000    7.5000 2765.4868   15.0406
    7.5000    0.0000    7.5000 2770.9875   15.1078
   -7.5000    7.5000    7.5000 2810.9553   14.6993
    0.0000    7.5000    7.5000 2848.7969   14.3498
    7.5000    7.5000    7.5000 2862.8132   14.4434
   -7.5000   15.0000    7.5000 2857.4929   14.2360
    0.0000   15.0000    7.5000 2899.8013   13.8698
    7.5000   15.0000    7.5000 2913.6951   14.0413
   -7.5000   22.5000    7.5000 2869.5410   14.1261
    0.0000   22.5000    7.5000 2909.7510   13.7252
    7.5000   22.5000    7.5000 2919.8398   13.9233
   -7.5000   30.0000    7.5000 2846.6912   14.5240
    0.0000   30.0000    7.5000 2883.0413   14.1039
    7.5000   30.0000    7.5000 2890.5483   14.2374
   -7.5000   37.5000    7.5000 2784.8499   15.3067
    0.0000   37.5000    7.5000 2822.9875   14.8907
    7.5000   37.5000    7.5000 2831.1743   14.9641
   -7.5000   45.0000    7.5000 2686.3918   16.4426
    0.0000   45.0000    7.5000 2724.0459   16.0257
    7.5000   45.0000    7.5000 2734.2051   16.1165
   -7.5000  -45.0000   15.0000 1957.7804   30.5756
    0.0000  -45.0000   15.0000 1987.2721   29.5944
    7.5000  -45.0000   15.0000 2003.0070   29.6824
   -7.5000  -37.5000   15.0000 2119.7319   25.9692
    0.0000  -37.5000   15.0000 2148.2427   25.1487
    7.5000  -37.5000   15.0000 2163.4250   25.2206
   -7.5000  -30.0000   15.0000 2259.2166   22.4014
    0.0000  -30.0000   15.0000 2287.2935   21.6940
    7.5000  -30.0000   15.0000 2301.0632   21.7710
   -7.5000  -22.5000   15.0000 2389.0264   19.7337
    0.0000  -22.5000   15.0000 2419.6257   19.0779
    7.5000  -22.5000   15.0000 2436.4480   19.1572
   -7.5000  -15.0000   15.0000 2513.2651   17.7078
    0.0000  -15.0000   15.0000 2542.2683   17.1473
    7.5000  -15.0000   15.0000 2562.5981   17.1811
   -7.5000   -7.5000   15.0000 2630.0059   16.1836
    0.0000   -7.5000   15.0000 2659.8701   15.6993
    7.5000   -7.5000   15.0000 2679.5156   15.7503
   -7.5000    0.0000   15.0000 2740.2488   15.1215
    0.0000    0.0000   15.0000 2777.6248   14.6785
    7.5000    0.0000   15.0000 2794.5142   14.7417
   -7.5000    7.5000   15.0000 2834.3479   14.3946
    0.0000    7.5000   15.0000 2873.3242   14.0499
    7.5000    7.5000   15.0000 2904.7000   14.1128
   -7.5000   15.0000   15.0000 2887.5210   13.8827
    0.0000   15.0000   15.0000 2942.0894   13.4922
    7.5000   15.0000   15.0000 2964.1133   13.7067
   -7.5000   22.5000   15.0000 2911.8860   13.8765
    0.0000   22.5000   15.0000 2964.2307   13.3986
    7.5000   22.5000   15.0000 2964.7893   13.6373
   -7.5000   30.0000   15.0000 2885.6384   14.3735
    0.0000   30.0000   15.0000 2933.5452   13.9731
    7.5000   30.0000   15.0000 2934.5601   14.0275
   -7.5000   37.5000   15.0000 2815.5261   15.1739
    0.0000   37.5000   15.0000 2865.0979   14.7643
    7.5000   37.5000   15.0000 2868.0354   14.7582
   -7.5000   45.0000   15.0000 2708.4424   16.2249
    0.0000   45.0000   15.0000 2752.5493   15.8216
    7.5000   45.0000   15.0000 2760.3950   15.8028
   -7.5000  -45.0000   22.5000 1938.5417   30.6069
    0.0000  -45.0000   22.5000 1970.6963   29.6623
    7.5000  -45.0000   22.5000 1989.2805   29.6005
   -7.5000  -37.5000   22.5000 2111.8984   26.1216
    0.0000  -37.5000   22.5000 2144.9517   25.2263
    7.5000  -37.5000   22.5000 2156.1145   25.1577
   -7.5000  -30.0000   22.5000 2259.1738   22.6275
    0.0000  -30.0000   22.5000 2293.4036   21.8441
    7.5000  -30.0000   22.5000 2305.3525   21.7739
   -7.5000  -22.5000   22.5000 2392.9202   19.9608
    0.0000  -22.5000   22.5000 2425.5811   19.2284
    7.5000  -22.5000   22.5000 2442.4751   19.1973
   -7.5000  -15.0000   22.5000 2516.0408   17.8775
    0.0000  -15.0000   22.5000 2545.9021   17.2319
    7.5000  -15.0000   22.5000 2570.7000   17.1797
   -7.5000   -7.5000   22.5000 2633.4841   16.3352
    0.0000   -7.5000   22.5000 2657.5269   15.7434
    7.5000   -7.5000   22.5000 2686.1008   15.6628
   -7.5000    0.0000   22.5000 2741.3992   15.1985
    0.0000    0.0000   22.5000 2777.5193   14.7267
    7.5000    0.0000   22.5000 2797.8218   14.5906
   -7.5000    7.5000   22.5000 2835.0503   14.4499
    0.0000    7.5000   22.5000 2883.4565   14.0891
    7.5000    7.5000   22.5000 2900.7441   13.8911
   -7.5000   15.0000   22.5000 2889.6299   14.1063
    0.0000   15.0000   22.5000 2958.0552   13.7577
    7.5000   15.0000   22.5000 2953.4490   13.4719
   -7.5000   22.5000   22.5000 2913.3831   14.0970
    0.0000   22.5000   22.5000 2983.7903   13.7083
    7.5000   22.5000   22.5000 2966.6250   13.5453
   -7.5000   30.0000   22.5000 2889.8984   14.4509
    0.0000   30.0000   22.5000 2949.6770   14.0856
    7.5000   30.0000   22.5000 2935.4805   13.9822
   -7.5000   37.5000   22.5000 2816.4785   15.1745
    0.0000   37.5000   22.5000 2866.6252   14.8041
    7.5000   37.5000   22.5000 2860.6240   14.7463
   -7.5000   45.0000   22.5000 2702.6572   16.2286
    0.0000   45.0000   22.5000 2745.2954   15.8343
    7.5000   45.0000   22.5000 2752.6516   15.8033
   -7.5000  -45.0000   30.0000 1935.9816   31.3279
    0.0000  -45.0000   30.0000 1966.4369   30.2838
    7.5000  -45.0000   30.0000 1982.4216   30.1485
   -7.5000  -37.5000   30.0000 2102.6450   26.6446
    0.0000  -37.5000   30.0000 2130.5444   25.6489
    7.5000  -37.5000   30.0000 2146.1470   25.5213
   -7.5000  -30.0000   30.0000 2246.4038   23.1171
    0.0000  -30.0000   30.0000 2282.5391   22.1995
    7.5000  -30.0000   30.0000 2296.2236   22.0582
   -7.5000  -22.5000   30.0000 2386.6501   20.4808
    0.0000  -22.5000   30.0000 2420.3816   19.6301
    7.5000  -22.5000   30.0000 2434.4695   19.4512
   -7.5000  -15.0000   30.0000 2512.0920   18.4290
    0.0000  -15.0000   30.0000 2551.9954   17.7594
    7.5000  -15.0000   30.0000 2563.3542   17.4957
   -7.5000   -7.5000   30.0000 2635.4414   16.8945
    0.0000   -7.5000   30.0000 2672.9802   16.3604
    7.5000   -7.5000   30.0000 2683.0190   16.0600
   -7.5000    0.0000   30.0000 2744.6853   15.7567
    0.0000    0.0000   30.0000 2787.4363   15.3099
    7.5000    0.0000   30.0000 2792.8884   15.0032
   -7.5000    7.5000   30.0000 2830.9973   14.9805
    0.0000    7.5000   30.0000 2873.8240   14.5451
    7.5000    7.5000   30.0000 2879.5049   14.2213
   -7.5000   15.0000   30.0000 2873.0940   14.5868
    0.0000   15.0000   30.0000 2930.4492   14.1867
    7.5000   15.0000   30.0000 2932.4658   13.9524
   -7.5000   22.5000   30.0000 2882.7788   14.6393
    0.0000   22.5000   30.0000 2951.4419   14.2355
    7.5000   22.5000   30.0000 2950.7878   14.0939
   -7.5000   30.0000   30.0000 2847.5969   14.9420
    0.0000   30.0000   30.0000 2906.3867   14.5810
    7.5000   30.0000   30.0000 2902.3960   14.4876
   -7.5000   37.5000   30.0000 2776.7358   15.5742
    0.0000   37.5000   30.0000 2826.4868   15.2363
    7.5000   37.5000   30.0000 2825.4268   15.1702
   -7.5000   45.0000   30.0000 2674.1743   16.5570
    0.0000   45.0000   30.0000 2716.9353   16.1853
    7.5000   45.0000   30.0000 2720.2048   16.1369
   -7.5000  -45.0000   37.5000 1918.7703   32.2707
    0.0000  -45.0000   37.5000 1950.6823   31.1444
    7.5000  -45.0000   37.5000 1959.3956   30.7960
   -7.5000  -37.5000   37.5000 2085.3464   27.5463
    0.0000  -37.5000   37.5000 2120.9111   26.5104
    7.5000  -37.5000   37.5000 2127.5530   26.2276
   -7.5000  -30.0000   37.5000 2232.3657   23.9468
    0.0000  -30.0000   37.5000 2274.1914   23.0704
    7.5000  -30.0000   37.5000 2281.5842   22.8174
   -7.5000  -22.5000   37.5000 2372.3689   21.2728
    0.0000  -22.5000   37.5000 2414.2886   20.4908
    7.5000  -22.5000   37.5000 2425.0369   20.2228
   -7.5000  -15.0000   37.5000 2498.9385   19.2254
    0.0000  -15.0000   37.5000 2544.4763   18.5079
    7.5000  -15.0000   37.5000 2559.9746   18.2706
   -7.5000   -7.5000   37.5000 2617.0654   17.6420
    0.0000   -7.5000   37.5000 2660.8245   16.9894
    7.5000   -7.5000   37.5000 2677.5505   16.7881
   -7.5000    0.0000   37.5000 2721.4924   16.4273
    0.0000    0.0000   37.5000 2763.8914   15.8466
    7.5000    0.0000   37.5000 2779.7222   15.6316
   -7.5000    7.5000   37.5000 2794.1252   15.6455
    0.0000    7.5000   37.5000 2841.8987   15.0704
    7.5000    7.5000   37.5000 2863.1812   14.8609
   -7.5000   15.0000   37.5000 2827.3645   15.2306
    0.0000   15.0000   37.5000 2881.2119   14.7296
    7.5000   15.0000   37.5000 2904.9810   14.6283
   -7.5000   22.5000   37.5000 2831.8574   15.2415
    0.0000   22.5000   37.5000 2890.1252   14.8172
    7.5000   22.5000   37.5000 2909.9595   14.7794
   -7.5000   30.0000   37.5000 2784.4697   15.5712
    0.0000   30.0000   37.5000 2840.8276   15.1986
    7.5000   30.0000   37.5000 2853.1606   15.1861
   -7.5000   37.5000   37.5000 2712.1335   16.2021
    0.0000   37.5000   37.5000 2759.9292   15.8053
    7.5000   37.5000   37.5000 2776.5938   15.8368
   -7.5000   45.0000   37.5000 2620.2610   17.1631
    0.0000   45.0000   37.5000 2665.6814   16.7722
    7.5000   45.0000   37.5000 2674.8730   16.8019
   -7.5000  -45.0000   45.0000 1889.1560   33.3840
    0.0000  -45.0000   45.0000 1918.7899   32.0795
    7.5000  -45.0000   45.0000 1930.9423   31.7578
   -7.5000  -37.5000   45.0000 2051.1816   28.5292
    0.0000  -37.5000   45.0000 2088.6235   27.4572
    7.5000  -37.5000   45.0000 2098.2266   27.1354
   -7.5000  -30.0000   45.0000 2199.3577   24.8740
    0.0000  -30.0000   45.0000 2237.9551   23.9366
    7.5000  -30.0000   45.0000 2253.7878   23.6946
   -7.5000  -22.5000   45.0000 2337.6113   22.1270
    0.0000  -22.5000   45.0000 2378.7356   21.2773
    7.5000  -22.5000   45.0000 2395.7148   21.0387
   -7.5000  -15.0000   45.0000 2464.1370   20.0006
    0.0000  -15.0000   45.0000 2506.0088   19.2272
    7.5000  -15.0000   45.0000 2526.0369   19.0249
   -7.5000   -7.5000   45.0000 2579.0430   18.4026
    0.0000   -7.5000   45.0000 2622.1875   17.6490
    7.5000   -7.5000   45.0000 2638.3220   17.4619
   -7.5000    0.0000   45.0000 2671.3948   17.2008
    0.0000    0.0000   45.0000 2715.4163   16.4926
    7.5000    0.0000   45.0000 2734.9773   16.3036
   -7.5000    7.5000   45.0000 2736.8296   16.4368
    0.0000    7.5000   45.0000 2783.4006   15.7654
    7.5000    7.5000   45.0000 2806.3235   15.6224
   -7.5000   15.0000   45.0000 2761.2571   16.0425
    0.0000   15.0000   45.0000 2813.7515   15.5030
    7.5000   15.0000   45.0000 2838.6465   15.3874
   -7.5000   22.5000   45.0000 2753.6248   16.0456
    0.0000   22.5000   45.0000 2805.7612   15.5892
    7.5000   22.5000   45.0000 2832.6379   15.5099
   -7.5000   30.0000   45.0000 2707.0798   16.3437
    0.0000   30.0000   45.0000 2761.5159   15.9641
    7.5000   30.0000   45.0000 2775.5061   15.8975
   -7.5000   37.5000   45.0000 2640.1443   16.9816
    0.0000   37.5000   45.0000 2684.5186   16.6036
    7.5000   37.5000   45.0000 2697.6892   16.5966
   -7.5000   45.0000   45.0000 2552.4661   17.9485
    0.0000   45.0000   45.0000 2592.6316   17.5238
    7.5000   45.0000   45.0000 2602.1282   17.5442

---------------------------------------------------------------------
imgreg_4dfp /opt/freesurfer/average/711-2C_as_mni_average_305 /opt/freesurfer/average/711-2B_as_mni_average_305_mask talsrcimg_g11 none talsrcimg_to_711-2C_as_mni_average_305_t4 1283
---------------------------------------------------------------------

freesurfer imgreg_4dfp.c
/opt/freesurfer/average/711-2C_as_mni_average_305.4dfp.img
       256       256       256         1
  1.000000  1.000000  1.000000
orientation T byte_order littleendian
Reading image: /opt/freesurfer/average/711-2C_as_mni_average_305.4dfp.img
dimensions:      256       256       256
mmppix:       1.0000   -1.0000   -1.0000
center:     128.0000 -129.0000 -129.0000
/opt/freesurfer/average/711-2B_as_mni_average_305_mask.4dfp.img
       256       256       256         1
  1.000000  1.000000  1.000000
orientation T byte_order littleendian
Reading mask: /opt/freesurfer/average/711-2B_as_mni_average_305_mask.4dfp.img (2306576 pixels)
talsrcimg_g11.4dfp.img
       256       256       256         1
  1.000000  1.000000  1.000000
orientation T byte_order littleendian
Reading image: talsrcimg_g11.4dfp.img
dimensions:      256       256       256
mmppix:       1.0000   -1.0000   -1.0000
center:     128.0000 -129.0000 -129.0000
rotation matrix determinant  1.000000
fimgreg.f
image alignment mode   1283 decimal      503 hex
parameters
    0.0000   22.5000   22.5000    0.0000    0.0000    0.0000
eta,q 0.93871 13.76955
niter,ni,del,rscale     5    3   12.0000    1.2000
parameter  3  0.769004 ->  0.500000 qaram    1.1500
parameter  5 -8.631561 ->  0.500000 qaram    1.1500
parameter  6  0.579962 ->  0.500000 qaram    1.1500
parameters
    2.0679   22.2049   19.0500    2.9670   -3.4500   -3.4500
eta,q 0.94293 13.33482
  0.0788  0.0717  0.0639  0.0703  0.0552  0.0575
  0.0735  0.0685  0.0635  0.0686  0.0574  0.0571
  0.0680  0.0652  0.0648  0.0664  0.0606  0.0573
  0.0642  0.0638  0.0638  0.0644  0.0637  0.0582
  0.0639  0.0664  0.0644  0.0633  0.0667  0.0600
  0.0656  0.0693  0.0649  0.0643  0.0694  0.0632
  0.0674  0.0732  0.0657  0.0648  0.0713  0.0670
niter,ni,del,rscale     7    3   12.0000    1.2000
parameter  2  0.646664 ->  0.500000 qaram    1.1500
parameter  4 -0.600457 -> -0.500000 qaram    1.1500
parameter  5  0.732529 ->  0.500000 qaram    1.3225
parameters
    3.6335   18.7549   19.7998    6.4170   -7.4175   -4.5364
eta,q 0.95282 13.39495
  0.0758  0.0558  0.0629  0.0645  0.0497  0.0511
  0.0668  0.0527  0.0574  0.0605  0.0472  0.0491
  0.0603  0.0537  0.0530  0.0563  0.0484  0.0475
  0.0571  0.0564  0.0528  0.0534  0.0515  0.0472
  0.0565  0.0590  0.0545  0.0519  0.0560  0.0481
  0.0586  0.0611  0.0568  0.0515  0.0610  0.0511
  0.0627  0.0642  0.0578  0.0527  0.0652  0.0557
niter,ni,del,rscale     7    3   12.0000    1.2000
parameters
    4.0844   18.1337   20.8468    6.3929   -7.6277   -4.8973
eta,q 0.95397 13.43453
  0.0684  0.0601  0.0614  0.0565  0.0599  0.0508
  0.0577  0.0506  0.0569  0.0503  0.0529  0.0488
  0.0496  0.0472  0.0512  0.0469  0.0474  0.0470
  0.0472  0.0476  0.0470  0.0461  0.0461  0.0460
  0.0502  0.0518  0.0464  0.0480  0.0495  0.0463
  0.0552  0.0563  0.0519  0.0518  0.0547  0.0486
  0.0617  0.0622  0.0558  0.0553  0.0603  0.0531
niter,ni,del,rscale     6    3   12.0000    1.2000
parameters
    4.1983   17.9281   21.0817    6.4510   -7.7482   -4.9835
eta,q 0.95408 13.44546
  0.0655  0.0619  0.0596  0.0568  0.0605  0.0510
  0.0553  0.0509  0.0545  0.0503  0.0532  0.0490
  0.0482  0.0464  0.0490  0.0468  0.0474  0.0471
  0.0460  0.0461  0.0460  0.0460  0.0460  0.0459
  0.0501  0.0495  0.0484  0.0477  0.0494  0.0460
  0.0559  0.0547  0.0542  0.0517  0.0545  0.0480
  0.0625  0.0612  0.0575  0.0551  0.0602  0.0524
niter,ni,del,rscale     5    3   12.0000    1.2000
parameters
    4.2736   17.8564   21.1293    6.4697   -7.8046   -4.9790
eta,q 0.95409 13.44859
  0.0650  0.0626  0.0592  0.0567  0.0608  0.0510
  0.0551  0.0513  0.0540  0.0502  0.0533  0.0490
  0.0481  0.0464  0.0487  0.0468  0.0475  0.0472
  0.0459  0.0460  0.0460  0.0459  0.0459  0.0459
  0.0501  0.0490  0.0490  0.0478  0.0493  0.0459
  0.0559  0.0541  0.0547  0.0518  0.0544  0.0479
  0.0624  0.0609  0.0581  0.0552  0.0601  0.0522
niter,ni,del,rscale     4    3   12.0000    1.2000
parameters
    4.3037   17.8408   21.1400    6.4726   -7.8265   -4.9748
eta,q 0.95408 13.44936
  0.0647  0.0628  0.0592  0.0567  0.0609  0.0510
  0.0548  0.0515  0.0538  0.0502  0.0534  0.0490
  0.0480  0.0464  0.0486  0.0467  0.0476  0.0472
  0.0459  0.0459  0.0459  0.0459  0.0459  0.0459
  0.0502  0.0488  0.0492  0.0478  0.0492  0.0459
  0.0560  0.0539  0.0548  0.0518  0.0543  0.0479
  0.0626  0.0607  0.0582  0.0552  0.0600  0.0522
registration optimization eta report
parameter search radius
    6.0000    6.9000    6.9000    6.9000    7.9350    6.9000
100000*second partial in parameter space
       47.       33.       25.       21.       22.       12.
  0.0647  0.0628  0.0592  0.0567  0.0609  0.0510
  0.0548  0.0515  0.0538  0.0502  0.0534  0.0490
  0.0480  0.0464  0.0486  0.0467  0.0476  0.0472
  0.0459  0.0459  0.0459  0.0459  0.0459  0.0459
  0.0502  0.0488  0.0492  0.0478  0.0492  0.0459
  0.0560  0.0539  0.0548  0.0518  0.0543  0.0479
  0.0626  0.0607  0.0582  0.0552  0.0600  0.0522
    4.3037   17.8408   21.1400    6.4726   -7.8265   -4.9748
eta,q 0.95408 13.44936

---------------------------------------------------------------------
imgreg_4dfp /opt/freesurfer/average/711-2C_as_mni_average_305 /opt/freesurfer/average/711-2B_as_mni_average_305_mask talsrcimg_g11 none talsrcimg_to_711-2C_as_mni_average_305_t4 3335
---------------------------------------------------------------------

freesurfer imgreg_4dfp.c
/opt/freesurfer/average/711-2C_as_mni_average_305.4dfp.img
       256       256       256         1
  1.000000  1.000000  1.000000
orientation T byte_order littleendian
Reading image: /opt/freesurfer/average/711-2C_as_mni_average_305.4dfp.img
dimensions:      256       256       256
mmppix:       1.0000   -1.0000   -1.0000
center:     128.0000 -129.0000 -129.0000
/opt/freesurfer/average/711-2B_as_mni_average_305_mask.4dfp.img
       256       256       256         1
  1.000000  1.000000  1.000000
orientation T byte_order littleendian
Reading mask: /opt/freesurfer/average/711-2B_as_mni_average_305_mask.4dfp.img (2306576 pixels)
talsrcimg_g11.4dfp.img
       256       256       256         1
  1.000000  1.000000  1.000000
orientation T byte_order littleendian
Reading image: talsrcimg_g11.4dfp.img
dimensions:      256       256       256
mmppix:       1.0000   -1.0000   -1.0000
center:     128.0000 -129.0000 -129.0000
fimgreg.f
image alignment mode   3335 decimal      D07 hex
parameters
    4.3037   17.8408   21.1400   -1.3047   -1.1449   -1.5630
   10.1458   12.5020   -8.5911  -12.4037  -13.6174   11.1678
eta,q 0.95522 13.48244
niter,ni,del,rscale     5    3    5.0000    1.2000
parameter  4  0.984267 ->  0.500000 qaram    1.1500
parameter  5  2.668681 ->  0.500000 qaram    1.1500
parameter  6  0.771011 ->  0.500000 qaram    1.1500
parameter 11 -0.648410 -> -0.500000 qaram    1.1500
parameters
    4.3101   18.0503   20.9076   -5.4447   -5.2849   -5.7030
    9.9686   12.1963   -7.2386  -12.7133   -9.4774    7.6220
eta,q 0.96723 13.26161
  0.0487  0.0472  0.0468  0.0405  0.0342  0.0342  0.0360  0.0386  0.0365  0.0369  0.0380  0.0330
  0.0465  0.0461  0.0455  0.0409  0.0361  0.0339  0.0348  0.0354  0.0352  0.0350  0.0359  0.0328
  0.0451  0.0452  0.0448  0.0421  0.0384  0.0341  0.0341  0.0339  0.0343  0.0339  0.0345  0.0328
  0.0448  0.0448  0.0447  0.0447  0.0411  0.0367  0.0338  0.0338  0.0338  0.0337  0.0337  0.0330
  0.0453  0.0448  0.0453  0.0486  0.0445  0.0427  0.0341  0.0345  0.0337  0.0342  0.0332  0.0333
  0.0466  0.0455  0.0463  0.0532  0.0481  0.0486  0.0349  0.0362  0.0342  0.0354  0.0330  0.0338
  0.0485  0.0466  0.0476  0.0581  0.0515  0.0538  0.0362  0.0392  0.0350  0.0374  0.0330  0.0345
niter,ni,del,rscale     7    3    5.0000    1.2000
parameter  3  1.289926 ->  0.500000 qaram    1.1500
parameter  5  1.046939 ->  0.500000 qaram    1.3225
parameters
    5.3436   16.9444   19.5276   -5.9762  -10.0459   -6.9557
    9.0177   11.4298   -8.5028  -13.4878   -9.1911    9.2778
eta,q 0.97337 13.12294
  0.0379  0.0324  0.0286  0.0326  0.0260  0.0310  0.0289  0.0303  0.0281  0.0294  0.0287  0.0285
  0.0357  0.0317  0.0291  0.0311  0.0260  0.0293  0.0278  0.0278  0.0273  0.0277  0.0273  0.0276
  0.0340  0.0317  0.0301  0.0300  0.0272  0.0278  0.0271  0.0268  0.0268  0.0268  0.0267  0.0270
  0.0328  0.0321  0.0316  0.0293  0.0294  0.0262  0.0270  0.0269  0.0268  0.0268  0.0267  0.0267
  0.0322  0.0331  0.0335  0.0293  0.0325  0.0263  0.0275  0.0277  0.0273  0.0275  0.0269  0.0266
  0.0323  0.0344  0.0359  0.0311  0.0360  0.0311  0.0287  0.0293  0.0282  0.0287  0.0274  0.0268
  0.0332  0.0359  0.0385  0.0346  0.0397  0.0384  0.0303  0.0319  0.0295  0.0307  0.0282  0.0274
niter,ni,del,rscale     7    3    5.0000    1.2000
parameter  3  0.502759 ->  0.500000 qaram    1.3225
parameters
    5.4289   17.2923   17.9406   -4.9793  -12.5120   -8.2581
    9.1741   11.9330   -8.7346  -13.1207   -7.8672    9.8814
eta,q 0.97382 13.02003
  0.0298  0.0302  0.0266  0.0298  0.0283  0.0298  0.0287  0.0313  0.0278  0.0294  0.0285  0.0276
  0.0281  0.0284  0.0260  0.0282  0.0266  0.0281  0.0273  0.0282  0.0269  0.0276  0.0270  0.0269
  0.0271  0.0272  0.0260  0.0269  0.0255  0.0269  0.0265  0.0265  0.0263  0.0265  0.0263  0.0264
  0.0266  0.0266  0.0266  0.0259  0.0256  0.0254  0.0261  0.0261  0.0262  0.0262  0.0262  0.0262
  0.0268  0.0267  0.0276  0.0254  0.0273  0.0256  0.0263  0.0265  0.0264  0.0264  0.0263  0.0263
  0.0278  0.0274  0.0291  0.0264  0.0303  0.0302  0.0271  0.0276  0.0270  0.0273  0.0266  0.0266
  0.0295  0.0286  0.0310  0.0289  0.0340  0.0364  0.0285  0.0297  0.0280  0.0287  0.0271  0.0272
niter,ni,del,rscale     7    3    5.0000    1.2000
parameters
    5.3757   17.6438   18.0804   -3.7089  -13.1247   -8.3720
    9.3158   11.7031   -9.3481  -12.6803   -6.9151    9.9090
eta,q 0.97415 13.03607
  0.0289  0.0296  0.0289  0.0296  0.0298  0.0305  0.0284  0.0303  0.0273  0.0289  0.0281  0.0271
  0.0274  0.0279  0.0273  0.0281  0.0279  0.0286  0.0271  0.0275  0.0264  0.0272  0.0267  0.0264
  0.0265  0.0267  0.0264  0.0271  0.0264  0.0272  0.0262  0.0261  0.0260  0.0262  0.0260  0.0260
  0.0262  0.0262  0.0261  0.0261  0.0257  0.0258  0.0259  0.0259  0.0258  0.0258  0.0258  0.0258
  0.0265  0.0263  0.0264  0.0255  0.0264  0.0247  0.0261  0.0263  0.0261  0.0261  0.0260  0.0260
  0.0275  0.0269  0.0271  0.0262  0.0285  0.0267  0.0269  0.0279  0.0268  0.0269  0.0264  0.0264
  0.0292  0.0280  0.0283  0.0285  0.0314  0.0332  0.0283  0.0309  0.0279  0.0282  0.0271  0.0271
niter,ni,del,rscale     6    3    5.0000    1.2000
parameters
    5.2874   17.7026   18.0205   -3.6498  -13.2029   -8.3473
    9.4751   11.4623   -9.7973  -12.5684   -6.5606    9.9138
eta,q 0.97418 13.03657
  0.0287  0.0286  0.0284  0.0290  0.0302  0.0305  0.0284  0.0302  0.0273  0.0286  0.0277  0.0270
  0.0271  0.0271  0.0268  0.0277  0.0283  0.0286  0.0271  0.0275  0.0265  0.0270  0.0265  0.0264
  0.0261  0.0262  0.0260  0.0268  0.0267  0.0272  0.0262  0.0261  0.0259  0.0261  0.0259  0.0260
  0.0258  0.0258  0.0259  0.0258  0.0258  0.0258  0.0258  0.0258  0.0258  0.0258  0.0258  0.0258
  0.0262  0.0261  0.0262  0.0255  0.0262  0.0246  0.0260  0.0262  0.0261  0.0261  0.0260  0.0259
  0.0273  0.0270  0.0270  0.0269  0.0281  0.0263  0.0268  0.0278  0.0267  0.0270  0.0265  0.0264
  0.0292  0.0283  0.0284  0.0298  0.0307  0.0328  0.0282  0.0310  0.0278  0.0283  0.0273  0.0271
niter,ni,del,rscale     5    3    5.0000    1.2000
parameters
    5.2526   17.7298   18.0207   -3.6192  -13.2420   -8.3565
    9.5759   11.3633   -9.9890  -12.5337   -6.4378    9.9184
eta,q 0.97417 13.03586
  0.0288  0.0285  0.0284  0.0290  0.0302  0.0304  0.0283  0.0303  0.0274  0.0285  0.0276  0.0270
  0.0272  0.0270  0.0268  0.0277  0.0283  0.0286  0.0271  0.0276  0.0265  0.0269  0.0264  0.0264
  0.0262  0.0261  0.0260  0.0268  0.0267  0.0272  0.0262  0.0262  0.0260  0.0261  0.0259  0.0260
  0.0258  0.0258  0.0258  0.0258  0.0258  0.0258  0.0258  0.0258  0.0258  0.0258  0.0258  0.0258
  0.0261  0.0261  0.0261  0.0255  0.0262  0.0246  0.0260  0.0262  0.0260  0.0261  0.0260  0.0260
  0.0272  0.0270  0.0269  0.0269  0.0280  0.0264  0.0269  0.0277  0.0267  0.0270  0.0265  0.0264
  0.0291  0.0283  0.0283  0.0298  0.0307  0.0328  0.0283  0.0308  0.0276  0.0283  0.0273  0.0271
niter,ni,del,rscale     4    3    5.0000    1.2000
parameters
    5.2398   17.7365   18.0192   -3.6093  -13.2595   -8.3624
    9.6243   11.3274  -10.0579  -12.5226   -6.3993    9.9314
eta,q 0.97416 13.03549
  0.0289  0.0284  0.0284  0.0290  0.0302  0.0304  0.0283  0.0304  0.0275  0.0285  0.0276  0.0270
  0.0272  0.0270  0.0268  0.0277  0.0283  0.0286  0.0270  0.0277  0.0266  0.0269  0.0264  0.0264
  0.0262  0.0261  0.0260  0.0268  0.0267  0.0272  0.0262  0.0263  0.0260  0.0261  0.0259  0.0260
  0.0258  0.0258  0.0258  0.0258  0.0258  0.0258  0.0258  0.0258  0.0258  0.0258  0.0258  0.0258
  0.0261  0.0262  0.0262  0.0255  0.0262  0.0246  0.0261  0.0261  0.0260  0.0262  0.0260  0.0260
  0.0272  0.0270  0.0269  0.0269  0.0280  0.0263  0.0269  0.0276  0.0266  0.0270  0.0265  0.0264
  0.0290  0.0283  0.0283  0.0299  0.0307  0.0328  0.0283  0.0307  0.0276  0.0284  0.0274  0.0271
registration optimization eta report
parameter search radius
    2.4000    2.4000    3.1740    8.2800    9.5220    8.2800
    7.2000    7.2000    7.2000    7.2000    8.2800    7.2000
100000*second partial in parameter space
       54.       44.       26.        5.        5.        9.
        5.        9.        3.        5.        2.        2.
  0.0289  0.0284  0.0284  0.0290  0.0302  0.0304  0.0283  0.0304  0.0275  0.0285  0.0276  0.0270
  0.0272  0.0270  0.0268  0.0277  0.0283  0.0286  0.0270  0.0277  0.0266  0.0269  0.0264  0.0264
  0.0262  0.0261  0.0260  0.0268  0.0267  0.0272  0.0262  0.0263  0.0260  0.0261  0.0259  0.0260
  0.0258  0.0258  0.0258  0.0258  0.0258  0.0258  0.0258  0.0258  0.0258  0.0258  0.0258  0.0258
  0.0261  0.0262  0.0262  0.0255  0.0262  0.0246  0.0261  0.0261  0.0260  0.0262  0.0260  0.0260
  0.0272  0.0270  0.0269  0.0269  0.0280  0.0263  0.0269  0.0276  0.0266  0.0270  0.0265  0.0264
  0.0290  0.0283  0.0283  0.0299  0.0307  0.0328  0.0283  0.0307  0.0276  0.0284  0.0274  0.0271
    5.2398   17.7365   18.0192   -3.6093  -13.2595   -8.3624
    9.6243   11.3274  -10.0579  -12.5226   -6.3993    9.9314
eta,q 0.97416 13.03549

---------------------------------------------------------------------
imgreg_4dfp /opt/freesurfer/average/711-2C_as_mni_average_305 /opt/freesurfer/average/711-2B_as_mni_average_305_mask talsrcimg_g11 none talsrcimg_to_711-2C_as_mni_average_305_t4 2311
---------------------------------------------------------------------

freesurfer imgreg_4dfp.c
/opt/freesurfer/average/711-2C_as_mni_average_305.4dfp.img
       256       256       256         1
  1.000000  1.000000  1.000000
orientation T byte_order littleendian
Reading image: /opt/freesurfer/average/711-2C_as_mni_average_305.4dfp.img
dimensions:      256       256       256
mmppix:       1.0000   -1.0000   -1.0000
center:     128.0000 -129.0000 -129.0000
/opt/freesurfer/average/711-2B_as_mni_average_305_mask.4dfp.img
       256       256       256         1
  1.000000  1.000000  1.000000
orientation T byte_order littleendian
Reading mask: /opt/freesurfer/average/711-2B_as_mni_average_305_mask.4dfp.img (2306576 pixels)
talsrcimg_g11.4dfp.img
       256       256       256         1
  1.000000  1.000000  1.000000
orientation T byte_order littleendian
Reading image: talsrcimg_g11.4dfp.img
dimensions:      256       256       256
mmppix:       1.0000   -1.0000   -1.0000
center:     128.0000 -129.0000 -129.0000
fimgreg.f
image alignment mode   2311 decimal      907 hex
parameters
    5.2398   17.7365   18.0192   -3.6093  -13.2595   -8.3624
    9.6243   11.3274  -10.0579  -12.5226   -6.3993    9.9314
eta,q 0.97416 13.03549
niter,ni,del,rscale     5    3    5.0000    0.8000
parameters
    5.2677   17.7086   17.8931   -2.2205  -12.8694   -6.2310
    9.5412   11.6018   -9.8682  -12.0731   -6.3336    8.7776
eta,q 0.97550 13.16394
  0.0272  0.0270  0.0263  0.0275  0.0272  0.0279  0.0260  0.0288  0.0255  0.0264  0.0259  0.0249
  0.0265  0.0263  0.0260  0.0269  0.0264  0.0271  0.0252  0.0267  0.0250  0.0254  0.0251  0.0246
  0.0260  0.0259  0.0258  0.0264  0.0258  0.0264  0.0247  0.0252  0.0247  0.0248  0.0247  0.0245
  0.0258  0.0258  0.0258  0.0258  0.0255  0.0255  0.0246  0.0246  0.0246  0.0246  0.0245  0.0245
  0.0260  0.0260  0.0259  0.0255  0.0255  0.0247  0.0247  0.0248  0.0246  0.0246  0.0247  0.0247
  0.0264  0.0264  0.0262  0.0257  0.0260  0.0246  0.0252  0.0260  0.0249  0.0250  0.0251  0.0251
  0.0272  0.0270  0.0265  0.0265  0.0268  0.0259  0.0261  0.0280  0.0254  0.0258  0.0258  0.0257
niter,ni,del,rscale     4    3    5.0000    0.7000
parameters
    5.0481   17.7261   18.3796   -2.4852  -12.6365   -6.0983
    9.4772   11.3190   -9.8411  -12.1403   -6.8556    8.9617
eta,q 0.97571 13.18383
  0.0255  0.0255  0.0259  0.0258  0.0257  0.0268  0.0254  0.0266  0.0250  0.0254  0.0250  0.0249
  0.0249  0.0249  0.0253  0.0252  0.0251  0.0261  0.0248  0.0253  0.0246  0.0248  0.0245  0.0246
  0.0245  0.0246  0.0248  0.0246  0.0246  0.0251  0.0244  0.0245  0.0244  0.0244  0.0243  0.0244
  0.0245  0.0245  0.0245  0.0243  0.0244  0.0244  0.0243  0.0243  0.0243  0.0243  0.0243  0.0243
  0.0248  0.0246  0.0243  0.0245  0.0244  0.0242  0.0244  0.0247  0.0244  0.0244  0.0245  0.0243
  0.0255  0.0249  0.0244  0.0252  0.0248  0.0249  0.0248  0.0257  0.0246  0.0248  0.0248  0.0245
  0.0265  0.0254  0.0247  0.0264  0.0255  0.0273  0.0254  0.0274  0.0250  0.0255  0.0253  0.0248
niter,ni,del,rscale     3    3    5.0000    0.6000
parameters
    5.0048   17.6266   18.4664   -2.4217  -12.5827   -5.8329
    9.5467   11.4183   -9.6452  -12.2184   -7.0706    8.9792
eta,q 0.97581 13.19725
  0.0253  0.0249  0.0250  0.0255  0.0252  0.0264  0.0250  0.0264  0.0248  0.0250  0.0248  0.0246
  0.0247  0.0245  0.0247  0.0250  0.0248  0.0257  0.0246  0.0252  0.0245  0.0245  0.0244  0.0244
  0.0244  0.0243  0.0244  0.0246  0.0244  0.0249  0.0243  0.0245  0.0243  0.0243  0.0242  0.0242
  0.0243  0.0243  0.0243  0.0243  0.0243  0.0243  0.0242  0.0242  0.0242  0.0242  0.0242  0.0242
  0.0244  0.0244  0.0243  0.0243  0.0243  0.0242  0.0243  0.0244  0.0242  0.0243  0.0243  0.0242
  0.0248  0.0247  0.0245  0.0248  0.0247  0.0247  0.0245  0.0251  0.0244  0.0246  0.0246  0.0244
  0.0255  0.0251  0.0249  0.0256  0.0252  0.0264  0.0250  0.0262  0.0247  0.0251  0.0250  0.0246
niter,ni,del,rscale     2    3    5.0000    0.5000
parameters
    4.9856   17.5886   18.5511   -2.3981  -12.5573   -5.5701
    9.5047   11.4661   -9.5245  -12.2129   -7.1992    8.9031
eta,q 0.97587 13.20505
  0.0249  0.0247  0.0248  0.0251  0.0249  0.0259  0.0247  0.0258  0.0245  0.0248  0.0246  0.0244
  0.0245  0.0244  0.0245  0.0247  0.0245  0.0253  0.0244  0.0249  0.0243  0.0244  0.0243  0.0243
  0.0243  0.0242  0.0243  0.0244  0.0243  0.0246  0.0242  0.0243  0.0242  0.0242  0.0242  0.0242
  0.0242  0.0242  0.0242  0.0242  0.0242  0.0242  0.0241  0.0241  0.0241  0.0241  0.0241  0.0241
  0.0243  0.0243  0.0242  0.0242  0.0242  0.0242  0.0242  0.0243  0.0242  0.0242  0.0242  0.0242
  0.0245  0.0244  0.0243  0.0246  0.0245  0.0246  0.0244  0.0248  0.0243  0.0244  0.0244  0.0243
  0.0250  0.0247  0.0246  0.0252  0.0249  0.0257  0.0247  0.0257  0.0245  0.0247  0.0247  0.0244
niter,ni,del,rscale     1    3    5.0000    0.4000
parameters
    4.9709   17.5791   18.6081   -2.3888  -12.5147   -5.3811
    9.4748   11.5012   -9.4539  -12.2054   -7.2855    8.8006
eta,q 0.97588 13.21036
  0.0246  0.0245  0.0245  0.0248  0.0246  0.0254  0.0245  0.0252  0.0244  0.0245  0.0245  0.0243
  0.0244  0.0243  0.0243  0.0245  0.0244  0.0248  0.0243  0.0246  0.0242  0.0243  0.0243  0.0242
  0.0242  0.0242  0.0242  0.0243  0.0242  0.0244  0.0242  0.0242  0.0242  0.0242  0.0241  0.0241
  0.0241  0.0241  0.0241  0.0241  0.0241  0.0241  0.0241  0.0241  0.0241  0.0241  0.0241  0.0241
  0.0242  0.0242  0.0242  0.0242  0.0242  0.0242  0.0242  0.0242  0.0241  0.0242  0.0242  0.0241
  0.0244  0.0243  0.0243  0.0244  0.0243  0.0244  0.0243  0.0246  0.0242  0.0243  0.0243  0.0242
  0.0247  0.0245  0.0244  0.0249  0.0246  0.0252  0.0245  0.0251  0.0243  0.0245  0.0245  0.0243
registration optimization eta report
parameter search radius
    0.8000    0.8000    0.8000    2.4000    2.4000    2.4000
    2.4000    2.4000    2.4000    2.4000    2.4000    2.4000
100000*second partial in parameter space
       81.       53.       52.       12.        8.       20.
        6.       18.        4.        7.        6.        3.
  0.0246  0.0245  0.0245  0.0248  0.0246  0.0254  0.0245  0.0252  0.0244  0.0245  0.0245  0.0243
  0.0244  0.0243  0.0243  0.0245  0.0244  0.0248  0.0243  0.0246  0.0242  0.0243  0.0243  0.0242
  0.0242  0.0242  0.0242  0.0243  0.0242  0.0244  0.0242  0.0242  0.0242  0.0242  0.0241  0.0241
  0.0241  0.0241  0.0241  0.0241  0.0241  0.0241  0.0241  0.0241  0.0241  0.0241  0.0241  0.0241
  0.0242  0.0242  0.0242  0.0242  0.0242  0.0242  0.0242  0.0242  0.0241  0.0242  0.0242  0.0241
  0.0244  0.0243  0.0243  0.0244  0.0243  0.0244  0.0243  0.0246  0.0242  0.0243  0.0243  0.0242
  0.0247  0.0245  0.0244  0.0249  0.0246  0.0252  0.0245  0.0251  0.0243  0.0245  0.0245  0.0243
    4.9709   17.5791   18.6081   -2.3888  -12.5147   -5.3811
    9.4748   11.5012   -9.4539  -12.2054   -7.2855    8.8006
eta,q 0.97588 13.21036

---------------------------------------------------------------------
imgreg_4dfp /opt/freesurfer/average/711-2C_as_mni_average_305 /opt/freesurfer/average/711-2B_as_mni_average_305_mask talsrcimg_g11 none talsrcimg_to_711-2C_as_mni_average_305_t4 2311
---------------------------------------------------------------------

freesurfer imgreg_4dfp.c
/opt/freesurfer/average/711-2C_as_mni_average_305.4dfp.img
       256       256       256         1
  1.000000  1.000000  1.000000
orientation T byte_order littleendian
Reading image: /opt/freesurfer/average/711-2C_as_mni_average_305.4dfp.img
dimensions:      256       256       256
mmppix:       1.0000   -1.0000   -1.0000
center:     128.0000 -129.0000 -129.0000
/opt/freesurfer/average/711-2B_as_mni_average_305_mask.4dfp.img
       256       256       256         1
  1.000000  1.000000  1.000000
orientation T byte_order littleendian
Reading mask: /opt/freesurfer/average/711-2B_as_mni_average_305_mask.4dfp.img (2306576 pixels)
talsrcimg_g11.4dfp.img
       256       256       256         1
  1.000000  1.000000  1.000000
orientation T byte_order littleendian
Reading image: talsrcimg_g11.4dfp.img
dimensions:      256       256       256
mmppix:       1.0000   -1.0000   -1.0000
center:     128.0000 -129.0000 -129.0000
fimgreg.f
image alignment mode   2311 decimal      907 hex
parameters
    4.9709   17.5791   18.6081   -2.3888  -12.5147   -5.3811
    9.4748   11.5012   -9.4539  -12.2054   -7.2855    8.8006
eta,q 0.97588 13.21036
niter,ni,del,rscale     5    3    5.0000    0.8000
parameters
    4.9466   17.5894   18.6196   -2.9727  -12.6425   -6.0423
    9.5452   11.3870   -9.5291  -12.3984   -7.3388    9.2820
eta,q 0.97568 13.17808
  0.0261  0.0255  0.0255  0.0258  0.0257  0.0269  0.0257  0.0273  0.0252  0.0257  0.0254  0.0251
  0.0250  0.0247  0.0247  0.0251  0.0250  0.0260  0.0250  0.0257  0.0247  0.0249  0.0247  0.0247
  0.0243  0.0243  0.0243  0.0244  0.0244  0.0248  0.0245  0.0246  0.0244  0.0245  0.0244  0.0245
  0.0241  0.0241  0.0241  0.0241  0.0242  0.0242  0.0243  0.0243  0.0243  0.0243  0.0243  0.0243
  0.0244  0.0243  0.0242  0.0244  0.0243  0.0245  0.0245  0.0247  0.0244  0.0245  0.0245  0.0244
  0.0251  0.0247  0.0247  0.0255  0.0250  0.0265  0.0249  0.0258  0.0247  0.0251  0.0248  0.0245
  0.0262  0.0254  0.0254  0.0272  0.0260  0.0305  0.0256  0.0277  0.0252  0.0259  0.0253  0.0249
niter,ni,del,rscale     4    3    5.0000    0.7000
parameters
    5.0584   17.5455   18.5140   -2.7349  -12.6383   -6.1024
    9.5686   11.5340   -9.5073  -12.4236   -7.3242    9.2779
eta,q 0.97572 13.18250
  0.0259  0.0253  0.0251  0.0259  0.0255  0.0267  0.0253  0.0270  0.0250  0.0254  0.0252  0.0248
  0.0251  0.0247  0.0246  0.0253  0.0249  0.0260  0.0248  0.0256  0.0246  0.0248  0.0246  0.0245
  0.0246  0.0244  0.0244  0.0247  0.0245  0.0250  0.0244  0.0246  0.0244  0.0244  0.0243  0.0243
  0.0243  0.0243  0.0243  0.0243  0.0243  0.0243  0.0243  0.0243  0.0243  0.0243  0.0243  0.0243
  0.0244  0.0244  0.0245  0.0243  0.0244  0.0242  0.0244  0.0245  0.0243  0.0244  0.0244  0.0243
  0.0248  0.0248  0.0248  0.0248  0.0248  0.0252  0.0247  0.0253  0.0246  0.0248  0.0247  0.0245
  0.0255  0.0254  0.0254  0.0258  0.0256  0.0278  0.0253  0.0267  0.0250  0.0254  0.0251  0.0248
niter,ni,del,rscale     3    3    5.0000    0.6000
parameters
    5.0523   17.5507   18.5014   -2.5298  -12.6095   -5.8614
    9.5227   11.5719   -9.4820  -12.3298   -7.2769    9.1116
eta,q 0.97581 13.19422
  0.0253  0.0250  0.0249  0.0256  0.0252  0.0264  0.0250  0.0263  0.0247  0.0251  0.0249  0.0246
  0.0247  0.0246  0.0246  0.0251  0.0247  0.0257  0.0245  0.0252  0.0244  0.0246  0.0245  0.0243
  0.0244  0.0244  0.0244  0.0246  0.0244  0.0249  0.0243  0.0244  0.0243  0.0243  0.0243  0.0242
  0.0243  0.0243  0.0243  0.0243  0.0243  0.0243  0.0242  0.0242  0.0242  0.0242  0.0242  0.0242
  0.0244  0.0244  0.0244  0.0243  0.0243  0.0242  0.0243  0.0244  0.0242  0.0243  0.0243  0.0242
  0.0247  0.0246  0.0246  0.0247  0.0247  0.0247  0.0246  0.0251  0.0244  0.0245  0.0245  0.0244
  0.0254  0.0250  0.0250  0.0255  0.0252  0.0264  0.0250  0.0263  0.0247  0.0250  0.0249  0.0246
niter,ni,del,rscale     2    3    5.0000    0.5000
parameters
    5.0188   17.5670   18.5507   -2.4356  -12.5574   -5.5922
    9.4776   11.5563   -9.4435  -12.2490   -7.2939    8.9279
eta,q 0.97587 13.20365
  0.0249  0.0247  0.0247  0.0252  0.0249  0.0260  0.0247  0.0257  0.0245  0.0248  0.0247  0.0244
  0.0245  0.0244  0.0244  0.0247  0.0245  0.0253  0.0244  0.0248  0.0243  0.0244  0.0244  0.0242
  0.0243  0.0243  0.0243  0.0244  0.0243  0.0246  0.0242  0.0243  0.0242  0.0242  0.0242  0.0242
  0.0242  0.0242  0.0242  0.0242  0.0242  0.0242  0.0241  0.0241  0.0241  0.0241  0.0241  0.0241
  0.0243  0.0242  0.0242  0.0242  0.0242  0.0242  0.0242  0.0243  0.0242  0.0242  0.0242  0.0242
  0.0246  0.0244  0.0244  0.0245  0.0245  0.0246  0.0244  0.0249  0.0243  0.0244  0.0244  0.0243
  0.0250  0.0247  0.0246  0.0252  0.0249  0.0257  0.0247  0.0257  0.0245  0.0247  0.0247  0.0245
niter,ni,del,rscale     1    3    5.0000    0.4000
parameters
    4.9875   17.5744   18.6026   -2.4006  -12.5125   -5.3867
    9.4519   11.5469   -9.4204  -12.2093   -7.3222    8.7912
eta,q 0.97588 13.20987
  0.0246  0.0245  0.0245  0.0248  0.0246  0.0254  0.0245  0.0252  0.0244  0.0245  0.0245  0.0243
  0.0243  0.0243  0.0243  0.0245  0.0244  0.0248  0.0243  0.0246  0.0242  0.0243  0.0243  0.0242
  0.0242  0.0242  0.0242  0.0243  0.0242  0.0244  0.0242  0.0242  0.0242  0.0242  0.0241  0.0241
  0.0241  0.0241  0.0241  0.0241  0.0241  0.0241  0.0241  0.0241  0.0241  0.0241  0.0241  0.0241
  0.0242  0.0242  0.0242  0.0242  0.0242  0.0242  0.0242  0.0242  0.0241  0.0242  0.0242  0.0241
  0.0244  0.0243  0.0243  0.0244  0.0243  0.0244  0.0243  0.0246  0.0242  0.0243  0.0243  0.0242
  0.0247  0.0245  0.0244  0.0248  0.0246  0.0251  0.0245  0.0252  0.0244  0.0245  0.0245  0.0243
registration optimization eta report
parameter search radius
    0.8000    0.8000    0.8000    2.4000    2.4000    2.4000
    2.4000    2.4000    2.4000    2.4000    2.4000    2.4000
100000*second partial in parameter space
       81.       54.       52.       12.        8.       20.
        6.       18.        4.        7.        6.        3.
  0.0246  0.0245  0.0245  0.0248  0.0246  0.0254  0.0245  0.0252  0.0244  0.0245  0.0245  0.0243
  0.0243  0.0243  0.0243  0.0245  0.0244  0.0248  0.0243  0.0246  0.0242  0.0243  0.0243  0.0242
  0.0242  0.0242  0.0242  0.0243  0.0242  0.0244  0.0242  0.0242  0.0242  0.0242  0.0241  0.0241
  0.0241  0.0241  0.0241  0.0241  0.0241  0.0241  0.0241  0.0241  0.0241  0.0241  0.0241  0.0241
  0.0242  0.0242  0.0242  0.0242  0.0242  0.0242  0.0242  0.0242  0.0241  0.0242  0.0242  0.0241
  0.0244  0.0243  0.0243  0.0244  0.0243  0.0244  0.0243  0.0246  0.0242  0.0243  0.0243  0.0242
  0.0247  0.0245  0.0244  0.0248  0.0246  0.0251  0.0245  0.0252  0.0244  0.0245  0.0245  0.0243
    4.9875   17.5744   18.6026   -2.4006  -12.5125   -5.3867
    9.4519   11.5469   -9.4204  -12.2093   -7.3222    8.7912
eta,q 0.97588 13.20987

---------------------------------------------------------------------
compute_vox2vox talsrcimg talsrcimg_to_711-2C_as_mni_average_305_t4 /opt/freesurfer/average/711-2C_as_mni_average_305
---------------------------------------------------------------------

freesurfer compute_vox2vox.c
Reading: talsrcimg.4dfp.ifh
Reading: talsrcimg_to_711-2C_as_mni_average_305_t4
Reading: /opt/freesurfer/average/711-2C_as_mni_average_305.4dfp.ifh
Writing: talsrcimg_to_711-2C_as_mni_average_305_t4_vox2vox.txt

start time Wed Mar 11 00:37:31 CET 2026
end		time Wed Mar 11 00:38:59 CET 2026

mpr2mni305 success

avi2talxfm orig_nu.mgz /opt/freesurfer/average/mni305.cor.mgz talsrcimg_to_711-2C_as_mni_average_305_t4_vox2vox.txt transforms/talairach.auto.xfm
avi2talxfm done
mv -f /out/sourcedata/freesurfer/sub-v2s12x28879_ses-1/mri/talsrcimg_to_711-2C_as_mni_average_305_t4_vox2vox.txt /out/sourcedata/freesurfer/sub-v2s12x28879_ses-1/mri/transforms/talsrcimg_to_711-2C_as_mni_average_305_t4_vox2vox.txt
lta_convert --src orig_nu.mgz --trg /opt/freesurfer/average/mni305.cor.mgz --inxfm transforms/talairach.auto.xfm --outlta transforms/talairach.auto.xfm.lta --subject fsaverage
7.3.2

--src: orig_nu.mgz src image (geometry).
--trg: /opt/freesurfer/average/mni305.cor.mgz trg image (geometry).
--inmni: transforms/talairach.auto.xfm input MNI/XFM transform.
--outlta: transforms/talairach.auto.xfm.lta output LTA.
--s: fsaverage subject name
 LTA read, type : 1
 1.00530  -0.13496  -0.09505  -0.49000;
 0.06688   1.03443  -0.11117  -16.55150;
 0.11758   0.12983   1.11727  -38.95559;
 0.00000   0.00000   0.00000   1.00000;
setting subject to fsaverage
Writing  LTA to file transforms/talairach.auto.xfm.lta...
lta_convert successful.
 
 
Started at Wed Mar 11 00:37:30 CET 2026
Ended   at Wed Mar 11 00:38:59 CET 2026
talairach_avi done
