status file for recon-all
Wed Mar 11 05:03:23 CET 2026
#@# Tessellate rh Wed Mar 11 05:03:23 CET 2026
#@# Smooth1 rh Wed Mar 11 05:03:26 CET 2026
#@# Inflation1 rh Wed Mar 11 05:03:30 CET 2026
#@# QSphere rh Wed Mar 11 05:03:46 CET 2026
#@# Fix Topology rh Wed Mar 11 05:05:21 CET 2026
#@# Smooth2 rh Wed Mar 11 05:12:52 CET 2026
#@# Inflation2 rh Wed Mar 11 05:12:55 CET 2026
#@# Curv .H and .K rh Wed Mar 11 05:13:13 CET 2026
#@# Sphere rh Wed Mar 11 05:14:09 CET 2026
#@# Surf Reg rh Wed Mar 11 05:18:05 CET 2026
#@# Jacobian white rh Wed Mar 11 05:23:31 CET 2026
#@# AvgCurv rh Wed Mar 11 05:23:32 CET 2026
#@# Cortical Parc rh Wed Mar 11 05:23:33 CET 2026
#@# white curv rh Wed Mar 11 05:31:32 CET 2026
#@# white area rh Wed Mar 11 05:31:35 CET 2026
#@# pial curv rh Wed Mar 11 05:31:36 CET 2026
#@# pial area rh Wed Mar 11 05:31:38 CET 2026
#@# thickness rh Wed Mar 11 05:31:39 CET 2026
#@# area and vertex vol rh Wed Mar 11 05:32:17 CET 2026
#@# Curvature Stats rh Wed Mar 11 05:32:19 CET 2026
#@# Cortical Parc 2 rh Wed Mar 11 05:32:22 CET 2026
#@# Cortical Parc 3 rh Wed Mar 11 05:32:37 CET 2026
#@# WM/GM Contrast rh Wed Mar 11 05:32:50 CET 2026
recon-all -s sub-v2s12x28902_ses-1 finished without error at Wed Mar 11 05:32:53 CET 2026



#New# invocation of recon-all 



status file for recon-all
Wed Mar 11 05:44:37 CET 2026
#@# white curv rh Wed Mar 11 05:44:37 CET 2026
#@# white area rh Wed Mar 11 05:44:37 CET 2026
#@# pial curv rh Wed Mar 11 05:44:37 CET 2026
#@# pial area rh Wed Mar 11 05:44:37 CET 2026
#@# thickness rh Wed Mar 11 05:44:37 CET 2026
#@# area and vertex vol rh Wed Mar 11 05:44:37 CET 2026
#@# Parcellation Stats rh Wed Mar 11 05:44:37 CET 2026
#@# Parcellation Stats 2 rh Wed Mar 11 05:45:02 CET 2026
#@# Parcellation Stats 3 rh Wed Mar 11 05:45:15 CET 2026
#@# BA_exvivo Labels rh Wed Mar 11 05:45:29 CET 2026
recon-all -s sub-v2s12x28902_ses-1 finished without error at Wed Mar 11 05:48:36 CET 2026
