status file for recon-all
Wed Mar 11 00:30:29 CET 2026
#@# Tessellate lh Wed Mar 11 00:30:29 CET 2026
#@# Smooth1 lh Wed Mar 11 00:30:33 CET 2026
#@# Inflation1 lh Wed Mar 11 00:30:35 CET 2026
#@# QSphere lh Wed Mar 11 00:30:48 CET 2026
#@# Fix Topology lh Wed Mar 11 00:31:58 CET 2026
#@# Smooth2 lh Wed Mar 11 00:37:02 CET 2026
#@# Inflation2 lh Wed Mar 11 00:37:05 CET 2026
#@# Curv .H and .K lh Wed Mar 11 00:37:18 CET 2026
#@# Sphere lh Wed Mar 11 00:38:00 CET 2026
#@# Surf Reg lh Wed Mar 11 00:40:29 CET 2026
#@# Jacobian white lh Wed Mar 11 00:44:10 CET 2026
#@# AvgCurv lh Wed Mar 11 00:44:11 CET 2026
#@# Cortical Parc lh Wed Mar 11 00:44:12 CET 2026
#@# white curv lh Wed Mar 11 00:49:56 CET 2026
#@# white area lh Wed Mar 11 00:49:58 CET 2026
#@# pial curv lh Wed Mar 11 00:49:59 CET 2026
#@# pial area lh Wed Mar 11 00:50:01 CET 2026
#@# thickness lh Wed Mar 11 00:50:01 CET 2026
#@# area and vertex vol lh Wed Mar 11 00:50:29 CET 2026
#@# Curvature Stats lh Wed Mar 11 00:50:30 CET 2026
#@# Cortical Parc 2 lh Wed Mar 11 00:50:32 CET 2026
#@# Cortical Parc 3 lh Wed Mar 11 00:50:45 CET 2026
#@# WM/GM Contrast lh Wed Mar 11 00:50:54 CET 2026
recon-all -s sub-v2s12x28873_ses-1 finished without error at Wed Mar 11 00:50:57 CET 2026



#New# invocation of recon-all 



status file for recon-all
Wed Mar 11 01:18:45 CET 2026
#@# white curv lh Wed Mar 11 01:18:46 CET 2026
#@# white area lh Wed Mar 11 01:18:46 CET 2026
#@# pial curv lh Wed Mar 11 01:18:46 CET 2026
#@# pial area lh Wed Mar 11 01:18:46 CET 2026
#@# thickness lh Wed Mar 11 01:18:46 CET 2026
#@# area and vertex vol lh Wed Mar 11 01:18:46 CET 2026
#@# Parcellation Stats lh Wed Mar 11 01:18:46 CET 2026
#@# Parcellation Stats 2 lh Wed Mar 11 01:19:02 CET 2026
#@# Parcellation Stats 3 lh Wed Mar 11 01:19:11 CET 2026
#@# BA_exvivo Labels lh Wed Mar 11 01:19:19 CET 2026
recon-all -s sub-v2s12x28873_ses-1 finished without error at Wed Mar 11 01:21:56 CET 2026
