status file for recon-all
Tue Mar 10 22:47:49 CET 2026
#@# MotionCor Tue Mar 10 22:47:50 CET 2026
#@# Talairach Tue Mar 10 22:47:58 CET 2026
#@# Talairach Failure Detection Tue Mar 10 22:52:20 CET 2026
#@# Nu Intensity Correction Tue Mar 10 22:52:20 CET 2026
#@# Intensity Normalization Tue Mar 10 22:55:35 CET 2026
recon-all -s sub-v2s12x28873_ses-1 finished without error at Tue Mar 10 22:57:05 CET 2026



#New# invocation of recon-all 



status file for recon-all
Tue Mar 10 23:04:28 CET 2026
#@# EM Registration Tue Mar 10 23:04:28 CET 2026
recon-all -s sub-v2s12x28873_ses-1 finished without error at Tue Mar 10 23:06:35 CET 2026



#New# invocation of recon-all 



status file for recon-all
Tue Mar 10 23:06:37 CET 2026
#@# CA Normalize Tue Mar 10 23:06:37 CET 2026
#@# CA Reg Tue Mar 10 23:07:56 CET 2026
#@# SubCort Seg Tue Mar 10 23:57:51 CET 2026
#@# CC Seg Wed Mar 11 00:24:40 CET 2026
#@# Merge ASeg Wed Mar 11 00:25:15 CET 2026
#@# Intensity Normalization2 Wed Mar 11 00:25:15 CET 2026
#@# Mask BFS Wed Mar 11 00:27:27 CET 2026
#@# WM Segmentation Wed Mar 11 00:27:27 CET 2026
#@# Fill Wed Mar 11 00:29:22 CET 2026
recon-all -s sub-v2s12x28873_ses-1 finished without error at Wed Mar 11 00:30:25 CET 2026



#New# invocation of recon-all 



status file for recon-all
Wed Mar 11 01:13:26 CET 2026
#@# white curv lh Wed Mar 11 01:13:26 CET 2026
#@# white area lh Wed Mar 11 01:13:26 CET 2026
#@# pial curv lh Wed Mar 11 01:13:26 CET 2026
#@# pial area lh Wed Mar 11 01:13:26 CET 2026
#@# thickness lh Wed Mar 11 01:13:26 CET 2026
#@# area and vertex vol lh Wed Mar 11 01:13:26 CET 2026
#@# white curv rh Wed Mar 11 01:13:26 CET 2026
#@# white area rh Wed Mar 11 01:13:26 CET 2026
#@# pial curv rh Wed Mar 11 01:13:26 CET 2026
#@# pial area rh Wed Mar 11 01:13:26 CET 2026
#@# thickness rh Wed Mar 11 01:13:26 CET 2026
#@# area and vertex vol rh Wed Mar 11 01:13:26 CET 2026
#@# Cortical ribbon mask Wed Mar 11 01:13:26 CET 2026
recon-all -s sub-v2s12x28873_ses-1 finished without error at Wed Mar 11 01:18:42 CET 2026



#New# invocation of recon-all 



status file for recon-all
Wed Mar 11 01:25:17 CET 2026
#@# white curv lh Wed Mar 11 01:25:17 CET 2026
#@# white area lh Wed Mar 11 01:25:17 CET 2026
#@# pial curv lh Wed Mar 11 01:25:17 CET 2026
#@# pial area lh Wed Mar 11 01:25:17 CET 2026
#@# thickness lh Wed Mar 11 01:25:17 CET 2026
#@# area and vertex vol lh Wed Mar 11 01:25:17 CET 2026
#@# white curv rh Wed Mar 11 01:25:17 CET 2026
#@# white area rh Wed Mar 11 01:25:17 CET 2026
#@# pial curv rh Wed Mar 11 01:25:17 CET 2026
#@# pial area rh Wed Mar 11 01:25:17 CET 2026
#@# thickness rh Wed Mar 11 01:25:17 CET 2026
#@# area and vertex vol rh Wed Mar 11 01:25:17 CET 2026
#@# Curvature Stats lh Wed Mar 11 01:25:17 CET 2026
#@# Curvature Stats rh Wed Mar 11 01:25:20 CET 2026
#@# Relabel Hypointensities Wed Mar 11 01:25:23 CET 2026
#@# APas-to-ASeg Wed Mar 11 01:25:38 CET 2026
#@# AParc-to-ASeg aparc Wed Mar 11 01:25:46 CET 2026
#@# AParc-to-ASeg aparc.a2009s Wed Mar 11 01:26:23 CET 2026
#@# AParc-to-ASeg aparc.DKTatlas Wed Mar 11 01:26:59 CET 2026
#@# WMParc Wed Mar 11 01:27:34 CET 2026
#@# ASeg Stats Wed Mar 11 01:31:51 CET 2026
recon-all -s sub-v2s12x28873_ses-1 finished without error at Wed Mar 11 01:32:32 CET 2026
