status file for recon-all
Wed Mar 11 01:10:48 CET 2026
#@# MotionCor Wed Mar 11 01:10:50 CET 2026
#@# Talairach Wed Mar 11 01:10:57 CET 2026
#@# Talairach Failure Detection Wed Mar 11 01:15:24 CET 2026
#@# Nu Intensity Correction Wed Mar 11 01:15:24 CET 2026
#@# Intensity Normalization Wed Mar 11 01:18:40 CET 2026
recon-all -s sub-v2s12x28884_ses-1 finished without error at Wed Mar 11 01:20:10 CET 2026



#New# invocation of recon-all 



status file for recon-all
Wed Mar 11 01:27:23 CET 2026
#@# EM Registration Wed Mar 11 01:27:23 CET 2026
recon-all -s sub-v2s12x28884_ses-1 finished without error at Wed Mar 11 01:28:57 CET 2026



#New# invocation of recon-all 



status file for recon-all
Wed Mar 11 01:29:01 CET 2026
#@# CA Normalize Wed Mar 11 01:29:01 CET 2026
#@# CA Reg Wed Mar 11 01:30:22 CET 2026
#@# SubCort Seg Wed Mar 11 02:21:56 CET 2026
#@# CC Seg Wed Mar 11 02:53:48 CET 2026
#@# Merge ASeg Wed Mar 11 02:54:36 CET 2026
#@# Intensity Normalization2 Wed Mar 11 02:54:36 CET 2026
#@# Mask BFS Wed Mar 11 02:56:53 CET 2026
#@# WM Segmentation Wed Mar 11 02:56:54 CET 2026
#@# Fill Wed Mar 11 02:58:45 CET 2026
recon-all -s sub-v2s12x28884_ses-1 finished without error at Wed Mar 11 02:59:50 CET 2026



#New# invocation of recon-all 



status file for recon-all
Wed Mar 11 03:51:42 CET 2026
#@# white curv lh Wed Mar 11 03:51:42 CET 2026
#@# white area lh Wed Mar 11 03:51:42 CET 2026
#@# pial curv lh Wed Mar 11 03:51:42 CET 2026
#@# pial area lh Wed Mar 11 03:51:42 CET 2026
#@# thickness lh Wed Mar 11 03:51:42 CET 2026
#@# area and vertex vol lh Wed Mar 11 03:51:42 CET 2026
#@# white curv rh Wed Mar 11 03:51:42 CET 2026
#@# white area rh Wed Mar 11 03:51:42 CET 2026
#@# pial curv rh Wed Mar 11 03:51:42 CET 2026
#@# pial area rh Wed Mar 11 03:51:42 CET 2026
#@# thickness rh Wed Mar 11 03:51:42 CET 2026
#@# area and vertex vol rh Wed Mar 11 03:51:42 CET 2026
#@# Cortical ribbon mask Wed Mar 11 03:51:42 CET 2026
recon-all -s sub-v2s12x28884_ses-1 finished without error at Wed Mar 11 03:58:24 CET 2026



#New# invocation of recon-all 



status file for recon-all
Wed Mar 11 04:05:42 CET 2026
#@# white curv lh Wed Mar 11 04:05:42 CET 2026
#@# white area lh Wed Mar 11 04:05:42 CET 2026
#@# pial curv lh Wed Mar 11 04:05:42 CET 2026
#@# pial area lh Wed Mar 11 04:05:42 CET 2026
#@# thickness lh Wed Mar 11 04:05:42 CET 2026
#@# area and vertex vol lh Wed Mar 11 04:05:42 CET 2026
#@# white curv rh Wed Mar 11 04:05:42 CET 2026
#@# white area rh Wed Mar 11 04:05:42 CET 2026
#@# pial curv rh Wed Mar 11 04:05:42 CET 2026
#@# pial area rh Wed Mar 11 04:05:42 CET 2026
#@# thickness rh Wed Mar 11 04:05:42 CET 2026
#@# area and vertex vol rh Wed Mar 11 04:05:42 CET 2026
#@# Curvature Stats lh Wed Mar 11 04:05:42 CET 2026
#@# Curvature Stats rh Wed Mar 11 04:05:44 CET 2026
#@# Relabel Hypointensities Wed Mar 11 04:05:47 CET 2026
#@# APas-to-ASeg Wed Mar 11 04:06:04 CET 2026
#@# AParc-to-ASeg aparc Wed Mar 11 04:06:13 CET 2026
#@# AParc-to-ASeg aparc.a2009s Wed Mar 11 04:06:53 CET 2026
#@# AParc-to-ASeg aparc.DKTatlas Wed Mar 11 04:07:34 CET 2026
#@# WMParc Wed Mar 11 04:08:13 CET 2026
#@# ASeg Stats Wed Mar 11 04:12:16 CET 2026
recon-all -s sub-v2s12x28884_ses-1 finished without error at Wed Mar 11 04:12:49 CET 2026
