status file for recon-all
Wed Mar 11 03:29:39 CET 2026
#@# Tessellate rh Wed Mar 11 03:29:39 CET 2026
#@# Smooth1 rh Wed Mar 11 03:29:43 CET 2026
#@# Inflation1 rh Wed Mar 11 03:29:45 CET 2026
#@# QSphere rh Wed Mar 11 03:29:58 CET 2026
#@# Fix Topology rh Wed Mar 11 03:31:34 CET 2026
#@# Smooth2 rh Wed Mar 11 03:37:02 CET 2026
#@# Inflation2 rh Wed Mar 11 03:37:05 CET 2026
#@# Curv .H and .K rh Wed Mar 11 03:37:19 CET 2026
#@# Sphere rh Wed Mar 11 03:38:09 CET 2026
#@# Surf Reg rh Wed Mar 11 03:40:12 CET 2026
#@# Jacobian white rh Wed Mar 11 03:44:14 CET 2026
#@# AvgCurv rh Wed Mar 11 03:44:15 CET 2026
#@# Cortical Parc rh Wed Mar 11 03:44:16 CET 2026
#@# white curv rh Wed Mar 11 03:50:24 CET 2026
#@# white area rh Wed Mar 11 03:50:26 CET 2026
#@# pial curv rh Wed Mar 11 03:50:27 CET 2026
#@# pial area rh Wed Mar 11 03:50:29 CET 2026
#@# thickness rh Wed Mar 11 03:50:29 CET 2026
#@# area and vertex vol rh Wed Mar 11 03:51:03 CET 2026
#@# Curvature Stats rh Wed Mar 11 03:51:05 CET 2026
#@# Cortical Parc 2 rh Wed Mar 11 03:51:08 CET 2026
#@# Cortical Parc 3 rh Wed Mar 11 03:51:22 CET 2026
#@# WM/GM Contrast rh Wed Mar 11 03:51:33 CET 2026
recon-all -s sub-v2s12x28884_ses-1 finished without error at Wed Mar 11 03:51:36 CET 2026



#New# invocation of recon-all 



status file for recon-all
Wed Mar 11 04:02:02 CET 2026
#@# white curv rh Wed Mar 11 04:02:02 CET 2026
#@# white area rh Wed Mar 11 04:02:02 CET 2026
#@# pial curv rh Wed Mar 11 04:02:02 CET 2026
#@# pial area rh Wed Mar 11 04:02:02 CET 2026
#@# thickness rh Wed Mar 11 04:02:02 CET 2026
#@# area and vertex vol rh Wed Mar 11 04:02:02 CET 2026
#@# Parcellation Stats rh Wed Mar 11 04:02:02 CET 2026
#@# Parcellation Stats 2 rh Wed Mar 11 04:02:22 CET 2026
#@# Parcellation Stats 3 rh Wed Mar 11 04:02:33 CET 2026
#@# BA_exvivo Labels rh Wed Mar 11 04:02:43 CET 2026
recon-all -s sub-v2s12x28884_ses-1 finished without error at Wed Mar 11 04:05:38 CET 2026
