status file for recon-all
Wed Mar 11 03:33:29 CET 2026
#@# Tessellate rh Wed Mar 11 03:33:29 CET 2026
#@# Smooth1 rh Wed Mar 11 03:33:32 CET 2026
#@# Inflation1 rh Wed Mar 11 03:33:34 CET 2026
#@# QSphere rh Wed Mar 11 03:33:48 CET 2026
#@# Fix Topology rh Wed Mar 11 03:34:47 CET 2026
#@# Smooth2 rh Wed Mar 11 03:40:12 CET 2026
#@# Inflation2 rh Wed Mar 11 03:40:14 CET 2026
#@# Curv .H and .K rh Wed Mar 11 03:40:28 CET 2026
#@# Sphere rh Wed Mar 11 03:41:10 CET 2026
#@# Surf Reg rh Wed Mar 11 03:44:47 CET 2026
#@# Jacobian white rh Wed Mar 11 03:48:28 CET 2026
#@# AvgCurv rh Wed Mar 11 03:48:28 CET 2026
#@# Cortical Parc rh Wed Mar 11 03:48:29 CET 2026
#@# white curv rh Wed Mar 11 03:55:46 CET 2026
#@# white area rh Wed Mar 11 03:55:47 CET 2026
#@# pial curv rh Wed Mar 11 03:55:48 CET 2026
#@# pial area rh Wed Mar 11 03:55:49 CET 2026
#@# thickness rh Wed Mar 11 03:55:50 CET 2026
#@# area and vertex vol rh Wed Mar 11 03:56:12 CET 2026
#@# Curvature Stats rh Wed Mar 11 03:56:14 CET 2026
#@# Cortical Parc 2 rh Wed Mar 11 03:56:16 CET 2026
#@# Cortical Parc 3 rh Wed Mar 11 03:56:26 CET 2026
#@# WM/GM Contrast rh Wed Mar 11 03:56:35 CET 2026
recon-all -s sub-v2s12x28886_ses-1 finished without error at Wed Mar 11 03:56:37 CET 2026



#New# invocation of recon-all 



status file for recon-all
Wed Mar 11 04:06:25 CET 2026
#@# white curv rh Wed Mar 11 04:06:25 CET 2026
#@# white area rh Wed Mar 11 04:06:25 CET 2026
#@# pial curv rh Wed Mar 11 04:06:25 CET 2026
#@# pial area rh Wed Mar 11 04:06:25 CET 2026
#@# thickness rh Wed Mar 11 04:06:25 CET 2026
#@# area and vertex vol rh Wed Mar 11 04:06:25 CET 2026
#@# Parcellation Stats rh Wed Mar 11 04:06:25 CET 2026
#@# Parcellation Stats 2 rh Wed Mar 11 04:06:44 CET 2026
#@# Parcellation Stats 3 rh Wed Mar 11 04:06:53 CET 2026
#@# BA_exvivo Labels rh Wed Mar 11 04:07:02 CET 2026
recon-all -s sub-v2s12x28886_ses-1 finished without error at Wed Mar 11 04:09:12 CET 2026
