status file for recon-all
Wed Mar 11 04:04:40 CET 2026
#@# Tessellate lh Wed Mar 11 04:04:40 CET 2026
#@# Smooth1 lh Wed Mar 11 04:04:43 CET 2026
#@# Inflation1 lh Wed Mar 11 04:04:46 CET 2026
#@# QSphere lh Wed Mar 11 04:04:56 CET 2026
#@# Fix Topology lh Wed Mar 11 04:05:55 CET 2026
#@# Smooth2 lh Wed Mar 11 04:11:03 CET 2026
#@# Inflation2 lh Wed Mar 11 04:11:05 CET 2026
#@# Curv .H and .K lh Wed Mar 11 04:11:16 CET 2026
#@# Sphere lh Wed Mar 11 04:12:06 CET 2026
#@# Surf Reg lh Wed Mar 11 04:13:51 CET 2026
#@# Jacobian white lh Wed Mar 11 04:17:13 CET 2026
#@# AvgCurv lh Wed Mar 11 04:17:13 CET 2026
#@# Cortical Parc lh Wed Mar 11 04:17:14 CET 2026
#@# white curv lh Wed Mar 11 04:23:03 CET 2026
#@# white area lh Wed Mar 11 04:23:05 CET 2026
#@# pial curv lh Wed Mar 11 04:23:06 CET 2026
#@# pial area lh Wed Mar 11 04:23:07 CET 2026
#@# thickness lh Wed Mar 11 04:23:08 CET 2026
#@# area and vertex vol lh Wed Mar 11 04:23:39 CET 2026
#@# Curvature Stats lh Wed Mar 11 04:23:41 CET 2026
#@# Cortical Parc 2 lh Wed Mar 11 04:23:43 CET 2026
#@# Cortical Parc 3 lh Wed Mar 11 04:23:56 CET 2026
#@# WM/GM Contrast lh Wed Mar 11 04:24:06 CET 2026
recon-all -s sub-v2s12x28893_ses-1 finished without error at Wed Mar 11 04:24:09 CET 2026



#New# invocation of recon-all 



status file for recon-all
Wed Mar 11 04:54:20 CET 2026
#@# white curv lh Wed Mar 11 04:54:21 CET 2026
#@# white area lh Wed Mar 11 04:54:21 CET 2026
#@# pial curv lh Wed Mar 11 04:54:21 CET 2026
#@# pial area lh Wed Mar 11 04:54:21 CET 2026
#@# thickness lh Wed Mar 11 04:54:21 CET 2026
#@# area and vertex vol lh Wed Mar 11 04:54:21 CET 2026
#@# Parcellation Stats lh Wed Mar 11 04:54:21 CET 2026
#@# Parcellation Stats 2 lh Wed Mar 11 04:54:41 CET 2026
#@# Parcellation Stats 3 lh Wed Mar 11 04:54:51 CET 2026
#@# BA_exvivo Labels lh Wed Mar 11 04:55:01 CET 2026
recon-all -s sub-v2s12x28893_ses-1 finished without error at Wed Mar 11 04:57:30 CET 2026
