status file for recon-all
Wed Mar 11 04:24:12 CET 2026
#@# Tessellate rh Wed Mar 11 04:24:12 CET 2026
#@# Smooth1 rh Wed Mar 11 04:24:15 CET 2026
#@# Inflation1 rh Wed Mar 11 04:24:18 CET 2026
#@# QSphere rh Wed Mar 11 04:24:27 CET 2026
#@# Fix Topology rh Wed Mar 11 04:25:31 CET 2026
#@# Smooth2 rh Wed Mar 11 04:30:59 CET 2026
#@# Inflation2 rh Wed Mar 11 04:31:02 CET 2026
#@# Curv .H and .K rh Wed Mar 11 04:31:12 CET 2026
#@# Sphere rh Wed Mar 11 04:32:03 CET 2026
#@# Surf Reg rh Wed Mar 11 04:34:31 CET 2026
#@# Jacobian white rh Wed Mar 11 04:38:01 CET 2026
#@# AvgCurv rh Wed Mar 11 04:38:02 CET 2026
#@# Cortical Parc rh Wed Mar 11 04:38:03 CET 2026
#@# white curv rh Wed Mar 11 04:44:01 CET 2026
#@# white area rh Wed Mar 11 04:44:03 CET 2026
#@# pial curv rh Wed Mar 11 04:44:03 CET 2026
#@# pial area rh Wed Mar 11 04:44:05 CET 2026
#@# thickness rh Wed Mar 11 04:44:06 CET 2026
#@# area and vertex vol rh Wed Mar 11 04:44:37 CET 2026
#@# Curvature Stats rh Wed Mar 11 04:44:38 CET 2026
#@# Cortical Parc 2 rh Wed Mar 11 04:44:40 CET 2026
#@# Cortical Parc 3 rh Wed Mar 11 04:44:54 CET 2026
#@# WM/GM Contrast rh Wed Mar 11 04:45:04 CET 2026
recon-all -s sub-v2s12x28893_ses-1 finished without error at Wed Mar 11 04:45:07 CET 2026



#New# invocation of recon-all 



status file for recon-all
Wed Mar 11 04:57:32 CET 2026
#@# white curv rh Wed Mar 11 04:57:32 CET 2026
#@# white area rh Wed Mar 11 04:57:32 CET 2026
#@# pial curv rh Wed Mar 11 04:57:32 CET 2026
#@# pial area rh Wed Mar 11 04:57:32 CET 2026
#@# thickness rh Wed Mar 11 04:57:32 CET 2026
#@# area and vertex vol rh Wed Mar 11 04:57:32 CET 2026
#@# Parcellation Stats rh Wed Mar 11 04:57:32 CET 2026
#@# Parcellation Stats 2 rh Wed Mar 11 04:57:53 CET 2026
#@# Parcellation Stats 3 rh Wed Mar 11 04:58:03 CET 2026
#@# BA_exvivo Labels rh Wed Mar 11 04:58:13 CET 2026
recon-all -s sub-v2s12x28893_ses-1 finished without error at Wed Mar 11 05:00:42 CET 2026
