status file for recon-all
Wed Mar 11 02:24:01 CET 2026
#@# MotionCor Wed Mar 11 02:24:03 CET 2026
#@# Talairach Wed Mar 11 02:24:10 CET 2026
#@# Talairach Failure Detection Wed Mar 11 02:28:32 CET 2026
#@# Nu Intensity Correction Wed Mar 11 02:28:32 CET 2026
#@# Intensity Normalization Wed Mar 11 02:31:44 CET 2026
recon-all -s sub-v2s12x28893_ses-1 finished without error at Wed Mar 11 02:33:11 CET 2026



#New# invocation of recon-all 



status file for recon-all
Wed Mar 11 02:40:12 CET 2026
#@# EM Registration Wed Mar 11 02:40:12 CET 2026
recon-all -s sub-v2s12x28893_ses-1 finished without error at Wed Mar 11 02:42:02 CET 2026



#New# invocation of recon-all 



status file for recon-all
Wed Mar 11 02:42:05 CET 2026
#@# CA Normalize Wed Mar 11 02:42:05 CET 2026
#@# CA Reg Wed Mar 11 02:43:24 CET 2026
#@# SubCort Seg Wed Mar 11 03:28:50 CET 2026
#@# CC Seg Wed Mar 11 03:58:50 CET 2026
#@# Merge ASeg Wed Mar 11 03:59:29 CET 2026
#@# Intensity Normalization2 Wed Mar 11 03:59:29 CET 2026
#@# Mask BFS Wed Mar 11 04:01:40 CET 2026
#@# WM Segmentation Wed Mar 11 04:01:41 CET 2026
#@# Fill Wed Mar 11 04:03:34 CET 2026
recon-all -s sub-v2s12x28893_ses-1 finished without error at Wed Mar 11 04:04:37 CET 2026



#New# invocation of recon-all 



status file for recon-all
Wed Mar 11 04:45:10 CET 2026
#@# white curv lh Wed Mar 11 04:45:10 CET 2026
#@# white area lh Wed Mar 11 04:45:10 CET 2026
#@# pial curv lh Wed Mar 11 04:45:10 CET 2026
#@# pial area lh Wed Mar 11 04:45:10 CET 2026
#@# thickness lh Wed Mar 11 04:45:10 CET 2026
#@# area and vertex vol lh Wed Mar 11 04:45:10 CET 2026
#@# white curv rh Wed Mar 11 04:45:10 CET 2026
#@# white area rh Wed Mar 11 04:45:10 CET 2026
#@# pial curv rh Wed Mar 11 04:45:10 CET 2026
#@# pial area rh Wed Mar 11 04:45:10 CET 2026
#@# thickness rh Wed Mar 11 04:45:10 CET 2026
#@# area and vertex vol rh Wed Mar 11 04:45:10 CET 2026
#@# Cortical ribbon mask Wed Mar 11 04:45:10 CET 2026
recon-all -s sub-v2s12x28893_ses-1 finished without error at Wed Mar 11 04:54:16 CET 2026



#New# invocation of recon-all 



status file for recon-all
Wed Mar 11 05:00:46 CET 2026
#@# white curv lh Wed Mar 11 05:00:47 CET 2026
#@# white area lh Wed Mar 11 05:00:47 CET 2026
#@# pial curv lh Wed Mar 11 05:00:47 CET 2026
#@# pial area lh Wed Mar 11 05:00:47 CET 2026
#@# thickness lh Wed Mar 11 05:00:47 CET 2026
#@# area and vertex vol lh Wed Mar 11 05:00:47 CET 2026
#@# white curv rh Wed Mar 11 05:00:47 CET 2026
#@# white area rh Wed Mar 11 05:00:47 CET 2026
#@# pial curv rh Wed Mar 11 05:00:47 CET 2026
#@# pial area rh Wed Mar 11 05:00:47 CET 2026
#@# thickness rh Wed Mar 11 05:00:47 CET 2026
#@# area and vertex vol rh Wed Mar 11 05:00:47 CET 2026
#@# Curvature Stats lh Wed Mar 11 05:00:47 CET 2026
#@# Curvature Stats rh Wed Mar 11 05:00:49 CET 2026
#@# Relabel Hypointensities Wed Mar 11 05:00:51 CET 2026
#@# APas-to-ASeg Wed Mar 11 05:01:07 CET 2026
#@# AParc-to-ASeg aparc Wed Mar 11 05:01:14 CET 2026
#@# AParc-to-ASeg aparc.a2009s Wed Mar 11 05:01:55 CET 2026
#@# AParc-to-ASeg aparc.DKTatlas Wed Mar 11 05:02:35 CET 2026
#@# WMParc Wed Mar 11 05:03:15 CET 2026
#@# ASeg Stats Wed Mar 11 05:06:47 CET 2026
recon-all -s sub-v2s12x28893_ses-1 finished without error at Wed Mar 11 05:07:19 CET 2026
