status file for recon-all
Wed Mar 11 00:04:23 CET 2026
#@# Tessellate rh Wed Mar 11 00:04:23 CET 2026
#@# Smooth1 rh Wed Mar 11 00:04:26 CET 2026
#@# Inflation1 rh Wed Mar 11 00:04:27 CET 2026
#@# QSphere rh Wed Mar 11 00:04:39 CET 2026
#@# Fix Topology rh Wed Mar 11 00:05:26 CET 2026
#@# Smooth2 rh Wed Mar 11 00:09:44 CET 2026
#@# Inflation2 rh Wed Mar 11 00:09:46 CET 2026
#@# Curv .H and .K rh Wed Mar 11 00:09:58 CET 2026
#@# Sphere rh Wed Mar 11 00:10:33 CET 2026
#@# Surf Reg rh Wed Mar 11 00:13:12 CET 2026
#@# Jacobian white rh Wed Mar 11 00:16:48 CET 2026
#@# AvgCurv rh Wed Mar 11 00:16:49 CET 2026
#@# Cortical Parc rh Wed Mar 11 00:16:50 CET 2026
#@# white curv rh Wed Mar 11 00:23:13 CET 2026
#@# white area rh Wed Mar 11 00:23:14 CET 2026
#@# pial curv rh Wed Mar 11 00:23:15 CET 2026
#@# pial area rh Wed Mar 11 00:23:16 CET 2026
#@# thickness rh Wed Mar 11 00:23:17 CET 2026
#@# area and vertex vol rh Wed Mar 11 00:23:35 CET 2026
#@# Curvature Stats rh Wed Mar 11 00:23:36 CET 2026
#@# Cortical Parc 2 rh Wed Mar 11 00:23:38 CET 2026
#@# Cortical Parc 3 rh Wed Mar 11 00:23:47 CET 2026
#@# WM/GM Contrast rh Wed Mar 11 00:23:55 CET 2026
recon-all -s sub-v2s12x28862_ses-1 finished without error at Wed Mar 11 00:23:57 CET 2026



#New# invocation of recon-all 



status file for recon-all
Wed Mar 11 00:31:03 CET 2026
#@# white curv rh Wed Mar 11 00:31:03 CET 2026
#@# white area rh Wed Mar 11 00:31:03 CET 2026
#@# pial curv rh Wed Mar 11 00:31:03 CET 2026
#@# pial area rh Wed Mar 11 00:31:03 CET 2026
#@# thickness rh Wed Mar 11 00:31:03 CET 2026
#@# area and vertex vol rh Wed Mar 11 00:31:03 CET 2026
#@# Parcellation Stats rh Wed Mar 11 00:31:03 CET 2026
#@# Parcellation Stats 2 rh Wed Mar 11 00:31:17 CET 2026
#@# Parcellation Stats 3 rh Wed Mar 11 00:31:24 CET 2026
#@# BA_exvivo Labels rh Wed Mar 11 00:31:31 CET 2026
recon-all -s sub-v2s12x28862_ses-1 finished without error at Wed Mar 11 00:33:31 CET 2026
