status file for recon-all
Wed Mar 11 00:08:21 CET 2026
#@# Tessellate rh Wed Mar 11 00:08:21 CET 2026
#@# Smooth1 rh Wed Mar 11 00:08:24 CET 2026
#@# Inflation1 rh Wed Mar 11 00:08:26 CET 2026
#@# QSphere rh Wed Mar 11 00:08:36 CET 2026
#@# Fix Topology rh Wed Mar 11 00:09:36 CET 2026
#@# Smooth2 rh Wed Mar 11 00:14:15 CET 2026
#@# Inflation2 rh Wed Mar 11 00:14:18 CET 2026
#@# Curv .H and .K rh Wed Mar 11 00:14:28 CET 2026
#@# Sphere rh Wed Mar 11 00:15:14 CET 2026
#@# Surf Reg rh Wed Mar 11 00:18:04 CET 2026
#@# Jacobian white rh Wed Mar 11 00:21:09 CET 2026
#@# AvgCurv rh Wed Mar 11 00:21:10 CET 2026
#@# Cortical Parc rh Wed Mar 11 00:21:10 CET 2026
#@# white curv rh Wed Mar 11 00:26:41 CET 2026
#@# white area rh Wed Mar 11 00:26:43 CET 2026
#@# pial curv rh Wed Mar 11 00:26:43 CET 2026
#@# pial area rh Wed Mar 11 00:26:45 CET 2026
#@# thickness rh Wed Mar 11 00:26:45 CET 2026
#@# area and vertex vol rh Wed Mar 11 00:27:14 CET 2026
#@# Curvature Stats rh Wed Mar 11 00:27:16 CET 2026
#@# Cortical Parc 2 rh Wed Mar 11 00:27:18 CET 2026
#@# Cortical Parc 3 rh Wed Mar 11 00:27:30 CET 2026
#@# WM/GM Contrast rh Wed Mar 11 00:27:40 CET 2026
recon-all -s sub-v2s12x28853_ses-1 finished without error at Wed Mar 11 00:27:42 CET 2026



#New# invocation of recon-all 



status file for recon-all
Wed Mar 11 00:36:45 CET 2026
#@# white curv rh Wed Mar 11 00:36:46 CET 2026
#@# white area rh Wed Mar 11 00:36:46 CET 2026
#@# pial curv rh Wed Mar 11 00:36:46 CET 2026
#@# pial area rh Wed Mar 11 00:36:46 CET 2026
#@# thickness rh Wed Mar 11 00:36:46 CET 2026
#@# area and vertex vol rh Wed Mar 11 00:36:46 CET 2026
#@# Parcellation Stats rh Wed Mar 11 00:36:46 CET 2026
#@# Parcellation Stats 2 rh Wed Mar 11 00:37:03 CET 2026
#@# Parcellation Stats 3 rh Wed Mar 11 00:37:12 CET 2026
#@# BA_exvivo Labels rh Wed Mar 11 00:37:21 CET 2026
recon-all -s sub-v2s12x28853_ses-1 finished without error at Wed Mar 11 00:39:39 CET 2026
