status file for recon-all
Wed Mar 11 00:17:01 CET 2026
#@# Tessellate lh Wed Mar 11 00:17:01 CET 2026
#@# Smooth1 lh Wed Mar 11 00:17:05 CET 2026
#@# Inflation1 lh Wed Mar 11 00:17:08 CET 2026
#@# QSphere lh Wed Mar 11 00:17:20 CET 2026
#@# Fix Topology lh Wed Mar 11 00:18:52 CET 2026
#@# Smooth2 lh Wed Mar 11 00:24:05 CET 2026
#@# Inflation2 lh Wed Mar 11 00:24:08 CET 2026
#@# Curv .H and .K lh Wed Mar 11 00:24:23 CET 2026
#@# Sphere lh Wed Mar 11 00:25:06 CET 2026
#@# Surf Reg lh Wed Mar 11 00:27:37 CET 2026
#@# Jacobian white lh Wed Mar 11 00:30:57 CET 2026
#@# AvgCurv lh Wed Mar 11 00:30:58 CET 2026
#@# Cortical Parc lh Wed Mar 11 00:30:59 CET 2026
#@# white curv lh Wed Mar 11 00:37:18 CET 2026
#@# white area lh Wed Mar 11 00:37:20 CET 2026
#@# pial curv lh Wed Mar 11 00:37:21 CET 2026
#@# pial area lh Wed Mar 11 00:37:22 CET 2026
#@# thickness lh Wed Mar 11 00:37:23 CET 2026
#@# area and vertex vol lh Wed Mar 11 00:37:51 CET 2026
#@# Curvature Stats lh Wed Mar 11 00:37:53 CET 2026
#@# Cortical Parc 2 lh Wed Mar 11 00:37:55 CET 2026
#@# Cortical Parc 3 lh Wed Mar 11 00:38:08 CET 2026
#@# WM/GM Contrast lh Wed Mar 11 00:38:18 CET 2026
recon-all -s sub-v2s12x28863_ses-1 finished without error at Wed Mar 11 00:38:21 CET 2026



#New# invocation of recon-all 



status file for recon-all
Wed Mar 11 01:08:30 CET 2026
#@# white curv lh Wed Mar 11 01:08:30 CET 2026
#@# white area lh Wed Mar 11 01:08:30 CET 2026
#@# pial curv lh Wed Mar 11 01:08:30 CET 2026
#@# pial area lh Wed Mar 11 01:08:30 CET 2026
#@# thickness lh Wed Mar 11 01:08:30 CET 2026
#@# area and vertex vol lh Wed Mar 11 01:08:30 CET 2026
#@# Parcellation Stats lh Wed Mar 11 01:08:30 CET 2026
#@# Parcellation Stats 2 lh Wed Mar 11 01:08:47 CET 2026
#@# Parcellation Stats 3 lh Wed Mar 11 01:08:56 CET 2026
#@# BA_exvivo Labels lh Wed Mar 11 01:09:05 CET 2026
recon-all -s sub-v2s12x28863_ses-1 finished without error at Wed Mar 11 01:11:44 CET 2026
