status file for recon-all
Wed Mar 11 02:57:40 CET 2026
#@# MotionCor Wed Mar 11 02:57:42 CET 2026
#@# Talairach Wed Mar 11 02:57:49 CET 2026
#@# Talairach Failure Detection Wed Mar 11 03:02:14 CET 2026
#@# Nu Intensity Correction Wed Mar 11 03:02:14 CET 2026
#@# Intensity Normalization Wed Mar 11 03:05:26 CET 2026
recon-all -s sub-v2s12x28909_ses-1 finished without error at Wed Mar 11 03:06:50 CET 2026



#New# invocation of recon-all 



status file for recon-all
Wed Mar 11 03:13:46 CET 2026
#@# EM Registration Wed Mar 11 03:13:46 CET 2026
recon-all -s sub-v2s12x28909_ses-1 finished without error at Wed Mar 11 03:15:06 CET 2026



#New# invocation of recon-all 



status file for recon-all
Wed Mar 11 03:15:09 CET 2026
#@# CA Normalize Wed Mar 11 03:15:09 CET 2026
#@# CA Reg Wed Mar 11 03:16:29 CET 2026
#@# SubCort Seg Wed Mar 11 03:59:18 CET 2026
#@# CC Seg Wed Mar 11 04:26:38 CET 2026
#@# Merge ASeg Wed Mar 11 04:27:26 CET 2026
#@# Intensity Normalization2 Wed Mar 11 04:27:26 CET 2026
#@# Mask BFS Wed Mar 11 04:29:33 CET 2026
#@# WM Segmentation Wed Mar 11 04:29:34 CET 2026
#@# Fill Wed Mar 11 04:31:25 CET 2026
recon-all -s sub-v2s12x28909_ses-1 finished without error at Wed Mar 11 04:32:28 CET 2026



#New# invocation of recon-all 



status file for recon-all
Wed Mar 11 05:11:26 CET 2026
#@# white curv lh Wed Mar 11 05:11:26 CET 2026
#@# white area lh Wed Mar 11 05:11:26 CET 2026
#@# pial curv lh Wed Mar 11 05:11:26 CET 2026
#@# pial area lh Wed Mar 11 05:11:26 CET 2026
#@# thickness lh Wed Mar 11 05:11:26 CET 2026
#@# area and vertex vol lh Wed Mar 11 05:11:26 CET 2026
#@# white curv rh Wed Mar 11 05:11:26 CET 2026
#@# white area rh Wed Mar 11 05:11:26 CET 2026
#@# pial curv rh Wed Mar 11 05:11:26 CET 2026
#@# pial area rh Wed Mar 11 05:11:26 CET 2026
#@# thickness rh Wed Mar 11 05:11:26 CET 2026
#@# area and vertex vol rh Wed Mar 11 05:11:26 CET 2026
#@# Cortical ribbon mask Wed Mar 11 05:11:26 CET 2026
recon-all -s sub-v2s12x28909_ses-1 finished without error at Wed Mar 11 05:17:53 CET 2026



#New# invocation of recon-all 



status file for recon-all
Wed Mar 11 05:23:50 CET 2026
#@# white curv lh Wed Mar 11 05:23:50 CET 2026
#@# white area lh Wed Mar 11 05:23:50 CET 2026
#@# pial curv lh Wed Mar 11 05:23:50 CET 2026
#@# pial area lh Wed Mar 11 05:23:50 CET 2026
#@# thickness lh Wed Mar 11 05:23:50 CET 2026
#@# area and vertex vol lh Wed Mar 11 05:23:50 CET 2026
#@# white curv rh Wed Mar 11 05:23:50 CET 2026
#@# white area rh Wed Mar 11 05:23:50 CET 2026
#@# pial curv rh Wed Mar 11 05:23:50 CET 2026
#@# pial area rh Wed Mar 11 05:23:50 CET 2026
#@# thickness rh Wed Mar 11 05:23:50 CET 2026
#@# area and vertex vol rh Wed Mar 11 05:23:50 CET 2026
#@# Curvature Stats lh Wed Mar 11 05:23:50 CET 2026
#@# Curvature Stats rh Wed Mar 11 05:23:52 CET 2026
#@# Relabel Hypointensities Wed Mar 11 05:23:55 CET 2026
#@# APas-to-ASeg Wed Mar 11 05:24:09 CET 2026
#@# AParc-to-ASeg aparc Wed Mar 11 05:24:16 CET 2026
#@# AParc-to-ASeg aparc.a2009s Wed Mar 11 05:24:53 CET 2026
#@# AParc-to-ASeg aparc.DKTatlas Wed Mar 11 05:25:31 CET 2026
#@# WMParc Wed Mar 11 05:26:07 CET 2026
#@# ASeg Stats Wed Mar 11 05:29:47 CET 2026
recon-all -s sub-v2s12x28909_ses-1 finished without error at Wed Mar 11 05:30:18 CET 2026
