status file for recon-all
Wed Mar 11 04:32:32 CET 2026
#@# Tessellate lh Wed Mar 11 04:32:32 CET 2026
#@# Smooth1 lh Wed Mar 11 04:32:35 CET 2026
#@# Inflation1 lh Wed Mar 11 04:32:38 CET 2026
#@# QSphere lh Wed Mar 11 04:32:47 CET 2026
#@# Fix Topology lh Wed Mar 11 04:33:45 CET 2026
#@# Smooth2 lh Wed Mar 11 04:38:22 CET 2026
#@# Inflation2 lh Wed Mar 11 04:38:25 CET 2026
#@# Curv .H and .K lh Wed Mar 11 04:38:35 CET 2026
#@# Sphere lh Wed Mar 11 04:39:21 CET 2026
#@# Surf Reg lh Wed Mar 11 04:41:40 CET 2026
#@# Jacobian white lh Wed Mar 11 04:44:36 CET 2026
#@# AvgCurv lh Wed Mar 11 04:44:37 CET 2026
#@# Cortical Parc lh Wed Mar 11 04:44:37 CET 2026
#@# white curv lh Wed Mar 11 04:50:12 CET 2026
#@# white area lh Wed Mar 11 04:50:14 CET 2026
#@# pial curv lh Wed Mar 11 04:50:14 CET 2026
#@# pial area lh Wed Mar 11 04:50:16 CET 2026
#@# thickness lh Wed Mar 11 04:50:16 CET 2026
#@# area and vertex vol lh Wed Mar 11 04:50:45 CET 2026
#@# Curvature Stats lh Wed Mar 11 04:50:46 CET 2026
#@# Cortical Parc 2 lh Wed Mar 11 04:50:48 CET 2026
#@# Cortical Parc 3 lh Wed Mar 11 04:51:01 CET 2026
#@# WM/GM Contrast lh Wed Mar 11 04:51:10 CET 2026
recon-all -s sub-v2s12x28909_ses-1 finished without error at Wed Mar 11 04:51:13 CET 2026



#New# invocation of recon-all 



status file for recon-all
Wed Mar 11 05:17:58 CET 2026
#@# white curv lh Wed Mar 11 05:17:58 CET 2026
#@# white area lh Wed Mar 11 05:17:58 CET 2026
#@# pial curv lh Wed Mar 11 05:17:58 CET 2026
#@# pial area lh Wed Mar 11 05:17:58 CET 2026
#@# thickness lh Wed Mar 11 05:17:58 CET 2026
#@# area and vertex vol lh Wed Mar 11 05:17:58 CET 2026
#@# Parcellation Stats lh Wed Mar 11 05:17:58 CET 2026
#@# Parcellation Stats 2 lh Wed Mar 11 05:18:16 CET 2026
#@# Parcellation Stats 3 lh Wed Mar 11 05:18:25 CET 2026
#@# BA_exvivo Labels lh Wed Mar 11 05:18:33 CET 2026
recon-all -s sub-v2s12x28909_ses-1 finished without error at Wed Mar 11 05:20:52 CET 2026
