status file for recon-all
Wed Mar 11 00:50:13 CET 2026
#@# Tessellate lh Wed Mar 11 00:50:13 CET 2026
#@# Smooth1 lh Wed Mar 11 00:50:15 CET 2026
#@# Inflation1 lh Wed Mar 11 00:50:17 CET 2026
#@# QSphere lh Wed Mar 11 00:50:28 CET 2026
#@# Fix Topology lh Wed Mar 11 00:51:17 CET 2026
#@# Smooth2 lh Wed Mar 11 00:55:46 CET 2026
#@# Inflation2 lh Wed Mar 11 00:55:48 CET 2026
#@# Curv .H and .K lh Wed Mar 11 00:56:00 CET 2026
#@# Sphere lh Wed Mar 11 00:56:34 CET 2026
#@# Surf Reg lh Wed Mar 11 00:58:36 CET 2026
#@# Jacobian white lh Wed Mar 11 01:01:39 CET 2026
#@# AvgCurv lh Wed Mar 11 01:01:39 CET 2026
#@# Cortical Parc lh Wed Mar 11 01:01:40 CET 2026
#@# white curv lh Wed Mar 11 01:06:20 CET 2026
#@# white area lh Wed Mar 11 01:06:21 CET 2026
#@# pial curv lh Wed Mar 11 01:06:22 CET 2026
#@# pial area lh Wed Mar 11 01:06:23 CET 2026
#@# thickness lh Wed Mar 11 01:06:24 CET 2026
#@# area and vertex vol lh Wed Mar 11 01:06:41 CET 2026
#@# Curvature Stats lh Wed Mar 11 01:06:42 CET 2026
#@# Cortical Parc 2 lh Wed Mar 11 01:06:43 CET 2026
#@# Cortical Parc 3 lh Wed Mar 11 01:06:53 CET 2026
#@# WM/GM Contrast lh Wed Mar 11 01:06:59 CET 2026
recon-all -s sub-v2s12x28876_ses-1 finished without error at Wed Mar 11 01:07:02 CET 2026



#New# invocation of recon-all 



status file for recon-all
Wed Mar 11 01:28:07 CET 2026
#@# white curv lh Wed Mar 11 01:28:07 CET 2026
#@# white area lh Wed Mar 11 01:28:07 CET 2026
#@# pial curv lh Wed Mar 11 01:28:07 CET 2026
#@# pial area lh Wed Mar 11 01:28:07 CET 2026
#@# thickness lh Wed Mar 11 01:28:07 CET 2026
#@# area and vertex vol lh Wed Mar 11 01:28:07 CET 2026
#@# Parcellation Stats lh Wed Mar 11 01:28:07 CET 2026
#@# Parcellation Stats 2 lh Wed Mar 11 01:28:20 CET 2026
#@# Parcellation Stats 3 lh Wed Mar 11 01:28:27 CET 2026
#@# BA_exvivo Labels lh Wed Mar 11 01:28:33 CET 2026
recon-all -s sub-v2s12x28876_ses-1 finished without error at Wed Mar 11 01:30:35 CET 2026
