status file for recon-all
Wed Mar 11 03:08:34 CET 2026
#@# Tessellate rh Wed Mar 11 03:08:34 CET 2026
#@# Smooth1 rh Wed Mar 11 03:08:38 CET 2026
#@# Inflation1 rh Wed Mar 11 03:08:41 CET 2026
#@# QSphere rh Wed Mar 11 03:08:58 CET 2026
#@# Fix Topology rh Wed Mar 11 03:10:22 CET 2026
#@# Smooth2 rh Wed Mar 11 03:17:22 CET 2026
#@# Inflation2 rh Wed Mar 11 03:17:25 CET 2026
#@# Curv .H and .K rh Wed Mar 11 03:17:44 CET 2026
#@# Sphere rh Wed Mar 11 03:18:31 CET 2026
#@# Surf Reg rh Wed Mar 11 03:22:26 CET 2026
#@# Jacobian white rh Wed Mar 11 03:26:43 CET 2026
#@# AvgCurv rh Wed Mar 11 03:26:44 CET 2026
#@# Cortical Parc rh Wed Mar 11 03:26:45 CET 2026
#@# white curv rh Wed Mar 11 03:33:42 CET 2026
#@# white area rh Wed Mar 11 03:33:44 CET 2026
#@# pial curv rh Wed Mar 11 03:33:45 CET 2026
#@# pial area rh Wed Mar 11 03:33:47 CET 2026
#@# thickness rh Wed Mar 11 03:33:48 CET 2026
#@# area and vertex vol rh Wed Mar 11 03:34:16 CET 2026
#@# Curvature Stats rh Wed Mar 11 03:34:18 CET 2026
#@# Cortical Parc 2 rh Wed Mar 11 03:34:20 CET 2026
#@# Cortical Parc 3 rh Wed Mar 11 03:34:34 CET 2026
#@# WM/GM Contrast rh Wed Mar 11 03:34:45 CET 2026
recon-all -s sub-v2s12x28883_ses-1 finished without error at Wed Mar 11 03:34:48 CET 2026



#New# invocation of recon-all 



status file for recon-all
Wed Mar 11 03:42:55 CET 2026
#@# white curv rh Wed Mar 11 03:42:55 CET 2026
#@# white area rh Wed Mar 11 03:42:55 CET 2026
#@# pial curv rh Wed Mar 11 03:42:55 CET 2026
#@# pial area rh Wed Mar 11 03:42:55 CET 2026
#@# thickness rh Wed Mar 11 03:42:55 CET 2026
#@# area and vertex vol rh Wed Mar 11 03:42:55 CET 2026
#@# Parcellation Stats rh Wed Mar 11 03:42:55 CET 2026
#@# Parcellation Stats 2 rh Wed Mar 11 03:43:14 CET 2026
#@# Parcellation Stats 3 rh Wed Mar 11 03:43:24 CET 2026
#@# BA_exvivo Labels rh Wed Mar 11 03:43:34 CET 2026
recon-all -s sub-v2s12x28883_ses-1 finished without error at Wed Mar 11 03:46:30 CET 2026
