status file for recon-all
Wed Mar 11 02:42:32 CET 2026
#@# Tessellate lh Wed Mar 11 02:42:32 CET 2026
#@# Smooth1 lh Wed Mar 11 02:42:36 CET 2026
#@# Inflation1 lh Wed Mar 11 02:42:38 CET 2026
#@# QSphere lh Wed Mar 11 02:42:53 CET 2026
#@# Fix Topology lh Wed Mar 11 02:44:26 CET 2026
#@# Smooth2 lh Wed Mar 11 02:50:09 CET 2026
#@# Inflation2 lh Wed Mar 11 02:50:12 CET 2026
#@# Curv .H and .K lh Wed Mar 11 02:50:28 CET 2026
#@# Sphere lh Wed Mar 11 02:51:14 CET 2026
#@# Surf Reg lh Wed Mar 11 02:55:52 CET 2026
#@# Jacobian white lh Wed Mar 11 03:00:26 CET 2026
#@# AvgCurv lh Wed Mar 11 03:00:27 CET 2026
#@# Cortical Parc lh Wed Mar 11 03:00:28 CET 2026
#@# white curv lh Wed Mar 11 03:07:23 CET 2026
#@# white area lh Wed Mar 11 03:07:24 CET 2026
#@# pial curv lh Wed Mar 11 03:07:25 CET 2026
#@# pial area lh Wed Mar 11 03:07:27 CET 2026
#@# thickness lh Wed Mar 11 03:07:28 CET 2026
#@# area and vertex vol lh Wed Mar 11 03:07:58 CET 2026
#@# Curvature Stats lh Wed Mar 11 03:08:00 CET 2026
#@# Cortical Parc 2 lh Wed Mar 11 03:08:03 CET 2026
#@# Cortical Parc 3 lh Wed Mar 11 03:08:16 CET 2026
#@# WM/GM Contrast lh Wed Mar 11 03:08:27 CET 2026
recon-all -s sub-v2s12x28883_ses-1 finished without error at Wed Mar 11 03:08:30 CET 2026



#New# invocation of recon-all 



status file for recon-all
Wed Mar 11 03:39:19 CET 2026
#@# white curv lh Wed Mar 11 03:39:19 CET 2026
#@# white area lh Wed Mar 11 03:39:19 CET 2026
#@# pial curv lh Wed Mar 11 03:39:19 CET 2026
#@# pial area lh Wed Mar 11 03:39:19 CET 2026
#@# thickness lh Wed Mar 11 03:39:19 CET 2026
#@# area and vertex vol lh Wed Mar 11 03:39:19 CET 2026
#@# Parcellation Stats lh Wed Mar 11 03:39:19 CET 2026
#@# Parcellation Stats 2 lh Wed Mar 11 03:39:37 CET 2026
#@# Parcellation Stats 3 lh Wed Mar 11 03:39:47 CET 2026
#@# BA_exvivo Labels lh Wed Mar 11 03:39:56 CET 2026
recon-all -s sub-v2s12x28883_ses-1 finished without error at Wed Mar 11 03:42:52 CET 2026
