/out/sourcedata/freesurfer/sub-v2s12x28862_ses-1/mri
/opt/freesurfer/bin/talairach_avi
--i orig_nu.mgz --xfm transforms/talairach.auto.xfm
talairach_avi 7.3.2
Linux dna079 5.14.0-427.37.1.el9_4.x86_64 #1 SMP PREEMPT_DYNAMIC Fri Sep 13 12:41:50 EDT 2024 x86_64 x86_64 x86_64 GNU/Linux
Tue Mar 10 22:31:36 CET 2026
mri_convert orig_nu.mgz talsrcimg.img 
reading from orig_nu.mgz...
TR=0.00, TE=0.00, TI=0.00, flip angle=0.00
i_ras = (-1, 0, 0)
j_ras = (0, 0, -1)
k_ras = (0, 1, 0)
writing to talsrcimg.img...
Analyze Output Matrix
-1.00000   0.00000   0.00000   130.78880;
 0.00000   0.00000   1.00000  -128.50000;
 0.00000  -1.00000   0.00000   121.88300;
 0.00000   0.00000   0.00000   1.00000;
--------------------
INFO: set hdr.hist.orient to -1
mpr2mni305 talsrcimg
Tue Mar 10 22:31:36 CET 2026
/opt/freesurfer/bin/mpr2mni305 talsrcimg
mpr2mni305 7.3.2
target=711-2C_as_mni_average_305

---------------------------------------------------------------------
analyzeto4dfp talsrcimg -O0 -y
---------------------------------------------------------------------

freesurfer ifh2hdr.c
Tue Mar 10 22:31:36 2026
Writing: talsrcimg.4dfp.hdr
freesurfer analyzeto4dfp.c
Reading: talsrcimg.hdr
header size 348 bytes
hdr.dime.datatype	offset=70	value=2
hdr.dime.bitpix		offset=72	value=8
hdr.hist.orient		offset=252	value=-1
dimensionality     4
dimensions       256       256       256         1
Reading: talsrcimg.img
Writing: talsrcimg.4dfp.img
Writing: talsrcimg.4dfp.ifh
ifh2hdr talsrcimg -r0to223
ori=2

---------------------------------------------------------------------
gauss_4dfp talsrcimg 1.1
---------------------------------------------------------------------

freesurfer gauss_4dfp.c
Reading: talsrcimg.4dfp.img
Writing: talsrcimg_g11.4dfp.img
image dimensions 256 256 256 padded to 288 288 288
processing volume 1freesurfer ifh2hdr.c
Tue Mar 10 22:31:37 2026
Writing: talsrcimg_g11.4dfp.hdr

Writing: talsrcimg_g11.4dfp.ifh
including: talsrcimg.4dfp.img.rec in talsrcimg_g11.4dfp.img.rec

---------------------------------------------------------------------
imgreg_4dfp /opt/freesurfer/average/711-2C_as_mni_average_305 none talsrcimg_g11 none talsrcimg_to_711-2C_as_mni_average_305_t4 4355
---------------------------------------------------------------------

freesurfer imgreg_4dfp.c
/opt/freesurfer/average/711-2C_as_mni_average_305.4dfp.img
       256       256       256         1
  1.000000  1.000000  1.000000
orientation T byte_order littleendian
Reading image: /opt/freesurfer/average/711-2C_as_mni_average_305.4dfp.img
dimensions:      256       256       256
mmppix:       1.0000   -1.0000   -1.0000
center:     128.0000 -129.0000 -129.0000
talsrcimg_g11.4dfp.img
       256       256       256         1
  1.000000  1.000000  1.000000
orientation T byte_order littleendian
Reading image: talsrcimg_g11.4dfp.img
dimensions:      256       256       256
mmppix:       1.0000   -1.0000   -1.0000
center:     128.0000 -129.0000 -129.0000
t4_read: open error in t4_sub.f l:  41 t4_file(1:l)talsrcimg_to_711-2C_as_mni_average_305_t4 
t4_read: transform initialized to I4
rotation matrix determinant  1.000000
image alignment mode   4355 decimal     1103 hex
   -7.5000  -45.0000  -45.0000 4100.7300   25.3692
    0.0000  -45.0000  -45.0000 4267.8765   25.4464
    7.5000  -45.0000  -45.0000 4104.7881   25.5339
   -7.5000  -37.5000  -45.0000 4676.4341   23.9282
    0.0000  -37.5000  -45.0000 4882.8076   24.0181
    7.5000  -37.5000  -45.0000 4671.4185   24.1173
   -7.5000  -30.0000  -45.0000 5461.2241   22.9437
    0.0000  -30.0000  -45.0000 5692.8545   23.0438
    7.5000  -30.0000  -45.0000 5429.4692   23.1546
   -7.5000  -22.5000  -45.0000 6217.7529   22.4560
    0.0000  -22.5000  -45.0000 6454.7070   22.5444
    7.5000  -22.5000  -45.0000 6170.2183   22.6418
   -7.5000  -15.0000  -45.0000 6945.0093   22.1913
    0.0000  -15.0000  -45.0000 7192.0483   22.2572
    7.5000  -15.0000  -45.0000 6913.0444   22.3355
   -7.5000   -7.5000  -45.0000 7803.8447   22.0342
    0.0000   -7.5000  -45.0000 8085.7285   22.0869
    7.5000   -7.5000  -45.0000 7769.3237   22.1536
   -7.5000    0.0000  -45.0000 8683.2646   21.8795
    0.0000    0.0000  -45.0000 8994.8545   21.9370
    7.5000    0.0000  -45.0000 8636.7109   22.0072
   -7.5000    7.5000  -45.0000 8982.9785   21.7480
    0.0000    7.5000  -45.0000 9309.1738   21.8256
    7.5000    7.5000  -45.0000 8918.1338   21.9125
   -7.5000   15.0000  -45.0000 9132.8350   21.7367
    0.0000   15.0000  -45.0000 9459.6406   21.8293
    7.5000   15.0000  -45.0000 9052.0908   21.9282
   -7.5000   22.5000  -45.0000 9062.2949   21.9049
    0.0000   22.5000  -45.0000 9392.3301   21.9901
    7.5000   22.5000  -45.0000 8962.8750   22.0830
   -7.5000   30.0000  -45.0000 8890.4287   21.7806
    0.0000   30.0000  -45.0000 9195.4707   21.8451
    7.5000   30.0000  -45.0000 8780.3525   21.9214
   -7.5000   37.5000  -45.0000 9088.7764   21.7406
    0.0000   37.5000  -45.0000 9394.2158   21.7926
    7.5000   37.5000  -45.0000 8944.1787   21.8584
   -7.5000   45.0000  -45.0000 8936.7207   21.0398
    0.0000   45.0000  -45.0000 9214.9902   21.0950
    7.5000   45.0000  -45.0000 8786.8105   21.1625
   -7.5000  -45.0000  -37.5000 4394.2285   24.8645
    0.0000  -45.0000  -37.5000 4577.7319   24.9385
    7.5000  -45.0000  -37.5000 4387.7432   25.0224
   -7.5000  -37.5000  -37.5000 5015.8652   23.4720
    0.0000  -37.5000  -37.5000 5221.5259   23.5581
    7.5000  -37.5000  -37.5000 4983.5444   23.6517
   -7.5000  -30.0000  -37.5000 5824.9194   22.5190
    0.0000  -30.0000  -37.5000 6051.4902   22.6067
    7.5000  -30.0000  -37.5000 5785.9907   22.7023
   -7.5000  -22.5000  -37.5000 6603.7095   22.0501
    0.0000  -22.5000  -37.5000 6842.6470   22.1229
    7.5000  -22.5000  -37.5000 6565.3716   22.2015
   -7.5000  -15.0000  -37.5000 7378.6982   21.8061
    0.0000  -15.0000  -37.5000 7641.5083   21.8599
    7.5000  -15.0000  -37.5000 7344.2510   21.9227
   -7.5000   -7.5000  -37.5000 8291.3506   21.6606
    0.0000   -7.5000  -37.5000 8594.4375   21.7089
    7.5000   -7.5000  -37.5000 8237.1123   21.7696
   -7.5000    0.0000  -37.5000 9260.8076   21.5075
    0.0000    0.0000  -37.5000 9587.9346   21.5662
    7.5000    0.0000  -37.5000 9150.1182   21.6371
   -7.5000    7.5000  -37.5000 9588.9316   21.3703
    0.0000    7.5000  -37.5000 9948.6709   21.4464
    7.5000    7.5000  -37.5000 9482.7617   21.5305
   -7.5000   15.0000  -37.5000 9730.2139   21.3521
    0.0000   15.0000  -37.500010096.9102   21.4350
    7.5000   15.0000  -37.5000 9629.2969   21.5221
   -7.5000   22.5000  -37.5000 9644.6416   21.5186
    0.0000   22.5000  -37.5000 9996.0820   21.5893
    7.5000   22.5000  -37.5000 9525.7617   21.6644
   -7.5000   30.0000  -37.5000 9417.4609   21.4046
    0.0000   30.0000  -37.5000 9751.6357   21.4572
    7.5000   30.0000  -37.5000 9288.1719   21.5184
   -7.5000   37.5000  -37.5000 9580.0918   21.3719
    0.0000   37.5000  -37.5000 9919.4834   21.4196
    7.5000   37.5000  -37.5000 9440.5537   21.4795
   -7.5000   45.0000  -37.5000 9399.3037   20.6820
    0.0000   45.0000  -37.5000 9708.4238   20.7385
    7.5000   45.0000  -37.5000 9256.5469   20.8067
   -7.5000  -45.0000  -30.0000 4787.3530   25.7725
    0.0000  -45.0000  -30.0000 4983.0342   25.8597
    7.5000  -45.0000  -30.0000 4768.3950   25.9569
   -7.5000  -37.5000  -30.0000 5465.3047   24.3289
    0.0000  -37.5000  -30.0000 5680.4062   24.4295
    7.5000  -37.5000  -30.0000 5425.7788   24.5360
   -7.5000  -30.0000  -30.0000 6325.5254   23.3432
    0.0000  -30.0000  -30.0000 6560.2681   23.4393
    7.5000  -30.0000  -30.0000 6279.7451   23.5424
   -7.5000  -22.5000  -30.0000 7138.2646   22.8673
    0.0000  -22.5000  -30.0000 7399.5430   22.9422
    7.5000  -22.5000  -30.0000 7097.0469   23.0215
   -7.5000  -15.0000  -30.0000 7975.2217   22.6290
    0.0000  -15.0000  -30.0000 8275.7422   22.6835
    7.5000  -15.0000  -30.0000 7942.5503   22.7461
   -7.5000   -7.5000  -30.0000 9001.1367   22.4848
    0.0000   -7.5000  -30.0000 9357.0723   22.5392
    7.5000   -7.5000  -30.0000 8928.9883   22.6060
   -7.5000    0.0000  -30.000010072.4502   22.3233
    0.0000    0.0000  -30.000010473.0117   22.3954
    7.5000    0.0000  -30.0000 9959.1934   22.4796
   -7.5000    7.5000  -30.000010440.4482   22.1723
    0.0000    7.5000  -30.000010844.0811   22.2622
    7.5000    7.5000  -30.000010308.0771   22.3598
   -7.5000   15.0000  -30.000010595.5215   22.1458
    0.0000   15.0000  -30.000010998.7568   22.2368
    7.5000   15.0000  -30.000010435.9004   22.3310
   -7.5000   22.5000  -30.000010513.9707   22.3189
    0.0000   22.5000  -30.000010892.5371   22.3918
    7.5000   22.5000  -30.000010317.1562   22.4676
   -7.5000   30.0000  -30.000010245.8623   22.2153
    0.0000   30.0000  -30.000010646.1475   22.2685
    7.5000   30.0000  -30.000010073.3262   22.3295
   -7.5000   37.5000  -30.000010384.3018   22.1873
    0.0000   37.5000  -30.000010780.0566   22.2409
    7.5000   37.5000  -30.000010207.0615   22.3069
   -7.5000   45.0000  -30.000010148.1260   21.4823
    0.0000   45.0000  -30.000010512.8301   21.5517
    7.5000   45.0000  -30.0000 9979.1045   21.6327
   -7.5000  -45.0000  -22.5000 5154.7939   26.6838
    0.0000  -45.0000  -22.5000 5359.8467   26.7837
    7.5000  -45.0000  -22.5000 5132.8433   26.8985
   -7.5000  -37.5000  -22.5000 5898.5933   25.2011
    0.0000  -37.5000  -22.5000 6134.0430   25.3160
    7.5000  -37.5000  -22.5000 5851.6890   25.4380
   -7.5000  -30.0000  -22.5000 6828.4727   24.1854
    0.0000  -30.0000  -22.5000 7092.3677   24.3005
    7.5000  -30.0000  -22.5000 6778.0366   24.4241
   -7.5000  -22.5000  -22.5000 7735.4282   23.6894
    0.0000  -22.5000  -22.5000 8033.0908   23.7822
    7.5000  -22.5000  -22.5000 7685.2490   23.8817
   -7.5000  -15.0000  -22.5000 8671.3447   23.4315
    0.0000  -15.0000  -22.5000 9009.2686   23.4993
    7.5000  -15.0000  -22.5000 8603.8701   23.5802
   -7.5000   -7.5000  -22.5000 9785.6045   23.2782
    0.0000   -7.5000  -22.500010172.3350   23.3417
    7.5000   -7.5000  -22.5000 9679.8008   23.4235
   -7.5000    0.0000  -22.500010951.3584   23.1196
    0.0000    0.0000  -22.500011384.1377   23.2007
    7.5000    0.0000  -22.500010815.3311   23.2977
   -7.5000    7.5000  -22.500011365.1270   22.9770
    0.0000    7.5000  -22.500011804.1377   23.0791
    7.5000    7.5000  -22.500011208.1191   23.1904
   -7.5000   15.0000  -22.500011543.7266   22.9536
    0.0000   15.0000  -22.500011988.2822   23.0606
    7.5000   15.0000  -22.500011329.1768   23.1719
   -7.5000   22.5000  -22.500011432.7441   23.1216
    0.0000   22.5000  -22.500011854.1025   23.2112
    7.5000   22.5000  -22.500011198.1104   23.3066
   -7.5000   30.0000  -22.500011158.2402   23.0068
    0.0000   30.0000  -22.500011594.2637   23.0730
    7.5000   30.0000  -22.500010941.4023   23.1520
   -7.5000   37.5000  -22.500011296.6543   22.9737
    0.0000   37.5000  -22.500011709.8779   23.0364
    7.5000   37.5000  -22.500011044.1152   23.1172
   -7.5000   45.0000  -22.500011016.6963   22.2653
    0.0000   45.0000  -22.500011412.9697   22.3434
    7.5000   45.0000  -22.500010767.4346   22.4368
   -7.5000  -45.0000  -15.0000 5513.5005   27.3806
    0.0000  -45.0000  -15.0000 5745.2617   27.4810
    7.5000  -45.0000  -15.0000 5485.3477   27.5993
   -7.5000  -37.5000  -15.0000 6319.6328   25.8692
    0.0000  -37.5000  -15.0000 6581.2822   25.9849
    7.5000  -37.5000  -15.0000 6272.8247   26.1100
   -7.5000  -30.0000  -15.0000 7320.9463   24.8281
    0.0000  -30.0000  -15.0000 7621.4653   24.9550
    7.5000  -30.0000  -15.0000 7281.1294   25.0937
   -7.5000  -22.5000  -15.0000 8335.8213   24.3088
    0.0000  -22.5000  -15.0000 8662.6777   24.4194
    7.5000  -22.5000  -15.0000 8286.2041   24.5414
   -7.5000  -15.0000  -15.0000 9395.9570   24.0260
    0.0000  -15.0000  -15.0000 9758.6670   24.1085
    7.5000  -15.0000  -15.0000 9306.3301   24.2105
   -7.5000   -7.5000  -15.000010628.2168   23.8647
    0.0000   -7.5000  -15.000011024.1621   23.9332
    7.5000   -7.5000  -15.000010485.6240   24.0245
   -7.5000    0.0000  -15.000011867.4531   23.7132
    0.0000    0.0000  -15.000012313.0000   23.7912
    7.5000    0.0000  -15.000011675.6416   23.8873
   -7.5000    7.5000  -15.000012272.0293   23.5828
    0.0000    7.5000  -15.000012748.2832   23.6844
    7.5000    7.5000  -15.000012071.6914   23.7967
   -7.5000   15.0000  -15.000012450.3408   23.5648
    0.0000   15.0000  -15.000012925.9922   23.6813
    7.5000   15.0000  -15.000012194.3975   23.8045
   -7.5000   22.5000  -15.000012333.8633   23.7242
    0.0000   22.5000  -15.000012802.1562   23.8303
    7.5000   22.5000  -15.000012079.7939   23.9471
   -7.5000   30.0000  -15.000012075.1592   23.5936
    0.0000   30.0000  -15.000012539.4785   23.6742
    7.5000   30.0000  -15.000011799.3926   23.7738
   -7.5000   37.5000  -15.000012224.7412   23.5558
    0.0000   37.5000  -15.000012649.7510   23.6234
    7.5000   37.5000  -15.000011904.9414   23.7136
   -7.5000   45.0000  -15.000011912.6953   22.8508
    0.0000   45.0000  -15.000012322.2178   22.9259
    7.5000   45.0000  -15.000011567.6689   23.0186
   -7.5000  -45.0000   -7.5000 5932.4268   27.7354
    0.0000  -45.0000   -7.5000 6183.7114   27.8252
    7.5000  -45.0000   -7.5000 5892.1221   27.9313
   -7.5000  -37.5000   -7.5000 6761.9175   26.2032
    0.0000  -37.5000   -7.5000 7031.3091   26.3068
    7.5000  -37.5000   -7.5000 6705.5249   26.4219
   -7.5000  -30.0000   -7.5000 7837.7471   25.1450
    0.0000  -30.0000   -7.5000 8137.3584   25.2648
    7.5000  -30.0000   -7.5000 7787.8506   25.3984
   -7.5000  -22.5000   -7.5000 8980.5889   24.6107
    0.0000  -22.5000   -7.5000 9323.3076   24.7200
    7.5000  -22.5000   -7.5000 8915.2617   24.8421
   -7.5000  -15.0000   -7.500010167.2773   24.3153
    0.0000  -15.0000   -7.500010563.5674   24.3984
    7.5000  -15.0000   -7.500010066.4092   24.5005
   -7.5000   -7.5000   -7.500011507.0488   24.1510
    0.0000   -7.5000   -7.500011953.4951   24.2154
    7.5000   -7.5000   -7.500011346.5371   24.3008
   -7.5000    0.0000   -7.500012802.7939   24.0005
    0.0000    0.0000   -7.500013295.2930   24.0674
    7.5000    0.0000   -7.500012604.7266   24.1518
   -7.5000    7.5000   -7.500013210.7236   23.8716
    0.0000    7.5000   -7.500013738.3721   23.9614
    7.5000    7.5000   -7.500013001.0273   24.0629
   -7.5000   15.0000   -7.500013438.8721   23.8566
    0.0000   15.0000   -7.500013949.7324   23.9664
    7.5000   15.0000   -7.500013150.8975   24.0847
   -7.5000   22.5000   -7.500013348.3008   24.0129
    0.0000   22.5000   -7.500013846.3467   24.1177
    7.5000   22.5000   -7.500013044.4746   24.2345
   -7.5000   30.0000   -7.500013059.2393   23.8766
    0.0000   30.0000   -7.500013533.8809   23.9578
    7.5000   30.0000   -7.500012719.4609   24.0576
   -7.5000   37.5000   -7.500013184.9404   23.8378
    0.0000   37.5000   -7.500013620.4531   23.9013
    7.5000   37.5000   -7.500012803.9346   23.9856
   -7.5000   45.0000   -7.500012846.8379   23.1320
    0.0000   45.0000   -7.500013294.3652   23.1964
    7.5000   45.0000   -7.500012438.4268   23.2778
   -7.5000  -45.0000    0.0000 6260.7568   27.7732
    0.0000  -45.0000    0.0000 6494.8340   27.8533
    7.5000  -45.0000    0.0000 6181.2363   27.9473
   -7.5000  -37.5000    0.0000 7153.5684   26.2283
    0.0000  -37.5000    0.0000 7418.0474   26.3215
    7.5000  -37.5000    0.0000 7088.3931   26.4260
   -7.5000  -30.0000    0.0000 8358.0762   25.1670
    0.0000  -30.0000    0.0000 8661.7773   25.2719
    7.5000  -30.0000    0.0000 8290.0781   25.3888
   -7.5000  -22.5000    0.0000 9603.2109   24.6370
    0.0000  -22.5000    0.0000 9968.9102   24.7310
    7.5000  -22.5000    0.0000 9512.5469   24.8354
   -7.5000  -15.0000    0.000010871.6191   24.3501
    0.0000  -15.0000    0.000011288.0127   24.4210
    7.5000  -15.0000    0.000010734.2891   24.5068
   -7.5000   -7.5000    0.000012297.5088   24.1851
    0.0000   -7.5000    0.000012766.9160   24.2413
    7.5000   -7.5000    0.000012096.5566   24.3148
   -7.5000    0.0000    0.000013680.7686   24.0235
    0.0000    0.0000    0.000014201.7236   24.0835
    7.5000    0.0000    0.000013448.8975   24.1593
   -7.5000    7.5000    0.000014115.7002   23.8829
    0.0000    7.5000    0.000014657.2822   23.9638
    7.5000    7.5000    0.000013857.5527   24.0557
   -7.5000   15.0000    0.000014383.9580   23.8678
    0.0000   15.0000    0.000014914.4756   23.9652
    7.5000   15.0000    0.000014074.5693   24.0698
   -7.5000   22.5000    0.000014353.8750   24.0361
    0.0000   22.5000    0.000014863.2002   24.1267
    7.5000   22.5000    0.000013999.9717   24.2264
   -7.5000   30.0000    0.000013987.6377   23.9113
    0.0000   30.0000    0.000014456.9707   23.9807
    7.5000   30.0000    0.000013605.2256   24.0643
   -7.5000   37.5000    0.000014051.6162   23.8721
    0.0000   37.5000    0.000014498.2910   23.9276
    7.5000   37.5000    0.000013680.4053   24.0001
   -7.5000   45.0000    0.000013692.2461   23.1559
    0.0000   45.0000    0.000014172.0254   23.2137
    7.5000   45.0000    0.000013321.4287   23.2868
   -7.5000  -45.0000    7.5000 6112.7119   27.7135
    0.0000  -45.0000    7.5000 6335.4155   27.7955
    7.5000  -45.0000    7.5000 6021.1899   27.8883
   -7.5000  -37.5000    7.5000 6965.0845   26.1609
    0.0000  -37.5000    7.5000 7205.0713   26.2562
    7.5000  -37.5000    7.5000 6879.5024   26.3599
   -7.5000  -30.0000    7.5000 8184.2026   25.1005
    0.0000  -30.0000    7.5000 8460.0117   25.1976
    7.5000  -30.0000    7.5000 8088.1792   25.3036
   -7.5000  -22.5000    7.5000 9470.3838   24.5834
    0.0000  -22.5000    7.5000 9811.2266   24.6640
    7.5000  -22.5000    7.5000 9329.2686   24.7514
   -7.5000  -15.0000    7.500010717.0713   24.3176
    0.0000  -15.0000    7.500011147.8096   24.3772
    7.5000  -15.0000    7.500010560.9482   24.4470
   -7.5000   -7.5000    7.500012099.8789   24.1580
    0.0000   -7.5000    7.500012583.6631   24.2114
    7.5000   -7.5000    7.500011927.0312   24.2787
   -7.5000    0.0000    7.500013459.0186   23.9847
    0.0000    0.0000    7.500013976.3418   24.0499
    7.5000    0.0000    7.500013245.6387   24.1284
   -7.5000    7.5000    7.500013878.0752   23.8270
    0.0000    7.5000    7.500014377.7256   23.9112
    7.5000    7.5000    7.500013633.1445   24.0045
   -7.5000   15.0000    7.500014192.0205   23.8047
    0.0000   15.0000    7.500014651.7734   23.8965
    7.5000   15.0000    7.500013871.3867   23.9931
   -7.5000   22.5000    7.500014324.6777   23.9852
    0.0000   22.5000    7.500014770.7852   24.0635
    7.5000   22.5000    7.500013857.5010   24.1470
   -7.5000   30.0000    7.500013964.4238   23.8796
    0.0000   30.0000    7.500014354.7852   23.9379
    7.5000   30.0000    7.500013533.4932   24.0059
   -7.5000   37.5000    7.500013926.9307   23.8453
    0.0000   37.5000    7.500014321.3975   23.8981
    7.5000   37.5000    7.500013615.6797   23.9645
   -7.5000   45.0000    7.500013543.6699   23.1185
    0.0000   45.0000    7.500013976.6768   23.1813
    7.5000   45.0000    7.500013276.1650   23.2570
   -7.5000  -45.0000   15.0000 5846.4561   27.6754
    0.0000  -45.0000   15.0000 6063.3154   27.7690
    7.5000  -45.0000   15.0000 5756.8560   27.8735
   -7.5000  -37.5000   15.0000 6725.7163   26.1253
    0.0000  -37.5000   15.0000 6956.9766   26.2332
    7.5000  -37.5000   15.0000 6658.8584   26.3476
   -7.5000  -30.0000   15.0000 7936.4141   25.0668
    0.0000  -30.0000   15.0000 8209.6299   25.1700
    7.5000  -30.0000   15.0000 7837.5298   25.2807
   -7.5000  -22.5000   15.0000 9164.4443   24.5557
    0.0000  -22.5000   15.0000 9485.2744   24.6362
    7.5000  -22.5000   15.0000 9018.1055   24.7213
   -7.5000  -15.0000   15.000010353.7783   24.2999
    0.0000  -15.0000   15.000010744.7725   24.3583
    7.5000  -15.0000   15.000010186.0801   24.4256
   -7.5000   -7.5000   15.000011710.8262   24.1450
    0.0000   -7.5000   15.000012153.6455   24.2033
    7.5000   -7.5000   15.000011527.0107   24.2752
   -7.5000    0.0000   15.000013033.9287   23.9715
    0.0000    0.0000   15.000013534.2539   24.0490
    7.5000    0.0000   15.000012843.1211   24.1394
   -7.5000    7.5000   15.000013387.0527   23.8095
    0.0000    7.5000   15.000013870.2871   23.9059
    7.5000    7.5000   15.000013212.9404   24.0107
   -7.5000   15.0000   15.000013705.1641   23.7810
    0.0000   15.0000   15.000014153.7783   23.8786
    7.5000   15.0000   15.000013448.2471   23.9798
   -7.5000   22.5000   15.000013993.2412   23.9615
    0.0000   22.5000   15.000014472.0791   24.0398
    7.5000   22.5000   15.000013542.0742   24.1212
   -7.5000   30.0000   15.000013790.2070   23.8626
    0.0000   30.0000   15.000014175.6445   23.9198
    7.5000   30.0000   15.000013414.6455   23.9853
   -7.5000   37.5000   15.000013708.7061   23.8325
    0.0000   37.5000   15.000014062.5869   23.8901
    7.5000   37.5000   15.000013558.5322   23.9610
   -7.5000   45.0000   15.000013307.1348   23.1058
    0.0000   45.0000   15.000013680.8643   23.1805
    7.5000   45.0000   15.000013221.3369   23.2676
   -7.5000  -45.0000   22.5000 5583.6035   27.6999
    0.0000  -45.0000   22.5000 5794.1074   27.8036
    7.5000  -45.0000   22.5000 5513.1216   27.9228
   -7.5000  -37.5000   22.5000 6427.9937   26.1608
    0.0000  -37.5000   22.5000 6644.1416   26.2800
    7.5000  -37.5000   22.5000 6356.0630   26.4067
   -7.5000  -30.0000   22.5000 7604.5034   25.1064
    0.0000  -30.0000   22.5000 7842.8618   25.2258
    7.5000  -30.0000   22.5000 7501.3066   25.3541
   -7.5000  -22.5000   22.5000 8806.4092   24.5915
    0.0000  -22.5000   22.5000 9111.2969   24.6878
    7.5000  -22.5000   22.5000 8663.1709   24.7911
   -7.5000  -15.0000   22.5000 9960.2969   24.3237
    0.0000  -15.0000   22.500010344.2012   24.3941
    7.5000  -15.0000   22.5000 9809.4053   24.4782
   -7.5000   -7.5000   22.500011193.8984   24.1646
    0.0000   -7.5000   22.500011647.6367   24.2306
    7.5000   -7.5000   22.500011072.7480   24.3155
   -7.5000    0.0000   22.500012368.4082   24.0000
    0.0000    0.0000   22.500012860.4561   24.0842
    7.5000    0.0000   22.500012315.3125   24.1849
   -7.5000    7.5000   22.500012637.9717   23.8520
    0.0000    7.5000   22.500013098.6328   23.9580
    7.5000    7.5000   22.500012652.8867   24.0735
   -7.5000   15.0000   22.500012967.5498   23.8276
    0.0000   15.0000   22.500013415.7627   23.9387
    7.5000   15.0000   22.500012911.1025   24.0543
   -7.5000   22.5000   22.500013186.6914   23.9984
    0.0000   22.5000   22.500013652.2822   24.0914
    7.5000   22.5000   22.500012980.9268   24.1904
   -7.5000   30.0000   22.500013006.8574   23.8862
    0.0000   30.0000   22.500013453.0547   23.9550
    7.5000   30.0000   22.500012854.5342   24.0370
   -7.5000   37.5000   22.500013265.8447   23.8519
    0.0000   37.5000   22.500013702.0400   23.9170
    7.5000   37.5000   22.500013105.6680   24.0008
   -7.5000   45.0000   22.500013078.8682   23.1332
    0.0000   45.0000   22.500013491.6221   23.2144
    7.5000   45.0000   22.500012798.6455   23.3114
   -7.5000  -45.0000   30.0000 5240.0186   27.7629
    0.0000  -45.0000   30.0000 5424.4790   27.8647
    7.5000  -45.0000   30.0000 5170.2524   27.9846
   -7.5000  -37.5000   30.0000 6043.1221   26.2299
    0.0000  -37.5000   30.0000 6241.9883   26.3472
    7.5000  -37.5000   30.0000 5954.4463   26.4740
   -7.5000  -30.0000   30.0000 7162.4897   25.1740
    0.0000  -30.0000   30.0000 7395.3618   25.3028
    7.5000  -30.0000   30.0000 7062.6006   25.4433
   -7.5000  -22.5000   30.0000 8295.5400   24.6475
    0.0000  -22.5000   30.0000 8596.4199   24.7597
    7.5000  -22.5000   30.0000 8190.3032   24.8834
   -7.5000  -15.0000   30.0000 9363.6699   24.3608
    0.0000  -15.0000   30.0000 9741.4121   24.4445
    7.5000  -15.0000   30.0000 9262.1152   24.5480
   -7.5000   -7.5000   30.000010487.2061   24.1972
    0.0000   -7.5000   30.000010915.9092   24.2667
    7.5000   -7.5000   30.000010434.8408   24.3593
   -7.5000    0.0000   30.000011604.5049   24.0435
    0.0000    0.0000   30.000012084.3398   24.1226
    7.5000    0.0000   30.000011590.3594   24.2201
   -7.5000    7.5000   30.000011950.3789   23.9111
    0.0000    7.5000   30.000012423.4521   24.0141
    7.5000    7.5000   30.000011951.4971   24.1280
   -7.5000   15.0000   30.000012318.8262   23.8929
    0.0000   15.0000   30.000012798.5381   24.0110
    7.5000   15.0000   30.000012213.3291   24.1359
   -7.5000   22.5000   30.000012421.3711   24.0520
    0.0000   22.5000   30.000012887.3242   24.1597
    7.5000   22.5000   30.000012274.1582   24.2781
   -7.5000   30.0000   30.000012181.0635   23.9224
    0.0000   30.0000   30.000012584.0234   24.0041
    7.5000   30.0000   30.000012053.6904   24.1052
   -7.5000   37.5000   30.000012407.5039   23.8841
    0.0000   37.5000   30.000012779.1621   23.9526
    7.5000   37.5000   30.000012219.8545   24.0441
   -7.5000   45.0000   30.000012239.5283   23.1752
    0.0000   45.0000   30.000012625.1973   23.2514
    7.5000   45.0000   30.000011972.3877   23.3454
   -7.5000  -45.0000   37.5000 5047.3506   27.8496
    0.0000  -45.0000   37.5000 5229.7041   27.9400
    7.5000  -45.0000   37.5000 4972.0928   28.0467
   -7.5000  -37.5000   37.5000 5835.2832   26.3082
    0.0000  -37.5000   37.5000 6028.8701   26.4123
    7.5000  -37.5000   37.5000 5732.9639   26.5280
   -7.5000  -30.0000   37.5000 6892.6226   25.2435
    0.0000  -30.0000   37.5000 7120.4614   25.3638
    7.5000  -30.0000   37.5000 6804.4092   25.4981
   -7.5000  -22.5000   37.5000 7967.1323   24.7059
    0.0000  -22.5000   37.5000 8253.7773   24.8158
    7.5000  -22.5000   37.5000 7890.0488   24.9387
   -7.5000  -15.0000   37.5000 9001.2637   24.4089
    0.0000  -15.0000   37.5000 9366.8408   24.4926
    7.5000  -15.0000   37.5000 8912.8467   24.5954
   -7.5000   -7.5000   37.500010136.3184   24.2441
    0.0000   -7.5000   37.500010555.5547   24.3089
    7.5000   -7.5000   37.500010027.7773   24.3949
   -7.5000    0.0000   37.500011322.6660   24.0929
    0.0000    0.0000   37.500011762.1816   24.1602
    7.5000    0.0000   37.500011134.4385   24.2451
   -7.5000    7.5000   37.500011713.0693   23.9631
    0.0000    7.5000   37.500012182.3916   24.0533
    7.5000    7.5000   37.500011518.0957   24.1553
   -7.5000   15.0000   37.500011997.6045   23.9477
    0.0000   15.0000   37.500012457.8457   24.0579
    7.5000   15.0000   37.500011784.9463   24.1768
   -7.5000   22.5000   37.500011897.0010   24.1048
    0.0000   22.5000   37.500012315.3428   24.2102
    7.5000   22.5000   37.500011752.9814   24.3276
   -7.5000   30.0000   37.500011614.2314   23.9690
    0.0000   30.0000   37.500011988.2598   24.0508
    7.5000   30.0000   37.500011498.8350   24.1512
   -7.5000   37.5000   37.500011815.1953   23.9303
    0.0000   37.5000   37.500012187.9443   23.9943
    7.5000   37.5000   37.500011666.6367   24.0792
   -7.5000   45.0000   37.500011613.0908   23.2228
    0.0000   45.0000   37.500012003.4453   23.2876
    7.5000   45.0000   37.500011465.5117   23.3695
   -7.5000  -45.0000   45.0000 4655.1079   28.1931
    0.0000  -45.0000   45.0000 4829.6733   28.2771
    7.5000  -45.0000   45.0000 4615.7539   28.3752
   -7.5000  -37.5000   45.0000 5378.1763   26.5959
    0.0000  -37.5000   45.0000 5568.0034   26.6929
    7.5000  -37.5000   45.0000 5315.2451   26.8012
   -7.5000  -30.0000   45.0000 6336.3638   25.5000
    0.0000  -30.0000   45.0000 6553.1362   25.6083
    7.5000  -30.0000   45.0000 6268.2007   25.7287
   -7.5000  -22.5000   45.0000 7328.8882   24.9512
    0.0000  -22.5000   45.0000 7591.1924   25.0481
    7.5000  -22.5000   45.0000 7246.8501   25.1556
   -7.5000  -15.0000   45.0000 8304.6602   24.6534
    0.0000  -15.0000   45.0000 8618.2354   24.7265
    7.5000  -15.0000   45.0000 8189.7280   24.8152
   -7.5000   -7.5000   45.0000 9395.4355   24.4829
    0.0000   -7.5000   45.0000 9751.4814   24.5411
    7.5000   -7.5000   45.0000 9241.6670   24.6174
   -7.5000    0.0000   45.000010494.1953   24.3172
    0.0000    0.0000   45.000010902.3574   24.3797
    7.5000    0.0000   45.000010301.7695   24.4583
   -7.5000    7.5000   45.000010830.3799   24.1737
    0.0000    7.5000   45.000011254.8193   24.2576
    7.5000    7.5000   45.000010661.2705   24.3524
   -7.5000   15.0000   45.000010981.1953   24.1588
    0.0000   15.0000   45.000011397.2207   24.2591
    7.5000   15.0000   45.000010858.7480   24.3667
   -7.5000   22.5000   45.000010856.6016   24.3313
    0.0000   22.5000   45.000011243.0088   24.4245
    7.5000   22.5000   45.000010765.5020   24.5271
   -7.5000   30.0000   45.000010604.0479   24.2046
    0.0000   30.0000   45.000010993.7979   24.2761
    7.5000   30.0000   45.000010540.8594   24.3626
   -7.5000   37.5000   45.000010782.9014   24.1640
    0.0000   37.5000   45.000011197.0586   24.2214
    7.5000   37.5000   45.000010708.2168   24.2967
   -7.5000   45.0000   45.000010588.8330   23.4496
    0.0000   45.0000   45.000010989.6494   23.5099
    7.5000   45.0000   45.000010506.5713   23.5857

---------------------------------------------------------------------
imgreg_4dfp /opt/freesurfer/average/711-2C_as_mni_average_305 /opt/freesurfer/average/711-2B_as_mni_average_305_mask talsrcimg_g11 none talsrcimg_to_711-2C_as_mni_average_305_t4 4355
---------------------------------------------------------------------

freesurfer imgreg_4dfp.c
/opt/freesurfer/average/711-2C_as_mni_average_305.4dfp.img
       256       256       256         1
  1.000000  1.000000  1.000000
orientation T byte_order littleendian
Reading image: /opt/freesurfer/average/711-2C_as_mni_average_305.4dfp.img
dimensions:      256       256       256
mmppix:       1.0000   -1.0000   -1.0000
center:     128.0000 -129.0000 -129.0000
/opt/freesurfer/average/711-2B_as_mni_average_305_mask.4dfp.img
       256       256       256         1
  1.000000  1.000000  1.000000
orientation T byte_order littleendian
Reading mask: /opt/freesurfer/average/711-2B_as_mni_average_305_mask.4dfp.img (2306576 pixels)
talsrcimg_g11.4dfp.img
       256       256       256         1
  1.000000  1.000000  1.000000
orientation T byte_order littleendian
Reading image: talsrcimg_g11.4dfp.img
dimensions:      256       256       256
mmppix:       1.0000   -1.0000   -1.0000
center:     128.0000 -129.0000 -129.0000
rotation matrix determinant  1.000000
image alignment mode   4355 decimal     1103 hex
   -7.5000  -30.0000  -45.0000 1523.6580   41.6306
    0.0000  -30.0000  -45.0000 1526.7692   41.5065
    7.5000  -30.0000  -45.0000 1498.3750   41.8490
   -7.5000  -22.5000  -45.0000 1644.6653   36.9240
    0.0000  -22.5000  -45.0000 1647.2424   36.5952
    7.5000  -22.5000  -45.0000 1627.2616   36.9414
   -7.5000  -15.0000  -45.0000 1742.3882   33.0048
    0.0000  -15.0000  -45.0000 1742.1931   32.6100
    7.5000  -15.0000  -45.0000 1730.5848   33.0564
   -7.5000   -7.5000  -45.0000 1851.4681   29.4295
    0.0000   -7.5000  -45.0000 1853.2816   29.1316
    7.5000   -7.5000  -45.0000 1838.2094   29.5303
   -7.5000    0.0000  -45.0000 1950.2419   26.4859
    0.0000    0.0000  -45.0000 1954.5668   26.2046
    7.5000    0.0000  -45.0000 1935.9077   26.6419
   -7.5000    7.5000  -45.0000 2047.4451   24.3480
    0.0000    7.5000  -45.0000 2048.1160   24.1551
    7.5000    7.5000  -45.0000 2026.7131   24.5635
   -7.5000   15.0000  -45.0000 2112.1812   22.8934
    0.0000   15.0000  -45.0000 2115.6443   22.7767
    7.5000   15.0000  -45.0000 2088.6045   23.0970
   -7.5000   22.5000  -45.0000 2148.4414   21.9957
    0.0000   22.5000  -45.0000 2152.6536   21.8347
    7.5000   22.5000  -45.0000 2126.0833   22.1567
   -7.5000   30.0000  -45.0000 2161.1812   21.4343
    0.0000   30.0000  -45.0000 2163.0146   21.2495
    7.5000   30.0000  -45.0000 2144.2805   21.6362
   -7.5000   37.5000  -45.0000 2173.4651   21.3156
    0.0000   37.5000  -45.0000 2173.7646   21.1684
    7.5000   37.5000  -45.0000 2146.0315   21.5766
   -7.5000   45.0000  -45.0000 2165.2732   21.7613
    0.0000   45.0000  -45.0000 2158.2769   21.5987
    7.5000   45.0000  -45.0000 2129.9036   22.0681
   -7.5000   52.5000  -45.0000 2107.9189   22.5201
    0.0000   52.5000  -45.0000 2104.7834   22.3025
    7.5000   52.5000  -45.0000 2080.0618   22.8079
   -7.5000   60.0000  -45.0000 2014.2150   23.3047
    0.0000   60.0000  -45.0000 2017.0499   23.0795
    7.5000   60.0000  -45.0000 1994.7399   23.6276
   -7.5000  -30.0000  -37.5000 1598.3074   38.9018
    0.0000  -30.0000  -37.5000 1600.5273   38.6485
    7.5000  -30.0000  -37.5000 1576.1233   39.1349
   -7.5000  -22.5000  -37.5000 1716.1107   34.1731
    0.0000  -22.5000  -37.5000 1715.5796   33.8929
    7.5000  -22.5000  -37.5000 1697.9528   34.2977
   -7.5000  -15.0000  -37.5000 1819.0302   30.4131
    0.0000  -15.0000  -37.5000 1815.5916   30.1169
    7.5000  -15.0000  -37.5000 1803.6482   30.5608
   -7.5000   -7.5000  -37.5000 1934.4713   27.1116
    0.0000   -7.5000  -37.5000 1931.7714   26.8593
    7.5000   -7.5000  -37.5000 1913.0468   27.2025
   -7.5000    0.0000  -37.5000 2044.9579   24.4561
    0.0000    0.0000  -37.5000 2042.6362   24.2046
    7.5000    0.0000  -37.5000 2018.3184   24.5316
   -7.5000    7.5000  -37.5000 2148.6748   22.4778
    0.0000    7.5000  -37.5000 2150.1174   22.3236
    7.5000    7.5000  -37.5000 2125.7202   22.6336
   -7.5000   15.0000  -37.5000 2219.5876   21.1272
    0.0000   15.0000  -37.5000 2224.1265   21.0149
    7.5000   15.0000  -37.5000 2197.3486   21.2765
   -7.5000   22.5000  -37.5000 2254.4827   20.2894
    0.0000   22.5000  -37.5000 2259.7600   20.1678
    7.5000   22.5000  -37.5000 2235.0676   20.3931
   -7.5000   30.0000  -37.5000 2266.3811   19.7505
    0.0000   30.0000  -37.5000 2269.8677   19.6178
    7.5000   30.0000  -37.5000 2245.3958   19.9000
   -7.5000   37.5000  -37.5000 2272.1855   19.6234
    0.0000   37.5000  -37.5000 2275.9851   19.4751
    7.5000   37.5000  -37.5000 2246.7842   19.8360
   -7.5000   45.0000  -37.5000 2259.4722   19.8375
    0.0000   45.0000  -37.5000 2255.9666   19.7006
    7.5000   45.0000  -37.5000 2229.4587   20.0950
   -7.5000   52.5000  -37.5000 2212.5159   20.3994
    0.0000   52.5000  -37.5000 2211.3081   20.2259
    7.5000   52.5000  -37.5000 2179.1575   20.6530
   -7.5000   60.0000  -37.5000 2123.5801   21.1130
    0.0000   60.0000  -37.5000 2125.7969   20.9676
    7.5000   60.0000  -37.5000 2093.9548   21.3513
   -7.5000  -30.0000  -30.0000 1688.5389   37.4854
    0.0000  -30.0000  -30.0000 1690.1718   37.4227
    7.5000  -30.0000  -30.0000 1674.3798   37.6628
   -7.5000  -22.5000  -30.0000 1812.1621   32.8079
    0.0000  -22.5000  -30.0000 1810.8528   32.6909
    7.5000  -22.5000  -30.0000 1796.2019   33.0741
   -7.5000  -15.0000  -30.0000 1918.1482   29.2686
    0.0000  -15.0000  -30.0000 1917.6078   29.1179
    7.5000  -15.0000  -30.0000 1903.3503   29.4926
   -7.5000   -7.5000  -30.0000 2042.6271   26.1404
    0.0000   -7.5000  -30.0000 2043.9384   25.9475
    7.5000   -7.5000  -30.0000 2022.1082   26.2209
   -7.5000    0.0000  -30.0000 2170.1379   23.5395
    0.0000    0.0000  -30.0000 2174.0349   23.3432
    7.5000    0.0000  -30.0000 2147.1301   23.5727
   -7.5000    7.5000  -30.0000 2289.3987   21.5561
    0.0000    7.5000  -30.0000 2294.4111   21.4581
    7.5000    7.5000  -30.0000 2266.3267   21.6825
   -7.5000   15.0000  -30.0000 2365.0088   20.2107
    0.0000   15.0000  -30.0000 2368.0840   20.1387
    7.5000   15.0000  -30.0000 2337.6069   20.3835
   -7.5000   22.5000  -30.0000 2404.7712   19.4163
    0.0000   22.5000  -30.0000 2407.6611   19.3476
    7.5000   22.5000  -30.0000 2373.8313   19.5804
   -7.5000   30.0000  -30.0000 2415.5793   18.8880
    0.0000   30.0000  -30.0000 2423.5737   18.8337
    7.5000   30.0000  -30.0000 2390.5874   19.0950
   -7.5000   37.5000  -30.0000 2421.3157   18.7411
    0.0000   37.5000  -30.0000 2427.6648   18.6337
    7.5000   37.5000  -30.0000 2397.0364   18.9309
   -7.5000   45.0000  -30.0000 2402.9116   18.8446
    0.0000   45.0000  -30.0000 2408.6230   18.7708
    7.5000   45.0000  -30.0000 2378.5754   19.0892
   -7.5000   52.5000  -30.0000 2362.8816   19.3452
    0.0000   52.5000  -30.0000 2369.4375   19.2457
    7.5000   52.5000  -30.0000 2330.2114   19.6236
   -7.5000   60.0000  -30.0000 2273.7546   20.0936
    0.0000   60.0000  -30.0000 2275.8069   19.9544
    7.5000   60.0000  -30.0000 2238.3010   20.3695
   -7.5000  -30.0000  -22.5000 1759.8353   36.2393
    0.0000  -30.0000  -22.5000 1768.4780   36.0203
    7.5000  -30.0000  -22.5000 1753.0651   36.4456
   -7.5000  -22.5000  -22.5000 1887.8939   31.5833
    0.0000  -22.5000  -22.5000 1894.8561   31.4737
    7.5000  -22.5000  -22.5000 1881.8165   31.8961
   -7.5000  -15.0000  -22.5000 2001.9497   28.1546
    0.0000  -15.0000  -22.5000 2007.0299   27.9841
    7.5000  -15.0000  -22.5000 1989.6022   28.2550
   -7.5000   -7.5000  -22.5000 2135.5369   25.0894
    0.0000   -7.5000  -22.5000 2140.2087   24.9250
    7.5000   -7.5000  -22.5000 2118.5925   25.0676
   -7.5000    0.0000  -22.5000 2274.5190   22.4940
    0.0000    0.0000  -22.5000 2279.6973   22.4113
    7.5000    0.0000  -22.5000 2256.5425   22.5465
   -7.5000    7.5000  -22.5000 2402.0278   20.5387
    0.0000    7.5000  -22.5000 2408.5735   20.4734
    7.5000    7.5000  -22.5000 2378.8999   20.6747
   -7.5000   15.0000  -22.5000 2485.3604   19.1917
    0.0000   15.0000  -22.5000 2492.5544   19.1502
    7.5000   15.0000  -22.5000 2456.6582   19.3896
   -7.5000   22.5000  -22.5000 2533.2827   18.4284
    0.0000   22.5000  -22.5000 2538.4438   18.3773
    7.5000   22.5000  -22.5000 2497.9082   18.6249
   -7.5000   30.0000  -22.5000 2555.3252   17.9715
    0.0000   30.0000  -22.5000 2562.0393   17.9229
    7.5000   30.0000  -22.5000 2524.6375   18.1623
   -7.5000   37.5000  -22.5000 2565.4297   17.8005
    0.0000   37.5000  -22.5000 2567.6074   17.7037
    7.5000   37.5000  -22.5000 2534.7139   17.9690
   -7.5000   45.0000  -22.5000 2547.0579   17.9003
    0.0000   45.0000  -22.5000 2553.4653   17.8169
    7.5000   45.0000  -22.5000 2522.1143   18.0927
   -7.5000   52.5000  -22.5000 2495.8198   18.3611
    0.0000   52.5000  -22.5000 2501.3699   18.2928
    7.5000   52.5000  -22.5000 2463.0288   18.6420
   -7.5000   60.0000  -22.5000 2394.7798   19.1023
    0.0000   60.0000  -22.5000 2400.2168   19.0176
    7.5000   60.0000  -22.5000 2359.9143   19.4248
   -7.5000  -30.0000  -15.0000 1802.0725   34.9685
    0.0000  -30.0000  -15.0000 1809.4940   34.7314
    7.5000  -30.0000  -15.0000 1791.1158   35.1726
   -7.5000  -22.5000  -15.0000 1938.7421   30.4001
    0.0000  -22.5000  -15.0000 1944.9163   30.3005
    7.5000  -22.5000  -15.0000 1925.6283   30.7110
   -7.5000  -15.0000  -15.0000 2067.7976   27.0723
    0.0000  -15.0000  -15.0000 2071.3306   26.9230
    7.5000  -15.0000  -15.0000 2048.2566   27.2170
   -7.5000   -7.5000  -15.0000 2213.1621   24.0104
    0.0000   -7.5000  -15.0000 2215.3596   23.8639
    7.5000   -7.5000  -15.0000 2187.8020   24.0964
   -7.5000    0.0000  -15.0000 2349.6729   21.4451
    0.0000    0.0000  -15.0000 2353.0320   21.3071
    7.5000    0.0000  -15.0000 2316.5881   21.5090
   -7.5000    7.5000  -15.0000 2474.2600   19.5006
    0.0000    7.5000  -15.0000 2480.4844   19.4195
    7.5000    7.5000  -15.0000 2442.8557   19.6267
   -7.5000   15.0000  -15.0000 2559.6321   18.2493
    0.0000   15.0000  -15.0000 2567.6165   18.1938
    7.5000   15.0000  -15.0000 2529.5361   18.3867
   -7.5000   22.5000  -15.0000 2613.3809   17.4726
    0.0000   22.5000  -15.0000 2623.3772   17.4244
    7.5000   22.5000  -15.0000 2584.5039   17.6413
   -7.5000   30.0000  -15.0000 2652.9626   17.0342
    0.0000   30.0000  -15.0000 2659.6626   16.9761
    7.5000   30.0000  -15.0000 2621.1274   17.1903
   -7.5000   37.5000  -15.0000 2671.5884   16.8212
    0.0000   37.5000  -15.0000 2674.8206   16.7468
    7.5000   37.5000  -15.0000 2638.8765   16.9746
   -7.5000   45.0000  -15.0000 2657.0278   16.9020
    0.0000   45.0000  -15.0000 2662.3921   16.8245
    7.5000   45.0000  -15.0000 2621.3293   17.0621
   -7.5000   52.5000  -15.0000 2598.6155   17.3907
    0.0000   52.5000  -15.0000 2607.5457   17.3562
    7.5000   52.5000  -15.0000 2564.1033   17.6431
   -7.5000   60.0000  -15.0000 2484.8752   18.0860
    0.0000   60.0000  -15.0000 2495.8110   18.0791
    7.5000   60.0000  -15.0000 2445.7686   18.4059
   -7.5000  -30.0000   -7.5000 1833.8699   33.7141
    0.0000  -30.0000   -7.5000 1833.0879   33.4369
    7.5000  -30.0000   -7.5000 1810.2754   33.9253
   -7.5000  -22.5000   -7.5000 1984.8256   29.3100
    0.0000  -22.5000   -7.5000 1984.5173   29.1520
    7.5000  -22.5000   -7.5000 1956.6780   29.5246
   -7.5000  -15.0000   -7.5000 2120.7358   25.9869
    0.0000  -15.0000   -7.5000 2118.4458   25.8064
    7.5000  -15.0000   -7.5000 2090.6738   26.1235
   -7.5000   -7.5000   -7.5000 2266.9077   22.9977
    0.0000   -7.5000   -7.5000 2268.7329   22.8094
    7.5000   -7.5000   -7.5000 2233.3608   23.0717
   -7.5000    0.0000   -7.5000 2393.4404   20.4449
    0.0000    0.0000   -7.5000 2398.6372   20.3062
    7.5000    0.0000   -7.5000 2362.9116   20.5753
   -7.5000    7.5000   -7.5000 2517.5159   18.5439
    0.0000    7.5000   -7.5000 2525.4536   18.4535
    7.5000    7.5000   -7.5000 2490.6721   18.6734
   -7.5000   15.0000   -7.5000 2618.0603   17.2762
    0.0000   15.0000   -7.5000 2626.1382   17.2212
    7.5000   15.0000   -7.5000 2584.0889   17.4103
   -7.5000   22.5000   -7.5000 2685.1199   16.5448
    0.0000   22.5000   -7.5000 2693.8081   16.4701
    7.5000   22.5000   -7.5000 2654.3538   16.6989
   -7.5000   30.0000   -7.5000 2731.7761   16.0482
    0.0000   30.0000   -7.5000 2736.9929   15.9874
    7.5000   30.0000   -7.5000 2689.8271   16.1824
   -7.5000   37.5000   -7.5000 2757.7356   15.7839
    0.0000   37.5000   -7.5000 2758.8899   15.7282
    7.5000   37.5000   -7.5000 2710.0854   15.9318
   -7.5000   45.0000   -7.5000 2740.5522   15.8748
    0.0000   45.0000   -7.5000 2754.0745   15.8181
    7.5000   45.0000   -7.5000 2696.6694   16.0380
   -7.5000   52.5000   -7.5000 2684.0757   16.3748
    0.0000   52.5000   -7.5000 2698.2993   16.3496
    7.5000   52.5000   -7.5000 2645.4067   16.6117
   -7.5000   60.0000   -7.5000 2571.1990   17.0381
    0.0000   60.0000   -7.5000 2580.9280   17.0421
    7.5000   60.0000   -7.5000 2530.2515   17.3687
   -7.5000  -30.0000    0.0000 1859.9323   32.8817
    0.0000  -30.0000    0.0000 1859.7267   32.6731
    7.5000  -30.0000    0.0000 1836.2715   33.3106
   -7.5000  -22.5000    0.0000 2015.0132   28.5146
    0.0000  -22.5000    0.0000 2013.3521   28.3699
    7.5000  -22.5000    0.0000 1990.9241   28.9318
   -7.5000  -15.0000    0.0000 2146.3132   25.2119
    0.0000  -15.0000    0.0000 2144.5198   25.0400
    7.5000  -15.0000    0.0000 2117.1772   25.3847
   -7.5000   -7.5000    0.0000 2286.6233   22.2029
    0.0000   -7.5000    0.0000 2287.8694   22.0376
    7.5000   -7.5000    0.0000 2257.3391   22.3652
   -7.5000    0.0000    0.0000 2417.3430   19.7152
    0.0000    0.0000    0.0000 2421.0552   19.5822
    7.5000    0.0000    0.0000 2387.5276   19.8956
   -7.5000    7.5000    0.0000 2550.4856   17.8348
    0.0000    7.5000    0.0000 2555.3958   17.7321
    7.5000    7.5000    0.0000 2517.4053   18.0035
   -7.5000   15.0000    0.0000 2660.9260   16.5211
    0.0000   15.0000    0.0000 2669.9062   16.4359
    7.5000   15.0000    0.0000 2620.3264   16.7295
   -7.5000   22.5000    0.0000 2738.4937   15.7760
    0.0000   22.5000    0.0000 2746.9963   15.6739
    7.5000   22.5000    0.0000 2701.0864   15.9527
   -7.5000   30.0000    0.0000 2790.3813   15.2363
    0.0000   30.0000    0.0000 2797.5012   15.1607
    7.5000   30.0000    0.0000 2738.7488   15.4079
   -7.5000   37.5000    0.0000 2819.4463   14.8641
    0.0000   37.5000    0.0000 2823.4058   14.8044
    7.5000   37.5000    0.0000 2764.6589   15.1286
   -7.5000   45.0000    0.0000 2808.7507   14.9821
    0.0000   45.0000    0.0000 2820.1018   14.9399
    7.5000   45.0000    0.0000 2760.7888   15.2365
   -7.5000   52.5000    0.0000 2751.9387   15.5085
    0.0000   52.5000    0.0000 2762.7991   15.4697
    7.5000   52.5000    0.0000 2711.4829   15.7920
   -7.5000   60.0000    0.0000 2628.9272   16.1724
    0.0000   60.0000    0.0000 2635.0513   16.1423
    7.5000   60.0000    0.0000 2587.6631   16.5127
   -7.5000  -30.0000    7.5000 1877.3317   32.3679
    0.0000  -30.0000    7.5000 1874.1241   32.1548
    7.5000  -30.0000    7.5000 1858.4231   32.8429
   -7.5000  -22.5000    7.5000 2033.1694   28.1575
    0.0000  -22.5000    7.5000 2034.9561   28.0355
    7.5000  -22.5000    7.5000 2015.8915   28.6152
   -7.5000  -15.0000    7.5000 2163.2715   24.8187
    0.0000  -15.0000    7.5000 2165.8779   24.7305
    7.5000  -15.0000    7.5000 2143.0298   25.1690
   -7.5000   -7.5000    7.5000 2298.7349   21.7488
    0.0000   -7.5000    7.5000 2305.8140   21.6535
    7.5000   -7.5000    7.5000 2277.8992   22.1406
   -7.5000    0.0000    7.5000 2430.1348   19.2475
    0.0000    0.0000    7.5000 2434.8569   19.0993
    7.5000    0.0000    7.5000 2402.9697   19.5952
   -7.5000    7.5000    7.5000 2565.9700   17.3979
    0.0000    7.5000    7.5000 2569.5535   17.2397
    7.5000    7.5000    7.5000 2534.9690   17.6928
   -7.5000   15.0000    7.5000 2682.6589   16.0724
    0.0000   15.0000    7.5000 2687.3701   15.9152
    7.5000   15.0000    7.5000 2644.1160   16.3288
   -7.5000   22.5000    7.5000 2772.5317   15.2892
    0.0000   22.5000    7.5000 2783.2375   15.1422
    7.5000   22.5000    7.5000 2730.8188   15.4931
   -7.5000   30.0000    7.5000 2834.0586   14.7376
    0.0000   30.0000    7.5000 2845.4834   14.6040
    7.5000   30.0000    7.5000 2777.3176   14.9457
   -7.5000   37.5000    7.5000 2871.9194   14.2344
    0.0000   37.5000    7.5000 2875.4521   14.1178
    7.5000   37.5000    7.5000 2809.0437   14.6483
   -7.5000   45.0000    7.5000 2862.5415   14.3746
    0.0000   45.0000    7.5000 2872.0874   14.2586
    7.5000   45.0000    7.5000 2813.0789   14.7898
   -7.5000   52.5000    7.5000 2793.8647   14.9704
    0.0000   52.5000    7.5000 2804.9150   14.8699
    7.5000   52.5000    7.5000 2763.9768   15.3764
   -7.5000   60.0000    7.5000 2678.4417   15.6898
    0.0000   60.0000    7.5000 2685.0730   15.6217
    7.5000   60.0000    7.5000 2647.4487   16.1079
   -7.5000  -30.0000   15.0000 1873.2346   32.2507
    0.0000  -30.0000   15.0000 1879.1399   32.0590
    7.5000  -30.0000   15.0000 1865.7904   32.9849
   -7.5000  -22.5000   15.0000 2038.6982   28.0212
    0.0000  -22.5000   15.0000 2044.1689   27.8405
    7.5000  -22.5000   15.0000 2024.3557   28.5946
   -7.5000  -15.0000   15.0000 2159.7693   24.5699
    0.0000  -15.0000   15.0000 2164.2949   24.3851
    7.5000  -15.0000   15.0000 2142.7729   25.0539
   -7.5000   -7.5000   15.0000 2293.2419   21.5855
    0.0000   -7.5000   15.0000 2296.5659   21.3974
    7.5000   -7.5000   15.0000 2275.3364   22.0920
   -7.5000    0.0000   15.0000 2428.4824   19.0944
    0.0000    0.0000   15.0000 2429.2390   18.9335
    7.5000    0.0000   15.0000 2404.6184   19.6016
   -7.5000    7.5000   15.0000 2563.8018   17.1616
    0.0000    7.5000   15.0000 2567.8267   17.0131
    7.5000    7.5000   15.0000 2532.3523   17.6478
   -7.5000   15.0000   15.0000 2680.0664   15.8130
    0.0000   15.0000   15.0000 2687.8633   15.6524
    7.5000   15.0000   15.0000 2644.9072   16.2397
   -7.5000   22.5000   15.0000 2778.1736   15.0610
    0.0000   22.5000   15.0000 2790.5872   14.8824
    7.5000   22.5000   15.0000 2743.5110   15.4182
   -7.5000   30.0000   15.0000 2855.4019   14.5824
    0.0000   30.0000   15.0000 2868.7781   14.3968
    7.5000   30.0000   15.0000 2807.8657   14.9151
   -7.5000   37.5000   15.0000 2903.5740   14.1545
    0.0000   37.5000   15.0000 2906.9622   13.9495
    7.5000   37.5000   15.0000 2849.3389   14.6447
   -7.5000   45.0000   15.0000 2913.1440   14.2838
    0.0000   45.0000   15.0000 2919.3250   14.1089
    7.5000   45.0000   15.0000 2862.9958   14.8268
   -7.5000   52.5000   15.0000 2836.1543   14.8910
    0.0000   52.5000   15.0000 2840.4631   14.7492
    7.5000   52.5000   15.0000 2805.2739   15.3399
   -7.5000   60.0000   15.0000 2702.2979   15.5770
    0.0000   60.0000   15.0000 2705.0225   15.4658
    7.5000   60.0000   15.0000 2667.8350   15.9672
   -7.5000  -30.0000   22.5000 1861.1340   32.5174
    0.0000  -30.0000   22.5000 1863.6200   32.2483
    7.5000  -30.0000   22.5000 1854.2878   33.4038
   -7.5000  -22.5000   22.5000 2026.0432   28.1954
    0.0000  -22.5000   22.5000 2029.5469   27.9822
    7.5000  -22.5000   22.5000 2010.0142   28.9256
   -7.5000  -15.0000   22.5000 2149.7849   24.7407
    0.0000  -15.0000   22.5000 2152.2227   24.5792
    7.5000  -15.0000   22.5000 2131.1458   25.4076
   -7.5000   -7.5000   22.5000 2285.1174   21.6897
    0.0000   -7.5000   22.5000 2289.7368   21.5287
    7.5000   -7.5000   22.5000 2266.2888   22.3379
   -7.5000    0.0000   22.5000 2410.3096   19.0853
    0.0000    0.0000   22.5000 2417.4414   18.9692
    7.5000    0.0000   22.5000 2387.3638   19.7524
   -7.5000    7.5000   22.5000 2530.7825   17.1333
    0.0000    7.5000   22.5000 2538.1550   16.9732
    7.5000    7.5000   22.5000 2513.3228   17.7688
   -7.5000   15.0000   22.5000 2652.6614   15.8343
    0.0000   15.0000   22.5000 2660.4844   15.6475
    7.5000   15.0000   22.5000 2638.0901   16.4151
   -7.5000   22.5000   22.5000 2766.9424   15.1573
    0.0000   22.5000   22.5000 2776.3901   14.9512
    7.5000   22.5000   22.5000 2747.1038   15.6106
   -7.5000   30.0000   22.5000 2856.1484   14.7288
    0.0000   30.0000   22.5000 2864.7131   14.5566
    7.5000   30.0000   22.5000 2809.6309   15.1328
   -7.5000   37.5000   22.5000 2934.8682   14.5000
    0.0000   37.5000   22.5000 2934.6489   14.3653
    7.5000   37.5000   22.5000 2871.4497   14.9964
   -7.5000   45.0000   22.5000 2946.2717   14.7381
    0.0000   45.0000   22.5000 2946.6736   14.6063
    7.5000   45.0000   22.5000 2873.1777   15.1697
   -7.5000   52.5000   22.5000 2854.8003   15.2285
    0.0000   52.5000   22.5000 2855.7610   15.1251
    7.5000   52.5000   22.5000 2800.3315   15.5441
   -7.5000   60.0000   22.5000 2709.8054   15.8247
    0.0000   60.0000   22.5000 2705.4685   15.6892
    7.5000   60.0000   22.5000 2661.2866   16.0881
   -7.5000  -30.0000   30.0000 1837.7223   33.5616
    0.0000  -30.0000   30.0000 1841.6060   33.2339
    7.5000  -30.0000   30.0000 1829.7367   34.5205
   -7.5000  -22.5000   30.0000 2010.7332   28.9593
    0.0000  -22.5000   30.0000 2010.6711   28.7987
    7.5000  -22.5000   30.0000 1994.4452   29.7954
   -7.5000  -15.0000   30.0000 2133.8706   25.2650
    0.0000  -15.0000   30.0000 2138.8484   25.1101
    7.5000  -15.0000   30.0000 2118.2817   26.0319
   -7.5000   -7.5000   30.0000 2257.5222   22.0275
    0.0000   -7.5000   30.0000 2264.0417   21.8773
    7.5000   -7.5000   30.0000 2246.8813   22.8222
   -7.5000    0.0000   30.0000 2382.7471   19.4741
    0.0000    0.0000   30.0000 2389.5249   19.3522
    7.5000    0.0000   30.0000 2371.1746   20.2414
   -7.5000    7.5000   30.0000 2509.2627   17.6469
    0.0000    7.5000   30.0000 2514.6216   17.5208
    7.5000    7.5000   30.0000 2500.1272   18.3591
   -7.5000   15.0000   30.0000 2644.2988   16.4675
    0.0000   15.0000   30.0000 2647.0391   16.3086
    7.5000   15.0000   30.0000 2620.6611   17.0479
   -7.5000   22.5000   30.0000 2766.4304   15.8252
    0.0000   22.5000   30.0000 2772.5554   15.6561
    7.5000   22.5000   30.0000 2723.3430   16.2040
   -7.5000   30.0000   30.0000 2842.4331   15.2109
    0.0000   30.0000   30.0000 2846.4780   15.0640
    7.5000   30.0000   30.0000 2795.6775   15.6950
   -7.5000   37.5000   30.0000 2898.8022   14.9477
    0.0000   37.5000   30.0000 2895.8008   14.7935
    7.5000   37.5000   30.0000 2843.2849   15.3680
   -7.5000   45.0000   30.0000 2909.7197   15.2249
    0.0000   45.0000   30.0000 2913.4043   15.0978
    7.5000   45.0000   30.0000 2838.9934   15.4758
   -7.5000   52.5000   30.0000 2826.5974   15.7521
    0.0000   52.5000   30.0000 2832.5183   15.6548
    7.5000   52.5000   30.0000 2766.1155   15.9340
   -7.5000   60.0000   30.0000 2677.9065   16.3517
    0.0000   60.0000   30.0000 2681.5471   16.2773
    7.5000   60.0000   30.0000 2627.4038   16.5454
   -7.5000  -30.0000   37.5000 1812.1228   35.0395
    0.0000  -30.0000   37.5000 1817.9086   34.7592
    7.5000  -30.0000   37.5000 1803.0712   35.9732
   -7.5000  -22.5000   37.5000 1976.9828   30.0863
    0.0000  -22.5000   37.5000 1981.7238   29.8981
    7.5000  -22.5000   37.5000 1968.3813   31.0081
   -7.5000  -15.0000   37.5000 2106.3501   26.3030
    0.0000  -15.0000   37.5000 2114.7190   26.1846
    7.5000  -15.0000   37.5000 2095.6555   27.0731
   -7.5000   -7.5000   37.5000 2241.7866   23.0454
    0.0000   -7.5000   37.5000 2248.4946   22.9585
    7.5000   -7.5000   37.5000 2227.3394   23.7638
   -7.5000    0.0000   37.5000 2378.5940   20.5204
    0.0000    0.0000   37.5000 2383.7749   20.4359
    7.5000    0.0000   37.5000 2354.8787   21.1397
   -7.5000    7.5000   37.5000 2511.9993   18.7459
    0.0000    7.5000   37.5000 2521.1418   18.6255
    7.5000    7.5000   37.5000 2482.9053   19.2570
   -7.5000   15.0000   37.5000 2638.0916   17.4899
    0.0000   15.0000   37.5000 2646.9299   17.3715
    7.5000   15.0000   37.5000 2603.2930   17.8796
   -7.5000   22.5000   37.5000 2732.4714   16.5616
    0.0000   22.5000   37.5000 2741.8669   16.4334
    7.5000   22.5000   37.5000 2699.2415   17.0086
   -7.5000   30.0000   37.5000 2798.3965   15.7918
    0.0000   30.0000   37.5000 2797.3340   15.6725
    7.5000   30.0000   37.5000 2763.6548   16.3087
   -7.5000   37.5000   37.5000 2848.1030   15.6189
    0.0000   37.5000   37.5000 2846.5212   15.4981
    7.5000   37.5000   37.5000 2801.2039   15.9573
   -7.5000   45.0000   37.5000 2847.5891   15.8693
    0.0000   45.0000   37.5000 2851.6824   15.7473
    7.5000   45.0000   37.5000 2800.9316   16.1412
   -7.5000   52.5000   37.5000 2768.0364   16.3935
    0.0000   52.5000   37.5000 2773.7947   16.2900
    7.5000   52.5000   37.5000 2727.6907   16.6611
   -7.5000   60.0000   37.5000 2626.7725   16.9949
    0.0000   60.0000   37.5000 2632.1858   16.9042
    7.5000   60.0000   37.5000 2586.5564   17.2477
   -7.5000  -30.0000   45.0000 1783.6146   36.7289
    0.0000  -30.0000   45.0000 1789.0613   36.4726
    7.5000  -30.0000   45.0000 1771.9890   37.5146
   -7.5000  -22.5000   45.0000 1948.4619   31.6173
    0.0000  -22.5000   45.0000 1952.4312   31.5294
    7.5000  -22.5000   45.0000 1934.5905   32.3412
   -7.5000  -15.0000   45.0000 2080.3853   27.7626
    0.0000  -15.0000   45.0000 2084.0369   27.7069
    7.5000  -15.0000   45.0000 2060.8162   28.3662
   -7.5000   -7.5000   45.0000 2220.0845   24.4066
    0.0000   -7.5000   45.0000 2223.3125   24.3689
    7.5000   -7.5000   45.0000 2196.2134   24.9659
   -7.5000    0.0000   45.0000 2357.4558   21.7547
    0.0000    0.0000   45.0000 2364.8345   21.6874
    7.5000    0.0000   45.0000 2327.8430   22.2518
   -7.5000    7.5000   45.0000 2484.8230   19.8039
    0.0000    7.5000   45.0000 2494.3484   19.7286
    7.5000    7.5000   45.0000 2452.0925   20.2594
   -7.5000   15.0000   45.0000 2595.1995   18.3548
    0.0000   15.0000   45.0000 2605.7427   18.2686
    7.5000   15.0000   45.0000 2564.3992   18.8160
   -7.5000   22.5000   45.0000 2677.6707   17.2839
    0.0000   22.5000   45.0000 2686.7263   17.1430
    7.5000   22.5000   45.0000 2642.7334   17.8356
   -7.5000   30.0000   45.0000 2737.6514   16.6468
    0.0000   30.0000   45.0000 2741.3557   16.5488
    7.5000   30.0000   45.0000 2696.3633   17.0896
   -7.5000   37.5000   45.0000 2773.7500   16.5114
    0.0000   37.5000   45.0000 2781.2615   16.3893
    7.5000   37.5000   45.0000 2733.6938   16.8117
   -7.5000   45.0000   45.0000 2765.1018   16.6788
    0.0000   45.0000   45.0000 2768.6892   16.5784
    7.5000   45.0000   45.0000 2722.5344   17.0139
   -7.5000   52.5000   45.0000 2681.8027   17.1756
    0.0000   52.5000   45.0000 2692.7815   17.1180
    7.5000   52.5000   45.0000 2645.4299   17.5397
   -7.5000   60.0000   45.0000 2546.2312   17.7958
    0.0000   60.0000   45.0000 2553.5818   17.7311
    7.5000   60.0000   45.0000 2511.1716   18.1407

---------------------------------------------------------------------
imgreg_4dfp /opt/freesurfer/average/711-2C_as_mni_average_305 /opt/freesurfer/average/711-2B_as_mni_average_305_mask talsrcimg_g11 none talsrcimg_to_711-2C_as_mni_average_305_t4 1283
---------------------------------------------------------------------

freesurfer imgreg_4dfp.c
/opt/freesurfer/average/711-2C_as_mni_average_305.4dfp.img
       256       256       256         1
  1.000000  1.000000  1.000000
orientation T byte_order littleendian
Reading image: /opt/freesurfer/average/711-2C_as_mni_average_305.4dfp.img
dimensions:      256       256       256
mmppix:       1.0000   -1.0000   -1.0000
center:     128.0000 -129.0000 -129.0000
/opt/freesurfer/average/711-2B_as_mni_average_305_mask.4dfp.img
       256       256       256         1
  1.000000  1.000000  1.000000
orientation T byte_order littleendian
Reading mask: /opt/freesurfer/average/711-2B_as_mni_average_305_mask.4dfp.img (2306576 pixels)
talsrcimg_g11.4dfp.img
       256       256       256         1
  1.000000  1.000000  1.000000
orientation T byte_order littleendian
Reading image: talsrcimg_g11.4dfp.img
dimensions:      256       256       256
mmppix:       1.0000   -1.0000   -1.0000
center:     128.0000 -129.0000 -129.0000
rotation matrix determinant  1.000000
fimgreg.f
image alignment mode   1283 decimal      503 hex
parameters
    0.0000   45.0000   22.5000    0.0000    0.0000    0.0000
eta,q 0.92491 14.66137
niter,ni,del,rscale     5    3   12.0000    1.2000
parameter  1  0.511603 ->  0.500000 qaram    1.1500
parameters
   -3.4500   43.0112   22.3443   -2.7038    1.1023   -1.1356
eta,q 0.92807 14.40644
  0.0763  0.0775  0.0787  0.0735  0.0765  0.0741
  0.0744  0.0739  0.0726  0.0707  0.0736  0.0722
  0.0736  0.0733  0.0717  0.0717  0.0715  0.0713
  0.0749  0.0733  0.0733  0.0731  0.0711  0.0716
  0.0812  0.0764  0.0757  0.0745  0.0715  0.0722
  0.0889  0.0854  0.0767  0.0779  0.0713  0.0743
  0.0941  0.0933  0.0752  0.0824  0.0736  0.0779
niter,ni,del,rscale     5    3   12.0000    1.2000
parameters
   -4.0719   43.8651   21.5226   -2.4672    1.7744   -1.0058
eta,q 0.92765 14.39102
  0.0768  0.0859  0.0760  0.0781  0.0764  0.0756
  0.0730  0.0802  0.0712  0.0751  0.0739  0.0736
  0.0723  0.0737  0.0717  0.0726  0.0721  0.0725
  0.0719  0.0723  0.0728  0.0723  0.0723  0.0723
  0.0700  0.0733  0.0746  0.0727  0.0720  0.0723
  0.0736  0.0753  0.0753  0.0736  0.0717  0.0731
  0.0820  0.0799  0.0741  0.0776  0.0752  0.0756
niter,ni,del,rscale     4    3   12.0000    1.2000
parameters
   -4.0984   43.7496   22.1959   -2.4723    1.8064   -1.0903
eta,q 0.92733 14.43156
  0.0795  0.0830  0.0805  0.0780  0.0762  0.0758
  0.0751  0.0766  0.0724  0.0748  0.0737  0.0739
  0.0735  0.0720  0.0715  0.0726  0.0727  0.0728
  0.0723  0.0724  0.0724  0.0727  0.0727  0.0727
  0.0700  0.0734  0.0735  0.0734  0.0720  0.0727
  0.0741  0.0772  0.0748  0.0743  0.0726  0.0736
  0.0815  0.0835  0.0744  0.0781  0.0771  0.0763
niter,ni,del,rscale     3    3   12.0000    1.2000
parameters
   -4.1707   43.9037   22.3329   -2.5928    1.9521   -1.0604
eta,q 0.92724 14.44850
  0.0795  0.0840  0.0772  0.0778  0.0765  0.0760
  0.0747  0.0776  0.0719  0.0746  0.0740  0.0741
  0.0735  0.0727  0.0720  0.0727  0.0729  0.0729
  0.0727  0.0727  0.0727  0.0728  0.0728  0.0728
  0.0708  0.0736  0.0740  0.0735  0.0721  0.0728
  0.0738  0.0767  0.0749  0.0745  0.0726  0.0737
  0.0815  0.0825  0.0741  0.0783  0.0770  0.0762
niter,ni,del,rscale     2    3   12.0000    1.2000
parameters
   -4.2185   44.0044   22.4049   -2.6455    2.0186   -1.0682
eta,q 0.92717 14.46048
  0.0797  0.0839  0.0766  0.0780  0.0765  0.0760
  0.0749  0.0773  0.0720  0.0747  0.0740  0.0742
  0.0736  0.0727  0.0722  0.0729  0.0730  0.0730
  0.0728  0.0728  0.0728  0.0728  0.0728  0.0728
  0.0711  0.0738  0.0739  0.0735  0.0721  0.0729
  0.0739  0.0769  0.0747  0.0744  0.0727  0.0738
  0.0815  0.0826  0.0741  0.0782  0.0773  0.0763
niter,ni,del,rscale     1    3   12.0000    1.2000
parameters
   -4.2414   44.0517   22.4350   -2.6717    2.0566   -1.0707
eta,q 0.92717 14.46610
  0.0799  0.0837  0.0763  0.0780  0.0765  0.0760
  0.0750  0.0771  0.0721  0.0747  0.0740  0.0742
  0.0738  0.0726  0.0723  0.0729  0.0730  0.0730
  0.0728  0.0728  0.0728  0.0729  0.0728  0.0728
  0.0713  0.0739  0.0738  0.0735  0.0721  0.0729
  0.0740  0.0770  0.0745  0.0743  0.0728  0.0739
  0.0815  0.0828  0.0741  0.0782  0.0775  0.0763
registration optimization eta report
parameter search radius
    6.9000    6.0000    6.0000    6.0000    6.0000    6.0000
100000*second partial in parameter space
       18.       30.        7.       15.       13.       10.
  0.0799  0.0837  0.0763  0.0780  0.0765  0.0760
  0.0750  0.0771  0.0721  0.0747  0.0740  0.0742
  0.0738  0.0726  0.0723  0.0729  0.0730  0.0730
  0.0728  0.0728  0.0728  0.0729  0.0728  0.0728
  0.0713  0.0739  0.0738  0.0735  0.0721  0.0729
  0.0740  0.0770  0.0745  0.0743  0.0728  0.0739
  0.0815  0.0828  0.0741  0.0782  0.0775  0.0763
   -4.2414   44.0517   22.4350   -2.6717    2.0566   -1.0707
eta,q 0.92717 14.46610

---------------------------------------------------------------------
imgreg_4dfp /opt/freesurfer/average/711-2C_as_mni_average_305 /opt/freesurfer/average/711-2B_as_mni_average_305_mask talsrcimg_g11 none talsrcimg_to_711-2C_as_mni_average_305_t4 3335
---------------------------------------------------------------------

freesurfer imgreg_4dfp.c
/opt/freesurfer/average/711-2C_as_mni_average_305.4dfp.img
       256       256       256         1
  1.000000  1.000000  1.000000
orientation T byte_order littleendian
Reading image: /opt/freesurfer/average/711-2C_as_mni_average_305.4dfp.img
dimensions:      256       256       256
mmppix:       1.0000   -1.0000   -1.0000
center:     128.0000 -129.0000 -129.0000
/opt/freesurfer/average/711-2B_as_mni_average_305_mask.4dfp.img
       256       256       256         1
  1.000000  1.000000  1.000000
orientation T byte_order littleendian
Reading mask: /opt/freesurfer/average/711-2B_as_mni_average_305_mask.4dfp.img (2306576 pixels)
talsrcimg_g11.4dfp.img
       256       256       256         1
  1.000000  1.000000  1.000000
orientation T byte_order littleendian
Reading image: talsrcimg_g11.4dfp.img
dimensions:      256       256       256
mmppix:       1.0000   -1.0000   -1.0000
center:     128.0000 -129.0000 -129.0000
fimgreg.f
image alignment mode   3335 decimal      D07 hex
parameters
   -4.2414   44.0517   22.4350   -0.0819   -0.1293   -0.1730
    2.0338   -3.4970   -1.8674    4.7275    3.5886   -4.6583
eta,q 0.93052 14.53597
niter,ni,del,rscale     5    3    5.0000    1.2000
parameter  4********** ->  0.500000 qaram    1.1500
parameter  5  2.603695 ->  0.500000 qaram    1.1500
parameter  6  0.899119 ->  0.500000 qaram    1.1500
parameter 12  0.629161 ->  0.500000 qaram    1.1500
parameters
   -4.5592   44.3861   21.9517   -4.2219   -4.2693   -4.3130
    0.2472   -1.9014   -1.6930    3.8298    0.5711   -8.7983
eta,q 0.95282 14.11920
  0.0704  0.0709  0.0702  0.0538  0.0513  0.0469  0.0499  0.0574  0.0500  0.0509  0.0485  0.0473
  0.0697  0.0701  0.0696  0.0581  0.0531  0.0480  0.0489  0.0535  0.0490  0.0495  0.0479  0.0472
  0.0694  0.0697  0.0693  0.0635  0.0559  0.0504  0.0484  0.0503  0.0484  0.0485  0.0478  0.0473
  0.0695  0.0694  0.0694  0.0693  0.0595  0.0537  0.0486  0.0484  0.0481  0.0481  0.0481  0.0477
  0.0697  0.0693  0.0698  0.0745  0.0629  0.0583  0.0493  0.0483  0.0483  0.0489  0.0490  0.0485
  0.0702  0.0695  0.0704  0.0794  0.0672  0.0665  0.0507  0.0497  0.0489  0.0506  0.0502  0.0497
  0.0710  0.0704  0.0713  0.0844  0.0713  0.0759  0.0525  0.0521  0.0499  0.0528  0.0516  0.0512
niter,ni,del,rscale     7    3    5.0000    1.2000
parameter  2  1.222986 ->  0.500000 qaram    1.1500
parameter  3  1.754614 ->  0.500000 qaram    1.1500
parameter  4  1.309435 ->  0.500000 qaram    1.3225
parameter  5  2.791667 ->  0.500000 qaram    1.3225
parameter 12  0.582448 ->  0.500000 qaram    1.3225
parameters
   -4.1095   43.0061   20.5717   -8.9829   -9.0303   -6.6132
    1.0138   -0.3963   -0.6710    3.9578    1.3343  -13.5593
eta,q 0.97076 13.90894
  0.0516  0.0444  0.0400  0.0333  0.0273  0.0325  0.0341  0.0386  0.0330  0.0337  0.0318  0.0295
  0.0495  0.0448  0.0411  0.0344  0.0295  0.0312  0.0322  0.0345  0.0314  0.0318  0.0308  0.0293
  0.0479  0.0457  0.0428  0.0370  0.0323  0.0303  0.0309  0.0318  0.0304  0.0304  0.0301  0.0293
  0.0472  0.0471  0.0450  0.0415  0.0350  0.0302  0.0302  0.0302  0.0299  0.0298  0.0298  0.0298
  0.0471  0.0490  0.0477  0.0477  0.0384  0.0313  0.0304  0.0299  0.0300  0.0301  0.0299  0.0306
  0.0478  0.0512  0.0508  0.0546  0.0425  0.0350  0.0313  0.0310  0.0305  0.0313  0.0303  0.0318
  0.0492  0.0536  0.0541  0.0609  0.0462  0.0435  0.0328  0.0337  0.0316  0.0337  0.0311  0.0333
niter,ni,del,rscale     7    3    5.0000    1.2000
parameter  2  0.868481 ->  0.500000 qaram    1.3225
parameter  3  1.403838 ->  0.500000 qaram    1.3225
parameters
   -3.5795   41.4190   18.9847  -12.0623  -13.7212   -4.2790
    1.2482   -0.8666   -0.2563    3.5247   -0.6568  -13.6583
eta,q 0.97785 13.82307
  0.0358  0.0269  0.0231  0.0269  0.0249  0.0276  0.0254  0.0269  0.0247  0.0250  0.0228  0.0243
  0.0327  0.0266  0.0238  0.0253  0.0235  0.0257  0.0238  0.0241  0.0235  0.0234  0.0223  0.0231
  0.0305  0.0273  0.0250  0.0242  0.0228  0.0241  0.0228  0.0226  0.0226  0.0225  0.0222  0.0224
  0.0292  0.0290  0.0267  0.0240  0.0242  0.0230  0.0223  0.0223  0.0223  0.0223  0.0223  0.0221
  0.0291  0.0314  0.0288  0.0266  0.0279  0.0222  0.0225  0.0230  0.0224  0.0226  0.0227  0.0224
  0.0300  0.0343  0.0313  0.0321  0.0319  0.0217  0.0235  0.0249  0.0231  0.0237  0.0232  0.0232
  0.0319  0.0374  0.0343  0.0395  0.0361  0.0249  0.0251  0.0284  0.0243  0.0259  0.0240  0.0244
niter,ni,del,rscale     7    3    5.0000    1.2000
parameters
   -3.3307   41.6421   18.0886  -12.0057  -14.1585   -5.6389
    0.9777   -0.4932    0.1042    3.5932   -0.9014  -14.4951
eta,q 0.97770 13.73611
  0.0269  0.0282  0.0233  0.0274  0.0274  0.0253  0.0249  0.0278  0.0246  0.0253  0.0232  0.0240
  0.0244  0.0251  0.0223  0.0251  0.0251  0.0237  0.0235  0.0245  0.0234  0.0235  0.0227  0.0230
  0.0228  0.0230  0.0219  0.0233  0.0233  0.0227  0.0226  0.0228  0.0227  0.0226  0.0224  0.0224
  0.0221  0.0221  0.0221  0.0219  0.0219  0.0220  0.0223  0.0223  0.0223  0.0223  0.0223  0.0223
  0.0223  0.0224  0.0229  0.0210  0.0220  0.0215  0.0226  0.0228  0.0225  0.0226  0.0225  0.0227
  0.0234  0.0240  0.0244  0.0234  0.0252  0.0247  0.0237  0.0241  0.0231  0.0234  0.0228  0.0235
  0.0253  0.0268  0.0265  0.0291  0.0296  0.0325  0.0254  0.0265  0.0243  0.0252  0.0233  0.0247
niter,ni,del,rscale     6    3    5.0000    1.2000
parameters
   -3.2914   41.8166   17.9989  -11.6840  -14.2310   -5.6873
    0.9621   -0.4790    0.1207    3.9089   -1.0355  -14.7995
eta,q 0.97781 13.75209
  0.0261  0.0279  0.0246  0.0274  0.0278  0.0260  0.0250  0.0273  0.0243  0.0253  0.0231  0.0242
  0.0240  0.0250  0.0234  0.0253  0.0255  0.0243  0.0235  0.0239  0.0232  0.0235  0.0226  0.0230
  0.0227  0.0231  0.0226  0.0236  0.0236  0.0230  0.0226  0.0225  0.0225  0.0225  0.0223  0.0224
  0.0223  0.0223  0.0223  0.0223  0.0222  0.0222  0.0222  0.0222  0.0222  0.0222  0.0222  0.0222
  0.0227  0.0226  0.0226  0.0214  0.0220  0.0215  0.0224  0.0228  0.0224  0.0224  0.0223  0.0225
  0.0238  0.0241  0.0235  0.0232  0.0248  0.0224  0.0234  0.0242  0.0231  0.0232  0.0226  0.0233
  0.0258  0.0269  0.0250  0.0283  0.0291  0.0280  0.0252  0.0269  0.0243  0.0248  0.0232  0.0244
niter,ni,del,rscale     5    3    5.0000    1.2000
parameters
   -3.2913   41.8769   17.9418  -11.6877  -14.2640   -5.7190
    0.9713   -0.4575    0.1483    3.9962   -1.0922  -14.9020
eta,q 0.97779 13.74968
  0.0259  0.0274  0.0246  0.0272  0.0279  0.0261  0.0251  0.0273  0.0243  0.0251  0.0231  0.0243
  0.0238  0.0246  0.0233  0.0251  0.0255  0.0243  0.0235  0.0239  0.0232  0.0233  0.0226  0.0231
  0.0226  0.0229  0.0225  0.0235  0.0236  0.0230  0.0226  0.0225  0.0225  0.0224  0.0223  0.0224
  0.0222  0.0222  0.0222  0.0222  0.0222  0.0222  0.0222  0.0222  0.0222  0.0222  0.0222  0.0222
  0.0226  0.0226  0.0225  0.0215  0.0220  0.0215  0.0224  0.0228  0.0224  0.0225  0.0223  0.0225
  0.0238  0.0243  0.0234  0.0236  0.0248  0.0224  0.0234  0.0242  0.0231  0.0233  0.0226  0.0232
  0.0259  0.0271  0.0249  0.0289  0.0290  0.0280  0.0251  0.0269  0.0243  0.0249  0.0231  0.0243
niter,ni,del,rscale     4    3    5.0000    1.2000
parameters
   -3.2887   41.8994   17.9329  -11.6791  -14.2821   -5.7180
    0.9722   -0.4508    0.1553    4.0289   -1.1161  -14.9352
eta,q 0.97779 13.74959
  0.0259  0.0273  0.0247  0.0273  0.0279  0.0261  0.0251  0.0273  0.0243  0.0251  0.0231  0.0244
  0.0238  0.0245  0.0234  0.0251  0.0255  0.0244  0.0235  0.0239  0.0232  0.0233  0.0226  0.0231
  0.0226  0.0228  0.0225  0.0235  0.0237  0.0231  0.0226  0.0225  0.0225  0.0224  0.0223  0.0224
  0.0222  0.0222  0.0222  0.0222  0.0222  0.0222  0.0222  0.0222  0.0222  0.0222  0.0222  0.0222
  0.0226  0.0227  0.0225  0.0215  0.0220  0.0215  0.0224  0.0228  0.0224  0.0225  0.0223  0.0225
  0.0238  0.0244  0.0233  0.0236  0.0247  0.0224  0.0234  0.0243  0.0231  0.0233  0.0226  0.0232
  0.0259  0.0273  0.0248  0.0289  0.0290  0.0280  0.0251  0.0269  0.0243  0.0250  0.0231  0.0243
registration optimization eta report
parameter search radius
    2.4000    3.1740    3.1740    9.5220    9.5220    8.2800
    7.2000    7.2000    7.2000    7.2000    7.2000    9.5220
100000*second partial in parameter space
       64.       51.       25.        7.        7.        8.
        6.       10.        4.        6.        2.        2.
  0.0259  0.0273  0.0247  0.0273  0.0279  0.0261  0.0251  0.0273  0.0243  0.0251  0.0231  0.0244
  0.0238  0.0245  0.0234  0.0251  0.0255  0.0244  0.0235  0.0239  0.0232  0.0233  0.0226  0.0231
  0.0226  0.0228  0.0225  0.0235  0.0237  0.0231  0.0226  0.0225  0.0225  0.0224  0.0223  0.0224
  0.0222  0.0222  0.0222  0.0222  0.0222  0.0222  0.0222  0.0222  0.0222  0.0222  0.0222  0.0222
  0.0226  0.0227  0.0225  0.0215  0.0220  0.0215  0.0224  0.0228  0.0224  0.0225  0.0223  0.0225
  0.0238  0.0244  0.0233  0.0236  0.0247  0.0224  0.0234  0.0243  0.0231  0.0233  0.0226  0.0232
  0.0259  0.0273  0.0248  0.0289  0.0290  0.0280  0.0251  0.0269  0.0243  0.0250  0.0231  0.0243
   -3.2887   41.8994   17.9329  -11.6791  -14.2821   -5.7180
    0.9722   -0.4508    0.1553    4.0289   -1.1161  -14.9352
eta,q 0.97779 13.74959

---------------------------------------------------------------------
imgreg_4dfp /opt/freesurfer/average/711-2C_as_mni_average_305 /opt/freesurfer/average/711-2B_as_mni_average_305_mask talsrcimg_g11 none talsrcimg_to_711-2C_as_mni_average_305_t4 2311
---------------------------------------------------------------------

freesurfer imgreg_4dfp.c
/opt/freesurfer/average/711-2C_as_mni_average_305.4dfp.img
       256       256       256         1
  1.000000  1.000000  1.000000
orientation T byte_order littleendian
Reading image: /opt/freesurfer/average/711-2C_as_mni_average_305.4dfp.img
dimensions:      256       256       256
mmppix:       1.0000   -1.0000   -1.0000
center:     128.0000 -129.0000 -129.0000
/opt/freesurfer/average/711-2B_as_mni_average_305_mask.4dfp.img
       256       256       256         1
  1.000000  1.000000  1.000000
orientation T byte_order littleendian
Reading mask: /opt/freesurfer/average/711-2B_as_mni_average_305_mask.4dfp.img (2306576 pixels)
talsrcimg_g11.4dfp.img
       256       256       256         1
  1.000000  1.000000  1.000000
orientation T byte_order littleendian
Reading image: talsrcimg_g11.4dfp.img
dimensions:      256       256       256
mmppix:       1.0000   -1.0000   -1.0000
center:     128.0000 -129.0000 -129.0000
fimgreg.f
image alignment mode   2311 decimal      907 hex
parameters
   -3.2887   41.8994   17.9329  -11.6791  -14.2821   -5.7180
    0.9722   -0.4508    0.1553    4.0289   -1.1161  -14.9352
eta,q 0.97779 13.74958
niter,ni,del,rscale     5    3    5.0000    0.8000
parameter  4 -0.606214 -> -0.500000 qaram    1.1500
parameters
   -3.2815   41.9506   17.9964   -8.9191  -13.4200   -3.5896
    0.7647   -0.0810    0.0651    4.2979   -0.7474  -15.2236
eta,q 0.97928 14.01178
  0.0238  0.0236  0.0229  0.0243  0.0239  0.0233  0.0226  0.0258  0.0221  0.0228  0.0221  0.0215
  0.0229  0.0228  0.0226  0.0235  0.0230  0.0225  0.0215  0.0230  0.0214  0.0216  0.0213  0.0210
  0.0224  0.0224  0.0223  0.0228  0.0222  0.0218  0.0209  0.0213  0.0209  0.0210  0.0209  0.0208
  0.0222  0.0222  0.0222  0.0222  0.0215  0.0213  0.0207  0.0207  0.0207  0.0207  0.0207  0.0207
  0.0224  0.0223  0.0223  0.0217  0.0212  0.0209  0.0210  0.0211  0.0209  0.0208  0.0208  0.0209
  0.0229  0.0227  0.0225  0.0215  0.0217  0.0206  0.0218  0.0223  0.0214  0.0214  0.0211  0.0212
  0.0238  0.0234  0.0228  0.0221  0.0230  0.0215  0.0229  0.0243  0.0222  0.0224  0.0217  0.0217
niter,ni,del,rscale     5    3    5.0000    0.8000
parameters
   -3.4038   41.8690   17.7348  -10.1428  -13.2600   -4.3902
    1.0460   -0.4666    0.0600    4.3014   -0.6296  -15.2917
eta,q 0.97902 13.95788
  0.0229  0.0222  0.0214  0.0228  0.0233  0.0224  0.0229  0.0236  0.0222  0.0226  0.0217  0.0217
  0.0216  0.0214  0.0209  0.0219  0.0223  0.0218  0.0219  0.0218  0.0215  0.0217  0.0213  0.0213
  0.0209  0.0209  0.0207  0.0211  0.0215  0.0213  0.0213  0.0211  0.0211  0.0211  0.0211  0.0211
  0.0207  0.0207  0.0207  0.0207  0.0209  0.0208  0.0210  0.0210  0.0210  0.0210  0.0210  0.0210
  0.0211  0.0209  0.0209  0.0215  0.0208  0.0207  0.0211  0.0215  0.0211  0.0211  0.0210  0.0211
  0.0221  0.0216  0.0214  0.0238  0.0217  0.0222  0.0216  0.0226  0.0215  0.0216  0.0213  0.0213
  0.0237  0.0226  0.0220  0.0274  0.0234  0.0257  0.0225  0.0244  0.0222  0.0226  0.0216  0.0217
niter,ni,del,rscale     4    3    5.0000    0.7000
parameters
   -3.3958   41.8535   17.6702  -10.0330  -13.0208   -4.1847
    1.0025   -0.4692    0.0360    4.3286   -0.5369  -15.3706
eta,q 0.97916 13.98221
  0.0226  0.0222  0.0215  0.0232  0.0229  0.0223  0.0222  0.0234  0.0218  0.0222  0.0214  0.0214
  0.0217  0.0215  0.0212  0.0224  0.0222  0.0218  0.0214  0.0218  0.0213  0.0214  0.0211  0.0211
  0.0212  0.0211  0.0210  0.0216  0.0215  0.0213  0.0210  0.0210  0.0210  0.0210  0.0209  0.0209
  0.0210  0.0210  0.0210  0.0210  0.0210  0.0209  0.0208  0.0208  0.0208  0.0208  0.0208  0.0208
  0.0211  0.0211  0.0211  0.0208  0.0209  0.0206  0.0210  0.0211  0.0209  0.0210  0.0209  0.0209
  0.0217  0.0215  0.0213  0.0216  0.0215  0.0208  0.0215  0.0219  0.0213  0.0214  0.0211  0.0211
  0.0225  0.0222  0.0216  0.0236  0.0229  0.0227  0.0223  0.0233  0.0219  0.0222  0.0214  0.0215
niter,ni,del,rscale     3    3    5.0000    0.6000
parameters
   -3.4075   41.8401   17.6431   -9.8396  -12.9001   -3.9348
    0.9967   -0.4898   -0.0012    4.3576   -0.4436  -15.4297
eta,q 0.97930 14.00394
  0.0220  0.0218  0.0213  0.0227  0.0224  0.0219  0.0218  0.0227  0.0215  0.0218  0.0212  0.0212
  0.0214  0.0213  0.0210  0.0220  0.0217  0.0215  0.0212  0.0215  0.0210  0.0212  0.0209  0.0209
  0.0210  0.0210  0.0209  0.0214  0.0212  0.0211  0.0208  0.0209  0.0208  0.0208  0.0208  0.0207
  0.0208  0.0208  0.0208  0.0208  0.0208  0.0208  0.0207  0.0207  0.0207  0.0207  0.0207  0.0207
  0.0210  0.0210  0.0209  0.0207  0.0208  0.0205  0.0208  0.0210  0.0208  0.0208  0.0207  0.0208
  0.0214  0.0213  0.0211  0.0213  0.0213  0.0207  0.0212  0.0216  0.0211  0.0211  0.0209  0.0209
  0.0221  0.0218  0.0213  0.0228  0.0224  0.0221  0.0218  0.0227  0.0215  0.0217  0.0212  0.0212
niter,ni,del,rscale     2    3    5.0000    0.5000
parameters
   -3.4205   41.8350   17.6407   -9.6709  -12.8176   -3.6815
    0.9924   -0.5225   -0.0273    4.3867   -0.3594  -15.4953
eta,q 0.97940 14.02084
  0.0216  0.0214  0.0211  0.0222  0.0219  0.0216  0.0214  0.0221  0.0211  0.0214  0.0210  0.0209
  0.0211  0.0210  0.0209  0.0216  0.0214  0.0212  0.0209  0.0212  0.0208  0.0209  0.0208  0.0207
  0.0208  0.0208  0.0207  0.0211  0.0209  0.0209  0.0207  0.0207  0.0207  0.0207  0.0207  0.0206
  0.0207  0.0207  0.0207  0.0207  0.0207  0.0207  0.0206  0.0206  0.0206  0.0206  0.0206  0.0206
  0.0208  0.0208  0.0207  0.0206  0.0207  0.0205  0.0207  0.0208  0.0207  0.0207  0.0206  0.0206
  0.0211  0.0210  0.0209  0.0211  0.0211  0.0207  0.0209  0.0213  0.0209  0.0209  0.0208  0.0208
  0.0216  0.0214  0.0211  0.0222  0.0219  0.0216  0.0214  0.0221  0.0212  0.0214  0.0210  0.0210
niter,ni,del,rscale     1    3    5.0000    0.4000
parameters
   -3.4324   41.8303   17.6576   -9.5315  -12.7524   -3.4374
    0.9840   -0.5565   -0.0417    4.4310   -0.2738  -15.5332
eta,q 0.97948 14.03451
  0.0212  0.0210  0.0209  0.0216  0.0214  0.0212  0.0210  0.0215  0.0209  0.0211  0.0208  0.0208
  0.0209  0.0208  0.0207  0.0212  0.0210  0.0210  0.0208  0.0209  0.0207  0.0208  0.0207  0.0206
  0.0207  0.0207  0.0206  0.0208  0.0207  0.0208  0.0206  0.0206  0.0206  0.0206  0.0206  0.0205
  0.0206  0.0206  0.0206  0.0206  0.0206  0.0206  0.0205  0.0205  0.0205  0.0205  0.0205  0.0205
  0.0207  0.0207  0.0206  0.0206  0.0206  0.0205  0.0206  0.0207  0.0206  0.0206  0.0205  0.0206
  0.0209  0.0208  0.0207  0.0209  0.0209  0.0206  0.0208  0.0210  0.0207  0.0207  0.0206  0.0206
  0.0212  0.0211  0.0208  0.0216  0.0214  0.0212  0.0210  0.0216  0.0209  0.0210  0.0208  0.0208
registration optimization eta report
parameter search radius
    0.8000    0.8000    0.8000    2.7600    2.4000    2.4000
    2.4000    2.4000    2.4000    2.4000    2.4000    2.4000
100000*second partial in parameter space
       93.       70.       38.       14.       14.       11.
        9.       18.        6.        9.        5.        4.
  0.0212  0.0210  0.0209  0.0216  0.0214  0.0212  0.0210  0.0215  0.0209  0.0211  0.0208  0.0208
  0.0209  0.0208  0.0207  0.0212  0.0210  0.0210  0.0208  0.0209  0.0207  0.0208  0.0207  0.0206
  0.0207  0.0207  0.0206  0.0208  0.0207  0.0208  0.0206  0.0206  0.0206  0.0206  0.0206  0.0205
  0.0206  0.0206  0.0206  0.0206  0.0206  0.0206  0.0205  0.0205  0.0205  0.0205  0.0205  0.0205
  0.0207  0.0207  0.0206  0.0206  0.0206  0.0205  0.0206  0.0207  0.0206  0.0206  0.0205  0.0206
  0.0209  0.0208  0.0207  0.0209  0.0209  0.0206  0.0208  0.0210  0.0207  0.0207  0.0206  0.0206
  0.0212  0.0211  0.0208  0.0216  0.0214  0.0212  0.0210  0.0216  0.0209  0.0210  0.0208  0.0208
   -3.4324   41.8303   17.6576   -9.5315  -12.7524   -3.4374
    0.9840   -0.5565   -0.0417    4.4310   -0.2738  -15.5332
eta,q 0.97948 14.03451

---------------------------------------------------------------------
imgreg_4dfp /opt/freesurfer/average/711-2C_as_mni_average_305 /opt/freesurfer/average/711-2B_as_mni_average_305_mask talsrcimg_g11 none talsrcimg_to_711-2C_as_mni_average_305_t4 2311
---------------------------------------------------------------------

freesurfer imgreg_4dfp.c
/opt/freesurfer/average/711-2C_as_mni_average_305.4dfp.img
       256       256       256         1
  1.000000  1.000000  1.000000
orientation T byte_order littleendian
Reading image: /opt/freesurfer/average/711-2C_as_mni_average_305.4dfp.img
dimensions:      256       256       256
mmppix:       1.0000   -1.0000   -1.0000
center:     128.0000 -129.0000 -129.0000
/opt/freesurfer/average/711-2B_as_mni_average_305_mask.4dfp.img
       256       256       256         1
  1.000000  1.000000  1.000000
orientation T byte_order littleendian
Reading mask: /opt/freesurfer/average/711-2B_as_mni_average_305_mask.4dfp.img (2306576 pixels)
talsrcimg_g11.4dfp.img
       256       256       256         1
  1.000000  1.000000  1.000000
orientation T byte_order littleendian
Reading image: talsrcimg_g11.4dfp.img
dimensions:      256       256       256
mmppix:       1.0000   -1.0000   -1.0000
center:     128.0000 -129.0000 -129.0000
fimgreg.f
image alignment mode   2311 decimal      907 hex
parameters
   -3.4324   41.8303   17.6576   -9.5315  -12.7524   -3.4374
    0.9840   -0.5565   -0.0417    4.4310   -0.2738  -15.5332
eta,q 0.97948 14.03451
niter,ni,del,rscale     5    3    5.0000    0.8000
parameters
   -3.4492   41.8038   17.7446  -10.2142  -13.1869   -4.3273
    1.0590   -0.5605   -0.0251    4.3131   -0.5576  -15.2324
eta,q 0.97903 13.96399
  0.0230  0.0223  0.0218  0.0226  0.0228  0.0223  0.0227  0.0241  0.0222  0.0225  0.0216  0.0218
  0.0216  0.0213  0.0211  0.0217  0.0219  0.0217  0.0218  0.0221  0.0215  0.0216  0.0212  0.0214
  0.0208  0.0207  0.0207  0.0210  0.0211  0.0212  0.0212  0.0212  0.0211  0.0211  0.0210  0.0211
  0.0205  0.0205  0.0205  0.0205  0.0207  0.0207  0.0210  0.0210  0.0210  0.0210  0.0210  0.0210
  0.0208  0.0207  0.0206  0.0208  0.0209  0.0207  0.0211  0.0213  0.0211  0.0211  0.0211  0.0210
  0.0217  0.0214  0.0210  0.0224  0.0222  0.0224  0.0217  0.0223  0.0215  0.0217  0.0213  0.0212
  0.0231  0.0224  0.0215  0.0251  0.0242  0.0261  0.0226  0.0240  0.0222  0.0227  0.0217  0.0216
niter,ni,del,rscale     4    3    5.0000    0.7000
parameters
   -3.3997   41.8438   17.6816   -9.8036  -13.0614   -4.2544
    0.9929   -0.4582   -0.0060    4.2922   -0.5172  -15.3544
eta,q 0.97919 13.98466
  0.0226  0.0222  0.0215  0.0228  0.0228  0.0223  0.0222  0.0236  0.0218  0.0221  0.0214  0.0214
  0.0217  0.0216  0.0212  0.0222  0.0220  0.0217  0.0214  0.0219  0.0213  0.0214  0.0211  0.0210
  0.0212  0.0211  0.0210  0.0215  0.0213  0.0212  0.0210  0.0210  0.0209  0.0209  0.0209  0.0209
  0.0210  0.0210  0.0210  0.0210  0.0208  0.0208  0.0208  0.0208  0.0208  0.0208  0.0208  0.0208
  0.0211  0.0211  0.0211  0.0208  0.0208  0.0205  0.0210  0.0211  0.0209  0.0209  0.0209  0.0209
  0.0216  0.0214  0.0213  0.0212  0.0215  0.0209  0.0214  0.0219  0.0212  0.0214  0.0211  0.0211
  0.0224  0.0221  0.0216  0.0226  0.0229  0.0228  0.0223  0.0232  0.0218  0.0221  0.0214  0.0214
niter,ni,del,rscale     3    3    5.0000    0.6000
parameters
   -3.4140   41.8432   17.6196   -9.6232  -12.9251   -4.0150
    0.9754   -0.4736   -0.0277    4.3367   -0.4186  -15.4422
eta,q 0.97931 14.00597
  0.0220  0.0217  0.0212  0.0223  0.0224  0.0219  0.0218  0.0228  0.0215  0.0218  0.0212  0.0211
  0.0213  0.0212  0.0210  0.0217  0.0217  0.0215  0.0212  0.0215  0.0210  0.0211  0.0209  0.0209
  0.0209  0.0209  0.0208  0.0212  0.0211  0.0211  0.0208  0.0208  0.0208  0.0208  0.0207  0.0207
  0.0208  0.0208  0.0208  0.0208  0.0208  0.0207  0.0207  0.0207  0.0207  0.0207  0.0207  0.0207
  0.0210  0.0209  0.0209  0.0207  0.0208  0.0205  0.0208  0.0209  0.0208  0.0208  0.0207  0.0208
  0.0214  0.0212  0.0211  0.0212  0.0213  0.0207  0.0212  0.0216  0.0210  0.0211  0.0209  0.0209
  0.0221  0.0218  0.0213  0.0224  0.0224  0.0221  0.0218  0.0227  0.0215  0.0217  0.0212  0.0212
niter,ni,del,rscale     2    3    5.0000    0.5000
parameters
   -3.4267   41.8407   17.6118   -9.4940  -12.8380   -3.7550
    0.9716   -0.5161   -0.0476    4.3861   -0.3385  -15.5104
eta,q 0.97941 14.02225
  0.0216  0.0214  0.0210  0.0219  0.0219  0.0216  0.0214  0.0221  0.0211  0.0214  0.0210  0.0209
  0.0211  0.0210  0.0208  0.0214  0.0214  0.0212  0.0209  0.0212  0.0208  0.0209  0.0208  0.0207
  0.0208  0.0208  0.0207  0.0210  0.0209  0.0209  0.0207  0.0207  0.0207  0.0207  0.0206  0.0206
  0.0207  0.0207  0.0207  0.0207  0.0207  0.0206  0.0206  0.0206  0.0206  0.0206  0.0206  0.0206
  0.0208  0.0208  0.0207  0.0207  0.0207  0.0205  0.0207  0.0208  0.0207  0.0207  0.0206  0.0206
  0.0211  0.0210  0.0208  0.0210  0.0211  0.0207  0.0209  0.0213  0.0208  0.0209  0.0207  0.0208
  0.0216  0.0214  0.0210  0.0219  0.0219  0.0216  0.0214  0.0221  0.0212  0.0213  0.0210  0.0210
niter,ni,del,rscale     1    3    5.0000    0.4000
parameters
   -3.4331   41.8395   17.6402   -9.4101  -12.7703   -3.4790
    0.9754   -0.5517   -0.0685    4.4359   -0.2527  -15.5439
eta,q 0.97948 14.03530
  0.0212  0.0210  0.0209  0.0214  0.0214  0.0212  0.0210  0.0216  0.0209  0.0211  0.0208  0.0208
  0.0209  0.0208  0.0207  0.0211  0.0210  0.0210  0.0208  0.0209  0.0207  0.0208  0.0207  0.0206
  0.0207  0.0206  0.0206  0.0208  0.0207  0.0208  0.0206  0.0206  0.0206  0.0206  0.0206  0.0205
  0.0206  0.0206  0.0206  0.0206  0.0206  0.0206  0.0205  0.0205  0.0205  0.0205  0.0205  0.0205
  0.0207  0.0206  0.0206  0.0206  0.0206  0.0205  0.0206  0.0207  0.0206  0.0206  0.0205  0.0206
  0.0209  0.0208  0.0207  0.0209  0.0209  0.0206  0.0208  0.0210  0.0207  0.0207  0.0206  0.0206
  0.0212  0.0210  0.0208  0.0214  0.0214  0.0212  0.0210  0.0216  0.0209  0.0210  0.0208  0.0208
registration optimization eta report
parameter search radius
    0.8000    0.8000    0.8000    2.4000    2.4000    2.4000
    2.4000    2.4000    2.4000    2.4000    2.4000    2.4000
100000*second partial in parameter space
       95.       70.       38.       15.       14.       11.
        9.       18.        7.        9.        5.        4.
  0.0212  0.0210  0.0209  0.0214  0.0214  0.0212  0.0210  0.0216  0.0209  0.0211  0.0208  0.0208
  0.0209  0.0208  0.0207  0.0211  0.0210  0.0210  0.0208  0.0209  0.0207  0.0208  0.0207  0.0206
  0.0207  0.0206  0.0206  0.0208  0.0207  0.0208  0.0206  0.0206  0.0206  0.0206  0.0206  0.0205
  0.0206  0.0206  0.0206  0.0206  0.0206  0.0206  0.0205  0.0205  0.0205  0.0205  0.0205  0.0205
  0.0207  0.0206  0.0206  0.0206  0.0206  0.0205  0.0206  0.0207  0.0206  0.0206  0.0205  0.0206
  0.0209  0.0208  0.0207  0.0209  0.0209  0.0206  0.0208  0.0210  0.0207  0.0207  0.0206  0.0206
  0.0212  0.0210  0.0208  0.0214  0.0214  0.0212  0.0210  0.0216  0.0209  0.0210  0.0208  0.0208
   -3.4331   41.8395   17.6402   -9.4101  -12.7703   -3.4790
    0.9754   -0.5517   -0.0685    4.4359   -0.2527  -15.5439
eta,q 0.97948 14.03530

---------------------------------------------------------------------
compute_vox2vox talsrcimg talsrcimg_to_711-2C_as_mni_average_305_t4 /opt/freesurfer/average/711-2C_as_mni_average_305
---------------------------------------------------------------------

freesurfer compute_vox2vox.c
Reading: talsrcimg.4dfp.ifh
Reading: talsrcimg_to_711-2C_as_mni_average_305_t4
Reading: /opt/freesurfer/average/711-2C_as_mni_average_305.4dfp.ifh
Writing: talsrcimg_to_711-2C_as_mni_average_305_t4_vox2vox.txt

start time Tue Mar 10 22:31:36 CET 2026
end		time Tue Mar 10 22:31:50 CET 2026

mpr2mni305 success

avi2talxfm orig_nu.mgz /opt/freesurfer/average/mni305.cor.mgz talsrcimg_to_711-2C_as_mni_average_305_t4_vox2vox.txt transforms/talairach.auto.xfm
avi2talxfm done
mv -f /out/sourcedata/freesurfer/sub-v2s12x28862_ses-1/mri/talsrcimg_to_711-2C_as_mni_average_305_t4_vox2vox.txt /out/sourcedata/freesurfer/sub-v2s12x28862_ses-1/mri/transforms/talsrcimg_to_711-2C_as_mni_average_305_t4_vox2vox.txt
lta_convert --src orig_nu.mgz --trg /opt/freesurfer/average/mni305.cor.mgz --inxfm transforms/talairach.auto.xfm --outlta transforms/talairach.auto.xfm.lta --subject fsaverage
7.3.2

--src: orig_nu.mgz src image (geometry).
--trg: /opt/freesurfer/average/mni305.cor.mgz trg image (geometry).
--inmni: transforms/talairach.auto.xfm input MNI/XFM transform.
--outlta: transforms/talairach.auto.xfm.lta output LTA.
--s: fsaverage subject name
 LTA read, type : 1
 1.10389   0.00682  -0.01113   2.08464;
 0.00301   1.02765   0.18309  -24.96642;
 0.00071  -0.05225   1.13708  -38.58538;
 0.00000   0.00000   0.00000   1.00000;
setting subject to fsaverage
Writing  LTA to file transforms/talairach.auto.xfm.lta...
lta_convert successful.
 
 
Started at Tue Mar 10 22:31:36 CET 2026
Ended   at Tue Mar 10 22:31:50 CET 2026
talairach_avi done
