/out/sourcedata/freesurfer/sub-v2s12x28876_ses-1/mri
/opt/freesurfer/bin/talairach_avi
--i orig_nu.mgz --xfm transforms/talairach.auto.xfm
talairach_avi 7.3.2
Linux dna086 5.14.0-427.37.1.el9_4.x86_64 #1 SMP PREEMPT_DYNAMIC Fri Sep 13 12:41:50 EDT 2024 x86_64 x86_64 x86_64 GNU/Linux
Tue Mar 10 23:34:53 CET 2026
mri_convert orig_nu.mgz talsrcimg.img 
reading from orig_nu.mgz...
TR=0.00, TE=0.00, TI=0.00, flip angle=0.00
i_ras = (-1, 0, 0)
j_ras = (0, 0, -1)
k_ras = (0, 1, 0)
writing to talsrcimg.img...
Analyze Output Matrix
-1.00000   0.00000   0.00000   129.45630;
 0.00000   0.00000   1.00000  -123.10001;
 0.00000  -1.00000   0.00000   135.64999;
 0.00000   0.00000   0.00000   1.00000;
--------------------
INFO: set hdr.hist.orient to -1
mpr2mni305 talsrcimg
Tue Mar 10 23:34:54 CET 2026
/opt/freesurfer/bin/mpr2mni305 talsrcimg
mpr2mni305 7.3.2
target=711-2C_as_mni_average_305

---------------------------------------------------------------------
analyzeto4dfp talsrcimg -O0 -y
---------------------------------------------------------------------

freesurfer ifh2hdr.c
Tue Mar 10 23:34:54 2026
Writing: talsrcimg.4dfp.hdr
freesurfer analyzeto4dfp.c
Reading: talsrcimg.hdr
header size 348 bytes
hdr.dime.datatype	offset=70	value=2
hdr.dime.bitpix		offset=72	value=8
hdr.hist.orient		offset=252	value=-1
dimensionality     4
dimensions       256       256       256         1
Reading: talsrcimg.img
Writing: talsrcimg.4dfp.img
Writing: talsrcimg.4dfp.ifh
ifh2hdr talsrcimg -r0to239
ori=2

---------------------------------------------------------------------
gauss_4dfp talsrcimg 1.1
---------------------------------------------------------------------

freesurfer gauss_4dfp.c
Reading: talsrcimg.4dfp.img
Writing: talsrcimg_g11.4dfp.img
image dimensions 256 256 256 padded to 288 288 288
processing volume 1freesurfer ifh2hdr.c
Tue Mar 10 23:34:55 2026
Writing: talsrcimg_g11.4dfp.hdr

Writing: talsrcimg_g11.4dfp.ifh
including: talsrcimg.4dfp.img.rec in talsrcimg_g11.4dfp.img.rec

---------------------------------------------------------------------
imgreg_4dfp /opt/freesurfer/average/711-2C_as_mni_average_305 none talsrcimg_g11 none talsrcimg_to_711-2C_as_mni_average_305_t4 4355
---------------------------------------------------------------------

freesurfer imgreg_4dfp.c
/opt/freesurfer/average/711-2C_as_mni_average_305.4dfp.img
       256       256       256         1
  1.000000  1.000000  1.000000
orientation T byte_order littleendian
Reading image: /opt/freesurfer/average/711-2C_as_mni_average_305.4dfp.img
dimensions:      256       256       256
mmppix:       1.0000   -1.0000   -1.0000
center:     128.0000 -129.0000 -129.0000
talsrcimg_g11.4dfp.img
       256       256       256         1
  1.000000  1.000000  1.000000
orientation T byte_order littleendian
Reading image: talsrcimg_g11.4dfp.img
dimensions:      256       256       256
mmppix:       1.0000   -1.0000   -1.0000
center:     128.0000 -129.0000 -129.0000
t4_read: open error in t4_sub.f l:  41 t4_file(1:l)talsrcimg_to_711-2C_as_mni_average_305_t4 
t4_read: transform initialized to I4
rotation matrix determinant  1.000000
image alignment mode   4355 decimal     1103 hex
   -7.5000  -45.0000  -45.0000 7052.6333   18.4570
    0.0000  -45.0000  -45.0000 7362.4312   18.4752
    7.5000  -45.0000  -45.0000 7059.7734   18.4591
   -7.5000  -37.5000  -45.0000 7670.4653   18.4369
    0.0000  -37.5000  -45.0000 8014.1323   18.4627
    7.5000  -37.5000  -45.0000 7699.3501   18.4577
   -7.5000  -30.0000  -45.0000 8573.9492   18.4309
    0.0000  -30.0000  -45.0000 8965.6357   18.4635
    7.5000  -30.0000  -45.0000 8614.9863   18.4694
   -7.5000  -22.5000  -45.0000 9426.2998   18.4446
    0.0000  -22.5000  -45.0000 9870.5498   18.4779
    7.5000  -22.5000  -45.0000 9486.7812   18.4818
   -7.5000  -15.0000  -45.000010225.7500   18.4666
    0.0000  -15.0000  -45.000010678.3662   18.4939
    7.5000  -15.0000  -45.000010279.3789   18.4874
   -7.5000   -7.5000  -45.000010890.8223   18.4684
    0.0000   -7.5000  -45.000011402.3896   18.4876
    7.5000   -7.5000  -45.000010956.8828   18.4718
   -7.5000    0.0000  -45.000011469.0742   18.4523
    0.0000    0.0000  -45.000012012.9082   18.4706
    7.5000    0.0000  -45.000011566.6357   18.4545
   -7.5000    7.5000  -45.000011214.9746   18.4368
    0.0000    7.5000  -45.000011775.5225   18.4626
    7.5000    7.5000  -45.000011299.7920   18.4576
   -7.5000   15.0000  -45.000010891.5186   18.4309
    0.0000   15.0000  -45.000011404.3955   18.4635
    7.5000   15.0000  -45.000010951.6768   18.4694
   -7.5000   22.5000  -45.000010376.9746   18.4420
    0.0000   22.5000  -45.000010857.8682   18.4753
    7.5000   22.5000  -45.000010456.3008   18.4792
   -7.5000   30.0000  -45.0000 9857.0898   18.2205
    0.0000   30.0000  -45.000010295.9590   18.2475
    7.5000   30.0000  -45.0000 9906.2520   18.2410
   -7.5000   37.5000  -45.0000 9573.8232   18.2223
    0.0000   37.5000  -45.000010010.7432   18.2412
    7.5000   37.5000  -45.0000 9617.0781   18.2257
   -7.5000   45.0000  -45.0000 8876.4355   17.7441
    0.0000   45.0000  -45.0000 9274.8281   17.7616
    7.5000   45.0000  -45.0000 8896.8271   17.7462
   -7.5000  -45.0000  -37.5000 7463.6094   18.4394
    0.0000  -45.0000  -37.5000 7792.1860   18.4668
    7.5000  -45.0000  -37.5000 7501.2905   18.4621
   -7.5000  -37.5000  -37.5000 8135.4702   18.4290
    0.0000  -37.5000  -37.5000 8511.2578   18.4613
    7.5000  -37.5000  -37.5000 8183.0044   18.4675
   -7.5000  -30.0000  -37.5000 9075.4688   18.4204
    0.0000  -30.0000  -37.5000 9511.9385   18.4581
    7.5000  -30.0000  -37.5000 9146.8174   18.4759
   -7.5000  -22.5000  -37.5000 9971.1445   18.4202
    0.0000  -22.5000  -37.500010468.6963   18.4613
    7.5000  -22.5000  -37.500010072.4795   18.4782
   -7.5000  -15.0000  -37.500010792.8906   18.4309
    0.0000  -15.0000  -37.500011314.1240   18.4688
    7.5000  -15.0000  -37.500010880.8652   18.4755
   -7.5000   -7.5000  -37.500011481.0020   18.4368
    0.0000   -7.5000  -37.500012057.8057   18.4666
    7.5000   -7.5000  -37.500011581.4033   18.4633
   -7.5000    0.0000  -37.500012095.0947   18.4347
    0.0000    0.0000  -37.500012721.3457   18.4622
    7.5000    0.0000  -37.500012207.7754   18.4575
   -7.5000    7.5000  -37.500011802.8262   18.4290
    0.0000    7.5000  -37.500012419.7354   18.4612
    7.5000    7.5000  -37.500011907.0732   18.4674
   -7.5000   15.0000  -37.500011423.8232   18.4204
    0.0000   15.0000  -37.500011986.2021   18.4581
    7.5000   15.0000  -37.500011517.9443   18.4759
   -7.5000   22.5000  -37.500010901.0811   18.4177
    0.0000   22.5000  -37.500011433.6133   18.4588
    7.5000   22.5000  -37.500010998.1934   18.4757
   -7.5000   30.0000  -37.500010321.3633   18.1852
    0.0000   30.0000  -37.500010819.9297   18.2227
    7.5000   30.0000  -37.500010413.9053   18.2293
   -7.5000   37.5000  -37.500010009.2686   18.1911
    0.0000   37.5000  -37.500010500.0654   18.2205
    7.5000   37.5000  -37.500010075.6650   18.2173
   -7.5000   45.0000  -37.5000 9237.6494   17.7272
    0.0000   45.0000  -37.5000 9703.9180   17.7536
    7.5000   45.0000  -37.5000 9297.8926   17.7491
   -7.5000  -45.0000  -30.0000 8008.7437   19.2018
    0.0000  -45.0000  -30.0000 8376.7207   19.2348
    7.5000  -45.0000  -30.0000 8073.9727   19.2330
   -7.5000  -37.5000  -30.0000 8723.7432   19.1966
    0.0000  -37.5000  -30.0000 9141.3936   19.2300
    7.5000  -37.5000  -30.0000 8810.2285   19.2353
   -7.5000  -30.0000  -30.0000 9701.1748   19.1933
    0.0000  -30.0000  -30.000010203.4033   19.2292
    7.5000  -30.0000  -30.0000 9834.6543   19.2428
   -7.5000  -22.5000  -30.000010627.7676   19.1903
    0.0000  -22.5000  -30.000011201.5322   19.2338
    7.5000  -22.5000  -30.000010784.0781   19.2480
   -7.5000  -15.0000  -30.000011461.1885   19.1943
    0.0000  -15.0000  -30.000012092.1279   19.2397
    7.5000  -15.0000  -30.000011625.1406   19.2474
   -7.5000   -7.5000  -30.000012189.2012   19.1977
    0.0000   -7.5000  -30.000012857.3066   19.2351
    7.5000   -7.5000  -30.000012343.3086   19.2351
   -7.5000    0.0000  -30.000012845.7539   19.1969
    0.0000    0.0000  -30.000013537.5488   19.2300
    7.5000    0.0000  -30.000012985.1719   19.2282
   -7.5000    7.5000  -30.000012562.1299   19.1965
    0.0000    7.5000  -30.000013217.7168   19.2299
    7.5000    7.5000  -30.000012696.6914   19.2352
   -7.5000   15.0000  -30.000012143.4346   19.1933
    0.0000   15.0000  -30.000012756.3408   19.2292
    7.5000   15.0000  -30.000012280.1006   19.2428
   -7.5000   22.5000  -30.000011556.5947   19.1857
    0.0000   22.5000  -30.000012169.0342   19.2292
    7.5000   22.5000  -30.000011716.5791   19.2434
   -7.5000   30.0000  -30.000010929.4648   18.9403
    0.0000   30.0000  -30.000011486.9297   18.9851
    7.5000   30.0000  -30.000011051.7959   18.9927
   -7.5000   37.5000  -30.000010608.0332   18.9436
    0.0000   37.5000  -30.000011164.3643   18.9806
    7.5000   37.5000  -30.000010708.2080   18.9806
   -7.5000   45.0000  -30.0000 9772.8252   18.4736
    0.0000   45.0000  -30.000010301.7764   18.5055
    7.5000   45.0000  -30.0000 9867.0391   18.5038
   -7.5000  -45.0000  -22.5000 8530.8604   19.8616
    0.0000  -45.0000  -22.5000 8952.4277   19.8905
    7.5000  -45.0000  -22.5000 8625.7139   19.8795
   -7.5000  -37.5000  -22.5000 9305.5859   19.8504
    0.0000  -37.5000  -22.5000 9775.2510   19.8779
    7.5000  -37.5000  -22.5000 9418.0625   19.8704
   -7.5000  -30.0000  -22.500010314.1660   19.8570
    0.0000  -30.0000  -22.500010848.5635   19.8853
    7.5000  -30.0000  -22.500010480.2588   19.8817
   -7.5000  -22.5000  -22.500011262.5576   19.8693
    0.0000  -22.5000  -22.500011872.0732   19.9059
    7.5000  -22.5000  -22.500011463.2607   19.9028
   -7.5000  -15.0000  -22.500012120.3828   19.8804
    0.0000  -15.0000  -22.500012795.2295   19.9208
    7.5000  -15.0000  -22.500012316.9277   19.9144
   -7.5000   -7.5000  -22.500012882.5254   19.8746
    0.0000   -7.5000  -22.500013590.0020   19.9080
    7.5000   -7.5000  -22.500013059.9727   19.8975
   -7.5000    0.0000  -22.500013556.1885   19.8566
    0.0000    0.0000  -22.500014282.8037   19.8855
    7.5000    0.0000  -22.500013740.0547   19.8745
   -7.5000    7.5000  -22.500013254.4824   19.8503
    0.0000    7.5000  -22.500013944.1699   19.8778
    7.5000    7.5000  -22.500013433.5635   19.8703
   -7.5000   15.0000  -22.500012787.0332   19.8570
    0.0000   15.0000  -22.500013481.7891   19.8853
    7.5000   15.0000  -22.500012990.9141   19.8817
   -7.5000   22.5000  -22.500012184.5459   19.8632
    0.0000   22.5000  -22.500012846.0352   19.8997
    7.5000   22.5000  -22.500012398.7578   19.8967
   -7.5000   30.0000  -22.500011505.8154   19.6204
    0.0000   30.0000  -22.500012109.1357   19.6602
    7.5000   30.0000  -22.500011661.5947   19.6539
   -7.5000   37.5000  -22.500011161.2559   19.6146
    0.0000   37.5000  -22.500011752.9258   19.6476
    7.5000   37.5000  -22.500011295.5762   19.6373
   -7.5000   45.0000  -22.500010279.2285   19.1229
    0.0000   45.0000  -22.500010834.5293   19.1508
    7.5000   45.0000  -22.500010417.2451   19.1402
   -7.5000  -45.0000  -15.0000 9031.2383   20.3522
    0.0000  -45.0000  -15.0000 9495.7217   20.3732
    7.5000  -45.0000  -15.0000 9152.2842   20.3492
   -7.5000  -37.5000  -15.0000 9825.8887   20.3313
    0.0000  -37.5000  -15.000010350.6309   20.3539
    7.5000  -37.5000  -15.0000 9979.6348   20.3333
   -7.5000  -30.0000  -15.000010889.4404   20.3439
    0.0000  -30.0000  -15.000011482.6826   20.3677
    7.5000  -30.0000  -15.000011088.7861   20.3508
   -7.5000  -22.5000  -15.000011901.9023   20.3734
    0.0000  -22.5000  -15.000012565.7568   20.4017
    7.5000  -22.5000  -15.000012125.2549   20.3845
   -7.5000  -15.0000  -15.000012759.4844   20.3967
    0.0000  -15.0000  -15.000013512.2988   20.4258
    7.5000  -15.0000  -15.000012974.2646   20.4047
   -7.5000   -7.5000  -15.000013535.9326   20.3830
    0.0000   -7.5000  -15.000014280.1943   20.4061
    7.5000   -7.5000  -15.000013712.7012   20.3818
   -7.5000    0.0000  -15.000014243.8242   20.3471
    0.0000    0.0000  -15.000014976.0664   20.3682
    7.5000    0.0000  -15.000014394.4160   20.3441
   -7.5000    7.5000  -15.000013903.1836   20.3312
    0.0000    7.5000  -15.000014634.7998   20.3538
    7.5000    7.5000  -15.000014086.4756   20.3332
   -7.5000   15.0000  -15.000013376.0273   20.3439
    0.0000   15.0000  -15.000014130.3643   20.3677
    7.5000   15.0000  -15.000013626.5410   20.3508
   -7.5000   22.5000  -15.000012747.8330   20.3662
    0.0000   22.5000  -15.000013454.4854   20.3945
    7.5000   22.5000  -15.000012994.1934   20.3773
   -7.5000   30.0000  -15.000012024.3555   20.1327
    0.0000   30.0000  -15.000012665.7246   20.1614
    7.5000   30.0000  -15.000012231.2246   20.1406
   -7.5000   37.5000  -15.000011654.5195   20.1192
    0.0000   37.5000  -15.000012286.4521   20.1420
    7.5000   37.5000  -15.000011840.3223   20.1181
   -7.5000   45.0000  -15.000010725.8223   19.6071
    0.0000   45.0000  -15.000011337.3945   19.6274
    7.5000   45.0000  -15.000010898.6904   19.6042
   -7.5000  -45.0000   -7.5000 9534.3330   20.6108
    0.0000  -45.0000   -7.500010059.0020   20.6271
    7.5000  -45.0000   -7.5000 9697.7012   20.5995
   -7.5000  -37.5000   -7.500010349.3018   20.5850
    0.0000  -37.5000   -7.500010932.2080   20.6077
    7.5000  -37.5000   -7.500010543.8545   20.5879
   -7.5000  -30.0000   -7.500011472.1445   20.5902
    0.0000  -30.0000   -7.500012127.8311   20.6176
    7.5000  -30.0000   -7.500011693.3076   20.6056
   -7.5000  -22.5000   -7.500012563.3135   20.6195
    0.0000  -22.5000   -7.500013252.0635   20.6482
    7.5000  -22.5000   -7.500012754.2422   20.6346
   -7.5000  -15.0000   -7.500013479.4307   20.6486
    0.0000  -15.0000   -7.500014243.5205   20.6730
    7.5000  -15.0000   -7.500013646.9189   20.6518
   -7.5000   -7.5000   -7.500014267.7607   20.6399
    0.0000   -7.5000   -7.500015012.3525   20.6569
    7.5000   -7.5000   -7.500014420.9893   20.6292
   -7.5000    0.0000   -7.500015012.1162   20.6056
    0.0000    0.0000   -7.500015726.0508   20.6220
    7.5000    0.0000   -7.500015160.3994   20.5944
   -7.5000    7.5000   -7.500014665.4277   20.5849
    0.0000    7.5000   -7.500015387.9131   20.6076
    7.5000    7.5000   -7.500014847.6904   20.5877
   -7.5000   15.0000   -7.500014109.8369   20.5902
    0.0000   15.0000   -7.500014875.3896   20.6176
    7.5000   15.0000   -7.500014341.2891   20.6056
   -7.5000   22.5000   -7.500013422.0020   20.6100
    0.0000   22.5000   -7.500014121.5791   20.6387
    7.5000   22.5000   -7.500013621.6426   20.6251
   -7.5000   30.0000   -7.500012622.3770   20.3808
    0.0000   30.0000   -7.500013290.2256   20.4050
    7.5000   30.0000   -7.500012827.6230   20.3839
   -7.5000   37.5000   -7.500012196.6982   20.3722
    0.0000   37.5000   -7.500012853.1465   20.3890
    7.5000   37.5000   -7.500012405.8018   20.3617
   -7.5000   45.0000   -7.500011261.7549   19.8599
    0.0000   45.0000   -7.500011880.6768   19.8757
    7.5000   45.0000   -7.500011418.6875   19.8491
   -7.5000  -45.0000    0.0000 9964.6025   20.6535
    0.0000  -45.0000    0.000010526.5547   20.6738
    7.5000  -45.0000    0.000010143.9502   20.6558
   -7.5000  -37.5000    0.000010822.8838   20.6310
    0.0000  -37.5000    0.000011443.1367   20.6599
    7.5000  -37.5000    0.000011016.1191   20.6543
   -7.5000  -30.0000    0.000011992.9893   20.6244
    0.0000  -30.0000    0.000012678.5293   20.6608
    7.5000  -30.0000    0.000012189.0850   20.6674
   -7.5000  -22.5000    0.000013118.5400   20.6396
    0.0000  -22.5000    0.000013813.1582   20.6769
    7.5000  -22.5000    0.000013256.2666   20.6812
   -7.5000  -15.0000    0.000014130.8428   20.6643
    0.0000  -15.0000    0.000014913.1777   20.6948
    7.5000  -15.0000    0.000014231.6865   20.6875
   -7.5000   -7.5000    0.000015006.5977   20.6663
    0.0000   -7.5000    0.000015790.5830   20.6877
    7.5000   -7.5000    0.000015187.5674   20.6701
   -7.5000    0.0000    0.000015719.9131   20.6483
    0.0000    0.0000    0.000016384.1172   20.6686
    7.5000    0.0000    0.000015832.6504   20.6506
   -7.5000    7.5000    0.000015308.2480   20.6309
    0.0000    7.5000    0.000015892.8330   20.6598
    7.5000    7.5000    0.000015368.8193   20.6542
   -7.5000   15.0000    0.000014715.9541   20.6244
    0.0000   15.0000    0.000015311.4658   20.6608
    7.5000   15.0000    0.000014820.4268   20.6674
   -7.5000   22.5000    0.000014003.0703   20.6301
    0.0000   22.5000    0.000014575.6484   20.6673
    7.5000   22.5000    0.000014104.1660   20.6717
   -7.5000   30.0000    0.000013147.7256   20.3968
    0.0000   30.0000    0.000013713.6309   20.4270
    7.5000   30.0000    0.000013272.6582   20.4198
   -7.5000   37.5000    0.000012682.7783   20.3988
    0.0000   37.5000    0.000013244.0391   20.4200
    7.5000   37.5000    0.000012758.7627   20.4026
   -7.5000   45.0000    0.000011706.2666   19.9025
    0.0000   45.0000    0.000012246.3037   19.9222
    7.5000   45.0000    0.000011764.8428   19.9048
   -7.5000  -45.0000    7.5000 9646.9873   20.6342
    0.0000  -45.0000    7.500010155.9053   20.6649
    7.5000  -45.0000    7.5000 9806.5527   20.6596
   -7.5000  -37.5000    7.500010476.7236   20.6226
    0.0000  -37.5000    7.500011041.7373   20.6587
    7.5000  -37.5000    7.500010633.3086   20.6656
   -7.5000  -30.0000    7.500011609.6992   20.6129
    0.0000  -30.0000    7.500012245.6533   20.6551
    7.5000  -30.0000    7.500011775.5420   20.6750
   -7.5000  -22.5000    7.500012682.2588   20.6127
    0.0000  -22.5000    7.500013317.7393   20.6587
    7.5000  -22.5000    7.500012783.9463   20.6777
   -7.5000  -15.0000    7.500013688.6533   20.6246
    0.0000  -15.0000    7.500014388.4492   20.6671
    7.5000  -15.0000    7.500013739.4932   20.6746
   -7.5000   -7.5000    7.500014613.9570   20.6312
    0.0000   -7.5000    7.500015351.6328   20.6646
    7.5000   -7.5000    7.500014736.6631   20.6609
   -7.5000    0.0000    7.500015307.9980   20.6289
    0.0000    0.0000    7.500015817.4697   20.6597
    7.5000    0.0000    7.500015298.8486   20.6544
   -7.5000    7.5000    7.500014882.3652   20.6225
    0.0000    7.5000    7.500015265.1338   20.6586
    7.5000    7.5000    7.500014848.8115   20.6655
   -7.5000   15.0000    7.500014328.2705   20.6129
    0.0000   15.0000    7.500014744.9844   20.6551
    7.5000   15.0000    7.500014362.3291   20.6750
   -7.5000   22.5000    7.500013642.1973   20.6032
    0.0000   22.5000    7.500014081.9834   20.6492
    7.5000   22.5000    7.500013680.8301   20.6681
   -7.5000   30.0000    7.500012792.7920   20.3577
    0.0000   30.0000    7.500013268.3926   20.3996
    7.5000   30.0000    7.500012800.7656   20.4071
   -7.5000   37.5000    7.500012314.3906   20.3642
    0.0000   37.5000    7.500012766.7090   20.3972
    7.5000   37.5000    7.500012222.9219   20.3936
   -7.5000   45.0000    7.500011350.0977   19.8839
    0.0000   45.0000    7.500011803.2969   19.9136
    7.5000   45.0000    7.500011260.1191   19.9085
   -7.5000  -45.0000   15.0000 9181.4355   20.6195
    0.0000  -45.0000   15.0000 9682.4600   20.6550
    7.5000  -45.0000   15.0000 9354.8486   20.6531
   -7.5000  -37.5000   15.0000 9991.8516   20.6140
    0.0000  -37.5000   15.000010545.4043   20.6498
    7.5000  -37.5000   15.000010174.8291   20.6556
   -7.5000  -30.0000   15.000011082.4951   20.6105
    0.0000  -30.0000   15.000011694.8115   20.6490
    7.5000  -30.0000   15.000011263.4463   20.6636
   -7.5000  -22.5000   15.000012128.3008   20.6072
    0.0000  -22.5000   15.000012723.3662   20.6539
    7.5000  -22.5000   15.000012227.9814   20.6692
   -7.5000  -15.0000   15.000013098.8271   20.6115
    0.0000  -15.0000   15.000013692.6992   20.6602
    7.5000  -15.0000   15.000013157.4580   20.6685
   -7.5000   -7.5000   15.000014022.9326   20.6151
    0.0000   -7.5000   15.000014588.2822   20.6554
    7.5000   -7.5000   15.000014023.6152   20.6554
   -7.5000    0.0000   15.000014802.5850   20.6143
    0.0000    0.0000   15.000015294.3311   20.6498
    7.5000    0.0000   15.000014657.9648   20.6479
   -7.5000    7.5000   15.000014499.5645   20.6139
    0.0000    7.5000   15.000014976.4014   20.6497
    7.5000    7.5000   15.000014341.1436   20.6555
   -7.5000   15.0000   15.000013927.5215   20.6105
    0.0000   15.0000   15.000014400.9082   20.6490
    7.5000   15.0000   15.000013800.8652   20.6636
   -7.5000   22.5000   15.000013215.5342   20.5977
    0.0000   22.5000   15.000013667.9111   20.6444
    7.5000   22.5000   15.000013090.7881   20.6597
   -7.5000   30.0000   15.000012356.9736   20.3447
    0.0000   30.0000   15.000012791.8818   20.3929
    7.5000   30.0000   15.000012230.3076   20.4010
   -7.5000   37.5000   15.000011845.6436   20.3484
    0.0000   37.5000   15.000012254.6348   20.3881
    7.5000   37.5000   15.000011698.0342   20.3880
   -7.5000   45.0000   15.000010914.8213   19.8698
    0.0000   45.0000   15.000011307.6484   19.9040
    7.5000   45.0000   15.000010784.9082   19.9022
   -7.5000  -45.0000   22.5000 8615.9590   20.6197
    0.0000  -45.0000   22.5000 9065.8555   20.6498
    7.5000  -45.0000   22.5000 8781.2510   20.6383
   -7.5000  -37.5000   22.5000 9402.7773   20.6081
    0.0000  -37.5000   22.5000 9906.1465   20.6367
    7.5000  -37.5000   22.5000 9572.5352   20.6288
   -7.5000  -30.0000   22.500010482.4053   20.6150
    0.0000  -30.0000   22.500011029.5967   20.6444
    7.5000  -30.0000   22.500010614.2422   20.6406
   -7.5000  -22.5000   22.500011487.0771   20.6278
    0.0000  -22.5000   22.500012039.3418   20.6657
    7.5000  -22.5000   22.500011580.0518   20.6625
   -7.5000  -15.0000   22.500012374.3848   20.6393
    0.0000  -15.0000   22.500013000.6670   20.6812
    7.5000  -15.0000   22.500012461.2256   20.6746
   -7.5000   -7.5000   22.500013251.0742   20.6332
    0.0000   -7.5000   22.500013834.9961   20.6679
    7.5000   -7.5000   22.500013230.9746   20.6570
   -7.5000    0.0000   22.500013988.5342   20.6145
    0.0000    0.0000   22.500014527.9990   20.6446
    7.5000    0.0000   22.500013876.1113   20.6331
   -7.5000    7.5000   22.500013695.0889   20.6080
    0.0000    7.5000   22.500014273.0752   20.6366
    7.5000    7.5000   22.500013631.9238   20.6287
   -7.5000   15.0000   22.500013186.8281   20.6150
    0.0000   15.0000   22.500013788.7520   20.6444
    7.5000   15.0000   22.500013151.8828   20.6406
   -7.5000   22.5000   22.500012508.6631   20.6183
    0.0000   22.5000   22.500013064.1553   20.6562
    7.5000   22.5000   22.500012465.1387   20.6530
   -7.5000   30.0000   22.500011675.8672   20.3722
    0.0000   30.0000   22.500012183.4023   20.4135
    7.5000   30.0000   22.500011616.6211   20.4070
   -7.5000   37.5000   22.500011195.3408   20.3662
    0.0000   37.5000   22.500011660.4326   20.4004
    7.5000   37.5000   22.500011110.8887   20.3897
   -7.5000   45.0000   22.500010295.6758   19.8700
    0.0000   45.0000   22.500010736.3516   19.8990
    7.5000   45.0000   22.500010231.6650   19.8880
   -7.5000  -45.0000   30.0000 7961.3472   20.6386
    0.0000  -45.0000   30.0000 8405.9590   20.6600
    7.5000  -45.0000   30.0000 8106.8911   20.6356
   -7.5000  -37.5000   30.0000 8710.1279   20.6175
    0.0000  -37.5000   30.0000 9191.3340   20.6404
    7.5000  -37.5000   30.0000 8860.8848   20.6195
   -7.5000  -30.0000   30.0000 9748.9424   20.6302
    0.0000  -30.0000   30.000010238.2881   20.6544
    7.5000  -30.0000   30.0000 9866.9434   20.6372
   -7.5000  -22.5000   30.000010713.7646   20.6602
    0.0000  -22.5000   30.000011232.8428   20.6888
    7.5000  -22.5000   30.000010818.1885   20.6714
   -7.5000  -15.0000   30.000011567.0029   20.6838
    0.0000  -15.0000   30.000012128.3516   20.7133
    7.5000  -15.0000   30.000011673.8428   20.6921
   -7.5000   -7.5000   30.000012362.5039   20.6700
    0.0000   -7.5000   30.000012890.0908   20.6934
    7.5000   -7.5000   30.000012400.0479   20.6688
   -7.5000    0.0000   30.000013037.4453   20.6335
    0.0000    0.0000   30.000013544.1924   20.6549
    7.5000    0.0000   30.000013032.2715   20.6305
   -7.5000    7.5000   30.000012729.5117   20.6174
    0.0000    7.5000   30.000013262.8330   20.6403
    7.5000    7.5000   30.000012758.2578   20.6194
   -7.5000   15.0000   30.000012246.1328   20.6302
    0.0000   15.0000   30.000012744.8975   20.6544
    7.5000   15.0000   30.000012272.0684   20.6372
   -7.5000   22.5000   30.000011628.3799   20.6507
    0.0000   22.5000   30.000012075.8203   20.6793
    7.5000   22.5000   30.000011639.4678   20.6619
   -7.5000   30.0000   30.000010908.6289   20.4161
    0.0000   30.0000   30.000011320.3877   20.4453
    7.5000   30.0000   30.000010886.5371   20.4243
   -7.5000   37.5000   30.000010502.7041   20.4024
    0.0000   37.5000   30.000010910.3066   20.4255
    7.5000   37.5000   30.000010472.9590   20.4013
   -7.5000   45.0000   30.0000 9660.7129   19.8883
    0.0000   45.0000   30.000010051.1357   19.9089
    7.5000   45.0000   30.0000 9615.5586   19.8854
   -7.5000  -45.0000   37.5000 7564.2822   20.7423
    0.0000  -45.0000   37.5000 7973.1421   20.7595
    7.5000  -45.0000   37.5000 7705.5210   20.7318
   -7.5000  -37.5000   37.5000 8277.8359   20.7162
    0.0000  -37.5000   37.5000 8728.2959   20.7397
    7.5000  -37.5000   37.5000 8424.4521   20.7198
   -7.5000  -30.0000   37.5000 9254.5811   20.7215
    0.0000  -30.0000   37.5000 9758.1221   20.7497
    7.5000  -30.0000   37.5000 9423.9268   20.7376
   -7.5000  -22.5000   37.500010204.9385   20.7513
    0.0000  -22.5000   37.500010721.1611   20.7808
    7.5000  -22.5000   37.500010363.5410   20.7671
   -7.5000  -15.0000   37.500011040.4238   20.7807
    0.0000  -15.0000   37.500011594.9688   20.8060
    7.5000  -15.0000   37.500011198.4141   20.7845
   -7.5000   -7.5000   37.500011810.7559   20.7719
    0.0000   -7.5000   37.500012379.4814   20.7897
    7.5000   -7.5000   37.500011915.3896   20.7618
   -7.5000    0.0000   37.500012469.4121   20.7371
    0.0000    0.0000   37.500013025.6904   20.7543
    7.5000    0.0000   37.500012531.3623   20.7266
   -7.5000    7.5000   37.500012173.4678   20.7161
    0.0000    7.5000   37.500012718.8369   20.7396
    7.5000    7.5000   37.500012245.6133   20.7197
   -7.5000   15.0000   37.500011730.2852   20.7215
    0.0000   15.0000   37.500012214.9551   20.7497
    7.5000   15.0000   37.500011752.5684   20.7376
   -7.5000   22.5000   37.500011169.6270   20.7418
    0.0000   22.5000   37.500011625.5713   20.7712
    7.5000   22.5000   37.500011171.8223   20.7575
   -7.5000   30.0000   37.500010499.1113   20.5118
    0.0000   30.0000   37.500010913.6045   20.5367
    7.5000   30.0000   37.500010475.7666   20.5155
   -7.5000   37.5000   37.500010084.3789   20.5030
    0.0000   37.5000   37.500010482.6465   20.5207
    7.5000   37.5000   37.500010074.2803   20.4931
   -7.5000   45.0000   37.5000 9257.6641   19.9881
    0.0000   45.0000   37.5000 9634.8838   20.0048
    7.5000   45.0000   37.5000 9243.0234   19.9780
   -7.5000  -45.0000   45.0000 6809.9854   20.9253
    0.0000  -45.0000   45.0000 7183.6797   20.9481
    7.5000  -45.0000   45.0000 6944.8975   20.9302
   -7.5000  -37.5000   45.0000 7464.3862   20.9040
    0.0000  -37.5000   45.0000 7846.9673   20.9347
    7.5000  -37.5000   45.0000 7589.3628   20.9291
   -7.5000  -30.0000   45.0000 8355.4814   20.8995
    0.0000  -30.0000   45.0000 8795.6348   20.9378
    7.5000  -30.0000   45.0000 8500.9980   20.9448
   -7.5000  -22.5000   45.0000 9212.1416   20.9157
    0.0000  -22.5000   45.0000 9701.1104   20.9553
    7.5000  -22.5000   45.0000 9387.3682   20.9607
   -7.5000  -15.0000   45.0000 9985.6416   20.9396
    0.0000  -15.0000   45.000010522.6094   20.9731
    7.5000  -15.0000   45.000010157.4238   20.9670
   -7.5000   -7.5000   45.000010704.5557   20.9394
    0.0000   -7.5000   45.000011264.8154   20.9638
    7.5000   -7.5000   45.000010852.4463   20.9468
   -7.5000    0.0000   45.000011322.9580   20.9199
    0.0000    0.0000   45.000011858.7275   20.9428
    7.5000    0.0000   45.000011431.5762   20.9248
   -7.5000    7.5000   45.000011070.7227   20.9039
    0.0000    7.5000   45.000011568.7070   20.9346
    7.5000    7.5000   45.000011165.2451   20.9289
   -7.5000   15.0000   45.000010671.5791   20.8995
    0.0000   15.0000   45.000011120.0332   20.9378
    7.5000   15.0000   45.000010715.8174   20.9448
   -7.5000   22.5000   45.000010175.5566   20.9060
    0.0000   22.5000   45.000010582.8652   20.9456
    7.5000   22.5000   45.000010190.9727   20.9510
   -7.5000   30.0000   45.0000 9577.6826   20.6668
    0.0000   30.0000   45.0000 9959.4844   20.6999
    7.5000   30.0000   45.0000 9585.2969   20.6938
   -7.5000   37.5000   45.0000 9210.2939   20.6666
    0.0000   37.5000   45.0000 9585.4814   20.6907
    7.5000   37.5000   45.0000 9234.3457   20.6739
   -7.5000   45.0000   45.0000 8457.0684   20.1735
    0.0000   45.0000   45.0000 8803.5801   20.1956
    7.5000   45.0000   45.0000 8473.9502   20.1783

---------------------------------------------------------------------
imgreg_4dfp /opt/freesurfer/average/711-2C_as_mni_average_305 /opt/freesurfer/average/711-2B_as_mni_average_305_mask talsrcimg_g11 none talsrcimg_to_711-2C_as_mni_average_305_t4 4355
---------------------------------------------------------------------

freesurfer imgreg_4dfp.c
/opt/freesurfer/average/711-2C_as_mni_average_305.4dfp.img
       256       256       256         1
  1.000000  1.000000  1.000000
orientation T byte_order littleendian
Reading image: /opt/freesurfer/average/711-2C_as_mni_average_305.4dfp.img
dimensions:      256       256       256
mmppix:       1.0000   -1.0000   -1.0000
center:     128.0000 -129.0000 -129.0000
/opt/freesurfer/average/711-2B_as_mni_average_305_mask.4dfp.img
       256       256       256         1
  1.000000  1.000000  1.000000
orientation T byte_order littleendian
Reading mask: /opt/freesurfer/average/711-2B_as_mni_average_305_mask.4dfp.img (2306576 pixels)
talsrcimg_g11.4dfp.img
       256       256       256         1
  1.000000  1.000000  1.000000
orientation T byte_order littleendian
Reading image: talsrcimg_g11.4dfp.img
dimensions:      256       256       256
mmppix:       1.0000   -1.0000   -1.0000
center:     128.0000 -129.0000 -129.0000
rotation matrix determinant  1.000000
image alignment mode   4355 decimal     1103 hex
   -7.5000  -45.0000  -45.0000 1869.6660   21.8098
    0.0000  -45.0000  -45.0000 1880.5867   21.5535
    7.5000  -45.0000  -45.0000 1862.3656   21.8684
   -7.5000  -37.5000  -45.0000 1976.7577   19.5195
    0.0000  -37.5000  -45.0000 1990.2596   19.2990
    7.5000  -37.5000  -45.0000 1969.9663   19.5464
   -7.5000  -30.0000  -45.0000 2072.3765   17.8281
    0.0000  -30.0000  -45.0000 2087.1882   17.6143
    7.5000  -30.0000  -45.0000 2068.8823   17.7852
   -7.5000  -22.5000  -45.0000 2149.1768   16.5480
    0.0000  -22.5000  -45.0000 2160.8704   16.3831
    7.5000  -22.5000  -45.0000 2150.3850   16.5441
   -7.5000  -15.0000  -45.0000 2201.3467   15.6487
    0.0000  -15.0000  -45.0000 2214.8774   15.4754
    7.5000  -15.0000  -45.0000 2206.6321   15.6010
   -7.5000   -7.5000  -45.0000 2228.3772   15.0572
    0.0000   -7.5000  -45.0000 2246.0933   14.8841
    7.5000   -7.5000  -45.0000 2234.7495   14.9732
   -7.5000    0.0000  -45.0000 2233.9658   14.8166
    0.0000    0.0000  -45.0000 2250.7693   14.6050
    7.5000    0.0000  -45.0000 2239.2485   14.7080
   -7.5000    7.5000  -45.0000 2230.9431   14.7959
    0.0000    7.5000  -45.0000 2250.7854   14.6116
    7.5000    7.5000  -45.0000 2230.1501   14.7257
   -7.5000   15.0000  -45.0000 2206.3032   15.1453
    0.0000   15.0000  -45.0000 2227.5347   14.9512
    7.5000   15.0000  -45.0000 2201.2546   15.0569
   -7.5000   22.5000  -45.0000 2152.7261   15.7853
    0.0000   22.5000  -45.0000 2174.6890   15.6019
    7.5000   22.5000  -45.0000 2149.1807   15.7168
   -7.5000   30.0000  -45.0000 2082.2864   16.7282
    0.0000   30.0000  -45.0000 2101.9365   16.5311
    7.5000   30.0000  -45.0000 2079.7104   16.6376
   -7.5000   37.5000  -45.0000 1993.6954   18.1105
    0.0000   37.5000  -45.0000 2012.5232   17.8403
    7.5000   37.5000  -45.0000 1992.8651   17.9646
   -7.5000   45.0000  -45.0000 1889.4274   20.0759
    0.0000   45.0000  -45.0000 1906.6353   19.7249
    7.5000   45.0000  -45.0000 1886.3693   19.8926
   -7.5000  -45.0000  -37.5000 1937.6658   20.3356
    0.0000  -45.0000  -37.5000 1954.6188   20.1404
    7.5000  -45.0000  -37.5000 1937.3633   20.4768
   -7.5000  -37.5000  -37.5000 2054.2842   18.1890
    0.0000  -37.5000  -37.5000 2076.4202   18.0031
    7.5000  -37.5000  -37.5000 2052.0786   18.2795
   -7.5000  -30.0000  -37.5000 2159.0625   16.5458
    0.0000  -30.0000  -37.5000 2180.2012   16.3839
    7.5000  -30.0000  -37.5000 2162.4182   16.5702
   -7.5000  -22.5000  -37.5000 2245.5352   15.2636
    0.0000  -22.5000  -37.5000 2266.1138   15.1439
    7.5000  -22.5000  -37.5000 2251.5188   15.2974
   -7.5000  -15.0000  -37.5000 2302.8804   14.4460
    0.0000  -15.0000  -37.5000 2322.4155   14.3163
    7.5000  -15.0000  -37.5000 2306.5093   14.4156
   -7.5000   -7.5000  -37.5000 2327.4912   13.9550
    0.0000   -7.5000  -37.5000 2348.3103   13.8456
    7.5000   -7.5000  -37.5000 2324.8003   13.9091
   -7.5000    0.0000  -37.5000 2337.7119   13.7304
    0.0000    0.0000  -37.5000 2358.2036   13.5984
    7.5000    0.0000  -37.5000 2333.9353   13.6689
   -7.5000    7.5000  -37.5000 2328.9851   13.7141
    0.0000    7.5000  -37.5000 2351.4929   13.5674
    7.5000    7.5000  -37.5000 2327.4651   13.6264
   -7.5000   15.0000  -37.5000 2305.4990   14.0105
    0.0000   15.0000  -37.5000 2325.3689   13.8611
    7.5000   15.0000  -37.5000 2299.1677   13.9447
   -7.5000   22.5000  -37.5000 2255.2346   14.5706
    0.0000   22.5000  -37.5000 2278.6182   14.4301
    7.5000   22.5000  -37.5000 2253.8291   14.5068
   -7.5000   30.0000  -37.5000 2179.4434   15.4250
    0.0000   30.0000  -37.5000 2203.4663   15.2505
    7.5000   30.0000  -37.5000 2184.6111   15.3446
   -7.5000   37.5000  -37.5000 2082.2507   16.6544
    0.0000   37.5000  -37.5000 2105.6682   16.4252
    7.5000   37.5000  -37.5000 2087.8928   16.5226
   -7.5000   45.0000  -37.5000 1968.3242   18.3615
    0.0000   45.0000  -37.5000 1990.5923   18.1425
    7.5000   45.0000  -37.5000 1973.0455   18.2178
   -7.5000  -45.0000  -30.0000 2038.0189   19.7086
    0.0000  -45.0000  -30.0000 2055.9460   19.6080
    7.5000  -45.0000  -30.0000 2038.4191   19.8855
   -7.5000  -37.5000  -30.0000 2164.5574   17.6206
    0.0000  -37.5000  -30.0000 2181.2195   17.5163
    7.5000  -37.5000  -30.0000 2165.2815   17.7527
   -7.5000  -30.0000  -30.0000 2269.7214   15.9741
    0.0000  -30.0000  -30.0000 2294.1882   15.8952
    7.5000  -30.0000  -30.0000 2279.8259   16.0543
   -7.5000  -22.5000  -30.0000 2363.5479   14.6826
    0.0000  -22.5000  -30.0000 2392.1672   14.5965
    7.5000  -22.5000  -30.0000 2374.2307   14.7128
   -7.5000  -15.0000  -30.0000 2429.8271   13.8575
    0.0000  -15.0000  -30.0000 2460.8381   13.7595
    7.5000  -15.0000  -30.0000 2438.8389   13.8317
   -7.5000   -7.5000  -30.0000 2466.2532   13.3980
    0.0000   -7.5000  -30.0000 2493.7395   13.2854
    7.5000   -7.5000  -30.0000 2466.0940   13.3569
   -7.5000    0.0000  -30.0000 2481.3484   13.1718
    0.0000    0.0000  -30.0000 2505.3376   13.0725
    7.5000    0.0000  -30.0000 2478.0278   13.0995
   -7.5000    7.5000  -30.0000 2477.2715   13.1994
    0.0000    7.5000  -30.0000 2503.7861   13.0782
    7.5000    7.5000  -30.0000 2478.1162   13.1057
   -7.5000   15.0000  -30.0000 2452.1362   13.4955
    0.0000   15.0000  -30.0000 2478.4944   13.3509
    7.5000   15.0000  -30.0000 2455.8801   13.4195
   -7.5000   22.5000  -30.0000 2396.0503   14.0485
    0.0000   22.5000  -30.0000 2428.7227   13.8904
    7.5000   22.5000  -30.0000 2406.2568   13.9424
   -7.5000   30.0000  -30.0000 2321.2693   14.8344
    0.0000   30.0000  -30.0000 2347.5696   14.6877
    7.5000   30.0000  -30.0000 2322.2959   14.7370
   -7.5000   37.5000  -30.0000 2212.3857   15.9275
    0.0000   37.5000  -30.0000 2242.3635   15.7333
    7.5000   37.5000  -30.0000 2220.3267   15.8050
   -7.5000   45.0000  -30.0000 2085.5088   17.5298
    0.0000   45.0000  -30.0000 2112.8684   17.3306
    7.5000   45.0000  -30.0000 2096.4368   17.3612
   -7.5000  -45.0000  -22.5000 2105.7017   19.1441
    0.0000  -45.0000  -22.5000 2126.2593   19.0188
    7.5000  -45.0000  -22.5000 2109.1265   19.2902
   -7.5000  -37.5000  -22.5000 2239.9946   17.0884
    0.0000  -37.5000  -22.5000 2261.9631   16.9363
    7.5000  -37.5000  -22.5000 2245.4102   17.1169
   -7.5000  -30.0000  -22.5000 2347.5164   15.4325
    0.0000  -30.0000  -22.5000 2371.4138   15.3035
    7.5000  -30.0000  -22.5000 2360.1692   15.4241
   -7.5000  -22.5000  -22.5000 2445.9778   14.1635
    0.0000  -22.5000  -22.5000 2474.5037   14.0717
    7.5000  -22.5000  -22.5000 2458.8420   14.1583
   -7.5000  -15.0000  -22.5000 2531.3167   13.2980
    0.0000  -15.0000  -22.5000 2559.6621   13.1833
    7.5000  -15.0000  -22.5000 2542.2080   13.2436
   -7.5000   -7.5000  -22.5000 2584.7114   12.7847
    0.0000   -7.5000  -22.5000 2614.1750   12.6687
    7.5000   -7.5000  -22.5000 2582.5667   12.7263
   -7.5000    0.0000  -22.5000 2605.6699   12.5699
    0.0000    0.0000  -22.5000 2632.9519   12.4312
    7.5000    0.0000  -22.5000 2603.3389   12.4665
   -7.5000    7.5000  -22.5000 2602.2058   12.6251
    0.0000    7.5000  -22.5000 2631.8354   12.4785
    7.5000    7.5000  -22.5000 2608.4712   12.5092
   -7.5000   15.0000  -22.5000 2573.2310   12.9311
    0.0000   15.0000  -22.5000 2609.6643   12.7744
    7.5000   15.0000  -22.5000 2588.1929   12.8078
   -7.5000   22.5000  -22.5000 2517.9524   13.4711
    0.0000   22.5000  -22.5000 2556.7661   13.3155
    7.5000   22.5000  -22.5000 2536.0396   13.3494
   -7.5000   30.0000  -22.5000 2433.0261   14.2364
    0.0000   30.0000  -22.5000 2465.3513   14.0653
    7.5000   30.0000  -22.5000 2443.4941   14.0982
   -7.5000   37.5000  -22.5000 2317.5457   15.2335
    0.0000   37.5000  -22.5000 2349.7427   15.0443
    7.5000   37.5000  -22.5000 2332.3958   15.0843
   -7.5000   45.0000  -22.5000 2184.4067   16.7116
    0.0000   45.0000  -22.5000 2211.7385   16.5232
    7.5000   45.0000  -22.5000 2202.8438   16.5727
   -7.5000  -45.0000  -15.0000 2139.8020   18.6777
    0.0000  -45.0000  -15.0000 2165.6262   18.5381
    7.5000  -45.0000  -15.0000 2149.4946   18.7268
   -7.5000  -37.5000  -15.0000 2277.0068   16.6080
    0.0000  -37.5000  -15.0000 2303.3044   16.4360
    7.5000  -37.5000  -15.0000 2285.3308   16.5531
   -7.5000  -30.0000  -15.0000 2394.4673   14.9516
    0.0000  -30.0000  -15.0000 2414.7969   14.7937
    7.5000  -30.0000  -15.0000 2402.7249   14.9003
   -7.5000  -22.5000  -15.0000 2501.1782   13.7397
    0.0000  -22.5000  -15.0000 2524.4395   13.5749
    7.5000  -22.5000  -15.0000 2509.7915   13.6709
   -7.5000  -15.0000  -15.0000 2592.6216   12.9007
    0.0000  -15.0000  -15.0000 2623.2878   12.7436
    7.5000  -15.0000  -15.0000 2598.5642   12.7897
   -7.5000   -7.5000  -15.0000 2657.4116   12.3249
    0.0000   -7.5000  -15.0000 2691.2065   12.1446
    7.5000   -7.5000  -15.0000 2659.3010   12.1877
   -7.5000    0.0000  -15.0000 2692.1116   12.0526
    0.0000    0.0000  -15.0000 2724.5034   11.8534
    7.5000    0.0000  -15.0000 2693.1599   11.8966
   -7.5000    7.5000  -15.0000 2698.1130   12.0798
    0.0000    7.5000  -15.0000 2737.4333   11.8888
    7.5000    7.5000  -15.0000 2711.1987   11.9188
   -7.5000   15.0000  -15.0000 2665.6199   12.3863
    0.0000   15.0000  -15.0000 2714.5291   12.2232
    7.5000   15.0000  -15.0000 2694.2275   12.2384
   -7.5000   22.5000  -15.0000 2610.6204   12.9107
    0.0000   22.5000  -15.0000 2652.0322   12.7555
    7.5000   22.5000  -15.0000 2635.1592   12.8029
   -7.5000   30.0000  -15.0000 2521.7344   13.6367
    0.0000   30.0000  -15.0000 2554.1580   13.4456
    7.5000   30.0000  -15.0000 2537.4866   13.5097
   -7.5000   37.5000  -15.0000 2401.6660   14.6152
    0.0000   37.5000  -15.0000 2432.0320   14.3830
    7.5000   37.5000  -15.0000 2415.5317   14.4133
   -7.5000   45.0000  -15.0000 2256.8540   16.0323
    0.0000   45.0000  -15.0000 2289.7468   15.8230
    7.5000   45.0000  -15.0000 2272.5488   15.8218
   -7.5000  -45.0000   -7.5000 2154.4175   18.3386
    0.0000  -45.0000   -7.5000 2184.5464   18.2060
    7.5000  -45.0000   -7.5000 2167.1948   18.3652
   -7.5000  -37.5000   -7.5000 2289.5115   16.2135
    0.0000  -37.5000   -7.5000 2317.9082   16.0459
    7.5000  -37.5000   -7.5000 2301.2197   16.1590
   -7.5000  -30.0000   -7.5000 2409.4243   14.5817
    0.0000  -30.0000   -7.5000 2437.6147   14.3996
    7.5000  -30.0000   -7.5000 2423.5327   14.4993
   -7.5000  -22.5000   -7.5000 2531.6331   13.4037
    0.0000  -22.5000   -7.5000 2556.2761   13.1962
    7.5000  -22.5000   -7.5000 2538.0903   13.2585
   -7.5000  -15.0000   -7.5000 2632.2437   12.5730
    0.0000  -15.0000   -7.5000 2660.4097   12.3463
    7.5000  -15.0000   -7.5000 2635.8496   12.3791
   -7.5000   -7.5000   -7.5000 2706.3647   11.9696
    0.0000   -7.5000   -7.5000 2746.1709   11.7350
    7.5000   -7.5000   -7.5000 2717.9800   11.7723
   -7.5000    0.0000   -7.5000 2760.1123   11.6139
    0.0000    0.0000   -7.5000 2803.9365   11.3500
    7.5000    0.0000   -7.5000 2771.7327   11.4214
   -7.5000    7.5000   -7.5000 2775.9763   11.6091
    0.0000    7.5000   -7.5000 2819.8552   11.3914
    7.5000    7.5000   -7.5000 2795.8479   11.4282
   -7.5000   15.0000   -7.5000 2745.9663   11.8947
    0.0000   15.0000   -7.5000 2800.0913   11.7003
    7.5000   15.0000   -7.5000 2783.9624   11.7457
   -7.5000   22.5000   -7.5000 2686.3179   12.3885
    0.0000   22.5000   -7.5000 2729.1135   12.1910
    7.5000   22.5000   -7.5000 2717.4871   12.2575
   -7.5000   30.0000   -7.5000 2584.3589   13.1019
    0.0000   30.0000   -7.5000 2622.0562   12.8993
    7.5000   30.0000   -7.5000 2610.2144   12.9631
   -7.5000   37.5000   -7.5000 2456.0884   14.0719
    0.0000   37.5000   -7.5000 2490.0249   13.8032
    7.5000   37.5000   -7.5000 2471.3120   13.8663
   -7.5000   45.0000   -7.5000 2311.0391   15.4503
    0.0000   45.0000   -7.5000 2341.4446   15.1998
    7.5000   45.0000   -7.5000 2321.4353   15.2490
   -7.5000  -45.0000    0.0000 2147.4375   18.2376
    0.0000  -45.0000    0.0000 2176.9814   18.0812
    7.5000  -45.0000    0.0000 2160.7456   18.1918
   -7.5000  -37.5000    0.0000 2283.5146   16.0684
    0.0000  -37.5000    0.0000 2313.2563   15.8905
    7.5000  -37.5000    0.0000 2296.9614   16.0051
   -7.5000  -30.0000    0.0000 2406.2568   14.4158
    0.0000  -30.0000    0.0000 2436.2944   14.2069
    7.5000  -30.0000    0.0000 2422.4343   14.2775
   -7.5000  -22.5000    0.0000 2531.4861   13.2115
    0.0000  -22.5000    0.0000 2563.3215   12.9676
    7.5000  -22.5000    0.0000 2543.3694   13.0132
   -7.5000  -15.0000    0.0000 2642.0632   12.3515
    0.0000  -15.0000    0.0000 2678.3298   12.0629
    7.5000  -15.0000    0.0000 2651.1382   12.0982
   -7.5000   -7.5000    0.0000 2732.8782   11.7505
    0.0000   -7.5000    0.0000 2785.5615   11.4936
    7.5000   -7.5000    0.0000 2753.8154   11.5261
   -7.5000    0.0000    0.0000 2798.3616   11.3435
    0.0000    0.0000    0.0000 2855.3560   11.0160
    7.5000    0.0000    0.0000 2823.6567   11.1317
   -7.5000    7.5000    0.0000 2823.2349   11.2801
    0.0000    7.5000    0.0000 2876.2632   10.9886
    7.5000    7.5000    0.0000 2855.3362   11.1005
   -7.5000   15.0000    0.0000 2789.7485   11.5597
    0.0000   15.0000    0.0000 2843.7825   11.2567
    7.5000   15.0000    0.0000 2832.4053   11.3604
   -7.5000   22.5000    0.0000 2727.4763   12.0620
    0.0000   22.5000    0.0000 2771.8008   11.7821
    7.5000   22.5000    0.0000 2761.6113   11.8894
   -7.5000   30.0000    0.0000 2620.9648   12.7356
    0.0000   30.0000    0.0000 2657.7488   12.4601
    7.5000   30.0000    0.0000 2648.9583   12.5985
   -7.5000   37.5000    0.0000 2487.1453   13.6649
    0.0000   37.5000    0.0000 2517.3850   13.3977
    7.5000   37.5000    0.0000 2502.2305   13.5169
   -7.5000   45.0000    0.0000 2333.4180   14.9890
    0.0000   45.0000    0.0000 2364.5735   14.7548
    7.5000   45.0000    0.0000 2352.8906   14.8513
   -7.5000  -45.0000    7.5000 2129.2280   18.4246
    0.0000  -45.0000    7.5000 2155.0947   18.1239
    7.5000  -45.0000    7.5000 2153.4941   18.2723
   -7.5000  -37.5000    7.5000 2261.0408   16.1997
    0.0000  -37.5000    7.5000 2288.6880   15.8837
    7.5000  -37.5000    7.5000 2282.1326   15.9792
   -7.5000  -30.0000    7.5000 2388.2522   14.5052
    0.0000  -30.0000    7.5000 2418.3889   14.1835
    7.5000  -30.0000    7.5000 2410.9863   14.2229
   -7.5000  -22.5000    7.5000 2515.8269   13.2293
    0.0000  -22.5000    7.5000 2553.2468   12.9027
    7.5000  -22.5000    7.5000 2537.0571   12.9470
   -7.5000  -15.0000    7.5000 2631.8035   12.3278
    0.0000  -15.0000    7.5000 2675.1379   11.9622
    7.5000  -15.0000    7.5000 2653.1660   12.0217
   -7.5000   -7.5000    7.5000 2735.1548   11.7296
    0.0000   -7.5000    7.5000 2787.2246   11.4063
    7.5000   -7.5000    7.5000 2762.2800   11.4426
   -7.5000    0.0000    7.5000 2805.6306   11.3144
    0.0000    0.0000    7.5000 2870.3625   10.9363
    7.5000    0.0000    7.5000 2846.1477   11.0436
   -7.5000    7.5000    7.5000 2836.2048   11.2464
    0.0000    7.5000    7.5000 2894.0532   10.8095
    7.5000    7.5000    7.5000 2877.0308   10.9663
   -7.5000   15.0000    7.5000 2805.1289   11.5088
    0.0000   15.0000    7.5000 2857.1533   11.1217
    7.5000   15.0000    7.5000 2844.1255   11.2772
   -7.5000   22.5000    7.5000 2737.0474   11.9597
    0.0000   22.5000    7.5000 2777.6235   11.6556
    7.5000   22.5000    7.5000 2769.2358   11.7781
   -7.5000   30.0000    7.5000 2629.3379   12.6423
    0.0000   30.0000    7.5000 2665.9600   12.3851
    7.5000   30.0000    7.5000 2656.1746   12.4877
   -7.5000   37.5000    7.5000 2493.3696   13.6071
    0.0000   37.5000    7.5000 2518.9802   13.3500
    7.5000   37.5000    7.5000 2508.8215   13.4286
   -7.5000   45.0000    7.5000 2337.9563   14.8769
    0.0000   45.0000    7.5000 2367.3650   14.6413
    7.5000   45.0000    7.5000 2359.8037   14.7065
   -7.5000  -45.0000   15.0000 2095.7034   18.9289
    0.0000  -45.0000   15.0000 2126.6731   18.5817
    7.5000  -45.0000   15.0000 2123.4094   18.7019
   -7.5000  -37.5000   15.0000 2229.8438   16.5841
    0.0000  -37.5000   15.0000 2259.8083   16.2186
    7.5000  -37.5000   15.0000 2255.6721   16.2621
   -7.5000  -30.0000   15.0000 2355.9971   14.7855
    0.0000  -30.0000   15.0000 2388.8567   14.4140
    7.5000  -30.0000   15.0000 2385.0457   14.4549
   -7.5000  -22.5000   15.0000 2481.7239   13.4441
    0.0000  -22.5000   15.0000 2518.9375   13.0673
    7.5000  -22.5000   15.0000 2508.4509   13.1176
   -7.5000  -15.0000   15.0000 2594.2383   12.5392
    0.0000  -15.0000   15.0000 2639.9651   12.1178
    7.5000  -15.0000   15.0000 2626.4905   12.1770
   -7.5000   -7.5000   15.0000 2699.5762   11.9357
    0.0000   -7.5000   15.0000 2750.5273   11.5212
    7.5000   -7.5000   15.0000 2738.4937   11.5803
   -7.5000    0.0000   15.0000 2770.0120   11.6018
    0.0000    0.0000   15.0000 2831.7959   11.1525
    7.5000    0.0000   15.0000 2813.2646   11.2042
   -7.5000    7.5000   15.0000 2802.6248   11.5605
    0.0000    7.5000   15.0000 2860.8308   11.1747
    7.5000    7.5000   15.0000 2845.6079   11.1808
   -7.5000   15.0000   15.0000 2775.9082   11.6880
    0.0000   15.0000   15.0000 2831.0876   11.3783
    7.5000   15.0000   15.0000 2817.8452   11.4114
   -7.5000   22.5000   15.0000 2705.2834   12.0912
    0.0000   22.5000   15.0000 2750.3281   11.8245
    7.5000   22.5000   15.0000 2743.6707   11.8653
   -7.5000   30.0000   15.0000 2601.5347   12.7976
    0.0000   30.0000   15.0000 2639.3977   12.5427
    7.5000   30.0000   15.0000 2631.9075   12.5759
   -7.5000   37.5000   15.0000 2468.2095   13.7637
    0.0000   37.5000   15.0000 2497.7302   13.5347
    7.5000   37.5000   15.0000 2489.8618   13.5529
   -7.5000   45.0000   15.0000 2323.3137   15.0512
    0.0000   45.0000   15.0000 2348.7500   14.8187
    7.5000   45.0000   15.0000 2341.7554   14.8611
   -7.5000  -45.0000   22.5000 2056.3794   19.6646
    0.0000  -45.0000   22.5000 2085.7385   19.2205
    7.5000  -45.0000   22.5000 2086.1675   19.3363
   -7.5000  -37.5000   22.5000 2188.9553   17.2069
    0.0000  -37.5000   22.5000 2220.0376   16.7640
    7.5000  -37.5000   22.5000 2221.7112   16.8264
   -7.5000  -30.0000   22.5000 2318.8877   15.3465
    0.0000  -30.0000   22.5000 2351.0139   14.9332
    7.5000  -30.0000   22.5000 2349.5779   14.9532
   -7.5000  -22.5000   22.5000 2439.4429   13.9795
    0.0000  -22.5000   22.5000 2474.7480   13.5833
    7.5000  -22.5000   22.5000 2471.2637   13.6200
   -7.5000  -15.0000   22.5000 2544.2324   13.0536
    0.0000  -15.0000   22.5000 2588.5146   12.6757
    7.5000  -15.0000   22.5000 2578.2439   12.6768
   -7.5000   -7.5000   22.5000 2639.1304   12.4025
    0.0000   -7.5000   22.5000 2690.2954   12.0544
    7.5000   -7.5000   22.5000 2679.2412   12.0583
   -7.5000    0.0000   22.5000 2703.2271   12.0701
    0.0000    0.0000   22.5000 2761.3457   11.6490
    7.5000    0.0000   22.5000 2750.0710   11.6305
   -7.5000    7.5000   22.5000 2730.5078   12.0208
    0.0000    7.5000   22.5000 2785.6406   11.6710
    7.5000    7.5000   22.5000 2774.8103   11.6710
   -7.5000   15.0000   22.5000 2704.9148   12.1967
    0.0000   15.0000   22.5000 2753.3081   11.9284
    7.5000   15.0000   22.5000 2745.1719   11.9160
   -7.5000   22.5000   22.5000 2640.6426   12.6208
    0.0000   22.5000   22.5000 2678.1663   12.3749
    7.5000   22.5000   22.5000 2674.5291   12.3700
   -7.5000   30.0000   22.5000 2545.1548   13.2458
    0.0000   30.0000   22.5000 2580.2869   13.0163
    7.5000   30.0000   22.5000 2576.6033   12.9911
   -7.5000   37.5000   22.5000 2422.1162   14.1492
    0.0000   37.5000   22.5000 2455.6252   13.8880
    7.5000   37.5000   22.5000 2449.0347   13.8827
   -7.5000   45.0000   22.5000 2288.0083   15.3439
    0.0000   45.0000   22.5000 2320.7454   15.0865
    7.5000   45.0000   22.5000 2312.9644   15.1046
   -7.5000  -45.0000   30.0000 2004.1002   20.7727
    0.0000  -45.0000   30.0000 2029.4587   20.2962
    7.5000  -45.0000   30.0000 2033.1815   20.3311
   -7.5000  -37.5000   30.0000 2137.1604   18.1075
    0.0000  -37.5000   30.0000 2167.1560   17.6980
    7.5000  -37.5000   30.0000 2169.7183   17.7325
   -7.5000  -30.0000   30.0000 2265.3938   16.1896
    0.0000  -30.0000   30.0000 2300.8340   15.7701
    7.5000  -30.0000   30.0000 2301.7444   15.7869
   -7.5000  -22.5000   30.0000 2374.2058   14.8192
    0.0000  -22.5000   30.0000 2418.9150   14.3967
    7.5000  -22.5000   30.0000 2420.2405   14.4381
   -7.5000  -15.0000   30.0000 2473.4875   13.8014
    0.0000  -15.0000   30.0000 2525.3447   13.4101
    7.5000  -15.0000   30.0000 2522.9561   13.4558
   -7.5000   -7.5000   30.0000 2564.9597   13.0874
    0.0000   -7.5000   30.0000 2620.1387   12.7137
    7.5000   -7.5000   30.0000 2615.8699   12.7233
   -7.5000    0.0000   30.0000 2625.0039   12.6963
    0.0000    0.0000   30.0000 2674.7473   12.3134
    7.5000    0.0000   30.0000 2669.1926   12.3453
   -7.5000    7.5000   30.0000 2643.1582   12.6186
    0.0000    7.5000   30.0000 2688.4077   12.3155
    7.5000    7.5000   30.0000 2687.0222   12.3486
   -7.5000   15.0000   30.0000 2615.0527   12.8438
    0.0000   15.0000   30.0000 2656.5732   12.5488
    7.5000   15.0000   30.0000 2654.4888   12.5828
   -7.5000   22.5000   30.0000 2554.7114   13.2817
    0.0000   22.5000   30.0000 2586.8445   12.9721
    7.5000   22.5000   30.0000 2588.7290   13.0215
   -7.5000   30.0000   30.0000 2466.7744   13.9149
    0.0000   30.0000   30.0000 2494.9575   13.6339
    7.5000   30.0000   30.0000 2496.0281   13.6388
   -7.5000   37.5000   30.0000 2360.8054   14.7807
    0.0000   37.5000   30.0000 2392.2144   14.5316
    7.5000   37.5000   30.0000 2393.7615   14.4937
   -7.5000   45.0000   30.0000 2238.5793   15.9095
    0.0000   45.0000   30.0000 2270.3818   15.6319
    7.5000   45.0000   30.0000 2264.5627   15.6257
   -7.5000  -45.0000   37.5000 1941.2632   22.2809
    0.0000  -45.0000   37.5000 1966.8510   21.7945
    7.5000  -45.0000   37.5000 1973.5421   21.8804
   -7.5000  -37.5000   37.5000 2074.1152   19.4125
    0.0000  -37.5000   37.5000 2103.3984   18.9909
    7.5000  -37.5000   37.5000 2107.1753   19.0259
   -7.5000  -30.0000   37.5000 2187.5903   17.3561
    0.0000  -30.0000   37.5000 2231.3005   16.9414
    7.5000  -30.0000   37.5000 2235.7849   16.9750
   -7.5000  -22.5000   37.5000 2301.5137   15.8370
    0.0000  -22.5000   37.5000 2351.7295   15.4443
    7.5000  -22.5000   37.5000 2357.1450   15.5149
   -7.5000  -15.0000   37.5000 2400.8477   14.7562
    0.0000  -15.0000   37.5000 2453.6470   14.4043
    7.5000  -15.0000   37.5000 2458.0833   14.4500
   -7.5000   -7.5000   37.5000 2481.1106   14.0196
    0.0000   -7.5000   37.5000 2537.6572   13.6605
    7.5000   -7.5000   37.5000 2540.1172   13.6909
   -7.5000    0.0000   37.5000 2531.6396   13.5932
    0.0000    0.0000   37.5000 2581.3105   13.2480
    7.5000    0.0000   37.5000 2580.1912   13.2883
   -7.5000    7.5000   37.5000 2543.3892   13.5185
    0.0000    7.5000   37.5000 2586.3120   13.2184
    7.5000    7.5000   37.5000 2588.6331   13.2390
   -7.5000   15.0000   37.5000 2519.6082   13.7235
    0.0000   15.0000   37.5000 2553.7434   13.4186
    7.5000   15.0000   37.5000 2551.1624   13.4826
   -7.5000   22.5000   37.5000 2465.3325   14.1616
    0.0000   22.5000   37.5000 2494.1206   13.8690
    7.5000   22.5000   37.5000 2491.8711   13.9103
   -7.5000   30.0000   37.5000 2386.6543   14.7770
    0.0000   30.0000   37.5000 2412.1018   14.5045
    7.5000   30.0000   37.5000 2407.3538   14.5044
   -7.5000   37.5000   37.5000 2288.5889   15.6329
    0.0000   37.5000   37.5000 2316.4976   15.3702
    7.5000   37.5000   37.5000 2316.2979   15.3243
   -7.5000   45.0000   37.5000 2170.4036   16.7284
    0.0000   45.0000   37.5000 2199.8420   16.4507
    7.5000   45.0000   37.5000 2195.8892   16.4209
   -7.5000  -45.0000   45.0000 1869.9766   24.2209
    0.0000  -45.0000   45.0000 1897.3505   23.6838
    7.5000  -45.0000   45.0000 1903.2147   23.7222
   -7.5000  -37.5000   45.0000 1998.0875   21.1039
    0.0000  -37.5000   45.0000 2030.4290   20.6292
    7.5000  -37.5000   45.0000 2032.5050   20.6863
   -7.5000  -30.0000   45.0000 2110.3833   18.8172
    0.0000  -30.0000   45.0000 2155.5127   18.3977
    7.5000  -30.0000   45.0000 2158.2468   18.4433
   -7.5000  -22.5000   45.0000 2218.7061   17.1229
    0.0000  -22.5000   45.0000 2271.0383   16.7799
    7.5000  -22.5000   45.0000 2276.5271   16.8687
   -7.5000  -15.0000   45.0000 2312.3572   15.9928
    0.0000  -15.0000   45.0000 2366.0225   15.6944
    7.5000  -15.0000   45.0000 2369.2527   15.7251
   -7.5000   -7.5000   45.0000 2385.4795   15.2327
    0.0000   -7.5000   45.0000 2444.1465   14.9083
    7.5000   -7.5000   45.0000 2443.2354   14.9561
   -7.5000    0.0000   45.0000 2430.1177   14.7766
    0.0000    0.0000   45.0000 2477.4919   14.4518
    7.5000    0.0000   45.0000 2476.1458   14.5057
   -7.5000    7.5000   45.0000 2437.3416   14.6825
    0.0000    7.5000   45.0000 2478.8718   14.3577
    7.5000    7.5000   45.0000 2481.0522   14.4120
   -7.5000   15.0000   45.0000 2417.8884   14.8518
    0.0000   15.0000   45.0000 2448.3291   14.5307
    7.5000   15.0000   45.0000 2445.1021   14.6067
   -7.5000   22.5000   45.0000 2367.4375   15.2717
    0.0000   22.5000   45.0000 2389.5979   14.9579
    7.5000   22.5000   45.0000 2386.9705   15.0071
   -7.5000   30.0000   45.0000 2293.5176   15.8714
    0.0000   30.0000   45.0000 2318.6086   15.5860
    7.5000   30.0000   45.0000 2313.7646   15.6066
   -7.5000   37.5000   45.0000 2206.5159   16.7045
    0.0000   37.5000   45.0000 2232.6526   16.4297
    7.5000   37.5000   45.0000 2232.3098   16.4140
   -7.5000   45.0000   45.0000 2093.0620   17.8158
    0.0000   45.0000   45.0000 2115.7263   17.5390
    7.5000   45.0000   45.0000 2114.8486   17.5173

---------------------------------------------------------------------
imgreg_4dfp /opt/freesurfer/average/711-2C_as_mni_average_305 /opt/freesurfer/average/711-2B_as_mni_average_305_mask talsrcimg_g11 none talsrcimg_to_711-2C_as_mni_average_305_t4 1283
---------------------------------------------------------------------

freesurfer imgreg_4dfp.c
/opt/freesurfer/average/711-2C_as_mni_average_305.4dfp.img
       256       256       256         1
  1.000000  1.000000  1.000000
orientation T byte_order littleendian
Reading image: /opt/freesurfer/average/711-2C_as_mni_average_305.4dfp.img
dimensions:      256       256       256
mmppix:       1.0000   -1.0000   -1.0000
center:     128.0000 -129.0000 -129.0000
/opt/freesurfer/average/711-2B_as_mni_average_305_mask.4dfp.img
       256       256       256         1
  1.000000  1.000000  1.000000
orientation T byte_order littleendian
Reading mask: /opt/freesurfer/average/711-2B_as_mni_average_305_mask.4dfp.img (2306576 pixels)
talsrcimg_g11.4dfp.img
       256       256       256         1
  1.000000  1.000000  1.000000
orientation T byte_order littleendian
Reading image: talsrcimg_g11.4dfp.img
dimensions:      256       256       256
mmppix:       1.0000   -1.0000   -1.0000
center:     128.0000 -129.0000 -129.0000
rotation matrix determinant  1.000000
fimgreg.f
image alignment mode   1283 decimal      503 hex
parameters
    0.0000    7.5000    7.5000    0.0000    0.0000    0.0000
eta,q 0.90960 10.78500
niter,ni,del,rscale     5    3   12.0000    1.2000
parameter  3  0.509331 ->  0.500000 qaram    1.1500
parameter  4  3.917210 ->  0.500000 qaram    1.1500
parameter  6 -1.038229 -> -0.500000 qaram    1.1500
parameters
    2.1954    6.2515    4.0500   -3.4500   -2.6491    3.4500
eta,q 0.91968 10.61036
  0.1042  0.0966  0.0899  0.0819  0.0847  0.0925
  0.0982  0.0927  0.0885  0.0834  0.0835  0.0889
  0.0939  0.0905  0.0888  0.0856  0.0831  0.0858
  0.0913  0.0912  0.0904  0.0887  0.0839  0.0831
  0.0915  0.0945  0.0910  0.0923  0.0858  0.0812
  0.0922  0.0980  0.0926  0.0952  0.0877  0.0801
  0.0931  0.1019  0.0959  0.0978  0.0898  0.0800
niter,ni,del,rscale     7    3   12.0000    1.2000
parameter  4  1.166850 ->  0.500000 qaram    1.3225
parameters
    3.0744    6.9878    4.5465   -7.4175   -3.1994    6.0400
eta,q 0.92431 10.63570
  0.0941  0.0916  0.0911  0.0750  0.0802  0.0847
  0.0876  0.0856  0.0844  0.0760  0.0782  0.0818
  0.0831  0.0814  0.0811  0.0778  0.0767  0.0786
  0.0803  0.0797  0.0795  0.0794  0.0765  0.0764
  0.0797  0.0797  0.0806  0.0826  0.0776  0.0757
  0.0825  0.0820  0.0836  0.0872  0.0793  0.0762
  0.0885  0.0871  0.0875  0.0913  0.0816  0.0781
niter,ni,del,rscale     7    3   12.0000    1.2000
parameter  4  0.600216 ->  0.500000 qaram    1.5209
parameters
    3.0417    8.6901    4.0787  -11.9801   -2.8094    4.7415
eta,q 0.92753 10.58383
  0.0876  0.0881  0.0822  0.0730  0.0795  0.0767
  0.0816  0.0836  0.0768  0.0730  0.0765  0.0741
  0.0770  0.0795  0.0741  0.0729  0.0737  0.0725
  0.0757  0.0757  0.0746  0.0743  0.0728  0.0729
  0.0772  0.0746  0.0763  0.0769  0.0737  0.0746
  0.0807  0.0758  0.0789  0.0818  0.0757  0.0773
  0.0885  0.0803  0.0836  0.0866  0.0778  0.0808
niter,ni,del,rscale     7    3   12.0000    1.2000
parameter  4  0.508281 ->  0.500000 qaram    1.7490
parameters
    2.8198    9.3563    3.3172  -17.2272   -3.4573    4.5745
eta,q 0.92994 10.62686
  0.0837  0.0828  0.0787  0.0709  0.0760  0.0759
  0.0786  0.0777  0.0733  0.0702  0.0726  0.0741
  0.0747  0.0743  0.0709  0.0707  0.0704  0.0718
  0.0725  0.0726  0.0725  0.0718  0.0703  0.0700
  0.0735  0.0732  0.0739  0.0730  0.0725  0.0710
  0.0785  0.0749  0.0762  0.0760  0.0754  0.0739
  0.0870  0.0793  0.0813  0.0820  0.0777  0.0772
niter,ni,del,rscale     7    3   12.0000    1.2000
parameters
    2.6903   11.5189    2.3668  -18.0582   -2.8505    4.7129
eta,q 0.93377 10.59185
  0.0846  0.0826  0.0752  0.0752  0.0732  0.0741
  0.0782  0.0782  0.0695  0.0726  0.0702  0.0710
  0.0732  0.0745  0.0662  0.0675  0.0678  0.0676
  0.0701  0.0702  0.0677  0.0667  0.0663  0.0662
  0.0718  0.0678  0.0700  0.0699  0.0668  0.0675
  0.0785  0.0693  0.0732  0.0737  0.0687  0.0701
  0.0870  0.0734  0.0807  0.0784  0.0710  0.0739
niter,ni,del,rscale     6    3   12.0000    1.2000
parameters
    2.4879   11.4510    2.4712  -18.1105   -2.7337    4.7073
eta,q 0.93372 10.59018
  0.0805  0.0776  0.0793  0.0762  0.0726  0.0739
  0.0732  0.0734  0.0722  0.0738  0.0698  0.0710
  0.0680  0.0685  0.0669  0.0685  0.0675  0.0676
  0.0662  0.0662  0.0662  0.0663  0.0663  0.0663
  0.0687  0.0682  0.0692  0.0694  0.0674  0.0677
  0.0743  0.0731  0.0715  0.0729  0.0695  0.0704
  0.0828  0.0787  0.0779  0.0768  0.0721  0.0744
niter,ni,del,rscale     5    3   12.0000    1.2000
parameters
    2.4571   11.4574    2.4755  -18.1175   -2.7079    4.7005
eta,q 0.93372 10.58968
  0.0815  0.0779  0.0789  0.0763  0.0725  0.0739
  0.0738  0.0738  0.0720  0.0740  0.0697  0.0710
  0.0685  0.0688  0.0667  0.0686  0.0674  0.0676
  0.0663  0.0663  0.0663  0.0663  0.0663  0.0663
  0.0684  0.0682  0.0693  0.0693  0.0675  0.0677
  0.0737  0.0730  0.0717  0.0729  0.0697  0.0704
  0.0821  0.0785  0.0782  0.0768  0.0723  0.0744
registration optimization eta report
parameter search radius
    6.0000    6.0000    6.9000   10.4940    6.0000    6.9000
100000*second partial in parameter space
       42.       31.       25.        8.       16.       16.
  0.0815  0.0779  0.0789  0.0763  0.0725  0.0739
  0.0738  0.0738  0.0720  0.0740  0.0697  0.0710
  0.0685  0.0688  0.0667  0.0686  0.0674  0.0676
  0.0663  0.0663  0.0663  0.0663  0.0663  0.0663
  0.0684  0.0682  0.0693  0.0693  0.0675  0.0677
  0.0737  0.0730  0.0717  0.0729  0.0697  0.0704
  0.0821  0.0785  0.0782  0.0768  0.0723  0.0744
    2.4571   11.4574    2.4755  -18.1175   -2.7079    4.7005
eta,q 0.93372 10.58968

---------------------------------------------------------------------
imgreg_4dfp /opt/freesurfer/average/711-2C_as_mni_average_305 /opt/freesurfer/average/711-2B_as_mni_average_305_mask talsrcimg_g11 none talsrcimg_to_711-2C_as_mni_average_305_t4 3335
---------------------------------------------------------------------

freesurfer imgreg_4dfp.c
/opt/freesurfer/average/711-2C_as_mni_average_305.4dfp.img
       256       256       256         1
  1.000000  1.000000  1.000000
orientation T byte_order littleendian
Reading image: /opt/freesurfer/average/711-2C_as_mni_average_305.4dfp.img
dimensions:      256       256       256
mmppix:       1.0000   -1.0000   -1.0000
center:     128.0000 -129.0000 -129.0000
/opt/freesurfer/average/711-2B_as_mni_average_305_mask.4dfp.img
       256       256       256         1
  1.000000  1.000000  1.000000
orientation T byte_order littleendian
Reading mask: /opt/freesurfer/average/711-2B_as_mni_average_305_mask.4dfp.img (2306576 pixels)
talsrcimg_g11.4dfp.img
       256       256       256         1
  1.000000  1.000000  1.000000
orientation T byte_order littleendian
Reading image: talsrcimg_g11.4dfp.img
dimensions:      256       256       256
mmppix:       1.0000   -1.0000   -1.0000
center:     128.0000 -129.0000 -129.0000
fimgreg.f
image alignment mode   3335 decimal      D07 hex
parameters
    2.4571   11.4574    2.4755   -0.4476   -5.3980   -5.0640
   -9.2526    1.9267    8.1856   31.3600   -4.7243  -31.0619
eta,q 0.93363 10.61308
niter,ni,del,rscale     5    3    5.0000    1.2000
parameter  4  3.230447 ->  0.500000 qaram    1.1500
parameter  5  5.712557 ->  0.500000 qaram    1.1500
parameter  6  2.213941 ->  0.500000 qaram    1.1500
parameter 10  1.188513 ->  0.500000 qaram    1.1500
parameter 11 -0.598576 -> -0.500000 qaram    1.1500
parameter 12 -0.931328 -> -0.500000 qaram    1.1500
parameters
    2.3709   12.1742    3.4573   -4.5876   -9.5380   -9.2040
  -10.2090    3.8049    6.3432   27.2200   -0.5843  -26.9219
eta,q 0.95917  9.86926
  0.0685  0.0690  0.0686  0.0561  0.0488  0.0424  0.0478  0.0526  0.0465  0.0421  0.0459  0.0466
  0.0673  0.0677  0.0675  0.0586  0.0520  0.0448  0.0465  0.0494  0.0459  0.0423  0.0444  0.0447
  0.0666  0.0669  0.0668  0.0620  0.0557  0.0488  0.0459  0.0470  0.0456  0.0435  0.0433  0.0432
  0.0664  0.0664  0.0662  0.0659  0.0595  0.0530  0.0459  0.0458  0.0457  0.0456  0.0425  0.0420
  0.0667  0.0663  0.0659  0.0700  0.0635  0.0581  0.0465  0.0458  0.0462  0.0484  0.0421  0.0412
  0.0675  0.0665  0.0660  0.0745  0.0678  0.0638  0.0476  0.0466  0.0469  0.0514  0.0420  0.0407
  0.0689  0.0670  0.0665  0.0792  0.0722  0.0700  0.0490  0.0479  0.0480  0.0547  0.0422  0.0406
niter,ni,del,rscale     7    3    5.0000    1.2000
parameter  4  1.244239 ->  0.500000 qaram    1.3225
parameter  5  1.532107 ->  0.500000 qaram    1.3225
parameters
    2.9209   12.8681    3.5379   -9.3486  -14.2990  -13.1509
   -8.1607    4.4801    9.5807   25.1569   -0.6263  -23.4385
eta,q 0.97141  9.54433
  0.0456  0.0446  0.0430  0.0346  0.0297  0.0320  0.0340  0.0360  0.0330  0.0315  0.0307  0.0321
  0.0434  0.0427  0.0417  0.0354  0.0308  0.0307  0.0321  0.0331  0.0316  0.0299  0.0297  0.0306
  0.0418  0.0414  0.0408  0.0374  0.0329  0.0296  0.0307  0.0308  0.0304  0.0290  0.0291  0.0296
  0.0408  0.0406  0.0404  0.0404  0.0358  0.0312  0.0299  0.0296  0.0296  0.0292  0.0289  0.0289
  0.0407  0.0404  0.0406  0.0446  0.0392  0.0357  0.0296  0.0299  0.0292  0.0304  0.0292  0.0286
  0.0413  0.0408  0.0414  0.0495  0.0433  0.0408  0.0301  0.0315  0.0293  0.0329  0.0298  0.0287
  0.0427  0.0417  0.0427  0.0547  0.0479  0.0475  0.0310  0.0342  0.0298  0.0366  0.0307  0.0292
niter,ni,del,rscale     7    3    5.0000    1.2000
parameters
    2.6604   12.8849    2.7711  -12.5471  -18.6932  -14.0284
   -9.0039    4.3612    9.9541   24.7481    0.2322  -25.1019
eta,q 0.97235  9.22833
  0.0318  0.0316  0.0293  0.0302  0.0284  0.0309  0.0300  0.0322  0.0296  0.0305  0.0289  0.0285
  0.0299  0.0299  0.0286  0.0289  0.0277  0.0296  0.0286  0.0297  0.0286  0.0291  0.0283  0.0279
  0.0288  0.0289  0.0283  0.0281  0.0274  0.0286  0.0278  0.0282  0.0280  0.0281  0.0279  0.0277
  0.0286  0.0285  0.0285  0.0283  0.0281  0.0274  0.0278  0.0277  0.0277  0.0277  0.0277  0.0277
  0.0294  0.0289  0.0292  0.0302  0.0299  0.0274  0.0284  0.0282  0.0278  0.0280  0.0277  0.0280
  0.0311  0.0299  0.0304  0.0339  0.0327  0.0302  0.0296  0.0298  0.0283  0.0292  0.0280  0.0287
  0.0336  0.0315  0.0319  0.0387  0.0361  0.0344  0.0312  0.0326  0.0293  0.0314  0.0285  0.0295
niter,ni,del,rscale     6    3    5.0000    1.2000
parameters
    2.7438   13.1575    2.4156  -12.5975  -19.6693  -14.3846
   -9.1742    4.2535    9.8571   25.5317    0.0581  -25.8727
eta,q 0.97228  9.18572
  0.0316  0.0308  0.0287  0.0313  0.0301  0.0308  0.0305  0.0320  0.0294  0.0309  0.0286  0.0287
  0.0296  0.0292  0.0280  0.0297  0.0288  0.0294  0.0290  0.0297  0.0286  0.0293  0.0281  0.0281
  0.0282  0.0281  0.0276  0.0285  0.0280  0.0286  0.0281  0.0283  0.0280  0.0284  0.0278  0.0278
  0.0276  0.0276  0.0276  0.0276  0.0276  0.0277  0.0278  0.0278  0.0278  0.0278  0.0277  0.0277
  0.0280  0.0278  0.0280  0.0276  0.0279  0.0272  0.0282  0.0282  0.0280  0.0277  0.0278  0.0279
  0.0292  0.0284  0.0286  0.0291  0.0294  0.0289  0.0292  0.0297  0.0286  0.0284  0.0281  0.0284
  0.0312  0.0296  0.0294  0.0322  0.0318  0.0327  0.0307  0.0324  0.0295  0.0301  0.0287  0.0291
niter,ni,del,rscale     5    3    5.0000    1.2000
parameters
    2.6938   13.3745    2.2296  -12.5993  -20.1712  -14.5776
   -9.1376    4.1410    9.9668   25.9903   -0.0606  -26.1352
eta,q 0.97223  9.16381
  0.0312  0.0305  0.0289  0.0313  0.0303  0.0308  0.0306  0.0319  0.0295  0.0305  0.0286  0.0288
  0.0293  0.0291  0.0281  0.0297  0.0289  0.0295  0.0291  0.0296  0.0286  0.0291  0.0281  0.0282
  0.0281  0.0281  0.0278  0.0285  0.0281  0.0287  0.0281  0.0283  0.0280  0.0283  0.0279  0.0279
  0.0277  0.0277  0.0277  0.0277  0.0277  0.0277  0.0278  0.0278  0.0278  0.0278  0.0278  0.0278
  0.0282  0.0279  0.0280  0.0276  0.0278  0.0272  0.0282  0.0282  0.0280  0.0278  0.0279  0.0279
  0.0295  0.0285  0.0285  0.0290  0.0291  0.0288  0.0291  0.0297  0.0285  0.0285  0.0281  0.0283
  0.0315  0.0296  0.0292  0.0321  0.0314  0.0324  0.0305  0.0323  0.0294  0.0302  0.0286  0.0289
niter,ni,del,rscale     4    3    5.0000    1.2000
parameters
    2.6502   13.5148    2.1045  -12.6222  -20.4896  -14.7510
   -9.1073    4.0502   10.0314   26.2767   -0.0589  -26.2334
eta,q 0.97216  9.14521
  0.0312  0.0303  0.0290  0.0312  0.0304  0.0309  0.0306  0.0319  0.0295  0.0304  0.0286  0.0289
  0.0293  0.0289  0.0283  0.0297  0.0290  0.0295  0.0291  0.0296  0.0286  0.0291  0.0282  0.0283
  0.0282  0.0281  0.0279  0.0286  0.0282  0.0287  0.0282  0.0283  0.0281  0.0283  0.0280  0.0280
  0.0278  0.0278  0.0278  0.0278  0.0278  0.0278  0.0279  0.0279  0.0279  0.0279  0.0278  0.0278
  0.0282  0.0280  0.0280  0.0277  0.0279  0.0272  0.0282  0.0283  0.0280  0.0279  0.0279  0.0280
  0.0295  0.0286  0.0285  0.0290  0.0290  0.0288  0.0291  0.0297  0.0286  0.0286  0.0282  0.0283
  0.0315  0.0298  0.0292  0.0321  0.0312  0.0324  0.0305  0.0322  0.0295  0.0303  0.0286  0.0289
niter,ni,del,rscale     3    3    5.0000    1.2000
parameters
    2.6170   13.6153    2.0063  -12.6432  -20.7332  -14.9019
   -9.0731    3.9747   10.0586   26.5042   -0.0381  -26.2446
eta,q 0.97210  9.12885
  0.0312  0.0303  0.0290  0.0312  0.0305  0.0309  0.0306  0.0319  0.0295  0.0303  0.0287  0.0289
  0.0294  0.0289  0.0283  0.0297  0.0291  0.0295  0.0291  0.0297  0.0287  0.0291  0.0282  0.0284
  0.0282  0.0281  0.0279  0.0286  0.0282  0.0287  0.0282  0.0284  0.0281  0.0283  0.0280  0.0281
  0.0278  0.0278  0.0278  0.0278  0.0278  0.0279  0.0279  0.0279  0.0279  0.0279  0.0279  0.0279
  0.0283  0.0281  0.0280  0.0277  0.0279  0.0273  0.0283  0.0283  0.0281  0.0279  0.0280  0.0280
  0.0295  0.0287  0.0285  0.0291  0.0290  0.0288  0.0292  0.0297  0.0286  0.0287  0.0282  0.0284
  0.0315  0.0298  0.0292  0.0320  0.0311  0.0323  0.0305  0.0322  0.0295  0.0303  0.0287  0.0289
niter,ni,del,rscale     2    3    5.0000    1.2000
parameters
    2.5887   13.6993    1.9209  -12.6603  -20.9435  -15.0499
   -9.0428    3.9116   10.0753   26.7019   -0.0289  -26.2343
eta,q 0.97204  9.11356
  0.0312  0.0302  0.0291  0.0312  0.0305  0.0308  0.0306  0.0319  0.0296  0.0303  0.0287  0.0289
  0.0294  0.0289  0.0284  0.0298  0.0291  0.0295  0.0292  0.0297  0.0287  0.0291  0.0283  0.0284
  0.0283  0.0282  0.0280  0.0287  0.0283  0.0288  0.0283  0.0284  0.0282  0.0284  0.0281  0.0281
  0.0279  0.0279  0.0279  0.0279  0.0279  0.0279  0.0280  0.0280  0.0280  0.0280  0.0280  0.0280
  0.0283  0.0281  0.0281  0.0278  0.0280  0.0273  0.0283  0.0284  0.0282  0.0280  0.0280  0.0281
  0.0295  0.0288  0.0285  0.0291  0.0290  0.0288  0.0292  0.0297  0.0287  0.0287  0.0283  0.0284
  0.0315  0.0299  0.0292  0.0320  0.0311  0.0322  0.0305  0.0322  0.0296  0.0303  0.0287  0.0290
niter,ni,del,rscale     1    3    5.0000    1.2000
parameters
    2.5652   13.7763    1.8418  -12.6873  -21.1565  -15.1957
   -9.0135    3.8564   10.0931   26.8925   -0.0318  -26.2024
eta,q 0.97198  9.09713
  0.0313  0.0303  0.0291  0.0312  0.0306  0.0308  0.0306  0.0320  0.0296  0.0303  0.0287  0.0290
  0.0295  0.0290  0.0284  0.0298  0.0291  0.0296  0.0292  0.0297  0.0288  0.0291  0.0283  0.0285
  0.0284  0.0282  0.0281  0.0287  0.0283  0.0288  0.0283  0.0285  0.0282  0.0284  0.0281  0.0282
  0.0280  0.0280  0.0280  0.0280  0.0280  0.0280  0.0280  0.0280  0.0280  0.0280  0.0280  0.0280
  0.0284  0.0282  0.0281  0.0278  0.0280  0.0274  0.0284  0.0284  0.0282  0.0280  0.0281  0.0281
  0.0295  0.0288  0.0286  0.0291  0.0291  0.0288  0.0292  0.0297  0.0287  0.0287  0.0283  0.0285
  0.0315  0.0299  0.0292  0.0320  0.0311  0.0322  0.0305  0.0322  0.0296  0.0303  0.0288  0.0290
registration optimization eta report
parameter search radius
    2.4000    2.4000    2.4000    9.5220    9.5220    8.2800
    7.2000    7.2000    7.2000    8.2800    8.2800    8.2800
100000*second partial in parameter space
       59.       37.       21.        4.        3.        5.
        5.        8.        3.        3.        1.        1.
  0.0313  0.0303  0.0291  0.0312  0.0306  0.0308  0.0306  0.0320  0.0296  0.0303  0.0287  0.0290
  0.0295  0.0290  0.0284  0.0298  0.0291  0.0296  0.0292  0.0297  0.0288  0.0291  0.0283  0.0285
  0.0284  0.0282  0.0281  0.0287  0.0283  0.0288  0.0283  0.0285  0.0282  0.0284  0.0281  0.0282
  0.0280  0.0280  0.0280  0.0280  0.0280  0.0280  0.0280  0.0280  0.0280  0.0280  0.0280  0.0280
  0.0284  0.0282  0.0281  0.0278  0.0280  0.0274  0.0284  0.0284  0.0282  0.0280  0.0281  0.0281
  0.0295  0.0288  0.0286  0.0291  0.0291  0.0288  0.0292  0.0297  0.0287  0.0287  0.0283  0.0285
  0.0315  0.0299  0.0292  0.0320  0.0311  0.0322  0.0305  0.0322  0.0296  0.0303  0.0288  0.0290
    2.5652   13.7763    1.8418  -12.6873  -21.1565  -15.1957
   -9.0135    3.8564   10.0931   26.8925   -0.0318  -26.2024
eta,q 0.97198  9.09713

---------------------------------------------------------------------
imgreg_4dfp /opt/freesurfer/average/711-2C_as_mni_average_305 /opt/freesurfer/average/711-2B_as_mni_average_305_mask talsrcimg_g11 none talsrcimg_to_711-2C_as_mni_average_305_t4 2311
---------------------------------------------------------------------

freesurfer imgreg_4dfp.c
/opt/freesurfer/average/711-2C_as_mni_average_305.4dfp.img
       256       256       256         1
  1.000000  1.000000  1.000000
orientation T byte_order littleendian
Reading image: /opt/freesurfer/average/711-2C_as_mni_average_305.4dfp.img
dimensions:      256       256       256
mmppix:       1.0000   -1.0000   -1.0000
center:     128.0000 -129.0000 -129.0000
/opt/freesurfer/average/711-2B_as_mni_average_305_mask.4dfp.img
       256       256       256         1
  1.000000  1.000000  1.000000
orientation T byte_order littleendian
Reading mask: /opt/freesurfer/average/711-2B_as_mni_average_305_mask.4dfp.img (2306576 pixels)
talsrcimg_g11.4dfp.img
       256       256       256         1
  1.000000  1.000000  1.000000
orientation T byte_order littleendian
Reading image: talsrcimg_g11.4dfp.img
dimensions:      256       256       256
mmppix:       1.0000   -1.0000   -1.0000
center:     128.0000 -129.0000 -129.0000
fimgreg.f
image alignment mode   2311 decimal      907 hex
parameters
    2.5652   13.7763    1.8418  -12.6873  -21.1565  -15.1957
   -9.0135    3.8564   10.0931   26.8925   -0.0318  -26.2024
eta,q 0.97198  9.09714
niter,ni,del,rscale     5    3    5.0000    0.8000
parameters
    2.5601   13.8280    1.7307  -11.0368  -20.4293  -13.2274
   -8.7928    4.0395   10.3774   27.0490   -0.3740  -27.7676
eta,q 0.97286  9.30201
  0.0295  0.0290  0.0285  0.0293  0.0286  0.0293  0.0286  0.0300  0.0281  0.0283  0.0276  0.0273
  0.0287  0.0285  0.0282  0.0288  0.0282  0.0288  0.0279  0.0285  0.0276  0.0278  0.0273  0.0272
  0.0282  0.0281  0.0281  0.0284  0.0280  0.0284  0.0274  0.0276  0.0273  0.0274  0.0272  0.0271
  0.0280  0.0280  0.0280  0.0280  0.0278  0.0278  0.0272  0.0272  0.0272  0.0272  0.0272  0.0272
  0.0282  0.0281  0.0281  0.0278  0.0278  0.0273  0.0273  0.0274  0.0273  0.0272  0.0273  0.0273
  0.0287  0.0284  0.0283  0.0279  0.0279  0.0273  0.0277  0.0283  0.0275  0.0276  0.0274  0.0275
  0.0296  0.0289  0.0286  0.0283  0.0283  0.0282  0.0284  0.0296  0.0279  0.0283  0.0277  0.0278
niter,ni,del,rscale     4    3    5.0000    0.7000
parameters
    2.5475   13.6626    2.2666  -11.2280  -19.7563  -12.7880
   -8.9963    4.0550   10.3553   26.8703   -0.8787  -27.4866
eta,q 0.97311  9.34388
  0.0285  0.0278  0.0283  0.0280  0.0278  0.0288  0.0278  0.0289  0.0275  0.0277  0.0272  0.0273
  0.0278  0.0274  0.0277  0.0276  0.0275  0.0283  0.0273  0.0278  0.0272  0.0273  0.0270  0.0271
  0.0273  0.0272  0.0274  0.0272  0.0272  0.0276  0.0270  0.0271  0.0270  0.0270  0.0269  0.0269
  0.0271  0.0271  0.0271  0.0270  0.0270  0.0270  0.0269  0.0269  0.0269  0.0269  0.0269  0.0269
  0.0273  0.0273  0.0270  0.0271  0.0270  0.0269  0.0271  0.0271  0.0270  0.0270  0.0270  0.0269
  0.0278  0.0276  0.0271  0.0276  0.0271  0.0273  0.0275  0.0278  0.0272  0.0273  0.0271  0.0270
  0.0286  0.0281  0.0273  0.0283  0.0275  0.0286  0.0280  0.0289  0.0276  0.0279  0.0273  0.0272
niter,ni,del,rscale     3    3    5.0000    0.6000
parameters
    2.6005   13.5071    2.4948  -11.2436  -19.4294  -12.3482
   -9.0396    4.2072   10.4141   26.5825   -1.0912  -27.3021
eta,q 0.97324  9.36756
  0.0280  0.0274  0.0276  0.0277  0.0275  0.0285  0.0275  0.0285  0.0273  0.0274  0.0270  0.0271
  0.0274  0.0271  0.0272  0.0273  0.0272  0.0280  0.0271  0.0275  0.0270  0.0270  0.0268  0.0269
  0.0270  0.0269  0.0270  0.0270  0.0270  0.0273  0.0268  0.0270  0.0268  0.0268  0.0268  0.0268
  0.0269  0.0269  0.0269  0.0269  0.0269  0.0268  0.0268  0.0268  0.0268  0.0268  0.0268  0.0268
  0.0270  0.0270  0.0269  0.0269  0.0268  0.0267  0.0269  0.0269  0.0268  0.0269  0.0268  0.0268
  0.0273  0.0273  0.0270  0.0272  0.0270  0.0271  0.0271  0.0274  0.0270  0.0272  0.0269  0.0269
  0.0278  0.0277  0.0272  0.0278  0.0273  0.0281  0.0276  0.0282  0.0272  0.0277  0.0271  0.0270
niter,ni,del,rscale     2    3    5.0000    0.5000
parameters
    2.6362   13.4236    2.6874  -11.2382  -19.1931  -11.9826
   -9.0938    4.2959   10.4447   26.4179   -1.2180  -27.1297
eta,q 0.97332  9.38631
  0.0275  0.0272  0.0273  0.0273  0.0272  0.0281  0.0272  0.0279  0.0270  0.0272  0.0269  0.0269
  0.0271  0.0269  0.0270  0.0271  0.0270  0.0276  0.0269  0.0272  0.0268  0.0269  0.0268  0.0268
  0.0269  0.0268  0.0268  0.0268  0.0268  0.0270  0.0267  0.0268  0.0267  0.0267  0.0267  0.0267
  0.0268  0.0268  0.0267  0.0267  0.0267  0.0267  0.0267  0.0267  0.0267  0.0267  0.0267  0.0267
  0.0268  0.0268  0.0267  0.0268  0.0267  0.0267  0.0268  0.0268  0.0267  0.0267  0.0267  0.0267
  0.0271  0.0270  0.0268  0.0270  0.0268  0.0270  0.0270  0.0271  0.0268  0.0270  0.0268  0.0268
  0.0274  0.0273  0.0270  0.0274  0.0271  0.0277  0.0273  0.0277  0.0270  0.0273  0.0269  0.0269
niter,ni,del,rscale     1    3    5.0000    0.4000
parameters
    2.6533   13.3702    2.8373  -11.2225  -19.0502  -11.7243
   -9.1210    4.3367   10.4630   26.3128   -1.2723  -26.9689
eta,q 0.97337  9.39833
  0.0272  0.0269  0.0270  0.0271  0.0270  0.0276  0.0270  0.0274  0.0269  0.0270  0.0268  0.0268
  0.0269  0.0268  0.0268  0.0269  0.0268  0.0272  0.0268  0.0270  0.0267  0.0268  0.0267  0.0267
  0.0267  0.0267  0.0267  0.0267  0.0267  0.0268  0.0267  0.0267  0.0267  0.0267  0.0266  0.0267
  0.0267  0.0267  0.0267  0.0267  0.0267  0.0267  0.0266  0.0266  0.0266  0.0266  0.0266  0.0266
  0.0267  0.0267  0.0267  0.0267  0.0267  0.0267  0.0267  0.0267  0.0267  0.0267  0.0266  0.0266
  0.0269  0.0268  0.0267  0.0268  0.0268  0.0269  0.0268  0.0269  0.0267  0.0268  0.0267  0.0267
  0.0271  0.0270  0.0268  0.0271  0.0269  0.0274  0.0270  0.0273  0.0269  0.0271  0.0268  0.0268
registration optimization eta report
parameter search radius
    0.8000    0.8000    0.8000    2.4000    2.4000    2.4000
    2.4000    2.4000    2.4000    2.4000    2.4000    2.4000
100000*second partial in parameter space
       75.       49.       39.        8.        5.       15.
        6.       13.        4.        7.        2.        3.
  0.0272  0.0269  0.0270  0.0271  0.0270  0.0276  0.0270  0.0274  0.0269  0.0270  0.0268  0.0268
  0.0269  0.0268  0.0268  0.0269  0.0268  0.0272  0.0268  0.0270  0.0267  0.0268  0.0267  0.0267
  0.0267  0.0267  0.0267  0.0267  0.0267  0.0268  0.0267  0.0267  0.0267  0.0267  0.0266  0.0267
  0.0267  0.0267  0.0267  0.0267  0.0267  0.0267  0.0266  0.0266  0.0266  0.0266  0.0266  0.0266
  0.0267  0.0267  0.0267  0.0267  0.0267  0.0267  0.0267  0.0267  0.0267  0.0267  0.0266  0.0266
  0.0269  0.0268  0.0267  0.0268  0.0268  0.0269  0.0268  0.0269  0.0267  0.0268  0.0267  0.0267
  0.0271  0.0270  0.0268  0.0271  0.0269  0.0274  0.0270  0.0273  0.0269  0.0271  0.0268  0.0268
    2.6533   13.3702    2.8373  -11.2225  -19.0502  -11.7243
   -9.1210    4.3367   10.4630   26.3128   -1.2723  -26.9689
eta,q 0.97337  9.39833

---------------------------------------------------------------------
imgreg_4dfp /opt/freesurfer/average/711-2C_as_mni_average_305 /opt/freesurfer/average/711-2B_as_mni_average_305_mask talsrcimg_g11 none talsrcimg_to_711-2C_as_mni_average_305_t4 2311
---------------------------------------------------------------------

freesurfer imgreg_4dfp.c
/opt/freesurfer/average/711-2C_as_mni_average_305.4dfp.img
       256       256       256         1
  1.000000  1.000000  1.000000
orientation T byte_order littleendian
Reading image: /opt/freesurfer/average/711-2C_as_mni_average_305.4dfp.img
dimensions:      256       256       256
mmppix:       1.0000   -1.0000   -1.0000
center:     128.0000 -129.0000 -129.0000
/opt/freesurfer/average/711-2B_as_mni_average_305_mask.4dfp.img
       256       256       256         1
  1.000000  1.000000  1.000000
orientation T byte_order littleendian
Reading mask: /opt/freesurfer/average/711-2B_as_mni_average_305_mask.4dfp.img (2306576 pixels)
talsrcimg_g11.4dfp.img
       256       256       256         1
  1.000000  1.000000  1.000000
orientation T byte_order littleendian
Reading image: talsrcimg_g11.4dfp.img
dimensions:      256       256       256
mmppix:       1.0000   -1.0000   -1.0000
center:     128.0000 -129.0000 -129.0000
fimgreg.f
image alignment mode   2311 decimal      907 hex
parameters
    2.6533   13.3702    2.8373  -11.2225  -19.0502  -11.7243
   -9.1210    4.3367   10.4630   26.3128   -1.2723  -26.9689
eta,q 0.97337  9.39833
niter,ni,del,rscale     5    3    5.0000    0.8000
parameters
    2.6559   13.3557    2.9266  -11.7023  -19.4622  -12.2540
   -9.1431    4.3217   10.3982   26.1947   -1.2832  -26.6323
eta,q 0.97323  9.34362
  0.0286  0.0279  0.0278  0.0279  0.0275  0.0287  0.0281  0.0293  0.0276  0.0279  0.0272  0.0274
  0.0275  0.0272  0.0272  0.0273  0.0271  0.0280  0.0274  0.0279  0.0272  0.0274  0.0270  0.0270
  0.0269  0.0268  0.0268  0.0268  0.0268  0.0272  0.0269  0.0270  0.0269  0.0269  0.0268  0.0269
  0.0266  0.0266  0.0266  0.0266  0.0267  0.0267  0.0268  0.0268  0.0268  0.0268  0.0268  0.0268
  0.0268  0.0268  0.0267  0.0268  0.0268  0.0270  0.0269  0.0271  0.0269  0.0269  0.0268  0.0268
  0.0275  0.0272  0.0270  0.0275  0.0272  0.0283  0.0274  0.0279  0.0272  0.0273  0.0270  0.0270
  0.0286  0.0279  0.0276  0.0287  0.0280  0.0306  0.0281  0.0293  0.0277  0.0282  0.0272  0.0272
niter,ni,del,rscale     4    3    5.0000    0.7000
parameters
    2.6977   13.3624    2.7741  -11.5136  -19.2732  -12.2734
   -9.1175    4.3790   10.4667   26.1924   -1.2081  -26.8181
eta,q 0.97327  9.35919
  0.0283  0.0277  0.0273  0.0279  0.0275  0.0286  0.0278  0.0288  0.0274  0.0277  0.0271  0.0271
  0.0275  0.0272  0.0270  0.0274  0.0272  0.0280  0.0272  0.0277  0.0271  0.0272  0.0269  0.0269
  0.0270  0.0269  0.0268  0.0270  0.0269  0.0272  0.0269  0.0270  0.0268  0.0269  0.0268  0.0268
  0.0268  0.0268  0.0268  0.0268  0.0267  0.0267  0.0267  0.0267  0.0267  0.0267  0.0267  0.0267
  0.0269  0.0269  0.0269  0.0268  0.0267  0.0268  0.0269  0.0270  0.0268  0.0268  0.0268  0.0268
  0.0273  0.0272  0.0272  0.0271  0.0270  0.0275  0.0272  0.0276  0.0270  0.0271  0.0269  0.0270
  0.0281  0.0277  0.0276  0.0278  0.0275  0.0291  0.0278  0.0287  0.0274  0.0278  0.0271  0.0272
niter,ni,del,rscale     3    3    5.0000    0.6000
parameters
    2.6924   13.3431    2.7429  -11.3832  -19.1334  -12.0789
   -9.1284    4.3765   10.4656   26.2131   -1.2270  -26.9393
eta,q 0.97332  9.37700
  0.0278  0.0274  0.0272  0.0276  0.0273  0.0284  0.0275  0.0282  0.0272  0.0275  0.0270  0.0270
  0.0272  0.0270  0.0270  0.0272  0.0271  0.0278  0.0270  0.0274  0.0269  0.0271  0.0268  0.0268
  0.0268  0.0268  0.0268  0.0269  0.0268  0.0271  0.0268  0.0268  0.0267  0.0268  0.0267  0.0267
  0.0267  0.0267  0.0267  0.0267  0.0267  0.0267  0.0267  0.0267  0.0267  0.0267  0.0267  0.0267
  0.0269  0.0268  0.0268  0.0268  0.0267  0.0267  0.0268  0.0269  0.0267  0.0267  0.0267  0.0267
  0.0272  0.0271  0.0270  0.0270  0.0269  0.0272  0.0271  0.0274  0.0269  0.0270  0.0268  0.0268
  0.0278  0.0274  0.0273  0.0276  0.0273  0.0283  0.0275  0.0282  0.0272  0.0275  0.0270  0.0270
niter,ni,del,rscale     2    3    5.0000    0.5000
parameters
    2.6823   13.3365    2.8123  -11.3134  -19.0496  -11.8474
   -9.1293    4.3697   10.4631   26.2273   -1.2560  -26.9200
eta,q 0.97335  9.39005
  0.0274  0.0272  0.0271  0.0273  0.0271  0.0280  0.0272  0.0278  0.0270  0.0272  0.0269  0.0269
  0.0270  0.0269  0.0269  0.0270  0.0269  0.0275  0.0269  0.0271  0.0268  0.0269  0.0267  0.0268
  0.0268  0.0267  0.0267  0.0268  0.0268  0.0270  0.0267  0.0268  0.0267  0.0267  0.0267  0.0267
  0.0267  0.0267  0.0267  0.0267  0.0267  0.0267  0.0266  0.0266  0.0266  0.0266  0.0266  0.0266
  0.0268  0.0267  0.0267  0.0267  0.0267  0.0267  0.0267  0.0268  0.0267  0.0267  0.0267  0.0267
  0.0270  0.0269  0.0268  0.0269  0.0268  0.0270  0.0269  0.0271  0.0268  0.0269  0.0267  0.0267
  0.0274  0.0272  0.0270  0.0273  0.0271  0.0278  0.0272  0.0278  0.0270  0.0272  0.0269  0.0269
niter,ni,del,rscale     1    3    5.0000    0.4000
parameters
    2.6759   13.3280    2.8926  -11.2673  -18.9850  -11.6639
   -9.1317    4.3711   10.4618   26.2166   -1.2786  -26.8682
eta,q 0.97338  9.39934
  0.0271  0.0270  0.0269  0.0271  0.0269  0.0276  0.0270  0.0274  0.0269  0.0270  0.0268  0.0268
  0.0269  0.0268  0.0268  0.0269  0.0268  0.0272  0.0268  0.0270  0.0267  0.0268  0.0267  0.0267
  0.0267  0.0267  0.0267  0.0267  0.0267  0.0268  0.0267  0.0267  0.0267  0.0267  0.0266  0.0266
  0.0266  0.0266  0.0266  0.0266  0.0266  0.0266  0.0266  0.0266  0.0266  0.0266  0.0266  0.0266
  0.0267  0.0267  0.0267  0.0267  0.0267  0.0267  0.0267  0.0267  0.0267  0.0267  0.0266  0.0266
  0.0269  0.0268  0.0267  0.0268  0.0267  0.0269  0.0268  0.0270  0.0267  0.0268  0.0267  0.0267
  0.0271  0.0270  0.0268  0.0271  0.0269  0.0274  0.0270  0.0274  0.0269  0.0270  0.0268  0.0268
registration optimization eta report
parameter search radius
    0.8000    0.8000    0.8000    2.4000    2.4000    2.4000
    2.4000    2.4000    2.4000    2.4000    2.4000    2.4000
100000*second partial in parameter space
       76.       50.       39.        7.        5.       15.
        6.       13.        4.        7.        3.        3.
  0.0271  0.0270  0.0269  0.0271  0.0269  0.0276  0.0270  0.0274  0.0269  0.0270  0.0268  0.0268
  0.0269  0.0268  0.0268  0.0269  0.0268  0.0272  0.0268  0.0270  0.0267  0.0268  0.0267  0.0267
  0.0267  0.0267  0.0267  0.0267  0.0267  0.0268  0.0267  0.0267  0.0267  0.0267  0.0266  0.0266
  0.0266  0.0266  0.0266  0.0266  0.0266  0.0266  0.0266  0.0266  0.0266  0.0266  0.0266  0.0266
  0.0267  0.0267  0.0267  0.0267  0.0267  0.0267  0.0267  0.0267  0.0267  0.0267  0.0266  0.0266
  0.0269  0.0268  0.0267  0.0268  0.0267  0.0269  0.0268  0.0270  0.0267  0.0268  0.0267  0.0267
  0.0271  0.0270  0.0268  0.0271  0.0269  0.0274  0.0270  0.0274  0.0269  0.0270  0.0268  0.0268
    2.6759   13.3280    2.8926  -11.2673  -18.9850  -11.6639
   -9.1317    4.3711   10.4618   26.2166   -1.2786  -26.8682
eta,q 0.97338  9.39934

---------------------------------------------------------------------
compute_vox2vox talsrcimg talsrcimg_to_711-2C_as_mni_average_305_t4 /opt/freesurfer/average/711-2C_as_mni_average_305
---------------------------------------------------------------------

freesurfer compute_vox2vox.c
Reading: talsrcimg.4dfp.ifh
Reading: talsrcimg_to_711-2C_as_mni_average_305_t4
Reading: /opt/freesurfer/average/711-2C_as_mni_average_305.4dfp.ifh
Writing: talsrcimg_to_711-2C_as_mni_average_305_t4_vox2vox.txt

start time Tue Mar 10 23:34:54 CET 2026
end		time Tue Mar 10 23:35:07 CET 2026

mpr2mni305 success

avi2talxfm orig_nu.mgz /opt/freesurfer/average/mni305.cor.mgz talsrcimg_to_711-2C_as_mni_average_305_t4_vox2vox.txt transforms/talairach.auto.xfm
avi2talxfm done
mv -f /out/sourcedata/freesurfer/sub-v2s12x28876_ses-1/mri/talsrcimg_to_711-2C_as_mni_average_305_t4_vox2vox.txt /out/sourcedata/freesurfer/sub-v2s12x28876_ses-1/mri/transforms/talsrcimg_to_711-2C_as_mni_average_305_t4_vox2vox.txt
lta_convert --src orig_nu.mgz --trg /opt/freesurfer/average/mni305.cor.mgz --inxfm transforms/talairach.auto.xfm --outlta transforms/talairach.auto.xfm.lta --subject fsaverage
7.3.2

--src: orig_nu.mgz src image (geometry).
--trg: /opt/freesurfer/average/mni305.cor.mgz trg image (geometry).
--inmni: transforms/talairach.auto.xfm input MNI/XFM transform.
--outlta: transforms/talairach.auto.xfm.lta output LTA.
--s: fsaverage subject name
 LTA read, type : 1
 1.11425  -0.08413   0.09769  -4.78621;
-0.02516   1.03250   0.33959  -15.75127;
-0.13575  -0.32326   1.11183  -19.26801;
 0.00000   0.00000   0.00000   1.00000;
setting subject to fsaverage
Writing  LTA to file transforms/talairach.auto.xfm.lta...
lta_convert successful.
 
 
Started at Tue Mar 10 23:34:53 CET 2026
Ended   at Tue Mar 10 23:35:08 CET 2026
talairach_avi done
