status file for recon-all
Wed Mar 11 02:46:17 CET 2026
#@# MotionCor Wed Mar 11 02:46:19 CET 2026
#@# Talairach Wed Mar 11 02:46:27 CET 2026
#@# Talairach Failure Detection Wed Mar 11 02:50:51 CET 2026
#@# Nu Intensity Correction Wed Mar 11 02:50:52 CET 2026
#@# Intensity Normalization Wed Mar 11 02:54:07 CET 2026
recon-all -s sub-v2s12x28900_ses-1 finished without error at Wed Mar 11 02:55:35 CET 2026



#New# invocation of recon-all 



status file for recon-all
Wed Mar 11 03:03:21 CET 2026
#@# EM Registration Wed Mar 11 03:03:21 CET 2026
recon-all -s sub-v2s12x28900_ses-1 finished without error at Wed Mar 11 03:05:18 CET 2026



#New# invocation of recon-all 



status file for recon-all
Wed Mar 11 03:05:20 CET 2026
#@# CA Normalize Wed Mar 11 03:05:20 CET 2026
#@# CA Reg Wed Mar 11 03:06:41 CET 2026
#@# SubCort Seg Wed Mar 11 03:59:01 CET 2026
#@# CC Seg Wed Mar 11 04:30:29 CET 2026
#@# Merge ASeg Wed Mar 11 04:31:11 CET 2026
#@# Intensity Normalization2 Wed Mar 11 04:31:11 CET 2026
#@# Mask BFS Wed Mar 11 04:33:24 CET 2026
#@# WM Segmentation Wed Mar 11 04:33:25 CET 2026
#@# Fill Wed Mar 11 04:35:23 CET 2026
recon-all -s sub-v2s12x28900_ses-1 finished without error at Wed Mar 11 04:36:26 CET 2026



#New# invocation of recon-all 



status file for recon-all
Wed Mar 11 05:35:05 CET 2026
#@# white curv lh Wed Mar 11 05:35:05 CET 2026
#@# white area lh Wed Mar 11 05:35:05 CET 2026
#@# pial curv lh Wed Mar 11 05:35:05 CET 2026
#@# pial area lh Wed Mar 11 05:35:05 CET 2026
#@# thickness lh Wed Mar 11 05:35:05 CET 2026
#@# area and vertex vol lh Wed Mar 11 05:35:05 CET 2026
#@# white curv rh Wed Mar 11 05:35:05 CET 2026
#@# white area rh Wed Mar 11 05:35:05 CET 2026
#@# pial curv rh Wed Mar 11 05:35:05 CET 2026
#@# pial area rh Wed Mar 11 05:35:05 CET 2026
#@# thickness rh Wed Mar 11 05:35:05 CET 2026
#@# area and vertex vol rh Wed Mar 11 05:35:05 CET 2026
#@# Cortical ribbon mask Wed Mar 11 05:35:05 CET 2026
recon-all -s sub-v2s12x28900_ses-1 finished without error at Wed Mar 11 05:40:53 CET 2026



#New# invocation of recon-all 



status file for recon-all
Wed Mar 11 05:48:56 CET 2026
#@# white curv lh Wed Mar 11 05:48:57 CET 2026
#@# white area lh Wed Mar 11 05:48:57 CET 2026
#@# pial curv lh Wed Mar 11 05:48:57 CET 2026
#@# pial area lh Wed Mar 11 05:48:57 CET 2026
#@# thickness lh Wed Mar 11 05:48:57 CET 2026
#@# area and vertex vol lh Wed Mar 11 05:48:57 CET 2026
#@# white curv rh Wed Mar 11 05:48:57 CET 2026
#@# white area rh Wed Mar 11 05:48:57 CET 2026
#@# pial curv rh Wed Mar 11 05:48:57 CET 2026
#@# pial area rh Wed Mar 11 05:48:57 CET 2026
#@# thickness rh Wed Mar 11 05:48:57 CET 2026
#@# area and vertex vol rh Wed Mar 11 05:48:57 CET 2026
#@# Curvature Stats lh Wed Mar 11 05:48:57 CET 2026
#@# Curvature Stats rh Wed Mar 11 05:49:00 CET 2026
#@# Relabel Hypointensities Wed Mar 11 05:49:03 CET 2026
#@# APas-to-ASeg Wed Mar 11 05:49:20 CET 2026
#@# AParc-to-ASeg aparc Wed Mar 11 05:49:32 CET 2026
#@# AParc-to-ASeg aparc.a2009s Wed Mar 11 05:50:30 CET 2026
#@# AParc-to-ASeg aparc.DKTatlas Wed Mar 11 05:51:35 CET 2026
#@# WMParc Wed Mar 11 05:52:34 CET 2026
#@# ASeg Stats Wed Mar 11 05:56:27 CET 2026
recon-all -s sub-v2s12x28900_ses-1 finished without error at Wed Mar 11 05:57:09 CET 2026
