status file for recon-all
Wed Mar 11 05:04:54 CET 2026
#@# Tessellate rh Wed Mar 11 05:04:54 CET 2026
#@# Smooth1 rh Wed Mar 11 05:04:58 CET 2026
#@# Inflation1 rh Wed Mar 11 05:05:01 CET 2026
#@# QSphere rh Wed Mar 11 05:05:15 CET 2026
#@# Fix Topology rh Wed Mar 11 05:07:06 CET 2026
#@# Smooth2 rh Wed Mar 11 05:15:23 CET 2026
#@# Inflation2 rh Wed Mar 11 05:15:27 CET 2026
#@# Curv .H and .K rh Wed Mar 11 05:15:45 CET 2026
#@# Sphere rh Wed Mar 11 05:16:40 CET 2026
#@# Surf Reg rh Wed Mar 11 05:20:14 CET 2026
#@# Jacobian white rh Wed Mar 11 05:25:31 CET 2026
#@# AvgCurv rh Wed Mar 11 05:25:32 CET 2026
#@# Cortical Parc rh Wed Mar 11 05:25:33 CET 2026
#@# white curv rh Wed Mar 11 05:33:41 CET 2026
#@# white area rh Wed Mar 11 05:33:43 CET 2026
#@# pial curv rh Wed Mar 11 05:33:44 CET 2026
#@# pial area rh Wed Mar 11 05:33:46 CET 2026
#@# thickness rh Wed Mar 11 05:33:47 CET 2026
#@# area and vertex vol rh Wed Mar 11 05:34:23 CET 2026
#@# Curvature Stats rh Wed Mar 11 05:34:25 CET 2026
#@# Cortical Parc 2 rh Wed Mar 11 05:34:28 CET 2026
#@# Cortical Parc 3 rh Wed Mar 11 05:34:44 CET 2026
#@# WM/GM Contrast rh Wed Mar 11 05:34:56 CET 2026
recon-all -s sub-v2s12x28900_ses-1 finished without error at Wed Mar 11 05:35:00 CET 2026



#New# invocation of recon-all 



status file for recon-all
Wed Mar 11 05:44:56 CET 2026
#@# white curv rh Wed Mar 11 05:44:57 CET 2026
#@# white area rh Wed Mar 11 05:44:57 CET 2026
#@# pial curv rh Wed Mar 11 05:44:57 CET 2026
#@# pial area rh Wed Mar 11 05:44:57 CET 2026
#@# thickness rh Wed Mar 11 05:44:57 CET 2026
#@# area and vertex vol rh Wed Mar 11 05:44:57 CET 2026
#@# Parcellation Stats rh Wed Mar 11 05:44:57 CET 2026
#@# Parcellation Stats 2 rh Wed Mar 11 05:45:21 CET 2026
#@# Parcellation Stats 3 rh Wed Mar 11 05:45:34 CET 2026
#@# BA_exvivo Labels rh Wed Mar 11 05:45:46 CET 2026
recon-all -s sub-v2s12x28900_ses-1 finished without error at Wed Mar 11 05:48:50 CET 2026
