/out/sourcedata/freesurfer/sub-v2s12x28893_ses-1/mri
/opt/freesurfer/bin/talairach_avi
--i orig_nu.mgz --xfm transforms/talairach.auto.xfm
talairach_avi 7.3.2
Linux dna006 5.14.0-427.37.1.el9_4.x86_64 #1 SMP PREEMPT_DYNAMIC Fri Sep 13 12:41:50 EDT 2024 x86_64 x86_64 x86_64 GNU/Linux
Wed Mar 11 02:27:04 CET 2026
mri_convert orig_nu.mgz talsrcimg.img 
reading from orig_nu.mgz...
TR=0.00, TE=0.00, TI=0.00, flip angle=0.00
i_ras = (-1, 0, 0)
j_ras = (0, 0, -1)
k_ras = (0, 1, 0)
writing to talsrcimg.img...
Analyze Output Matrix
-1.00000   0.00000   0.00000   132.54660;
 0.00000   0.00000   1.00000  -119.71100;
 0.00000  -1.00000   0.00000   136.41400;
 0.00000   0.00000   0.00000   1.00000;
--------------------
INFO: set hdr.hist.orient to -1
mpr2mni305 talsrcimg
Wed Mar 11 02:27:04 CET 2026
/opt/freesurfer/bin/mpr2mni305 talsrcimg
mpr2mni305 7.3.2
target=711-2C_as_mni_average_305

---------------------------------------------------------------------
analyzeto4dfp talsrcimg -O0 -y
---------------------------------------------------------------------

freesurfer ifh2hdr.c
Wed Mar 11 02:27:04 2026
Writing: talsrcimg.4dfp.hdr
freesurfer analyzeto4dfp.c
Reading: talsrcimg.hdr
header size 348 bytes
hdr.dime.datatype	offset=70	value=2
hdr.dime.bitpix		offset=72	value=8
hdr.hist.orient		offset=252	value=-1
dimensionality     4
dimensions       256       256       256         1
Reading: talsrcimg.img
Writing: talsrcimg.4dfp.img
Writing: talsrcimg.4dfp.ifh
ifh2hdr talsrcimg -r0to229
ori=2

---------------------------------------------------------------------
gauss_4dfp talsrcimg 1.1
---------------------------------------------------------------------

freesurfer gauss_4dfp.c
Reading: talsrcimg.4dfp.img
Writing: talsrcimg_g11.4dfp.img
image dimensions 256 256 256 padded to 288 288 288
processing volume 1freesurfer ifh2hdr.c
Wed Mar 11 02:27:06 2026
Writing: talsrcimg_g11.4dfp.hdr

Writing: talsrcimg_g11.4dfp.ifh
including: talsrcimg.4dfp.img.rec in talsrcimg_g11.4dfp.img.rec

---------------------------------------------------------------------
imgreg_4dfp /opt/freesurfer/average/711-2C_as_mni_average_305 none talsrcimg_g11 none talsrcimg_to_711-2C_as_mni_average_305_t4 4355
---------------------------------------------------------------------

freesurfer imgreg_4dfp.c
/opt/freesurfer/average/711-2C_as_mni_average_305.4dfp.img
       256       256       256         1
  1.000000  1.000000  1.000000
orientation T byte_order littleendian
Reading image: /opt/freesurfer/average/711-2C_as_mni_average_305.4dfp.img
dimensions:      256       256       256
mmppix:       1.0000   -1.0000   -1.0000
center:     128.0000 -129.0000 -129.0000
talsrcimg_g11.4dfp.img
       256       256       256         1
  1.000000  1.000000  1.000000
orientation T byte_order littleendian
Reading image: talsrcimg_g11.4dfp.img
dimensions:      256       256       256
mmppix:       1.0000   -1.0000   -1.0000
center:     128.0000 -129.0000 -129.0000
t4_read: open error in t4_sub.f l:  41 t4_file(1:l)talsrcimg_to_711-2C_as_mni_average_305_t4 
t4_read: transform initialized to I4
rotation matrix determinant  1.000000
image alignment mode   4355 decimal     1103 hex
   -7.5000  -45.0000  -45.0000 6982.4614   17.9022
    0.0000  -45.0000  -45.0000 7247.7881   17.8649
    7.5000  -45.0000  -45.0000 6905.6504   17.8284
   -7.5000  -37.5000  -45.0000 7426.3643   17.7843
    0.0000  -37.5000  -45.0000 7707.9292   17.7373
    7.5000  -37.5000  -45.0000 7360.1587   17.6993
   -7.5000  -30.0000  -45.0000 8242.5176   17.7181
    0.0000  -30.0000  -45.0000 8561.5654   17.6619
    7.5000  -30.0000  -45.0000 8186.4946   17.6285
   -7.5000  -22.5000  -45.0000 9000.3633   17.6653
    0.0000  -22.5000  -45.0000 9364.6973   17.6101
    7.5000  -22.5000  -45.0000 8965.2490   17.5842
   -7.5000  -15.0000  -45.0000 9676.5752   17.6741
    0.0000  -15.0000  -45.000010077.7119   17.6272
    7.5000  -15.0000  -45.0000 9635.7852   17.6029
   -7.5000   -7.5000  -45.000010305.1543   17.7365
    0.0000   -7.5000  -45.000010746.9092   17.6989
    7.5000   -7.5000  -45.000010245.8252   17.6690
   -7.5000    0.0000  -45.000010833.8008   17.7902
    0.0000    0.0000  -45.000011284.0156   17.7536
    7.5000    0.0000  -45.000010794.3857   17.7174
   -7.5000    7.5000  -45.000010623.2490   17.7807
    0.0000    7.5000  -45.000011086.1279   17.7337
    7.5000    7.5000  -45.000010582.7920   17.6958
   -7.5000   15.0000  -45.000010392.9492   17.7181
    0.0000   15.0000  -45.000010844.7070   17.6619
    7.5000   15.0000  -45.000010365.6260   17.6285
   -7.5000   22.5000  -45.0000 9931.9121   17.6629
    0.0000   22.5000  -45.000010340.5742   17.6077
    7.5000   22.5000  -45.0000 9874.8398   17.5817
   -7.5000   30.0000  -45.0000 9221.3408   17.4386
    0.0000   30.0000  -45.0000 9603.0645   17.3923
    7.5000   30.0000  -45.0000 9158.0996   17.3683
   -7.5000   37.5000  -45.0000 8848.8311   17.5002
    0.0000   37.5000  -45.0000 9211.1182   17.4630
    7.5000   37.5000  -45.0000 8777.3271   17.4335
   -7.5000   45.0000  -45.0000 8106.8442   17.1074
    0.0000   45.0000  -45.0000 8433.5254   17.0722
    7.5000   45.0000  -45.0000 8041.2012   17.0374
   -7.5000  -45.0000  -37.5000 7384.2192   17.5678
    0.0000  -45.0000  -37.5000 7663.9277   17.5245
    7.5000  -45.0000  -37.5000 7319.9819   17.4983
   -7.5000  -37.5000  -37.5000 7888.0522   17.4419
    0.0000  -37.5000  -37.5000 8185.5918   17.3917
    7.5000  -37.5000  -37.5000 7816.2544   17.3606
   -7.5000  -30.0000  -37.5000 8753.9932   17.3758
    0.0000  -30.0000  -37.5000 9086.7256   17.3182
    7.5000  -30.0000  -37.5000 8679.0303   17.2880
   -7.5000  -22.5000  -37.5000 9561.3564   17.3350
    0.0000  -22.5000  -37.5000 9918.7949   17.2774
    7.5000  -22.5000  -37.5000 9464.2842   17.2549
   -7.5000  -15.0000  -37.500010260.0635   17.3559
    0.0000  -15.0000  -37.500010664.6680   17.3044
    7.5000  -15.0000  -37.500010169.6270   17.2867
   -7.5000   -7.5000  -37.500010880.3477   17.4180
    0.0000   -7.5000  -37.500011313.6289   17.3742
    7.5000   -7.5000  -37.500010792.7695   17.3539
   -7.5000    0.0000  -37.500011417.5322   17.4599
    0.0000    0.0000  -37.500011898.4150   17.4172
    7.5000    0.0000  -37.500011354.1787   17.3913
   -7.5000    7.5000  -37.500011213.1094   17.4385
    0.0000    7.5000  -37.500011686.4180   17.3883
    7.5000    7.5000  -37.500011136.1035   17.3572
   -7.5000   15.0000  -37.500010960.0938   17.3758
    0.0000   15.0000  -37.500011426.2646   17.3182
    7.5000   15.0000  -37.500010889.8975   17.2880
   -7.5000   22.5000  -37.500010435.6309   17.3326
    0.0000   22.5000  -37.500010890.6895   17.2750
    7.5000   22.5000  -37.500010360.5566   17.2526
   -7.5000   30.0000  -37.5000 9658.1318   17.1246
    0.0000   30.0000  -37.500010100.9863   17.0738
    7.5000   30.0000  -37.5000 9597.2461   17.0563
   -7.5000   37.5000  -37.5000 9249.8906   17.1858
    0.0000   37.5000  -37.5000 9670.6504   17.1426
    7.5000   37.5000  -37.5000 9180.3037   17.1226
   -7.5000   45.0000  -37.5000 8461.0117   16.7897
    0.0000   45.0000  -37.5000 8846.8457   16.7488
    7.5000   45.0000  -37.5000 8395.0029   16.7238
   -7.5000  -45.0000  -30.0000 7957.5405   18.0180
    0.0000  -45.0000  -30.0000 8246.0820   17.9691
    7.5000  -45.0000  -30.0000 7864.9014   17.9466
   -7.5000  -37.5000  -30.0000 8527.3877   17.8773
    0.0000  -37.5000  -30.0000 8854.3115   17.8305
    7.5000  -37.5000  -30.0000 8431.2168   17.8046
   -7.5000  -30.0000  -30.0000 9468.9434   17.8096
    0.0000  -30.0000  -30.0000 9835.8516   17.7587
    7.5000  -30.0000  -30.0000 9366.7686   17.7291
   -7.5000  -22.5000  -30.000010336.9805   17.7826
    0.0000  -22.5000  -30.000010739.3252   17.7250
    7.5000  -22.5000  -30.000010228.6455   17.6965
   -7.5000  -15.0000  -30.000011080.2812   17.8168
    0.0000  -15.0000  -30.000011514.8027   17.7566
    7.5000  -15.0000  -30.000010980.2949   17.7308
   -7.5000   -7.5000  -30.000011717.1953   17.8790
    0.0000   -7.5000  -30.000012194.1738   17.8240
    7.5000   -7.5000  -30.000011623.4258   17.8007
   -7.5000    0.0000  -30.000012285.5234   17.9089
    0.0000    0.0000  -30.000012818.6348   17.8607
    7.5000    0.0000  -30.000012201.7197   17.8384
   -7.5000    7.5000  -30.000012041.8154   17.8738
    0.0000    7.5000  -30.000012546.2383   17.8271
    7.5000    7.5000  -30.000011936.0742   17.8011
   -7.5000   15.0000  -30.000011740.6465   17.8096
    0.0000   15.0000  -30.000012233.9512   17.7587
    7.5000   15.0000  -30.000011636.4824   17.7291
   -7.5000   22.5000  -30.000011158.6133   17.7783
    0.0000   22.5000  -30.000011665.7168   17.7207
    7.5000   22.5000  -30.000011081.1982   17.6923
   -7.5000   30.0000  -30.000010333.6895   17.5811
    0.0000   30.0000  -30.000010819.2051   17.5217
    7.5000   30.0000  -30.000010278.1689   17.4962
   -7.5000   37.5000  -30.0000 9876.8535   17.6424
    0.0000   37.5000  -30.000010351.7236   17.5882
    7.5000   37.5000  -30.0000 9821.8965   17.5652
   -7.5000   45.0000  -30.0000 9032.6025   17.2342
    0.0000   45.0000  -30.0000 9452.4043   17.1878
    7.5000   45.0000  -30.0000 8962.5029   17.1664
   -7.5000  -45.0000  -22.5000 8512.8184   18.3474
    0.0000  -45.0000  -22.5000 8831.5840   18.3015
    7.5000  -45.0000  -22.5000 8409.3691   18.2753
   -7.5000  -37.5000  -22.5000 9140.6123   18.2046
    0.0000  -37.5000  -22.5000 9510.8633   18.1681
    7.5000  -37.5000  -22.5000 9036.3076   18.1456
   -7.5000  -30.0000  -22.500010166.4385   18.1386
    0.0000  -30.0000  -22.500010576.2979   18.1000
    7.5000  -30.0000  -22.500010060.1055   18.0744
   -7.5000  -22.5000  -22.500011089.5176   18.1157
    0.0000  -22.5000  -22.500011544.0703   18.0643
    7.5000  -22.5000  -22.500010996.8711   18.0318
   -7.5000  -15.0000  -22.500011866.1816   18.1509
    0.0000  -15.0000  -22.500012366.5088   18.0896
    7.5000  -15.0000  -22.500011774.0488   18.0522
   -7.5000   -7.5000  -22.500012530.4678   18.2108
    0.0000   -7.5000  -22.500013064.6279   18.1533
    7.5000   -7.5000  -22.500012465.1895   18.1194
   -7.5000    0.0000  -22.500013128.8438   18.2381
    0.0000    0.0000  -22.500013694.8799   18.1927
    7.5000    0.0000  -22.500013053.9795   18.1668
   -7.5000    7.5000  -22.500012825.7119   18.2012
    0.0000    7.5000  -22.500013356.2100   18.1647
    7.5000    7.5000  -22.500012736.8750   18.1422
   -7.5000   15.0000  -22.500012501.7969   18.1386
    0.0000   15.0000  -22.500013025.9482   18.1000
    7.5000   15.0000  -22.500012421.3594   18.0744
   -7.5000   22.5000  -22.500011886.6064   18.1101
    0.0000   22.5000  -22.500012418.3164   18.0587
    7.5000   22.5000  -22.500011826.3506   18.0263
   -7.5000   30.0000  -22.500011049.3535   17.9135
    0.0000   30.0000  -22.500011569.6025   17.8530
    7.5000   30.0000  -22.500011004.5889   17.8161
   -7.5000   37.5000  -22.500010532.7168   17.9726
    0.0000   37.5000  -22.500011056.2314   17.9159
    7.5000   37.5000  -22.500010497.8867   17.8824
   -7.5000   45.0000  -22.5000 9581.5352   17.5642
    0.0000   45.0000  -22.500010039.5146   17.5205
    7.5000   45.0000  -22.5000 9559.6260   17.4955
   -7.5000  -45.0000  -15.0000 9188.3496   18.7853
    0.0000  -45.0000  -15.0000 9566.5752   18.7451
    7.5000  -45.0000  -15.0000 9099.2256   18.7102
   -7.5000  -37.5000  -15.0000 9874.5391   18.6541
    0.0000  -37.5000  -15.000010299.8613   18.6226
    7.5000  -37.5000  -15.0000 9799.1836   18.5964
   -7.5000  -30.0000  -15.000010984.5459   18.5920
    0.0000  -30.0000  -15.000011452.8770   18.5579
    7.5000  -30.0000  -15.000010907.3672   18.5335
   -7.5000  -22.5000  -15.000011994.0791   18.5580
    0.0000  -22.5000  -15.000012515.7480   18.5117
    7.5000  -22.5000  -15.000011932.0947   18.4798
   -7.5000  -15.0000  -15.000012833.3906   18.5791
    0.0000  -15.0000  -15.000013396.2451   18.5232
    7.5000  -15.0000  -15.000012776.7051   18.4818
   -7.5000   -7.5000  -15.000013556.1875   18.6358
    0.0000   -7.5000  -15.000014146.9893   18.5840
    7.5000   -7.5000  -15.000013507.0400   18.5420
   -7.5000    0.0000  -15.000014200.1934   18.6735
    0.0000    0.0000  -15.000014828.4131   18.6338
    7.5000    0.0000  -15.000014134.2148   18.5993
   -7.5000    7.5000  -15.000013831.4131   18.6506
    0.0000    7.5000  -15.000014450.7188   18.6190
    7.5000    7.5000  -15.000013778.9854   18.5928
   -7.5000   15.0000  -15.000013475.8486   18.5920
    0.0000   15.0000  -15.000014092.4941   18.5579
    7.5000   15.0000  -15.000013459.9375   18.5335
   -7.5000   22.5000  -15.000012804.2891   18.5515
    0.0000   22.5000  -15.000013404.3330   18.5051
    7.5000   22.5000  -15.000012782.7920   18.4733
   -7.5000   30.0000  -15.000011899.3809   18.3386
    0.0000   30.0000  -15.000012491.5625   18.2834
    7.5000   30.0000  -15.000011918.4785   18.2426
   -7.5000   37.5000  -15.000011326.5635   18.3947
    0.0000   37.5000  -15.000011905.6660   18.3435
    7.5000   37.5000  -15.000011350.6270   18.3020
   -7.5000   45.0000  -15.000010267.6592   17.9944
    0.0000   45.0000  -15.000010800.7002   17.9561
    7.5000   45.0000  -15.000010303.7754   17.9228
   -7.5000  -45.0000   -7.5000 9903.1230   19.0251
    0.0000  -45.0000   -7.500010349.2891   18.9889
    7.5000  -45.0000   -7.5000 9839.4258   18.9506
   -7.5000  -37.5000   -7.500010653.0938   18.9083
    0.0000  -37.5000   -7.500011148.6299   18.8706
    7.5000  -37.5000   -7.500010607.9072   18.8375
   -7.5000  -30.0000   -7.500011853.7207   18.8473
    0.0000  -30.0000   -7.500012406.4004   18.8030
    7.5000  -30.0000   -7.500011813.0771   18.7756
   -7.5000  -22.5000   -7.500013002.8984   18.7970
    0.0000  -22.5000   -7.500013593.7441   18.7476
    7.5000  -22.5000   -7.500012943.4688   18.7209
   -7.5000  -15.0000   -7.500013920.4551   18.8028
    0.0000  -15.0000   -7.500014563.8447   18.7535
    7.5000  -15.0000   -7.500013909.3799   18.7215
   -7.5000   -7.5000   -7.500014673.5195   18.8602
    0.0000   -7.5000   -7.500015342.5156   18.8180
    7.5000   -7.5000   -7.500014673.2920   18.7806
   -7.5000    0.0000   -7.500015363.8184   18.9118
    0.0000    0.0000   -7.500016072.4043   18.8762
    7.5000    0.0000   -7.500015356.9736   18.8383
   -7.5000    7.5000   -7.500014952.2686   18.9047
    0.0000    7.5000   -7.500015679.8564   18.8670
    7.5000    7.5000   -7.500014994.1826   18.8339
   -7.5000   15.0000   -7.500014571.1270   18.8473
    0.0000   15.0000   -7.500015308.5762   18.8030
    7.5000   15.0000   -7.500014631.7178   18.7756
   -7.5000   22.5000   -7.500013792.0752   18.7883
    0.0000   22.5000   -7.500014482.9551   18.7390
    7.5000   22.5000   -7.500013846.3398   18.7122
   -7.5000   30.0000   -7.500012805.2871   18.5589
    0.0000   30.0000   -7.500013475.3623   18.5103
    7.5000   30.0000   -7.500012888.3613   18.4788
   -7.5000   37.5000   -7.500012210.3936   18.6156
    0.0000   37.5000   -7.500012845.6514   18.5739
    7.5000   37.5000   -7.500012279.0098   18.5371
   -7.5000   45.0000   -7.500011087.0127   18.2274
    0.0000   45.0000   -7.500011670.9775   18.1931
    7.5000   45.0000   -7.500011130.7754   18.1565
   -7.5000  -45.0000    0.000010537.3555   19.0759
    0.0000  -45.0000    0.000011001.5459   19.0379
    7.5000  -45.0000    0.000010479.4209   19.0042
   -7.5000  -37.5000    0.000011332.7793   18.9612
    0.0000  -37.5000    0.000011835.5059   18.9130
    7.5000  -37.5000    0.000011258.9297   18.8771
   -7.5000  -30.0000    0.000012618.1982   18.8978
    0.0000  -30.0000    0.000013188.7783   18.8400
    7.5000  -30.0000    0.000012522.1289   18.8095
   -7.5000  -22.5000    0.000013883.9580   18.8421
    0.0000  -22.5000    0.000014552.0391   18.7853
    7.5000  -22.5000    0.000013797.2676   18.7640
   -7.5000  -15.0000    0.000014960.4814   18.8462
    0.0000  -15.0000    0.000015685.8350   18.7981
    7.5000  -15.0000    0.000014954.6973   18.7794
   -7.5000   -7.5000    0.000015723.9893   18.9068
    0.0000   -7.5000    0.000016506.5547   18.8682
    7.5000   -7.5000    0.000015802.8809   18.8429
   -7.5000    0.0000    0.000016397.7480   18.9623
    0.0000    0.0000    0.000017235.8965   18.9248
    7.5000    0.0000    0.000016520.5566   18.8915
   -7.5000    7.5000    0.000016013.5049   18.9575
    0.0000    7.5000    0.000016839.0488   18.9094
    7.5000    7.5000    0.000016123.9980   18.8736
   -7.5000   15.0000    0.000015647.6963   18.8978
    0.0000   15.0000    0.000016481.0391   18.8400
    7.5000   15.0000    0.000015750.1367   18.8095
   -7.5000   22.5000    0.000014816.2256   18.8334
    0.0000   22.5000    0.000015576.0840   18.7767
    7.5000   22.5000    0.000014866.8379   18.7553
   -7.5000   30.0000    0.000013787.8623   18.6023
    0.0000   30.0000    0.000014485.8242   18.5548
    7.5000   30.0000    0.000013818.3975   18.5364
   -7.5000   37.5000    0.000013189.9658   18.6621
    0.0000   37.5000    0.000013847.7627   18.6241
    7.5000   37.5000    0.000013171.6143   18.5991
   -7.5000   45.0000    0.000011994.4707   18.2775
    0.0000   45.0000    0.000012592.3994   18.2414
    7.5000   45.0000    0.000011961.5156   18.2092
   -7.5000  -45.0000    7.500010330.6055   19.0701
    0.0000  -45.0000    7.500010777.2197   19.0247
    7.5000  -45.0000    7.500010301.4590   18.9989
   -7.5000  -37.5000    7.500011115.0527   18.9392
    0.0000  -37.5000    7.500011600.8896   18.8866
    7.5000  -37.5000    7.500011053.6963   18.8550
   -7.5000  -30.0000    7.500012380.6211   18.8716
    0.0000  -30.0000    7.500012937.6211   18.8109
    7.5000  -30.0000    7.500012298.2490   18.7799
   -7.5000  -22.5000    7.500013667.7842   18.8288
    0.0000  -22.5000    7.500014336.3115   18.7675
    7.5000  -22.5000    7.500013561.3936   18.7451
   -7.5000  -15.0000    7.500014891.8916   18.8493
    0.0000  -15.0000    7.500015647.4336   18.7942
    7.5000  -15.0000    7.500014773.7451   18.7774
   -7.5000   -7.5000    7.500015876.0889   18.9129
    0.0000   -7.5000    7.500016693.8867   18.8663
    7.5000   -7.5000    7.500015813.3145   18.8469
   -7.5000    0.0000    7.500016579.1172   18.9564
    0.0000    0.0000    7.500017412.2480   18.9117
    7.5000    0.0000    7.500016574.1992   18.8861
   -7.5000    7.5000    7.500016167.6064   18.9356
    0.0000    7.5000    7.500016910.4785   18.8830
    7.5000    7.5000    7.500016102.5352   18.8515
   -7.5000   15.0000    7.500015803.0918   18.8716
    0.0000   15.0000    7.500016539.2207   18.8109
    7.5000   15.0000    7.500015681.0850   18.7799
   -7.5000   22.5000    7.500014971.6650   18.8201
    0.0000   22.5000    7.500015621.5449   18.7588
    7.5000   22.5000    7.500014729.6406   18.7364
   -7.5000   30.0000    7.500013928.5820   18.6054
    0.0000   30.0000    7.500014511.9961   18.5510
    7.5000   30.0000    7.500013679.0605   18.5344
   -7.5000   37.5000    7.500013284.4053   18.6681
    0.0000   37.5000    7.500013861.6357   18.6221
    7.5000   37.5000    7.500013068.5850   18.6030
   -7.5000   45.0000    7.500012055.9561   18.2718
    0.0000   45.0000    7.500012623.6699   18.2287
    7.5000   45.0000    7.500011897.3828   18.2040
   -7.5000  -45.0000   15.000010046.5293   19.0535
    0.0000  -45.0000   15.000010501.5342   19.0030
    7.5000  -45.0000   15.000010036.5889   18.9807
   -7.5000  -37.5000   15.000010824.6885   18.9053
    0.0000  -37.5000   15.000011338.2812   18.8572
    7.5000  -37.5000   15.000010805.2842   18.8315
   -7.5000  -30.0000   15.000012054.1016   18.8343
    0.0000  -30.0000   15.000012648.8818   18.7814
    7.5000  -30.0000   15.000012000.7832   18.7517
   -7.5000  -22.5000   15.000013329.7344   18.8075
    0.0000  -22.5000   15.000013976.7402   18.7471
    7.5000  -22.5000   15.000013192.0215   18.7179
   -7.5000  -15.0000   15.000014683.2197   18.8448
    0.0000  -15.0000   15.000015393.2422   18.7814
    7.5000  -15.0000   15.000014349.8701   18.7547
   -7.5000   -7.5000   15.000016066.9395   18.9100
    0.0000   -7.5000   15.000016872.5176   18.8524
    7.5000   -7.5000   15.000015508.5264   18.8286
   -7.5000    0.0000   15.000017093.6113   18.9399
    0.0000    0.0000   15.000017876.9922   18.8901
    7.5000    0.0000   15.000016425.6836   18.8680
   -7.5000    7.5000   15.000016580.2207   18.9017
    0.0000    7.5000   15.000017201.6582   18.8536
    7.5000    7.5000   15.000015936.1055   18.8279
   -7.5000   15.0000   15.000015943.4141   18.8343
    0.0000   15.0000   15.000016552.7520   18.7814
    7.5000   15.0000   15.000015416.5322   18.7517
   -7.5000   22.5000   15.000014847.8574   18.7988
    0.0000   22.5000   15.000015443.6748   18.7384
    7.5000   22.5000   15.000014413.9072   18.7092
   -7.5000   30.0000   15.000013701.0166   18.6009
    0.0000   30.0000   15.000014288.8301   18.5383
    7.5000   30.0000   15.000013388.3037   18.5120
   -7.5000   37.5000   15.000013037.8262   18.6652
    0.0000   37.5000   15.000013661.6484   18.6084
    7.5000   37.5000   15.000012847.6934   18.5849
   -7.5000   45.0000   15.000011859.7256   18.2559
    0.0000   45.0000   15.000012455.6201   18.2079
    7.5000   45.0000   15.000011730.6768   18.1866
   -7.5000  -45.0000   22.5000 9608.7617   19.0389
    0.0000  -45.0000   22.500010105.7881   18.9912
    7.5000  -45.0000   22.5000 9610.0889   18.9641
   -7.5000  -37.5000   22.500010394.6016   18.8908
    0.0000  -37.5000   22.500010911.8809   18.8530
    7.5000  -37.5000   22.500010352.3848   18.8297
   -7.5000  -30.0000   22.500011644.4727   18.8224
    0.0000  -30.0000   22.500012203.9912   18.7822
    7.5000  -30.0000   22.500011528.9258   18.7557
   -7.5000  -22.5000   22.500012919.5166   18.7986
    0.0000  -22.5000   22.500013515.0693   18.7452
    7.5000  -22.5000   22.500012725.9502   18.7116
   -7.5000  -15.0000   22.500014256.4932   18.8351
    0.0000  -15.0000   22.500014961.0264   18.7715
    7.5000  -15.0000   22.500013945.0059   18.7328
   -7.5000   -7.5000   22.500015524.8408   18.8972
    0.0000   -7.5000   22.500016511.4863   18.8375
    7.5000   -7.5000   22.500015169.6865   18.8024
   -7.5000    0.0000   22.500016570.5879   18.9255
    0.0000    0.0000   22.500017472.1172   18.8784
    7.5000    0.0000   22.500016097.4961   18.8516
   -7.5000    7.5000   22.500016104.6074   18.8872
    0.0000    7.5000   22.500016866.9453   18.8494
    7.5000    7.5000   22.500015635.8281   18.8261
   -7.5000   15.0000   22.500015426.7871   18.8224
    0.0000   15.0000   22.500016190.7236   18.7822
    7.5000   15.0000   22.500015092.9307   18.7557
   -7.5000   22.5000   22.500014293.9990   18.7899
    0.0000   22.5000   22.500014993.6162   18.7366
    7.5000   22.5000   22.500014040.2344   18.7030
   -7.5000   30.0000   22.500013187.3418   18.5913
    0.0000   30.0000   22.500013828.2158   18.5285
    7.5000   30.0000   22.500012999.7422   18.4904
   -7.5000   37.5000   22.500012622.8945   18.6527
    0.0000   37.5000   22.500013244.8301   18.5937
    7.5000   37.5000   22.500012468.0107   18.5591
   -7.5000   45.0000   22.500011502.8037   18.2420
    0.0000   45.0000   22.500012110.3740   18.1966
    7.5000   45.0000   22.500011394.6289   18.1708
   -7.5000  -45.0000   30.0000 9054.8525   19.0486
    0.0000  -45.0000   30.0000 9546.8223   19.0078
    7.5000  -45.0000   30.0000 9068.8408   18.9723
   -7.5000  -37.5000   30.0000 9791.0781   18.9155
    0.0000  -37.5000   30.000010320.9980   18.8835
    7.5000  -37.5000   30.0000 9792.1025   18.8569
   -7.5000  -30.0000   30.000010934.8867   18.8525
    0.0000  -30.0000   30.000011513.4424   18.8178
    7.5000  -30.0000   30.000010898.8965   18.7931
   -7.5000  -22.5000   30.000012053.6963   18.8180
    0.0000  -22.5000   30.000012712.6699   18.7710
    7.5000  -22.5000   30.000012020.4561   18.7387
   -7.5000  -15.0000   30.000013161.0908   18.8394
    0.0000  -15.0000   30.000013988.7373   18.7827
    7.5000  -15.0000   30.000013187.8848   18.7407
   -7.5000   -7.5000   30.000014241.1016   18.8970
    0.0000   -7.5000   30.000015156.8945   18.8444
    7.5000   -7.5000   30.000014254.4727   18.8018
   -7.5000    0.0000   30.000015082.9316   18.9352
    0.0000    0.0000   30.000015845.9678   18.8949
    7.5000    0.0000   30.000014953.1426   18.8598
   -7.5000    7.5000   30.000014711.8750   18.9119
    0.0000    7.5000   30.000015410.4492   18.8799
    7.5000    7.5000   30.000014558.0879   18.8533
   -7.5000   15.0000   30.000014223.7598   18.8525
    0.0000   15.0000   30.000014999.0010   18.8178
    7.5000   15.0000   30.000014148.5928   18.7931
   -7.5000   22.5000   30.000013243.1611   18.8094
    0.0000   22.5000   30.000013958.0967   18.7624
    7.5000   22.5000   30.000013175.9922   18.7300
   -7.5000   30.0000   30.000012284.8223   18.5956
    0.0000   30.0000   30.000012939.1152   18.5396
    7.5000   30.0000   30.000012231.3115   18.4982
   -7.5000   37.5000   30.000011854.1172   18.6524
    0.0000   37.5000   30.000012450.9346   18.6006
    7.5000   37.5000   30.000011751.7051   18.5584
   -7.5000   45.0000   30.000010858.6553   18.2513
    0.0000   45.0000   30.000011435.4141   18.2125
    7.5000   45.0000   30.000010780.0244   18.1787
   -7.5000  -45.0000   37.5000 8835.9180   19.2706
    0.0000  -45.0000   37.5000 9333.1748   19.2334
    7.5000  -45.0000   37.5000 8893.6426   19.1939
   -7.5000  -37.5000   37.5000 9526.0723   19.1507
    0.0000  -37.5000   37.500010084.6006   19.1120
    7.5000  -37.5000   37.5000 9615.5684   19.0780
   -7.5000  -30.0000   37.500010563.2715   19.0881
    0.0000  -30.0000   37.500011173.4141   19.0428
    7.5000  -30.0000   37.500010664.8613   19.0150
   -7.5000  -22.5000   37.500011601.1982   19.0370
    0.0000  -22.5000   37.500012277.4961   18.9865
    7.5000  -22.5000   37.500011757.7090   18.9593
   -7.5000  -15.0000   37.500012648.7432   19.0434
    0.0000  -15.0000   37.500013387.8125   18.9928
    7.5000  -15.0000   37.500012830.9004   18.9600
   -7.5000   -7.5000   37.500013664.5801   19.1022
    0.0000   -7.5000   37.500014321.4473   19.0587
    7.5000   -7.5000   37.500013717.3408   19.0203
   -7.5000    0.0000   37.500014478.4033   19.1547
    0.0000    0.0000   37.500015000.8369   19.1179
    7.5000    0.0000   37.500014381.8291   19.0789
   -7.5000    7.5000   37.500014186.5283   19.1470
    0.0000    7.5000   37.500014756.6553   19.1083
    7.5000    7.5000   37.500014123.8906   19.0744
   -7.5000   15.0000   37.500013788.7109   19.0881
    0.0000   15.0000   37.500014472.8564   19.0428
    7.5000   15.0000   37.500013798.2080   19.0150
   -7.5000   22.5000   37.500012927.0332   19.0283
    0.0000   22.5000   37.500013563.5967   18.9777
    7.5000   22.5000   37.500012919.5586   18.9505
   -7.5000   30.0000   37.500012004.0361   18.7969
    0.0000   30.0000   37.500012614.9941   18.7470
    7.5000   30.0000   37.500012029.0088   18.7147
   -7.5000   37.5000   37.500011560.9072   18.8550
    0.0000   37.5000   37.500012153.7402   18.8121
    7.5000   37.5000   37.500011546.7686   18.7741
   -7.5000   45.0000   37.500010623.8057   18.4629
    0.0000   45.0000   37.500011173.4141   18.4275
    7.5000   45.0000   37.500010605.8604   18.3898
   -7.5000  -45.0000   45.0000 8204.7793   19.5267
    0.0000  -45.0000   45.0000 8653.9658   19.4861
    7.5000  -45.0000   45.0000 8279.7695   19.4508
   -7.5000  -37.5000   45.0000 8830.0293   19.4076
    0.0000  -37.5000   45.0000 9319.9990   19.3567
    7.5000  -37.5000   45.0000 8934.2363   19.3189
   -7.5000  -30.0000   45.0000 9783.3467   19.3424
    0.0000  -30.0000   45.000010334.9658   19.2814
    7.5000  -30.0000   45.0000 9924.0088   19.2492
   -7.5000  -22.5000   45.000010770.7783   19.2834
    0.0000  -22.5000   45.000011356.1689   19.2229
    7.5000  -22.5000   45.000010930.4824   19.2006
   -7.5000  -15.0000   45.000011709.1045   19.2862
    0.0000  -15.0000   45.000012305.7295   19.2344
    7.5000  -15.0000   45.000011847.3945   19.2151
   -7.5000   -7.5000   45.000012614.4619   19.3484
    0.0000   -7.5000   45.000013126.5703   19.3069
    7.5000   -7.5000   45.000012621.3428   19.2806
   -7.5000    0.0000   45.000013346.4570   19.4069
    0.0000    0.0000   45.000013820.3086   19.3669
    7.5000    0.0000   45.000013285.7461   19.3320
   -7.5000    7.5000   45.000013112.2441   19.4037
    0.0000    7.5000   45.000013636.9824   19.3529
    7.5000    7.5000   45.000013079.3047   19.3151
   -7.5000   15.0000   45.000012797.0068   19.3424
    0.0000   15.0000   45.000013375.0684   19.2814
    7.5000   15.0000   45.000012801.7441   19.2492
   -7.5000   22.5000   45.000012001.4023   19.2745
    0.0000   22.5000   45.000012558.5215   19.2140
    7.5000   22.5000   45.000012009.3633   19.1917
   -7.5000   30.0000   45.000011174.3613   19.0350
    0.0000   30.0000   45.000011715.7422   18.9839
    7.5000   30.0000   45.000011192.6270   18.9648
   -7.5000   37.5000   45.000010736.5381   19.0963
    0.0000   37.5000   45.000011282.6162   19.0553
    7.5000   37.5000   45.000010744.7793   19.0294
   -7.5000   45.0000   45.0000 9877.7324   18.7145
    0.0000   45.0000   45.000010372.5146   18.6759
    7.5000   45.0000   45.0000 9875.1094   18.6423

---------------------------------------------------------------------
imgreg_4dfp /opt/freesurfer/average/711-2C_as_mni_average_305 /opt/freesurfer/average/711-2B_as_mni_average_305_mask talsrcimg_g11 none talsrcimg_to_711-2C_as_mni_average_305_t4 4355
---------------------------------------------------------------------

freesurfer imgreg_4dfp.c
/opt/freesurfer/average/711-2C_as_mni_average_305.4dfp.img
       256       256       256         1
  1.000000  1.000000  1.000000
orientation T byte_order littleendian
Reading image: /opt/freesurfer/average/711-2C_as_mni_average_305.4dfp.img
dimensions:      256       256       256
mmppix:       1.0000   -1.0000   -1.0000
center:     128.0000 -129.0000 -129.0000
/opt/freesurfer/average/711-2B_as_mni_average_305_mask.4dfp.img
       256       256       256         1
  1.000000  1.000000  1.000000
orientation T byte_order littleendian
Reading mask: /opt/freesurfer/average/711-2B_as_mni_average_305_mask.4dfp.img (2306576 pixels)
talsrcimg_g11.4dfp.img
       256       256       256         1
  1.000000  1.000000  1.000000
orientation T byte_order littleendian
Reading image: talsrcimg_g11.4dfp.img
dimensions:      256       256       256
mmppix:       1.0000   -1.0000   -1.0000
center:     128.0000 -129.0000 -129.0000
rotation matrix determinant  1.000000
image alignment mode   4355 decimal     1103 hex
   -7.5000  -45.0000  -30.0000 2176.5813   22.1238
    0.0000  -45.0000  -30.0000 2168.8074   21.9701
    7.5000  -45.0000  -30.0000 2143.0576   22.3000
   -7.5000  -37.5000  -30.0000 2286.7754   20.0817
    0.0000  -37.5000  -30.0000 2282.4619   19.9580
    7.5000  -37.5000  -30.0000 2252.0793   20.1923
   -7.5000  -30.0000  -30.0000 2389.3892   18.3820
    0.0000  -30.0000  -30.0000 2387.8066   18.3252
    7.5000  -30.0000  -30.0000 2354.8130   18.5263
   -7.5000  -22.5000  -30.0000 2464.9587   17.1983
    0.0000  -22.5000  -30.0000 2460.3691   17.1319
    7.5000  -22.5000  -30.0000 2424.5203   17.3770
   -7.5000  -15.0000  -30.0000 2504.9817   16.4939
    0.0000  -15.0000  -30.0000 2505.5742   16.4491
    7.5000  -15.0000  -30.0000 2468.3096   16.6962
   -7.5000   -7.5000  -30.0000 2520.3848   16.1225
    0.0000   -7.5000  -30.0000 2520.8496   16.0852
    7.5000   -7.5000  -30.0000 2488.3728   16.3177
   -7.5000    0.0000  -30.0000 2519.6956   15.9836
    0.0000    0.0000  -30.0000 2524.4817   15.8944
    7.5000    0.0000  -30.0000 2493.9431   16.1220
   -7.5000    7.5000  -30.0000 2512.9563   16.0805
    0.0000    7.5000  -30.0000 2517.0815   16.0346
    7.5000    7.5000  -30.0000 2477.5613   16.2037
   -7.5000   15.0000  -30.0000 2484.2261   16.5659
    0.0000   15.0000  -30.0000 2489.7502   16.5149
    7.5000   15.0000  -30.0000 2446.9619   16.7058
   -7.5000   22.5000  -30.0000 2434.6829   17.4739
    0.0000   22.5000  -30.0000 2448.2380   17.4000
    7.5000   22.5000  -30.0000 2406.6858   17.5469
   -7.5000   30.0000  -30.0000 2362.3267   18.6699
    0.0000   30.0000  -30.0000 2370.9250   18.5957
    7.5000   30.0000  -30.0000 2334.3323   18.7291
   -7.5000   37.5000  -30.0000 2276.6968   20.2283
    0.0000   37.5000  -30.0000 2287.3628   20.1388
    7.5000   37.5000  -30.0000 2248.4067   20.3163
   -7.5000   45.0000  -30.0000 2173.0347   22.2439
    0.0000   45.0000  -30.0000 2180.6416   22.1289
    7.5000   45.0000  -30.0000 2145.1187   22.3571
   -7.5000  -45.0000  -22.5000 2270.4446   21.1556
    0.0000  -45.0000  -22.5000 2264.2266   21.0795
    7.5000  -45.0000  -22.5000 2230.1174   21.4137
   -7.5000  -37.5000  -22.5000 2389.5464   19.2172
    0.0000  -37.5000  -22.5000 2387.2993   19.1146
    7.5000  -37.5000  -22.5000 2348.9680   19.3794
   -7.5000  -30.0000  -22.5000 2498.6174   17.6178
    0.0000  -30.0000  -22.5000 2497.7302   17.5310
    7.5000  -30.0000  -22.5000 2459.5059   17.7709
   -7.5000  -22.5000  -22.5000 2574.5667   16.4211
    0.0000  -22.5000  -22.5000 2575.4504   16.3777
    7.5000  -22.5000  -22.5000 2538.4626   16.6046
   -7.5000  -15.0000  -22.5000 2624.5874   15.6644
    0.0000  -15.0000  -22.5000 2627.1985   15.6004
    7.5000  -15.0000  -22.5000 2589.2488   15.8433
   -7.5000   -7.5000  -22.5000 2644.5786   15.2668
    0.0000   -7.5000  -22.5000 2650.4719   15.2231
    7.5000   -7.5000  -22.5000 2615.5381   15.4100
   -7.5000    0.0000  -22.5000 2646.0647   15.0846
    0.0000    0.0000  -22.5000 2652.8372   15.0409
    7.5000    0.0000  -22.5000 2620.0186   15.2055
   -7.5000    7.5000  -22.5000 2636.6274   15.1697
    0.0000    7.5000  -22.5000 2642.2576   15.1065
    7.5000    7.5000  -22.5000 2604.6235   15.2842
   -7.5000   15.0000  -22.5000 2606.2783   15.6038
    0.0000   15.0000  -22.5000 2611.5630   15.5594
    7.5000   15.0000  -22.5000 2574.0400   15.7453
   -7.5000   22.5000  -22.5000 2556.7839   16.4382
    0.0000   22.5000  -22.5000 2568.3982   16.3849
    7.5000   22.5000  -22.5000 2532.0549   16.5370
   -7.5000   30.0000  -22.5000 2487.7556   17.5697
    0.0000   30.0000  -22.5000 2498.6125   17.5101
    7.5000   30.0000  -22.5000 2461.6924   17.6545
   -7.5000   37.5000  -22.5000 2396.6724   19.0420
    0.0000   37.5000  -22.5000 2408.4187   18.9588
    7.5000   37.5000  -22.5000 2373.5203   19.1330
   -7.5000   45.0000  -22.5000 2278.5874   20.8914
    0.0000   45.0000  -22.5000 2285.6204   20.7867
    7.5000   45.0000  -22.5000 2260.5073   20.9960
   -7.5000  -45.0000  -15.0000 2328.0679   20.4454
    0.0000  -45.0000  -15.0000 2330.9780   20.4375
    7.5000  -45.0000  -15.0000 2299.5396   20.7193
   -7.5000  -37.5000  -15.0000 2448.1021   18.5093
    0.0000  -37.5000  -15.0000 2454.2610   18.4775
    7.5000  -37.5000  -15.0000 2420.3328   18.7144
   -7.5000  -30.0000  -15.0000 2556.6985   16.9245
    0.0000  -30.0000  -15.0000 2561.0522   16.8620
    7.5000  -30.0000  -15.0000 2530.4907   17.1089
   -7.5000  -22.5000  -15.0000 2642.5774   15.7020
    0.0000  -22.5000  -15.0000 2650.5623   15.6505
    7.5000  -22.5000  -15.0000 2613.8508   15.9154
   -7.5000  -15.0000  -15.0000 2699.2725   14.9053
    0.0000  -15.0000  -15.0000 2705.8975   14.8323
    7.5000  -15.0000  -15.0000 2669.1206   15.0799
   -7.5000   -7.5000  -15.0000 2732.6006   14.4548
    0.0000   -7.5000  -15.0000 2742.3118   14.3881
    7.5000   -7.5000  -15.0000 2703.9224   14.6075
   -7.5000    0.0000  -15.0000 2738.4148   14.2658
    0.0000    0.0000  -15.0000 2748.5837   14.2107
    7.5000    0.0000  -15.0000 2716.4006   14.3951
   -7.5000    7.5000  -15.0000 2726.0525   14.3489
    0.0000    7.5000  -15.0000 2739.7021   14.2760
    7.5000    7.5000  -15.0000 2710.3540   14.4773
   -7.5000   15.0000  -15.0000 2697.8074   14.7989
    0.0000   15.0000  -15.0000 2712.2112   14.7348
    7.5000   15.0000  -15.0000 2684.0964   14.9322
   -7.5000   22.5000  -15.0000 2651.9365   15.5863
    0.0000   22.5000  -15.0000 2671.8369   15.5040
    7.5000   22.5000  -15.0000 2639.3237   15.6730
   -7.5000   30.0000  -15.0000 2579.7529   16.6305
    0.0000   30.0000  -15.0000 2598.9333   16.5388
    7.5000   30.0000  -15.0000 2570.8069   16.6757
   -7.5000   37.5000  -15.0000 2478.9492   17.9841
    0.0000   37.5000  -15.0000 2497.8457   17.8833
    7.5000   37.5000  -15.0000 2471.4570   18.0605
   -7.5000   45.0000  -15.0000 2353.4753   19.7475
    0.0000   45.0000  -15.0000 2371.7568   19.6425
    7.5000   45.0000  -15.0000 2348.5142   19.8129
   -7.5000  -45.0000   -7.5000 2363.2449   19.8979
    0.0000  -45.0000   -7.5000 2374.1182   19.8994
    7.5000  -45.0000   -7.5000 2342.7002   20.1206
   -7.5000  -37.5000   -7.5000 2479.2473   17.9290
    0.0000  -37.5000   -7.5000 2493.5720   17.9155
    7.5000  -37.5000   -7.5000 2459.9814   18.0931
   -7.5000  -30.0000   -7.5000 2590.7981   16.3119
    0.0000  -30.0000   -7.5000 2605.0071   16.2804
    7.5000  -30.0000   -7.5000 2572.6938   16.5009
   -7.5000  -22.5000   -7.5000 2685.3281   15.1025
    0.0000  -22.5000   -7.5000 2697.8486   15.0513
    7.5000  -22.5000   -7.5000 2663.1208   15.3142
   -7.5000  -15.0000   -7.5000 2747.6370   14.2494
    0.0000  -15.0000   -7.5000 2760.9866   14.2060
    7.5000  -15.0000   -7.5000 2728.2522   14.5099
   -7.5000   -7.5000   -7.5000 2788.1484   13.7214
    0.0000   -7.5000   -7.5000 2804.7688   13.6586
    7.5000   -7.5000   -7.5000 2770.5491   13.9883
   -7.5000    0.0000   -7.5000 2805.6726   13.5198
    0.0000    0.0000   -7.5000 2820.8066   13.4683
    7.5000    0.0000   -7.5000 2792.4150   13.7254
   -7.5000    7.5000   -7.5000 2799.0891   13.6293
    0.0000    7.5000   -7.5000 2821.0129   13.5584
    7.5000    7.5000   -7.5000 2797.9045   13.7904
   -7.5000   15.0000   -7.5000 2775.3823   14.1276
    0.0000   15.0000   -7.5000 2802.3728   14.0492
    7.5000   15.0000   -7.5000 2779.7249   14.2489
   -7.5000   22.5000   -7.5000 2731.1306   14.8725
    0.0000   22.5000   -7.5000 2759.4226   14.7860
    7.5000   22.5000   -7.5000 2736.4170   14.9971
   -7.5000   30.0000   -7.5000 2655.0701   15.8660
    0.0000   30.0000   -7.5000 2684.7214   15.7806
    7.5000   30.0000   -7.5000 2660.0381   15.9618
   -7.5000   37.5000   -7.5000 2551.6909   17.1549
    0.0000   37.5000   -7.5000 2574.7578   17.0794
    7.5000   37.5000   -7.5000 2552.1787   17.2466
   -7.5000   45.0000   -7.5000 2419.5120   18.8644
    0.0000   45.0000   -7.5000 2446.8203   18.7922
    7.5000   45.0000   -7.5000 2418.4465   18.9399
   -7.5000  -45.0000    0.0000 2376.4614   19.5221
    0.0000  -45.0000    0.0000 2382.9082   19.5081
    7.5000  -45.0000    0.0000 2355.4521   19.7862
   -7.5000  -37.5000    0.0000 2491.2314   17.5114
    0.0000  -37.5000    0.0000 2502.8381   17.4549
    7.5000  -37.5000    0.0000 2471.5615   17.6831
   -7.5000  -30.0000    0.0000 2604.7485   15.8768
    0.0000  -30.0000    0.0000 2616.8616   15.7849
    7.5000  -30.0000    0.0000 2586.8718   15.9984
   -7.5000  -22.5000    0.0000 2699.2271   14.6575
    0.0000  -22.5000    0.0000 2716.9268   14.6053
    7.5000  -22.5000    0.0000 2686.9985   14.7998
   -7.5000  -15.0000    0.0000 2769.0447   13.8208
    0.0000  -15.0000    0.0000 2788.0178   13.7975
    7.5000  -15.0000    0.0000 2766.1897   14.0546
   -7.5000   -7.5000    0.0000 2805.6562   13.2306
    0.0000   -7.5000    0.0000 2831.9929   13.2115
    7.5000   -7.5000    0.0000 2809.3809   13.5591
   -7.5000    0.0000    0.0000 2832.5725   12.9451
    0.0000    0.0000    0.0000 2862.1541   12.8939
    7.5000    0.0000    0.0000 2837.1934   13.2606
   -7.5000    7.5000    0.0000 2846.0725   13.1028
    0.0000    7.5000    0.0000 2877.7393   13.0424
    7.5000    7.5000    0.0000 2855.9343   13.3259
   -7.5000   15.0000    0.0000 2833.6780   13.6415
    0.0000   15.0000    0.0000 2869.3079   13.5681
    7.5000   15.0000    0.0000 2846.1262   13.8043
   -7.5000   22.5000    0.0000 2790.2329   14.3616
    0.0000   22.5000    0.0000 2826.0791   14.2934
    7.5000   22.5000    0.0000 2805.5037   14.4982
   -7.5000   30.0000    0.0000 2711.1243   15.3351
    0.0000   30.0000    0.0000 2741.3604   15.2741
    7.5000   30.0000    0.0000 2719.1848   15.4666
   -7.5000   37.5000    0.0000 2607.3000   16.5872
    0.0000   37.5000    0.0000 2630.8269   16.5268
    7.5000   37.5000    0.0000 2608.2812   16.6900
   -7.5000   45.0000    0.0000 2473.7998   18.2518
    0.0000   45.0000    0.0000 2492.4773   18.1616
    7.5000   45.0000    0.0000 2472.6079   18.3551
   -7.5000  -45.0000    7.5000 2371.9009   19.2993
    0.0000  -45.0000    7.5000 2375.6675   19.1761
    7.5000  -45.0000    7.5000 2353.6760   19.5341
   -7.5000  -37.5000    7.5000 2489.1716   17.2737
    0.0000  -37.5000    7.5000 2492.5254   17.0914
    7.5000  -37.5000    7.5000 2469.2380   17.3463
   -7.5000  -30.0000    7.5000 2603.0142   15.6261
    0.0000  -30.0000    7.5000 2612.6045   15.4470
    7.5000  -30.0000    7.5000 2590.0452   15.6441
   -7.5000  -22.5000    7.5000 2704.7795   14.4097
    0.0000  -22.5000    7.5000 2720.8784   14.2680
    7.5000  -22.5000    7.5000 2697.9688   14.4471
   -7.5000  -15.0000    7.5000 2782.8645   13.6045
    0.0000  -15.0000    7.5000 2802.4893   13.5169
    7.5000  -15.0000    7.5000 2786.6936   13.6969
   -7.5000   -7.5000    7.5000 2833.7083   13.1641
    0.0000   -7.5000    7.5000 2860.5691   13.0846
    7.5000   -7.5000    7.5000 2846.4214   13.2795
   -7.5000    0.0000    7.5000 2876.6741   12.8491
    0.0000    0.0000    7.5000 2908.8220   12.7558
    7.5000    0.0000    7.5000 2882.4006   13.0553
   -7.5000    7.5000    7.5000 2912.3462   12.9053
    0.0000    7.5000    7.5000 2934.9851   12.7646
    7.5000    7.5000    7.5000 2907.4670   13.0496
   -7.5000   15.0000    7.5000 2898.6501   13.3813
    0.0000   15.0000    7.5000 2915.0552   13.2367
    7.5000   15.0000    7.5000 2892.4702   13.4166
   -7.5000   22.5000    7.5000 2850.7339   14.1091
    0.0000   22.5000    7.5000 2867.6282   13.9043
    7.5000   22.5000    7.5000 2844.4734   14.0426
   -7.5000   30.0000    7.5000 2765.2292   15.0526
    0.0000   30.0000    7.5000 2777.6604   14.8386
    7.5000   30.0000    7.5000 2757.8965   14.9622
   -7.5000   37.5000    7.5000 2650.1506   16.3125
    0.0000   37.5000    7.5000 2661.3855   16.1028
    7.5000   37.5000    7.5000 2643.5105   16.2267
   -7.5000   45.0000    7.5000 2517.8264   17.9716
    0.0000   45.0000    7.5000 2527.4084   17.7686
    7.5000   45.0000    7.5000 2507.9587   17.9267
   -7.5000  -45.0000   15.0000 2358.6062   19.4063
    0.0000  -45.0000   15.0000 2368.5483   19.2303
    7.5000  -45.0000   15.0000 2350.7073   19.5775
   -7.5000  -37.5000   15.0000 2478.8645   17.2634
    0.0000  -37.5000   15.0000 2490.3811   17.1179
    7.5000  -37.5000   15.0000 2472.4827   17.3509
   -7.5000  -30.0000   15.0000 2593.3054   15.5826
    0.0000  -30.0000   15.0000 2609.2771   15.4117
    7.5000  -30.0000   15.0000 2597.6353   15.5838
   -7.5000  -22.5000   15.0000 2702.4124   14.4048
    0.0000  -22.5000   15.0000 2722.5793   14.2101
    7.5000  -22.5000   15.0000 2709.2607   14.3387
   -7.5000  -15.0000   15.0000 2804.2717   13.7279
    0.0000  -15.0000   15.0000 2819.7744   13.5331
    7.5000  -15.0000   15.0000 2799.8867   13.5939
   -7.5000   -7.5000   15.0000 2898.1594   13.4281
    0.0000   -7.5000   15.0000 2906.6357   13.2207
    7.5000   -7.5000   15.0000 2874.9631   13.1746
   -7.5000    0.0000   15.0000 2961.2769   13.2703
    0.0000    0.0000   15.0000 2978.8792   13.0263
    7.5000    0.0000   15.0000 2922.1611   12.9698
   -7.5000    7.5000   15.0000 2983.5256   13.1318
    0.0000    7.5000   15.0000 2995.0505   12.8757
    7.5000    7.5000   15.0000 2945.7991   12.9293
   -7.5000   15.0000   15.0000 2945.9678   13.3091
    0.0000   15.0000   15.0000 2952.2087   13.1028
    7.5000   15.0000   15.0000 2922.2327   13.1790
   -7.5000   22.5000   15.0000 2879.2021   13.8514
    0.0000   22.5000   15.0000 2894.0303   13.6010
    7.5000   22.5000   15.0000 2868.1819   13.7142
   -7.5000   30.0000   15.0000 2787.8022   14.7661
    0.0000   30.0000   15.0000 2806.1680   14.5265
    7.5000   30.0000   15.0000 2781.6318   14.6454
   -7.5000   37.5000   15.0000 2666.1716   16.0919
    0.0000   37.5000   15.0000 2683.4316   15.8924
    7.5000   37.5000   15.0000 2659.8687   16.0272
   -7.5000   45.0000   15.0000 2534.0032   17.7927
    0.0000   45.0000   15.0000 2547.9612   17.6527
    7.5000   45.0000   15.0000 2523.7183   17.7615
   -7.5000  -45.0000   22.5000 2352.3367   19.7154
    0.0000  -45.0000   22.5000 2363.9583   19.5079
    7.5000  -45.0000   22.5000 2350.4370   19.8211
   -7.5000  -37.5000   22.5000 2478.4353   17.5586
    0.0000  -37.5000   22.5000 2486.9961   17.3829
    7.5000  -37.5000   22.5000 2472.8267   17.5569
   -7.5000  -30.0000   22.5000 2601.1304   15.9829
    0.0000  -30.0000   22.5000 2610.6519   15.7734
    7.5000  -30.0000   22.5000 2592.7886   15.8322
   -7.5000  -22.5000   22.5000 2719.0891   14.7779
    0.0000  -22.5000   22.5000 2735.1399   14.5894
    7.5000  -22.5000   22.5000 2714.8604   14.5996
   -7.5000  -15.0000   22.5000 2830.7544   14.0270
    0.0000  -15.0000   22.5000 2843.7893   13.8357
    7.5000  -15.0000   22.5000 2813.1606   13.7854
   -7.5000   -7.5000   22.5000 2921.4497   13.6376
    0.0000   -7.5000   22.5000 2943.5815   13.4395
    7.5000   -7.5000   22.5000 2894.0356   13.3179
   -7.5000    0.0000   22.5000 2983.7112   13.3963
    0.0000    0.0000   22.5000 3021.8611   13.2463
    7.5000    0.0000   22.5000 2949.0745   13.0833
   -7.5000    7.5000   22.5000 3000.7771   13.2776
    0.0000    7.5000   22.5000 3039.1270   13.0382
    7.5000    7.5000   22.5000 2974.3015   13.0150
   -7.5000   15.0000   22.5000 2950.9685   13.4419
    0.0000   15.0000   22.5000 2980.2566   13.1900
    7.5000   15.0000   22.5000 2937.7686   13.2396
   -7.5000   22.5000   22.5000 2885.9749   13.9661
    0.0000   22.5000   22.5000 2907.0010   13.6981
    7.5000   22.5000   22.5000 2877.9421   13.8006
   -7.5000   30.0000   22.5000 2786.8162   14.8187
    0.0000   30.0000   22.5000 2803.4727   14.5691
    7.5000   30.0000   22.5000 2784.6875   14.6826
   -7.5000   37.5000   22.5000 2671.1365   16.0962
    0.0000   37.5000   22.5000 2685.1104   15.8816
    7.5000   37.5000   22.5000 2668.5896   15.9829
   -7.5000   45.0000   22.5000 2531.2336   17.7585
    0.0000   45.0000   22.5000 2548.6929   17.5824
    7.5000   45.0000   22.5000 2531.9436   17.6824
   -7.5000  -45.0000   30.0000 2347.5796   20.2791
    0.0000  -45.0000   30.0000 2356.8787   20.1221
    7.5000  -45.0000   30.0000 2340.4465   20.3614
   -7.5000  -37.5000   30.0000 2471.7778   18.1409
    0.0000  -37.5000   30.0000 2478.6758   17.9476
    7.5000  -37.5000   30.0000 2463.4734   18.0524
   -7.5000  -30.0000   30.0000 2592.0210   16.4515
    0.0000  -30.0000   30.0000 2599.7361   16.2338
    7.5000  -30.0000   30.0000 2583.7126   16.2859
   -7.5000  -22.5000   30.0000 2708.2056   15.0957
    0.0000  -22.5000   30.0000 2722.2437   14.9020
    7.5000  -22.5000   30.0000 2701.6099   14.9244
   -7.5000  -15.0000   30.0000 2813.2922   14.1629
    0.0000  -15.0000   30.0000 2833.0903   13.9852
    7.5000  -15.0000   30.0000 2809.4500   13.9980
   -7.5000   -7.5000   30.0000 2901.4629   13.6433
    0.0000   -7.5000   30.0000 2931.4001   13.4698
    7.5000   -7.5000   30.0000 2895.2375   13.4597
   -7.5000    0.0000   30.0000 2949.1689   13.3333
    0.0000    0.0000   30.0000 2989.6045   13.0941
    7.5000    0.0000   30.0000 2941.9121   13.1353
   -7.5000    7.5000   30.0000 2964.7991   13.2823
    0.0000    7.5000   30.0000 2996.8953   12.9052
    7.5000    7.5000   30.0000 2951.1025   13.0135
   -7.5000   15.0000   30.0000 2923.2671   13.5506
    0.0000   15.0000   30.0000 2956.3940   13.2662
    7.5000   15.0000   30.0000 2920.0127   13.3685
   -7.5000   22.5000   30.0000 2857.4136   14.1353
    0.0000   22.5000   30.0000 2880.6597   13.9248
    7.5000   22.5000   30.0000 2850.3828   14.0096
   -7.5000   30.0000   30.0000 2756.6614   15.0443
    0.0000   30.0000   30.0000 2778.2627   14.8396
    7.5000   30.0000   30.0000 2756.6997   14.8834
   -7.5000   37.5000   30.0000 2648.0269   16.3081
    0.0000   37.5000   30.0000 2660.8113   16.0966
    7.5000   37.5000   30.0000 2642.8181   16.1568
   -7.5000   45.0000   30.0000 2510.9797   17.9166
    0.0000   45.0000   30.0000 2527.1687   17.7579
    7.5000   45.0000   30.0000 2509.7341   17.8209
   -7.5000  -45.0000   37.5000 2333.3428   20.9629
    0.0000  -45.0000   37.5000 2337.3049   20.7759
    7.5000  -45.0000   37.5000 2322.8440   21.0119
   -7.5000  -37.5000   37.5000 2456.9678   18.6722
    0.0000  -37.5000   37.5000 2465.9976   18.4320
    7.5000  -37.5000   37.5000 2449.7397   18.5886
   -7.5000  -30.0000   37.5000 2568.4092   16.8501
    0.0000  -30.0000   37.5000 2581.7676   16.5731
    7.5000  -30.0000   37.5000 2565.1433   16.6875
   -7.5000  -22.5000   37.5000 2680.3057   15.4079
    0.0000  -22.5000   37.5000 2693.7659   15.1506
    7.5000  -22.5000   37.5000 2684.2869   15.2690
   -7.5000  -15.0000   37.5000 2782.8547   14.4131
    0.0000  -15.0000   37.5000 2798.1926   14.1762
    7.5000  -15.0000   37.5000 2789.9744   14.3109
   -7.5000   -7.5000   37.5000 2869.8921   13.8242
    0.0000   -7.5000   37.5000 2887.2129   13.5836
    7.5000   -7.5000   37.5000 2871.3098   13.7069
   -7.5000    0.0000   37.5000 2910.9265   13.5453
    0.0000    0.0000   37.5000 2931.2166   13.1490
    7.5000    0.0000   37.5000 2906.8459   13.3022
   -7.5000    7.5000   37.5000 2926.2175   13.5350
    0.0000    7.5000   37.5000 2951.8945   13.1820
    7.5000    7.5000   37.5000 2924.6296   13.3136
   -7.5000   15.0000   37.5000 2892.9375   13.9192
    0.0000   15.0000   37.5000 2928.8184   13.6663
    7.5000   15.0000   37.5000 2901.0332   13.7513
   -7.5000   22.5000   37.5000 2827.1650   14.6424
    0.0000   22.5000   37.5000 2849.1912   14.4112
    7.5000   22.5000   37.5000 2825.3413   14.4930
   -7.5000   30.0000   37.5000 2728.2727   15.5530
    0.0000   30.0000   37.5000 2749.8262   15.3378
    7.5000   30.0000   37.5000 2732.4451   15.3999
   -7.5000   37.5000   37.5000 2609.9846   16.7479
    0.0000   37.5000   37.5000 2633.8367   16.5881
    7.5000   37.5000   37.5000 2617.3835   16.6408
   -7.5000   45.0000   37.5000 2474.7908   18.2911
    0.0000   45.0000   37.5000 2500.1899   18.1530
    7.5000   45.0000   37.5000 2482.3811   18.2118
   -7.5000  -45.0000   45.0000 2296.3777   21.5380
    0.0000  -45.0000   45.0000 2301.9724   21.2989
    7.5000  -45.0000   45.0000 2287.7317   21.5964
   -7.5000  -37.5000   45.0000 2419.4529   19.1134
    0.0000  -37.5000   45.0000 2430.7144   18.8354
    7.5000  -37.5000   45.0000 2414.3528   19.0736
   -7.5000  -30.0000   45.0000 2531.2507   17.2485
    0.0000  -30.0000   45.0000 2547.7227   16.9010
    7.5000  -30.0000   45.0000 2532.8264   17.1426
   -7.5000  -22.5000   45.0000 2646.9304   15.8223
    0.0000  -22.5000   45.0000 2662.4712   15.5087
    7.5000  -22.5000   45.0000 2651.1604   15.7160
   -7.5000  -15.0000   45.0000 2746.2444   14.8516
    0.0000  -15.0000   45.0000 2759.5859   14.5747
    7.5000  -15.0000   45.0000 2750.1633   14.7613
   -7.5000   -7.5000   45.0000 2829.7859   14.2762
    0.0000   -7.5000   45.0000 2838.1462   13.8939
    7.5000   -7.5000   45.0000 2823.8906   14.0701
   -7.5000    0.0000   45.0000 2864.8044   13.9643
    0.0000    0.0000   45.0000 2878.5859   13.5436
    7.5000    0.0000   45.0000 2861.5076   13.7168
   -7.5000    7.5000   45.0000 2873.2998   14.0045
    0.0000    7.5000   45.0000 2892.4927   13.6767
    7.5000    7.5000   45.0000 2875.6453   13.8198
   -7.5000   15.0000   45.0000 2834.2959   14.4503
    0.0000   15.0000   45.0000 2867.6816   14.1908
    7.5000   15.0000   45.0000 2845.7666   14.2911
   -7.5000   22.5000   45.0000 2766.1965   15.2149
    0.0000   22.5000   45.0000 2790.8474   14.9759
    7.5000   22.5000   45.0000 2771.5420   15.0613
   -7.5000   30.0000   45.0000 2673.2314   16.1727
    0.0000   30.0000   45.0000 2697.1565   15.9352
    7.5000   30.0000   45.0000 2679.7336   16.0134
   -7.5000   37.5000   45.0000 2560.5154   17.4347
    0.0000   37.5000   45.0000 2587.3552   17.2296
    7.5000   37.5000   45.0000 2571.0500   17.2922
   -7.5000   45.0000   45.0000 2434.3997   18.9684
    0.0000   45.0000   45.0000 2456.3359   18.8067
    7.5000   45.0000   45.0000 2442.3704   18.8299
   -7.5000  -45.0000   52.5000 2247.0530   22.1659
    0.0000  -45.0000   52.5000 2258.7534   21.8839
    7.5000  -45.0000   52.5000 2245.6833   22.2465
   -7.5000  -37.5000   52.5000 2372.6011   19.6819
    0.0000  -37.5000   52.5000 2388.4990   19.3635
    7.5000  -37.5000   52.5000 2372.2302   19.6740
   -7.5000  -30.0000   52.5000 2494.6987   17.8302
    0.0000  -30.0000   52.5000 2507.3438   17.4280
    7.5000  -30.0000   52.5000 2492.7009   17.7224
   -7.5000  -22.5000   52.5000 2610.6099   16.4390
    0.0000  -22.5000   52.5000 2622.4761   16.0599
    7.5000  -22.5000   52.5000 2607.6433   16.3232
   -7.5000  -15.0000   52.5000 2697.7769   15.4791
    0.0000  -15.0000   52.5000 2718.8711   15.0731
    7.5000  -15.0000   52.5000 2701.5229   15.3044
   -7.5000   -7.5000   52.5000 2769.3574   14.9016
    0.0000   -7.5000   52.5000 2793.5693   14.4682
    7.5000   -7.5000   52.5000 2773.9272   14.6680
   -7.5000    0.0000   52.5000 2806.0869   14.5578
    0.0000    0.0000   52.5000 2820.9495   14.1980
    7.5000    0.0000   52.5000 2807.2080   14.3770
   -7.5000    7.5000   52.5000 2809.8201   14.6374
    0.0000    7.5000   52.5000 2824.9844   14.3220
    7.5000    7.5000   52.5000 2809.9526   14.4623
   -7.5000   15.0000   52.5000 2762.8892   15.1130
    0.0000   15.0000   52.5000 2788.2241   14.8469
    7.5000   15.0000   52.5000 2774.2292   14.9574
   -7.5000   22.5000   52.5000 2694.4751   15.8918
    0.0000   22.5000   52.5000 2721.0549   15.6660
    7.5000   22.5000   52.5000 2706.5815   15.7402
   -7.5000   30.0000   52.5000 2605.3979   16.8758
    0.0000   30.0000   52.5000 2630.8110   16.6237
    7.5000   30.0000   52.5000 2612.9910   16.7014
   -7.5000   37.5000   52.5000 2499.9429   18.1063
    0.0000   37.5000   52.5000 2525.6150   17.9170
    7.5000   37.5000   52.5000 2509.5298   17.9597
   -7.5000   45.0000   52.5000 2375.3650   19.7347
    0.0000   45.0000   52.5000 2392.7991   19.5780
    7.5000   45.0000   52.5000 2380.5581   19.5874
   -7.5000  -45.0000   60.0000 2184.0276   22.9059
    0.0000  -45.0000   60.0000 2200.3572   22.5552
    7.5000  -45.0000   60.0000 2180.4438   22.9084
   -7.5000  -37.5000   60.0000 2309.7336   20.3694
    0.0000  -37.5000   60.0000 2327.9187   20.0205
    7.5000  -37.5000   60.0000 2305.8872   20.3384
   -7.5000  -30.0000   60.0000 2426.5840   18.5027
    0.0000  -30.0000   60.0000 2440.7603   18.1167
    7.5000  -30.0000   60.0000 2424.2573   18.3688
   -7.5000  -22.5000   60.0000 2528.6448   17.1077
    0.0000  -22.5000   60.0000 2544.3647   16.7007
    7.5000  -22.5000   60.0000 2529.4092   16.9426
   -7.5000  -15.0000   60.0000 2614.6707   16.1882
    0.0000  -15.0000   60.0000 2638.1443   15.7412
    7.5000  -15.0000   60.0000 2620.3835   15.9533
   -7.5000   -7.5000   60.0000 2673.9331   15.6115
    0.0000   -7.5000   60.0000 2704.1997   15.2181
    7.5000   -7.5000   60.0000 2684.2825   15.4111
   -7.5000    0.0000   60.0000 2704.8250   15.3252
    0.0000    0.0000   60.0000 2726.2549   14.9785
    7.5000    0.0000   60.0000 2707.8840   15.1358
   -7.5000    7.5000   60.0000 2700.1047   15.4116
    0.0000    7.5000   60.0000 2723.3259   15.0855
    7.5000    7.5000   60.0000 2705.0088   15.2078
   -7.5000   15.0000   60.0000 2657.3142   15.8690
    0.0000   15.0000   60.0000 2677.5173   15.5859
    7.5000   15.0000   60.0000 2666.7600   15.6804
   -7.5000   22.5000   60.0000 2590.9473   16.6308
    0.0000   22.5000   60.0000 2611.1855   16.3953
    7.5000   22.5000   60.0000 2598.4126   16.4633
   -7.5000   30.0000   60.0000 2509.3240   17.6122
    0.0000   30.0000   60.0000 2529.1143   17.3505
    7.5000   30.0000   60.0000 2513.4390   17.4381
   -7.5000   37.5000   60.0000 2407.1333   18.8418
    0.0000   37.5000   60.0000 2430.7832   18.5978
    7.5000   37.5000   60.0000 2411.7891   18.6661
   -7.5000   45.0000   60.0000 2279.2803   20.5213
    0.0000   45.0000   60.0000 2301.4800   20.3555
    7.5000   45.0000   60.0000 2286.6179   20.3657

---------------------------------------------------------------------
imgreg_4dfp /opt/freesurfer/average/711-2C_as_mni_average_305 /opt/freesurfer/average/711-2B_as_mni_average_305_mask talsrcimg_g11 none talsrcimg_to_711-2C_as_mni_average_305_t4 1283
---------------------------------------------------------------------

freesurfer imgreg_4dfp.c
/opt/freesurfer/average/711-2C_as_mni_average_305.4dfp.img
       256       256       256         1
  1.000000  1.000000  1.000000
orientation T byte_order littleendian
Reading image: /opt/freesurfer/average/711-2C_as_mni_average_305.4dfp.img
dimensions:      256       256       256
mmppix:       1.0000   -1.0000   -1.0000
center:     128.0000 -129.0000 -129.0000
/opt/freesurfer/average/711-2B_as_mni_average_305_mask.4dfp.img
       256       256       256         1
  1.000000  1.000000  1.000000
orientation T byte_order littleendian
Reading mask: /opt/freesurfer/average/711-2B_as_mni_average_305_mask.4dfp.img (2306576 pixels)
talsrcimg_g11.4dfp.img
       256       256       256         1
  1.000000  1.000000  1.000000
orientation T byte_order littleendian
Reading image: talsrcimg_g11.4dfp.img
dimensions:      256       256       256
mmppix:       1.0000   -1.0000   -1.0000
center:     128.0000 -129.0000 -129.0000
rotation matrix determinant  1.000000
fimgreg.f
image alignment mode   1283 decimal      503 hex
parameters
    0.0000    7.5000   22.5000    0.0000    0.0000    0.0000
eta,q 0.95350 13.07790
niter,ni,del,rscale     5    3   12.0000    1.2000
parameter  2  0.838139 ->  0.500000 qaram    1.1500
parameter  4  0.581162 ->  0.500000 qaram    1.1500
parameter  5  0.707927 ->  0.500000 qaram    1.1500
parameters
   -0.7851    4.0500   22.2408   -3.4500   -3.4500   -1.3629
eta,q 0.96162 13.32748
  0.0571  0.0443  0.0528  0.0441  0.0406  0.0424
  0.0520  0.0441  0.0485  0.0433  0.0389  0.0398
  0.0493  0.0462  0.0456  0.0436  0.0398  0.0384
  0.0478  0.0479  0.0449  0.0449  0.0432  0.0389
  0.0494  0.0503  0.0460  0.0466  0.0469  0.0409
  0.0562  0.0546  0.0491  0.0499  0.0505  0.0438
  0.0652  0.0608  0.0546  0.0535  0.0573  0.0474
niter,ni,del,rscale     7    3   12.0000    1.2000
parameters
   -0.0442    5.5677   21.6133   -5.6196   -3.5784   -1.3978
eta,q 0.96420 13.31476
  0.0613  0.0616  0.0451  0.0410  0.0476  0.0433
  0.0523  0.0522  0.0408  0.0375  0.0423  0.0395
  0.0439  0.0429  0.0380  0.0359  0.0373  0.0367
  0.0384  0.0376  0.0372  0.0372  0.0358  0.0358
  0.0385  0.0379  0.0389  0.0409  0.0380  0.0367
  0.0448  0.0420  0.0431  0.0451  0.0427  0.0396
  0.0538  0.0476  0.0498  0.0486  0.0484  0.0435
niter,ni,del,rscale     6    3   12.0000    1.2000
parameters
   -0.1652    6.3347   21.1705   -6.1613   -3.4976   -1.4179
eta,q 0.96421 13.28956
  0.0558  0.0582  0.0445  0.0439  0.0472  0.0427
  0.0465  0.0485  0.0400  0.0395  0.0423  0.0391
  0.0389  0.0400  0.0370  0.0363  0.0378  0.0366
  0.0358  0.0358  0.0358  0.0359  0.0358  0.0358
  0.0391  0.0376  0.0374  0.0381  0.0371  0.0365
  0.0475  0.0435  0.0417  0.0418  0.0415  0.0391
  0.0576  0.0500  0.0480  0.0461  0.0472  0.0429
niter,ni,del,rscale     5    3   12.0000    1.2000
parameters
   -0.3409    6.5856   21.0453   -6.3713   -3.4047   -1.4566
eta,q 0.96418 13.28141
  0.0548  0.0557  0.0456  0.0447  0.0471  0.0424
  0.0455  0.0462  0.0403  0.0404  0.0423  0.0389
  0.0383  0.0384  0.0373  0.0365  0.0379  0.0366
  0.0358  0.0358  0.0358  0.0358  0.0358  0.0358
  0.0392  0.0385  0.0370  0.0377  0.0370  0.0365
  0.0473  0.0455  0.0409  0.0413  0.0414  0.0390
  0.0570  0.0522  0.0467  0.0453  0.0470  0.0427
niter,ni,del,rscale     4    3   12.0000    1.2000
parameters
   -0.4228    6.6800   21.0141   -6.4655   -3.3527   -1.4779
eta,q 0.96417 13.27808
  0.0552  0.0550  0.0461  0.0450  0.0469  0.0423
  0.0459  0.0456  0.0405  0.0407  0.0422  0.0389
  0.0385  0.0381  0.0373  0.0367  0.0379  0.0366
  0.0358  0.0358  0.0358  0.0358  0.0358  0.0358
  0.0388  0.0389  0.0369  0.0376  0.0371  0.0364
  0.0467  0.0462  0.0407  0.0412  0.0415  0.0389
  0.0562  0.0528  0.0464  0.0451  0.0472  0.0426
niter,ni,del,rscale     3    3   12.0000    1.2000
parameters
   -0.4577    6.7201   21.0010   -6.5097   -3.3306   -1.4872
eta,q 0.96417 13.27665
  0.0555  0.0547  0.0462  0.0451  0.0468  0.0423
  0.0462  0.0454  0.0405  0.0409  0.0421  0.0389
  0.0386  0.0379  0.0373  0.0368  0.0379  0.0366
  0.0358  0.0358  0.0358  0.0358  0.0358  0.0358
  0.0387  0.0391  0.0369  0.0376  0.0371  0.0364
  0.0464  0.0464  0.0407  0.0412  0.0416  0.0388
  0.0560  0.0531  0.0464  0.0451  0.0473  0.0425
registration optimization eta report
parameter search radius
    6.0000    6.9000    6.0000    6.9000    6.9000    6.0000
100000*second partial in parameter space
       54.       37.       29.       19.       23.       18.
  0.0555  0.0547  0.0462  0.0451  0.0468  0.0423
  0.0462  0.0454  0.0405  0.0409  0.0421  0.0389
  0.0386  0.0379  0.0373  0.0368  0.0379  0.0366
  0.0358  0.0358  0.0358  0.0358  0.0358  0.0358
  0.0387  0.0391  0.0369  0.0376  0.0371  0.0364
  0.0464  0.0464  0.0407  0.0412  0.0416  0.0388
  0.0560  0.0531  0.0464  0.0451  0.0473  0.0425
   -0.4577    6.7201   21.0010   -6.5097   -3.3306   -1.4872
eta,q 0.96417 13.27665

---------------------------------------------------------------------
imgreg_4dfp /opt/freesurfer/average/711-2C_as_mni_average_305 /opt/freesurfer/average/711-2B_as_mni_average_305_mask talsrcimg_g11 none talsrcimg_to_711-2C_as_mni_average_305_t4 3335
---------------------------------------------------------------------

freesurfer imgreg_4dfp.c
/opt/freesurfer/average/711-2C_as_mni_average_305.4dfp.img
       256       256       256         1
  1.000000  1.000000  1.000000
orientation T byte_order littleendian
Reading image: /opt/freesurfer/average/711-2C_as_mni_average_305.4dfp.img
dimensions:      256       256       256
mmppix:       1.0000   -1.0000   -1.0000
center:     128.0000 -129.0000 -129.0000
/opt/freesurfer/average/711-2B_as_mni_average_305_mask.4dfp.img
       256       256       256         1
  1.000000  1.000000  1.000000
orientation T byte_order littleendian
Reading mask: /opt/freesurfer/average/711-2B_as_mni_average_305_mask.4dfp.img (2306576 pixels)
talsrcimg_g11.4dfp.img
       256       256       256         1
  1.000000  1.000000  1.000000
orientation T byte_order littleendian
Reading image: talsrcimg_g11.4dfp.img
dimensions:      256       256       256
mmppix:       1.0000   -1.0000   -1.0000
center:     128.0000 -129.0000 -129.0000
fimgreg.f
image alignment mode   3335 decimal      D07 hex
parameters
   -0.4577    6.7201   21.0010   -0.2025   -0.6611   -0.8125
    1.9203    6.0645   -2.5910   11.1835   -5.8097  -11.3179
eta,q 0.96444 13.31173
niter,ni,del,rscale     5    3    5.0000    1.2000
parameter  4  1.655225 ->  0.500000 qaram    1.1500
parameter  5  1.696543 ->  0.500000 qaram    1.1500
parameter 12  0.536287 ->  0.500000 qaram    1.1500
parameters
   -0.3507    6.7240   21.2075   -4.3425   -4.8011   -1.2239
    2.5309    7.4388   -0.7376    8.4018   -3.5977  -15.4579
eta,q 0.97532 13.09024
  0.0389  0.0380  0.0377  0.0289  0.0250  0.0291  0.0300  0.0341  0.0294  0.0270  0.0272  0.0251
  0.0370  0.0367  0.0366  0.0298  0.0258  0.0279  0.0282  0.0303  0.0278  0.0256  0.0262  0.0247
  0.0360  0.0358  0.0359  0.0322  0.0276  0.0269  0.0269  0.0276  0.0267  0.0253  0.0256  0.0247
  0.0356  0.0356  0.0356  0.0355  0.0303  0.0262  0.0263  0.0262  0.0261  0.0259  0.0253  0.0251
  0.0358  0.0358  0.0356  0.0392  0.0335  0.0261  0.0264  0.0262  0.0260  0.0276  0.0251  0.0258
  0.0367  0.0367  0.0361  0.0433  0.0369  0.0270  0.0274  0.0274  0.0263  0.0301  0.0253  0.0268
  0.0383  0.0380  0.0371  0.0478  0.0403  0.0314  0.0290  0.0298  0.0271  0.0332  0.0257  0.0280
niter,ni,del,rscale     7    3    5.0000    1.2000
parameter  4  0.552397 ->  0.500000 qaram    1.3225
parameters
   -0.1271    7.1455   21.9697   -9.1035   -8.7746    1.6316
    2.4498    6.7585   -0.9768    9.0640   -6.8652  -17.2768
eta,q 0.97815 12.84300
  0.0299  0.0291  0.0274  0.0239  0.0239  0.0263  0.0249  0.0259  0.0241  0.0264  0.0223  0.0230
  0.0273  0.0270  0.0261  0.0236  0.0230  0.0249  0.0234  0.0236  0.0230  0.0242  0.0220  0.0221
  0.0255  0.0254  0.0251  0.0234  0.0227  0.0237  0.0226  0.0225  0.0224  0.0228  0.0220  0.0218
  0.0247  0.0246  0.0245  0.0243  0.0235  0.0228  0.0223  0.0223  0.0223  0.0222  0.0222  0.0220
  0.0249  0.0246  0.0243  0.0272  0.0258  0.0224  0.0226  0.0231  0.0225  0.0224  0.0225  0.0225
  0.0261  0.0253  0.0246  0.0311  0.0292  0.0221  0.0235  0.0248  0.0232  0.0233  0.0231  0.0233
  0.0284  0.0268  0.0252  0.0357  0.0329  0.0234  0.0250  0.0276  0.0244  0.0251  0.0238  0.0243
niter,ni,del,rscale     7    3    5.0000    1.2000
parameters
    0.1528    7.4892   21.9840  -10.3476   -9.8108    0.3188
    2.2125    6.6277   -0.3821    9.3810   -7.6271  -17.8458
eta,q 0.97785 12.66556
  0.0264  0.0256  0.0236  0.0252  0.0249  0.0244  0.0247  0.0268  0.0245  0.0257  0.0229  0.0236
  0.0242  0.0237  0.0226  0.0234  0.0235  0.0234  0.0234  0.0241  0.0233  0.0238  0.0224  0.0226
  0.0226  0.0224  0.0220  0.0223  0.0225  0.0225  0.0225  0.0225  0.0226  0.0226  0.0222  0.0222
  0.0218  0.0218  0.0217  0.0217  0.0219  0.0221  0.0222  0.0223  0.0222  0.0222  0.0222  0.0222
  0.0219  0.0218  0.0218  0.0219  0.0224  0.0221  0.0226  0.0230  0.0223  0.0225  0.0224  0.0225
  0.0229  0.0225  0.0224  0.0245  0.0244  0.0246  0.0236  0.0245  0.0229  0.0234  0.0227  0.0231
  0.0248  0.0239  0.0237  0.0290  0.0277  0.0297  0.0251  0.0268  0.0239  0.0251  0.0232  0.0239
niter,ni,del,rscale     6    3    5.0000    1.2000
parameters
    0.1273    7.6170   22.0461  -10.4342   -9.8291    0.0193
    2.1153    6.6047   -0.2080    9.5378   -7.6710  -17.9536
eta,q 0.97778 12.64963
  0.0256  0.0252  0.0238  0.0261  0.0256  0.0252  0.0249  0.0270  0.0243  0.0256  0.0232  0.0238
  0.0237  0.0236  0.0229  0.0241  0.0240  0.0239  0.0235  0.0242  0.0232  0.0237  0.0225  0.0228
  0.0226  0.0225  0.0224  0.0228  0.0229  0.0229  0.0226  0.0226  0.0225  0.0226  0.0222  0.0223
  0.0222  0.0221  0.0221  0.0221  0.0222  0.0222  0.0222  0.0222  0.0222  0.0222  0.0222  0.0222
  0.0225  0.0224  0.0223  0.0219  0.0221  0.0219  0.0225  0.0230  0.0224  0.0226  0.0224  0.0224
  0.0238  0.0232  0.0228  0.0234  0.0235  0.0229  0.0235  0.0245  0.0230  0.0236  0.0227  0.0230
  0.0258  0.0246  0.0237  0.0271  0.0263  0.0272  0.0251  0.0268  0.0241  0.0253  0.0231  0.0238
niter,ni,del,rscale     5    3    5.0000    1.2000
parameters
    0.1225    7.6432   22.0307  -10.4283   -9.8090    0.0314
    2.0891    6.6020   -0.1802    9.5827   -7.6903  -17.9882
eta,q 0.97778 12.65240
  0.0257  0.0250  0.0238  0.0262  0.0257  0.0253  0.0249  0.0271  0.0242  0.0255  0.0232  0.0239
  0.0238  0.0235  0.0229  0.0242  0.0241  0.0241  0.0235  0.0242  0.0231  0.0237  0.0225  0.0228
  0.0226  0.0225  0.0224  0.0229  0.0230  0.0230  0.0226  0.0226  0.0225  0.0226  0.0222  0.0223
  0.0222  0.0222  0.0222  0.0222  0.0222  0.0222  0.0222  0.0222  0.0222  0.0222  0.0222  0.0222
  0.0226  0.0225  0.0224  0.0220  0.0222  0.0219  0.0225  0.0230  0.0224  0.0226  0.0224  0.0224
  0.0238  0.0234  0.0229  0.0234  0.0235  0.0227  0.0235  0.0245  0.0231  0.0236  0.0227  0.0230
  0.0258  0.0249  0.0238  0.0270  0.0263  0.0266  0.0251  0.0267  0.0242  0.0254  0.0231  0.0238
niter,ni,del,rscale     4    3    5.0000    1.2000
parameters
    0.1213    7.6491   22.0231  -10.4333   -9.8169    0.0296
    2.0843    6.5993   -0.1692    9.5946   -7.6992  -17.9998
eta,q 0.97778 12.65184
  0.0257  0.0250  0.0238  0.0262  0.0257  0.0253  0.0249  0.0271  0.0242  0.0255  0.0232  0.0239
  0.0238  0.0234  0.0229  0.0242  0.0241  0.0241  0.0235  0.0242  0.0231  0.0237  0.0225  0.0228
  0.0226  0.0225  0.0224  0.0229  0.0229  0.0230  0.0226  0.0226  0.0225  0.0226  0.0222  0.0223
  0.0222  0.0222  0.0222  0.0222  0.0222  0.0222  0.0222  0.0222  0.0222  0.0222  0.0222  0.0222
  0.0226  0.0225  0.0224  0.0220  0.0222  0.0219  0.0225  0.0230  0.0224  0.0226  0.0224  0.0224
  0.0238  0.0235  0.0229  0.0234  0.0235  0.0227  0.0235  0.0245  0.0231  0.0236  0.0227  0.0230
  0.0258  0.0249  0.0238  0.0270  0.0264  0.0266  0.0250  0.0267  0.0242  0.0254  0.0231  0.0238
registration optimization eta report
parameter search radius
    2.4000    2.4000    2.4000    9.5220    8.2800    7.2000
    7.2000    7.2000    7.2000    7.2000    7.2000    8.2800
100000*second partial in parameter space
       61.       47.       28.        5.        6.        7.
        5.        9.        4.        6.        2.        2.
  0.0257  0.0250  0.0238  0.0262  0.0257  0.0253  0.0249  0.0271  0.0242  0.0255  0.0232  0.0239
  0.0238  0.0234  0.0229  0.0242  0.0241  0.0241  0.0235  0.0242  0.0231  0.0237  0.0225  0.0228
  0.0226  0.0225  0.0224  0.0229  0.0229  0.0230  0.0226  0.0226  0.0225  0.0226  0.0222  0.0223
  0.0222  0.0222  0.0222  0.0222  0.0222  0.0222  0.0222  0.0222  0.0222  0.0222  0.0222  0.0222
  0.0226  0.0225  0.0224  0.0220  0.0222  0.0219  0.0225  0.0230  0.0224  0.0226  0.0224  0.0224
  0.0238  0.0235  0.0229  0.0234  0.0235  0.0227  0.0235  0.0245  0.0231  0.0236  0.0227  0.0230
  0.0258  0.0249  0.0238  0.0270  0.0264  0.0266  0.0250  0.0267  0.0242  0.0254  0.0231  0.0238
    0.1213    7.6491   22.0231  -10.4333   -9.8169    0.0296
    2.0843    6.5993   -0.1692    9.5946   -7.6992  -17.9998
eta,q 0.97778 12.65184

---------------------------------------------------------------------
imgreg_4dfp /opt/freesurfer/average/711-2C_as_mni_average_305 /opt/freesurfer/average/711-2B_as_mni_average_305_mask talsrcimg_g11 none talsrcimg_to_711-2C_as_mni_average_305_t4 2311
---------------------------------------------------------------------

freesurfer imgreg_4dfp.c
/opt/freesurfer/average/711-2C_as_mni_average_305.4dfp.img
       256       256       256         1
  1.000000  1.000000  1.000000
orientation T byte_order littleendian
Reading image: /opt/freesurfer/average/711-2C_as_mni_average_305.4dfp.img
dimensions:      256       256       256
mmppix:       1.0000   -1.0000   -1.0000
center:     128.0000 -129.0000 -129.0000
/opt/freesurfer/average/711-2B_as_mni_average_305_mask.4dfp.img
       256       256       256         1
  1.000000  1.000000  1.000000
orientation T byte_order littleendian
Reading mask: /opt/freesurfer/average/711-2B_as_mni_average_305_mask.4dfp.img (2306576 pixels)
talsrcimg_g11.4dfp.img
       256       256       256         1
  1.000000  1.000000  1.000000
orientation T byte_order littleendian
Reading image: talsrcimg_g11.4dfp.img
dimensions:      256       256       256
mmppix:       1.0000   -1.0000   -1.0000
center:     128.0000 -129.0000 -129.0000
fimgreg.f
image alignment mode   2311 decimal      907 hex
parameters
    0.1213    7.6491   22.0231  -10.4333   -9.8169    0.0296
    2.0843    6.5993   -0.1692    9.5946   -7.6992  -17.9998
eta,q 0.97778 12.65184
niter,ni,del,rscale     5    3    5.0000    0.8000
parameters
    0.1446    7.6225   22.0400   -8.5650   -8.9667    1.2524
    1.6371    6.9406   -0.5006    9.6472   -6.7624  -18.1569
eta,q 0.97836 12.85445
  0.0238  0.0234  0.0229  0.0235  0.0236  0.0238  0.0228  0.0247  0.0225  0.0234  0.0226  0.0223
  0.0230  0.0227  0.0225  0.0229  0.0229  0.0230  0.0221  0.0230  0.0220  0.0224  0.0221  0.0219
  0.0224  0.0223  0.0223  0.0225  0.0224  0.0223  0.0217  0.0220  0.0217  0.0218  0.0218  0.0217
  0.0222  0.0222  0.0222  0.0222  0.0220  0.0218  0.0217  0.0216  0.0217  0.0217  0.0217  0.0216
  0.0224  0.0224  0.0223  0.0220  0.0218  0.0216  0.0219  0.0219  0.0218  0.0219  0.0217  0.0218
  0.0229  0.0228  0.0225  0.0220  0.0221  0.0217  0.0225  0.0227  0.0222  0.0224  0.0218  0.0220
  0.0238  0.0235  0.0229  0.0224  0.0229  0.0227  0.0234  0.0238  0.0228  0.0233  0.0220  0.0223
niter,ni,del,rscale     4    3    5.0000    0.7000
parameters
    0.1787    7.6084   22.0385   -8.5180   -8.9588    1.4710
    1.8730    6.8889   -0.6403    9.6787   -6.5400  -18.1420
eta,q 0.97841 12.86470
  0.0231  0.0227  0.0223  0.0225  0.0228  0.0230  0.0228  0.0235  0.0223  0.0230  0.0221  0.0221
  0.0223  0.0221  0.0219  0.0222  0.0223  0.0224  0.0222  0.0224  0.0219  0.0222  0.0218  0.0218
  0.0218  0.0218  0.0217  0.0219  0.0219  0.0219  0.0218  0.0217  0.0217  0.0217  0.0217  0.0216
  0.0216  0.0216  0.0216  0.0216  0.0216  0.0216  0.0216  0.0216  0.0216  0.0216  0.0216  0.0216
  0.0218  0.0218  0.0217  0.0216  0.0217  0.0215  0.0217  0.0219  0.0217  0.0218  0.0216  0.0217
  0.0222  0.0221  0.0219  0.0219  0.0221  0.0218  0.0220  0.0226  0.0220  0.0222  0.0218  0.0218
  0.0229  0.0227  0.0223  0.0227  0.0229  0.0231  0.0226  0.0235  0.0224  0.0229  0.0220  0.0221
niter,ni,del,rscale     3    3    5.0000    0.6000
parameters
    0.1773    7.6039   22.0374   -8.2765   -8.8717    1.6872
    1.8398    6.9180   -0.7076    9.6753   -6.3180  -18.1232
eta,q 0.97846 12.88911
  0.0226  0.0224  0.0221  0.0223  0.0225  0.0226  0.0223  0.0231  0.0221  0.0226  0.0220  0.0220
  0.0220  0.0219  0.0218  0.0221  0.0221  0.0221  0.0219  0.0222  0.0218  0.0220  0.0217  0.0217
  0.0217  0.0217  0.0217  0.0218  0.0218  0.0218  0.0216  0.0217  0.0216  0.0216  0.0216  0.0216
  0.0216  0.0216  0.0216  0.0216  0.0216  0.0216  0.0215  0.0215  0.0215  0.0215  0.0215  0.0215
  0.0217  0.0217  0.0216  0.0215  0.0216  0.0215  0.0216  0.0217  0.0216  0.0217  0.0216  0.0216
  0.0220  0.0219  0.0218  0.0217  0.0219  0.0217  0.0219  0.0222  0.0218  0.0220  0.0217  0.0217
  0.0226  0.0224  0.0221  0.0223  0.0225  0.0226  0.0224  0.0230  0.0221  0.0225  0.0219  0.0219
niter,ni,del,rscale     2    3    5.0000    0.5000
parameters
    0.1695    7.5963   22.0305   -8.0051   -8.7757    1.9183
    1.8089    6.9682   -0.7840    9.6970   -6.1173  -18.0587
eta,q 0.97851 12.91599
  0.0222  0.0221  0.0219  0.0221  0.0222  0.0222  0.0221  0.0226  0.0219  0.0222  0.0218  0.0218
  0.0219  0.0218  0.0217  0.0219  0.0219  0.0219  0.0217  0.0220  0.0217  0.0218  0.0216  0.0216
  0.0216  0.0216  0.0216  0.0217  0.0216  0.0217  0.0216  0.0216  0.0215  0.0216  0.0215  0.0215
  0.0215  0.0215  0.0215  0.0215  0.0215  0.0215  0.0215  0.0215  0.0215  0.0215  0.0215  0.0215
  0.0216  0.0216  0.0216  0.0215  0.0215  0.0215  0.0215  0.0216  0.0215  0.0216  0.0215  0.0215
  0.0219  0.0218  0.0217  0.0217  0.0217  0.0216  0.0217  0.0220  0.0217  0.0218  0.0216  0.0216
  0.0223  0.0221  0.0219  0.0221  0.0222  0.0222  0.0221  0.0225  0.0219  0.0222  0.0217  0.0218
niter,ni,del,rscale     1    3    5.0000    0.4000
parameters
    0.1616    7.5830   22.0152   -7.7729   -8.6880    2.1576
    1.7992    7.0146   -0.8129    9.7232   -5.9106  -17.9881
eta,q 0.97856 12.94014
  0.0220  0.0218  0.0217  0.0219  0.0219  0.0219  0.0218  0.0222  0.0217  0.0220  0.0217  0.0217
  0.0217  0.0216  0.0216  0.0218  0.0217  0.0217  0.0216  0.0218  0.0216  0.0217  0.0215  0.0215
  0.0215  0.0215  0.0215  0.0216  0.0216  0.0216  0.0215  0.0215  0.0215  0.0215  0.0215  0.0215
  0.0215  0.0215  0.0215  0.0215  0.0215  0.0215  0.0214  0.0214  0.0214  0.0214  0.0214  0.0214
  0.0215  0.0215  0.0215  0.0215  0.0215  0.0214  0.0215  0.0215  0.0215  0.0215  0.0215  0.0215
  0.0217  0.0217  0.0216  0.0216  0.0216  0.0215  0.0216  0.0218  0.0216  0.0217  0.0215  0.0215
  0.0220  0.0219  0.0217  0.0219  0.0219  0.0218  0.0218  0.0221  0.0217  0.0219  0.0216  0.0216
registration optimization eta report
parameter search radius
    0.8000    0.8000    0.8000    2.4000    2.4000    2.4000
    2.4000    2.4000    2.4000    2.4000    2.4000    2.4000
100000*second partial in parameter space
       75.       57.       36.        7.        8.        8.
        7.       12.        5.        9.        3.        3.
  0.0220  0.0218  0.0217  0.0219  0.0219  0.0219  0.0218  0.0222  0.0217  0.0220  0.0217  0.0217
  0.0217  0.0216  0.0216  0.0218  0.0217  0.0217  0.0216  0.0218  0.0216  0.0217  0.0215  0.0215
  0.0215  0.0215  0.0215  0.0216  0.0216  0.0216  0.0215  0.0215  0.0215  0.0215  0.0215  0.0215
  0.0215  0.0215  0.0215  0.0215  0.0215  0.0215  0.0214  0.0214  0.0214  0.0214  0.0214  0.0214
  0.0215  0.0215  0.0215  0.0215  0.0215  0.0214  0.0215  0.0215  0.0215  0.0215  0.0215  0.0215
  0.0217  0.0217  0.0216  0.0216  0.0216  0.0215  0.0216  0.0218  0.0216  0.0217  0.0215  0.0215
  0.0220  0.0219  0.0217  0.0219  0.0219  0.0218  0.0218  0.0221  0.0217  0.0219  0.0216  0.0216
    0.1616    7.5830   22.0152   -7.7729   -8.6880    2.1576
    1.7992    7.0146   -0.8129    9.7232   -5.9106  -17.9881
eta,q 0.97856 12.94014

---------------------------------------------------------------------
imgreg_4dfp /opt/freesurfer/average/711-2C_as_mni_average_305 /opt/freesurfer/average/711-2B_as_mni_average_305_mask talsrcimg_g11 none talsrcimg_to_711-2C_as_mni_average_305_t4 2311
---------------------------------------------------------------------

freesurfer imgreg_4dfp.c
/opt/freesurfer/average/711-2C_as_mni_average_305.4dfp.img
       256       256       256         1
  1.000000  1.000000  1.000000
orientation T byte_order littleendian
Reading image: /opt/freesurfer/average/711-2C_as_mni_average_305.4dfp.img
dimensions:      256       256       256
mmppix:       1.0000   -1.0000   -1.0000
center:     128.0000 -129.0000 -129.0000
/opt/freesurfer/average/711-2B_as_mni_average_305_mask.4dfp.img
       256       256       256         1
  1.000000  1.000000  1.000000
orientation T byte_order littleendian
Reading mask: /opt/freesurfer/average/711-2B_as_mni_average_305_mask.4dfp.img (2306576 pixels)
talsrcimg_g11.4dfp.img
       256       256       256         1
  1.000000  1.000000  1.000000
orientation T byte_order littleendian
Reading image: talsrcimg_g11.4dfp.img
dimensions:      256       256       256
mmppix:       1.0000   -1.0000   -1.0000
center:     128.0000 -129.0000 -129.0000
fimgreg.f
image alignment mode   2311 decimal      907 hex
parameters
    0.1616    7.5830   22.0152   -7.7729   -8.6880    2.1576
    1.7992    7.0146   -0.8129    9.7232   -5.9106  -17.9881
eta,q 0.97856 12.94015
niter,ni,del,rscale     5    3    5.0000    0.8000
parameters
    0.1359    7.5442   21.8913   -8.5273   -9.1123    1.3933
    2.0492    6.8231   -0.7210    9.6831   -6.5346  -18.1216
eta,q 0.97837 12.85570
  0.0233  0.0228  0.0223  0.0225  0.0229  0.0229  0.0232  0.0239  0.0226  0.0233  0.0221  0.0223
  0.0223  0.0221  0.0218  0.0221  0.0222  0.0223  0.0224  0.0225  0.0221  0.0223  0.0218  0.0219
  0.0217  0.0216  0.0215  0.0217  0.0218  0.0218  0.0219  0.0218  0.0218  0.0218  0.0216  0.0217
  0.0214  0.0214  0.0215  0.0215  0.0215  0.0216  0.0217  0.0217  0.0217  0.0217  0.0217  0.0216
  0.0217  0.0216  0.0216  0.0216  0.0217  0.0216  0.0218  0.0221  0.0217  0.0219  0.0218  0.0217
  0.0224  0.0221  0.0220  0.0224  0.0224  0.0226  0.0222  0.0229  0.0220  0.0224  0.0220  0.0220
  0.0234  0.0230  0.0226  0.0239  0.0237  0.0254  0.0229  0.0241  0.0226  0.0233  0.0223  0.0223
niter,ni,del,rscale     4    3    5.0000    0.7000
parameters
    0.1531    7.6060   22.0391   -8.5408   -9.0016    1.4375
    1.9175    6.8354   -0.6489    9.6602   -6.5502  -18.1499
eta,q 0.97840 12.85942
  0.0230  0.0228  0.0224  0.0225  0.0228  0.0229  0.0226  0.0236  0.0224  0.0229  0.0221  0.0221
  0.0223  0.0222  0.0220  0.0222  0.0223  0.0223  0.0221  0.0224  0.0220  0.0222  0.0218  0.0218
  0.0218  0.0218  0.0218  0.0219  0.0219  0.0219  0.0217  0.0218  0.0217  0.0217  0.0216  0.0216
  0.0216  0.0216  0.0216  0.0216  0.0216  0.0216  0.0216  0.0216  0.0216  0.0216  0.0216  0.0216
  0.0218  0.0217  0.0216  0.0216  0.0216  0.0215  0.0217  0.0219  0.0217  0.0218  0.0217  0.0217
  0.0222  0.0220  0.0218  0.0219  0.0220  0.0219  0.0221  0.0225  0.0219  0.0222  0.0218  0.0218
  0.0230  0.0226  0.0221  0.0228  0.0228  0.0232  0.0228  0.0234  0.0223  0.0229  0.0221  0.0221
niter,ni,del,rscale     3    3    5.0000    0.6000
parameters
    0.1754    7.6029   22.0441   -8.3082   -8.8772    1.6753
    1.8217    6.9013   -0.7045    9.6692   -6.3523  -18.1308
eta,q 0.97846 12.88658
  0.0226  0.0224  0.0221  0.0223  0.0225  0.0226  0.0223  0.0231  0.0221  0.0226  0.0220  0.0220
  0.0221  0.0219  0.0218  0.0221  0.0221  0.0221  0.0219  0.0222  0.0218  0.0220  0.0217  0.0217
  0.0217  0.0217  0.0217  0.0218  0.0218  0.0218  0.0216  0.0217  0.0216  0.0216  0.0216  0.0216
  0.0216  0.0216  0.0216  0.0216  0.0216  0.0216  0.0215  0.0215  0.0215  0.0215  0.0215  0.0215
  0.0217  0.0217  0.0216  0.0215  0.0216  0.0215  0.0216  0.0217  0.0216  0.0217  0.0216  0.0216
  0.0220  0.0219  0.0218  0.0218  0.0219  0.0217  0.0219  0.0222  0.0218  0.0220  0.0217  0.0217
  0.0226  0.0224  0.0221  0.0223  0.0225  0.0226  0.0224  0.0229  0.0221  0.0225  0.0219  0.0219
niter,ni,del,rscale     2    3    5.0000    0.5000
parameters
    0.1736    7.5959   22.0343   -8.0220   -8.7699    1.9130
    1.7911    6.9658   -0.7660    9.6964   -6.1176  -18.0661
eta,q 0.97851 12.91518
  0.0223  0.0221  0.0219  0.0221  0.0222  0.0222  0.0221  0.0226  0.0219  0.0222  0.0218  0.0218
  0.0219  0.0218  0.0217  0.0219  0.0219  0.0219  0.0217  0.0220  0.0217  0.0218  0.0216  0.0216
  0.0216  0.0216  0.0216  0.0217  0.0216  0.0217  0.0216  0.0216  0.0215  0.0216  0.0215  0.0215
  0.0215  0.0215  0.0215  0.0215  0.0215  0.0215  0.0215  0.0215  0.0215  0.0215  0.0215  0.0215
  0.0216  0.0216  0.0216  0.0215  0.0215  0.0215  0.0216  0.0216  0.0215  0.0216  0.0215  0.0215
  0.0219  0.0218  0.0217  0.0217  0.0217  0.0216  0.0218  0.0220  0.0217  0.0218  0.0216  0.0216
  0.0223  0.0221  0.0219  0.0221  0.0222  0.0222  0.0221  0.0225  0.0219  0.0222  0.0217  0.0218
niter,ni,del,rscale     1    3    5.0000    0.4000
parameters
    0.1624    7.5834   22.0111   -7.7652   -8.6915    2.1568
    1.7902    7.0173   -0.8097    9.7298   -5.9134  -17.9751
eta,q 0.97855 12.94056
  0.0220  0.0218  0.0217  0.0219  0.0219  0.0219  0.0218  0.0222  0.0217  0.0220  0.0217  0.0217
  0.0217  0.0216  0.0216  0.0218  0.0217  0.0217  0.0216  0.0218  0.0216  0.0217  0.0215  0.0215
  0.0215  0.0215  0.0215  0.0216  0.0216  0.0216  0.0215  0.0215  0.0215  0.0215  0.0215  0.0215
  0.0215  0.0215  0.0215  0.0215  0.0215  0.0215  0.0214  0.0214  0.0214  0.0214  0.0214  0.0214
  0.0215  0.0215  0.0215  0.0215  0.0215  0.0214  0.0215  0.0215  0.0215  0.0215  0.0215  0.0215
  0.0217  0.0217  0.0216  0.0216  0.0216  0.0215  0.0216  0.0218  0.0216  0.0217  0.0215  0.0215
  0.0220  0.0219  0.0217  0.0218  0.0219  0.0218  0.0218  0.0221  0.0217  0.0219  0.0216  0.0216
registration optimization eta report
parameter search radius
    0.8000    0.8000    0.8000    2.4000    2.4000    2.4000
    2.4000    2.4000    2.4000    2.4000    2.4000    2.4000
100000*second partial in parameter space
       74.       57.       36.        7.        8.        8.
        7.       12.        5.        9.        3.        3.
  0.0220  0.0218  0.0217  0.0219  0.0219  0.0219  0.0218  0.0222  0.0217  0.0220  0.0217  0.0217
  0.0217  0.0216  0.0216  0.0218  0.0217  0.0217  0.0216  0.0218  0.0216  0.0217  0.0215  0.0215
  0.0215  0.0215  0.0215  0.0216  0.0216  0.0216  0.0215  0.0215  0.0215  0.0215  0.0215  0.0215
  0.0215  0.0215  0.0215  0.0215  0.0215  0.0215  0.0214  0.0214  0.0214  0.0214  0.0214  0.0214
  0.0215  0.0215  0.0215  0.0215  0.0215  0.0214  0.0215  0.0215  0.0215  0.0215  0.0215  0.0215
  0.0217  0.0217  0.0216  0.0216  0.0216  0.0215  0.0216  0.0218  0.0216  0.0217  0.0215  0.0215
  0.0220  0.0219  0.0217  0.0218  0.0219  0.0218  0.0218  0.0221  0.0217  0.0219  0.0216  0.0216
    0.1624    7.5834   22.0111   -7.7652   -8.6915    2.1568
    1.7902    7.0173   -0.8097    9.7298   -5.9134  -17.9751
eta,q 0.97855 12.94056

---------------------------------------------------------------------
compute_vox2vox talsrcimg talsrcimg_to_711-2C_as_mni_average_305_t4 /opt/freesurfer/average/711-2C_as_mni_average_305
---------------------------------------------------------------------

freesurfer compute_vox2vox.c
Reading: talsrcimg.4dfp.ifh
Reading: talsrcimg_to_711-2C_as_mni_average_305_t4
Reading: /opt/freesurfer/average/711-2C_as_mni_average_305.4dfp.ifh
Writing: talsrcimg_to_711-2C_as_mni_average_305_t4_vox2vox.txt

start time Wed Mar 11 02:27:04 CET 2026
end		time Wed Mar 11 02:28:29 CET 2026

mpr2mni305 success

avi2talxfm orig_nu.mgz /opt/freesurfer/average/mni305.cor.mgz talsrcimg_to_711-2C_as_mni_average_305_t4_vox2vox.txt transforms/talairach.auto.xfm
avi2talxfm done
mv -f /out/sourcedata/freesurfer/sub-v2s12x28893_ses-1/mri/talsrcimg_to_711-2C_as_mni_average_305_t4_vox2vox.txt /out/sourcedata/freesurfer/sub-v2s12x28893_ses-1/mri/transforms/talsrcimg_to_711-2C_as_mni_average_305_t4_vox2vox.txt
lta_convert --src orig_nu.mgz --trg /opt/freesurfer/average/mni305.cor.mgz --inxfm transforms/talairach.auto.xfm --outlta transforms/talairach.auto.xfm.lta --subject fsaverage
7.3.2

--src: orig_nu.mgz src image (geometry).
--trg: /opt/freesurfer/average/mni305.cor.mgz trg image (geometry).
--inmni: transforms/talairach.auto.xfm input MNI/XFM transform.
--outlta: transforms/talairach.auto.xfm.lta output LTA.
--s: fsaverage subject name
 LTA read, type : 1
 1.07934  -0.07080  -0.03510  -1.33165;
 0.06298   0.95674   0.18711  -33.02910;
 0.00286  -0.10258   1.07494  -13.02374;
 0.00000   0.00000   0.00000   1.00000;
setting subject to fsaverage
Writing  LTA to file transforms/talairach.auto.xfm.lta...
lta_convert successful.
 
 
Started at Wed Mar 11 02:27:04 CET 2026
Ended   at Wed Mar 11 02:28:30 CET 2026
talairach_avi done
