status file for recon-all
Wed Mar 11 02:46:46 CET 2026
#@# MotionCor Wed Mar 11 02:46:48 CET 2026
#@# Talairach Wed Mar 11 02:46:53 CET 2026
#@# Talairach Failure Detection Wed Mar 11 02:49:45 CET 2026
#@# Nu Intensity Correction Wed Mar 11 02:49:45 CET 2026
#@# Intensity Normalization Wed Mar 11 02:52:32 CET 2026
recon-all -s sub-v2s12x28903_ses-1 finished without error at Wed Mar 11 02:53:31 CET 2026



#New# invocation of recon-all 



status file for recon-all
Wed Mar 11 02:59:55 CET 2026
#@# EM Registration Wed Mar 11 02:59:55 CET 2026
recon-all -s sub-v2s12x28903_ses-1 finished without error at Wed Mar 11 03:01:44 CET 2026



#New# invocation of recon-all 



status file for recon-all
Wed Mar 11 03:01:46 CET 2026
#@# CA Normalize Wed Mar 11 03:01:46 CET 2026
#@# CA Reg Wed Mar 11 03:02:40 CET 2026
#@# SubCort Seg Wed Mar 11 03:39:11 CET 2026
#@# CC Seg Wed Mar 11 04:02:16 CET 2026
#@# Merge ASeg Wed Mar 11 04:02:35 CET 2026
#@# Intensity Normalization2 Wed Mar 11 04:02:35 CET 2026
#@# Mask BFS Wed Mar 11 04:04:00 CET 2026
#@# WM Segmentation Wed Mar 11 04:04:00 CET 2026
#@# Fill Wed Mar 11 04:05:30 CET 2026
recon-all -s sub-v2s12x28903_ses-1 finished without error at Wed Mar 11 04:06:11 CET 2026



#New# invocation of recon-all 



status file for recon-all
Wed Mar 11 04:49:02 CET 2026
#@# white curv lh Wed Mar 11 04:49:02 CET 2026
#@# white area lh Wed Mar 11 04:49:02 CET 2026
#@# pial curv lh Wed Mar 11 04:49:02 CET 2026
#@# pial area lh Wed Mar 11 04:49:02 CET 2026
#@# thickness lh Wed Mar 11 04:49:02 CET 2026
#@# area and vertex vol lh Wed Mar 11 04:49:02 CET 2026
#@# white curv rh Wed Mar 11 04:49:02 CET 2026
#@# white area rh Wed Mar 11 04:49:02 CET 2026
#@# pial curv rh Wed Mar 11 04:49:02 CET 2026
#@# pial area rh Wed Mar 11 04:49:02 CET 2026
#@# thickness rh Wed Mar 11 04:49:02 CET 2026
#@# area and vertex vol rh Wed Mar 11 04:49:02 CET 2026
#@# Cortical ribbon mask Wed Mar 11 04:49:02 CET 2026
recon-all -s sub-v2s12x28903_ses-1 finished without error at Wed Mar 11 04:55:24 CET 2026



#New# invocation of recon-all 



status file for recon-all
Wed Mar 11 05:01:10 CET 2026
#@# white curv lh Wed Mar 11 05:01:10 CET 2026
#@# white area lh Wed Mar 11 05:01:10 CET 2026
#@# pial curv lh Wed Mar 11 05:01:10 CET 2026
#@# pial area lh Wed Mar 11 05:01:10 CET 2026
#@# thickness lh Wed Mar 11 05:01:10 CET 2026
#@# area and vertex vol lh Wed Mar 11 05:01:10 CET 2026
#@# white curv rh Wed Mar 11 05:01:10 CET 2026
#@# white area rh Wed Mar 11 05:01:10 CET 2026
#@# pial curv rh Wed Mar 11 05:01:10 CET 2026
#@# pial area rh Wed Mar 11 05:01:10 CET 2026
#@# thickness rh Wed Mar 11 05:01:10 CET 2026
#@# area and vertex vol rh Wed Mar 11 05:01:10 CET 2026
#@# Curvature Stats lh Wed Mar 11 05:01:10 CET 2026
#@# Curvature Stats rh Wed Mar 11 05:01:12 CET 2026
#@# Relabel Hypointensities Wed Mar 11 05:01:14 CET 2026
#@# APas-to-ASeg Wed Mar 11 05:01:25 CET 2026
#@# AParc-to-ASeg aparc Wed Mar 11 05:01:32 CET 2026
#@# AParc-to-ASeg aparc.a2009s Wed Mar 11 05:02:10 CET 2026
#@# AParc-to-ASeg aparc.DKTatlas Wed Mar 11 05:02:50 CET 2026
#@# WMParc Wed Mar 11 05:03:30 CET 2026
#@# ASeg Stats Wed Mar 11 05:06:16 CET 2026
recon-all -s sub-v2s12x28903_ses-1 finished without error at Wed Mar 11 05:06:41 CET 2026
