/out/sourcedata/freesurfer/sub-v2s12x28871_ses-1/mri
/opt/freesurfer/bin/talairach_avi
--i orig_nu.mgz --xfm transforms/talairach.auto.xfm
talairach_avi 7.3.2
Linux dna056 5.14.0-427.37.1.el9_4.x86_64 #1 SMP PREEMPT_DYNAMIC Fri Sep 13 12:41:50 EDT 2024 x86_64 x86_64 x86_64 GNU/Linux
Tue Mar 10 22:41:15 CET 2026
mri_convert orig_nu.mgz talsrcimg.img 
reading from orig_nu.mgz...
TR=0.00, TE=0.00, TI=0.00, flip angle=0.00
i_ras = (-1, 0, 0)
j_ras = (0, 0, -1)
k_ras = (0, 1, 0)
writing to talsrcimg.img...
Analyze Output Matrix
-1.00000   0.00000   0.00000   131.37469;
 0.00000   0.00000   1.00000  -109.16400;
 0.00000  -1.00000   0.00000   128.56200;
 0.00000   0.00000   0.00000   1.00000;
--------------------
INFO: set hdr.hist.orient to -1
mpr2mni305 talsrcimg
Tue Mar 10 22:41:15 CET 2026
/opt/freesurfer/bin/mpr2mni305 talsrcimg
mpr2mni305 7.3.2
target=711-2C_as_mni_average_305

---------------------------------------------------------------------
analyzeto4dfp talsrcimg -O0 -y
---------------------------------------------------------------------

freesurfer ifh2hdr.c
Tue Mar 10 22:41:15 2026
Writing: talsrcimg.4dfp.hdr
freesurfer analyzeto4dfp.c
Reading: talsrcimg.hdr
header size 348 bytes
hdr.dime.datatype	offset=70	value=2
hdr.dime.bitpix		offset=72	value=8
hdr.hist.orient		offset=252	value=-1
dimensionality     4
dimensions       256       256       256         1
Reading: talsrcimg.img
Writing: talsrcimg.4dfp.img
Writing: talsrcimg.4dfp.ifh
ifh2hdr talsrcimg -r0to222
ori=2

---------------------------------------------------------------------
gauss_4dfp talsrcimg 1.1
---------------------------------------------------------------------

freesurfer gauss_4dfp.c
Reading: talsrcimg.4dfp.img
Writing: talsrcimg_g11.4dfp.img
image dimensions 256 256 256 padded to 288 288 288
processing volume 1freesurfer ifh2hdr.c
Tue Mar 10 22:41:17 2026
Writing: talsrcimg_g11.4dfp.hdr

Writing: talsrcimg_g11.4dfp.ifh
including: talsrcimg.4dfp.img.rec in talsrcimg_g11.4dfp.img.rec

---------------------------------------------------------------------
imgreg_4dfp /opt/freesurfer/average/711-2C_as_mni_average_305 none talsrcimg_g11 none talsrcimg_to_711-2C_as_mni_average_305_t4 4355
---------------------------------------------------------------------

freesurfer imgreg_4dfp.c
/opt/freesurfer/average/711-2C_as_mni_average_305.4dfp.img
       256       256       256         1
  1.000000  1.000000  1.000000
orientation T byte_order littleendian
Reading image: /opt/freesurfer/average/711-2C_as_mni_average_305.4dfp.img
dimensions:      256       256       256
mmppix:       1.0000   -1.0000   -1.0000
center:     128.0000 -129.0000 -129.0000
talsrcimg_g11.4dfp.img
       256       256       256         1
  1.000000  1.000000  1.000000
orientation T byte_order littleendian
Reading image: talsrcimg_g11.4dfp.img
dimensions:      256       256       256
mmppix:       1.0000   -1.0000   -1.0000
center:     128.0000 -129.0000 -129.0000
t4_read: open error in t4_sub.f l:  41 t4_file(1:l)talsrcimg_to_711-2C_as_mni_average_305_t4 
t4_read: transform initialized to I4
rotation matrix determinant  1.000000
image alignment mode   4355 decimal     1103 hex
   -7.5000  -45.0000  -45.0000 8658.6191   20.6636
    0.0000  -45.0000  -45.0000 9032.5498   20.6639
    7.5000  -45.0000  -45.0000 8633.9951   20.7219
   -7.5000  -37.5000  -45.0000 9064.9023   20.7197
    0.0000  -37.5000  -45.0000 9464.7012   20.7254
    7.5000  -37.5000  -45.0000 9018.8154   20.7732
   -7.5000  -30.0000  -45.0000 9708.3398   20.7271
    0.0000  -30.0000  -45.000010115.6738   20.7251
    7.5000  -30.0000  -45.0000 9639.7627   20.7712
   -7.5000  -22.5000  -45.000010308.7812   20.6733
    0.0000  -22.5000  -45.000010759.2158   20.6555
    7.5000  -22.5000  -45.000010236.7305   20.7117
   -7.5000  -15.0000  -45.000010937.1338   20.6182
    0.0000  -15.0000  -45.000011451.6279   20.5921
    7.5000  -15.0000  -45.000010860.0322   20.6591
   -7.5000   -7.5000  -45.000011388.8838   20.6160
    0.0000   -7.5000  -45.000011923.4404   20.6002
    7.5000   -7.5000  -45.000011318.3564   20.6673
   -7.5000    0.0000  -45.000011650.9580   20.6636
    0.0000    0.0000  -45.000012242.9824   20.6639
    7.5000    0.0000  -45.000011579.1924   20.7219
   -7.5000    7.5000  -45.000011046.5684   20.7197
    0.0000    7.5000  -45.000011623.0771   20.7254
    7.5000    7.5000  -45.000010986.4121   20.7732
   -7.5000   15.0000  -45.000010265.8496   20.7271
    0.0000   15.0000  -45.000010809.9941   20.7251
    7.5000   15.0000  -45.000010222.0479   20.7712
   -7.5000   22.5000  -45.0000 9398.0771   20.6705
    0.0000   22.5000  -45.0000 9881.1045   20.6527
    7.5000   22.5000  -45.0000 9354.4023   20.7089
   -7.5000   30.0000  -45.0000 8533.0918   20.3435
    0.0000   30.0000  -45.0000 8946.9912   20.3177
    7.5000   30.0000  -45.0000 8498.2939   20.3838
   -7.5000   37.5000  -45.0000 8045.3169   20.3413
    0.0000   37.5000  -45.0000 8424.1924   20.3257
    7.5000   37.5000  -45.0000 8038.7632   20.3919
   -7.5000   45.0000  -45.0000 7311.9780   19.9931
    0.0000   45.0000  -45.0000 7607.7715   19.9938
    7.5000   45.0000  -45.0000 7294.4399   20.0518
   -7.5000  -45.0000  -37.5000 9082.5068   20.5795
    0.0000  -45.0000  -37.5000 9490.3262   20.5781
    7.5000  -45.0000  -37.5000 9071.1465   20.6480
   -7.5000  -37.5000  -37.5000 9513.5977   20.6452
    0.0000  -37.5000  -37.5000 9960.7314   20.6495
    7.5000  -37.5000  -37.5000 9481.5186   20.7030
   -7.5000  -30.0000  -37.500010186.5703   20.6631
    0.0000  -30.0000  -37.500010639.0020   20.6618
    7.5000  -30.0000  -37.500010121.1826   20.7081
   -7.5000  -22.5000  -37.500010800.2432   20.6084
    0.0000  -22.5000  -37.500011289.1279   20.5939
    7.5000  -22.5000  -37.500010707.4258   20.6512
   -7.5000  -15.0000  -37.500011434.8154   20.5431
    0.0000  -15.0000  -37.500011976.6875   20.5211
    7.5000  -15.0000  -37.500011355.1191   20.5948
   -7.5000   -7.5000  -37.500011906.6797   20.5320
    0.0000   -7.5000  -37.500012484.5010   20.5177
    7.5000   -7.5000  -37.500011824.1084   20.5969
   -7.5000    0.0000  -37.500012192.7324   20.5795
    0.0000    0.0000  -37.500012828.9248   20.5781
    7.5000    0.0000  -37.500012105.5195   20.6480
   -7.5000    7.5000  -37.500011550.0430   20.6452
    0.0000    7.5000  -37.500012169.3525   20.6495
    7.5000    7.5000  -37.500011505.2764   20.7030
   -7.5000   15.0000  -37.500010753.4199   20.6631
    0.0000   15.0000  -37.500011328.4336   20.6618
    7.5000   15.0000  -37.500010716.1387   20.7081
   -7.5000   22.5000  -37.5000 9839.0127   20.6055
    0.0000   22.5000  -37.500010373.7832   20.5911
    7.5000   22.5000  -37.5000 9819.9414   20.6483
   -7.5000   30.0000  -37.5000 8914.0527   20.2694
    0.0000   30.0000  -37.5000 9372.5273   20.2476
    7.5000   30.0000  -37.5000 8898.5479   20.3204
   -7.5000   37.5000  -37.5000 8387.9570   20.2585
    0.0000   37.5000  -37.5000 8802.1084   20.2443
    7.5000   37.5000  -37.5000 8376.8682   20.3224
   -7.5000   45.0000  -37.5000 7605.8096   19.9166
    0.0000   45.0000  -37.5000 7945.8516   19.9157
    7.5000   45.0000  -37.5000 7587.8760   19.9851
   -7.5000  -45.0000  -30.0000 9617.5469   21.3984
    0.0000  -45.0000  -30.000010078.6494   21.3940
    7.5000  -45.0000  -30.0000 9637.1885   21.4645
   -7.5000  -37.5000  -30.000010107.3672   21.4643
    0.0000  -37.5000  -30.000010590.4609   21.4694
    7.5000  -37.5000  -30.000010084.4023   21.5210
   -7.5000  -30.0000  -30.000010816.0693   21.4893
    0.0000  -30.0000  -30.000011292.2051   21.4949
    7.5000  -30.0000  -30.000010754.3047   21.5378
   -7.5000  -22.5000  -30.000011454.3896   21.4398
    0.0000  -22.5000  -30.000011954.9238   21.4357
    7.5000  -22.5000  -30.000011373.4307   21.4909
   -7.5000  -15.0000  -30.000012121.8252   21.3730
    0.0000  -15.0000  -30.000012669.4941   21.3592
    7.5000  -15.0000  -30.000012057.7549   21.4335
   -7.5000   -7.5000  -30.000012650.8037   21.3565
    0.0000   -7.5000  -30.000013269.4404   21.3431
    7.5000   -7.5000  -30.000012579.8926   21.4239
   -7.5000    0.0000  -30.000012965.5645   21.3984
    0.0000    0.0000  -30.000013621.7900   21.3940
    7.5000    0.0000  -30.000012877.0615   21.4645
   -7.5000    7.5000  -30.000012253.1416   21.4643
    0.0000    7.5000  -30.000012909.7637   21.4694
    7.5000    7.5000  -30.000012207.8281   21.5210
   -7.5000   15.0000  -30.000011401.5615   21.4893
    0.0000   15.0000  -30.000012009.9062   21.4949
    7.5000   15.0000  -30.000011380.3047   21.5378
   -7.5000   22.5000  -30.000010433.7832   21.4347
    0.0000   22.5000  -30.000010995.8838   21.4306
    7.5000   22.5000  -30.000010432.9209   21.4858
   -7.5000   30.0000  -30.0000 9473.2119   21.0902
    0.0000   30.0000  -30.0000 9970.0508   21.0766
    7.5000   30.0000  -30.0000 9461.1895   21.1499
   -7.5000   37.5000  -30.0000 8904.0586   21.0740
    0.0000   37.5000  -30.0000 9362.9189   21.0607
    7.5000   37.5000  -30.0000 8891.5986   21.1405
   -7.5000   45.0000  -30.0000 8024.6377   20.7257
    0.0000   45.0000  -30.0000 8431.2734   20.7219
    7.5000   45.0000  -30.0000 8010.9888   20.7918
   -7.5000  -45.0000  -22.500010120.8467   22.1851
    0.0000  -45.0000  -22.500010629.2734   22.1786
    7.5000  -45.0000  -22.500010178.3389   22.2331
   -7.5000  -37.5000  -22.500010698.8438   22.2393
    0.0000  -37.5000  -22.500011236.4141   22.2463
    7.5000  -37.5000  -22.500010716.1279   22.2868
   -7.5000  -30.0000  -22.500011493.4170   22.2592
    0.0000  -30.0000  -22.500012011.9551   22.2715
    7.5000  -30.0000  -22.500011453.4121   22.3088
   -7.5000  -22.5000  -22.500012173.3633   22.2160
    0.0000  -22.5000  -22.500012654.7373   22.2199
    7.5000  -22.5000  -22.500012107.7607   22.2702
   -7.5000  -15.0000  -22.500012885.1650   22.1595
    0.0000  -15.0000  -22.500013390.4102   22.1503
    7.5000  -15.0000  -22.500012826.1396   22.2155
   -7.5000   -7.5000  -22.500013485.2969   22.1484
    0.0000   -7.5000  -22.500014096.2207   22.1342
    7.5000   -7.5000  -22.500013429.3965   22.2004
   -7.5000    0.0000  -22.500013782.0420   22.1851
    0.0000    0.0000  -22.500014471.2559   22.1785
    7.5000    0.0000  -22.500013717.9287   22.2331
   -7.5000    7.5000  -22.500013007.1582   22.2393
    0.0000    7.5000  -22.500013671.2500   22.2463
    7.5000    7.5000  -22.500012966.9580   22.2868
   -7.5000   15.0000  -22.500012129.0967   22.2592
    0.0000   15.0000  -22.500012741.1465   22.2715
    7.5000   15.0000  -22.500012092.8242   22.3088
   -7.5000   22.5000  -22.500011123.5986   22.2092
    0.0000   22.5000  -22.500011712.5225   22.2130
    7.5000   22.5000  -22.500011123.1250   22.2633
   -7.5000   30.0000  -22.500010155.8828   21.8697
    0.0000   30.0000  -22.500010695.4746   21.8606
    7.5000   30.0000  -22.500010137.2881   21.9249
   -7.5000   37.5000  -22.5000 9566.0713   21.8588
    0.0000   37.5000  -22.500010054.7998   21.8448
    7.5000   37.5000  -22.5000 9521.4150   21.9100
   -7.5000   45.0000  -22.5000 8588.3359   21.4992
    0.0000   45.0000  -22.5000 9023.9268   21.4930
    7.5000   45.0000  -22.5000 8533.2383   21.5477
   -7.5000  -45.0000  -15.000010577.4404   22.8091
    0.0000  -45.0000  -15.000011077.3037   22.8027
    7.5000  -45.0000  -15.000010638.1982   22.8452
   -7.5000  -37.5000  -15.000011265.7842   22.8531
    0.0000  -37.5000  -15.000011801.0479   22.8614
    7.5000  -37.5000  -15.000011307.4346   22.8956
   -7.5000  -30.0000  -15.000012266.1699   22.8618
    0.0000  -30.0000  -15.000012796.7715   22.8744
    7.5000  -30.0000  -15.000012228.5605   22.9115
   -7.5000  -22.5000  -15.000013090.4707   22.8186
    0.0000  -22.5000  -15.000013534.5566   22.8202
    7.5000  -22.5000  -15.000013005.6152   22.8704
   -7.5000  -15.0000  -15.000013829.4619   22.7722
    0.0000  -15.0000  -15.000014233.4434   22.7592
    7.5000  -15.0000  -15.000013696.2080   22.8186
   -7.5000   -7.5000  -15.000014469.9639   22.7714
    0.0000   -7.5000  -15.000014996.0166   22.7546
    7.5000   -7.5000  -15.000014344.0869   22.8093
   -7.5000    0.0000  -15.000014787.0547   22.8091
    0.0000    0.0000  -15.000015417.5498   22.8027
    7.5000    0.0000  -15.000014691.0723   22.8452
   -7.5000    7.5000  -15.000013947.7783   22.8531
    0.0000    7.5000  -15.000014592.7266   22.8614
    7.5000    7.5000  -15.000013858.3320   22.8956
   -7.5000   15.0000  -15.000013025.3252   22.8618
    0.0000   15.0000  -15.000013677.4434   22.8744
    7.5000   15.0000  -15.000012920.5762   22.9115
   -7.5000   22.5000  -15.000012006.2988   22.8105
    0.0000   22.5000  -15.000012643.5107   22.8121
    7.5000   22.5000  -15.000011902.7422   22.8623
   -7.5000   30.0000  -15.000010993.7812   22.4775
    0.0000   30.0000  -15.000011572.7725   22.4646
    7.5000   30.0000  -15.000010886.0264   22.5233
   -7.5000   37.5000  -15.000010341.4365   22.4767
    0.0000   37.5000  -15.000010863.8594   22.4602
    7.5000   37.5000  -15.000010217.7471   22.5141
   -7.5000   45.0000  -15.0000 9221.2207   22.1112
    0.0000   45.0000  -15.0000 9674.7559   22.1050
    7.5000   45.0000  -15.0000 9091.0361   22.1481
   -7.5000  -45.0000   -7.500010969.2002   23.1180
    0.0000  -45.0000   -7.500011416.2246   23.1156
    7.5000  -45.0000   -7.500011007.2197   23.1642
   -7.5000  -37.5000   -7.500011793.0615   23.1663
    0.0000  -37.5000   -7.500012346.0508   23.1745
    7.5000  -37.5000   -7.500011825.6191   23.2159
   -7.5000  -30.0000   -7.500013202.7480   23.1696
    0.0000  -30.0000   -7.500013836.4902   23.1747
    7.5000  -30.0000   -7.500013134.7549   23.2194
   -7.5000  -22.5000   -7.500014449.1963   23.1185
    0.0000  -22.5000   -7.500015058.8232   23.1082
    7.5000  -22.5000   -7.500014218.6426   23.1648
   -7.5000  -15.0000   -7.500015182.6533   23.0700
    0.0000  -15.0000   -7.500015590.2295   23.0469
    7.5000  -15.0000   -7.500014848.6709   23.1116
   -7.5000   -7.5000   -7.500015619.3174   23.0727
    0.0000   -7.5000   -7.500016064.4580   23.0547
    7.5000   -7.5000   -7.500015350.3057   23.1146
   -7.5000    0.0000   -7.500015886.8467   23.1180
    0.0000    0.0000   -7.500016490.2012   23.1156
    7.5000    0.0000   -7.500015637.9385   23.1642
   -7.5000    7.5000   -7.500014986.6631   23.1663
    0.0000    7.5000   -7.500015669.4326   23.1745
    7.5000    7.5000   -7.500014692.1865   23.2159
   -7.5000   15.0000   -7.500013959.8115   23.1696
    0.0000   15.0000   -7.500014723.1680   23.1747
    7.5000   15.0000   -7.500013665.0957   23.2194
   -7.5000   22.5000   -7.500012833.2295   23.1078
    0.0000   22.5000   -7.500013588.8018   23.0975
    7.5000   22.5000   -7.500012572.2217   23.1541
   -7.5000   30.0000   -7.500011698.3535   22.7708
    0.0000   30.0000   -7.500012390.4170   22.7480
    7.5000   30.0000   -7.500011524.1992   22.8119
   -7.5000   37.5000   -7.500011005.6152   22.7735
    0.0000   37.5000   -7.500011590.0264   22.7557
    7.5000   37.5000   -7.500010837.9268   22.8149
   -7.5000   45.0000   -7.5000 9814.7529   22.4143
    0.0000   45.0000   -7.500010340.1016   22.4121
    7.5000   45.0000   -7.5000 9652.8564   22.4613
   -7.5000  -45.0000    0.000011312.0400   23.1231
    0.0000  -45.0000    0.000011748.0615   23.1234
    7.5000  -45.0000    0.000011315.1836   23.1883
   -7.5000  -37.5000    0.000012196.4297   23.1859
    0.0000  -37.5000    0.000012781.7529   23.1923
    7.5000  -37.5000    0.000012147.6328   23.2457
   -7.5000  -30.0000    0.000013826.7910   23.1942
    0.0000  -30.0000    0.000014890.2695   23.1919
    7.5000  -30.0000    0.000013633.9033   23.2435
   -7.5000  -22.5000    0.000015341.3643   23.1340
    0.0000  -22.5000    0.000016492.9941   23.1141
    7.5000  -22.5000    0.000015042.6367   23.1770
   -7.5000  -15.0000    0.000016068.4736   23.0724
    0.0000  -15.0000    0.000016947.9141   23.0431
    7.5000  -15.0000    0.000015761.0205   23.1181
   -7.5000   -7.5000    0.000016416.9727   23.0698
    0.0000   -7.5000    0.000017262.2832   23.0522
    7.5000   -7.5000    0.000016119.3906   23.1273
   -7.5000    0.0000    0.000016588.5098   23.1231
    0.0000    0.0000    0.000017464.8730   23.1234
    7.5000    0.0000    0.000016269.2998   23.1883
   -7.5000    7.5000    0.000015579.5400   23.1859
    0.0000    7.5000    0.000016484.8887   23.1923
    7.5000    7.5000    0.000015215.9473   23.2457
   -7.5000   15.0000    0.000014510.8799   23.1942
    0.0000   15.0000    0.000015422.6201   23.1919
    7.5000   15.0000    0.000014183.1152   23.2435
   -7.5000   22.5000    0.000013349.3818   23.1233
    0.0000   22.5000    0.000014196.6836   23.1034
    7.5000   22.5000    0.000013111.2227   23.1663
   -7.5000   30.0000    0.000012208.0127   22.7738
    0.0000   30.0000    0.000012996.9980   22.7449
    7.5000   30.0000    0.000012053.8965   22.8189
   -7.5000   37.5000    0.000011495.6787   22.7713
    0.0000   37.5000    0.000012201.2871   22.7539
    7.5000   37.5000    0.000011357.5596   22.8280
   -7.5000   45.0000    0.000010236.1963   22.4255
    0.0000   45.0000    0.000010871.2930   22.4263
    7.5000   45.0000    0.000010100.8164   22.4913
   -7.5000  -45.0000    7.500010840.7910   23.0290
    0.0000  -45.0000    7.500011416.9277   23.0275
    7.5000  -45.0000    7.500010771.1494   23.1057
   -7.5000  -37.5000    7.500011672.5801   23.1026
    0.0000  -37.5000    7.500012459.7480   23.1073
    7.5000  -37.5000    7.500011512.1367   23.1672
   -7.5000  -30.0000    7.500013019.6104   23.1226
    0.0000  -30.0000    7.500014159.3975   23.1211
    7.5000  -30.0000    7.500012791.9092   23.1729
   -7.5000  -22.5000    7.500014074.9990   23.0613
    0.0000  -22.5000    7.500015237.2119   23.0451
    7.5000  -22.5000    7.500013878.5967   23.1092
   -7.5000  -15.0000    7.500014761.0986   22.9883
    0.0000  -15.0000    7.500015807.5850   22.9636
    7.5000  -15.0000    7.500014639.1172   23.0462
   -7.5000   -7.5000    7.500015368.3662   22.9759
    0.0000   -7.5000    7.500016466.3965   22.9599
    7.5000   -7.5000    7.500015252.8623   23.0485
   -7.5000    0.0000    7.500015648.4482   23.0290
    0.0000    0.0000    7.500016755.3984   23.0275
    7.5000    0.0000    7.500015512.5000   23.1057
   -7.5000    7.5000    7.500014716.1855   23.1026
    0.0000    7.5000    7.500015742.7188   23.1073
    7.5000    7.5000    7.500014550.9219   23.1672
   -7.5000   15.0000    7.500013715.9707   23.1226
    0.0000   15.0000    7.500014693.9180   23.1211
    7.5000   15.0000    7.500013575.5205   23.1729
   -7.5000   22.5000    7.500012623.7666   23.0507
    0.0000   22.5000    7.500013481.5781   23.0345
    7.5000   22.5000    7.500012530.2393   23.0986
   -7.5000   30.0000    7.500011565.1504   22.6908
    0.0000   30.0000    7.500012311.9268   22.6664
    7.5000   30.0000    7.500011492.5010   22.7479
   -7.5000   37.5000    7.500010961.1689   22.6786
    0.0000   37.5000    7.500011591.4209   22.6628
    7.5000   37.5000    7.500010863.2275   22.7502
   -7.5000   45.0000    7.5000 9782.0830   22.3397
    0.0000   45.0000    7.500010348.1582   22.3387
    7.5000   45.0000    7.5000 9681.4307   22.4166
   -7.5000  -45.0000   15.000010034.1377   22.9841
    0.0000  -45.0000   15.000010656.1924   22.9794
    7.5000  -45.0000   15.0000 9984.4336   23.0551
   -7.5000  -37.5000   15.000010719.2295   23.0549
    0.0000  -37.5000   15.000011466.4414   23.0603
    7.5000  -37.5000   15.000010621.2451   23.1157
   -7.5000  -30.0000   15.000011773.7568   23.0817
    0.0000  -30.0000   15.000012603.7197   23.0877
    7.5000  -30.0000   15.000011699.0127   23.1337
   -7.5000  -22.5000   15.000012588.7979   23.0285
    0.0000  -22.5000   15.000013290.9443   23.0241
    7.5000  -22.5000   15.000012558.8125   23.0834
   -7.5000  -15.0000   15.000013258.8252   22.9567
    0.0000  -15.0000   15.000013903.8096   22.9419
    7.5000  -15.0000   15.000013270.1416   23.0217
   -7.5000   -7.5000   15.000013927.9434   22.9391
    0.0000   -7.5000   15.000014697.6387   22.9246
    7.5000   -7.5000   15.000013950.7539   23.0115
   -7.5000    0.0000   15.000014314.0156   22.9841
    0.0000    0.0000   15.000015158.3633   22.9794
    7.5000    0.0000   15.000014345.5156   23.0551
   -7.5000    7.5000   15.000013552.7207   23.0549
    0.0000    7.5000   15.000014371.7773   23.0603
    7.5000    7.5000   15.000013549.0020   23.1157
   -7.5000   15.0000   15.000012672.7188   23.0817
    0.0000   15.0000   15.000013498.9463   23.0877
    7.5000   15.0000   15.000012675.0586   23.1337
   -7.5000   22.5000   15.000011692.9678   23.0179
    0.0000   22.5000   15.000012470.4854   23.0135
    7.5000   22.5000   15.000011710.1104   23.0727
   -7.5000   30.0000   15.000010695.6152   22.6596
    0.0000   30.0000   15.000011399.4697   22.6449
    7.5000   30.0000   15.000010710.4531   22.7238
   -7.5000   37.5000   15.000010131.1758   22.6423
    0.0000   37.5000   15.000010762.7070   22.6280
    7.5000   37.5000   15.000010109.9805   22.7137
   -7.5000   45.0000   15.0000 9061.7305   22.2977
    0.0000   45.0000   15.0000 9579.6895   22.2935
    7.5000   45.0000   15.0000 9028.3223   22.3688
   -7.5000  -45.0000   22.5000 9279.1445   23.4490
    0.0000  -45.0000   22.5000 9816.6533   23.4427
    7.5000  -45.0000   22.5000 9284.6846   23.5009
   -7.5000  -37.5000   22.5000 9840.9551   23.5075
    0.0000  -37.5000   22.500010455.8320   23.5157
    7.5000  -37.5000   22.5000 9876.1777   23.5585
   -7.5000  -30.0000   22.500010721.8398   23.5290
    0.0000  -30.0000   22.500011314.9219   23.5426
    7.5000  -30.0000   22.500010794.8066   23.5817
   -7.5000  -22.5000   22.500011446.9922   23.4826
    0.0000  -22.5000   22.500011959.2500   23.4868
    7.5000  -22.5000   22.500011536.4893   23.5401
   -7.5000  -15.0000   22.500012116.7246   23.4217
    0.0000  -15.0000   22.500012663.5859   23.4120
    7.5000  -15.0000   22.500012209.4082   23.4814
   -7.5000   -7.5000   22.500012820.4082   23.4096
    0.0000   -7.5000   22.500013460.5859   23.3949
    7.5000   -7.5000   22.500012913.8652   23.4655
   -7.5000    0.0000   22.500013218.5459   23.4490
    0.0000    0.0000   22.500013911.5869   23.4427
    7.5000    0.0000   22.500013297.4961   23.5009
   -7.5000    7.5000   22.500012575.3076   23.5075
    0.0000    7.5000   22.500013234.1895   23.5157
    7.5000    7.5000   22.500012592.9434   23.5585
   -7.5000   15.0000   22.500011799.0293   23.5290
    0.0000   15.0000   22.500012484.4844   23.5426
    7.5000   15.0000   22.500011792.0039   23.5817
   -7.5000   22.5000   22.500010928.0352   23.4717
    0.0000   22.5000   22.500011596.7207   23.4760
    7.5000   22.5000   22.500010934.1748   23.5292
   -7.5000   30.0000   22.5000 9986.5830   23.1185
    0.0000   30.0000   22.500010564.0371   23.1090
    7.5000   30.0000   22.500010000.3018   23.1775
   -7.5000   37.5000   22.5000 9439.3428   23.1067
    0.0000   37.5000   22.5000 9970.7969   23.0922
    7.5000   37.5000   22.5000 9428.4092   23.1618
   -7.5000   45.0000   22.5000 8446.4980   22.7463
    0.0000   45.0000   22.5000 8914.4453   22.7405
    7.5000   45.0000   22.5000 8462.0049   22.7988
   -7.5000  -45.0000   30.0000 8558.4219   24.1983
    0.0000  -45.0000   30.0000 8975.4238   24.1919
    7.5000  -45.0000   30.0000 8580.4102   24.2383
   -7.5000  -37.5000   30.0000 9048.2129   24.2433
    0.0000  -37.5000   30.0000 9517.7451   24.2531
    7.5000  -37.5000   30.0000 9092.3682   24.2904
   -7.5000  -30.0000   30.0000 9807.6162   24.2451
    0.0000  -30.0000   30.000010260.9795   24.2596
    7.5000  -30.0000   30.0000 9884.1729   24.3002
   -7.5000  -22.5000   30.000010475.8877   24.1943
    0.0000  -22.5000   30.000010916.4844   24.1966
    7.5000  -22.5000   30.000010558.9922   24.2517
   -7.5000  -15.0000   30.000011108.9863   24.1463
    0.0000  -15.0000   30.000011596.0391   24.1323
    7.5000  -15.0000   30.000011178.5186   24.1977
   -7.5000   -7.5000   30.000011779.0850   24.1522
    0.0000   -7.5000   30.000012331.5771   24.1342
    7.5000   -7.5000   30.000011838.0723   24.1942
   -7.5000    0.0000   30.000012208.3066   24.1983
    0.0000    0.0000   30.000012803.3711   24.1919
    7.5000    0.0000   30.000012254.4736   24.2383
   -7.5000    7.5000   30.000011616.6680   24.2433
    0.0000    7.5000   30.000012194.2646   24.2531
    7.5000    7.5000   30.000011625.6279   24.2904
   -7.5000   15.0000   30.000010872.1533   24.2451
    0.0000   15.0000   30.000011472.0137   24.2596
    7.5000   15.0000   30.000010870.9717   24.3002
   -7.5000   22.5000   30.000010074.0322   24.1831
    0.0000   22.5000   30.000010639.1377   24.1854
    7.5000   22.5000   30.000010092.2490   24.2405
   -7.5000   30.0000   30.0000 9224.0098   23.8338
    0.0000   30.0000   30.0000 9700.4912   23.8200
    7.5000   30.0000   30.0000 9246.4453   23.8846
   -7.5000   37.5000   30.0000 8729.0938   23.8396
    0.0000   37.5000   30.0000 9177.3057   23.8218
    7.5000   37.5000   30.0000 8716.6611   23.8811
   -7.5000   45.0000   30.0000 7847.0479   23.4484
    0.0000   45.0000   30.0000 8212.7705   23.4420
    7.5000   45.0000   30.0000 7817.7100   23.4891
   -7.5000  -45.0000   37.5000 8267.7969   25.3353
    0.0000  -45.0000   37.5000 8620.7480   25.3288
    7.5000  -45.0000   37.5000 8282.3076   25.3889
   -7.5000  -37.5000   37.5000 8763.4561   25.3836
    0.0000  -37.5000   37.5000 9168.3984   25.3897
    7.5000  -37.5000   37.5000 8780.4668   25.4409
   -7.5000  -30.0000   37.5000 9479.0166   25.3754
    0.0000  -30.0000   37.5000 9874.8506   25.3789
    7.5000  -30.0000   37.5000 9515.2451   25.4348
   -7.5000  -22.5000   37.500010133.3428   25.3127
    0.0000  -22.5000   37.500010542.5859   25.2991
    7.5000  -22.5000   37.500010163.9629   25.3704
   -7.5000  -15.0000   37.500010724.5410   25.2616
    0.0000  -15.0000   37.500011183.5576   25.2334
    7.5000  -15.0000   37.500010735.2119   25.3149
   -7.5000   -7.5000   37.500011345.1309   25.2760
    0.0000   -7.5000   37.500011842.3975   25.2524
    7.5000   -7.5000   37.500011355.5547   25.3273
   -7.5000    0.0000   37.500011816.0088   25.3353
    0.0000    0.0000   37.500012351.8848   25.3288
    7.5000    0.0000   37.500011822.2051   25.3889
   -7.5000    7.5000   37.500011262.4883   25.3836
    0.0000    7.5000   37.500011806.1895   25.3897
    7.5000    7.5000   37.500011235.7217   25.4409
   -7.5000   15.0000   37.500010509.3643   25.3754
    0.0000   15.0000   37.500011050.3506   25.3789
    7.5000   15.0000   37.500010481.3428   25.4348
   -7.5000   22.5000   37.5000 9713.1523   25.3011
    0.0000   22.5000   37.500010243.2334   25.2875
    7.5000   22.5000   37.5000 9706.9775   25.3587
   -7.5000   30.0000   37.5000 8892.0820   24.9347
    0.0000   30.0000   37.5000 9344.9131   24.9069
    7.5000   30.0000   37.5000 8893.2393   24.9873
   -7.5000   37.5000   37.5000 8431.7568   24.9489
    0.0000   37.5000   37.5000 8831.2520   24.9256
    7.5000   37.5000   37.5000 8429.9990   24.9995
   -7.5000   45.0000   37.5000 7573.8047   24.4909
    0.0000   45.0000   37.5000 7898.3643   24.4844
    7.5000   45.0000   37.5000 7564.1689   24.5441
   -7.5000  -45.0000   45.0000 7736.5864   26.5690
    0.0000  -45.0000   45.0000 8037.0562   26.5588
    7.5000  -45.0000   45.0000 7726.8267   26.6450
   -7.5000  -37.5000   45.0000 8180.7754   26.6213
    0.0000  -37.5000   45.0000 8534.4502   26.6187
    7.5000  -37.5000   45.0000 8168.4209   26.6899
   -7.5000  -30.0000   45.0000 8824.6953   26.6224
    0.0000  -30.0000   45.0000 9173.8604   26.6102
    7.5000  -30.0000   45.0000 8819.2646   26.6799
   -7.5000  -22.5000   45.0000 9430.4365   26.5654
    0.0000  -22.5000   45.0000 9794.6943   26.5329
    7.5000  -22.5000   45.0000 9418.5400   26.6181
   -7.5000  -15.0000   45.0000 9976.0762   26.5139
    0.0000  -15.0000   45.000010390.4883   26.4702
    7.5000  -15.0000   45.0000 9957.6670   26.5711
   -7.5000   -7.5000   45.000010512.9580   26.5186
    0.0000   -7.5000   45.000010974.3867   26.4877
    7.5000   -7.5000   45.000010521.3447   26.5882
   -7.5000    0.0000   45.000010931.9492   26.5690
    0.0000    0.0000   45.000011418.8125   26.5588
    7.5000    0.0000   45.000010923.9248   26.6450
   -7.5000    7.5000   45.000010440.4424   26.6213
    0.0000    7.5000   45.000010940.6777   26.6187
    7.5000    7.5000   45.000010405.4014   26.6899
   -7.5000   15.0000   45.0000 9752.1367   26.6224
    0.0000   15.0000   45.000010205.2676   26.6102
    7.5000   15.0000   45.0000 9716.2236   26.6799
   -7.5000   22.5000   45.0000 9018.3145   26.5531
    0.0000   22.5000   45.0000 9476.0547   26.5206
    7.5000   22.5000   45.0000 8996.6611   26.6057
   -7.5000   30.0000   45.0000 8288.3193   26.1685
    0.0000   30.0000   45.0000 8668.6768   26.1253
    7.5000   30.0000   45.0000 8269.1104   26.2250
   -7.5000   37.5000   45.0000 7859.5459   26.1732
    0.0000   37.5000   45.0000 8201.0713   26.1427
    7.5000   37.5000   45.0000 7853.7944   26.2418
   -7.5000   45.0000   45.0000 7034.9077   25.6503
    0.0000   45.0000   45.0000 7323.0391   25.6404
    7.5000   45.0000   45.0000 7015.2642   25.7243

---------------------------------------------------------------------
imgreg_4dfp /opt/freesurfer/average/711-2C_as_mni_average_305 /opt/freesurfer/average/711-2B_as_mni_average_305_mask talsrcimg_g11 none talsrcimg_to_711-2C_as_mni_average_305_t4 4355
---------------------------------------------------------------------

freesurfer imgreg_4dfp.c
/opt/freesurfer/average/711-2C_as_mni_average_305.4dfp.img
       256       256       256         1
  1.000000  1.000000  1.000000
orientation T byte_order littleendian
Reading image: /opt/freesurfer/average/711-2C_as_mni_average_305.4dfp.img
dimensions:      256       256       256
mmppix:       1.0000   -1.0000   -1.0000
center:     128.0000 -129.0000 -129.0000
/opt/freesurfer/average/711-2B_as_mni_average_305_mask.4dfp.img
       256       256       256         1
  1.000000  1.000000  1.000000
orientation T byte_order littleendian
Reading mask: /opt/freesurfer/average/711-2B_as_mni_average_305_mask.4dfp.img (2306576 pixels)
talsrcimg_g11.4dfp.img
       256       256       256         1
  1.000000  1.000000  1.000000
orientation T byte_order littleendian
Reading image: talsrcimg_g11.4dfp.img
dimensions:      256       256       256
mmppix:       1.0000   -1.0000   -1.0000
center:     128.0000 -129.0000 -129.0000
rotation matrix determinant  1.000000
image alignment mode   4355 decimal     1103 hex
   -7.5000  -45.0000  -45.0000 2252.9536   20.3793
    0.0000  -45.0000  -45.0000 2268.6858   20.1741
    7.5000  -45.0000  -45.0000 2245.2825   20.0924
   -7.5000  -37.5000  -45.0000 2303.4084   19.2446
    0.0000  -37.5000  -45.0000 2318.8503   19.0630
    7.5000  -37.5000  -45.0000 2294.6145   19.0010
   -7.5000  -30.0000  -45.0000 2329.7183   18.5025
    0.0000  -30.0000  -45.0000 2344.2192   18.3857
    7.5000  -30.0000  -45.0000 2314.7661   18.2786
   -7.5000  -22.5000  -45.0000 2348.9290   17.9965
    0.0000  -22.5000  -45.0000 2364.3298   17.9217
    7.5000  -22.5000  -45.0000 2335.8484   17.8330
   -7.5000  -15.0000  -45.0000 2360.3521   18.0207
    0.0000  -15.0000  -45.0000 2381.6094   17.9295
    7.5000  -15.0000  -45.0000 2349.5625   17.8472
   -7.5000   -7.5000  -45.0000 2349.1038   18.2253
    0.0000   -7.5000  -45.0000 2368.0398   18.1793
    7.5000   -7.5000  -45.0000 2342.5881   18.1230
   -7.5000    0.0000  -45.0000 2323.1780   18.9318
    0.0000    0.0000  -45.0000 2346.3103   18.8785
    7.5000    0.0000  -45.0000 2316.9626   18.8321
   -7.5000    7.5000  -45.0000 2278.3037   19.8808
    0.0000    7.5000  -45.0000 2301.3398   19.8658
    7.5000    7.5000  -45.0000 2271.1899   19.8090
   -7.5000   15.0000  -45.0000 2207.8879   21.1238
    0.0000   15.0000  -45.0000 2228.0237   21.0300
    7.5000   15.0000  -45.0000 2200.3274   21.0391
   -7.5000   22.5000  -45.0000 2119.9006   22.7498
    0.0000   22.5000  -45.0000 2135.1917   22.5963
    7.5000   22.5000  -45.0000 2110.5386   22.6740
   -7.5000   30.0000  -45.0000 1998.6780   24.9683
    0.0000   30.0000  -45.0000 2007.1475   24.6954
    7.5000   30.0000  -45.0000 1993.1577   24.8470
   -7.5000   37.5000  -45.0000 1878.9688   27.9711
    0.0000   37.5000  -45.0000 1894.2308   27.6639
    7.5000   37.5000  -45.0000 1879.8142   27.8722
   -7.5000   45.0000  -45.0000 1741.7482   31.8976
    0.0000   45.0000  -45.0000 1742.3101   31.5413
    7.5000   45.0000  -45.0000 1738.0292   31.9249
   -7.5000  -45.0000  -37.5000 2319.0850   19.3580
    0.0000  -45.0000  -37.5000 2339.2178   19.2062
    7.5000  -45.0000  -37.5000 2314.1394   19.1130
   -7.5000  -37.5000  -37.5000 2370.1912   18.2165
    0.0000  -37.5000  -37.5000 2389.8206   18.0255
    7.5000  -37.5000  -37.5000 2362.4392   17.9417
   -7.5000  -30.0000  -37.5000 2401.7148   17.3905
    0.0000  -30.0000  -37.5000 2420.2083   17.2483
    7.5000  -30.0000  -37.5000 2394.5857   17.1434
   -7.5000  -22.5000  -37.5000 2424.0884   16.8292
    0.0000  -22.5000  -37.5000 2440.3022   16.7439
    7.5000  -22.5000  -37.5000 2415.1865   16.6427
   -7.5000  -15.0000  -37.5000 2433.5049   16.8480
    0.0000  -15.0000  -37.5000 2448.7871   16.7592
    7.5000  -15.0000  -37.5000 2426.7434   16.6994
   -7.5000   -7.5000  -37.5000 2423.5906   17.0761
    0.0000   -7.5000  -37.5000 2444.0469   17.0234
    7.5000   -7.5000  -37.5000 2418.5715   17.0091
   -7.5000    0.0000  -37.5000 2400.5425   17.7211
    0.0000    0.0000  -37.5000 2430.3245   17.6917
    7.5000    0.0000  -37.5000 2398.5491   17.6540
   -7.5000    7.5000  -37.5000 2354.6052   18.5628
    0.0000    7.5000  -37.5000 2382.1731   18.5806
    7.5000    7.5000  -37.5000 2356.2881   18.5062
   -7.5000   15.0000  -37.5000 2284.3506   19.6552
    0.0000   15.0000  -37.5000 2309.9177   19.6117
    7.5000   15.0000  -37.5000 2284.5271   19.6271
   -7.5000   22.5000  -37.5000 2192.0898   21.1344
    0.0000   22.5000  -37.5000 2213.9236   21.0220
    7.5000   22.5000  -37.5000 2192.3916   21.0872
   -7.5000   30.0000  -37.5000 2065.2910   23.1680
    0.0000   30.0000  -37.5000 2076.7266   22.9288
    7.5000   30.0000  -37.5000 2066.1714   23.0556
   -7.5000   37.5000  -37.5000 1937.0010   25.8725
    0.0000   37.5000  -37.5000 1949.6787   25.5925
    7.5000   37.5000  -37.5000 1937.5201   25.8146
   -7.5000   45.0000  -37.5000 1794.7812   29.5863
    0.0000   45.0000  -37.5000 1797.0625   29.2309
    7.5000   45.0000  -37.5000 1794.8325   29.6029
   -7.5000  -45.0000  -30.0000 2403.7495   19.1545
    0.0000  -45.0000  -30.0000 2424.8608   18.9490
    7.5000  -45.0000  -30.0000 2404.7446   18.9133
   -7.5000  -37.5000  -30.0000 2463.4324   17.9214
    0.0000  -37.5000  -30.0000 2484.7610   17.7445
    7.5000  -37.5000  -30.0000 2464.4983   17.6587
   -7.5000  -30.0000  -30.0000 2499.0032   17.0158
    0.0000  -30.0000  -30.0000 2517.1677   16.7971
    7.5000  -30.0000  -30.0000 2500.1050   16.7187
   -7.5000  -22.5000  -30.0000 2523.8335   16.3644
    0.0000  -22.5000  -30.0000 2541.1873   16.2265
    7.5000  -22.5000  -30.0000 2522.9431   16.1477
   -7.5000  -15.0000  -30.0000 2531.0430   16.3554
    0.0000  -15.0000  -30.0000 2548.6633   16.2458
    7.5000  -15.0000  -30.0000 2532.6675   16.2006
   -7.5000   -7.5000  -30.0000 2531.1868   16.6444
    0.0000   -7.5000  -30.0000 2557.8679   16.5541
    7.5000   -7.5000  -30.0000 2537.0776   16.5209
   -7.5000    0.0000  -30.0000 2515.7009   17.2889
    0.0000    0.0000  -30.0000 2544.7759   17.2214
    7.5000    0.0000  -30.0000 2519.8733   17.1758
   -7.5000    7.5000  -30.0000 2472.5461   18.0911
    0.0000    7.5000  -30.0000 2495.0754   18.0368
    7.5000    7.5000  -30.0000 2474.3289   18.0075
   -7.5000   15.0000  -30.0000 2394.3672   19.1604
    0.0000   15.0000  -30.0000 2415.0044   19.0815
    7.5000   15.0000  -30.0000 2393.6323   19.0833
   -7.5000   22.5000  -30.0000 2296.9246   20.5815
    0.0000   22.5000  -30.0000 2316.1238   20.4464
    7.5000   22.5000  -30.0000 2299.8364   20.4769
   -7.5000   30.0000  -30.0000 2165.7776   22.6003
    0.0000   30.0000  -30.0000 2179.8640   22.3792
    7.5000   30.0000  -30.0000 2165.0740   22.4428
   -7.5000   37.5000  -30.0000 2024.4690   25.2259
    0.0000   37.5000  -30.0000 2032.7461   25.0216
    7.5000   37.5000  -30.0000 2019.6825   25.1103
   -7.5000   45.0000  -30.0000 1872.5042   28.8730
    0.0000   45.0000  -30.0000 1877.0541   28.6102
    7.5000   45.0000  -30.0000 1865.1810   28.7393
   -7.5000  -45.0000  -22.5000 2458.5015   18.9977
    0.0000  -45.0000  -22.5000 2488.4155   18.7854
    7.5000  -45.0000  -22.5000 2470.6729   18.7718
   -7.5000  -37.5000  -22.5000 2529.9658   17.7023
    0.0000  -37.5000  -22.5000 2551.5872   17.4479
    7.5000  -37.5000  -22.5000 2537.4653   17.4320
   -7.5000  -30.0000  -22.5000 2570.0938   16.7304
    0.0000  -30.0000  -22.5000 2595.9199   16.4594
    7.5000  -30.0000  -22.5000 2572.0850   16.4413
   -7.5000  -22.5000  -22.5000 2601.0205   15.9878
    0.0000  -22.5000  -22.5000 2619.3889   15.7423
    7.5000  -22.5000  -22.5000 2597.5125   15.7559
   -7.5000  -15.0000  -22.5000 2615.8328   15.8844
    0.0000  -15.0000  -22.5000 2631.6584   15.6649
    7.5000  -15.0000  -22.5000 2612.3196   15.6879
   -7.5000   -7.5000  -22.5000 2622.9397   16.2592
    0.0000   -7.5000  -22.5000 2646.6340   16.0731
    7.5000   -7.5000  -22.5000 2629.4214   16.0661
   -7.5000    0.0000  -22.5000 2606.2024   16.9062
    0.0000    0.0000  -22.5000 2633.5305   16.7461
    7.5000    0.0000  -22.5000 2612.6257   16.7112
   -7.5000    7.5000  -22.5000 2563.4827   17.7241
    0.0000    7.5000  -22.5000 2584.6575   17.5837
    7.5000    7.5000  -22.5000 2567.6987   17.5762
   -7.5000   15.0000  -22.5000 2490.5688   18.7444
    0.0000   15.0000  -22.5000 2506.4556   18.5964
    7.5000   15.0000  -22.5000 2485.6372   18.6276
   -7.5000   22.5000  -22.5000 2386.8645   20.1489
    0.0000   22.5000  -22.5000 2404.9338   19.9635
    7.5000   22.5000  -22.5000 2388.8186   20.0262
   -7.5000   30.0000  -22.5000 2254.0168   22.1300
    0.0000   30.0000  -22.5000 2269.2280   21.9550
    7.5000   30.0000  -22.5000 2255.5073   22.0145
   -7.5000   37.5000  -22.5000 2107.1433   24.7785
    0.0000   37.5000  -22.5000 2113.3154   24.5108
    7.5000   37.5000  -22.5000 2102.5127   24.6718
   -7.5000   45.0000  -22.5000 1942.8535   28.2471
    0.0000   45.0000  -22.5000 1943.9664   27.9778
    7.5000   45.0000  -22.5000 1934.9633   28.1366
   -7.5000  -45.0000  -15.0000 2487.7661   19.0384
    0.0000  -45.0000  -15.0000 2512.2493   18.7263
    7.5000  -45.0000  -15.0000 2492.4492   18.7475
   -7.5000  -37.5000  -15.0000 2571.9116   17.7058
    0.0000  -37.5000  -15.0000 2587.8643   17.3537
    7.5000  -37.5000  -15.0000 2572.0857   17.4056
   -7.5000  -30.0000  -15.0000 2621.3269   16.7327
    0.0000  -30.0000  -15.0000 2635.5535   16.3557
    7.5000  -30.0000  -15.0000 2615.7051   16.4032
   -7.5000  -22.5000  -15.0000 2658.2881   15.9923
    0.0000  -22.5000  -15.0000 2660.1355   15.5546
    7.5000  -22.5000  -15.0000 2642.6003   15.7343
   -7.5000  -15.0000  -15.0000 2667.9976   15.6869
    0.0000  -15.0000  -15.0000 2664.7310   15.2443
    7.5000  -15.0000  -15.0000 2653.7529   15.4925
   -7.5000   -7.5000  -15.0000 2684.0212   16.0839
    0.0000   -7.5000  -15.0000 2685.6616   15.6886
    7.5000   -7.5000  -15.0000 2677.8865   15.8109
   -7.5000    0.0000  -15.0000 2671.8352   16.6935
    0.0000    0.0000  -15.0000 2680.3145   16.3792
    7.5000    0.0000  -15.0000 2671.3430   16.4538
   -7.5000    7.5000  -15.0000 2631.2427   17.4715
    0.0000    7.5000  -15.0000 2640.0862   17.2083
    7.5000    7.5000  -15.0000 2632.0334   17.2929
   -7.5000   15.0000  -15.0000 2560.9668   18.5208
    0.0000   15.0000  -15.0000 2570.2285   18.2286
    7.5000   15.0000  -15.0000 2553.6443   18.4123
   -7.5000   22.5000  -15.0000 2454.4763   19.9116
    0.0000   22.5000  -15.0000 2465.7871   19.6337
    7.5000   22.5000  -15.0000 2448.0410   19.8183
   -7.5000   30.0000  -15.0000 2317.9941   21.8553
    0.0000   30.0000  -15.0000 2326.8167   21.5660
    7.5000   30.0000  -15.0000 2309.3557   21.7351
   -7.5000   37.5000  -15.0000 2156.0278   24.3894
    0.0000   37.5000  -15.0000 2163.1787   24.0810
    7.5000   37.5000  -15.0000 2150.9658   24.2547
   -7.5000   45.0000  -15.0000 1973.6510   27.6845
    0.0000   45.0000  -15.0000 1981.4089   27.3237
    7.5000   45.0000  -15.0000 1968.4634   27.5414
   -7.5000  -45.0000   -7.5000 2493.2651   19.1199
    0.0000  -45.0000   -7.5000 2494.3289   18.6537
    7.5000  -45.0000   -7.5000 2480.9985   18.7752
   -7.5000  -37.5000   -7.5000 2595.8376   17.8545
    0.0000  -37.5000   -7.5000 2592.1406   17.4250
    7.5000  -37.5000   -7.5000 2580.6472   17.5052
   -7.5000  -30.0000   -7.5000 2673.1472   17.0672
    0.0000  -30.0000   -7.5000 2669.9551   16.6533
    7.5000  -30.0000   -7.5000 2657.5479   16.6321
   -7.5000  -22.5000   -7.5000 2729.7886   16.5342
    0.0000  -22.5000   -7.5000 2720.7932   16.0060
    7.5000  -22.5000   -7.5000 2703.0652   16.1093
   -7.5000  -15.0000   -7.5000 2736.2446   16.0146
    0.0000  -15.0000   -7.5000 2693.7476   15.4064
    7.5000  -15.0000   -7.5000 2707.5137   15.7143
   -7.5000   -7.5000   -7.5000 2731.2114   16.0460
    0.0000   -7.5000   -7.5000 2701.9856   15.5299
    7.5000   -7.5000   -7.5000 2708.7966   15.7521
   -7.5000    0.0000   -7.5000 2705.3157   16.4521
    0.0000    0.0000   -7.5000 2695.1633   16.0468
    7.5000    0.0000   -7.5000 2690.6538   16.1895
   -7.5000    7.5000   -7.5000 2666.1648   17.2538
    0.0000    7.5000   -7.5000 2665.8928   16.9166
    7.5000    7.5000   -7.5000 2651.8938   17.0171
   -7.5000   15.0000   -7.5000 2585.7971   18.3500
    0.0000   15.0000   -7.5000 2597.2720   18.0692
    7.5000   15.0000   -7.5000 2569.1782   18.1376
   -7.5000   22.5000   -7.5000 2480.7751   19.7501
    0.0000   22.5000   -7.5000 2490.8577   19.4960
    7.5000   22.5000   -7.5000 2464.8157   19.5348
   -7.5000   30.0000   -7.5000 2348.2407   21.5770
    0.0000   30.0000   -7.5000 2359.4136   21.3435
    7.5000   30.0000   -7.5000 2337.3904   21.3652
   -7.5000   37.5000   -7.5000 2191.5771   24.1433
    0.0000   37.5000   -7.5000 2194.5137   23.8799
    7.5000   37.5000   -7.5000 2180.5059   23.8906
   -7.5000   45.0000   -7.5000 2012.0315   27.5016
    0.0000   45.0000   -7.5000 2014.1782   27.0604
    7.5000   45.0000   -7.5000 2001.5647   27.1904
   -7.5000  -45.0000    0.0000 2474.1587   19.4882
    0.0000  -45.0000    0.0000 2462.0183   19.0338
    7.5000  -45.0000    0.0000 2458.8232   19.0607
   -7.5000  -37.5000    0.0000 2596.5681   18.2665
    0.0000  -37.5000    0.0000 2582.2385   17.8569
    7.5000  -37.5000    0.0000 2570.8997   17.8086
   -7.5000  -30.0000    0.0000 2709.9683   17.5962
    0.0000  -30.0000    0.0000 2702.9226   17.3109
    7.5000  -30.0000    0.0000 2677.0156   17.0655
   -7.5000  -22.5000    0.0000 2791.9949   17.2110
    0.0000  -22.5000    0.0000 2817.4297   17.0904
    7.5000  -22.5000    0.0000 2749.4778   16.6508
   -7.5000  -15.0000    0.0000 2798.9514   16.5360
    0.0000  -15.0000    0.0000 2804.8000   16.2767
    7.5000  -15.0000    0.0000 2753.1582   16.1674
   -7.5000   -7.5000    0.0000 2746.8547   16.1123
    0.0000   -7.5000    0.0000 2746.4492   15.7523
    7.5000   -7.5000    0.0000 2721.7776   15.9217
   -7.5000    0.0000    0.0000 2712.7358   16.3565
    0.0000    0.0000    0.0000 2708.4434   16.0333
    7.5000    0.0000    0.0000 2691.5950   16.1412
   -7.5000    7.5000    0.0000 2672.3005   17.1758
    0.0000    7.5000    0.0000 2672.4197   16.9101
    7.5000    7.5000    0.0000 2647.1326   16.9086
   -7.5000   15.0000    0.0000 2586.9167   18.3857
    0.0000   15.0000    0.0000 2591.2961   18.1541
    7.5000   15.0000    0.0000 2565.6235   18.0959
   -7.5000   22.5000    0.0000 2488.3870   19.8647
    0.0000   22.5000    0.0000 2492.4470   19.6640
    7.5000   22.5000    0.0000 2470.4612   19.5832
   -7.5000   30.0000    0.0000 2359.8674   21.7725
    0.0000   30.0000    0.0000 2372.3242   21.5826
    7.5000   30.0000    0.0000 2347.3721   21.5218
   -7.5000   37.5000    0.0000 2204.2827   24.2470
    0.0000   37.5000    0.0000 2224.9009   24.1378
    7.5000   37.5000    0.0000 2196.4233   24.0176
   -7.5000   45.0000    0.0000 2023.9523   27.5025
    0.0000   45.0000    0.0000 2041.7595   27.4100
    7.5000   45.0000    0.0000 2015.7092   27.2410
   -7.5000  -45.0000    7.5000 2479.5601   20.4989
    0.0000  -45.0000    7.5000 2483.5918   20.2347
    7.5000  -45.0000    7.5000 2445.4905   20.0475
   -7.5000  -37.5000    7.5000 2608.5010   19.1969
    0.0000  -37.5000    7.5000 2625.5051   19.0201
    7.5000  -37.5000    7.5000 2564.8828   18.7447
   -7.5000  -30.0000    7.5000 2721.3750   18.3138
    0.0000  -30.0000    7.5000 2751.6807   18.2688
    7.5000  -30.0000    7.5000 2675.1472   17.8052
   -7.5000  -22.5000    7.5000 2785.1670   17.5046
    0.0000  -22.5000    7.5000 2841.6414   17.5649
    7.5000  -22.5000    7.5000 2746.4221   17.1369
   -7.5000  -15.0000    7.5000 2793.1313   16.7416
    0.0000  -15.0000    7.5000 2807.4600   16.5705
    7.5000  -15.0000    7.5000 2761.4927   16.5714
   -7.5000   -7.5000    7.5000 2790.4133   16.6120
    0.0000   -7.5000    7.5000 2805.0610   16.4403
    7.5000   -7.5000    7.5000 2755.8838   16.5135
   -7.5000    0.0000    7.5000 2743.3228   16.9128
    0.0000    0.0000    7.5000 2762.5789   16.8278
    7.5000    0.0000    7.5000 2713.6392   16.8306
   -7.5000    7.5000    7.5000 2676.6216   17.6445
    0.0000    7.5000    7.5000 2694.5256   17.5311
    7.5000    7.5000    7.5000 2648.1128   17.5105
   -7.5000   15.0000    7.5000 2579.2671   18.8270
    0.0000   15.0000    7.5000 2595.3015   18.6851
    7.5000   15.0000    7.5000 2553.7935   18.5777
   -7.5000   22.5000    7.5000 2474.1519   20.3163
    0.0000   22.5000    7.5000 2484.2554   20.1182
    7.5000   22.5000    7.5000 2455.6899   20.0216
   -7.5000   30.0000    7.5000 2351.4045   22.1284
    0.0000   30.0000    7.5000 2360.1960   21.9090
    7.5000   30.0000    7.5000 2333.6357   21.8492
   -7.5000   37.5000    7.5000 2201.1108   24.5529
    0.0000   37.5000    7.5000 2213.0540   24.3356
    7.5000   37.5000    7.5000 2191.4255   24.3248
   -7.5000   45.0000    7.5000 2020.0648   27.8376
    0.0000   45.0000    7.5000 2039.0725   27.6144
    7.5000   45.0000    7.5000 2015.8519   27.6027
   -7.5000  -45.0000   15.0000 2471.1479   21.5665
    0.0000  -45.0000   15.0000 2479.9326   21.3895
    7.5000  -45.0000   15.0000 2432.4651   21.1818
   -7.5000  -37.5000   15.0000 2588.0264   20.0776
    0.0000  -37.5000   15.0000 2604.9060   19.9544
    7.5000  -37.5000   15.0000 2546.8228   19.6342
   -7.5000  -30.0000   15.0000 2677.5747   18.9586
    0.0000  -30.0000   15.0000 2702.7500   18.8642
    7.5000  -30.0000   15.0000 2647.5049   18.4982
   -7.5000  -22.5000   15.0000 2731.7971   17.8561
    0.0000  -22.5000   15.0000 2750.5815   17.5884
    7.5000  -22.5000   15.0000 2710.4819   17.6510
   -7.5000  -15.0000   15.0000 2779.5103   17.1442
    0.0000  -15.0000   15.0000 2775.0059   16.7023
    7.5000  -15.0000   15.0000 2760.2009   17.0133
   -7.5000   -7.5000   15.0000 2784.3530   17.1646
    0.0000   -7.5000   15.0000 2797.8896   16.8279
    7.5000   -7.5000   15.0000 2759.4165   17.0492
   -7.5000    0.0000   15.0000 2735.7383   17.6501
    0.0000    0.0000   15.0000 2751.3066   17.4049
    7.5000    0.0000   15.0000 2714.3240   17.5615
   -7.5000    7.5000   15.0000 2659.5015   18.4773
    0.0000    7.5000   15.0000 2680.9629   18.3600
    7.5000    7.5000   15.0000 2635.9192   18.3770
   -7.5000   15.0000   15.0000 2561.7275   19.6315
    0.0000   15.0000   15.0000 2587.0156   19.5565
    7.5000   15.0000   15.0000 2537.6711   19.4821
   -7.5000   22.5000   15.0000 2452.8472   21.0505
    0.0000   22.5000   15.0000 2468.7664   20.9563
    7.5000   22.5000   15.0000 2433.6179   20.8870
   -7.5000   30.0000   15.0000 2313.5308   22.8448
    0.0000   30.0000   15.0000 2326.8552   22.7628
    7.5000   30.0000   15.0000 2300.0693   22.6094
   -7.5000   37.5000   15.0000 2162.1357   25.2270
    0.0000   37.5000   15.0000 2175.4683   25.0390
    7.5000   37.5000   15.0000 2154.5710   24.9183
   -7.5000   45.0000   15.0000 1993.9812   28.3963
    0.0000   45.0000   15.0000 2006.1204   28.0014
    7.5000   45.0000   15.0000 1993.4424   28.0108
   -7.5000  -45.0000   22.5000 2432.2197   22.5488
    0.0000  -45.0000   22.5000 2444.8289   22.3045
    7.5000  -45.0000   22.5000 2406.8225   22.2113
   -7.5000  -37.5000   22.5000 2534.9417   20.8906
    0.0000  -37.5000   22.5000 2543.5251   20.5980
    7.5000  -37.5000   22.5000 2510.8015   20.5573
   -7.5000  -30.0000   22.5000 2609.9104   19.5724
    0.0000  -30.0000   22.5000 2619.4775   19.2294
    7.5000  -30.0000   22.5000 2594.4875   19.3022
   -7.5000  -22.5000   22.5000 2675.7852   18.3916
    0.0000  -22.5000   22.5000 2675.9038   17.8988
    7.5000  -22.5000   22.5000 2660.2327   18.3113
   -7.5000  -15.0000   22.5000 2726.3679   17.7750
    0.0000  -15.0000   22.5000 2722.5718   17.3481
    7.5000  -15.0000   22.5000 2703.8015   17.6951
   -7.5000   -7.5000   22.5000 2727.1023   17.9090
    0.0000   -7.5000   22.5000 2737.6978   17.5553
    7.5000   -7.5000   22.5000 2708.9993   17.7891
   -7.5000    0.0000   22.5000 2681.7808   18.4485
    0.0000    0.0000   22.5000 2690.0261   18.1433
    7.5000    0.0000   22.5000 2663.4436   18.3469
   -7.5000    7.5000   22.5000 2611.6641   19.3093
    0.0000    7.5000   22.5000 2623.5449   19.0852
    7.5000    7.5000   22.5000 2590.2654   19.2209
   -7.5000   15.0000   22.5000 2518.9697   20.5496
    0.0000   15.0000   22.5000 2544.1985   20.4316
    7.5000   15.0000   22.5000 2499.5383   20.4426
   -7.5000   22.5000   22.5000 2409.4465   22.0490
    0.0000   22.5000   22.5000 2437.0405   21.9757
    7.5000   22.5000   22.5000 2393.2092   21.9131
   -7.5000   30.0000   22.5000 2267.2622   23.8409
    0.0000   30.0000   22.5000 2275.5559   23.7272
    7.5000   30.0000   22.5000 2258.8599   23.6824
   -7.5000   37.5000   22.5000 2115.4189   26.1416
    0.0000   37.5000   22.5000 2127.9724   26.0401
    7.5000   37.5000   22.5000 2107.2520   25.9833
   -7.5000   45.0000   22.5000 1964.1490   29.2158
    0.0000   45.0000   22.5000 1981.8728   29.0295
    7.5000   45.0000   22.5000 1955.0027   29.0464
   -7.5000  -45.0000   30.0000 2373.3181   23.5931
    0.0000  -45.0000   30.0000 2379.7600   23.1481
    7.5000  -45.0000   30.0000 2357.6226   23.3066
   -7.5000  -37.5000   30.0000 2464.8760   21.7215
    0.0000  -37.5000   30.0000 2460.4539   21.2276
    7.5000  -37.5000   30.0000 2448.4934   21.4917
   -7.5000  -30.0000   30.0000 2534.0476   20.2889
    0.0000  -30.0000   30.0000 2537.4536   19.7247
    7.5000  -30.0000   30.0000 2519.9695   20.1149
   -7.5000  -22.5000   30.0000 2605.2473   19.1410
    0.0000  -22.5000   30.0000 2604.9365   18.6540
    7.5000  -22.5000   30.0000 2586.8965   19.1063
   -7.5000  -15.0000   30.0000 2647.7961   18.6760
    0.0000  -15.0000   30.0000 2643.8547   18.2717
    7.5000  -15.0000   30.0000 2622.0261   18.6028
   -7.5000   -7.5000   30.0000 2648.7678   18.7960
    0.0000   -7.5000   30.0000 2652.2683   18.4690
    7.5000   -7.5000   30.0000 2629.4592   18.6733
   -7.5000    0.0000   30.0000 2602.1064   19.3910
    0.0000    0.0000   30.0000 2607.1748   19.0788
    7.5000    0.0000   30.0000 2584.2793   19.3038
   -7.5000    7.5000   30.0000 2538.5093   20.3295
    0.0000    7.5000   30.0000 2547.5676   20.0441
    7.5000    7.5000   30.0000 2520.0901   20.2043
   -7.5000   15.0000   30.0000 2452.8481   21.5317
    0.0000   15.0000   30.0000 2478.8679   21.3667
    7.5000   15.0000   30.0000 2438.1008   21.4639
   -7.5000   22.5000   30.0000 2346.3303   23.1069
    0.0000   22.5000   30.0000 2368.9233   22.9762
    7.5000   22.5000   30.0000 2335.9231   23.0313
   -7.5000   30.0000   30.0000 2205.6165   24.9543
    0.0000   30.0000   30.0000 2212.6863   24.8184
    7.5000   30.0000   30.0000 2197.1042   24.8660
   -7.5000   37.5000   30.0000 2067.9880   27.2633
    0.0000   37.5000   30.0000 2081.4722   27.2234
    7.5000   37.5000   30.0000 2056.2793   27.2296
   -7.5000   45.0000   30.0000 1931.4240   30.4736
    0.0000   45.0000   30.0000 1937.7782   30.2511
    7.5000   45.0000   30.0000 1922.0355   30.3286
   -7.5000  -45.0000   37.5000 2304.8889   24.7497
    0.0000  -45.0000   37.5000 2302.6792   24.0967
    7.5000  -45.0000   37.5000 2291.8499   24.5064
   -7.5000  -37.5000   37.5000 2386.7126   22.8106
    0.0000  -37.5000   37.5000 2391.6428   22.2151
    7.5000  -37.5000   37.5000 2372.0112   22.5986
   -7.5000  -30.0000   37.5000 2461.0906   21.3165
    0.0000  -30.0000   37.5000 2463.2346   20.6769
    7.5000  -30.0000   37.5000 2444.9927   21.1862
   -7.5000  -22.5000   37.5000 2533.7671   20.2097
    0.0000  -22.5000   37.5000 2533.7412   19.7495
    7.5000  -22.5000   37.5000 2508.6597   20.1436
   -7.5000  -15.0000   37.5000 2562.5259   19.7944
    0.0000  -15.0000   37.5000 2563.6863   19.3936
    7.5000  -15.0000   37.5000 2537.3706   19.6908
   -7.5000   -7.5000   37.5000 2559.0820   19.9173
    0.0000   -7.5000   37.5000 2561.7566   19.5137
    7.5000   -7.5000   37.5000 2542.4790   19.7693
   -7.5000    0.0000   37.5000 2518.0898   20.5097
    0.0000    0.0000   37.5000 2525.5549   20.1631
    7.5000    0.0000   37.5000 2503.2830   20.3773
   -7.5000    7.5000   37.5000 2462.3682   21.4599
    0.0000    7.5000   37.5000 2473.8706   21.1687
    7.5000    7.5000   37.5000 2446.8401   21.3250
   -7.5000   15.0000   37.5000 2378.7346   22.6616
    0.0000   15.0000   37.5000 2401.7883   22.4937
    7.5000   15.0000   37.5000 2366.4780   22.6054
   -7.5000   22.5000   37.5000 2273.3872   24.2509
    0.0000   22.5000   37.5000 2298.7451   24.1059
    7.5000   22.5000   37.5000 2263.4441   24.2266
   -7.5000   30.0000   37.5000 2137.4153   26.1633
    0.0000   30.0000   37.5000 2150.6460   25.9566
    7.5000   30.0000   37.5000 2129.3145   26.1145
   -7.5000   37.5000   37.5000 2009.0751   28.6367
    0.0000   37.5000   37.5000 2016.2877   28.5343
    7.5000   37.5000   37.5000 2004.9604   28.5680
   -7.5000   45.0000   37.5000 1878.4388   31.9264
    0.0000   45.0000   37.5000 1886.6035   31.7834
    7.5000   45.0000   37.5000 1872.1851   31.9354
   -7.5000  -45.0000   45.0000 2222.8450   26.1473
    0.0000  -45.0000   45.0000 2231.5078   25.4661
    7.5000  -45.0000   45.0000 2211.7668   25.9737
   -7.5000  -37.5000   45.0000 2313.7571   24.2132
    0.0000  -37.5000   45.0000 2321.8479   23.4793
    7.5000  -37.5000   45.0000 2299.6077   24.0168
   -7.5000  -30.0000   45.0000 2381.1145   22.6454
    0.0000  -30.0000   45.0000 2389.4036   22.0089
    7.5000  -30.0000   45.0000 2361.7993   22.5074
   -7.5000  -22.5000   45.0000 2444.1650   21.5743
    0.0000  -22.5000   45.0000 2444.5884   21.0837
    7.5000  -22.5000   45.0000 2420.2085   21.4619
   -7.5000  -15.0000   45.0000 2464.7864   21.2241
    0.0000  -15.0000   45.0000 2470.9988   20.7519
    7.5000  -15.0000   45.0000 2445.1702   21.0204
   -7.5000   -7.5000   45.0000 2456.5759   21.3025
    0.0000   -7.5000   45.0000 2464.7144   20.9029
    7.5000   -7.5000   45.0000 2449.3916   21.1206
   -7.5000    0.0000   45.0000 2421.5068   21.8471
    0.0000    0.0000   45.0000 2431.0850   21.5240
    7.5000    0.0000   45.0000 2409.7888   21.7299
   -7.5000    7.5000   45.0000 2369.2593   22.7947
    0.0000    7.5000   45.0000 2389.6929   22.5275
    7.5000    7.5000   45.0000 2358.6433   22.6972
   -7.5000   15.0000   45.0000 2292.7380   24.0349
    0.0000   15.0000   45.0000 2310.8706   23.8233
    7.5000   15.0000   45.0000 2281.0161   23.9323
   -7.5000   22.5000   45.0000 2179.7876   25.6638
    0.0000   22.5000   45.0000 2208.0308   25.4304
    7.5000   22.5000   45.0000 2174.3850   25.5584
   -7.5000   30.0000   45.0000 2063.5645   27.7049
    0.0000   30.0000   45.0000 2073.4609   27.3991
    7.5000   30.0000   45.0000 2054.6396   27.5893
   -7.5000   37.5000   45.0000 1950.1772   30.2667
    0.0000   37.5000   45.0000 1957.5468   30.0061
    7.5000   37.5000   45.0000 1945.9441   30.1792
   -7.5000   45.0000   45.0000 1825.8704   33.8128
    0.0000   45.0000   45.0000 1832.6794   33.4940
    7.5000   45.0000   45.0000 1821.0234   33.7771

---------------------------------------------------------------------
imgreg_4dfp /opt/freesurfer/average/711-2C_as_mni_average_305 /opt/freesurfer/average/711-2B_as_mni_average_305_mask talsrcimg_g11 none talsrcimg_to_711-2C_as_mni_average_305_t4 1283
---------------------------------------------------------------------

freesurfer imgreg_4dfp.c
/opt/freesurfer/average/711-2C_as_mni_average_305.4dfp.img
       256       256       256         1
  1.000000  1.000000  1.000000
orientation T byte_order littleendian
Reading image: /opt/freesurfer/average/711-2C_as_mni_average_305.4dfp.img
dimensions:      256       256       256
mmppix:       1.0000   -1.0000   -1.0000
center:     128.0000 -129.0000 -129.0000
/opt/freesurfer/average/711-2B_as_mni_average_305_mask.4dfp.img
       256       256       256         1
  1.000000  1.000000  1.000000
orientation T byte_order littleendian
Reading mask: /opt/freesurfer/average/711-2B_as_mni_average_305_mask.4dfp.img (2306576 pixels)
talsrcimg_g11.4dfp.img
       256       256       256         1
  1.000000  1.000000  1.000000
orientation T byte_order littleendian
Reading image: talsrcimg_g11.4dfp.img
dimensions:      256       256       256
mmppix:       1.0000   -1.0000   -1.0000
center:     128.0000 -129.0000 -129.0000
rotation matrix determinant  1.000000
fimgreg.f
image alignment mode   1283 decimal      503 hex
parameters
    0.0000  -22.5000    7.5000    0.0000    0.0000    0.0000
eta,q 0.89100 17.58812
niter,ni,del,rscale     5    3   12.0000    1.2000
parameter  4  0.827262 ->  0.500000 qaram    1.1500
parameters
   -1.2677  -20.7336    4.5820   -3.4500   -0.6998   -1.7820
eta,q 0.90167 17.59387
  0.1163  0.1330  0.1056  0.0998  0.1073  0.1001
  0.1108  0.1243  0.1017  0.0987  0.1029  0.0991
  0.1062  0.1138  0.1013  0.0995  0.0991  0.0983
  0.1058  0.1053  0.1040  0.1012  0.0987  0.0984
  0.1093  0.1042  0.1116  0.1037  0.1019  0.0997
  0.1217  0.1094  0.1208  0.1065  0.1068  0.1023
  0.1327  0.1144  0.1309  0.1087  0.1110  0.1057
niter,ni,del,rscale     5    3   12.0000    1.2000
parameters
   -1.5197  -18.6812    3.8959   -4.7494   -0.5570   -2.1285
eta,q 0.90379 17.41738
  0.1174  0.1246  0.1145  0.1040  0.1078  0.0998
  0.1096  0.1157  0.1040  0.0991  0.1036  0.0975
  0.1015  0.1058  0.0983  0.0965  0.0993  0.0963
  0.0983  0.0984  0.0981  0.0975  0.0964  0.0963
  0.1002  0.0980  0.1031  0.1013  0.0967  0.0974
  0.1094  0.1016  0.1122  0.1052  0.1021  0.0986
  0.1239  0.1046  0.1213  0.1078  0.1080  0.1000
niter,ni,del,rscale     4    3   12.0000    1.2000
parameters
   -1.6564  -18.0475    3.5616   -5.0338   -0.4957   -1.9404
eta,q 0.90303 17.32179
  0.1144  0.1165  0.1175  0.1058  0.1074  0.1011
  0.1079  0.1062  0.1053  0.1017  0.1037  0.0988
  0.0998  0.0979  0.0990  0.0975  0.0998  0.0972
  0.0962  0.0963  0.0973  0.0971  0.0970  0.0969
  0.0977  0.0999  0.1015  0.0995  0.0972  0.0978
  0.1057  0.1035  0.1107  0.1031  0.1024  0.0990
  0.1196  0.1077  0.1205  0.1065  0.1084  0.1001
niter,ni,del,rscale     3    3   12.0000    1.2000
parameters
   -1.6917  -17.8103    3.4735   -5.0863   -0.5171   -1.6996
eta,q 0.90260 17.29363
  0.1142  0.1136  0.1198  0.1062  0.1071  0.1015
  0.1083  0.1033  0.1066  0.1025  0.1037  0.0993
  0.1007  0.0967  0.0998  0.0981  0.1001  0.0976
  0.0970  0.0970  0.0974  0.0974  0.0973  0.0974
  0.0981  0.1006  0.1008  0.0993  0.0977  0.0982
  0.1050  0.1037  0.1096  0.1026  0.1029  0.0993
  0.1180  0.1086  0.1195  0.1061  0.1087  0.1004
niter,ni,del,rscale     2    3   12.0000    1.2000
parameters
   -1.6801  -17.7428    3.4601   -5.0710   -0.5707   -1.5468
eta,q 0.90240 17.28982
  0.1141  0.1123  0.1206  0.1063  0.1070  0.1015
  0.1084  0.1023  0.1071  0.1027  0.1038  0.0992
  0.1011  0.0965  0.1003  0.0984  0.1002  0.0977
  0.0974  0.0974  0.0975  0.0975  0.0975  0.0976
  0.0985  0.1008  0.1007  0.0992  0.0979  0.0984
  0.1048  0.1039  0.1093  0.1025  0.1031  0.0995
  0.1172  0.1089  0.1193  0.1061  0.1088  0.1005
niter,ni,del,rscale     1    3   12.0000    1.2000
parameters
   -1.6636  -17.7271    3.4657   -5.0540   -0.6166   -1.4652
eta,q 0.90232 17.29198
  0.1140  0.1118  0.1208  0.1064  0.1070  0.1014
  0.1082  0.1020  0.1074  0.1028  0.1038  0.0992
  0.1012  0.0966  0.1005  0.0985  0.1003  0.0977
  0.0976  0.0976  0.0976  0.0976  0.0976  0.0977
  0.0987  0.1008  0.1008  0.0993  0.0979  0.0985
  0.1048  0.1039  0.1093  0.1025  0.1031  0.0996
  0.1168  0.1090  0.1193  0.1061  0.1088  0.1006
registration optimization eta report
parameter search radius
    6.0000    6.0000    6.0000    6.9000    6.0000    6.0000
100000*second partial in parameter space
       49.       36.       61.       18.       28.        9.
  0.1140  0.1118  0.1208  0.1064  0.1070  0.1014
  0.1082  0.1020  0.1074  0.1028  0.1038  0.0992
  0.1012  0.0966  0.1005  0.0985  0.1003  0.0977
  0.0976  0.0976  0.0976  0.0976  0.0976  0.0977
  0.0987  0.1008  0.1008  0.0993  0.0979  0.0985
  0.1048  0.1039  0.1093  0.1025  0.1031  0.0996
  0.1168  0.1090  0.1193  0.1061  0.1088  0.1006
   -1.6636  -17.7271    3.4657   -5.0540   -0.6166   -1.4652
eta,q 0.90232 17.29198

---------------------------------------------------------------------
imgreg_4dfp /opt/freesurfer/average/711-2C_as_mni_average_305 /opt/freesurfer/average/711-2B_as_mni_average_305_mask talsrcimg_g11 none talsrcimg_to_711-2C_as_mni_average_305_t4 3335
---------------------------------------------------------------------

freesurfer imgreg_4dfp.c
/opt/freesurfer/average/711-2C_as_mni_average_305.4dfp.img
       256       256       256         1
  1.000000  1.000000  1.000000
orientation T byte_order littleendian
Reading image: /opt/freesurfer/average/711-2C_as_mni_average_305.4dfp.img
dimensions:      256       256       256
mmppix:       1.0000   -1.0000   -1.0000
center:     128.0000 -129.0000 -129.0000
/opt/freesurfer/average/711-2B_as_mni_average_305_mask.4dfp.img
       256       256       256         1
  1.000000  1.000000  1.000000
orientation T byte_order littleendian
Reading mask: /opt/freesurfer/average/711-2B_as_mni_average_305_mask.4dfp.img (2306576 pixels)
talsrcimg_g11.4dfp.img
       256       256       256         1
  1.000000  1.000000  1.000000
orientation T byte_order littleendian
Reading image: talsrcimg_g11.4dfp.img
dimensions:      256       256       256
mmppix:       1.0000   -1.0000   -1.0000
center:     128.0000 -129.0000 -129.0000
fimgreg.f
image alignment mode   3335 decimal      D07 hex
parameters
   -1.6636  -17.7271    3.4657   -0.0385   -0.4189   -0.3946
    2.4522    1.2969   -2.5568    8.7792   -1.0762   -8.8090
eta,q 0.90049 17.21836
niter,ni,del,rscale     5    3    5.0000    1.2000
parameter  2  0.528491 ->  0.500000 qaram    1.1500
parameter  4  3.597915 ->  0.500000 qaram    1.1500
parameter  5  1.147270 ->  0.500000 qaram    1.1500
parameter  6  0.698523 ->  0.500000 qaram    1.1500
parameter 10  0.921491 ->  0.500000 qaram    1.1500
parameters
   -1.6238  -19.1071    3.0068   -4.1785   -4.5589   -4.5346
    2.4814    0.7614   -0.3496    4.6392   -1.3929   -8.6739
eta,q 0.92820 17.39032
  0.1038  0.0995  0.1006  0.0797  0.0772  0.0743  0.0787  0.0826  0.0778  0.0712  0.0735  0.0730
  0.1016  0.0988  0.0992  0.0841  0.0785  0.0745  0.0766  0.0776  0.0764  0.0716  0.0725  0.0724
  0.1001  0.0988  0.0987  0.0906  0.0811  0.0756  0.0752  0.0748  0.0753  0.0726  0.0719  0.0720
  0.0995  0.0995  0.0988  0.0986  0.0857  0.0790  0.0746  0.0746  0.0745  0.0742  0.0718  0.0718
  0.1000  0.1008  0.0995  0.1079  0.0924  0.0857  0.0751  0.0765  0.0742  0.0768  0.0721  0.0719
  0.1014  0.1025  0.1009  0.1169  0.1003  0.0960  0.0765  0.0800  0.0745  0.0803  0.0727  0.0723
  0.1035  0.1045  0.1027  0.1243  0.1084  0.1075  0.0787  0.0846  0.0754  0.0844  0.0738  0.0730
niter,ni,del,rscale     7    3    5.0000    1.2000
parameter  2 -1.160833 -> -0.500000 qaram    1.3225
parameter  4  0.880819 ->  0.500000 qaram    1.3225
parameter  5  0.520135 ->  0.500000 qaram    1.3225
parameter 10  0.514640 ->  0.500000 qaram    1.3225
parameters
   -1.3809  -17.5201    1.9523   -8.9395   -9.3199   -6.3025
    1.0641   -0.6509    1.1887   -0.1218   -0.3122   -9.7011
eta,q 0.93834 16.71004
  0.0764  0.0811  0.0687  0.0621  0.0629  0.0641  0.0636  0.0646  0.0631  0.0620  0.0624  0.0622
  0.0741  0.0776  0.0684  0.0631  0.0625  0.0632  0.0627  0.0629  0.0626  0.0616  0.0620  0.0618
  0.0726  0.0744  0.0684  0.0647  0.0623  0.0625  0.0624  0.0622  0.0623  0.0618  0.0618  0.0617
  0.0718  0.0717  0.0686  0.0684  0.0634  0.0624  0.0624  0.0624  0.0622  0.0621  0.0617  0.0617
  0.0719  0.0696  0.0692  0.0745  0.0672  0.0625  0.0628  0.0632  0.0621  0.0631  0.0617  0.0618
  0.0730  0.0684  0.0702  0.0823  0.0735  0.0639  0.0637  0.0648  0.0622  0.0649  0.0618  0.0622
  0.0749  0.0681  0.0718  0.0916  0.0812  0.0707  0.0652  0.0674  0.0626  0.0672  0.0621  0.0625
niter,ni,del,rscale     7    3    5.0000    1.2000
parameter  2 -1.578044 -> -0.500000 qaram    1.5209
parameter  4  0.601130 ->  0.500000 qaram    1.5209
parameters
   -0.9259  -15.6950    2.3986  -14.4146  -13.1275   -7.6382
    0.1029   -1.0531    0.7269    2.0474   -0.7871  -13.1840
eta,q 0.94451 15.88528
  0.0648  0.0702  0.0595  0.0563  0.0573  0.0578  0.0574  0.0587  0.0567  0.0601  0.0565  0.0558
  0.0633  0.0670  0.0589  0.0562  0.0565  0.0567  0.0565  0.0573  0.0562  0.0581  0.0561  0.0555
  0.0622  0.0641  0.0584  0.0568  0.0561  0.0561  0.0560  0.0563  0.0560  0.0567  0.0558  0.0555
  0.0617  0.0616  0.0582  0.0582  0.0563  0.0561  0.0560  0.0560  0.0560  0.0560  0.0558  0.0557
  0.0616  0.0594  0.0582  0.0609  0.0585  0.0569  0.0564  0.0564  0.0560  0.0558  0.0559  0.0562
  0.0621  0.0578  0.0584  0.0664  0.0634  0.0577  0.0572  0.0576  0.0563  0.0565  0.0562  0.0570
  0.0631  0.0572  0.0588  0.0735  0.0703  0.0590  0.0585  0.0595  0.0569  0.0574  0.0567  0.0578
niter,ni,del,rscale     7    3    5.0000    1.2000
parameter  2 -1.658972 -> -0.500000 qaram    1.7490
parameter 10 -0.614357 -> -0.500000 qaram    1.5209
parameters
   -0.6938  -13.5962    1.6201  -17.1544  -15.2646   -7.9720
   -0.4851   -0.4517    0.8432    7.5226   -2.2149  -16.3946
eta,q 0.94974 15.57969
  0.0580  0.0652  0.0522  0.0538  0.0541  0.0539  0.0536  0.0555  0.0529  0.0571  0.0511  0.0507
  0.0567  0.0617  0.0519  0.0525  0.0529  0.0528  0.0526  0.0539  0.0523  0.0550  0.0507  0.0503
  0.0558  0.0584  0.0518  0.0517  0.0521  0.0521  0.0520  0.0525  0.0519  0.0531  0.0506  0.0503
  0.0555  0.0555  0.0519  0.0518  0.0516  0.0519  0.0519  0.0519  0.0518  0.0518  0.0506  0.0506
  0.0556  0.0531  0.0522  0.0526  0.0520  0.0524  0.0523  0.0519  0.0519  0.0509  0.0508  0.0511
  0.0562  0.0515  0.0527  0.0548  0.0551  0.0531  0.0531  0.0529  0.0523  0.0507  0.0511  0.0517
  0.0571  0.0504  0.0535  0.0602  0.0611  0.0541  0.0543  0.0547  0.0528  0.0513  0.0516  0.0525
niter,ni,del,rscale     7    3    5.0000    1.2000
parameter  2 -1.175735 -> -0.500000 qaram    2.0114
parameter  3  0.710336 ->  0.500000 qaram    1.1500
parameter 10 -0.880886 -> -0.500000 qaram    1.7490
parameters
   -0.7693  -11.1826    0.2401  -17.6630  -17.0793  -10.1457
   -0.2547   -0.4408    1.5015   13.8190   -3.2600  -19.6531
eta,q 0.95598 15.46680
  0.0526  0.0620  0.0464  0.0495  0.0491  0.0477  0.0488  0.0500  0.0478  0.0537  0.0447  0.0444
  0.0513  0.0576  0.0462  0.0479  0.0477  0.0469  0.0475  0.0482  0.0470  0.0508  0.0445  0.0441
  0.0505  0.0535  0.0464  0.0467  0.0468  0.0464  0.0467  0.0468  0.0465  0.0483  0.0443  0.0440
  0.0503  0.0502  0.0467  0.0463  0.0463  0.0465  0.0463  0.0463  0.0463  0.0463  0.0443  0.0443
  0.0506  0.0480  0.0473  0.0468  0.0464  0.0474  0.0466  0.0467  0.0464  0.0448  0.0444  0.0447
  0.0515  0.0463  0.0481  0.0478  0.0493  0.0483  0.0473  0.0480  0.0467  0.0441  0.0447  0.0454
  0.0529  0.0457  0.0490  0.0506  0.0557  0.0500  0.0486  0.0501  0.0473  0.0443  0.0451  0.0461
niter,ni,del,rscale     7    3    5.0000    1.2000
parameter  2 -0.902671 -> -0.500000 qaram    2.3131
parameter  3  1.011130 ->  0.500000 qaram    1.3225
parameter 10 -0.773307 -> -0.500000 qaram    2.0114
parameter 12  0.525877 ->  0.500000 qaram    1.1500
parameters
   -0.8910   -8.4069   -1.3469  -18.3682  -20.1210  -13.1148
   -0.3412   -0.4298    1.4576   21.0599   -3.0654  -23.7931
eta,q 0.96507 15.26950
  0.0466  0.0593  0.0384  0.0419  0.0400  0.0394  0.0411  0.0426  0.0402  0.0503  0.0358  0.0351
  0.0451  0.0533  0.0386  0.0402  0.0391  0.0388  0.0398  0.0406  0.0392  0.0461  0.0354  0.0349
  0.0442  0.0480  0.0390  0.0391  0.0387  0.0386  0.0389  0.0391  0.0387  0.0422  0.0352  0.0349
  0.0440  0.0440  0.0398  0.0387  0.0387  0.0387  0.0386  0.0386  0.0386  0.0386  0.0351  0.0351
  0.0445  0.0410  0.0409  0.0393  0.0394  0.0396  0.0389  0.0390  0.0388  0.0359  0.0352  0.0355
  0.0455  0.0396  0.0422  0.0404  0.0433  0.0410  0.0398  0.0405  0.0393  0.0351  0.0354  0.0361
  0.0471  0.0397  0.0439  0.0432  0.0509  0.0430  0.0412  0.0427  0.0402  0.0364  0.0357  0.0367
niter,ni,del,rscale     7    3    5.0000    1.2000
parameter  3  1.077362 ->  0.500000 qaram    1.5209
parameters
   -0.7841   -6.1527   -3.1719  -17.9177  -22.8129  -13.7153
   -0.7317   -0.3274    1.1879   22.8543   -2.2501  -27.3830
eta,q 0.96956 15.14871
  0.0388  0.0549  0.0309  0.0358  0.0330  0.0336  0.0339  0.0367  0.0334  0.0449  0.0315  0.0309
  0.0367  0.0467  0.0311  0.0335  0.0318  0.0324  0.0325  0.0340  0.0322  0.0394  0.0310  0.0305
  0.0354  0.0396  0.0319  0.0319  0.0313  0.0316  0.0315  0.0320  0.0315  0.0347  0.0308  0.0304
  0.0349  0.0349  0.0330  0.0313  0.0313  0.0312  0.0313  0.0313  0.0313  0.0313  0.0307  0.0307
  0.0352  0.0330  0.0344  0.0319  0.0318  0.0315  0.0318  0.0318  0.0317  0.0307  0.0307  0.0311
  0.0363  0.0337  0.0363  0.0330  0.0351  0.0328  0.0329  0.0337  0.0325  0.0340  0.0309  0.0317
  0.0381  0.0375  0.0386  0.0351  0.0426  0.0346  0.0345  0.0365  0.0337  0.0409  0.0312  0.0324
niter,ni,del,rscale     7    3    5.0000    1.2000
parameters
   -0.7423   -5.9735   -4.9542  -18.0232  -23.5493  -14.5496
   -0.6797   -0.4468    1.0986   24.5907   -2.1471  -28.7827
eta,q 0.97058 15.07606
  0.0344  0.0438  0.0306  0.0342  0.0329  0.0321  0.0327  0.0350  0.0321  0.0430  0.0303  0.0303
  0.0323  0.0366  0.0299  0.0318  0.0312  0.0308  0.0312  0.0324  0.0308  0.0373  0.0299  0.0298
  0.0309  0.0318  0.0298  0.0302  0.0302  0.0300  0.0301  0.0304  0.0300  0.0327  0.0296  0.0294
  0.0304  0.0304  0.0305  0.0298  0.0297  0.0298  0.0298  0.0298  0.0298  0.0298  0.0295  0.0295
  0.0308  0.0322  0.0317  0.0308  0.0298  0.0305  0.0301  0.0305  0.0301  0.0301  0.0296  0.0298
  0.0321  0.0360  0.0334  0.0321  0.0309  0.0316  0.0311  0.0325  0.0309  0.0333  0.0298  0.0303
  0.0342  0.0416  0.0356  0.0341  0.0355  0.0332  0.0326  0.0355  0.0322  0.0385  0.0303  0.0311
niter,ni,del,rscale     6    3    5.0000    1.2000
parameters
   -0.7788   -5.7274   -5.2627  -18.0631  -23.8407  -14.6379
   -0.5818   -0.5174    1.1696   25.2100   -2.3167  -29.0902
eta,q 0.97058 15.06855
  0.0332  0.0432  0.0320  0.0341  0.0329  0.0322  0.0324  0.0347  0.0319  0.0412  0.0302  0.0305
  0.0311  0.0357  0.0305  0.0316  0.0311  0.0308  0.0309  0.0321  0.0306  0.0359  0.0298  0.0300
  0.0298  0.0308  0.0296  0.0299  0.0300  0.0298  0.0298  0.0302  0.0298  0.0315  0.0295  0.0296
  0.0294  0.0294  0.0295  0.0295  0.0295  0.0295  0.0295  0.0295  0.0295  0.0295  0.0294  0.0294
  0.0299  0.0313  0.0301  0.0305  0.0296  0.0300  0.0298  0.0301  0.0298  0.0307  0.0295  0.0296
  0.0313  0.0351  0.0313  0.0318  0.0304  0.0310  0.0308  0.0321  0.0306  0.0341  0.0298  0.0301
  0.0335  0.0400  0.0328  0.0338  0.0343  0.0322  0.0322  0.0350  0.0318  0.0398  0.0303  0.0307
niter,ni,del,rscale     5    3    5.0000    1.2000
parameters
   -0.8091   -5.5786   -5.3738  -18.1288  -24.0483  -14.7866
   -0.5466   -0.5545    1.2601   25.4761   -2.4535  -29.0518
eta,q 0.97053 15.04046
  0.0332  0.0424  0.0322  0.0340  0.0329  0.0321  0.0323  0.0346  0.0320  0.0405  0.0303  0.0306
  0.0311  0.0351  0.0307  0.0316  0.0312  0.0307  0.0308  0.0321  0.0306  0.0354  0.0298  0.0301
  0.0298  0.0306  0.0297  0.0299  0.0300  0.0298  0.0298  0.0302  0.0298  0.0312  0.0296  0.0296
  0.0294  0.0294  0.0295  0.0295  0.0295  0.0295  0.0295  0.0295  0.0295  0.0295  0.0295  0.0295
  0.0299  0.0315  0.0299  0.0305  0.0296  0.0300  0.0298  0.0301  0.0298  0.0310  0.0296  0.0296
  0.0313  0.0353  0.0310  0.0319  0.0304  0.0309  0.0308  0.0320  0.0306  0.0343  0.0299  0.0300
  0.0334  0.0401  0.0325  0.0338  0.0341  0.0322  0.0323  0.0348  0.0318  0.0401  0.0303  0.0306
niter,ni,del,rscale     4    3    5.0000    1.2000
parameters
   -0.8298   -5.4933   -5.4725  -18.1954  -24.1700  -14.9738
   -0.5419   -0.5740    1.3248   25.6346   -2.5064  -28.9538
eta,q 0.97052 15.01115
  0.0332  0.0419  0.0322  0.0341  0.0329  0.0320  0.0323  0.0346  0.0320  0.0402  0.0303  0.0306
  0.0312  0.0348  0.0307  0.0316  0.0312  0.0307  0.0308  0.0321  0.0306  0.0352  0.0299  0.0301
  0.0299  0.0305  0.0298  0.0299  0.0300  0.0298  0.0298  0.0302  0.0298  0.0311  0.0296  0.0297
  0.0295  0.0295  0.0295  0.0295  0.0295  0.0295  0.0295  0.0295  0.0295  0.0295  0.0295  0.0295
  0.0299  0.0316  0.0300  0.0305  0.0296  0.0300  0.0298  0.0301  0.0298  0.0310  0.0296  0.0296
  0.0313  0.0353  0.0310  0.0319  0.0304  0.0310  0.0308  0.0320  0.0306  0.0342  0.0299  0.0300
  0.0334  0.0401  0.0325  0.0339  0.0339  0.0321  0.0323  0.0348  0.0318  0.0401  0.0303  0.0306
niter,ni,del,rscale     3    3    5.0000    1.2000
parameters
   -0.8423   -5.4319   -5.5739  -18.2538  -24.2944  -15.1744
   -0.5518   -0.5896    1.3617   25.7771   -2.5128  -28.8328
eta,q 0.97050 14.97981
  0.0333  0.0417  0.0322  0.0341  0.0328  0.0320  0.0323  0.0346  0.0320  0.0400  0.0303  0.0307
  0.0312  0.0346  0.0307  0.0317  0.0312  0.0307  0.0308  0.0321  0.0307  0.0350  0.0299  0.0301
  0.0299  0.0304  0.0298  0.0300  0.0300  0.0298  0.0298  0.0302  0.0298  0.0311  0.0296  0.0297
  0.0295  0.0295  0.0295  0.0295  0.0295  0.0295  0.0295  0.0295  0.0295  0.0295  0.0295  0.0295
  0.0299  0.0317  0.0300  0.0306  0.0296  0.0300  0.0298  0.0301  0.0298  0.0310  0.0296  0.0297
  0.0313  0.0353  0.0310  0.0320  0.0304  0.0310  0.0308  0.0320  0.0307  0.0342  0.0299  0.0300
  0.0333  0.0400  0.0324  0.0339  0.0338  0.0321  0.0323  0.0348  0.0319  0.0400  0.0304  0.0306
niter,ni,del,rscale     2    3    5.0000    1.2000
parameters
   -0.8505   -5.3726   -5.6825  -18.3160  -24.4308  -15.4052
   -0.5628   -0.6039    1.3855   25.9291   -2.5151  -28.6509
eta,q 0.97048 14.94332
  0.0333  0.0415  0.0322  0.0342  0.0328  0.0319  0.0323  0.0346  0.0320  0.0398  0.0303  0.0307
  0.0312  0.0346  0.0307  0.0317  0.0312  0.0307  0.0309  0.0321  0.0307  0.0349  0.0299  0.0301
  0.0299  0.0304  0.0298  0.0300  0.0300  0.0298  0.0299  0.0302  0.0298  0.0311  0.0296  0.0297
  0.0295  0.0295  0.0295  0.0295  0.0295  0.0295  0.0295  0.0295  0.0295  0.0295  0.0295  0.0295
  0.0299  0.0317  0.0300  0.0306  0.0297  0.0301  0.0299  0.0301  0.0299  0.0310  0.0296  0.0297
  0.0312  0.0353  0.0310  0.0321  0.0304  0.0310  0.0309  0.0320  0.0307  0.0341  0.0299  0.0300
  0.0333  0.0399  0.0324  0.0339  0.0338  0.0320  0.0323  0.0347  0.0319  0.0398  0.0304  0.0306
niter,ni,del,rscale     1    3    5.0000    1.2000
parameters
   -0.8588   -5.3036   -5.8096  -18.3912  -24.6078  -15.7195
   -0.5801   -0.6179    1.4042   26.1155   -2.5110  -28.3447
eta,q 0.97045 14.89356
  0.0333  0.0414  0.0322  0.0342  0.0327  0.0319  0.0323  0.0345  0.0320  0.0397  0.0304  0.0308
  0.0312  0.0345  0.0307  0.0318  0.0311  0.0307  0.0309  0.0321  0.0307  0.0348  0.0299  0.0302
  0.0299  0.0304  0.0298  0.0300  0.0300  0.0298  0.0299  0.0302  0.0298  0.0311  0.0297  0.0297
  0.0295  0.0295  0.0296  0.0295  0.0295  0.0295  0.0295  0.0295  0.0295  0.0295  0.0295  0.0295
  0.0300  0.0316  0.0300  0.0306  0.0297  0.0301  0.0299  0.0301  0.0299  0.0309  0.0296  0.0297
  0.0313  0.0352  0.0310  0.0321  0.0304  0.0311  0.0309  0.0320  0.0307  0.0339  0.0299  0.0300
  0.0333  0.0397  0.0324  0.0340  0.0337  0.0320  0.0324  0.0347  0.0319  0.0395  0.0304  0.0306
registration optimization eta report
parameter search radius
    2.4000    5.5513    3.6501   10.9503    9.5220    8.2800
    7.2000    7.2000    7.2000   14.4818    7.2000    8.2800
100000*second partial in parameter space
       65.       35.       20.        4.        4.        3.
        5.       10.        5.        5.        2.        2.
  0.0333  0.0414  0.0322  0.0342  0.0327  0.0319  0.0323  0.0345  0.0320  0.0397  0.0304  0.0308
  0.0312  0.0345  0.0307  0.0318  0.0311  0.0307  0.0309  0.0321  0.0307  0.0348  0.0299  0.0302
  0.0299  0.0304  0.0298  0.0300  0.0300  0.0298  0.0299  0.0302  0.0298  0.0311  0.0297  0.0297
  0.0295  0.0295  0.0296  0.0295  0.0295  0.0295  0.0295  0.0295  0.0295  0.0295  0.0295  0.0295
  0.0300  0.0316  0.0300  0.0306  0.0297  0.0301  0.0299  0.0301  0.0299  0.0309  0.0296  0.0297
  0.0313  0.0352  0.0310  0.0321  0.0304  0.0311  0.0309  0.0320  0.0307  0.0339  0.0299  0.0300
  0.0333  0.0397  0.0324  0.0340  0.0337  0.0320  0.0324  0.0347  0.0319  0.0395  0.0304  0.0306
   -0.8588   -5.3036   -5.8096  -18.3912  -24.6078  -15.7195
   -0.5801   -0.6179    1.4042   26.1155   -2.5110  -28.3447
eta,q 0.97045 14.89356

---------------------------------------------------------------------
imgreg_4dfp /opt/freesurfer/average/711-2C_as_mni_average_305 /opt/freesurfer/average/711-2B_as_mni_average_305_mask talsrcimg_g11 none talsrcimg_to_711-2C_as_mni_average_305_t4 2311
---------------------------------------------------------------------

freesurfer imgreg_4dfp.c
/opt/freesurfer/average/711-2C_as_mni_average_305.4dfp.img
       256       256       256         1
  1.000000  1.000000  1.000000
orientation T byte_order littleendian
Reading image: /opt/freesurfer/average/711-2C_as_mni_average_305.4dfp.img
dimensions:      256       256       256
mmppix:       1.0000   -1.0000   -1.0000
center:     128.0000 -129.0000 -129.0000
/opt/freesurfer/average/711-2B_as_mni_average_305_mask.4dfp.img
       256       256       256         1
  1.000000  1.000000  1.000000
orientation T byte_order littleendian
Reading mask: /opt/freesurfer/average/711-2B_as_mni_average_305_mask.4dfp.img (2306576 pixels)
talsrcimg_g11.4dfp.img
       256       256       256         1
  1.000000  1.000000  1.000000
orientation T byte_order littleendian
Reading image: talsrcimg_g11.4dfp.img
dimensions:      256       256       256
mmppix:       1.0000   -1.0000   -1.0000
center:     128.0000 -129.0000 -129.0000
fimgreg.f
image alignment mode   2311 decimal      907 hex
parameters
   -0.8588   -5.3036   -5.8096  -18.3912  -24.6078  -15.7195
   -0.5801   -0.6179    1.4042   26.1155   -2.5110  -28.3447
eta,q 0.97045 14.89357
niter,ni,del,rscale     5    3    5.0000    0.8000
parameters
   -0.8666   -5.7082   -5.9492  -18.8987  -23.5513  -15.9423
   -0.6082   -0.5142    1.3231   25.4393   -2.2525  -28.5873
eta,q 0.97063 14.91083
  0.0312  0.0301  0.0299  0.0305  0.0306  0.0304  0.0308  0.0320  0.0306  0.0306  0.0298  0.0298
  0.0303  0.0296  0.0296  0.0299  0.0300  0.0299  0.0300  0.0306  0.0299  0.0299  0.0296  0.0295
  0.0297  0.0295  0.0295  0.0295  0.0296  0.0295  0.0295  0.0297  0.0295  0.0295  0.0294  0.0294
  0.0295  0.0295  0.0295  0.0295  0.0294  0.0294  0.0294  0.0294  0.0294  0.0294  0.0294  0.0294
  0.0297  0.0299  0.0296  0.0297  0.0294  0.0296  0.0296  0.0297  0.0296  0.0298  0.0294  0.0294
  0.0303  0.0305  0.0298  0.0303  0.0296  0.0301  0.0300  0.0305  0.0300  0.0305  0.0295  0.0296
  0.0313  0.0312  0.0301  0.0310  0.0299  0.0307  0.0308  0.0318  0.0306  0.0315  0.0297  0.0299
niter,ni,del,rscale     4    3    5.0000    0.7000
parameters
   -0.8072   -5.8607   -5.8943  -18.8333  -23.0514  -15.7361
   -0.5883   -0.4674    1.1971   25.1232   -2.1443  -28.8161
eta,q 0.97066 14.97390
  0.0308  0.0301  0.0299  0.0304  0.0301  0.0304  0.0304  0.0314  0.0302  0.0305  0.0297  0.0297
  0.0300  0.0296  0.0296  0.0299  0.0297  0.0299  0.0298  0.0303  0.0297  0.0298  0.0295  0.0295
  0.0296  0.0294  0.0294  0.0295  0.0295  0.0295  0.0295  0.0296  0.0294  0.0295  0.0294  0.0294
  0.0294  0.0294  0.0293  0.0294  0.0294  0.0294  0.0293  0.0293  0.0293  0.0293  0.0293  0.0293
  0.0295  0.0296  0.0294  0.0295  0.0294  0.0294  0.0295  0.0296  0.0295  0.0295  0.0294  0.0294
  0.0299  0.0299  0.0295  0.0298  0.0295  0.0297  0.0298  0.0302  0.0298  0.0301  0.0295  0.0295
  0.0306  0.0305  0.0298  0.0304  0.0298  0.0303  0.0304  0.0313  0.0303  0.0309  0.0296  0.0297
niter,ni,del,rscale     3    3    5.0000    0.6000
parameters
   -0.7838   -5.9670   -5.7686  -18.7814  -22.7862  -15.4581
   -0.5510   -0.4422    1.1425   24.9531   -2.1052  -29.0126
eta,q 0.97069 15.02352
  0.0304  0.0299  0.0298  0.0301  0.0298  0.0302  0.0301  0.0309  0.0300  0.0302  0.0295  0.0296
  0.0298  0.0296  0.0295  0.0297  0.0295  0.0298  0.0297  0.0300  0.0296  0.0297  0.0294  0.0294
  0.0295  0.0294  0.0294  0.0294  0.0294  0.0295  0.0294  0.0295  0.0294  0.0294  0.0293  0.0293
  0.0293  0.0293  0.0293  0.0293  0.0293  0.0293  0.0293  0.0293  0.0293  0.0293  0.0293  0.0293
  0.0294  0.0295  0.0293  0.0294  0.0294  0.0293  0.0294  0.0295  0.0294  0.0294  0.0293  0.0294
  0.0298  0.0297  0.0294  0.0297  0.0295  0.0296  0.0297  0.0300  0.0296  0.0298  0.0294  0.0295
  0.0303  0.0301  0.0296  0.0301  0.0297  0.0300  0.0301  0.0308  0.0300  0.0305  0.0295  0.0296
niter,ni,del,rscale     2    3    5.0000    0.5000
parameters
   -0.7727   -6.0383   -5.6495  -18.7374  -22.6329  -15.2160
   -0.5259   -0.4289    1.1071   24.8648   -2.0643  -29.1427
eta,q 0.97070 15.06050
  0.0300  0.0297  0.0296  0.0299  0.0296  0.0299  0.0299  0.0304  0.0297  0.0300  0.0295  0.0295
  0.0296  0.0295  0.0295  0.0296  0.0294  0.0296  0.0296  0.0298  0.0295  0.0296  0.0294  0.0294
  0.0294  0.0293  0.0294  0.0294  0.0293  0.0294  0.0294  0.0294  0.0293  0.0294  0.0293  0.0293
  0.0293  0.0293  0.0293  0.0293  0.0293  0.0293  0.0293  0.0293  0.0293  0.0293  0.0293  0.0293
  0.0294  0.0294  0.0293  0.0294  0.0293  0.0293  0.0294  0.0294  0.0294  0.0294  0.0293  0.0293
  0.0296  0.0296  0.0294  0.0295  0.0294  0.0295  0.0295  0.0298  0.0295  0.0296  0.0294  0.0294
  0.0300  0.0299  0.0295  0.0298  0.0296  0.0298  0.0298  0.0304  0.0298  0.0301  0.0295  0.0295
niter,ni,del,rscale     1    3    5.0000    0.4000
parameters
   -0.7646   -6.0843   -5.5628  -18.7116  -22.5781  -15.0402
   -0.5256   -0.4276    1.0899   24.8445   -2.0098  -29.2009
eta,q 0.97071 15.08188
  0.0298  0.0296  0.0295  0.0297  0.0295  0.0297  0.0296  0.0300  0.0296  0.0297  0.0294  0.0294
  0.0295  0.0294  0.0294  0.0295  0.0294  0.0295  0.0295  0.0296  0.0294  0.0295  0.0293  0.0293
  0.0294  0.0293  0.0293  0.0293  0.0293  0.0294  0.0293  0.0294  0.0293  0.0294  0.0293  0.0293
  0.0293  0.0293  0.0293  0.0293  0.0293  0.0293  0.0293  0.0293  0.0293  0.0293  0.0293  0.0293
  0.0294  0.0293  0.0293  0.0293  0.0293  0.0293  0.0293  0.0294  0.0293  0.0293  0.0293  0.0293
  0.0295  0.0295  0.0294  0.0295  0.0294  0.0294  0.0295  0.0296  0.0294  0.0295  0.0293  0.0294
  0.0298  0.0296  0.0294  0.0296  0.0295  0.0296  0.0296  0.0300  0.0296  0.0298  0.0294  0.0294
registration optimization eta report
parameter search radius
    0.8000    0.8000    0.8000    2.4000    2.4000    2.4000
    2.4000    2.4000    2.4000    2.4000    2.4000    2.4000
100000*second partial in parameter space
       71.       48.       27.        6.        3.        6.
        6.       12.        5.        8.        2.        2.
  0.0298  0.0296  0.0295  0.0297  0.0295  0.0297  0.0296  0.0300  0.0296  0.0297  0.0294  0.0294
  0.0295  0.0294  0.0294  0.0295  0.0294  0.0295  0.0295  0.0296  0.0294  0.0295  0.0293  0.0293
  0.0294  0.0293  0.0293  0.0293  0.0293  0.0294  0.0293  0.0294  0.0293  0.0294  0.0293  0.0293
  0.0293  0.0293  0.0293  0.0293  0.0293  0.0293  0.0293  0.0293  0.0293  0.0293  0.0293  0.0293
  0.0294  0.0293  0.0293  0.0293  0.0293  0.0293  0.0293  0.0294  0.0293  0.0293  0.0293  0.0293
  0.0295  0.0295  0.0294  0.0295  0.0294  0.0294  0.0295  0.0296  0.0294  0.0295  0.0293  0.0294
  0.0298  0.0296  0.0294  0.0296  0.0295  0.0296  0.0296  0.0300  0.0296  0.0298  0.0294  0.0294
   -0.7646   -6.0843   -5.5628  -18.7116  -22.5781  -15.0402
   -0.5256   -0.4276    1.0899   24.8445   -2.0098  -29.2009
eta,q 0.97071 15.08188

---------------------------------------------------------------------
imgreg_4dfp /opt/freesurfer/average/711-2C_as_mni_average_305 /opt/freesurfer/average/711-2B_as_mni_average_305_mask talsrcimg_g11 none talsrcimg_to_711-2C_as_mni_average_305_t4 2311
---------------------------------------------------------------------

freesurfer imgreg_4dfp.c
/opt/freesurfer/average/711-2C_as_mni_average_305.4dfp.img
       256       256       256         1
  1.000000  1.000000  1.000000
orientation T byte_order littleendian
Reading image: /opt/freesurfer/average/711-2C_as_mni_average_305.4dfp.img
dimensions:      256       256       256
mmppix:       1.0000   -1.0000   -1.0000
center:     128.0000 -129.0000 -129.0000
/opt/freesurfer/average/711-2B_as_mni_average_305_mask.4dfp.img
       256       256       256         1
  1.000000  1.000000  1.000000
orientation T byte_order littleendian
Reading mask: /opt/freesurfer/average/711-2B_as_mni_average_305_mask.4dfp.img (2306576 pixels)
talsrcimg_g11.4dfp.img
       256       256       256         1
  1.000000  1.000000  1.000000
orientation T byte_order littleendian
Reading image: talsrcimg_g11.4dfp.img
dimensions:      256       256       256
mmppix:       1.0000   -1.0000   -1.0000
center:     128.0000 -129.0000 -129.0000
fimgreg.f
image alignment mode   2311 decimal      907 hex
parameters
   -0.7646   -6.0843   -5.5628  -18.7116  -22.5781  -15.0402
   -0.5256   -0.4276    1.0899   24.8445   -2.0098  -29.2009
eta,q 0.97071 15.08189
niter,ni,del,rscale     5    3    5.0000    0.8000
parameters
   -0.7657   -6.0798   -5.5035  -18.6879  -22.3889  -14.9988
   -0.5066   -0.4441    1.1088   24.7142   -2.1752  -29.2714
eta,q 0.97071 15.10410
  0.0311  0.0305  0.0300  0.0305  0.0301  0.0306  0.0306  0.0320  0.0304  0.0310  0.0297  0.0298
  0.0301  0.0298  0.0296  0.0299  0.0296  0.0299  0.0299  0.0305  0.0298  0.0301  0.0295  0.0295
  0.0295  0.0294  0.0294  0.0295  0.0294  0.0295  0.0295  0.0296  0.0294  0.0295  0.0293  0.0293
  0.0293  0.0293  0.0293  0.0293  0.0293  0.0293  0.0293  0.0293  0.0293  0.0293  0.0293  0.0293
  0.0295  0.0294  0.0294  0.0295  0.0294  0.0294  0.0294  0.0296  0.0294  0.0295  0.0293  0.0294
  0.0301  0.0298  0.0296  0.0299  0.0296  0.0299  0.0299  0.0305  0.0298  0.0302  0.0295  0.0295
  0.0311  0.0305  0.0299  0.0305  0.0300  0.0305  0.0306  0.0320  0.0304  0.0312  0.0297  0.0298
niter,ni,del,rscale     4    3    5.0000    0.7000
parameters
   -0.7626   -6.1154   -5.4775  -18.6528  -22.2957  -14.9591
   -0.4986   -0.4219    1.1438   24.6720   -2.2085  -29.2909
eta,q 0.97071 15.11812
  0.0307  0.0302  0.0298  0.0303  0.0299  0.0303  0.0303  0.0314  0.0302  0.0306  0.0296  0.0297
  0.0299  0.0297  0.0295  0.0298  0.0295  0.0298  0.0298  0.0303  0.0297  0.0299  0.0294  0.0295
  0.0295  0.0294  0.0294  0.0294  0.0293  0.0294  0.0294  0.0295  0.0294  0.0295  0.0293  0.0293
  0.0293  0.0293  0.0293  0.0293  0.0293  0.0293  0.0293  0.0293  0.0293  0.0293  0.0293  0.0293
  0.0295  0.0294  0.0293  0.0294  0.0294  0.0294  0.0294  0.0295  0.0294  0.0294  0.0293  0.0293
  0.0299  0.0298  0.0295  0.0297  0.0295  0.0298  0.0298  0.0302  0.0297  0.0299  0.0294  0.0295
  0.0307  0.0303  0.0298  0.0302  0.0298  0.0303  0.0303  0.0314  0.0301  0.0307  0.0296  0.0297
niter,ni,del,rscale     3    3    5.0000    0.6000
parameters
   -0.7598   -6.1348   -5.4632  -18.6458  -22.2574  -14.9257
   -0.4891   -0.4110    1.1423   24.6647   -2.2102  -29.3095
eta,q 0.97070 15.12496
  0.0303  0.0300  0.0297  0.0300  0.0297  0.0301  0.0301  0.0309  0.0299  0.0303  0.0295  0.0296
  0.0298  0.0296  0.0295  0.0296  0.0295  0.0297  0.0297  0.0300  0.0296  0.0298  0.0294  0.0294
  0.0294  0.0294  0.0293  0.0294  0.0293  0.0294  0.0294  0.0295  0.0294  0.0294  0.0293  0.0293
  0.0293  0.0293  0.0293  0.0293  0.0293  0.0293  0.0293  0.0293  0.0293  0.0293  0.0293  0.0293
  0.0294  0.0294  0.0293  0.0294  0.0293  0.0294  0.0294  0.0295  0.0294  0.0294  0.0293  0.0293
  0.0297  0.0296  0.0295  0.0296  0.0295  0.0297  0.0296  0.0300  0.0296  0.0298  0.0294  0.0294
  0.0303  0.0300  0.0297  0.0300  0.0297  0.0301  0.0301  0.0309  0.0299  0.0304  0.0295  0.0296
niter,ni,del,rscale     2    3    5.0000    0.5000
parameters
   -0.7584   -6.1441   -5.4539  -18.6324  -22.2901  -14.8895
   -0.4751   -0.4045    1.1438   24.6849   -2.2042  -29.3272
eta,q 0.97071 15.12674
  0.0300  0.0298  0.0296  0.0298  0.0296  0.0299  0.0298  0.0304  0.0297  0.0300  0.0295  0.0295
  0.0296  0.0295  0.0294  0.0295  0.0294  0.0296  0.0295  0.0298  0.0295  0.0296  0.0294  0.0294
  0.0294  0.0293  0.0293  0.0294  0.0293  0.0294  0.0294  0.0294  0.0293  0.0294  0.0293  0.0293
  0.0293  0.0293  0.0293  0.0293  0.0293  0.0293  0.0293  0.0293  0.0293  0.0293  0.0293  0.0293
  0.0294  0.0294  0.0293  0.0294  0.0293  0.0293  0.0294  0.0294  0.0293  0.0294  0.0293  0.0293
  0.0296  0.0295  0.0294  0.0295  0.0294  0.0295  0.0295  0.0298  0.0295  0.0296  0.0294  0.0294
  0.0300  0.0298  0.0296  0.0298  0.0296  0.0299  0.0298  0.0304  0.0297  0.0300  0.0295  0.0295
niter,ni,del,rscale     1    3    5.0000    0.4000
parameters
   -0.7581   -6.1462   -5.4456  -18.6289  -22.3446  -14.8499
   -0.4948   -0.4064    1.1364   24.7336   -2.1402  -29.3324
eta,q 0.97071 15.12640
  0.0297  0.0296  0.0295  0.0296  0.0295  0.0297  0.0296  0.0300  0.0296  0.0298  0.0294  0.0294
  0.0295  0.0294  0.0294  0.0295  0.0294  0.0295  0.0295  0.0296  0.0294  0.0295  0.0293  0.0293
  0.0294  0.0293  0.0293  0.0293  0.0293  0.0293  0.0293  0.0294  0.0293  0.0294  0.0293  0.0293
  0.0293  0.0293  0.0293  0.0293  0.0293  0.0293  0.0293  0.0293  0.0293  0.0293  0.0293  0.0293
  0.0294  0.0293  0.0293  0.0293  0.0293  0.0293  0.0293  0.0294  0.0293  0.0293  0.0293  0.0293
  0.0295  0.0294  0.0294  0.0294  0.0294  0.0294  0.0295  0.0296  0.0294  0.0295  0.0293  0.0293
  0.0298  0.0296  0.0295  0.0296  0.0295  0.0297  0.0296  0.0300  0.0296  0.0298  0.0294  0.0294
registration optimization eta report
parameter search radius
    0.8000    0.8000    0.8000    2.4000    2.4000    2.4000
    2.4000    2.4000    2.4000    2.4000    2.4000    2.4000
100000*second partial in parameter space
       70.       48.       27.        6.        3.        7.
        6.       12.        5.        8.        2.        2.
  0.0297  0.0296  0.0295  0.0296  0.0295  0.0297  0.0296  0.0300  0.0296  0.0298  0.0294  0.0294
  0.0295  0.0294  0.0294  0.0295  0.0294  0.0295  0.0295  0.0296  0.0294  0.0295  0.0293  0.0293
  0.0294  0.0293  0.0293  0.0293  0.0293  0.0293  0.0293  0.0294  0.0293  0.0294  0.0293  0.0293
  0.0293  0.0293  0.0293  0.0293  0.0293  0.0293  0.0293  0.0293  0.0293  0.0293  0.0293  0.0293
  0.0294  0.0293  0.0293  0.0293  0.0293  0.0293  0.0293  0.0294  0.0293  0.0293  0.0293  0.0293
  0.0295  0.0294  0.0294  0.0294  0.0294  0.0294  0.0295  0.0296  0.0294  0.0295  0.0293  0.0293
  0.0298  0.0296  0.0295  0.0296  0.0295  0.0297  0.0296  0.0300  0.0296  0.0298  0.0294  0.0294
   -0.7581   -6.1462   -5.4456  -18.6289  -22.3446  -14.8499
   -0.4948   -0.4064    1.1364   24.7336   -2.1402  -29.3324
eta,q 0.97071 15.12640

---------------------------------------------------------------------
compute_vox2vox talsrcimg talsrcimg_to_711-2C_as_mni_average_305_t4 /opt/freesurfer/average/711-2C_as_mni_average_305
---------------------------------------------------------------------

freesurfer compute_vox2vox.c
Reading: talsrcimg.4dfp.ifh
Reading: talsrcimg_to_711-2C_as_mni_average_305_t4
Reading: /opt/freesurfer/average/711-2C_as_mni_average_305.4dfp.ifh
Writing: talsrcimg_to_711-2C_as_mni_average_305_t4_vox2vox.txt

start time Tue Mar 10 22:41:15 CET 2026
end		time Tue Mar 10 22:42:41 CET 2026

mpr2mni305 success

avi2talxfm orig_nu.mgz /opt/freesurfer/average/mni305.cor.mgz talsrcimg_to_711-2C_as_mni_average_305_t4_vox2vox.txt transforms/talairach.auto.xfm
avi2talxfm done
mv -f /out/sourcedata/freesurfer/sub-v2s12x28871_ses-1/mri/talsrcimg_to_711-2C_as_mni_average_305_t4_vox2vox.txt /out/sourcedata/freesurfer/sub-v2s12x28871_ses-1/mri/transforms/talsrcimg_to_711-2C_as_mni_average_305_t4_vox2vox.txt
lta_convert --src orig_nu.mgz --trg /opt/freesurfer/average/mni305.cor.mgz --inxfm transforms/talairach.auto.xfm --outlta transforms/talairach.auto.xfm.lta --subject fsaverage
7.3.2

--src: orig_nu.mgz src image (geometry).
--trg: /opt/freesurfer/average/mni305.cor.mgz trg image (geometry).
--inmni: transforms/talairach.auto.xfm input MNI/XFM transform.
--outlta: transforms/talairach.auto.xfm.lta output LTA.
--s: fsaverage subject name
 LTA read, type : 1
 1.22890   0.00324   0.00905  -1.97037;
 0.02225   1.05834   0.39990  -12.57447;
-0.02507  -0.33713   1.16024   12.19415;
 0.00000   0.00000   0.00000   1.00000;
setting subject to fsaverage
Writing  LTA to file transforms/talairach.auto.xfm.lta...
lta_convert successful.
 
 
Started at Tue Mar 10 22:41:15 CET 2026
Ended   at Tue Mar 10 22:42:42 CET 2026
talairach_avi done
