status file for recon-all
Tue Mar 10 22:28:55 CET 2026
#@# MotionCor Tue Mar 10 22:28:57 CET 2026
#@# Talairach Tue Mar 10 22:29:04 CET 2026
#@# Talairach Failure Detection Tue Mar 10 22:33:30 CET 2026
#@# Nu Intensity Correction Tue Mar 10 22:33:30 CET 2026
#@# Intensity Normalization Tue Mar 10 22:36:48 CET 2026
recon-all -s sub-v2s12x28859_ses-1 finished without error at Tue Mar 10 22:38:14 CET 2026



#New# invocation of recon-all 



status file for recon-all
Tue Mar 10 22:45:57 CET 2026
#@# EM Registration Tue Mar 10 22:45:57 CET 2026
recon-all -s sub-v2s12x28859_ses-1 finished without error at Tue Mar 10 22:48:31 CET 2026



#New# invocation of recon-all 



status file for recon-all
Tue Mar 10 22:48:34 CET 2026
#@# CA Normalize Tue Mar 10 22:48:34 CET 2026
#@# CA Reg Tue Mar 10 22:49:54 CET 2026
#@# SubCort Seg Tue Mar 10 23:40:20 CET 2026
#@# CC Seg Wed Mar 11 00:06:23 CET 2026
#@# Merge ASeg Wed Mar 11 00:06:59 CET 2026
#@# Intensity Normalization2 Wed Mar 11 00:06:59 CET 2026
#@# Mask BFS Wed Mar 11 00:09:17 CET 2026
#@# WM Segmentation Wed Mar 11 00:09:18 CET 2026
#@# Fill Wed Mar 11 00:11:09 CET 2026
recon-all -s sub-v2s12x28859_ses-1 finished without error at Wed Mar 11 00:12:13 CET 2026



#New# invocation of recon-all 



status file for recon-all
Wed Mar 11 01:04:41 CET 2026
#@# white curv lh Wed Mar 11 01:04:41 CET 2026
#@# white area lh Wed Mar 11 01:04:41 CET 2026
#@# pial curv lh Wed Mar 11 01:04:41 CET 2026
#@# pial area lh Wed Mar 11 01:04:41 CET 2026
#@# thickness lh Wed Mar 11 01:04:41 CET 2026
#@# area and vertex vol lh Wed Mar 11 01:04:41 CET 2026
#@# white curv rh Wed Mar 11 01:04:41 CET 2026
#@# white area rh Wed Mar 11 01:04:41 CET 2026
#@# pial curv rh Wed Mar 11 01:04:41 CET 2026
#@# pial area rh Wed Mar 11 01:04:41 CET 2026
#@# thickness rh Wed Mar 11 01:04:41 CET 2026
#@# area and vertex vol rh Wed Mar 11 01:04:41 CET 2026
#@# Cortical ribbon mask Wed Mar 11 01:04:41 CET 2026
recon-all -s sub-v2s12x28859_ses-1 finished without error at Wed Mar 11 01:07:19 CET 2026



#New# invocation of recon-all 



status file for recon-all
Wed Mar 11 01:13:49 CET 2026
#@# white curv lh Wed Mar 11 01:13:49 CET 2026
#@# white area lh Wed Mar 11 01:13:49 CET 2026
#@# pial curv lh Wed Mar 11 01:13:49 CET 2026
#@# pial area lh Wed Mar 11 01:13:49 CET 2026
#@# thickness lh Wed Mar 11 01:13:49 CET 2026
#@# area and vertex vol lh Wed Mar 11 01:13:49 CET 2026
#@# white curv rh Wed Mar 11 01:13:49 CET 2026
#@# white area rh Wed Mar 11 01:13:49 CET 2026
#@# pial curv rh Wed Mar 11 01:13:49 CET 2026
#@# pial area rh Wed Mar 11 01:13:49 CET 2026
#@# thickness rh Wed Mar 11 01:13:49 CET 2026
#@# area and vertex vol rh Wed Mar 11 01:13:49 CET 2026
#@# Curvature Stats lh Wed Mar 11 01:13:49 CET 2026
#@# Curvature Stats rh Wed Mar 11 01:13:52 CET 2026
#@# Relabel Hypointensities Wed Mar 11 01:13:54 CET 2026
#@# APas-to-ASeg Wed Mar 11 01:14:09 CET 2026
#@# AParc-to-ASeg aparc Wed Mar 11 01:14:18 CET 2026
#@# AParc-to-ASeg aparc.a2009s Wed Mar 11 01:14:46 CET 2026
#@# AParc-to-ASeg aparc.DKTatlas Wed Mar 11 01:15:14 CET 2026
#@# WMParc Wed Mar 11 01:15:44 CET 2026
#@# ASeg Stats Wed Mar 11 01:19:58 CET 2026
recon-all -s sub-v2s12x28859_ses-1 finished without error at Wed Mar 11 01:20:39 CET 2026
