status file for recon-all
Wed Mar 11 00:12:17 CET 2026
#@# Tessellate lh Wed Mar 11 00:12:17 CET 2026
#@# Smooth1 lh Wed Mar 11 00:12:20 CET 2026
#@# Inflation1 lh Wed Mar 11 00:12:23 CET 2026
#@# QSphere lh Wed Mar 11 00:12:36 CET 2026
#@# Fix Topology lh Wed Mar 11 00:13:34 CET 2026
#@# Smooth2 lh Wed Mar 11 00:20:55 CET 2026
#@# Inflation2 lh Wed Mar 11 00:20:58 CET 2026
#@# Curv .H and .K lh Wed Mar 11 00:21:10 CET 2026
#@# Sphere lh Wed Mar 11 00:21:52 CET 2026
#@# Surf Reg lh Wed Mar 11 00:27:30 CET 2026
#@# Jacobian white lh Wed Mar 11 00:33:13 CET 2026
#@# AvgCurv lh Wed Mar 11 00:33:14 CET 2026
#@# Cortical Parc lh Wed Mar 11 00:33:14 CET 2026
#@# white curv lh Wed Mar 11 00:41:12 CET 2026
#@# white area lh Wed Mar 11 00:41:13 CET 2026
#@# pial curv lh Wed Mar 11 00:41:14 CET 2026
#@# pial area lh Wed Mar 11 00:41:16 CET 2026
#@# thickness lh Wed Mar 11 00:41:17 CET 2026
#@# area and vertex vol lh Wed Mar 11 00:41:45 CET 2026
#@# Curvature Stats lh Wed Mar 11 00:41:47 CET 2026
#@# Cortical Parc 2 lh Wed Mar 11 00:41:49 CET 2026
#@# Cortical Parc 3 lh Wed Mar 11 00:42:02 CET 2026
#@# WM/GM Contrast lh Wed Mar 11 00:42:12 CET 2026
recon-all -s sub-v2s12x28859_ses-1 finished without error at Wed Mar 11 00:42:15 CET 2026



#New# invocation of recon-all 



status file for recon-all
Wed Mar 11 01:07:23 CET 2026
#@# white curv lh Wed Mar 11 01:07:23 CET 2026
#@# white area lh Wed Mar 11 01:07:23 CET 2026
#@# pial curv lh Wed Mar 11 01:07:23 CET 2026
#@# pial area lh Wed Mar 11 01:07:23 CET 2026
#@# thickness lh Wed Mar 11 01:07:23 CET 2026
#@# area and vertex vol lh Wed Mar 11 01:07:23 CET 2026
#@# Parcellation Stats lh Wed Mar 11 01:07:23 CET 2026
#@# Parcellation Stats 2 lh Wed Mar 11 01:07:39 CET 2026
#@# Parcellation Stats 3 lh Wed Mar 11 01:07:47 CET 2026
#@# BA_exvivo Labels lh Wed Mar 11 01:07:55 CET 2026
recon-all -s sub-v2s12x28859_ses-1 finished without error at Wed Mar 11 01:10:31 CET 2026
