status file for recon-all
Wed Mar 11 04:39:24 CET 2026
#@# Tessellate lh Wed Mar 11 04:39:24 CET 2026
#@# Smooth1 lh Wed Mar 11 04:39:27 CET 2026
#@# Inflation1 lh Wed Mar 11 04:39:30 CET 2026
#@# QSphere lh Wed Mar 11 04:39:44 CET 2026
#@# Fix Topology lh Wed Mar 11 04:41:15 CET 2026
#@# Smooth2 lh Wed Mar 11 04:47:28 CET 2026
#@# Inflation2 lh Wed Mar 11 04:47:31 CET 2026
#@# Curv .H and .K lh Wed Mar 11 04:47:49 CET 2026
#@# Sphere lh Wed Mar 11 04:48:37 CET 2026
#@# Surf Reg lh Wed Mar 11 04:51:19 CET 2026
#@# Jacobian white lh Wed Mar 11 04:55:25 CET 2026
#@# AvgCurv lh Wed Mar 11 04:55:27 CET 2026
#@# Cortical Parc lh Wed Mar 11 04:55:28 CET 2026
#@# white curv lh Wed Mar 11 05:02:53 CET 2026
#@# white area lh Wed Mar 11 05:02:56 CET 2026
#@# pial curv lh Wed Mar 11 05:02:56 CET 2026
#@# pial area lh Wed Mar 11 05:02:59 CET 2026
#@# thickness lh Wed Mar 11 05:02:59 CET 2026
#@# area and vertex vol lh Wed Mar 11 05:03:30 CET 2026
#@# Curvature Stats lh Wed Mar 11 05:03:32 CET 2026
#@# Cortical Parc 2 lh Wed Mar 11 05:03:35 CET 2026
#@# Cortical Parc 3 lh Wed Mar 11 05:03:49 CET 2026
#@# WM/GM Contrast lh Wed Mar 11 05:03:59 CET 2026
recon-all -s sub-v2s12x28904_ses-1 finished without error at Wed Mar 11 05:04:02 CET 2026



#New# invocation of recon-all 



status file for recon-all
Wed Mar 11 05:35:30 CET 2026
#@# white curv lh Wed Mar 11 05:35:30 CET 2026
#@# white area lh Wed Mar 11 05:35:30 CET 2026
#@# pial curv lh Wed Mar 11 05:35:30 CET 2026
#@# pial area lh Wed Mar 11 05:35:30 CET 2026
#@# thickness lh Wed Mar 11 05:35:30 CET 2026
#@# area and vertex vol lh Wed Mar 11 05:35:30 CET 2026
#@# Parcellation Stats lh Wed Mar 11 05:35:30 CET 2026
#@# Parcellation Stats 2 lh Wed Mar 11 05:35:50 CET 2026
#@# Parcellation Stats 3 lh Wed Mar 11 05:36:01 CET 2026
#@# BA_exvivo Labels lh Wed Mar 11 05:36:11 CET 2026
recon-all -s sub-v2s12x28904_ses-1 finished without error at Wed Mar 11 05:39:09 CET 2026
