status file for recon-all
Wed Mar 11 05:04:04 CET 2026
#@# Tessellate rh Wed Mar 11 05:04:04 CET 2026
#@# Smooth1 rh Wed Mar 11 05:04:08 CET 2026
#@# Inflation1 rh Wed Mar 11 05:04:11 CET 2026
#@# QSphere rh Wed Mar 11 05:04:25 CET 2026
#@# Fix Topology rh Wed Mar 11 05:06:10 CET 2026
#@# Smooth2 rh Wed Mar 11 05:12:38 CET 2026
#@# Inflation2 rh Wed Mar 11 05:12:41 CET 2026
#@# Curv .H and .K rh Wed Mar 11 05:12:57 CET 2026
#@# Sphere rh Wed Mar 11 05:13:51 CET 2026
#@# Surf Reg rh Wed Mar 11 05:17:24 CET 2026
#@# Jacobian white rh Wed Mar 11 05:22:09 CET 2026
#@# AvgCurv rh Wed Mar 11 05:22:10 CET 2026
#@# Cortical Parc rh Wed Mar 11 05:22:11 CET 2026
#@# white curv rh Wed Mar 11 05:29:18 CET 2026
#@# white area rh Wed Mar 11 05:29:20 CET 2026
#@# pial curv rh Wed Mar 11 05:29:21 CET 2026
#@# pial area rh Wed Mar 11 05:29:23 CET 2026
#@# thickness rh Wed Mar 11 05:29:24 CET 2026
#@# area and vertex vol rh Wed Mar 11 05:29:56 CET 2026
#@# Curvature Stats rh Wed Mar 11 05:29:57 CET 2026
#@# Cortical Parc 2 rh Wed Mar 11 05:30:00 CET 2026
#@# Cortical Parc 3 rh Wed Mar 11 05:30:16 CET 2026
#@# WM/GM Contrast rh Wed Mar 11 05:30:27 CET 2026
recon-all -s sub-v2s12x28904_ses-1 finished without error at Wed Mar 11 05:30:30 CET 2026



#New# invocation of recon-all 



status file for recon-all
Wed Mar 11 05:39:10 CET 2026
#@# white curv rh Wed Mar 11 05:39:10 CET 2026
#@# white area rh Wed Mar 11 05:39:10 CET 2026
#@# pial curv rh Wed Mar 11 05:39:10 CET 2026
#@# pial area rh Wed Mar 11 05:39:10 CET 2026
#@# thickness rh Wed Mar 11 05:39:10 CET 2026
#@# area and vertex vol rh Wed Mar 11 05:39:10 CET 2026
#@# Parcellation Stats rh Wed Mar 11 05:39:10 CET 2026
#@# Parcellation Stats 2 rh Wed Mar 11 05:39:32 CET 2026
#@# Parcellation Stats 3 rh Wed Mar 11 05:39:42 CET 2026
#@# BA_exvivo Labels rh Wed Mar 11 05:39:53 CET 2026
recon-all -s sub-v2s12x28904_ses-1 finished without error at Wed Mar 11 05:42:52 CET 2026
