/out/sourcedata/freesurfer/sub-v2s12x28906_ses-1/mri
/opt/freesurfer/bin/talairach_avi
--i orig_nu.mgz --xfm transforms/talairach.auto.xfm
talairach_avi 7.3.2
Linux dna057 5.14.0-427.37.1.el9_4.x86_64 #1 SMP PREEMPT_DYNAMIC Fri Sep 13 12:41:50 EDT 2024 x86_64 x86_64 x86_64 GNU/Linux
Wed Mar 11 02:55:15 CET 2026
mri_convert orig_nu.mgz talsrcimg.img 
reading from orig_nu.mgz...
TR=0.00, TE=0.00, TI=0.00, flip angle=0.00
i_ras = (-1, 0, 0)
j_ras = (0, 0, -1)
k_ras = (0, 1, 0)
writing to talsrcimg.img...
Analyze Output Matrix
-1.00000   0.00000   0.00000   131.60910;
 0.00000   0.00000   1.00000  -128.50000;
 0.00000  -1.00000   0.00000   114.38300;
 0.00000   0.00000   0.00000   1.00000;
--------------------
INFO: set hdr.hist.orient to -1
mpr2mni305 talsrcimg
Wed Mar 11 02:55:16 CET 2026
/opt/freesurfer/bin/mpr2mni305 talsrcimg
mpr2mni305 7.3.2
target=711-2C_as_mni_average_305

---------------------------------------------------------------------
analyzeto4dfp talsrcimg -O0 -y
---------------------------------------------------------------------

freesurfer ifh2hdr.c
Wed Mar 11 02:55:16 2026
Writing: talsrcimg.4dfp.hdr
freesurfer analyzeto4dfp.c
Reading: talsrcimg.hdr
header size 348 bytes
hdr.dime.datatype	offset=70	value=2
hdr.dime.bitpix		offset=72	value=8
hdr.hist.orient		offset=252	value=-1
dimensionality     4
dimensions       256       256       256         1
Reading: talsrcimg.img
Writing: talsrcimg.4dfp.img
Writing: talsrcimg.4dfp.ifh
ifh2hdr talsrcimg -r0to227
ori=2

---------------------------------------------------------------------
gauss_4dfp talsrcimg 1.1
---------------------------------------------------------------------

freesurfer gauss_4dfp.c
Reading: talsrcimg.4dfp.img
Writing: talsrcimg_g11.4dfp.img
image dimensions 256 256 256 padded to 288 288 288
processing volume 1freesurfer ifh2hdr.c
Wed Mar 11 02:55:18 2026
Writing: talsrcimg_g11.4dfp.hdr

Writing: talsrcimg_g11.4dfp.ifh
including: talsrcimg.4dfp.img.rec in talsrcimg_g11.4dfp.img.rec

---------------------------------------------------------------------
imgreg_4dfp /opt/freesurfer/average/711-2C_as_mni_average_305 none talsrcimg_g11 none talsrcimg_to_711-2C_as_mni_average_305_t4 4355
---------------------------------------------------------------------

freesurfer imgreg_4dfp.c
/opt/freesurfer/average/711-2C_as_mni_average_305.4dfp.img
       256       256       256         1
  1.000000  1.000000  1.000000
orientation T byte_order littleendian
Reading image: /opt/freesurfer/average/711-2C_as_mni_average_305.4dfp.img
dimensions:      256       256       256
mmppix:       1.0000   -1.0000   -1.0000
center:     128.0000 -129.0000 -129.0000
talsrcimg_g11.4dfp.img
       256       256       256         1
  1.000000  1.000000  1.000000
orientation T byte_order littleendian
Reading image: talsrcimg_g11.4dfp.img
dimensions:      256       256       256
mmppix:       1.0000   -1.0000   -1.0000
center:     128.0000 -129.0000 -129.0000
t4_read: open error in t4_sub.f l:  41 t4_file(1:l)talsrcimg_to_711-2C_as_mni_average_305_t4 
t4_read: transform initialized to I4
rotation matrix determinant  1.000000
image alignment mode   4355 decimal     1103 hex
   -7.5000  -45.0000  -45.0000 5811.1084   17.2649
    0.0000  -45.0000  -45.0000 6087.5601   17.2682
    7.5000  -45.0000  -45.0000 5878.8252   17.2512
   -7.5000  -37.5000  -45.0000 6300.4497   17.0796
    0.0000  -37.5000  -45.0000 6605.2896   17.0777
    7.5000  -37.5000  -45.0000 6378.2739   17.0771
   -7.5000  -30.0000  -45.0000 7056.4121   17.0885
    0.0000  -30.0000  -45.0000 7415.5107   17.0884
    7.5000  -30.0000  -45.0000 7144.5249   17.1012
   -7.5000  -22.5000  -45.0000 7770.9458   17.1199
    0.0000  -22.5000  -45.0000 8214.2471   17.1270
    7.5000  -22.5000  -45.0000 7904.8604   17.1360
   -7.5000  -15.0000  -45.0000 8457.2490   17.1430
    0.0000  -15.0000  -45.0000 8966.1006   17.1553
    7.5000  -15.0000  -45.0000 8618.3867   17.1480
   -7.5000   -7.5000  -45.0000 9130.8291   17.1344
    0.0000   -7.5000  -45.0000 9676.3525   17.1447
    7.5000   -7.5000  -45.0000 9267.9893   17.1256
   -7.5000    0.0000  -45.0000 9733.9932   17.1022
    0.0000    0.0000  -45.000010304.5889   17.1055
    7.5000    0.0000  -45.0000 9860.8066   17.0892
   -7.5000    7.5000  -45.0000 9583.8975   17.0794
    0.0000    7.5000  -45.000010139.6758   17.0774
    7.5000    7.5000  -45.0000 9713.3193   17.0768
   -7.5000   15.0000  -45.0000 9339.4648   17.0885
    0.0000   15.0000  -45.0000 9858.2744   17.0884
    7.5000   15.0000  -45.0000 9452.4482   17.1012
   -7.5000   22.5000  -45.0000 9025.4512   17.1176
    0.0000   22.5000  -45.0000 9509.8105   17.1247
    7.5000   22.5000  -45.0000 9109.6318   17.1337
   -7.5000   30.0000  -45.0000 8442.4111   16.9145
    0.0000   30.0000  -45.0000 8880.9541   16.9267
    7.5000   30.0000  -45.0000 8498.9199   16.9194
   -7.5000   37.5000  -45.0000 8162.6636   16.9061
    0.0000   37.5000  -45.0000 8575.8682   16.9162
    7.5000   37.5000  -45.0000 8222.1660   16.8974
   -7.5000   45.0000  -45.0000 7616.4634   16.4458
    0.0000   45.0000  -45.0000 8018.4180   16.4490
    7.5000   45.0000  -45.0000 7675.8711   16.4334
   -7.5000  -45.0000  -37.5000 6166.7705   16.7064
    0.0000  -45.0000  -37.5000 6491.0991   16.7235
    7.5000  -45.0000  -37.5000 6237.4209   16.7165
   -7.5000  -37.5000  -37.5000 6668.5405   16.5343
    0.0000  -37.5000  -37.5000 7025.9883   16.5454
    7.5000  -37.5000  -37.5000 6744.3501   16.5513
   -7.5000  -30.0000  -37.5000 7456.6699   16.5371
    0.0000  -30.0000  -37.5000 7873.6567   16.5471
    7.5000  -30.0000  -37.5000 7552.1206   16.5620
   -7.5000  -22.5000  -37.5000 8178.4243   16.5605
    0.0000  -22.5000  -37.5000 8675.9482   16.5750
    7.5000  -22.5000  -37.5000 8328.8105   16.5852
   -7.5000  -15.0000  -37.5000 8885.3047   16.5788
    0.0000  -15.0000  -37.5000 9420.1582   16.5986
    7.5000  -15.0000  -37.5000 9044.4170   16.5962
   -7.5000   -7.5000  -37.5000 9576.3877   16.5761
    0.0000   -7.5000  -37.500010156.2031   16.5970
    7.5000   -7.5000  -37.5000 9735.3125   16.5870
   -7.5000    0.0000  -37.500010205.0781   16.5547
    0.0000    0.0000  -37.500010810.8271   16.5716
    7.5000    0.0000  -37.500010365.4658   16.5651
   -7.5000    7.5000  -37.500010103.5098   16.5341
    0.0000    7.5000  -37.500010686.1123   16.5452
    7.5000    7.5000  -37.500010254.3936   16.5511
   -7.5000   15.0000  -37.5000 9832.3936   16.5371
    0.0000   15.0000  -37.500010393.5449   16.5471
    7.5000   15.0000  -37.5000 9973.2734   16.5620
   -7.5000   22.5000  -37.5000 9483.2197   16.5582
    0.0000   22.5000  -37.500010027.6611   16.5727
    7.5000   22.5000  -37.5000 9590.2363   16.5829
   -7.5000   30.0000  -37.5000 8847.3916   16.3578
    0.0000   30.0000  -37.5000 9333.5146   16.3774
    7.5000   30.0000  -37.5000 8936.1572   16.3750
   -7.5000   37.5000  -37.5000 8536.9678   16.3552
    0.0000   37.5000  -37.5000 8992.7939   16.3759
    7.5000   37.5000  -37.5000 8615.0811   16.3660
   -7.5000   45.0000  -37.5000 7936.0771   15.9193
    0.0000   45.0000  -37.5000 8359.1279   15.9356
    7.5000   45.0000  -37.5000 7994.8716   15.9293
   -7.5000  -45.0000  -30.0000 6680.6729   16.9645
    0.0000  -45.0000  -30.0000 7035.3179   16.9843
    7.5000  -45.0000  -30.0000 6729.9160   16.9774
   -7.5000  -37.5000  -30.0000 7203.2202   16.8004
    0.0000  -37.5000  -30.0000 7595.5601   16.8097
    7.5000  -37.5000  -30.0000 7260.6982   16.8068
   -7.5000  -30.0000  -30.0000 8022.3223   16.8002
    0.0000  -30.0000  -30.0000 8493.1426   16.8077
    7.5000  -30.0000  -30.0000 8144.7739   16.8096
   -7.5000  -22.5000  -30.0000 8818.3350   16.8159
    0.0000  -22.5000  -30.0000 9353.1631   16.8320
    7.5000  -22.5000  -30.0000 8992.0703   16.8347
   -7.5000  -15.0000  -30.0000 9565.7676   16.8286
    0.0000  -15.0000  -30.000010136.0957   16.8549
    7.5000  -15.0000  -30.0000 9745.4736   16.8541
   -7.5000   -7.5000  -30.000010294.5400   16.8271
    0.0000   -7.5000  -30.000010886.8613   16.8551
    7.5000   -7.5000  -30.000010465.2793   16.8500
   -7.5000    0.0000  -30.000010958.3281   16.8144
    0.0000    0.0000  -30.000011582.0928   16.8340
    7.5000    0.0000  -30.000011113.0029   16.8276
   -7.5000    7.5000  -30.000010841.7275   16.8002
    0.0000    7.5000  -30.000011448.3662   16.8095
    7.5000    7.5000  -30.000010992.4268   16.8066
   -7.5000   15.0000  -30.000010523.6240   16.8002
    0.0000   15.0000  -30.000011136.0225   16.8077
    7.5000   15.0000  -30.000010665.6484   16.8096
   -7.5000   22.5000  -30.000010144.0605   16.8119
    0.0000   22.5000  -30.000010717.3691   16.8280
    7.5000   22.5000  -30.000010266.3594   16.8306
   -7.5000   30.0000  -30.0000 9495.7607   16.6059
    0.0000   30.0000  -30.000010023.7373   16.6319
    7.5000   30.0000  -30.0000 9623.4512   16.6311
   -7.5000   37.5000  -30.0000 9156.6455   16.6045
    0.0000   37.5000  -30.0000 9692.7598   16.6320
    7.5000   37.5000  -30.0000 9284.7686   16.6271
   -7.5000   45.0000  -30.0000 8504.8955   16.1810
    0.0000   45.0000  -30.0000 8999.6680   16.1998
    7.5000   45.0000  -30.0000 8592.3838   16.1936
   -7.5000  -45.0000  -22.5000 7232.0513   17.2188
    0.0000  -45.0000  -22.5000 7629.8350   17.2327
    7.5000  -45.0000  -22.5000 7310.3984   17.2171
   -7.5000  -37.5000  -22.5000 7800.0684   17.0671
    0.0000  -37.5000  -22.5000 8241.7402   17.0709
    7.5000  -37.5000  -22.5000 7905.1021   17.0564
   -7.5000  -30.0000  -22.5000 8704.7324   17.0709
    0.0000  -30.0000  -22.5000 9201.0605   17.0770
    7.5000  -30.0000  -22.5000 8864.3447   17.0687
   -7.5000  -22.5000  -22.5000 9580.7852   17.0792
    0.0000  -22.5000  -22.500010138.3770   17.0980
    7.5000  -22.5000  -22.5000 9765.3223   17.0951
   -7.5000  -15.0000  -22.500010387.9609   17.0836
    0.0000  -15.0000  -22.500010989.1875   17.1127
    7.5000  -15.0000  -22.500010567.2930   17.1092
   -7.5000   -7.5000  -22.500011164.7852   17.0771
    0.0000   -7.5000  -22.500011804.4316   17.1034
    7.5000   -7.5000  -22.500011324.0801   17.0940
   -7.5000    0.0000  -22.500011834.2363   17.0687
    0.0000    0.0000  -22.500012520.3535   17.0824
    7.5000    0.0000  -22.500011989.0244   17.0674
   -7.5000    7.5000  -22.500011696.9609   17.0669
    0.0000    7.5000  -22.500012360.7891   17.0708
    7.5000    7.5000  -22.500011852.5488   17.0562
   -7.5000   15.0000  -22.500011338.3789   17.0709
    0.0000   15.0000  -22.500012005.7715   17.0770
    7.5000   15.0000  -22.500011479.6816   17.0687
   -7.5000   22.5000  -22.500010908.1455   17.0739
    0.0000   22.5000  -22.500011520.9971   17.0927
    7.5000   22.5000  -22.500011047.2578   17.0898
   -7.5000   30.0000  -22.500010233.7207   16.8601
    0.0000   30.0000  -22.500010814.8164   16.8889
    7.5000   30.0000  -22.500010376.5068   16.8854
   -7.5000   37.5000  -22.5000 9888.9248   16.8537
    0.0000   37.5000  -22.500010465.1650   16.8796
    7.5000   37.5000  -22.500010030.1865   16.8704
   -7.5000   45.0000  -22.5000 9153.0615   16.4380
    0.0000   45.0000  -22.5000 9691.1777   16.4512
    7.5000   45.0000  -22.5000 9280.4189   16.4368
   -7.5000  -45.0000  -15.0000 7808.6987   17.4533
    0.0000  -45.0000  -15.0000 8235.1006   17.4589
    7.5000  -45.0000  -15.0000 7906.1606   17.4345
   -7.5000  -37.5000  -15.0000 8464.9229   17.3085
    0.0000  -37.5000  -15.0000 8928.3545   17.3046
    7.5000  -37.5000  -15.0000 8587.3652   17.2834
   -7.5000  -30.0000  -15.0000 9464.9150   17.3209
    0.0000  -30.0000  -15.0000 9995.6396   17.3219
    7.5000  -30.0000  -15.0000 9622.8262   17.3112
   -7.5000  -22.5000  -15.000010438.9873   17.3282
    0.0000  -22.5000  -15.000011017.6826   17.3448
    7.5000  -22.5000  -15.000010595.4482   17.3415
   -7.5000  -15.0000  -15.000011306.6172   17.3267
    0.0000  -15.0000  -15.000011937.2168   17.3537
    7.5000  -15.0000  -15.000011457.0547   17.3476
   -7.5000   -7.5000  -15.000012111.1953   17.3131
    0.0000   -7.5000  -15.000012797.1299   17.3340
    7.5000   -7.5000  -15.000012270.8057   17.3180
   -7.5000    0.0000  -15.000012835.0684   17.3021
    0.0000    0.0000  -15.000013537.4336   17.3077
    7.5000    0.0000  -15.000012984.5488   17.2839
   -7.5000    7.5000  -15.000012665.7334   17.3083
    0.0000    7.5000  -15.000013360.5127   17.3044
    7.5000    7.5000  -15.000012828.2803   17.2833
   -7.5000   15.0000  -15.000012265.1484   17.3209
    0.0000   15.0000  -15.000012972.6963   17.3219
    7.5000   15.0000  -15.000012416.7080   17.3112
   -7.5000   22.5000  -15.000011766.5518   17.3221
    0.0000   22.5000  -15.000012428.3350   17.3386
    7.5000   22.5000  -15.000011901.3242   17.3353
   -7.5000   30.0000  -15.000011048.1426   17.1024
    0.0000   30.0000  -15.000011692.7695   17.1291
    7.5000   30.0000  -15.000011188.9590   17.1231
   -7.5000   37.5000  -15.000010669.7988   17.0890
    0.0000   37.5000  -15.000011279.3691   17.1097
    7.5000   37.5000  -15.000010826.3115   17.0938
   -7.5000   45.0000  -15.0000 9859.6719   16.6728
    0.0000   45.0000  -15.000010395.9326   16.6782
    7.5000   45.0000  -15.0000 9999.9014   16.6553
   -7.5000  -45.0000   -7.5000 8509.5625   17.6571
    0.0000  -45.0000   -7.5000 8964.1240   17.6595
    7.5000  -45.0000   -7.5000 8609.6973   17.6378
   -7.5000  -37.5000   -7.5000 9250.4668   17.5051
    0.0000  -37.5000   -7.5000 9758.5117   17.4992
    7.5000  -37.5000   -7.5000 9377.4355   17.4870
   -7.5000  -30.0000   -7.500010380.6104   17.5186
    0.0000  -30.0000   -7.500010956.1611   17.5168
    7.5000  -30.0000   -7.500010530.6768   17.5178
   -7.5000  -22.5000   -7.500011438.4697   17.5299
    0.0000  -22.5000   -7.500012062.1855   17.5410
    7.5000  -22.5000   -7.500011595.1123   17.5458
   -7.5000  -15.0000   -7.500012402.1836   17.5315
    0.0000  -15.0000   -7.500013069.4424   17.5517
    7.5000  -15.0000   -7.500012550.6797   17.5478
   -7.5000   -7.5000   -7.500013239.5938   17.5193
    0.0000   -7.5000   -7.500013976.7236   17.5347
    7.5000   -7.5000   -7.500013409.7383   17.5183
   -7.5000    0.0000   -7.500014029.8096   17.5040
    0.0000    0.0000   -7.500014780.2676   17.5065
    7.5000    0.0000   -7.500014169.5986   17.4855
   -7.5000    7.5000   -7.500013844.7598   17.5049
    0.0000    7.5000   -7.500014587.1709   17.4991
    7.5000    7.5000   -7.500013992.4473   17.4868
   -7.5000   15.0000   -7.500013404.4053   17.5186
    0.0000   15.0000   -7.500014138.6826   17.5168
    7.5000   15.0000   -7.500013563.2822   17.5178
   -7.5000   22.5000   -7.500012839.1631   17.5218
    0.0000   22.5000   -7.500013524.1582   17.5329
    7.5000   22.5000   -7.500012988.7871   17.5377
   -7.5000   30.0000   -7.500012058.6641   17.3042
    0.0000   30.0000   -7.500012722.8018   17.3241
    7.5000   30.0000   -7.500012218.9902   17.3202
   -7.5000   37.5000   -7.500011658.5674   17.2921
    0.0000   37.5000   -7.500012274.2734   17.3073
    7.5000   37.5000   -7.500011836.9668   17.2912
   -7.5000   45.0000   -7.500010770.8916   16.8705
    0.0000   45.0000   -7.500011315.4229   16.8729
    7.5000   45.0000   -7.500010920.2432   16.8527
   -7.5000  -45.0000    0.0000 9205.2236   17.6960
    0.0000  -45.0000    0.0000 9695.0010   17.7036
    7.5000  -45.0000    0.0000 9315.0381   17.6925
   -7.5000  -37.5000    0.000010054.9248   17.5307
    0.0000  -37.5000    0.000010582.9775   17.5302
    7.5000  -37.5000    0.000010175.8447   17.5323
   -7.5000  -30.0000    0.000011298.1650   17.5383
    0.0000  -30.0000    0.000011897.1270   17.5374
    7.5000  -30.0000    0.000011446.6416   17.5513
   -7.5000  -22.5000    0.000012452.4570   17.5560
    0.0000  -22.5000    0.000013095.4219   17.5631
    7.5000  -22.5000    0.000012619.6914   17.5751
   -7.5000  -15.0000    0.000013502.3115   17.5672
    0.0000  -15.0000    0.000014183.1143   17.5825
    7.5000  -15.0000    0.000013678.3154   17.5823
   -7.5000   -7.5000    0.000014423.1494   17.5622
    0.0000   -7.5000    0.000015163.3916   17.5775
    7.5000   -7.5000    0.000014580.0625   17.5665
   -7.5000    0.0000    0.000015238.9609   17.5431
    0.0000    0.0000    0.000015990.4609   17.5507
    7.5000    0.0000    0.000015384.6816   17.5402
   -7.5000    7.5000    0.000015025.7939   17.5305
    0.0000    7.5000    0.000015811.4766   17.5300
    7.5000    7.5000    0.000015189.2061   17.5321
   -7.5000   15.0000    0.000014553.7920   17.5383
    0.0000   15.0000    0.000015349.2432   17.5374
    7.5000   15.0000    0.000014727.9424   17.5513
   -7.5000   22.5000    0.000013956.0732   17.5479
    0.0000   22.5000    0.000014692.5693   17.5550
    7.5000   22.5000    0.000014108.5400   17.5670
   -7.5000   30.0000    0.000013110.5381   17.3399
    0.0000   30.0000    0.000013810.5186   17.3550
    7.5000   30.0000    0.000013278.5908   17.3547
   -7.5000   37.5000    0.000012656.3105   17.3349
    0.0000   37.5000    0.000013302.5371   17.3500
    7.5000   37.5000    0.000012843.3350   17.3392
   -7.5000   45.0000    0.000011690.0322   16.9095
    0.0000   45.0000    0.000012213.9727   16.9168
    7.5000   45.0000    0.000011832.8252   16.9067
   -7.5000  -45.0000    7.5000 9278.5469   17.6835
    0.0000  -45.0000    7.5000 9746.0332   17.6995
    7.5000  -45.0000    7.5000 9392.6768   17.6976
   -7.5000  -37.5000    7.500010122.4863   17.5132
    0.0000  -37.5000    7.500010642.9336   17.5202
    7.5000  -37.5000    7.500010245.2617   17.5276
   -7.5000  -30.0000    7.500011372.9639   17.5147
    0.0000  -30.0000    7.500011977.5283   17.5187
    7.5000  -30.0000    7.500011517.4316   17.5327
   -7.5000  -22.5000    7.500012582.2051   17.5338
    0.0000  -22.5000    7.500013251.6807   17.5440
    7.5000  -22.5000    7.500012752.0068   17.5545
   -7.5000  -15.0000    7.500013648.3027   17.5493
    0.0000  -15.0000    7.500014386.3086   17.5682
    7.5000  -15.0000    7.500013833.9355   17.5701
   -7.5000   -7.5000    7.500014580.7393   17.5487
    0.0000   -7.5000    7.500015345.4209   17.5703
    7.5000   -7.5000    7.500014738.5225   17.5668
   -7.5000    0.0000    7.500015377.6748   17.5315
    0.0000    0.0000    7.500016162.1797   17.5474
    7.5000    0.0000    7.500015515.5234   17.5459
   -7.5000    7.5000    7.500015180.0908   17.5130
    0.0000    7.5000    7.500016001.5156   17.5200
    7.5000    7.5000    7.500015325.3760   17.5274
   -7.5000   15.0000    7.500014711.6113   17.5147
    0.0000   15.0000    7.500015517.8799   17.5187
    7.5000   15.0000    7.500014893.1748   17.5327
   -7.5000   22.5000    7.500014102.0039   17.5257
    0.0000   22.5000    7.500014851.6650   17.5359
    7.5000   22.5000    7.500014255.0566   17.5464
   -7.5000   30.0000    7.500013266.7041   17.3222
    0.0000   30.0000    7.500013969.1230   17.3408
    7.5000   30.0000    7.500013428.4043   17.3427
   -7.5000   37.5000    7.500012756.5410   17.3216
    0.0000   37.5000    7.500013392.8428   17.3429
    7.5000   37.5000    7.500012946.1885   17.3395
   -7.5000   45.0000    7.500011758.7734   16.8984
    0.0000   45.0000    7.500012282.7676   16.9137
    7.5000   45.0000    7.500011910.6045   16.9122
   -7.5000  -45.0000   15.0000 9194.0303   17.6726
    0.0000  -45.0000   15.0000 9669.4590   17.6921
    7.5000  -45.0000   15.0000 9327.0498   17.6890
   -7.5000  -37.5000   15.000010016.5225   17.5078
    0.0000  -37.5000   15.000010533.3613   17.5172
    7.5000  -37.5000   15.000010142.1729   17.5172
   -7.5000  -30.0000   15.000011285.8789   17.5068
    0.0000  -30.0000   15.000011874.7314   17.5144
    7.5000  -30.0000   15.000011431.7246   17.5179
   -7.5000  -22.5000   15.000012549.0889   17.5209
    0.0000  -22.5000   15.000013216.6045   17.5366
    7.5000  -22.5000   15.000012713.0029   17.5403
   -7.5000  -15.0000   15.000013668.8369   17.5327
    0.0000  -15.0000   15.000014426.4434   17.5583
    7.5000  -15.0000   15.000013883.9502   17.5593
   -7.5000   -7.5000   15.000014631.6270   17.5321
    0.0000   -7.5000   15.000015422.6904   17.5592
    7.5000   -7.5000   15.000014826.8535   17.5574
   -7.5000    0.0000   15.000015434.4150   17.5209
    0.0000    0.0000   15.000016214.3135   17.5401
    7.5000    0.0000   15.000015566.1445   17.5375
   -7.5000    7.5000   15.000015258.5674   17.5076
    0.0000    7.5000   15.000016027.4385   17.5170
    7.5000    7.5000   15.000015355.0420   17.5170
   -7.5000   15.0000   15.000014808.1309   17.5068
    0.0000   15.0000   15.000015564.9629   17.5144
    7.5000   15.0000   15.000014911.1943   17.5179
   -7.5000   22.5000   15.000014154.3955   17.5128
    0.0000   22.5000   15.000014886.8496   17.5286
    7.5000   22.5000   15.000014271.5625   17.5323
   -7.5000   30.0000   15.000013290.9561   17.3058
    0.0000   30.0000   15.000013983.0635   17.3311
    7.5000   30.0000   15.000013432.6934   17.3320
   -7.5000   37.5000   15.000012788.4541   17.3052
    0.0000   37.5000   15.000013429.4062   17.3320
    7.5000   37.5000   15.000012932.7324   17.3302
   -7.5000   45.0000   15.000011819.1514   16.8881
    0.0000   45.0000   15.000012384.6689   16.9066
    7.5000   45.0000   15.000011928.7188   16.9041
   -7.5000  -45.0000   22.5000 9012.8877   17.6723
    0.0000  -45.0000   22.5000 9480.5361   17.6866
    7.5000  -45.0000   22.5000 9166.1035   17.6713
   -7.5000  -37.5000   22.5000 9815.3115   17.5191
    0.0000  -37.5000   22.500010326.3428   17.5229
    7.5000  -37.5000   22.5000 9952.7900   17.5084
   -7.5000  -30.0000   22.500011035.6787   17.5236
    0.0000  -30.0000   22.500011616.4219   17.5292
    7.5000  -30.0000   22.500011206.7715   17.5208
   -7.5000  -22.5000   22.500012251.3252   17.5319
    0.0000  -22.5000   22.500012930.0479   17.5502
    7.5000  -22.5000   22.500012455.3027   17.5472
   -7.5000  -15.0000   22.500013433.9580   17.5357
    0.0000  -15.0000   22.500014235.1699   17.5647
    7.5000  -15.0000   22.500013655.7988   17.5612
   -7.5000   -7.5000   22.500014535.0469   17.5285
    0.0000   -7.5000   22.500015412.3359   17.5550
    7.5000   -7.5000   22.500014750.6992   17.5460
   -7.5000    0.0000   22.500015478.8281   17.5200
    0.0000    0.0000   22.500016365.7861   17.5341
    7.5000    0.0000   22.500015633.7363   17.5194
   -7.5000    7.5000   22.500015350.1328   17.5189
    0.0000    7.5000   22.500016188.2920   17.5227
    7.5000    7.5000   22.500015390.9570   17.5083
   -7.5000   15.0000   22.500014891.1572   17.5236
    0.0000   15.0000   22.500015678.9297   17.5292
    7.5000   15.0000   22.500014871.0459   17.5208
   -7.5000   22.5000   22.500014173.6943   17.5238
    0.0000   22.5000   22.500014957.1621   17.5421
    7.5000   22.5000   22.500014153.2217   17.5391
   -7.5000   30.0000   22.500013328.7490   17.3087
    0.0000   30.0000   22.500014094.7256   17.3374
    7.5000   30.0000   22.500013341.9951   17.3340
   -7.5000   37.5000   22.500012848.8965   17.3016
    0.0000   37.5000   22.500013593.6572   17.3278
    7.5000   37.5000   22.500012873.8340   17.3189
   -7.5000   45.0000   22.500011857.3740   16.8873
    0.0000   45.0000   22.500012525.8936   16.9008
    7.5000   45.0000   22.500011889.9580   16.8867
   -7.5000  -45.0000   30.0000 8641.4814   17.6799
    0.0000  -45.0000   30.0000 9128.6895   17.6856
    7.5000  -45.0000   30.0000 8784.6250   17.6609
   -7.5000  -37.5000   30.0000 9411.2646   17.5341
    0.0000  -37.5000   30.0000 9958.9775   17.5302
    7.5000  -37.5000   30.0000 9565.8730   17.5088
   -7.5000  -30.0000   30.000010605.5830   17.5471
    0.0000  -30.0000   30.000011206.8789   17.5482
    7.5000  -30.0000   30.000010772.1787   17.5373
   -7.5000  -22.5000   30.000011792.4600   17.5542
    0.0000  -22.5000   30.000012460.6562   17.5708
    7.5000  -22.5000   30.000011952.1445   17.5674
   -7.5000  -15.0000   30.000012921.5752   17.5518
    0.0000  -15.0000   30.000013683.4863   17.5791
    7.5000  -15.0000   30.000013116.3682   17.5729
   -7.5000   -7.5000   30.000014120.1396   17.5375
    0.0000   -7.5000   30.000015082.2480   17.5588
    7.5000   -7.5000   30.000014308.6992   17.5425
   -7.5000    0.0000   30.000015407.1660   17.5268
    0.0000    0.0000   30.000016636.9551   17.5325
    7.5000    0.0000   30.000015591.2891   17.5085
   -7.5000    7.5000   30.000015445.5693   17.5340
    0.0000    7.5000   30.000016751.4941   17.5301
    7.5000    7.5000   30.000015480.4375   17.5086
   -7.5000   15.0000   30.000014902.5059   17.5471
    0.0000   15.0000   30.000016058.4697   17.5482
    7.5000   15.0000   30.000014795.9541   17.5373
   -7.5000   22.5000   30.000014050.6201   17.5461
    0.0000   22.5000   30.000015073.8174   17.5627
    7.5000   22.5000   30.000013946.3730   17.5593
   -7.5000   30.0000   30.000013144.8252   17.3246
    0.0000   30.0000   30.000014100.5771   17.3516
    7.5000   30.0000   30.000013107.2168   17.3455
   -7.5000   37.5000   30.000012642.2783   17.3106
    0.0000   37.5000   30.000013487.9248   17.3315
    7.5000   37.5000   30.000012640.1299   17.3155
   -7.5000   45.0000   30.000011637.1572   16.8938
    0.0000   45.0000   30.000012374.9355   16.8993
    7.5000   45.0000   30.000011658.6621   16.8762
   -7.5000  -45.0000   37.5000 8639.4863   17.6929
    0.0000  -45.0000   37.5000 9110.1416   17.6954
    7.5000  -45.0000   37.5000 8757.0645   17.6736
   -7.5000  -37.5000   37.5000 9410.9355   17.5407
    0.0000  -37.5000   37.5000 9929.1172   17.5348
    7.5000  -37.5000   37.5000 9532.4932   17.5225
   -7.5000  -30.0000   37.500010580.3545   17.5542
    0.0000  -30.0000   37.500011181.8203   17.5523
    7.5000  -30.0000   37.500010722.8027   17.5533
   -7.5000  -22.5000   37.500011789.5264   17.5655
    0.0000  -22.5000   37.500012490.0205   17.5766
    7.5000  -22.5000   37.500011909.3389   17.5814
   -7.5000  -15.0000   37.500012967.5957   17.5671
    0.0000  -15.0000   37.500013744.4609   17.5873
    7.5000  -15.0000   37.500013034.9824   17.5834
   -7.5000   -7.5000   37.500014207.0977   17.5549
    0.0000   -7.5000   37.500015146.7363   17.5703
    7.5000   -7.5000   37.500014250.8584   17.5539
   -7.5000    0.0000   37.500015497.0723   17.5395
    0.0000    0.0000   37.500016918.4668   17.5420
    7.5000    0.0000   37.500015559.0088   17.5210
   -7.5000    7.5000   37.500015471.4023   17.5405
    0.0000    7.5000   37.500017013.3926   17.5346
    7.5000    7.5000   37.500015491.2998   17.5223
   -7.5000   15.0000   37.500014831.3975   17.5542
    0.0000   15.0000   37.500016154.4609   17.5523
    7.5000   15.0000   37.500014804.9971   17.5533
   -7.5000   22.5000   37.500013977.9434   17.5574
    0.0000   22.5000   37.500015118.5811   17.5685
    7.5000   22.5000   37.500013946.5801   17.5733
   -7.5000   30.0000   37.500013073.7656   17.3397
    0.0000   30.0000   37.500014091.7568   17.3597
    7.5000   30.0000   37.500013096.8916   17.3558
   -7.5000   37.5000   37.500012564.9863   17.3277
    0.0000   37.5000   37.500013403.2207   17.3429
    7.5000   37.5000   37.500012606.2656   17.3267
   -7.5000   45.0000   37.500011561.5459   16.9061
    0.0000   45.0000   37.500012259.8496   16.9085
    7.5000   45.0000   37.500011603.4092   16.8882
   -7.5000  -45.0000   45.0000 8173.6616   17.5826
    0.0000  -45.0000   45.0000 8623.7861   17.5902
    7.5000  -45.0000   45.0000 8219.5430   17.5792
   -7.5000  -37.5000   45.0000 8928.0645   17.4184
    0.0000  -37.5000   45.0000 9420.0781   17.4179
    7.5000  -37.5000   45.0000 8965.1611   17.4200
   -7.5000  -30.0000   45.000010064.3047   17.4259
    0.0000  -30.0000   45.000010636.3389   17.4250
    7.5000  -30.0000   45.000010104.8018   17.4388
   -7.5000  -22.5000   45.000011218.3887   17.4435
    0.0000  -22.5000   45.000011865.4463   17.4505
    7.5000  -22.5000   45.000011246.0908   17.4625
   -7.5000  -15.0000   45.000012349.0127   17.4546
    0.0000  -15.0000   45.000013025.8018   17.4699
    7.5000  -15.0000   45.000012319.2051   17.4696
   -7.5000   -7.5000   45.000013464.3955   17.4497
    0.0000   -7.5000   45.000014241.5010   17.4649
    7.5000   -7.5000   45.000013438.4170   17.4540
   -7.5000    0.0000   45.000014479.6289   17.4307
    0.0000    0.0000   45.000015428.6104   17.4382
    7.5000    0.0000   45.000014517.9570   17.4278
   -7.5000    7.5000   45.000014276.6328   17.4182
    0.0000    7.5000   45.000015168.3965   17.4177
    7.5000    7.5000   45.000014303.9854   17.4198
   -7.5000   15.0000   45.000013792.2061   17.4259
    0.0000   15.0000   45.000014572.3838   17.4250
    7.5000   15.0000   45.000013814.1963   17.4388
   -7.5000   22.5000   45.000013161.0127   17.4354
    0.0000   22.5000   45.000013948.9199   17.4425
    7.5000   22.5000   45.000013173.0195   17.4544
   -7.5000   30.0000   45.000012373.7812   17.2272
    0.0000   30.0000   45.000013172.6123   17.2423
    7.5000   30.0000   45.000012404.9121   17.2420
   -7.5000   37.5000   45.000011898.0547   17.2224
    0.0000   37.5000   45.000012590.2578   17.2374
    7.5000   37.5000   45.000011911.9258   17.2266
   -7.5000   45.0000   45.000010914.0215   16.8088
    0.0000   45.0000   45.000011535.9414   16.8161
    7.5000   45.0000   45.000010951.0439   16.8060

---------------------------------------------------------------------
imgreg_4dfp /opt/freesurfer/average/711-2C_as_mni_average_305 /opt/freesurfer/average/711-2B_as_mni_average_305_mask talsrcimg_g11 none talsrcimg_to_711-2C_as_mni_average_305_t4 4355
---------------------------------------------------------------------

freesurfer imgreg_4dfp.c
/opt/freesurfer/average/711-2C_as_mni_average_305.4dfp.img
       256       256       256         1
  1.000000  1.000000  1.000000
orientation T byte_order littleendian
Reading image: /opt/freesurfer/average/711-2C_as_mni_average_305.4dfp.img
dimensions:      256       256       256
mmppix:       1.0000   -1.0000   -1.0000
center:     128.0000 -129.0000 -129.0000
/opt/freesurfer/average/711-2B_as_mni_average_305_mask.4dfp.img
       256       256       256         1
  1.000000  1.000000  1.000000
orientation T byte_order littleendian
Reading mask: /opt/freesurfer/average/711-2B_as_mni_average_305_mask.4dfp.img (2306576 pixels)
talsrcimg_g11.4dfp.img
       256       256       256         1
  1.000000  1.000000  1.000000
orientation T byte_order littleendian
Reading image: talsrcimg_g11.4dfp.img
dimensions:      256       256       256
mmppix:       1.0000   -1.0000   -1.0000
center:     128.0000 -129.0000 -129.0000
rotation matrix determinant  1.000000
image alignment mode   4355 decimal     1103 hex
   -7.5000  -37.5000   -7.5000 2337.7842   20.0389
    0.0000  -37.5000   -7.5000 2360.0825   19.6770
    7.5000  -37.5000   -7.5000 2345.6213   19.6607
   -7.5000  -30.0000   -7.5000 2445.1865   18.2972
    0.0000  -30.0000   -7.5000 2473.5198   18.0064
    7.5000  -30.0000   -7.5000 2455.2849   17.9996
   -7.5000  -22.5000   -7.5000 2518.7461   16.9668
    0.0000  -22.5000   -7.5000 2548.6658   16.6659
    7.5000  -22.5000   -7.5000 2531.4863   16.7053
   -7.5000  -15.0000   -7.5000 2574.0393   15.9610
    0.0000  -15.0000   -7.5000 2597.0371   15.6364
    7.5000  -15.0000   -7.5000 2581.3152   15.6895
   -7.5000   -7.5000   -7.5000 2608.1890   15.2934
    0.0000   -7.5000   -7.5000 2633.2756   14.9742
    7.5000   -7.5000   -7.5000 2622.8394   15.0557
   -7.5000    0.0000   -7.5000 2623.2898   14.9348
    0.0000    0.0000   -7.5000 2647.0151   14.5940
    7.5000    0.0000   -7.5000 2636.1558   14.6958
   -7.5000    7.5000   -7.5000 2629.0244   14.9046
    0.0000    7.5000   -7.5000 2653.2791   14.6187
    7.5000    7.5000   -7.5000 2644.5522   14.6874
   -7.5000   15.0000   -7.5000 2614.2734   15.1365
    0.0000   15.0000   -7.5000 2641.7861   14.8517
    7.5000   15.0000   -7.5000 2633.7007   14.9432
   -7.5000   22.5000   -7.5000 2575.1768   15.5558
    0.0000   22.5000   -7.5000 2609.0588   15.2384
    7.5000   22.5000   -7.5000 2599.5210   15.3716
   -7.5000   30.0000   -7.5000 2515.0618   16.2288
    0.0000   30.0000   -7.5000 2554.1218   15.9142
    7.5000   30.0000   -7.5000 2542.9802   16.0055
   -7.5000   37.5000   -7.5000 2434.1448   17.2161
    0.0000   37.5000   -7.5000 2466.6328   16.8816
    7.5000   37.5000   -7.5000 2464.0430   16.9492
   -7.5000   45.0000   -7.5000 2328.1162   18.5194
    0.0000   45.0000   -7.5000 2358.2251   18.1652
    7.5000   45.0000   -7.5000 2354.6165   18.2188
   -7.5000   52.5000   -7.5000 2188.1428   20.1023
    0.0000   52.5000   -7.5000 2211.8813   19.7002
    7.5000   52.5000   -7.5000 2203.7505   19.8076
   -7.5000  -37.5000    0.0000 2403.9727   19.2867
    0.0000  -37.5000    0.0000 2424.5076   18.9392
    7.5000  -37.5000    0.0000 2408.5208   18.9228
   -7.5000  -30.0000    0.0000 2511.4622   17.5435
    0.0000  -30.0000    0.0000 2536.2898   17.1897
    7.5000  -30.0000    0.0000 2520.0957   17.2506
   -7.5000  -22.5000    0.0000 2585.9221   16.1845
    0.0000  -22.5000    0.0000 2609.1050   15.8374
    7.5000  -22.5000    0.0000 2597.3208   15.9133
   -7.5000  -15.0000    0.0000 2647.1128   15.1982
    0.0000  -15.0000    0.0000 2664.2529   14.8536
    7.5000  -15.0000    0.0000 2657.9211   14.8961
   -7.5000   -7.5000    0.0000 2686.9941   14.5081
    0.0000   -7.5000    0.0000 2704.6653   14.1522
    7.5000   -7.5000    0.0000 2696.6689   14.2074
   -7.5000    0.0000    0.0000 2703.5891   14.0760
    0.0000    0.0000    0.0000 2727.3838   13.7367
    7.5000    0.0000    0.0000 2720.8735   13.8077
   -7.5000    7.5000    0.0000 2707.4175   14.0300
    0.0000    7.5000    0.0000 2736.8005   13.7354
    7.5000    7.5000    0.0000 2731.4028   13.8316
   -7.5000   15.0000    0.0000 2698.1833   14.2366
    0.0000   15.0000    0.0000 2732.5522   13.9331
    7.5000   15.0000    0.0000 2724.8813   14.0680
   -7.5000   22.5000    0.0000 2672.5610   14.6391
    0.0000   22.5000    0.0000 2703.8752   14.3061
    7.5000   22.5000    0.0000 2697.7815   14.4796
   -7.5000   30.0000    0.0000 2606.6428   15.2842
    0.0000   30.0000    0.0000 2643.7466   14.9160
    7.5000   30.0000    0.0000 2636.3303   15.0515
   -7.5000   37.5000    0.0000 2521.8850   16.1798
    0.0000   37.5000    0.0000 2552.0376   15.8001
    7.5000   37.5000    0.0000 2551.4004   15.8914
   -7.5000   45.0000    0.0000 2413.1919   17.3698
    0.0000   45.0000    0.0000 2432.9341   16.9750
    7.5000   45.0000    0.0000 2435.9446   17.0594
   -7.5000   52.5000    0.0000 2265.5051   18.8185
    0.0000   52.5000    0.0000 2287.7739   18.3896
    7.5000   52.5000    0.0000 2280.9580   18.4810
   -7.5000  -37.5000    7.5000 2444.3142   18.7089
    0.0000  -37.5000    7.5000 2464.2620   18.3167
    7.5000  -37.5000    7.5000 2452.1279   18.3133
   -7.5000  -30.0000    7.5000 2556.0601   16.9339
    0.0000  -30.0000    7.5000 2578.5791   16.5904
    7.5000  -30.0000    7.5000 2564.5876   16.6203
   -7.5000  -22.5000    7.5000 2636.5752   15.5586
    0.0000  -22.5000    7.5000 2659.1443   15.2501
    7.5000  -22.5000    7.5000 2649.2854   15.2832
   -7.5000  -15.0000    7.5000 2697.4727   14.5289
    0.0000  -15.0000    7.5000 2722.4988   14.2077
    7.5000  -15.0000    7.5000 2712.2913   14.2548
   -7.5000   -7.5000    7.5000 2745.1675   13.7867
    0.0000   -7.5000    7.5000 2772.1914   13.4915
    7.5000   -7.5000    7.5000 2758.8079   13.5099
   -7.5000    0.0000    7.5000 2773.0034   13.3306
    0.0000    0.0000    7.5000 2798.5237   12.9960
    7.5000    0.0000    7.5000 2790.7166   13.0596
   -7.5000    7.5000    7.5000 2785.6033   13.2750
    0.0000    7.5000    7.5000 2812.9382   12.9717
    7.5000    7.5000    7.5000 2809.7927   13.0589
   -7.5000   15.0000    7.5000 2779.2136   13.4916
    0.0000   15.0000    7.5000 2811.7983   13.1656
    7.5000   15.0000    7.5000 2808.6985   13.2884
   -7.5000   22.5000    7.5000 2752.5083   13.8956
    0.0000   22.5000    7.5000 2787.1616   13.5351
    7.5000   22.5000    7.5000 2780.4370   13.6666
   -7.5000   30.0000    7.5000 2690.4612   14.4900
    0.0000   30.0000    7.5000 2725.5754   14.1114
    7.5000   30.0000    7.5000 2717.5967   14.2347
   -7.5000   37.5000    7.5000 2603.2327   15.3282
    0.0000   37.5000    7.5000 2632.7832   14.9509
    7.5000   37.5000    7.5000 2629.8325   15.0477
   -7.5000   45.0000    7.5000 2489.9622   16.4575
    0.0000   45.0000    7.5000 2509.7800   16.0648
    7.5000   45.0000    7.5000 2509.7280   16.1860
   -7.5000   52.5000    7.5000 2336.8875   17.8354
    0.0000   52.5000    7.5000 2360.7026   17.4462
    7.5000   52.5000    7.5000 2357.3965   17.5504
   -7.5000  -37.5000   15.0000 2452.1353   18.2249
    0.0000  -37.5000   15.0000 2478.5283   17.7855
    7.5000  -37.5000   15.0000 2458.7939   17.8054
   -7.5000  -30.0000   15.0000 2568.7993   16.4631
    0.0000  -30.0000   15.0000 2597.6321   16.1058
    7.5000  -30.0000   15.0000 2576.6494   16.1124
   -7.5000  -22.5000   15.0000 2667.8176   15.1304
    0.0000  -22.5000   15.0000 2690.9487   14.7805
    7.5000  -22.5000   15.0000 2670.3909   14.8085
   -7.5000  -15.0000   15.0000 2735.2808   14.0736
    0.0000  -15.0000   15.0000 2759.3088   13.7666
    7.5000  -15.0000   15.0000 2746.3623   13.7738
   -7.5000   -7.5000   15.0000 2784.9885   13.2814
    0.0000   -7.5000   15.0000 2804.2334   12.9718
    7.5000   -7.5000   15.0000 2796.5996   13.0300
   -7.5000    0.0000   15.0000 2822.9668   12.7875
    0.0000    0.0000   15.0000 2844.2166   12.4639
    7.5000    0.0000   15.0000 2836.2920   12.5342
   -7.5000    7.5000   15.0000 2839.2495   12.7370
    0.0000    7.5000   15.0000 2861.3613   12.3998
    7.5000    7.5000   15.0000 2860.1914   12.4681
   -7.5000   15.0000   15.0000 2840.7512   12.9436
    0.0000   15.0000   15.0000 2866.5151   12.5684
    7.5000   15.0000   15.0000 2858.8772   12.6860
   -7.5000   22.5000   15.0000 2813.2136   13.3296
    0.0000   22.5000   15.0000 2842.7405   12.9486
    7.5000   22.5000   15.0000 2834.8687   13.0764
   -7.5000   30.0000   15.0000 2747.7747   13.8785
    0.0000   30.0000   15.0000 2775.8733   13.4931
    7.5000   30.0000   15.0000 2771.3462   13.6042
   -7.5000   37.5000   15.0000 2660.8052   14.6929
    0.0000   37.5000   15.0000 2686.6943   14.2995
    7.5000   37.5000   15.0000 2684.0947   14.4169
   -7.5000   45.0000   15.0000 2550.1460   15.8150
    0.0000   45.0000   15.0000 2573.5713   15.4211
    7.5000   45.0000   15.0000 2565.6311   15.5260
   -7.5000   52.5000   15.0000 2396.8315   17.1576
    0.0000   52.5000   15.0000 2423.2422   16.7638
    7.5000   52.5000   15.0000 2412.6362   16.9173
   -7.5000  -37.5000   22.5000 2452.5251   17.9888
    0.0000  -37.5000   22.5000 2469.4917   17.5348
    7.5000  -37.5000   22.5000 2463.4370   17.5344
   -7.5000  -30.0000   22.5000 2570.0115   16.1780
    0.0000  -30.0000   22.5000 2589.5146   15.8307
    7.5000  -30.0000   22.5000 2577.7007   15.8294
   -7.5000  -22.5000   22.5000 2667.8303   14.8057
    0.0000  -22.5000   22.5000 2688.7085   14.4937
    7.5000  -22.5000   22.5000 2674.5051   14.4965
   -7.5000  -15.0000   22.5000 2741.6775   13.7512
    0.0000  -15.0000   22.5000 2768.9233   13.4969
    7.5000  -15.0000   22.5000 2756.5425   13.4701
   -7.5000   -7.5000   22.5000 2806.9531   13.0368
    0.0000   -7.5000   22.5000 2834.1855   12.7920
    7.5000   -7.5000   22.5000 2823.4597   12.7583
   -7.5000    0.0000   22.5000 2856.7390   12.5973
    0.0000    0.0000   22.5000 2884.2957   12.3527
    7.5000    0.0000   22.5000 2875.6184   12.3084
   -7.5000    7.5000   22.5000 2886.1814   12.4988
    0.0000    7.5000   22.5000 2902.1426   12.1902
    7.5000    7.5000   22.5000 2894.1548   12.1920
   -7.5000   15.0000   22.5000 2886.8413   12.6072
    0.0000   15.0000   22.5000 2910.3313   12.2766
    7.5000   15.0000   22.5000 2892.4790   12.3184
   -7.5000   22.5000   22.5000 2859.0906   12.9306
    0.0000   22.5000   22.5000 2886.2817   12.6254
    7.5000   22.5000   22.5000 2866.0420   12.6762
   -7.5000   30.0000   22.5000 2796.1533   13.4484
    0.0000   30.0000   22.5000 2827.1763   13.1730
    7.5000   30.0000   22.5000 2812.7742   13.1881
   -7.5000   37.5000   22.5000 2706.7493   14.2260
    0.0000   37.5000   22.5000 2741.0588   13.9347
    7.5000   37.5000   22.5000 2729.9851   13.9472
   -7.5000   45.0000   22.5000 2593.3181   15.3957
    0.0000   45.0000   22.5000 2621.5857   15.0627
    7.5000   45.0000   22.5000 2608.7175   15.0961
   -7.5000   52.5000   22.5000 2439.5574   16.8242
    0.0000   52.5000   22.5000 2470.0264   16.4461
    7.5000   52.5000   22.5000 2454.1748   16.5211
   -7.5000  -37.5000   30.0000 2429.8386   17.9256
    0.0000  -37.5000   30.0000 2452.1799   17.5473
    7.5000  -37.5000   30.0000 2441.8433   17.4963
   -7.5000  -30.0000   30.0000 2546.1335   16.1075
    0.0000  -30.0000   30.0000 2569.7595   15.8176
    7.5000  -30.0000   30.0000 2562.9705   15.7989
   -7.5000  -22.5000   30.0000 2650.0637   14.7374
    0.0000  -22.5000   30.0000 2670.5525   14.4460
    7.5000  -22.5000   30.0000 2666.7280   14.4313
   -7.5000  -15.0000   30.0000 2733.1106   13.7113
    0.0000  -15.0000   30.0000 2755.7773   13.4572
    7.5000  -15.0000   30.0000 2757.8586   13.4182
   -7.5000   -7.5000   30.0000 2818.7839   13.0363
    0.0000   -7.5000   30.0000 2845.2688   12.8437
    7.5000   -7.5000   30.0000 2837.1177   12.7584
   -7.5000    0.0000   30.0000 2890.3582   12.7420
    0.0000    0.0000   30.0000 2925.1638   12.6930
    7.5000    0.0000   30.0000 2907.4763   12.4038
   -7.5000    7.5000   30.0000 2927.1006   12.6758
    0.0000    7.5000   30.0000 2981.0742   12.5925
    7.5000    7.5000   30.0000 2935.8411   12.3316
   -7.5000   15.0000   30.0000 2921.9644   12.5851
    0.0000   15.0000   30.0000 2966.2261   12.4828
    7.5000   15.0000   30.0000 2919.1646   12.2908
   -7.5000   22.5000   30.0000 2889.4531   12.7010
    0.0000   22.5000   30.0000 2928.8911   12.5740
    7.5000   22.5000   30.0000 2888.4023   12.4545
   -7.5000   30.0000   30.0000 2819.4958   13.1747
    0.0000   30.0000   30.0000 2858.7312   12.9919
    7.5000   30.0000   30.0000 2832.3767   12.9257
   -7.5000   37.5000   30.0000 2729.9829   13.9900
    0.0000   37.5000   30.0000 2762.2400   13.7426
    7.5000   37.5000   30.0000 2753.0776   13.7232
   -7.5000   45.0000   30.0000 2616.4724   15.1813
    0.0000   45.0000   30.0000 2647.0537   14.8874
    7.5000   45.0000   30.0000 2634.9495   14.8996
   -7.5000   52.5000   30.0000 2460.6199   16.6351
    0.0000   52.5000   30.0000 2494.4617   16.3186
    7.5000   52.5000   30.0000 2478.1548   16.3592
   -7.5000  -37.5000   37.5000 2416.3835   18.1718
    0.0000  -37.5000   37.5000 2431.0676   17.7476
    7.5000  -37.5000   37.5000 2430.2058   17.7450
   -7.5000  -30.0000   37.5000 2525.0203   16.3474
    0.0000  -30.0000   37.5000 2545.3333   15.9992
    7.5000  -30.0000   37.5000 2546.2556   16.0196
   -7.5000  -22.5000   37.5000 2633.5471   14.9811
    0.0000  -22.5000   37.5000 2656.7190   14.7202
    7.5000  -22.5000   37.5000 2654.0852   14.7023
   -7.5000  -15.0000   37.5000 2731.3196   13.9901
    0.0000  -15.0000   37.5000 2761.6753   13.7947
    7.5000  -15.0000   37.5000 2750.5515   13.7122
   -7.5000   -7.5000   37.5000 2828.3533   13.2876
    0.0000   -7.5000   37.5000 2868.4482   13.1603
    7.5000   -7.5000   37.5000 2843.9575   13.0111
   -7.5000    0.0000   37.5000 2909.6252   12.9891
    0.0000    0.0000   37.5000 2955.4160   12.9627
    7.5000    0.0000   37.5000 2926.1472   12.7050
   -7.5000    7.5000   37.5000 2953.6946   12.8562
    0.0000    7.5000   37.5000 3019.6252   12.9638
    7.5000    7.5000   37.5000 2964.1802   12.5825
   -7.5000   15.0000   37.5000 2937.5996   12.6888
    0.0000   15.0000   37.5000 2994.1575   12.6836
    7.5000   15.0000   37.5000 2938.8064   12.4592
   -7.5000   22.5000   37.5000 2902.5928   12.7426
    0.0000   22.5000   37.5000 2950.5498   12.5936
    7.5000   22.5000   37.5000 2899.8706   12.5901
   -7.5000   30.0000   37.5000 2821.3979   13.1780
    0.0000   30.0000   37.5000 2864.9404   12.9899
    7.5000   30.0000   37.5000 2829.1931   13.0290
   -7.5000   37.5000   37.5000 2731.2278   13.9714
    0.0000   37.5000   37.5000 2759.6338   13.7419
    7.5000   37.5000   37.5000 2746.7969   13.7696
   -7.5000   45.0000   37.5000 2614.5452   15.1505
    0.0000   45.0000   37.5000 2643.4878   14.8561
    7.5000   45.0000   37.5000 2636.8005   14.8832
   -7.5000   52.5000   37.5000 2461.2683   16.5925
    0.0000   52.5000   37.5000 2492.4424   16.2428
    7.5000   52.5000   37.5000 2489.4836   16.3341
   -7.5000  -37.5000   45.0000 2400.2917   18.7674
    0.0000  -37.5000   45.0000 2420.0547   18.4142
    7.5000  -37.5000   45.0000 2406.7993   18.3585
   -7.5000  -30.0000   45.0000 2511.6992   16.9474
    0.0000  -30.0000   45.0000 2536.2458   16.6279
    7.5000  -30.0000   45.0000 2523.8281   16.6065
   -7.5000  -22.5000   45.0000 2622.7214   15.4975
    0.0000  -22.5000   45.0000 2649.6443   15.2576
    7.5000  -22.5000   45.0000 2636.0928   15.2088
   -7.5000  -15.0000   45.0000 2723.8936   14.3942
    0.0000  -15.0000   45.0000 2746.9043   14.1795
    7.5000  -15.0000   45.0000 2736.1270   14.1450
   -7.5000   -7.5000   45.0000 2819.6177   13.6197
    0.0000   -7.5000   45.0000 2846.5383   13.4095
    7.5000   -7.5000   45.0000 2834.8440   13.3514
   -7.5000    0.0000   45.0000 2896.7327   13.2197
    0.0000    0.0000   45.0000 2928.7695   13.0444
    7.5000    0.0000   45.0000 2916.5674   12.9498
   -7.5000    7.5000   45.0000 2930.2812   12.8788
    0.0000    7.5000   45.0000 2979.2075   12.7331
    7.5000    7.5000   45.0000 2945.2827   12.6877
   -7.5000   15.0000   45.0000 2922.8623   12.7881
    0.0000   15.0000   45.0000 2960.8457   12.5175
    7.5000   15.0000   45.0000 2925.6089   12.6316
   -7.5000   22.5000   45.0000 2900.9409   13.0272
    0.0000   22.5000   45.0000 2941.8186   12.7233
    7.5000   22.5000   45.0000 2903.8772   12.8902
   -7.5000   30.0000   45.0000 2821.9590   13.5278
    0.0000   30.0000   45.0000 2861.9768   13.3005
    7.5000   30.0000   45.0000 2833.2437   13.4288
   -7.5000   37.5000   45.0000 2720.3442   14.3554
    0.0000   37.5000   45.0000 2744.2708   14.1117
    7.5000   37.5000   45.0000 2730.6472   14.1823
   -7.5000   45.0000   45.0000 2599.5520   15.4644
    0.0000   45.0000   45.0000 2624.3811   15.1855
    7.5000   45.0000   45.0000 2617.4299   15.2426
   -7.5000   52.5000   45.0000 2451.8469   16.8630
    0.0000   52.5000   45.0000 2479.2986   16.5371
    7.5000   52.5000   45.0000 2472.4102   16.6068
   -7.5000  -37.5000   52.5000 2384.6746   19.4966
    0.0000  -37.5000   52.5000 2403.4604   19.1051
    7.5000  -37.5000   52.5000 2385.1824   19.1298
   -7.5000  -30.0000   52.5000 2498.4749   17.5610
    0.0000  -30.0000   52.5000 2521.4673   17.2052
    7.5000  -30.0000   52.5000 2503.4038   17.2586
   -7.5000  -22.5000   52.5000 2601.3086   15.9861
    0.0000  -22.5000   52.5000 2622.3132   15.6380
    7.5000  -22.5000   52.5000 2613.3618   15.7037
   -7.5000  -15.0000   52.5000 2692.1504   14.7464
    0.0000  -15.0000   52.5000 2714.5200   14.4213
    7.5000  -15.0000   52.5000 2711.1704   14.4856
   -7.5000   -7.5000   52.5000 2782.0486   13.9053
    0.0000   -7.5000   52.5000 2805.5835   13.6137
    7.5000   -7.5000   52.5000 2800.5862   13.6827
   -7.5000    0.0000   52.5000 2860.0159   13.3952
    0.0000    0.0000   52.5000 2886.1877   13.1966
    7.5000    0.0000   52.5000 2882.1350   13.2386
   -7.5000    7.5000   52.5000 2895.7913   13.0985
    0.0000    7.5000   52.5000 2914.3274   12.8099
    7.5000    7.5000   52.5000 2902.1135   12.9527
   -7.5000   15.0000   52.5000 2892.0525   13.1413
    0.0000   15.0000   52.5000 2921.4387   12.7922
    7.5000   15.0000   52.5000 2898.0974   12.9816
   -7.5000   22.5000   52.5000 2865.9260   13.4316
    0.0000   22.5000   52.5000 2901.5459   13.1520
    7.5000   22.5000   52.5000 2875.4014   13.2938
   -7.5000   30.0000   52.5000 2794.7214   14.0166
    0.0000   30.0000   52.5000 2826.8281   13.7701
    7.5000   30.0000   52.5000 2805.3652   13.8812
   -7.5000   37.5000   52.5000 2691.3394   14.9070
    0.0000   37.5000   52.5000 2715.6370   14.6360
    7.5000   37.5000   52.5000 2704.7656   14.7426
   -7.5000   45.0000   52.5000 2571.5100   16.0207
    0.0000   45.0000   52.5000 2598.7695   15.7577
    7.5000   45.0000   52.5000 2587.1694   15.8363
   -7.5000   52.5000   52.5000 2424.2625   17.3352
    0.0000   52.5000   52.5000 2450.3342   17.0365
    7.5000   52.5000   52.5000 2440.0410   17.1235
   -7.5000  -37.5000   60.0000 2328.4453   20.0684
    0.0000  -37.5000   60.0000 2350.4314   19.5947
    7.5000  -37.5000   60.0000 2336.1350   19.8096
   -7.5000  -30.0000   60.0000 2438.6396   18.0466
    0.0000  -30.0000   60.0000 2460.4509   17.5996
    7.5000  -30.0000   60.0000 2454.4346   17.8028
   -7.5000  -22.5000   60.0000 2542.8542   16.3764
    0.0000  -22.5000   60.0000 2566.4834   15.9737
    7.5000  -22.5000   60.0000 2562.1897   16.1247
   -7.5000  -15.0000   60.0000 2637.9714   15.0922
    0.0000  -15.0000   60.0000 2662.0203   14.7268
    7.5000  -15.0000   60.0000 2657.5889   14.8919
   -7.5000   -7.5000   60.0000 2724.7063   14.2283
    0.0000   -7.5000   60.0000 2745.5447   13.9329
    7.5000   -7.5000   60.0000 2742.7612   14.0580
   -7.5000    0.0000   60.0000 2788.0513   13.7121
    0.0000    0.0000   60.0000 2804.1477   13.3805
    7.5000    0.0000   60.0000 2808.3225   13.5379
   -7.5000    7.5000   60.0000 2813.5833   13.4479
    0.0000    7.5000   60.0000 2834.9380   13.0832
    7.5000    7.5000   60.0000 2825.6887   13.2716
   -7.5000   15.0000   60.0000 2816.2346   13.5536
    0.0000   15.0000   60.0000 2841.2725   13.2364
    7.5000   15.0000   60.0000 2823.9204   13.3871
   -7.5000   22.5000   60.0000 2781.3921   13.9209
    0.0000   22.5000   60.0000 2813.7905   13.6619
    7.5000   22.5000   60.0000 2794.0623   13.7968
   -7.5000   30.0000   60.0000 2711.3225   14.5429
    0.0000   30.0000   60.0000 2745.3328   14.3294
    7.5000   30.0000   60.0000 2725.4417   14.4177
   -7.5000   37.5000   60.0000 2621.9048   15.4417
    0.0000   37.5000   60.0000 2645.9082   15.1695
    7.5000   37.5000   60.0000 2634.7588   15.2817
   -7.5000   45.0000   60.0000 2514.6091   16.5969
    0.0000   45.0000   60.0000 2534.2371   16.3250
    7.5000   45.0000   60.0000 2525.4294   16.4291
   -7.5000   52.5000   60.0000 2369.3318   17.9198
    0.0000   52.5000   60.0000 2396.2168   17.6325
    7.5000   52.5000   60.0000 2384.8733   17.6873
   -7.5000  -37.5000   67.5000 2248.0774   20.5495
    0.0000  -37.5000   67.5000 2272.4849   19.9877
    7.5000  -37.5000   67.5000 2270.6738   20.3462
   -7.5000  -30.0000   67.5000 2350.9316   18.4974
    0.0000  -30.0000   67.5000 2377.5198   17.9736
    7.5000  -30.0000   67.5000 2381.5901   18.2949
   -7.5000  -22.5000   67.5000 2454.3247   16.7872
    0.0000  -22.5000   67.5000 2483.3723   16.3246
    7.5000  -22.5000   67.5000 2480.9709   16.5766
   -7.5000  -15.0000   67.5000 2549.5234   15.4752
    0.0000  -15.0000   67.5000 2577.0818   15.0930
    7.5000  -15.0000   67.5000 2573.6331   15.3134
   -7.5000   -7.5000   67.5000 2632.6230   14.5897
    0.0000   -7.5000   67.5000 2652.6147   14.2506
    7.5000   -7.5000   67.5000 2651.0073   14.4455
   -7.5000    0.0000   67.5000 2686.5078   14.0866
    0.0000    0.0000   67.5000 2706.3279   13.7070
    7.5000    0.0000   67.5000 2698.9795   13.8741
   -7.5000    7.5000   67.5000 2714.7852   13.8293
    0.0000    7.5000   67.5000 2734.0344   13.4840
    7.5000    7.5000   67.5000 2724.8760   13.6529
   -7.5000   15.0000   67.5000 2708.0623   13.9908
    0.0000   15.0000   67.5000 2729.9075   13.6806
    7.5000   15.0000   67.5000 2715.9624   13.8335
   -7.5000   22.5000   67.5000 2670.7461   14.3941
    0.0000   22.5000   67.5000 2696.1987   14.1190
    7.5000   22.5000   67.5000 2685.2642   14.2708
   -7.5000   30.0000   67.5000 2604.1150   15.0345
    0.0000   30.0000   67.5000 2632.5994   14.7842
    7.5000   30.0000   67.5000 2614.3010   14.9239
   -7.5000   37.5000   67.5000 2520.7454   15.9430
    0.0000   37.5000   67.5000 2542.4478   15.6481
    7.5000   37.5000   67.5000 2528.8616   15.7701
   -7.5000   45.0000   67.5000 2424.4285   17.0414
    0.0000   45.0000   67.5000 2440.2031   16.7605
    7.5000   45.0000   67.5000 2431.2156   16.8692
   -7.5000   52.5000   67.5000 2282.2576   18.3510
    0.0000   52.5000   67.5000 2305.0881   18.0656
    7.5000   52.5000   67.5000 2297.5730   18.1589
   -7.5000  -37.5000   75.0000 2156.6677   20.9291
    0.0000  -37.5000   75.0000 2179.4985   20.4045
    7.5000  -37.5000   75.0000 2181.1360   20.7838
   -7.5000  -30.0000   75.0000 2252.3909   18.8325
    0.0000  -30.0000   75.0000 2278.8521   18.3286
    7.5000  -30.0000   75.0000 2285.6443   18.6792
   -7.5000  -22.5000   75.0000 2356.2380   17.1364
    0.0000  -22.5000   75.0000 2384.0337   16.6959
    7.5000  -22.5000   75.0000 2381.4963   16.9886
   -7.5000  -15.0000   75.0000 2452.8457   15.8434
    0.0000  -15.0000   75.0000 2477.2407   15.4737
    7.5000  -15.0000   75.0000 2469.5686   15.7074
   -7.5000   -7.5000   75.0000 2522.1052   14.9460
    0.0000   -7.5000   75.0000 2541.4111   14.5934
    7.5000   -7.5000   75.0000 2536.7532   14.7819
   -7.5000    0.0000   75.0000 2567.6228   14.4483
    0.0000    0.0000   75.0000 2592.5522   14.0949
    7.5000    0.0000   75.0000 2582.2310   14.2477
   -7.5000    7.5000   75.0000 2595.8105   14.2569
    0.0000    7.5000   75.0000 2617.0247   13.9182
    7.5000    7.5000   75.0000 2605.7900   14.0580
   -7.5000   15.0000   75.0000 2583.0291   14.4287
    0.0000   15.0000   75.0000 2604.2866   14.1279
    7.5000   15.0000   75.0000 2591.6248   14.2812
   -7.5000   22.5000   75.0000 2547.4771   14.8313
    0.0000   22.5000   75.0000 2570.0630   14.5402
    7.5000   22.5000   75.0000 2559.4617   14.7114
   -7.5000   30.0000   75.0000 2485.5090   15.4482
    0.0000   30.0000   75.0000 2513.7290   15.1865
    7.5000   30.0000   75.0000 2500.5417   15.3471
   -7.5000   37.5000   75.0000 2412.1147   16.3099
    0.0000   37.5000   75.0000 2442.1541   16.0307
    7.5000   37.5000   75.0000 2426.9678   16.1569
   -7.5000   45.0000   75.0000 2320.5405   17.4120
    0.0000   45.0000   75.0000 2340.5183   17.1059
    7.5000   45.0000   75.0000 2327.4204   17.2426
   -7.5000   52.5000   75.0000 2179.6851   18.7215
    0.0000   52.5000   75.0000 2200.0461   18.4485
    7.5000   52.5000   75.0000 2190.7712   18.5196
   -7.5000  -37.5000   82.5000 2096.4939   22.1029
    0.0000  -37.5000   82.5000 2115.3843   21.6036
    7.5000  -37.5000   82.5000 2115.7766   21.9905
   -7.5000  -30.0000   82.5000 2190.2822   19.8906
    0.0000  -30.0000   82.5000 2216.9150   19.4092
    7.5000  -30.0000   82.5000 2216.0322   19.7457
   -7.5000  -22.5000   82.5000 2291.4148   18.1797
    0.0000  -22.5000   82.5000 2322.3210   17.7457
    7.5000  -22.5000   82.5000 2313.9436   18.0206
   -7.5000  -15.0000   82.5000 2381.9370   16.8465
    0.0000  -15.0000   82.5000 2412.7324   16.4762
    7.5000  -15.0000   82.5000 2396.3552   16.7004
   -7.5000   -7.5000   82.5000 2448.2297   15.9314
    0.0000   -7.5000   82.5000 2477.0312   15.5782
    7.5000   -7.5000   82.5000 2460.3230   15.7621
   -7.5000    0.0000   82.5000 2486.9111   15.4077
    0.0000    0.0000   82.5000 2512.3484   15.0620
    7.5000    0.0000   82.5000 2499.0552   15.2105
   -7.5000    7.5000   82.5000 2510.8459   15.2010
    0.0000    7.5000   82.5000 2530.9128   14.9161
    7.5000    7.5000   82.5000 2519.5425   15.0185
   -7.5000   15.0000   82.5000 2492.4233   15.4081
    0.0000   15.0000   82.5000 2511.3252   15.1489
    7.5000   15.0000   82.5000 2501.4521   15.2830
   -7.5000   22.5000   82.5000 2456.0601   15.8252
    0.0000   22.5000   82.5000 2476.4338   15.5691
    7.5000   22.5000   82.5000 2468.2258   15.7343
   -7.5000   30.0000   82.5000 2395.9441   16.4411
    0.0000   30.0000   82.5000 2427.7214   16.1871
    7.5000   30.0000   82.5000 2412.1392   16.3619
   -7.5000   37.5000   82.5000 2330.2573   17.3266
    0.0000   37.5000   82.5000 2367.1511   17.0134
    7.5000   37.5000   82.5000 2349.0730   17.1773
   -7.5000   45.0000   82.5000 2245.3591   18.4582
    0.0000   45.0000   82.5000 2269.8645   18.1529
    7.5000   45.0000   82.5000 2255.0923   18.2451
   -7.5000   52.5000   82.5000 2104.2036   19.7711
    0.0000   52.5000   82.5000 2126.6772   19.5179
    7.5000   52.5000   82.5000 2118.3555   19.5802

---------------------------------------------------------------------
imgreg_4dfp /opt/freesurfer/average/711-2C_as_mni_average_305 /opt/freesurfer/average/711-2B_as_mni_average_305_mask talsrcimg_g11 none talsrcimg_to_711-2C_as_mni_average_305_t4 1283
---------------------------------------------------------------------

freesurfer imgreg_4dfp.c
/opt/freesurfer/average/711-2C_as_mni_average_305.4dfp.img
       256       256       256         1
  1.000000  1.000000  1.000000
orientation T byte_order littleendian
Reading image: /opt/freesurfer/average/711-2C_as_mni_average_305.4dfp.img
dimensions:      256       256       256
mmppix:       1.0000   -1.0000   -1.0000
center:     128.0000 -129.0000 -129.0000
/opt/freesurfer/average/711-2B_as_mni_average_305_mask.4dfp.img
       256       256       256         1
  1.000000  1.000000  1.000000
orientation T byte_order littleendian
Reading mask: /opt/freesurfer/average/711-2B_as_mni_average_305_mask.4dfp.img (2306576 pixels)
talsrcimg_g11.4dfp.img
       256       256       256         1
  1.000000  1.000000  1.000000
orientation T byte_order littleendian
Reading image: talsrcimg_g11.4dfp.img
dimensions:      256       256       256
mmppix:       1.0000   -1.0000   -1.0000
center:     128.0000 -129.0000 -129.0000
rotation matrix determinant  1.000000
fimgreg.f
image alignment mode   1283 decimal      503 hex
parameters
    0.0000    7.5000   37.5000    0.0000    0.0000    0.0000
eta,q 0.94717 12.95035
niter,ni,del,rscale     5    3   12.0000    1.2000
parameter  4  0.878500 ->  0.500000 qaram    1.1500
parameter  6  0.733940 ->  0.500000 qaram    1.1500
parameters
    0.8005   10.4541   35.9802   -3.4500   -1.4541   -3.4500
eta,q 0.95489 13.02326
  0.0682  0.0639  0.0561  0.0462  0.0500  0.0455
  0.0602  0.0593  0.0505  0.0469  0.0478  0.0451
  0.0543  0.0549  0.0483  0.0476  0.0473  0.0456
  0.0514  0.0508  0.0494  0.0485  0.0471  0.0473
  0.0515  0.0495  0.0538  0.0503  0.0485  0.0493
  0.0551  0.0497  0.0600  0.0532  0.0513  0.0517
  0.0614  0.0517  0.0662  0.0566  0.0556  0.0557
niter,ni,del,rscale     6    3   12.0000    1.2000
parameters
    0.6698   11.5263   34.9722   -6.8330   -0.3513   -4.6258
eta,q 0.95741 13.00822
  0.0593  0.0601  0.0549  0.0440  0.0545  0.0460
  0.0514  0.0543  0.0463  0.0435  0.0501  0.0437
  0.0462  0.0483  0.0437  0.0437  0.0460  0.0426
  0.0451  0.0451  0.0453  0.0441  0.0435  0.0428
  0.0467  0.0464  0.0497  0.0459  0.0428  0.0440
  0.0519  0.0493  0.0547  0.0492  0.0450  0.0462
  0.0609  0.0524  0.0598  0.0537  0.0493  0.0489
niter,ni,del,rscale     5    3   12.0000    1.2000
parameters
    0.1278   12.9155   34.6220  -10.0305   -0.0006   -4.7943
eta,q 0.95979 13.00184
  0.0580  0.0569  0.0564  0.0416  0.0528  0.0463
  0.0493  0.0502  0.0464  0.0402  0.0471  0.0430
  0.0432  0.0450  0.0414  0.0407  0.0423  0.0404
  0.0426  0.0423  0.0417  0.0414  0.0403  0.0403
  0.0465  0.0417  0.0458  0.0428  0.0413  0.0418
  0.0544  0.0431  0.0514  0.0452  0.0451  0.0438
  0.0636  0.0481  0.0570  0.0492  0.0504  0.0462
niter,ni,del,rscale     4    3   12.0000    1.2000
parameters
    0.1915   13.8342   34.0807  -10.6959   -0.0352   -4.8133
eta,q 0.96135 12.97395
  0.0622  0.0555  0.0538  0.0443  0.0501  0.0461
  0.0516  0.0479  0.0438  0.0404  0.0443  0.0425
  0.0433  0.0430  0.0389  0.0384  0.0400  0.0394
  0.0402  0.0402  0.0397  0.0391  0.0387  0.0387
  0.0432  0.0396  0.0439  0.0406  0.0401  0.0402
  0.0512  0.0417  0.0499  0.0422  0.0443  0.0427
  0.0611  0.0491  0.0569  0.0462  0.0504  0.0459
niter,ni,del,rscale     3    3   12.0000    1.2000
parameters
    0.1633   13.8876   33.9168  -10.7817   -0.0224   -4.8055
eta,q 0.96158 12.97296
  0.0612  0.0523  0.0558  0.0454  0.0501  0.0461
  0.0499  0.0457  0.0452  0.0411  0.0443  0.0424
  0.0416  0.0411  0.0388  0.0384  0.0398  0.0392
  0.0386  0.0386  0.0386  0.0385  0.0384  0.0384
  0.0424  0.0393  0.0423  0.0402  0.0398  0.0400
  0.0509  0.0440  0.0484  0.0415  0.0440  0.0425
  0.0609  0.0532  0.0554  0.0451  0.0501  0.0457
niter,ni,del,rscale     2    3   12.0000    1.2000
parameters
    0.1465   13.8919   33.8805  -10.8015   -0.0121   -4.8003
eta,q 0.96163 12.97313
  0.0613  0.0521  0.0565  0.0456  0.0501  0.0460
  0.0498  0.0455  0.0458  0.0412  0.0442  0.0424
  0.0414  0.0409  0.0390  0.0385  0.0398  0.0392
  0.0384  0.0384  0.0384  0.0384  0.0384  0.0384
  0.0422  0.0392  0.0419  0.0401  0.0398  0.0400
  0.0507  0.0441  0.0479  0.0415  0.0440  0.0425
  0.0609  0.0535  0.0549  0.0450  0.0501  0.0457
registration optimization eta report
parameter search radius
    6.0000    6.0000    6.0000    6.9000    6.0000    6.9000
100000*second partial in parameter space
       61.       40.       48.       14.       32.       15.
  0.0613  0.0521  0.0565  0.0456  0.0501  0.0460
  0.0498  0.0455  0.0458  0.0412  0.0442  0.0424
  0.0414  0.0409  0.0390  0.0385  0.0398  0.0392
  0.0384  0.0384  0.0384  0.0384  0.0384  0.0384
  0.0422  0.0392  0.0419  0.0401  0.0398  0.0400
  0.0507  0.0441  0.0479  0.0415  0.0440  0.0425
  0.0609  0.0535  0.0549  0.0450  0.0501  0.0457
    0.1465   13.8919   33.8805  -10.8015   -0.0121   -4.8003
eta,q 0.96163 12.97313

---------------------------------------------------------------------
imgreg_4dfp /opt/freesurfer/average/711-2C_as_mni_average_305 /opt/freesurfer/average/711-2B_as_mni_average_305_mask talsrcimg_g11 none talsrcimg_to_711-2C_as_mni_average_305_t4 3335
---------------------------------------------------------------------

freesurfer imgreg_4dfp.c
/opt/freesurfer/average/711-2C_as_mni_average_305.4dfp.img
       256       256       256         1
  1.000000  1.000000  1.000000
orientation T byte_order littleendian
Reading image: /opt/freesurfer/average/711-2C_as_mni_average_305.4dfp.img
dimensions:      256       256       256
mmppix:       1.0000   -1.0000   -1.0000
center:     128.0000 -129.0000 -129.0000
/opt/freesurfer/average/711-2B_as_mni_average_305_mask.4dfp.img
       256       256       256         1
  1.000000  1.000000  1.000000
orientation T byte_order littleendian
Reading mask: /opt/freesurfer/average/711-2B_as_mni_average_305_mask.4dfp.img (2306576 pixels)
talsrcimg_g11.4dfp.img
       256       256       256         1
  1.000000  1.000000  1.000000
orientation T byte_order littleendian
Reading image: talsrcimg_g11.4dfp.img
dimensions:      256       256       256
mmppix:       1.0000   -1.0000   -1.0000
center:     128.0000 -129.0000 -129.0000
fimgreg.f
image alignment mode   3335 decimal      D07 hex
parameters
    0.1465   13.8919   33.8805   -0.3507   -2.1160   -1.7718
    8.2160    1.5889   -8.3682   18.6732   -0.0211  -18.7407
eta,q 0.96194 12.92650
niter,ni,del,rscale     5    3    5.0000    1.2000
parameter  4  0.687986 ->  0.500000 qaram    1.1500
parameter  5  1.560678 ->  0.500000 qaram    1.1500
parameters
    0.2326   13.8562   33.7816   -4.4907   -6.2560   -3.7858
    7.3919    1.2270   -5.7781   16.7544   -1.3687  -18.5429
eta,q 0.97010 12.64314
  0.0427  0.0406  0.0413  0.0361  0.0286  0.0331  0.0329  0.0349  0.0339  0.0323  0.0305  0.0323
  0.0403  0.0392  0.0394  0.0362  0.0296  0.0320  0.0314  0.0322  0.0323  0.0307  0.0301  0.0307
  0.0387  0.0383  0.0383  0.0367  0.0322  0.0306  0.0306  0.0308  0.0311  0.0300  0.0299  0.0300
  0.0381  0.0381  0.0381  0.0380  0.0363  0.0302  0.0305  0.0304  0.0304  0.0302  0.0299  0.0299
  0.0384  0.0384  0.0386  0.0408  0.0413  0.0318  0.0311  0.0310  0.0302  0.0315  0.0302  0.0302
  0.0398  0.0393  0.0399  0.0449  0.0466  0.0367  0.0324  0.0328  0.0304  0.0340  0.0306  0.0308
  0.0421  0.0407  0.0418  0.0499  0.0517  0.0445  0.0344  0.0360  0.0310  0.0377  0.0312  0.0318
niter,ni,del,rscale     6    3    5.0000    1.2000
parameter  2 -0.503530 -> -0.500000 qaram    1.1500
parameter  5  0.762298 ->  0.500000 qaram    1.3225
parameters
    0.4404   15.2362   33.3288   -5.9244  -11.0170   -4.1514
    6.8198    1.1888   -5.6749   15.7637   -3.3013  -21.0971
eta,q 0.97437 12.27900
  0.0335  0.0358  0.0303  0.0310  0.0262  0.0290  0.0288  0.0305  0.0286  0.0288  0.0265  0.0268
  0.0317  0.0333  0.0294  0.0299  0.0261  0.0280  0.0274  0.0278  0.0274  0.0269  0.0262  0.0258
  0.0305  0.0313  0.0290  0.0292  0.0268  0.0272  0.0265  0.0266  0.0267  0.0262  0.0261  0.0256
  0.0299  0.0299  0.0291  0.0290  0.0291  0.0261  0.0263  0.0263  0.0263  0.0263  0.0262  0.0261
  0.0300  0.0291  0.0296  0.0292  0.0328  0.0255  0.0267  0.0267  0.0265  0.0270  0.0264  0.0269
  0.0308  0.0291  0.0305  0.0310  0.0380  0.0269  0.0279  0.0281  0.0273  0.0284  0.0267  0.0278
  0.0326  0.0299  0.0317  0.0344  0.0436  0.0317  0.0298  0.0305  0.0286  0.0305  0.0271  0.0287
niter,ni,del,rscale     7    3    5.0000    1.2000
parameters
    0.4602   15.8693   33.5526   -5.2642  -14.5538   -4.0084
    6.6941    1.4854   -5.8524   16.0664   -2.9958  -22.5154
eta,q 0.97532 12.13537
  0.0291  0.0318  0.0275  0.0288  0.0271  0.0281  0.0277  0.0301  0.0271  0.0289  0.0260  0.0261
  0.0272  0.0290  0.0263  0.0272  0.0256  0.0268  0.0263  0.0268  0.0259  0.0265  0.0253  0.0250
  0.0261  0.0269  0.0256  0.0260  0.0248  0.0258  0.0252  0.0251  0.0251  0.0252  0.0249  0.0247
  0.0256  0.0256  0.0253  0.0253  0.0252  0.0249  0.0248  0.0248  0.0248  0.0248  0.0249  0.0249
  0.0259  0.0253  0.0255  0.0251  0.0279  0.0240  0.0251  0.0253  0.0251  0.0253  0.0250  0.0255
  0.0271  0.0262  0.0259  0.0259  0.0325  0.0251  0.0262  0.0267  0.0260  0.0264  0.0253  0.0262
  0.0291  0.0281  0.0267  0.0283  0.0385  0.0293  0.0282  0.0289  0.0274  0.0280  0.0257  0.0271
niter,ni,del,rscale     6    3    5.0000    1.2000
parameters
    0.5820   16.3298   33.3063   -4.4757  -15.6894   -4.3739
    6.5519    1.6426   -6.1885   16.6439   -2.3793  -23.1935
eta,q 0.97531 12.11892
  0.0282  0.0298  0.0258  0.0279  0.0290  0.0279  0.0277  0.0299  0.0269  0.0290  0.0261  0.0264
  0.0264  0.0274  0.0250  0.0264  0.0269  0.0265  0.0262  0.0267  0.0257  0.0265  0.0253  0.0251
  0.0252  0.0256  0.0246  0.0253  0.0252  0.0255  0.0252  0.0250  0.0250  0.0251  0.0249  0.0247
  0.0247  0.0247  0.0245  0.0245  0.0243  0.0245  0.0247  0.0247  0.0247  0.0247  0.0248  0.0248
  0.0249  0.0246  0.0249  0.0241  0.0250  0.0238  0.0250  0.0253  0.0250  0.0251  0.0249  0.0252
  0.0258  0.0255  0.0255  0.0249  0.0283  0.0255  0.0262  0.0268  0.0259  0.0261  0.0251  0.0259
  0.0276  0.0273  0.0264  0.0274  0.0331  0.0307  0.0282  0.0291  0.0274  0.0275  0.0256  0.0268
niter,ni,del,rscale     5    3    5.0000    1.2000
parameters
    0.5883   16.5371   33.0912   -4.1298  -15.8922   -4.5324
    6.5878    1.6533   -6.3777   17.0758   -1.9251  -23.4344
eta,q 0.97530 12.13462
  0.0278  0.0288  0.0259  0.0277  0.0298  0.0281  0.0279  0.0297  0.0269  0.0288  0.0261  0.0268
  0.0261  0.0267  0.0251  0.0264  0.0276  0.0268  0.0263  0.0266  0.0257  0.0263  0.0253  0.0253
  0.0251  0.0253  0.0247  0.0254  0.0258  0.0257  0.0252  0.0250  0.0249  0.0250  0.0248  0.0247
  0.0247  0.0247  0.0247  0.0246  0.0245  0.0246  0.0247  0.0247  0.0247  0.0247  0.0247  0.0247
  0.0250  0.0249  0.0250  0.0242  0.0245  0.0238  0.0249  0.0253  0.0250  0.0252  0.0248  0.0252
  0.0260  0.0260  0.0255  0.0252  0.0270  0.0253  0.0261  0.0269  0.0258  0.0261  0.0252  0.0259
  0.0279  0.0277  0.0264  0.0280  0.0315  0.0304  0.0280  0.0294  0.0272  0.0275  0.0257  0.0267
niter,ni,del,rscale     4    3    5.0000    1.2000
parameters
    0.5780   16.6290   32.9789   -4.0127  -15.9304   -4.6011
    6.6666    1.6109   -6.4555   17.2879   -1.7149  -23.5098
eta,q 0.97529 12.14271
  0.0278  0.0285  0.0261  0.0276  0.0299  0.0282  0.0279  0.0297  0.0270  0.0285  0.0260  0.0270
  0.0261  0.0264  0.0252  0.0264  0.0277  0.0269  0.0263  0.0266  0.0257  0.0261  0.0252  0.0254
  0.0251  0.0252  0.0248  0.0255  0.0259  0.0258  0.0252  0.0250  0.0250  0.0249  0.0248  0.0247
  0.0247  0.0247  0.0247  0.0247  0.0247  0.0247  0.0247  0.0247  0.0247  0.0247  0.0247  0.0247
  0.0250  0.0250  0.0250  0.0243  0.0245  0.0238  0.0249  0.0253  0.0250  0.0252  0.0248  0.0252
  0.0261  0.0261  0.0255  0.0255  0.0268  0.0253  0.0260  0.0269  0.0258  0.0262  0.0252  0.0258
  0.0280  0.0280  0.0263  0.0283  0.0312  0.0303  0.0279  0.0295  0.0271  0.0276  0.0258  0.0267
niter,ni,del,rscale     3    3    5.0000    1.2000
parameters
    0.5701   16.6663   32.9360   -3.9806  -15.9486   -4.6262
    6.7040    1.5788   -6.4770   17.3650   -1.6408  -23.5321
eta,q 0.97528 12.14472
  0.0279  0.0283  0.0262  0.0276  0.0299  0.0282  0.0279  0.0297  0.0270  0.0283  0.0260  0.0271
  0.0262  0.0263  0.0253  0.0264  0.0277  0.0270  0.0263  0.0266  0.0258  0.0260  0.0252  0.0254
  0.0251  0.0251  0.0248  0.0255  0.0260  0.0259  0.0252  0.0250  0.0250  0.0248  0.0248  0.0247
  0.0247  0.0247  0.0247  0.0247  0.0247  0.0247  0.0247  0.0247  0.0247  0.0247  0.0247  0.0247
  0.0250  0.0251  0.0250  0.0243  0.0245  0.0238  0.0250  0.0253  0.0250  0.0253  0.0249  0.0252
  0.0261  0.0262  0.0255  0.0256  0.0267  0.0252  0.0261  0.0269  0.0257  0.0263  0.0252  0.0259
  0.0280  0.0281  0.0262  0.0284  0.0312  0.0302  0.0280  0.0295  0.0271  0.0277  0.0259  0.0267
niter,ni,del,rscale     2    3    5.0000    1.2000
parameters
    0.5654   16.6801   32.9210   -3.9685  -15.9572   -4.6365
    6.7144    1.5679   -6.4828   17.3896   -1.6238  -23.5382
eta,q 0.97527 12.14514
  0.0279  0.0282  0.0263  0.0276  0.0299  0.0283  0.0279  0.0297  0.0270  0.0283  0.0260  0.0271
  0.0262  0.0263  0.0253  0.0264  0.0278  0.0270  0.0262  0.0266  0.0258  0.0259  0.0252  0.0254
  0.0251  0.0251  0.0248  0.0255  0.0260  0.0259  0.0252  0.0250  0.0250  0.0248  0.0248  0.0247
  0.0247  0.0247  0.0247  0.0247  0.0247  0.0247  0.0247  0.0247  0.0247  0.0247  0.0247  0.0247
  0.0250  0.0251  0.0250  0.0244  0.0245  0.0238  0.0250  0.0253  0.0250  0.0253  0.0249  0.0252
  0.0261  0.0263  0.0255  0.0256  0.0267  0.0252  0.0261  0.0269  0.0257  0.0263  0.0253  0.0259
  0.0280  0.0281  0.0262  0.0285  0.0312  0.0302  0.0280  0.0295  0.0271  0.0278  0.0259  0.0267
registration optimization eta report
parameter search radius
    2.4000    2.7600    2.4000    8.2800    9.5220    7.2000
    7.2000    7.2000    7.2000    7.2000    7.2000    7.2000
100000*second partial in parameter space
       56.       45.       26.        5.        7.        9.
        6.       10.        4.        6.        2.        4.
  0.0279  0.0282  0.0263  0.0276  0.0299  0.0283  0.0279  0.0297  0.0270  0.0283  0.0260  0.0271
  0.0262  0.0263  0.0253  0.0264  0.0278  0.0270  0.0262  0.0266  0.0258  0.0259  0.0252  0.0254
  0.0251  0.0251  0.0248  0.0255  0.0260  0.0259  0.0252  0.0250  0.0250  0.0248  0.0248  0.0247
  0.0247  0.0247  0.0247  0.0247  0.0247  0.0247  0.0247  0.0247  0.0247  0.0247  0.0247  0.0247
  0.0250  0.0251  0.0250  0.0244  0.0245  0.0238  0.0250  0.0253  0.0250  0.0253  0.0249  0.0252
  0.0261  0.0263  0.0255  0.0256  0.0267  0.0252  0.0261  0.0269  0.0257  0.0263  0.0253  0.0259
  0.0280  0.0281  0.0262  0.0285  0.0312  0.0302  0.0280  0.0295  0.0271  0.0278  0.0259  0.0267
    0.5654   16.6801   32.9210   -3.9685  -15.9572   -4.6365
    6.7144    1.5679   -6.4828   17.3896   -1.6238  -23.5382
eta,q 0.97527 12.14514

---------------------------------------------------------------------
imgreg_4dfp /opt/freesurfer/average/711-2C_as_mni_average_305 /opt/freesurfer/average/711-2B_as_mni_average_305_mask talsrcimg_g11 none talsrcimg_to_711-2C_as_mni_average_305_t4 2311
---------------------------------------------------------------------

freesurfer imgreg_4dfp.c
/opt/freesurfer/average/711-2C_as_mni_average_305.4dfp.img
       256       256       256         1
  1.000000  1.000000  1.000000
orientation T byte_order littleendian
Reading image: /opt/freesurfer/average/711-2C_as_mni_average_305.4dfp.img
dimensions:      256       256       256
mmppix:       1.0000   -1.0000   -1.0000
center:     128.0000 -129.0000 -129.0000
/opt/freesurfer/average/711-2B_as_mni_average_305_mask.4dfp.img
       256       256       256         1
  1.000000  1.000000  1.000000
orientation T byte_order littleendian
Reading mask: /opt/freesurfer/average/711-2B_as_mni_average_305_mask.4dfp.img (2306576 pixels)
talsrcimg_g11.4dfp.img
       256       256       256         1
  1.000000  1.000000  1.000000
orientation T byte_order littleendian
Reading image: talsrcimg_g11.4dfp.img
dimensions:      256       256       256
mmppix:       1.0000   -1.0000   -1.0000
center:     128.0000 -129.0000 -129.0000
fimgreg.f
image alignment mode   2311 decimal      907 hex
parameters
    0.5654   16.6801   32.9210   -3.9685  -15.9572   -4.6365
    6.7144    1.5679   -6.4828   17.3896   -1.6238  -23.5382
eta,q 0.97527 12.14514
niter,ni,del,rscale     5    3    5.0000    0.8000
parameters
    0.6111   16.6716   32.8270   -2.3304  -14.9195   -4.0049
    6.1592    1.7655   -6.7172   17.7046   -1.1917  -23.2611
eta,q 0.97607 12.31928
  0.0262  0.0259  0.0253  0.0261  0.0265  0.0265  0.0254  0.0273  0.0252  0.0263  0.0251  0.0255
  0.0254  0.0252  0.0249  0.0256  0.0256  0.0257  0.0245  0.0254  0.0245  0.0249  0.0245  0.0246
  0.0249  0.0248  0.0247  0.0252  0.0249  0.0249  0.0240  0.0243  0.0240  0.0241  0.0241  0.0240
  0.0247  0.0247  0.0247  0.0247  0.0244  0.0242  0.0239  0.0239  0.0239  0.0239  0.0239  0.0239
  0.0248  0.0249  0.0248  0.0244  0.0241  0.0237  0.0243  0.0242  0.0241  0.0241  0.0240  0.0241
  0.0253  0.0253  0.0251  0.0245  0.0244  0.0241  0.0251  0.0252  0.0246  0.0247  0.0243  0.0245
  0.0261  0.0259  0.0254  0.0252  0.0254  0.0261  0.0264  0.0267  0.0254  0.0256  0.0247  0.0251
niter,ni,del,rscale     4    3    5.0000    0.7000
parameters
    0.5668   16.5769   32.9772   -2.3820  -14.5685   -3.3452
    6.5035    1.6297   -6.8234   17.6591   -1.0058  -22.8711
eta,q 0.97641 12.35976
  0.0252  0.0249  0.0248  0.0251  0.0254  0.0261  0.0253  0.0260  0.0246  0.0253  0.0245  0.0250
  0.0245  0.0243  0.0243  0.0247  0.0248  0.0254  0.0245  0.0246  0.0241  0.0242  0.0240  0.0242
  0.0241  0.0240  0.0240  0.0242  0.0243  0.0246  0.0239  0.0238  0.0237  0.0237  0.0237  0.0237
  0.0239  0.0239  0.0239  0.0239  0.0239  0.0239  0.0236  0.0236  0.0236  0.0236  0.0236  0.0236
  0.0241  0.0241  0.0240  0.0239  0.0239  0.0235  0.0237  0.0240  0.0237  0.0239  0.0237  0.0237
  0.0246  0.0245  0.0242  0.0244  0.0242  0.0238  0.0241  0.0249  0.0241  0.0244  0.0239  0.0240
  0.0254  0.0252  0.0245  0.0254  0.0252  0.0256  0.0249  0.0262  0.0247  0.0252  0.0244  0.0245
niter,ni,del,rscale     3    3    5.0000    0.6000
parameters
    0.5424   16.4981   33.1378   -2.3479  -14.4862   -2.9421
    6.6096    1.5006   -6.8664   17.4014   -0.9693  -22.6117
eta,q 0.97660 12.37087
  0.0246  0.0243  0.0244  0.0246  0.0247  0.0255  0.0246  0.0252  0.0242  0.0245  0.0241  0.0244
  0.0241  0.0239  0.0240  0.0242  0.0242  0.0248  0.0240  0.0241  0.0238  0.0238  0.0237  0.0238
  0.0237  0.0237  0.0237  0.0238  0.0238  0.0242  0.0236  0.0235  0.0235  0.0234  0.0235  0.0235
  0.0236  0.0236  0.0236  0.0236  0.0236  0.0236  0.0234  0.0234  0.0234  0.0234  0.0234  0.0234
  0.0237  0.0237  0.0236  0.0236  0.0236  0.0233  0.0235  0.0237  0.0235  0.0237  0.0235  0.0235
  0.0241  0.0240  0.0238  0.0240  0.0240  0.0238  0.0239  0.0244  0.0238  0.0241  0.0237  0.0237
  0.0247  0.0246  0.0240  0.0248  0.0247  0.0252  0.0245  0.0254  0.0242  0.0248  0.0241  0.0241
niter,ni,del,rscale     2    3    5.0000    0.5000
parameters
    0.5256   16.4381   33.2712   -2.2911  -14.4221   -2.6074
    6.5888    1.4325   -6.8717   17.2231   -1.0090  -22.4223
eta,q 0.97673 12.38185
  0.0241  0.0239  0.0240  0.0242  0.0242  0.0249  0.0241  0.0246  0.0239  0.0241  0.0238  0.0240
  0.0237  0.0236  0.0237  0.0239  0.0238  0.0244  0.0236  0.0238  0.0235  0.0236  0.0235  0.0236
  0.0235  0.0234  0.0235  0.0236  0.0235  0.0238  0.0234  0.0234  0.0234  0.0233  0.0233  0.0233
  0.0234  0.0234  0.0234  0.0234  0.0234  0.0234  0.0233  0.0233  0.0233  0.0233  0.0233  0.0233
  0.0235  0.0235  0.0234  0.0234  0.0234  0.0232  0.0234  0.0235  0.0234  0.0235  0.0233  0.0233
  0.0237  0.0237  0.0235  0.0237  0.0237  0.0236  0.0236  0.0240  0.0235  0.0238  0.0235  0.0235
  0.0242  0.0241  0.0237  0.0242  0.0242  0.0246  0.0241  0.0247  0.0239  0.0243  0.0238  0.0238
niter,ni,del,rscale     1    3    5.0000    0.4000
parameters
    0.5151   16.3943   33.3838   -2.2448  -14.3738   -2.3137
    6.5577    1.3967   -6.8865   17.0912   -1.0468  -22.2527
eta,q 0.97680 12.39111
  0.0238  0.0236  0.0237  0.0238  0.0238  0.0244  0.0237  0.0241  0.0236  0.0238  0.0235  0.0237
  0.0235  0.0234  0.0235  0.0236  0.0236  0.0240  0.0234  0.0236  0.0234  0.0234  0.0233  0.0234
  0.0233  0.0233  0.0233  0.0234  0.0234  0.0236  0.0233  0.0233  0.0232  0.0232  0.0232  0.0233
  0.0233  0.0233  0.0233  0.0233  0.0233  0.0233  0.0232  0.0232  0.0232  0.0232  0.0232  0.0232
  0.0233  0.0233  0.0233  0.0233  0.0233  0.0232  0.0233  0.0233  0.0233  0.0233  0.0232  0.0232
  0.0235  0.0235  0.0234  0.0235  0.0235  0.0234  0.0234  0.0236  0.0234  0.0235  0.0234  0.0234
  0.0238  0.0237  0.0235  0.0239  0.0238  0.0241  0.0237  0.0241  0.0236  0.0239  0.0235  0.0235
registration optimization eta report
parameter search radius
    0.8000    0.8000    0.8000    2.4000    2.4000    2.4000
    2.4000    2.4000    2.4000    2.4000    2.4000    2.4000
100000*second partial in parameter space
       79.       62.       50.       10.        9.       17.
        9.       16.        7.       11.        6.        7.
  0.0238  0.0236  0.0237  0.0238  0.0238  0.0244  0.0237  0.0241  0.0236  0.0238  0.0235  0.0237
  0.0235  0.0234  0.0235  0.0236  0.0236  0.0240  0.0234  0.0236  0.0234  0.0234  0.0233  0.0234
  0.0233  0.0233  0.0233  0.0234  0.0234  0.0236  0.0233  0.0233  0.0232  0.0232  0.0232  0.0233
  0.0233  0.0233  0.0233  0.0233  0.0233  0.0233  0.0232  0.0232  0.0232  0.0232  0.0232  0.0232
  0.0233  0.0233  0.0233  0.0233  0.0233  0.0232  0.0233  0.0233  0.0233  0.0233  0.0232  0.0232
  0.0235  0.0235  0.0234  0.0235  0.0235  0.0234  0.0234  0.0236  0.0234  0.0235  0.0234  0.0234
  0.0238  0.0237  0.0235  0.0239  0.0238  0.0241  0.0237  0.0241  0.0236  0.0239  0.0235  0.0235
    0.5151   16.3943   33.3838   -2.2448  -14.3738   -2.3137
    6.5577    1.3967   -6.8865   17.0912   -1.0468  -22.2527
eta,q 0.97680 12.39111

---------------------------------------------------------------------
imgreg_4dfp /opt/freesurfer/average/711-2C_as_mni_average_305 /opt/freesurfer/average/711-2B_as_mni_average_305_mask talsrcimg_g11 none talsrcimg_to_711-2C_as_mni_average_305_t4 2311
---------------------------------------------------------------------

freesurfer imgreg_4dfp.c
/opt/freesurfer/average/711-2C_as_mni_average_305.4dfp.img
       256       256       256         1
  1.000000  1.000000  1.000000
orientation T byte_order littleendian
Reading image: /opt/freesurfer/average/711-2C_as_mni_average_305.4dfp.img
dimensions:      256       256       256
mmppix:       1.0000   -1.0000   -1.0000
center:     128.0000 -129.0000 -129.0000
/opt/freesurfer/average/711-2B_as_mni_average_305_mask.4dfp.img
       256       256       256         1
  1.000000  1.000000  1.000000
orientation T byte_order littleendian
Reading mask: /opt/freesurfer/average/711-2B_as_mni_average_305_mask.4dfp.img (2306576 pixels)
talsrcimg_g11.4dfp.img
       256       256       256         1
  1.000000  1.000000  1.000000
orientation T byte_order littleendian
Reading image: talsrcimg_g11.4dfp.img
dimensions:      256       256       256
mmppix:       1.0000   -1.0000   -1.0000
center:     128.0000 -129.0000 -129.0000
fimgreg.f
image alignment mode   2311 decimal      907 hex
parameters
    0.5151   16.3943   33.3838   -2.2448  -14.3738   -2.3137
    6.5577    1.3967   -6.8865   17.0912   -1.0468  -22.2527
eta,q 0.97680 12.39112
niter,ni,del,rscale     5    3    5.0000    0.8000
parameters
    0.4736   16.3477   33.5305   -2.8535  -14.7928   -2.8624
    6.7884    1.3896   -6.7434   16.7865   -1.3488  -22.4707
eta,q 0.97654 12.32083
  0.0251  0.0247  0.0248  0.0246  0.0248  0.0257  0.0253  0.0265  0.0249  0.0253  0.0243  0.0247
  0.0241  0.0239  0.0239  0.0240  0.0241  0.0249  0.0244  0.0247  0.0242  0.0242  0.0238  0.0239
  0.0234  0.0234  0.0234  0.0235  0.0236  0.0241  0.0238  0.0237  0.0237  0.0236  0.0235  0.0235
  0.0232  0.0232  0.0232  0.0232  0.0233  0.0233  0.0235  0.0235  0.0235  0.0235  0.0235  0.0235
  0.0234  0.0234  0.0233  0.0234  0.0234  0.0234  0.0236  0.0239  0.0236  0.0239  0.0236  0.0237
  0.0241  0.0240  0.0237  0.0244  0.0242  0.0251  0.0241  0.0248  0.0240  0.0246  0.0240  0.0242
  0.0253  0.0249  0.0243  0.0260  0.0259  0.0285  0.0251  0.0263  0.0248  0.0257  0.0245  0.0248
niter,ni,del,rscale     4    3    5.0000    0.7000
parameters
    0.5247   16.3924   33.3445   -2.7887  -14.7760   -2.9763
    6.5364    1.5050   -6.7501   16.9033   -1.3397  -22.6698
eta,q 0.97654 12.32318
  0.0249  0.0247  0.0241  0.0247  0.0248  0.0254  0.0247  0.0260  0.0245  0.0253  0.0242  0.0245
  0.0242  0.0240  0.0236  0.0242  0.0242  0.0247  0.0240  0.0245  0.0240  0.0242  0.0238  0.0238
  0.0237  0.0236  0.0234  0.0238  0.0237  0.0241  0.0236  0.0237  0.0236  0.0236  0.0236  0.0235
  0.0235  0.0235  0.0235  0.0234  0.0234  0.0234  0.0235  0.0235  0.0235  0.0235  0.0235  0.0235
  0.0236  0.0236  0.0236  0.0234  0.0234  0.0233  0.0236  0.0237  0.0236  0.0237  0.0236  0.0237
  0.0240  0.0239  0.0240  0.0239  0.0240  0.0242  0.0242  0.0245  0.0240  0.0242  0.0238  0.0240
  0.0248  0.0245  0.0244  0.0249  0.0251  0.0265  0.0251  0.0256  0.0245  0.0250  0.0242  0.0245
niter,ni,del,rscale     3    3    5.0000    0.6000
parameters
    0.5434   16.4056   33.2832   -2.5589  -14.6437   -2.8453
    6.4636    1.5402   -6.8027   17.0696   -1.2433  -22.6402
eta,q 0.97663 12.34880
  0.0245  0.0243  0.0240  0.0245  0.0246  0.0252  0.0244  0.0253  0.0242  0.0248  0.0240  0.0243
  0.0240  0.0238  0.0237  0.0241  0.0241  0.0245  0.0238  0.0242  0.0237  0.0240  0.0237  0.0237
  0.0236  0.0236  0.0235  0.0237  0.0237  0.0239  0.0235  0.0235  0.0235  0.0235  0.0234  0.0234
  0.0235  0.0235  0.0235  0.0234  0.0234  0.0234  0.0234  0.0234  0.0234  0.0234  0.0234  0.0234
  0.0235  0.0235  0.0236  0.0234  0.0234  0.0232  0.0235  0.0236  0.0235  0.0235  0.0234  0.0235
  0.0239  0.0238  0.0238  0.0237  0.0238  0.0238  0.0239  0.0242  0.0238  0.0239  0.0236  0.0238
  0.0245  0.0243  0.0241  0.0244  0.0246  0.0254  0.0245  0.0251  0.0242  0.0245  0.0240  0.0241
niter,ni,del,rscale     2    3    5.0000    0.5000
parameters
    0.5426   16.4062   33.3154   -2.3729  -14.5089   -2.5868
    6.4855    1.5112   -6.8448   17.1373   -1.1570  -22.4891
eta,q 0.97672 12.37285
  0.0241  0.0240  0.0239  0.0242  0.0242  0.0248  0.0241  0.0246  0.0238  0.0243  0.0238  0.0240
  0.0237  0.0236  0.0236  0.0239  0.0238  0.0243  0.0236  0.0238  0.0235  0.0237  0.0235  0.0236
  0.0235  0.0235  0.0234  0.0236  0.0235  0.0238  0.0234  0.0234  0.0233  0.0234  0.0233  0.0233
  0.0234  0.0234  0.0234  0.0234  0.0234  0.0233  0.0233  0.0233  0.0233  0.0233  0.0233  0.0233
  0.0234  0.0234  0.0234  0.0234  0.0234  0.0232  0.0233  0.0235  0.0233  0.0234  0.0233  0.0233
  0.0237  0.0236  0.0236  0.0236  0.0236  0.0236  0.0236  0.0239  0.0236  0.0237  0.0235  0.0235
  0.0241  0.0240  0.0238  0.0241  0.0242  0.0247  0.0241  0.0246  0.0239  0.0241  0.0237  0.0238
niter,ni,del,rscale     1    3    5.0000    0.4000
parameters
    0.5310   16.3901   33.3910   -2.2649  -14.4083   -2.3219
    6.5224    1.4535   -6.8824   17.0952   -1.0913  -22.3148
eta,q 0.97680 12.38851
  0.0238  0.0237  0.0237  0.0238  0.0238  0.0244  0.0237  0.0241  0.0236  0.0238  0.0236  0.0237
  0.0235  0.0234  0.0235  0.0236  0.0236  0.0240  0.0234  0.0236  0.0234  0.0235  0.0234  0.0234
  0.0233  0.0233  0.0233  0.0234  0.0234  0.0236  0.0233  0.0233  0.0232  0.0233  0.0232  0.0233
  0.0233  0.0233  0.0233  0.0233  0.0233  0.0233  0.0232  0.0232  0.0232  0.0232  0.0232  0.0232
  0.0233  0.0233  0.0233  0.0233  0.0233  0.0232  0.0232  0.0233  0.0233  0.0233  0.0232  0.0232
  0.0235  0.0235  0.0234  0.0235  0.0234  0.0234  0.0234  0.0237  0.0234  0.0235  0.0233  0.0234
  0.0238  0.0237  0.0235  0.0238  0.0238  0.0242  0.0237  0.0241  0.0236  0.0238  0.0235  0.0235
registration optimization eta report
parameter search radius
    0.8000    0.8000    0.8000    2.4000    2.4000    2.4000
    2.4000    2.4000    2.4000    2.4000    2.4000    2.4000
100000*second partial in parameter space
       77.       62.       50.       10.        9.       17.
        9.       16.        7.       11.        6.        7.
  0.0238  0.0237  0.0237  0.0238  0.0238  0.0244  0.0237  0.0241  0.0236  0.0238  0.0236  0.0237
  0.0235  0.0234  0.0235  0.0236  0.0236  0.0240  0.0234  0.0236  0.0234  0.0235  0.0234  0.0234
  0.0233  0.0233  0.0233  0.0234  0.0234  0.0236  0.0233  0.0233  0.0232  0.0233  0.0232  0.0233
  0.0233  0.0233  0.0233  0.0233  0.0233  0.0233  0.0232  0.0232  0.0232  0.0232  0.0232  0.0232
  0.0233  0.0233  0.0233  0.0233  0.0233  0.0232  0.0232  0.0233  0.0233  0.0233  0.0232  0.0232
  0.0235  0.0235  0.0234  0.0235  0.0234  0.0234  0.0234  0.0237  0.0234  0.0235  0.0233  0.0234
  0.0238  0.0237  0.0235  0.0238  0.0238  0.0242  0.0237  0.0241  0.0236  0.0238  0.0235  0.0235
    0.5310   16.3901   33.3910   -2.2649  -14.4083   -2.3219
    6.5224    1.4535   -6.8824   17.0952   -1.0913  -22.3148
eta,q 0.97680 12.38851

---------------------------------------------------------------------
compute_vox2vox talsrcimg talsrcimg_to_711-2C_as_mni_average_305_t4 /opt/freesurfer/average/711-2C_as_mni_average_305
---------------------------------------------------------------------

freesurfer compute_vox2vox.c
Reading: talsrcimg.4dfp.ifh
Reading: talsrcimg_to_711-2C_as_mni_average_305_t4
Reading: /opt/freesurfer/average/711-2C_as_mni_average_305.4dfp.ifh
Writing: talsrcimg_to_711-2C_as_mni_average_305_t4_vox2vox.txt

start time Wed Mar 11 02:55:16 CET 2026
end		time Wed Mar 11 02:56:44 CET 2026

mpr2mni305 success

avi2talxfm orig_nu.mgz /opt/freesurfer/average/mni305.cor.mgz talsrcimg_to_711-2C_as_mni_average_305_t4_vox2vox.txt transforms/talairach.auto.xfm
avi2talxfm done
mv -f /out/sourcedata/freesurfer/sub-v2s12x28906_ses-1/mri/talsrcimg_to_711-2C_as_mni_average_305_t4_vox2vox.txt /out/sourcedata/freesurfer/sub-v2s12x28906_ses-1/mri/transforms/talsrcimg_to_711-2C_as_mni_average_305_t4_vox2vox.txt
lta_convert --src orig_nu.mgz --trg /opt/freesurfer/average/mni305.cor.mgz --inxfm transforms/talairach.auto.xfm --outlta transforms/talairach.auto.xfm.lta --subject fsaverage
7.3.2

--src: orig_nu.mgz src image (geometry).
--trg: /opt/freesurfer/average/mni305.cor.mgz trg image (geometry).
--inmni: transforms/talairach.auto.xfm input MNI/XFM transform.
--outlta: transforms/talairach.auto.xfm.lta output LTA.
--s: fsaverage subject name
 LTA read, type : 1
 1.01767  -0.00150  -0.07794  -3.00801;
 0.02875   0.97905   0.25306  -33.74104;
 0.07609  -0.19567   1.11153   4.22591;
 0.00000   0.00000   0.00000   1.00000;
setting subject to fsaverage
Writing  LTA to file transforms/talairach.auto.xfm.lta...
lta_convert successful.
 
 
Started at Wed Mar 11 02:55:15 CET 2026
Ended   at Wed Mar 11 02:56:45 CET 2026
talairach_avi done
