/out/sourcedata/freesurfer/sub-v2s12x28886_ses-1/mri
/opt/freesurfer/bin/talairach_avi
--i orig_nu.mgz --xfm transforms/talairach.auto.xfm
talairach_avi 7.3.2
Linux dna079 5.14.0-427.37.1.el9_4.x86_64 #1 SMP PREEMPT_DYNAMIC Fri Sep 13 12:41:50 EDT 2024 x86_64 x86_64 x86_64 GNU/Linux
Wed Mar 11 01:50:03 CET 2026
mri_convert orig_nu.mgz talsrcimg.img 
reading from orig_nu.mgz...
TR=0.00, TE=0.00, TI=0.00, flip angle=0.00
i_ras = (-1, 0, 0)
j_ras = (0, 0, -1)
k_ras = (0, 1, 0)
writing to talsrcimg.img...
Analyze Output Matrix
-1.00000   0.00000   0.00000   132.42940;
 0.00000   0.00000   1.00000  -107.99200;
 0.00000  -1.00000   0.00000   130.32001;
 0.00000   0.00000   0.00000   1.00000;
--------------------
INFO: set hdr.hist.orient to -1
mpr2mni305 talsrcimg
Wed Mar 11 01:50:04 CET 2026
/opt/freesurfer/bin/mpr2mni305 talsrcimg
mpr2mni305 7.3.2
target=711-2C_as_mni_average_305

---------------------------------------------------------------------
analyzeto4dfp talsrcimg -O0 -y
---------------------------------------------------------------------

freesurfer ifh2hdr.c
Wed Mar 11 01:50:04 2026
Writing: talsrcimg.4dfp.hdr
freesurfer analyzeto4dfp.c
Reading: talsrcimg.hdr
header size 348 bytes
hdr.dime.datatype	offset=70	value=2
hdr.dime.bitpix		offset=72	value=8
hdr.hist.orient		offset=252	value=-1
dimensionality     4
dimensions       256       256       256         1
Reading: talsrcimg.img
Writing: talsrcimg.4dfp.img
Writing: talsrcimg.4dfp.ifh
ifh2hdr talsrcimg -r0to231
ori=2

---------------------------------------------------------------------
gauss_4dfp talsrcimg 1.1
---------------------------------------------------------------------

freesurfer gauss_4dfp.c
Reading: talsrcimg.4dfp.img
Writing: talsrcimg_g11.4dfp.img
image dimensions 256 256 256 padded to 288 288 288
processing volume 1freesurfer ifh2hdr.c
Wed Mar 11 01:50:05 2026
Writing: talsrcimg_g11.4dfp.hdr

Writing: talsrcimg_g11.4dfp.ifh
including: talsrcimg.4dfp.img.rec in talsrcimg_g11.4dfp.img.rec

---------------------------------------------------------------------
imgreg_4dfp /opt/freesurfer/average/711-2C_as_mni_average_305 none talsrcimg_g11 none talsrcimg_to_711-2C_as_mni_average_305_t4 4355
---------------------------------------------------------------------

freesurfer imgreg_4dfp.c
/opt/freesurfer/average/711-2C_as_mni_average_305.4dfp.img
       256       256       256         1
  1.000000  1.000000  1.000000
orientation T byte_order littleendian
Reading image: /opt/freesurfer/average/711-2C_as_mni_average_305.4dfp.img
dimensions:      256       256       256
mmppix:       1.0000   -1.0000   -1.0000
center:     128.0000 -129.0000 -129.0000
talsrcimg_g11.4dfp.img
       256       256       256         1
  1.000000  1.000000  1.000000
orientation T byte_order littleendian
Reading image: talsrcimg_g11.4dfp.img
dimensions:      256       256       256
mmppix:       1.0000   -1.0000   -1.0000
center:     128.0000 -129.0000 -129.0000
t4_read: open error in t4_sub.f l:  41 t4_file(1:l)talsrcimg_to_711-2C_as_mni_average_305_t4 
t4_read: transform initialized to I4
rotation matrix determinant  1.000000
image alignment mode   4355 decimal     1103 hex
   -7.5000  -45.0000  -45.0000 6807.4702   17.2425
    0.0000  -45.0000  -45.0000 7074.0928   17.2101
    7.5000  -45.0000  -45.0000 6759.7085   17.2489
   -7.5000  -37.5000  -45.0000 7407.2427   16.8626
    0.0000  -37.5000  -45.0000 7700.4844   16.8280
    7.5000  -37.5000  -45.0000 7346.4927   16.8631
   -7.5000  -30.0000  -45.0000 8311.4600   16.6029
    0.0000  -30.0000  -45.0000 8644.9248   16.5827
    7.5000  -30.0000  -45.0000 8251.6680   16.6207
   -7.5000  -22.5000  -45.0000 9307.5439   16.5384
    0.0000  -22.5000  -45.0000 9701.6523   16.5343
    7.5000  -22.5000  -45.0000 9242.4844   16.5762
   -7.5000  -15.0000  -45.000010288.6699   16.5587
    0.0000  -15.0000  -45.000010714.1279   16.5578
    7.5000  -15.0000  -45.000010200.9834   16.6009
   -7.5000   -7.5000  -45.000011195.4248   16.5960
    0.0000   -7.5000  -45.000011698.0127   16.5813
    7.5000   -7.5000  -45.000011103.4766   16.6220
   -7.5000    0.0000  -45.000011993.6992   16.6132
    0.0000    0.0000  -45.000012545.5811   16.5815
    7.5000    0.0000  -45.000011882.8350   16.6174
   -7.5000    7.5000  -45.000011859.9521   16.5903
    0.0000    7.5000  -45.000012423.4062   16.5564
    7.5000    7.5000  -45.000011758.6826   16.5906
   -7.5000   15.0000  -45.000011603.8975   16.5507
    0.0000   15.0000  -45.000012172.7988   16.5307
    7.5000   15.0000  -45.000011542.2549   16.5685
   -7.5000   22.5000  -45.000011283.3682   16.5336
    0.0000   22.5000  -45.000011821.0176   16.5295
    7.5000   22.5000  -45.000011226.5078   16.5714
   -7.5000   30.0000  -45.000010840.2471   16.3375
    0.0000   30.0000  -45.000011362.2686   16.3367
    7.5000   30.0000  -45.000010808.5889   16.3792
   -7.5000   37.5000  -45.000010711.8447   16.3749
    0.0000   37.5000  -45.000011246.1172   16.3603
    7.5000   37.5000  -45.000010703.5820   16.4005
   -7.5000   45.0000  -45.000010047.3643   15.9755
    0.0000   45.0000  -45.000010550.5879   15.9451
    7.5000   45.0000  -45.000010045.8311   15.9796
   -7.5000  -45.0000  -37.5000 7132.0142   17.2580
    0.0000  -45.0000  -37.5000 7421.8428   17.2231
    7.5000  -45.0000  -37.5000 7100.2051   17.2627
   -7.5000  -37.5000  -37.5000 7780.7798   16.8793
    0.0000  -37.5000  -37.5000 8088.7998   16.8393
    7.5000  -37.5000  -37.5000 7727.7812   16.8720
   -7.5000  -30.0000  -37.5000 8777.5000   16.5984
    0.0000  -30.0000  -37.5000 9134.6387   16.5680
    7.5000  -30.0000  -37.5000 8708.5957   16.5995
   -7.5000  -22.5000  -37.5000 9843.0293   16.5119
    0.0000  -22.5000  -37.500010252.2695   16.4964
    7.5000  -22.5000  -37.5000 9753.9297   16.5302
   -7.5000  -15.0000  -37.500010849.1895   16.5259
    0.0000  -15.0000  -37.500011337.0605   16.5162
    7.5000  -15.0000  -37.500010782.0068   16.5542
   -7.5000   -7.5000  -37.500011798.8447   16.5838
    0.0000   -7.5000  -37.500012351.6533   16.5646
    7.5000   -7.5000  -37.500011738.8838   16.6046
   -7.5000    0.0000  -37.500012668.3311   16.6280
    0.0000    0.0000  -37.500013262.4922   16.5940
    7.5000    0.0000  -37.500012588.3750   16.6305
   -7.5000    7.5000  -37.500012541.1221   16.6065
    0.0000    7.5000  -37.500013148.5205   16.5674
    7.5000    7.5000  -37.500012481.2744   16.5993
   -7.5000   15.0000  -37.500012254.2109   16.5462
    0.0000   15.0000  -37.500012863.5283   16.5161
    7.5000   15.0000  -37.500012208.1543   16.5474
   -7.5000   22.5000  -37.500011857.1162   16.5070
    0.0000   22.5000  -37.500012426.8350   16.4916
    7.5000   22.5000  -37.500011832.6504   16.5254
   -7.5000   30.0000  -37.500011361.9795   16.3052
    0.0000   30.0000  -37.500011930.7178   16.2956
    7.5000   30.0000  -37.500011376.8809   16.3332
   -7.5000   37.5000  -37.500011270.2148   16.3628
    0.0000   37.5000  -37.500011844.9336   16.3439
    7.5000   37.5000  -37.500011288.8770   16.3834
   -7.5000   45.0000  -37.500010587.8213   15.9898
    0.0000   45.0000  -37.500011126.9043   15.9572
    7.5000   45.0000  -37.500010606.4258   15.9922
   -7.5000  -45.0000  -30.0000 7608.7090   18.0218
    0.0000  -45.0000  -30.0000 7921.3091   17.9822
    7.5000  -45.0000  -30.0000 7569.7217   18.0183
   -7.5000  -37.5000  -30.0000 8300.4678   17.6425
    0.0000  -37.5000  -30.0000 8646.2959   17.5962
    7.5000  -37.5000  -30.0000 8255.0674   17.6262
   -7.5000  -30.0000  -30.0000 9376.7793   17.3502
    0.0000  -30.0000  -30.0000 9772.4365   17.3088
    7.5000  -30.0000  -30.0000 9313.3340   17.3318
   -7.5000  -22.5000  -30.000010511.7920   17.2421
    0.0000  -22.5000  -30.000010974.3213   17.2124
    7.5000  -22.5000  -30.000010440.5986   17.2312
   -7.5000  -15.0000  -30.000011586.2695   17.2357
    0.0000  -15.0000  -30.000012116.4316   17.2124
    7.5000  -15.0000  -30.000011539.2090   17.2346
   -7.5000   -7.5000  -30.000012605.9570   17.2966
    0.0000   -7.5000  -30.000013195.8682   17.2689
    7.5000   -7.5000  -30.000012562.8350   17.2988
   -7.5000    0.0000  -30.000013545.3955   17.3622
    0.0000    0.0000  -30.000014172.0986   17.3239
    7.5000    0.0000  -30.000013489.8057   17.3570
   -7.5000    7.5000  -30.000013416.7686   17.3567
    0.0000    7.5000  -30.000014057.2227   17.3116
    7.5000    7.5000  -30.000013369.9639   17.3411
   -7.5000   15.0000  -30.000013118.6729   17.2954
    0.0000   15.0000  -30.000013755.2734   17.2544
    7.5000   15.0000  -30.000013085.4922   17.2773
   -7.5000   22.5000  -30.000012671.2432   17.2352
    0.0000   22.5000  -30.000013292.8408   17.2056
    7.5000   22.5000  -30.000012656.6865   17.2244
   -7.5000   30.0000  -30.000012138.5918   17.0071
    0.0000   30.0000  -30.000012741.6982   16.9841
    7.5000   30.0000  -30.000012153.4229   17.0060
   -7.5000   37.5000  -30.000012012.1787   17.0677
    0.0000   37.5000  -30.000012620.0234   17.0404
    7.5000   37.5000  -30.000012043.0205   17.0699
   -7.5000   45.0000  -30.000011260.1406   16.7081
    0.0000   45.0000  -30.000011830.1299   16.6712
    7.5000   45.0000  -30.000011336.2793   16.7031
   -7.5000  -45.0000  -22.5000 8070.8022   18.6602
    0.0000  -45.0000  -22.5000 8401.3896   18.6182
    7.5000  -45.0000  -22.5000 8038.8340   18.6490
   -7.5000  -37.5000  -22.5000 8821.1855   18.2829
    0.0000  -37.5000  -22.5000 9186.8545   18.2359
    7.5000  -37.5000  -22.5000 8771.6865   18.2654
   -7.5000  -30.0000  -22.5000 9943.4326   18.0056
    0.0000  -30.0000  -22.500010388.5957   17.9636
    7.5000  -30.0000  -22.5000 9904.8174   17.9841
   -7.5000  -22.5000  -22.500011129.3516   17.9004
    0.0000  -22.5000  -22.500011649.6709   17.8677
    7.5000  -22.5000  -22.500011096.9004   17.8780
   -7.5000  -15.0000  -22.500012293.2773   17.8795
    0.0000  -15.0000  -22.500012880.4707   17.8506
    7.5000  -15.0000  -22.500012281.8672   17.8595
   -7.5000   -7.5000  -22.500013432.7119   17.9191
    0.0000   -7.5000  -22.500014060.9756   17.8869
    7.5000   -7.5000  -22.500013383.4365   17.9049
   -7.5000    0.0000  -22.500014433.0215   17.9757
    0.0000    0.0000  -22.500015111.4209   17.9353
    7.5000    0.0000  -22.500014378.2002   17.9635
   -7.5000    7.5000  -22.500014246.0840   17.9864
    0.0000    7.5000  -22.500014957.8096   17.9406
    7.5000    7.5000  -22.500014219.3770   17.9697
   -7.5000   15.0000  -22.500013956.3574   17.9487
    0.0000   15.0000  -22.500014650.0781   17.9070
    7.5000   15.0000  -22.500013935.4062   17.9274
   -7.5000   22.5000  -22.500013512.0107   17.8921
    0.0000   22.5000  -22.500014214.2793   17.8594
    7.5000   22.5000  -22.500013534.3613   17.8697
   -7.5000   30.0000  -22.500012926.0576   17.6450
    0.0000   30.0000  -22.500013611.5449   17.6166
    7.5000   30.0000  -22.500012975.6270   17.6254
   -7.5000   37.5000  -22.500012746.4531   17.6847
    0.0000   37.5000  -22.500013411.1543   17.6530
    7.5000   37.5000  -22.500012816.0654   17.6707
   -7.5000   45.0000  -22.500011950.8730   17.3114
    0.0000   45.0000  -22.500012564.7158   17.2726
    7.5000   45.0000  -22.500012046.3320   17.2997
   -7.5000  -45.0000  -15.0000 8459.9170   19.0919
    0.0000  -45.0000  -15.0000 8811.5029   19.0504
    7.5000  -45.0000  -15.0000 8444.5488   19.0790
   -7.5000  -37.5000  -15.0000 9292.6006   18.7042
    0.0000  -37.5000  -15.0000 9673.1133   18.6606
    7.5000  -37.5000  -15.0000 9244.8037   18.6919
   -7.5000  -30.0000  -15.000010487.3008   18.4427
    0.0000  -30.0000  -15.000010933.0596   18.4088
    7.5000  -30.0000  -15.000010446.8896   18.4354
   -7.5000  -22.5000  -15.000011726.6445   18.3572
    0.0000  -22.5000  -15.000012254.3838   18.3335
    7.5000  -22.5000  -15.000011692.9121   18.3502
   -7.5000  -15.0000  -15.000012973.9932   18.3421
    0.0000  -15.0000  -15.000013573.8457   18.3196
    7.5000  -15.0000  -15.000012926.7188   18.3307
   -7.5000   -7.5000  -15.000014205.0098   18.3621
    0.0000   -7.5000  -15.000014902.9326   18.3323
    7.5000   -7.5000  -15.000014166.4307   18.3486
   -7.5000    0.0000  -15.000015315.4707   18.3916
    0.0000    0.0000  -15.000016078.4541   18.3518
    7.5000    0.0000  -15.000015289.3398   18.3781
   -7.5000    7.5000  -15.000015117.8848   18.4011
    0.0000    7.5000  -15.000015885.0146   18.3586
    7.5000    7.5000  -15.000015129.0830   18.3895
   -7.5000   15.0000  -15.000014698.4434   18.3844
    0.0000   15.0000  -15.000015474.6172   18.3507
    7.5000   15.0000  -15.000014777.1963   18.3772
   -7.5000   22.5000  -15.000014250.5977   18.3479
    0.0000   22.5000  -15.000015053.9326   18.3242
    7.5000   22.5000  -15.000014362.1104   18.3409
   -7.5000   30.0000  -15.000013650.2598   18.1042
    0.0000   30.0000  -15.000014457.2705   18.0820
    7.5000   30.0000  -15.000013786.4258   18.0929
   -7.5000   37.5000  -15.000013480.7979   18.1244
    0.0000   37.5000  -15.000014215.1826   18.0950
    7.5000   37.5000  -15.000013581.4639   18.1111
   -7.5000   45.0000  -15.000012671.7441   17.7227
    0.0000   45.0000  -15.000013334.0000   17.6843
    7.5000   45.0000  -15.000012762.0391   17.7097
   -7.5000  -45.0000   -7.5000 8852.7803   19.2705
    0.0000  -45.0000   -7.5000 9244.3926   19.2325
    7.5000  -45.0000   -7.5000 8852.9082   19.2674
   -7.5000  -37.5000   -7.5000 9776.5586   18.8618
    0.0000  -37.5000   -7.500010207.3613   18.8228
    7.5000  -37.5000   -7.5000 9744.6289   18.8587
   -7.5000  -30.0000   -7.500011040.7705   18.5943
    0.0000  -30.0000   -7.500011538.1865   18.5705
    7.5000  -30.0000   -7.500011020.2500   18.6081
   -7.5000  -22.5000   -7.500012314.8955   18.5246
    0.0000  -22.5000   -7.500012887.6943   18.5154
    7.5000  -22.5000   -7.500012299.3760   18.5510
   -7.5000  -15.0000   -7.500013606.5518   18.5309
    0.0000  -15.0000   -7.500014240.8174   18.5228
    7.5000  -15.0000   -7.500013564.0244   18.5544
   -7.5000   -7.5000   -7.500014950.9238   18.5532
    0.0000   -7.5000   -7.500015696.8936   18.5318
    7.5000   -7.5000   -7.500014882.9268   18.5624
   -7.5000    0.0000   -7.500016254.2354   18.5657
    0.0000    0.0000   -7.500017107.3809   18.5288
    7.5000    0.0000   -7.500016204.6172   18.5611
   -7.5000    7.5000   -7.500016150.9336   18.5569
    0.0000    7.5000   -7.500017057.0840   18.5188
    7.5000    7.5000   -7.500016189.5977   18.5540
   -7.5000   15.0000   -7.500015654.3252   18.5357
    0.0000   15.0000   -7.500016586.7207   18.5121
    7.5000   15.0000   -7.500015849.3604   18.5495
   -7.5000   22.5000   -7.500015103.6250   18.5132
    0.0000   22.5000   -7.500016061.8350   18.5040
    7.5000   22.5000   -7.500015317.8037   18.5396
   -7.5000   30.0000   -7.500014476.1113   18.2901
    0.0000   30.0000   -7.500015395.4814   18.2820
    7.5000   30.0000   -7.500014639.4375   18.3133
   -7.5000   37.5000   -7.500014338.8955   18.3126
    0.0000   37.5000   -7.500015148.5400   18.2915
    7.5000   37.5000   -7.500014370.0303   18.3217
   -7.5000   45.0000   -7.500013474.5410   17.8938
    0.0000   45.0000   -7.500014183.7148   17.8583
    7.5000   45.0000   -7.500013451.6045   17.8894
   -7.5000  -45.0000    0.0000 9134.5879   19.2822
    0.0000  -45.0000    0.0000 9556.7021   19.2460
    7.5000  -45.0000    0.0000 9131.2617   19.2894
   -7.5000  -37.5000    0.000010112.7539   18.8576
    0.0000  -37.5000    0.000010586.8730   18.8189
    7.5000  -37.5000    0.000010133.1514   18.8582
   -7.5000  -30.0000    0.000011443.6807   18.5665
    0.0000  -30.0000    0.000011987.2402   18.5440
    7.5000  -30.0000    0.000011494.5498   18.5864
   -7.5000  -22.5000    0.000012803.5430   18.4934
    0.0000  -22.5000    0.000013449.9404   18.4889
    7.5000  -22.5000    0.000012854.7695   18.5357
   -7.5000  -15.0000    0.000014114.7744   18.5158
    0.0000  -15.0000    0.000014861.3369   18.5149
    7.5000  -15.0000    0.000014192.3682   18.5631
   -7.5000   -7.5000    0.000015454.6680   18.5586
    0.0000   -7.5000    0.000016293.8555   18.5421
    7.5000   -7.5000    0.000015488.9668   18.5877
   -7.5000    0.0000    0.000016942.5566   18.5788
    0.0000    0.0000    0.000017912.9648   18.5434
    7.5000    0.0000    0.000016808.6035   18.5836
   -7.5000    7.5000    0.000017227.9355   18.5532
    0.0000    7.5000    0.000018360.6504   18.5154
    7.5000    7.5000    0.000017040.2500   18.5537
   -7.5000   15.0000    0.000017001.0000   18.5082
    0.0000   15.0000    0.000018131.7480   18.4858
    7.5000   15.0000    0.000016869.2500   18.5281
   -7.5000   22.5000    0.000016343.7607   18.4820
    0.0000   22.5000    0.000017358.4785   18.4775
    7.5000   22.5000    0.000016255.7656   18.5244
   -7.5000   30.0000    0.000015436.1465   18.2757
    0.0000   30.0000    0.000016356.7021   18.2747
    7.5000   30.0000    0.000015388.8398   18.3224
   -7.5000   37.5000    0.000015078.5107   18.3184
    0.0000   37.5000    0.000015929.9678   18.3022
    7.5000   37.5000    0.000015059.8457   18.3471
   -7.5000   45.0000    0.000014111.3711   17.9078
    0.0000   45.0000    0.000014875.2129   17.8737
    7.5000   45.0000    0.000014090.0527   17.9124
   -7.5000  -45.0000    7.5000 8701.3477   19.3105
    0.0000  -45.0000    7.5000 9172.0361   19.2715
    7.5000  -45.0000    7.5000 8736.5752   19.3159
   -7.5000  -37.5000    7.5000 9616.9102   18.8868
    0.0000  -37.5000    7.500010158.2803   18.8421
    7.5000  -37.5000    7.5000 9709.1631   18.8787
   -7.5000  -30.0000    7.500010902.7461   18.5725
    0.0000  -30.0000    7.500011487.5264   18.5386
    7.5000  -30.0000    7.500011020.8037   18.5738
   -7.5000  -22.5000    7.500012248.6348   18.4757
    0.0000  -22.5000    7.500012919.9443   18.4585
    7.5000  -22.5000    7.500012359.0137   18.4962
   -7.5000  -15.0000    7.500013588.5371   18.4915
    0.0000  -15.0000    7.500014332.5273   18.4806
    7.5000  -15.0000    7.500013665.8301   18.5232
   -7.5000   -7.5000    7.500014927.8350   18.5563
    0.0000   -7.5000    7.500015731.1064   18.5348
    7.5000   -7.5000    7.500014938.0908   18.5796
   -7.5000    0.0000    7.500016310.2539   18.6057
    0.0000    0.0000    7.500017234.3242   18.5677
    7.5000    0.0000    7.500016214.3740   18.6085
   -7.5000    7.5000    7.500016559.4238   18.5816
    0.0000    7.5000    7.500017592.8398   18.5379
    7.5000    7.5000    7.500016298.7959   18.5736
   -7.5000   15.0000    7.500016470.6953   18.5141
    0.0000   15.0000    7.500017361.8828   18.4805
    7.5000   15.0000    7.500016041.3799   18.5156
   -7.5000   22.5000    7.500015905.2490   18.4643
    0.0000   22.5000    7.500016740.2480   18.4471
    7.5000   22.5000    7.500015530.3838   18.4849
   -7.5000   30.0000    7.500014957.3857   18.2516
    0.0000   30.0000    7.500015768.3545   18.2409
    7.5000   30.0000    7.500014747.6338   18.2829
   -7.5000   37.5000    7.500014462.7588   18.3161
    0.0000   37.5000    7.500015274.0107   18.2949
    7.5000   37.5000    7.500014420.9023   18.3391
   -7.5000   45.0000    7.500013453.3613   17.9337
    0.0000   45.0000    7.500014206.4746   17.8971
    7.5000   45.0000    7.500013481.1074   17.9364
   -7.5000  -45.0000   15.0000 8189.3687   19.3584
    0.0000  -45.0000   15.0000 8651.7812   19.3159
    7.5000  -45.0000   15.0000 8243.1094   19.3548
   -7.5000  -37.5000   15.0000 9101.2520   18.9508
    0.0000  -37.5000   15.0000 9578.3203   18.9012
    7.5000  -37.5000   15.0000 9136.8379   18.9335
   -7.5000  -30.0000   15.000010361.7500   18.6367
    0.0000  -30.0000   15.000010873.2910   18.5924
    7.5000  -30.0000   15.000010386.0840   18.6171
   -7.5000  -22.5000   15.000011671.6475   18.5206
    0.0000  -22.5000   15.000012271.3984   18.4887
    7.5000  -22.5000   15.000011695.2275   18.5090
   -7.5000  -15.0000   15.000012923.6260   18.5137
    0.0000  -15.0000   15.000013627.7676   18.4887
    7.5000  -15.0000   15.000012972.6436   18.5126
   -7.5000   -7.5000   15.000014117.2100   18.5792
    0.0000   -7.5000   15.000014938.8467   18.5495
    7.5000   -7.5000   15.000014224.7793   18.5816
   -7.5000    0.0000   15.000015258.1611   18.6497
    0.0000    0.0000   15.000016237.3691   18.6086
    7.5000    0.0000   15.000015392.9326   18.6442
   -7.5000    7.5000   15.000015270.3799   18.6439
    0.0000    7.5000   15.000016277.0088   18.5953
    7.5000    7.5000   15.000015289.0342   18.6271
   -7.5000   15.0000   15.000015093.9180   18.5779
    0.0000   15.0000   15.000015949.4990   18.5339
    7.5000   15.0000   15.000014995.8066   18.5586
   -7.5000   22.5000   15.000014676.6406   18.5091
    0.0000   22.5000   15.000015524.8896   18.4773
    7.5000   22.5000   15.000014586.1895   18.4976
   -7.5000   30.0000   15.000014018.6963   18.2735
    0.0000   30.0000   15.000014858.2969   18.2489
    7.5000   30.0000   15.000013983.0947   18.2725
   -7.5000   37.5000   15.000013650.8066   18.3387
    0.0000   37.5000   15.000014446.9424   18.3094
    7.5000   37.5000   15.000013678.9551   18.3411
   -7.5000   45.0000   15.000012714.4844   17.9762
    0.0000   45.0000   15.000013433.1846   17.9365
    7.5000   45.0000   15.000012770.4102   17.9708
   -7.5000  -45.0000   22.5000 7668.6553   19.5195
    0.0000  -45.0000   22.5000 8087.9395   19.4751
    7.5000  -45.0000   22.5000 7719.3984   19.5079
   -7.5000  -37.5000   22.5000 8529.3857   19.1215
    0.0000  -37.5000   22.5000 8975.7080   19.0719
    7.5000  -37.5000   22.5000 8562.4805   19.1033
   -7.5000  -30.0000   22.5000 9705.5166   18.8293
    0.0000  -30.0000   22.500010203.2676   18.7850
    7.5000  -30.0000   22.5000 9733.5762   18.8069
   -7.5000  -22.5000   22.500010914.3203   18.7186
    0.0000  -22.5000   22.500011472.9629   18.6842
    7.5000  -22.5000   22.500010941.0996   18.6954
   -7.5000  -15.0000   22.500012076.2568   18.6968
    0.0000  -15.0000   22.500012718.5039   18.6666
    7.5000  -15.0000   22.500012135.4541   18.6761
   -7.5000   -7.5000   22.500013199.4395   18.7387
    0.0000   -7.5000   22.500013935.3076   18.7048
    7.5000   -7.5000   22.500013337.7090   18.7241
   -7.5000    0.0000   22.500014240.0273   18.7981
    0.0000    0.0000   22.500015088.3242   18.7556
    7.5000    0.0000   22.500014429.6680   18.7855
   -7.5000    7.5000   22.500014215.1260   18.8092
    0.0000    7.5000   22.500015006.5605   18.7608
    7.5000    7.5000   22.500014287.9785   18.7918
   -7.5000   15.0000   22.500013981.6514   18.7693
    0.0000   15.0000   22.500014656.3193   18.7254
    7.5000   15.0000   22.500013979.5391   18.7472
   -7.5000   22.5000   22.500013588.2031   18.7071
    0.0000   22.5000   22.500014251.5703   18.6727
    7.5000   22.5000   22.500013609.6660   18.6838
   -7.5000   30.0000   22.500013060.1172   18.4542
    0.0000   30.0000   22.500013738.3184   18.4244
    7.5000   30.0000   22.500013119.2871   18.4339
   -7.5000   37.5000   22.500012791.8438   18.4961
    0.0000   37.5000   22.500013439.9111   18.4628
    7.5000   37.5000   22.500012838.3301   18.4817
   -7.5000   45.0000   22.500011960.1875   18.1192
    0.0000   45.0000   22.500012544.2783   18.0782
    7.5000   45.0000   22.500011982.8877   18.1071
   -7.5000  -45.0000   30.0000 7120.1538   19.8191
    0.0000  -45.0000   30.0000 7500.2266   19.7757
    7.5000  -45.0000   30.0000 7173.7422   19.8066
   -7.5000  -37.5000   30.0000 7906.3901   19.4073
    0.0000  -37.5000   30.0000 8325.7256   19.3615
    7.5000  -37.5000   30.0000 7968.2632   19.3952
   -7.5000  -30.0000   30.0000 8969.2939   19.1296
    0.0000  -30.0000   30.0000 9419.3506   19.0942
    7.5000  -30.0000   30.0000 9024.9121   19.1228
   -7.5000  -22.5000   30.000010072.5684   19.0388
    0.0000  -22.5000   30.000010579.5312   19.0142
    7.5000  -22.5000   30.000010146.9717   19.0322
   -7.5000  -15.0000   30.000011160.9844   19.0226
    0.0000  -15.0000   30.000011737.6523   18.9993
    7.5000  -15.0000   30.000011260.7314   19.0115
   -7.5000   -7.5000   30.000012210.1514   19.0438
    0.0000   -7.5000   30.000012857.1768   19.0129
    7.5000   -7.5000   30.000012361.0898   19.0307
   -7.5000    0.0000   30.000013219.3428   19.0752
    0.0000    0.0000   30.000013916.8105   19.0337
    7.5000    0.0000   30.000013359.3926   19.0621
   -7.5000    7.5000   30.000013182.8135   19.0855
    0.0000    7.5000   30.000013822.7090   19.0410
    7.5000    7.5000   30.000013221.2148   19.0741
   -7.5000   15.0000   30.000012890.1143   19.0677
    0.0000   15.0000   30.000013460.6006   19.0326
    7.5000   15.0000   30.000012910.7197   19.0610
   -7.5000   22.5000   30.000012498.0020   19.0270
    0.0000   22.5000   30.000013057.4326   19.0024
    7.5000   22.5000   30.000012515.7412   19.0205
   -7.5000   30.0000   30.000012038.0645   18.7758
    0.0000   30.0000   30.000012594.5107   18.7529
    7.5000   30.0000   30.000012040.9844   18.7649
   -7.5000   37.5000   30.000011841.0684   18.7973
    0.0000   37.5000   30.000012365.1885   18.7668
    7.5000   37.5000   30.000011832.2422   18.7844
   -7.5000   45.0000   30.000011088.9873   18.3863
    0.0000   45.0000   30.000011588.2637   18.3463
    7.5000   45.0000   30.000011089.9883   18.3737
   -7.5000  -45.0000   37.5000 6856.0986   20.3136
    0.0000  -45.0000   37.5000 7213.0098   20.2724
    7.5000  -45.0000   37.5000 6915.4624   20.3134
   -7.5000  -37.5000   37.5000 7607.1548   19.8647
    0.0000  -37.5000   37.5000 8005.1304   19.8221
    7.5000  -37.5000   37.5000 7683.8330   19.8638
   -7.5000  -30.0000   37.5000 8628.0908   19.5734
    0.0000  -30.0000   37.5000 9076.7812   19.5475
    7.5000  -30.0000   37.5000 8709.2783   19.5905
   -7.5000  -22.5000   37.5000 9691.9121   19.4975
    0.0000  -22.5000   37.500010188.8359   19.4877
    7.5000  -22.5000   37.5000 9789.2109   19.5283
   -7.5000  -15.0000   37.500010713.2549   19.5009
    0.0000  -15.0000   37.500011274.3643   19.4924
    7.5000  -15.0000   37.500010841.4492   19.5289
   -7.5000   -7.5000   37.500011718.6514   19.5206
    0.0000   -7.5000   37.500012320.9688   19.4980
    7.5000   -7.5000   37.500011855.1865   19.5336
   -7.5000    0.0000   37.500012683.1299   19.5334
    0.0000    0.0000   37.500013335.2725   19.4937
    7.5000    0.0000   37.500012793.9160   19.5315
   -7.5000    7.5000   37.500012653.2314   19.5275
    0.0000    7.5000   37.500013237.9053   19.4860
    7.5000    7.5000   37.500012676.4580   19.5267
   -7.5000   15.0000   37.500012382.3350   19.5087
    0.0000   15.0000   37.500012921.8145   19.4829
    7.5000   15.0000   37.500012388.3555   19.5257
   -7.5000   22.5000   37.500011988.4814   19.4854
    0.0000   22.5000   37.500012511.3604   19.4756
    7.5000   22.5000   37.500011991.0049   19.5162
   -7.5000   30.0000   37.500011507.7109   19.2479
    0.0000   30.0000   37.500012011.6328   19.2396
    7.5000   30.0000   37.500011496.8750   19.2756
   -7.5000   37.5000   37.500011338.8301   19.2680
    0.0000   37.5000   37.500011826.8545   19.2456
    7.5000   37.5000   37.500011289.0820   19.2808
   -7.5000   45.0000   37.500010653.0488   18.8280
    0.0000   45.0000   37.500011120.7725   18.7897
    7.5000   45.0000   37.500010618.2119   18.8261
   -7.5000  -45.0000   45.0000 6292.9785   20.9467
    0.0000  -45.0000   45.0000 6634.6387   20.9005
    7.5000  -45.0000   45.0000 6373.4302   20.9474
   -7.5000  -37.5000   45.0000 6990.7925   20.4430
    0.0000  -37.5000   45.0000 7352.9932   20.3946
    7.5000  -37.5000   45.0000 7072.6479   20.4357
   -7.5000  -30.0000   45.0000 7951.7788   20.0996
    0.0000  -30.0000   45.0000 8366.2871   20.0710
    7.5000  -30.0000   45.0000 8034.2139   20.1156
   -7.5000  -22.5000   45.0000 8946.0508   20.0147
    0.0000  -22.5000   45.0000 9429.9697   20.0074
    7.5000  -22.5000   45.0000 9047.2500   20.0577
   -7.5000  -15.0000   45.0000 9893.9307   20.0411
    0.0000  -15.0000   45.000010427.6279   20.0375
    7.5000  -15.0000   45.000010016.5869   20.0905
   -7.5000   -7.5000   45.000010797.2178   20.0911
    0.0000   -7.5000   45.000011370.7432   20.0690
    7.5000   -7.5000   45.000010917.8379   20.1190
   -7.5000    0.0000   45.000011649.9844   20.1146
    0.0000    0.0000   45.000012250.8516   20.0699
    7.5000    0.0000   45.000011740.9131   20.1130
   -7.5000    7.5000   45.000011597.3428   20.0834
    0.0000    7.5000   45.000012154.0352   20.0363
    7.5000    7.5000   45.000011629.6133   20.0763
   -7.5000   15.0000   45.000011354.5947   20.0308
    0.0000   15.0000   45.000011864.8662   20.0025
    7.5000   15.0000   45.000011382.0137   20.0468
   -7.5000   22.5000   45.000011026.9326   20.0021
    0.0000   22.5000   45.000011498.9160   19.9947
    7.5000   22.5000   45.000011038.5410   20.0450
   -7.5000   30.0000   45.000010598.6865   19.7794
    0.0000   30.0000   45.000011039.3809   19.7759
    7.5000   30.0000   45.000010589.4521   19.8281
   -7.5000   37.5000   45.000010407.4307   19.8294
    0.0000   37.5000   45.000010878.5000   19.8075
    7.5000   37.5000   45.000010409.6816   19.8569
   -7.5000   45.0000   45.0000 9781.7031   19.3969
    0.0000   45.0000   45.000010226.1406   19.3538
    7.5000   45.0000   45.0000 9765.1191   19.3954

---------------------------------------------------------------------
imgreg_4dfp /opt/freesurfer/average/711-2C_as_mni_average_305 /opt/freesurfer/average/711-2B_as_mni_average_305_mask talsrcimg_g11 none talsrcimg_to_711-2C_as_mni_average_305_t4 4355
---------------------------------------------------------------------

freesurfer imgreg_4dfp.c
/opt/freesurfer/average/711-2C_as_mni_average_305.4dfp.img
       256       256       256         1
  1.000000  1.000000  1.000000
orientation T byte_order littleendian
Reading image: /opt/freesurfer/average/711-2C_as_mni_average_305.4dfp.img
dimensions:      256       256       256
mmppix:       1.0000   -1.0000   -1.0000
center:     128.0000 -129.0000 -129.0000
/opt/freesurfer/average/711-2B_as_mni_average_305_mask.4dfp.img
       256       256       256         1
  1.000000  1.000000  1.000000
orientation T byte_order littleendian
Reading mask: /opt/freesurfer/average/711-2B_as_mni_average_305_mask.4dfp.img (2306576 pixels)
talsrcimg_g11.4dfp.img
       256       256       256         1
  1.000000  1.000000  1.000000
orientation T byte_order littleendian
Reading image: talsrcimg_g11.4dfp.img
dimensions:      256       256       256
mmppix:       1.0000   -1.0000   -1.0000
center:     128.0000 -129.0000 -129.0000
rotation matrix determinant  1.000000
image alignment mode   4355 decimal     1103 hex
   -7.5000  -37.5000  -45.0000 2063.5806   22.2451
    0.0000  -37.5000  -45.0000 2062.5637   22.1940
    7.5000  -37.5000  -45.0000 2043.0021   22.4316
   -7.5000  -30.0000  -45.0000 2181.2302   19.8570
    0.0000  -30.0000  -45.0000 2179.0217   19.8524
    7.5000  -30.0000  -45.0000 2156.4646   20.0318
   -7.5000  -22.5000  -45.0000 2291.2708   18.1145
    0.0000  -22.5000  -45.0000 2291.7268   18.1070
    7.5000  -22.5000  -45.0000 2262.3000   18.2247
   -7.5000  -15.0000  -45.0000 2377.5828   16.8094
    0.0000  -15.0000  -45.0000 2369.5330   16.8182
    7.5000  -15.0000  -45.0000 2342.8594   16.9502
   -7.5000   -7.5000  -45.0000 2429.1001   15.9284
    0.0000   -7.5000  -45.0000 2423.0645   15.9290
    7.5000   -7.5000  -45.0000 2393.6636   16.1135
   -7.5000    0.0000  -45.0000 2450.3201   15.4033
    0.0000    0.0000  -45.0000 2449.0283   15.3952
    7.5000    0.0000  -45.0000 2413.5955   15.5616
   -7.5000    7.5000  -45.0000 2457.5376   15.0352
    0.0000    7.5000  -45.0000 2457.9250   15.0156
    7.5000    7.5000  -45.0000 2425.4446   15.1963
   -7.5000   15.0000  -45.0000 2453.9607   14.8546
    0.0000   15.0000  -45.0000 2456.9453   14.8475
    7.5000   15.0000  -45.0000 2427.0405   15.0365
   -7.5000   22.5000  -45.0000 2449.8357   14.9469
    0.0000   22.5000  -45.0000 2453.0796   14.9239
    7.5000   22.5000  -45.0000 2416.5188   15.1400
   -7.5000   30.0000  -45.0000 2413.4001   15.3591
    0.0000   30.0000  -45.0000 2421.2627   15.3451
    7.5000   30.0000  -45.0000 2385.8118   15.5394
   -7.5000   37.5000  -45.0000 2367.0056   16.1378
    0.0000   37.5000  -45.0000 2376.6091   16.1253
    7.5000   37.5000  -45.0000 2341.6992   16.2838
   -7.5000   45.0000  -45.0000 2291.2002   17.1972
    0.0000   45.0000  -45.0000 2301.9578   17.1485
    7.5000   45.0000  -45.0000 2270.6775   17.3130
   -7.5000   52.5000  -45.0000 2183.5654   18.4778
    0.0000   52.5000  -45.0000 2191.6052   18.3787
    7.5000   52.5000  -45.0000 2162.2383   18.5666
   -7.5000  -37.5000  -37.5000 2116.0083   21.0977
    0.0000  -37.5000  -37.5000 2117.1807   21.0579
    7.5000  -37.5000  -37.5000 2097.5303   21.2946
   -7.5000  -30.0000  -37.5000 2245.7280   18.8245
    0.0000  -30.0000  -37.5000 2248.6257   18.7808
    7.5000  -30.0000  -37.5000 2220.0242   18.9541
   -7.5000  -22.5000  -37.5000 2360.6318   17.1406
    0.0000  -22.5000  -37.5000 2363.9341   17.0723
    7.5000  -22.5000  -37.5000 2332.5017   17.2211
   -7.5000  -15.0000  -37.5000 2442.8572   15.8565
    0.0000  -15.0000  -37.5000 2446.1370   15.8089
    7.5000  -15.0000  -37.5000 2419.5171   15.9657
   -7.5000   -7.5000  -37.5000 2500.4438   14.9516
    0.0000   -7.5000  -37.5000 2502.8335   14.9200
    7.5000   -7.5000  -37.5000 2476.0967   15.0733
   -7.5000    0.0000  -37.5000 2539.8491   14.3693
    0.0000    0.0000  -37.5000 2541.0176   14.3151
    7.5000    0.0000  -37.5000 2511.1265   14.4954
   -7.5000    7.5000  -37.5000 2553.8960   14.0160
    0.0000    7.5000  -37.5000 2559.6975   13.9820
    7.5000    7.5000  -37.5000 2528.3796   14.1177
   -7.5000   15.0000  -37.5000 2554.3896   13.8761
    0.0000   15.0000  -37.5000 2559.7791   13.8176
    7.5000   15.0000  -37.5000 2531.5349   13.9743
   -7.5000   22.5000  -37.5000 2543.9907   13.9329
    0.0000   22.5000  -37.5000 2551.9436   13.8811
    7.5000   22.5000  -37.5000 2522.2505   14.0446
   -7.5000   30.0000  -37.5000 2509.6506   14.2951
    0.0000   30.0000  -37.5000 2520.0601   14.2461
    7.5000   30.0000  -37.5000 2488.0203   14.3895
   -7.5000   37.5000  -37.5000 2461.3665   14.9792
    0.0000   37.5000  -37.5000 2477.7717   14.9289
    7.5000   37.5000  -37.5000 2442.5520   15.0767
   -7.5000   45.0000  -37.5000 2390.0078   15.9391
    0.0000   45.0000  -37.5000 2401.0339   15.8919
    7.5000   45.0000  -37.5000 2370.5605   16.0428
   -7.5000   52.5000  -37.5000 2269.1958   17.1319
    0.0000   52.5000  -37.5000 2283.1379   17.0432
    7.5000   52.5000  -37.5000 2251.9141   17.2331
   -7.5000  -37.5000  -30.0000 2203.2883   20.9493
    0.0000  -37.5000  -30.0000 2207.7922   20.8552
    7.5000  -37.5000  -30.0000 2183.3433   21.1428
   -7.5000  -30.0000  -30.0000 2338.5798   18.6310
    0.0000  -30.0000  -30.0000 2345.8906   18.5604
    7.5000  -30.0000  -30.0000 2313.4810   18.7825
   -7.5000  -22.5000  -30.0000 2458.2417   16.8590
    0.0000  -22.5000  -30.0000 2462.7954   16.7894
    7.5000  -22.5000  -30.0000 2430.3982   16.9652
   -7.5000  -15.0000  -30.0000 2545.6548   15.5196
    0.0000  -15.0000  -30.0000 2549.5725   15.4626
    7.5000  -15.0000  -30.0000 2523.3132   15.6348
   -7.5000   -7.5000  -30.0000 2610.4749   14.6150
    0.0000   -7.5000  -30.0000 2614.7344   14.5262
    7.5000   -7.5000  -30.0000 2587.6104   14.6965
   -7.5000    0.0000  -30.0000 2662.0015   13.9621
    0.0000    0.0000  -30.0000 2662.8789   13.8523
    7.5000    0.0000  -30.0000 2637.7036   14.0338
   -7.5000    7.5000  -30.0000 2690.9619   13.5577
    0.0000    7.5000  -30.0000 2698.6230   13.4635
    7.5000    7.5000  -30.0000 2664.5630   13.6114
   -7.5000   15.0000  -30.0000 2699.7739   13.3796
    0.0000   15.0000  -30.0000 2706.4331   13.2969
    7.5000   15.0000  -30.0000 2675.1328   13.4268
   -7.5000   22.5000  -30.0000 2690.1125   13.4534
    0.0000   22.5000  -30.0000 2700.7349   13.3603
    7.5000   22.5000  -30.0000 2668.8462   13.5121
   -7.5000   30.0000  -30.0000 2658.9016   13.8330
    0.0000   30.0000  -30.0000 2671.5247   13.7395
    7.5000   30.0000  -30.0000 2640.1431   13.8827
   -7.5000   37.5000  -30.0000 2606.4419   14.4687
    0.0000   37.5000  -30.0000 2626.2224   14.3652
    7.5000   37.5000  -30.0000 2590.7307   14.5298
   -7.5000   45.0000  -30.0000 2522.4185   15.3910
    0.0000   45.0000  -30.0000 2537.7654   15.2851
    7.5000   45.0000  -30.0000 2513.8076   15.4431
   -7.5000   52.5000  -30.0000 2393.9460   16.5860
    0.0000   52.5000  -30.0000 2407.6965   16.4498
    7.5000   52.5000  -30.0000 2385.7952   16.6181
   -7.5000  -37.5000  -22.5000 2264.3901   20.7232
    0.0000  -37.5000  -22.5000 2268.4121   20.6112
    7.5000  -37.5000  -22.5000 2242.8623   20.8710
   -7.5000  -30.0000  -22.5000 2392.0740   18.3801
    0.0000  -30.0000  -22.5000 2400.5845   18.2924
    7.5000  -30.0000  -22.5000 2373.5391   18.4945
   -7.5000  -22.5000  -22.5000 2509.6416   16.5325
    0.0000  -22.5000  -22.5000 2518.7969   16.4679
    7.5000  -22.5000  -22.5000 2494.1223   16.6424
   -7.5000  -15.0000  -22.5000 2613.5427   15.1190
    0.0000  -15.0000  -22.5000 2618.4583   15.0604
    7.5000  -15.0000  -22.5000 2595.8157   15.2394
   -7.5000   -7.5000  -22.5000 2697.8428   14.1604
    0.0000   -7.5000  -22.5000 2699.0498   14.0815
    7.5000   -7.5000  -22.5000 2669.4150   14.2578
   -7.5000    0.0000  -22.5000 2753.4966   13.4724
    0.0000    0.0000  -22.5000 2752.2615   13.3750
    7.5000    0.0000  -22.5000 2723.4265   13.5582
   -7.5000    7.5000  -22.5000 2790.9470   12.9577
    0.0000    7.5000  -22.5000 2798.3938   12.8877
    7.5000    7.5000  -22.5000 2761.6738   13.0815
   -7.5000   15.0000  -22.5000 2811.8394   12.7151
    0.0000   15.0000  -22.5000 2818.7461   12.6583
    7.5000   15.0000  -22.5000 2783.7949   12.8361
   -7.5000   22.5000  -22.5000 2809.8208   12.8482
    0.0000   22.5000  -22.5000 2826.2026   12.7582
    7.5000   22.5000  -22.5000 2789.8176   12.9382
   -7.5000   30.0000  -22.5000 2778.6519   13.2705
    0.0000   30.0000  -22.5000 2795.1248   13.1485
    7.5000   30.0000  -22.5000 2762.3484   13.3057
   -7.5000   37.5000  -22.5000 2721.3015   13.9030
    0.0000   37.5000  -22.5000 2740.6238   13.7700
    7.5000   37.5000  -22.5000 2707.0659   13.9601
   -7.5000   45.0000  -22.5000 2629.6257   14.8098
    0.0000   45.0000  -22.5000 2646.4585   14.6934
    7.5000   45.0000  -22.5000 2622.2559   14.8641
   -7.5000   52.5000  -22.5000 2495.5930   15.9584
    0.0000   52.5000  -22.5000 2508.4121   15.8527
    7.5000   52.5000  -22.5000 2484.2510   16.0140
   -7.5000  -37.5000  -15.0000 2285.1396   20.5007
    0.0000  -37.5000  -15.0000 2288.9888   20.3234
    7.5000  -37.5000  -15.0000 2266.0796   20.6465
   -7.5000  -30.0000  -15.0000 2414.2913   18.1106
    0.0000  -30.0000  -15.0000 2419.2175   18.0291
    7.5000  -30.0000  -15.0000 2393.0813   18.2320
   -7.5000  -22.5000  -15.0000 2532.6274   16.2133
    0.0000  -22.5000  -15.0000 2535.8325   16.1499
    7.5000  -22.5000  -15.0000 2509.3960   16.3393
   -7.5000  -15.0000  -15.0000 2643.6956   14.7942
    0.0000  -15.0000  -15.0000 2645.7720   14.7104
    7.5000  -15.0000  -15.0000 2617.0049   14.8978
   -7.5000   -7.5000  -15.0000 2741.4019   13.7401
    0.0000   -7.5000  -15.0000 2744.7029   13.6761
    7.5000   -7.5000  -15.0000 2713.2075   13.8624
   -7.5000    0.0000  -15.0000 2807.2510   12.9946
    0.0000    0.0000  -15.0000 2813.3235   12.9350
    7.5000    0.0000  -15.0000 2781.7017   13.1220
   -7.5000    7.5000  -15.0000 2857.0864   12.4282
    0.0000    7.5000  -15.0000 2863.2878   12.3658
    7.5000    7.5000  -15.0000 2829.8601   12.6149
   -7.5000   15.0000  -15.0000 2878.6118   12.1026
    0.0000   15.0000  -15.0000 2890.5608   12.0251
    7.5000   15.0000  -15.0000 2850.3599   12.3157
   -7.5000   22.5000  -15.0000 2880.8184   12.2662
    0.0000   22.5000  -15.0000 2897.3108   12.1773
    7.5000   22.5000  -15.0000 2860.0251   12.4415
   -7.5000   30.0000  -15.0000 2848.0535   12.6918
    0.0000   30.0000  -15.0000 2872.1411   12.5939
    7.5000   30.0000  -15.0000 2837.2991   12.7970
   -7.5000   37.5000  -15.0000 2794.7334   13.3452
    0.0000   37.5000  -15.0000 2813.1006   13.2369
    7.5000   37.5000  -15.0000 2783.9382   13.4618
   -7.5000   45.0000  -15.0000 2705.3789   14.2580
    0.0000   45.0000  -15.0000 2718.0312   14.1630
    7.5000   45.0000  -15.0000 2692.0386   14.3655
   -7.5000   52.5000  -15.0000 2561.5024   15.4031
    0.0000   52.5000  -15.0000 2576.9221   15.3145
    7.5000   52.5000  -15.0000 2549.3813   15.5329
   -7.5000  -37.5000   -7.5000 2282.6123   20.3334
    0.0000  -37.5000   -7.5000 2297.2424   20.1507
    7.5000  -37.5000   -7.5000 2272.4990   20.5046
   -7.5000  -30.0000   -7.5000 2410.2668   17.9219
    0.0000  -30.0000   -7.5000 2422.5442   17.7858
    7.5000  -30.0000   -7.5000 2397.1611   18.0663
   -7.5000  -22.5000   -7.5000 2528.8474   16.0016
    0.0000  -22.5000   -7.5000 2536.2007   15.8780
    7.5000  -22.5000   -7.5000 2509.5510   16.1337
   -7.5000  -15.0000   -7.5000 2639.6040   14.5505
    0.0000  -15.0000   -7.5000 2645.3782   14.4181
    7.5000  -15.0000   -7.5000 2615.8142   14.6334
   -7.5000   -7.5000   -7.5000 2752.6965   13.4480
    0.0000   -7.5000   -7.5000 2760.6753   13.3218
    7.5000   -7.5000   -7.5000 2727.5232   13.5039
   -7.5000    0.0000   -7.5000 2839.8694   12.6783
    0.0000    0.0000   -7.5000 2849.2402   12.5768
    7.5000    0.0000   -7.5000 2819.6724   12.7280
   -7.5000    7.5000   -7.5000 2901.9209   12.1188
    0.0000    7.5000   -7.5000 2915.9177   12.0441
    7.5000    7.5000   -7.5000 2884.4299   12.2434
   -7.5000   15.0000   -7.5000 2930.5264   11.7614
    0.0000   15.0000   -7.5000 2952.4082   11.7198
    7.5000   15.0000   -7.5000 2911.2612   12.0067
   -7.5000   22.5000   -7.5000 2934.7212   11.8330
    0.0000   22.5000   -7.5000 2962.9333   11.7662
    7.5000   22.5000   -7.5000 2917.8989   12.0627
   -7.5000   30.0000   -7.5000 2896.4287   12.2475
    0.0000   30.0000   -7.5000 2924.8525   12.1597
    7.5000   30.0000   -7.5000 2890.6084   12.3677
   -7.5000   37.5000   -7.5000 2841.3962   12.8970
    0.0000   37.5000   -7.5000 2860.6448   12.7498
    7.5000   37.5000   -7.5000 2832.5391   12.9523
   -7.5000   45.0000   -7.5000 2744.7947   13.8510
    0.0000   45.0000   -7.5000 2765.8892   13.6757
    7.5000   45.0000   -7.5000 2737.3721   13.8663
   -7.5000   52.5000   -7.5000 2595.4153   15.0177
    0.0000   52.5000   -7.5000 2614.2874   14.8606
    7.5000   52.5000   -7.5000 2587.5901   15.0774
   -7.5000  -37.5000    0.0000 2273.1384   20.6563
    0.0000  -37.5000    0.0000 2285.4766   20.3893
    7.5000  -37.5000    0.0000 2262.4395   20.7253
   -7.5000  -30.0000    0.0000 2395.6548   18.0495
    0.0000  -30.0000    0.0000 2406.5037   17.8488
    7.5000  -30.0000    0.0000 2389.8757   18.1679
   -7.5000  -22.5000    0.0000 2515.0054   16.0458
    0.0000  -22.5000    0.0000 2522.0249   15.9030
    7.5000  -22.5000    0.0000 2503.1287   16.1325
   -7.5000  -15.0000    0.0000 2621.3542   14.5060
    0.0000  -15.0000    0.0000 2634.9043   14.3734
    7.5000  -15.0000    0.0000 2616.4744   14.5988
   -7.5000   -7.5000    0.0000 2725.3862   13.3672
    0.0000   -7.5000    0.0000 2745.4375   13.2408
    7.5000   -7.5000    0.0000 2727.2856   13.4306
   -7.5000    0.0000    0.0000 2831.8242   12.5941
    0.0000    0.0000    0.0000 2854.7312   12.4441
    7.5000    0.0000    0.0000 2832.3164   12.5654
   -7.5000    7.5000    0.0000 2927.5798   12.1873
    0.0000    7.5000    0.0000 2947.0459   12.0543
    7.5000    7.5000    0.0000 2916.5352   12.0503
   -7.5000   15.0000    0.0000 2989.4778   11.9358
    0.0000   15.0000    0.0000 3020.4485   11.8177
    7.5000   15.0000    0.0000 2961.1416   11.8436
   -7.5000   22.5000    0.0000 2987.0303   11.7933
    0.0000   22.5000    0.0000 3024.2952   11.7001
    7.5000   22.5000    0.0000 2969.4668   11.8571
   -7.5000   30.0000    0.0000 2927.8369   12.0351
    0.0000   30.0000    0.0000 2960.6865   11.9026
    7.5000   30.0000    0.0000 2923.4353   12.1051
   -7.5000   37.5000    0.0000 2855.7170   12.6402
    0.0000   37.5000    0.0000 2885.8237   12.4540
    7.5000   37.5000    0.0000 2862.3215   12.6474
   -7.5000   45.0000    0.0000 2759.0955   13.6175
    0.0000   45.0000    0.0000 2783.6792   13.3969
    7.5000   45.0000    0.0000 2759.9939   13.5962
   -7.5000   52.5000    0.0000 2611.9807   14.8384
    0.0000   52.5000    0.0000 2631.4133   14.6308
    7.5000   52.5000    0.0000 2611.4131   14.8214
   -7.5000  -37.5000    7.5000 2247.7158   21.0674
    0.0000  -37.5000    7.5000 2265.1001   20.8709
    7.5000  -37.5000    7.5000 2246.4426   21.1691
   -7.5000  -30.0000    7.5000 2368.3486   18.2841
    0.0000  -30.0000    7.5000 2383.7590   18.0696
    7.5000  -30.0000    7.5000 2374.4246   18.3683
   -7.5000  -22.5000    7.5000 2486.8745   16.2855
    0.0000  -22.5000    7.5000 2501.0227   16.0760
    7.5000  -22.5000    7.5000 2493.8142   16.2790
   -7.5000  -15.0000    7.5000 2605.2668   14.8230
    0.0000  -15.0000    7.5000 2616.7295   14.6200
    7.5000  -15.0000    7.5000 2608.1763   14.7482
   -7.5000   -7.5000    7.5000 2716.5405   13.7575
    0.0000   -7.5000    7.5000 2727.6313   13.5412
    7.5000   -7.5000    7.5000 2717.1580   13.6171
   -7.5000    0.0000    7.5000 2819.8384   12.9525
    0.0000    0.0000    7.5000 2829.9473   12.7433
    7.5000    0.0000    7.5000 2814.0439   12.7436
   -7.5000    7.5000    7.5000 2921.5974   12.4714
    0.0000    7.5000    7.5000 2939.9800   12.2914
    7.5000    7.5000    7.5000 2909.7930   12.1945
   -7.5000   15.0000    7.5000 2989.6462   12.1287
    0.0000   15.0000    7.5000 3027.6860   11.9591
    7.5000   15.0000    7.5000 2967.3008   11.8834
   -7.5000   22.5000    7.5000 2995.3433   12.0521
    0.0000   22.5000    7.5000 3037.9487   11.7732
    7.5000   22.5000    7.5000 2979.1121   11.8206
   -7.5000   30.0000    7.5000 2931.4360   12.2720
    0.0000   30.0000    7.5000 2965.3633   12.0302
    7.5000   30.0000    7.5000 2927.5378   12.1306
   -7.5000   37.5000    7.5000 2856.2715   12.7782
    0.0000   37.5000    7.5000 2880.8254   12.5716
    7.5000   37.5000    7.5000 2859.6304   12.7291
   -7.5000   45.0000    7.5000 2753.0532   13.6592
    0.0000   45.0000    7.5000 2768.4119   13.4418
    7.5000   45.0000    7.5000 2757.9600   13.6121
   -7.5000   52.5000    7.5000 2604.0654   14.7998
    0.0000   52.5000    7.5000 2621.5854   14.6059
    7.5000   52.5000    7.5000 2608.7905   14.7732
   -7.5000  -37.5000   15.0000 2212.0696   21.9437
    0.0000  -37.5000   15.0000 2230.5999   21.6449
    7.5000  -37.5000   15.0000 2212.4490   21.8657
   -7.5000  -30.0000   15.0000 2338.4082   19.0171
    0.0000  -30.0000   15.0000 2344.1746   18.6606
    7.5000  -30.0000   15.0000 2334.6438   18.8862
   -7.5000  -22.5000   15.0000 2460.5342   16.8935
    0.0000  -22.5000   15.0000 2468.6277   16.5886
    7.5000  -22.5000   15.0000 2457.6907   16.6912
   -7.5000  -15.0000   15.0000 2575.4094   15.3387
    0.0000  -15.0000   15.0000 2587.2566   15.0787
    7.5000  -15.0000   15.0000 2578.9626   15.1244
   -7.5000   -7.5000   15.0000 2685.5466   14.1578
    0.0000   -7.5000   15.0000 2704.4202   13.9294
    7.5000   -7.5000   15.0000 2694.4780   13.9350
   -7.5000    0.0000   15.0000 2785.8408   13.3226
    0.0000    0.0000   15.0000 2803.0588   13.1140
    7.5000    0.0000   15.0000 2790.4255   13.0903
   -7.5000    7.5000   15.0000 2873.7173   12.7043
    0.0000    7.5000   15.0000 2899.5813   12.5664
    7.5000    7.5000   15.0000 2874.9148   12.4983
   -7.5000   15.0000   15.0000 2941.6436   12.3246
    0.0000   15.0000   15.0000 2975.6248   12.1052
    7.5000   15.0000   15.0000 2935.7832   12.0983
   -7.5000   22.5000   15.0000 2957.9929   12.2602
    0.0000   22.5000   15.0000 2999.1240   12.0195
    7.5000   22.5000   15.0000 2950.8608   12.0543
   -7.5000   30.0000   15.0000 2915.7698   12.5851
    0.0000   30.0000   15.0000 2954.1846   12.3788
    7.5000   30.0000   15.0000 2912.8569   12.4590
   -7.5000   37.5000   15.0000 2834.5273   13.1835
    0.0000   37.5000   15.0000 2862.0486   12.9950
    7.5000   37.5000   15.0000 2838.0266   13.1040
   -7.5000   45.0000   15.0000 2726.2988   14.0688
    0.0000   45.0000   15.0000 2746.8289   13.8770
    7.5000   45.0000   15.0000 2735.7273   13.9873
   -7.5000   52.5000   15.0000 2584.6982   15.1227
    0.0000   52.5000   15.0000 2597.7412   14.9342
    7.5000   52.5000   15.0000 2591.6511   15.0993
   -7.5000  -37.5000   22.5000 2173.0190   22.9627
    0.0000  -37.5000   22.5000 2187.0288   22.5690
    7.5000  -37.5000   22.5000 2170.8906   22.7346
   -7.5000  -30.0000   22.5000 2295.1021   19.9528
    0.0000  -30.0000   22.5000 2301.4805   19.5493
    7.5000  -30.0000   22.5000 2289.6885   19.6962
   -7.5000  -22.5000   22.5000 2417.7366   17.6703
    0.0000  -22.5000   22.5000 2428.0818   17.3048
    7.5000  -22.5000   22.5000 2415.6333   17.3757
   -7.5000  -15.0000   22.5000 2531.1792   15.9369
    0.0000  -15.0000   22.5000 2547.6465   15.5941
    7.5000  -15.0000   22.5000 2537.1467   15.6907
   -7.5000   -7.5000   22.5000 2645.4253   14.6542
    0.0000   -7.5000   22.5000 2664.7146   14.3776
    7.5000   -7.5000   22.5000 2658.0466   14.4433
   -7.5000    0.0000   22.5000 2745.8616   13.7746
    0.0000    0.0000   22.5000 2762.9797   13.5585
    7.5000    0.0000   22.5000 2759.1780   13.6059
   -7.5000    7.5000   22.5000 2826.3472   13.1982
    0.0000    7.5000   22.5000 2849.7468   12.9629
    7.5000    7.5000   22.5000 2839.5334   12.9756
   -7.5000   15.0000   22.5000 2874.3860   12.8499
    0.0000   15.0000   22.5000 2907.8635   12.5268
    7.5000   15.0000   22.5000 2885.3906   12.5925
   -7.5000   22.5000   22.5000 2891.3499   12.7869
    0.0000   22.5000   22.5000 2926.4106   12.5050
    7.5000   22.5000   22.5000 2900.2332   12.6092
   -7.5000   30.0000   22.5000 2861.8728   13.0812
    0.0000   30.0000   22.5000 2902.0056   12.8632
    7.5000   30.0000   22.5000 2877.0352   12.9670
   -7.5000   37.5000   22.5000 2787.4216   13.7229
    0.0000   37.5000   22.5000 2815.2810   13.5216
    7.5000   37.5000   22.5000 2799.7312   13.6516
   -7.5000   45.0000   22.5000 2688.8984   14.6209
    0.0000   45.0000   22.5000 2709.4211   14.4235
    7.5000   45.0000   22.5000 2696.6414   14.5432
   -7.5000   52.5000   22.5000 2546.1548   15.6600
    0.0000   52.5000   22.5000 2565.1648   15.4887
    7.5000   52.5000   22.5000 2554.2209   15.6276
   -7.5000  -37.5000   30.0000 2118.5198   23.9292
    0.0000  -37.5000   30.0000 2133.9373   23.5082
    7.5000  -37.5000   30.0000 2119.9583   23.6997
   -7.5000  -30.0000   30.0000 2237.6304   20.8553
    0.0000  -30.0000   30.0000 2253.2141   20.4388
    7.5000  -30.0000   30.0000 2240.9688   20.6105
   -7.5000  -22.5000   30.0000 2357.7551   18.4900
    0.0000  -22.5000   30.0000 2378.0254   18.0912
    7.5000  -22.5000   30.0000 2363.9683   18.2349
   -7.5000  -15.0000   30.0000 2475.6865   16.7044
    0.0000  -15.0000   30.0000 2495.8469   16.3347
    7.5000  -15.0000   30.0000 2487.7129   16.4608
   -7.5000   -7.5000   30.0000 2591.0142   15.4027
    0.0000   -7.5000   30.0000 2612.2915   15.0699
    7.5000   -7.5000   30.0000 2606.4219   15.1553
   -7.5000    0.0000   30.0000 2692.3193   14.4624
    0.0000    0.0000   30.0000 2712.6484   14.1529
    7.5000    0.0000   30.0000 2708.3174   14.2530
   -7.5000    7.5000   30.0000 2769.4255   13.9081
    0.0000    7.5000   30.0000 2794.9253   13.5277
    7.5000    7.5000   30.0000 2786.0083   13.5939
   -7.5000   15.0000   30.0000 2801.5464   13.5360
    0.0000   15.0000   30.0000 2831.7690   13.1734
    7.5000   15.0000   30.0000 2821.4631   13.2760
   -7.5000   22.5000   30.0000 2803.8118   13.5278
    0.0000   22.5000   30.0000 2834.5864   13.2280
    7.5000   22.5000   30.0000 2821.2515   13.3304
   -7.5000   30.0000   30.0000 2779.4998   13.7839
    0.0000   30.0000   30.0000 2815.1003   13.5392
    7.5000   30.0000   30.0000 2796.5657   13.6264
   -7.5000   37.5000   30.0000 2719.7217   14.3847
    0.0000   37.5000   30.0000 2745.5779   14.1385
    7.5000   37.5000   30.0000 2733.8398   14.2798
   -7.5000   45.0000   30.0000 2629.7656   15.2534
    0.0000   45.0000   30.0000 2649.6917   15.0065
    7.5000   45.0000   30.0000 2640.2126   15.1887
   -7.5000   52.5000   30.0000 2491.6829   16.2962
    0.0000   52.5000   30.0000 2515.2947   16.1040
    7.5000   52.5000   30.0000 2504.2791   16.2459
   -7.5000  -37.5000   37.5000 2058.7656   25.1110
    0.0000  -37.5000   37.5000 2075.6980   24.6152
    7.5000  -37.5000   37.5000 2063.9695   24.8403
   -7.5000  -30.0000   37.5000 2178.8396   21.8962
    0.0000  -30.0000   37.5000 2202.4985   21.4394
    7.5000  -30.0000   37.5000 2190.2244   21.6313
   -7.5000  -22.5000   37.5000 2300.0791   19.5022
    0.0000  -22.5000   37.5000 2330.2061   19.0336
    7.5000  -22.5000   37.5000 2312.9143   19.2239
   -7.5000  -15.0000   37.5000 2414.7922   17.6856
    0.0000  -15.0000   37.5000 2440.1394   17.2550
    7.5000  -15.0000   37.5000 2431.6738   17.4292
   -7.5000   -7.5000   37.5000 2522.5610   16.3085
    0.0000   -7.5000   37.5000 2549.0491   15.9261
    7.5000   -7.5000   37.5000 2541.9119   16.0767
   -7.5000    0.0000   37.5000 2620.3855   15.3420
    0.0000    0.0000   37.5000 2649.7107   14.9710
    7.5000    0.0000   37.5000 2638.1953   15.0690
   -7.5000    7.5000   37.5000 2693.4875   14.7413
    0.0000    7.5000   37.5000 2726.9482   14.3285
    7.5000    7.5000   37.5000 2715.0564   14.4113
   -7.5000   15.0000   37.5000 2727.7598   14.3897
    0.0000   15.0000   37.5000 2756.9963   14.0105
    7.5000   15.0000   37.5000 2747.0339   14.1124
   -7.5000   22.5000   37.5000 2719.5378   14.4234
    0.0000   22.5000   37.5000 2747.6440   14.1014
    7.5000   22.5000   37.5000 2738.0989   14.1991
   -7.5000   30.0000   37.5000 2684.9954   14.6689
    0.0000   30.0000   37.5000 2713.5276   14.3934
    7.5000   30.0000   37.5000 2702.6736   14.4921
   -7.5000   37.5000   37.5000 2639.1335   15.1912
    0.0000   37.5000   37.5000 2665.3953   14.8979
    7.5000   37.5000   37.5000 2650.6448   15.0237
   -7.5000   45.0000   37.5000 2558.5623   15.9928
    0.0000   45.0000   37.5000 2580.2712   15.7089
    7.5000   45.0000   37.5000 2566.8835   15.8596
   -7.5000   52.5000   37.5000 2428.6936   17.0181
    0.0000   52.5000   37.5000 2449.5762   16.7675
    7.5000   52.5000   37.5000 2435.9534   16.9134
   -7.5000  -37.5000   45.0000 1985.8092   26.6678
    0.0000  -37.5000   45.0000 2002.6301   26.1436
    7.5000  -37.5000   45.0000 1991.4534   26.3333
   -7.5000  -30.0000   45.0000 2110.6909   23.2123
    0.0000  -30.0000   45.0000 2139.2546   22.6871
    7.5000  -30.0000   45.0000 2127.2334   22.8223
   -7.5000  -22.5000   45.0000 2233.3809   20.6546
    0.0000  -22.5000   45.0000 2268.6296   20.1870
    7.5000  -22.5000   45.0000 2258.0593   20.3386
   -7.5000  -15.0000   45.0000 2345.6357   18.7755
    0.0000  -15.0000   45.0000 2382.4832   18.3675
    7.5000  -15.0000   45.0000 2376.5635   18.5008
   -7.5000   -7.5000   45.0000 2447.5361   17.4256
    0.0000   -7.5000   45.0000 2483.8208   17.0253
    7.5000   -7.5000   45.0000 2476.2720   17.1521
   -7.5000    0.0000   45.0000 2534.9326   16.4562
    0.0000    0.0000   45.0000 2571.7715   16.0268
    7.5000    0.0000   45.0000 2564.3555   16.1358
   -7.5000    7.5000   45.0000 2603.2922   15.7705
    0.0000    7.5000   45.0000 2638.7742   15.3562
    7.5000    7.5000   45.0000 2627.1663   15.4595
   -7.5000   15.0000   45.0000 2634.4995   15.3951
    0.0000   15.0000   45.0000 2661.2825   15.0310
    7.5000   15.0000   45.0000 2656.9270   15.1075
   -7.5000   22.5000   45.0000 2631.4214   15.4042
    0.0000   22.5000   45.0000 2653.6543   15.0987
    7.5000   22.5000   45.0000 2652.2205   15.1831
   -7.5000   30.0000   45.0000 2599.8218   15.6799
    0.0000   30.0000   45.0000 2619.7590   15.4018
    7.5000   30.0000   45.0000 2615.5991   15.5116
   -7.5000   37.5000   45.0000 2541.0083   16.2056
    0.0000   37.5000   45.0000 2572.9370   15.9054
    7.5000   37.5000   45.0000 2563.2717   16.0120
   -7.5000   45.0000   45.0000 2471.4753   16.9584
    0.0000   45.0000   45.0000 2497.5417   16.6420
    7.5000   45.0000   45.0000 2488.6340   16.7415
   -7.5000   52.5000   45.0000 2350.1472   17.9191
    0.0000   52.5000   45.0000 2370.4238   17.6217
    7.5000   52.5000   45.0000 2362.0664   17.7257

---------------------------------------------------------------------
imgreg_4dfp /opt/freesurfer/average/711-2C_as_mni_average_305 /opt/freesurfer/average/711-2B_as_mni_average_305_mask talsrcimg_g11 none talsrcimg_to_711-2C_as_mni_average_305_t4 1283
---------------------------------------------------------------------

freesurfer imgreg_4dfp.c
/opt/freesurfer/average/711-2C_as_mni_average_305.4dfp.img
       256       256       256         1
  1.000000  1.000000  1.000000
orientation T byte_order littleendian
Reading image: /opt/freesurfer/average/711-2C_as_mni_average_305.4dfp.img
dimensions:      256       256       256
mmppix:       1.0000   -1.0000   -1.0000
center:     128.0000 -129.0000 -129.0000
/opt/freesurfer/average/711-2B_as_mni_average_305_mask.4dfp.img
       256       256       256         1
  1.000000  1.000000  1.000000
orientation T byte_order littleendian
Reading mask: /opt/freesurfer/average/711-2B_as_mni_average_305_mask.4dfp.img (2306576 pixels)
talsrcimg_g11.4dfp.img
       256       256       256         1
  1.000000  1.000000  1.000000
orientation T byte_order littleendian
Reading image: talsrcimg_g11.4dfp.img
dimensions:      256       256       256
mmppix:       1.0000   -1.0000   -1.0000
center:     128.0000 -129.0000 -129.0000
rotation matrix determinant  1.000000
fimgreg.f
image alignment mode   1283 decimal      503 hex
parameters
    0.0000   22.5000    7.5000    0.0000    0.0000    0.0000
eta,q 0.95407 11.85056
niter,ni,del,rscale     5    3   12.0000    1.2000
parameter  2  0.613868 ->  0.500000 qaram    1.1500
parameter  4  1.851555 ->  0.500000 qaram    1.1500
parameter  5  0.768067 ->  0.500000 qaram    1.1500
parameters
   -0.6861   19.0500    4.8751   -3.4500   -3.4500   -0.6537
eta,q 0.96563 12.03573
  0.0597  0.0457  0.0468  0.0384  0.0365  0.0397
  0.0531  0.0453  0.0439  0.0391  0.0345  0.0366
  0.0483  0.0454  0.0441  0.0408  0.0356  0.0346
  0.0474  0.0469  0.0455  0.0441  0.0394  0.0345
  0.0508  0.0515  0.0487  0.0469  0.0453  0.0359
  0.0579  0.0569  0.0528  0.0499  0.0510  0.0386
  0.0668  0.0632  0.0579  0.0535  0.0573  0.0423
niter,ni,del,rscale     7    3   12.0000    1.2000
parameters
   -0.2341   19.9643    4.4450   -6.2634   -3.9227   -0.8205
eta,q 0.96726 12.03856
  0.0576  0.0530  0.0461  0.0350  0.0428  0.0387
  0.0479  0.0457  0.0378  0.0337  0.0381  0.0352
  0.0385  0.0389  0.0330  0.0325  0.0342  0.0331
  0.0344  0.0341  0.0334  0.0330  0.0327  0.0328
  0.0353  0.0340  0.0367  0.0366  0.0350  0.0338
  0.0421  0.0389  0.0418  0.0425  0.0396  0.0358
  0.0528  0.0465  0.0484  0.0472  0.0464  0.0391
niter,ni,del,rscale     6    3   12.0000    1.2000
parameters
   -0.0571   20.7006    4.2571   -6.6078   -4.0667   -0.6576
eta,q 0.96768 12.00935
  0.0542  0.0521  0.0451  0.0390  0.0432  0.0390
  0.0434  0.0433  0.0372  0.0348  0.0382  0.0354
  0.0354  0.0362  0.0326  0.0331  0.0342  0.0330
  0.0327  0.0327  0.0323  0.0322  0.0323  0.0323
  0.0350  0.0324  0.0348  0.0324  0.0340  0.0331
  0.0419  0.0372  0.0392  0.0357  0.0382  0.0349
  0.0517  0.0464  0.0456  0.0411  0.0448  0.0382
niter,ni,del,rscale     5    3   12.0000    1.2000
parameters
    0.0319   20.7950    4.1894   -6.6113   -4.1563   -0.6119
eta,q 0.96775 12.00537
  0.0534  0.0494  0.0455  0.0396  0.0432  0.0387
  0.0427  0.0410  0.0375  0.0354  0.0382  0.0351
  0.0348  0.0348  0.0328  0.0332  0.0342  0.0328
  0.0323  0.0323  0.0323  0.0322  0.0322  0.0322
  0.0348  0.0331  0.0345  0.0323  0.0338  0.0331
  0.0420  0.0398  0.0388  0.0351  0.0379  0.0350
  0.0520  0.0493  0.0450  0.0401  0.0445  0.0384
niter,ni,del,rscale     4    3   12.0000    1.2000
parameters
    0.0613   20.7975    4.1779   -6.5984   -4.1846   -0.6018
eta,q 0.96775 12.00534
  0.0531  0.0489  0.0457  0.0397  0.0434  0.0386
  0.0424  0.0407  0.0377  0.0354  0.0383  0.0351
  0.0346  0.0346  0.0329  0.0332  0.0343  0.0328
  0.0323  0.0323  0.0323  0.0323  0.0322  0.0323
  0.0349  0.0333  0.0344  0.0323  0.0337  0.0331
  0.0423  0.0402  0.0386  0.0351  0.0377  0.0350
  0.0525  0.0496  0.0448  0.0401  0.0442  0.0385
registration optimization eta report
parameter search radius
    6.0000    6.9000    6.0000    6.9000    6.9000    6.0000
100000*second partial in parameter space
       57.       36.       36.       17.       24.       17.
  0.0531  0.0489  0.0457  0.0397  0.0434  0.0386
  0.0424  0.0407  0.0377  0.0354  0.0383  0.0351
  0.0346  0.0346  0.0329  0.0332  0.0343  0.0328
  0.0323  0.0323  0.0323  0.0323  0.0322  0.0323
  0.0349  0.0333  0.0344  0.0323  0.0337  0.0331
  0.0423  0.0402  0.0386  0.0351  0.0377  0.0350
  0.0525  0.0496  0.0448  0.0401  0.0442  0.0385
    0.0613   20.7975    4.1779   -6.5984   -4.1846   -0.6018
eta,q 0.96775 12.00534

---------------------------------------------------------------------
imgreg_4dfp /opt/freesurfer/average/711-2C_as_mni_average_305 /opt/freesurfer/average/711-2B_as_mni_average_305_mask talsrcimg_g11 none talsrcimg_to_711-2C_as_mni_average_305_t4 3335
---------------------------------------------------------------------

freesurfer imgreg_4dfp.c
/opt/freesurfer/average/711-2C_as_mni_average_305.4dfp.img
       256       256       256         1
  1.000000  1.000000  1.000000
orientation T byte_order littleendian
Reading image: /opt/freesurfer/average/711-2C_as_mni_average_305.4dfp.img
dimensions:      256       256       256
mmppix:       1.0000   -1.0000   -1.0000
center:     128.0000 -129.0000 -129.0000
/opt/freesurfer/average/711-2B_as_mni_average_305_mask.4dfp.img
       256       256       256         1
  1.000000  1.000000  1.000000
orientation T byte_order littleendian
Reading mask: /opt/freesurfer/average/711-2B_as_mni_average_305_mask.4dfp.img (2306576 pixels)
talsrcimg_g11.4dfp.img
       256       256       256         1
  1.000000  1.000000  1.000000
orientation T byte_order littleendian
Reading image: talsrcimg_g11.4dfp.img
dimensions:      256       256       256
mmppix:       1.0000   -1.0000   -1.0000
center:     128.0000 -129.0000 -129.0000
fimgreg.f
image alignment mode   3335 decimal      D07 hex
parameters
    0.0613   20.7975    4.1779   -0.2721   -0.6591   -0.9272
    0.2049    7.3690   -1.0475   11.4142   -7.2970  -11.4603
eta,q 0.96961 12.00272
niter,ni,del,rscale     5    3    5.0000    1.2000
parameter  4  0.938184 ->  0.500000 qaram    1.1500
parameter  5  1.286999 ->  0.500000 qaram    1.1500
parameter 11 -0.655825 -> -0.500000 qaram    1.1500
parameters
   -0.1860   20.6117    4.2365   -4.4121   -4.7991   -1.8537
    1.3748    8.3042    1.2085   11.3787   -3.1570   -9.3870
eta,q 0.97587 11.85345
  0.0334  0.0324  0.0327  0.0275  0.0242  0.0287  0.0295  0.0329  0.0284  0.0283  0.0284  0.0262
  0.0316  0.0312  0.0314  0.0273  0.0246  0.0272  0.0273  0.0290  0.0269  0.0264  0.0268  0.0252
  0.0305  0.0305  0.0306  0.0282  0.0257  0.0258  0.0258  0.0261  0.0257  0.0252  0.0255  0.0246
  0.0304  0.0303  0.0303  0.0303  0.0274  0.0248  0.0251  0.0250  0.0250  0.0248  0.0248  0.0242
  0.0311  0.0307  0.0306  0.0332  0.0296  0.0254  0.0251  0.0254  0.0248  0.0252  0.0244  0.0241
  0.0326  0.0317  0.0313  0.0365  0.0320  0.0284  0.0258  0.0270  0.0251  0.0264  0.0242  0.0243
  0.0350  0.0332  0.0325  0.0401  0.0348  0.0325  0.0274  0.0295  0.0258  0.0283  0.0242  0.0247
niter,ni,del,rscale     7    3    5.0000    1.2000
parameters
   -0.0131   21.0566    4.0243   -5.0956   -8.0635   -0.3643
    1.6341    7.9076    1.2321   10.8997   -1.5341   -9.9588
eta,q 0.97736 11.73380
  0.0286  0.0282  0.0254  0.0266  0.0250  0.0279  0.0260  0.0283  0.0248  0.0256  0.0252  0.0237
  0.0262  0.0262  0.0245  0.0256  0.0240  0.0264  0.0243  0.0248  0.0237  0.0238  0.0238  0.0231
  0.0247  0.0248  0.0241  0.0248  0.0236  0.0251  0.0231  0.0229  0.0229  0.0229  0.0230  0.0227
  0.0241  0.0241  0.0240  0.0240  0.0242  0.0236  0.0227  0.0227  0.0227  0.0227  0.0227  0.0226
  0.0244  0.0241  0.0243  0.0240  0.0255  0.0224  0.0230  0.0237  0.0229  0.0232  0.0227  0.0229
  0.0255  0.0247  0.0249  0.0257  0.0275  0.0233  0.0240  0.0260  0.0237  0.0245  0.0230  0.0234
  0.0275  0.0260  0.0260  0.0287  0.0299  0.0262  0.0256  0.0293  0.0248  0.0264  0.0236  0.0241
niter,ni,del,rscale     6    3    5.0000    1.2000
parameters
   -0.0698   21.2441    4.1611   -4.8966   -8.4965   -0.4582
    1.6014    7.5486    0.7764   10.8952   -1.2217  -10.2004
eta,q 0.97741 11.71716
  0.0263  0.0262  0.0251  0.0258  0.0256  0.0269  0.0256  0.0280  0.0245  0.0258  0.0244  0.0238
  0.0242  0.0243  0.0238  0.0244  0.0240  0.0254  0.0239  0.0247  0.0234  0.0240  0.0232  0.0231
  0.0230  0.0231  0.0229  0.0235  0.0230  0.0241  0.0229  0.0229  0.0227  0.0229  0.0227  0.0227
  0.0226  0.0226  0.0226  0.0226  0.0226  0.0226  0.0226  0.0226  0.0226  0.0226  0.0226  0.0226
  0.0231  0.0229  0.0228  0.0222  0.0230  0.0223  0.0230  0.0235  0.0230  0.0230  0.0228  0.0228
  0.0245  0.0237  0.0235  0.0235  0.0244  0.0245  0.0240  0.0256  0.0238  0.0241  0.0232  0.0232
  0.0266  0.0252  0.0245  0.0263  0.0264  0.0284  0.0257  0.0290  0.0250  0.0257  0.0240  0.0239
niter,ni,del,rscale     5    3    5.0000    1.2000
parameters
   -0.0758   21.2969    4.2159   -4.8760   -8.5197   -0.4323
    1.5822    7.4750    0.6712   10.9006   -1.1507  -10.2897
eta,q 0.97743 11.71603
  0.0264  0.0258  0.0248  0.0256  0.0259  0.0269  0.0256  0.0284  0.0246  0.0258  0.0242  0.0238
  0.0243  0.0240  0.0236  0.0243  0.0242  0.0254  0.0239  0.0250  0.0235  0.0240  0.0232  0.0231
  0.0230  0.0229  0.0229  0.0235  0.0231  0.0241  0.0229  0.0230  0.0228  0.0228  0.0227  0.0227
  0.0226  0.0226  0.0226  0.0226  0.0226  0.0226  0.0226  0.0226  0.0226  0.0226  0.0226  0.0226
  0.0230  0.0229  0.0228  0.0223  0.0229  0.0222  0.0229  0.0233  0.0228  0.0230  0.0228  0.0227
  0.0243  0.0239  0.0235  0.0236  0.0241  0.0244  0.0240  0.0252  0.0236  0.0240  0.0233  0.0232
  0.0264  0.0254  0.0246  0.0264  0.0261  0.0281  0.0256  0.0285  0.0247  0.0257  0.0240  0.0238
niter,ni,del,rscale     4    3    5.0000    1.2000
parameters
   -0.0750   21.2979    4.2200   -4.8918   -8.5160   -0.4254
    1.5839    7.4571    0.6482   10.9101   -1.1296  -10.3029
eta,q 0.97744 11.71578
  0.0264  0.0256  0.0247  0.0256  0.0259  0.0269  0.0256  0.0285  0.0247  0.0258  0.0242  0.0238
  0.0243  0.0239  0.0235  0.0243  0.0242  0.0254  0.0239  0.0250  0.0235  0.0240  0.0231  0.0231
  0.0230  0.0229  0.0228  0.0234  0.0231  0.0241  0.0229  0.0230  0.0228  0.0228  0.0227  0.0227
  0.0226  0.0226  0.0226  0.0226  0.0226  0.0226  0.0226  0.0226  0.0226  0.0226  0.0226  0.0226
  0.0230  0.0230  0.0228  0.0223  0.0229  0.0222  0.0229  0.0232  0.0228  0.0230  0.0228  0.0227
  0.0243  0.0240  0.0235  0.0236  0.0241  0.0244  0.0240  0.0252  0.0236  0.0240  0.0233  0.0231
  0.0264  0.0256  0.0247  0.0265  0.0260  0.0281  0.0256  0.0284  0.0247  0.0257  0.0241  0.0238
registration optimization eta report
parameter search radius
    2.4000    2.4000    2.4000    8.2800    8.2800    7.2000
    7.2000    7.2000    7.2000    7.2000    8.2800    7.2000
100000*second partial in parameter space
       67.       52.       37.        5.        5.        9.
        6.       11.        4.        6.        2.        2.
  0.0264  0.0256  0.0247  0.0256  0.0259  0.0269  0.0256  0.0285  0.0247  0.0258  0.0242  0.0238
  0.0243  0.0239  0.0235  0.0243  0.0242  0.0254  0.0239  0.0250  0.0235  0.0240  0.0231  0.0231
  0.0230  0.0229  0.0228  0.0234  0.0231  0.0241  0.0229  0.0230  0.0228  0.0228  0.0227  0.0227
  0.0226  0.0226  0.0226  0.0226  0.0226  0.0226  0.0226  0.0226  0.0226  0.0226  0.0226  0.0226
  0.0230  0.0230  0.0228  0.0223  0.0229  0.0222  0.0229  0.0232  0.0228  0.0230  0.0228  0.0227
  0.0243  0.0240  0.0235  0.0236  0.0241  0.0244  0.0240  0.0252  0.0236  0.0240  0.0233  0.0231
  0.0264  0.0256  0.0247  0.0265  0.0260  0.0281  0.0256  0.0284  0.0247  0.0257  0.0241  0.0238
   -0.0750   21.2979    4.2200   -4.8918   -8.5160   -0.4254
    1.5839    7.4571    0.6482   10.9101   -1.1296  -10.3029
eta,q 0.97744 11.71578

---------------------------------------------------------------------
imgreg_4dfp /opt/freesurfer/average/711-2C_as_mni_average_305 /opt/freesurfer/average/711-2B_as_mni_average_305_mask talsrcimg_g11 none talsrcimg_to_711-2C_as_mni_average_305_t4 2311
---------------------------------------------------------------------

freesurfer imgreg_4dfp.c
/opt/freesurfer/average/711-2C_as_mni_average_305.4dfp.img
       256       256       256         1
  1.000000  1.000000  1.000000
orientation T byte_order littleendian
Reading image: /opt/freesurfer/average/711-2C_as_mni_average_305.4dfp.img
dimensions:      256       256       256
mmppix:       1.0000   -1.0000   -1.0000
center:     128.0000 -129.0000 -129.0000
/opt/freesurfer/average/711-2B_as_mni_average_305_mask.4dfp.img
       256       256       256         1
  1.000000  1.000000  1.000000
orientation T byte_order littleendian
Reading mask: /opt/freesurfer/average/711-2B_as_mni_average_305_mask.4dfp.img (2306576 pixels)
talsrcimg_g11.4dfp.img
       256       256       256         1
  1.000000  1.000000  1.000000
orientation T byte_order littleendian
Reading image: talsrcimg_g11.4dfp.img
dimensions:      256       256       256
mmppix:       1.0000   -1.0000   -1.0000
center:     128.0000 -129.0000 -129.0000
fimgreg.f
image alignment mode   2311 decimal      907 hex
parameters
   -0.0750   21.2979    4.2200   -4.8918   -8.5160   -0.4254
    1.5839    7.4571    0.6482   10.9101   -1.1296  -10.3029
eta,q 0.97743 11.71578
niter,ni,del,rscale     5    3    5.0000    0.8000
parameters
   -0.0814   21.2667    4.2049   -3.2794   -8.4364    0.0370
    1.3481    7.6166    0.5975   10.9865   -0.8052  -10.3150
eta,q 0.97798 11.78763
  0.0242  0.0239  0.0235  0.0241  0.0235  0.0252  0.0234  0.0256  0.0231  0.0237  0.0230  0.0227
  0.0233  0.0231  0.0230  0.0236  0.0229  0.0242  0.0226  0.0236  0.0225  0.0228  0.0225  0.0223
  0.0227  0.0227  0.0227  0.0231  0.0224  0.0232  0.0221  0.0224  0.0221  0.0222  0.0221  0.0221
  0.0226  0.0226  0.0226  0.0226  0.0222  0.0222  0.0220  0.0220  0.0220  0.0220  0.0220  0.0220
  0.0228  0.0228  0.0227  0.0222  0.0223  0.0219  0.0222  0.0223  0.0222  0.0222  0.0221  0.0221
  0.0233  0.0232  0.0230  0.0223  0.0228  0.0229  0.0228  0.0234  0.0225  0.0228  0.0223  0.0223
  0.0243  0.0240  0.0235  0.0231  0.0235  0.0249  0.0237  0.0251  0.0231  0.0236  0.0227  0.0227
niter,ni,del,rscale     4    3    5.0000    0.7000
parameters
   -0.1054   21.1583    4.1546   -3.4338   -8.2986    0.3114
    1.4438    7.5409    0.5408   10.9180   -0.7047  -10.2674
eta,q 0.97808 11.79478
  0.0235  0.0230  0.0229  0.0232  0.0231  0.0247  0.0231  0.0245  0.0228  0.0232  0.0226  0.0225
  0.0227  0.0224  0.0224  0.0228  0.0226  0.0238  0.0225  0.0230  0.0223  0.0224  0.0222  0.0222
  0.0222  0.0221  0.0221  0.0223  0.0222  0.0228  0.0221  0.0221  0.0220  0.0220  0.0220  0.0220
  0.0220  0.0220  0.0220  0.0220  0.0220  0.0220  0.0219  0.0219  0.0219  0.0219  0.0219  0.0219
  0.0222  0.0222  0.0221  0.0221  0.0221  0.0219  0.0220  0.0223  0.0220  0.0221  0.0220  0.0220
  0.0228  0.0226  0.0225  0.0227  0.0224  0.0228  0.0224  0.0232  0.0223  0.0225  0.0222  0.0222
  0.0236  0.0233  0.0230  0.0237  0.0230  0.0245  0.0230  0.0247  0.0228  0.0232  0.0226  0.0225
niter,ni,del,rscale     3    3    5.0000    0.6000
parameters
   -0.1210   21.1126    4.1394   -3.4039   -8.2795    0.4705
    1.4521    7.5111    0.5086   10.8671   -0.6472  -10.2210
eta,q 0.97813 11.79891
  0.0230  0.0227  0.0226  0.0229  0.0227  0.0241  0.0227  0.0239  0.0225  0.0228  0.0224  0.0223
  0.0224  0.0222  0.0222  0.0225  0.0223  0.0233  0.0222  0.0227  0.0222  0.0223  0.0221  0.0221
  0.0220  0.0220  0.0220  0.0222  0.0220  0.0225  0.0220  0.0221  0.0219  0.0220  0.0219  0.0219
  0.0219  0.0219  0.0219  0.0219  0.0219  0.0219  0.0219  0.0219  0.0219  0.0219  0.0219  0.0219
  0.0221  0.0220  0.0220  0.0219  0.0220  0.0219  0.0219  0.0221  0.0219  0.0220  0.0219  0.0219
  0.0225  0.0223  0.0223  0.0223  0.0222  0.0227  0.0222  0.0228  0.0222  0.0223  0.0221  0.0220
  0.0231  0.0228  0.0227  0.0231  0.0227  0.0241  0.0227  0.0239  0.0225  0.0229  0.0224  0.0223
niter,ni,del,rscale     2    3    5.0000    0.5000
parameters
   -0.1278   21.0820    4.1361   -3.3221   -8.2688    0.5993
    1.4634    7.4954    0.4800   10.8347   -0.5849  -10.1961
eta,q 0.97817 11.80311
  0.0227  0.0224  0.0224  0.0227  0.0224  0.0236  0.0224  0.0233  0.0223  0.0225  0.0222  0.0221
  0.0222  0.0221  0.0221  0.0223  0.0221  0.0229  0.0221  0.0225  0.0220  0.0221  0.0220  0.0220
  0.0220  0.0219  0.0219  0.0220  0.0219  0.0223  0.0219  0.0220  0.0219  0.0219  0.0219  0.0219
  0.0219  0.0219  0.0219  0.0219  0.0219  0.0219  0.0218  0.0218  0.0218  0.0218  0.0218  0.0218
  0.0220  0.0219  0.0219  0.0219  0.0219  0.0219  0.0219  0.0220  0.0219  0.0219  0.0219  0.0219
  0.0222  0.0222  0.0221  0.0222  0.0221  0.0225  0.0221  0.0225  0.0220  0.0222  0.0220  0.0220
  0.0227  0.0225  0.0224  0.0227  0.0224  0.0236  0.0224  0.0233  0.0223  0.0225  0.0222  0.0221
niter,ni,del,rscale     1    3    5.0000    0.4000
parameters
   -0.1333   21.0587    4.1362   -3.2509   -8.2635    0.7103
    1.4674    7.4747    0.4600   10.8007   -0.5254  -10.1637
eta,q 0.97820 11.80608
  0.0223  0.0222  0.0222  0.0224  0.0222  0.0231  0.0222  0.0228  0.0221  0.0222  0.0221  0.0220
  0.0221  0.0220  0.0220  0.0221  0.0220  0.0225  0.0220  0.0222  0.0219  0.0220  0.0219  0.0219
  0.0219  0.0219  0.0219  0.0219  0.0219  0.0221  0.0218  0.0219  0.0218  0.0218  0.0218  0.0218
  0.0218  0.0218  0.0218  0.0218  0.0218  0.0218  0.0218  0.0218  0.0218  0.0218  0.0218  0.0218
  0.0219  0.0219  0.0219  0.0219  0.0219  0.0218  0.0218  0.0219  0.0218  0.0219  0.0218  0.0218
  0.0221  0.0220  0.0220  0.0220  0.0220  0.0222  0.0220  0.0222  0.0219  0.0220  0.0219  0.0219
  0.0224  0.0222  0.0222  0.0224  0.0222  0.0230  0.0222  0.0228  0.0221  0.0223  0.0220  0.0220
registration optimization eta report
parameter search radius
    0.8000    0.8000    0.8000    2.4000    2.4000    2.4000
    2.4000    2.4000    2.4000    2.4000    2.4000    2.4000
100000*second partial in parameter space
       83.       60.       55.       10.        6.       21.
        7.       17.        5.        8.        5.        4.
  0.0223  0.0222  0.0222  0.0224  0.0222  0.0231  0.0222  0.0228  0.0221  0.0222  0.0221  0.0220
  0.0221  0.0220  0.0220  0.0221  0.0220  0.0225  0.0220  0.0222  0.0219  0.0220  0.0219  0.0219
  0.0219  0.0219  0.0219  0.0219  0.0219  0.0221  0.0218  0.0219  0.0218  0.0218  0.0218  0.0218
  0.0218  0.0218  0.0218  0.0218  0.0218  0.0218  0.0218  0.0218  0.0218  0.0218  0.0218  0.0218
  0.0219  0.0219  0.0219  0.0219  0.0219  0.0218  0.0218  0.0219  0.0218  0.0219  0.0218  0.0218
  0.0221  0.0220  0.0220  0.0220  0.0220  0.0222  0.0220  0.0222  0.0219  0.0220  0.0219  0.0219
  0.0224  0.0222  0.0222  0.0224  0.0222  0.0230  0.0222  0.0228  0.0221  0.0223  0.0220  0.0220
   -0.1333   21.0587    4.1362   -3.2509   -8.2635    0.7103
    1.4674    7.4747    0.4600   10.8007   -0.5254  -10.1637
eta,q 0.97820 11.80608

---------------------------------------------------------------------
imgreg_4dfp /opt/freesurfer/average/711-2C_as_mni_average_305 /opt/freesurfer/average/711-2B_as_mni_average_305_mask talsrcimg_g11 none talsrcimg_to_711-2C_as_mni_average_305_t4 2311
---------------------------------------------------------------------

freesurfer imgreg_4dfp.c
/opt/freesurfer/average/711-2C_as_mni_average_305.4dfp.img
       256       256       256         1
  1.000000  1.000000  1.000000
orientation T byte_order littleendian
Reading image: /opt/freesurfer/average/711-2C_as_mni_average_305.4dfp.img
dimensions:      256       256       256
mmppix:       1.0000   -1.0000   -1.0000
center:     128.0000 -129.0000 -129.0000
/opt/freesurfer/average/711-2B_as_mni_average_305_mask.4dfp.img
       256       256       256         1
  1.000000  1.000000  1.000000
orientation T byte_order littleendian
Reading mask: /opt/freesurfer/average/711-2B_as_mni_average_305_mask.4dfp.img (2306576 pixels)
talsrcimg_g11.4dfp.img
       256       256       256         1
  1.000000  1.000000  1.000000
orientation T byte_order littleendian
Reading image: talsrcimg_g11.4dfp.img
dimensions:      256       256       256
mmppix:       1.0000   -1.0000   -1.0000
center:     128.0000 -129.0000 -129.0000
fimgreg.f
image alignment mode   2311 decimal      907 hex
parameters
   -0.1333   21.0587    4.1362   -3.2509   -8.2635    0.7103
    1.4674    7.4747    0.4600   10.8007   -0.5254  -10.1637
eta,q 0.97820 11.80608
niter,ni,del,rscale     5    3    5.0000    0.8000
parameters
   -0.1322   21.0626    4.1874   -3.8598   -8.3411    0.3909
    1.5258    7.4321    0.4674   10.7763   -0.6969  -10.2242
eta,q 0.97806 11.78160
  0.0239  0.0233  0.0233  0.0231  0.0231  0.0247  0.0235  0.0252  0.0231  0.0236  0.0227  0.0226
  0.0228  0.0225  0.0225  0.0226  0.0225  0.0237  0.0226  0.0233  0.0225  0.0227  0.0223  0.0222
  0.0220  0.0220  0.0220  0.0221  0.0220  0.0226  0.0221  0.0222  0.0221  0.0221  0.0220  0.0220
  0.0218  0.0218  0.0218  0.0218  0.0219  0.0219  0.0220  0.0220  0.0219  0.0219  0.0219  0.0219
  0.0220  0.0220  0.0220  0.0221  0.0220  0.0223  0.0221  0.0224  0.0221  0.0222  0.0221  0.0220
  0.0228  0.0225  0.0224  0.0230  0.0225  0.0239  0.0226  0.0235  0.0225  0.0227  0.0224  0.0223
  0.0239  0.0233  0.0231  0.0245  0.0233  0.0260  0.0234  0.0253  0.0230  0.0236  0.0228  0.0227
niter,ni,del,rscale     4    3    5.0000    0.7000
parameters
   -0.1230   21.1159    4.1513   -3.6520   -8.3126    0.3892
    1.4678    7.4813    0.4860   10.8416   -0.7027  -10.2518
eta,q 0.97809 11.78922
  0.0235  0.0232  0.0229  0.0232  0.0229  0.0245  0.0230  0.0246  0.0228  0.0233  0.0226  0.0224
  0.0226  0.0225  0.0223  0.0228  0.0224  0.0236  0.0224  0.0231  0.0223  0.0225  0.0222  0.0222
  0.0221  0.0221  0.0220  0.0223  0.0221  0.0226  0.0220  0.0222  0.0220  0.0221  0.0220  0.0220
  0.0219  0.0219  0.0219  0.0219  0.0219  0.0219  0.0219  0.0219  0.0219  0.0219  0.0219  0.0219
  0.0221  0.0221  0.0221  0.0219  0.0220  0.0220  0.0220  0.0222  0.0220  0.0221  0.0220  0.0220
  0.0226  0.0224  0.0224  0.0223  0.0224  0.0232  0.0224  0.0231  0.0223  0.0225  0.0222  0.0222
  0.0234  0.0230  0.0230  0.0232  0.0230  0.0249  0.0231  0.0245  0.0228  0.0232  0.0226  0.0225
niter,ni,del,rscale     3    3    5.0000    0.6000
parameters
   -0.1238   21.1081    4.1431   -3.4572   -8.2846    0.4841
    1.4589    7.5007    0.4922   10.8481   -0.6396  -10.2222
eta,q 0.97814 11.79730
  0.0231  0.0228  0.0227  0.0230  0.0227  0.0241  0.0227  0.0239  0.0225  0.0229  0.0224  0.0223
  0.0224  0.0223  0.0222  0.0226  0.0223  0.0232  0.0222  0.0228  0.0222  0.0223  0.0221  0.0221
  0.0220  0.0220  0.0220  0.0222  0.0220  0.0224  0.0220  0.0221  0.0219  0.0220  0.0219  0.0219
  0.0219  0.0219  0.0219  0.0219  0.0219  0.0219  0.0219  0.0219  0.0219  0.0219  0.0219  0.0219
  0.0220  0.0220  0.0220  0.0219  0.0220  0.0219  0.0219  0.0221  0.0219  0.0220  0.0219  0.0219
  0.0224  0.0223  0.0223  0.0222  0.0222  0.0228  0.0222  0.0228  0.0222  0.0223  0.0221  0.0220
  0.0231  0.0228  0.0227  0.0229  0.0227  0.0242  0.0227  0.0238  0.0225  0.0228  0.0224  0.0223
niter,ni,del,rscale     2    3    5.0000    0.5000
parameters
   -0.1280   21.0826    4.1339   -3.3350   -8.2706    0.6009
    1.4627    7.4923    0.4773   10.8304   -0.5823  -10.1947
eta,q 0.97818 11.80264
  0.0227  0.0224  0.0224  0.0227  0.0224  0.0236  0.0224  0.0233  0.0223  0.0225  0.0222  0.0221
  0.0222  0.0221  0.0221  0.0223  0.0221  0.0229  0.0221  0.0225  0.0220  0.0221  0.0220  0.0220
  0.0220  0.0219  0.0219  0.0220  0.0219  0.0223  0.0219  0.0220  0.0219  0.0219  0.0219  0.0219
  0.0219  0.0219  0.0219  0.0219  0.0219  0.0219  0.0218  0.0218  0.0218  0.0218  0.0218  0.0218
  0.0220  0.0219  0.0219  0.0219  0.0219  0.0219  0.0219  0.0220  0.0219  0.0219  0.0219  0.0219
  0.0222  0.0222  0.0221  0.0221  0.0221  0.0225  0.0221  0.0225  0.0220  0.0222  0.0220  0.0220
  0.0227  0.0225  0.0224  0.0227  0.0224  0.0236  0.0224  0.0233  0.0223  0.0225  0.0222  0.0221
niter,ni,del,rscale     1    3    5.0000    0.4000
parameters
   -0.1324   21.0586    4.1353   -3.2522   -8.2665    0.7098
    1.4654    7.4717    0.4622   10.8031   -0.5238  -10.1637
eta,q 0.97820 11.80596
  0.0224  0.0222  0.0222  0.0224  0.0222  0.0231  0.0222  0.0228  0.0221  0.0223  0.0221  0.0220
  0.0221  0.0220  0.0220  0.0221  0.0220  0.0225  0.0220  0.0222  0.0219  0.0220  0.0219  0.0219
  0.0219  0.0219  0.0219  0.0219  0.0219  0.0221  0.0218  0.0219  0.0218  0.0218  0.0218  0.0218
  0.0218  0.0218  0.0218  0.0218  0.0218  0.0218  0.0218  0.0218  0.0218  0.0218  0.0218  0.0218
  0.0219  0.0219  0.0219  0.0219  0.0219  0.0219  0.0218  0.0219  0.0218  0.0219  0.0218  0.0218
  0.0221  0.0220  0.0220  0.0220  0.0220  0.0222  0.0220  0.0223  0.0219  0.0220  0.0219  0.0219
  0.0224  0.0222  0.0222  0.0224  0.0222  0.0230  0.0222  0.0228  0.0221  0.0223  0.0220  0.0220
registration optimization eta report
parameter search radius
    0.8000    0.8000    0.8000    2.4000    2.4000    2.4000
    2.4000    2.4000    2.4000    2.4000    2.4000    2.4000
100000*second partial in parameter space
       83.       61.       55.       10.        6.       21.
        7.       17.        5.        8.        5.        4.
  0.0224  0.0222  0.0222  0.0224  0.0222  0.0231  0.0222  0.0228  0.0221  0.0223  0.0221  0.0220
  0.0221  0.0220  0.0220  0.0221  0.0220  0.0225  0.0220  0.0222  0.0219  0.0220  0.0219  0.0219
  0.0219  0.0219  0.0219  0.0219  0.0219  0.0221  0.0218  0.0219  0.0218  0.0218  0.0218  0.0218
  0.0218  0.0218  0.0218  0.0218  0.0218  0.0218  0.0218  0.0218  0.0218  0.0218  0.0218  0.0218
  0.0219  0.0219  0.0219  0.0219  0.0219  0.0219  0.0218  0.0219  0.0218  0.0219  0.0218  0.0218
  0.0221  0.0220  0.0220  0.0220  0.0220  0.0222  0.0220  0.0223  0.0219  0.0220  0.0219  0.0219
  0.0224  0.0222  0.0222  0.0224  0.0222  0.0230  0.0222  0.0228  0.0221  0.0223  0.0220  0.0220
   -0.1324   21.0586    4.1353   -3.2522   -8.2665    0.7098
    1.4654    7.4717    0.4622   10.8031   -0.5238  -10.1637
eta,q 0.97820 11.80596

---------------------------------------------------------------------
compute_vox2vox talsrcimg talsrcimg_to_711-2C_as_mni_average_305_t4 /opt/freesurfer/average/711-2C_as_mni_average_305
---------------------------------------------------------------------

freesurfer compute_vox2vox.c
Reading: talsrcimg.4dfp.ifh
Reading: talsrcimg_to_711-2C_as_mni_average_305_t4
Reading: /opt/freesurfer/average/711-2C_as_mni_average_305.4dfp.ifh
Writing: talsrcimg_to_711-2C_as_mni_average_305_t4_vox2vox.txt

start time Wed Mar 11 01:50:04 CET 2026
end		time Wed Mar 11 01:50:17 CET 2026

mpr2mni305 success

avi2talxfm orig_nu.mgz /opt/freesurfer/average/mni305.cor.mgz talsrcimg_to_711-2C_as_mni_average_305_t4_vox2vox.txt transforms/talairach.auto.xfm
avi2talxfm done
mv -f /out/sourcedata/freesurfer/sub-v2s12x28886_ses-1/mri/talsrcimg_to_711-2C_as_mni_average_305_t4_vox2vox.txt /out/sourcedata/freesurfer/sub-v2s12x28886_ses-1/mri/transforms/talsrcimg_to_711-2C_as_mni_average_305_t4_vox2vox.txt
lta_convert --src orig_nu.mgz --trg /opt/freesurfer/average/mni305.cor.mgz --inxfm transforms/talairach.auto.xfm --outlta transforms/talairach.auto.xfm.lta --subject fsaverage
7.3.2

--src: orig_nu.mgz src image (geometry).
--trg: /opt/freesurfer/average/mni305.cor.mgz trg image (geometry).
--inmni: transforms/talairach.auto.xfm input MNI/XFM transform.
--outlta: transforms/talairach.auto.xfm.lta output LTA.
--s: fsaverage subject name
 LTA read, type : 1
 1.03333  -0.07401  -0.02471  -1.06700;
 0.00479   0.98095   0.10861  -27.12962;
-0.00577  -0.11515   1.07745  -21.31271;
 0.00000   0.00000   0.00000   1.00000;
setting subject to fsaverage
Writing  LTA to file transforms/talairach.auto.xfm.lta...
lta_convert successful.
 
 
Started at Wed Mar 11 01:50:03 CET 2026
Ended   at Wed Mar 11 01:50:17 CET 2026
talairach_avi done
