/out/sourcedata/freesurfer/sub-v2s12x28873_ses-1/mri
/opt/freesurfer/bin/talairach_avi
--i orig_nu.mgz --xfm transforms/talairach.auto.xfm
talairach_avi 7.3.2
Linux dna058 5.14.0-427.37.1.el9_4.x86_64 #1 SMP PREEMPT_DYNAMIC Fri Sep 13 12:41:50 EDT 2024 x86_64 x86_64 x86_64 GNU/Linux
Tue Mar 10 22:50:52 CET 2026
mri_convert orig_nu.mgz talsrcimg.img 
reading from orig_nu.mgz...
TR=0.00, TE=0.00, TI=0.00, flip angle=0.00
i_ras = (-1, 0, 0)
j_ras = (0, 0, -1)
k_ras = (0, 1, 0)
writing to talsrcimg.img...
Analyze Output Matrix
-1.00000   0.00000   0.00000   129.96851;
 0.00000   0.00000   1.00000  -123.81200;
 0.00000  -1.00000   0.00000   136.06200;
 0.00000   0.00000   0.00000   1.00000;
--------------------
INFO: set hdr.hist.orient to -1
mpr2mni305 talsrcimg
Tue Mar 10 22:50:52 CET 2026
/opt/freesurfer/bin/mpr2mni305 talsrcimg
mpr2mni305 7.3.2
target=711-2C_as_mni_average_305

---------------------------------------------------------------------
analyzeto4dfp talsrcimg -O0 -y
---------------------------------------------------------------------

freesurfer ifh2hdr.c
Tue Mar 10 22:50:53 2026
Writing: talsrcimg.4dfp.hdr
freesurfer analyzeto4dfp.c
Reading: talsrcimg.hdr
header size 348 bytes
hdr.dime.datatype	offset=70	value=2
hdr.dime.bitpix		offset=72	value=8
hdr.hist.orient		offset=252	value=-1
dimensionality     4
dimensions       256       256       256         1
Reading: talsrcimg.img
Writing: talsrcimg.4dfp.img
Writing: talsrcimg.4dfp.ifh
ifh2hdr talsrcimg -r0to226
ori=2

---------------------------------------------------------------------
gauss_4dfp talsrcimg 1.1
---------------------------------------------------------------------

freesurfer gauss_4dfp.c
Reading: talsrcimg.4dfp.img
Writing: talsrcimg_g11.4dfp.img
image dimensions 256 256 256 padded to 288 288 288
processing volume 1freesurfer ifh2hdr.c
Tue Mar 10 22:50:54 2026
Writing: talsrcimg_g11.4dfp.hdr

Writing: talsrcimg_g11.4dfp.ifh
including: talsrcimg.4dfp.img.rec in talsrcimg_g11.4dfp.img.rec

---------------------------------------------------------------------
imgreg_4dfp /opt/freesurfer/average/711-2C_as_mni_average_305 none talsrcimg_g11 none talsrcimg_to_711-2C_as_mni_average_305_t4 4355
---------------------------------------------------------------------

freesurfer imgreg_4dfp.c
/opt/freesurfer/average/711-2C_as_mni_average_305.4dfp.img
       256       256       256         1
  1.000000  1.000000  1.000000
orientation T byte_order littleendian
Reading image: /opt/freesurfer/average/711-2C_as_mni_average_305.4dfp.img
dimensions:      256       256       256
mmppix:       1.0000   -1.0000   -1.0000
center:     128.0000 -129.0000 -129.0000
talsrcimg_g11.4dfp.img
       256       256       256         1
  1.000000  1.000000  1.000000
orientation T byte_order littleendian
Reading image: talsrcimg_g11.4dfp.img
dimensions:      256       256       256
mmppix:       1.0000   -1.0000   -1.0000
center:     128.0000 -129.0000 -129.0000
t4_read: open error in t4_sub.f l:  41 t4_file(1:l)talsrcimg_to_711-2C_as_mni_average_305_t4 
t4_read: transform initialized to I4
rotation matrix determinant  1.000000
image alignment mode   4355 decimal     1103 hex
   -7.5000  -45.0000  -45.0000 6235.5264   20.2124
    0.0000  -45.0000  -45.0000 6522.5015   20.2124
    7.5000  -45.0000  -45.0000 6342.4116   20.2023
   -7.5000  -37.5000  -45.0000 6714.2759   20.3156
    0.0000  -37.5000  -45.0000 7015.8604   20.3193
    7.5000  -37.5000  -45.0000 6824.1489   20.3186
   -7.5000  -30.0000  -45.0000 7518.7959   20.3005
    0.0000  -30.0000  -45.0000 7854.4873   20.2952
    7.5000  -30.0000  -45.0000 7611.5811   20.2840
   -7.5000  -22.5000  -45.0000 8274.3984   20.1611
    0.0000  -22.5000  -45.0000 8672.3574   20.1408
    7.5000  -22.5000  -45.0000 8378.0928   20.1096
   -7.5000  -15.0000  -45.0000 8968.0762   20.0387
    0.0000  -15.0000  -45.0000 9407.2764   20.0133
    7.5000  -15.0000  -45.0000 9080.5557   19.9743
   -7.5000   -7.5000  -45.0000 9607.1572   20.0719
    0.0000   -7.5000  -45.000010099.9531   20.0577
    7.5000   -7.5000  -45.0000 9723.1797   20.0293
   -7.5000    0.0000  -45.000010156.2256   20.2097
    0.0000    0.0000  -45.000010670.0430   20.2097
    7.5000    0.0000  -45.000010275.8018   20.1996
   -7.5000    7.5000  -45.0000 9955.9541   20.3156
    0.0000    7.5000  -45.000010483.5879   20.3193
    7.5000    7.5000  -45.000010084.0000   20.3186
   -7.5000   15.0000  -45.0000 9802.9307   20.3005
    0.0000   15.0000  -45.000010312.9746   20.2952
    7.5000   15.0000  -45.0000 9900.6631   20.2840
   -7.5000   22.5000  -45.0000 9428.3730   20.1583
    0.0000   22.5000  -45.0000 9906.2529   20.1380
    7.5000   22.5000  -45.0000 9480.9404   20.1069
   -7.5000   30.0000  -45.0000 8751.3262   19.7717
    0.0000   30.0000  -45.0000 9207.5977   19.7466
    7.5000   30.0000  -45.0000 8807.9473   19.7081
   -7.5000   37.5000  -45.0000 8411.4365   19.8045
    0.0000   37.5000  -45.0000 8841.6162   19.7904
    7.5000   37.5000  -45.0000 8455.5957   19.7624
   -7.5000   45.0000  -45.0000 7771.5562   19.4340
    0.0000   45.0000  -45.0000 8174.6523   19.4340
    7.5000   45.0000  -45.0000 7821.4980   19.4244
   -7.5000  -45.0000  -37.5000 6685.2290   20.0167
    0.0000  -45.0000  -37.5000 6984.0537   20.0273
    7.5000  -45.0000  -37.5000 6790.8813   20.0087
   -7.5000  -37.5000  -37.5000 7193.9517   20.1146
    0.0000  -37.5000  -37.5000 7531.5269   20.1220
    7.5000  -37.5000  -37.5000 7306.9336   20.1134
   -7.5000  -30.0000  -37.5000 8065.2148   20.0913
    0.0000  -30.0000  -37.5000 8472.3086   20.0891
    7.5000  -30.0000  -37.5000 8183.6631   20.0747
   -7.5000  -22.5000  -37.5000 8908.3203   19.9512
    0.0000  -22.5000  -37.5000 9369.4209   19.9412
    7.5000  -22.5000  -37.5000 9028.3779   19.9112
   -7.5000  -15.0000  -37.5000 9655.4668   19.8351
    0.0000  -15.0000  -37.500010161.6826   19.8279
    7.5000  -15.0000  -37.5000 9769.2734   19.7899
   -7.5000   -7.5000  -37.500010340.7549   19.8746
    0.0000   -7.5000  -37.500010879.3008   19.8781
    7.5000   -7.5000  -37.500010446.7793   19.8458
   -7.5000    0.0000  -37.500010857.7061   20.0141
    0.0000    0.0000  -37.500011437.3232   20.0246
    7.5000    0.0000  -37.500010975.0352   20.0060
   -7.5000    7.5000  -37.500010621.3525   20.1146
    0.0000    7.5000  -37.500011188.3320   20.1220
    7.5000    7.5000  -37.500010735.3770   20.1134
   -7.5000   15.0000  -37.500010406.1709   20.0913
    0.0000   15.0000  -37.500010966.0039   20.0891
    7.5000   15.0000  -37.500010504.4092   20.0747
   -7.5000   22.5000  -37.5000 9988.8857   19.9485
    0.0000   22.5000  -37.500010539.8320   19.9385
    7.5000   22.5000  -37.500010048.9912   19.9084
   -7.5000   30.0000  -37.5000 9292.5957   19.5707
    0.0000   30.0000  -37.5000 9835.9277   19.5637
    7.5000   30.0000  -37.5000 9376.2275   19.5262
   -7.5000   37.5000  -37.5000 8944.2207   19.6097
    0.0000   37.5000  -37.5000 9474.9404   19.6132
    7.5000   37.5000  -37.5000 9014.0566   19.5813
   -7.5000   45.0000  -37.5000 8264.9561   19.2459
    0.0000   45.0000  -37.5000 8760.9717   19.2561
    7.5000   45.0000  -37.5000 8303.0713   19.2382
   -7.5000  -45.0000  -30.0000 7247.5488   20.7325
    0.0000  -45.0000  -30.0000 7610.2773   20.7455
    7.5000  -45.0000  -30.0000 7388.2314   20.7182
   -7.5000  -37.5000  -30.0000 7836.6719   20.8382
    0.0000  -37.5000  -30.0000 8239.9355   20.8417
    7.5000  -37.5000  -30.0000 7973.9077   20.8190
   -7.5000  -30.0000  -30.0000 8808.2207   20.8133
    0.0000  -30.0000  -30.0000 9285.6611   20.8099
    7.5000  -30.0000  -30.0000 8951.0322   20.7837
   -7.5000  -22.5000  -30.0000 9706.6348   20.6641
    0.0000  -22.5000  -30.000010222.1904   20.6639
    7.5000  -22.5000  -30.0000 9838.2217   20.6292
   -7.5000  -15.0000  -30.000010499.5938   20.5410
    0.0000  -15.0000  -30.000011060.1348   20.5507
    7.5000  -15.0000  -30.000010620.4229   20.5129
   -7.5000   -7.5000  -30.000011225.8984   20.5815
    0.0000   -7.5000  -30.000011810.4004   20.5976
    7.5000   -7.5000  -30.000011339.1006   20.5636
   -7.5000    0.0000  -30.000011788.3477   20.7297
    0.0000    0.0000  -30.000012421.9248   20.7428
    7.5000    0.0000  -30.000011897.8359   20.7155
   -7.5000    7.5000  -30.000011522.1016   20.8382
    0.0000    7.5000  -30.000012158.7275   20.8417
    7.5000    7.5000  -30.000011627.1035   20.8190
   -7.5000   15.0000  -30.000011258.1201   20.8133
    0.0000   15.0000  -30.000011875.1973   20.8099
    7.5000   15.0000  -30.000011350.2666   20.7837
   -7.5000   22.5000  -30.000010775.0371   20.6592
    0.0000   22.5000  -30.000011381.8262   20.6589
    7.5000   22.5000  -30.000010850.1465   20.6242
   -7.5000   30.0000  -30.000010052.1553   20.2692
    0.0000   30.0000  -30.000010627.7520   20.2787
    7.5000   30.0000  -30.000010122.5488   20.2415
   -7.5000   37.5000  -30.0000 9643.8945   20.3092
    0.0000   37.5000  -30.000010217.0879   20.3251
    7.5000   37.5000  -30.0000 9708.1201   20.2915
   -7.5000   45.0000  -30.0000 8867.4570   19.9488
    0.0000   45.0000  -30.0000 9409.0654   19.9613
    7.5000   45.0000  -30.0000 8910.6748   19.9351
   -7.5000  -45.0000  -22.5000 7938.0288   21.4787
    0.0000  -45.0000  -22.5000 8332.2529   21.4837
    7.5000  -45.0000  -22.5000 8054.5767   21.4563
   -7.5000  -37.5000  -22.5000 8601.0879   21.5974
    0.0000  -37.5000  -22.5000 9051.7549   21.5938
    7.5000  -37.5000  -22.5000 8716.0947   21.5653
   -7.5000  -30.0000  -22.5000 9650.9336   21.5814
    0.0000  -30.0000  -22.500010159.0283   21.5744
    7.5000  -30.0000  -22.5000 9768.8037   21.5404
   -7.5000  -22.5000  -22.500010610.9385   21.4270
    0.0000  -22.5000  -22.500011174.1934   21.4255
    7.5000  -22.5000  -22.500010740.9541   21.3868
   -7.5000  -15.0000  -22.500011448.0449   21.2914
    0.0000  -15.0000  -22.500012063.8379   21.2982
    7.5000  -15.0000  -22.500011561.3721   21.2614
   -7.5000   -7.5000  -22.500012239.3223   21.3241
    0.0000   -7.5000  -22.500012857.0410   21.3339
    7.5000   -7.5000  -22.500012328.0586   21.3028
   -7.5000    0.0000  -22.500012861.0830   21.4759
    0.0000    0.0000  -22.500013527.2832   21.4809
    7.5000    0.0000  -22.500012949.7646   21.4535
   -7.5000    7.5000  -22.500012565.9766   21.5974
    0.0000    7.5000  -22.500013232.7627   21.5938
    7.5000    7.5000  -22.500012657.9170   21.5653
   -7.5000   15.0000  -22.500012229.3223   21.5814
    0.0000   15.0000  -22.500012917.6621   21.5744
    7.5000   15.0000  -22.500012347.0088   21.5404
   -7.5000   22.5000  -22.500011644.0762   21.4204
    0.0000   22.5000  -22.500012309.5156   21.4189
    7.5000   22.5000  -22.500011730.0127   21.3802
   -7.5000   30.0000  -22.500010833.0439   21.0129
    0.0000   30.0000  -22.500011437.7998   21.0196
    7.5000   30.0000  -22.500010896.5352   20.9833
   -7.5000   37.5000  -22.500010407.6895   21.0451
    0.0000   37.5000  -22.500010992.6484   21.0548
    7.5000   37.5000  -22.500010462.0752   21.0242
   -7.5000   45.0000  -22.5000 9552.0234   20.6823
    0.0000   45.0000  -22.500010108.4287   20.6871
    7.5000   45.0000  -22.5000 9609.6445   20.6607
   -7.5000  -45.0000  -15.0000 8624.1475   22.0362
    0.0000  -45.0000  -15.0000 9084.8857   22.0315
    7.5000  -45.0000  -15.0000 8775.9697   22.0120
   -7.5000  -37.5000  -15.0000 9354.7910   22.1623
    0.0000  -37.5000  -15.0000 9885.8965   22.1558
    7.5000  -37.5000  -15.0000 9510.8428   22.1343
   -7.5000  -30.0000  -15.000010468.7920   22.1539
    0.0000  -30.0000  -15.000011076.9990   22.1442
    7.5000  -30.0000  -15.000010635.2744   22.1134
   -7.5000  -22.5000  -15.000011515.3828   21.9969
    0.0000  -22.5000  -15.000012155.3584   21.9849
    7.5000  -22.5000  -15.000011685.3936   21.9466
   -7.5000  -15.0000  -15.000012444.7686   21.8523
    0.0000  -15.0000  -15.000013104.8994   21.8405
    7.5000  -15.0000  -15.000012571.7070   21.8048
   -7.5000   -7.5000  -15.000013298.2109   21.8799
    0.0000   -7.5000  -15.000013947.3682   21.8722
    7.5000   -7.5000  -15.000013389.7910   21.8462
   -7.5000    0.0000  -15.000013933.2236   22.0334
    0.0000    0.0000  -15.000014656.2334   22.0286
    7.5000    0.0000  -15.000014034.9062   22.0091
   -7.5000    7.5000  -15.000013592.1377   22.1623
    0.0000    7.5000  -15.000014341.7979   22.1558
    7.5000    7.5000  -15.000013706.3662   22.1343
   -7.5000   15.0000  -15.000013241.5732   22.1539
    0.0000   15.0000  -15.000014004.5771   22.1442
    7.5000   15.0000  -15.000013384.6113   22.1134
   -7.5000   22.5000  -15.000012597.8672   21.9891
    0.0000   22.5000  -15.000013313.2207   21.9771
    7.5000   22.5000  -15.000012704.9072   21.9388
   -7.5000   30.0000  -15.000011675.0703   21.5695
    0.0000   30.0000  -15.000012334.1240   21.5578
    7.5000   30.0000  -15.000011759.6377   21.5226
   -7.5000   37.5000  -15.000011229.0068   21.5968
    0.0000   37.5000  -15.000011862.2588   21.5891
    7.5000   37.5000  -15.000011297.0469   21.5634
   -7.5000   45.0000  -15.000010293.6494   21.2320
    0.0000   45.0000  -15.000010917.4492   21.2274
    7.5000   45.0000  -15.000010363.4854   21.2087
   -7.5000  -45.0000   -7.5000 9383.2871   22.2967
    0.0000  -45.0000   -7.5000 9901.4824   22.2890
    7.5000  -45.0000   -7.5000 9577.1201   22.2780
   -7.5000  -37.5000   -7.500010155.2480   22.4196
    0.0000  -37.5000   -7.500010749.5898   22.4161
    7.5000  -37.5000   -7.500010373.7334   22.4081
   -7.5000  -30.0000   -7.500011344.9346   22.4114
    0.0000  -30.0000   -7.500012019.6494   22.4022
    7.5000  -30.0000   -7.500011579.2559   22.3815
   -7.5000  -22.5000   -7.500012513.6221   22.2566
    0.0000  -22.5000   -7.500013221.6045   22.2350
    7.5000  -22.5000   -7.500012733.5137   22.1983
   -7.5000  -15.0000   -7.500013517.2236   22.1136
    0.0000  -15.0000   -7.500014254.8711   22.0855
    7.5000  -15.0000   -7.500013699.7480   22.0468
   -7.5000   -7.5000   -7.500014411.2822   22.1422
    0.0000   -7.5000   -7.500015131.1211   22.1222
    7.5000   -7.5000   -7.500014549.1914   22.0965
   -7.5000    0.0000   -7.500015071.1914   22.2938
    0.0000    0.0000   -7.500015811.2051   22.2861
    7.5000    0.0000   -7.500015191.4395   22.2750
   -7.5000    7.5000   -7.500014696.8496   22.4196
    0.0000    7.5000   -7.500015478.7764   22.4161
    7.5000    7.5000   -7.500014839.5557   22.4081
   -7.5000   15.0000   -7.500014358.6396   22.4114
    0.0000   15.0000   -7.500015185.8135   22.4022
    7.5000   15.0000   -7.500014525.1084   22.3815
   -7.5000   22.5000   -7.500013661.5352   22.2463
    0.0000   22.5000   -7.500014459.4004   22.2247
    7.5000   22.5000   -7.500013811.7139   22.1880
   -7.5000   30.0000   -7.500012664.3838   21.8268
    0.0000   30.0000   -7.500013396.4219   21.7991
    7.5000   30.0000   -7.500012784.8848   21.7608
   -7.5000   37.5000   -7.500012151.3633   21.8551
    0.0000   37.5000   -7.500012827.3496   21.8353
    7.5000   37.5000   -7.500012237.8057   21.8099
   -7.5000   45.0000   -7.500011113.5635   21.4870
    0.0000   45.0000   -7.500011767.0068   21.4796
    7.5000   45.0000   -7.500011194.3594   21.4689
   -7.5000  -45.0000    0.000010086.5918   22.3125
    0.0000  -45.0000    0.000010692.4854   22.3129
    7.5000  -45.0000    0.000010319.7061   22.3019
   -7.5000  -37.5000    0.000010876.1670   22.4252
    0.0000  -37.5000    0.000011566.4297   22.4297
    7.5000  -37.5000    0.000011128.7158   22.4287
   -7.5000  -30.0000    0.000012163.7432   22.4097
    0.0000  -30.0000    0.000012919.3496   22.4045
    7.5000  -30.0000    0.000012425.6855   22.3924
   -7.5000  -22.5000    0.000013403.5869   22.2585
    0.0000  -22.5000    0.000014226.2432   22.2370
    7.5000  -22.5000    0.000013656.7490   22.2035
   -7.5000  -15.0000    0.000014512.6729   22.1250
    0.0000  -15.0000    0.000015373.5527   22.0980
    7.5000  -15.0000    0.000014740.5879   22.0561
   -7.5000   -7.5000    0.000015473.7617   22.1603
    0.0000   -7.5000    0.000016311.2500   22.1452
    7.5000   -7.5000    0.000015631.9404   22.1148
   -7.5000    0.0000    0.000016172.5850   22.3095
    0.0000    0.0000    0.000016959.7539   22.3099
    7.5000    0.0000    0.000016272.8760   22.2990
   -7.5000    7.5000    0.000015757.0225   22.4252
    0.0000    7.5000    0.000016553.8086   22.4297
    7.5000    7.5000    0.000015887.8809   22.4287
   -7.5000   15.0000    0.000015388.9160   22.4097
    0.0000   15.0000    0.000016273.7354   22.4045
    7.5000   15.0000    0.000015583.2754   22.3924
   -7.5000   22.5000    0.000014605.6025   22.2482
    0.0000   22.5000    0.000015493.5439   22.2268
    7.5000   22.5000    0.000014812.0176   22.1933
   -7.5000   30.0000    0.000013566.0645   21.8387
    0.0000   30.0000    0.000014359.0039   21.8120
    7.5000   30.0000    0.000013704.4062   21.7706
   -7.5000   37.5000    0.000012991.6016   21.8735
    0.0000   37.5000    0.000013717.0410   21.8586
    7.5000   37.5000    0.000013081.2305   21.8286
   -7.5000   45.0000    0.000011883.2852   21.5038
    0.0000   45.0000    0.000012579.1123   21.5042
    7.5000   45.0000    0.000011968.6992   21.4936
   -7.5000  -45.0000    7.5000 9940.6787   22.2752
    0.0000  -45.0000    7.500010611.3086   22.2874
    7.5000  -45.0000    7.500010183.0000   22.2668
   -7.5000  -37.5000    7.500010706.6406   22.3831
    0.0000  -37.5000    7.500011421.0391   22.3918
    7.5000  -37.5000    7.500010952.1592   22.3822
   -7.5000  -30.0000    7.500011955.4756   22.3568
    0.0000  -30.0000    7.500012728.7852   22.3548
    7.5000  -30.0000    7.500012211.2510   22.3392
   -7.5000  -22.5000    7.500013188.5771   22.2017
    0.0000  -22.5000    7.500013987.6660   22.1909
    7.5000  -22.5000    7.500013411.8350   22.1583
   -7.5000  -15.0000    7.500014336.3545   22.0735
    0.0000  -15.0000    7.500015178.0781   22.0659
    7.5000  -15.0000    7.500014544.5186   22.0244
   -7.5000   -7.5000    7.500015379.0488   22.1178
    0.0000   -7.5000    7.500016204.8975   22.1220
    7.5000   -7.5000    7.500015507.6953   22.0865
   -7.5000    0.0000    7.500016086.0352   22.2723
    0.0000    0.0000    7.500016868.0703   22.2844
    7.5000    0.0000    7.500016178.7373   22.2639
   -7.5000    7.5000    7.500015686.1748   22.3831
    0.0000    7.5000    7.500016502.8828   22.3918
    7.5000    7.5000    7.500015818.1680   22.3822
   -7.5000   15.0000    7.500015333.6729   22.3568
    0.0000   15.0000    7.500016179.0215   22.3548
    7.5000   15.0000    7.500015517.6426   22.3392
   -7.5000   22.5000    7.500014537.7344   22.1915
    0.0000   22.5000    7.500015346.6865   22.1807
    7.5000   22.5000    7.500014697.2207   22.1481
   -7.5000   30.0000    7.500013451.9746   21.7878
    0.0000   30.0000    7.500014179.5918   21.7803
    7.5000   30.0000    7.500013566.3867   21.7394
   -7.5000   37.5000    7.500012844.3594   21.8315
    0.0000   37.5000    7.500013565.2012   21.8357
    7.5000   37.5000    7.500012944.4385   21.8007
   -7.5000   45.0000    7.500011748.5596   21.4679
    0.0000   45.0000    7.500012444.4365   21.4796
    7.5000   45.0000    7.500011801.3662   21.4598
   -7.5000  -45.0000   15.0000 9734.1689   22.2624
    0.0000  -45.0000   15.000010270.4062   22.2763
    7.5000  -45.0000   15.0000 9911.5898   22.2470
   -7.5000  -37.5000   15.000010477.2510   22.3759
    0.0000  -37.5000   15.000011054.5283   22.3796
    7.5000  -37.5000   15.000010619.1455   22.3553
   -7.5000  -30.0000   15.000011625.9756   22.3491
    0.0000  -30.0000   15.000012278.0752   22.3454
    7.5000  -30.0000   15.000011799.4131   22.3173
   -7.5000  -22.5000   15.000012787.7402   22.1889
    0.0000  -22.5000   15.000013451.8662   22.1887
    7.5000  -22.5000   15.000012927.4316   22.1514
   -7.5000  -15.0000   15.000013938.1133   22.0567
    0.0000  -15.0000   15.000014662.1768   22.0671
    7.5000  -15.0000   15.000014053.4072   22.0265
   -7.5000   -7.5000   15.000015081.0547   22.1003
    0.0000   -7.5000   15.000016042.3262   22.1176
    7.5000   -7.5000   15.000015271.6992   22.0810
   -7.5000    0.0000   15.000015882.9189   22.2594
    0.0000    0.0000   15.000016807.5391   22.2734
    7.5000    0.0000   15.000016057.2080   22.2441
   -7.5000    7.5000   15.000015533.4756   22.3759
    0.0000    7.5000   15.000016295.0430   22.3796
    7.5000    7.5000   15.000015682.5332   22.3553
   -7.5000   15.0000   15.000015229.9775   22.3491
    0.0000   15.0000   15.000015988.9541   22.3454
    7.5000   15.0000   15.000015399.4775   22.3173
   -7.5000   22.5000   15.000014375.2773   22.1787
    0.0000   22.5000   15.000015165.6826   22.1784
    7.5000   22.5000   15.000014532.3760   22.1412
   -7.5000   30.0000   15.000013256.7646   21.7713
    0.0000   30.0000   15.000014039.8418   21.7815
    7.5000   30.0000   15.000013333.2373   21.7415
   -7.5000   37.5000   15.000012629.4658   21.8142
    0.0000   37.5000   15.000013433.2305   21.8313
    7.5000   37.5000   15.000012660.4287   21.7952
   -7.5000   45.0000   15.000011527.3389   21.4555
    0.0000   45.0000   15.000012307.4707   21.4690
    7.5000   45.0000   15.000011507.7207   21.4407
   -7.5000  -45.0000   22.5000 9357.0752   22.2966
    0.0000  -45.0000   22.5000 9867.8672   22.3018
    7.5000  -45.0000   22.5000 9503.8955   22.2734
   -7.5000  -37.5000   22.500010128.8096   22.4198
    0.0000  -37.5000   22.500010657.0420   22.4160
    7.5000  -37.5000   22.500010246.5801   22.3865
   -7.5000  -30.0000   22.500011281.3828   22.4032
    0.0000  -30.0000   22.500011837.5811   22.3959
    7.5000  -30.0000   22.500011404.4365   22.3606
   -7.5000  -22.5000   22.500012460.3604   22.2429
    0.0000  -22.5000   22.500012943.0703   22.2414
    7.5000  -22.5000   22.500012527.1309   22.2012
   -7.5000  -15.0000   22.500013613.7695   22.1021
    0.0000  -15.0000   22.500014105.6191   22.1093
    7.5000  -15.0000   22.500013682.6240   22.0710
   -7.5000   -7.5000   22.500014753.5371   22.1361
    0.0000   -7.5000   22.500015569.8486   22.1463
    7.5000   -7.5000   22.500014874.8115   22.1141
   -7.5000    0.0000   22.500015626.4648   22.2937
    0.0000    0.0000   22.500016409.3906   22.2989
    7.5000    0.0000   22.500015676.3672   22.2704
   -7.5000    7.5000   22.500015347.9727   22.4198
    0.0000    7.5000   22.500016030.8828   22.4160
    7.5000    7.5000   22.500015314.8516   22.3865
   -7.5000   15.0000   22.500014963.7256   22.4032
    0.0000   15.0000   22.500015715.9980   22.3959
    7.5000   15.0000   22.500014971.5176   22.3606
   -7.5000   22.5000   22.500013977.0566   22.2327
    0.0000   22.5000   22.500014787.2939   22.2312
    7.5000   22.5000   22.500013984.7305   22.1910
   -7.5000   30.0000   22.500012814.0010   21.8161
    0.0000   30.0000   22.500013593.0557   21.8231
    7.5000   30.0000   22.500012790.7949   21.7854
   -7.5000   37.5000   22.500012155.7373   21.8496
    0.0000   37.5000   22.500012893.6328   21.8597
    7.5000   37.5000   22.500012111.4688   21.8279
   -7.5000   45.0000   22.500011068.3623   21.4885
    0.0000   45.0000   22.500011775.9268   21.4935
    7.5000   45.0000   22.500011040.8428   21.4661
   -7.5000  -45.0000   30.0000 8944.6260   22.3387
    0.0000  -45.0000   30.0000 9371.5225   22.3339
    7.5000  -45.0000   30.0000 9107.5049   22.3142
   -7.5000  -37.5000   30.0000 9664.4209   22.4666
    0.0000  -37.5000   30.000010127.2139   22.4600
    7.5000  -37.5000   30.0000 9808.3691   22.4382
   -7.5000  -30.0000   30.000010741.0898   22.4580
    0.0000  -30.0000   30.000011266.4902   22.4482
    7.5000  -30.0000   30.000010877.3184   22.4170
   -7.5000  -22.5000   30.000011879.3506   22.2988
    0.0000  -22.5000   30.000012438.8672   22.2867
    7.5000  -22.5000   30.000011963.5967   22.2478
   -7.5000  -15.0000   30.000012990.6484   22.1522
    0.0000  -15.0000   30.000013654.2529   22.1403
    7.5000  -15.0000   30.000013052.2002   22.1041
   -7.5000   -7.5000   30.000013992.9932   22.1803
    0.0000   -7.5000   30.000014806.2617   22.1725
    7.5000   -7.5000   30.000014064.6201   22.1460
   -7.5000    0.0000   30.000014782.7324   22.3358
    0.0000    0.0000   30.000015603.6201   22.3310
    7.5000    0.0000   30.000014759.7676   22.3112
   -7.5000    7.5000   30.000014499.5225   22.4666
    0.0000    7.5000   30.000015343.5645   22.4600
    7.5000    7.5000   30.000014493.1133   22.4382
   -7.5000   15.0000   30.000014054.0439   22.4580
    0.0000   15.0000   30.000014960.3145   22.4482
    7.5000   15.0000   30.000014116.3076   22.4170
   -7.5000   22.5000   30.000013056.6338   22.2885
    0.0000   22.5000   30.000013924.9775   22.2764
    7.5000   22.5000   30.000013132.2773   22.2376
   -7.5000   30.0000   30.000011971.1250   21.8655
    0.0000   30.0000   30.000012742.9873   21.8538
    7.5000   30.0000   30.000012037.9883   21.8180
   -7.5000   37.5000   30.000011357.0518   21.8932
    0.0000   37.5000   30.000012049.1572   21.8855
    7.5000   37.5000   30.000011424.1025   21.8594
   -7.5000   45.0000   30.000010366.2930   21.5291
    0.0000   45.0000   30.000011005.1895   21.5245
    7.5000   45.0000   30.000010444.9834   21.5055
   -7.5000  -45.0000   37.5000 8620.5781   22.3446
    0.0000  -45.0000   37.5000 9149.8789   22.3368
    7.5000  -45.0000   37.5000 8810.9902   22.3258
   -7.5000  -37.5000   37.5000 9331.7158   22.4677
    0.0000  -37.5000   37.5000 9927.0898   22.4642
    7.5000  -37.5000   37.5000 9506.4707   22.4562
   -7.5000  -30.0000   37.500010436.1582   22.4594
    0.0000  -30.0000   37.500011086.1777   22.4502
    7.5000  -30.0000   37.500010586.9551   22.4295
   -7.5000  -22.5000   37.500011532.6484   22.3043
    0.0000  -22.5000   37.500012224.8506   22.2826
    7.5000  -22.5000   37.500011668.8848   22.2459
   -7.5000  -15.0000   37.500012548.5078   22.1610
    0.0000  -15.0000   37.500013275.2793   22.1328
    7.5000  -15.0000   37.500012707.6533   22.0940
   -7.5000   -7.5000   37.500013471.9492   22.1898
    0.0000   -7.5000   37.500014134.6377   22.1696
    7.5000   -7.5000   37.500013580.9717   22.1439
   -7.5000    0.0000   37.500014197.5938   22.3416
    0.0000    0.0000   37.500014731.0840   22.3339
    7.5000    0.0000   37.500014242.9824   22.3228
   -7.5000    7.5000   37.500013857.1650   22.4677
    0.0000    7.5000   37.500014363.0459   22.4642
    7.5000    7.5000   37.500013959.2988   22.4562
   -7.5000   15.0000   37.500013480.7578   22.4594
    0.0000   15.0000   37.500014005.9668   22.4502
    7.5000   15.0000   37.500013622.7852   22.4295
   -7.5000   22.5000   37.500012598.4570   22.2941
    0.0000   22.5000   37.500013135.9482   22.2723
    7.5000   22.5000   37.500012745.6123   22.2356
   -7.5000   30.0000   37.500011614.9863   21.8742
    0.0000   30.0000   37.500012152.5986   21.8464
    7.5000   30.0000   37.500011746.9648   21.8081
   -7.5000   37.5000   37.500011064.4365   21.9026
    0.0000   37.5000   37.500011626.3506   21.8827
    7.5000   37.5000   37.500011178.9316   21.8573
   -7.5000   45.0000   37.500010115.0137   21.5348
    0.0000   45.0000   37.500010658.4434   21.5273
    7.5000   45.0000   37.500010223.0791   21.5166
   -7.5000  -45.0000   45.0000 7881.7031   22.2090
    0.0000  -45.0000   45.0000 8350.3203   22.2094
    7.5000  -45.0000   45.0000 8067.2192   22.1984
   -7.5000  -37.5000   45.0000 8519.3896   22.3217
    0.0000  -37.5000   45.0000 9011.9971   22.3261
    7.5000  -37.5000   45.0000 8687.7598   22.3251
   -7.5000  -30.0000   45.0000 9501.3809   22.3064
    0.0000  -30.0000   45.000010022.3633   22.3011
    7.5000  -30.0000   45.0000 9656.5361   22.2889
   -7.5000  -22.5000   45.000010474.3584   22.1554
    0.0000  -22.5000   45.000011011.0918   22.1339
    7.5000  -22.5000   45.000010630.1318   22.1006
   -7.5000  -15.0000   45.000011389.0479   22.0220
    0.0000  -15.0000   45.000011922.2217   21.9950
    7.5000  -15.0000   45.000011541.8223   21.9533
   -7.5000   -7.5000   45.000012198.6592   22.0570
    0.0000   -7.5000   45.000012682.8916   22.0420
    7.5000   -7.5000   45.000012305.8701   22.0117
   -7.5000    0.0000   45.000012850.3184   22.2061
    0.0000    0.0000   45.000013297.7227   22.2064
    7.5000    0.0000   45.000012931.5498   22.1955
   -7.5000    7.5000   45.000012579.5625   22.3217
    0.0000    7.5000   45.000013024.7686   22.3261
    7.5000    7.5000   45.000012693.1641   22.3251
   -7.5000   15.0000   45.000012229.2383   22.3064
    0.0000   15.0000   45.000012700.8574   22.3011
    7.5000   15.0000   45.000012343.4580   22.2889
   -7.5000   22.5000   45.000011481.8926   22.1451
    0.0000   22.5000   45.000011950.7568   22.1237
    7.5000   22.5000   45.000011573.7412   22.0903
   -7.5000   30.0000   45.000010618.2510   21.7351
    0.0000   30.0000   45.000011079.0566   21.7084
    7.5000   30.0000   45.000010703.0088   21.6673
   -7.5000   37.5000   45.000010163.5293   21.7697
    0.0000   37.5000   45.000010638.3467   21.7549
    7.5000   37.5000   45.000010255.2588   21.7250
   -7.5000   45.0000   45.0000 9308.8252   21.4138
    0.0000   45.0000   45.0000 9755.7256   21.4141
    7.5000   45.0000   45.0000 9385.2900   21.4036

---------------------------------------------------------------------
imgreg_4dfp /opt/freesurfer/average/711-2C_as_mni_average_305 /opt/freesurfer/average/711-2B_as_mni_average_305_mask talsrcimg_g11 none talsrcimg_to_711-2C_as_mni_average_305_t4 4355
---------------------------------------------------------------------

freesurfer imgreg_4dfp.c
/opt/freesurfer/average/711-2C_as_mni_average_305.4dfp.img
       256       256       256         1
  1.000000  1.000000  1.000000
orientation T byte_order littleendian
Reading image: /opt/freesurfer/average/711-2C_as_mni_average_305.4dfp.img
dimensions:      256       256       256
mmppix:       1.0000   -1.0000   -1.0000
center:     128.0000 -129.0000 -129.0000
/opt/freesurfer/average/711-2B_as_mni_average_305_mask.4dfp.img
       256       256       256         1
  1.000000  1.000000  1.000000
orientation T byte_order littleendian
Reading mask: /opt/freesurfer/average/711-2B_as_mni_average_305_mask.4dfp.img (2306576 pixels)
talsrcimg_g11.4dfp.img
       256       256       256         1
  1.000000  1.000000  1.000000
orientation T byte_order littleendian
Reading image: talsrcimg_g11.4dfp.img
dimensions:      256       256       256
mmppix:       1.0000   -1.0000   -1.0000
center:     128.0000 -129.0000 -129.0000
rotation matrix determinant  1.000000
image alignment mode   4355 decimal     1103 hex
   -7.5000  -45.0000  -45.0000 1788.6213   31.1882
    0.0000  -45.0000  -45.0000 1801.5413   30.4889
    7.5000  -45.0000  -45.0000 1795.3273   30.5984
   -7.5000  -37.5000  -45.0000 1863.8165   28.2948
    0.0000  -37.5000  -45.0000 1873.9310   27.6830
    7.5000  -37.5000  -45.0000 1869.4258   27.7888
   -7.5000  -30.0000  -45.0000 1945.3170   25.8513
    0.0000  -30.0000  -45.0000 1954.0867   25.3172
    7.5000  -30.0000  -45.0000 1948.2665   25.3429
   -7.5000  -22.5000  -45.0000 2006.3000   24.0529
    0.0000  -22.5000  -45.0000 2016.6609   23.6389
    7.5000  -22.5000  -45.0000 2009.7031   23.5812
   -7.5000  -15.0000  -45.0000 2048.6675   22.8382
    0.0000  -15.0000  -45.0000 2059.6394   22.5041
    7.5000  -15.0000  -45.0000 2050.7322   22.4140
   -7.5000   -7.5000  -45.0000 2072.9092   22.1786
    0.0000   -7.5000  -45.0000 2079.1497   21.8593
    7.5000   -7.5000  -45.0000 2071.6941   21.7696
   -7.5000    0.0000  -45.0000 2084.5056   21.8962
    0.0000    0.0000  -45.0000 2087.2576   21.5510
    7.5000    0.0000  -45.0000 2081.5183   21.5416
   -7.5000    7.5000  -45.0000 2082.2529   21.9308
    0.0000    7.5000  -45.0000 2089.7417   21.6766
    7.5000    7.5000  -45.0000 2084.9492   21.6869
   -7.5000   15.0000  -45.0000 2083.0154   22.4458
    0.0000   15.0000  -45.0000 2092.3005   22.1244
    7.5000   15.0000  -45.0000 2078.6682   22.1337
   -7.5000   22.5000  -45.0000 2046.5747   23.3141
    0.0000   22.5000  -45.0000 2061.8064   23.0132
    7.5000   22.5000  -45.0000 2043.3107   22.9587
   -7.5000   30.0000  -45.0000 1990.8632   24.5702
    0.0000   30.0000  -45.0000 2006.5675   24.2517
    7.5000   30.0000  -45.0000 1986.8202   24.2372
   -7.5000   37.5000  -45.0000 1926.5393   26.5165
    0.0000   37.5000  -45.0000 1934.5107   26.1076
    7.5000   37.5000  -45.0000 1917.3380   26.1127
   -7.5000   45.0000  -45.0000 1837.5330   29.1685
    0.0000   45.0000  -45.0000 1847.5101   28.7219
    7.5000   45.0000  -45.0000 1832.5651   28.9112
   -7.5000  -45.0000  -37.5000 1869.5830   28.3472
    0.0000  -45.0000  -37.5000 1883.9205   27.7566
    7.5000  -45.0000  -37.5000 1874.8242   27.8780
   -7.5000  -37.5000  -37.5000 1948.0435   25.7324
    0.0000  -37.5000  -37.5000 1967.3656   25.2466
    7.5000  -37.5000  -37.5000 1954.0674   25.3401
   -7.5000  -30.0000  -37.5000 2039.2354   23.5853
    0.0000  -30.0000  -37.5000 2063.7996   23.1870
    7.5000  -30.0000  -37.5000 2051.3376   23.1158
   -7.5000  -22.5000  -37.5000 2116.3923   21.8797
    0.0000  -22.5000  -37.5000 2138.1521   21.6478
    7.5000  -22.5000  -37.5000 2126.6311   21.5255
   -7.5000  -15.0000  -37.5000 2164.5757   20.7814
    0.0000  -15.0000  -37.5000 2182.1008   20.5739
    7.5000  -15.0000  -37.5000 2171.4221   20.4238
   -7.5000   -7.5000  -37.5000 2185.7905   20.1537
    0.0000   -7.5000  -37.5000 2203.1157   20.0373
    7.5000   -7.5000  -37.5000 2193.9707   19.8498
   -7.5000    0.0000  -37.5000 2188.4941   19.9276
    0.0000    0.0000  -37.5000 2201.5261   19.7360
    7.5000    0.0000  -37.5000 2192.7009   19.6029
   -7.5000    7.5000  -37.5000 2177.4412   19.9573
    0.0000    7.5000  -37.5000 2197.3362   19.7824
    7.5000    7.5000  -37.5000 2185.7280   19.6541
   -7.5000   15.0000  -37.5000 2173.6917   20.2536
    0.0000   15.0000  -37.5000 2193.1660   20.0780
    7.5000   15.0000  -37.5000 2172.2449   19.9978
   -7.5000   22.5000  -37.5000 2143.8523   21.0053
    0.0000   22.5000  -37.5000 2167.1096   20.8014
    7.5000   22.5000  -37.5000 2143.3738   20.7272
   -7.5000   30.0000  -37.5000 2095.4749   22.1468
    0.0000   30.0000  -37.5000 2116.3738   21.9580
    7.5000   30.0000  -37.5000 2100.7034   21.9229
   -7.5000   37.5000  -37.5000 2028.1018   23.9724
    0.0000   37.5000  -37.5000 2047.4417   23.7201
    7.5000   37.5000  -37.5000 2031.3427   23.6927
   -7.5000   45.0000  -37.5000 1933.9540   26.4207
    0.0000   45.0000  -37.5000 1953.4558   26.2035
    7.5000   45.0000  -37.5000 1935.2699   26.2163
   -7.5000  -45.0000  -30.0000 1974.8181   26.9458
    0.0000  -45.0000  -30.0000 2001.1766   26.5948
    7.5000  -45.0000  -30.0000 1999.3053   26.5415
   -7.5000  -37.5000  -30.0000 2070.3982   24.4648
    0.0000  -37.5000  -30.0000 2096.7234   24.1607
    7.5000  -37.5000  -30.0000 2091.0842   24.0688
   -7.5000  -30.0000  -30.0000 2179.9651   22.3928
    0.0000  -30.0000  -30.0000 2211.0964   22.1187
    7.5000  -30.0000  -30.0000 2199.4067   21.9900
   -7.5000  -22.5000  -30.0000 2254.1521   20.7400
    0.0000  -22.5000  -30.0000 2280.6404   20.5303
    7.5000  -22.5000  -30.0000 2270.7114   20.4216
   -7.5000  -15.0000  -30.0000 2307.1086   19.6760
    0.0000  -15.0000  -30.0000 2331.9111   19.5172
    7.5000  -15.0000  -30.0000 2316.5171   19.3728
   -7.5000   -7.5000  -30.0000 2335.3674   19.1071
    0.0000   -7.5000  -30.0000 2356.3574   18.9715
    7.5000   -7.5000  -30.0000 2341.6399   18.7970
   -7.5000    0.0000  -30.0000 2336.5415   18.8314
    0.0000    0.0000  -30.0000 2362.4453   18.7063
    7.5000    0.0000  -30.0000 2344.2102   18.5820
   -7.5000    7.5000  -30.0000 2329.1492   18.9209
    0.0000    7.5000  -30.0000 2361.1047   18.7148
    7.5000    7.5000  -30.0000 2341.6384   18.6257
   -7.5000   15.0000  -30.0000 2314.1897   19.2133
    0.0000   15.0000  -30.0000 2339.8010   19.0378
    7.5000   15.0000  -30.0000 2322.1562   18.9933
   -7.5000   22.5000  -30.0000 2287.9370   19.8850
    0.0000   22.5000  -30.0000 2312.9729   19.6695
    7.5000   22.5000  -30.0000 2291.9890   19.6334
   -7.5000   30.0000  -30.0000 2244.1487   20.9705
    0.0000   30.0000  -30.0000 2263.1128   20.7530
    7.5000   30.0000  -30.0000 2247.2432   20.7379
   -7.5000   37.5000  -30.0000 2166.9624   22.7164
    0.0000   37.5000  -30.0000 2185.5229   22.4864
    7.5000   37.5000  -30.0000 2171.0718   22.4534
   -7.5000   45.0000  -30.0000 2065.5198   25.0482
    0.0000   45.0000  -30.0000 2085.7319   24.8238
    7.5000   45.0000  -30.0000 2064.3079   24.7951
   -7.5000  -45.0000  -22.5000 2083.5010   25.5615
    0.0000  -45.0000  -22.5000 2108.7695   25.3486
    7.5000  -45.0000  -22.5000 2101.9521   25.2153
   -7.5000  -37.5000  -22.5000 2189.2192   23.3010
    0.0000  -37.5000  -22.5000 2212.1592   23.0561
    7.5000  -37.5000  -22.5000 2203.6951   22.8788
   -7.5000  -30.0000  -22.5000 2296.5413   21.3006
    0.0000  -30.0000  -22.5000 2323.5237   21.0240
    7.5000  -30.0000  -22.5000 2312.1011   20.9015
   -7.5000  -22.5000  -22.5000 2372.1243   19.6246
    0.0000  -22.5000  -22.5000 2402.6160   19.3713
    7.5000  -22.5000  -22.5000 2391.5176   19.2716
   -7.5000  -15.0000  -22.5000 2431.1709   18.5609
    0.0000  -15.0000  -22.5000 2459.2244   18.3254
    7.5000  -15.0000  -22.5000 2443.6665   18.2338
   -7.5000   -7.5000  -22.5000 2465.8665   18.0215
    0.0000   -7.5000  -22.5000 2490.5024   17.8178
    7.5000   -7.5000  -22.5000 2473.6580   17.7317
   -7.5000    0.0000  -22.5000 2477.7444   17.7614
    0.0000    0.0000  -22.5000 2502.8157   17.5681
    7.5000    0.0000  -22.5000 2483.5381   17.4888
   -7.5000    7.5000  -22.5000 2477.9309   17.8562
    0.0000    7.5000  -22.5000 2501.5381   17.6219
    7.5000    7.5000  -22.5000 2484.2681   17.5456
   -7.5000   15.0000  -22.5000 2458.5449   18.2330
    0.0000   15.0000  -22.5000 2483.8501   17.9737
    7.5000   15.0000  -22.5000 2463.7080   17.9371
   -7.5000   22.5000  -22.5000 2423.1194   18.8602
    0.0000   22.5000  -22.5000 2449.7908   18.5993
    7.5000   22.5000  -22.5000 2426.6240   18.5974
   -7.5000   30.0000  -22.5000 2370.2395   19.8827
    0.0000   30.0000  -22.5000 2392.0249   19.6259
    7.5000   30.0000  -22.5000 2371.9023   19.6244
   -7.5000   37.5000  -22.5000 2286.6003   21.4453
    0.0000   37.5000  -22.5000 2310.3201   21.2285
    7.5000   37.5000  -22.5000 2287.9263   21.2513
   -7.5000   45.0000  -22.5000 2175.8035   23.5535
    0.0000   45.0000  -22.5000 2199.1560   23.3468
    7.5000   45.0000  -22.5000 2177.3538   23.3617
   -7.5000  -45.0000  -15.0000 2161.9519   24.3402
    0.0000  -45.0000  -15.0000 2185.4631   24.0549
    7.5000  -45.0000  -15.0000 2174.3835   23.9310
   -7.5000  -37.5000  -15.0000 2269.0149   22.0756
    0.0000  -37.5000  -15.0000 2294.8921   21.8167
    7.5000  -37.5000  -15.0000 2283.0093   21.6765
   -7.5000  -30.0000  -15.0000 2375.6863   20.0905
    0.0000  -30.0000  -15.0000 2410.0037   19.8577
    7.5000  -30.0000  -15.0000 2392.4026   19.7398
   -7.5000  -22.5000  -15.0000 2459.5676   18.5570
    0.0000  -22.5000  -15.0000 2491.3872   18.2983
    7.5000  -22.5000  -15.0000 2478.2979   18.2014
   -7.5000  -15.0000  -15.0000 2526.0232   17.5102
    0.0000  -15.0000  -15.0000 2551.8896   17.2455
    7.5000  -15.0000  -15.0000 2538.8669   17.1601
   -7.5000   -7.5000  -15.0000 2566.7278   16.9617
    0.0000   -7.5000  -15.0000 2590.2488   16.6723
    7.5000   -7.5000  -15.0000 2575.3792   16.6376
   -7.5000    0.0000  -15.0000 2582.9304   16.6830
    0.0000    0.0000  -15.0000 2610.7656   16.4163
    7.5000    0.0000  -15.0000 2591.5581   16.4019
   -7.5000    7.5000  -15.0000 2590.4797   16.7566
    0.0000    7.5000  -15.0000 2615.3684   16.5081
    7.5000    7.5000  -15.0000 2596.4182   16.4776
   -7.5000   15.0000  -15.0000 2569.1328   17.1724
    0.0000   15.0000  -15.0000 2595.9009   16.9264
    7.5000   15.0000  -15.0000 2577.8486   16.8927
   -7.5000   22.5000  -15.0000 2526.4231   17.8275
    0.0000   22.5000  -15.0000 2557.5676   17.5537
    7.5000   22.5000  -15.0000 2535.9678   17.5544
   -7.5000   30.0000  -15.0000 2465.1365   18.7735
    0.0000   30.0000  -15.0000 2496.1616   18.5267
    7.5000   30.0000  -15.0000 2473.1448   18.5305
   -7.5000   37.5000  -15.0000 2378.7124   20.2186
    0.0000   37.5000  -15.0000 2406.2727   19.9722
    7.5000   37.5000  -15.0000 2386.3826   20.0336
   -7.5000   45.0000  -15.0000 2265.3621   22.1767
    0.0000   45.0000  -15.0000 2294.2649   21.9317
    7.5000   45.0000  -15.0000 2275.3206   22.0130
   -7.5000  -45.0000   -7.5000 2222.0630   23.1423
    0.0000  -45.0000   -7.5000 2246.4375   22.7667
    7.5000  -45.0000   -7.5000 2238.6213   22.6554
   -7.5000  -37.5000   -7.5000 2328.3447   20.8503
    0.0000  -37.5000   -7.5000 2359.7490   20.6255
    7.5000  -37.5000   -7.5000 2349.2712   20.4889
   -7.5000  -30.0000   -7.5000 2436.8389   18.9747
    0.0000  -30.0000   -7.5000 2465.1917   18.7090
    7.5000  -30.0000   -7.5000 2455.2463   18.6511
   -7.5000  -22.5000   -7.5000 2531.7769   17.5198
    0.0000  -22.5000   -7.5000 2558.5227   17.2098
    7.5000  -22.5000   -7.5000 2546.4634   17.1809
   -7.5000  -15.0000   -7.5000 2601.2603   16.4973
    0.0000  -15.0000   -7.5000 2628.2192   16.2314
    7.5000  -15.0000   -7.5000 2615.1353   16.1850
   -7.5000   -7.5000   -7.5000 2648.8911   15.8903
    0.0000   -7.5000   -7.5000 2671.8018   15.6067
    7.5000   -7.5000   -7.5000 2663.8013   15.5929
   -7.5000    0.0000   -7.5000 2663.8169   15.6022
    0.0000    0.0000   -7.5000 2692.8257   15.3103
    7.5000    0.0000   -7.5000 2682.0190   15.3387
   -7.5000    7.5000   -7.5000 2676.1267   15.6761
    0.0000    7.5000   -7.5000 2708.0588   15.3998
    7.5000    7.5000   -7.5000 2696.0833   15.4131
   -7.5000   15.0000   -7.5000 2662.6924   16.1393
    0.0000   15.0000   -7.5000 2695.4460   15.8808
    7.5000   15.0000   -7.5000 2680.5405   15.8768
   -7.5000   22.5000   -7.5000 2630.3928   16.7973
    0.0000   22.5000   -7.5000 2657.1362   16.5335
    7.5000   22.5000   -7.5000 2642.1267   16.5456
   -7.5000   30.0000   -7.5000 2559.8137   17.7281
    0.0000   30.0000   -7.5000 2585.4790   17.4352
    7.5000   30.0000   -7.5000 2571.0500   17.4523
   -7.5000   37.5000   -7.5000 2466.3076   19.0528
    0.0000   37.5000   -7.5000 2482.2981   18.7384
    7.5000   37.5000   -7.5000 2471.1929   18.7986
   -7.5000   45.0000   -7.5000 2343.9556   20.9401
    0.0000   45.0000   -7.5000 2362.5078   20.6021
    7.5000   45.0000   -7.5000 2349.8330   20.6768
   -7.5000  -45.0000    0.0000 2261.4751   22.0930
    0.0000  -45.0000    0.0000 2296.5874   21.7737
    7.5000  -45.0000    0.0000 2284.5962   21.5966
   -7.5000  -37.5000    0.0000 2363.4446   19.8762
    0.0000  -37.5000    0.0000 2402.6650   19.6425
    7.5000  -37.5000    0.0000 2391.4878   19.5173
   -7.5000  -30.0000    0.0000 2475.5906   18.0994
    0.0000  -30.0000    0.0000 2507.8252   17.8357
    7.5000  -30.0000    0.0000 2500.2727   17.7535
   -7.5000  -22.5000    0.0000 2574.0935   16.6641
    0.0000  -22.5000    0.0000 2605.7087   16.3628
    7.5000  -22.5000    0.0000 2598.0908   16.3138
   -7.5000  -15.0000    0.0000 2652.9158   15.6792
    0.0000  -15.0000    0.0000 2688.6626   15.3603
    7.5000  -15.0000    0.0000 2678.6345   15.3293
   -7.5000   -7.5000    0.0000 2714.6614   15.0708
    0.0000   -7.5000    0.0000 2748.7761   14.7565
    7.5000   -7.5000    0.0000 2737.5442   14.7533
   -7.5000    0.0000    0.0000 2740.3760   14.7638
    0.0000    0.0000    0.0000 2775.0215   14.3974
    7.5000    0.0000    0.0000 2760.7100   14.4477
   -7.5000    7.5000    0.0000 2758.1975   14.8581
    0.0000    7.5000    0.0000 2789.1389   14.4793
    7.5000    7.5000    0.0000 2776.7778   14.5571
   -7.5000   15.0000    0.0000 2745.0066   15.3178
    0.0000   15.0000    0.0000 2780.6697   14.9921
    7.5000   15.0000    0.0000 2765.6121   15.0082
   -7.5000   22.5000    0.0000 2707.3145   15.9383
    0.0000   22.5000    0.0000 2736.1248   15.6679
    7.5000   22.5000    0.0000 2720.7849   15.6631
   -7.5000   30.0000    0.0000 2635.2859   16.8011
    0.0000   30.0000    0.0000 2657.2114   16.4950
    7.5000   30.0000    0.0000 2644.9990   16.5009
   -7.5000   37.5000    0.0000 2531.7307   18.1249
    0.0000   37.5000    0.0000 2549.1250   17.7747
    7.5000   37.5000    0.0000 2542.7708   17.8358
   -7.5000   45.0000    0.0000 2400.4905   19.9845
    0.0000   45.0000    0.0000 2419.1582   19.6380
    7.5000   45.0000    0.0000 2411.8811   19.7418
   -7.5000  -45.0000    7.5000 2273.9009   21.4638
    0.0000  -45.0000    7.5000 2321.2039   21.0925
    7.5000  -45.0000    7.5000 2310.3635   20.8966
   -7.5000  -37.5000    7.5000 2379.8127   19.2484
    0.0000  -37.5000    7.5000 2427.0986   18.9183
    7.5000  -37.5000    7.5000 2415.9622   18.8018
   -7.5000  -30.0000    7.5000 2493.2329   17.4566
    0.0000  -30.0000    7.5000 2542.1819   17.1263
    7.5000  -30.0000    7.5000 2528.5796   17.0574
   -7.5000  -22.5000    7.5000 2601.3767   16.0519
    0.0000  -22.5000    7.5000 2641.4819   15.6738
    7.5000  -22.5000    7.5000 2634.4067   15.6408
   -7.5000  -15.0000    7.5000 2691.5261   15.0687
    0.0000  -15.0000    7.5000 2729.7986   14.6927
    7.5000  -15.0000    7.5000 2724.4695   14.6857
   -7.5000   -7.5000    7.5000 2770.0442   14.5228
    0.0000   -7.5000    7.5000 2802.3823   14.1589
    7.5000   -7.5000    7.5000 2798.4832   14.1549
   -7.5000    0.0000    7.5000 2810.7217   14.2000
    0.0000    0.0000    7.5000 2844.4729   13.7395
    7.5000    0.0000    7.5000 2830.7834   13.8359
   -7.5000    7.5000    7.5000 2831.7983   14.3162
    0.0000    7.5000    7.5000 2871.9646   13.8503
    7.5000    7.5000    7.5000 2850.4558   13.9995
   -7.5000   15.0000    7.5000 2820.6272   14.7657
    0.0000   15.0000    7.5000 2852.4348   14.4031
    7.5000   15.0000    7.5000 2840.3835   14.4754
   -7.5000   22.5000    7.5000 2775.9490   15.3590
    0.0000   22.5000    7.5000 2798.6145   15.0124
    7.5000   22.5000    7.5000 2789.3816   15.0589
   -7.5000   30.0000    7.5000 2692.8762   16.1887
    0.0000   30.0000    7.5000 2712.9238   15.8040
    7.5000   30.0000    7.5000 2708.0979   15.8717
   -7.5000   37.5000    7.5000 2581.3545   17.5003
    0.0000   37.5000    7.5000 2603.4246   17.0807
    7.5000   37.5000    7.5000 2597.2427   17.2476
   -7.5000   45.0000    7.5000 2439.1765   19.3099
    0.0000   45.0000    7.5000 2467.3577   18.9039
    7.5000   45.0000    7.5000 2453.9529   19.1138
   -7.5000  -45.0000   15.0000 2293.8994   21.4662
    0.0000  -45.0000   15.0000 2325.0085   20.7822
    7.5000  -45.0000   15.0000 2330.0715   20.7274
   -7.5000  -37.5000   15.0000 2396.1409   19.2080
    0.0000  -37.5000   15.0000 2424.2043   18.5382
    7.5000  -37.5000   15.0000 2423.4126   18.5499
   -7.5000  -30.0000   15.0000 2504.5103   17.3219
    0.0000  -30.0000   15.0000 2534.5767   16.7556
    7.5000  -30.0000   15.0000 2532.1309   16.7418
   -7.5000  -22.5000   15.0000 2611.7842   15.8238
    0.0000  -22.5000   15.0000 2639.7744   15.3360
    7.5000  -22.5000   15.0000 2636.1152   15.3295
   -7.5000  -15.0000   15.0000 2703.5933   14.7827
    0.0000  -15.0000   15.0000 2735.9426   14.3288
    7.5000  -15.0000   15.0000 2732.3066   14.3501
   -7.5000   -7.5000   15.0000 2783.4866   14.2813
    0.0000   -7.5000   15.0000 2815.9272   13.8624
    7.5000   -7.5000   15.0000 2814.8523   13.8530
   -7.5000    0.0000   15.0000 2841.3079   14.0116
    0.0000    0.0000   15.0000 2883.3928   13.6068
    7.5000    0.0000   15.0000 2863.0188   13.6431
   -7.5000    7.5000   15.0000 2881.5786   14.0619
    0.0000    7.5000   15.0000 2924.5068   13.6148
    7.5000    7.5000   15.0000 2894.6953   13.7852
   -7.5000   15.0000   15.0000 2873.6877   14.5133
    0.0000   15.0000   15.0000 2907.1680   14.0446
    7.5000   15.0000   15.0000 2885.7927   14.2469
   -7.5000   22.5000   15.0000 2814.2686   15.1556
    0.0000   22.5000   15.0000 2839.7056   14.7130
    7.5000   22.5000   15.0000 2827.9067   14.8423
   -7.5000   30.0000   15.0000 2722.8767   15.9250
    0.0000   30.0000   15.0000 2751.6985   15.5515
    7.5000   30.0000   15.0000 2734.6750   15.6149
   -7.5000   37.5000   15.0000 2604.2166   17.1859
    0.0000   37.5000   15.0000 2636.2622   16.8529
    7.5000   37.5000   15.0000 2616.3855   16.8633
   -7.5000   45.0000   15.0000 2467.4868   19.0258
    0.0000   45.0000   15.0000 2494.0884   18.7010
    7.5000   45.0000   15.0000 2472.2068   18.6491
   -7.5000  -45.0000   22.5000 2296.5210   21.6964
    0.0000  -45.0000   22.5000 2322.3992   20.9163
    7.5000  -45.0000   22.5000 2321.9470   20.7633
   -7.5000  -37.5000   22.5000 2403.3037   19.4088
    0.0000  -37.5000   22.5000 2426.4536   18.6908
    7.5000  -37.5000   22.5000 2423.8223   18.6203
   -7.5000  -30.0000   22.5000 2510.2913   17.5053
    0.0000  -30.0000   22.5000 2534.3528   16.8532
    7.5000  -30.0000   22.5000 2529.6658   16.8482
   -7.5000  -22.5000   22.5000 2621.4448   16.0062
    0.0000  -22.5000   22.5000 2634.6807   15.3941
    7.5000  -22.5000   22.5000 2634.3757   15.4321
   -7.5000  -15.0000   22.5000 2723.6904   14.9790
    0.0000  -15.0000   22.5000 2729.9731   14.4063
    7.5000  -15.0000   22.5000 2735.5681   14.4874
   -7.5000   -7.5000   22.5000 2815.4026   14.5291
    0.0000   -7.5000   22.5000 2830.0059   14.0020
    7.5000   -7.5000   22.5000 2826.2410   14.0519
   -7.5000    0.0000   22.5000 2872.4897   14.2717
    0.0000    0.0000   22.5000 2902.2737   13.8787
    7.5000    0.0000   22.5000 2878.6577   13.8664
   -7.5000    7.5000   22.5000 2912.0105   14.3216
    0.0000    7.5000   22.5000 2954.6089   13.8271
    7.5000    7.5000   22.5000 2908.0493   13.8803
   -7.5000   15.0000   22.5000 2899.2991   14.6721
    0.0000   15.0000   22.5000 2946.9119   14.2074
    7.5000   15.0000   22.5000 2899.8425   14.2409
   -7.5000   22.5000   22.5000 2836.2104   15.1399
    0.0000   22.5000   22.5000 2878.5210   14.8305
    7.5000   22.5000   22.5000 2837.2888   14.7777
   -7.5000   30.0000   22.5000 2735.4177   15.8933
    0.0000   30.0000   22.5000 2770.5776   15.6532
    7.5000   30.0000   22.5000 2737.2358   15.5616
   -7.5000   37.5000   22.5000 2612.8789   17.1268
    0.0000   37.5000   22.5000 2637.7747   16.9174
    7.5000   37.5000   22.5000 2615.5217   16.8272
   -7.5000   45.0000   22.5000 2472.7380   18.9273
    0.0000   45.0000   22.5000 2500.1433   18.6611
    7.5000   45.0000   22.5000 2477.8618   18.5759
   -7.5000  -45.0000   30.0000 2286.1333   22.2522
    0.0000  -45.0000   30.0000 2297.5115   21.2985
    7.5000  -45.0000   30.0000 2311.5422   21.2676
   -7.5000  -37.5000   30.0000 2396.0134   19.8914
    0.0000  -37.5000   30.0000 2404.4321   19.0345
    7.5000  -37.5000   30.0000 2414.4785   19.0459
   -7.5000  -30.0000   30.0000 2496.6807   17.9747
    0.0000  -30.0000   30.0000 2513.4744   17.2513
    7.5000  -30.0000   30.0000 2514.8010   17.2286
   -7.5000  -22.5000   30.0000 2613.4878   16.5007
    0.0000  -22.5000   30.0000 2630.6282   15.8819
    7.5000  -22.5000   30.0000 2624.3247   15.8385
   -7.5000  -15.0000   30.0000 2719.3391   15.4948
    0.0000  -15.0000   30.0000 2741.7598   14.9836
    7.5000  -15.0000   30.0000 2722.8584   14.9110
   -7.5000   -7.5000   30.0000 2805.4607   14.9295
    0.0000   -7.5000   30.0000 2838.2739   14.5792
    7.5000   -7.5000   30.0000 2810.7065   14.4719
   -7.5000    0.0000   30.0000 2855.0393   14.6631
    0.0000    0.0000   30.0000 2892.9038   14.2679
    7.5000    0.0000   30.0000 2849.3655   14.2347
   -7.5000    7.5000   30.0000 2893.8953   14.7442
    0.0000    7.5000   30.0000 2927.3660   14.3358
    7.5000    7.5000   30.0000 2888.2114   14.3432
   -7.5000   15.0000   30.0000 2874.7576   15.0915
    0.0000   15.0000   30.0000 2915.8450   14.7540
    7.5000   15.0000   30.0000 2878.8413   14.7000
   -7.5000   22.5000   30.0000 2816.0034   15.5184
    0.0000   22.5000   30.0000 2855.6738   15.2845
    7.5000   22.5000   30.0000 2817.6802   15.1914
   -7.5000   30.0000   30.0000 2717.4158   16.2188
    0.0000   30.0000   30.0000 2742.2456   15.9964
    7.5000   30.0000   30.0000 2713.5466   15.9101
   -7.5000   37.5000   30.0000 2589.8306   17.3376
    0.0000   37.5000   30.0000 2613.5857   17.1168
    7.5000   37.5000   30.0000 2594.4082   17.0797
   -7.5000   45.0000   30.0000 2447.8398   19.0007
    0.0000   45.0000   30.0000 2479.6738   18.7379
    7.5000   45.0000   30.0000 2458.4221   18.7178
   -7.5000  -45.0000   37.5000 2256.2961   22.9922
    0.0000  -45.0000   37.5000 2279.1162   22.2253
    7.5000  -45.0000   37.5000 2278.3645   22.0819
   -7.5000  -37.5000   37.5000 2366.0696   20.6355
    0.0000  -37.5000   37.5000 2392.5486   20.0188
    7.5000  -37.5000   37.5000 2381.4824   19.8772
   -7.5000  -30.0000   37.5000 2480.3000   18.7652
    0.0000  -30.0000   37.5000 2512.6658   18.1987
    7.5000  -30.0000   37.5000 2498.7461   18.0662
   -7.5000  -22.5000   37.5000 2595.2839   17.1932
    0.0000  -22.5000   37.5000 2633.3101   16.6602
    7.5000  -22.5000   37.5000 2618.8552   16.5716
   -7.5000  -15.0000   37.5000 2695.2507   16.0623
    0.0000  -15.0000   37.5000 2731.3162   15.6080
    7.5000  -15.0000   37.5000 2718.2612   15.5792
   -7.5000   -7.5000   37.5000 2775.5410   15.4112
    0.0000   -7.5000   37.5000 2806.7478   14.9719
    7.5000   -7.5000   37.5000 2795.4634   14.9954
   -7.5000    0.0000   37.5000 2823.8472   15.1265
    0.0000    0.0000   37.5000 2854.1113   14.5552
    7.5000    0.0000   37.5000 2832.7219   14.7056
   -7.5000    7.5000   37.5000 2843.8542   15.2090
    0.0000    7.5000   37.5000 2870.1577   14.6620
    7.5000    7.5000   37.5000 2858.4292   14.8512
   -7.5000   15.0000   37.5000 2818.5249   15.5887
    0.0000   15.0000   37.5000 2849.8787   15.1225
    7.5000   15.0000   37.5000 2835.0105   15.2756
   -7.5000   22.5000   37.5000 2758.1289   16.1052
    0.0000   22.5000   37.5000 2793.3845   15.6783
    7.5000   22.5000   37.5000 2772.0693   15.7805
   -7.5000   30.0000   37.5000 2661.6467   16.8464
    0.0000   30.0000   37.5000 2690.0730   16.5224
    7.5000   30.0000   37.5000 2672.0293   16.5644
   -7.5000   37.5000   37.5000 2548.5554   17.9837
    0.0000   37.5000   37.5000 2571.2524   17.6915
    7.5000   37.5000   37.5000 2555.6396   17.7188
   -7.5000   45.0000   37.5000 2410.4329   19.5977
    0.0000   45.0000   37.5000 2439.1230   19.2789
    7.5000   45.0000   37.5000 2425.1543   19.3297
   -7.5000  -45.0000   45.0000 2211.6331   23.9704
    0.0000  -45.0000   45.0000 2235.3259   23.3289
    7.5000  -45.0000   45.0000 2237.0291   23.1802
   -7.5000  -37.5000   45.0000 2322.2749   21.5779
    0.0000  -37.5000   45.0000 2351.4910   20.9194
    7.5000  -37.5000   45.0000 2345.1255   20.8709
   -7.5000  -30.0000   45.0000 2438.5352   19.6373
    0.0000  -30.0000   45.0000 2473.1077   18.9614
    7.5000  -30.0000   45.0000 2465.1062   18.9523
   -7.5000  -22.5000   45.0000 2549.1047   18.0013
    0.0000  -22.5000   45.0000 2587.3083   17.3342
    7.5000  -22.5000   45.0000 2583.3623   17.3481
   -7.5000  -15.0000   45.0000 2647.5227   16.7698
    0.0000  -15.0000   45.0000 2685.3196   16.1316
    7.5000  -15.0000   45.0000 2680.8083   16.1927
   -7.5000   -7.5000   45.0000 2724.3679   16.0456
    0.0000   -7.5000   45.0000 2760.5115   15.4061
    7.5000   -7.5000   45.0000 2752.2087   15.5443
   -7.5000    0.0000   45.0000 2765.4109   15.7097
    0.0000    0.0000   45.0000 2799.4211   15.1335
    7.5000    0.0000   45.0000 2785.7407   15.3360
   -7.5000    7.5000   45.0000 2775.3284   15.8585
    0.0000    7.5000   45.0000 2797.9873   15.3504
    7.5000    7.5000   45.0000 2795.6313   15.5467
   -7.5000   15.0000   45.0000 2739.4114   16.2757
    0.0000   15.0000   45.0000 2767.3364   15.7793
    7.5000   15.0000   45.0000 2760.9604   15.9612
   -7.5000   22.5000   45.0000 2676.9355   16.8129
    0.0000   22.5000   45.0000 2705.2012   16.3894
    7.5000   22.5000   45.0000 2695.1404   16.5338
   -7.5000   30.0000   45.0000 2586.6306   17.5579
    0.0000   30.0000   45.0000 2609.5234   17.1914
    7.5000   30.0000   45.0000 2598.3457   17.2806
   -7.5000   37.5000   45.0000 2482.9170   18.7339
    0.0000   37.5000   45.0000 2505.5234   18.4212
    7.5000   37.5000   45.0000 2493.6174   18.4840
   -7.5000   45.0000   45.0000 2352.6594   20.4276
    0.0000   45.0000   45.0000 2376.8972   20.1431
    7.5000   45.0000   45.0000 2367.1267   20.1605

---------------------------------------------------------------------
imgreg_4dfp /opt/freesurfer/average/711-2C_as_mni_average_305 /opt/freesurfer/average/711-2B_as_mni_average_305_mask talsrcimg_g11 none talsrcimg_to_711-2C_as_mni_average_305_t4 1283
---------------------------------------------------------------------

freesurfer imgreg_4dfp.c
/opt/freesurfer/average/711-2C_as_mni_average_305.4dfp.img
       256       256       256         1
  1.000000  1.000000  1.000000
orientation T byte_order littleendian
Reading image: /opt/freesurfer/average/711-2C_as_mni_average_305.4dfp.img
dimensions:      256       256       256
mmppix:       1.0000   -1.0000   -1.0000
center:     128.0000 -129.0000 -129.0000
/opt/freesurfer/average/711-2B_as_mni_average_305_mask.4dfp.img
       256       256       256         1
  1.000000  1.000000  1.000000
orientation T byte_order littleendian
Reading mask: /opt/freesurfer/average/711-2B_as_mni_average_305_mask.4dfp.img (2306576 pixels)
talsrcimg_g11.4dfp.img
       256       256       256         1
  1.000000  1.000000  1.000000
orientation T byte_order littleendian
Reading image: talsrcimg_g11.4dfp.img
dimensions:      256       256       256
mmppix:       1.0000   -1.0000   -1.0000
center:     128.0000 -129.0000 -129.0000
rotation matrix determinant  1.000000
fimgreg.f
image alignment mode   1283 decimal      503 hex
parameters
    0.0000    7.5000   22.5000    0.0000    0.0000    0.0000
eta,q 0.92905 13.81649
niter,ni,del,rscale     5    3   12.0000    1.2000
parameter  2 -0.616116 -> -0.500000 qaram    1.1500
parameter  5  0.536559 ->  0.500000 qaram    1.1500
parameters
   -0.4839   10.9500   22.3972   -1.2481   -3.4500   -0.4940
eta,q 0.93060 13.79871
  0.0850  0.0834  0.0782  0.0736  0.0720  0.0736
  0.0789  0.0789  0.0750  0.0714  0.0699  0.0714
  0.0746  0.0758  0.0709  0.0709  0.0689  0.0699
  0.0751  0.0739  0.0716  0.0714  0.0711  0.0694
  0.0791  0.0718  0.0739  0.0717  0.0765  0.0705
  0.0809  0.0712  0.0741  0.0741  0.0810  0.0724
  0.0876  0.0727  0.0786  0.0770  0.0848  0.0751
niter,ni,del,rscale     6    3   12.0000    1.2000
parameters
    0.2826   10.6003   22.4555   -0.1720   -3.7363   -0.6579
eta,q 0.93092 13.77848
  0.0885  0.0778  0.0775  0.0741  0.0793  0.0742
  0.0815  0.0738  0.0733  0.0723  0.0737  0.0719
  0.0741  0.0705  0.0691  0.0703  0.0701  0.0699
  0.0694  0.0690  0.0690  0.0691  0.0690  0.0691
  0.0702  0.0703  0.0716  0.0689  0.0707  0.0701
  0.0759  0.0741  0.0727  0.0697  0.0761  0.0723
  0.0816  0.0808  0.0766  0.0720  0.0803  0.0748
niter,ni,del,rscale     5    3   12.0000    1.2000
parameters
    0.5115   10.0872   22.5564    0.6109   -3.7893   -0.6323
eta,q 0.93109 13.75592
  0.0858  0.0781  0.0779  0.0736  0.0806  0.0747
  0.0792  0.0730  0.0734  0.0721  0.0745  0.0722
  0.0726  0.0701  0.0693  0.0700  0.0699  0.0700
  0.0691  0.0690  0.0690  0.0691  0.0689  0.0689
  0.0714  0.0710  0.0710  0.0688  0.0709  0.0697
  0.0780  0.0756  0.0726  0.0698  0.0759  0.0721
  0.0835  0.0807  0.0770  0.0723  0.0798  0.0747
niter,ni,del,rscale     4    3   12.0000    1.2000
parameters
    0.5754    9.7652   22.5961    0.9841   -3.7856   -0.5965
eta,q 0.93106 13.74132
  0.0847  0.0794  0.0779  0.0734  0.0808  0.0748
  0.0785  0.0735  0.0732  0.0717  0.0748  0.0722
  0.0723  0.0704  0.0694  0.0697  0.0698  0.0701
  0.0689  0.0689  0.0690  0.0690  0.0689  0.0689
  0.0715  0.0708  0.0707  0.0689  0.0711  0.0697
  0.0786  0.0763  0.0727  0.0699  0.0759  0.0720
  0.0840  0.0805  0.0774  0.0732  0.0796  0.0748
niter,ni,del,rscale     3    3   12.0000    1.2000
parameters
    0.5960    9.5813   22.6252    1.2118   -3.7693   -0.5599
eta,q 0.93103 13.73451
  0.0843  0.0802  0.0781  0.0734  0.0808  0.0749
  0.0783  0.0740  0.0732  0.0715  0.0749  0.0722
  0.0724  0.0706  0.0694  0.0697  0.0698  0.0701
  0.0689  0.0689  0.0690  0.0690  0.0690  0.0690
  0.0716  0.0704  0.0707  0.0689  0.0712  0.0697
  0.0786  0.0763  0.0728  0.0700  0.0760  0.0720
  0.0841  0.0805  0.0776  0.0736  0.0795  0.0749
niter,ni,del,rscale     2    3   12.0000    1.2000
parameters
    0.6011    9.4693   22.6410    1.3460   -3.7476   -0.5311
eta,q 0.93103 13.73054
  0.0840  0.0805  0.0781  0.0734  0.0808  0.0749
  0.0782  0.0744  0.0732  0.0714  0.0749  0.0722
  0.0725  0.0707  0.0693  0.0697  0.0698  0.0701
  0.0690  0.0690  0.0690  0.0690  0.0690  0.0690
  0.0715  0.0702  0.0706  0.0689  0.0713  0.0697
  0.0786  0.0763  0.0729  0.0700  0.0760  0.0720
  0.0840  0.0806  0.0777  0.0739  0.0794  0.0749
niter,ni,del,rscale     1    3   12.0000    1.2000
parameters
    0.5981    9.4027   22.6453    1.4224   -3.7295   -0.5167
eta,q 0.93103 13.72846
  0.0838  0.0808  0.0781  0.0734  0.0807  0.0749
  0.0782  0.0746  0.0731  0.0714  0.0749  0.0722
  0.0725  0.0708  0.0693  0.0697  0.0698  0.0701
  0.0690  0.0690  0.0690  0.0690  0.0690  0.0690
  0.0715  0.0701  0.0706  0.0689  0.0713  0.0697
  0.0785  0.0762  0.0729  0.0701  0.0760  0.0720
  0.0840  0.0807  0.0778  0.0741  0.0793  0.0750
registration optimization eta report
parameter search radius
    6.0000    6.9000    6.0000    6.0000    6.9000    6.0000
100000*second partial in parameter space
       39.       24.       25.       14.       23.       16.
  0.0838  0.0808  0.0781  0.0734  0.0807  0.0749
  0.0782  0.0746  0.0731  0.0714  0.0749  0.0722
  0.0725  0.0708  0.0693  0.0697  0.0698  0.0701
  0.0690  0.0690  0.0690  0.0690  0.0690  0.0690
  0.0715  0.0701  0.0706  0.0689  0.0713  0.0697
  0.0785  0.0762  0.0729  0.0701  0.0760  0.0720
  0.0840  0.0807  0.0778  0.0741  0.0793  0.0750
    0.5981    9.4027   22.6453    1.4224   -3.7295   -0.5167
eta,q 0.93103 13.72846

---------------------------------------------------------------------
imgreg_4dfp /opt/freesurfer/average/711-2C_as_mni_average_305 /opt/freesurfer/average/711-2B_as_mni_average_305_mask talsrcimg_g11 none talsrcimg_to_711-2C_as_mni_average_305_t4 3335
---------------------------------------------------------------------

freesurfer imgreg_4dfp.c
/opt/freesurfer/average/711-2C_as_mni_average_305.4dfp.img
       256       256       256         1
  1.000000  1.000000  1.000000
orientation T byte_order littleendian
Reading image: /opt/freesurfer/average/711-2C_as_mni_average_305.4dfp.img
dimensions:      256       256       256
mmppix:       1.0000   -1.0000   -1.0000
center:     128.0000 -129.0000 -129.0000
/opt/freesurfer/average/711-2B_as_mni_average_305_mask.4dfp.img
       256       256       256         1
  1.000000  1.000000  1.000000
orientation T byte_order littleendian
Reading mask: /opt/freesurfer/average/711-2B_as_mni_average_305_mask.4dfp.img (2306576 pixels)
talsrcimg_g11.4dfp.img
       256       256       256         1
  1.000000  1.000000  1.000000
orientation T byte_order littleendian
Reading image: talsrcimg_g11.4dfp.img
dimensions:      256       256       256
mmppix:       1.0000   -1.0000   -1.0000
center:     128.0000 -129.0000 -129.0000
fimgreg.f
image alignment mode   3335 decimal      D07 hex
parameters
    0.5981    9.4027   22.6453   -0.2158   -0.0363   -0.2425
    1.0630    6.4800   -0.8999   -2.5408   -6.5046    2.4770
eta,q 0.93195 13.91390
niter,ni,del,rscale     5    3    5.0000    1.2000
parameter  4  2.622572 ->  0.500000 qaram    1.1500
parameter  5  7.599844 ->  0.500000 qaram    1.1500
parameter  6  1.044958 ->  0.500000 qaram    1.1500
parameter 10 -0.524988 -> -0.500000 qaram    1.1500
parameter 12  0.761859 ->  0.500000 qaram    1.1500
parameters
    0.7495   10.3605   23.4553   -4.3558   -4.1763   -4.3825
    0.1732    4.7694    1.8821    1.5992   -4.6315   -1.6630
eta,q 0.95378 13.73597
  0.0706  0.0698  0.0708  0.0546  0.0487  0.0468  0.0500  0.0512  0.0501  0.0511  0.0498  0.0462
  0.0692  0.0692  0.0700  0.0574  0.0520  0.0478  0.0489  0.0488  0.0491  0.0496  0.0482  0.0462
  0.0683  0.0686  0.0688  0.0617  0.0553  0.0500  0.0483  0.0478  0.0483  0.0485  0.0472  0.0464
  0.0680  0.0680  0.0678  0.0673  0.0584  0.0530  0.0482  0.0481  0.0478  0.0476  0.0468  0.0467
  0.0682  0.0678  0.0673  0.0731  0.0622  0.0607  0.0487  0.0497  0.0476  0.0469  0.0467  0.0471
  0.0688  0.0679  0.0676  0.0794  0.0659  0.0671  0.0497  0.0527  0.0477  0.0468  0.0469  0.0478
  0.0700  0.0684  0.0687  0.0858  0.0699  0.0748  0.0512  0.0566  0.0481  0.0476  0.0476  0.0488
niter,ni,del,rscale     7    3    5.0000    1.2000
parameter  3  2.289918 ->  0.500000 qaram    1.1500
parameter  4  0.840041 ->  0.500000 qaram    1.3225
parameter  5  2.615026 ->  0.500000 qaram    1.3225
parameters
    1.2117   10.2666   22.0753   -9.1168   -8.9373   -7.8941
   -0.8893    3.6725    0.9349   -0.3386   -4.6624   -1.7410
eta,q 0.96625 13.23531
  0.0513  0.0480  0.0408  0.0381  0.0312  0.0351  0.0359  0.0372  0.0354  0.0360  0.0346  0.0353
  0.0489  0.0470  0.0419  0.0386  0.0335  0.0344  0.0348  0.0351  0.0345  0.0345  0.0341  0.0345
  0.0471  0.0463  0.0437  0.0399  0.0360  0.0341  0.0342  0.0341  0.0340  0.0338  0.0338  0.0339
  0.0462  0.0461  0.0461  0.0423  0.0388  0.0342  0.0342  0.0341  0.0339  0.0339  0.0337  0.0337
  0.0462  0.0465  0.0490  0.0466  0.0426  0.0366  0.0347  0.0352  0.0344  0.0350  0.0338  0.0339
  0.0470  0.0473  0.0518  0.0521  0.0461  0.0433  0.0358  0.0370  0.0352  0.0369  0.0341  0.0345
  0.0485  0.0482  0.0545  0.0591  0.0504  0.0496  0.0374  0.0395  0.0365  0.0394  0.0346  0.0354
niter,ni,del,rscale     7    3    5.0000    1.2000
parameter  3  1.237131 ->  0.500000 qaram    1.3225
parameter  5  0.883652 ->  0.500000 qaram    1.5209
parameters
    1.6572   10.9816   20.4883  -13.1630  -14.4124   -9.2956
   -1.3508    3.8156    1.2714   -0.1067   -4.5711   -3.6107
eta,q 0.97183 12.64230
  0.0385  0.0373  0.0309  0.0322  0.0282  0.0299  0.0309  0.0330  0.0309  0.0330  0.0293  0.0290
  0.0362  0.0356  0.0314  0.0312  0.0278  0.0288  0.0294  0.0306  0.0296  0.0305  0.0287  0.0284
  0.0346  0.0344  0.0323  0.0310  0.0288  0.0283  0.0285  0.0289  0.0286  0.0289  0.0283  0.0282
  0.0337  0.0336  0.0334  0.0316  0.0310  0.0279  0.0283  0.0282  0.0282  0.0282  0.0282  0.0282
  0.0337  0.0334  0.0349  0.0334  0.0336  0.0279  0.0288  0.0287  0.0285  0.0287  0.0283  0.0286
  0.0345  0.0337  0.0368  0.0371  0.0375  0.0289  0.0299  0.0303  0.0293  0.0302  0.0287  0.0293
  0.0360  0.0346  0.0392  0.0417  0.0412  0.0349  0.0315  0.0327  0.0305  0.0325  0.0292  0.0303
niter,ni,del,rscale     7    3    5.0000    1.2000
parameter  3  0.670697 ->  0.500000 qaram    1.5209
parameters
    1.6237   11.2890   18.6633  -12.9272  -16.3268  -10.4862
   -1.6079    3.6626    1.5869    0.0734   -4.4618   -5.8654
eta,q 0.97280 12.45827
  0.0317  0.0320  0.0276  0.0313  0.0310  0.0296  0.0300  0.0320  0.0298  0.0321  0.0286  0.0281
  0.0297  0.0301  0.0272  0.0294  0.0290  0.0281  0.0285  0.0296  0.0285  0.0296  0.0280  0.0275
  0.0285  0.0288  0.0275  0.0280  0.0276  0.0274  0.0276  0.0279  0.0277  0.0279  0.0275  0.0272
  0.0282  0.0282  0.0282  0.0272  0.0272  0.0272  0.0274  0.0274  0.0273  0.0273  0.0273  0.0273
  0.0286  0.0283  0.0291  0.0274  0.0288  0.0274  0.0278  0.0280  0.0275  0.0278  0.0275  0.0279
  0.0299  0.0291  0.0304  0.0285  0.0313  0.0285  0.0289  0.0299  0.0282  0.0294  0.0279  0.0287
  0.0319  0.0304  0.0321  0.0314  0.0353  0.0331  0.0304  0.0325  0.0294  0.0317  0.0285  0.0296
niter,ni,del,rscale     7    3    5.0000    1.2000
parameters
    1.5179   11.7007   18.4539  -12.6081  -16.5557  -10.4624
   -1.6953    3.5001    1.6985    0.6939   -4.6022   -6.4430
eta,q 0.97295 12.47177
  0.0306  0.0311  0.0299  0.0311  0.0323  0.0302  0.0299  0.0317  0.0294  0.0325  0.0283  0.0285
  0.0287  0.0292  0.0280  0.0293  0.0300  0.0285  0.0284  0.0293  0.0281  0.0297  0.0276  0.0276
  0.0275  0.0279  0.0272  0.0279  0.0283  0.0273  0.0274  0.0276  0.0274  0.0278  0.0272  0.0272
  0.0272  0.0272  0.0271  0.0271  0.0270  0.0271  0.0271  0.0271  0.0271  0.0271  0.0271  0.0271
  0.0278  0.0272  0.0276  0.0272  0.0278  0.0268  0.0275  0.0278  0.0273  0.0274  0.0272  0.0274
  0.0291  0.0278  0.0288  0.0284  0.0300  0.0276  0.0285  0.0296  0.0280  0.0289  0.0277  0.0280
  0.0312  0.0291  0.0304  0.0311  0.0331  0.0309  0.0300  0.0321  0.0292  0.0310  0.0284  0.0289
niter,ni,del,rscale     6    3    5.0000    1.2000
parameters
    1.4946   11.8301   18.3866  -12.5782  -16.5867  -10.5038
   -1.7610    3.4566    1.7426    0.9233   -4.7011   -6.6448
eta,q 0.97297 12.47210
  0.0307  0.0302  0.0302  0.0309  0.0324  0.0302  0.0299  0.0318  0.0292  0.0320  0.0282  0.0287
  0.0287  0.0286  0.0282  0.0291  0.0300  0.0285  0.0284  0.0294  0.0281  0.0293  0.0276  0.0277
  0.0274  0.0275  0.0272  0.0277  0.0283  0.0273  0.0274  0.0277  0.0273  0.0276  0.0272  0.0272
  0.0270  0.0270  0.0270  0.0270  0.0270  0.0270  0.0270  0.0270  0.0270  0.0270  0.0270  0.0270
  0.0275  0.0273  0.0275  0.0273  0.0277  0.0268  0.0274  0.0277  0.0273  0.0276  0.0272  0.0273
  0.0288  0.0281  0.0286  0.0285  0.0299  0.0276  0.0285  0.0294  0.0280  0.0292  0.0276  0.0279
  0.0308  0.0297  0.0302  0.0314  0.0328  0.0311  0.0300  0.0319  0.0292  0.0313  0.0283  0.0288
niter,ni,del,rscale     5    3    5.0000    1.2000
parameters
    1.4898   11.8731   18.3496  -12.5782  -16.5906  -10.5289
   -1.7905    3.4484    1.7739    1.0056   -4.7540   -6.7362
eta,q 0.97297 12.47155
  0.0307  0.0300  0.0302  0.0309  0.0324  0.0303  0.0299  0.0318  0.0292  0.0319  0.0283  0.0287
  0.0287  0.0284  0.0282  0.0291  0.0301  0.0285  0.0284  0.0295  0.0280  0.0291  0.0276  0.0277
  0.0274  0.0274  0.0272  0.0277  0.0283  0.0273  0.0274  0.0277  0.0273  0.0275  0.0272  0.0272
  0.0270  0.0270  0.0270  0.0270  0.0270  0.0270  0.0270  0.0270  0.0270  0.0270  0.0270  0.0270
  0.0275  0.0273  0.0275  0.0273  0.0277  0.0268  0.0274  0.0276  0.0273  0.0277  0.0272  0.0273
  0.0288  0.0283  0.0285  0.0285  0.0299  0.0277  0.0285  0.0294  0.0280  0.0293  0.0276  0.0279
  0.0307  0.0299  0.0301  0.0315  0.0328  0.0310  0.0299  0.0319  0.0292  0.0314  0.0283  0.0287
niter,ni,del,rscale     4    3    5.0000    1.2000
parameters
    1.4875   11.8913   18.3329  -12.5824  -16.5880  -10.5409
   -1.8020    3.4423    1.7940    1.0398   -4.7786   -6.7661
eta,q 0.97296 12.47123
  0.0307  0.0300  0.0303  0.0309  0.0324  0.0303  0.0300  0.0318  0.0292  0.0318  0.0283  0.0288
  0.0287  0.0284  0.0282  0.0291  0.0301  0.0285  0.0284  0.0295  0.0280  0.0291  0.0276  0.0278
  0.0274  0.0274  0.0272  0.0277  0.0283  0.0273  0.0274  0.0277  0.0273  0.0275  0.0272  0.0272
  0.0270  0.0270  0.0270  0.0270  0.0270  0.0270  0.0270  0.0270  0.0270  0.0270  0.0270  0.0270
  0.0275  0.0273  0.0274  0.0273  0.0277  0.0268  0.0274  0.0276  0.0273  0.0277  0.0272  0.0273
  0.0288  0.0283  0.0285  0.0285  0.0299  0.0277  0.0285  0.0294  0.0280  0.0293  0.0276  0.0279
  0.0307  0.0299  0.0301  0.0315  0.0327  0.0310  0.0299  0.0319  0.0292  0.0315  0.0283  0.0287
registration optimization eta report
parameter search radius
    2.4000    2.4000    3.6501    9.5220   10.9503    8.2800
    7.2000    7.2000    7.2000    8.2800    7.2000    8.2800
100000*second partial in parameter space
       64.       50.       24.        5.        4.        6.
        6.        9.        4.        7.        2.        2.
  0.0307  0.0300  0.0303  0.0309  0.0324  0.0303  0.0300  0.0318  0.0292  0.0318  0.0283  0.0288
  0.0287  0.0284  0.0282  0.0291  0.0301  0.0285  0.0284  0.0295  0.0280  0.0291  0.0276  0.0278
  0.0274  0.0274  0.0272  0.0277  0.0283  0.0273  0.0274  0.0277  0.0273  0.0275  0.0272  0.0272
  0.0270  0.0270  0.0270  0.0270  0.0270  0.0270  0.0270  0.0270  0.0270  0.0270  0.0270  0.0270
  0.0275  0.0273  0.0274  0.0273  0.0277  0.0268  0.0274  0.0276  0.0273  0.0277  0.0272  0.0273
  0.0288  0.0283  0.0285  0.0285  0.0299  0.0277  0.0285  0.0294  0.0280  0.0293  0.0276  0.0279
  0.0307  0.0299  0.0301  0.0315  0.0327  0.0310  0.0299  0.0319  0.0292  0.0315  0.0283  0.0287
    1.4875   11.8913   18.3329  -12.5824  -16.5880  -10.5409
   -1.8020    3.4423    1.7940    1.0398   -4.7786   -6.7661
eta,q 0.97296 12.47123

---------------------------------------------------------------------
imgreg_4dfp /opt/freesurfer/average/711-2C_as_mni_average_305 /opt/freesurfer/average/711-2B_as_mni_average_305_mask talsrcimg_g11 none talsrcimg_to_711-2C_as_mni_average_305_t4 2311
---------------------------------------------------------------------

freesurfer imgreg_4dfp.c
/opt/freesurfer/average/711-2C_as_mni_average_305.4dfp.img
       256       256       256         1
  1.000000  1.000000  1.000000
orientation T byte_order littleendian
Reading image: /opt/freesurfer/average/711-2C_as_mni_average_305.4dfp.img
dimensions:      256       256       256
mmppix:       1.0000   -1.0000   -1.0000
center:     128.0000 -129.0000 -129.0000
/opt/freesurfer/average/711-2B_as_mni_average_305_mask.4dfp.img
       256       256       256         1
  1.000000  1.000000  1.000000
orientation T byte_order littleendian
Reading mask: /opt/freesurfer/average/711-2B_as_mni_average_305_mask.4dfp.img (2306576 pixels)
talsrcimg_g11.4dfp.img
       256       256       256         1
  1.000000  1.000000  1.000000
orientation T byte_order littleendian
Reading image: talsrcimg_g11.4dfp.img
dimensions:      256       256       256
mmppix:       1.0000   -1.0000   -1.0000
center:     128.0000 -129.0000 -129.0000
fimgreg.f
image alignment mode   2311 decimal      907 hex
parameters
    1.4875   11.8913   18.3329  -12.5824  -16.5880  -10.5409
   -1.8020    3.4423    1.7940    1.0398   -4.7786   -6.7661
eta,q 0.97296 12.47124
niter,ni,del,rscale     5    3    5.0000    0.8000
parameters
    1.4679   11.9078   18.1542  -11.7824  -16.0391   -9.7661
   -1.8099    3.4563    1.8901    0.9111   -4.7421   -7.0177
eta,q 0.97319 12.60215
  0.0287  0.0284  0.0275  0.0284  0.0288  0.0280  0.0282  0.0291  0.0279  0.0285  0.0274  0.0274
  0.0278  0.0277  0.0272  0.0277  0.0281  0.0273  0.0275  0.0279  0.0273  0.0275  0.0271  0.0270
  0.0272  0.0272  0.0271  0.0273  0.0275  0.0271  0.0270  0.0271  0.0270  0.0269  0.0269  0.0269
  0.0270  0.0270  0.0270  0.0270  0.0270  0.0269  0.0268  0.0268  0.0268  0.0268  0.0268  0.0268
  0.0273  0.0272  0.0271  0.0270  0.0270  0.0267  0.0270  0.0271  0.0269  0.0271  0.0269  0.0269
  0.0278  0.0276  0.0274  0.0273  0.0275  0.0269  0.0275  0.0279  0.0273  0.0277  0.0271  0.0272
  0.0288  0.0283  0.0277  0.0277  0.0283  0.0275  0.0282  0.0291  0.0278  0.0286  0.0274  0.0275
niter,ni,del,rscale     4    3    5.0000    0.7000
parameters
    1.4748   11.8319   18.0594  -11.8327  -15.9240   -9.8673
   -1.8588    3.4511    1.9083    0.9042   -4.7671   -7.0674
eta,q 0.97318 12.60009
  0.0281  0.0278  0.0272  0.0276  0.0282  0.0274  0.0279  0.0286  0.0276  0.0282  0.0272  0.0273
  0.0274  0.0272  0.0270  0.0271  0.0276  0.0271  0.0273  0.0276  0.0272  0.0274  0.0270  0.0270
  0.0269  0.0269  0.0268  0.0269  0.0271  0.0270  0.0269  0.0270  0.0269  0.0269  0.0269  0.0269
  0.0268  0.0268  0.0268  0.0268  0.0268  0.0268  0.0268  0.0268  0.0268  0.0268  0.0268  0.0268
  0.0270  0.0270  0.0269  0.0269  0.0269  0.0266  0.0270  0.0270  0.0269  0.0270  0.0269  0.0269
  0.0274  0.0274  0.0271  0.0272  0.0274  0.0271  0.0273  0.0276  0.0272  0.0274  0.0270  0.0271
  0.0281  0.0280  0.0273  0.0276  0.0282  0.0276  0.0279  0.0286  0.0276  0.0282  0.0272  0.0273
niter,ni,del,rscale     3    3    5.0000    0.6000
parameters
    1.4641   11.8199   18.0281  -11.8694  -15.8323   -9.7815
   -1.8727    3.4463    1.9338    0.9086   -4.7920   -7.1218
eta,q 0.97320 12.60872
  0.0278  0.0276  0.0272  0.0274  0.0280  0.0273  0.0276  0.0281  0.0274  0.0278  0.0271  0.0272
  0.0272  0.0272  0.0269  0.0271  0.0274  0.0271  0.0272  0.0274  0.0271  0.0272  0.0269  0.0270
  0.0269  0.0269  0.0268  0.0269  0.0270  0.0270  0.0269  0.0269  0.0269  0.0269  0.0268  0.0268
  0.0268  0.0268  0.0268  0.0268  0.0268  0.0268  0.0268  0.0268  0.0268  0.0268  0.0268  0.0268
  0.0269  0.0269  0.0269  0.0269  0.0269  0.0266  0.0269  0.0269  0.0269  0.0269  0.0268  0.0268
  0.0273  0.0272  0.0270  0.0271  0.0273  0.0269  0.0272  0.0274  0.0271  0.0272  0.0269  0.0270
  0.0278  0.0276  0.0272  0.0274  0.0279  0.0274  0.0276  0.0281  0.0274  0.0278  0.0271  0.0272
niter,ni,del,rscale     2    3    5.0000    0.5000
parameters
    1.4584   11.8037   17.9965  -11.9078  -15.7649   -9.5356
   -1.8699    3.4379    1.9536    0.8956   -4.7705   -7.1289
eta,q 0.97326 12.62587
  0.0274  0.0273  0.0270  0.0272  0.0276  0.0271  0.0273  0.0277  0.0272  0.0274  0.0270  0.0270
  0.0271  0.0270  0.0269  0.0270  0.0272  0.0270  0.0270  0.0272  0.0269  0.0270  0.0268  0.0269
  0.0269  0.0269  0.0268  0.0268  0.0269  0.0270  0.0268  0.0268  0.0268  0.0268  0.0268  0.0268
  0.0268  0.0268  0.0268  0.0268  0.0268  0.0268  0.0267  0.0267  0.0267  0.0267  0.0267  0.0267
  0.0269  0.0269  0.0268  0.0269  0.0269  0.0266  0.0268  0.0268  0.0268  0.0268  0.0268  0.0268
  0.0271  0.0271  0.0269  0.0270  0.0272  0.0268  0.0270  0.0272  0.0269  0.0271  0.0268  0.0269
  0.0275  0.0274  0.0271  0.0272  0.0276  0.0272  0.0273  0.0277  0.0271  0.0274  0.0270  0.0270
niter,ni,del,rscale     1    3    5.0000    0.4000
parameters
    1.4590   11.7858   18.0015  -11.9505  -15.7339   -9.2191
   -1.8639    3.4251    1.9629    0.8946   -4.7879   -7.1589
eta,q 0.97332 12.64524
  0.0272  0.0271  0.0269  0.0270  0.0273  0.0270  0.0271  0.0273  0.0269  0.0272  0.0268  0.0269
  0.0269  0.0269  0.0268  0.0268  0.0270  0.0270  0.0269  0.0269  0.0268  0.0269  0.0267  0.0268
  0.0268  0.0268  0.0268  0.0268  0.0268  0.0269  0.0267  0.0267  0.0267  0.0267  0.0267  0.0267
  0.0267  0.0267  0.0267  0.0267  0.0267  0.0267  0.0267  0.0267  0.0267  0.0267  0.0267  0.0267
  0.0268  0.0268  0.0268  0.0268  0.0268  0.0266  0.0267  0.0268  0.0267  0.0267  0.0267  0.0267
  0.0269  0.0269  0.0268  0.0269  0.0270  0.0267  0.0268  0.0269  0.0268  0.0269  0.0267  0.0268
  0.0272  0.0271  0.0269  0.0270  0.0273  0.0270  0.0271  0.0273  0.0269  0.0271  0.0268  0.0269
registration optimization eta report
parameter search radius
    0.8000    0.8000    0.8000    2.4000    2.4000    2.4000
    2.4000    2.4000    2.4000    2.4000    2.4000    2.4000
100000*second partial in parameter space
       67.       57.       29.        5.       10.        5.
        6.       10.        4.        8.        2.        3.
  0.0272  0.0271  0.0269  0.0270  0.0273  0.0270  0.0271  0.0273  0.0269  0.0272  0.0268  0.0269
  0.0269  0.0269  0.0268  0.0268  0.0270  0.0270  0.0269  0.0269  0.0268  0.0269  0.0267  0.0268
  0.0268  0.0268  0.0268  0.0268  0.0268  0.0269  0.0267  0.0267  0.0267  0.0267  0.0267  0.0267
  0.0267  0.0267  0.0267  0.0267  0.0267  0.0267  0.0267  0.0267  0.0267  0.0267  0.0267  0.0267
  0.0268  0.0268  0.0268  0.0268  0.0268  0.0266  0.0267  0.0268  0.0267  0.0267  0.0267  0.0267
  0.0269  0.0269  0.0268  0.0269  0.0270  0.0267  0.0268  0.0269  0.0268  0.0269  0.0267  0.0268
  0.0272  0.0271  0.0269  0.0270  0.0273  0.0270  0.0271  0.0273  0.0269  0.0271  0.0268  0.0269
    1.4590   11.7858   18.0015  -11.9505  -15.7339   -9.2191
   -1.8639    3.4251    1.9629    0.8946   -4.7879   -7.1589
eta,q 0.97332 12.64524

---------------------------------------------------------------------
imgreg_4dfp /opt/freesurfer/average/711-2C_as_mni_average_305 /opt/freesurfer/average/711-2B_as_mni_average_305_mask talsrcimg_g11 none talsrcimg_to_711-2C_as_mni_average_305_t4 2311
---------------------------------------------------------------------

freesurfer imgreg_4dfp.c
/opt/freesurfer/average/711-2C_as_mni_average_305.4dfp.img
       256       256       256         1
  1.000000  1.000000  1.000000
orientation T byte_order littleendian
Reading image: /opt/freesurfer/average/711-2C_as_mni_average_305.4dfp.img
dimensions:      256       256       256
mmppix:       1.0000   -1.0000   -1.0000
center:     128.0000 -129.0000 -129.0000
/opt/freesurfer/average/711-2B_as_mni_average_305_mask.4dfp.img
       256       256       256         1
  1.000000  1.000000  1.000000
orientation T byte_order littleendian
Reading mask: /opt/freesurfer/average/711-2B_as_mni_average_305_mask.4dfp.img (2306576 pixels)
talsrcimg_g11.4dfp.img
       256       256       256         1
  1.000000  1.000000  1.000000
orientation T byte_order littleendian
Reading image: talsrcimg_g11.4dfp.img
dimensions:      256       256       256
mmppix:       1.0000   -1.0000   -1.0000
center:     128.0000 -129.0000 -129.0000
fimgreg.f
image alignment mode   2311 decimal      907 hex
parameters
    1.4590   11.7858   18.0015  -11.9505  -15.7339   -9.2191
   -1.8639    3.4251    1.9629    0.8946   -4.7879   -7.1589
eta,q 0.97332 12.64524
niter,ni,del,rscale     5    3    5.0000    0.8000
parameters
    1.4824   11.7753   18.1548  -11.8855  -15.9775   -9.8602
   -1.8738    3.4446    1.9002    0.8762   -4.7940   -6.9577
eta,q 0.97317 12.59485
  0.0284  0.0281  0.0277  0.0277  0.0283  0.0274  0.0283  0.0291  0.0278  0.0286  0.0274  0.0275
  0.0274  0.0273  0.0271  0.0272  0.0276  0.0271  0.0275  0.0279  0.0273  0.0276  0.0271  0.0271
  0.0269  0.0268  0.0268  0.0268  0.0270  0.0270  0.0270  0.0271  0.0269  0.0270  0.0269  0.0269
  0.0267  0.0267  0.0267  0.0267  0.0267  0.0267  0.0268  0.0268  0.0268  0.0268  0.0268  0.0268
  0.0269  0.0269  0.0268  0.0268  0.0270  0.0268  0.0270  0.0271  0.0269  0.0271  0.0269  0.0269
  0.0274  0.0273  0.0270  0.0271  0.0277  0.0274  0.0275  0.0279  0.0273  0.0276  0.0271  0.0271
  0.0283  0.0281  0.0273  0.0277  0.0288  0.0282  0.0283  0.0291  0.0279  0.0286  0.0274  0.0274
niter,ni,del,rscale     4    3    5.0000    0.7000
parameters
    1.4727   11.8161   18.0585  -11.8500  -15.8981   -9.8793
   -1.8610    3.4518    1.9171    0.8858   -4.7684   -7.0560
eta,q 0.97319 12.59959
  0.0281  0.0280  0.0272  0.0276  0.0282  0.0274  0.0279  0.0286  0.0276  0.0282  0.0272  0.0273
  0.0274  0.0273  0.0270  0.0272  0.0276  0.0271  0.0273  0.0276  0.0272  0.0274  0.0270  0.0270
  0.0269  0.0270  0.0268  0.0269  0.0271  0.0270  0.0269  0.0270  0.0269  0.0269  0.0269  0.0269
  0.0268  0.0268  0.0268  0.0268  0.0268  0.0268  0.0268  0.0268  0.0268  0.0268  0.0268  0.0268
  0.0270  0.0269  0.0269  0.0269  0.0269  0.0266  0.0269  0.0270  0.0269  0.0270  0.0269  0.0269
  0.0274  0.0273  0.0271  0.0272  0.0274  0.0270  0.0273  0.0276  0.0272  0.0274  0.0270  0.0271
  0.0281  0.0278  0.0273  0.0276  0.0282  0.0276  0.0279  0.0286  0.0276  0.0281  0.0272  0.0273
niter,ni,del,rscale     3    3    5.0000    0.6000
parameters
    1.4648   11.8127   18.0264  -11.8815  -15.8249   -9.7816
   -1.8717    3.4485    1.9368    0.9007   -4.7806   -7.0999
eta,q 0.97321 12.60832
  0.0278  0.0276  0.0272  0.0274  0.0279  0.0273  0.0276  0.0281  0.0274  0.0278  0.0271  0.0272
  0.0272  0.0272  0.0269  0.0271  0.0274  0.0271  0.0272  0.0274  0.0271  0.0272  0.0269  0.0270
  0.0269  0.0269  0.0268  0.0269  0.0270  0.0270  0.0269  0.0269  0.0269  0.0269  0.0268  0.0268
  0.0268  0.0268  0.0268  0.0268  0.0268  0.0268  0.0268  0.0268  0.0268  0.0268  0.0268  0.0268
  0.0269  0.0269  0.0269  0.0269  0.0269  0.0266  0.0269  0.0269  0.0269  0.0269  0.0268  0.0268
  0.0273  0.0272  0.0270  0.0271  0.0273  0.0269  0.0272  0.0274  0.0270  0.0272  0.0269  0.0270
  0.0278  0.0276  0.0272  0.0274  0.0279  0.0274  0.0276  0.0281  0.0274  0.0278  0.0271  0.0272
niter,ni,del,rscale     2    3    5.0000    0.5000
parameters
    1.4595   11.8027   18.0000  -11.9149  -15.7633   -9.5402
   -1.8722    3.4407    1.9547    0.8910   -4.7685   -7.1216
eta,q 0.97326 12.62514
  0.0274  0.0273  0.0270  0.0272  0.0276  0.0271  0.0273  0.0277  0.0271  0.0274  0.0270  0.0270
  0.0271  0.0270  0.0269  0.0270  0.0272  0.0270  0.0270  0.0272  0.0269  0.0271  0.0268  0.0269
  0.0269  0.0269  0.0268  0.0268  0.0269  0.0270  0.0268  0.0268  0.0268  0.0268  0.0268  0.0268
  0.0268  0.0268  0.0268  0.0268  0.0268  0.0268  0.0267  0.0267  0.0267  0.0267  0.0267  0.0267
  0.0269  0.0269  0.0268  0.0269  0.0269  0.0266  0.0268  0.0268  0.0268  0.0268  0.0268  0.0268
  0.0271  0.0271  0.0269  0.0270  0.0272  0.0268  0.0270  0.0272  0.0269  0.0271  0.0268  0.0269
  0.0275  0.0274  0.0271  0.0272  0.0276  0.0272  0.0273  0.0277  0.0271  0.0274  0.0270  0.0270
niter,ni,del,rscale     1    3    5.0000    0.4000
parameters
    1.4587   11.7856   18.0015  -11.9596  -15.7358   -9.2186
   -1.8649    3.4218    1.9659    0.8939   -4.7900   -7.1598
eta,q 0.97332 12.64458
  0.0272  0.0271  0.0269  0.0270  0.0273  0.0270  0.0271  0.0273  0.0269  0.0272  0.0268  0.0269
  0.0269  0.0269  0.0268  0.0269  0.0270  0.0270  0.0269  0.0269  0.0268  0.0269  0.0267  0.0268
  0.0268  0.0268  0.0268  0.0268  0.0268  0.0269  0.0267  0.0267  0.0267  0.0267  0.0267  0.0267
  0.0267  0.0267  0.0267  0.0267  0.0267  0.0267  0.0267  0.0267  0.0267  0.0267  0.0267  0.0267
  0.0268  0.0268  0.0268  0.0268  0.0268  0.0266  0.0267  0.0268  0.0267  0.0267  0.0267  0.0267
  0.0269  0.0269  0.0268  0.0269  0.0270  0.0267  0.0268  0.0270  0.0268  0.0269  0.0267  0.0268
  0.0272  0.0271  0.0269  0.0270  0.0273  0.0270  0.0271  0.0273  0.0269  0.0271  0.0268  0.0269
registration optimization eta report
parameter search radius
    0.8000    0.8000    0.8000    2.4000    2.4000    2.4000
    2.4000    2.4000    2.4000    2.4000    2.4000    2.4000
100000*second partial in parameter space
       66.       56.       29.        5.       10.        5.
        7.       10.        5.        8.        2.        3.
  0.0272  0.0271  0.0269  0.0270  0.0273  0.0270  0.0271  0.0273  0.0269  0.0272  0.0268  0.0269
  0.0269  0.0269  0.0268  0.0269  0.0270  0.0270  0.0269  0.0269  0.0268  0.0269  0.0267  0.0268
  0.0268  0.0268  0.0268  0.0268  0.0268  0.0269  0.0267  0.0267  0.0267  0.0267  0.0267  0.0267
  0.0267  0.0267  0.0267  0.0267  0.0267  0.0267  0.0267  0.0267  0.0267  0.0267  0.0267  0.0267
  0.0268  0.0268  0.0268  0.0268  0.0268  0.0266  0.0267  0.0268  0.0267  0.0267  0.0267  0.0267
  0.0269  0.0269  0.0268  0.0269  0.0270  0.0267  0.0268  0.0270  0.0268  0.0269  0.0267  0.0268
  0.0272  0.0271  0.0269  0.0270  0.0273  0.0270  0.0271  0.0273  0.0269  0.0271  0.0268  0.0269
    1.4587   11.7856   18.0015  -11.9596  -15.7358   -9.2186
   -1.8649    3.4218    1.9659    0.8939   -4.7900   -7.1598
eta,q 0.97332 12.64458

---------------------------------------------------------------------
compute_vox2vox talsrcimg talsrcimg_to_711-2C_as_mni_average_305_t4 /opt/freesurfer/average/711-2C_as_mni_average_305
---------------------------------------------------------------------

freesurfer compute_vox2vox.c
Reading: talsrcimg.4dfp.ifh
Reading: talsrcimg_to_711-2C_as_mni_average_305_t4
Reading: /opt/freesurfer/average/711-2C_as_mni_average_305.4dfp.ifh
Writing: talsrcimg_to_711-2C_as_mni_average_305_t4_vox2vox.txt

start time Tue Mar 10 22:50:52 CET 2026
end		time Tue Mar 10 22:52:17 CET 2026

mpr2mni305 success

avi2talxfm orig_nu.mgz /opt/freesurfer/average/mni305.cor.mgz talsrcimg_to_711-2C_as_mni_average_305_t4_vox2vox.txt transforms/talairach.auto.xfm
avi2talxfm done
mv -f /out/sourcedata/freesurfer/sub-v2s12x28873_ses-1/mri/talsrcimg_to_711-2C_as_mni_average_305_t4_vox2vox.txt /out/sourcedata/freesurfer/sub-v2s12x28873_ses-1/mri/transforms/talsrcimg_to_711-2C_as_mni_average_305_t4_vox2vox.txt
lta_convert --src orig_nu.mgz --trg /opt/freesurfer/average/mni305.cor.mgz --inxfm transforms/talairach.auto.xfm --outlta transforms/talairach.auto.xfm.lta --subject fsaverage
7.3.2

--src: orig_nu.mgz src image (geometry).
--trg: /opt/freesurfer/average/mni305.cor.mgz trg image (geometry).
--inmni: transforms/talairach.auto.xfm input MNI/XFM transform.
--outlta: transforms/talairach.auto.xfm.lta output LTA.
--s: fsaverage subject name
 LTA read, type : 1
 1.13303  -0.04292   0.02143  -2.20161;
 0.05765   1.09844   0.09461  -27.29700;
-0.02705  -0.01065   1.18524  -22.03699;
 0.00000   0.00000   0.00000   1.00000;
setting subject to fsaverage
Writing  LTA to file transforms/talairach.auto.xfm.lta...
lta_convert successful.
 
 
Started at Tue Mar 10 22:50:52 CET 2026
Ended   at Tue Mar 10 22:52:18 CET 2026
talairach_avi done
