status file for recon-all
Wed Mar 11 05:07:58 CET 2026
#@# Tessellate rh Wed Mar 11 05:07:58 CET 2026
#@# Smooth1 rh Wed Mar 11 05:08:02 CET 2026
#@# Inflation1 rh Wed Mar 11 05:08:05 CET 2026
#@# QSphere rh Wed Mar 11 05:08:20 CET 2026
#@# Fix Topology rh Wed Mar 11 05:09:31 CET 2026
#@# Smooth2 rh Wed Mar 11 05:16:49 CET 2026
#@# Inflation2 rh Wed Mar 11 05:16:52 CET 2026
#@# Curv .H and .K rh Wed Mar 11 05:17:09 CET 2026
#@# Sphere rh Wed Mar 11 05:17:54 CET 2026
#@# Surf Reg rh Wed Mar 11 05:24:22 CET 2026
#@# Jacobian white rh Wed Mar 11 05:31:40 CET 2026
#@# AvgCurv rh Wed Mar 11 05:31:40 CET 2026
#@# Cortical Parc rh Wed Mar 11 05:31:41 CET 2026
#@# white curv rh Wed Mar 11 05:38:22 CET 2026
#@# white area rh Wed Mar 11 05:38:24 CET 2026
#@# pial curv rh Wed Mar 11 05:38:25 CET 2026
#@# pial area rh Wed Mar 11 05:38:26 CET 2026
#@# thickness rh Wed Mar 11 05:38:27 CET 2026
#@# area and vertex vol rh Wed Mar 11 05:38:55 CET 2026
#@# Curvature Stats rh Wed Mar 11 05:38:56 CET 2026
#@# Cortical Parc 2 rh Wed Mar 11 05:38:59 CET 2026
#@# Cortical Parc 3 rh Wed Mar 11 05:39:11 CET 2026
#@# WM/GM Contrast rh Wed Mar 11 05:39:21 CET 2026
recon-all -s sub-v2s12x28907_ses-1 finished without error at Wed Mar 11 05:39:24 CET 2026



#New# invocation of recon-all 



status file for recon-all
Wed Mar 11 05:46:43 CET 2026
#@# white curv rh Wed Mar 11 05:46:43 CET 2026
#@# white area rh Wed Mar 11 05:46:43 CET 2026
#@# pial curv rh Wed Mar 11 05:46:43 CET 2026
#@# pial area rh Wed Mar 11 05:46:43 CET 2026
#@# thickness rh Wed Mar 11 05:46:43 CET 2026
#@# area and vertex vol rh Wed Mar 11 05:46:43 CET 2026
#@# Parcellation Stats rh Wed Mar 11 05:46:43 CET 2026
#@# Parcellation Stats 2 rh Wed Mar 11 05:47:00 CET 2026
#@# Parcellation Stats 3 rh Wed Mar 11 05:47:09 CET 2026
#@# BA_exvivo Labels rh Wed Mar 11 05:47:18 CET 2026
recon-all -s sub-v2s12x28907_ses-1 finished without error at Wed Mar 11 05:49:53 CET 2026
