status file for recon-all
Wed Mar 11 02:56:52 CET 2026
#@# MotionCor Wed Mar 11 02:56:54 CET 2026
#@# Talairach Wed Mar 11 02:57:02 CET 2026
#@# Talairach Failure Detection Wed Mar 11 03:01:28 CET 2026
#@# Nu Intensity Correction Wed Mar 11 03:01:28 CET 2026
#@# Intensity Normalization Wed Mar 11 03:04:42 CET 2026
recon-all -s sub-v2s12x28907_ses-1 finished without error at Wed Mar 11 03:06:10 CET 2026



#New# invocation of recon-all 



status file for recon-all
Wed Mar 11 03:13:31 CET 2026
#@# EM Registration Wed Mar 11 03:13:31 CET 2026
recon-all -s sub-v2s12x28907_ses-1 finished without error at Wed Mar 11 03:15:20 CET 2026



#New# invocation of recon-all 



status file for recon-all
Wed Mar 11 03:15:23 CET 2026
#@# CA Normalize Wed Mar 11 03:15:23 CET 2026
#@# CA Reg Wed Mar 11 03:16:44 CET 2026
#@# SubCort Seg Wed Mar 11 04:10:18 CET 2026
#@# CC Seg Wed Mar 11 04:37:09 CET 2026
#@# Merge ASeg Wed Mar 11 04:37:42 CET 2026
#@# Intensity Normalization2 Wed Mar 11 04:37:42 CET 2026
#@# Mask BFS Wed Mar 11 04:39:48 CET 2026
#@# WM Segmentation Wed Mar 11 04:39:49 CET 2026
#@# Fill Wed Mar 11 04:41:38 CET 2026
recon-all -s sub-v2s12x28907_ses-1 finished without error at Wed Mar 11 04:42:38 CET 2026



#New# invocation of recon-all 



status file for recon-all
Wed Mar 11 05:39:29 CET 2026
#@# white curv lh Wed Mar 11 05:39:29 CET 2026
#@# white area lh Wed Mar 11 05:39:29 CET 2026
#@# pial curv lh Wed Mar 11 05:39:29 CET 2026
#@# pial area lh Wed Mar 11 05:39:29 CET 2026
#@# thickness lh Wed Mar 11 05:39:29 CET 2026
#@# area and vertex vol lh Wed Mar 11 05:39:29 CET 2026
#@# white curv rh Wed Mar 11 05:39:29 CET 2026
#@# white area rh Wed Mar 11 05:39:29 CET 2026
#@# pial curv rh Wed Mar 11 05:39:29 CET 2026
#@# pial area rh Wed Mar 11 05:39:29 CET 2026
#@# thickness rh Wed Mar 11 05:39:29 CET 2026
#@# area and vertex vol rh Wed Mar 11 05:39:29 CET 2026
#@# Cortical ribbon mask Wed Mar 11 05:39:29 CET 2026
recon-all -s sub-v2s12x28907_ses-1 finished without error at Wed Mar 11 05:43:28 CET 2026



#New# invocation of recon-all 



status file for recon-all
Wed Mar 11 05:49:57 CET 2026
#@# white curv lh Wed Mar 11 05:49:57 CET 2026
#@# white area lh Wed Mar 11 05:49:57 CET 2026
#@# pial curv lh Wed Mar 11 05:49:57 CET 2026
#@# pial area lh Wed Mar 11 05:49:57 CET 2026
#@# thickness lh Wed Mar 11 05:49:57 CET 2026
#@# area and vertex vol lh Wed Mar 11 05:49:57 CET 2026
#@# white curv rh Wed Mar 11 05:49:57 CET 2026
#@# white area rh Wed Mar 11 05:49:57 CET 2026
#@# pial curv rh Wed Mar 11 05:49:57 CET 2026
#@# pial area rh Wed Mar 11 05:49:57 CET 2026
#@# thickness rh Wed Mar 11 05:49:57 CET 2026
#@# area and vertex vol rh Wed Mar 11 05:49:57 CET 2026
#@# Curvature Stats lh Wed Mar 11 05:49:57 CET 2026
#@# Curvature Stats rh Wed Mar 11 05:49:59 CET 2026
#@# Relabel Hypointensities Wed Mar 11 05:50:02 CET 2026
#@# APas-to-ASeg Wed Mar 11 05:50:16 CET 2026
#@# AParc-to-ASeg aparc Wed Mar 11 05:50:25 CET 2026
#@# AParc-to-ASeg aparc.a2009s Wed Mar 11 05:51:01 CET 2026
#@# AParc-to-ASeg aparc.DKTatlas Wed Mar 11 05:51:38 CET 2026
#@# WMParc Wed Mar 11 05:52:15 CET 2026
#@# ASeg Stats Wed Mar 11 05:56:38 CET 2026
recon-all -s sub-v2s12x28907_ses-1 finished without error at Wed Mar 11 05:57:19 CET 2026
