/out/sourcedata/freesurfer/sub-v2s12x28881_ses-1/mri
/opt/freesurfer/bin/talairach_avi
--i orig_nu.mgz --xfm transforms/talairach.auto.xfm
talairach_avi 7.3.2
Linux dna087 5.14.0-427.37.1.el9_4.x86_64 #1 SMP PREEMPT_DYNAMIC Fri Sep 13 12:41:50 EDT 2024 x86_64 x86_64 x86_64 GNU/Linux
Wed Mar 11 00:50:27 CET 2026
mri_convert orig_nu.mgz talsrcimg.img 
reading from orig_nu.mgz...
TR=0.00, TE=0.00, TI=0.00, flip angle=0.00
i_ras = (-1, 0, 0)
j_ras = (0, 0, -1)
k_ras = (0, 1, 0)
writing to talsrcimg.img...
Analyze Output Matrix
-1.00000   0.00000   0.00000   135.50130;
 0.00000   0.00000   1.00000  -137.30000;
 0.00000  -1.00000   0.00000   148.30600;
 0.00000   0.00000   0.00000   1.00000;
--------------------
INFO: set hdr.hist.orient to -1
mpr2mni305 talsrcimg
Wed Mar 11 00:50:27 CET 2026
/opt/freesurfer/bin/mpr2mni305 talsrcimg
mpr2mni305 7.3.2
target=711-2C_as_mni_average_305

---------------------------------------------------------------------
analyzeto4dfp talsrcimg -O0 -y
---------------------------------------------------------------------

freesurfer ifh2hdr.c
Wed Mar 11 00:50:27 2026
Writing: talsrcimg.4dfp.hdr
freesurfer analyzeto4dfp.c
Reading: talsrcimg.hdr
header size 348 bytes
hdr.dime.datatype	offset=70	value=2
hdr.dime.bitpix		offset=72	value=8
hdr.hist.orient		offset=252	value=-1
dimensionality     4
dimensions       256       256       256         1
Reading: talsrcimg.img
Writing: talsrcimg.4dfp.img
Writing: talsrcimg.4dfp.ifh
ifh2hdr talsrcimg -r0to245
ori=2

---------------------------------------------------------------------
gauss_4dfp talsrcimg 1.1
---------------------------------------------------------------------

freesurfer gauss_4dfp.c
Reading: talsrcimg.4dfp.img
Writing: talsrcimg_g11.4dfp.img
image dimensions 256 256 256 padded to 288 288 288
processing volume 1freesurfer ifh2hdr.c
Wed Mar 11 00:50:29 2026
Writing: talsrcimg_g11.4dfp.hdr

Writing: talsrcimg_g11.4dfp.ifh
including: talsrcimg.4dfp.img.rec in talsrcimg_g11.4dfp.img.rec

---------------------------------------------------------------------
imgreg_4dfp /opt/freesurfer/average/711-2C_as_mni_average_305 none talsrcimg_g11 none talsrcimg_to_711-2C_as_mni_average_305_t4 4355
---------------------------------------------------------------------

freesurfer imgreg_4dfp.c
/opt/freesurfer/average/711-2C_as_mni_average_305.4dfp.img
       256       256       256         1
  1.000000  1.000000  1.000000
orientation T byte_order littleendian
Reading image: /opt/freesurfer/average/711-2C_as_mni_average_305.4dfp.img
dimensions:      256       256       256
mmppix:       1.0000   -1.0000   -1.0000
center:     128.0000 -129.0000 -129.0000
talsrcimg_g11.4dfp.img
       256       256       256         1
  1.000000  1.000000  1.000000
orientation T byte_order littleendian
Reading image: talsrcimg_g11.4dfp.img
dimensions:      256       256       256
mmppix:       1.0000   -1.0000   -1.0000
center:     128.0000 -129.0000 -129.0000
t4_read: open error in t4_sub.f l:  41 t4_file(1:l)talsrcimg_to_711-2C_as_mni_average_305_t4 
t4_read: transform initialized to I4
rotation matrix determinant  1.000000
image alignment mode   4355 decimal     1103 hex
   -7.5000  -45.0000  -45.0000 4329.2554   18.5965
    0.0000  -45.0000  -45.0000 4528.4536   18.6436
    7.5000  -45.0000  -45.0000 4320.5000   18.6873
   -7.5000  -37.5000  -45.0000 4856.7358   18.0308
    0.0000  -37.5000  -45.0000 5083.3931   18.0826
    7.5000  -37.5000  -45.0000 4857.7568   18.1184
   -7.5000  -30.0000  -45.0000 5598.6514   17.6536
    0.0000  -30.0000  -45.0000 5842.2461   17.7065
    7.5000  -30.0000  -45.0000 5602.2305   17.7317
   -7.5000  -22.5000  -45.0000 6364.7100   17.4018
    0.0000  -22.5000  -45.0000 6629.6245   17.4496
    7.5000  -22.5000  -45.0000 6367.0591   17.4732
   -7.5000  -15.0000  -45.0000 7182.3257   17.3089
    0.0000  -15.0000  -45.0000 7448.2026   17.3514
    7.5000  -15.0000  -45.0000 7169.3032   17.3807
   -7.5000   -7.5000  -45.0000 8027.5332   17.2807
    0.0000   -7.5000  -45.0000 8305.0137   17.3201
    7.5000   -7.5000  -45.0000 7982.6230   17.3557
   -7.5000    0.0000  -45.0000 8829.5508   17.2734
    0.0000    0.0000  -45.0000 9150.8359   17.3142
    7.5000    0.0000  -45.0000 8771.3877   17.3514
   -7.5000    7.5000  -45.0000 8968.8779   17.3025
    0.0000    7.5000  -45.0000 9296.2734   17.3494
    7.5000    7.5000  -45.0000 8889.9648   17.3807
   -7.5000   15.0000  -45.0000 8940.3701   17.3327
    0.0000   15.0000  -45.0000 9285.3457   17.3832
    7.5000   15.0000  -45.0000 8860.8125   17.4072
   -7.5000   22.5000  -45.0000 8819.9170   17.3269
    0.0000   22.5000  -45.0000 9158.3770   17.3745
    7.5000   22.5000  -45.0000 8753.9385   17.3980
   -7.5000   30.0000  -45.0000 8649.1611   17.0754
    0.0000   30.0000  -45.0000 8992.9307   17.1174
    7.5000   30.0000  -45.0000 8589.9043   17.1463
   -7.5000   37.5000  -45.0000 8775.0771   17.0499
    0.0000   37.5000  -45.0000 9120.6094   17.0887
    7.5000   37.5000  -45.0000 8734.7598   17.1239
   -7.5000   45.0000  -45.0000 8594.7539   16.6104
    0.0000   45.0000  -45.0000 8906.7217   16.6497
    7.5000   45.0000  -45.0000 8530.0684   16.6854
   -7.5000  -45.0000  -37.5000 4704.7188   18.2536
    0.0000  -45.0000  -37.5000 4927.0024   18.3160
    7.5000  -45.0000  -37.5000 4707.2075   18.3681
   -7.5000  -37.5000  -37.5000 5268.5156   17.7130
    0.0000  -37.5000  -37.5000 5494.2031   17.7794
    7.5000  -37.5000  -37.5000 5265.6592   17.8262
   -7.5000  -30.0000  -37.5000 6069.4663   17.3480
    0.0000  -30.0000  -37.5000 6300.9165   17.4169
    7.5000  -30.0000  -37.5000 6046.4976   17.4576
   -7.5000  -22.5000  -37.5000 6895.2358   17.1009
    0.0000  -22.5000  -37.5000 7157.2739   17.1652
    7.5000  -22.5000  -37.5000 6866.6675   17.2054
   -7.5000  -15.0000  -37.5000 7744.8706   17.0073
    0.0000  -15.0000  -37.5000 8057.0942   17.0661
    7.5000  -15.0000  -37.5000 7740.3716   17.1095
   -7.5000   -7.5000  -37.5000 8653.7627   16.9790
    0.0000   -7.5000  -37.5000 9009.3789   17.0346
    7.5000   -7.5000  -37.5000 8664.7910   17.0795
   -7.5000    0.0000  -37.5000 9533.3340   16.9769
    0.0000    0.0000  -37.5000 9932.6543   17.0325
    7.5000    0.0000  -37.5000 9517.0303   17.0772
   -7.5000    7.5000  -37.5000 9662.2607   17.0093
    0.0000    7.5000  -37.500010043.6396   17.0701
    7.5000    7.5000  -37.5000 9606.9043   17.1125
   -7.5000   15.0000  -37.5000 9623.6445   17.0375
    0.0000   15.0000  -37.5000 9989.3076   17.1036
    7.5000   15.0000  -37.5000 9554.6875   17.1426
   -7.5000   22.5000  -37.5000 9483.3721   17.0287
    0.0000   22.5000  -37.5000 9840.1855   17.0927
    7.5000   22.5000  -37.5000 9402.8389   17.1325
   -7.5000   30.0000  -37.5000 9274.0264   16.7779
    0.0000   30.0000  -37.5000 9639.9385   16.8360
    7.5000   30.0000  -37.5000 9202.8906   16.8787
   -7.5000   37.5000  -37.5000 9406.1387   16.7522
    0.0000   37.5000  -37.5000 9771.9570   16.8071
    7.5000   37.5000  -37.5000 9327.8594   16.8514
   -7.5000   45.0000  -37.5000 9198.5205   16.3254
    0.0000   45.0000  -37.5000 9552.9639   16.3788
    7.5000   45.0000  -37.5000 9126.8936   16.4218
   -7.5000  -45.0000  -30.0000 5198.4785   18.8003
    0.0000  -45.0000  -30.0000 5432.2847   18.8753
    7.5000  -45.0000  -30.0000 5195.9229   18.9325
   -7.5000  -37.5000  -30.0000 5785.8911   18.2510
    0.0000  -37.5000  -30.0000 6023.8960   18.3306
    7.5000  -37.5000  -30.0000 5792.0811   18.3844
   -7.5000  -30.0000  -30.0000 6654.0449   17.8732
    0.0000  -30.0000  -30.0000 6906.0708   17.9569
    7.5000  -30.0000  -30.0000 6632.6509   18.0089
   -7.5000  -22.5000  -30.0000 7564.8813   17.6132
    0.0000  -22.5000  -30.0000 7849.7500   17.6914
    7.5000  -22.5000  -30.0000 7518.1636   17.7444
   -7.5000  -15.0000  -30.0000 8526.8125   17.5132
    0.0000  -15.0000  -30.0000 8864.3223   17.5857
    7.5000  -15.0000  -30.0000 8461.8457   17.6412
   -7.5000   -7.5000  -30.0000 9548.1240   17.4881
    0.0000   -7.5000  -30.0000 9957.9707   17.5566
    7.5000   -7.5000  -30.0000 9504.1348   17.6103
   -7.5000    0.0000  -30.000010491.5137   17.4965
    0.0000    0.0000  -30.000010954.2021   17.5643
    7.5000    0.0000  -30.000010459.7910   17.6151
   -7.5000    7.5000  -30.000010579.9873   17.5332
    0.0000    7.5000  -30.000011037.4521   17.6075
    7.5000    7.5000  -30.000010558.3594   17.6577
   -7.5000   15.0000  -30.000010516.5947   17.5563
    0.0000   15.0000  -30.000010961.8818   17.6368
    7.5000   15.0000  -30.000010469.5283   17.6867
   -7.5000   22.5000  -30.000010339.8496   17.5381
    0.0000   22.5000  -30.000010771.2920   17.6159
    7.5000   22.5000  -30.000010261.3633   17.6683
   -7.5000   30.0000  -30.000010085.7617   17.2787
    0.0000   30.0000  -30.000010503.6572   17.3502
    7.5000   30.0000  -30.000010019.0889   17.4050
   -7.5000   37.5000  -30.000010229.1758   17.2562
    0.0000   37.5000  -30.000010629.2920   17.3238
    7.5000   37.5000  -30.000010135.8018   17.3767
   -7.5000   45.0000  -30.000010003.5000   16.8373
    0.0000   45.0000  -30.000010383.8896   16.9026
    7.5000   45.0000  -30.0000 9894.3164   16.9515
   -7.5000  -45.0000  -22.5000 5736.8672   19.4294
    0.0000  -45.0000  -22.5000 5994.8525   19.4947
    7.5000  -45.0000  -22.5000 5740.2441   19.5452
   -7.5000  -37.5000  -22.5000 6365.8213   18.8613
    0.0000  -37.5000  -22.5000 6636.2725   18.9330
    7.5000  -37.5000  -22.5000 6381.7031   18.9791
   -7.5000  -30.0000  -22.5000 7300.1157   18.4672
    0.0000  -30.0000  -22.5000 7595.1445   18.5444
    7.5000  -30.0000  -22.5000 7294.2769   18.5891
   -7.5000  -22.5000  -22.5000 8310.4092   18.1921
    0.0000  -22.5000  -22.5000 8654.4912   18.2634
    7.5000  -22.5000  -22.5000 8284.1162   18.3113
   -7.5000  -15.0000  -22.5000 9384.0547   18.0855
    0.0000  -15.0000  -22.5000 9799.3262   18.1508
    7.5000  -15.0000  -22.5000 9364.3213   18.2040
   -7.5000   -7.5000  -22.500010482.7090   18.0639
    0.0000   -7.5000  -22.500010959.3818   18.1238
    7.5000   -7.5000  -22.500010491.5293   18.1754
   -7.5000    0.0000  -22.500011510.6426   18.0798
    0.0000    0.0000  -22.500012033.8643   18.1390
    7.5000    0.0000  -22.500011497.7920   18.1855
   -7.5000    7.5000  -22.500011602.9502   18.1199
    0.0000    7.5000  -22.500012105.1055   18.1877
    7.5000    7.5000  -22.500011558.8711   18.2315
   -7.5000   15.0000  -22.500011525.6230   18.1399
    0.0000   15.0000  -22.500011987.9473   18.2142
    7.5000   15.0000  -22.500011424.9902   18.2572
   -7.5000   22.5000  -22.500011309.1943   18.1133
    0.0000   22.5000  -22.500011773.9512   18.1842
    7.5000   22.5000  -22.500011206.1738   18.2316
   -7.5000   30.0000  -22.500011027.7754   17.8461
    0.0000   30.0000  -22.500011471.8369   17.9105
    7.5000   30.0000  -22.500010914.8105   17.9629
   -7.5000   37.5000  -22.500011124.9668   17.8271
    0.0000   37.5000  -22.500011572.1777   17.8863
    7.5000   37.5000  -22.500011006.5176   17.9371
   -7.5000   45.0000  -22.500010861.7207   17.4118
    0.0000   45.0000  -22.500011271.3125   17.4687
    7.5000   45.0000  -22.500010733.8447   17.5135
   -7.5000  -45.0000  -15.0000 6272.0464   19.8888
    0.0000  -45.0000  -15.0000 6552.8516   19.9342
    7.5000  -45.0000  -15.0000 6274.2749   19.9733
   -7.5000  -37.5000  -15.0000 6974.7183   19.3046
    0.0000  -37.5000  -15.0000 7252.9307   19.3573
    7.5000  -37.5000  -15.0000 6952.5488   19.3895
   -7.5000  -30.0000  -15.0000 8024.7329   18.9019
    0.0000  -30.0000  -15.0000 8313.5615   18.9597
    7.5000  -30.0000  -15.0000 7947.8779   18.9870
   -7.5000  -22.5000  -15.0000 9133.6416   18.6216
    0.0000  -22.5000  -15.0000 9492.3965   18.6731
    7.5000  -22.5000  -15.0000 9055.9590   18.7042
   -7.5000  -15.0000  -15.000010282.1729   18.5144
    0.0000  -15.0000  -15.000010712.1064   18.5598
    7.5000  -15.0000  -15.000010237.8076   18.5990
   -7.5000   -7.5000  -15.000011452.6680   18.4939
    0.0000   -7.5000  -15.000011956.7344   18.5338
    7.5000   -7.5000  -15.000011425.2773   18.5751
   -7.5000    0.0000  -15.000012554.8145   18.5075
    0.0000    0.0000  -15.000013096.1074   18.5480
    7.5000    0.0000  -15.000012513.9512   18.5847
   -7.5000    7.5000  -15.000012625.6475   18.5464
    0.0000    7.5000  -15.000013168.0068   18.5966
    7.5000    7.5000  -15.000012560.1123   18.6268
   -7.5000   15.0000  -15.000012525.9619   18.5675
    0.0000   15.0000  -15.000013056.7656   18.6230
    7.5000   15.0000  -15.000012426.3252   18.6493
   -7.5000   22.5000  -15.000012308.0049   18.5400
    0.0000   22.5000  -15.000012824.8047   18.5911
    7.5000   22.5000  -15.000012177.0684   18.6219
   -7.5000   30.0000  -15.000011987.1104   18.2718
    0.0000   30.0000  -15.000012470.9746   18.3166
    7.5000   30.0000  -15.000011822.7676   18.3553
   -7.5000   37.5000  -15.000012062.9287   18.2540
    0.0000   37.5000  -15.000012541.5098   18.2934
    7.5000   37.5000  -15.000011904.6172   18.3341
   -7.5000   45.0000  -15.000011748.3477   17.8344
    0.0000   45.0000  -15.000012208.1260   17.8735
    7.5000   45.0000  -15.000011589.3477   17.9088
   -7.5000  -45.0000   -7.5000 6816.5967   20.0900
    0.0000  -45.0000   -7.5000 7106.2104   20.1274
    7.5000  -45.0000   -7.5000 6817.8828   20.1650
   -7.5000  -37.5000   -7.5000 7614.1060   19.4985
    0.0000  -37.5000   -7.5000 7901.3110   19.5419
    7.5000  -37.5000   -7.5000 7576.3354   19.5709
   -7.5000  -30.0000   -7.5000 8785.3506   19.0979
    0.0000  -30.0000   -7.5000 9097.9463   19.1442
    7.5000  -30.0000   -7.5000 8699.3232   19.1632
   -7.5000  -22.5000   -7.5000 9992.7715   18.8247
    0.0000  -22.5000   -7.500010396.8721   18.8655
    7.5000  -22.5000   -7.5000 9921.0820   18.8852
   -7.5000  -15.0000   -7.500011232.2559   18.7223
    0.0000  -15.0000   -7.500011694.5049   18.7578
    7.5000  -15.0000   -7.500011176.0791   18.7857
   -7.5000   -7.5000   -7.500012502.0244   18.6979
    0.0000   -7.5000   -7.500013049.0293   18.7292
    7.5000   -7.5000   -7.500012453.7891   18.7637
   -7.5000    0.0000   -7.500013684.9873   18.7004
    0.0000    0.0000   -7.500014281.3682   18.7328
    7.5000    0.0000   -7.500013616.9795   18.7664
   -7.5000    7.5000   -7.500013759.6230   18.7345
    0.0000    7.5000   -7.500014348.6182   18.7748
    7.5000    7.5000   -7.500013677.2021   18.8006
   -7.5000   15.0000   -7.500013643.9346   18.7611
    0.0000   15.0000   -7.500014205.7148   18.8054
    7.5000   15.0000   -7.500013502.4590   18.8236
   -7.5000   22.5000   -7.500013391.8789   18.7400
    0.0000   22.5000   -7.500013951.9922   18.7806
    7.5000   22.5000   -7.500013226.8574   18.8002
   -7.5000   30.0000   -7.500013002.3701   18.4765
    0.0000   30.0000   -7.500013544.8857   18.5116
    7.5000   30.0000   -7.500012842.7510   18.5392
   -7.5000   37.5000   -7.500013076.4746   18.4549
    0.0000   37.5000   -7.500013629.6230   18.4858
    7.5000   37.5000   -7.500012931.8086   18.5198
   -7.5000   45.0000   -7.500012722.2188   18.0236
    0.0000   45.0000   -7.500013262.9307   18.0549
    7.5000   45.0000   -7.500012563.2783   18.0873
   -7.5000  -45.0000    0.0000 7375.7471   20.1019
    0.0000  -45.0000    0.0000 7655.0962   20.1492
    7.5000  -45.0000    0.0000 7356.0225   20.1958
   -7.5000  -37.5000    0.0000 8287.4824   19.5123
    0.0000  -37.5000    0.0000 8582.3906   19.5645
    7.5000  -37.5000    0.0000 8227.3721   19.6028
   -7.5000  -30.0000    0.0000 9549.5850   19.1170
    0.0000  -30.0000    0.0000 9916.6113   19.1712
    7.5000  -30.0000    0.0000 9485.5752   19.1985
   -7.5000  -22.5000    0.000010861.1406   18.8510
    0.0000  -22.5000    0.000011302.4922   18.9008
    7.5000  -22.5000    0.000010797.5547   18.9266
   -7.5000  -15.0000    0.000012172.2148   18.7518
    0.0000  -15.0000    0.000012672.7471   18.7962
    7.5000  -15.0000    0.000012110.7441   18.8281
   -7.5000   -7.5000    0.000013528.5898   18.7224
    0.0000   -7.5000    0.000014081.7080   18.7631
    7.5000   -7.5000    0.000013438.1367   18.8014
   -7.5000    0.0000    0.000014814.8975   18.7168
    0.0000    0.0000    0.000015439.3330   18.7581
    7.5000    0.0000    0.000014704.7852   18.7979
   -7.5000    7.5000    0.000014903.4277   18.7491
    0.0000    7.5000    0.000015520.6016   18.7964
    7.5000    7.5000    0.000014768.2695   18.8301
   -7.5000   15.0000    0.000014754.9570   18.7805
    0.0000   15.0000    0.000015347.6162   18.8323
    7.5000   15.0000    0.000014569.7939   18.8584
   -7.5000   22.5000    0.000014432.7109   18.7663
    0.0000   22.5000    0.000015030.3555   18.8158
    7.5000   22.5000    0.000014234.8672   18.8414
   -7.5000   30.0000    0.000013977.5713   18.5062
    0.0000   30.0000    0.000014546.0225   18.5501
    7.5000   30.0000    0.000013814.8799   18.5814
   -7.5000   37.5000    0.000014037.8799   18.4796
    0.0000   37.5000    0.000014615.8584   18.5197
    7.5000   37.5000    0.000013880.8252   18.5576
   -7.5000   45.0000    0.000013625.5342   18.0409
    0.0000   45.0000    0.000014183.7246   18.0806
    7.5000   45.0000    0.000013430.8555   18.1190
   -7.5000  -45.0000    7.5000 7407.1626   20.1111
    0.0000  -45.0000    7.5000 7670.6025   20.1794
    7.5000  -45.0000    7.5000 7341.9390   20.2367
   -7.5000  -37.5000    7.5000 8330.7324   19.5243
    0.0000  -37.5000    7.5000 8635.9238   19.5972
    7.5000  -37.5000    7.5000 8253.4854   19.6489
   -7.5000  -30.0000    7.5000 9611.9873   19.1272
    0.0000  -30.0000    7.5000 9974.5039   19.2030
    7.5000  -30.0000    7.5000 9539.8438   19.2481
   -7.5000  -22.5000    7.500010927.6865   18.8582
    0.0000  -22.5000    7.500011342.4092   18.9288
    7.5000  -22.5000    7.500010850.7344   18.9734
   -7.5000  -15.0000    7.500012241.2285   18.7565
    0.0000  -15.0000    7.500012710.2002   18.8209
    7.5000  -15.0000    7.500012155.7051   18.8689
   -7.5000   -7.5000    7.500013571.7158   18.7263
    0.0000   -7.5000    7.500014090.2324   18.7872
    7.5000   -7.5000    7.500013449.6875   18.8367
   -7.5000    0.0000    7.500014814.9766   18.7246
    0.0000    0.0000    7.500015404.9443   18.7856
    7.5000    0.0000    7.500014691.8379   18.8349
   -7.5000    7.5000    7.500014930.8330   18.7598
    0.0000    7.5000    7.500015511.4795   18.8266
    7.5000    7.5000    7.500014783.1768   18.8736
   -7.5000   15.0000    7.500014794.4033   18.7898
    0.0000   15.0000    7.500015396.9375   18.8625
    7.5000   15.0000    7.500014588.4834   18.9058
   -7.5000   22.5000    7.500014396.9648   18.7737
    0.0000   22.5000    7.500014998.3076   18.8439
    7.5000   22.5000    7.500014193.4717   18.8881
   -7.5000   30.0000    7.500013898.9102   18.5108
    0.0000   30.0000    7.500014459.3828   18.5744
    7.5000   30.0000    7.500013733.8223   18.6217
   -7.5000   37.5000    7.500013943.3916   18.4834
    0.0000   37.5000    7.500014505.2520   18.5435
    7.5000   37.5000    7.500013781.0928   18.5924
   -7.5000   45.0000    7.500013500.8418   18.0484
    0.0000   45.0000    7.500014023.9443   18.1072
    7.5000   45.0000    7.500013301.2236   18.1547
   -7.5000  -45.0000   15.0000 7306.2773   20.1450
    0.0000  -45.0000   15.0000 7579.3770   20.2254
    7.5000  -45.0000   15.0000 7253.3877   20.2866
   -7.5000  -37.5000   15.0000 8204.7627   19.5578
    0.0000  -37.5000   15.0000 8531.3486   19.6430
    7.5000  -37.5000   15.0000 8138.5884   19.7006
   -7.5000  -30.0000   15.0000 9462.1191   19.1538
    0.0000  -30.0000   15.0000 9858.9111   19.2433
    7.5000  -30.0000   15.0000 9398.6006   19.2990
   -7.5000  -22.5000   15.000010772.3174   18.8756
    0.0000  -22.5000   15.000011234.9170   18.9593
    7.5000  -22.5000   15.000010702.3740   19.0160
   -7.5000  -15.0000   15.000012099.4521   18.7686
    0.0000  -15.0000   15.000012603.5459   18.8461
    7.5000  -15.0000   15.000011999.7725   18.9056
   -7.5000   -7.5000   15.000013376.3574   18.7417
    0.0000   -7.5000   15.000013890.2998   18.8150
    7.5000   -7.5000   15.000013229.1992   18.8725
   -7.5000    0.0000   15.000014581.2822   18.7507
    0.0000    0.0000   15.000015093.9766   18.8233
    7.5000    0.0000   15.000014425.2285   18.8778
   -7.5000    7.5000   15.000014759.0938   18.7901
    0.0000    7.5000   15.000015250.8594   18.8695
    7.5000    7.5000   15.000014555.9287   18.9234
   -7.5000   15.0000   15.000014723.7812   18.8149
    0.0000   15.0000   15.000015259.9346   18.9009
    7.5000   15.0000   15.000014416.6709   18.9544
   -7.5000   22.5000   15.000014239.8418   18.7912
    0.0000   22.5000   15.000014759.9268   18.8743
    7.5000   22.5000   15.000014010.7236   18.9305
   -7.5000   30.0000   15.000013657.9609   18.5227
    0.0000   30.0000   15.000014140.6816   18.5992
    7.5000   30.0000   15.000013523.1367   18.6579
   -7.5000   37.5000   15.000013682.8076   18.4986
    0.0000   37.5000   15.000014185.4873   18.5710
    7.5000   37.5000   15.000013556.5029   18.6277
   -7.5000   45.0000   15.000013206.8955   18.0735
    0.0000   45.0000   15.000013686.3096   18.1435
    7.5000   45.0000   15.000013045.4727   18.1960
   -7.5000  -45.0000   22.5000 7092.6313   20.1670
    0.0000  -45.0000   22.5000 7364.6270   20.2348
    7.5000  -45.0000   22.5000 7054.1113   20.2873
   -7.5000  -37.5000   22.5000 7988.6777   19.5774
    0.0000  -37.5000   22.5000 8317.6240   19.6519
    7.5000  -37.5000   22.5000 7946.8853   19.6998
   -7.5000  -30.0000   22.5000 9220.1074   19.1685
    0.0000  -30.0000   22.5000 9620.1914   19.2486
    7.5000  -30.0000   22.5000 9160.0381   19.2950
   -7.5000  -22.5000   22.500010486.2812   18.8829
    0.0000  -22.5000   22.500010936.9268   18.9570
    7.5000  -22.5000   22.500010406.2285   19.0067
   -7.5000  -15.0000   22.500011757.0303   18.7723
    0.0000  -15.0000   22.500012220.1357   18.8401
    7.5000  -15.0000   22.500011630.7715   18.8953
   -7.5000   -7.5000   22.500012981.7500   18.7499
    0.0000   -7.5000   22.500013422.9678   18.8121
    7.5000   -7.5000   22.500012829.9873   18.8656
   -7.5000    0.0000   22.500014144.1523   18.7664
    0.0000    0.0000   22.500014574.2803   18.8278
    7.5000    0.0000   22.500013968.0645   18.8761
   -7.5000    7.5000   22.500014324.3105   18.8080
    0.0000    7.5000   22.500014713.6074   18.8784
    7.5000    7.5000   22.500014072.4111   18.9238
   -7.5000   15.0000   22.500014260.3408   18.8288
    0.0000   15.0000   22.500014665.0068   18.9059
    7.5000   15.0000   22.500013970.8896   18.9505
   -7.5000   22.5000   22.500013784.1650   18.7983
    0.0000   22.5000   22.500014170.6094   18.8719
    7.5000   22.5000   22.500013662.6484   18.9211
   -7.5000   30.0000   22.500013220.6094   18.5264
    0.0000   30.0000   22.500013620.3438   18.5933
    7.5000   30.0000   22.500013224.9131   18.6477
   -7.5000   37.5000   22.500013294.3594   18.5067
    0.0000   37.5000   22.500013727.2588   18.5681
    7.5000   37.5000   22.500013273.5537   18.6209
   -7.5000   45.0000   22.500012813.1973   18.0886
    0.0000   45.0000   22.500013235.3018   18.1478
    7.5000   45.0000   22.500012737.3535   18.1944
   -7.5000  -45.0000   30.0000 6766.1567   20.1617
    0.0000  -45.0000   30.0000 7003.7168   20.2078
    7.5000  -45.0000   30.0000 6717.5732   20.2474
   -7.5000  -37.5000   30.0000 7611.2847   19.5695
    0.0000  -37.5000   30.0000 7888.6821   19.6230
    7.5000  -37.5000   30.0000 7547.9414   19.6556
   -7.5000  -30.0000   30.0000 8811.4092   19.1613
    0.0000  -30.0000   30.0000 9158.1523   19.2199
    7.5000  -30.0000   30.0000 8737.9600   19.2476
   -7.5000  -22.5000   30.000010027.8145   18.8772
    0.0000  -22.5000   30.000010452.8975   18.9294
    7.5000  -22.5000   30.0000 9943.1357   18.9609
   -7.5000  -15.0000   30.000011260.2051   18.7684
    0.0000  -15.0000   30.000011732.4902   18.8145
    7.5000  -15.0000   30.000011157.1953   18.8542
   -7.5000   -7.5000   30.000012433.8535   18.7477
    0.0000   -7.5000   30.000012911.0938   18.7882
    7.5000   -7.5000   30.000012309.6309   18.8300
   -7.5000    0.0000   30.000013542.9297   18.7615
    0.0000    0.0000   30.000013966.4395   18.8026
    7.5000    0.0000   30.000013380.4531   18.8397
   -7.5000    7.5000   30.000013613.0723   18.8009
    0.0000    7.5000   30.000013975.6885   18.8518
    7.5000    7.5000   30.000013468.5625   18.8824
   -7.5000   15.0000   30.000013456.3232   18.8223
    0.0000   15.0000   30.000013799.6768   18.8785
    7.5000   15.0000   30.000013320.1250   18.9052
   -7.5000   22.5000   30.000013190.3975   18.7924
    0.0000   22.5000   30.000013494.9717   18.8442
    7.5000   22.5000   30.000013040.3477   18.8754
   -7.5000   30.0000   30.000012847.2148   18.5226
    0.0000   30.0000   30.000013159.5195   18.5680
    7.5000   30.0000   30.000012676.6074   18.6072
   -7.5000   37.5000   30.000012920.0664   18.5045
    0.0000   37.5000   30.000013250.9277   18.5445
    7.5000   37.5000   30.000012725.5684   18.5857
   -7.5000   45.0000   30.000012395.5488   18.0839
    0.0000   45.0000   30.000012722.2988   18.1235
    7.5000   45.0000   30.000012159.8486   18.1593
   -7.5000  -45.0000   37.5000 6678.1475   20.1318
    0.0000  -45.0000   37.5000 6925.9624   20.1693
    7.5000  -45.0000   37.5000 6625.7139   20.2070
   -7.5000  -37.5000   37.5000 7530.1221   19.5390
    0.0000  -37.5000   37.5000 7809.0864   19.5825
    7.5000  -37.5000   37.5000 7457.2783   19.6116
   -7.5000  -30.0000   37.5000 8680.0537   19.1376
    0.0000  -30.0000   37.5000 9039.5928   19.1840
    7.5000  -30.0000   37.5000 8618.6338   19.2030
   -7.5000  -22.5000   37.5000 9856.9580   18.8638
    0.0000  -22.5000   37.500010292.8486   18.9047
    7.5000  -22.5000   37.5000 9795.1416   18.9245
   -7.5000  -15.0000   37.500011048.3096   18.7612
    0.0000  -15.0000   37.500011532.6650   18.7968
    7.5000  -15.0000   37.500010987.6729   18.8248
   -7.5000   -7.5000   37.500012251.9355   18.7367
    0.0000   -7.5000   37.500012706.2676   18.7681
    7.5000   -7.5000   37.500012124.2744   18.8026
   -7.5000    0.0000   37.500013345.6777   18.7392
    0.0000    0.0000   37.500013776.1641   18.7717
    7.5000    0.0000   37.500013152.8721   18.8054
   -7.5000    7.5000   37.500013450.6377   18.7734
    0.0000    7.5000   37.500013822.5918   18.8138
    7.5000    7.5000   37.500013218.6143   18.8396
   -7.5000   15.0000   37.500013347.2051   18.8001
    0.0000   15.0000   37.500013700.4707   18.8445
    7.5000   15.0000   37.500013105.5039   18.8627
   -7.5000   22.5000   37.500013089.8984   18.7790
    0.0000   22.5000   37.500013418.9102   18.8197
    7.5000   22.5000   37.500012824.0664   18.8392
   -7.5000   30.0000   37.500012722.9424   18.5154
    0.0000   30.0000   37.500013062.2627   18.5506
    7.5000   30.0000   37.500012483.6318   18.5782
   -7.5000   37.5000   37.500012752.2168   18.4937
    0.0000   37.5000   37.500013122.0850   18.5247
    7.5000   37.5000   37.500012561.4463   18.5588
   -7.5000   45.0000   37.500012196.3066   18.0624
    0.0000   45.0000   37.500012553.4980   18.0937
    7.5000   45.0000   37.500011996.4111   18.1262
   -7.5000  -45.0000   45.0000 6217.6094   19.9741
    0.0000  -45.0000   45.0000 6464.1074   20.0211
    7.5000  -45.0000   45.0000 6185.0972   20.0674
   -7.5000  -37.5000   45.0000 6996.3486   19.3882
    0.0000  -37.5000   45.0000 7265.0244   19.4400
    7.5000  -37.5000   45.0000 6967.4976   19.4782
   -7.5000  -30.0000   45.0000 8076.4609   18.9953
    0.0000  -30.0000   45.0000 8415.6104   19.0491
    7.5000  -30.0000   45.0000 8037.5664   19.0763
   -7.5000  -22.5000   45.0000 9199.0039   18.7309
    0.0000  -22.5000   45.0000 9597.8652   18.7803
    7.5000  -22.5000   45.0000 9129.5371   18.8060
   -7.5000  -15.0000   45.000010318.4951   18.6323
    0.0000  -15.0000   45.000010782.0625   18.6765
    7.5000  -15.0000   45.000010238.2578   18.7081
   -7.5000   -7.5000   45.000011416.4873   18.6031
    0.0000   -7.5000   45.000011892.7090   18.6435
    7.5000   -7.5000   45.000011276.1953   18.6817
   -7.5000    0.0000   45.000012451.8027   18.5975
    0.0000    0.0000   45.000012925.1641   18.6386
    7.5000    0.0000   45.000012252.0488   18.6781
   -7.5000    7.5000   45.000012508.0020   18.6297
    0.0000    7.5000   45.000012937.1104   18.6767
    7.5000    7.5000   45.000012312.5195   18.7102
   -7.5000   15.0000   45.000012371.4531   18.6609
    0.0000   15.0000   45.000012798.8027   18.7123
    7.5000   15.0000   45.000012195.2490   18.7383
   -7.5000   22.5000   45.000012107.5059   18.6467
    0.0000   22.5000   45.000012512.7197   18.6959
    7.5000   22.5000   45.000011936.5117   18.7214
   -7.5000   30.0000   45.000011776.8203   18.3866
    0.0000   30.0000   45.000012166.2656   18.4302
    7.5000   30.0000   45.000011628.1816   18.4615
   -7.5000   37.5000   45.000011843.0605   18.3602
    0.0000   37.5000   45.000012239.4912   18.4001
    7.5000   37.5000   45.000011710.5352   18.4377
   -7.5000   45.0000   45.000011343.0186   17.9340
    0.0000   45.0000   45.000011694.4775   17.9736
    7.5000   45.0000   45.000011193.4443   18.0117

---------------------------------------------------------------------
imgreg_4dfp /opt/freesurfer/average/711-2C_as_mni_average_305 /opt/freesurfer/average/711-2B_as_mni_average_305_mask talsrcimg_g11 none talsrcimg_to_711-2C_as_mni_average_305_t4 4355
---------------------------------------------------------------------

freesurfer imgreg_4dfp.c
/opt/freesurfer/average/711-2C_as_mni_average_305.4dfp.img
       256       256       256         1
  1.000000  1.000000  1.000000
orientation T byte_order littleendian
Reading image: /opt/freesurfer/average/711-2C_as_mni_average_305.4dfp.img
dimensions:      256       256       256
mmppix:       1.0000   -1.0000   -1.0000
center:     128.0000 -129.0000 -129.0000
/opt/freesurfer/average/711-2B_as_mni_average_305_mask.4dfp.img
       256       256       256         1
  1.000000  1.000000  1.000000
orientation T byte_order littleendian
Reading mask: /opt/freesurfer/average/711-2B_as_mni_average_305_mask.4dfp.img (2306576 pixels)
talsrcimg_g11.4dfp.img
       256       256       256         1
  1.000000  1.000000  1.000000
orientation T byte_order littleendian
Reading image: talsrcimg_g11.4dfp.img
dimensions:      256       256       256
mmppix:       1.0000   -1.0000   -1.0000
center:     128.0000 -129.0000 -129.0000
rotation matrix determinant  1.000000
image alignment mode   4355 decimal     1103 hex
   -7.5000  -37.5000  -45.0000 1460.2590   36.6316
    0.0000  -37.5000  -45.0000 1470.3059   36.7781
    7.5000  -37.5000  -45.0000 1458.6372   37.0511
   -7.5000  -30.0000  -45.0000 1569.2328   31.5020
    0.0000  -30.0000  -45.0000 1580.8698   31.5359
    7.5000  -30.0000  -45.0000 1576.4458   31.8819
   -7.5000  -22.5000  -45.0000 1676.1890   27.6307
    0.0000  -22.5000  -45.0000 1686.5267   27.5489
    7.5000  -22.5000  -45.0000 1684.3087   27.8436
   -7.5000  -15.0000  -45.0000 1780.6125   24.5381
    0.0000  -15.0000  -45.0000 1782.2743   24.4189
    7.5000  -15.0000  -45.0000 1777.4121   24.7963
   -7.5000   -7.5000  -45.0000 1873.2188   22.3100
    0.0000   -7.5000  -45.0000 1872.6600   22.2091
    7.5000   -7.5000  -45.0000 1858.8802   22.5422
   -7.5000    0.0000  -45.0000 1949.3396   20.7308
    0.0000    0.0000  -45.0000 1950.5111   20.5789
    7.5000    0.0000  -45.0000 1936.1616   20.8410
   -7.5000    7.5000  -45.0000 2005.9183   19.5942
    0.0000    7.5000  -45.0000 2013.7407   19.5075
    7.5000    7.5000  -45.0000 1994.2054   19.7011
   -7.5000   15.0000  -45.0000 2031.7454   18.8251
    0.0000   15.0000  -45.0000 2045.5533   18.7571
    7.5000   15.0000  -45.0000 2021.8387   19.0075
   -7.5000   22.5000  -45.0000 2039.6642   18.3334
    0.0000   22.5000  -45.0000 2050.2571   18.2146
    7.5000   22.5000  -45.0000 2029.4305   18.4945
   -7.5000   30.0000  -45.0000 2040.4711   18.1679
    0.0000   30.0000  -45.0000 2048.5840   18.0496
    7.5000   30.0000  -45.0000 2023.7655   18.3470
   -7.5000   37.5000  -45.0000 2018.7773   18.5607
    0.0000   37.5000  -45.0000 2030.3380   18.3948
    7.5000   37.5000  -45.0000 2009.0339   18.7571
   -7.5000   45.0000  -45.0000 1981.1748   19.3252
    0.0000   45.0000  -45.0000 1990.8228   19.1931
    7.5000   45.0000  -45.0000 1973.8879   19.5296
   -7.5000   52.5000  -45.0000 1925.5817   20.4370
    0.0000   52.5000  -45.0000 1931.7463   20.3239
    7.5000   52.5000  -45.0000 1910.2117   20.6886
   -7.5000  -37.5000  -37.5000 1543.8527   33.0542
    0.0000  -37.5000  -37.5000 1553.9509   33.1263
    7.5000  -37.5000  -37.5000 1538.8203   33.6363
   -7.5000  -30.0000  -37.5000 1665.9081   28.5357
    0.0000  -30.0000  -37.5000 1667.2123   28.4532
    7.5000  -30.0000  -37.5000 1654.1801   28.8615
   -7.5000  -22.5000  -37.5000 1776.8344   24.9647
    0.0000  -22.5000  -37.5000 1780.0565   24.7826
    7.5000  -22.5000  -37.5000 1769.8644   25.1609
   -7.5000  -15.0000  -37.5000 1875.0441   22.2230
    0.0000  -15.0000  -37.5000 1884.9592   22.0566
    7.5000  -15.0000  -37.5000 1873.9532   22.4139
   -7.5000   -7.5000  -37.5000 1970.7975   20.2973
    0.0000   -7.5000  -37.5000 1983.6879   20.1727
    7.5000   -7.5000  -37.5000 1973.1761   20.4854
   -7.5000    0.0000  -37.5000 2052.3174   18.8527
    0.0000    0.0000  -37.5000 2063.4050   18.7812
    7.5000    0.0000  -37.5000 2047.3837   19.0253
   -7.5000    7.5000  -37.5000 2114.0337   17.8442
    0.0000    7.5000  -37.5000 2123.4438   17.7795
    7.5000    7.5000  -37.5000 2102.4343   17.9607
   -7.5000   15.0000  -37.5000 2144.4419   17.1120
    0.0000   15.0000  -37.5000 2148.4839   17.0606
    7.5000   15.0000  -37.5000 2128.8418   17.2774
   -7.5000   22.5000  -37.5000 2155.8984   16.6773
    0.0000   22.5000  -37.5000 2156.1155   16.5708
    7.5000   22.5000  -37.5000 2135.7090   16.8358
   -7.5000   30.0000  -37.5000 2150.6301   16.6274
    0.0000   30.0000  -37.5000 2154.7314   16.4913
    7.5000   30.0000  -37.5000 2129.8730   16.7355
   -7.5000   37.5000  -37.5000 2130.0969   16.9017
    0.0000   37.5000  -37.5000 2135.5659   16.7800
    7.5000   37.5000  -37.5000 2112.1433   17.0829
   -7.5000   45.0000  -37.5000 2091.6343   17.5704
    0.0000   45.0000  -37.5000 2100.3333   17.4343
    7.5000   45.0000  -37.5000 2079.4761   17.7265
   -7.5000   52.5000  -37.5000 2027.1470   18.4380
    0.0000   52.5000  -37.5000 2036.8904   18.3088
    7.5000   52.5000  -37.5000 2013.4899   18.6776
   -7.5000  -37.5000  -30.0000 1652.0167   31.0023
    0.0000  -37.5000  -30.0000 1659.3597   31.1384
    7.5000  -37.5000  -30.0000 1646.9777   31.6993
   -7.5000  -30.0000  -30.0000 1779.6454   26.7352
    0.0000  -30.0000  -30.0000 1776.1224   26.6611
    7.5000  -30.0000  -30.0000 1764.5289   27.1072
   -7.5000  -22.5000  -30.0000 1900.1404   23.3836
    0.0000  -22.5000  -30.0000 1896.9540   23.2651
    7.5000  -22.5000  -30.0000 1880.7742   23.5993
   -7.5000  -15.0000  -30.0000 2015.6821   20.8436
    0.0000  -15.0000  -30.0000 2016.4941   20.7157
    7.5000  -15.0000  -30.0000 1994.0955   21.0814
   -7.5000   -7.5000  -30.0000 2120.1084   19.0632
    0.0000   -7.5000  -30.0000 2131.0410   18.9532
    7.5000   -7.5000  -30.0000 2104.9163   19.2767
   -7.5000    0.0000  -30.0000 2203.1733   17.8055
    0.0000    0.0000  -30.0000 2214.3677   17.7361
    7.5000    0.0000  -30.0000 2190.1321   17.9464
   -7.5000    7.5000  -30.0000 2263.5901   16.8287
    0.0000    7.5000  -30.0000 2272.8176   16.7525
    7.5000    7.5000  -30.0000 2252.4626   16.9709
   -7.5000   15.0000  -30.0000 2291.3240   16.0991
    0.0000   15.0000  -30.0000 2305.1245   16.0437
    7.5000   15.0000  -30.0000 2285.9233   16.2633
   -7.5000   22.5000  -30.0000 2302.5684   15.7069
    0.0000   22.5000  -30.0000 2310.3589   15.6329
    7.5000   22.5000  -30.0000 2289.0227   15.8587
   -7.5000   30.0000  -30.0000 2291.5376   15.6656
    0.0000   30.0000  -30.0000 2301.0171   15.5664
    7.5000   30.0000  -30.0000 2280.5168   15.7758
   -7.5000   37.5000  -30.0000 2275.0610   15.9116
    0.0000   37.5000  -30.0000 2282.4199   15.7842
    7.5000   37.5000  -30.0000 2259.3596   16.0589
   -7.5000   45.0000  -30.0000 2242.6104   16.5150
    0.0000   45.0000  -30.0000 2250.9573   16.4049
    7.5000   45.0000  -30.0000 2221.9829   16.6628
   -7.5000   52.5000  -30.0000 2174.6575   17.3660
    0.0000   52.5000  -30.0000 2180.2520   17.2665
    7.5000   52.5000  -30.0000 2147.9971   17.5543
   -7.5000  -37.5000  -22.5000 1747.1174   29.0006
    0.0000  -37.5000  -22.5000 1749.1371   29.0183
    7.5000  -37.5000  -22.5000 1734.7706   29.5303
   -7.5000  -30.0000  -22.5000 1879.5770   24.9533
    0.0000  -30.0000  -22.5000 1877.3613   24.8490
    7.5000  -30.0000  -22.5000 1860.1294   25.2563
   -7.5000  -22.5000  -22.5000 2006.3071   21.8400
    0.0000  -22.5000  -22.5000 2008.0817   21.7529
    7.5000  -22.5000  -22.5000 1988.1232   22.0926
   -7.5000  -15.0000  -22.5000 2125.4229   19.4629
    0.0000  -15.0000  -22.5000 2131.4465   19.4032
    7.5000  -15.0000  -22.5000 2110.5640   19.6819
   -7.5000   -7.5000  -22.5000 2241.2546   17.7565
    0.0000   -7.5000  -22.5000 2247.7236   17.7084
    7.5000   -7.5000  -22.5000 2226.8008   17.9750
   -7.5000    0.0000  -22.5000 2327.9128   16.5835
    0.0000    0.0000  -22.5000 2334.5620   16.5441
    7.5000    0.0000  -22.5000 2313.3423   16.7558
   -7.5000    7.5000  -22.5000 2388.2183   15.6934
    0.0000    7.5000  -22.5000 2393.9507   15.6126
    7.5000    7.5000  -22.5000 2371.2185   15.8080
   -7.5000   15.0000  -22.5000 2425.7251   15.0322
    0.0000   15.0000  -22.5000 2431.0771   14.9225
    7.5000   15.0000  -22.5000 2400.3074   15.1349
   -7.5000   22.5000  -22.5000 2441.4661   14.6469
    0.0000   22.5000  -22.5000 2446.7058   14.5639
    7.5000   22.5000  -22.5000 2418.4597   14.7698
   -7.5000   30.0000  -22.5000 2436.1375   14.6053
    0.0000   30.0000  -22.5000 2443.0889   14.5026
    7.5000   30.0000  -22.5000 2415.9338   14.7019
   -7.5000   37.5000  -22.5000 2418.3833   14.8292
    0.0000   37.5000  -22.5000 2424.9985   14.7429
    7.5000   37.5000  -22.5000 2394.3909   14.9513
   -7.5000   45.0000  -22.5000 2381.1816   15.4224
    0.0000   45.0000  -22.5000 2389.0730   15.3075
    7.5000   45.0000  -22.5000 2355.6028   15.5630
   -7.5000   52.5000  -22.5000 2300.9524   16.2630
    0.0000   52.5000  -22.5000 2306.6721   16.1452
    7.5000   52.5000  -22.5000 2276.4495   16.4292
   -7.5000  -37.5000  -15.0000 1811.3483   27.1388
    0.0000  -37.5000  -15.0000 1812.6152   26.9531
    7.5000  -37.5000  -15.0000 1797.5713   27.3547
   -7.5000  -30.0000  -15.0000 1955.8289   23.3707
    0.0000  -30.0000  -15.0000 1953.5643   23.1619
    7.5000  -30.0000  -15.0000 1930.4062   23.4513
   -7.5000  -22.5000  -15.0000 2089.6479   20.4205
    0.0000  -22.5000  -15.0000 2092.8711   20.3155
    7.5000  -22.5000  -15.0000 2064.8027   20.5435
   -7.5000  -15.0000  -15.0000 2213.1045   18.1891
    0.0000  -15.0000  -15.0000 2217.7019   18.1321
    7.5000  -15.0000  -15.0000 2195.0688   18.3346
   -7.5000   -7.5000  -15.0000 2330.6682   16.5729
    0.0000   -7.5000  -15.0000 2335.3757   16.5593
    7.5000   -7.5000  -15.0000 2311.1152   16.7488
   -7.5000    0.0000  -15.0000 2420.5659   15.4029
    0.0000    0.0000  -15.0000 2425.5752   15.3656
    7.5000    0.0000  -15.0000 2401.4160   15.5365
   -7.5000    7.5000  -15.0000 2482.7092   14.5560
    0.0000    7.5000  -15.0000 2490.4270   14.5116
    7.5000    7.5000  -15.0000 2463.8198   14.6771
   -7.5000   15.0000  -15.0000 2529.0471   13.9717
    0.0000   15.0000  -15.0000 2535.8823   13.9008
    7.5000   15.0000  -15.0000 2505.3367   14.0791
   -7.5000   22.5000  -15.0000 2554.7710   13.6309
    0.0000   22.5000  -15.0000 2562.3354   13.5376
    7.5000   22.5000  -15.0000 2530.6570   13.7248
   -7.5000   30.0000  -15.0000 2558.2664   13.6159
    0.0000   30.0000  -15.0000 2565.1995   13.4833
    7.5000   30.0000  -15.0000 2531.1926   13.6779
   -7.5000   37.5000  -15.0000 2543.5566   13.8307
    0.0000   37.5000  -15.0000 2548.5034   13.7267
    7.5000   37.5000  -15.0000 2511.6655   13.9177
   -7.5000   45.0000  -15.0000 2503.1172   14.4231
    0.0000   45.0000  -15.0000 2511.7812   14.3042
    7.5000   45.0000  -15.0000 2473.6062   14.5099
   -7.5000   52.5000  -15.0000 2414.8083   15.2323
    0.0000   52.5000  -15.0000 2419.7603   15.1342
    7.5000   52.5000  -15.0000 2381.8767   15.3634
   -7.5000  -37.5000   -7.5000 1864.9221   25.4497
    0.0000  -37.5000   -7.5000 1865.9718   25.2617
    7.5000  -37.5000   -7.5000 1849.9437   25.6347
   -7.5000  -30.0000   -7.5000 2011.9607   21.8694
    0.0000  -30.0000   -7.5000 2016.4585   21.7089
    7.5000  -30.0000   -7.5000 1993.2500   22.0629
   -7.5000  -22.5000   -7.5000 2151.3188   19.1715
    0.0000  -22.5000   -7.5000 2159.6602   19.0739
    7.5000  -22.5000   -7.5000 2134.1033   19.3704
   -7.5000  -15.0000   -7.5000 2281.7144   17.0469
    0.0000  -15.0000   -7.5000 2285.6729   17.0009
    7.5000  -15.0000   -7.5000 2262.2275   17.2307
   -7.5000   -7.5000   -7.5000 2401.6396   15.4696
    0.0000   -7.5000   -7.5000 2409.5803   15.4427
    7.5000   -7.5000   -7.5000 2383.3164   15.5960
   -7.5000    0.0000   -7.5000 2498.0315   14.3318
    0.0000    0.0000   -7.5000 2507.1035   14.2853
    7.5000    0.0000   -7.5000 2479.6394   14.4390
   -7.5000    7.5000   -7.5000 2570.1597   13.5291
    0.0000    7.5000   -7.5000 2575.3557   13.4861
    7.5000    7.5000   -7.5000 2551.3804   13.6300
   -7.5000   15.0000   -7.5000 2626.9575   12.9796
    0.0000   15.0000   -7.5000 2633.5601   12.9267
    7.5000   15.0000   -7.5000 2599.6797   13.0869
   -7.5000   22.5000   -7.5000 2659.0425   12.6901
    0.0000   22.5000   -7.5000 2666.4214   12.6102
    7.5000   22.5000   -7.5000 2633.5906   12.7858
   -7.5000   30.0000   -7.5000 2668.5623   12.6773
    0.0000   30.0000   -7.5000 2674.7056   12.5579
    7.5000   30.0000   -7.5000 2640.5359   12.7491
   -7.5000   37.5000   -7.5000 2657.7192   12.8856
    0.0000   37.5000   -7.5000 2667.8857   12.7971
    7.5000   37.5000   -7.5000 2625.6982   12.9629
   -7.5000   45.0000   -7.5000 2613.8059   13.4586
    0.0000   45.0000   -7.5000 2626.6777   13.3590
    7.5000   45.0000   -7.5000 2580.3655   13.5442
   -7.5000   52.5000   -7.5000 2512.0435   14.2276
    0.0000   52.5000   -7.5000 2521.2729   14.1700
    7.5000   52.5000   -7.5000 2476.3259   14.3729
   -7.5000  -37.5000    0.0000 1919.0779   24.3164
    0.0000  -37.5000    0.0000 1918.3304   24.0893
    7.5000  -37.5000    0.0000 1902.1476   24.5367
   -7.5000  -30.0000    0.0000 2067.1174   20.8476
    0.0000  -30.0000    0.0000 2072.9766   20.7178
    7.5000  -30.0000    0.0000 2050.1753   21.1166
   -7.5000  -22.5000    0.0000 2210.3528   18.2408
    0.0000  -22.5000    0.0000 2214.8433   18.1126
    7.5000  -22.5000    0.0000 2190.8206   18.4337
   -7.5000  -15.0000    0.0000 2335.5422   16.1424
    0.0000  -15.0000    0.0000 2340.4937   16.0662
    7.5000  -15.0000    0.0000 2318.5864   16.3387
   -7.5000   -7.5000    0.0000 2462.7495   14.5901
    0.0000   -7.5000    0.0000 2467.0264   14.5037
    7.5000   -7.5000    0.0000 2441.1416   14.7277
   -7.5000    0.0000    0.0000 2568.8557   13.4685
    0.0000    0.0000    0.0000 2576.8113   13.4040
    7.5000    0.0000    0.0000 2545.3086   13.5682
   -7.5000    7.5000    0.0000 2650.3435   12.6859
    0.0000    7.5000    0.0000 2658.7598   12.6388
    7.5000    7.5000    0.0000 2625.5117   12.7902
   -7.5000   15.0000    0.0000 2717.1035   12.1839
    0.0000   15.0000    0.0000 2724.2307   12.1365
    7.5000   15.0000    0.0000 2685.2087   12.2981
   -7.5000   22.5000    0.0000 2757.9160   11.9088
    0.0000   22.5000    0.0000 2765.5132   11.8575
    7.5000   22.5000    0.0000 2728.4478   12.0072
   -7.5000   30.0000    0.0000 2769.6978   11.8673
    0.0000   30.0000    0.0000 2781.3494   11.7951
    7.5000   30.0000    0.0000 2741.9651   11.9715
   -7.5000   37.5000    0.0000 2758.9822   12.0769
    0.0000   37.5000    0.0000 2772.1001   12.0003
    7.5000   37.5000    0.0000 2728.7654   12.1870
   -7.5000   45.0000    0.0000 2707.9663   12.6475
    0.0000   45.0000    0.0000 2720.4761   12.5623
    7.5000   45.0000    0.0000 2670.5889   12.7610
   -7.5000   52.5000    0.0000 2594.7668   13.4045
    0.0000   52.5000    0.0000 2602.8945   13.3356
    7.5000   52.5000    0.0000 2558.8423   13.5387
   -7.5000  -37.5000    7.5000 1963.9844   23.4124
    0.0000  -37.5000    7.5000 1965.4752   23.1825
    7.5000  -37.5000    7.5000 1937.5392   23.7197
   -7.5000  -30.0000    7.5000 2118.2339   20.0971
    0.0000  -30.0000    7.5000 2118.5073   19.9690
    7.5000  -30.0000    7.5000 2091.1484   20.4351
   -7.5000  -22.5000    7.5000 2259.9255   17.4666
    0.0000  -22.5000    7.5000 2264.1277   17.3720
    7.5000  -22.5000    7.5000 2235.3333   17.7808
   -7.5000  -15.0000    7.5000 2386.3428   15.4207
    0.0000  -15.0000    7.5000 2390.8677   15.3130
    7.5000  -15.0000    7.5000 2362.2424   15.6608
   -7.5000   -7.5000    7.5000 2513.2944   13.8973
    0.0000   -7.5000    7.5000 2520.6411   13.7584
    7.5000   -7.5000    7.5000 2489.5886   14.0490
   -7.5000    0.0000    7.5000 2626.6958   12.7938
    0.0000    0.0000    7.5000 2635.3442   12.6950
    7.5000    0.0000    7.5000 2603.2664   12.9241
   -7.5000    7.5000    7.5000 2722.6421   12.0395
    0.0000    7.5000    7.5000 2735.5955   11.9729
    7.5000    7.5000    7.5000 2694.0056   12.1496
   -7.5000   15.0000    7.5000 2800.7461   11.5542
    0.0000   15.0000    7.5000 2814.2903   11.4996
    7.5000   15.0000    7.5000 2765.0352   11.6749
   -7.5000   22.5000    7.5000 2850.7007   11.2584
    0.0000   22.5000    7.5000 2868.1689   11.2324
    7.5000   22.5000    7.5000 2815.3088   11.3915
   -7.5000   30.0000    7.5000 2869.9094   11.2072
    0.0000   30.0000    7.5000 2880.7864   11.1731
    7.5000   30.0000    7.5000 2833.8066   11.3530
   -7.5000   37.5000    7.5000 2852.3010   11.4469
    0.0000   37.5000    7.5000 2865.2849   11.3854
    7.5000   37.5000    7.5000 2818.1157   11.5859
   -7.5000   45.0000    7.5000 2789.7522   12.0192
    0.0000   45.0000    7.5000 2797.8787   11.9461
    7.5000   45.0000    7.5000 2752.8762   12.1448
   -7.5000   52.5000    7.5000 2660.2109   12.8064
    0.0000   52.5000    7.5000 2668.0132   12.7322
    7.5000   52.5000    7.5000 2626.8130   12.9214
   -7.5000  -37.5000   15.0000 1983.1385   22.7320
    0.0000  -37.5000   15.0000 1992.1877   22.5862
    7.5000  -37.5000   15.0000 1966.2767   23.0687
   -7.5000  -30.0000   15.0000 2140.6919   19.4985
    0.0000  -30.0000   15.0000 2150.5352   19.4030
    7.5000  -30.0000   15.0000 2119.2625   19.8085
   -7.5000  -22.5000   15.0000 2285.2004   16.9324
    0.0000  -22.5000   15.0000 2293.3323   16.8103
    7.5000  -22.5000   15.0000 2263.6614   17.1969
   -7.5000  -15.0000   15.0000 2420.8306   14.9373
    0.0000  -15.0000   15.0000 2424.3586   14.7985
    7.5000  -15.0000   15.0000 2392.6736   15.1542
   -7.5000   -7.5000   15.0000 2548.9958   13.4276
    0.0000   -7.5000   15.0000 2550.2683   13.2871
    7.5000   -7.5000   15.0000 2520.3474   13.6038
   -7.5000    0.0000   15.0000 2664.5266   12.3260
    0.0000    0.0000   15.0000 2671.6284   12.1932
    7.5000    0.0000   15.0000 2638.8237   12.4860
   -7.5000    7.5000   15.0000 2774.7661   11.5673
    0.0000    7.5000   15.0000 2787.4160   11.4660
    7.5000    7.5000   15.0000 2743.0928   11.7293
   -7.5000   15.0000   15.0000 2866.4924   11.1152
    0.0000   15.0000   15.0000 2882.8330   11.0394
    7.5000   15.0000   15.0000 2823.4443   11.2591
   -7.5000   22.5000   15.0000 2931.0471   10.8049
    0.0000   22.5000   15.0000 2955.1853   10.7640
    7.5000   22.5000   15.0000 2880.7324   10.9962
   -7.5000   30.0000   15.0000 2946.8108   10.6885
    0.0000   30.0000   15.0000 2962.0945   10.6575
    7.5000   30.0000   15.0000 2898.7390   10.9357
   -7.5000   37.5000   15.0000 2915.6440   10.9973
    0.0000   37.5000   15.0000 2932.1819   10.9299
    7.5000   37.5000   15.0000 2879.8267   11.1908
   -7.5000   45.0000   15.0000 2840.5593   11.6070
    0.0000   45.0000   15.0000 2851.2952   11.5419
    7.5000   45.0000   15.0000 2803.0615   11.7540
   -7.5000   52.5000   15.0000 2701.0505   12.4140
    0.0000   52.5000   15.0000 2711.6741   12.3378
    7.5000   52.5000   15.0000 2670.0713   12.5433
   -7.5000  -37.5000   22.5000 1992.9142   22.4510
    0.0000  -37.5000   22.5000 2003.1149   22.3876
    7.5000  -37.5000   22.5000 1975.0309   22.9126
   -7.5000  -30.0000   22.5000 2153.3904   19.2212
    0.0000  -30.0000   22.5000 2168.2090   19.1522
    7.5000  -30.0000   22.5000 2134.7161   19.5580
   -7.5000  -22.5000   22.5000 2301.8171   16.6914
    0.0000  -22.5000   22.5000 2314.8828   16.5517
    7.5000  -22.5000   22.5000 2284.2627   16.9247
   -7.5000  -15.0000   22.5000 2438.1738   14.7096
    0.0000  -15.0000   22.5000 2448.6665   14.5416
    7.5000  -15.0000   22.5000 2414.9114   14.8960
   -7.5000   -7.5000   22.5000 2569.7991   13.2340
    0.0000   -7.5000   22.5000 2573.4749   13.0094
    7.5000   -7.5000   22.5000 2540.3330   13.3615
   -7.5000    0.0000   22.5000 2690.0544   12.1208
    0.0000    0.0000   22.5000 2692.9001   11.8996
    7.5000    0.0000   22.5000 2659.9421   12.2621
   -7.5000    7.5000   22.5000 2802.3691   11.3195
    0.0000    7.5000   22.5000 2809.5950   11.1403
    7.5000    7.5000   22.5000 2768.0576   11.5040
   -7.5000   15.0000   22.5000 2901.6235   10.8579
    0.0000   15.0000   22.5000 2914.3999   10.7376
    7.5000   15.0000   22.5000 2859.9285   11.0223
   -7.5000   22.5000   22.5000 2975.3835   10.5649
    0.0000   22.5000   22.5000 2998.2180   10.4728
    7.5000   22.5000   22.5000 2914.9199   10.7783
   -7.5000   30.0000   22.5000 2991.0874   10.4546
    0.0000   30.0000   22.5000 3008.8879   10.3810
    7.5000   30.0000   22.5000 2931.8479   10.8157
   -7.5000   37.5000   22.5000 2951.7744   10.8072
    0.0000   37.5000   22.5000 2970.3093   10.7394
    7.5000   37.5000   22.5000 2909.3469   11.0674
   -7.5000   45.0000   22.5000 2862.0715   11.4570
    0.0000   45.0000   22.5000 2877.5930   11.3880
    7.5000   45.0000   22.5000 2826.9211   11.6090
   -7.5000   52.5000   22.5000 2723.3347   12.2738
    0.0000   52.5000   22.5000 2727.2666   12.1839
    7.5000   52.5000   22.5000 2685.3789   12.3745
   -7.5000  -37.5000   30.0000 1977.7802   22.4788
    0.0000  -37.5000   30.0000 1984.4888   22.2548
    7.5000  -37.5000   30.0000 1961.1490   22.7883
   -7.5000  -30.0000   30.0000 2144.0278   19.2671
    0.0000  -30.0000   30.0000 2152.6277   19.1038
    7.5000  -30.0000   30.0000 2126.6042   19.4767
   -7.5000  -22.5000   30.0000 2298.7712   16.7300
    0.0000  -22.5000   30.0000 2311.0054   16.6021
    7.5000  -22.5000   30.0000 2280.6101   16.9141
   -7.5000  -15.0000   30.0000 2443.6309   14.7895
    0.0000  -15.0000   30.0000 2456.7546   14.6465
    7.5000  -15.0000   30.0000 2419.5647   14.9477
   -7.5000   -7.5000   30.0000 2574.3923   13.2888
    0.0000   -7.5000   30.0000 2584.8372   13.0851
    7.5000   -7.5000   30.0000 2546.0713   13.4189
   -7.5000    0.0000   30.0000 2692.9944   12.1753
    0.0000    0.0000   30.0000 2702.9636   11.9276
    7.5000    0.0000   30.0000 2664.2202   12.3045
   -7.5000    7.5000   30.0000 2802.0754   11.3836
    0.0000    7.5000   30.0000 2812.2898   11.1308
    7.5000    7.5000   30.0000 2777.2188   11.5142
   -7.5000   15.0000   30.0000 2894.6665   10.8500
    0.0000   15.0000   30.0000 2907.8687   10.6621
    7.5000   15.0000   30.0000 2862.4609   11.0030
   -7.5000   22.5000   30.0000 2963.0300   10.5880
    0.0000   22.5000   30.0000 2980.8079   10.3984
    7.5000   22.5000   30.0000 2910.3262   10.7620
   -7.5000   30.0000   30.0000 2980.1130   10.6554
    0.0000   30.0000   30.0000 2994.3782   10.4857
    7.5000   30.0000   30.0000 2920.2625   10.8116
   -7.5000   37.5000   30.0000 2936.0847   10.9863
    0.0000   37.5000   30.0000 2952.0586   10.8410
    7.5000   37.5000   30.0000 2890.7432   11.0985
   -7.5000   45.0000   30.0000 2843.0151   11.5692
    0.0000   45.0000   30.0000 2859.4993   11.4584
    7.5000   45.0000   30.0000 2805.8071   11.6562
   -7.5000   52.5000   30.0000 2703.8794   12.3253
    0.0000   52.5000   30.0000 2716.2871   12.2322
    7.5000   52.5000   30.0000 2669.6709   12.4073
   -7.5000  -37.5000   37.5000 1965.2714   22.9255
    0.0000  -37.5000   37.5000 1969.7948   22.7249
    7.5000  -37.5000   37.5000 1943.7428   23.1783
   -7.5000  -30.0000   37.5000 2127.0635   19.5331
    0.0000  -30.0000   37.5000 2136.0776   19.3875
    7.5000  -30.0000   37.5000 2110.7861   19.7724
   -7.5000  -22.5000   37.5000 2283.1545   16.9296
    0.0000  -22.5000   37.5000 2296.1460   16.7932
    7.5000  -22.5000   37.5000 2267.8657   17.1240
   -7.5000  -15.0000   37.5000 2430.7422   14.9790
    0.0000  -15.0000   37.5000 2445.7671   14.8160
    7.5000  -15.0000   37.5000 2414.4668   15.1405
   -7.5000   -7.5000   37.5000 2569.1836   13.5439
    0.0000   -7.5000   37.5000 2580.9060   13.3085
    7.5000   -7.5000   37.5000 2547.3169   13.6492
   -7.5000    0.0000   37.5000 2689.2537   12.5007
    0.0000    0.0000   37.5000 2700.1909   12.2394
    7.5000    0.0000   37.5000 2659.1455   12.5565
   -7.5000    7.5000   37.5000 2794.9031   11.7364
    0.0000    7.5000   37.5000 2804.0798   11.4956
    7.5000    7.5000   37.5000 2764.1597   11.8034
   -7.5000   15.0000   37.5000 2878.3074   11.2329
    0.0000   15.0000   37.5000 2889.3755   10.9982
    7.5000   15.0000   37.5000 2843.4885   11.3140
   -7.5000   22.5000   37.5000 2925.7507   10.9729
    0.0000   22.5000   37.5000 2938.0308   10.7833
    7.5000   22.5000   37.5000 2879.4578   11.0689
   -7.5000   30.0000   37.5000 2924.7244   11.0371
    0.0000   30.0000   37.5000 2936.7651   10.8765
    7.5000   30.0000   37.5000 2879.5232   11.1066
   -7.5000   37.5000   37.5000 2873.7976   11.3270
    0.0000   37.5000   37.5000 2890.8450   11.1899
    7.5000   37.5000   37.5000 2842.4453   11.3818
   -7.5000   45.0000   37.5000 2784.4331   11.8845
    0.0000   45.0000   37.5000 2798.9883   11.7761
    7.5000   45.0000   37.5000 2760.7070   11.9469
   -7.5000   52.5000   37.5000 2655.3450   12.6223
    0.0000   52.5000   37.5000 2666.9983   12.5349
    7.5000   52.5000   37.5000 2628.5291   12.6990
   -7.5000  -37.5000   45.0000 1934.1570   23.4425
    0.0000  -37.5000   45.0000 1943.2834   23.2513
    7.5000  -37.5000   45.0000 1920.1708   23.7330
   -7.5000  -30.0000   45.0000 2101.4529   20.0627
    0.0000  -30.0000   45.0000 2109.8208   19.8523
    7.5000  -30.0000   45.0000 2086.8298   20.2519
   -7.5000  -22.5000   45.0000 2262.9084   17.5052
    0.0000  -22.5000   45.0000 2272.5635   17.3455
    7.5000  -22.5000   45.0000 2245.0554   17.6263
   -7.5000  -15.0000   45.0000 2409.6399   15.5466
    0.0000  -15.0000   45.0000 2422.2944   15.3793
    7.5000  -15.0000   45.0000 2391.4500   15.6600
   -7.5000   -7.5000   45.0000 2545.5393   14.0821
    0.0000   -7.5000   45.0000 2557.9409   13.8991
    7.5000   -7.5000   45.0000 2520.2788   14.1639
   -7.5000    0.0000   45.0000 2661.5762   13.0250
    0.0000    0.0000   45.0000 2675.5127   12.8482
    7.5000    0.0000   45.0000 2630.1265   13.0912
   -7.5000    7.5000   45.0000 2758.8398   12.2524
    0.0000    7.5000   45.0000 2771.8452   12.0618
    7.5000    7.5000   45.0000 2730.8821   12.3264
   -7.5000   15.0000   45.0000 2831.9580   11.7404
    0.0000   15.0000   45.0000 2849.4331   11.5523
    7.5000   15.0000   45.0000 2798.1953   11.8318
   -7.5000   22.5000   45.0000 2861.5225   11.5021
    0.0000   22.5000   45.0000 2875.3276   11.3320
    7.5000   22.5000   45.0000 2825.3464   11.5968
   -7.5000   30.0000   45.0000 2847.9575   11.5686
    0.0000   30.0000   45.0000 2860.4817   11.3884
    7.5000   30.0000   45.0000 2818.6353   11.6363
   -7.5000   37.5000   45.0000 2794.0090   11.8774
    0.0000   37.5000   45.0000 2811.8950   11.7027
    7.5000   37.5000   45.0000 2774.7485   11.8993
   -7.5000   45.0000   45.0000 2716.2234   12.4252
    0.0000   45.0000   45.0000 2724.5127   12.2798
    7.5000   45.0000   45.0000 2694.5947   12.4380
   -7.5000   52.5000   45.0000 2592.7180   13.1169
    0.0000   52.5000   45.0000 2605.4919   12.9994
    7.5000   52.5000   45.0000 2568.9524   13.1463

---------------------------------------------------------------------
imgreg_4dfp /opt/freesurfer/average/711-2C_as_mni_average_305 /opt/freesurfer/average/711-2B_as_mni_average_305_mask talsrcimg_g11 none talsrcimg_to_711-2C_as_mni_average_305_t4 1283
---------------------------------------------------------------------

freesurfer imgreg_4dfp.c
/opt/freesurfer/average/711-2C_as_mni_average_305.4dfp.img
       256       256       256         1
  1.000000  1.000000  1.000000
orientation T byte_order littleendian
Reading image: /opt/freesurfer/average/711-2C_as_mni_average_305.4dfp.img
dimensions:      256       256       256
mmppix:       1.0000   -1.0000   -1.0000
center:     128.0000 -129.0000 -129.0000
/opt/freesurfer/average/711-2B_as_mni_average_305_mask.4dfp.img
       256       256       256         1
  1.000000  1.000000  1.000000
orientation T byte_order littleendian
Reading mask: /opt/freesurfer/average/711-2B_as_mni_average_305_mask.4dfp.img (2306576 pixels)
talsrcimg_g11.4dfp.img
       256       256       256         1
  1.000000  1.000000  1.000000
orientation T byte_order littleendian
Reading image: talsrcimg_g11.4dfp.img
dimensions:      256       256       256
mmppix:       1.0000   -1.0000   -1.0000
center:     128.0000 -129.0000 -129.0000
rotation matrix determinant  1.000000
fimgreg.f
image alignment mode   1283 decimal      503 hex
parameters
    0.0000   30.0000   22.5000    0.0000    0.0000    0.0000
eta,q 0.94640 10.34784
niter,ni,del,rscale     5    3   12.0000    1.2000
parameter  5 -0.572481 -> -0.500000 qaram    1.1500
parameters
   -1.4124   29.1341   23.1637    2.5574    3.4500    1.0718
eta,q 0.94998 10.30611
  0.0605  0.0588  0.0636  0.0609  0.0627  0.0559
  0.0554  0.0553  0.0571  0.0587  0.0582  0.0533
  0.0532  0.0531  0.0534  0.0557  0.0543  0.0509
  0.0545  0.0530  0.0526  0.0528  0.0517  0.0500
  0.0574  0.0552  0.0533  0.0515  0.0504  0.0501
  0.0629  0.0585  0.0558  0.0527  0.0500  0.0510
  0.0711  0.0626  0.0585  0.0542  0.0511  0.0529
niter,ni,del,rscale     5    3   12.0000    1.2000
parameter  4 -0.663991 -> -0.500000 qaram    1.1500
parameters
   -2.3935   27.0439   23.5654    6.0074    3.7013    1.1941
eta,q 0.95317 10.26778
  0.0593  0.0522  0.0580  0.0575  0.0551  0.0498
  0.0530  0.0492  0.0520  0.0545  0.0503  0.0478
  0.0501  0.0477  0.0490  0.0511  0.0477  0.0469
  0.0500  0.0497  0.0477  0.0475  0.0469  0.0468
  0.0531  0.0528  0.0481  0.0469  0.0474  0.0471
  0.0595  0.0559  0.0515  0.0467  0.0499  0.0479
  0.0672  0.0598  0.0549  0.0470  0.0538  0.0493
niter,ni,del,rscale     5    3   12.0000    1.2000
parameters
   -2.5536   25.0476   24.1842    7.5867    4.0420    1.6225
eta,q 0.95699 10.22621
  0.0614  0.0514  0.0534  0.0562  0.0530  0.0487
  0.0535  0.0447  0.0488  0.0520  0.0478  0.0454
  0.0481  0.0437  0.0459  0.0461  0.0444  0.0437
  0.0468  0.0468  0.0437  0.0434  0.0431  0.0431
  0.0488  0.0518  0.0440  0.0432  0.0438  0.0432
  0.0547  0.0553  0.0474  0.0453  0.0468  0.0446
  0.0629  0.0588  0.0500  0.0489  0.0511  0.0472
niter,ni,del,rscale     4    3   12.0000    1.2000
parameters
   -2.7180   24.7689   24.6582    8.0273    4.2211    1.6357
eta,q 0.95702 10.19032
  0.0585  0.0565  0.0521  0.0540  0.0528  0.0482
  0.0504  0.0484  0.0487  0.0485  0.0477  0.0452
  0.0449  0.0439  0.0452  0.0439  0.0444  0.0437
  0.0430  0.0431  0.0430  0.0430  0.0430  0.0430
  0.0451  0.0463  0.0445  0.0442  0.0441  0.0434
  0.0515  0.0521  0.0478  0.0473  0.0472  0.0453
  0.0605  0.0571  0.0494  0.0509  0.0518  0.0481
niter,ni,del,rscale     3    3   12.0000    1.2000
parameters
   -2.7779   24.5947   24.8306    8.2286    4.2590    1.6454
eta,q 0.95693 10.17706
  0.0590  0.0565  0.0515  0.0535  0.0527  0.0483
  0.0512  0.0490  0.0482  0.0478  0.0476  0.0454
  0.0456  0.0444  0.0444  0.0438  0.0444  0.0439
  0.0430  0.0430  0.0430  0.0430  0.0431  0.0431
  0.0449  0.0458  0.0453  0.0447  0.0444  0.0435
  0.0513  0.0515  0.0483  0.0479  0.0477  0.0455
  0.0603  0.0569  0.0499  0.0514  0.0523  0.0484
niter,ni,del,rscale     2    3   12.0000    1.2000
parameters
   -2.7913   24.5135   24.8939    8.3095    4.2660    1.6512
eta,q 0.95687 10.17191
  0.0593  0.0567  0.0514  0.0532  0.0527  0.0484
  0.0517  0.0495  0.0480  0.0475  0.0477  0.0455
  0.0459  0.0447  0.0442  0.0437  0.0444  0.0439
  0.0431  0.0431  0.0431  0.0431  0.0431  0.0431
  0.0448  0.0455  0.0457  0.0449  0.0445  0.0435
  0.0511  0.0510  0.0484  0.0482  0.0478  0.0456
  0.0603  0.0566  0.0501  0.0517  0.0525  0.0485
niter,ni,del,rscale     1    3   12.0000    1.2000
parameters
   -2.7941   24.4824   24.9223    8.3433    4.2674    1.6560
eta,q 0.95685 10.16983
  0.0594  0.0569  0.0514  0.0531  0.0527  0.0485
  0.0518  0.0497  0.0479  0.0474  0.0477  0.0456
  0.0460  0.0449  0.0441  0.0437  0.0444  0.0440
  0.0431  0.0431  0.0431  0.0431  0.0432  0.0432
  0.0448  0.0454  0.0458  0.0450  0.0446  0.0436
  0.0511  0.0508  0.0485  0.0483  0.0479  0.0457
  0.0603  0.0564  0.0502  0.0517  0.0525  0.0485
registration optimization eta report
parameter search radius
    6.0000    6.0000    6.0000    6.9000    6.9000    6.0000
100000*second partial in parameter space
       46.       37.       20.       19.       19.       15.
  0.0594  0.0569  0.0514  0.0531  0.0527  0.0485
  0.0518  0.0497  0.0479  0.0474  0.0477  0.0456
  0.0460  0.0449  0.0441  0.0437  0.0444  0.0440
  0.0431  0.0431  0.0431  0.0431  0.0432  0.0432
  0.0448  0.0454  0.0458  0.0450  0.0446  0.0436
  0.0511  0.0508  0.0485  0.0483  0.0479  0.0457
  0.0603  0.0564  0.0502  0.0517  0.0525  0.0485
   -2.7941   24.4824   24.9223    8.3433    4.2674    1.6560
eta,q 0.95685 10.16983

---------------------------------------------------------------------
imgreg_4dfp /opt/freesurfer/average/711-2C_as_mni_average_305 /opt/freesurfer/average/711-2B_as_mni_average_305_mask talsrcimg_g11 none talsrcimg_to_711-2C_as_mni_average_305_t4 3335
---------------------------------------------------------------------

freesurfer imgreg_4dfp.c
/opt/freesurfer/average/711-2C_as_mni_average_305.4dfp.img
       256       256       256         1
  1.000000  1.000000  1.000000
orientation T byte_order littleendian
Reading image: /opt/freesurfer/average/711-2C_as_mni_average_305.4dfp.img
dimensions:      256       256       256
mmppix:       1.0000   -1.0000   -1.0000
center:     128.0000 -129.0000 -129.0000
/opt/freesurfer/average/711-2B_as_mni_average_305_mask.4dfp.img
       256       256       256         1
  1.000000  1.000000  1.000000
orientation T byte_order littleendian
Reading mask: /opt/freesurfer/average/711-2B_as_mni_average_305_mask.4dfp.img (2306576 pixels)
talsrcimg_g11.4dfp.img
       256       256       256         1
  1.000000  1.000000  1.000000
orientation T byte_order littleendian
Reading image: talsrcimg_g11.4dfp.img
dimensions:      256       256       256
mmppix:       1.0000   -1.0000   -1.0000
center:     128.0000 -129.0000 -129.0000
fimgreg.f
image alignment mode   3335 decimal      D07 hex
parameters
   -2.7941   24.4824   24.9223   -0.3189   -1.1309   -1.3327
   -3.9386   -6.9399    2.8819  -14.7171    7.4411   14.4702
eta,q 0.95751 10.18750
niter,ni,del,rscale     5    3    5.0000    1.2000
parameter  4  1.363983 ->  0.500000 qaram    1.1500
parameter  5  2.432526 ->  0.500000 qaram    1.1500
parameter  6  0.911538 ->  0.500000 qaram    1.1500
parameter 12  0.912217 ->  0.500000 qaram    1.1500
parameters
   -2.8244   25.2054   24.6078   -4.4589   -5.2709   -5.4727
   -4.1912   -3.3407    3.8159  -16.8641    8.8402   10.3302
eta,q 0.97366  9.86233
  0.0454  0.0452  0.0429  0.0359  0.0311  0.0295  0.0316  0.0375  0.0302  0.0294  0.0301  0.0262
  0.0438  0.0440  0.0424  0.0370  0.0326  0.0292  0.0303  0.0341  0.0291  0.0282  0.0290  0.0263
  0.0428  0.0431  0.0422  0.0390  0.0347  0.0301  0.0295  0.0313  0.0284  0.0276  0.0281  0.0267
  0.0425  0.0425  0.0423  0.0422  0.0374  0.0332  0.0293  0.0292  0.0280  0.0280  0.0276  0.0275
  0.0428  0.0423  0.0424  0.0464  0.0406  0.0363  0.0297  0.0281  0.0280  0.0291  0.0275  0.0287
  0.0438  0.0425  0.0427  0.0511  0.0439  0.0400  0.0306  0.0282  0.0285  0.0310  0.0279  0.0303
  0.0456  0.0432  0.0434  0.0562  0.0473  0.0452  0.0319  0.0295  0.0293  0.0336  0.0288  0.0321
niter,ni,del,rscale     7    3    5.0000    1.2000
parameter  4  0.563531 ->  0.500000 qaram    1.3225
parameter  5  0.607957 ->  0.500000 qaram    1.3225
parameters
   -3.1330   25.3837   24.6898   -9.2199  -10.0319   -6.6132
   -3.2677   -4.0197    4.2259  -15.4468    9.4382   11.3790
eta,q 0.97632  9.57429
  0.0292  0.0291  0.0291  0.0255  0.0241  0.0273  0.0273  0.0276  0.0256  0.0274  0.0251  0.0257
  0.0273  0.0276  0.0276  0.0250  0.0235  0.0261  0.0257  0.0251  0.0247  0.0256  0.0244  0.0248
  0.0264  0.0266  0.0266  0.0250  0.0237  0.0249  0.0245  0.0239  0.0241  0.0244  0.0239  0.0242
  0.0263  0.0262  0.0262  0.0262  0.0249  0.0234  0.0240  0.0239  0.0238  0.0238  0.0238  0.0237
  0.0272  0.0264  0.0265  0.0289  0.0268  0.0241  0.0240  0.0248  0.0239  0.0238  0.0238  0.0237
  0.0288  0.0272  0.0273  0.0331  0.0293  0.0277  0.0247  0.0264  0.0244  0.0243  0.0241  0.0241
  0.0311  0.0284  0.0287  0.0382  0.0328  0.0314  0.0260  0.0291  0.0253  0.0253  0.0247  0.0250
niter,ni,del,rscale     7    3    5.0000    1.2000
parameters
   -3.0566   25.5819   24.6531  -10.0501  -11.1427   -7.0410
   -3.4740   -3.9454    3.6994  -14.9808   10.1060   12.3455
eta,q 0.97601  9.49232
  0.0271  0.0264  0.0254  0.0265  0.0267  0.0275  0.0265  0.0284  0.0252  0.0265  0.0252  0.0259
  0.0253  0.0250  0.0244  0.0251  0.0253  0.0263  0.0251  0.0258  0.0245  0.0251  0.0246  0.0251
  0.0242  0.0241  0.0238  0.0242  0.0242  0.0252  0.0243  0.0243  0.0241  0.0243  0.0242  0.0244
  0.0237  0.0237  0.0237  0.0237  0.0238  0.0238  0.0240  0.0240  0.0240  0.0240  0.0240  0.0240
  0.0240  0.0238  0.0239  0.0237  0.0245  0.0234  0.0244  0.0246  0.0243  0.0242  0.0241  0.0240
  0.0250  0.0245  0.0245  0.0253  0.0263  0.0263  0.0254  0.0258  0.0248  0.0248  0.0243  0.0244
  0.0267  0.0256  0.0255  0.0288  0.0288  0.0298  0.0268  0.0281  0.0256  0.0259  0.0249  0.0253
niter,ni,del,rscale     6    3    5.0000    1.2000
parameters
   -3.0499   25.6598   24.7171   -9.9841  -11.5354   -7.3660
   -3.5073   -3.9312    3.2227  -14.7313   10.6036   12.7507
eta,q 0.97583  9.47392
  0.0270  0.0263  0.0257  0.0271  0.0272  0.0276  0.0268  0.0284  0.0253  0.0263  0.0253  0.0259
  0.0254  0.0251  0.0247  0.0255  0.0258  0.0264  0.0254  0.0259  0.0247  0.0251  0.0247  0.0251
  0.0243  0.0243  0.0241  0.0245  0.0246  0.0254  0.0245  0.0245  0.0243  0.0244  0.0243  0.0245
  0.0240  0.0240  0.0240  0.0240  0.0240  0.0240  0.0242  0.0242  0.0242  0.0242  0.0242  0.0242
  0.0243  0.0242  0.0242  0.0238  0.0244  0.0233  0.0245  0.0247  0.0244  0.0244  0.0242  0.0242
  0.0253  0.0249  0.0246  0.0248  0.0259  0.0260  0.0255  0.0259  0.0249  0.0250  0.0245  0.0247
  0.0270  0.0260  0.0255  0.0277  0.0281  0.0297  0.0268  0.0282  0.0257  0.0260  0.0251  0.0257
niter,ni,del,rscale     5    3    5.0000    1.2000
parameters
   -3.0419   25.6912   24.6930   -9.9686  -11.6926   -7.5701
   -3.4912   -3.9178    2.8796  -14.5646   10.9301   12.9256
eta,q 0.97572  9.46407
  0.0272  0.0264  0.0257  0.0272  0.0274  0.0277  0.0269  0.0284  0.0255  0.0264  0.0253  0.0259
  0.0255  0.0252  0.0247  0.0256  0.0260  0.0265  0.0255  0.0260  0.0248  0.0252  0.0248  0.0251
  0.0245  0.0244  0.0243  0.0247  0.0248  0.0255  0.0246  0.0246  0.0244  0.0245  0.0244  0.0245
  0.0242  0.0242  0.0242  0.0242  0.0242  0.0242  0.0243  0.0243  0.0243  0.0243  0.0243  0.0243
  0.0245  0.0244  0.0244  0.0240  0.0244  0.0233  0.0246  0.0247  0.0245  0.0245  0.0243  0.0244
  0.0255  0.0251  0.0248  0.0250  0.0258  0.0257  0.0255  0.0260  0.0250  0.0251  0.0246  0.0249
  0.0271  0.0262  0.0256  0.0278  0.0280  0.0297  0.0269  0.0283  0.0257  0.0261  0.0252  0.0259
niter,ni,del,rscale     4    3    5.0000    1.2000
parameters
   -3.0389   25.7285   24.6618   -9.9705  -11.7856   -7.6893
   -3.4711   -3.9087    2.6579  -14.4118   11.1505   12.9995
eta,q 0.97565  9.45730
  0.0272  0.0264  0.0257  0.0273  0.0275  0.0278  0.0270  0.0284  0.0256  0.0264  0.0254  0.0259
  0.0256  0.0253  0.0248  0.0257  0.0261  0.0266  0.0255  0.0260  0.0249  0.0252  0.0248  0.0251
  0.0246  0.0245  0.0244  0.0248  0.0250  0.0256  0.0247  0.0247  0.0245  0.0245  0.0245  0.0246
  0.0243  0.0243  0.0243  0.0243  0.0243  0.0243  0.0244  0.0244  0.0244  0.0243  0.0244  0.0244
  0.0246  0.0245  0.0245  0.0241  0.0245  0.0234  0.0247  0.0248  0.0245  0.0245  0.0244  0.0245
  0.0256  0.0252  0.0249  0.0251  0.0259  0.0255  0.0256  0.0261  0.0250  0.0251  0.0247  0.0250
  0.0272  0.0263  0.0257  0.0279  0.0280  0.0296  0.0269  0.0284  0.0257  0.0262  0.0253  0.0259
niter,ni,del,rscale     3    3    5.0000    1.2000
parameters
   -3.0382   25.7648   24.6358   -9.9714  -11.8579   -7.7643
   -3.4524   -3.9080    2.4883  -14.2894   11.3127   13.0394
eta,q 0.97561  9.45235
  0.0273  0.0265  0.0258  0.0273  0.0275  0.0278  0.0270  0.0284  0.0256  0.0264  0.0254  0.0259
  0.0257  0.0253  0.0249  0.0258  0.0261  0.0266  0.0256  0.0261  0.0249  0.0253  0.0249  0.0251
  0.0247  0.0246  0.0244  0.0248  0.0250  0.0256  0.0247  0.0247  0.0245  0.0246  0.0245  0.0246
  0.0243  0.0243  0.0244  0.0243  0.0243  0.0244  0.0244  0.0244  0.0244  0.0244  0.0244  0.0244
  0.0247  0.0246  0.0246  0.0242  0.0246  0.0234  0.0247  0.0248  0.0246  0.0246  0.0244  0.0245
  0.0257  0.0252  0.0250  0.0252  0.0259  0.0255  0.0256  0.0261  0.0250  0.0252  0.0247  0.0250
  0.0273  0.0264  0.0257  0.0279  0.0280  0.0296  0.0269  0.0284  0.0257  0.0262  0.0254  0.0260
niter,ni,del,rscale     2    3    5.0000    1.2000
parameters
   -3.0401   25.7956   24.6119   -9.9733  -11.9158   -7.8131
   -3.4282   -3.9081    2.3684  -14.1846   11.4464   13.0539
eta,q 0.97558  9.44842
  0.0273  0.0265  0.0258  0.0273  0.0275  0.0279  0.0270  0.0285  0.0256  0.0264  0.0254  0.0259
  0.0257  0.0253  0.0249  0.0258  0.0262  0.0266  0.0256  0.0261  0.0250  0.0253  0.0249  0.0252
  0.0247  0.0246  0.0245  0.0249  0.0251  0.0257  0.0247  0.0247  0.0246  0.0246  0.0246  0.0246
  0.0244  0.0244  0.0244  0.0244  0.0244  0.0244  0.0244  0.0244  0.0244  0.0244  0.0244  0.0244
  0.0247  0.0246  0.0246  0.0242  0.0246  0.0234  0.0247  0.0248  0.0246  0.0246  0.0245  0.0245
  0.0257  0.0253  0.0250  0.0252  0.0259  0.0254  0.0256  0.0261  0.0250  0.0252  0.0247  0.0250
  0.0273  0.0264  0.0258  0.0280  0.0280  0.0296  0.0269  0.0284  0.0257  0.0262  0.0254  0.0260
niter,ni,del,rscale     1    3    5.0000    1.2000
parameters
   -3.0411   25.8238   24.5929   -9.9756  -11.9580   -7.8507
   -3.4134   -3.9121    2.2863  -14.0994   11.5292   13.0629
eta,q 0.97555  9.44531
  0.0273  0.0265  0.0258  0.0274  0.0276  0.0279  0.0270  0.0285  0.0257  0.0264  0.0254  0.0259
  0.0257  0.0254  0.0249  0.0258  0.0262  0.0267  0.0256  0.0261  0.0250  0.0253  0.0249  0.0252
  0.0247  0.0247  0.0245  0.0249  0.0251  0.0257  0.0247  0.0248  0.0246  0.0246  0.0246  0.0247
  0.0244  0.0244  0.0244  0.0244  0.0244  0.0244  0.0244  0.0244  0.0244  0.0244  0.0245  0.0244
  0.0248  0.0246  0.0246  0.0243  0.0246  0.0234  0.0248  0.0248  0.0246  0.0246  0.0245  0.0246
  0.0257  0.0253  0.0251  0.0252  0.0259  0.0254  0.0257  0.0261  0.0250  0.0252  0.0248  0.0250
  0.0274  0.0264  0.0258  0.0280  0.0280  0.0296  0.0270  0.0284  0.0257  0.0263  0.0255  0.0260
registration optimization eta report
parameter search radius
    2.4000    2.4000    2.4000    9.5220    9.5220    8.2800
    7.2000    7.2000    7.2000    7.2000    7.2000    8.2800
100000*second partial in parameter space
       51.       35.       24.        4.        4.        7.
        5.        8.        2.        4.        2.        2.
  0.0273  0.0265  0.0258  0.0274  0.0276  0.0279  0.0270  0.0285  0.0257  0.0264  0.0254  0.0259
  0.0257  0.0254  0.0249  0.0258  0.0262  0.0267  0.0256  0.0261  0.0250  0.0253  0.0249  0.0252
  0.0247  0.0247  0.0245  0.0249  0.0251  0.0257  0.0247  0.0248  0.0246  0.0246  0.0246  0.0247
  0.0244  0.0244  0.0244  0.0244  0.0244  0.0244  0.0244  0.0244  0.0244  0.0244  0.0245  0.0244
  0.0248  0.0246  0.0246  0.0243  0.0246  0.0234  0.0248  0.0248  0.0246  0.0246  0.0245  0.0246
  0.0257  0.0253  0.0251  0.0252  0.0259  0.0254  0.0257  0.0261  0.0250  0.0252  0.0248  0.0250
  0.0274  0.0264  0.0258  0.0280  0.0280  0.0296  0.0270  0.0284  0.0257  0.0263  0.0255  0.0260
   -3.0411   25.8238   24.5929   -9.9756  -11.9580   -7.8507
   -3.4134   -3.9121    2.2863  -14.0994   11.5292   13.0629
eta,q 0.97555  9.44531

---------------------------------------------------------------------
imgreg_4dfp /opt/freesurfer/average/711-2C_as_mni_average_305 /opt/freesurfer/average/711-2B_as_mni_average_305_mask talsrcimg_g11 none talsrcimg_to_711-2C_as_mni_average_305_t4 2311
---------------------------------------------------------------------

freesurfer imgreg_4dfp.c
/opt/freesurfer/average/711-2C_as_mni_average_305.4dfp.img
       256       256       256         1
  1.000000  1.000000  1.000000
orientation T byte_order littleendian
Reading image: /opt/freesurfer/average/711-2C_as_mni_average_305.4dfp.img
dimensions:      256       256       256
mmppix:       1.0000   -1.0000   -1.0000
center:     128.0000 -129.0000 -129.0000
/opt/freesurfer/average/711-2B_as_mni_average_305_mask.4dfp.img
       256       256       256         1
  1.000000  1.000000  1.000000
orientation T byte_order littleendian
Reading mask: /opt/freesurfer/average/711-2B_as_mni_average_305_mask.4dfp.img (2306576 pixels)
talsrcimg_g11.4dfp.img
       256       256       256         1
  1.000000  1.000000  1.000000
orientation T byte_order littleendian
Reading image: talsrcimg_g11.4dfp.img
dimensions:      256       256       256
mmppix:       1.0000   -1.0000   -1.0000
center:     128.0000 -129.0000 -129.0000
fimgreg.f
image alignment mode   2311 decimal      907 hex
parameters
   -3.0411   25.8238   24.5929   -9.9756  -11.9580   -7.8507
   -3.4134   -3.9121    2.2863  -14.0994   11.5292   13.0629
eta,q 0.97555  9.44531
niter,ni,del,rscale     5    3    5.0000    0.8000
parameters
   -3.0424   25.8441   24.5013   -8.2840  -11.3927   -5.9343
   -3.0332   -4.0869    2.7409  -15.3561   11.1255   11.4276
eta,q 0.97671  9.57423
  0.0257  0.0254  0.0250  0.0253  0.0255  0.0265  0.0250  0.0260  0.0242  0.0239  0.0241  0.0236
  0.0250  0.0249  0.0246  0.0249  0.0250  0.0258  0.0242  0.0246  0.0238  0.0235  0.0237  0.0234
  0.0246  0.0246  0.0245  0.0246  0.0246  0.0251  0.0237  0.0237  0.0236  0.0234  0.0234  0.0233
  0.0244  0.0244  0.0245  0.0244  0.0243  0.0242  0.0235  0.0234  0.0234  0.0234  0.0234  0.0234
  0.0246  0.0245  0.0245  0.0243  0.0243  0.0235  0.0235  0.0239  0.0235  0.0237  0.0235  0.0236
  0.0250  0.0248  0.0248  0.0243  0.0245  0.0236  0.0239  0.0249  0.0236  0.0243  0.0239  0.0240
  0.0258  0.0253  0.0251  0.0246  0.0251  0.0249  0.0246  0.0264  0.0240  0.0251  0.0245  0.0247
niter,ni,del,rscale     4    3    5.0000    0.7000
parameters
   -3.0723   25.7429   24.7683   -8.3888  -10.8917   -5.6785
   -3.1148   -4.2052    3.3414  -15.2709   10.6360   11.1110
eta,q 0.97688  9.59413
  0.0244  0.0240  0.0244  0.0240  0.0243  0.0255  0.0242  0.0251  0.0238  0.0240  0.0236  0.0236
  0.0238  0.0236  0.0239  0.0237  0.0239  0.0248  0.0236  0.0240  0.0235  0.0235  0.0234  0.0233
  0.0234  0.0233  0.0235  0.0234  0.0235  0.0240  0.0232  0.0233  0.0232  0.0232  0.0232  0.0232
  0.0233  0.0233  0.0233  0.0232  0.0233  0.0232  0.0231  0.0231  0.0231  0.0231  0.0231  0.0231
  0.0234  0.0234  0.0233  0.0233  0.0232  0.0231  0.0233  0.0234  0.0231  0.0232  0.0232  0.0232
  0.0239  0.0237  0.0234  0.0236  0.0235  0.0238  0.0236  0.0242  0.0233  0.0235  0.0235  0.0234
  0.0246  0.0242  0.0238  0.0242  0.0240  0.0256  0.0242  0.0253  0.0235  0.0239  0.0240  0.0238
niter,ni,del,rscale     3    3    5.0000    0.6000
parameters
   -3.0934   25.6887   24.8248   -8.3062  -10.8026   -5.3835
   -3.0585   -4.1759    3.6540  -15.4508   10.3765   10.8939
eta,q 0.97698  9.60537
  0.0240  0.0237  0.0238  0.0237  0.0239  0.0251  0.0238  0.0247  0.0235  0.0236  0.0235  0.0234
  0.0235  0.0233  0.0235  0.0235  0.0235  0.0244  0.0234  0.0238  0.0233  0.0232  0.0232  0.0232
  0.0232  0.0232  0.0232  0.0233  0.0232  0.0237  0.0231  0.0232  0.0231  0.0231  0.0231  0.0231
  0.0231  0.0231  0.0231  0.0231  0.0231  0.0231  0.0230  0.0230  0.0230  0.0230  0.0230  0.0230
  0.0232  0.0232  0.0232  0.0231  0.0232  0.0230  0.0231  0.0232  0.0230  0.0231  0.0231  0.0231
  0.0235  0.0234  0.0234  0.0233  0.0234  0.0236  0.0234  0.0237  0.0232  0.0233  0.0233  0.0232
  0.0241  0.0238  0.0237  0.0238  0.0238  0.0249  0.0238  0.0246  0.0234  0.0237  0.0236  0.0235
niter,ni,del,rscale     2    3    5.0000    0.5000
parameters
   -3.0977   25.6792   24.8661   -8.1870  -10.7177   -5.1433
   -3.0318   -4.1506    3.8868  -15.5581   10.2086   10.6309
eta,q 0.97704  9.61553
  0.0237  0.0234  0.0235  0.0235  0.0236  0.0246  0.0235  0.0242  0.0233  0.0234  0.0233  0.0232
  0.0233  0.0232  0.0233  0.0233  0.0233  0.0240  0.0232  0.0235  0.0231  0.0231  0.0231  0.0231
  0.0231  0.0231  0.0231  0.0231  0.0231  0.0234  0.0230  0.0231  0.0230  0.0230  0.0230  0.0230
  0.0230  0.0230  0.0230  0.0230  0.0230  0.0230  0.0230  0.0230  0.0230  0.0230  0.0230  0.0230
  0.0231  0.0231  0.0231  0.0230  0.0230  0.0230  0.0230  0.0231  0.0230  0.0230  0.0230  0.0230
  0.0233  0.0232  0.0232  0.0232  0.0232  0.0234  0.0232  0.0235  0.0231  0.0232  0.0232  0.0231
  0.0237  0.0234  0.0235  0.0235  0.0235  0.0244  0.0235  0.0241  0.0232  0.0234  0.0234  0.0233
niter,ni,del,rscale     1    3    5.0000    0.4000
parameters
   -3.0954   25.6908   24.8838   -8.0791  -10.6280   -4.9500
   -3.0028   -4.1295    4.0004  -15.6247   10.1055   10.3994
eta,q 0.97708  9.62436
  0.0234  0.0232  0.0233  0.0233  0.0233  0.0241  0.0233  0.0237  0.0231  0.0232  0.0232  0.0231
  0.0231  0.0231  0.0231  0.0232  0.0231  0.0236  0.0231  0.0233  0.0230  0.0230  0.0230  0.0230
  0.0230  0.0230  0.0230  0.0230  0.0230  0.0232  0.0230  0.0230  0.0230  0.0230  0.0230  0.0229
  0.0230  0.0230  0.0230  0.0230  0.0230  0.0230  0.0229  0.0229  0.0229  0.0229  0.0229  0.0229
  0.0230  0.0230  0.0230  0.0230  0.0230  0.0230  0.0230  0.0230  0.0229  0.0230  0.0230  0.0230
  0.0231  0.0231  0.0231  0.0231  0.0231  0.0233  0.0231  0.0233  0.0230  0.0231  0.0231  0.0230
  0.0234  0.0232  0.0233  0.0233  0.0233  0.0239  0.0233  0.0237  0.0231  0.0232  0.0232  0.0232
registration optimization eta report
parameter search radius
    0.8000    0.8000    0.8000    2.4000    2.4000    2.4000
    2.4000    2.4000    2.4000    2.4000    2.4000    2.4000
100000*second partial in parameter space
       68.       43.       49.        6.        6.       19.
        6.       14.        3.        5.        4.        3.
  0.0234  0.0232  0.0233  0.0233  0.0233  0.0241  0.0233  0.0237  0.0231  0.0232  0.0232  0.0231
  0.0231  0.0231  0.0231  0.0232  0.0231  0.0236  0.0231  0.0233  0.0230  0.0230  0.0230  0.0230
  0.0230  0.0230  0.0230  0.0230  0.0230  0.0232  0.0230  0.0230  0.0230  0.0230  0.0230  0.0229
  0.0230  0.0230  0.0230  0.0230  0.0230  0.0230  0.0229  0.0229  0.0229  0.0229  0.0229  0.0229
  0.0230  0.0230  0.0230  0.0230  0.0230  0.0230  0.0230  0.0230  0.0229  0.0230  0.0230  0.0230
  0.0231  0.0231  0.0231  0.0231  0.0231  0.0233  0.0231  0.0233  0.0230  0.0231  0.0231  0.0230
  0.0234  0.0232  0.0233  0.0233  0.0233  0.0239  0.0233  0.0237  0.0231  0.0232  0.0232  0.0232
   -3.0954   25.6908   24.8838   -8.0791  -10.6280   -4.9500
   -3.0028   -4.1295    4.0004  -15.6247   10.1055   10.3994
eta,q 0.97708  9.62436

---------------------------------------------------------------------
imgreg_4dfp /opt/freesurfer/average/711-2C_as_mni_average_305 /opt/freesurfer/average/711-2B_as_mni_average_305_mask talsrcimg_g11 none talsrcimg_to_711-2C_as_mni_average_305_t4 2311
---------------------------------------------------------------------

freesurfer imgreg_4dfp.c
/opt/freesurfer/average/711-2C_as_mni_average_305.4dfp.img
       256       256       256         1
  1.000000  1.000000  1.000000
orientation T byte_order littleendian
Reading image: /opt/freesurfer/average/711-2C_as_mni_average_305.4dfp.img
dimensions:      256       256       256
mmppix:       1.0000   -1.0000   -1.0000
center:     128.0000 -129.0000 -129.0000
/opt/freesurfer/average/711-2B_as_mni_average_305_mask.4dfp.img
       256       256       256         1
  1.000000  1.000000  1.000000
orientation T byte_order littleendian
Reading mask: /opt/freesurfer/average/711-2B_as_mni_average_305_mask.4dfp.img (2306576 pixels)
talsrcimg_g11.4dfp.img
       256       256       256         1
  1.000000  1.000000  1.000000
orientation T byte_order littleendian
Reading image: talsrcimg_g11.4dfp.img
dimensions:      256       256       256
mmppix:       1.0000   -1.0000   -1.0000
center:     128.0000 -129.0000 -129.0000
fimgreg.f
image alignment mode   2311 decimal      907 hex
parameters
   -3.0954   25.6908   24.8838   -8.0791  -10.6280   -4.9500
   -3.0028   -4.1295    4.0004  -15.6247   10.1055   10.3994
eta,q 0.97708  9.62436
niter,ni,del,rscale     5    3    5.0000    0.8000
parameters
   -3.1187   25.6920   24.8587   -8.6973  -10.7594   -5.4405
   -3.1625   -4.1661    4.0299  -15.2389    9.9658   10.8531
eta,q 0.97693  9.59107
  0.0246  0.0240  0.0241  0.0238  0.0241  0.0254  0.0243  0.0256  0.0238  0.0244  0.0238  0.0239
  0.0237  0.0234  0.0235  0.0234  0.0236  0.0246  0.0236  0.0242  0.0234  0.0237  0.0234  0.0235
  0.0231  0.0231  0.0231  0.0231  0.0232  0.0236  0.0232  0.0233  0.0232  0.0232  0.0232  0.0232
  0.0229  0.0229  0.0229  0.0229  0.0230  0.0230  0.0231  0.0231  0.0231  0.0231  0.0231  0.0231
  0.0231  0.0230  0.0231  0.0231  0.0231  0.0233  0.0233  0.0234  0.0232  0.0232  0.0232  0.0231
  0.0237  0.0234  0.0235  0.0237  0.0236  0.0250  0.0238  0.0243  0.0234  0.0235  0.0235  0.0233
  0.0247  0.0240  0.0242  0.0247  0.0244  0.0273  0.0245  0.0256  0.0238  0.0240  0.0239  0.0237
niter,ni,del,rscale     4    3    5.0000    0.7000
parameters
   -3.1032   25.6902   24.8500   -8.5375  -10.8103   -5.4769
   -3.0985   -4.1146    4.0198  -15.3791   10.0512   10.9617
eta,q 0.97693  9.59469
  0.0243  0.0239  0.0239  0.0239  0.0240  0.0253  0.0242  0.0252  0.0236  0.0239  0.0237  0.0236
  0.0237  0.0234  0.0235  0.0236  0.0235  0.0246  0.0236  0.0240  0.0233  0.0234  0.0234  0.0233
  0.0232  0.0232  0.0232  0.0233  0.0232  0.0237  0.0232  0.0233  0.0231  0.0231  0.0232  0.0232
  0.0231  0.0231  0.0231  0.0231  0.0231  0.0231  0.0231  0.0231  0.0231  0.0231  0.0231  0.0231
  0.0232  0.0232  0.0232  0.0230  0.0231  0.0231  0.0232  0.0233  0.0231  0.0232  0.0231  0.0231
  0.0236  0.0234  0.0235  0.0233  0.0235  0.0241  0.0235  0.0240  0.0233  0.0235  0.0233  0.0233
  0.0243  0.0239  0.0240  0.0239  0.0241  0.0260  0.0241  0.0250  0.0236  0.0239  0.0237  0.0236
niter,ni,del,rscale     3    3    5.0000    0.6000
parameters
   -3.0900   25.6683   24.8545   -8.3391  -10.7777   -5.3109
   -3.0751   -4.1024    4.0017  -15.5206   10.1186   10.8346
eta,q 0.97700  9.60578
  0.0240  0.0236  0.0237  0.0237  0.0238  0.0250  0.0238  0.0246  0.0234  0.0236  0.0235  0.0234
  0.0235  0.0233  0.0234  0.0235  0.0234  0.0243  0.0234  0.0237  0.0232  0.0232  0.0233  0.0232
  0.0232  0.0231  0.0231  0.0232  0.0232  0.0236  0.0231  0.0232  0.0231  0.0231  0.0231  0.0230
  0.0231  0.0231  0.0231  0.0231  0.0230  0.0230  0.0230  0.0230  0.0230  0.0230  0.0230  0.0230
  0.0232  0.0231  0.0231  0.0230  0.0231  0.0230  0.0231  0.0232  0.0231  0.0231  0.0230  0.0230
  0.0235  0.0233  0.0233  0.0232  0.0234  0.0237  0.0234  0.0237  0.0232  0.0233  0.0232  0.0232
  0.0240  0.0237  0.0237  0.0237  0.0238  0.0251  0.0238  0.0246  0.0234  0.0237  0.0235  0.0235
niter,ni,del,rscale     2    3    5.0000    0.5000
parameters
   -3.0887   25.6703   24.8731   -8.1960  -10.7000   -5.1144
   -3.0490   -4.1087    4.0159  -15.5897   10.1103   10.6112
eta,q 0.97705  9.61602
  0.0237  0.0234  0.0235  0.0235  0.0235  0.0246  0.0235  0.0241  0.0232  0.0234  0.0233  0.0232
  0.0233  0.0232  0.0232  0.0233  0.0233  0.0240  0.0232  0.0235  0.0231  0.0231  0.0231  0.0231
  0.0231  0.0231  0.0231  0.0231  0.0231  0.0234  0.0230  0.0231  0.0230  0.0230  0.0230  0.0230
  0.0230  0.0230  0.0230  0.0230  0.0230  0.0230  0.0230  0.0230  0.0230  0.0230  0.0229  0.0229
  0.0231  0.0231  0.0230  0.0230  0.0230  0.0230  0.0230  0.0231  0.0230  0.0230  0.0230  0.0230
  0.0233  0.0232  0.0232  0.0232  0.0232  0.0235  0.0232  0.0235  0.0231  0.0232  0.0231  0.0231
  0.0237  0.0234  0.0235  0.0235  0.0235  0.0245  0.0235  0.0241  0.0232  0.0234  0.0234  0.0233
niter,ni,del,rscale     1    3    5.0000    0.4000
parameters
   -3.0949   25.6857   24.8851   -8.0886  -10.6269   -4.9417
   -3.0068   -4.1103    4.0453  -15.6357   10.0682   10.3969
eta,q 0.97708  9.62414
  0.0234  0.0232  0.0233  0.0233  0.0233  0.0241  0.0233  0.0237  0.0231  0.0232  0.0232  0.0231
  0.0231  0.0231  0.0231  0.0231  0.0231  0.0236  0.0231  0.0233  0.0230  0.0230  0.0230  0.0230
  0.0230  0.0230  0.0230  0.0230  0.0230  0.0232  0.0230  0.0230  0.0230  0.0230  0.0230  0.0229
  0.0229  0.0230  0.0229  0.0229  0.0229  0.0229  0.0229  0.0229  0.0229  0.0229  0.0229  0.0229
  0.0230  0.0230  0.0230  0.0230  0.0230  0.0230  0.0230  0.0230  0.0229  0.0230  0.0229  0.0229
  0.0231  0.0231  0.0231  0.0231  0.0231  0.0233  0.0231  0.0233  0.0230  0.0231  0.0230  0.0230
  0.0234  0.0232  0.0233  0.0233  0.0233  0.0240  0.0233  0.0237  0.0231  0.0232  0.0232  0.0232
registration optimization eta report
parameter search radius
    0.8000    0.8000    0.8000    2.4000    2.4000    2.4000
    2.4000    2.4000    2.4000    2.4000    2.4000    2.4000
100000*second partial in parameter space
       67.       42.       49.        6.        6.       19.
        6.       14.        3.        5.        4.        3.
  0.0234  0.0232  0.0233  0.0233  0.0233  0.0241  0.0233  0.0237  0.0231  0.0232  0.0232  0.0231
  0.0231  0.0231  0.0231  0.0231  0.0231  0.0236  0.0231  0.0233  0.0230  0.0230  0.0230  0.0230
  0.0230  0.0230  0.0230  0.0230  0.0230  0.0232  0.0230  0.0230  0.0230  0.0230  0.0230  0.0229
  0.0229  0.0230  0.0229  0.0229  0.0229  0.0229  0.0229  0.0229  0.0229  0.0229  0.0229  0.0229
  0.0230  0.0230  0.0230  0.0230  0.0230  0.0230  0.0230  0.0230  0.0229  0.0230  0.0229  0.0229
  0.0231  0.0231  0.0231  0.0231  0.0231  0.0233  0.0231  0.0233  0.0230  0.0231  0.0230  0.0230
  0.0234  0.0232  0.0233  0.0233  0.0233  0.0240  0.0233  0.0237  0.0231  0.0232  0.0232  0.0232
   -3.0949   25.6857   24.8851   -8.0886  -10.6269   -4.9417
   -3.0068   -4.1103    4.0453  -15.6357   10.0682   10.3969
eta,q 0.97708  9.62414

---------------------------------------------------------------------
compute_vox2vox talsrcimg talsrcimg_to_711-2C_as_mni_average_305_t4 /opt/freesurfer/average/711-2C_as_mni_average_305
---------------------------------------------------------------------

freesurfer compute_vox2vox.c
Reading: talsrcimg.4dfp.ifh
Reading: talsrcimg_to_711-2C_as_mni_average_305_t4
Reading: /opt/freesurfer/average/711-2C_as_mni_average_305.4dfp.ifh
Writing: talsrcimg_to_711-2C_as_mni_average_305_t4_vox2vox.txt

start time Wed Mar 11 00:50:27 CET 2026
end		time Wed Mar 11 00:50:41 CET 2026

mpr2mni305 success

avi2talxfm orig_nu.mgz /opt/freesurfer/average/mni305.cor.mgz talsrcimg_to_711-2C_as_mni_average_305_t4_vox2vox.txt transforms/talairach.auto.xfm
avi2talxfm done
mv -f /out/sourcedata/freesurfer/sub-v2s12x28881_ses-1/mri/talsrcimg_to_711-2C_as_mni_average_305_t4_vox2vox.txt /out/sourcedata/freesurfer/sub-v2s12x28881_ses-1/mri/transforms/talsrcimg_to_711-2C_as_mni_average_305_t4_vox2vox.txt
lta_convert --src orig_nu.mgz --trg /opt/freesurfer/average/mni305.cor.mgz --inxfm transforms/talairach.auto.xfm --outlta transforms/talairach.auto.xfm.lta --subject fsaverage
7.3.2

--src: orig_nu.mgz src image (geometry).
--trg: /opt/freesurfer/average/mni305.cor.mgz trg image (geometry).
--inmni: transforms/talairach.auto.xfm input MNI/XFM transform.
--outlta: transforms/talairach.auto.xfm.lta output LTA.
--s: fsaverage subject name
 LTA read, type : 1
 1.08100   0.05173   0.03035  -5.85416;
-0.10710   1.02711  -0.12309  -11.10486;
-0.06767   0.17735   1.09600  -51.84431;
 0.00000   0.00000   0.00000   1.00000;
setting subject to fsaverage
Writing  LTA to file transforms/talairach.auto.xfm.lta...
lta_convert successful.
 
 
Started at Wed Mar 11 00:50:27 CET 2026
Ended   at Wed Mar 11 00:50:42 CET 2026
talairach_avi done
