/out/sourcedata/freesurfer/sub-v2s12x28898_ses-1/mri
/opt/freesurfer/bin/talairach_avi
--i orig_nu.mgz --xfm transforms/talairach.auto.xfm
talairach_avi 7.3.2
Linux dna088 5.14.0-427.37.1.el9_4.x86_64 #1 SMP PREEMPT_DYNAMIC Fri Sep 13 12:41:50 EDT 2024 x86_64 x86_64 x86_64 GNU/Linux
Wed Mar 11 02:46:16 CET 2026
mri_convert orig_nu.mgz talsrcimg.img 
reading from orig_nu.mgz...
TR=0.00, TE=0.00, TI=0.00, flip angle=0.00
i_ras = (-1, 0, 0)
j_ras = (0, 0, -1)
k_ras = (0, 1, 0)
writing to talsrcimg.img...
Analyze Output Matrix
-1.00000   0.00000   0.00000   135.28101;
 0.00000   0.00000   1.00000  -128.50000;
 0.00000  -1.00000   0.00000   130.90601;
 0.00000   0.00000   0.00000   1.00000;
--------------------
INFO: set hdr.hist.orient to -1
mpr2mni305 talsrcimg
Wed Mar 11 02:46:16 CET 2026
/opt/freesurfer/bin/mpr2mni305 talsrcimg
mpr2mni305 7.3.2
target=711-2C_as_mni_average_305

---------------------------------------------------------------------
analyzeto4dfp talsrcimg -O0 -y
---------------------------------------------------------------------

freesurfer ifh2hdr.c
Wed Mar 11 02:46:16 2026
Writing: talsrcimg.4dfp.hdr
freesurfer analyzeto4dfp.c
Reading: talsrcimg.hdr
header size 348 bytes
hdr.dime.datatype	offset=70	value=2
hdr.dime.bitpix		offset=72	value=8
hdr.hist.orient		offset=252	value=-1
dimensionality     4
dimensions       256       256       256         1
Reading: talsrcimg.img
Writing: talsrcimg.4dfp.img
Writing: talsrcimg.4dfp.ifh
ifh2hdr talsrcimg -r0to255
ori=2

---------------------------------------------------------------------
gauss_4dfp talsrcimg 1.1
---------------------------------------------------------------------

freesurfer gauss_4dfp.c
Reading: talsrcimg.4dfp.img
Writing: talsrcimg_g11.4dfp.img
image dimensions 256 256 256 padded to 288 288 288
processing volume 1freesurfer ifh2hdr.c
Wed Mar 11 02:46:18 2026
Writing: talsrcimg_g11.4dfp.hdr

Writing: talsrcimg_g11.4dfp.ifh
including: talsrcimg.4dfp.img.rec in talsrcimg_g11.4dfp.img.rec

---------------------------------------------------------------------
imgreg_4dfp /opt/freesurfer/average/711-2C_as_mni_average_305 none talsrcimg_g11 none talsrcimg_to_711-2C_as_mni_average_305_t4 4355
---------------------------------------------------------------------

freesurfer imgreg_4dfp.c
/opt/freesurfer/average/711-2C_as_mni_average_305.4dfp.img
       256       256       256         1
  1.000000  1.000000  1.000000
orientation T byte_order littleendian
Reading image: /opt/freesurfer/average/711-2C_as_mni_average_305.4dfp.img
dimensions:      256       256       256
mmppix:       1.0000   -1.0000   -1.0000
center:     128.0000 -129.0000 -129.0000
talsrcimg_g11.4dfp.img
       256       256       256         1
  1.000000  1.000000  1.000000
orientation T byte_order littleendian
Reading image: talsrcimg_g11.4dfp.img
dimensions:      256       256       256
mmppix:       1.0000   -1.0000   -1.0000
center:     128.0000 -129.0000 -129.0000
t4_read: open error in t4_sub.f l:  41 t4_file(1:l)talsrcimg_to_711-2C_as_mni_average_305_t4 
t4_read: transform initialized to I4
rotation matrix determinant  1.000000
image alignment mode   4355 decimal     1103 hex
   -7.5000  -45.0000  -45.0000 6062.1548   17.1155
    0.0000  -45.0000  -45.0000 6282.6357   17.1364
    7.5000  -45.0000  -45.0000 6020.3477   17.1276
   -7.5000  -37.5000  -45.0000 6609.4077   16.7945
    0.0000  -37.5000  -45.0000 6857.0176   16.8124
    7.5000  -37.5000  -45.0000 6560.0254   16.8063
   -7.5000  -30.0000  -45.0000 7442.0464   16.6465
    0.0000  -30.0000  -45.0000 7722.0942   16.6573
    7.5000  -30.0000  -45.0000 7382.4292   16.6459
   -7.5000  -22.5000  -45.0000 8338.6934   16.6297
    0.0000  -22.5000  -45.0000 8663.7070   16.6335
    7.5000  -22.5000  -45.0000 8290.2070   16.6157
   -7.5000  -15.0000  -45.0000 9252.3281   16.6193
    0.0000  -15.0000  -45.0000 9625.3896   16.6236
    7.5000  -15.0000  -45.0000 9210.5928   16.6051
   -7.5000   -7.5000  -45.000010109.9141   16.6192
    0.0000   -7.5000  -45.000010516.5020   16.6318
    7.5000   -7.5000  -45.000010053.9121   16.6189
   -7.5000    0.0000  -45.000010873.5264   16.6251
    0.0000    0.0000  -45.000011319.4834   16.6442
    7.5000    0.0000  -45.000010791.4736   16.6376
   -7.5000    7.5000  -45.000010769.1875   16.6326
    0.0000    7.5000  -45.000011212.1484   16.6504
    7.5000    7.5000  -45.000010655.1484   16.6446
   -7.5000   15.0000  -45.000010587.7764   16.6355
    0.0000   15.0000  -45.000010999.3984   16.6463
    7.5000   15.0000  -45.000010438.8086   16.6349
   -7.5000   22.5000  -45.000010344.7666   16.6257
    0.0000   22.5000  -45.000010748.9814   16.6295
    7.5000   22.5000  -45.000010198.3438   16.6117
   -7.5000   30.0000  -45.0000 9978.6924   16.3978
    0.0000   30.0000  -45.000010363.5605   16.4020
    7.5000   30.0000  -45.0000 9860.0615   16.3838
   -7.5000   37.5000  -45.0000 9823.6465   16.3978
    0.0000   37.5000  -45.000010233.8076   16.4101
    7.5000   37.5000  -45.0000 9755.0742   16.3975
   -7.5000   45.0000  -45.0000 9224.7734   15.9870
    0.0000   45.0000  -45.0000 9611.2461   16.0054
    7.5000   45.0000  -45.0000 9170.0908   15.9990
   -7.5000  -45.0000  -37.5000 6417.3301   17.0724
    0.0000  -45.0000  -37.5000 6682.5767   17.0881
    7.5000  -45.0000  -37.5000 6405.9971   17.0835
   -7.5000  -37.5000  -37.5000 7002.0386   16.7600
    0.0000  -37.5000  -37.5000 7294.8018   16.7729
    7.5000  -37.5000  -37.5000 6972.2476   16.7641
   -7.5000  -30.0000  -37.5000 7897.3530   16.6251
    0.0000  -30.0000  -37.5000 8226.9551   16.6329
    7.5000  -30.0000  -37.5000 7848.8096   16.6135
   -7.5000  -22.5000  -37.5000 8870.6201   16.6124
    0.0000  -22.5000  -37.5000 9258.9971   16.6155
    7.5000  -22.5000  -37.5000 8830.6006   16.5928
   -7.5000  -15.0000  -37.5000 9852.5752   16.5958
    0.0000  -15.0000  -37.500010281.7354   16.5998
    7.5000  -15.0000  -37.5000 9797.5586   16.5840
   -7.5000   -7.5000  -37.500010775.0537   16.5850
    0.0000   -7.5000  -37.500011237.2988   16.5947
    7.5000   -7.5000  -37.500010714.4902   16.5884
   -7.5000    0.0000  -37.500011582.9697   16.5846
    0.0000    0.0000  -37.500012090.7930   16.5984
    7.5000    0.0000  -37.500011497.9336   16.5960
   -7.5000    7.5000  -37.500011456.2314   16.5986
    0.0000    7.5000  -37.500011941.6494   16.6115
    7.5000    7.5000  -37.500011328.8574   16.6030
   -7.5000   15.0000  -37.500011234.6602   16.6141
    0.0000   15.0000  -37.500011699.2373   16.6219
    7.5000   15.0000  -37.500011095.7324   16.6025
   -7.5000   22.5000  -37.500010932.3330   16.6085
    0.0000   22.5000  -37.500011373.5254   16.6116
    7.5000   22.5000  -37.500010817.6924   16.5888
   -7.5000   30.0000  -37.500010517.8574   16.3746
    0.0000   30.0000  -37.500010948.4336   16.3786
    7.5000   30.0000  -37.500010417.7217   16.3630
   -7.5000   37.5000  -37.500010404.2549   16.3640
    0.0000   37.5000  -37.500010838.9199   16.3735
    7.5000   37.5000  -37.500010311.8184   16.3673
   -7.5000   45.0000  -37.5000 9777.4590   15.9480
    0.0000   45.0000  -37.500010198.6465   15.9614
    7.5000   45.0000  -37.5000 9698.9307   15.9590
   -7.5000  -45.0000  -30.0000 6910.7466   17.7915
    0.0000  -45.0000  -30.0000 7221.0654   17.8018
    7.5000  -45.0000  -30.0000 6901.7437   17.8042
   -7.5000  -37.5000  -30.0000 7548.9619   17.4671
    0.0000  -37.5000  -30.0000 7879.4746   17.4773
    7.5000  -37.5000  -30.0000 7526.9287   17.4719
   -7.5000  -30.0000  -30.0000 8550.3770   17.3341
    0.0000  -30.0000  -30.0000 8923.1670   17.3427
    7.5000  -30.0000  -30.0000 8524.7100   17.3244
   -7.5000  -22.5000  -30.0000 9621.9160   17.3286
    0.0000  -22.5000  -30.000010044.3037   17.3349
    7.5000  -22.5000  -30.0000 9588.8057   17.3152
   -7.5000  -15.0000  -30.000010672.6240   17.3132
    0.0000  -15.0000  -30.000011139.3330   17.3192
    7.5000  -15.0000  -30.000010602.1045   17.3102
   -7.5000   -7.5000  -30.000011674.9404   17.2945
    0.0000   -7.5000  -30.000012178.0176   17.3013
    7.5000   -7.5000  -30.000011571.5664   17.3028
   -7.5000    0.0000  -30.000012509.2207   17.2844
    0.0000    0.0000  -30.000013074.4043   17.2931
    7.5000    0.0000  -30.000012401.1973   17.2971
   -7.5000    7.5000  -30.000012395.1416   17.2990
    0.0000    7.5000  -30.000012929.5361   17.3090
    7.5000    7.5000  -30.000012268.5264   17.3039
   -7.5000   15.0000  -30.000012153.0518   17.3226
    0.0000   15.0000  -30.000012667.1504   17.3312
    7.5000   15.0000  -30.000012018.8535   17.3130
   -7.5000   22.5000  -30.000011782.2129   17.3227
    0.0000   22.5000  -30.000012254.2129   17.3290
    7.5000   22.5000  -30.000011672.5400   17.3093
   -7.5000   30.0000  -30.000011303.9580   17.0841
    0.0000   30.0000  -30.000011759.6250   17.0900
    7.5000   30.0000  -30.000011192.9727   17.0811
   -7.5000   37.5000  -30.000011197.1904   17.0656
    0.0000   37.5000  -30.000011657.9844   17.0724
    7.5000   37.5000  -30.000011091.6504   17.0739
   -7.5000   45.0000  -30.000010524.2334   16.6333
    0.0000   45.0000  -30.000010979.5684   16.6416
    7.5000   45.0000  -30.000010425.2891   16.6454
   -7.5000  -45.0000  -22.5000 7450.1475   18.3779
    0.0000  -45.0000  -22.5000 7787.2588   18.3890
    7.5000  -45.0000  -22.5000 7460.5347   18.3941
   -7.5000  -37.5000  -22.5000 8157.9067   18.0412
    0.0000  -37.5000  -22.5000 8513.5303   18.0548
    7.5000  -37.5000  -22.5000 8147.2788   18.0570
   -7.5000  -30.0000  -22.5000 9248.8408   17.8964
    0.0000  -30.0000  -22.5000 9653.5967   17.9098
    7.5000  -30.0000  -22.5000 9245.6729   17.9036
   -7.5000  -22.5000  -22.500010386.3672   17.8878
    0.0000  -22.5000  -22.500010855.7920   17.8986
    7.5000  -22.5000  -22.500010362.1396   17.8902
   -7.5000  -15.0000  -22.500011505.9727   17.8759
    0.0000  -15.0000  -22.500012023.6816   17.8845
    7.5000  -15.0000  -22.500011458.9600   17.8815
   -7.5000   -7.5000  -22.500012552.6328   17.8626
    0.0000   -7.5000  -22.500013123.1699   17.8701
    7.5000   -7.5000  -22.500012484.3193   17.8734
   -7.5000    0.0000  -22.500013444.0898   17.8561
    0.0000    0.0000  -22.500014071.6133   17.8657
    7.5000    0.0000  -22.500013390.8799   17.8718
   -7.5000    7.5000  -22.500013338.9189   17.8680
    0.0000    7.5000  -22.500013947.3320   17.8813
    7.5000    7.5000  -22.500013248.9121   17.8834
   -7.5000   15.0000  -22.500013080.2861   17.8846
    0.0000   15.0000  -22.500013654.3574   17.8981
    7.5000   15.0000  -22.500012962.9668   17.8918
   -7.5000   22.5000  -22.500012663.7363   17.8804
    0.0000   22.5000  -22.500013189.4453   17.8913
    7.5000   22.5000  -22.500012531.3037   17.8829
   -7.5000   30.0000  -22.500012118.3330   17.6421
    0.0000   30.0000  -22.500012637.4062   17.6505
    7.5000   30.0000  -22.500011999.8789   17.6476
   -7.5000   37.5000  -22.500011983.9170   17.6290
    0.0000   37.5000  -22.500012513.1758   17.6364
    7.5000   37.5000  -22.500011864.5303   17.6396
   -7.5000   45.0000  -22.500011258.1650   17.1963
    0.0000   45.0000  -22.500011761.5703   17.2056
    7.5000   45.0000  -22.500011151.8340   17.2114
   -7.5000  -45.0000  -15.0000 8013.2095   18.7897
    0.0000  -45.0000  -15.0000 8361.6045   18.8072
    7.5000  -45.0000  -15.0000 8036.3447   18.8073
   -7.5000  -37.5000  -15.0000 8767.5586   18.4416
    0.0000  -37.5000  -15.0000 9145.5000   18.4612
    7.5000  -37.5000  -15.0000 8767.6797   18.4663
   -7.5000  -30.0000  -15.0000 9938.9580   18.2796
    0.0000  -30.0000  -15.000010382.3779   18.2967
    7.5000  -30.0000  -15.0000 9928.6855   18.3006
   -7.5000  -22.5000  -15.000011167.6768   18.2631
    0.0000  -22.5000  -15.000011662.0400   18.2748
    7.5000  -22.5000  -15.000011119.1309   18.2742
   -7.5000  -15.0000  -15.000012360.8535   18.2554
    0.0000  -15.0000  -15.000012893.3428   18.2640
    7.5000  -15.0000  -15.000012303.2295   18.2603
   -7.5000   -7.5000  -15.000013460.2988   18.2539
    0.0000   -7.5000  -15.000014068.9795   18.2645
    7.5000   -7.5000  -15.000013388.3584   18.2615
   -7.5000    0.0000  -15.000014416.5234   18.2571
    0.0000    0.0000  -15.000015073.0244   18.2729
    7.5000    0.0000  -15.000014336.2959   18.2740
   -7.5000    7.5000  -15.000014286.8584   18.2650
    0.0000    7.5000  -15.000014920.8818   18.2843
    7.5000    7.5000  -15.000014172.7744   18.2892
   -7.5000   15.0000  -15.000014013.3564   18.2676
    0.0000   15.0000  -15.000014603.0400   18.2848
    7.5000   15.0000  -15.000013858.5342   18.2886
   -7.5000   22.5000  -15.000013588.4922   18.2548
    0.0000   22.5000  -15.000014147.5059   18.2665
    7.5000   22.5000  -15.000013390.4102   18.2659
   -7.5000   30.0000  -15.000012984.3643   18.0191
    0.0000   30.0000  -15.000013526.1533   18.0276
    7.5000   30.0000  -15.000012802.1387   18.0240
   -7.5000   37.5000  -15.000012805.2080   18.0177
    0.0000   37.5000  -15.000013337.4131   18.0281
    7.5000   37.5000  -15.000012641.8428   18.0251
   -7.5000   45.0000  -15.000012003.7217   17.5931
    0.0000   45.0000  -15.000012522.7207   17.6084
    7.5000   45.0000  -15.000011882.7256   17.6094
   -7.5000  -45.0000   -7.5000 8591.2734   19.0062
    0.0000  -45.0000   -7.5000 8964.4414   19.0294
    7.5000  -45.0000   -7.5000 8604.8184   19.0227
   -7.5000  -37.5000   -7.5000 9414.1289   18.6515
    0.0000  -37.5000   -7.5000 9825.9443   18.6741
    7.5000  -37.5000   -7.5000 9404.2881   18.6747
   -7.5000  -30.0000   -7.500010666.7998   18.4813
    0.0000  -30.0000   -7.500011147.4277   18.4976
    7.5000  -30.0000   -7.500010645.8545   18.4978
   -7.5000  -22.5000   -7.500011971.8174   18.4591
    0.0000  -22.5000   -7.500012506.3525   18.4674
    7.5000  -22.5000   -7.500011922.1768   18.4609
   -7.5000  -15.0000   -7.500013227.6924   18.4506
    0.0000  -15.0000   -7.500013811.5020   18.4574
    7.5000  -15.0000   -7.500013163.4170   18.4451
   -7.5000   -7.5000   -7.500014417.2334   18.4556
    0.0000   -7.5000   -7.500015056.6445   18.4693
    7.5000   -7.5000   -7.500014328.1416   18.4582
   -7.5000    0.0000   -7.500015449.8193   18.4661
    0.0000    0.0000   -7.500016143.8389   18.4873
    7.5000    0.0000   -7.500015313.5430   18.4823
   -7.5000    7.5000   -7.500015273.0166   18.4730
    0.0000    7.5000   -7.500015938.0889   18.4953
    7.5000    7.5000   -7.500015096.8770   18.4958
   -7.5000   15.0000   -7.500014954.3877   18.4691
    0.0000   15.0000   -7.500015562.1348   18.4854
    7.5000   15.0000   -7.500014729.0078   18.4857
   -7.5000   22.5000   -7.500014493.0195   18.4487
    0.0000   22.5000   -7.500015099.3740   18.4570
    7.5000   22.5000   -7.500014244.9209   18.4505
   -7.5000   30.0000   -7.500013865.5596   18.2113
    0.0000   30.0000   -7.500014448.4492   18.2180
    7.5000   30.0000   -7.500013622.5254   18.2058
   -7.5000   37.5000   -7.500013635.8799   18.2163
    0.0000   37.5000   -7.500014208.5664   18.2298
    7.5000   37.5000   -7.500013430.5303   18.2188
   -7.5000   45.0000   -7.500012772.1328   17.7978
    0.0000   45.0000   -7.500013329.1211   17.8183
    7.5000   45.0000   -7.500012599.0029   17.8135
   -7.5000  -45.0000    0.0000 9114.9775   19.0713
    0.0000  -45.0000    0.0000 9498.6328   19.0948
    7.5000  -45.0000    0.0000 9118.2754   19.0856
   -7.5000  -37.5000    0.000010023.8896   18.7184
    0.0000  -37.5000    0.000010455.6289   18.7386
    7.5000  -37.5000    0.0000 9988.4619   18.7321
   -7.5000  -30.0000    0.000011327.9707   18.5534
    0.0000  -30.0000    0.000011829.7617   18.5658
    7.5000  -30.0000    0.000011289.6553   18.5536
   -7.5000  -22.5000    0.000012705.7988   18.5306
    0.0000  -22.5000    0.000013243.2803   18.5352
    7.5000  -22.5000    0.000012629.8750   18.5161
   -7.5000  -15.0000    0.000013999.6953   18.5155
    0.0000  -15.0000    0.000014607.2402   18.5207
    7.5000  -15.0000    0.000013914.0381   18.5010
   -7.5000   -7.5000    0.000015273.2812   18.5164
    0.0000   -7.5000    0.000015944.4502   18.5306
    7.5000   -7.5000    0.000015148.9463   18.5172
   -7.5000    0.0000    0.000016430.4102   18.5271
    0.0000    0.0000    0.000017136.6660   18.5485
    7.5000    0.0000    0.000016208.6885   18.5417
   -7.5000    7.5000    0.000016205.8340   18.5388
    0.0000    7.5000    0.000016863.5293   18.5588
    7.5000    7.5000    0.000015928.3086   18.5526
   -7.5000   15.0000    0.000015790.0674   18.5412
    0.0000   15.0000    0.000016398.1406   18.5536
    7.5000   15.0000    0.000015518.3955   18.5414
   -7.5000   22.5000    0.000015275.0029   18.5202
    0.0000   22.5000    0.000015899.1445   18.5248
    7.5000   22.5000    0.000015002.3740   18.5057
   -7.5000   30.0000    0.000014607.5420   18.2759
    0.0000   30.0000    0.000015222.5371   18.2810
    7.5000   30.0000    0.000014344.5449   18.2615
   -7.5000   37.5000    0.000014341.2822   18.2767
    0.0000   37.5000    0.000014964.1924   18.2908
    7.5000   37.5000    0.000014104.8809   18.2775
   -7.5000   45.0000    0.000013417.5010   17.8580
    0.0000   45.0000    0.000014000.4043   17.8786
    7.5000   45.0000    0.000013195.1797   17.8721
   -7.5000  -45.0000    7.5000 8888.3906   19.1013
    0.0000  -45.0000    7.5000 9270.7744   19.1188
    7.5000  -45.0000    7.5000 8884.3896   19.1137
   -7.5000  -37.5000    7.5000 9795.2812   18.7518
    0.0000  -37.5000    7.500010234.3955   18.7663
    7.5000  -37.5000    7.5000 9771.0947   18.7564
   -7.5000  -30.0000    7.500011108.0088   18.6009
    0.0000  -30.0000    7.500011595.2490   18.6097
    7.5000  -30.0000    7.500011066.5605   18.5880
   -7.5000  -22.5000    7.500012445.1631   18.5868
    0.0000  -22.5000    7.500012964.9912   18.5903
    7.5000  -22.5000    7.500012356.1162   18.5648
   -7.5000  -15.0000    7.500013695.9990   18.5681
    0.0000  -15.0000    7.500014284.4209   18.5726
    7.5000  -15.0000    7.500013587.8311   18.5549
   -7.5000   -7.5000    7.500014969.0537   18.5560
    0.0000   -7.5000    7.500015604.2012   18.5668
    7.5000   -7.5000    7.500014787.1055   18.5598
   -7.5000    0.0000    7.500016202.0107   18.5555
    0.0000    0.0000    7.500016877.0957   18.5710
    7.5000    0.0000    7.500015872.4893   18.5683
   -7.5000    7.5000    7.500015997.6885   18.5713
    0.0000    7.5000    7.500016605.1777   18.5857
    7.5000    7.5000    7.500015657.0176   18.5762
   -7.5000   15.0000    7.500015446.8975   18.5886
    0.0000   15.0000    7.500015991.9482   18.5974
    7.5000   15.0000    7.500015205.0488   18.5757
   -7.5000   22.5000    7.500014924.7051   18.5763
    0.0000   22.5000    7.500015490.6230   18.5798
    7.5000   22.5000    7.500014682.6670   18.5544
   -7.5000   30.0000    7.500014225.7217   18.3278
    0.0000   30.0000    7.500014799.5928   18.3323
    7.5000   30.0000    7.500014000.0215   18.3148
   -7.5000   37.5000    7.500013947.8857   18.3159
    0.0000   37.5000    7.500014538.1201   18.3266
    7.5000   37.5000    7.500013723.8594   18.3196
   -7.5000   45.0000    7.500013062.3447   17.8854
    0.0000   45.0000    7.500013627.5039   17.9003
    7.5000   45.0000    7.500012844.0273   17.8977
   -7.5000  -45.0000   15.0000 8564.8301   19.1047
    0.0000  -45.0000   15.0000 8976.2334   19.1157
    7.5000  -45.0000   15.0000 8569.4961   19.1183
   -7.5000  -37.5000   15.0000 9465.4678   18.7563
    0.0000  -37.5000   15.0000 9901.5947   18.7673
    7.5000  -37.5000   15.0000 9422.8232   18.7615
   -7.5000  -30.0000   15.000010722.1826   18.6135
    0.0000  -30.0000   15.000011191.3828   18.6228
    7.5000  -30.0000   15.000010676.8008   18.6032
   -7.5000  -22.5000   15.000012023.0898   18.6077
    0.0000  -22.5000   15.000012539.9551   18.6144
    7.5000  -22.5000   15.000011923.4785   18.5933
   -7.5000  -15.0000   15.000013250.2119   18.5911
    0.0000  -15.0000   15.000013818.5068   18.5975
    7.5000  -15.0000   15.000013131.3643   18.5879
   -7.5000   -7.5000   15.000014480.2002   18.5710
    0.0000   -7.5000   15.000015085.8848   18.5783
    7.5000   -7.5000   15.000014297.5186   18.5800
   -7.5000    0.0000   15.000015667.3262   18.5602
    0.0000    0.0000   15.000016270.4717   18.5695
    7.5000    0.0000   15.000015343.4688   18.5738
   -7.5000    7.5000   15.000015415.3857   18.5758
    0.0000    7.5000   15.000015907.5059   18.5866
    7.5000    7.5000   15.000015172.4316   18.5811
   -7.5000   15.0000   15.000014853.3301   18.6012
    0.0000   15.0000   15.000015332.8281   18.6105
    7.5000   15.0000   15.000014763.0303   18.5909
   -7.5000   22.5000   15.000014415.2881   18.5972
    0.0000   22.5000   15.000014889.0088   18.6040
    7.5000   22.5000   15.000014252.3984   18.5829
   -7.5000   30.0000   15.000013780.7432   18.3505
    0.0000   30.0000   15.000014246.3037   18.3568
    7.5000   30.0000   15.000013560.6084   18.3473
   -7.5000   37.5000   15.000013475.1006   18.3307
    0.0000   37.5000   15.000013956.5391   18.3379
    7.5000   37.5000   15.000013232.2100   18.3395
   -7.5000   45.0000   15.000012610.5332   17.8899
    0.0000   45.0000   15.000013061.3262   17.8989
    7.5000   45.0000   15.000012345.5127   17.9030
   -7.5000  -45.0000   22.5000 8150.9712   19.0777
    0.0000  -45.0000   22.5000 8540.8008   19.0893
    7.5000  -45.0000   22.5000 8150.6904   19.0946
   -7.5000  -37.5000   22.5000 9027.6963   18.7283
    0.0000  -37.5000   22.5000 9468.1436   18.7424
    7.5000  -37.5000   22.5000 8999.4316   18.7446
   -7.5000  -30.0000   22.500010241.8857   18.5779
    0.0000  -30.0000   22.500010738.6309   18.5919
    7.5000  -30.0000   22.500010211.3701   18.5854
   -7.5000  -22.5000   22.500011476.0938   18.5690
    0.0000  -22.5000   22.500012021.6221   18.5803
    7.5000  -22.5000   22.500011413.1104   18.5715
   -7.5000  -15.0000   22.500012651.1533   18.5567
    0.0000  -15.0000   22.500013239.1152   18.5656
    7.5000  -15.0000   22.500012592.5312   18.5625
   -7.5000   -7.5000   22.500013782.7432   18.5429
    0.0000   -7.5000   22.500014389.2998   18.5507
    7.5000   -7.5000   22.500013706.7734   18.5541
   -7.5000    0.0000   22.500014817.2939   18.5361
    0.0000    0.0000   22.500015411.8623   18.5461
    7.5000    0.0000   22.500014658.5752   18.5524
   -7.5000    7.5000   22.500014697.5352   18.5485
    0.0000    7.5000   22.500015167.3945   18.5623
    7.5000    7.5000   22.500014465.9756   18.5645
   -7.5000   15.0000   22.500014478.0225   18.5657
    0.0000   15.0000   22.500014907.1514   18.5797
    7.5000   15.0000   22.500014180.0342   18.5732
   -7.5000   22.5000   22.500014147.0498   18.5585
    0.0000   22.5000   22.500014548.9766   18.5698
    7.5000   22.5000   22.500013750.4961   18.5611
   -7.5000   30.0000   22.500013455.5615   18.3165
    0.0000   30.0000   22.500013837.7812   18.3253
    7.5000   30.0000   22.500013061.4111   18.3223
   -7.5000   37.5000   22.500013001.1465   18.3029
    0.0000   37.5000   22.500013422.5586   18.3106
    7.5000   37.5000   22.500012702.7109   18.3140
   -7.5000   45.0000   22.500012065.8711   17.8667
    0.0000   45.0000   22.500012498.7441   17.8763
    7.5000   45.0000   22.500011828.8652   17.8824
   -7.5000  -45.0000   30.0000 7658.2847   19.0496
    0.0000  -45.0000   30.0000 8018.3120   19.0673
    7.5000  -45.0000   30.0000 7670.8535   19.0674
   -7.5000  -37.5000   30.0000 8475.0186   18.6966
    0.0000  -37.5000   30.0000 8880.9756   18.7165
    7.5000  -37.5000   30.0000 8467.1963   18.7216
   -7.5000  -30.0000   30.0000 9617.9053   18.5324
    0.0000  -30.0000   30.000010066.4541   18.5498
    7.5000  -30.0000   30.0000 9603.1777   18.5537
   -7.5000  -22.5000   30.000010781.5146   18.5157
    0.0000  -22.5000   30.000011282.7510   18.5275
    7.5000  -22.5000   30.000010749.2471   18.5269
   -7.5000  -15.0000   30.000011899.2617   18.5078
    0.0000  -15.0000   30.000012440.8311   18.5166
    7.5000  -15.0000   30.000011851.0332   18.5128
   -7.5000   -7.5000   30.000012975.6279   18.5063
    0.0000   -7.5000   30.000013547.8975   18.5170
    7.5000   -7.5000   30.000012911.3555   18.5140
   -7.5000    0.0000   30.000013945.7676   18.5096
    0.0000    0.0000   30.000014494.7402   18.5256
    7.5000    0.0000   30.000013806.0713   18.5267
   -7.5000    7.5000   30.000013829.2549   18.5176
    0.0000    7.5000   30.000014320.3857   18.5371
    7.5000    7.5000   30.000013631.0771   18.5420
   -7.5000   15.0000   30.000013611.2705   18.5203
    0.0000   15.0000   30.000014106.7510   18.5376
    7.5000   15.0000   30.000013390.6523   18.5415
   -7.5000   22.5000   30.000013258.9043   18.5053
    0.0000   22.5000   30.000013742.7227   18.5171
    7.5000   22.5000   30.000013000.8965   18.5164
   -7.5000   30.0000   30.000012637.7373   18.2683
    0.0000   30.0000   30.000013108.8281   18.2769
    7.5000   30.0000   30.000012397.3223   18.2732
   -7.5000   37.5000   30.000012246.1660   18.2668
    0.0000   37.5000   30.000012708.3369   18.2774
    7.5000   37.5000   30.000012057.7109   18.2744
   -7.5000   45.0000   30.000011374.1377   17.8411
    0.0000   45.0000   30.000011798.7627   17.8565
    7.5000   45.0000   30.000011194.1006   17.8576
   -7.5000  -45.0000   37.5000 7396.0303   19.0511
    0.0000  -45.0000   37.5000 7732.4810   19.0744
    7.5000  -45.0000   37.5000 7398.0283   19.0676
   -7.5000  -37.5000   37.5000 8179.6831   18.6955
    0.0000  -37.5000   37.5000 8553.4150   18.7182
    7.5000  -37.5000   37.5000 8170.4941   18.7187
   -7.5000  -30.0000   37.5000 9281.8037   18.5248
    0.0000  -30.0000   37.5000 9719.6230   18.5411
    7.5000  -30.0000   37.5000 9267.2031   18.5413
   -7.5000  -22.5000   37.500010415.7646   18.5025
    0.0000  -22.5000   37.500010915.8076   18.5108
    7.5000  -22.5000   37.500010379.6699   18.5043
   -7.5000  -15.0000   37.500011495.5781   18.4939
    0.0000  -15.0000   37.500012037.8164   18.5008
    7.5000  -15.0000   37.500011466.7695   18.4884
   -7.5000   -7.5000   37.500012523.5312   18.4990
    0.0000   -7.5000   37.500013071.3896   18.5128
    7.5000   -7.5000   37.500012501.2100   18.5016
   -7.5000    0.0000   37.500013431.4434   18.5095
    0.0000    0.0000   37.500013954.9053   18.5309
    7.5000    0.0000   37.500013387.5088   18.5258
   -7.5000    7.5000   37.500013310.9531   18.5165
    0.0000    7.5000   37.500013802.5977   18.5389
    7.5000    7.5000   37.500013237.0635   18.5394
   -7.5000   15.0000   37.500013073.2188   18.5126
    0.0000   15.0000   37.500013565.3027   18.5289
    7.5000   15.0000   37.500012998.4863   18.5292
   -7.5000   22.5000   37.500012701.5420   18.4921
    0.0000   22.5000   37.500013171.4102   18.5004
    7.5000   22.5000   37.500012609.6318   18.4939
   -7.5000   30.0000   37.500012124.1191   18.2546
    0.0000   30.0000   37.500012568.9121   18.2613
    7.5000   30.0000   37.500012022.3838   18.2491
   -7.5000   37.5000   37.500011801.3125   18.2596
    0.0000   37.5000   37.500012241.2930   18.2732
    7.5000   37.5000   37.500011699.2520   18.2622
   -7.5000   45.0000   37.500010991.6211   17.8410
    0.0000   45.0000   37.500011412.3301   17.8616
    7.5000   45.0000   37.500010879.2188   17.8568
   -7.5000  -45.0000   45.0000 6816.3579   19.1059
    0.0000  -45.0000   45.0000 7125.7119   19.1292
    7.5000  -45.0000   45.0000 6823.0903   19.1203
   -7.5000  -37.5000   45.0000 7516.2007   18.7491
    0.0000  -37.5000   45.0000 7868.2910   18.7691
    7.5000  -37.5000   45.0000 7528.1938   18.7631
   -7.5000  -30.0000   45.0000 8521.0850   18.5822
    0.0000  -30.0000   45.0000 8937.1494   18.5942
    7.5000  -30.0000   45.0000 8539.9775   18.5824
   -7.5000  -22.5000   45.0000 9568.7510   18.5591
    0.0000  -22.5000   45.000010018.9658   18.5633
    7.5000  -22.5000   45.0000 9565.5996   18.5444
   -7.5000  -15.0000   45.000010544.2139   18.5442
    0.0000  -15.0000   45.000011038.8623   18.5489
    7.5000  -15.0000   45.000010566.7500   18.5294
   -7.5000   -7.5000   45.000011478.6660   18.5454
    0.0000   -7.5000   45.000011985.2861   18.5594
    7.5000   -7.5000   45.000011483.8662   18.5460
   -7.5000    0.0000   45.000012307.5605   18.5562
    0.0000    0.0000   45.000012828.4707   18.5775
    7.5000    0.0000   45.000012290.4648   18.5709
   -7.5000    7.5000   45.000012198.4004   18.5677
    0.0000    7.5000   45.000012694.9189   18.5875
    7.5000    7.5000   45.000012173.0479   18.5817
   -7.5000   15.0000   45.000011982.6992   18.5698
    0.0000   15.0000   45.000012458.1650   18.5819
    7.5000   15.0000   45.000011950.3799   18.5701
   -7.5000   22.5000   45.000011602.5908   18.5486
    0.0000   22.5000   45.000012060.0742   18.5528
    7.5000   22.5000   45.000011566.4893   18.5340
   -7.5000   30.0000   45.000011074.4863   18.3026
    0.0000   30.0000   45.000011488.8291   18.3073
    7.5000   30.0000   45.000011010.8174   18.2879
   -7.5000   37.5000   45.000010824.5918   18.3038
    0.0000   37.5000   45.000011232.0322   18.3176
    7.5000   37.5000   45.000010733.2773   18.3044
   -7.5000   45.0000   45.000010096.3535   17.8942
    0.0000   45.0000   45.000010494.1895   17.9147
    7.5000   45.0000   45.000010007.8535   17.9084

---------------------------------------------------------------------
imgreg_4dfp /opt/freesurfer/average/711-2C_as_mni_average_305 /opt/freesurfer/average/711-2B_as_mni_average_305_mask talsrcimg_g11 none talsrcimg_to_711-2C_as_mni_average_305_t4 4355
---------------------------------------------------------------------

freesurfer imgreg_4dfp.c
/opt/freesurfer/average/711-2C_as_mni_average_305.4dfp.img
       256       256       256         1
  1.000000  1.000000  1.000000
orientation T byte_order littleendian
Reading image: /opt/freesurfer/average/711-2C_as_mni_average_305.4dfp.img
dimensions:      256       256       256
mmppix:       1.0000   -1.0000   -1.0000
center:     128.0000 -129.0000 -129.0000
/opt/freesurfer/average/711-2B_as_mni_average_305_mask.4dfp.img
       256       256       256         1
  1.000000  1.000000  1.000000
orientation T byte_order littleendian
Reading mask: /opt/freesurfer/average/711-2B_as_mni_average_305_mask.4dfp.img (2306576 pixels)
talsrcimg_g11.4dfp.img
       256       256       256         1
  1.000000  1.000000  1.000000
orientation T byte_order littleendian
Reading image: talsrcimg_g11.4dfp.img
dimensions:      256       256       256
mmppix:       1.0000   -1.0000   -1.0000
center:     128.0000 -129.0000 -129.0000
rotation matrix determinant  1.000000
image alignment mode   4355 decimal     1103 hex
   -7.5000  -45.0000  -45.0000 1753.6917   26.8140
    0.0000  -45.0000  -45.0000 1756.4152   26.7872
    7.5000  -45.0000  -45.0000 1746.2275   27.1626
   -7.5000  -37.5000  -45.0000 1860.5830   23.6887
    0.0000  -37.5000  -45.0000 1862.2817   23.6525
    7.5000  -37.5000  -45.0000 1849.8727   23.9503
   -7.5000  -30.0000  -45.0000 1956.0336   21.2072
    0.0000  -30.0000  -45.0000 1956.8851   21.1735
    7.5000  -30.0000  -45.0000 1943.4182   21.4495
   -7.5000  -22.5000  -45.0000 2044.8748   19.3669
    0.0000  -22.5000  -45.0000 2047.7441   19.3349
    7.5000  -22.5000  -45.0000 2036.8054   19.5249
   -7.5000  -15.0000  -45.0000 2116.4900   18.1274
    0.0000  -15.0000  -45.0000 2120.4143   18.0750
    7.5000  -15.0000  -45.0000 2106.3157   18.2205
   -7.5000   -7.5000  -45.0000 2166.0684   17.1495
    0.0000   -7.5000  -45.0000 2167.8945   17.1157
    7.5000   -7.5000  -45.0000 2149.0935   17.3035
   -7.5000    0.0000  -45.0000 2192.7146   16.4284
    0.0000    0.0000  -45.0000 2196.6301   16.3946
    7.5000    0.0000  -45.0000 2170.4294   16.5824
   -7.5000    7.5000  -45.0000 2199.7644   16.0025
    0.0000    7.5000  -45.0000 2199.4973   15.9453
    7.5000    7.5000  -45.0000 2173.6160   16.1881
   -7.5000   15.0000  -45.0000 2194.7161   15.8841
    0.0000   15.0000  -45.0000 2196.4128   15.8059
    7.5000   15.0000  -45.0000 2169.2808   16.0476
   -7.5000   22.5000  -45.0000 2188.5994   16.0243
    0.0000   22.5000  -45.0000 2190.2295   15.9459
    7.5000   22.5000  -45.0000 2163.9231   16.1858
   -7.5000   30.0000  -45.0000 2158.2722   16.5520
    0.0000   30.0000  -45.0000 2164.5481   16.4229
    7.5000   30.0000  -45.0000 2139.6050   16.6915
   -7.5000   37.5000  -45.0000 2112.2197   17.2935
    0.0000   37.5000  -45.0000 2121.2908   17.2014
    7.5000   37.5000  -45.0000 2100.0359   17.4773
   -7.5000   45.0000  -45.0000 2052.7688   18.3386
    0.0000   45.0000  -45.0000 2059.2190   18.2840
    7.5000   45.0000  -45.0000 2032.0691   18.6346
   -7.5000  -45.0000  -37.5000 1822.0896   24.8977
    0.0000  -45.0000  -37.5000 1828.1138   24.9805
    7.5000  -45.0000  -37.5000 1818.2950   25.2606
   -7.5000  -37.5000  -37.5000 1935.5504   21.9344
    0.0000  -37.5000  -37.5000 1938.5837   21.9832
    7.5000  -37.5000  -37.5000 1925.5780   22.2243
   -7.5000  -30.0000  -37.5000 2039.4822   19.6346
    0.0000  -30.0000  -37.5000 2042.6348   19.6595
    7.5000  -30.0000  -37.5000 2023.2795   19.8395
   -7.5000  -22.5000  -37.5000 2138.8621   17.9155
    0.0000  -22.5000  -37.5000 2147.0117   17.9292
    7.5000  -22.5000  -37.5000 2127.0559   18.0812
   -7.5000  -15.0000  -37.5000 2218.2708   16.6839
    0.0000  -15.0000  -37.5000 2226.7566   16.6697
    7.5000  -15.0000  -37.5000 2207.0840   16.7814
   -7.5000   -7.5000  -37.5000 2271.4172   15.7480
    0.0000   -7.5000  -37.5000 2278.0769   15.7493
    7.5000   -7.5000  -37.5000 2255.6965   15.8736
   -7.5000    0.0000  -37.5000 2294.3840   15.0942
    0.0000    0.0000  -37.5000 2304.0059   15.0774
    7.5000    0.0000  -37.5000 2275.8972   15.2357
   -7.5000    7.5000  -37.5000 2300.2429   14.7639
    0.0000    7.5000  -37.5000 2305.0195   14.7259
    7.5000    7.5000  -37.5000 2275.3865   14.9016
   -7.5000   15.0000  -37.5000 2291.9377   14.6444
    0.0000   15.0000  -37.5000 2297.0754   14.5720
    7.5000   15.0000  -37.5000 2272.6921   14.7745
   -7.5000   22.5000  -37.5000 2284.7649   14.7346
    0.0000   22.5000  -37.5000 2293.5281   14.6683
    7.5000   22.5000  -37.5000 2268.4556   14.8607
   -7.5000   30.0000  -37.5000 2266.0957   15.1510
    0.0000   30.0000  -37.5000 2272.0464   15.0898
    7.5000   30.0000  -37.5000 2242.7905   15.3196
   -7.5000   37.5000  -37.5000 2225.0132   15.8239
    0.0000   37.5000  -37.5000 2231.8103   15.7706
    7.5000   37.5000  -37.5000 2201.0105   16.0367
   -7.5000   45.0000  -37.5000 2154.9028   16.8568
    0.0000   45.0000  -37.5000 2167.1013   16.7735
    7.5000   45.0000  -37.5000 2136.8806   17.1194
   -7.5000  -45.0000  -30.0000 1915.5095   24.0653
    0.0000  -45.0000  -30.0000 1923.6967   24.1189
    7.5000  -45.0000  -30.0000 1914.8340   24.3348
   -7.5000  -37.5000  -30.0000 2036.7699   21.2039
    0.0000  -37.5000  -30.0000 2044.7181   21.2353
    7.5000  -37.5000  -30.0000 2030.1827   21.4067
   -7.5000  -30.0000  -30.0000 2157.8694   18.9516
    0.0000  -30.0000  -30.0000 2162.3655   18.9753
    7.5000  -30.0000  -30.0000 2143.6123   19.1045
   -7.5000  -22.5000  -30.0000 2273.0813   17.2144
    0.0000  -22.5000  -30.0000 2277.8977   17.2186
    7.5000  -22.5000  -30.0000 2256.3186   17.3678
   -7.5000  -15.0000  -30.0000 2359.6313   15.9014
    0.0000  -15.0000  -30.0000 2365.7124   15.9082
    7.5000  -15.0000  -30.0000 2339.4563   16.0470
   -7.5000   -7.5000  -30.0000 2417.2219   14.9850
    0.0000   -7.5000  -30.0000 2424.0239   14.9650
    7.5000   -7.5000  -30.0000 2389.5464   15.0978
   -7.5000    0.0000  -30.0000 2437.8496   14.4076
    0.0000    0.0000  -30.0000 2446.7891   14.3719
    7.5000    0.0000  -30.0000 2410.2056   14.5134
   -7.5000    7.5000  -30.0000 2445.0413   14.0573
    0.0000    7.5000  -30.0000 2453.1023   14.0121
    7.5000    7.5000  -30.0000 2423.2395   14.1907
   -7.5000   15.0000  -30.0000 2443.6978   13.9840
    0.0000   15.0000  -30.0000 2454.3684   13.9078
    7.5000   15.0000  -30.0000 2425.2502   14.0825
   -7.5000   22.5000  -30.0000 2436.9272   14.0570
    0.0000   22.5000  -30.0000 2446.5642   14.0036
    7.5000   22.5000  -30.0000 2419.4346   14.1863
   -7.5000   30.0000  -30.0000 2417.6128   14.4294
    0.0000   30.0000  -30.0000 2428.2075   14.3458
    7.5000   30.0000  -30.0000 2396.5559   14.5857
   -7.5000   37.5000  -30.0000 2374.3657   15.0774
    0.0000   37.5000  -30.0000 2383.5359   14.9942
    7.5000   37.5000  -30.0000 2353.6462   15.2526
   -7.5000   45.0000  -30.0000 2300.2839   16.0464
    0.0000   45.0000  -30.0000 2310.7302   15.9546
    7.5000   45.0000  -30.0000 2277.3052   16.2704
   -7.5000  -45.0000  -22.5000 1988.1041   22.9924
    0.0000  -45.0000  -22.5000 1994.0684   23.0303
    7.5000  -45.0000  -22.5000 1987.8608   23.2883
   -7.5000  -37.5000  -22.5000 2119.7195   20.2453
    0.0000  -37.5000  -22.5000 2126.6401   20.2499
    7.5000  -37.5000  -22.5000 2112.1843   20.4129
   -7.5000  -30.0000  -22.5000 2248.5974   18.0876
    0.0000  -30.0000  -22.5000 2253.0793   18.0507
    7.5000  -30.0000  -22.5000 2238.1228   18.2209
   -7.5000  -22.5000  -22.5000 2368.4004   16.3756
    0.0000  -22.5000  -22.5000 2376.0442   16.3347
    7.5000  -22.5000  -22.5000 2356.7485   16.4897
   -7.5000  -15.0000  -22.5000 2463.4585   15.0748
    0.0000  -15.0000  -22.5000 2471.3848   15.0247
    7.5000  -15.0000  -22.5000 2442.0156   15.1480
   -7.5000   -7.5000  -22.5000 2527.8081   14.1271
    0.0000   -7.5000  -22.5000 2536.3562   14.0691
    7.5000   -7.5000  -22.5000 2502.1370   14.2077
   -7.5000    0.0000  -22.5000 2554.5703   13.5412
    0.0000    0.0000  -22.5000 2567.6416   13.4890
    7.5000    0.0000  -22.5000 2537.2275   13.6301
   -7.5000    7.5000  -22.5000 2574.0271   13.2153
    0.0000    7.5000  -22.5000 2586.1565   13.1592
    7.5000    7.5000  -22.5000 2553.8752   13.3216
   -7.5000   15.0000  -22.5000 2583.2810   13.1266
    0.0000   15.0000  -22.5000 2593.6099   13.0501
    7.5000   15.0000  -22.5000 2562.1702   13.2364
   -7.5000   22.5000  -22.5000 2580.9565   13.2313
    0.0000   22.5000  -22.5000 2592.3381   13.1603
    7.5000   22.5000  -22.5000 2557.0320   13.3573
   -7.5000   30.0000  -22.5000 2554.6172   13.6085
    0.0000   30.0000  -22.5000 2571.7808   13.5326
    7.5000   30.0000  -22.5000 2531.9170   13.7276
   -7.5000   37.5000  -22.5000 2505.7244   14.2608
    0.0000   37.5000  -22.5000 2519.2136   14.1832
    7.5000   37.5000  -22.5000 2477.1450   14.3811
   -7.5000   45.0000  -22.5000 2426.0273   15.1393
    0.0000   45.0000  -22.5000 2437.2700   15.0890
    7.5000   45.0000  -22.5000 2396.3508   15.3399
   -7.5000  -45.0000  -15.0000 2035.5592   22.0803
    0.0000  -45.0000  -15.0000 2041.5657   22.0678
    7.5000  -45.0000  -15.0000 2031.4489   22.3689
   -7.5000  -37.5000  -15.0000 2170.5232   19.3979
    0.0000  -37.5000  -15.0000 2177.1348   19.3007
    7.5000  -37.5000  -15.0000 2163.1370   19.5415
   -7.5000  -30.0000  -15.0000 2306.0212   17.2419
    0.0000  -30.0000  -15.0000 2315.2988   17.1864
    7.5000  -30.0000  -15.0000 2293.3218   17.3615
   -7.5000  -22.5000  -15.0000 2432.3015   15.5425
    0.0000  -22.5000  -15.0000 2442.6780   15.4880
    7.5000  -22.5000  -15.0000 2413.9226   15.6394
   -7.5000  -15.0000  -15.0000 2535.3552   14.2586
    0.0000  -15.0000  -15.0000 2542.2280   14.1842
    7.5000  -15.0000  -15.0000 2515.5735   14.3269
   -7.5000   -7.5000  -15.0000 2602.2261   13.3701
    0.0000   -7.5000  -15.0000 2616.1213   13.2930
    7.5000   -7.5000  -15.0000 2581.2439   13.4307
   -7.5000    0.0000  -15.0000 2645.8970   12.7432
    0.0000    0.0000  -15.0000 2661.2419   12.6519
    7.5000    0.0000  -15.0000 2632.0610   12.7953
   -7.5000    7.5000  -15.0000 2683.2314   12.3851
    0.0000    7.5000  -15.0000 2693.1719   12.2882
    7.5000    7.5000  -15.0000 2660.6379   12.4594
   -7.5000   15.0000  -15.0000 2701.1348   12.2743
    0.0000   15.0000  -15.0000 2709.7637   12.1942
    7.5000   15.0000  -15.0000 2675.0664   12.3680
   -7.5000   22.5000  -15.0000 2701.5933   12.4159
    0.0000   22.5000  -15.0000 2714.6414   12.3281
    7.5000   22.5000  -15.0000 2672.6423   12.4994
   -7.5000   30.0000  -15.0000 2674.3147   12.8008
    0.0000   30.0000  -15.0000 2689.3843   12.7228
    7.5000   30.0000  -15.0000 2644.2737   12.9036
   -7.5000   37.5000  -15.0000 2616.0862   13.4314
    0.0000   37.5000  -15.0000 2627.1096   13.3551
    7.5000   37.5000  -15.0000 2584.5161   13.5596
   -7.5000   45.0000  -15.0000 2526.1240   14.2862
    0.0000   45.0000  -15.0000 2533.4143   14.2233
    7.5000   45.0000  -15.0000 2493.3967   14.4718
   -7.5000  -45.0000   -7.5000 2070.5293   21.3443
    0.0000  -45.0000   -7.5000 2076.2085   21.3123
    7.5000  -45.0000   -7.5000 2062.2468   21.5558
   -7.5000  -37.5000   -7.5000 2210.7488   18.6707
    0.0000  -37.5000   -7.5000 2218.9155   18.6102
    7.5000  -37.5000   -7.5000 2196.5400   18.8184
   -7.5000  -30.0000   -7.5000 2347.0383   16.5381
    0.0000  -30.0000   -7.5000 2358.9424   16.4695
    7.5000  -30.0000   -7.5000 2331.9636   16.6772
   -7.5000  -22.5000   -7.5000 2474.8066   14.8810
    0.0000  -22.5000   -7.5000 2487.0803   14.8006
    7.5000  -22.5000   -7.5000 2455.4451   14.9640
   -7.5000  -15.0000   -7.5000 2582.0999   13.6172
    0.0000  -15.0000   -7.5000 2594.5591   13.5438
    7.5000  -15.0000   -7.5000 2564.7549   13.6745
   -7.5000   -7.5000   -7.5000 2665.6238   12.7018
    0.0000   -7.5000   -7.5000 2676.0396   12.6199
    7.5000   -7.5000   -7.5000 2647.4004   12.7505
   -7.5000    0.0000   -7.5000 2729.6619   12.0667
    0.0000    0.0000   -7.5000 2739.4434   11.9802
    7.5000    0.0000   -7.5000 2709.8696   12.1051
   -7.5000    7.5000   -7.5000 2776.2607   11.6379
    0.0000    7.5000   -7.5000 2786.2598   11.5639
    7.5000    7.5000   -7.5000 2749.7041   11.7137
   -7.5000   15.0000   -7.5000 2806.3623   11.4716
    0.0000   15.0000   -7.5000 2813.5681   11.4153
    7.5000   15.0000   -7.5000 2769.4568   11.5927
   -7.5000   22.5000   -7.5000 2806.2166   11.6465
    0.0000   22.5000   -7.5000 2822.2480   11.5642
    7.5000   22.5000   -7.5000 2771.0581   11.7403
   -7.5000   30.0000   -7.5000 2776.6018   12.0526
    0.0000   30.0000   -7.5000 2790.7056   11.9649
    7.5000   30.0000   -7.5000 2741.9043   12.1557
   -7.5000   37.5000   -7.5000 2706.6960   12.6658
    0.0000   37.5000   -7.5000 2719.2046   12.6008
    7.5000   37.5000   -7.5000 2675.5396   12.8047
   -7.5000   45.0000   -7.5000 2606.7603   13.5319
    0.0000   45.0000   -7.5000 2616.6184   13.4668
    7.5000   45.0000   -7.5000 2571.2527   13.6911
   -7.5000  -45.0000    0.0000 2095.1997   20.9530
    0.0000  -45.0000    0.0000 2101.9231   20.9372
    7.5000  -45.0000    0.0000 2088.5913   21.2326
   -7.5000  -37.5000    0.0000 2238.0667   18.3011
    0.0000  -37.5000    0.0000 2244.6277   18.2392
    7.5000  -37.5000    0.0000 2224.6362   18.4598
   -7.5000  -30.0000    0.0000 2366.9548   16.1608
    0.0000  -30.0000    0.0000 2375.1309   16.0842
    7.5000  -30.0000    0.0000 2354.0227   16.2714
   -7.5000  -22.5000    0.0000 2496.0481   14.5089
    0.0000  -22.5000    0.0000 2504.3960   14.4062
    7.5000  -22.5000    0.0000 2479.5635   14.5712
   -7.5000  -15.0000    0.0000 2607.6917   13.2059
    0.0000  -15.0000    0.0000 2618.1399   13.0927
    7.5000  -15.0000    0.0000 2592.6255   13.2654
   -7.5000   -7.5000    0.0000 2712.0579   12.2301
    0.0000   -7.5000    0.0000 2724.1121   12.1314
    7.5000   -7.5000    0.0000 2691.6516   12.2962
   -7.5000    0.0000    0.0000 2794.6892   11.5755
    0.0000    0.0000    0.0000 2806.9841   11.4814
    7.5000    0.0000    0.0000 2769.7476   11.6166
   -7.5000    7.5000    0.0000 2855.3616   11.1217
    0.0000    7.5000    0.0000 2869.8835   11.0285
    7.5000    7.5000    0.0000 2821.9731   11.1861
   -7.5000   15.0000    0.0000 2896.8418   10.8942
    0.0000   15.0000    0.0000 2907.3906   10.8344
    7.5000   15.0000    0.0000 2849.7849   11.0487
   -7.5000   22.5000    0.0000 2900.7695   11.0631
    0.0000   22.5000    0.0000 2915.2551   10.9743
    7.5000   22.5000    0.0000 2853.7539   11.1958
   -7.5000   30.0000    0.0000 2859.2078   11.4541
    0.0000   30.0000    0.0000 2873.3120   11.3681
    7.5000   30.0000    0.0000 2819.5818   11.5817
   -7.5000   37.5000    0.0000 2775.8655   12.0647
    0.0000   37.5000    0.0000 2793.4568   11.9867
    7.5000   37.5000    0.0000 2743.9524   12.2215
   -7.5000   45.0000    0.0000 2664.1489   12.9629
    0.0000   45.0000    0.0000 2676.2947   12.9092
    7.5000   45.0000    0.0000 2628.2266   13.1486
   -7.5000  -45.0000    7.5000 2104.1763   20.9193
    0.0000  -45.0000    7.5000 2109.3174   20.7600
    7.5000  -45.0000    7.5000 2093.1318   21.0855
   -7.5000  -37.5000    7.5000 2241.6858   18.1985
    0.0000  -37.5000    7.5000 2252.9702   18.1076
    7.5000  -37.5000    7.5000 2231.7351   18.3192
   -7.5000  -30.0000    7.5000 2373.9517   16.0607
    0.0000  -30.0000    7.5000 2386.2205   15.9491
    7.5000  -30.0000    7.5000 2364.3643   16.1551
   -7.5000  -22.5000    7.5000 2501.7041   14.3678
    0.0000  -22.5000    7.5000 2511.9980   14.2017
    7.5000  -22.5000    7.5000 2488.5322   14.4260
   -7.5000  -15.0000    7.5000 2613.9583   13.0141
    0.0000  -15.0000    7.5000 2627.9407   12.8645
    7.5000  -15.0000    7.5000 2598.9253   13.0615
   -7.5000   -7.5000    7.5000 2723.9912   12.0030
    0.0000   -7.5000    7.5000 2741.7021   11.8563
    7.5000   -7.5000    7.5000 2707.5671   12.0467
   -7.5000    0.0000    7.5000 2830.0063   11.2958
    0.0000    0.0000    7.5000 2846.5090   11.1591
    7.5000    0.0000    7.5000 2803.6860   11.3292
   -7.5000    7.5000    7.5000 2916.4312   10.8143
    0.0000    7.5000    7.5000 2933.7930   10.6865
    7.5000    7.5000    7.5000 2877.9595   10.8790
   -7.5000   15.0000    7.5000 2969.7344   10.5134
    0.0000   15.0000    7.5000 2984.5569   10.4174
    7.5000   15.0000    7.5000 2915.7493   10.6820
   -7.5000   22.5000    7.5000 2968.4436   10.6739
    0.0000   22.5000    7.5000 2988.2004   10.5734
    7.5000   22.5000    7.5000 2913.0745   10.8348
   -7.5000   30.0000    7.5000 2909.5105   11.0873
    0.0000   30.0000    7.5000 2925.7708   11.0010
    7.5000   30.0000    7.5000 2865.1296   11.2508
   -7.5000   37.5000    7.5000 2821.6069   11.7053
    0.0000   37.5000    7.5000 2837.3254   11.6442
    7.5000   37.5000    7.5000 2784.4490   11.8806
   -7.5000   45.0000    7.5000 2705.8875   12.6068
    0.0000   45.0000    7.5000 2717.0457   12.5460
    7.5000   45.0000    7.5000 2671.0452   12.7956
   -7.5000  -45.0000   15.0000 2098.1218   21.1332
    0.0000  -45.0000   15.0000 2113.1382   20.9579
    7.5000  -45.0000   15.0000 2087.0181   21.3001
   -7.5000  -37.5000   15.0000 2234.4343   18.3246
    0.0000  -37.5000   15.0000 2251.2273   18.1735
    7.5000  -37.5000   15.0000 2224.2222   18.3914
   -7.5000  -30.0000   15.0000 2362.3374   16.0982
    0.0000  -30.0000   15.0000 2375.9426   15.9121
    7.5000  -30.0000   15.0000 2355.2009   16.1599
   -7.5000  -22.5000   15.0000 2488.2734   14.3557
    0.0000  -22.5000   15.0000 2499.4165   14.1461
    7.5000  -22.5000   15.0000 2477.1208   14.4085
   -7.5000  -15.0000   15.0000 2601.9167   12.9966
    0.0000  -15.0000   15.0000 2616.9009   12.7816
    7.5000  -15.0000   15.0000 2589.9680   13.0218
   -7.5000   -7.5000   15.0000 2717.7966   11.9548
    0.0000   -7.5000   15.0000 2733.4736   11.7563
    7.5000   -7.5000   15.0000 2701.8525   11.9776
   -7.5000    0.0000   15.0000 2827.7896   11.1934
    0.0000    0.0000   15.0000 2844.7434   11.0091
    7.5000    0.0000   15.0000 2805.8071   11.2332
   -7.5000    7.5000   15.0000 2927.8835   10.6809
    0.0000    7.5000   15.0000 2946.1746   10.5005
    7.5000    7.5000   15.0000 2891.5833   10.7774
   -7.5000   15.0000   15.0000 2989.3784   10.3739
    0.0000   15.0000   15.0000 3010.8347   10.2317
    7.5000   15.0000   15.0000 2940.7698   10.5792
   -7.5000   22.5000   15.0000 2996.6628   10.5147
    0.0000   22.5000   15.0000 3010.1812   10.4022
    7.5000   22.5000   15.0000 2939.4661   10.7172
   -7.5000   30.0000   15.0000 2927.3450   10.9890
    0.0000   30.0000   15.0000 2938.6790   10.8940
    7.5000   30.0000   15.0000 2886.6160   11.1076
   -7.5000   37.5000   15.0000 2829.0237   11.6165
    0.0000   37.5000   15.0000 2844.2932   11.4926
    7.5000   37.5000   15.0000 2797.9565   11.7179
   -7.5000   45.0000   15.0000 2705.7241   12.5010
    0.0000   45.0000   15.0000 2718.6545   12.3610
    7.5000   45.0000   15.0000 2677.6978   12.6107
   -7.5000  -45.0000   22.5000 2078.4407   21.5049
    0.0000  -45.0000   22.5000 2095.2000   21.3427
    7.5000  -45.0000   22.5000 2071.2664   21.5659
   -7.5000  -37.5000   22.5000 2219.3225   18.6749
    0.0000  -37.5000   22.5000 2237.7961   18.5225
    7.5000  -37.5000   22.5000 2210.4629   18.7124
   -7.5000  -30.0000   22.5000 2344.8667   16.3115
    0.0000  -30.0000   22.5000 2364.3508   16.1845
    7.5000  -30.0000   22.5000 2341.4651   16.4260
   -7.5000  -22.5000   22.5000 2470.5110   14.4991
    0.0000  -22.5000   22.5000 2488.2646   14.3477
    7.5000  -22.5000   22.5000 2462.0938   14.5972
   -7.5000  -15.0000   22.5000 2589.0525   13.0903
    0.0000  -15.0000   22.5000 2604.4302   12.9076
    7.5000  -15.0000   22.5000 2580.5911   13.1750
   -7.5000   -7.5000   22.5000 2701.5691   12.0379
    0.0000   -7.5000   22.5000 2717.2227   11.8479
    7.5000   -7.5000   22.5000 2692.6995   12.1228
   -7.5000    0.0000   22.5000 2804.9834   11.2832
    0.0000    0.0000   22.5000 2822.7351   11.0888
    7.5000    0.0000   22.5000 2792.5215   11.3538
   -7.5000    7.5000   22.5000 2897.6770   10.8308
    0.0000    7.5000   22.5000 2915.8418   10.6470
    7.5000    7.5000   22.5000 2871.1025   10.8981
   -7.5000   15.0000   22.5000 2965.1353   10.6572
    0.0000   15.0000   22.5000 2982.6060   10.4830
    7.5000   15.0000   22.5000 2922.5847   10.7455
   -7.5000   22.5000   22.5000 2975.1055   10.8253
    0.0000   22.5000   22.5000 2991.3000   10.6947
    7.5000   22.5000   22.5000 2924.1948   10.8841
   -7.5000   30.0000   22.5000 2914.0474   11.1621
    0.0000   30.0000   22.5000 2927.3928   11.0659
    7.5000   30.0000   22.5000 2873.5327   11.2283
   -7.5000   37.5000   22.5000 2808.0796   11.7222
    0.0000   37.5000   22.5000 2825.4863   11.6205
    7.5000   37.5000   22.5000 2785.9866   11.8164
   -7.5000   45.0000   22.5000 2686.2944   12.5624
    0.0000   45.0000   22.5000 2699.5261   12.4525
    7.5000   45.0000   22.5000 2666.1631   12.6622
   -7.5000  -45.0000   30.0000 2043.7698   22.2021
    0.0000  -45.0000   30.0000 2061.0217   22.0367
    7.5000  -45.0000   30.0000 2041.9486   22.2851
   -7.5000  -37.5000   30.0000 2185.8445   19.1611
    0.0000  -37.5000   30.0000 2208.2520   19.0182
    7.5000  -37.5000   30.0000 2184.0066   19.2851
   -7.5000  -30.0000   30.0000 2315.5537   16.7058
    0.0000  -30.0000   30.0000 2336.3860   16.5642
    7.5000  -30.0000   30.0000 2317.2129   16.8654
   -7.5000  -22.5000   30.0000 2442.3823   14.8365
    0.0000  -22.5000   30.0000 2462.6753   14.6979
    7.5000  -22.5000   30.0000 2440.2290   14.9958
   -7.5000  -15.0000   30.0000 2558.2502   13.4644
    0.0000  -15.0000   30.0000 2575.9258   13.3008
    7.5000  -15.0000   30.0000 2552.7605   13.5858
   -7.5000   -7.5000   30.0000 2670.4492   12.4624
    0.0000   -7.5000   30.0000 2684.3237   12.2814
    7.5000   -7.5000   30.0000 2660.1213   12.5387
   -7.5000    0.0000   30.0000 2765.0010   11.7479
    0.0000    0.0000   30.0000 2777.1018   11.5651
    7.5000    0.0000   30.0000 2750.0645   11.8078
   -7.5000    7.5000   30.0000 2847.1096   11.2844
    0.0000    7.5000   30.0000 2860.6936   11.0969
    7.5000    7.5000   30.0000 2820.2456   11.3604
   -7.5000   15.0000   30.0000 2892.9678   11.1452
    0.0000   15.0000   30.0000 2907.4387   11.0060
    7.5000   15.0000   30.0000 2861.5447   11.2061
   -7.5000   22.5000   30.0000 2895.2212   11.2897
    0.0000   22.5000   30.0000 2913.2646   11.1614
    7.5000   22.5000   30.0000 2862.5725   11.3183
   -7.5000   30.0000   30.0000 2848.2158   11.6074
    0.0000   30.0000   30.0000 2863.1301   11.5082
    7.5000   30.0000   30.0000 2817.5215   11.6508
   -7.5000   37.5000   30.0000 2751.1670   12.1819
    0.0000   37.5000   30.0000 2767.8818   12.0854
    7.5000   37.5000   30.0000 2732.8086   12.2547
   -7.5000   45.0000   30.0000 2640.8440   12.9424
    0.0000   45.0000   30.0000 2650.4082   12.8538
    7.5000   45.0000   30.0000 2618.9387   13.0598
   -7.5000  -45.0000   37.5000 2001.3198   23.0496
    0.0000  -45.0000   37.5000 2011.8118   22.9127
    7.5000  -45.0000   37.5000 2000.5276   23.2575
   -7.5000  -37.5000   37.5000 2144.3770   19.9557
    0.0000  -37.5000   37.5000 2159.4905   19.7885
    7.5000  -37.5000   37.5000 2145.1160   20.0628
   -7.5000  -30.0000   37.5000 2271.4500   17.4302
    0.0000  -30.0000   37.5000 2291.0037   17.2892
    7.5000  -30.0000   37.5000 2273.1152   17.5821
   -7.5000  -22.5000   37.5000 2402.1123   15.5463
    0.0000  -22.5000   37.5000 2420.1494   15.3993
    7.5000  -22.5000   37.5000 2392.3193   15.6841
   -7.5000  -15.0000   37.5000 2516.1987   14.1672
    0.0000  -15.0000   37.5000 2538.3818   13.9854
    7.5000  -15.0000   37.5000 2507.0271   14.2472
   -7.5000   -7.5000   37.5000 2624.1765   13.0942
    0.0000   -7.5000   37.5000 2644.0642   12.9139
    7.5000   -7.5000   37.5000 2615.3003   13.1996
   -7.5000    0.0000   37.5000 2715.4165   12.3415
    0.0000    0.0000   37.5000 2729.1445   12.1514
    7.5000    0.0000   37.5000 2699.6987   12.4493
   -7.5000    7.5000   37.5000 2783.8489   11.9195
    0.0000    7.5000   37.5000 2796.3267   11.7388
    7.5000    7.5000   37.5000 2758.8376   12.0160
   -7.5000   15.0000   37.5000 2811.7896   11.8103
    0.0000   15.0000   37.5000 2822.8328   11.6498
    7.5000   15.0000   37.5000 2792.1587   11.8800
   -7.5000   22.5000   37.5000 2799.7288   11.9563
    0.0000   22.5000   37.5000 2812.7649   11.7815
    7.5000   22.5000   37.5000 2778.2310   11.9989
   -7.5000   30.0000   37.5000 2759.1238   12.2265
    0.0000   30.0000   37.5000 2770.5002   12.0832
    7.5000   30.0000   37.5000 2736.2131   12.2932
   -7.5000   37.5000   37.5000 2672.6792   12.7780
    0.0000   37.5000   37.5000 2684.4248   12.6550
    7.5000   37.5000   37.5000 2657.0862   12.8538
   -7.5000   45.0000   37.5000 2571.5632   13.5578
    0.0000   45.0000   37.5000 2584.5962   13.4700
    7.5000   45.0000   37.5000 2558.0815   13.6563
   -7.5000  -45.0000   45.0000 1951.2943   24.4153
    0.0000  -45.0000   45.0000 1958.8561   24.2429
    7.5000  -45.0000   45.0000 1947.3553   24.5070
   -7.5000  -37.5000   45.0000 2090.2742   21.0602
    0.0000  -37.5000   45.0000 2105.3855   20.9206
    7.5000  -37.5000   45.0000 2086.2217   21.1816
   -7.5000  -30.0000   45.0000 2214.1284   18.4300
    0.0000  -30.0000   45.0000 2235.0706   18.3050
    7.5000  -30.0000   45.0000 2215.8604   18.5866
   -7.5000  -22.5000   45.0000 2344.8022   16.4927
    0.0000  -22.5000   45.0000 2363.9055   16.3319
    7.5000  -22.5000   45.0000 2335.9700   16.6164
   -7.5000  -15.0000   45.0000 2457.1882   15.0175
    0.0000  -15.0000   45.0000 2478.9617   14.8486
    7.5000  -15.0000   45.0000 2450.1433   15.1500
   -7.5000   -7.5000   45.0000 2559.8552   13.9049
    0.0000   -7.5000   45.0000 2580.8420   13.7312
    7.5000   -7.5000   45.0000 2547.6689   14.0309
   -7.5000    0.0000   45.0000 2641.3308   13.1778
    0.0000    0.0000   45.0000 2660.4150   13.0063
    7.5000    0.0000   45.0000 2623.5266   13.2874
   -7.5000    7.5000   45.0000 2698.0127   12.7754
    0.0000    7.5000   45.0000 2710.9614   12.6277
    7.5000    7.5000   45.0000 2678.3564   12.8762
   -7.5000   15.0000   45.0000 2717.3748   12.6650
    0.0000   15.0000   45.0000 2732.1746   12.4980
    7.5000   15.0000   45.0000 2703.3398   12.7265
   -7.5000   22.5000   45.0000 2694.4246   12.7980
    0.0000   22.5000   45.0000 2709.8557   12.6236
    7.5000   22.5000   45.0000 2682.5547   12.8263
   -7.5000   30.0000   45.0000 2645.9116   13.0828
    0.0000   30.0000   45.0000 2656.7312   12.9142
    7.5000   30.0000   45.0000 2628.9409   13.1156
   -7.5000   37.5000   45.0000 2582.7515   13.5711
    0.0000   37.5000   45.0000 2592.8936   13.4136
    7.5000   37.5000   45.0000 2561.3665   13.6331
   -7.5000   45.0000   45.0000 2491.7712   14.3230
    0.0000   45.0000   45.0000 2503.6135   14.2141
    7.5000   45.0000   45.0000 2475.6426   14.4202

---------------------------------------------------------------------
imgreg_4dfp /opt/freesurfer/average/711-2C_as_mni_average_305 /opt/freesurfer/average/711-2B_as_mni_average_305_mask talsrcimg_g11 none talsrcimg_to_711-2C_as_mni_average_305_t4 1283
---------------------------------------------------------------------

freesurfer imgreg_4dfp.c
/opt/freesurfer/average/711-2C_as_mni_average_305.4dfp.img
       256       256       256         1
  1.000000  1.000000  1.000000
orientation T byte_order littleendian
Reading image: /opt/freesurfer/average/711-2C_as_mni_average_305.4dfp.img
dimensions:      256       256       256
mmppix:       1.0000   -1.0000   -1.0000
center:     128.0000 -129.0000 -129.0000
/opt/freesurfer/average/711-2B_as_mni_average_305_mask.4dfp.img
       256       256       256         1
  1.000000  1.000000  1.000000
orientation T byte_order littleendian
Reading mask: /opt/freesurfer/average/711-2B_as_mni_average_305_mask.4dfp.img (2306576 pixels)
talsrcimg_g11.4dfp.img
       256       256       256         1
  1.000000  1.000000  1.000000
orientation T byte_order littleendian
Reading image: talsrcimg_g11.4dfp.img
dimensions:      256       256       256
mmppix:       1.0000   -1.0000   -1.0000
center:     128.0000 -129.0000 -129.0000
rotation matrix determinant  1.000000
fimgreg.f
image alignment mode   1283 decimal      503 hex
parameters
    0.0000   15.0000   15.0000    0.0000    0.0000    0.0000
eta,q 0.94452 10.22409
niter,ni,del,rscale     5    3   12.0000    1.2000
parameter  4  1.496761 ->  0.500000 qaram    1.1500
parameters
   -2.7588   17.7529   14.1284   -3.4500    1.8904   -0.5305
eta,q 0.95262 10.14447
  0.0571  0.0687  0.0540  0.0469  0.0576  0.0513
  0.0538  0.0622  0.0518  0.0480  0.0544  0.0494
  0.0530  0.0565  0.0515  0.0495  0.0511  0.0479
  0.0552  0.0528  0.0513  0.0513  0.0483  0.0474
  0.0607  0.0515  0.0513  0.0531  0.0474  0.0484
  0.0670  0.0519  0.0535  0.0559  0.0488  0.0505
  0.0731  0.0538  0.0569  0.0595  0.0511  0.0530
niter,ni,del,rscale     5    3   12.0000    1.2000
parameter  4  0.594275 ->  0.500000 qaram    1.3225
parameters
   -3.4794   19.3493   13.3641   -7.4175    1.6580   -0.5611
eta,q 0.95611 10.10873
  0.0591  0.0589  0.0508  0.0457  0.0508  0.0487
  0.0513  0.0533  0.0473  0.0441  0.0470  0.0467
  0.0472  0.0494  0.0467  0.0444  0.0445  0.0450
  0.0474  0.0468  0.0466  0.0465  0.0439  0.0439
  0.0518  0.0468  0.0475  0.0491  0.0455  0.0443
  0.0578  0.0486  0.0502  0.0521  0.0480  0.0464
  0.0631  0.0504  0.0526  0.0566  0.0516  0.0493
niter,ni,del,rscale     5    3   12.0000    1.2000
parameters
   -3.3146   20.4692   12.9648   -8.2478    1.5697   -0.4704
eta,q 0.95658 10.10461
  0.0604  0.0578  0.0487  0.0491  0.0510  0.0478
  0.0512  0.0515  0.0444  0.0474  0.0472  0.0462
  0.0453  0.0468  0.0435  0.0444  0.0444  0.0446
  0.0439  0.0439  0.0436  0.0435  0.0435  0.0434
  0.0462  0.0441  0.0447  0.0457  0.0449  0.0436
  0.0515  0.0467  0.0467  0.0488  0.0476  0.0453
  0.0574  0.0504  0.0489  0.0520  0.0512  0.0483
niter,ni,del,rscale     4    3   12.0000    1.2000
parameters
   -3.2640   20.7872   12.9944   -8.6891    1.5164   -0.5216
eta,q 0.95644 10.10371
  0.0599  0.0545  0.0496  0.0490  0.0513  0.0476
  0.0509  0.0487  0.0452  0.0480  0.0476  0.0461
  0.0449  0.0450  0.0439  0.0451  0.0447  0.0446
  0.0434  0.0434  0.0435  0.0435  0.0436  0.0436
  0.0461  0.0450  0.0444  0.0450  0.0449  0.0438
  0.0520  0.0481  0.0465  0.0481  0.0479  0.0454
  0.0580  0.0518  0.0484  0.0511  0.0515  0.0485
niter,ni,del,rscale     3    3   12.0000    1.2000
parameters
   -3.2591   21.0103   12.9862   -8.9719    1.5067   -0.5807
eta,q 0.95627 10.10468
  0.0600  0.0539  0.0496  0.0490  0.0517  0.0476
  0.0510  0.0483  0.0456  0.0481  0.0480  0.0461
  0.0450  0.0448  0.0442  0.0455  0.0450  0.0446
  0.0436  0.0436  0.0436  0.0437  0.0437  0.0437
  0.0465  0.0452  0.0446  0.0448  0.0450  0.0439
  0.0525  0.0482  0.0468  0.0478  0.0481  0.0455
  0.0585  0.0518  0.0487  0.0507  0.0517  0.0485
niter,ni,del,rscale     2    3   12.0000    1.2000
parameters
   -3.2687   21.1538   12.9746   -9.1466    1.5177   -0.6073
eta,q 0.95614 10.10533
  0.0602  0.0534  0.0498  0.0490  0.0520  0.0476
  0.0513  0.0481  0.0459  0.0481  0.0483  0.0461
  0.0452  0.0447  0.0445  0.0457  0.0451  0.0447
  0.0437  0.0437  0.0438  0.0438  0.0439  0.0439
  0.0467  0.0454  0.0447  0.0447  0.0451  0.0440
  0.0528  0.0482  0.0471  0.0475  0.0482  0.0455
  0.0588  0.0518  0.0489  0.0505  0.0519  0.0484
niter,ni,del,rscale     1    3   12.0000    1.2000
parameters
   -3.2759   21.2454   12.9556   -9.2458    1.5302   -0.6176
eta,q 0.95605 10.10605
  0.0605  0.0531  0.0499  0.0491  0.0521  0.0476
  0.0515  0.0479  0.0460  0.0480  0.0484  0.0461
  0.0453  0.0446  0.0446  0.0458  0.0452  0.0448
  0.0439  0.0439  0.0439  0.0439  0.0439  0.0439
  0.0469  0.0455  0.0449  0.0446  0.0452  0.0441
  0.0530  0.0483  0.0472  0.0474  0.0484  0.0455
  0.0590  0.0518  0.0491  0.0503  0.0520  0.0483
registration optimization eta report
parameter search radius
    6.0000    6.0000    6.0000    7.9350    6.0000    6.0000
100000*second partial in parameter space
       43.       23.       15.        9.       22.       11.
  0.0605  0.0531  0.0499  0.0491  0.0521  0.0476
  0.0515  0.0479  0.0460  0.0480  0.0484  0.0461
  0.0453  0.0446  0.0446  0.0458  0.0452  0.0448
  0.0439  0.0439  0.0439  0.0439  0.0439  0.0439
  0.0469  0.0455  0.0449  0.0446  0.0452  0.0441
  0.0530  0.0483  0.0472  0.0474  0.0484  0.0455
  0.0590  0.0518  0.0491  0.0503  0.0520  0.0483
   -3.2759   21.2454   12.9556   -9.2458    1.5302   -0.6176
eta,q 0.95605 10.10605

---------------------------------------------------------------------
imgreg_4dfp /opt/freesurfer/average/711-2C_as_mni_average_305 /opt/freesurfer/average/711-2B_as_mni_average_305_mask talsrcimg_g11 none talsrcimg_to_711-2C_as_mni_average_305_t4 3335
---------------------------------------------------------------------

freesurfer imgreg_4dfp.c
/opt/freesurfer/average/711-2C_as_mni_average_305.4dfp.img
       256       256       256         1
  1.000000  1.000000  1.000000
orientation T byte_order littleendian
Reading image: /opt/freesurfer/average/711-2C_as_mni_average_305.4dfp.img
dimensions:      256       256       256
mmppix:       1.0000   -1.0000   -1.0000
center:     128.0000 -129.0000 -129.0000
/opt/freesurfer/average/711-2B_as_mni_average_305_mask.4dfp.img
       256       256       256         1
  1.000000  1.000000  1.000000
orientation T byte_order littleendian
Reading mask: /opt/freesurfer/average/711-2B_as_mni_average_305_mask.4dfp.img (2306576 pixels)
talsrcimg_g11.4dfp.img
       256       256       256         1
  1.000000  1.000000  1.000000
orientation T byte_order littleendian
Reading image: talsrcimg_g11.4dfp.img
dimensions:      256       256       256
mmppix:       1.0000   -1.0000   -1.0000
center:     128.0000 -129.0000 -129.0000
fimgreg.f
image alignment mode   3335 decimal      D07 hex
parameters
   -3.2759   21.2454   12.9556   -0.0415   -1.3095   -1.3344
    1.4929   -2.4624   -1.0775   16.0944    2.6704  -16.0612
eta,q 0.95870 10.14921
niter,ni,del,rscale     5    3    5.0000    1.2000
parameter  4  1.109959 ->  0.500000 qaram    1.1500
parameter  5  2.456384 ->  0.500000 qaram    1.1500
parameter  6  1.543547 ->  0.500000 qaram    1.1500
parameter 10  1.000740 ->  0.500000 qaram    1.1500
parameters
   -3.2484   21.3128   13.6129   -4.1815   -5.4495   -5.4744
    1.3374   -0.9705    0.2914   11.9544    4.2972  -16.0171
eta,q 0.97357  9.85504
  0.0444  0.0429  0.0435  0.0370  0.0327  0.0281  0.0316  0.0362  0.0311  0.0264  0.0295  0.0281
  0.0427  0.0420  0.0424  0.0376  0.0342  0.0287  0.0303  0.0333  0.0300  0.0264  0.0282  0.0273
  0.0417  0.0415  0.0417  0.0389  0.0359  0.0313  0.0294  0.0308  0.0292  0.0272  0.0271  0.0267
  0.0413  0.0413  0.0413  0.0412  0.0379  0.0346  0.0292  0.0292  0.0288  0.0288  0.0265  0.0264
  0.0416  0.0415  0.0412  0.0444  0.0402  0.0385  0.0295  0.0289  0.0288  0.0310  0.0265  0.0266
  0.0426  0.0420  0.0415  0.0482  0.0428  0.0428  0.0304  0.0301  0.0291  0.0335  0.0269  0.0272
  0.0443  0.0427  0.0419  0.0525  0.0457  0.0476  0.0318  0.0325  0.0299  0.0363  0.0277  0.0282
niter,ni,del,rscale     7    3    5.0000    1.2000
parameter  5  1.068117 ->  0.500000 qaram    1.3225
parameters
   -3.2229   20.9705   13.2817   -6.5367  -10.2105   -7.6250
    1.1883   -1.6130    0.5028   10.8593    4.5066  -14.8844
eta,q 0.97579  9.66378
  0.0302  0.0279  0.0284  0.0281  0.0240  0.0280  0.0268  0.0282  0.0260  0.0268  0.0254  0.0263
  0.0282  0.0269  0.0271  0.0271  0.0241  0.0265  0.0254  0.0258  0.0251  0.0254  0.0247  0.0253
  0.0269  0.0265  0.0265  0.0264  0.0249  0.0246  0.0246  0.0245  0.0245  0.0245  0.0244  0.0246
  0.0264  0.0264  0.0264  0.0263  0.0264  0.0242  0.0243  0.0243  0.0242  0.0242  0.0242  0.0242
  0.0268  0.0268  0.0270  0.0274  0.0282  0.0270  0.0247  0.0252  0.0244  0.0249  0.0243  0.0243
  0.0281  0.0277  0.0282  0.0302  0.0304  0.0311  0.0256  0.0271  0.0249  0.0265  0.0247  0.0247
  0.0301  0.0290  0.0298  0.0343  0.0330  0.0364  0.0270  0.0297  0.0259  0.0289  0.0253  0.0253
niter,ni,del,rscale     7    3    5.0000    1.2000
parameters
   -3.0212   20.8790   12.4979   -5.2430  -12.6222   -8.7775
    0.9465   -1.4917    0.6057   11.1005    4.8231  -15.1730
eta,q 0.97613  9.61610
  0.0277  0.0262  0.0249  0.0272  0.0252  0.0277  0.0263  0.0286  0.0255  0.0269  0.0250  0.0252
  0.0259  0.0250  0.0242  0.0259  0.0242  0.0265  0.0250  0.0260  0.0247  0.0253  0.0243  0.0244
  0.0247  0.0244  0.0239  0.0248  0.0236  0.0249  0.0241  0.0243  0.0241  0.0244  0.0240  0.0240
  0.0242  0.0242  0.0242  0.0239  0.0236  0.0235  0.0239  0.0239  0.0239  0.0239  0.0239  0.0239
  0.0243  0.0245  0.0249  0.0234  0.0246  0.0244  0.0243  0.0244  0.0240  0.0240  0.0240  0.0241
  0.0252  0.0253  0.0260  0.0240  0.0263  0.0277  0.0252  0.0259  0.0246  0.0249  0.0242  0.0246
  0.0268  0.0265  0.0275  0.0261  0.0285  0.0325  0.0266  0.0282  0.0255  0.0268  0.0248  0.0253
niter,ni,del,rscale     6    3    5.0000    1.2000
parameters
   -2.9800   21.2473   12.0293   -4.9567  -12.9258   -9.4935
    0.8617   -1.4471    0.4919   12.1689    4.9596  -15.4556
eta,q 0.97611  9.59945
  0.0270  0.0266  0.0249  0.0264  0.0263  0.0277  0.0264  0.0283  0.0256  0.0273  0.0250  0.0251
  0.0254  0.0252  0.0241  0.0253  0.0249  0.0265  0.0251  0.0259  0.0247  0.0256  0.0243  0.0244
  0.0243  0.0243  0.0238  0.0244  0.0241  0.0252  0.0243  0.0244  0.0242  0.0246  0.0240  0.0240
  0.0239  0.0239  0.0238  0.0237  0.0237  0.0237  0.0240  0.0240  0.0240  0.0240  0.0239  0.0239
  0.0241  0.0239  0.0243  0.0235  0.0240  0.0239  0.0243  0.0245  0.0242  0.0239  0.0240  0.0241
  0.0251  0.0244  0.0251  0.0244  0.0251  0.0268  0.0252  0.0259  0.0248  0.0245  0.0243  0.0246
  0.0269  0.0253  0.0263  0.0267  0.0267  0.0310  0.0265  0.0282  0.0257  0.0261  0.0249  0.0253
niter,ni,del,rscale     5    3    5.0000    1.2000
parameters
   -2.9360   21.5876   11.6482   -5.0131  -13.4106  -10.0714
    0.8090   -1.3545    0.3578   13.1563    5.1462  -15.6882
eta,q 0.97604  9.56848
  0.0270  0.0265  0.0251  0.0262  0.0261  0.0277  0.0264  0.0282  0.0257  0.0271  0.0250  0.0251
  0.0254  0.0252  0.0242  0.0252  0.0249  0.0265  0.0252  0.0259  0.0248  0.0256  0.0244  0.0244
  0.0243  0.0243  0.0238  0.0244  0.0241  0.0253  0.0243  0.0244  0.0243  0.0246  0.0241  0.0241
  0.0239  0.0239  0.0239  0.0238  0.0238  0.0238  0.0241  0.0241  0.0241  0.0241  0.0240  0.0240
  0.0241  0.0239  0.0243  0.0236  0.0241  0.0238  0.0244  0.0245  0.0243  0.0239  0.0241  0.0241
  0.0251  0.0244  0.0250  0.0246  0.0252  0.0265  0.0252  0.0258  0.0249  0.0245  0.0244  0.0246
  0.0269  0.0253  0.0261  0.0270  0.0268  0.0304  0.0265  0.0280  0.0258  0.0261  0.0249  0.0253
niter,ni,del,rscale     4    3    5.0000    1.2000
parameters
   -2.8679   21.9360   11.2984   -5.1084  -14.0288  -10.6439
    0.7325   -1.2376    0.1426   14.1901    5.3626  -15.8490
eta,q 0.97598  9.53156
  0.0270  0.0266  0.0252  0.0262  0.0261  0.0275  0.0264  0.0281  0.0257  0.0271  0.0251  0.0251
  0.0254  0.0252  0.0243  0.0252  0.0249  0.0264  0.0252  0.0259  0.0249  0.0256  0.0245  0.0245
  0.0244  0.0244  0.0239  0.0245  0.0242  0.0254  0.0244  0.0245  0.0243  0.0247  0.0241  0.0241
  0.0240  0.0240  0.0239  0.0239  0.0239  0.0239  0.0242  0.0242  0.0242  0.0242  0.0240  0.0240
  0.0242  0.0240  0.0243  0.0237  0.0242  0.0238  0.0245  0.0245  0.0244  0.0239  0.0241  0.0242
  0.0251  0.0245  0.0251  0.0246  0.0252  0.0264  0.0253  0.0257  0.0250  0.0245  0.0244  0.0246
  0.0268  0.0254  0.0261  0.0270  0.0268  0.0301  0.0265  0.0278  0.0259  0.0261  0.0249  0.0252
niter,ni,del,rscale     3    3    5.0000    1.2000
parameters
   -2.7856   22.3042   10.9654   -5.2240  -14.7207  -11.2316
    0.6263   -1.0896   -0.0762   15.2173    5.5796  -15.9917
eta,q 0.97595  9.49013
  0.0270  0.0267  0.0252  0.0261  0.0260  0.0272  0.0263  0.0280  0.0258  0.0271  0.0250  0.0251
  0.0255  0.0253  0.0244  0.0251  0.0249  0.0263  0.0252  0.0258  0.0249  0.0256  0.0245  0.0245
  0.0245  0.0244  0.0240  0.0245  0.0242  0.0253  0.0244  0.0245  0.0244  0.0248  0.0242  0.0242
  0.0240  0.0240  0.0240  0.0239  0.0239  0.0240  0.0242  0.0242  0.0242  0.0242  0.0240  0.0240
  0.0242  0.0241  0.0244  0.0238  0.0242  0.0238  0.0245  0.0245  0.0245  0.0240  0.0241  0.0242
  0.0251  0.0245  0.0250  0.0246  0.0253  0.0262  0.0253  0.0257  0.0251  0.0246  0.0244  0.0246
  0.0267  0.0254  0.0260  0.0269  0.0269  0.0298  0.0264  0.0276  0.0261  0.0262  0.0249  0.0252
niter,ni,del,rscale     2    3    5.0000    1.2000
parameters
   -2.7037   22.6389   10.6528   -5.3333  -15.2874  -11.7771
    0.5089   -0.9417   -0.2290   16.0770    5.7102  -16.0979
eta,q 0.97591  9.45303
  0.0269  0.0267  0.0252  0.0260  0.0262  0.0271  0.0263  0.0279  0.0260  0.0270  0.0250  0.0251
  0.0254  0.0254  0.0244  0.0251  0.0250  0.0262  0.0252  0.0258  0.0250  0.0257  0.0245  0.0246
  0.0245  0.0245  0.0240  0.0245  0.0243  0.0253  0.0245  0.0245  0.0244  0.0248  0.0242  0.0242
  0.0240  0.0240  0.0240  0.0240  0.0240  0.0240  0.0242  0.0242  0.0242  0.0242  0.0241  0.0241
  0.0242  0.0241  0.0244  0.0239  0.0243  0.0238  0.0245  0.0245  0.0245  0.0241  0.0242  0.0242
  0.0251  0.0246  0.0250  0.0246  0.0253  0.0260  0.0253  0.0256  0.0251  0.0247  0.0245  0.0246
  0.0267  0.0255  0.0259  0.0267  0.0269  0.0294  0.0264  0.0275  0.0261  0.0263  0.0249  0.0251
niter,ni,del,rscale     1    3    5.0000    1.2000
parameters
   -2.6319   22.8999   10.4005   -5.4288  -15.6793  -12.2156
    0.4024   -0.8221   -0.3097   16.7101    5.7640  -16.2194
eta,q 0.97582  9.42503
  0.0269  0.0267  0.0253  0.0260  0.0263  0.0271  0.0263  0.0278  0.0261  0.0270  0.0250  0.0251
  0.0254  0.0254  0.0245  0.0251  0.0251  0.0262  0.0252  0.0258  0.0251  0.0257  0.0246  0.0247
  0.0245  0.0245  0.0241  0.0245  0.0244  0.0253  0.0245  0.0246  0.0245  0.0249  0.0243  0.0243
  0.0241  0.0241  0.0241  0.0241  0.0241  0.0241  0.0243  0.0243  0.0243  0.0243  0.0242  0.0242
  0.0243  0.0242  0.0244  0.0239  0.0243  0.0238  0.0245  0.0246  0.0245  0.0242  0.0243  0.0243
  0.0251  0.0248  0.0250  0.0247  0.0253  0.0258  0.0253  0.0257  0.0252  0.0249  0.0245  0.0246
  0.0267  0.0258  0.0258  0.0266  0.0269  0.0291  0.0264  0.0275  0.0261  0.0266  0.0250  0.0252
registration optimization eta report
parameter search radius
    2.4000    2.4000    2.4000    8.2800    9.5220    8.2800
    7.2000    7.2000    7.2000    8.2800    7.2000    7.2000
100000*second partial in parameter space
       47.       37.       26.        3.        3.        6.
        4.        7.        4.        4.        2.        2.
  0.0269  0.0267  0.0253  0.0260  0.0263  0.0271  0.0263  0.0278  0.0261  0.0270  0.0250  0.0251
  0.0254  0.0254  0.0245  0.0251  0.0251  0.0262  0.0252  0.0258  0.0251  0.0257  0.0246  0.0247
  0.0245  0.0245  0.0241  0.0245  0.0244  0.0253  0.0245  0.0246  0.0245  0.0249  0.0243  0.0243
  0.0241  0.0241  0.0241  0.0241  0.0241  0.0241  0.0243  0.0243  0.0243  0.0243  0.0242  0.0242
  0.0243  0.0242  0.0244  0.0239  0.0243  0.0238  0.0245  0.0246  0.0245  0.0242  0.0243  0.0243
  0.0251  0.0248  0.0250  0.0247  0.0253  0.0258  0.0253  0.0257  0.0252  0.0249  0.0245  0.0246
  0.0267  0.0258  0.0258  0.0266  0.0269  0.0291  0.0264  0.0275  0.0261  0.0266  0.0250  0.0252
   -2.6319   22.8999   10.4005   -5.4288  -15.6793  -12.2156
    0.4024   -0.8221   -0.3097   16.7101    5.7640  -16.2194
eta,q 0.97582  9.42503

---------------------------------------------------------------------
imgreg_4dfp /opt/freesurfer/average/711-2C_as_mni_average_305 /opt/freesurfer/average/711-2B_as_mni_average_305_mask talsrcimg_g11 none talsrcimg_to_711-2C_as_mni_average_305_t4 2311
---------------------------------------------------------------------

freesurfer imgreg_4dfp.c
/opt/freesurfer/average/711-2C_as_mni_average_305.4dfp.img
       256       256       256         1
  1.000000  1.000000  1.000000
orientation T byte_order littleendian
Reading image: /opt/freesurfer/average/711-2C_as_mni_average_305.4dfp.img
dimensions:      256       256       256
mmppix:       1.0000   -1.0000   -1.0000
center:     128.0000 -129.0000 -129.0000
/opt/freesurfer/average/711-2B_as_mni_average_305_mask.4dfp.img
       256       256       256         1
  1.000000  1.000000  1.000000
orientation T byte_order littleendian
Reading mask: /opt/freesurfer/average/711-2B_as_mni_average_305_mask.4dfp.img (2306576 pixels)
talsrcimg_g11.4dfp.img
       256       256       256         1
  1.000000  1.000000  1.000000
orientation T byte_order littleendian
Reading image: talsrcimg_g11.4dfp.img
dimensions:      256       256       256
mmppix:       1.0000   -1.0000   -1.0000
center:     128.0000 -129.0000 -129.0000
fimgreg.f
image alignment mode   2311 decimal      907 hex
parameters
   -2.6319   22.8999   10.4005   -5.4288  -15.6793  -12.2157
    0.4024   -0.8221   -0.3097   16.7101    5.7640  -16.2194
eta,q 0.97582  9.42503
niter,ni,del,rscale     5    3    5.0000    0.8000
parameters
   -2.5374   23.0448   10.1847   -4.1933  -15.3260  -11.0866
    0.2064   -0.5851   -0.3262   16.8894    5.6272  -17.1587
eta,q 0.97636  9.50628
  0.0255  0.0254  0.0247  0.0250  0.0248  0.0261  0.0246  0.0261  0.0246  0.0248  0.0243  0.0240
  0.0248  0.0247  0.0244  0.0246  0.0244  0.0255  0.0241  0.0248  0.0241  0.0243  0.0239  0.0238
  0.0244  0.0243  0.0242  0.0244  0.0242  0.0248  0.0238  0.0240  0.0238  0.0239  0.0237  0.0237
  0.0242  0.0242  0.0242  0.0242  0.0240  0.0240  0.0237  0.0237  0.0237  0.0237  0.0237  0.0237
  0.0242  0.0243  0.0243  0.0240  0.0240  0.0236  0.0238  0.0239  0.0238  0.0237  0.0238  0.0238
  0.0246  0.0245  0.0246  0.0241  0.0242  0.0239  0.0242  0.0245  0.0241  0.0241  0.0240  0.0240
  0.0252  0.0250  0.0250  0.0245  0.0247  0.0252  0.0248  0.0257  0.0246  0.0248  0.0243  0.0244
niter,ni,del,rscale     4    3    5.0000    0.7000
parameters
   -2.5657   23.0550   10.5369   -4.3491  -15.1855  -10.4768
    0.2045   -0.6424   -0.2809   16.8928    5.3921  -17.2296
eta,q 0.97653  9.52237
  0.0246  0.0245  0.0246  0.0242  0.0242  0.0257  0.0243  0.0252  0.0242  0.0243  0.0239  0.0239
  0.0241  0.0240  0.0241  0.0240  0.0239  0.0250  0.0239  0.0242  0.0238  0.0239  0.0237  0.0236
  0.0238  0.0237  0.0238  0.0238  0.0237  0.0242  0.0236  0.0236  0.0236  0.0236  0.0235  0.0235
  0.0236  0.0236  0.0236  0.0236  0.0236  0.0236  0.0235  0.0235  0.0235  0.0235  0.0235  0.0235
  0.0238  0.0237  0.0236  0.0236  0.0236  0.0234  0.0236  0.0237  0.0235  0.0235  0.0236  0.0235
  0.0241  0.0240  0.0237  0.0239  0.0238  0.0239  0.0239  0.0243  0.0238  0.0238  0.0237  0.0237
  0.0247  0.0244  0.0240  0.0245  0.0242  0.0251  0.0243  0.0253  0.0242  0.0244  0.0240  0.0239
niter,ni,del,rscale     3    3    5.0000    0.6000
parameters
   -2.5855   23.0031   10.7849   -4.2985  -15.0824  -10.0670
    0.2311   -0.6654   -0.2278   16.7508    5.2324  -17.2830
eta,q 0.97663  9.53786
  0.0242  0.0240  0.0242  0.0240  0.0239  0.0252  0.0240  0.0247  0.0239  0.0240  0.0237  0.0237
  0.0238  0.0237  0.0238  0.0238  0.0237  0.0245  0.0237  0.0240  0.0236  0.0237  0.0235  0.0235
  0.0236  0.0235  0.0236  0.0236  0.0235  0.0239  0.0234  0.0235  0.0234  0.0235  0.0234  0.0234
  0.0235  0.0235  0.0235  0.0234  0.0234  0.0234  0.0234  0.0234  0.0234  0.0234  0.0234  0.0234
  0.0236  0.0236  0.0235  0.0234  0.0235  0.0234  0.0234  0.0235  0.0234  0.0234  0.0234  0.0234
  0.0238  0.0238  0.0235  0.0237  0.0236  0.0238  0.0236  0.0240  0.0236  0.0237  0.0236  0.0235
  0.0243  0.0241  0.0238  0.0241  0.0239  0.0248  0.0240  0.0247  0.0239  0.0242  0.0238  0.0237
niter,ni,del,rscale     2    3    5.0000    0.5000
parameters
   -2.6196   22.9296   10.9509   -4.1616  -14.9566   -9.7516
    0.2505   -0.6906   -0.1685   16.5862    5.1222  -17.3234
eta,q 0.97669  9.55417
  0.0239  0.0237  0.0238  0.0238  0.0237  0.0247  0.0238  0.0243  0.0237  0.0238  0.0236  0.0235
  0.0236  0.0235  0.0236  0.0236  0.0235  0.0242  0.0235  0.0237  0.0235  0.0235  0.0234  0.0234
  0.0234  0.0234  0.0234  0.0235  0.0234  0.0236  0.0234  0.0234  0.0234  0.0234  0.0233  0.0233
  0.0234  0.0234  0.0234  0.0234  0.0233  0.0233  0.0233  0.0233  0.0233  0.0233  0.0233  0.0233
  0.0235  0.0234  0.0234  0.0234  0.0234  0.0233  0.0234  0.0234  0.0233  0.0234  0.0234  0.0233
  0.0236  0.0236  0.0234  0.0235  0.0235  0.0236  0.0235  0.0238  0.0235  0.0236  0.0235  0.0234
  0.0240  0.0239  0.0236  0.0238  0.0237  0.0244  0.0237  0.0243  0.0237  0.0239  0.0236  0.0235
niter,ni,del,rscale     1    3    5.0000    0.4000
parameters
   -2.6610   22.8597   11.0938   -4.0117  -14.8754   -9.4794
    0.2895   -0.7341   -0.1300   16.4393    5.0467  -17.3818
eta,q 0.97673  9.56847
  0.0236  0.0235  0.0236  0.0236  0.0235  0.0243  0.0236  0.0239  0.0235  0.0236  0.0235  0.0234
  0.0235  0.0234  0.0235  0.0235  0.0234  0.0238  0.0234  0.0235  0.0234  0.0234  0.0234  0.0233
  0.0233  0.0233  0.0234  0.0234  0.0233  0.0235  0.0233  0.0233  0.0233  0.0233  0.0233  0.0233
  0.0233  0.0233  0.0233  0.0233  0.0233  0.0233  0.0233  0.0233  0.0233  0.0233  0.0233  0.0233
  0.0234  0.0234  0.0233  0.0233  0.0233  0.0233  0.0233  0.0234  0.0233  0.0233  0.0233  0.0233
  0.0235  0.0235  0.0234  0.0234  0.0234  0.0235  0.0234  0.0236  0.0234  0.0234  0.0234  0.0233
  0.0237  0.0236  0.0235  0.0236  0.0235  0.0240  0.0235  0.0239  0.0235  0.0237  0.0235  0.0234
registration optimization eta report
parameter search radius
    0.8000    0.8000    0.8000    2.4000    2.4000    2.4000
    2.4000    2.4000    2.4000    2.4000    2.4000    2.4000
100000*second partial in parameter space
       57.       43.       37.        5.        4.       15.
        5.       11.        5.        6.        3.        3.
  0.0236  0.0235  0.0236  0.0236  0.0235  0.0243  0.0236  0.0239  0.0235  0.0236  0.0235  0.0234
  0.0235  0.0234  0.0235  0.0235  0.0234  0.0238  0.0234  0.0235  0.0234  0.0234  0.0234  0.0233
  0.0233  0.0233  0.0234  0.0234  0.0233  0.0235  0.0233  0.0233  0.0233  0.0233  0.0233  0.0233
  0.0233  0.0233  0.0233  0.0233  0.0233  0.0233  0.0233  0.0233  0.0233  0.0233  0.0233  0.0233
  0.0234  0.0234  0.0233  0.0233  0.0233  0.0233  0.0233  0.0234  0.0233  0.0233  0.0233  0.0233
  0.0235  0.0235  0.0234  0.0234  0.0234  0.0235  0.0234  0.0236  0.0234  0.0234  0.0234  0.0233
  0.0237  0.0236  0.0235  0.0236  0.0235  0.0240  0.0235  0.0239  0.0235  0.0237  0.0235  0.0234
   -2.6610   22.8597   11.0938   -4.0117  -14.8754   -9.4794
    0.2895   -0.7341   -0.1300   16.4393    5.0467  -17.3818
eta,q 0.97673  9.56847

---------------------------------------------------------------------
imgreg_4dfp /opt/freesurfer/average/711-2C_as_mni_average_305 /opt/freesurfer/average/711-2B_as_mni_average_305_mask talsrcimg_g11 none talsrcimg_to_711-2C_as_mni_average_305_t4 2311
---------------------------------------------------------------------

freesurfer imgreg_4dfp.c
/opt/freesurfer/average/711-2C_as_mni_average_305.4dfp.img
       256       256       256         1
  1.000000  1.000000  1.000000
orientation T byte_order littleendian
Reading image: /opt/freesurfer/average/711-2C_as_mni_average_305.4dfp.img
dimensions:      256       256       256
mmppix:       1.0000   -1.0000   -1.0000
center:     128.0000 -129.0000 -129.0000
/opt/freesurfer/average/711-2B_as_mni_average_305_mask.4dfp.img
       256       256       256         1
  1.000000  1.000000  1.000000
orientation T byte_order littleendian
Reading mask: /opt/freesurfer/average/711-2B_as_mni_average_305_mask.4dfp.img (2306576 pixels)
talsrcimg_g11.4dfp.img
       256       256       256         1
  1.000000  1.000000  1.000000
orientation T byte_order littleendian
Reading image: talsrcimg_g11.4dfp.img
dimensions:      256       256       256
mmppix:       1.0000   -1.0000   -1.0000
center:     128.0000 -129.0000 -129.0000
fimgreg.f
image alignment mode   2311 decimal      907 hex
parameters
   -2.6610   22.8597   11.0938   -4.0117  -14.8754   -9.4794
    0.2895   -0.7341   -0.1300   16.4393    5.0467  -17.3818
eta,q 0.97673  9.56848
niter,ni,del,rscale     5    3    5.0000    0.8000
parameters
   -2.7338   22.8240   11.2336   -4.6739  -15.1173   -9.6835
    0.4055   -0.8836   -0.1508   16.1691    5.0672  -16.8684
eta,q 0.97664  9.53510
  0.0246  0.0243  0.0244  0.0240  0.0240  0.0256  0.0244  0.0254  0.0243  0.0243  0.0240  0.0241
  0.0238  0.0237  0.0238  0.0237  0.0237  0.0248  0.0239  0.0242  0.0238  0.0239  0.0236  0.0237
  0.0234  0.0234  0.0234  0.0234  0.0234  0.0238  0.0235  0.0235  0.0235  0.0235  0.0234  0.0235
  0.0233  0.0233  0.0233  0.0233  0.0233  0.0233  0.0233  0.0233  0.0233  0.0233  0.0234  0.0234
  0.0235  0.0234  0.0233  0.0234  0.0234  0.0235  0.0235  0.0236  0.0234  0.0234  0.0234  0.0234
  0.0240  0.0238  0.0236  0.0239  0.0237  0.0247  0.0238  0.0244  0.0238  0.0239  0.0236  0.0235
  0.0249  0.0244  0.0241  0.0248  0.0242  0.0265  0.0243  0.0257  0.0243  0.0247  0.0240  0.0238
niter,ni,del,rscale     4    3    5.0000    0.7000
parameters
   -2.6800   22.7709   11.1771   -4.4485  -14.9783   -9.6938
    0.3906   -0.8053   -0.1644   16.1156    5.1012  -16.9301
eta,q 0.97668  9.54604
  0.0244  0.0241  0.0240  0.0241  0.0239  0.0253  0.0241  0.0252  0.0240  0.0241  0.0238  0.0238
  0.0239  0.0237  0.0236  0.0238  0.0236  0.0246  0.0237  0.0241  0.0237  0.0238  0.0236  0.0235
  0.0235  0.0234  0.0234  0.0235  0.0234  0.0238  0.0234  0.0235  0.0234  0.0235  0.0234  0.0234
  0.0234  0.0233  0.0233  0.0233  0.0233  0.0233  0.0233  0.0233  0.0233  0.0233  0.0233  0.0233
  0.0234  0.0235  0.0234  0.0233  0.0233  0.0234  0.0234  0.0235  0.0234  0.0234  0.0234  0.0234
  0.0237  0.0238  0.0237  0.0235  0.0235  0.0242  0.0237  0.0241  0.0237  0.0237  0.0236  0.0235
  0.0243  0.0242  0.0241  0.0241  0.0239  0.0257  0.0242  0.0250  0.0241  0.0243  0.0238  0.0238
niter,ni,del,rscale     3    3    5.0000    0.6000
parameters
   -2.6782   22.7448   11.1667   -4.2424  -14.8692   -9.5738
    0.3623   -0.7939   -0.1484   16.0913    5.0846  -17.0519
eta,q 0.97671  9.55878
  0.0241  0.0239  0.0238  0.0239  0.0238  0.0250  0.0239  0.0247  0.0238  0.0239  0.0237  0.0236
  0.0237  0.0236  0.0235  0.0237  0.0235  0.0243  0.0236  0.0239  0.0235  0.0236  0.0235  0.0234
  0.0234  0.0234  0.0234  0.0235  0.0234  0.0237  0.0234  0.0234  0.0234  0.0234  0.0233  0.0233
  0.0233  0.0233  0.0233  0.0233  0.0233  0.0233  0.0233  0.0233  0.0233  0.0233  0.0233  0.0233
  0.0234  0.0234  0.0234  0.0233  0.0233  0.0233  0.0234  0.0234  0.0233  0.0233  0.0233  0.0233
  0.0237  0.0236  0.0236  0.0235  0.0235  0.0239  0.0236  0.0239  0.0235  0.0236  0.0235  0.0235
  0.0241  0.0239  0.0238  0.0239  0.0237  0.0251  0.0239  0.0246  0.0238  0.0240  0.0237  0.0236
niter,ni,del,rscale     2    3    5.0000    0.5000
parameters
   -2.7027   22.7278   11.2113   -4.0828  -14.8067   -9.4020
    0.3672   -0.8137   -0.1386   16.0883    5.0628  -17.1693
eta,q 0.97674  9.57028
  0.0238  0.0237  0.0237  0.0237  0.0236  0.0246  0.0237  0.0242  0.0237  0.0237  0.0236  0.0235
  0.0235  0.0235  0.0235  0.0236  0.0234  0.0240  0.0235  0.0237  0.0234  0.0235  0.0234  0.0233
  0.0234  0.0233  0.0233  0.0234  0.0233  0.0235  0.0233  0.0234  0.0233  0.0234  0.0233  0.0233
  0.0233  0.0233  0.0233  0.0233  0.0233  0.0233  0.0233  0.0233  0.0233  0.0233  0.0233  0.0233
  0.0234  0.0233  0.0233  0.0233  0.0233  0.0233  0.0233  0.0234  0.0233  0.0233  0.0233  0.0233
  0.0236  0.0235  0.0234  0.0234  0.0234  0.0237  0.0235  0.0237  0.0234  0.0235  0.0234  0.0234
  0.0239  0.0237  0.0236  0.0237  0.0236  0.0245  0.0237  0.0243  0.0237  0.0238  0.0236  0.0235
niter,ni,del,rscale     1    3    5.0000    0.4000
parameters
   -2.7370   22.7103   11.2792   -3.9784  -14.7478   -9.2289
    0.3862   -0.8460   -0.1184   16.0728    5.0175  -17.2633
eta,q 0.97676  9.57993
  0.0236  0.0235  0.0235  0.0236  0.0235  0.0242  0.0235  0.0239  0.0235  0.0236  0.0234  0.0234
  0.0234  0.0234  0.0234  0.0234  0.0234  0.0238  0.0234  0.0235  0.0234  0.0234  0.0233  0.0233
  0.0233  0.0233  0.0233  0.0233  0.0233  0.0234  0.0233  0.0233  0.0233  0.0233  0.0233  0.0232
  0.0233  0.0233  0.0233  0.0233  0.0233  0.0233  0.0232  0.0232  0.0232  0.0232  0.0232  0.0232
  0.0233  0.0233  0.0233  0.0233  0.0233  0.0233  0.0233  0.0233  0.0233  0.0233  0.0233  0.0233
  0.0234  0.0234  0.0233  0.0234  0.0233  0.0235  0.0234  0.0235  0.0234  0.0234  0.0233  0.0233
  0.0237  0.0235  0.0235  0.0236  0.0235  0.0240  0.0235  0.0239  0.0235  0.0236  0.0234  0.0234
registration optimization eta report
parameter search radius
    0.8000    0.8000    0.8000    2.4000    2.4000    2.4000
    2.4000    2.4000    2.4000    2.4000    2.4000    2.4000
100000*second partial in parameter space
       57.       43.       38.        5.        4.       15.
        5.       11.        4.        6.        3.        3.
  0.0236  0.0235  0.0235  0.0236  0.0235  0.0242  0.0235  0.0239  0.0235  0.0236  0.0234  0.0234
  0.0234  0.0234  0.0234  0.0234  0.0234  0.0238  0.0234  0.0235  0.0234  0.0234  0.0233  0.0233
  0.0233  0.0233  0.0233  0.0233  0.0233  0.0234  0.0233  0.0233  0.0233  0.0233  0.0233  0.0232
  0.0233  0.0233  0.0233  0.0233  0.0233  0.0233  0.0232  0.0232  0.0232  0.0232  0.0232  0.0232
  0.0233  0.0233  0.0233  0.0233  0.0233  0.0233  0.0233  0.0233  0.0233  0.0233  0.0233  0.0233
  0.0234  0.0234  0.0233  0.0234  0.0233  0.0235  0.0234  0.0235  0.0234  0.0234  0.0233  0.0233
  0.0237  0.0235  0.0235  0.0236  0.0235  0.0240  0.0235  0.0239  0.0235  0.0236  0.0234  0.0234
   -2.7370   22.7103   11.2792   -3.9784  -14.7478   -9.2289
    0.3862   -0.8460   -0.1184   16.0728    5.0175  -17.2633
eta,q 0.97676  9.57993

---------------------------------------------------------------------
compute_vox2vox talsrcimg talsrcimg_to_711-2C_as_mni_average_305_t4 /opt/freesurfer/average/711-2C_as_mni_average_305
---------------------------------------------------------------------

freesurfer compute_vox2vox.c
Reading: talsrcimg.4dfp.ifh
Reading: talsrcimg_to_711-2C_as_mni_average_305_t4
Reading: /opt/freesurfer/average/711-2C_as_mni_average_305.4dfp.ifh
Writing: talsrcimg_to_711-2C_as_mni_average_305_t4_vox2vox.txt

start time Wed Mar 11 02:46:16 CET 2026
end		time Wed Mar 11 02:46:30 CET 2026

mpr2mni305 success

avi2talxfm orig_nu.mgz /opt/freesurfer/average/mni305.cor.mgz talsrcimg_to_711-2C_as_mni_average_305_t4_vox2vox.txt transforms/talairach.auto.xfm
avi2talxfm done
mv -f /out/sourcedata/freesurfer/sub-v2s12x28898_ses-1/mri/talsrcimg_to_711-2C_as_mni_average_305_t4_vox2vox.txt /out/sourcedata/freesurfer/sub-v2s12x28898_ses-1/mri/transforms/talsrcimg_to_711-2C_as_mni_average_305_t4_vox2vox.txt
lta_convert --src orig_nu.mgz --trg /opt/freesurfer/average/mni305.cor.mgz --inxfm transforms/talairach.auto.xfm --outlta transforms/talairach.auto.xfm.lta --subject fsaverage
7.3.2

--src: orig_nu.mgz src image (geometry).
--trg: /opt/freesurfer/average/mni305.cor.mgz trg image (geometry).
--inmni: transforms/talairach.auto.xfm input MNI/XFM transform.
--outlta: transforms/talairach.auto.xfm.lta output LTA.
--s: fsaverage subject name
 LTA read, type : 1
 1.04090   0.01017  -0.00266  -3.73322;
-0.05528   1.06300   0.21550  -17.56729;
 0.01187  -0.20040   1.13236  -25.75641;
 0.00000   0.00000   0.00000   1.00000;
setting subject to fsaverage
Writing  LTA to file transforms/talairach.auto.xfm.lta...
lta_convert successful.
 
 
Started at Wed Mar 11 02:46:16 CET 2026
Ended   at Wed Mar 11 02:46:30 CET 2026
talairach_avi done
