status file for recon-all
Tue Mar 10 22:53:49 CET 2026
#@# MotionCor Tue Mar 10 22:53:50 CET 2026
#@# Talairach Tue Mar 10 22:53:55 CET 2026
#@# Talairach Failure Detection Tue Mar 10 22:56:45 CET 2026
#@# Nu Intensity Correction Tue Mar 10 22:56:45 CET 2026
#@# Intensity Normalization Tue Mar 10 22:59:30 CET 2026
recon-all -s sub-v2s12x28875_ses-1 finished without error at Tue Mar 10 23:00:33 CET 2026



#New# invocation of recon-all 



status file for recon-all
Tue Mar 10 23:06:21 CET 2026
#@# EM Registration Tue Mar 10 23:06:21 CET 2026
recon-all -s sub-v2s12x28875_ses-1 finished without error at Tue Mar 10 23:13:56 CET 2026



#New# invocation of recon-all 



status file for recon-all
Tue Mar 10 23:13:57 CET 2026
#@# CA Normalize Tue Mar 10 23:13:57 CET 2026
#@# CA Reg Tue Mar 10 23:14:51 CET 2026
#@# SubCort Seg Wed Mar 11 00:01:02 CET 2026
#@# CC Seg Wed Mar 11 00:21:10 CET 2026
#@# Merge ASeg Wed Mar 11 00:21:32 CET 2026
#@# Intensity Normalization2 Wed Mar 11 00:21:32 CET 2026
#@# Mask BFS Wed Mar 11 00:23:03 CET 2026
#@# WM Segmentation Wed Mar 11 00:23:04 CET 2026
#@# Fill Wed Mar 11 00:24:34 CET 2026
recon-all -s sub-v2s12x28875_ses-1 finished without error at Wed Mar 11 00:25:13 CET 2026



#New# invocation of recon-all 



status file for recon-all
Wed Mar 11 01:17:49 CET 2026
#@# white curv lh Wed Mar 11 01:17:49 CET 2026
#@# white area lh Wed Mar 11 01:17:49 CET 2026
#@# pial curv lh Wed Mar 11 01:17:49 CET 2026
#@# pial area lh Wed Mar 11 01:17:49 CET 2026
#@# thickness lh Wed Mar 11 01:17:50 CET 2026
#@# area and vertex vol lh Wed Mar 11 01:17:50 CET 2026
#@# white curv rh Wed Mar 11 01:17:50 CET 2026
#@# white area rh Wed Mar 11 01:17:50 CET 2026
#@# pial curv rh Wed Mar 11 01:17:50 CET 2026
#@# pial area rh Wed Mar 11 01:17:50 CET 2026
#@# thickness rh Wed Mar 11 01:17:50 CET 2026
#@# area and vertex vol rh Wed Mar 11 01:17:50 CET 2026
#@# Cortical ribbon mask Wed Mar 11 01:17:50 CET 2026
recon-all -s sub-v2s12x28875_ses-1 finished without error at Wed Mar 11 01:23:30 CET 2026



#New# invocation of recon-all 



status file for recon-all
Wed Mar 11 01:28:31 CET 2026
#@# white curv lh Wed Mar 11 01:28:32 CET 2026
#@# white area lh Wed Mar 11 01:28:32 CET 2026
#@# pial curv lh Wed Mar 11 01:28:32 CET 2026
#@# pial area lh Wed Mar 11 01:28:32 CET 2026
#@# thickness lh Wed Mar 11 01:28:32 CET 2026
#@# area and vertex vol lh Wed Mar 11 01:28:32 CET 2026
#@# white curv rh Wed Mar 11 01:28:32 CET 2026
#@# white area rh Wed Mar 11 01:28:32 CET 2026
#@# pial curv rh Wed Mar 11 01:28:32 CET 2026
#@# pial area rh Wed Mar 11 01:28:32 CET 2026
#@# thickness rh Wed Mar 11 01:28:32 CET 2026
#@# area and vertex vol rh Wed Mar 11 01:28:32 CET 2026
#@# Curvature Stats lh Wed Mar 11 01:28:32 CET 2026
#@# Curvature Stats rh Wed Mar 11 01:28:33 CET 2026
#@# Relabel Hypointensities Wed Mar 11 01:28:35 CET 2026
#@# APas-to-ASeg Wed Mar 11 01:28:46 CET 2026
#@# AParc-to-ASeg aparc Wed Mar 11 01:28:52 CET 2026
#@# AParc-to-ASeg aparc.a2009s Wed Mar 11 01:29:19 CET 2026
#@# AParc-to-ASeg aparc.DKTatlas Wed Mar 11 01:29:50 CET 2026
#@# WMParc Wed Mar 11 01:30:16 CET 2026
#@# ASeg Stats Wed Mar 11 01:32:10 CET 2026
recon-all -s sub-v2s12x28875_ses-1 finished without error at Wed Mar 11 01:32:31 CET 2026
